<?xml version="1.0" encoding="UTF-8"?>
<testsuite name="org.springframework.jdbc.support.CustomSQLExceptionTranslatorRegistrarTests" tests="1" skipped="0" failures="0" errors="0" timestamp="2021-06-20T08:09:53" hostname="gankangdembp" time="0.055">
  <properties/>
  <testcase name="customErrorCodeTranslation()" classname="org.springframework.jdbc.support.CustomSQLExceptionTranslatorRegistrarTests" time="0.055"/>
  <system-out><![CDATA[]]></system-out>
  <system-err><![CDATA[]]></system-err>
</testsuite>
