<?xml version="1.0" encoding="UTF-8"?>
<testsuite name="org.springframework.jdbc.support.CustomSQLExceptionTranslatorRegistrarTests" tests="1" skipped="0" failures="0" errors="0" timestamp="2020-05-29T13:58:08" hostname="bamboo-18" time="0.051">
  <properties/>
  <testcase name="customErrorCodeTranslation()" classname="org.springframework.jdbc.support.CustomSQLExceptionTranslatorRegistrarTests" time="0.051"/>
  <system-out><![CDATA[]]></system-out>
  <system-err><![CDATA[]]></system-err>
</testsuite>
