<?xml version="1.0" encoding="UTF-8"?>
<testsuite name="org.springframework.jdbc.object.BatchSqlUpdateTests" tests="2" skipped="0" failures="0" errors="0" timestamp="2020-05-29T13:58:25" hostname="bamboo-18" time="0.003">
  <properties/>
  <testcase name="testBatchUpdateWithFlushThroughBatchSize()" classname="org.springframework.jdbc.object.BatchSqlUpdateTests" time="0.002"/>
  <testcase name="testBatchUpdateWithExplicitFlush()" classname="org.springframework.jdbc.object.BatchSqlUpdateTests" time="0.001"/>
  <system-out><![CDATA[]]></system-out>
  <system-err><![CDATA[]]></system-err>
</testsuite>
