<?xml version="1.0" encoding="UTF-8"?>
<testsuite name="org.springframework.jdbc.datasource.lookup.JndiDataSourceLookupTests" tests="2" skipped="0" failures="0" errors="0" timestamp="2021-06-20T08:09:32" hostname="gankangdembp" time="0.008">
  <properties/>
  <testcase name="testSunnyDay()" classname="org.springframework.jdbc.datasource.lookup.JndiDataSourceLookupTests" time="0.005"/>
  <testcase name="testNoDataSourceAtJndiLocation()" classname="org.springframework.jdbc.datasource.lookup.JndiDataSourceLookupTests" time="0.003"/>
  <system-out><![CDATA[]]></system-out>
  <system-err><![CDATA[]]></system-err>
</testsuite>
