<?xml version="1.0" encoding="UTF-8"?>
<testsuite name="org.springframework.jdbc.core.JdbcTemplateQueryTests" tests="26" skipped="0" failures="0" errors="0" timestamp="2021-06-20T08:09:47" hostname="gankangdembp" time="0.276">
  <properties/>
  <testcase name="testQueryForListWithArgsAndEmptyResult()" classname="org.springframework.jdbc.core.JdbcTemplateQueryTests" time="0.003"/>
  <testcase name="testQueryForObjectWithBigDecimal()" classname="org.springframework.jdbc.core.JdbcTemplateQueryTests" time="0.004"/>
  <testcase name="testQueryForIntPrimitive()" classname="org.springframework.jdbc.core.JdbcTemplateQueryTests" time="0.003"/>
  <testcase name="testQueryForObjectWithBigInteger()" classname="org.springframework.jdbc.core.JdbcTemplateQueryTests" time="0.039"/>
  <testcase name="testQueryForMapWithSingleRowAndColumn()" classname="org.springframework.jdbc.core.JdbcTemplateQueryTests" time="0.003"/>
  <testcase name="testQueryForObjectWithString()" classname="org.springframework.jdbc.core.JdbcTemplateQueryTests" time="0.004"/>
  <testcase name="testQueryForListWithArgs()" classname="org.springframework.jdbc.core.JdbcTemplateQueryTests" time="0.022"/>
  <testcase name="testQueryForListWithArgsAndIntegerElementAndSingleRowAndColumn()" classname="org.springframework.jdbc.core.JdbcTemplateQueryTests" time="0.003"/>
  <testcase name="testQueryForObjectWithIntegerAndNull()" classname="org.springframework.jdbc.core.JdbcTemplateQueryTests" time="0.009"/>
  <testcase name="testQueryForObjectWithInteger()" classname="org.springframework.jdbc.core.JdbcTemplateQueryTests" time="0.029"/>
  <testcase name="testQueryForObjectWithArgsAndRowMapper()" classname="org.springframework.jdbc.core.JdbcTemplateQueryTests" time="0.005"/>
  <testcase name="testQueryForLongPrimitive()" classname="org.springframework.jdbc.core.JdbcTemplateQueryTests" time="0.025"/>
  <testcase name="testQueryForLongWithArgs()" classname="org.springframework.jdbc.core.JdbcTemplateQueryTests" time="0.003"/>
  <testcase name="testQueryForIntWithArgs()" classname="org.springframework.jdbc.core.JdbcTemplateQueryTests" time="0.003"/>
  <testcase name="testQueryForListWithArgsAndSingleRowAndColumn()" classname="org.springframework.jdbc.core.JdbcTemplateQueryTests" time="0.003"/>
  <testcase name="testQueryForObjectWithRowMapper()" classname="org.springframework.jdbc.core.JdbcTemplateQueryTests" time="0.003"/>
  <testcase name="testQueryForListWithIntegerElement()" classname="org.springframework.jdbc.core.JdbcTemplateQueryTests" time="0.005"/>
  <testcase name="testQueryForObjectWithArgsAndInteger()" classname="org.springframework.jdbc.core.JdbcTemplateQueryTests" time="0.027"/>
  <testcase name="testQueryForObjectThrowsIncorrectResultSizeForMoreThanOneRow()" classname="org.springframework.jdbc.core.JdbcTemplateQueryTests" time="0.004"/>
  <testcase name="testQueryForMapWithArgsAndSingleRowAndColumn()" classname="org.springframework.jdbc.core.JdbcTemplateQueryTests" time="0.003"/>
  <testcase name="testQueryForListIsNotConfusedByNamedParameterPrefix()" classname="org.springframework.jdbc.core.JdbcTemplateQueryTests" time="0.019"/>
  <testcase name="testQueryForListWithSingleRowAndColumn()" classname="org.springframework.jdbc.core.JdbcTemplateQueryTests" time="0.002"/>
  <testcase name="testQueryForListWithEmptyResult()" classname="org.springframework.jdbc.core.JdbcTemplateQueryTests" time="0.002"/>
  <testcase name="testQueryForList()" classname="org.springframework.jdbc.core.JdbcTemplateQueryTests" time="0.015"/>
  <testcase name="testQueryForLong()" classname="org.springframework.jdbc.core.JdbcTemplateQueryTests" time="0.002"/>
  <testcase name="testQueryForInt()" classname="org.springframework.jdbc.core.JdbcTemplateQueryTests" time="0.002"/>
  <system-out><![CDATA[]]></system-out>
  <system-err><![CDATA[]]></system-err>
</testsuite>
