<?xml version="1.0" encoding="UTF-8"?>
<testsuite name="org.springframework.jdbc.datasource.init.H2DatabasePopulatorTests" tests="16" skipped="0" failures="0" errors="0" timestamp="2020-05-29T13:58:16" hostname="bamboo-18" time="4.958">
  <properties/>
  <testcase name="scriptWithoutStatementSeparator()" classname="org.springframework.jdbc.datasource.init.H2DatabasePopulatorTests" time="0.236"/>
  <testcase name="scriptWithMultipleStatementsAndWhitespaceSeparator()" classname="org.springframework.jdbc.datasource.init.H2DatabasePopulatorTests" time="0.205"/>
  <testcase name="scriptWithSingleLineCommentsAndFailedDrop()" classname="org.springframework.jdbc.datasource.init.H2DatabasePopulatorTests" time="0.205"/>
  <testcase name="usesBoundConnectionIfAvailable()" classname="org.springframework.jdbc.datasource.init.H2DatabasePopulatorTests" time="0.21"/>
  <testcase name="scriptWithMultipleStatementsAndLongSeparator()" classname="org.springframework.jdbc.datasource.init.H2DatabasePopulatorTests" time="0.206"/>
  <testcase name="scriptWithSelectStatements()" classname="org.springframework.jdbc.datasource.init.H2DatabasePopulatorTests" time="0.206"/>
  <testcase name="scriptWithMultipleStatements()" classname="org.springframework.jdbc.datasource.init.H2DatabasePopulatorTests" time="0.207"/>
  <testcase name="executesHugeScriptInReasonableTime()" classname="org.springframework.jdbc.datasource.init.H2DatabasePopulatorTests" time="0.592"/>
  <testcase name="scriptWithMultipleStatementsAndMultipleNewlineSeparator()" classname="org.springframework.jdbc.datasource.init.H2DatabasePopulatorTests" time="0.205"/>
  <testcase name="scriptWithStandardEscapedLiteral()" classname="org.springframework.jdbc.datasource.init.H2DatabasePopulatorTests" time="0.204"/>
  <testcase name="scriptWithMultipleStatementsAndNewlineSeparator()" classname="org.springframework.jdbc.datasource.init.H2DatabasePopulatorTests" time="0.204"/>
  <testcase name="scriptWithCommentsWithinStatements()" classname="org.springframework.jdbc.datasource.init.H2DatabasePopulatorTests" time="0.206"/>
  <testcase name="scriptWithMySqlEscapedLiteral()" classname="org.springframework.jdbc.datasource.init.H2DatabasePopulatorTests" time="0.204"/>
  <testcase name="scriptWithEolBetweenTokens()" classname="org.springframework.jdbc.datasource.init.H2DatabasePopulatorTests" time="0.204"/>
  <testcase name="constructorWithMultipleScriptResources()" classname="org.springframework.jdbc.datasource.init.H2DatabasePopulatorTests" time="0.205"/>
  <testcase name="scriptWithH2Alias()" classname="org.springframework.jdbc.datasource.init.H2DatabasePopulatorTests" time="1.456"/>
  <system-out><![CDATA[]]></system-out>
  <system-err><![CDATA[]]></system-err>
</testsuite>
