<?xml version="1.0" encoding="UTF-8"?>
<testsuite name="org.springframework.jdbc.core.SingleColumnRowMapperTests" tests="3" skipped="0" failures="0" errors="0" timestamp="2021-06-20T08:09:44" hostname="gankangdembp" time="0.116">
  <properties/>
  <testcase name="useCustomConversionService()" classname="org.springframework.jdbc.core.SingleColumnRowMapperTests" time="0.081"/>
  <testcase name="doesNotUseConversionService()" classname="org.springframework.jdbc.core.SingleColumnRowMapperTests" time="0.002"/>
  <testcase name="useDefaultConversionService()" classname="org.springframework.jdbc.core.SingleColumnRowMapperTests" time="0.031"/>
  <system-out><![CDATA[]]></system-out>
  <system-err><![CDATA[]]></system-err>
</testsuite>
