<?xml version="1.0" encoding="UTF-8"?>
<testsuite name="org.springframework.jdbc.object.GenericStoredProcedureTests" tests="1" skipped="0" failures="0" errors="0" timestamp="2021-06-20T08:09:52" hostname="gankangdembp" time="0.073">
  <properties/>
  <testcase name="testAddInvoices()" classname="org.springframework.jdbc.object.GenericStoredProcedureTests" time="0.073"/>
  <system-out><![CDATA[]]></system-out>
  <system-err><![CDATA[]]></system-err>
</testsuite>
