<?xml version="1.0" encoding="UTF-8"?>
<testsuite name="org.springframework.jdbc.datasource.DelegatingDataSourceTests" tests="10" skipped="0" failures="0" errors="0" timestamp="2020-05-29T13:58:12" hostname="bamboo-18" time="0.016">
  <properties/>
  <testcase name="shouldDelegateGetLogWriter()" classname="org.springframework.jdbc.datasource.DelegatingDataSourceTests" time="0.009"/>
  <testcase name="shouldDelegateGetConnection()" classname="org.springframework.jdbc.datasource.DelegatingDataSourceTests" time="0.0"/>
  <testcase name="shouldDelegateSetLoginTimeoutWithSeconds()" classname="org.springframework.jdbc.datasource.DelegatingDataSourceTests" time="0.001"/>
  <testcase name="shouldDelegateSetLogWriter()" classname="org.springframework.jdbc.datasource.DelegatingDataSourceTests" time="0.0"/>
  <testcase name="shouldDelegateIsWrapperForWithoutImplementing()" classname="org.springframework.jdbc.datasource.DelegatingDataSourceTests" time="0.0"/>
  <testcase name="shouldDelegateUnwrapImplementing()" classname="org.springframework.jdbc.datasource.DelegatingDataSourceTests" time="0.0"/>
  <testcase name="shouldDelegateGetConnectionWithUsernameAndPassword()" classname="org.springframework.jdbc.datasource.DelegatingDataSourceTests" time="0.0"/>
  <testcase name="shouldDelegateIsWrapperForImplementing()" classname="org.springframework.jdbc.datasource.DelegatingDataSourceTests" time="0.0"/>
  <testcase name="shouldDelegateGetLoginTimeout()" classname="org.springframework.jdbc.datasource.DelegatingDataSourceTests" time="0.0"/>
  <testcase name="shouldDelegateUnwrapWithoutImplementing()" classname="org.springframework.jdbc.datasource.DelegatingDataSourceTests" time="0.004"/>
  <system-out><![CDATA[]]></system-out>
  <system-err><![CDATA[]]></system-err>
</testsuite>
