<?xml version="1.0" encoding="UTF-8"?>
<testsuite name="org.springframework.jdbc.config.InitializeDatabaseIntegrationTests" tests="7" skipped="0" failures="0" errors="0" timestamp="2021-06-20T08:09:51" hostname="gankangdembp" time="0.954">
  <properties/>
  <testcase name="testIgnoreFailedDrops()" classname="org.springframework.jdbc.config.InitializeDatabaseIntegrationTests" time="0.104"/>
  <testcase name="testScriptNameWithExpressions()" classname="org.springframework.jdbc.config.InitializeDatabaseIntegrationTests" time="0.295"/>
  <testcase name="testScriptNameWithPlaceholder()" classname="org.springframework.jdbc.config.InitializeDatabaseIntegrationTests" time="0.183"/>
  <testcase name="testScriptNameWithPattern()" classname="org.springframework.jdbc.config.InitializeDatabaseIntegrationTests" time="0.084"/>
  <testcase name="testCacheInitialization()" classname="org.springframework.jdbc.config.InitializeDatabaseIntegrationTests" time="0.114"/>
  <testcase name="testCreateEmbeddedDatabase()" classname="org.springframework.jdbc.config.InitializeDatabaseIntegrationTests" time="0.094"/>
  <testcase name="testDisableCreateEmbeddedDatabase()" classname="org.springframework.jdbc.config.InitializeDatabaseIntegrationTests" time="0.078"/>
  <system-out><![CDATA[]]></system-out>
  <system-err><![CDATA[]]></system-err>
</testsuite>
