<?xml version="1.0" encoding="UTF-8"?>
<testsuite name="org.springframework.jdbc.core.JdbcOperationsExtensionsTests" tests="12" skipped="0" failures="0" errors="0" timestamp="2021-06-20T08:09:57" hostname="gankangdembp" time="9.207">
  <properties/>
  <testcase name="queryForObject with nullable RowMapper-like function()" classname="org.springframework.jdbc.core.JdbcOperationsExtensionsTests" time="8.706"/>
  <testcase name="queryForObject with reified type parameters()" classname="org.springframework.jdbc.core.JdbcOperationsExtensionsTests" time="0.017"/>
  <testcase name="queryForObject with RowMapper-like function()" classname="org.springframework.jdbc.core.JdbcOperationsExtensionsTests" time="0.018"/>
  <testcase name="queryForList with reified type parameters and argTypes()" classname="org.springframework.jdbc.core.JdbcOperationsExtensionsTests" time="0.069"/>
  <testcase name="query with ResultSetExtractor-like function()" classname="org.springframework.jdbc.core.JdbcOperationsExtensionsTests" time="0.074"/>
  <testcase name="queryForList with reified type parameters()" classname="org.springframework.jdbc.core.JdbcOperationsExtensionsTests" time="0.036"/>
  <testcase name="query with nullable ResultSetExtractor-like function()" classname="org.springframework.jdbc.core.JdbcOperationsExtensionsTests" time="0.04"/>
  <testcase name="queryForObject with reified type parameters and argTypes()" classname="org.springframework.jdbc.core.JdbcOperationsExtensionsTests" time="0.012"/>
  <testcase name="queryForObject with reified type parameters and args()" classname="org.springframework.jdbc.core.JdbcOperationsExtensionsTests" time="0.022"/>
  <testcase name="query with RowMapper-like function()" classname="org.springframework.jdbc.core.JdbcOperationsExtensionsTests" time="0.028"/>
  <testcase name="queryForList with reified type parameters and args()" classname="org.springframework.jdbc.core.JdbcOperationsExtensionsTests" time="0.01"/>
  <testcase name="query with RowCallbackHandler-like function()" classname="org.springframework.jdbc.core.JdbcOperationsExtensionsTests" time="0.08"/>
  <system-out><![CDATA[]]></system-out>
  <system-err><![CDATA[]]></system-err>
</testsuite>
