<?xml version="1.0" encoding="UTF-8"?>
<testsuite name="org.springframework.jdbc.datasource.init.HsqlDatabasePopulatorTests" tests="15" skipped="0" failures="0" errors="0" timestamp="2021-06-20T08:09:29" hostname="gankangdembp" time="2.081">
  <properties/>
  <testcase name="scriptWithoutStatementSeparator()" classname="org.springframework.jdbc.datasource.init.HsqlDatabasePopulatorTests" time="0.119"/>
  <testcase name="scriptWithMultipleStatementsAndWhitespaceSeparator()" classname="org.springframework.jdbc.datasource.init.HsqlDatabasePopulatorTests" time="0.116"/>
  <testcase name="scriptWithSingleLineCommentsAndFailedDrop()" classname="org.springframework.jdbc.datasource.init.HsqlDatabasePopulatorTests" time="0.07"/>
  <testcase name="usesBoundConnectionIfAvailable()" classname="org.springframework.jdbc.datasource.init.HsqlDatabasePopulatorTests" time="0.098"/>
  <testcase name="scriptWithMultipleStatementsAndLongSeparator()" classname="org.springframework.jdbc.datasource.init.HsqlDatabasePopulatorTests" time="0.07"/>
  <testcase name="scriptWithSelectStatements()" classname="org.springframework.jdbc.datasource.init.HsqlDatabasePopulatorTests" time="0.08"/>
  <testcase name="scriptWithMultipleStatements()" classname="org.springframework.jdbc.datasource.init.HsqlDatabasePopulatorTests" time="0.056"/>
  <testcase name="executesHugeScriptInReasonableTime()" classname="org.springframework.jdbc.datasource.init.HsqlDatabasePopulatorTests" time="0.848"/>
  <testcase name="scriptWithMultipleStatementsAndMultipleNewlineSeparator()" classname="org.springframework.jdbc.datasource.init.HsqlDatabasePopulatorTests" time="0.096"/>
  <testcase name="scriptWithStandardEscapedLiteral()" classname="org.springframework.jdbc.datasource.init.HsqlDatabasePopulatorTests" time="0.071"/>
  <testcase name="scriptWithMultipleStatementsAndNewlineSeparator()" classname="org.springframework.jdbc.datasource.init.HsqlDatabasePopulatorTests" time="0.091"/>
  <testcase name="scriptWithCommentsWithinStatements()" classname="org.springframework.jdbc.datasource.init.HsqlDatabasePopulatorTests" time="0.085"/>
  <testcase name="scriptWithMySqlEscapedLiteral()" classname="org.springframework.jdbc.datasource.init.HsqlDatabasePopulatorTests" time="0.05"/>
  <testcase name="scriptWithEolBetweenTokens()" classname="org.springframework.jdbc.datasource.init.HsqlDatabasePopulatorTests" time="0.086"/>
  <testcase name="constructorWithMultipleScriptResources()" classname="org.springframework.jdbc.datasource.init.HsqlDatabasePopulatorTests" time="0.123"/>
  <system-out><![CDATA[]]></system-out>
  <system-err><![CDATA[]]></system-err>
</testsuite>
