<?xml version="1.0" encoding="UTF-8"?>
<testsuite name="org.springframework.jdbc.datasource.embedded.EmbeddedDatabaseFactoryTests" tests="1" skipped="0" failures="0" errors="0" timestamp="2021-06-20T08:09:37" hostname="gankangdembp" time="0.026">
  <properties/>
  <testcase name="testGetDataSource()" classname="org.springframework.jdbc.datasource.embedded.EmbeddedDatabaseFactoryTests" time="0.026"/>
  <system-out><![CDATA[]]></system-out>
  <system-err><![CDATA[]]></system-err>
</testsuite>
