<?xml version="1.0" encoding="UTF-8"?>
<testsuite name="org.springframework.jdbc.core.support.JdbcDaoSupportTests" tests="2" skipped="0" failures="0" errors="0" timestamp="2021-06-20T08:09:47" hostname="gankangdembp" time="0.008">
  <properties/>
  <testcase name="testJdbcDaoSupportWithDataSource()" classname="org.springframework.jdbc.core.support.JdbcDaoSupportTests" time="0.005"/>
  <testcase name="testJdbcDaoSupportWithJdbcTemplate()" classname="org.springframework.jdbc.core.support.JdbcDaoSupportTests" time="0.002"/>
  <system-out><![CDATA[]]></system-out>
  <system-err><![CDATA[]]></system-err>
</testsuite>
