<?xml version="1.0" encoding="UTF-8"?>
<testsuite name="org.springframework.jdbc.datasource.init.ScriptUtilsIntegrationTests" tests="2" skipped="0" failures="0" errors="0" timestamp="2020-05-29T13:58:21" hostname="bamboo-18" time="0.101">
  <properties/>
  <testcase name="executeSqlScriptContainingSingleQuotesNestedInsideDoubleQuotes()" classname="org.springframework.jdbc.datasource.init.ScriptUtilsIntegrationTests" time="0.038"/>
  <testcase name="executeSqlScriptContainingMultiLineComments()" classname="org.springframework.jdbc.datasource.init.ScriptUtilsIntegrationTests" time="0.063"/>
  <system-out><![CDATA[]]></system-out>
  <system-err><![CDATA[]]></system-err>
</testsuite>
