<?xml version="1.0" encoding="UTF-8"?>
<testsuite name="org.springframework.jdbc.support.rowset.ResultSetWrappingRowSetTests" tests="22" skipped="0" failures="0" errors="0" timestamp="2021-06-20T08:09:53" hostname="gankangdembp" time="0.186">
  <properties/>
  <testcase name="testGetTimeString()" classname="org.springframework.jdbc.support.rowset.ResultSetWrappingRowSetTests" time="0.031"/>
  <testcase name="testGetDoubleString()" classname="org.springframework.jdbc.support.rowset.ResultSetWrappingRowSetTests" time="0.001"/>
  <testcase name="testGetTimestampInt()" classname="org.springframework.jdbc.support.rowset.ResultSetWrappingRowSetTests" time="0.001"/>
  <testcase name="testGetTimeInt()" classname="org.springframework.jdbc.support.rowset.ResultSetWrappingRowSetTests" time="0.001"/>
  <testcase name="testGetFloatInt()" classname="org.springframework.jdbc.support.rowset.ResultSetWrappingRowSetTests" time="0.001"/>
  <testcase name="testGetBigDecimalInt()" classname="org.springframework.jdbc.support.rowset.ResultSetWrappingRowSetTests" time="0.05"/>
  <testcase name="testGetObjectInt()" classname="org.springframework.jdbc.support.rowset.ResultSetWrappingRowSetTests" time="0.001"/>
  <testcase name="testGetBigDecimalString()" classname="org.springframework.jdbc.support.rowset.ResultSetWrappingRowSetTests" time="0.001"/>
  <testcase name="testGetBooleanString()" classname="org.springframework.jdbc.support.rowset.ResultSetWrappingRowSetTests" time="0.001"/>
  <testcase name="testGetObjectString()" classname="org.springframework.jdbc.support.rowset.ResultSetWrappingRowSetTests" time="0.001"/>
  <testcase name="testGetDoubleInt()" classname="org.springframework.jdbc.support.rowset.ResultSetWrappingRowSetTests" time="0.002"/>
  <testcase name="testGetFloatString()" classname="org.springframework.jdbc.support.rowset.ResultSetWrappingRowSetTests" time="0.001"/>
  <testcase name="testGetTimestampString()" classname="org.springframework.jdbc.support.rowset.ResultSetWrappingRowSetTests" time="0.048"/>
  <testcase name="testGetLongInt()" classname="org.springframework.jdbc.support.rowset.ResultSetWrappingRowSetTests" time="0.002"/>
  <testcase name="testGetStringInt()" classname="org.springframework.jdbc.support.rowset.ResultSetWrappingRowSetTests" time="0.001"/>
  <testcase name="testGetLongString()" classname="org.springframework.jdbc.support.rowset.ResultSetWrappingRowSetTests" time="0.001"/>
  <testcase name="testGetBooleanInt()" classname="org.springframework.jdbc.support.rowset.ResultSetWrappingRowSetTests" time="0.001"/>
  <testcase name="testGetIntString()" classname="org.springframework.jdbc.support.rowset.ResultSetWrappingRowSetTests" time="0.001"/>
  <testcase name="testGetIntInt()" classname="org.springframework.jdbc.support.rowset.ResultSetWrappingRowSetTests" time="0.029"/>
  <testcase name="testGetStringString()" classname="org.springframework.jdbc.support.rowset.ResultSetWrappingRowSetTests" time="0.002"/>
  <testcase name="testGetDateInt()" classname="org.springframework.jdbc.support.rowset.ResultSetWrappingRowSetTests" time="0.001"/>
  <testcase name="testGetDateString()" classname="org.springframework.jdbc.support.rowset.ResultSetWrappingRowSetTests" time="0.001"/>
  <system-out><![CDATA[]]></system-out>
  <system-err><![CDATA[]]></system-err>
</testsuite>
