<?xml version="1.0" encoding="UTF-8"?>
<testsuite name="org.springframework.jdbc.datasource.embedded.EmbeddedDatabaseFactoryTests" tests="1" skipped="0" failures="0" errors="0" timestamp="2020-05-29T13:58:16" hostname="bamboo-18" time="0.006">
  <properties/>
  <testcase name="testGetDataSource()" classname="org.springframework.jdbc.datasource.embedded.EmbeddedDatabaseFactoryTests" time="0.006"/>
  <system-out><![CDATA[]]></system-out>
  <system-err><![CDATA[]]></system-err>
</testsuite>
