<?xml version="1.0" encoding="UTF-8"?>
<testsuite name="org.springframework.jdbc.support.SQLErrorCodeSQLExceptionTranslatorTests" tests="5" skipped="0" failures="0" errors="0" timestamp="2020-05-29T13:58:08" hostname="bamboo-18" time="0.026">
  <properties/>
  <testcase name="errorCodeTranslation()" classname="org.springframework.jdbc.support.SQLErrorCodeSQLExceptionTranslatorTests" time="0.001"/>
  <testcase name="customExceptionTranslation()" classname="org.springframework.jdbc.support.SQLErrorCodeSQLExceptionTranslatorTests" time="0.003"/>
  <testcase name="dataTruncationTranslation()" classname="org.springframework.jdbc.support.SQLErrorCodeSQLExceptionTranslatorTests" time="0.002"/>
  <testcase name="batchExceptionTranslation()" classname="org.springframework.jdbc.support.SQLErrorCodeSQLExceptionTranslatorTests" time="0.0"/>
  <testcase name="customTranslateMethodTranslation()" classname="org.springframework.jdbc.support.SQLErrorCodeSQLExceptionTranslatorTests" time="0.005"/>
  <system-out><![CDATA[]]></system-out>
  <system-err><![CDATA[]]></system-err>
</testsuite>
