<?xml version="1.0" encoding="UTF-8"?>
<testsuite name="org.springframework.jdbc.datasource.init.ResourceDatabasePopulatorTests" tests="10" skipped="0" failures="0" errors="0" timestamp="2021-06-20T08:09:16" hostname="gankangdembp" time="3.059">
  <properties/>
  <testcase name="addScriptsWithNullResourceArray()" classname="org.springframework.jdbc.datasource.init.ResourceDatabasePopulatorTests" time="2.95"/>
  <testcase name="constructWithNullResourceArray()" classname="org.springframework.jdbc.datasource.init.ResourceDatabasePopulatorTests" time="0.035"/>
  <testcase name="setScriptsWithNullResourceArray()" classname="org.springframework.jdbc.datasource.init.ResourceDatabasePopulatorTests" time="0.001"/>
  <testcase name="constructWithMultipleResourcesAndThenAddScript()" classname="org.springframework.jdbc.datasource.init.ResourceDatabasePopulatorTests" time="0.031"/>
  <testcase name="constructWithNullResource()" classname="org.springframework.jdbc.datasource.init.ResourceDatabasePopulatorTests" time="0.004"/>
  <testcase name="setScriptsAndThenAddScript()" classname="org.springframework.jdbc.datasource.init.ResourceDatabasePopulatorTests" time="0.001"/>
  <testcase name="setScriptsWithNullResource()" classname="org.springframework.jdbc.datasource.init.ResourceDatabasePopulatorTests" time="0.002"/>
  <testcase name="constructWithResource()" classname="org.springframework.jdbc.datasource.init.ResourceDatabasePopulatorTests" time="0.001"/>
  <testcase name="constructWithMultipleResources()" classname="org.springframework.jdbc.datasource.init.ResourceDatabasePopulatorTests" time="0.024"/>
  <testcase name="addScriptsWithNullResource()" classname="org.springframework.jdbc.datasource.init.ResourceDatabasePopulatorTests" time="0.001"/>
  <system-out><![CDATA[]]></system-out>
  <system-err><![CDATA[]]></system-err>
</testsuite>
