<?xml version="1.0" encoding="UTF-8"?>
<testsuite name="org.springframework.jdbc.object.GenericSqlQueryTests" tests="3" skipped="0" failures="0" errors="0" timestamp="2021-06-20T08:09:52" hostname="gankangdembp" time="0.311">
  <properties/>
  <testcase name="testCustomerQueryWithNamedParameters()" classname="org.springframework.jdbc.object.GenericSqlQueryTests" time="0.115"/>
  <testcase name="testCustomerQueryWithRowMapperInstance()" classname="org.springframework.jdbc.object.GenericSqlQueryTests" time="0.097"/>
  <testcase name="testCustomerQueryWithPlaceholders()" classname="org.springframework.jdbc.object.GenericSqlQueryTests" time="0.098"/>
  <system-out><![CDATA[]]></system-out>
  <system-err><![CDATA[]]></system-err>
</testsuite>
