<?xml version="1.0" encoding="UTF-8"?>
<testsuite name="org.springframework.jdbc.support.DataFieldMaxValueIncrementerTests" tests="6" skipped="0" failures="0" errors="0" timestamp="2021-06-20T08:09:53" hostname="gankangdembp" time="0.101">
  <properties/>
  <testcase name="testMySQLMaxValueIncrementer()" classname="org.springframework.jdbc.support.DataFieldMaxValueIncrementerTests" time="0.035"/>
  <testcase name="testHsqlMaxValueIncrementer()" classname="org.springframework.jdbc.support.DataFieldMaxValueIncrementerTests" time="0.008"/>
  <testcase name="testOracleSequenceMaxValueIncrementer()" classname="org.springframework.jdbc.support.DataFieldMaxValueIncrementerTests" time="0.009"/>
  <testcase name="testHsqlMaxValueIncrementerWithDeleteSpecificValues()" classname="org.springframework.jdbc.support.DataFieldMaxValueIncrementerTests" time="0.003"/>
  <testcase name="testPostgresSequenceMaxValueIncrementer()" classname="org.springframework.jdbc.support.DataFieldMaxValueIncrementerTests" time="0.002"/>
  <testcase name="testHanaSequenceMaxValueIncrementer()" classname="org.springframework.jdbc.support.DataFieldMaxValueIncrementerTests" time="0.041"/>
  <system-out><![CDATA[]]></system-out>
  <system-err><![CDATA[]]></system-err>
</testsuite>
