<?xml version="1.0" encoding="UTF-8"?>
<testsuite name="org.springframework.web.util.pattern.PathPatternRouteMatcherTests" tests="4" skipped="0" failures="0" errors="0" timestamp="2021-06-20T08:11:18" hostname="gankangdembp" time="0.006">
  <properties/>
  <testcase name="separatorOnlyDecoded()" classname="org.springframework.web.util.pattern.PathPatternRouteMatcherTests" time="0.004"/>
  <testcase name="matchRouteWithCustomSeparator()" classname="org.springframework.web.util.pattern.PathPatternRouteMatcherTests" time="0.001"/>
  <testcase name="noDecodingAndNoParamParsing()" classname="org.springframework.web.util.pattern.PathPatternRouteMatcherTests" time="0.0"/>
  <testcase name="matchRoute()" classname="org.springframework.web.util.pattern.PathPatternRouteMatcherTests" time="0.001"/>
  <system-out><![CDATA[]]></system-out>
  <system-err><![CDATA[]]></system-err>
</testsuite>
