<?xml version="1.0" encoding="UTF-8"?>
<testsuite name="org.springframework.http.converter.json.SpringHandlerInstantiatorTests" tests="5" skipped="0" failures="0" errors="0" timestamp="2020-05-29T13:59:54" hostname="bamboo-18" time="0.139">
  <properties/>
  <testcase name="applicationContextAwareTypeIdResolver()" classname="org.springframework.http.converter.json.SpringHandlerInstantiatorTests" time="0.087"/>
  <testcase name="autowiredDeserializer()" classname="org.springframework.http.converter.json.SpringHandlerInstantiatorTests" time="0.024"/>
  <testcase name="autowiredKeyDeserializer()" classname="org.springframework.http.converter.json.SpringHandlerInstantiatorTests" time="0.009"/>
  <testcase name="autowiredSerializer()" classname="org.springframework.http.converter.json.SpringHandlerInstantiatorTests" time="0.011"/>
  <testcase name="applicationContextAwaretypeResolverBuilder()" classname="org.springframework.http.converter.json.SpringHandlerInstantiatorTests" time="0.002"/>
  <system-out><![CDATA[]]></system-out>
  <system-err><![CDATA[]]></system-err>
</testsuite>
