<?xml version="1.0" encoding="UTF-8"?>
<testsuite name="org.springframework.http.client.HttpComponentsAsyncClientHttpRequestFactoryTests" tests="9" skipped="0" failures="0" errors="0" timestamp="2020-05-29T13:59:25" hostname="bamboo-18" time="0.95">
  <properties/>
  <testcase name="cancel()" classname="org.springframework.http.client.HttpComponentsAsyncClientHttpRequestFactoryTests" time="0.141"/>
  <testcase name="headersAfterExecute()" classname="org.springframework.http.client.HttpComponentsAsyncClientHttpRequestFactoryTests" time="0.119"/>
  <testcase name="status()" classname="org.springframework.http.client.HttpComponentsAsyncClientHttpRequestFactoryTests" time="0.068"/>
  <testcase name="echo()" classname="org.springframework.http.client.HttpComponentsAsyncClientHttpRequestFactoryTests" time="0.094"/>
  <testcase name="statusCallback()" classname="org.springframework.http.client.HttpComponentsAsyncClientHttpRequestFactoryTests" time="0.105"/>
  <testcase name="multipleWrites()" classname="org.springframework.http.client.HttpComponentsAsyncClientHttpRequestFactoryTests" time="0.096"/>
  <testcase name="defaultSettingsOfHttpAsyncClientLostOnExecutorCustomization()" classname="org.springframework.http.client.HttpComponentsAsyncClientHttpRequestFactoryTests" time="0.101"/>
  <testcase name="customHttpAsyncClientUsesItsDefault()" classname="org.springframework.http.client.HttpComponentsAsyncClientHttpRequestFactoryTests" time="0.095"/>
  <testcase name="httpMethods()" classname="org.springframework.http.client.HttpComponentsAsyncClientHttpRequestFactoryTests" time="0.125"/>
  <system-out><![CDATA[]]></system-out>
  <system-err><![CDATA[May 29, 2020 1:59:25 PM okhttp3.mockwebserver.MockWebServer$3 execute
INFO: MockWebServer[54281] starting to accept connections
May 29, 2020 1:59:25 PM okhttp3.mockwebserver.MockWebServer$3 acceptConnections
INFO: MockWebServer[54281] done accepting connections: Socket closed
May 29, 2020 1:59:25 PM okhttp3.mockwebserver.MockWebServer$3 execute
INFO: MockWebServer[37843] starting to accept connections
May 29, 2020 1:59:25 PM okhttp3.mockwebserver.MockWebServer$4 processOneRequest
INFO: MockWebServer[37843] received request: POST /echo HTTP/1.1 and responded: HTTP/1.1 200 OK
May 29, 2020 1:59:25 PM okhttp3.mockwebserver.MockWebServer$3 acceptConnections
INFO: MockWebServer[37843] done accepting connections: Socket closed
May 29, 2020 1:59:25 PM okhttp3.mockwebserver.MockWebServer$3 execute
INFO: MockWebServer[54489] starting to accept connections
May 29, 2020 1:59:25 PM okhttp3.mockwebserver.MockWebServer$4 processOneRequest
INFO: MockWebServer[54489] received request: GET /status/notfound HTTP/1.1 and responded: HTTP/1.1 404 Client Error
May 29, 2020 1:59:25 PM okhttp3.mockwebserver.MockWebServer$3 acceptConnections
INFO: MockWebServer[54489] done accepting connections: Socket closed
May 29, 2020 1:59:25 PM okhttp3.mockwebserver.MockWebServer$3 execute
INFO: MockWebServer[43127] starting to accept connections
May 29, 2020 1:59:25 PM okhttp3.mockwebserver.MockWebServer$4 processOneRequest
INFO: MockWebServer[43127] received request: PUT /echo HTTP/1.1 and responded: HTTP/1.1 200 OK
May 29, 2020 1:59:25 PM okhttp3.mockwebserver.MockWebServer$3 acceptConnections
INFO: MockWebServer[43127] done accepting connections: Socket closed
May 29, 2020 1:59:25 PM okhttp3.mockwebserver.MockWebServer$3 execute
INFO: MockWebServer[39431] starting to accept connections
May 29, 2020 1:59:25 PM okhttp3.mockwebserver.MockWebServer$4 processOneRequest
INFO: MockWebServer[39431] received request: GET /status/notfound HTTP/1.1 and responded: HTTP/1.1 404 Client Error
May 29, 2020 1:59:25 PM okhttp3.mockwebserver.MockWebServer$3 acceptConnections
INFO: MockWebServer[39431] done accepting connections: Socket closed
May 29, 2020 1:59:25 PM okhttp3.mockwebserver.MockWebServer$3 execute
INFO: MockWebServer[53811] starting to accept connections
May 29, 2020 1:59:26 PM okhttp3.mockwebserver.MockWebServer$4 processOneRequest
INFO: MockWebServer[53811] received request: POST /echo HTTP/1.1 and responded: HTTP/1.1 200 OK
May 29, 2020 1:59:26 PM okhttp3.mockwebserver.MockWebServer$3 acceptConnections
INFO: MockWebServer[53811] done accepting connections: Socket closed
May 29, 2020 1:59:26 PM okhttp3.mockwebserver.MockWebServer$3 execute
INFO: MockWebServer[49483] starting to accept connections
May 29, 2020 1:59:26 PM okhttp3.mockwebserver.MockWebServer$3 acceptConnections
INFO: MockWebServer[49483] done accepting connections: Socket closed
May 29, 2020 1:59:26 PM okhttp3.mockwebserver.MockWebServer$3 execute
INFO: MockWebServer[42631] starting to accept connections
May 29, 2020 1:59:26 PM okhttp3.mockwebserver.MockWebServer$3 acceptConnections
INFO: MockWebServer[42631] done accepting connections: Socket closed
May 29, 2020 1:59:26 PM okhttp3.mockwebserver.MockWebServer$3 execute
INFO: MockWebServer[53993] starting to accept connections
May 29, 2020 1:59:26 PM okhttp3.mockwebserver.MockWebServer$4 processOneRequest
INFO: MockWebServer[53993] received request: GET /methods/get HTTP/1.1 and responded: HTTP/1.1 200 OK
May 29, 2020 1:59:26 PM okhttp3.mockwebserver.MockWebServer$4 processOneRequest
INFO: MockWebServer[53993] received request: HEAD /methods/head HTTP/1.1 and responded: HTTP/1.1 200 OK
May 29, 2020 1:59:26 PM okhttp3.mockwebserver.MockWebServer$4 processOneRequest
INFO: MockWebServer[53993] received request: POST /methods/post HTTP/1.1 and responded: HTTP/1.1 200 OK
May 29, 2020 1:59:26 PM okhttp3.mockwebserver.MockWebServer$4 processOneRequest
INFO: MockWebServer[53993] received request: PUT /methods/put HTTP/1.1 and responded: HTTP/1.1 200 OK
May 29, 2020 1:59:26 PM okhttp3.mockwebserver.MockWebServer$4 processOneRequest
INFO: MockWebServer[53993] received request: OPTIONS /methods/options HTTP/1.1 and responded: HTTP/1.1 200 OK
May 29, 2020 1:59:26 PM okhttp3.mockwebserver.MockWebServer$4 processOneRequest
INFO: MockWebServer[53993] received request: DELETE /methods/delete HTTP/1.1 and responded: HTTP/1.1 200 OK
May 29, 2020 1:59:26 PM okhttp3.mockwebserver.MockWebServer$4 processOneRequest
INFO: MockWebServer[53993] received request: PATCH /methods/patch HTTP/1.1 and responded: HTTP/1.1 200 OK
May 29, 2020 1:59:26 PM okhttp3.mockwebserver.MockWebServer$3 acceptConnections
INFO: MockWebServer[53993] done accepting connections: Socket closed
]]></system-err>
</testsuite>
