<?xml version="1.0" encoding="UTF-8"?>
<testsuite name="org.springframework.web.server.adapter.ForwardedHeaderTransformerTests" tests="7" skipped="0" failures="0" errors="0" timestamp="2021-06-20T08:11:19" hostname="gankangdembp" time="0.016">
  <properties/>
  <testcase name="forwardedHeader()" classname="org.springframework.web.server.adapter.ForwardedHeaderTransformerTests" time="0.008"/>
  <testcase name="xForwardedPrefixShouldNotLeadToDecodedPath()" classname="org.springframework.web.server.adapter.ForwardedHeaderTransformerTests" time="0.002"/>
  <testcase name="xForwardedPrefixTrailingSlash()" classname="org.springframework.web.server.adapter.ForwardedHeaderTransformerTests" time="0.002"/>
  <testcase name="xForwardedHeaders()" classname="org.springframework.web.server.adapter.ForwardedHeaderTransformerTests" time="0.001"/>
  <testcase name="removeOnly()" classname="org.springframework.web.server.adapter.ForwardedHeaderTransformerTests" time="0.001"/>
  <testcase name="xForwardedPrefix()" classname="org.springframework.web.server.adapter.ForwardedHeaderTransformerTests" time="0.001"/>
  <testcase name="shouldNotDoubleEncode()" classname="org.springframework.web.server.adapter.ForwardedHeaderTransformerTests" time="0.001"/>
  <system-out><![CDATA[]]></system-out>
  <system-err><![CDATA[]]></system-err>
</testsuite>
