<?xml version="1.0" encoding="UTF-8"?>
<testsuite name="org.springframework.http.codec.support.CodecConfigurerTests" tests="11" skipped="0" failures="0" errors="0" timestamp="2021-06-20T08:12:03" hostname="gankangdembp" time="0.523">
  <properties/>
  <testcase name="defaultsOffWithCustomWriters()" classname="org.springframework.http.codec.support.CodecConfigurerTests" time="0.263"/>
  <testcase name="defaultReaders()" classname="org.springframework.http.codec.support.CodecConfigurerTests" time="0.0"/>
  <testcase name="defaultWriters()" classname="org.springframework.http.codec.support.CodecConfigurerTests" time="0.0"/>
  <testcase name="cloneDefaultCodecs()" classname="org.springframework.http.codec.support.CodecConfigurerTests" time="0.005"/>
  <testcase name="cloneEmptyCustomCodecs()" classname="org.springframework.http.codec.support.CodecConfigurerTests" time="0.082"/>
  <testcase name="defaultsOffCustomReaders()" classname="org.springframework.http.codec.support.CodecConfigurerTests" time="0.144"/>
  <testcase name="defaultAndCustomReaders()" classname="org.springframework.http.codec.support.CodecConfigurerTests" time="0.014"/>
  <testcase name="encoderDecoderOverrides()" classname="org.springframework.http.codec.support.CodecConfigurerTests" time="0.004"/>
  <testcase name="defaultAndCustomWriters()" classname="org.springframework.http.codec.support.CodecConfigurerTests" time="0.002"/>
  <testcase name="withDefaultCodecConfig()" classname="org.springframework.http.codec.support.CodecConfigurerTests" time="0.002"/>
  <testcase name="cloneCustomCodecs()" classname="org.springframework.http.codec.support.CodecConfigurerTests" time="0.001"/>
  <system-out><![CDATA[]]></system-out>
  <system-err><![CDATA[]]></system-err>
</testsuite>
