<?xml version="1.0" encoding="UTF-8"?>
<testsuite name="org.springframework.http.server.DefaultPathContainerTests" tests="5" skipped="0" failures="0" errors="0" timestamp="2020-05-29T13:59:42" hostname="bamboo-18" time="0.023">
  <properties/>
  <testcase name="subPath()" classname="org.springframework.http.server.DefaultPathContainerTests" time="0.019"/>
  <testcase name="pathWithCustomSeparator()" classname="org.springframework.http.server.DefaultPathContainerTests" time="0.0"/>
  <testcase name="pathSegment()" classname="org.springframework.http.server.DefaultPathContainerTests" time="0.002"/>
  <testcase name="path()" classname="org.springframework.http.server.DefaultPathContainerTests" time="0.0"/>
  <testcase name="pathSegmentParams()" classname="org.springframework.http.server.DefaultPathContainerTests" time="0.0"/>
  <system-out><![CDATA[]]></system-out>
  <system-err><![CDATA[]]></system-err>
</testsuite>
