<?xml version="1.0" encoding="UTF-8"?>
<testsuite name="org.springframework.http.client.NoOutputStreamingStreamingSimpleHttpRequestFactoryTests" tests="6" skipped="0" failures="0" errors="0" timestamp="2020-05-29T13:59:29" hostname="bamboo-18" time="0.189">
  <properties/>
  <testcase name="headersAfterExecute()" classname="org.springframework.http.client.NoOutputStreamingStreamingSimpleHttpRequestFactoryTests" time="0.044"/>
  <testcase name="status()" classname="org.springframework.http.client.NoOutputStreamingStreamingSimpleHttpRequestFactoryTests" time="0.024"/>
  <testcase name="echo()" classname="org.springframework.http.client.NoOutputStreamingStreamingSimpleHttpRequestFactoryTests" time="0.041"/>
  <testcase name="multipleWrites()" classname="org.springframework.http.client.NoOutputStreamingStreamingSimpleHttpRequestFactoryTests" time="0.011"/>
  <testcase name="queryParameters()" classname="org.springframework.http.client.NoOutputStreamingStreamingSimpleHttpRequestFactoryTests" time="0.028"/>
  <testcase name="httpMethods()" classname="org.springframework.http.client.NoOutputStreamingStreamingSimpleHttpRequestFactoryTests" time="0.04"/>
  <system-out><![CDATA[]]></system-out>
  <system-err><![CDATA[May 29, 2020 1:59:29 PM okhttp3.mockwebserver.MockWebServer$3 execute
INFO: MockWebServer[45461] starting to accept connections
May 29, 2020 1:59:29 PM okhttp3.mockwebserver.MockWebServer$4 processOneRequest
INFO: MockWebServer[45461] received request: POST /status/ok HTTP/1.1 and responded: HTTP/1.1 200 OK
May 29, 2020 1:59:29 PM okhttp3.mockwebserver.MockWebServer$3 acceptConnections
INFO: MockWebServer[45461] done accepting connections: Socket closed
May 29, 2020 1:59:29 PM okhttp3.mockwebserver.MockWebServer$3 execute
INFO: MockWebServer[41069] starting to accept connections
May 29, 2020 1:59:29 PM okhttp3.mockwebserver.MockWebServer$4 processOneRequest
INFO: MockWebServer[41069] received request: GET /status/notfound HTTP/1.1 and responded: HTTP/1.1 404 Client Error
May 29, 2020 1:59:29 PM okhttp3.mockwebserver.MockWebServer$3 acceptConnections
INFO: MockWebServer[41069] done accepting connections: Socket closed
May 29, 2020 1:59:29 PM okhttp3.mockwebserver.MockWebServer$3 execute
INFO: MockWebServer[58419] starting to accept connections
May 29, 2020 1:59:30 PM okhttp3.mockwebserver.MockWebServer$4 processOneRequest
INFO: MockWebServer[58419] received request: PUT /echo HTTP/1.1 and responded: HTTP/1.1 200 OK
May 29, 2020 1:59:30 PM okhttp3.mockwebserver.MockWebServer$3 acceptConnections
INFO: MockWebServer[58419] done accepting connections: Socket closed
May 29, 2020 1:59:30 PM okhttp3.mockwebserver.MockWebServer$3 execute
INFO: MockWebServer[57953] starting to accept connections
May 29, 2020 1:59:30 PM okhttp3.mockwebserver.MockWebServer$3 acceptConnections
INFO: MockWebServer[57953] done accepting connections: Socket is closed
May 29, 2020 1:59:30 PM okhttp3.mockwebserver.MockWebServer$3 execute
INFO: MockWebServer[37853] starting to accept connections
May 29, 2020 1:59:30 PM okhttp3.mockwebserver.MockWebServer$4 processOneRequest
INFO: MockWebServer[37853] received request: GET /params?param1=value&param2=value1&param2=value2 HTTP/1.1 and responded: HTTP/1.1 200 OK
May 29, 2020 1:59:30 PM okhttp3.mockwebserver.MockWebServer$3 acceptConnections
INFO: MockWebServer[37853] done accepting connections: Socket closed
May 29, 2020 1:59:30 PM okhttp3.mockwebserver.MockWebServer$3 execute
INFO: MockWebServer[50701] starting to accept connections
May 29, 2020 1:59:30 PM okhttp3.mockwebserver.MockWebServer$4 processOneRequest
INFO: MockWebServer[50701] received request: GET /methods/get HTTP/1.1 and responded: HTTP/1.1 200 OK
May 29, 2020 1:59:30 PM okhttp3.mockwebserver.MockWebServer$4 processOneRequest
INFO: MockWebServer[50701] received request: HEAD /methods/head HTTP/1.1 and responded: HTTP/1.1 200 OK
May 29, 2020 1:59:30 PM okhttp3.mockwebserver.MockWebServer$4 processOneRequest
INFO: MockWebServer[50701] received request: POST /methods/post HTTP/1.1 and responded: HTTP/1.1 200 OK
May 29, 2020 1:59:30 PM okhttp3.mockwebserver.MockWebServer$4 processOneRequest
INFO: MockWebServer[50701] received request: PUT /methods/put HTTP/1.1 and responded: HTTP/1.1 200 OK
May 29, 2020 1:59:30 PM okhttp3.mockwebserver.MockWebServer$4 processOneRequest
INFO: MockWebServer[50701] received request: OPTIONS /methods/options HTTP/1.1 and responded: HTTP/1.1 200 OK
May 29, 2020 1:59:30 PM okhttp3.mockwebserver.MockWebServer$4 processOneRequest
INFO: MockWebServer[50701] received request: DELETE /methods/delete HTTP/1.1 and responded: HTTP/1.1 200 OK
May 29, 2020 1:59:30 PM okhttp3.mockwebserver.MockWebServer$3 acceptConnections
INFO: MockWebServer[50701] done accepting connections: Socket closed
]]></system-err>
</testsuite>
