<?xml version="1.0" encoding="UTF-8"?>
<testsuite name="org.springframework.http.client.HttpComponentsClientHttpRequestFactoryTests" tests="11" skipped="0" failures="0" errors="0" timestamp="2020-05-29T13:59:28" hostname="bamboo-18" time="0.448">
  <properties/>
  <testcase name="headersAfterExecute()" classname="org.springframework.http.client.HttpComponentsClientHttpRequestFactoryTests" time="0.038"/>
  <testcase name="status()" classname="org.springframework.http.client.HttpComponentsClientHttpRequestFactoryTests" time="0.032"/>
  <testcase name="echo()" classname="org.springframework.http.client.HttpComponentsClientHttpRequestFactoryTests" time="0.039"/>
  <testcase name="multipleWrites()" classname="org.springframework.http.client.HttpComponentsClientHttpRequestFactoryTests" time="0.022"/>
  <testcase name="queryParameters()" classname="org.springframework.http.client.HttpComponentsClientHttpRequestFactoryTests" time="0.02"/>
  <testcase name="createHttpUriRequest()" classname="org.springframework.http.client.HttpComponentsClientHttpRequestFactoryTests" time="0.017"/>
  <testcase name="mergeBasedOnCurrentHttpClient()" classname="org.springframework.http.client.HttpComponentsClientHttpRequestFactoryTests" time="0.208"/>
  <testcase name="assertCustomConfig()" classname="org.springframework.http.client.HttpComponentsClientHttpRequestFactoryTests" time="0.012"/>
  <testcase name="localSettingsOverrideClientDefaultSettings()" classname="org.springframework.http.client.HttpComponentsClientHttpRequestFactoryTests" time="0.01"/>
  <testcase name="httpMethods()" classname="org.springframework.http.client.HttpComponentsClientHttpRequestFactoryTests" time="0.031"/>
  <testcase name="defaultSettingsOfHttpClientMergedOnExecutorCustomization()" classname="org.springframework.http.client.HttpComponentsClientHttpRequestFactoryTests" time="0.015"/>
  <system-out><![CDATA[]]></system-out>
  <system-err><![CDATA[May 29, 2020 1:59:29 PM okhttp3.mockwebserver.MockWebServer$3 execute
INFO: MockWebServer[50311] starting to accept connections
May 29, 2020 1:59:29 PM okhttp3.mockwebserver.MockWebServer$4 processOneRequest
INFO: MockWebServer[50311] received request: POST /status/ok HTTP/1.1 and responded: HTTP/1.1 200 OK
May 29, 2020 1:59:29 PM okhttp3.mockwebserver.MockWebServer$3 acceptConnections
INFO: MockWebServer[50311] done accepting connections: Socket closed
May 29, 2020 1:59:29 PM okhttp3.mockwebserver.MockWebServer$3 execute
INFO: MockWebServer[51247] starting to accept connections
May 29, 2020 1:59:29 PM okhttp3.mockwebserver.MockWebServer$4 processOneRequest
INFO: MockWebServer[51247] received request: GET /status/notfound HTTP/1.1 and responded: HTTP/1.1 404 Client Error
May 29, 2020 1:59:29 PM okhttp3.mockwebserver.MockWebServer$3 acceptConnections
INFO: MockWebServer[51247] done accepting connections: Socket closed
May 29, 2020 1:59:29 PM okhttp3.mockwebserver.MockWebServer$3 execute
INFO: MockWebServer[36841] starting to accept connections
May 29, 2020 1:59:29 PM okhttp3.mockwebserver.MockWebServer$4 processOneRequest
INFO: MockWebServer[36841] received request: PUT /echo HTTP/1.1 and responded: HTTP/1.1 200 OK
May 29, 2020 1:59:29 PM okhttp3.mockwebserver.MockWebServer$3 acceptConnections
INFO: MockWebServer[36841] done accepting connections: Socket closed
May 29, 2020 1:59:29 PM okhttp3.mockwebserver.MockWebServer$3 execute
INFO: MockWebServer[38957] starting to accept connections
May 29, 2020 1:59:29 PM okhttp3.mockwebserver.MockWebServer$4 processOneRequest
INFO: MockWebServer[38957] received request: POST /echo HTTP/1.1 and responded: HTTP/1.1 200 OK
May 29, 2020 1:59:29 PM okhttp3.mockwebserver.MockWebServer$3 acceptConnections
INFO: MockWebServer[38957] done accepting connections: Socket closed
May 29, 2020 1:59:29 PM okhttp3.mockwebserver.MockWebServer$3 execute
INFO: MockWebServer[52775] starting to accept connections
May 29, 2020 1:59:29 PM okhttp3.mockwebserver.MockWebServer$4 processOneRequest
INFO: MockWebServer[52775] received request: GET /params?param1=value&param2=value1&param2=value2 HTTP/1.1 and responded: HTTP/1.1 200 OK
May 29, 2020 1:59:29 PM okhttp3.mockwebserver.MockWebServer$3 acceptConnections
INFO: MockWebServer[52775] done accepting connections: Socket closed
May 29, 2020 1:59:29 PM okhttp3.mockwebserver.MockWebServer$3 execute
INFO: MockWebServer[58697] starting to accept connections
May 29, 2020 1:59:29 PM okhttp3.mockwebserver.MockWebServer$3 acceptConnections
INFO: MockWebServer[58697] done accepting connections: Socket is closed
May 29, 2020 1:59:29 PM okhttp3.mockwebserver.MockWebServer$3 execute
INFO: MockWebServer[60781] starting to accept connections
May 29, 2020 1:59:29 PM okhttp3.mockwebserver.MockWebServer$3 acceptConnections
INFO: MockWebServer[60781] done accepting connections: Socket closed
May 29, 2020 1:59:29 PM okhttp3.mockwebserver.MockWebServer$3 execute
INFO: MockWebServer[33953] starting to accept connections
May 29, 2020 1:59:29 PM okhttp3.mockwebserver.MockWebServer$3 acceptConnections
INFO: MockWebServer[33953] done accepting connections: Socket closed
May 29, 2020 1:59:29 PM okhttp3.mockwebserver.MockWebServer$3 execute
INFO: MockWebServer[33993] starting to accept connections
May 29, 2020 1:59:29 PM okhttp3.mockwebserver.MockWebServer$3 acceptConnections
INFO: MockWebServer[33993] done accepting connections: Socket is closed
May 29, 2020 1:59:29 PM okhttp3.mockwebserver.MockWebServer$3 execute
INFO: MockWebServer[37425] starting to accept connections
May 29, 2020 1:59:29 PM okhttp3.mockwebserver.MockWebServer$4 processOneRequest
INFO: MockWebServer[37425] received request: GET /methods/get HTTP/1.1 and responded: HTTP/1.1 200 OK
May 29, 2020 1:59:29 PM okhttp3.mockwebserver.MockWebServer$4 processOneRequest
INFO: MockWebServer[37425] received request: HEAD /methods/head HTTP/1.1 and responded: HTTP/1.1 200 OK
May 29, 2020 1:59:29 PM okhttp3.mockwebserver.MockWebServer$4 processOneRequest
INFO: MockWebServer[37425] received request: POST /methods/post HTTP/1.1 and responded: HTTP/1.1 200 OK
May 29, 2020 1:59:29 PM okhttp3.mockwebserver.MockWebServer$4 processOneRequest
INFO: MockWebServer[37425] received request: PUT /methods/put HTTP/1.1 and responded: HTTP/1.1 200 OK
May 29, 2020 1:59:29 PM okhttp3.mockwebserver.MockWebServer$4 processOneRequest
INFO: MockWebServer[37425] received request: OPTIONS /methods/options HTTP/1.1 and responded: HTTP/1.1 200 OK
May 29, 2020 1:59:29 PM okhttp3.mockwebserver.MockWebServer$4 processOneRequest
INFO: MockWebServer[37425] received request: DELETE /methods/delete HTTP/1.1 and responded: HTTP/1.1 200 OK
May 29, 2020 1:59:29 PM okhttp3.mockwebserver.MockWebServer$4 processOneRequest
INFO: MockWebServer[37425] received request: PATCH /methods/patch HTTP/1.1 and responded: HTTP/1.1 200 OK
May 29, 2020 1:59:29 PM okhttp3.mockwebserver.MockWebServer$3 acceptConnections
INFO: MockWebServer[37425] done accepting connections: Socket closed
May 29, 2020 1:59:29 PM okhttp3.mockwebserver.MockWebServer$3 execute
INFO: MockWebServer[44507] starting to accept connections
May 29, 2020 1:59:29 PM okhttp3.mockwebserver.MockWebServer$3 acceptConnections
INFO: MockWebServer[44507] done accepting connections: Socket is closed
]]></system-err>
</testsuite>
