<?xml version="1.0" encoding="UTF-8"?>
<testsuite name="org.springframework.web.bind.support.WebExchangeDataBinderTests" tests="10" skipped="0" failures="0" errors="0" timestamp="2021-06-20T08:11:36" hostname="gankangdembp" time="0.559">
  <properties/>
  <testcase name="testFieldDefault()" classname="org.springframework.web.bind.support.WebExchangeDataBinderTests" time="0.058"/>
  <testcase name="testFieldPrefixCausesFieldReset()" classname="org.springframework.web.bind.support.WebExchangeDataBinderTests" time="0.023"/>
  <testcase name="testBindingWithNestedObjectCreation()" classname="org.springframework.web.bind.support.WebExchangeDataBinderTests" time="0.005"/>
  <testcase name="testFieldDefaultPreemptsFieldMarker()" classname="org.springframework.web.bind.support.WebExchangeDataBinderTests" time="0.027"/>
  <testcase name="testMultipart()" classname="org.springframework.web.bind.support.WebExchangeDataBinderTests" time="0.392"/>
  <testcase name="testFieldDefaultNonBoolean()" classname="org.springframework.web.bind.support.WebExchangeDataBinderTests" time="0.007"/>
  <testcase name="testBindingWithQueryParams()" classname="org.springframework.web.bind.support.WebExchangeDataBinderTests" time="0.001"/>
  <testcase name="testFieldPrefixCausesFieldResetWithIgnoreUnknownFields()" classname="org.springframework.web.bind.support.WebExchangeDataBinderTests" time="0.009"/>
  <testcase name="testWithCommaSeparatedStringArray()" classname="org.springframework.web.bind.support.WebExchangeDataBinderTests" time="0.028"/>
  <testcase name="testBindingWithNestedObjectCreationAndWrongOrder()" classname="org.springframework.web.bind.support.WebExchangeDataBinderTests" time="0.004"/>
  <system-out><![CDATA[]]></system-out>
  <system-err><![CDATA[]]></system-err>
</testsuite>
