<?xml version="1.0" encoding="UTF-8"?>
<testsuite name="org.springframework.http.client.BufferingClientHttpRequestFactoryTests" tests="7" skipped="0" failures="0" errors="0" timestamp="2020-05-29T13:59:28" hostname="bamboo-18" time="0.25">
  <properties/>
  <testcase name="headersAfterExecute()" classname="org.springframework.http.client.BufferingClientHttpRequestFactoryTests" time="0.033"/>
  <testcase name="status()" classname="org.springframework.http.client.BufferingClientHttpRequestFactoryTests" time="0.033"/>
  <testcase name="echo()" classname="org.springframework.http.client.BufferingClientHttpRequestFactoryTests" time="0.028"/>
  <testcase name="multipleWrites()" classname="org.springframework.http.client.BufferingClientHttpRequestFactoryTests" time="0.031"/>
  <testcase name="queryParameters()" classname="org.springframework.http.client.BufferingClientHttpRequestFactoryTests" time="0.041"/>
  <testcase name="httpMethods()" classname="org.springframework.http.client.BufferingClientHttpRequestFactoryTests" time="0.052"/>
  <testcase name="repeatableRead()" classname="org.springframework.http.client.BufferingClientHttpRequestFactoryTests" time="0.03"/>
  <system-out><![CDATA[]]></system-out>
  <system-err><![CDATA[May 29, 2020 1:59:28 PM okhttp3.mockwebserver.MockWebServer$3 execute
INFO: MockWebServer[52217] starting to accept connections
May 29, 2020 1:59:28 PM okhttp3.mockwebserver.MockWebServer$4 processOneRequest
INFO: MockWebServer[52217] received request: POST /status/ok HTTP/1.1 and responded: HTTP/1.1 200 OK
May 29, 2020 1:59:28 PM okhttp3.mockwebserver.MockWebServer$3 acceptConnections
INFO: MockWebServer[52217] done accepting connections: Socket closed
May 29, 2020 1:59:28 PM okhttp3.mockwebserver.MockWebServer$3 execute
INFO: MockWebServer[46291] starting to accept connections
May 29, 2020 1:59:28 PM okhttp3.mockwebserver.MockWebServer$4 processOneRequest
INFO: MockWebServer[46291] received request: GET /status/notfound HTTP/1.1 and responded: HTTP/1.1 404 Client Error
May 29, 2020 1:59:28 PM okhttp3.mockwebserver.MockWebServer$3 acceptConnections
INFO: MockWebServer[46291] done accepting connections: Socket closed
May 29, 2020 1:59:28 PM okhttp3.mockwebserver.MockWebServer$3 execute
INFO: MockWebServer[52385] starting to accept connections
May 29, 2020 1:59:28 PM okhttp3.mockwebserver.MockWebServer$4 processOneRequest
INFO: MockWebServer[52385] received request: PUT /echo HTTP/1.1 and responded: HTTP/1.1 200 OK
May 29, 2020 1:59:28 PM okhttp3.mockwebserver.MockWebServer$3 acceptConnections
INFO: MockWebServer[52385] done accepting connections: Socket closed
May 29, 2020 1:59:28 PM okhttp3.mockwebserver.MockWebServer$3 execute
INFO: MockWebServer[38181] starting to accept connections
May 29, 2020 1:59:28 PM okhttp3.mockwebserver.MockWebServer$4 processOneRequest
INFO: MockWebServer[38181] received request: POST /echo HTTP/1.1 and responded: HTTP/1.1 200 OK
May 29, 2020 1:59:28 PM okhttp3.mockwebserver.MockWebServer$3 acceptConnections
INFO: MockWebServer[38181] done accepting connections: Socket closed
May 29, 2020 1:59:28 PM okhttp3.mockwebserver.MockWebServer$3 execute
INFO: MockWebServer[34345] starting to accept connections
May 29, 2020 1:59:28 PM okhttp3.mockwebserver.MockWebServer$4 processOneRequest
INFO: MockWebServer[34345] received request: GET /params?param1=value&param2=value1&param2=value2 HTTP/1.1 and responded: HTTP/1.1 200 OK
May 29, 2020 1:59:28 PM okhttp3.mockwebserver.MockWebServer$3 acceptConnections
INFO: MockWebServer[34345] done accepting connections: Socket closed
May 29, 2020 1:59:28 PM okhttp3.mockwebserver.MockWebServer$3 execute
INFO: MockWebServer[58869] starting to accept connections
May 29, 2020 1:59:28 PM okhttp3.mockwebserver.MockWebServer$4 processOneRequest
INFO: MockWebServer[58869] received request: GET /methods/get HTTP/1.1 and responded: HTTP/1.1 200 OK
May 29, 2020 1:59:28 PM okhttp3.mockwebserver.MockWebServer$4 processOneRequest
INFO: MockWebServer[58869] received request: HEAD /methods/head HTTP/1.1 and responded: HTTP/1.1 200 OK
May 29, 2020 1:59:28 PM okhttp3.mockwebserver.MockWebServer$4 processOneRequest
INFO: MockWebServer[58869] received request: POST /methods/post HTTP/1.1 and responded: HTTP/1.1 200 OK
May 29, 2020 1:59:28 PM okhttp3.mockwebserver.MockWebServer$4 processOneRequest
INFO: MockWebServer[58869] received request: PUT /methods/put HTTP/1.1 and responded: HTTP/1.1 200 OK
May 29, 2020 1:59:28 PM okhttp3.mockwebserver.MockWebServer$4 processOneRequest
INFO: MockWebServer[58869] received request: OPTIONS /methods/options HTTP/1.1 and responded: HTTP/1.1 200 OK
May 29, 2020 1:59:28 PM okhttp3.mockwebserver.MockWebServer$4 processOneRequest
INFO: MockWebServer[58869] received request: DELETE /methods/delete HTTP/1.1 and responded: HTTP/1.1 200 OK
May 29, 2020 1:59:28 PM okhttp3.mockwebserver.MockWebServer$3 acceptConnections
INFO: MockWebServer[58869] done accepting connections: Socket closed
May 29, 2020 1:59:28 PM okhttp3.mockwebserver.MockWebServer$3 execute
INFO: MockWebServer[44249] starting to accept connections
May 29, 2020 1:59:28 PM okhttp3.mockwebserver.MockWebServer$4 processOneRequest
INFO: MockWebServer[44249] received request: PUT /echo HTTP/1.1 and responded: HTTP/1.1 200 OK
May 29, 2020 1:59:28 PM okhttp3.mockwebserver.MockWebServer$3 acceptConnections
INFO: MockWebServer[44249] done accepting connections: Socket closed
]]></system-err>
</testsuite>
