<?xml version="1.0" encoding="UTF-8"?>
<testsuite name="org.springframework.http.converter.protobuf.ProtobufHttpMessageConverterTests" tests="12" skipped="0" failures="0" errors="0" timestamp="2021-06-20T08:11:59" hostname="gankangdembp" time="0.649">
  <properties/>
  <testcase name="getContentLength()" classname="org.springframework.http.converter.protobuf.ProtobufHttpMessageConverterTests" time="0.261"/>
  <testcase name="writeJsonWithGoogleProtobuf()" classname="org.springframework.http.converter.protobuf.ProtobufHttpMessageConverterTests" time="0.362"/>
  <testcase name="writeJsonWithJavaFormat()" classname="org.springframework.http.converter.protobuf.ProtobufHttpMessageConverterTests" time="0.011"/>
  <testcase name="canWrite()" classname="org.springframework.http.converter.protobuf.ProtobufHttpMessageConverterTests" time="0.001"/>
  <testcase name="read()" classname="org.springframework.http.converter.protobuf.ProtobufHttpMessageConverterTests" time="0.0"/>
  <testcase name="canRead()" classname="org.springframework.http.converter.protobuf.ProtobufHttpMessageConverterTests" time="0.0"/>
  <testcase name="defaultContentType()" classname="org.springframework.http.converter.protobuf.ProtobufHttpMessageConverterTests" time="0.001"/>
  <testcase name="extensionRegistryInitialized()" classname="org.springframework.http.converter.protobuf.ProtobufHttpMessageConverterTests" time="0.0"/>
  <testcase name="extensionRegistryNull()" classname="org.springframework.http.converter.protobuf.ProtobufHttpMessageConverterTests" time="0.001"/>
  <testcase name="extensionRegistryInitializerNull()" classname="org.springframework.http.converter.protobuf.ProtobufHttpMessageConverterTests" time="0.0"/>
  <testcase name="writeProtobuf()" classname="org.springframework.http.converter.protobuf.ProtobufHttpMessageConverterTests" time="0.006"/>
  <testcase name="readNoContentType()" classname="org.springframework.http.converter.protobuf.ProtobufHttpMessageConverterTests" time="0.002"/>
  <system-out><![CDATA[]]></system-out>
  <system-err><![CDATA[]]></system-err>
</testsuite>
