<?xml version="1.0" encoding="UTF-8"?>
<testsuite name="org.springframework.http.client.OkHttp3AsyncClientHttpRequestFactoryTests" tests="7" skipped="0" failures="0" errors="0" timestamp="2020-05-29T13:59:19" hostname="bamboo-18" time="0.389">
  <properties/>
  <testcase name="cancel()" classname="org.springframework.http.client.OkHttp3AsyncClientHttpRequestFactoryTests" time="0.042"/>
  <testcase name="headersAfterExecute()" classname="org.springframework.http.client.OkHttp3AsyncClientHttpRequestFactoryTests" time="0.076"/>
  <testcase name="status()" classname="org.springframework.http.client.OkHttp3AsyncClientHttpRequestFactoryTests" time="0.058"/>
  <testcase name="echo()" classname="org.springframework.http.client.OkHttp3AsyncClientHttpRequestFactoryTests" time="0.047"/>
  <testcase name="statusCallback()" classname="org.springframework.http.client.OkHttp3AsyncClientHttpRequestFactoryTests" time="0.042"/>
  <testcase name="multipleWrites()" classname="org.springframework.http.client.OkHttp3AsyncClientHttpRequestFactoryTests" time="0.054"/>
  <testcase name="httpMethods()" classname="org.springframework.http.client.OkHttp3AsyncClientHttpRequestFactoryTests" time="0.069"/>
  <system-out><![CDATA[]]></system-out>
  <system-err><![CDATA[May 29, 2020 1:59:19 PM okhttp3.mockwebserver.MockWebServer$3 execute
INFO: MockWebServer[49701] starting to accept connections
May 29, 2020 1:59:19 PM okhttp3.mockwebserver.MockWebServer$3 acceptConnections
INFO: MockWebServer[49701] done accepting connections: Socket closed
May 29, 2020 1:59:19 PM okhttp3.mockwebserver.MockWebServer$3 execute
INFO: MockWebServer[41463] starting to accept connections
May 29, 2020 1:59:19 PM okhttp3.mockwebserver.MockWebServer$4 processOneRequest
INFO: MockWebServer[41463] received request: POST /echo HTTP/1.1 and responded: HTTP/1.1 200 OK
May 29, 2020 1:59:19 PM okhttp3.mockwebserver.MockWebServer$3 acceptConnections
INFO: MockWebServer[41463] done accepting connections: Socket closed
May 29, 2020 1:59:19 PM okhttp3.mockwebserver.MockWebServer$3 execute
INFO: MockWebServer[42257] starting to accept connections
May 29, 2020 1:59:19 PM okhttp3.mockwebserver.MockWebServer$4 processOneRequest
INFO: MockWebServer[42257] received request: GET /status/notfound HTTP/1.1 and responded: HTTP/1.1 404 Client Error
May 29, 2020 1:59:19 PM okhttp3.mockwebserver.MockWebServer$3 acceptConnections
INFO: MockWebServer[42257] done accepting connections: Socket closed
May 29, 2020 1:59:19 PM okhttp3.mockwebserver.MockWebServer$3 execute
INFO: MockWebServer[53921] starting to accept connections
May 29, 2020 1:59:19 PM okhttp3.mockwebserver.MockWebServer$4 processOneRequest
INFO: MockWebServer[53921] received request: PUT /echo HTTP/1.1 and responded: HTTP/1.1 200 OK
May 29, 2020 1:59:19 PM okhttp3.mockwebserver.MockWebServer$3 acceptConnections
INFO: MockWebServer[53921] done accepting connections: Socket closed
May 29, 2020 1:59:19 PM okhttp3.mockwebserver.MockWebServer$3 execute
INFO: MockWebServer[34001] starting to accept connections
May 29, 2020 1:59:19 PM okhttp3.mockwebserver.MockWebServer$4 processOneRequest
INFO: MockWebServer[34001] received request: GET /status/notfound HTTP/1.1 and responded: HTTP/1.1 404 Client Error
May 29, 2020 1:59:19 PM okhttp3.mockwebserver.MockWebServer$3 acceptConnections
INFO: MockWebServer[34001] done accepting connections: Socket closed
May 29, 2020 1:59:19 PM okhttp3.mockwebserver.MockWebServer$3 execute
INFO: MockWebServer[50741] starting to accept connections
May 29, 2020 1:59:19 PM okhttp3.mockwebserver.MockWebServer$4 processOneRequest
INFO: MockWebServer[50741] received request: POST /echo HTTP/1.1 and responded: HTTP/1.1 200 OK
May 29, 2020 1:59:19 PM okhttp3.mockwebserver.MockWebServer$3 acceptConnections
INFO: MockWebServer[50741] done accepting connections: Socket closed
May 29, 2020 1:59:19 PM okhttp3.mockwebserver.MockWebServer$3 execute
INFO: MockWebServer[48637] starting to accept connections
May 29, 2020 1:59:19 PM okhttp3.mockwebserver.MockWebServer$4 processOneRequest
INFO: MockWebServer[48637] received request: GET /methods/get HTTP/1.1 and responded: HTTP/1.1 200 OK
May 29, 2020 1:59:19 PM okhttp3.mockwebserver.MockWebServer$4 processOneRequest
INFO: MockWebServer[48637] received request: HEAD /methods/head HTTP/1.1 and responded: HTTP/1.1 200 OK
May 29, 2020 1:59:19 PM okhttp3.mockwebserver.MockWebServer$4 processOneRequest
INFO: MockWebServer[48637] received request: POST /methods/post HTTP/1.1 and responded: HTTP/1.1 200 OK
May 29, 2020 1:59:19 PM okhttp3.mockwebserver.MockWebServer$4 processOneRequest
INFO: MockWebServer[48637] received request: PUT /methods/put HTTP/1.1 and responded: HTTP/1.1 200 OK
May 29, 2020 1:59:19 PM okhttp3.mockwebserver.MockWebServer$4 processOneRequest
INFO: MockWebServer[48637] received request: OPTIONS /methods/options HTTP/1.1 and responded: HTTP/1.1 200 OK
May 29, 2020 1:59:19 PM okhttp3.mockwebserver.MockWebServer$4 processOneRequest
INFO: MockWebServer[48637] received request: DELETE /methods/delete HTTP/1.1 and responded: HTTP/1.1 200 OK
May 29, 2020 1:59:19 PM okhttp3.mockwebserver.MockWebServer$4 processOneRequest
INFO: MockWebServer[48637] received request: PATCH /methods/patch HTTP/1.1 and responded: HTTP/1.1 200 OK
May 29, 2020 1:59:19 PM okhttp3.mockwebserver.MockWebServer$3 acceptConnections
INFO: MockWebServer[48637] done accepting connections: Socket closed
]]></system-err>
</testsuite>
