<?xml version="1.0" encoding="UTF-8"?>
<testsuite name="org.springframework.http.client.SimpleClientHttpRequestFactoryTests" tests="1" skipped="0" failures="0" errors="0" timestamp="2020-05-29T13:59:29" hostname="bamboo-18" time="0.239">
  <properties/>
  <testcase name="headerWithNullValue()" classname="org.springframework.http.client.SimpleClientHttpRequestFactoryTests" time="0.239"/>
  <system-out><![CDATA[]]></system-out>
  <system-err><![CDATA[]]></system-err>
</testsuite>
