<?xml version="1.0" encoding="UTF-8"?>
<testsuite name="org.springframework.web.method.annotation.ExceptionHandlerMethodResolverTests" tests="8" skipped="0" failures="0" errors="0" timestamp="2021-06-20T08:11:44" hostname="gankangdembp" time="0.016">
  <properties/>
  <testcase name="resolveMethodFromAnnotation()" classname="org.springframework.web.method.annotation.ExceptionHandlerMethodResolverTests" time="0.01"/>
  <testcase name="resolveMethodInherited()" classname="org.springframework.web.method.annotation.ExceptionHandlerMethodResolverTests" time="0.001"/>
  <testcase name="resolveMethodFromArgument()" classname="org.springframework.web.method.annotation.ExceptionHandlerMethodResolverTests" time="0.0"/>
  <testcase name="ambiguousExceptionMapping()" classname="org.springframework.web.method.annotation.ExceptionHandlerMethodResolverTests" time="0.001"/>
  <testcase name="resolveMethodExceptionSubType()" classname="org.springframework.web.method.annotation.ExceptionHandlerMethodResolverTests" time="0.0"/>
  <testcase name="resolveMethodBestMatch()" classname="org.springframework.web.method.annotation.ExceptionHandlerMethodResolverTests" time="0.0"/>
  <testcase name="noExceptionMapping()" classname="org.springframework.web.method.annotation.ExceptionHandlerMethodResolverTests" time="0.001"/>
  <testcase name="resolveMethodNoMatch()" classname="org.springframework.web.method.annotation.ExceptionHandlerMethodResolverTests" time="0.001"/>
  <system-out><![CDATA[]]></system-out>
  <system-err><![CDATA[]]></system-err>
</testsuite>
