<?xml version="1.0" encoding="UTF-8"?>
<testsuite name="org.springframework.http.client.HttpComponentsClientHttpRequestFactoryTests" tests="11" skipped="0" failures="0" errors="0" timestamp="2021-06-20T08:12:41" hostname="gankangdembp" time="0.057">
  <properties/>
  <testcase name="headersAfterExecute()" classname="org.springframework.http.client.HttpComponentsClientHttpRequestFactoryTests" time="0.005"/>
  <testcase name="status()" classname="org.springframework.http.client.HttpComponentsClientHttpRequestFactoryTests" time="0.005"/>
  <testcase name="echo()" classname="org.springframework.http.client.HttpComponentsClientHttpRequestFactoryTests" time="0.006"/>
  <testcase name="multipleWrites()" classname="org.springframework.http.client.HttpComponentsClientHttpRequestFactoryTests" time="0.005"/>
  <testcase name="queryParameters()" classname="org.springframework.http.client.HttpComponentsClientHttpRequestFactoryTests" time="0.005"/>
  <testcase name="createHttpUriRequest()" classname="org.springframework.http.client.HttpComponentsClientHttpRequestFactoryTests" time="0.003"/>
  <testcase name="mergeBasedOnCurrentHttpClient()" classname="org.springframework.http.client.HttpComponentsClientHttpRequestFactoryTests" time="0.004"/>
  <testcase name="assertCustomConfig()" classname="org.springframework.http.client.HttpComponentsClientHttpRequestFactoryTests" time="0.004"/>
  <testcase name="localSettingsOverrideClientDefaultSettings()" classname="org.springframework.http.client.HttpComponentsClientHttpRequestFactoryTests" time="0.002"/>
  <testcase name="httpMethods()" classname="org.springframework.http.client.HttpComponentsClientHttpRequestFactoryTests" time="0.014"/>
  <testcase name="defaultSettingsOfHttpClientMergedOnExecutorCustomization()" classname="org.springframework.http.client.HttpComponentsClientHttpRequestFactoryTests" time="0.003"/>
  <system-out><![CDATA[]]></system-out>
  <system-err><![CDATA[Jun 20, 2021 4:12:41 PM okhttp3.mockwebserver.MockWebServer$3 execute
INFO: MockWebServer[56600] starting to accept connections
Jun 20, 2021 4:12:41 PM okhttp3.mockwebserver.MockWebServer$4 processOneRequest
INFO: MockWebServer[56600] received request: POST /status/ok HTTP/1.1 and responded: HTTP/1.1 200 OK
Jun 20, 2021 4:12:41 PM okhttp3.mockwebserver.MockWebServer$3 acceptConnections
INFO: MockWebServer[56600] done accepting connections: Socket closed
Jun 20, 2021 4:12:41 PM okhttp3.mockwebserver.MockWebServer$3 execute
INFO: MockWebServer[56602] starting to accept connections
Jun 20, 2021 4:12:41 PM okhttp3.mockwebserver.MockWebServer$4 processOneRequest
INFO: MockWebServer[56602] received request: GET /status/notfound HTTP/1.1 and responded: HTTP/1.1 404 Client Error
Jun 20, 2021 4:12:41 PM okhttp3.mockwebserver.MockWebServer$3 acceptConnections
INFO: MockWebServer[56602] done accepting connections: Socket closed
Jun 20, 2021 4:12:41 PM okhttp3.mockwebserver.MockWebServer$3 execute
INFO: MockWebServer[56604] starting to accept connections
Jun 20, 2021 4:12:41 PM okhttp3.mockwebserver.MockWebServer$4 processOneRequest
INFO: MockWebServer[56604] received request: PUT /echo HTTP/1.1 and responded: HTTP/1.1 200 OK
Jun 20, 2021 4:12:41 PM okhttp3.mockwebserver.MockWebServer$3 acceptConnections
INFO: MockWebServer[56604] done accepting connections: Socket closed
Jun 20, 2021 4:12:41 PM okhttp3.mockwebserver.MockWebServer$3 execute
INFO: MockWebServer[56606] starting to accept connections
Jun 20, 2021 4:12:41 PM okhttp3.mockwebserver.MockWebServer$4 processOneRequest
INFO: MockWebServer[56606] received request: POST /echo HTTP/1.1 and responded: HTTP/1.1 200 OK
Jun 20, 2021 4:12:41 PM okhttp3.mockwebserver.MockWebServer$3 acceptConnections
INFO: MockWebServer[56606] done accepting connections: Socket closed
Jun 20, 2021 4:12:41 PM okhttp3.mockwebserver.MockWebServer$3 execute
INFO: MockWebServer[56608] starting to accept connections
Jun 20, 2021 4:12:41 PM okhttp3.mockwebserver.MockWebServer$4 processOneRequest
INFO: MockWebServer[56608] received request: GET /params?param1=value&param2=value1&param2=value2 HTTP/1.1 and responded: HTTP/1.1 200 OK
Jun 20, 2021 4:12:41 PM okhttp3.mockwebserver.MockWebServer$3 acceptConnections
INFO: MockWebServer[56608] done accepting connections: Socket closed
Jun 20, 2021 4:12:41 PM okhttp3.mockwebserver.MockWebServer$3 execute
INFO: MockWebServer[56610] starting to accept connections
Jun 20, 2021 4:12:41 PM okhttp3.mockwebserver.MockWebServer$3 acceptConnections
INFO: MockWebServer[56610] done accepting connections: Socket closed
Jun 20, 2021 4:12:41 PM okhttp3.mockwebserver.MockWebServer$3 execute
INFO: MockWebServer[56611] starting to accept connections
Jun 20, 2021 4:12:41 PM okhttp3.mockwebserver.MockWebServer$3 acceptConnections
INFO: MockWebServer[56611] done accepting connections: Socket closed
Jun 20, 2021 4:12:41 PM okhttp3.mockwebserver.MockWebServer$3 execute
INFO: MockWebServer[56612] starting to accept connections
Jun 20, 2021 4:12:41 PM okhttp3.mockwebserver.MockWebServer$3 acceptConnections
INFO: MockWebServer[56612] done accepting connections: Socket closed
Jun 20, 2021 4:12:41 PM okhttp3.mockwebserver.MockWebServer$3 execute
INFO: MockWebServer[56613] starting to accept connections
Jun 20, 2021 4:12:41 PM okhttp3.mockwebserver.MockWebServer$3 acceptConnections
INFO: MockWebServer[56613] done accepting connections: Socket closed
Jun 20, 2021 4:12:41 PM okhttp3.mockwebserver.MockWebServer$3 execute
INFO: MockWebServer[56614] starting to accept connections
Jun 20, 2021 4:12:41 PM okhttp3.mockwebserver.MockWebServer$4 processOneRequest
INFO: MockWebServer[56614] received request: GET /methods/get HTTP/1.1 and responded: HTTP/1.1 200 OK
Jun 20, 2021 4:12:41 PM okhttp3.mockwebserver.MockWebServer$4 processOneRequest
INFO: MockWebServer[56614] received request: HEAD /methods/head HTTP/1.1 and responded: HTTP/1.1 200 OK
Jun 20, 2021 4:12:41 PM okhttp3.mockwebserver.MockWebServer$4 processOneRequest
INFO: MockWebServer[56614] received request: POST /methods/post HTTP/1.1 and responded: HTTP/1.1 200 OK
Jun 20, 2021 4:12:41 PM okhttp3.mockwebserver.MockWebServer$4 processOneRequest
INFO: MockWebServer[56614] received request: PUT /methods/put HTTP/1.1 and responded: HTTP/1.1 200 OK
Jun 20, 2021 4:12:41 PM okhttp3.mockwebserver.MockWebServer$4 processOneRequest
INFO: MockWebServer[56614] received request: OPTIONS /methods/options HTTP/1.1 and responded: HTTP/1.1 200 OK
Jun 20, 2021 4:12:41 PM okhttp3.mockwebserver.MockWebServer$4 processOneRequest
INFO: MockWebServer[56614] received request: DELETE /methods/delete HTTP/1.1 and responded: HTTP/1.1 200 OK
Jun 20, 2021 4:12:41 PM okhttp3.mockwebserver.MockWebServer$4 processOneRequest
INFO: MockWebServer[56614] received request: PATCH /methods/patch HTTP/1.1 and responded: HTTP/1.1 200 OK
Jun 20, 2021 4:12:41 PM okhttp3.mockwebserver.MockWebServer$3 acceptConnections
INFO: MockWebServer[56614] done accepting connections: Socket closed
Jun 20, 2021 4:12:41 PM okhttp3.mockwebserver.MockWebServer$3 execute
INFO: MockWebServer[56616] starting to accept connections
Jun 20, 2021 4:12:41 PM okhttp3.mockwebserver.MockWebServer$3 acceptConnections
INFO: MockWebServer[56616] done accepting connections: Socket closed
]]></system-err>
</testsuite>
