<?xml version="1.0" encoding="UTF-8"?>
<testsuite name="org.springframework.web.util.HtmlUtilsTests" tests="5" skipped="0" failures="0" errors="0" timestamp="2021-06-20T08:11:17" hostname="gankangdembp" time="0.022">
  <properties/>
  <testcase name="testDecodeFromHtmlCharacterSet()" classname="org.springframework.web.util.HtmlUtilsTests" time="0.016"/>
  <testcase name="testEncodeIntoHtmlCharacterSetFromUtf8()" classname="org.springframework.web.util.HtmlUtilsTests" time="0.001"/>
  <testcase name="testHtmlEscape()" classname="org.springframework.web.util.HtmlUtilsTests" time="0.0"/>
  <testcase name="testHtmlUnescape()" classname="org.springframework.web.util.HtmlUtilsTests" time="0.001"/>
  <testcase name="testEncodeIntoHtmlCharacterSet()" classname="org.springframework.web.util.HtmlUtilsTests" time="0.001"/>
  <system-out><![CDATA[]]></system-out>
  <system-err><![CDATA[]]></system-err>
</testsuite>
