<?xml version="1.0" encoding="UTF-8"?>
<testsuite name="org.springframework.web.cors.reactive.UrlBasedCorsConfigurationSourceTests" tests="2" skipped="0" failures="0" errors="0" timestamp="2021-06-20T08:11:34" hostname="gankangdembp" time="0.003">
  <properties/>
  <testcase name="registerAndMatch()" classname="org.springframework.web.cors.reactive.UrlBasedCorsConfigurationSourceTests" time="0.002"/>
  <testcase name="empty()" classname="org.springframework.web.cors.reactive.UrlBasedCorsConfigurationSourceTests" time="0.001"/>
  <system-out><![CDATA[]]></system-out>
  <system-err><![CDATA[]]></system-err>
</testsuite>
