<?xml version="1.0" encoding="UTF-8"?>
<testsuite name="org.springframework.web.context.request.RequestScopeTests" tests="6" skipped="0" failures="0" errors="0" timestamp="2021-06-20T08:11:12" hostname="gankangdembp" time="0.924">
  <properties/>
  <testcase name="destructionAtRequestCompletion()" classname="org.springframework.web.context.request.RequestScopeTests" time="0.45"/>
  <testcase name="circleLeadsToException()" classname="org.springframework.web.context.request.RequestScopeTests" time="0.14"/>
  <testcase name="requestScopedInnerBeanDestroyedWhileContainedBySingleton()" classname="org.springframework.web.context.request.RequestScopeTests" time="0.08"/>
  <testcase name="innerBeanInheritsContainingBeanScopeByDefault()" classname="org.springframework.web.context.request.RequestScopeTests" time="0.093"/>
  <testcase name="getFromScope()" classname="org.springframework.web.context.request.RequestScopeTests" time="0.067"/>
  <testcase name="getFromFactoryBeanInScope()" classname="org.springframework.web.context.request.RequestScopeTests" time="0.091"/>
  <system-out><![CDATA[]]></system-out>
  <system-err><![CDATA[]]></system-err>
</testsuite>
