<?xml version="1.0" encoding="UTF-8"?>
<testsuite name="org.springframework.web.method.annotation.ExpressionValueMethodArgumentResolverTests" tests="3" skipped="0" failures="0" errors="0" timestamp="2020-05-29T14:00:12" hostname="bamboo-18" time="0.005">
  <properties/>
  <testcase name="resolveSystemProperty()" classname="org.springframework.web.method.annotation.ExpressionValueMethodArgumentResolverTests" time="0.003"/>
  <testcase name="resolveContextPath()" classname="org.springframework.web.method.annotation.ExpressionValueMethodArgumentResolverTests" time="0.001"/>
  <testcase name="supportsParameter()" classname="org.springframework.web.method.annotation.ExpressionValueMethodArgumentResolverTests" time="0.001"/>
  <system-out><![CDATA[14:00:12.853 [Test worker] DEBUG o.s.w.c.s.GenericWebApplicationContext - Refreshing org.springframework.web.context.support.GenericWebApplicationContext@76b2d5e
14:00:12.856 [Test worker] DEBUG o.s.w.c.s.GenericWebApplicationContext - Refreshing org.springframework.web.context.support.GenericWebApplicationContext@6263d863
14:00:12.857 [Test worker] DEBUG o.s.w.c.s.GenericWebApplicationContext - Refreshing org.springframework.web.context.support.GenericWebApplicationContext@7e92905b
]]></system-out>
  <system-err><![CDATA[]]></system-err>
</testsuite>
