<?xml version="1.0" encoding="UTF-8"?>
<testsuite name="org.springframework.web.multipart.commons.CommonsMultipartResolverTests" tests="4" skipped="0" failures="0" errors="0" timestamp="2020-05-29T14:00:00" hostname="bamboo-18" time="0.273">
  <properties/>
  <testcase name="withServletContextAndFilterWithCustomBeanName()" classname="org.springframework.web.multipart.commons.CommonsMultipartResolverTests" time="0.111"/>
  <testcase name="withApplicationContext()" classname="org.springframework.web.multipart.commons.CommonsMultipartResolverTests" time="0.122"/>
  <testcase name="withServletContextAndFilter()" classname="org.springframework.web.multipart.commons.CommonsMultipartResolverTests" time="0.008"/>
  <testcase name="withApplicationContextAndLazyResolution()" classname="org.springframework.web.multipart.commons.CommonsMultipartResolverTests" time="0.029"/>
  <system-out><![CDATA[14:00:00.428 [Test worker] DEBUG o.s.w.c.s.StaticWebApplicationContext - Refreshing Root WebApplicationContext
14:00:00.507 [Test worker] DEBUG o.s.w.m.c.CommonsMultipartResolverTests$3 - Filter 'filter' configured for use
14:00:00.510 [Test worker] DEBUG o.s.w.m.c.CommonsMultipartResolverTests$3 - Using MultipartResolver 'myMultipartResolver' for MultipartFilter
14:00:00.512 [Test worker] DEBUG o.s.w.m.c.CommonsMultipartResolverTests$MockCommonsMultipartResolver - Part 'field1', size 5 bytes, filename='field1.txt'
14:00:00.512 [Test worker] DEBUG o.s.w.m.c.CommonsMultipartResolverTests$MockCommonsMultipartResolver - Part 'field1', size 5 bytes, filename='field1.txt'
14:00:00.512 [Test worker] DEBUG o.s.w.m.c.CommonsMultipartResolverTests$MockCommonsMultipartResolver - Part 'field2', size 5 bytes, filename='field2.txt'
14:00:00.512 [Test worker] DEBUG o.s.w.m.c.CommonsMultipartResolverTests$MockCommonsMultipartResolver - Part 'field2x', size 5 bytes, filename='field2x.txt'
14:00:00.536 [Test worker] DEBUG o.s.w.m.c.CommonsMultipartResolverTests$MockCommonsMultipartResolver - Cleaning up part 'field1', filename 'field1.txt'
14:00:00.536 [Test worker] DEBUG o.s.w.m.c.CommonsMultipartResolverTests$MockCommonsMultipartResolver - Cleaning up part 'field1', filename 'field1.txt'
14:00:00.536 [Test worker] DEBUG o.s.w.m.c.CommonsMultipartResolverTests$MockCommonsMultipartResolver - Cleaning up part 'field2', filename 'field2.txt'
14:00:00.536 [Test worker] DEBUG o.s.w.m.c.CommonsMultipartResolverTests$MockCommonsMultipartResolver - Cleaning up part 'field2x', filename 'field2x.txt'
14:00:00.536 [Test worker] DEBUG o.s.w.m.c.CommonsMultipartResolverTests$3 - Using MultipartResolver 'myMultipartResolver' for MultipartFilter
14:00:00.537 [Test worker] DEBUG o.s.w.m.c.CommonsMultipartResolverTests$MockCommonsMultipartResolver - Part 'field1', size 5 bytes, filename='field1.txt'
14:00:00.537 [Test worker] DEBUG o.s.w.m.c.CommonsMultipartResolverTests$MockCommonsMultipartResolver - Part 'field1', size 5 bytes, filename='field1.txt'
14:00:00.537 [Test worker] DEBUG o.s.w.m.c.CommonsMultipartResolverTests$MockCommonsMultipartResolver - Part 'field2', size 5 bytes, filename='field2.txt'
14:00:00.537 [Test worker] DEBUG o.s.w.m.c.CommonsMultipartResolverTests$MockCommonsMultipartResolver - Part 'field2x', size 5 bytes, filename='field2x.txt'
14:00:00.537 [Test worker] DEBUG o.s.w.m.c.CommonsMultipartResolverTests$MockCommonsMultipartResolver - Cleaning up part 'field1', filename 'field1.txt'
14:00:00.537 [Test worker] DEBUG o.s.w.m.c.CommonsMultipartResolverTests$MockCommonsMultipartResolver - Cleaning up part 'field1', filename 'field1.txt'
14:00:00.537 [Test worker] DEBUG o.s.w.m.c.CommonsMultipartResolverTests$MockCommonsMultipartResolver - Cleaning up part 'field2', filename 'field2.txt'
14:00:00.537 [Test worker] DEBUG o.s.w.m.c.CommonsMultipartResolverTests$MockCommonsMultipartResolver - Cleaning up part 'field2x', filename 'field2x.txt'
14:00:00.541 [Test worker] DEBUG o.s.w.c.s.StaticWebApplicationContext - Refreshing Root WebApplicationContext
14:00:00.541 [Test worker] DEBUG o.s.w.m.c.CommonsMultipartResolverTests$MockCommonsMultipartResolver - Part 'field1', size 5 bytes, filename='field1.txt'
14:00:00.541 [Test worker] DEBUG o.s.w.m.c.CommonsMultipartResolverTests$MockCommonsMultipartResolver - Part 'field1', size 5 bytes, filename='field1.txt'
14:00:00.541 [Test worker] DEBUG o.s.w.m.c.CommonsMultipartResolverTests$MockCommonsMultipartResolver - Part 'field2', size 5 bytes, filename='field2.txt'
14:00:00.541 [Test worker] DEBUG o.s.w.m.c.CommonsMultipartResolverTests$MockCommonsMultipartResolver - Part 'field2x', size 5 bytes, filename='field2x.txt'
14:00:00.542 [Test worker] WARN  o.s.w.m.c.CommonsMultipartResolverTests$MockCommonsMultipartResolver - Could not decode multipart item 'field3' with encoding 'enc': using platform default
14:00:00.542 [Test worker] WARN  o.s.w.m.c.CommonsMultipartResolverTests$MockCommonsMultipartResolver - Could not decode multipart item 'field4' with encoding 'enc': using platform default
14:00:00.543 [Test worker] DEBUG o.s.w.m.c.CommonsMultipartFile - Part 'field1',  filename 'field1.txt': transferred to [/opt/bamboo-home/xml-data/build-dir/SPR-PUBM1-JOB1/spring-web/C:/transfer1]
14:00:00.543 [Test worker] DEBUG o.s.w.m.c.CommonsMultipartFile - Part 'field2',  filename 'field2.txt': transferred to [/opt/bamboo-home/xml-data/build-dir/SPR-PUBM1-JOB1/spring-web/C:/transfer2]
14:00:00.650 [Test worker] DEBUG o.s.w.m.c.CommonsMultipartResolverTests$MockCommonsMultipartResolver - Cleaning up part 'field1', filename 'field1.txt'
14:00:00.653 [Test worker] DEBUG o.s.w.m.c.CommonsMultipartResolverTests$MockCommonsMultipartResolver - Cleaning up part 'field1', filename 'field1.txt'
14:00:00.654 [Test worker] DEBUG o.s.w.m.c.CommonsMultipartResolverTests$MockCommonsMultipartResolver - Cleaning up part 'field2', filename 'field2.txt'
14:00:00.654 [Test worker] DEBUG o.s.w.m.c.CommonsMultipartResolverTests$MockCommonsMultipartResolver - Cleaning up part 'field2x', filename 'field2x.txt'
14:00:00.654 [Test worker] DEBUG o.s.w.m.c.CommonsMultipartResolverTests$MockCommonsMultipartResolver - Part 'field1', size 0 bytes, filename=''
14:00:00.654 [Test worker] DEBUG o.s.w.m.c.CommonsMultipartResolverTests$MockCommonsMultipartResolver - Part 'field1', size 0 bytes, filename=''
14:00:00.654 [Test worker] DEBUG o.s.w.m.c.CommonsMultipartResolverTests$MockCommonsMultipartResolver - Part 'field2', size 0 bytes, filename=''
14:00:00.654 [Test worker] DEBUG o.s.w.m.c.CommonsMultipartResolverTests$MockCommonsMultipartResolver - Part 'field2x', size 0 bytes, filename=''
14:00:00.654 [Test worker] WARN  o.s.w.m.c.CommonsMultipartResolverTests$MockCommonsMultipartResolver - Could not decode multipart item 'field3' with encoding 'enc': using platform default
14:00:00.655 [Test worker] WARN  o.s.w.m.c.CommonsMultipartResolverTests$MockCommonsMultipartResolver - Could not decode multipart item 'field4' with encoding 'enc': using platform default
14:00:00.659 [Test worker] DEBUG o.s.w.m.c.CommonsMultipartResolverTests$MockCommonsMultipartResolver - Part 'field1', size 0 bytes, filename=''
14:00:00.660 [Test worker] DEBUG o.s.w.m.c.CommonsMultipartResolverTests$MockCommonsMultipartResolver - Part 'field1', size 0 bytes, filename=''
14:00:00.660 [Test worker] DEBUG o.s.w.m.c.CommonsMultipartResolverTests$MockCommonsMultipartResolver - Part 'field2', size 0 bytes, filename=''
14:00:00.660 [Test worker] DEBUG o.s.w.m.c.CommonsMultipartResolverTests$MockCommonsMultipartResolver - Part 'field2x', size 0 bytes, filename=''
14:00:00.660 [Test worker] WARN  o.s.w.m.c.CommonsMultipartResolverTests$MockCommonsMultipartResolver - Could not decode multipart item 'field3' with encoding 'enc': using platform default
14:00:00.661 [Test worker] WARN  o.s.w.m.c.CommonsMultipartResolverTests$MockCommonsMultipartResolver - Could not decode multipart item 'field4' with encoding 'enc': using platform default
14:00:00.661 [Test worker] DEBUG o.s.w.c.s.StaticWebApplicationContext - Closing Root WebApplicationContext, started on Fri May 29 14:00:00 UTC 2020
14:00:00.662 [Test worker] DEBUG o.s.w.c.s.StaticWebApplicationContext - Refreshing Root WebApplicationContext
14:00:00.664 [Test worker] DEBUG o.s.w.m.s.MultipartFilter - Filter 'filter' configured for use
14:00:00.666 [Test worker] DEBUG o.s.w.m.s.MultipartFilter - Using MultipartResolver 'filterMultipartResolver' for MultipartFilter
14:00:00.669 [Test worker] DEBUG o.s.w.m.c.CommonsMultipartResolverTests$MockCommonsMultipartResolver - Part 'field1', size 5 bytes, filename='field1.txt'
14:00:00.669 [Test worker] DEBUG o.s.w.m.c.CommonsMultipartResolverTests$MockCommonsMultipartResolver - Part 'field1', size 5 bytes, filename='field1.txt'
14:00:00.669 [Test worker] DEBUG o.s.w.m.c.CommonsMultipartResolverTests$MockCommonsMultipartResolver - Part 'field2', size 5 bytes, filename='field2.txt'
14:00:00.669 [Test worker] DEBUG o.s.w.m.c.CommonsMultipartResolverTests$MockCommonsMultipartResolver - Part 'field2x', size 5 bytes, filename='field2x.txt'
14:00:00.669 [Test worker] DEBUG o.s.w.m.c.CommonsMultipartResolverTests$MockCommonsMultipartResolver - Cleaning up part 'field1', filename 'field1.txt'
14:00:00.669 [Test worker] DEBUG o.s.w.m.c.CommonsMultipartResolverTests$MockCommonsMultipartResolver - Cleaning up part 'field1', filename 'field1.txt'
14:00:00.669 [Test worker] DEBUG o.s.w.m.c.CommonsMultipartResolverTests$MockCommonsMultipartResolver - Cleaning up part 'field2', filename 'field2.txt'
14:00:00.669 [Test worker] DEBUG o.s.w.m.c.CommonsMultipartResolverTests$MockCommonsMultipartResolver - Cleaning up part 'field2x', filename 'field2x.txt'
14:00:00.670 [Test worker] DEBUG o.s.w.c.s.StaticWebApplicationContext - Refreshing Root WebApplicationContext
14:00:00.671 [Test worker] DEBUG o.s.w.m.c.CommonsMultipartResolverTests$MockCommonsMultipartResolver - Part 'field1', size 5 bytes, filename='field1.txt'
14:00:00.671 [Test worker] DEBUG o.s.w.m.c.CommonsMultipartResolverTests$MockCommonsMultipartResolver - Part 'field1', size 5 bytes, filename='field1.txt'
14:00:00.671 [Test worker] DEBUG o.s.w.m.c.CommonsMultipartResolverTests$MockCommonsMultipartResolver - Part 'field2', size 5 bytes, filename='field2.txt'
14:00:00.671 [Test worker] DEBUG o.s.w.m.c.CommonsMultipartResolverTests$MockCommonsMultipartResolver - Part 'field2x', size 5 bytes, filename='field2x.txt'
14:00:00.672 [Test worker] WARN  o.s.w.m.c.CommonsMultipartResolverTests$MockCommonsMultipartResolver - Could not decode multipart item 'field3' with encoding 'enc': using platform default
14:00:00.676 [Test worker] WARN  o.s.w.m.c.CommonsMultipartResolverTests$MockCommonsMultipartResolver - Could not decode multipart item 'field4' with encoding 'enc': using platform default
14:00:00.677 [Test worker] DEBUG o.s.w.m.c.CommonsMultipartFile - Part 'field1',  filename 'field1.txt': transferred to [/opt/bamboo-home/xml-data/build-dir/SPR-PUBM1-JOB1/spring-web/C:/transfer1]
14:00:00.679 [Test worker] DEBUG o.s.w.m.c.CommonsMultipartFile - Part 'field2',  filename 'field2.txt': transferred to [/opt/bamboo-home/xml-data/build-dir/SPR-PUBM1-JOB1/spring-web/C:/transfer2]
14:00:00.680 [Test worker] DEBUG o.s.w.m.c.CommonsMultipartResolverTests$MockCommonsMultipartResolver - Cleaning up part 'field1', filename 'field1.txt'
14:00:00.681 [Test worker] DEBUG o.s.w.m.c.CommonsMultipartResolverTests$MockCommonsMultipartResolver - Cleaning up part 'field1', filename 'field1.txt'
14:00:00.681 [Test worker] DEBUG o.s.w.m.c.CommonsMultipartResolverTests$MockCommonsMultipartResolver - Cleaning up part 'field2', filename 'field2.txt'
14:00:00.681 [Test worker] DEBUG o.s.w.m.c.CommonsMultipartResolverTests$MockCommonsMultipartResolver - Cleaning up part 'field2x', filename 'field2x.txt'
14:00:00.681 [Test worker] DEBUG o.s.w.m.c.CommonsMultipartResolverTests$MockCommonsMultipartResolver - Part 'field1', size 0 bytes, filename=''
14:00:00.681 [Test worker] DEBUG o.s.w.m.c.CommonsMultipartResolverTests$MockCommonsMultipartResolver - Part 'field1', size 0 bytes, filename=''
14:00:00.681 [Test worker] DEBUG o.s.w.m.c.CommonsMultipartResolverTests$MockCommonsMultipartResolver - Part 'field2', size 0 bytes, filename=''
14:00:00.681 [Test worker] DEBUG o.s.w.m.c.CommonsMultipartResolverTests$MockCommonsMultipartResolver - Part 'field2x', size 0 bytes, filename=''
14:00:00.689 [Test worker] WARN  o.s.w.m.c.CommonsMultipartResolverTests$MockCommonsMultipartResolver - Could not decode multipart item 'field3' with encoding 'enc': using platform default
14:00:00.692 [Test worker] WARN  o.s.w.m.c.CommonsMultipartResolverTests$MockCommonsMultipartResolver - Could not decode multipart item 'field4' with encoding 'enc': using platform default
14:00:00.692 [Test worker] DEBUG o.s.w.m.c.CommonsMultipartResolverTests$MockCommonsMultipartResolver - Part 'field1', size 0 bytes, filename=''
14:00:00.692 [Test worker] DEBUG o.s.w.m.c.CommonsMultipartResolverTests$MockCommonsMultipartResolver - Part 'field1', size 0 bytes, filename=''
14:00:00.692 [Test worker] DEBUG o.s.w.m.c.CommonsMultipartResolverTests$MockCommonsMultipartResolver - Part 'field2', size 0 bytes, filename=''
14:00:00.693 [Test worker] DEBUG o.s.w.m.c.CommonsMultipartResolverTests$MockCommonsMultipartResolver - Part 'field2x', size 0 bytes, filename=''
14:00:00.693 [Test worker] WARN  o.s.w.m.c.CommonsMultipartResolverTests$MockCommonsMultipartResolver - Could not decode multipart item 'field3' with encoding 'enc': using platform default
14:00:00.693 [Test worker] WARN  o.s.w.m.c.CommonsMultipartResolverTests$MockCommonsMultipartResolver - Could not decode multipart item 'field4' with encoding 'enc': using platform default
14:00:00.694 [Test worker] DEBUG o.s.w.c.s.StaticWebApplicationContext - Closing Root WebApplicationContext, started on Fri May 29 14:00:00 UTC 2020
]]></system-out>
  <system-err><![CDATA[]]></system-err>
</testsuite>
