<?xml version="1.0" encoding="UTF-8"?>
<testsuite name="org.springframework.web.context.request.async.WebAsyncManagerTests" tests="16" skipped="0" failures="0" errors="0" timestamp="2021-06-20T08:11:15" hostname="gankangdembp" time="0.511">
  <properties/>
  <testcase name="startCallableProcessingNullInput()" classname="org.springframework.web.context.request.async.WebAsyncManagerTests" time="0.221"/>
  <testcase name="startCallableProcessingPostProcessContinueAfterException()" classname="org.springframework.web.context.request.async.WebAsyncManagerTests" time="0.037"/>
  <testcase name="startDeferredResultProcessingPreProcessException()" classname="org.springframework.web.context.request.async.WebAsyncManagerTests" time="0.024"/>
  <testcase name="setAsyncWebRequestAfterAsyncStarted()" classname="org.springframework.web.context.request.async.WebAsyncManagerTests" time="0.002"/>
  <testcase name="isConcurrentHandlingStarted()" classname="org.springframework.web.context.request.async.WebAsyncManagerTests" time="0.002"/>
  <testcase name="startCallableProcessingPreProcessException()" classname="org.springframework.web.context.request.async.WebAsyncManagerTests" time="0.022"/>
  <testcase name="startCallableProcessingWithAsyncTask()" classname="org.springframework.web.context.request.async.WebAsyncManagerTests" time="0.057"/>
  <testcase name="startCallableProcessing()" classname="org.springframework.web.context.request.async.WebAsyncManagerTests" time="0.031"/>
  <testcase name="startDeferredResultProcessingNullInput()" classname="org.springframework.web.context.request.async.WebAsyncManagerTests" time="0.002"/>
  <testcase name="startAsyncProcessingWithoutAsyncWebRequest()" classname="org.springframework.web.context.request.async.WebAsyncManagerTests" time="0.002"/>
  <testcase name="startDeferredResultProcessing()" classname="org.springframework.web.context.request.async.WebAsyncManagerTests" time="0.006"/>
  <testcase name="startCallableProcessingBeforeConcurrentHandlingException()" classname="org.springframework.web.context.request.async.WebAsyncManagerTests" time="0.031"/>
  <testcase name="startCallableProcessingCallableException()" classname="org.springframework.web.context.request.async.WebAsyncManagerTests" time="0.009"/>
  <testcase name="startCallableProcessingPostProcessException()" classname="org.springframework.web.context.request.async.WebAsyncManagerTests" time="0.039"/>
  <testcase name="startDeferredResultProcessingPostProcessException()" classname="org.springframework.web.context.request.async.WebAsyncManagerTests" time="0.005"/>
  <testcase name="startDeferredResultProcessingBeforeConcurrentHandlingException()" classname="org.springframework.web.context.request.async.WebAsyncManagerTests" time="0.015"/>
  <system-out><![CDATA[16:11:15.846 [Test worker] WARN  o.s.w.c.r.a.WebAsyncManager - 
!!!
An Executor is required to handle java.util.concurrent.Callable return values.
Please, configure a TaskExecutor in the MVC config under "async support".
The SyncTaskExecutor currently in use is not suitable under load.
-------------------------------
Request URI: ''
!!!
]]></system-out>
  <system-err><![CDATA[]]></system-err>
</testsuite>
