<?xml version="1.0" encoding="UTF-8"?>
<testsuite name="org.springframework.http.codec.json.Jackson2TokenizerTests" tests="8" skipped="0" failures="0" errors="0" timestamp="2021-06-20T08:12:03" hostname="gankangdembp" time="0.333">
  <properties/>
  <testcase name="jsonEOFExceptionIsWrappedAsDecodingError()" classname="org.springframework.http.codec.json.Jackson2TokenizerTests" time="0.002"/>
  <testcase name="useBigDecimalForFloats(boolean)[1]" classname="org.springframework.http.codec.json.Jackson2TokenizerTests" time="0.003"/>
  <testcase name="useBigDecimalForFloats(boolean)[2]" classname="org.springframework.http.codec.json.Jackson2TokenizerTests" time="0.023"/>
  <testcase name="errorInStream()" classname="org.springframework.http.codec.json.Jackson2TokenizerTests" time="0.001"/>
  <testcase name="tokenizeArrayElements()" classname="org.springframework.http.codec.json.Jackson2TokenizerTests" time="0.135"/>
  <testcase name="testLimit()" classname="org.springframework.http.codec.json.Jackson2TokenizerTests" time="0.02"/>
  <testcase name="doNotTokenizeArrayElements()" classname="org.springframework.http.codec.json.Jackson2TokenizerTests" time="0.073"/>
  <testcase name="testLimitTokenized()" classname="org.springframework.http.codec.json.Jackson2TokenizerTests" time="0.059"/>
  <system-out><![CDATA[]]></system-out>
  <system-err><![CDATA[]]></system-err>
</testsuite>
