<?xml version="1.0" encoding="UTF-8"?>
<testsuite name="org.springframework.web.client.RestTemplateIntegrationTests" tests="104" skipped="1" failures="0" errors="0" timestamp="2021-06-20T08:11:38" hostname="gankangdembp" time="3.472">
  <properties/>
  <testcase name="serverPort(ClientHttpRequestFactory)[1]" classname="org.springframework.web.client.RestTemplateIntegrationTests" time="0.088"/>
  <testcase name="serverPort(ClientHttpRequestFactory)[2]" classname="org.springframework.web.client.RestTemplateIntegrationTests" time="0.014"/>
  <testcase name="serverPort(ClientHttpRequestFactory)[3]" classname="org.springframework.web.client.RestTemplateIntegrationTests" time="0.113"/>
  <testcase name="serverPort(ClientHttpRequestFactory)[4]" classname="org.springframework.web.client.RestTemplateIntegrationTests" time="0.107"/>
  <testcase name="jsonPostForObjectWithJacksonView(ClientHttpRequestFactory)[1]" classname="org.springframework.web.client.RestTemplateIntegrationTests" time="0.338"/>
  <testcase name="jsonPostForObjectWithJacksonView(ClientHttpRequestFactory)[2]" classname="org.springframework.web.client.RestTemplateIntegrationTests" time="0.052"/>
  <testcase name="jsonPostForObjectWithJacksonView(ClientHttpRequestFactory)[3]" classname="org.springframework.web.client.RestTemplateIntegrationTests" time="0.06"/>
  <testcase name="jsonPostForObjectWithJacksonView(ClientHttpRequestFactory)[4]" classname="org.springframework.web.client.RestTemplateIntegrationTests" time="0.047"/>
  <testcase name="exchangeGet(ClientHttpRequestFactory)[1]" classname="org.springframework.web.client.RestTemplateIntegrationTests" time="0.013"/>
  <testcase name="exchangeGet(ClientHttpRequestFactory)[2]" classname="org.springframework.web.client.RestTemplateIntegrationTests" time="0.012"/>
  <testcase name="exchangeGet(ClientHttpRequestFactory)[3]" classname="org.springframework.web.client.RestTemplateIntegrationTests" time="0.018"/>
  <testcase name="exchangeGet(ClientHttpRequestFactory)[4]" classname="org.springframework.web.client.RestTemplateIntegrationTests" time="0.059"/>
  <testcase name="multipartMixed(ClientHttpRequestFactory)[1]" classname="org.springframework.web.client.RestTemplateIntegrationTests" time="0.018"/>
  <testcase name="multipartMixed(ClientHttpRequestFactory)[2]" classname="org.springframework.web.client.RestTemplateIntegrationTests" time="0.06"/>
  <testcase name="multipartMixed(ClientHttpRequestFactory)[3]" classname="org.springframework.web.client.RestTemplateIntegrationTests" time="0.023"/>
  <testcase name="multipartMixed(ClientHttpRequestFactory)[4]" classname="org.springframework.web.client.RestTemplateIntegrationTests" time="0.015"/>
  <testcase name="getNoContentTypeHeader(ClientHttpRequestFactory)[1]" classname="org.springframework.web.client.RestTemplateIntegrationTests" time="0.081"/>
  <testcase name="getNoContentTypeHeader(ClientHttpRequestFactory)[2]" classname="org.springframework.web.client.RestTemplateIntegrationTests" time="0.013"/>
  <testcase name="getNoContentTypeHeader(ClientHttpRequestFactory)[3]" classname="org.springframework.web.client.RestTemplateIntegrationTests" time="0.016"/>
  <testcase name="getNoContentTypeHeader(ClientHttpRequestFactory)[4]" classname="org.springframework.web.client.RestTemplateIntegrationTests" time="0.016"/>
  <testcase name="postWithoutBody(ClientHttpRequestFactory)[1]" classname="org.springframework.web.client.RestTemplateIntegrationTests" time="0.013"/>
  <testcase name="postWithoutBody(ClientHttpRequestFactory)[2]" classname="org.springframework.web.client.RestTemplateIntegrationTests" time="0.012"/>
  <testcase name="postWithoutBody(ClientHttpRequestFactory)[3]" classname="org.springframework.web.client.RestTemplateIntegrationTests" time="0.015"/>
  <testcase name="postWithoutBody(ClientHttpRequestFactory)[4]" classname="org.springframework.web.client.RestTemplateIntegrationTests" time="0.093"/>
  <testcase name="getNotModified(ClientHttpRequestFactory)[1]" classname="org.springframework.web.client.RestTemplateIntegrationTests" time="0.014"/>
  <testcase name="getNotModified(ClientHttpRequestFactory)[2]" classname="org.springframework.web.client.RestTemplateIntegrationTests" time="0.039"/>
  <testcase name="getNotModified(ClientHttpRequestFactory)[3]" classname="org.springframework.web.client.RestTemplateIntegrationTests" time="0.034"/>
  <testcase name="getNotModified(ClientHttpRequestFactory)[4]" classname="org.springframework.web.client.RestTemplateIntegrationTests" time="0.016"/>
  <testcase name="serverError(ClientHttpRequestFactory)[1]" classname="org.springframework.web.client.RestTemplateIntegrationTests" time="0.013"/>
  <testcase name="serverError(ClientHttpRequestFactory)[2]" classname="org.springframework.web.client.RestTemplateIntegrationTests" time="0.011"/>
  <testcase name="serverError(ClientHttpRequestFactory)[3]" classname="org.springframework.web.client.RestTemplateIntegrationTests" time="0.067"/>
  <testcase name="serverError(ClientHttpRequestFactory)[4]" classname="org.springframework.web.client.RestTemplateIntegrationTests" time="0.013"/>
  <testcase name="jsonPostForObject(ClientHttpRequestFactory)[1]" classname="org.springframework.web.client.RestTemplateIntegrationTests" time="0.013"/>
  <testcase name="jsonPostForObject(ClientHttpRequestFactory)[2]" classname="org.springframework.web.client.RestTemplateIntegrationTests" time="0.013"/>
  <testcase name="jsonPostForObject(ClientHttpRequestFactory)[3]" classname="org.springframework.web.client.RestTemplateIntegrationTests" time="0.018"/>
  <testcase name="jsonPostForObject(ClientHttpRequestFactory)[4]" classname="org.springframework.web.client.RestTemplateIntegrationTests" time="0.067"/>
  <testcase name="postForLocationEntity(ClientHttpRequestFactory)[1]" classname="org.springframework.web.client.RestTemplateIntegrationTests" time="0.012"/>
  <testcase name="postForLocationEntity(ClientHttpRequestFactory)[2]" classname="org.springframework.web.client.RestTemplateIntegrationTests" time="0.015"/>
  <testcase name="postForLocationEntity(ClientHttpRequestFactory)[3]" classname="org.springframework.web.client.RestTemplateIntegrationTests" time="0.017"/>
  <testcase name="postForLocationEntity(ClientHttpRequestFactory)[4]" classname="org.springframework.web.client.RestTemplateIntegrationTests" time="0.068"/>
  <testcase name="badRequest(ClientHttpRequestFactory)[1]" classname="org.springframework.web.client.RestTemplateIntegrationTests" time="0.013"/>
  <testcase name="badRequest(ClientHttpRequestFactory)[2]" classname="org.springframework.web.client.RestTemplateIntegrationTests" time="0.012"/>
  <testcase name="badRequest(ClientHttpRequestFactory)[3]" classname="org.springframework.web.client.RestTemplateIntegrationTests" time="0.019"/>
  <testcase name="badRequest(ClientHttpRequestFactory)[4]" classname="org.springframework.web.client.RestTemplateIntegrationTests" time="0.033"/>
  <testcase name="postForObject(ClientHttpRequestFactory)[1]" classname="org.springframework.web.client.RestTemplateIntegrationTests" time="0.042"/>
  <testcase name="postForObject(ClientHttpRequestFactory)[2]" classname="org.springframework.web.client.RestTemplateIntegrationTests" time="0.012"/>
  <testcase name="postForObject(ClientHttpRequestFactory)[3]" classname="org.springframework.web.client.RestTemplateIntegrationTests" time="0.015"/>
  <testcase name="postForObject(ClientHttpRequestFactory)[4]" classname="org.springframework.web.client.RestTemplateIntegrationTests" time="0.012"/>
  <testcase name="postForLocation(ClientHttpRequestFactory)[1]" classname="org.springframework.web.client.RestTemplateIntegrationTests" time="0.042"/>
  <testcase name="postForLocation(ClientHttpRequestFactory)[2]" classname="org.springframework.web.client.RestTemplateIntegrationTests" time="0.016"/>
  <testcase name="postForLocation(ClientHttpRequestFactory)[3]" classname="org.springframework.web.client.RestTemplateIntegrationTests" time="0.016"/>
  <testcase name="postForLocation(ClientHttpRequestFactory)[4]" classname="org.springframework.web.client.RestTemplateIntegrationTests" time="0.012"/>
  <testcase name="uri(ClientHttpRequestFactory)[1]" classname="org.springframework.web.client.RestTemplateIntegrationTests" time="0.016"/>
  <testcase name="uri(ClientHttpRequestFactory)[2]" classname="org.springframework.web.client.RestTemplateIntegrationTests" time="0.048"/>
  <testcase name="uri(ClientHttpRequestFactory)[3]" classname="org.springframework.web.client.RestTemplateIntegrationTests" time="0.035"/>
  <testcase name="uri(ClientHttpRequestFactory)[4]" classname="org.springframework.web.client.RestTemplateIntegrationTests" time="0.017"/>
  <testcase name="form(ClientHttpRequestFactory)[1]" classname="org.springframework.web.client.RestTemplateIntegrationTests" time="0.013"/>
  <testcase name="form(ClientHttpRequestFactory)[2]" classname="org.springframework.web.client.RestTemplateIntegrationTests" time="0.013"/>
  <testcase name="form(ClientHttpRequestFactory)[3]" classname="org.springframework.web.client.RestTemplateIntegrationTests" time="0.052"/>
  <testcase name="form(ClientHttpRequestFactory)[4]" classname="org.springframework.web.client.RestTemplateIntegrationTests" time="0.014"/>
  <testcase name="multipartRelated(ClientHttpRequestFactory)[1]" classname="org.springframework.web.client.RestTemplateIntegrationTests" time="0.012"/>
  <testcase name="multipartRelated(ClientHttpRequestFactory)[2]" classname="org.springframework.web.client.RestTemplateIntegrationTests" time="0.012"/>
  <testcase name="multipartRelated(ClientHttpRequestFactory)[3]" classname="org.springframework.web.client.RestTemplateIntegrationTests" time="0.016"/>
  <testcase name="multipartRelated(ClientHttpRequestFactory)[4]" classname="org.springframework.web.client.RestTemplateIntegrationTests" time="0.014"/>
  <testcase name="getEntity(ClientHttpRequestFactory)[1]" classname="org.springframework.web.client.RestTemplateIntegrationTests" time="0.013"/>
  <testcase name="getEntity(ClientHttpRequestFactory)[2]" classname="org.springframework.web.client.RestTemplateIntegrationTests" time="0.013"/>
  <testcase name="getEntity(ClientHttpRequestFactory)[3]" classname="org.springframework.web.client.RestTemplateIntegrationTests" time="0.016"/>
  <testcase name="getEntity(ClientHttpRequestFactory)[4]" classname="org.springframework.web.client.RestTemplateIntegrationTests" time="0.012"/>
  <testcase name="getNoResponse(ClientHttpRequestFactory)[1]" classname="org.springframework.web.client.RestTemplateIntegrationTests" time="0.052"/>
  <testcase name="getNoResponse(ClientHttpRequestFactory)[2]" classname="org.springframework.web.client.RestTemplateIntegrationTests" time="0.011"/>
  <testcase name="getNoResponse(ClientHttpRequestFactory)[3]" classname="org.springframework.web.client.RestTemplateIntegrationTests" time="0.013"/>
  <testcase name="getNoResponse(ClientHttpRequestFactory)[4]" classname="org.springframework.web.client.RestTemplateIntegrationTests" time="0.011"/>
  <testcase name="patchForObject(ClientHttpRequestFactory)[1]" classname="org.springframework.web.client.RestTemplateIntegrationTests" time="0.005">
    <skipped/>
  </testcase>
  <testcase name="patchForObject(ClientHttpRequestFactory)[2]" classname="org.springframework.web.client.RestTemplateIntegrationTests" time="0.011"/>
  <testcase name="patchForObject(ClientHttpRequestFactory)[3]" classname="org.springframework.web.client.RestTemplateIntegrationTests" time="0.052"/>
  <testcase name="patchForObject(ClientHttpRequestFactory)[4]" classname="org.springframework.web.client.RestTemplateIntegrationTests" time="0.019"/>
  <testcase name="getString(ClientHttpRequestFactory)[1]" classname="org.springframework.web.client.RestTemplateIntegrationTests" time="0.012"/>
  <testcase name="getString(ClientHttpRequestFactory)[2]" classname="org.springframework.web.client.RestTemplateIntegrationTests" time="0.012"/>
  <testcase name="getString(ClientHttpRequestFactory)[3]" classname="org.springframework.web.client.RestTemplateIntegrationTests" time="0.015"/>
  <testcase name="getString(ClientHttpRequestFactory)[4]" classname="org.springframework.web.client.RestTemplateIntegrationTests" time="0.015"/>
  <testcase name="optionsForAllow(ClientHttpRequestFactory)[1]" classname="org.springframework.web.client.RestTemplateIntegrationTests" time="0.011"/>
  <testcase name="optionsForAllow(ClientHttpRequestFactory)[2]" classname="org.springframework.web.client.RestTemplateIntegrationTests" time="0.012"/>
  <testcase name="optionsForAllow(ClientHttpRequestFactory)[3]" classname="org.springframework.web.client.RestTemplateIntegrationTests" time="0.012"/>
  <testcase name="optionsForAllow(ClientHttpRequestFactory)[4]" classname="org.springframework.web.client.RestTemplateIntegrationTests" time="0.01"/>
  <testcase name="exchangePost(ClientHttpRequestFactory)[1]" classname="org.springframework.web.client.RestTemplateIntegrationTests" time="0.01"/>
  <testcase name="exchangePost(ClientHttpRequestFactory)[2]" classname="org.springframework.web.client.RestTemplateIntegrationTests" time="0.053"/>
  <testcase name="exchangePost(ClientHttpRequestFactory)[3]" classname="org.springframework.web.client.RestTemplateIntegrationTests" time="0.017"/>
  <testcase name="exchangePost(ClientHttpRequestFactory)[4]" classname="org.springframework.web.client.RestTemplateIntegrationTests" time="0.013"/>
  <testcase name="getNoContent(ClientHttpRequestFactory)[1]" classname="org.springframework.web.client.RestTemplateIntegrationTests" time="0.012"/>
  <testcase name="getNoContent(ClientHttpRequestFactory)[2]" classname="org.springframework.web.client.RestTemplateIntegrationTests" time="0.013"/>
  <testcase name="getNoContent(ClientHttpRequestFactory)[3]" classname="org.springframework.web.client.RestTemplateIntegrationTests" time="0.063"/>
  <testcase name="getNoContent(ClientHttpRequestFactory)[4]" classname="org.springframework.web.client.RestTemplateIntegrationTests" time="0.014"/>
  <testcase name="notFound(ClientHttpRequestFactory)[1]" classname="org.springframework.web.client.RestTemplateIntegrationTests" time="0.023"/>
  <testcase name="notFound(ClientHttpRequestFactory)[2]" classname="org.springframework.web.client.RestTemplateIntegrationTests" time="0.013"/>
  <testcase name="notFound(ClientHttpRequestFactory)[3]" classname="org.springframework.web.client.RestTemplateIntegrationTests" time="0.014"/>
  <testcase name="notFound(ClientHttpRequestFactory)[4]" classname="org.springframework.web.client.RestTemplateIntegrationTests" time="0.051"/>
  <testcase name="multipartFormData(ClientHttpRequestFactory)[1]" classname="org.springframework.web.client.RestTemplateIntegrationTests" time="0.013"/>
  <testcase name="multipartFormData(ClientHttpRequestFactory)[2]" classname="org.springframework.web.client.RestTemplateIntegrationTests" time="0.012"/>
  <testcase name="multipartFormData(ClientHttpRequestFactory)[3]" classname="org.springframework.web.client.RestTemplateIntegrationTests" time="0.015"/>
  <testcase name="multipartFormData(ClientHttpRequestFactory)[4]" classname="org.springframework.web.client.RestTemplateIntegrationTests" time="0.012"/>
  <testcase name="jsonPostForObjectWithJacksonTypeInfoList(ClientHttpRequestFactory)[1]" classname="org.springframework.web.client.RestTemplateIntegrationTests" time="0.176"/>
  <testcase name="jsonPostForObjectWithJacksonTypeInfoList(ClientHttpRequestFactory)[2]" classname="org.springframework.web.client.RestTemplateIntegrationTests" time="0.015"/>
  <testcase name="jsonPostForObjectWithJacksonTypeInfoList(ClientHttpRequestFactory)[3]" classname="org.springframework.web.client.RestTemplateIntegrationTests" time="0.017"/>
  <testcase name="jsonPostForObjectWithJacksonTypeInfoList(ClientHttpRequestFactory)[4]" classname="org.springframework.web.client.RestTemplateIntegrationTests" time="0.013"/>
  <system-out><![CDATA[]]></system-out>
  <system-err><![CDATA[Jun 20, 2021 4:11:38 PM okhttp3.mockwebserver.MockWebServer$3 execute
INFO: MockWebServer[55038] starting to accept connections
Jun 20, 2021 4:11:38 PM okhttp3.mockwebserver.MockWebServer$4 processOneRequest
INFO: MockWebServer[55038] received request: GET /get HTTP/1.1 and responded: HTTP/1.1 200 OK
Jun 20, 2021 4:11:38 PM okhttp3.mockwebserver.MockWebServer$3 acceptConnections
INFO: MockWebServer[55038] done accepting connections: Socket closed
Jun 20, 2021 4:11:38 PM okhttp3.mockwebserver.MockWebServer$3 execute
INFO: MockWebServer[55040] starting to accept connections
Jun 20, 2021 4:11:38 PM okhttp3.mockwebserver.MockWebServer$4 processOneRequest
INFO: MockWebServer[55040] received request: GET /get HTTP/1.1 and responded: HTTP/1.1 200 OK
Jun 20, 2021 4:11:38 PM okhttp3.mockwebserver.MockWebServer$3 acceptConnections
INFO: MockWebServer[55040] done accepting connections: Socket closed
Jun 20, 2021 4:11:38 PM okhttp3.mockwebserver.MockWebServer$3 execute
INFO: MockWebServer[55042] starting to accept connections
Jun 20, 2021 4:11:38 PM okhttp3.mockwebserver.MockWebServer$4 processOneRequest
INFO: MockWebServer[55042] received request: GET /get HTTP/1.1 and responded: HTTP/1.1 200 OK
Jun 20, 2021 4:11:38 PM okhttp3.mockwebserver.MockWebServer$3 acceptConnections
INFO: MockWebServer[55042] done accepting connections: Socket closed
Jun 20, 2021 4:11:38 PM okhttp3.mockwebserver.MockWebServer$3 execute
INFO: MockWebServer[55047] starting to accept connections
Jun 20, 2021 4:11:38 PM okhttp3.mockwebserver.MockWebServer$4 processOneRequest
INFO: MockWebServer[55047] received request: GET /get HTTP/1.1 and responded: HTTP/1.1 200 OK
Jun 20, 2021 4:11:38 PM okhttp3.mockwebserver.MockWebServer$3 acceptConnections
INFO: MockWebServer[55047] done accepting connections: Socket closed
Jun 20, 2021 4:11:38 PM okhttp3.mockwebserver.MockWebServer$3 execute
INFO: MockWebServer[55050] starting to accept connections
Jun 20, 2021 4:11:38 PM okhttp3.mockwebserver.MockWebServer$4 processOneRequest
INFO: MockWebServer[55050] received request: POST /jsonpost HTTP/1.1 and responded: HTTP/1.1 201 OK
Jun 20, 2021 4:11:38 PM okhttp3.mockwebserver.MockWebServer$3 acceptConnections
INFO: MockWebServer[55050] done accepting connections: Socket closed
Jun 20, 2021 4:11:38 PM okhttp3.mockwebserver.MockWebServer$3 execute
INFO: MockWebServer[55059] starting to accept connections
Jun 20, 2021 4:11:39 PM okhttp3.mockwebserver.MockWebServer$4 processOneRequest
INFO: MockWebServer[55059] received request: POST /jsonpost HTTP/1.1 and responded: HTTP/1.1 201 OK
Jun 20, 2021 4:11:39 PM okhttp3.mockwebserver.MockWebServer$3 acceptConnections
INFO: MockWebServer[55059] done accepting connections: Socket closed
Jun 20, 2021 4:11:39 PM okhttp3.mockwebserver.MockWebServer$3 execute
INFO: MockWebServer[55061] starting to accept connections
Jun 20, 2021 4:11:39 PM okhttp3.mockwebserver.MockWebServer$4 processOneRequest
INFO: MockWebServer[55061] received request: POST /jsonpost HTTP/1.1 and responded: HTTP/1.1 201 OK
Jun 20, 2021 4:11:39 PM okhttp3.mockwebserver.MockWebServer$3 acceptConnections
INFO: MockWebServer[55061] done accepting connections: Socket closed
Jun 20, 2021 4:11:39 PM okhttp3.mockwebserver.MockWebServer$3 execute
INFO: MockWebServer[55063] starting to accept connections
Jun 20, 2021 4:11:39 PM okhttp3.mockwebserver.MockWebServer$4 processOneRequest
INFO: MockWebServer[55063] received request: POST /jsonpost HTTP/1.1 and responded: HTTP/1.1 201 OK
Jun 20, 2021 4:11:39 PM okhttp3.mockwebserver.MockWebServer$3 acceptConnections
INFO: MockWebServer[55063] done accepting connections: Socket closed
Jun 20, 2021 4:11:39 PM okhttp3.mockwebserver.MockWebServer$3 execute
INFO: MockWebServer[55065] starting to accept connections
Jun 20, 2021 4:11:39 PM okhttp3.mockwebserver.MockWebServer$4 processOneRequest
INFO: MockWebServer[55065] received request: GET /get HTTP/1.1 and responded: HTTP/1.1 200 OK
Jun 20, 2021 4:11:39 PM okhttp3.mockwebserver.MockWebServer$3 acceptConnections
INFO: MockWebServer[55065] done accepting connections: Socket closed
Jun 20, 2021 4:11:39 PM okhttp3.mockwebserver.MockWebServer$3 execute
INFO: MockWebServer[55067] starting to accept connections
Jun 20, 2021 4:11:39 PM okhttp3.mockwebserver.MockWebServer$4 processOneRequest
INFO: MockWebServer[55067] received request: GET /get HTTP/1.1 and responded: HTTP/1.1 200 OK
Jun 20, 2021 4:11:39 PM okhttp3.mockwebserver.MockWebServer$3 acceptConnections
INFO: MockWebServer[55067] done accepting connections: Socket closed
Jun 20, 2021 4:11:39 PM okhttp3.mockwebserver.MockWebServer$3 execute
INFO: MockWebServer[55069] starting to accept connections
Jun 20, 2021 4:11:39 PM okhttp3.mockwebserver.MockWebServer$4 processOneRequest
INFO: MockWebServer[55069] received request: GET /get HTTP/1.1 and responded: HTTP/1.1 200 OK
Jun 20, 2021 4:11:39 PM okhttp3.mockwebserver.MockWebServer$3 acceptConnections
INFO: MockWebServer[55069] done accepting connections: Socket closed
Jun 20, 2021 4:11:39 PM okhttp3.mockwebserver.MockWebServer$3 execute
INFO: MockWebServer[55071] starting to accept connections
Jun 20, 2021 4:11:39 PM okhttp3.mockwebserver.MockWebServer$4 processOneRequest
INFO: MockWebServer[55071] received request: GET /get HTTP/1.1 and responded: HTTP/1.1 200 OK
Jun 20, 2021 4:11:39 PM okhttp3.mockwebserver.MockWebServer$3 acceptConnections
INFO: MockWebServer[55071] done accepting connections: Socket closed
Jun 20, 2021 4:11:39 PM okhttp3.mockwebserver.MockWebServer$3 execute
INFO: MockWebServer[55075] starting to accept connections
Jun 20, 2021 4:11:39 PM okhttp3.mockwebserver.MockWebServer$4 processOneRequest
INFO: MockWebServer[55075] received request: POST /multipartMixed HTTP/1.1 and responded: HTTP/1.1 200 OK
Jun 20, 2021 4:11:39 PM okhttp3.mockwebserver.MockWebServer$3 acceptConnections
INFO: MockWebServer[55075] done accepting connections: Socket closed
Jun 20, 2021 4:11:39 PM okhttp3.mockwebserver.MockWebServer$3 execute
INFO: MockWebServer[55077] starting to accept connections
Jun 20, 2021 4:11:39 PM okhttp3.mockwebserver.MockWebServer$4 processOneRequest
INFO: MockWebServer[55077] received request: POST /multipartMixed HTTP/1.1 and responded: HTTP/1.1 200 OK
Jun 20, 2021 4:11:39 PM okhttp3.mockwebserver.MockWebServer$3 acceptConnections
INFO: MockWebServer[55077] done accepting connections: Socket closed
Jun 20, 2021 4:11:39 PM okhttp3.mockwebserver.MockWebServer$3 execute
INFO: MockWebServer[55080] starting to accept connections
Jun 20, 2021 4:11:39 PM okhttp3.mockwebserver.MockWebServer$4 processOneRequest
INFO: MockWebServer[55080] received request: POST /multipartMixed HTTP/1.1 and responded: HTTP/1.1 200 OK
Jun 20, 2021 4:11:39 PM okhttp3.mockwebserver.MockWebServer$3 acceptConnections
INFO: MockWebServer[55080] done accepting connections: Socket closed
Jun 20, 2021 4:11:39 PM okhttp3.mockwebserver.MockWebServer$3 execute
INFO: MockWebServer[55083] starting to accept connections
Jun 20, 2021 4:11:39 PM okhttp3.mockwebserver.MockWebServer$4 processOneRequest
INFO: MockWebServer[55083] received request: POST /multipartMixed HTTP/1.1 and responded: HTTP/1.1 200 OK
Jun 20, 2021 4:11:39 PM okhttp3.mockwebserver.MockWebServer$3 acceptConnections
INFO: MockWebServer[55083] done accepting connections: Socket closed
Jun 20, 2021 4:11:39 PM okhttp3.mockwebserver.MockWebServer$3 execute
INFO: MockWebServer[55085] starting to accept connections
Jun 20, 2021 4:11:39 PM okhttp3.mockwebserver.MockWebServer$4 processOneRequest
INFO: MockWebServer[55085] received request: GET /get/nocontenttype HTTP/1.1 and responded: HTTP/1.1 200 OK
Jun 20, 2021 4:11:39 PM okhttp3.mockwebserver.MockWebServer$3 acceptConnections
INFO: MockWebServer[55085] done accepting connections: Socket closed
Jun 20, 2021 4:11:39 PM okhttp3.mockwebserver.MockWebServer$3 execute
INFO: MockWebServer[55090] starting to accept connections
Jun 20, 2021 4:11:39 PM okhttp3.mockwebserver.MockWebServer$4 processOneRequest
INFO: MockWebServer[55090] received request: GET /get/nocontenttype HTTP/1.1 and responded: HTTP/1.1 200 OK
Jun 20, 2021 4:11:39 PM okhttp3.mockwebserver.MockWebServer$3 acceptConnections
INFO: MockWebServer[55090] done accepting connections: Socket closed
Jun 20, 2021 4:11:39 PM okhttp3.mockwebserver.MockWebServer$3 execute
INFO: MockWebServer[55092] starting to accept connections
Jun 20, 2021 4:11:39 PM okhttp3.mockwebserver.MockWebServer$4 processOneRequest
INFO: MockWebServer[55092] received request: GET /get/nocontenttype HTTP/1.1 and responded: HTTP/1.1 200 OK
Jun 20, 2021 4:11:39 PM okhttp3.mockwebserver.MockWebServer$3 acceptConnections
INFO: MockWebServer[55092] done accepting connections: Socket closed
Jun 20, 2021 4:11:39 PM okhttp3.mockwebserver.MockWebServer$3 execute
INFO: MockWebServer[55094] starting to accept connections
Jun 20, 2021 4:11:39 PM okhttp3.mockwebserver.MockWebServer$4 processOneRequest
INFO: MockWebServer[55094] received request: GET /get/nocontenttype HTTP/1.1 and responded: HTTP/1.1 200 OK
Jun 20, 2021 4:11:39 PM okhttp3.mockwebserver.MockWebServer$3 acceptConnections
INFO: MockWebServer[55094] done accepting connections: Socket closed
Jun 20, 2021 4:11:39 PM okhttp3.mockwebserver.MockWebServer$3 execute
INFO: MockWebServer[55096] starting to accept connections
Jun 20, 2021 4:11:39 PM okhttp3.mockwebserver.MockWebServer$4 processOneRequest
INFO: MockWebServer[55096] received request: POST /jsonpost HTTP/1.1 and responded: HTTP/1.1 201 OK
Jun 20, 2021 4:11:39 PM okhttp3.mockwebserver.MockWebServer$3 acceptConnections
INFO: MockWebServer[55096] done accepting connections: Socket closed
Jun 20, 2021 4:11:39 PM okhttp3.mockwebserver.MockWebServer$3 execute
INFO: MockWebServer[55098] starting to accept connections
Jun 20, 2021 4:11:39 PM okhttp3.mockwebserver.MockWebServer$4 processOneRequest
INFO: MockWebServer[55098] received request: POST /jsonpost HTTP/1.1 and responded: HTTP/1.1 201 OK
Jun 20, 2021 4:11:39 PM okhttp3.mockwebserver.MockWebServer$3 acceptConnections
INFO: MockWebServer[55098] done accepting connections: Socket closed
Jun 20, 2021 4:11:39 PM okhttp3.mockwebserver.MockWebServer$3 execute
INFO: MockWebServer[55100] starting to accept connections
Jun 20, 2021 4:11:39 PM okhttp3.mockwebserver.MockWebServer$4 processOneRequest
INFO: MockWebServer[55100] received request: POST /jsonpost HTTP/1.1 and responded: HTTP/1.1 201 OK
Jun 20, 2021 4:11:39 PM okhttp3.mockwebserver.MockWebServer$3 acceptConnections
INFO: MockWebServer[55100] done accepting connections: Socket closed
Jun 20, 2021 4:11:39 PM okhttp3.mockwebserver.MockWebServer$3 execute
INFO: MockWebServer[55102] starting to accept connections
Jun 20, 2021 4:11:39 PM okhttp3.mockwebserver.MockWebServer$4 processOneRequest
INFO: MockWebServer[55102] received request: POST /jsonpost HTTP/1.1 and responded: HTTP/1.1 201 OK
Jun 20, 2021 4:11:39 PM okhttp3.mockwebserver.MockWebServer$3 acceptConnections
INFO: MockWebServer[55102] done accepting connections: Socket closed
Jun 20, 2021 4:11:39 PM okhttp3.mockwebserver.MockWebServer$3 execute
INFO: MockWebServer[55107] starting to accept connections
Jun 20, 2021 4:11:39 PM okhttp3.mockwebserver.MockWebServer$4 processOneRequest
INFO: MockWebServer[55107] received request: GET /status/notmodified HTTP/1.1 and responded: HTTP/1.1 304 Redirection
Jun 20, 2021 4:11:39 PM okhttp3.mockwebserver.MockWebServer$4 processOneRequest
INFO: MockWebServer[55107] received request: GET /status/notmodified HTTP/1.1 and responded: HTTP/1.1 304 Redirection
Jun 20, 2021 4:11:39 PM okhttp3.mockwebserver.MockWebServer$3 acceptConnections
INFO: MockWebServer[55107] done accepting connections: Socket closed
Jun 20, 2021 4:11:39 PM okhttp3.mockwebserver.MockWebServer$3 execute
INFO: MockWebServer[55109] starting to accept connections
Jun 20, 2021 4:11:39 PM okhttp3.mockwebserver.MockWebServer$4 processOneRequest
INFO: MockWebServer[55109] received request: GET /status/notmodified HTTP/1.1 and responded: HTTP/1.1 304 Redirection
Jun 20, 2021 4:11:39 PM okhttp3.mockwebserver.MockWebServer$4 processOneRequest
INFO: MockWebServer[55109] received request: GET /status/notmodified HTTP/1.1 and responded: HTTP/1.1 304 Redirection
Jun 20, 2021 4:11:39 PM okhttp3.mockwebserver.MockWebServer$3 acceptConnections
INFO: MockWebServer[55109] done accepting connections: Socket closed
Jun 20, 2021 4:11:39 PM okhttp3.mockwebserver.MockWebServer$3 execute
INFO: MockWebServer[55111] starting to accept connections
Jun 20, 2021 4:11:39 PM okhttp3.mockwebserver.MockWebServer$4 processOneRequest
INFO: MockWebServer[55111] received request: GET /status/notmodified HTTP/1.1 and responded: HTTP/1.1 304 Redirection
Jun 20, 2021 4:11:39 PM okhttp3.mockwebserver.MockWebServer$4 processOneRequest
INFO: MockWebServer[55111] received request: GET /status/notmodified HTTP/1.1 and responded: HTTP/1.1 304 Redirection
Jun 20, 2021 4:11:39 PM okhttp3.mockwebserver.MockWebServer$3 acceptConnections
INFO: MockWebServer[55111] done accepting connections: Socket closed
Jun 20, 2021 4:11:39 PM okhttp3.mockwebserver.MockWebServer$3 execute
INFO: MockWebServer[55114] starting to accept connections
Jun 20, 2021 4:11:39 PM okhttp3.mockwebserver.MockWebServer$4 processOneRequest
INFO: MockWebServer[55114] received request: GET /status/notmodified HTTP/1.1 and responded: HTTP/1.1 304 Redirection
Jun 20, 2021 4:11:39 PM okhttp3.mockwebserver.MockWebServer$4 processOneRequest
INFO: MockWebServer[55114] received request: GET /status/notmodified HTTP/1.1 and responded: HTTP/1.1 304 Redirection
Jun 20, 2021 4:11:39 PM okhttp3.mockwebserver.MockWebServer$3 acceptConnections
INFO: MockWebServer[55114] done accepting connections: Socket closed
Jun 20, 2021 4:11:39 PM okhttp3.mockwebserver.MockWebServer$3 execute
INFO: MockWebServer[55116] starting to accept connections
Jun 20, 2021 4:11:39 PM okhttp3.mockwebserver.MockWebServer$4 processOneRequest
INFO: MockWebServer[55116] received request: GET /status/server HTTP/1.1 and responded: HTTP/1.1 500 Server Error
Jun 20, 2021 4:11:39 PM okhttp3.mockwebserver.MockWebServer$3 acceptConnections
INFO: MockWebServer[55116] done accepting connections: Socket closed
Jun 20, 2021 4:11:39 PM okhttp3.mockwebserver.MockWebServer$3 execute
INFO: MockWebServer[55118] starting to accept connections
Jun 20, 2021 4:11:39 PM okhttp3.mockwebserver.MockWebServer$4 processOneRequest
INFO: MockWebServer[55118] received request: GET /status/server HTTP/1.1 and responded: HTTP/1.1 500 Server Error
Jun 20, 2021 4:11:39 PM okhttp3.mockwebserver.MockWebServer$3 acceptConnections
INFO: MockWebServer[55118] done accepting connections: Socket closed
Jun 20, 2021 4:11:39 PM okhttp3.mockwebserver.MockWebServer$3 execute
INFO: MockWebServer[55120] starting to accept connections
Jun 20, 2021 4:11:39 PM okhttp3.mockwebserver.MockWebServer$4 processOneRequest
INFO: MockWebServer[55120] received request: GET /status/server HTTP/1.1 and responded: HTTP/1.1 500 Server Error
Jun 20, 2021 4:11:39 PM okhttp3.mockwebserver.MockWebServer$3 acceptConnections
INFO: MockWebServer[55120] done accepting connections: Socket closed
Jun 20, 2021 4:11:39 PM okhttp3.mockwebserver.MockWebServer$3 execute
INFO: MockWebServer[55126] starting to accept connections
Jun 20, 2021 4:11:39 PM okhttp3.mockwebserver.MockWebServer$4 processOneRequest
INFO: MockWebServer[55126] received request: GET /status/server HTTP/1.1 and responded: HTTP/1.1 500 Server Error
Jun 20, 2021 4:11:39 PM okhttp3.mockwebserver.MockWebServer$3 acceptConnections
INFO: MockWebServer[55126] done accepting connections: Socket closed
Jun 20, 2021 4:11:39 PM okhttp3.mockwebserver.MockWebServer$3 execute
INFO: MockWebServer[55129] starting to accept connections
Jun 20, 2021 4:11:39 PM okhttp3.mockwebserver.MockWebServer$4 processOneRequest
INFO: MockWebServer[55129] received request: POST /jsonpost HTTP/1.1 and responded: HTTP/1.1 201 OK
Jun 20, 2021 4:11:39 PM okhttp3.mockwebserver.MockWebServer$3 acceptConnections
INFO: MockWebServer[55129] done accepting connections: Socket closed
Jun 20, 2021 4:11:39 PM okhttp3.mockwebserver.MockWebServer$3 execute
INFO: MockWebServer[55131] starting to accept connections
Jun 20, 2021 4:11:39 PM okhttp3.mockwebserver.MockWebServer$4 processOneRequest
INFO: MockWebServer[55131] received request: POST /jsonpost HTTP/1.1 and responded: HTTP/1.1 201 OK
Jun 20, 2021 4:11:39 PM okhttp3.mockwebserver.MockWebServer$3 acceptConnections
INFO: MockWebServer[55131] done accepting connections: Socket closed
Jun 20, 2021 4:11:39 PM okhttp3.mockwebserver.MockWebServer$3 execute
INFO: MockWebServer[55133] starting to accept connections
Jun 20, 2021 4:11:39 PM okhttp3.mockwebserver.MockWebServer$4 processOneRequest
INFO: MockWebServer[55133] received request: POST /jsonpost HTTP/1.1 and responded: HTTP/1.1 201 OK
Jun 20, 2021 4:11:39 PM okhttp3.mockwebserver.MockWebServer$3 acceptConnections
INFO: MockWebServer[55133] done accepting connections: Socket closed
Jun 20, 2021 4:11:39 PM okhttp3.mockwebserver.MockWebServer$3 execute
INFO: MockWebServer[55135] starting to accept connections
Jun 20, 2021 4:11:39 PM okhttp3.mockwebserver.MockWebServer$4 processOneRequest
INFO: MockWebServer[55135] received request: POST /jsonpost HTTP/1.1 and responded: HTTP/1.1 201 OK
Jun 20, 2021 4:11:39 PM okhttp3.mockwebserver.MockWebServer$3 acceptConnections
INFO: MockWebServer[55135] done accepting connections: Socket closed
Jun 20, 2021 4:11:39 PM okhttp3.mockwebserver.MockWebServer$3 execute
INFO: MockWebServer[55139] starting to accept connections
Jun 20, 2021 4:11:40 PM okhttp3.mockwebserver.MockWebServer$4 processOneRequest
INFO: MockWebServer[55139] received request: POST /post HTTP/1.1 and responded: HTTP/1.1 201 OK
Jun 20, 2021 4:11:40 PM okhttp3.mockwebserver.MockWebServer$3 acceptConnections
INFO: MockWebServer[55139] done accepting connections: Socket closed
Jun 20, 2021 4:11:40 PM okhttp3.mockwebserver.MockWebServer$3 execute
INFO: MockWebServer[55141] starting to accept connections
Jun 20, 2021 4:11:40 PM okhttp3.mockwebserver.MockWebServer$4 processOneRequest
INFO: MockWebServer[55141] received request: POST /post HTTP/1.1 and responded: HTTP/1.1 201 OK
Jun 20, 2021 4:11:40 PM okhttp3.mockwebserver.MockWebServer$3 acceptConnections
INFO: MockWebServer[55141] done accepting connections: Socket closed
Jun 20, 2021 4:11:40 PM okhttp3.mockwebserver.MockWebServer$3 execute
INFO: MockWebServer[55143] starting to accept connections
Jun 20, 2021 4:11:40 PM okhttp3.mockwebserver.MockWebServer$4 processOneRequest
INFO: MockWebServer[55143] received request: POST /post HTTP/1.1 and responded: HTTP/1.1 201 OK
Jun 20, 2021 4:11:40 PM okhttp3.mockwebserver.MockWebServer$3 acceptConnections
INFO: MockWebServer[55143] done accepting connections: Socket closed
Jun 20, 2021 4:11:40 PM okhttp3.mockwebserver.MockWebServer$3 execute
INFO: MockWebServer[55145] starting to accept connections
Jun 20, 2021 4:11:40 PM okhttp3.mockwebserver.MockWebServer$4 processOneRequest
INFO: MockWebServer[55145] received request: POST /post HTTP/1.1 and responded: HTTP/1.1 201 OK
Jun 20, 2021 4:11:40 PM okhttp3.mockwebserver.MockWebServer$3 acceptConnections
INFO: MockWebServer[55145] done accepting connections: Socket closed
Jun 20, 2021 4:11:40 PM okhttp3.mockwebserver.MockWebServer$3 execute
INFO: MockWebServer[55147] starting to accept connections
Jun 20, 2021 4:11:40 PM okhttp3.mockwebserver.MockWebServer$4 processOneRequest
INFO: MockWebServer[55147] received request: GET /status/badrequest HTTP/1.1 and responded: HTTP/1.1 400 Client Error
Jun 20, 2021 4:11:40 PM okhttp3.mockwebserver.MockWebServer$3 acceptConnections
INFO: MockWebServer[55147] done accepting connections: Socket closed
Jun 20, 2021 4:11:40 PM okhttp3.mockwebserver.MockWebServer$3 execute
INFO: MockWebServer[55149] starting to accept connections
Jun 20, 2021 4:11:40 PM okhttp3.mockwebserver.MockWebServer$4 processOneRequest
INFO: MockWebServer[55149] received request: GET /status/badrequest HTTP/1.1 and responded: HTTP/1.1 400 Client Error
Jun 20, 2021 4:11:40 PM okhttp3.mockwebserver.MockWebServer$3 acceptConnections
INFO: MockWebServer[55149] done accepting connections: Socket closed
Jun 20, 2021 4:11:40 PM okhttp3.mockwebserver.MockWebServer$3 execute
INFO: MockWebServer[55151] starting to accept connections
Jun 20, 2021 4:11:40 PM okhttp3.mockwebserver.MockWebServer$4 processOneRequest
INFO: MockWebServer[55151] received request: GET /status/badrequest HTTP/1.1 and responded: HTTP/1.1 400 Client Error
Jun 20, 2021 4:11:40 PM okhttp3.mockwebserver.MockWebServer$3 acceptConnections
INFO: MockWebServer[55151] done accepting connections: Socket closed
Jun 20, 2021 4:11:40 PM okhttp3.mockwebserver.MockWebServer$3 execute
INFO: MockWebServer[55153] starting to accept connections
Jun 20, 2021 4:11:40 PM okhttp3.mockwebserver.MockWebServer$4 processOneRequest
INFO: MockWebServer[55153] received request: GET /status/badrequest HTTP/1.1 and responded: HTTP/1.1 400 Client Error
Jun 20, 2021 4:11:40 PM okhttp3.mockwebserver.MockWebServer$3 acceptConnections
INFO: MockWebServer[55153] done accepting connections: Socket closed
Jun 20, 2021 4:11:40 PM okhttp3.mockwebserver.MockWebServer$3 execute
INFO: MockWebServer[55155] starting to accept connections
Jun 20, 2021 4:11:40 PM okhttp3.mockwebserver.MockWebServer$4 processOneRequest
INFO: MockWebServer[55155] received request: POST /post HTTP/1.1 and responded: HTTP/1.1 201 OK
Jun 20, 2021 4:11:40 PM okhttp3.mockwebserver.MockWebServer$3 acceptConnections
INFO: MockWebServer[55155] done accepting connections: Socket closed
Jun 20, 2021 4:11:40 PM okhttp3.mockwebserver.MockWebServer$3 execute
INFO: MockWebServer[55157] starting to accept connections
Jun 20, 2021 4:11:40 PM okhttp3.mockwebserver.MockWebServer$4 processOneRequest
INFO: MockWebServer[55157] received request: POST /post HTTP/1.1 and responded: HTTP/1.1 201 OK
Jun 20, 2021 4:11:40 PM okhttp3.mockwebserver.MockWebServer$3 acceptConnections
INFO: MockWebServer[55157] done accepting connections: Socket closed
Jun 20, 2021 4:11:40 PM okhttp3.mockwebserver.MockWebServer$3 execute
INFO: MockWebServer[55161] starting to accept connections
Jun 20, 2021 4:11:40 PM okhttp3.mockwebserver.MockWebServer$4 processOneRequest
INFO: MockWebServer[55161] received request: POST /post HTTP/1.1 and responded: HTTP/1.1 201 OK
Jun 20, 2021 4:11:40 PM okhttp3.mockwebserver.MockWebServer$3 acceptConnections
INFO: MockWebServer[55161] done accepting connections: Socket closed
Jun 20, 2021 4:11:40 PM okhttp3.mockwebserver.MockWebServer$3 execute
INFO: MockWebServer[55163] starting to accept connections
Jun 20, 2021 4:11:40 PM okhttp3.mockwebserver.MockWebServer$4 processOneRequest
INFO: MockWebServer[55163] received request: POST /post HTTP/1.1 and responded: HTTP/1.1 201 OK
Jun 20, 2021 4:11:40 PM okhttp3.mockwebserver.MockWebServer$3 acceptConnections
INFO: MockWebServer[55163] done accepting connections: Socket closed
Jun 20, 2021 4:11:40 PM okhttp3.mockwebserver.MockWebServer$3 execute
INFO: MockWebServer[55165] starting to accept connections
Jun 20, 2021 4:11:40 PM okhttp3.mockwebserver.MockWebServer$4 processOneRequest
INFO: MockWebServer[55165] received request: POST /post HTTP/1.1 and responded: HTTP/1.1 201 OK
Jun 20, 2021 4:11:40 PM okhttp3.mockwebserver.MockWebServer$3 acceptConnections
INFO: MockWebServer[55165] done accepting connections: Socket closed
Jun 20, 2021 4:11:40 PM okhttp3.mockwebserver.MockWebServer$3 execute
INFO: MockWebServer[55169] starting to accept connections
Jun 20, 2021 4:11:40 PM okhttp3.mockwebserver.MockWebServer$4 processOneRequest
INFO: MockWebServer[55169] received request: POST /post HTTP/1.1 and responded: HTTP/1.1 201 OK
Jun 20, 2021 4:11:40 PM okhttp3.mockwebserver.MockWebServer$3 acceptConnections
INFO: MockWebServer[55169] done accepting connections: Socket closed
Jun 20, 2021 4:11:40 PM okhttp3.mockwebserver.MockWebServer$3 execute
INFO: MockWebServer[55171] starting to accept connections
Jun 20, 2021 4:11:40 PM okhttp3.mockwebserver.MockWebServer$4 processOneRequest
INFO: MockWebServer[55171] received request: POST /post HTTP/1.1 and responded: HTTP/1.1 201 OK
Jun 20, 2021 4:11:40 PM okhttp3.mockwebserver.MockWebServer$3 acceptConnections
INFO: MockWebServer[55171] done accepting connections: Socket closed
Jun 20, 2021 4:11:40 PM okhttp3.mockwebserver.MockWebServer$3 execute
INFO: MockWebServer[55173] starting to accept connections
Jun 20, 2021 4:11:40 PM okhttp3.mockwebserver.MockWebServer$4 processOneRequest
INFO: MockWebServer[55173] received request: POST /post HTTP/1.1 and responded: HTTP/1.1 201 OK
Jun 20, 2021 4:11:40 PM okhttp3.mockwebserver.MockWebServer$3 acceptConnections
INFO: MockWebServer[55173] done accepting connections: Socket closed
Jun 20, 2021 4:11:40 PM okhttp3.mockwebserver.MockWebServer$3 execute
INFO: MockWebServer[55177] starting to accept connections
Jun 20, 2021 4:11:40 PM okhttp3.mockwebserver.MockWebServer$4 processOneRequest
INFO: MockWebServer[55177] received request: GET /uri/Z%C3%BCrich HTTP/1.1 and responded: HTTP/1.1 200 OK
Jun 20, 2021 4:11:40 PM okhttp3.mockwebserver.MockWebServer$4 processOneRequest
INFO: MockWebServer[55177] received request: GET /uri/query=foo@bar HTTP/1.1 and responded: HTTP/1.1 200 OK
Jun 20, 2021 4:11:40 PM okhttp3.mockwebserver.MockWebServer$4 processOneRequest
INFO: MockWebServer[55177] received request: GET /uri/query=T%C5%8Dky%C5%8D HTTP/1.1 and responded: HTTP/1.1 200 OK
Jun 20, 2021 4:11:40 PM okhttp3.mockwebserver.MockWebServer$3 acceptConnections
INFO: MockWebServer[55177] done accepting connections: Socket closed
Jun 20, 2021 4:11:40 PM okhttp3.mockwebserver.MockWebServer$3 execute
INFO: MockWebServer[55179] starting to accept connections
Jun 20, 2021 4:11:40 PM okhttp3.mockwebserver.MockWebServer$4 processOneRequest
INFO: MockWebServer[55179] received request: GET /uri/Z%C3%BCrich HTTP/1.1 and responded: HTTP/1.1 200 OK
Jun 20, 2021 4:11:40 PM okhttp3.mockwebserver.MockWebServer$4 processOneRequest
INFO: MockWebServer[55179] received request: GET /uri/query=foo@bar HTTP/1.1 and responded: HTTP/1.1 200 OK
Jun 20, 2021 4:11:40 PM okhttp3.mockwebserver.MockWebServer$4 processOneRequest
INFO: MockWebServer[55179] received request: GET /uri/query=T%C5%8Dky%C5%8D HTTP/1.1 and responded: HTTP/1.1 200 OK
Jun 20, 2021 4:11:40 PM okhttp3.mockwebserver.MockWebServer$3 acceptConnections
INFO: MockWebServer[55179] done accepting connections: Socket closed
Jun 20, 2021 4:11:40 PM okhttp3.mockwebserver.MockWebServer$3 execute
INFO: MockWebServer[55181] starting to accept connections
Jun 20, 2021 4:11:40 PM okhttp3.mockwebserver.MockWebServer$4 processOneRequest
INFO: MockWebServer[55181] received request: GET /uri/Z%C3%BCrich HTTP/1.1 and responded: HTTP/1.1 200 OK
Jun 20, 2021 4:11:40 PM okhttp3.mockwebserver.MockWebServer$4 processOneRequest
INFO: MockWebServer[55181] received request: GET /uri/query=foo@bar HTTP/1.1 and responded: HTTP/1.1 200 OK
Jun 20, 2021 4:11:40 PM okhttp3.mockwebserver.MockWebServer$4 processOneRequest
INFO: MockWebServer[55181] received request: GET /uri/query=T%C5%8Dky%C5%8D HTTP/1.1 and responded: HTTP/1.1 200 OK
Jun 20, 2021 4:11:40 PM okhttp3.mockwebserver.MockWebServer$3 acceptConnections
INFO: MockWebServer[55181] done accepting connections: Socket closed
Jun 20, 2021 4:11:40 PM okhttp3.mockwebserver.MockWebServer$3 execute
INFO: MockWebServer[55185] starting to accept connections
Jun 20, 2021 4:11:40 PM okhttp3.mockwebserver.MockWebServer$4 processOneRequest
INFO: MockWebServer[55185] received request: GET /uri/Z%C3%BCrich HTTP/1.1 and responded: HTTP/1.1 200 OK
Jun 20, 2021 4:11:40 PM okhttp3.mockwebserver.MockWebServer$4 processOneRequest
INFO: MockWebServer[55185] received request: GET /uri/query=foo@bar HTTP/1.1 and responded: HTTP/1.1 200 OK
Jun 20, 2021 4:11:40 PM okhttp3.mockwebserver.MockWebServer$4 processOneRequest
INFO: MockWebServer[55185] received request: GET /uri/query=T%C5%8Dky%C5%8D HTTP/1.1 and responded: HTTP/1.1 200 OK
Jun 20, 2021 4:11:40 PM okhttp3.mockwebserver.MockWebServer$3 acceptConnections
INFO: MockWebServer[55185] done accepting connections: Socket closed
Jun 20, 2021 4:11:40 PM okhttp3.mockwebserver.MockWebServer$3 execute
INFO: MockWebServer[55187] starting to accept connections
Jun 20, 2021 4:11:40 PM okhttp3.mockwebserver.MockWebServer$4 processOneRequest
INFO: MockWebServer[55187] received request: POST /form HTTP/1.1 and responded: HTTP/1.1 200 OK
Jun 20, 2021 4:11:40 PM okhttp3.mockwebserver.MockWebServer$3 acceptConnections
INFO: MockWebServer[55187] done accepting connections: Socket closed
Jun 20, 2021 4:11:40 PM okhttp3.mockwebserver.MockWebServer$3 execute
INFO: MockWebServer[55189] starting to accept connections
Jun 20, 2021 4:11:40 PM okhttp3.mockwebserver.MockWebServer$4 processOneRequest
INFO: MockWebServer[55189] received request: POST /form HTTP/1.1 and responded: HTTP/1.1 200 OK
Jun 20, 2021 4:11:40 PM okhttp3.mockwebserver.MockWebServer$3 acceptConnections
INFO: MockWebServer[55189] done accepting connections: Socket closed
Jun 20, 2021 4:11:40 PM okhttp3.mockwebserver.MockWebServer$3 execute
INFO: MockWebServer[55191] starting to accept connections
Jun 20, 2021 4:11:40 PM okhttp3.mockwebserver.MockWebServer$4 processOneRequest
INFO: MockWebServer[55191] received request: POST /form HTTP/1.1 and responded: HTTP/1.1 200 OK
Jun 20, 2021 4:11:40 PM okhttp3.mockwebserver.MockWebServer$3 acceptConnections
INFO: MockWebServer[55191] done accepting connections: Socket closed
Jun 20, 2021 4:11:40 PM okhttp3.mockwebserver.MockWebServer$3 execute
INFO: MockWebServer[55194] starting to accept connections
Jun 20, 2021 4:11:40 PM okhttp3.mockwebserver.MockWebServer$4 processOneRequest
INFO: MockWebServer[55194] received request: POST /form HTTP/1.1 and responded: HTTP/1.1 200 OK
Jun 20, 2021 4:11:40 PM okhttp3.mockwebserver.MockWebServer$3 acceptConnections
INFO: MockWebServer[55194] done accepting connections: Socket closed
Jun 20, 2021 4:11:40 PM okhttp3.mockwebserver.MockWebServer$3 execute
INFO: MockWebServer[55197] starting to accept connections
Jun 20, 2021 4:11:40 PM okhttp3.mockwebserver.MockWebServer$4 processOneRequest
INFO: MockWebServer[55197] received request: POST /multipartRelated HTTP/1.1 and responded: HTTP/1.1 200 OK
Jun 20, 2021 4:11:40 PM okhttp3.mockwebserver.MockWebServer$3 acceptConnections
INFO: MockWebServer[55197] done accepting connections: Socket closed
Jun 20, 2021 4:11:40 PM okhttp3.mockwebserver.MockWebServer$3 execute
INFO: MockWebServer[55199] starting to accept connections
Jun 20, 2021 4:11:40 PM okhttp3.mockwebserver.MockWebServer$4 processOneRequest
INFO: MockWebServer[55199] received request: POST /multipartRelated HTTP/1.1 and responded: HTTP/1.1 200 OK
Jun 20, 2021 4:11:40 PM okhttp3.mockwebserver.MockWebServer$3 acceptConnections
INFO: MockWebServer[55199] done accepting connections: Socket closed
Jun 20, 2021 4:11:40 PM okhttp3.mockwebserver.MockWebServer$3 execute
INFO: MockWebServer[55201] starting to accept connections
Jun 20, 2021 4:11:40 PM okhttp3.mockwebserver.MockWebServer$4 processOneRequest
INFO: MockWebServer[55201] received request: POST /multipartRelated HTTP/1.1 and responded: HTTP/1.1 200 OK
Jun 20, 2021 4:11:40 PM okhttp3.mockwebserver.MockWebServer$3 acceptConnections
INFO: MockWebServer[55201] done accepting connections: Socket closed
Jun 20, 2021 4:11:40 PM okhttp3.mockwebserver.MockWebServer$3 execute
INFO: MockWebServer[55203] starting to accept connections
Jun 20, 2021 4:11:40 PM okhttp3.mockwebserver.MockWebServer$4 processOneRequest
INFO: MockWebServer[55203] received request: POST /multipartRelated HTTP/1.1 and responded: HTTP/1.1 200 OK
Jun 20, 2021 4:11:40 PM okhttp3.mockwebserver.MockWebServer$3 acceptConnections
INFO: MockWebServer[55203] done accepting connections: Socket closed
Jun 20, 2021 4:11:40 PM okhttp3.mockwebserver.MockWebServer$3 execute
INFO: MockWebServer[55205] starting to accept connections
Jun 20, 2021 4:11:40 PM okhttp3.mockwebserver.MockWebServer$4 processOneRequest
INFO: MockWebServer[55205] received request: GET /get HTTP/1.1 and responded: HTTP/1.1 200 OK
Jun 20, 2021 4:11:40 PM okhttp3.mockwebserver.MockWebServer$3 acceptConnections
INFO: MockWebServer[55205] done accepting connections: Socket closed
Jun 20, 2021 4:11:40 PM okhttp3.mockwebserver.MockWebServer$3 execute
INFO: MockWebServer[55208] starting to accept connections
Jun 20, 2021 4:11:40 PM okhttp3.mockwebserver.MockWebServer$4 processOneRequest
INFO: MockWebServer[55208] received request: GET /get HTTP/1.1 and responded: HTTP/1.1 200 OK
Jun 20, 2021 4:11:40 PM okhttp3.mockwebserver.MockWebServer$3 acceptConnections
INFO: MockWebServer[55208] done accepting connections: Socket closed
Jun 20, 2021 4:11:40 PM okhttp3.mockwebserver.MockWebServer$3 execute
INFO: MockWebServer[55212] starting to accept connections
Jun 20, 2021 4:11:40 PM okhttp3.mockwebserver.MockWebServer$4 processOneRequest
INFO: MockWebServer[55212] received request: GET /get HTTP/1.1 and responded: HTTP/1.1 200 OK
Jun 20, 2021 4:11:40 PM okhttp3.mockwebserver.MockWebServer$3 acceptConnections
INFO: MockWebServer[55212] done accepting connections: Socket closed
Jun 20, 2021 4:11:40 PM okhttp3.mockwebserver.MockWebServer$3 execute
INFO: MockWebServer[55215] starting to accept connections
Jun 20, 2021 4:11:40 PM okhttp3.mockwebserver.MockWebServer$4 processOneRequest
INFO: MockWebServer[55215] received request: GET /get HTTP/1.1 and responded: HTTP/1.1 200 OK
Jun 20, 2021 4:11:40 PM okhttp3.mockwebserver.MockWebServer$3 acceptConnections
INFO: MockWebServer[55215] done accepting connections: Socket closed
Jun 20, 2021 4:11:40 PM okhttp3.mockwebserver.MockWebServer$3 execute
INFO: MockWebServer[55217] starting to accept connections
Jun 20, 2021 4:11:40 PM okhttp3.mockwebserver.MockWebServer$4 processOneRequest
INFO: MockWebServer[55217] received request: GET /get/nothing HTTP/1.1 and responded: HTTP/1.1 200 OK
Jun 20, 2021 4:11:40 PM okhttp3.mockwebserver.MockWebServer$3 acceptConnections
INFO: MockWebServer[55217] done accepting connections: Socket closed
Jun 20, 2021 4:11:40 PM okhttp3.mockwebserver.MockWebServer$3 execute
INFO: MockWebServer[55219] starting to accept connections
Jun 20, 2021 4:11:40 PM okhttp3.mockwebserver.MockWebServer$4 processOneRequest
INFO: MockWebServer[55219] received request: GET /get/nothing HTTP/1.1 and responded: HTTP/1.1 200 OK
Jun 20, 2021 4:11:40 PM okhttp3.mockwebserver.MockWebServer$3 acceptConnections
INFO: MockWebServer[55219] done accepting connections: Socket closed
Jun 20, 2021 4:11:40 PM okhttp3.mockwebserver.MockWebServer$3 execute
INFO: MockWebServer[55221] starting to accept connections
Jun 20, 2021 4:11:40 PM okhttp3.mockwebserver.MockWebServer$4 processOneRequest
INFO: MockWebServer[55221] received request: GET /get/nothing HTTP/1.1 and responded: HTTP/1.1 200 OK
Jun 20, 2021 4:11:40 PM okhttp3.mockwebserver.MockWebServer$3 acceptConnections
INFO: MockWebServer[55221] done accepting connections: Socket closed
Jun 20, 2021 4:11:40 PM okhttp3.mockwebserver.MockWebServer$3 execute
INFO: MockWebServer[55223] starting to accept connections
Jun 20, 2021 4:11:40 PM okhttp3.mockwebserver.MockWebServer$4 processOneRequest
INFO: MockWebServer[55223] received request: GET /get/nothing HTTP/1.1 and responded: HTTP/1.1 200 OK
Jun 20, 2021 4:11:40 PM okhttp3.mockwebserver.MockWebServer$3 acceptConnections
INFO: MockWebServer[55223] done accepting connections: Socket closed
Jun 20, 2021 4:11:40 PM okhttp3.mockwebserver.MockWebServer$3 execute
INFO: MockWebServer[55225] starting to accept connections
Jun 20, 2021 4:11:40 PM okhttp3.mockwebserver.MockWebServer$3 acceptConnections
INFO: MockWebServer[55225] done accepting connections: Socket closed
Jun 20, 2021 4:11:40 PM okhttp3.mockwebserver.MockWebServer$3 execute
INFO: MockWebServer[55226] starting to accept connections
Jun 20, 2021 4:11:40 PM okhttp3.mockwebserver.MockWebServer$4 processOneRequest
INFO: MockWebServer[55226] received request: PATCH /patch HTTP/1.1 and responded: HTTP/1.1 201 OK
Jun 20, 2021 4:11:40 PM okhttp3.mockwebserver.MockWebServer$3 acceptConnections
INFO: MockWebServer[55226] done accepting connections: Socket closed
Jun 20, 2021 4:11:40 PM okhttp3.mockwebserver.MockWebServer$3 execute
INFO: MockWebServer[55228] starting to accept connections
Jun 20, 2021 4:11:40 PM okhttp3.mockwebserver.MockWebServer$4 processOneRequest
INFO: MockWebServer[55228] received request: PATCH /patch HTTP/1.1 and responded: HTTP/1.1 201 OK
Jun 20, 2021 4:11:40 PM okhttp3.mockwebserver.MockWebServer$3 acceptConnections
INFO: MockWebServer[55228] done accepting connections: Socket closed
Jun 20, 2021 4:11:40 PM okhttp3.mockwebserver.MockWebServer$3 execute
INFO: MockWebServer[55230] starting to accept connections
Jun 20, 2021 4:11:40 PM okhttp3.mockwebserver.MockWebServer$4 processOneRequest
INFO: MockWebServer[55230] received request: PATCH /patch HTTP/1.1 and responded: HTTP/1.1 201 OK
Jun 20, 2021 4:11:40 PM okhttp3.mockwebserver.MockWebServer$3 acceptConnections
INFO: MockWebServer[55230] done accepting connections: Socket closed
Jun 20, 2021 4:11:40 PM okhttp3.mockwebserver.MockWebServer$3 execute
INFO: MockWebServer[55232] starting to accept connections
Jun 20, 2021 4:11:41 PM okhttp3.mockwebserver.MockWebServer$4 processOneRequest
INFO: MockWebServer[55232] received request: GET /get HTTP/1.1 and responded: HTTP/1.1 200 OK
Jun 20, 2021 4:11:41 PM okhttp3.mockwebserver.MockWebServer$3 acceptConnections
INFO: MockWebServer[55232] done accepting connections: Socket closed
Jun 20, 2021 4:11:41 PM okhttp3.mockwebserver.MockWebServer$3 execute
INFO: MockWebServer[55234] starting to accept connections
Jun 20, 2021 4:11:41 PM okhttp3.mockwebserver.MockWebServer$4 processOneRequest
INFO: MockWebServer[55234] received request: GET /get HTTP/1.1 and responded: HTTP/1.1 200 OK
Jun 20, 2021 4:11:41 PM okhttp3.mockwebserver.MockWebServer$3 acceptConnections
INFO: MockWebServer[55234] done accepting connections: Socket closed
Jun 20, 2021 4:11:41 PM okhttp3.mockwebserver.MockWebServer$3 execute
INFO: MockWebServer[55236] starting to accept connections
Jun 20, 2021 4:11:41 PM okhttp3.mockwebserver.MockWebServer$4 processOneRequest
INFO: MockWebServer[55236] received request: GET /get HTTP/1.1 and responded: HTTP/1.1 200 OK
Jun 20, 2021 4:11:41 PM okhttp3.mockwebserver.MockWebServer$3 acceptConnections
INFO: MockWebServer[55236] done accepting connections: Socket closed
Jun 20, 2021 4:11:41 PM okhttp3.mockwebserver.MockWebServer$3 execute
INFO: MockWebServer[55239] starting to accept connections
Jun 20, 2021 4:11:41 PM okhttp3.mockwebserver.MockWebServer$4 processOneRequest
INFO: MockWebServer[55239] received request: GET /get HTTP/1.1 and responded: HTTP/1.1 200 OK
Jun 20, 2021 4:11:41 PM okhttp3.mockwebserver.MockWebServer$3 acceptConnections
INFO: MockWebServer[55239] done accepting connections: Socket closed
Jun 20, 2021 4:11:41 PM okhttp3.mockwebserver.MockWebServer$3 execute
INFO: MockWebServer[55243] starting to accept connections
Jun 20, 2021 4:11:41 PM okhttp3.mockwebserver.MockWebServer$4 processOneRequest
INFO: MockWebServer[55243] received request: OPTIONS /get HTTP/1.1 and responded: HTTP/1.1 200 OK
Jun 20, 2021 4:11:41 PM okhttp3.mockwebserver.MockWebServer$3 acceptConnections
INFO: MockWebServer[55243] done accepting connections: Socket closed
Jun 20, 2021 4:11:41 PM okhttp3.mockwebserver.MockWebServer$3 execute
INFO: MockWebServer[55245] starting to accept connections
Jun 20, 2021 4:11:41 PM okhttp3.mockwebserver.MockWebServer$4 processOneRequest
INFO: MockWebServer[55245] received request: OPTIONS /get HTTP/1.1 and responded: HTTP/1.1 200 OK
Jun 20, 2021 4:11:41 PM okhttp3.mockwebserver.MockWebServer$3 acceptConnections
INFO: MockWebServer[55245] done accepting connections: Socket closed
Jun 20, 2021 4:11:41 PM okhttp3.mockwebserver.MockWebServer$3 execute
INFO: MockWebServer[55247] starting to accept connections
Jun 20, 2021 4:11:41 PM okhttp3.mockwebserver.MockWebServer$4 processOneRequest
INFO: MockWebServer[55247] received request: OPTIONS /get HTTP/1.1 and responded: HTTP/1.1 200 OK
Jun 20, 2021 4:11:41 PM okhttp3.mockwebserver.MockWebServer$3 acceptConnections
INFO: MockWebServer[55247] done accepting connections: Socket closed
Jun 20, 2021 4:11:41 PM okhttp3.mockwebserver.MockWebServer$3 execute
INFO: MockWebServer[55249] starting to accept connections
Jun 20, 2021 4:11:41 PM okhttp3.mockwebserver.MockWebServer$4 processOneRequest
INFO: MockWebServer[55249] received request: OPTIONS /get HTTP/1.1 and responded: HTTP/1.1 200 OK
Jun 20, 2021 4:11:41 PM okhttp3.mockwebserver.MockWebServer$3 acceptConnections
INFO: MockWebServer[55249] done accepting connections: Socket closed
Jun 20, 2021 4:11:41 PM okhttp3.mockwebserver.MockWebServer$3 execute
INFO: MockWebServer[55251] starting to accept connections
Jun 20, 2021 4:11:41 PM okhttp3.mockwebserver.MockWebServer$4 processOneRequest
INFO: MockWebServer[55251] received request: POST /post HTTP/1.1 and responded: HTTP/1.1 201 OK
Jun 20, 2021 4:11:41 PM okhttp3.mockwebserver.MockWebServer$3 acceptConnections
INFO: MockWebServer[55251] done accepting connections: Socket closed
Jun 20, 2021 4:11:41 PM okhttp3.mockwebserver.MockWebServer$3 execute
INFO: MockWebServer[55254] starting to accept connections
Jun 20, 2021 4:11:41 PM okhttp3.mockwebserver.MockWebServer$4 processOneRequest
INFO: MockWebServer[55254] received request: POST /post HTTP/1.1 and responded: HTTP/1.1 201 OK
Jun 20, 2021 4:11:41 PM okhttp3.mockwebserver.MockWebServer$3 acceptConnections
INFO: MockWebServer[55254] done accepting connections: Socket closed
Jun 20, 2021 4:11:41 PM okhttp3.mockwebserver.MockWebServer$3 execute
INFO: MockWebServer[55260] starting to accept connections
Jun 20, 2021 4:11:41 PM okhttp3.mockwebserver.MockWebServer$4 processOneRequest
INFO: MockWebServer[55260] received request: POST /post HTTP/1.1 and responded: HTTP/1.1 201 OK
Jun 20, 2021 4:11:41 PM okhttp3.mockwebserver.MockWebServer$3 acceptConnections
INFO: MockWebServer[55260] done accepting connections: Socket closed
Jun 20, 2021 4:11:41 PM okhttp3.mockwebserver.MockWebServer$3 execute
INFO: MockWebServer[55262] starting to accept connections
Jun 20, 2021 4:11:41 PM okhttp3.mockwebserver.MockWebServer$4 processOneRequest
INFO: MockWebServer[55262] received request: POST /post HTTP/1.1 and responded: HTTP/1.1 201 OK
Jun 20, 2021 4:11:41 PM okhttp3.mockwebserver.MockWebServer$3 acceptConnections
INFO: MockWebServer[55262] done accepting connections: Socket closed
Jun 20, 2021 4:11:41 PM okhttp3.mockwebserver.MockWebServer$3 execute
INFO: MockWebServer[55264] starting to accept connections
Jun 20, 2021 4:11:41 PM okhttp3.mockwebserver.MockWebServer$4 processOneRequest
INFO: MockWebServer[55264] received request: GET /status/nocontent HTTP/1.1 and responded: HTTP/1.1 204 OK
Jun 20, 2021 4:11:41 PM okhttp3.mockwebserver.MockWebServer$4 processOneRequest
INFO: MockWebServer[55264] received request: GET /status/nocontent HTTP/1.1 and responded: HTTP/1.1 204 OK
Jun 20, 2021 4:11:41 PM okhttp3.mockwebserver.MockWebServer$3 acceptConnections
INFO: MockWebServer[55264] done accepting connections: Socket closed
Jun 20, 2021 4:11:41 PM okhttp3.mockwebserver.MockWebServer$3 execute
INFO: MockWebServer[55266] starting to accept connections
Jun 20, 2021 4:11:41 PM okhttp3.mockwebserver.MockWebServer$4 processOneRequest
INFO: MockWebServer[55266] received request: GET /status/nocontent HTTP/1.1 and responded: HTTP/1.1 204 OK
Jun 20, 2021 4:11:41 PM okhttp3.mockwebserver.MockWebServer$4 processOneRequest
INFO: MockWebServer[55266] received request: GET /status/nocontent HTTP/1.1 and responded: HTTP/1.1 204 OK
Jun 20, 2021 4:11:41 PM okhttp3.mockwebserver.MockWebServer$3 acceptConnections
INFO: MockWebServer[55266] done accepting connections: Socket closed
Jun 20, 2021 4:11:41 PM okhttp3.mockwebserver.MockWebServer$3 execute
INFO: MockWebServer[55268] starting to accept connections
Jun 20, 2021 4:11:41 PM okhttp3.mockwebserver.MockWebServer$4 processOneRequest
INFO: MockWebServer[55268] received request: GET /status/nocontent HTTP/1.1 and responded: HTTP/1.1 204 OK
Jun 20, 2021 4:11:41 PM okhttp3.mockwebserver.MockWebServer$4 processOneRequest
INFO: MockWebServer[55268] received request: GET /status/nocontent HTTP/1.1 and responded: HTTP/1.1 204 OK
Jun 20, 2021 4:11:41 PM okhttp3.mockwebserver.MockWebServer$3 acceptConnections
INFO: MockWebServer[55268] done accepting connections: Socket closed
Jun 20, 2021 4:11:41 PM okhttp3.mockwebserver.MockWebServer$3 execute
INFO: MockWebServer[55271] starting to accept connections
Jun 20, 2021 4:11:41 PM okhttp3.mockwebserver.MockWebServer$4 processOneRequest
INFO: MockWebServer[55271] received request: GET /status/nocontent HTTP/1.1 and responded: HTTP/1.1 204 OK
Jun 20, 2021 4:11:41 PM okhttp3.mockwebserver.MockWebServer$4 processOneRequest
INFO: MockWebServer[55271] received request: GET /status/nocontent HTTP/1.1 and responded: HTTP/1.1 204 OK
Jun 20, 2021 4:11:41 PM okhttp3.mockwebserver.MockWebServer$3 acceptConnections
INFO: MockWebServer[55271] done accepting connections: Socket closed
Jun 20, 2021 4:11:41 PM okhttp3.mockwebserver.MockWebServer$3 execute
INFO: MockWebServer[55273] starting to accept connections
Jun 20, 2021 4:11:41 PM okhttp3.mockwebserver.MockWebServer$4 processOneRequest
INFO: MockWebServer[55273] received request: GET /status/notfound HTTP/1.1 and responded: HTTP/1.1 404 Client Error
Jun 20, 2021 4:11:41 PM okhttp3.mockwebserver.MockWebServer$3 acceptConnections
INFO: MockWebServer[55273] done accepting connections: Socket closed
Jun 20, 2021 4:11:41 PM okhttp3.mockwebserver.MockWebServer$3 execute
INFO: MockWebServer[55275] starting to accept connections
Jun 20, 2021 4:11:41 PM okhttp3.mockwebserver.MockWebServer$4 processOneRequest
INFO: MockWebServer[55275] received request: GET /status/notfound HTTP/1.1 and responded: HTTP/1.1 404 Client Error
Jun 20, 2021 4:11:41 PM okhttp3.mockwebserver.MockWebServer$3 acceptConnections
INFO: MockWebServer[55275] done accepting connections: Socket closed
Jun 20, 2021 4:11:41 PM okhttp3.mockwebserver.MockWebServer$3 execute
INFO: MockWebServer[55277] starting to accept connections
Jun 20, 2021 4:11:41 PM okhttp3.mockwebserver.MockWebServer$4 processOneRequest
INFO: MockWebServer[55277] received request: GET /status/notfound HTTP/1.1 and responded: HTTP/1.1 404 Client Error
Jun 20, 2021 4:11:41 PM okhttp3.mockwebserver.MockWebServer$3 acceptConnections
INFO: MockWebServer[55277] done accepting connections: Socket closed
Jun 20, 2021 4:11:41 PM okhttp3.mockwebserver.MockWebServer$3 execute
INFO: MockWebServer[55279] starting to accept connections
Jun 20, 2021 4:11:41 PM okhttp3.mockwebserver.MockWebServer$4 processOneRequest
INFO: MockWebServer[55279] received request: GET /status/notfound HTTP/1.1 and responded: HTTP/1.1 404 Client Error
Jun 20, 2021 4:11:41 PM okhttp3.mockwebserver.MockWebServer$3 acceptConnections
INFO: MockWebServer[55279] done accepting connections: Socket closed
Jun 20, 2021 4:11:41 PM okhttp3.mockwebserver.MockWebServer$3 execute
INFO: MockWebServer[55281] starting to accept connections
Jun 20, 2021 4:11:41 PM okhttp3.mockwebserver.MockWebServer$4 processOneRequest
INFO: MockWebServer[55281] received request: POST /multipartFormData HTTP/1.1 and responded: HTTP/1.1 200 OK
Jun 20, 2021 4:11:41 PM okhttp3.mockwebserver.MockWebServer$3 acceptConnections
INFO: MockWebServer[55281] done accepting connections: Socket closed
Jun 20, 2021 4:11:41 PM okhttp3.mockwebserver.MockWebServer$3 execute
INFO: MockWebServer[55285] starting to accept connections
Jun 20, 2021 4:11:41 PM okhttp3.mockwebserver.MockWebServer$4 processOneRequest
INFO: MockWebServer[55285] received request: POST /multipartFormData HTTP/1.1 and responded: HTTP/1.1 200 OK
Jun 20, 2021 4:11:41 PM okhttp3.mockwebserver.MockWebServer$3 acceptConnections
INFO: MockWebServer[55285] done accepting connections: Socket closed
Jun 20, 2021 4:11:41 PM okhttp3.mockwebserver.MockWebServer$3 execute
INFO: MockWebServer[55287] starting to accept connections
Jun 20, 2021 4:11:41 PM okhttp3.mockwebserver.MockWebServer$4 processOneRequest
INFO: MockWebServer[55287] received request: POST /multipartFormData HTTP/1.1 and responded: HTTP/1.1 200 OK
Jun 20, 2021 4:11:41 PM okhttp3.mockwebserver.MockWebServer$3 acceptConnections
INFO: MockWebServer[55287] done accepting connections: Socket closed
Jun 20, 2021 4:11:41 PM okhttp3.mockwebserver.MockWebServer$3 execute
INFO: MockWebServer[55289] starting to accept connections
Jun 20, 2021 4:11:41 PM okhttp3.mockwebserver.MockWebServer$4 processOneRequest
INFO: MockWebServer[55289] received request: POST /multipartFormData HTTP/1.1 and responded: HTTP/1.1 200 OK
Jun 20, 2021 4:11:41 PM okhttp3.mockwebserver.MockWebServer$3 acceptConnections
INFO: MockWebServer[55289] done accepting connections: Socket closed
Jun 20, 2021 4:11:41 PM okhttp3.mockwebserver.MockWebServer$3 execute
INFO: MockWebServer[55291] starting to accept connections
Jun 20, 2021 4:11:41 PM okhttp3.mockwebserver.MockWebServer$4 processOneRequest
INFO: MockWebServer[55291] received request: POST /jsonpost HTTP/1.1 and responded: HTTP/1.1 201 OK
Jun 20, 2021 4:11:41 PM okhttp3.mockwebserver.MockWebServer$3 acceptConnections
INFO: MockWebServer[55291] done accepting connections: Socket closed
Jun 20, 2021 4:11:41 PM okhttp3.mockwebserver.MockWebServer$3 execute
INFO: MockWebServer[55297] starting to accept connections
Jun 20, 2021 4:11:41 PM okhttp3.mockwebserver.MockWebServer$4 processOneRequest
INFO: MockWebServer[55297] received request: POST /jsonpost HTTP/1.1 and responded: HTTP/1.1 201 OK
Jun 20, 2021 4:11:41 PM okhttp3.mockwebserver.MockWebServer$3 acceptConnections
INFO: MockWebServer[55297] done accepting connections: Socket closed
Jun 20, 2021 4:11:41 PM okhttp3.mockwebserver.MockWebServer$3 execute
INFO: MockWebServer[55300] starting to accept connections
Jun 20, 2021 4:11:41 PM okhttp3.mockwebserver.MockWebServer$4 processOneRequest
INFO: MockWebServer[55300] received request: POST /jsonpost HTTP/1.1 and responded: HTTP/1.1 201 OK
Jun 20, 2021 4:11:41 PM okhttp3.mockwebserver.MockWebServer$3 acceptConnections
INFO: MockWebServer[55300] done accepting connections: Socket closed
Jun 20, 2021 4:11:41 PM okhttp3.mockwebserver.MockWebServer$3 execute
INFO: MockWebServer[55302] starting to accept connections
Jun 20, 2021 4:11:41 PM okhttp3.mockwebserver.MockWebServer$4 processOneRequest
INFO: MockWebServer[55302] received request: POST /jsonpost HTTP/1.1 and responded: HTTP/1.1 201 OK
Jun 20, 2021 4:11:41 PM okhttp3.mockwebserver.MockWebServer$3 acceptConnections
INFO: MockWebServer[55302] done accepting connections: Socket closed
]]></system-err>
</testsuite>
