<?xml version="1.0" encoding="UTF-8"?>
<testsuite name="org.springframework.http.converter.BufferedImageHttpMessageConverterTests" tests="5" skipped="0" failures="0" errors="0" timestamp="2021-06-20T08:11:49" hostname="gankangdembp" time="1.613">
  <properties/>
  <testcase name="canWrite()" classname="org.springframework.http.converter.BufferedImageHttpMessageConverterTests" time="0.131"/>
  <testcase name="read()" classname="org.springframework.http.converter.BufferedImageHttpMessageConverterTests" time="0.252"/>
  <testcase name="write()" classname="org.springframework.http.converter.BufferedImageHttpMessageConverterTests" time="0.744"/>
  <testcase name="canRead()" classname="org.springframework.http.converter.BufferedImageHttpMessageConverterTests" time="0.001"/>
  <testcase name="writeDefaultContentType()" classname="org.springframework.http.converter.BufferedImageHttpMessageConverterTests" time="0.484"/>
  <system-out><![CDATA[]]></system-out>
  <system-err><![CDATA[]]></system-err>
</testsuite>
