<?xml version="1.0" encoding="UTF-8"?>
<testsuite name="org.springframework.http.codec.protobuf.ProtobufEncoderTests" tests="3" skipped="0" failures="0" errors="0" timestamp="2021-06-20T08:12:06" hostname="gankangdembp" time="0.038">
  <properties/>
  <testcase name="encode()" classname="org.springframework.http.codec.protobuf.ProtobufEncoderTests" time="0.029"/>
  <testcase name="encodeStream()" classname="org.springframework.http.codec.protobuf.ProtobufEncoderTests" time="0.007"/>
  <testcase name="canEncode()" classname="org.springframework.http.codec.protobuf.ProtobufEncoderTests" time="0.001"/>
  <system-out><![CDATA[]]></system-out>
  <system-err><![CDATA[]]></system-err>
</testsuite>
