<?xml version="1.0" encoding="UTF-8"?>
<testsuite name="org.springframework.http.server.reactive.WriteOnlyHandlerIntegrationTests" tests="4" skipped="0" failures="0" errors="0" timestamp="2020-05-29T13:59:52" hostname="bamboo-18" time="0.357">
  <properties/>
  <testcase name="writeOnly(HttpServer)[1]" classname="org.springframework.http.server.reactive.WriteOnlyHandlerIntegrationTests" time="0.092"/>
  <testcase name="writeOnly(HttpServer)[2]" classname="org.springframework.http.server.reactive.WriteOnlyHandlerIntegrationTests" time="0.011"/>
  <testcase name="writeOnly(HttpServer)[3]" classname="org.springframework.http.server.reactive.WriteOnlyHandlerIntegrationTests" time="0.208"/>
  <testcase name="writeOnly(HttpServer)[4]" classname="org.springframework.http.server.reactive.WriteOnlyHandlerIntegrationTests" time="0.043"/>
  <system-out><![CDATA[13:59:52.451 [Test worker] DEBUG o.s.w.t.h.s.r.b.JettyHttpServer - Starting JettyHttpServer...
13:59:52.511 [Test worker] DEBUG o.s.w.t.h.s.r.b.JettyHttpServer - Server started on port 41909(0 millis).
13:59:52.514 [Test worker] DEBUG o.s.w.c.RestTemplate - HTTP POST http://localhost:41909
13:59:52.514 [Test worker] DEBUG o.s.w.c.RestTemplate - Accept=[application/octet-stream, application/xml, text/xml, application/json, application/x-jackson-smile, application/cbor, application/*+xml, application/*+json, */*]
13:59:52.514 [Test worker] DEBUG o.s.w.c.RestTemplate - Writing [[B@19f9df4a] with org.springframework.http.converter.ByteArrayHttpMessageConverter
13:59:52.537 [Test worker] DEBUG o.s.w.c.RestTemplate - Response 200 OK
13:59:52.537 [Test worker] DEBUG o.s.w.c.RestTemplate - Reading to [[B] as "application/octet-stream"
13:59:52.538 [Test worker] DEBUG o.s.w.t.h.s.r.b.JettyHttpServer - Stopping JettyHttpServer...
13:59:52.542 [Test worker] DEBUG o.s.w.t.h.s.r.b.JettyHttpServer - Server stopped (0 millis).
13:59:52.543 [Test worker] DEBUG o.s.w.t.h.s.r.b.ReactorHttpServer - Starting ReactorHttpServer...
13:59:52.544 [Test worker] DEBUG o.s.w.t.h.s.r.b.ReactorHttpServer - Server started on port 36627(0 millis).
13:59:52.547 [Test worker] DEBUG o.s.w.c.RestTemplate - HTTP POST http://localhost:36627
13:59:52.548 [Test worker] DEBUG o.s.w.c.RestTemplate - Accept=[application/octet-stream, application/xml, text/xml, application/json, application/x-jackson-smile, application/cbor, application/*+xml, application/*+json, */*]
13:59:52.548 [Test worker] DEBUG o.s.w.c.RestTemplate - Writing [[B@389cb74a] with org.springframework.http.converter.ByteArrayHttpMessageConverter
13:59:52.550 [Test worker] DEBUG o.s.w.c.RestTemplate - Response 200 OK
13:59:52.552 [Test worker] DEBUG o.s.w.c.RestTemplate - Reading to [[B] as "application/octet-stream"
13:59:52.554 [Test worker] DEBUG o.s.w.t.h.s.r.b.ReactorHttpServer - Stopping ReactorHttpServer...
13:59:52.554 [Test worker] DEBUG o.s.w.t.h.s.r.b.ReactorHttpServer - Server stopped (0 millis).
13:59:52.555 [Test worker] DEBUG o.s.w.t.h.s.r.b.TomcatHttpServer - Starting TomcatHttpServer...
13:59:52.715 [Test worker] DEBUG o.s.w.t.h.s.r.b.TomcatHttpServer - Server started on port 42869(0 millis).
13:59:52.717 [Test worker] DEBUG o.s.w.c.RestTemplate - HTTP POST http://localhost:42869
13:59:52.718 [Test worker] DEBUG o.s.w.c.RestTemplate - Accept=[application/octet-stream, application/xml, text/xml, application/json, application/x-jackson-smile, application/cbor, application/*+xml, application/*+json, */*]
13:59:52.718 [Test worker] DEBUG o.s.w.c.RestTemplate - Writing [[B@5f84e545] with org.springframework.http.converter.ByteArrayHttpMessageConverter
13:59:52.745 [Test worker] DEBUG o.s.w.c.RestTemplate - Response 200 OK
13:59:52.745 [Test worker] DEBUG o.s.w.c.RestTemplate - Reading to [[B] as "application/octet-stream"
13:59:52.748 [Test worker] DEBUG o.s.w.t.h.s.r.b.TomcatHttpServer - Stopping TomcatHttpServer...
13:59:52.763 [Test worker] DEBUG o.s.w.t.h.s.r.b.TomcatHttpServer - Server stopped (0 millis).
13:59:52.764 [Test worker] DEBUG o.s.w.t.h.s.r.b.UndertowHttpServer - Starting UndertowHttpServer...
13:59:52.798 [Test worker] DEBUG o.s.w.t.h.s.r.b.UndertowHttpServer - Server started on port 39781(0 millis).
13:59:52.800 [Test worker] DEBUG o.s.w.c.RestTemplate - HTTP POST http://localhost:39781
13:59:52.801 [Test worker] DEBUG o.s.w.c.RestTemplate - Accept=[application/octet-stream, application/xml, text/xml, application/json, application/x-jackson-smile, application/cbor, application/*+xml, application/*+json, */*]
13:59:52.801 [Test worker] DEBUG o.s.w.c.RestTemplate - Writing [[B@741345a5] with org.springframework.http.converter.ByteArrayHttpMessageConverter
13:59:52.805 [Test worker] DEBUG o.s.w.c.RestTemplate - Response 200 OK
13:59:52.805 [Test worker] DEBUG o.s.w.c.RestTemplate - Reading to [[B] as "application/octet-stream"
13:59:52.806 [Test worker] DEBUG o.s.w.t.h.s.r.b.UndertowHttpServer - Stopping UndertowHttpServer...
13:59:52.807 [Test worker] DEBUG o.s.w.t.h.s.r.b.UndertowHttpServer - Server stopped (0 millis).
]]></system-out>
  <system-err><![CDATA[May 29, 2020 1:59:52 PM org.apache.catalina.core.StandardService startInternal
INFO: Starting service [Tomcat]
May 29, 2020 1:59:52 PM org.apache.catalina.core.StandardEngine startInternal
INFO: Starting Servlet engine: [Apache Tomcat/9.0.35]
May 29, 2020 1:59:52 PM org.apache.coyote.AbstractProtocol init
INFO: Initializing ProtocolHandler ["http-nio-auto-10"]
May 29, 2020 1:59:52 PM org.apache.coyote.AbstractProtocol start
INFO: Starting ProtocolHandler ["http-nio-auto-10-42869"]
May 29, 2020 1:59:52 PM org.apache.coyote.AbstractProtocol pause
INFO: Pausing ProtocolHandler ["http-nio-auto-10-42869"]
May 29, 2020 1:59:52 PM org.apache.catalina.core.StandardService stopInternal
INFO: Stopping service [Tomcat]
May 29, 2020 1:59:52 PM org.apache.coyote.AbstractProtocol stop
INFO: Stopping ProtocolHandler ["http-nio-auto-10-42869"]
May 29, 2020 1:59:52 PM org.apache.coyote.AbstractProtocol destroy
INFO: Destroying ProtocolHandler ["http-nio-auto-10-42869"]
]]></system-err>
</testsuite>
