<?xml version="1.0" encoding="UTF-8"?>
<testsuite name="org.springframework.web.filter.DelegatingFilterProxyTests" tests="13" skipped="0" failures="0" errors="0" timestamp="2020-05-29T14:00:13" hostname="bamboo-18" time="0.04">
  <properties/>
  <testcase name="testDelegatingFilterProxyNotInjectedWacServletAttrPreferred()" classname="org.springframework.web.filter.DelegatingFilterProxyTests" time="0.011"/>
  <testcase name="testDelegatingFilterProxyAndCustomContextAttribute()" classname="org.springframework.web.filter.DelegatingFilterProxyTests" time="0.009"/>
  <testcase name="testDelegatingFilterProxy()" classname="org.springframework.web.filter.DelegatingFilterProxyTests" time="0.001"/>
  <testcase name="testDelegatingFilterProxyWithFilterDelegateInstance()" classname="org.springframework.web.filter.DelegatingFilterProxyTests" time="0.001"/>
  <testcase name="testDelegatingFilterProxyWithTargetBeanNameAndNotYetRefreshedApplicationContext()" classname="org.springframework.web.filter.DelegatingFilterProxyTests" time="0.001"/>
  <testcase name="testDelegatingFilterProxyInjectedPreferred()" classname="org.springframework.web.filter.DelegatingFilterProxyTests" time="0.001"/>
  <testcase name="testDelegatingFilterProxyWithTargetBeanNameAndNoApplicationContext()" classname="org.springframework.web.filter.DelegatingFilterProxyTests" time="0.002"/>
  <testcase name="testDelegatingFilterProxyWithTargetBeanName()" classname="org.springframework.web.filter.DelegatingFilterProxyTests" time="0.001"/>
  <testcase name="testDelegatingFilterProxyWithFilterName()" classname="org.springframework.web.filter.DelegatingFilterProxyTests" time="0.001"/>
  <testcase name="testDelegatingFilterProxyWithTargetFilterLifecycle()" classname="org.springframework.web.filter.DelegatingFilterProxyTests" time="0.003"/>
  <testcase name="testDelegatingFilterProxyWithFrameworkServletContext()" classname="org.springframework.web.filter.DelegatingFilterProxyTests" time="0.001"/>
  <testcase name="testDelegatingFilterProxyNotInjectedWithRootPreferred()" classname="org.springframework.web.filter.DelegatingFilterProxyTests" time="0.001"/>
  <testcase name="testDelegatingFilterProxyWithLazyContextStartup()" classname="org.springframework.web.filter.DelegatingFilterProxyTests" time="0.001"/>
  <system-out><![CDATA[14:00:13.144 [Test worker] DEBUG o.s.w.c.s.StaticWebApplicationContext - Refreshing Root WebApplicationContext
14:00:13.150 [Test worker] DEBUG o.s.w.c.s.StaticWebApplicationContext - Refreshing Root WebApplicationContext
14:00:13.155 [Test worker] DEBUG o.s.w.c.s.StaticWebApplicationContext - Refreshing Root WebApplicationContext
14:00:13.164 [Test worker] DEBUG o.s.w.f.DelegatingFilterProxy - Filter '' configured for use
14:00:13.165 [Test worker] DEBUG o.s.w.c.s.StaticWebApplicationContext - Refreshing Root WebApplicationContext
14:00:13.166 [Test worker] DEBUG o.s.w.f.DelegatingFilterProxy - Filter '' configured for use
14:00:13.166 [Test worker] DEBUG o.s.w.f.DelegatingFilterProxy - Filter '' configured for use
14:00:13.167 [Test worker] DEBUG o.s.w.c.s.StaticWebApplicationContext - Refreshing Root WebApplicationContext
14:00:13.167 [Test worker] DEBUG o.s.w.f.DelegatingFilterProxy - Filter '' configured for use
14:00:13.167 [Test worker] DEBUG o.s.w.c.s.StaticWebApplicationContext - Refreshing Root WebApplicationContext
14:00:13.168 [Test worker] DEBUG o.s.w.c.s.StaticWebApplicationContext - Refreshing Root WebApplicationContext
14:00:13.168 [Test worker] DEBUG o.s.w.f.DelegatingFilterProxy - Filter '' configured for use
14:00:13.171 [Test worker] DEBUG o.s.w.c.s.StaticWebApplicationContext - Refreshing Root WebApplicationContext
14:00:13.171 [Test worker] DEBUG o.s.w.f.DelegatingFilterProxy - Filter '' configured for use
14:00:13.171 [Test worker] DEBUG o.s.w.c.s.StaticWebApplicationContext - Refreshing Root WebApplicationContext
14:00:13.172 [Test worker] DEBUG o.s.w.f.DelegatingFilterProxy - Filter 'targetFilter' configured for use
14:00:13.172 [Test worker] DEBUG o.s.w.c.s.StaticWebApplicationContext - Refreshing Root WebApplicationContext
14:00:13.175 [Test worker] DEBUG o.s.w.f.DelegatingFilterProxy - Filter '' configured for use
14:00:13.181 [Test worker] DEBUG o.s.w.c.s.StaticWebApplicationContext - Refreshing Root WebApplicationContext
14:00:13.182 [Test worker] DEBUG o.s.w.f.DelegatingFilterProxy - Filter '' configured for use
14:00:13.182 [Test worker] DEBUG o.s.w.c.s.StaticWebApplicationContext - Refreshing Root WebApplicationContext
14:00:13.182 [Test worker] DEBUG o.s.w.c.s.StaticWebApplicationContext - Refreshing Root WebApplicationContext
14:00:13.183 [Test worker] DEBUG o.s.w.f.DelegatingFilterProxy - Filter '' configured for use
14:00:13.183 [Test worker] DEBUG o.s.w.c.s.StaticWebApplicationContext - Refreshing Root WebApplicationContext
]]></system-out>
  <system-err><![CDATA[]]></system-err>
</testsuite>
