<?xml version="1.0" encoding="UTF-8"?>
<testsuite name="org.springframework.http.codec.xml.Jaxb2XmlDecoderTests" tests="10" skipped="0" failures="0" errors="0" timestamp="2021-06-20T08:12:02" hostname="gankangdembp" time="0.342">
  <properties/>
  <testcase name="decodeSingleXmlTypeElement()" classname="org.springframework.http.codec.xml.Jaxb2XmlDecoderTests" time="0.122"/>
  <testcase name="splitOneBranches()" classname="org.springframework.http.codec.xml.Jaxb2XmlDecoderTests" time="0.01"/>
  <testcase name="decodeMultipleXmlTypeElement()" classname="org.springframework.http.codec.xml.Jaxb2XmlDecoderTests" time="0.038"/>
  <testcase name="canDecode()" classname="org.springframework.http.codec.xml.Jaxb2XmlDecoderTests" time="0.0"/>
  <testcase name="toExpectedQName()" classname="org.springframework.http.codec.xml.Jaxb2XmlDecoderTests" time="0.01"/>
  <testcase name="splitMultipleBranches()" classname="org.springframework.http.codec.xml.Jaxb2XmlDecoderTests" time="0.004"/>
  <testcase name="decodeError()" classname="org.springframework.http.codec.xml.Jaxb2XmlDecoderTests" time="0.002"/>
  <testcase name="decodeErrorWithXmlNotWellFormed()" classname="org.springframework.http.codec.xml.Jaxb2XmlDecoderTests" time="0.003"/>
  <testcase name="decodeSingleXmlRootElement()" classname="org.springframework.http.codec.xml.Jaxb2XmlDecoderTests" time="0.088"/>
  <testcase name="decodeMultipleXmlRootElement()" classname="org.springframework.http.codec.xml.Jaxb2XmlDecoderTests" time="0.062"/>
  <system-out><![CDATA[]]></system-out>
  <system-err><![CDATA[]]></system-err>
</testsuite>
