<?xml version="1.0" encoding="UTF-8"?>
<testsuite name="org.springframework.web.context.support.SpringBeanAutowiringSupportTests" tests="1" skipped="0" failures="0" errors="0" timestamp="2021-06-20T08:11:10" hostname="gankangdembp" time="0.292">
  <properties/>
  <testcase name="testProcessInjectionBasedOnServletContext()" classname="org.springframework.web.context.support.SpringBeanAutowiringSupportTests" time="0.292"/>
  <system-out><![CDATA[]]></system-out>
  <system-err><![CDATA[]]></system-err>
</testsuite>
