<?xml version="1.0" encoding="UTF-8"?>
<testsuite name="org.springframework.http.codec.json.Jackson2SmileDecoderTests" tests="3" skipped="0" failures="0" errors="0" timestamp="2021-06-20T08:12:02" hostname="gankangdembp" time="0.131">
  <properties/>
  <testcase name="decodeToMono()" classname="org.springframework.http.codec.json.Jackson2SmileDecoderTests" time="0.024"/>
  <testcase name="decode()" classname="org.springframework.http.codec.json.Jackson2SmileDecoderTests" time="0.105"/>
  <testcase name="canDecode()" classname="org.springframework.http.codec.json.Jackson2SmileDecoderTests" time="0.002"/>
  <system-out><![CDATA[]]></system-out>
  <system-err><![CDATA[]]></system-err>
</testsuite>
