<?xml version="1.0" encoding="UTF-8"?>
<testsuite name="org.springframework.http.codec.json.Jackson2JsonDecoderTests" tests="17" skipped="0" failures="0" errors="0" timestamp="2021-06-20T08:12:02" hostname="gankangdembp" time="0.26">
  <properties/>
  <testcase name="decodeToMono()" classname="org.springframework.http.codec.json.Jackson2JsonDecoderTests" time="0.033"/>
  <testcase name="decodeNonUtf8Encoding()" classname="org.springframework.http.codec.json.Jackson2JsonDecoderTests" time="0.067"/>
  <testcase name="decode()" classname="org.springframework.http.codec.json.Jackson2JsonDecoderTests" time="0.008"/>
  <testcase name="decodeNonUnicode()" classname="org.springframework.http.codec.json.Jackson2JsonDecoderTests" time="0.006"/>
  <testcase name="decodeWithNullLiteral()" classname="org.springframework.http.codec.json.Jackson2JsonDecoderTests" time="0.003"/>
  <testcase name="invalidData()" classname="org.springframework.http.codec.json.Jackson2JsonDecoderTests" time="0.004"/>
  <testcase name="decodableMimeTypesIsImmutable()" classname="org.springframework.http.codec.json.Jackson2JsonDecoderTests" time="0.001"/>
  <testcase name="canDecode()" classname="org.springframework.http.codec.json.Jackson2JsonDecoderTests" time="0.002"/>
  <testcase name="decodeMonoNonUtf8Encoding()" classname="org.springframework.http.codec.json.Jackson2JsonDecoderTests" time="0.038"/>
  <testcase name="noDefaultConstructor()" classname="org.springframework.http.codec.json.Jackson2JsonDecoderTests" time="0.004"/>
  <testcase name="decodeEmptyArrayToFlux()" classname="org.springframework.http.codec.json.Jackson2JsonDecoderTests" time="0.005"/>
  <testcase name="customDeserializer()" classname="org.springframework.http.codec.json.Jackson2JsonDecoderTests" time="0.006"/>
  <testcase name="canDecodeWithProvidedMimeType()" classname="org.springframework.http.codec.json.Jackson2JsonDecoderTests" time="0.001"/>
  <testcase name="decodeAscii()" classname="org.springframework.http.codec.json.Jackson2JsonDecoderTests" time="0.003"/>
  <testcase name="classLevelJsonView()" classname="org.springframework.http.codec.json.Jackson2JsonDecoderTests" time="0.042"/>
  <testcase name="bigDecimalFlux()" classname="org.springframework.http.codec.json.Jackson2JsonDecoderTests" time="0.003"/>
  <testcase name="fieldLevelJsonView()" classname="org.springframework.http.codec.json.Jackson2JsonDecoderTests" time="0.002"/>
  <system-out><![CDATA[]]></system-out>
  <system-err><![CDATA[]]></system-err>
</testsuite>
