<?xml version="1.0" encoding="UTF-8"?>
<testsuite name="org.springframework.web.client.ExtractingResponseErrorHandlerTests" tests="6" skipped="0" failures="0" errors="0" timestamp="2021-06-20T08:11:43" hostname="gankangdembp" time="0.241">
  <properties/>
  <testcase name="handleNoMatch()" classname="org.springframework.web.client.ExtractingResponseErrorHandlerTests" time="0.003"/>
  <testcase name="hasError()" classname="org.springframework.web.client.ExtractingResponseErrorHandlerTests" time="0.001"/>
  <testcase name="handleErrorSeriesMatch()" classname="org.springframework.web.client.ExtractingResponseErrorHandlerTests" time="0.223"/>
  <testcase name="hasErrorOverride()" classname="org.springframework.web.client.ExtractingResponseErrorHandlerTests" time="0.001"/>
  <testcase name="handleNoMatchOverride()" classname="org.springframework.web.client.ExtractingResponseErrorHandlerTests" time="0.003"/>
  <testcase name="handleErrorStatusMatch()" classname="org.springframework.web.client.ExtractingResponseErrorHandlerTests" time="0.007"/>
  <system-out><![CDATA[]]></system-out>
  <system-err><![CDATA[]]></system-err>
</testsuite>
