<?xml version="1.0" encoding="UTF-8"?>
<testsuite name="org.springframework.http.client.NoOutputStreamingBufferedSimpleHttpRequestFactoryTests" tests="6" skipped="0" failures="0" errors="0" timestamp="2020-05-29T13:59:18" hostname="bamboo-18" time="0.741">
  <properties/>
  <testcase name="headersAfterExecute()" classname="org.springframework.http.client.NoOutputStreamingBufferedSimpleHttpRequestFactoryTests" time="0.604"/>
  <testcase name="status()" classname="org.springframework.http.client.NoOutputStreamingBufferedSimpleHttpRequestFactoryTests" time="0.035"/>
  <testcase name="echo()" classname="org.springframework.http.client.NoOutputStreamingBufferedSimpleHttpRequestFactoryTests" time="0.036"/>
  <testcase name="multipleWrites()" classname="org.springframework.http.client.NoOutputStreamingBufferedSimpleHttpRequestFactoryTests" time="0.012"/>
  <testcase name="queryParameters()" classname="org.springframework.http.client.NoOutputStreamingBufferedSimpleHttpRequestFactoryTests" time="0.022"/>
  <testcase name="httpMethods()" classname="org.springframework.http.client.NoOutputStreamingBufferedSimpleHttpRequestFactoryTests" time="0.027"/>
  <system-out><![CDATA[]]></system-out>
  <system-err><![CDATA[May 29, 2020 1:59:18 PM okhttp3.mockwebserver.MockWebServer$3 execute
INFO: MockWebServer[48889] starting to accept connections
May 29, 2020 1:59:18 PM okhttp3.mockwebserver.MockWebServer$4 processOneRequest
INFO: MockWebServer[48889] received request: POST /status/ok HTTP/1.1 and responded: HTTP/1.1 200 OK
May 29, 2020 1:59:18 PM okhttp3.mockwebserver.MockWebServer$3 acceptConnections
INFO: MockWebServer[48889] done accepting connections: Socket closed
May 29, 2020 1:59:19 PM okhttp3.mockwebserver.MockWebServer$3 execute
INFO: MockWebServer[48103] starting to accept connections
May 29, 2020 1:59:19 PM okhttp3.mockwebserver.MockWebServer$4 processOneRequest
INFO: MockWebServer[48103] received request: GET /status/notfound HTTP/1.1 and responded: HTTP/1.1 404 Client Error
May 29, 2020 1:59:19 PM okhttp3.mockwebserver.MockWebServer$3 acceptConnections
INFO: MockWebServer[48103] done accepting connections: Socket closed
May 29, 2020 1:59:19 PM okhttp3.mockwebserver.MockWebServer$3 execute
INFO: MockWebServer[53287] starting to accept connections
May 29, 2020 1:59:19 PM okhttp3.mockwebserver.MockWebServer$4 processOneRequest
INFO: MockWebServer[53287] received request: PUT /echo HTTP/1.1 and responded: HTTP/1.1 200 OK
May 29, 2020 1:59:19 PM okhttp3.mockwebserver.MockWebServer$3 acceptConnections
INFO: MockWebServer[53287] done accepting connections: Socket closed
May 29, 2020 1:59:19 PM okhttp3.mockwebserver.MockWebServer$3 execute
INFO: MockWebServer[35203] starting to accept connections
May 29, 2020 1:59:19 PM okhttp3.mockwebserver.MockWebServer$3 acceptConnections
INFO: MockWebServer[35203] done accepting connections: Socket is closed
May 29, 2020 1:59:19 PM okhttp3.mockwebserver.MockWebServer$3 execute
INFO: MockWebServer[52743] starting to accept connections
May 29, 2020 1:59:19 PM okhttp3.mockwebserver.MockWebServer$4 processOneRequest
INFO: MockWebServer[52743] received request: GET /params?param1=value&param2=value1&param2=value2 HTTP/1.1 and responded: HTTP/1.1 200 OK
May 29, 2020 1:59:19 PM okhttp3.mockwebserver.MockWebServer$3 acceptConnections
INFO: MockWebServer[52743] done accepting connections: Socket closed
May 29, 2020 1:59:19 PM okhttp3.mockwebserver.MockWebServer$3 execute
INFO: MockWebServer[52233] starting to accept connections
May 29, 2020 1:59:19 PM okhttp3.mockwebserver.MockWebServer$4 processOneRequest
INFO: MockWebServer[52233] received request: GET /methods/get HTTP/1.1 and responded: HTTP/1.1 200 OK
May 29, 2020 1:59:19 PM okhttp3.mockwebserver.MockWebServer$4 processOneRequest
INFO: MockWebServer[52233] received request: HEAD /methods/head HTTP/1.1 and responded: HTTP/1.1 200 OK
May 29, 2020 1:59:19 PM okhttp3.mockwebserver.MockWebServer$4 processOneRequest
INFO: MockWebServer[52233] received request: POST /methods/post HTTP/1.1 and responded: HTTP/1.1 200 OK
May 29, 2020 1:59:19 PM okhttp3.mockwebserver.MockWebServer$4 processOneRequest
INFO: MockWebServer[52233] received request: PUT /methods/put HTTP/1.1 and responded: HTTP/1.1 200 OK
May 29, 2020 1:59:19 PM okhttp3.mockwebserver.MockWebServer$4 processOneRequest
INFO: MockWebServer[52233] received request: OPTIONS /methods/options HTTP/1.1 and responded: HTTP/1.1 200 OK
May 29, 2020 1:59:19 PM okhttp3.mockwebserver.MockWebServer$4 processOneRequest
INFO: MockWebServer[52233] received request: DELETE /methods/delete HTTP/1.1 and responded: HTTP/1.1 200 OK
May 29, 2020 1:59:19 PM okhttp3.mockwebserver.MockWebServer$3 acceptConnections
INFO: MockWebServer[52233] done accepting connections: Socket closed
]]></system-err>
</testsuite>
