<?xml version="1.0" encoding="UTF-8"?>
<testsuite name="org.springframework.web.method.annotation.ModelFactoryOrderingTests" tests="4" skipped="0" failures="0" errors="0" timestamp="2020-05-29T14:00:11" hostname="bamboo-18" time="0.385">
  <properties/>
  <testcase name="unresolvedDependency()" classname="org.springframework.web.method.annotation.ModelFactoryOrderingTests" time="0.359"/>
  <testcase name="treeDependency()" classname="org.springframework.web.method.annotation.ModelFactoryOrderingTests" time="0.007"/>
  <testcase name="straightLineDependency()" classname="org.springframework.web.method.annotation.ModelFactoryOrderingTests" time="0.012"/>
  <testcase name="InvertedTreeDependency()" classname="org.springframework.web.method.annotation.ModelFactoryOrderingTests" time="0.006"/>
  <system-out><![CDATA[14:00:12.306 [Test worker] DEBUG o.s.w.m.a.ModelFactoryOrderingTests -  >> getA >> getC1 >> getC2 >> getC3 >> getC4
14:00:12.320 [Test worker] DEBUG o.s.w.m.a.ModelFactoryOrderingTests -  >> getA >> getB1 >> getC1 >> getB2 >> getC3 >> getC4 >> getC2
14:00:12.333 [Test worker] DEBUG o.s.w.m.a.ModelFactoryOrderingTests -  >> getA >> getB1 >> getB2 >> getC1 >> getC2 >> getC3 >> getC4
14:00:12.340 [Test worker] DEBUG o.s.w.m.a.ModelFactoryOrderingTests -  >> getC2 >> getC4 >> getC3 >> getC1 >> getB1 >> getB2 >> getA
]]></system-out>
  <system-err><![CDATA[]]></system-err>
</testsuite>
