<?xml version="1.0" encoding="UTF-8"?>
<testsuite name="org.springframework.http.client.StreamingSimpleClientHttpRequestFactoryTests" tests="8" skipped="1" failures="0" errors="0" timestamp="2021-06-20T08:12:35" hostname="gankangdembp" time="0.153">
  <properties/>
  <testcase name="headersAfterExecute()" classname="org.springframework.http.client.StreamingSimpleClientHttpRequestFactoryTests" time="0.04"/>
  <testcase name="status()" classname="org.springframework.http.client.StreamingSimpleClientHttpRequestFactoryTests" time="0.007"/>
  <testcase name="echo()" classname="org.springframework.http.client.StreamingSimpleClientHttpRequestFactoryTests" time="0.005"/>
  <testcase name="multipleWrites()" classname="org.springframework.http.client.StreamingSimpleClientHttpRequestFactoryTests" time="0.004"/>
  <testcase name="queryParameters()" classname="org.springframework.http.client.StreamingSimpleClientHttpRequestFactoryTests" time="0.007"/>
  <testcase name="httpMethods()" classname="org.springframework.http.client.StreamingSimpleClientHttpRequestFactoryTests" time="0.082"/>
  <testcase name="largeFileUpload()" classname="org.springframework.http.client.StreamingSimpleClientHttpRequestFactoryTests" time="0.0">
    <skipped/>
  </testcase>
  <testcase name="interceptor()" classname="org.springframework.http.client.StreamingSimpleClientHttpRequestFactoryTests" time="0.006"/>
  <system-out><![CDATA[]]></system-out>
  <system-err><![CDATA[Jun 20, 2021 4:12:35 PM okhttp3.mockwebserver.MockWebServer$3 execute
INFO: MockWebServer[56470] starting to accept connections
Jun 20, 2021 4:12:35 PM okhttp3.mockwebserver.MockWebServer$4 processOneRequest
INFO: MockWebServer[56470] received request: POST /status/ok HTTP/1.1 and responded: HTTP/1.1 200 OK
Jun 20, 2021 4:12:35 PM okhttp3.mockwebserver.MockWebServer$3 acceptConnections
INFO: MockWebServer[56470] done accepting connections: Socket closed
Jun 20, 2021 4:12:35 PM okhttp3.mockwebserver.MockWebServer$3 execute
INFO: MockWebServer[56472] starting to accept connections
Jun 20, 2021 4:12:35 PM okhttp3.mockwebserver.MockWebServer$4 processOneRequest
INFO: MockWebServer[56472] received request: GET /status/notfound HTTP/1.1 and responded: HTTP/1.1 404 Client Error
Jun 20, 2021 4:12:35 PM okhttp3.mockwebserver.MockWebServer$3 acceptConnections
INFO: MockWebServer[56472] done accepting connections: Socket closed
Jun 20, 2021 4:12:35 PM okhttp3.mockwebserver.MockWebServer$3 execute
INFO: MockWebServer[56474] starting to accept connections
Jun 20, 2021 4:12:35 PM okhttp3.mockwebserver.MockWebServer$4 processOneRequest
INFO: MockWebServer[56474] received request: PUT /echo HTTP/1.1 and responded: HTTP/1.1 200 OK
Jun 20, 2021 4:12:35 PM okhttp3.mockwebserver.MockWebServer$3 acceptConnections
INFO: MockWebServer[56474] done accepting connections: Socket closed
Jun 20, 2021 4:12:35 PM okhttp3.mockwebserver.MockWebServer$3 execute
INFO: MockWebServer[56476] starting to accept connections
Jun 20, 2021 4:12:35 PM okhttp3.mockwebserver.MockWebServer$4 processOneRequest
INFO: MockWebServer[56476] received request: POST /echo HTTP/1.1 and responded: HTTP/1.1 200 OK
Jun 20, 2021 4:12:35 PM okhttp3.mockwebserver.MockWebServer$3 acceptConnections
INFO: MockWebServer[56476] done accepting connections: Socket closed
Jun 20, 2021 4:12:35 PM okhttp3.mockwebserver.MockWebServer$3 execute
INFO: MockWebServer[56478] starting to accept connections
Jun 20, 2021 4:12:35 PM okhttp3.mockwebserver.MockWebServer$4 processOneRequest
INFO: MockWebServer[56478] received request: GET /params?param1=value&param2=value1&param2=value2 HTTP/1.1 and responded: HTTP/1.1 200 OK
Jun 20, 2021 4:12:35 PM okhttp3.mockwebserver.MockWebServer$3 acceptConnections
INFO: MockWebServer[56478] done accepting connections: Socket closed
Jun 20, 2021 4:12:35 PM okhttp3.mockwebserver.MockWebServer$3 execute
INFO: MockWebServer[56480] starting to accept connections
Jun 20, 2021 4:12:35 PM okhttp3.mockwebserver.MockWebServer$4 processOneRequest
INFO: MockWebServer[56480] received request: GET /methods/get HTTP/1.1 and responded: HTTP/1.1 200 OK
Jun 20, 2021 4:12:35 PM okhttp3.mockwebserver.MockWebServer$4 processOneRequest
INFO: MockWebServer[56480] received request: HEAD /methods/head HTTP/1.1 and responded: HTTP/1.1 200 OK
Jun 20, 2021 4:12:35 PM okhttp3.mockwebserver.MockWebServer$4 processOneRequest
INFO: MockWebServer[56480] received request: POST /methods/post HTTP/1.1 and responded: HTTP/1.1 200 OK
Jun 20, 2021 4:12:35 PM okhttp3.mockwebserver.MockWebServer$4 processOneRequest
INFO: MockWebServer[56480] received request: PUT /methods/put HTTP/1.1 and responded: HTTP/1.1 200 OK
Jun 20, 2021 4:12:35 PM okhttp3.mockwebserver.MockWebServer$4 processOneRequest
INFO: MockWebServer[56480] received request: OPTIONS /methods/options HTTP/1.1 and responded: HTTP/1.1 200 OK
Jun 20, 2021 4:12:35 PM okhttp3.mockwebserver.MockWebServer$4 processOneRequest
INFO: MockWebServer[56480] received request: DELETE /methods/delete HTTP/1.1 and responded: HTTP/1.1 200 OK
Jun 20, 2021 4:12:35 PM okhttp3.mockwebserver.MockWebServer$3 acceptConnections
INFO: MockWebServer[56480] done accepting connections: Socket closed
Jun 20, 2021 4:12:35 PM okhttp3.mockwebserver.MockWebServer$3 execute
INFO: MockWebServer[56482] starting to accept connections
Jun 20, 2021 4:12:35 PM okhttp3.mockwebserver.MockWebServer$4 processOneRequest
INFO: MockWebServer[56482] received request: GET /echo HTTP/1.1 and responded: HTTP/1.1 200 OK
Jun 20, 2021 4:12:35 PM okhttp3.mockwebserver.MockWebServer$3 acceptConnections
INFO: MockWebServer[56482] done accepting connections: Socket closed
]]></system-err>
</testsuite>
