<?xml version="1.0" encoding="UTF-8"?>
<testsuite name="org.springframework.web.jsf.DelegatingNavigationHandlerTests" tests="2" skipped="0" failures="0" errors="0" timestamp="2021-06-20T08:11:33" hostname="gankangdembp" time="0.002">
  <properties/>
  <testcase name="handleNavigationWithoutDecoration()" classname="org.springframework.web.jsf.DelegatingNavigationHandlerTests" time="0.0"/>
  <testcase name="handleNavigationWithDecoration()" classname="org.springframework.web.jsf.DelegatingNavigationHandlerTests" time="0.001"/>
  <system-out><![CDATA[]]></system-out>
  <system-err><![CDATA[]]></system-err>
</testsuite>
