<?xml version="1.0" encoding="UTF-8"?>
<testsuite name="org.springframework.web.client.RestTemplateTests" tests="39" skipped="0" failures="0" errors="0" timestamp="2020-05-29T14:00:09" hostname="bamboo-18" time="0.277">
  <properties/>
  <testcase name="ioExceptionWithEmptyQueryString()" classname="org.springframework.web.client.RestTemplateTests" time="0.032"/>
  <testcase name="setMessageConvertersPreconditions()" classname="org.springframework.web.client.RestTemplateTests" time="0.0"/>
  <testcase name="delete()" classname="org.springframework.web.client.RestTemplateTests" time="0.002"/>
  <testcase name="uriTemplateWithTrailingSlash()" classname="org.springframework.web.client.RestTemplateTests" time="0.003"/>
  <testcase name="keepGivenAcceptHeaderOnPut()" classname="org.springframework.web.client.RestTemplateTests" time="0.034"/>
  <testcase name="postForLocationEntityContentType()" classname="org.springframework.web.client.RestTemplateTests" time="0.002"/>
  <testcase name="postForEntityNull()" classname="org.springframework.web.client.RestTemplateTests" time="0.003"/>
  <testcase name="errorHandling()" classname="org.springframework.web.client.RestTemplateTests" time="0.002"/>
  <testcase name="ioException()" classname="org.springframework.web.client.RestTemplateTests" time="0.01"/>
  <testcase name="getUnsupportedMediaType()" classname="org.springframework.web.client.RestTemplateTests" time="0.01"/>
  <testcase name="headForHeaders()" classname="org.springframework.web.client.RestTemplateTests" time="0.001"/>
  <testcase name="patchForObjectNull()" classname="org.springframework.web.client.RestTemplateTests" time="0.002"/>
  <testcase name="varArgsNullTemplateVariable()" classname="org.springframework.web.client.RestTemplateTests" time="0.003"/>
  <testcase name="postForEntity()" classname="org.springframework.web.client.RestTemplateTests" time="0.002"/>
  <testcase name="getForObjectWithCustomUriTemplateHandler()" classname="org.springframework.web.client.RestTemplateTests" time="0.025"/>
  <testcase name="constructorPreconditions()" classname="org.springframework.web.client.RestTemplateTests" time="0.001"/>
  <testcase name="mapTemplateVariables()" classname="org.springframework.web.client.RestTemplateTests" time="0.005"/>
  <testcase name="requestAvoidsDuplicateAcceptHeaderValues()" classname="org.springframework.web.client.RestTemplateTests" time="0.004"/>
  <testcase name="varArgsTemplateVariables()" classname="org.springframework.web.client.RestTemplateTests" time="0.003"/>
  <testcase name="putNull()" classname="org.springframework.web.client.RestTemplateTests" time="0.002"/>
  <testcase name="postForObject()" classname="org.springframework.web.client.RestTemplateTests" time="0.002"/>
  <testcase name="postForLocation()" classname="org.springframework.web.client.RestTemplateTests" time="0.007"/>
  <testcase name="put()" classname="org.springframework.web.client.RestTemplateTests" time="0.003"/>
  <testcase name="headerAcceptAllOnPut()" classname="org.springframework.web.client.RestTemplateTests" time="0.036"/>
  <testcase name="clientHttpRequestInitializerAndRequestInterceptorAreBothApplied()" classname="org.springframework.web.client.RestTemplateTests" time="0.002"/>
  <testcase name="postForLocationNoLocation()" classname="org.springframework.web.client.RestTemplateTests" time="0.002"/>
  <testcase name="getForEntity()" classname="org.springframework.web.client.RestTemplateTests" time="0.002"/>
  <testcase name="mapNullTemplateVariable()" classname="org.springframework.web.client.RestTemplateTests" time="0.001"/>
  <testcase name="patchForObject()" classname="org.springframework.web.client.RestTemplateTests" time="0.002"/>
  <testcase name="requestInterceptorCanAddExistingHeaderValueWithoutBody()" classname="org.springframework.web.client.RestTemplateTests" time="0.007"/>
  <testcase name="getForObject()" classname="org.springframework.web.client.RestTemplateTests" time="0.001"/>
  <testcase name="headerAcceptAllOnDelete()" classname="org.springframework.web.client.RestTemplateTests" time="0.013"/>
  <testcase name="requestInterceptorCanAddExistingHeaderValueWithBody()" classname="org.springframework.web.client.RestTemplateTests" time="0.002"/>
  <testcase name="postForLocationEntityCustomHeader()" classname="org.springframework.web.client.RestTemplateTests" time="0.001"/>
  <testcase name="optionsForAllow()" classname="org.springframework.web.client.RestTemplateTests" time="0.002"/>
  <testcase name="postForObjectNull()" classname="org.springframework.web.client.RestTemplateTests" time="0.001"/>
  <testcase name="postForLocationNull()" classname="org.springframework.web.client.RestTemplateTests" time="0.001"/>
  <testcase name="exchange()" classname="org.springframework.web.client.RestTemplateTests" time="0.002"/>
  <testcase name="exchangeParameterizedType()" classname="org.springframework.web.client.RestTemplateTests" time="0.011"/>
  <system-out><![CDATA[14:00:09.104 [Test worker] DEBUG o.s.w.c.RestTemplate - HTTP GET https://example.com/resource?
14:00:09.104 [Test worker] DEBUG o.s.w.c.RestTemplate - Accept=[foo/bar]
14:00:09.122 [Test worker] DEBUG o.s.w.c.RestTemplate - HTTP DELETE https://example.com
14:00:09.123 [Test worker] DEBUG o.s.w.c.RestTemplate - Response 200 OK
14:00:09.125 [Test worker] DEBUG o.s.w.c.RestTemplate - HTTP GET https://example.com/spring/
14:00:09.125 [Test worker] DEBUG o.s.w.c.RestTemplate - Response 200 OK
14:00:09.145 [Test worker] DEBUG o.s.w.c.RestTemplate - HTTP PUT http://localhost:50625/internal/server/error
14:00:09.145 [Test worker] DEBUG o.s.w.c.RestTemplate - Accept=[]
14:00:09.157 [Test worker] DEBUG o.s.w.c.RestTemplate - Response 500 INTERNAL_SERVER_ERROR
14:00:09.161 [Test worker] DEBUG o.s.w.c.RestTemplate - HTTP POST https://example.com
14:00:09.161 [Test worker] DEBUG o.s.w.c.RestTemplate - Writing [Hello World] as "text/plain"
14:00:09.162 [Test worker] DEBUG o.s.w.c.RestTemplate - Response 200 OK
14:00:09.164 [Test worker] DEBUG o.s.w.c.RestTemplate - HTTP POST https://example.com
14:00:09.165 [Test worker] DEBUG o.s.w.c.RestTemplate - Accept=[text/plain]
14:00:09.165 [Test worker] DEBUG o.s.w.c.RestTemplate - Response 200 OK
14:00:09.166 [Test worker] DEBUG o.s.w.c.RestTemplate - HTTP GET https://example.com
14:00:09.166 [Test worker] DEBUG o.s.w.c.RestTemplate - Response 500 INTERNAL_SERVER_ERROR
14:00:09.177 [Test worker] DEBUG o.s.w.c.RestTemplate - HTTP GET https://example.com/resource?access_token=123
14:00:09.177 [Test worker] DEBUG o.s.w.c.RestTemplate - Accept=[foo/bar]
14:00:09.186 [Test worker] DEBUG o.s.w.c.RestTemplate - HTTP GET https://example.com/resource
14:00:09.186 [Test worker] DEBUG o.s.w.c.RestTemplate - Accept=[foo/bar]
14:00:09.186 [Test worker] DEBUG o.s.w.c.RestTemplate - Response 200 OK
14:00:09.188 [Test worker] DEBUG o.s.w.c.RestTemplate - HTTP HEAD https://example.com
14:00:09.188 [Test worker] DEBUG o.s.w.c.RestTemplate - Response 200 OK
14:00:09.189 [Test worker] DEBUG o.s.w.c.RestTemplate - HTTP PATCH https://example.com
14:00:09.189 [Test worker] DEBUG o.s.w.c.RestTemplate - Accept=[text/plain]
14:00:09.190 [Test worker] DEBUG o.s.w.c.RestTemplate - Response 200 OK
14:00:09.193 [Test worker] DEBUG o.s.w.c.RestTemplate - HTTP GET https://example.com/-foo
14:00:09.193 [Test worker] DEBUG o.s.w.c.RestTemplate - Response 200 OK
14:00:09.211 [Test worker] DEBUG o.s.w.c.RestTemplate - HTTP POST https://example.com
14:00:09.211 [Test worker] DEBUG o.s.w.c.RestTemplate - Accept=[text/plain]
14:00:09.211 [Test worker] DEBUG o.s.w.c.RestTemplate - Writing [Hello World] with org.springframework.http.converter.HttpMessageConverter$MockitoMock$2146685458
14:00:09.211 [Test worker] DEBUG o.s.w.c.RestTemplate - Response 200 OK
14:00:09.211 [Test worker] DEBUG o.s.w.c.RestTemplate - Reading to [java.lang.String] as "text/plain"
14:00:09.213 [Test worker] DEBUG o.s.w.c.RestTemplate - HTTP GET https://example.com/hotels/1/pic/pics%2Flogo.png/size/150x150
14:00:09.214 [Test worker] DEBUG o.s.w.c.RestTemplate - Accept=[]
14:00:09.234 [Test worker] DEBUG o.s.w.c.RestTemplate - Response 200 OK
14:00:09.244 [Test worker] DEBUG o.s.w.c.RestTemplate - HTTP GET https://example.com/hotels/42/bookings/42
14:00:09.244 [Test worker] DEBUG o.s.w.c.RestTemplate - Response 200 OK
14:00:09.245 [Test worker] DEBUG o.s.w.c.RestTemplate - HTTP GET https://example.com/
14:00:09.247 [Test worker] DEBUG o.s.w.c.RestTemplate - Accept=[text/plain]
14:00:09.247 [Test worker] DEBUG o.s.w.c.RestTemplate - Response 200 OK
14:00:09.248 [Test worker] DEBUG o.s.w.c.RestTemplate - Reading to [java.lang.String] as "text/plain"
14:00:09.251 [Test worker] DEBUG o.s.w.c.RestTemplate - HTTP GET https://example.com/hotels/42/bookings/21
14:00:09.251 [Test worker] DEBUG o.s.w.c.RestTemplate - Response 200 OK
14:00:09.253 [Test worker] DEBUG o.s.w.c.RestTemplate - HTTP PUT https://example.com
14:00:09.253 [Test worker] DEBUG o.s.w.c.RestTemplate - Response 200 OK
14:00:09.255 [Test worker] DEBUG o.s.w.c.RestTemplate - HTTP POST https://example.com
14:00:09.255 [Test worker] DEBUG o.s.w.c.RestTemplate - Accept=[text/plain]
14:00:09.255 [Test worker] DEBUG o.s.w.c.RestTemplate - Writing [Hello World] with org.springframework.http.converter.HttpMessageConverter$MockitoMock$2146685458
14:00:09.255 [Test worker] DEBUG o.s.w.c.RestTemplate - Response 200 OK
14:00:09.255 [Test worker] DEBUG o.s.w.c.RestTemplate - Reading to [java.lang.String] as "text/plain"
14:00:09.258 [Test worker] DEBUG o.s.w.c.RestTemplate - HTTP POST https://example.com
14:00:09.258 [Test worker] DEBUG o.s.w.c.RestTemplate - Writing [Hello World] with org.springframework.http.converter.HttpMessageConverter$MockitoMock$2146685458
14:00:09.259 [Test worker] DEBUG o.s.w.c.RestTemplate - Response 200 OK
14:00:09.263 [Test worker] DEBUG o.s.w.c.RestTemplate - HTTP PUT https://example.com
14:00:09.265 [Test worker] DEBUG o.s.w.c.RestTemplate - Writing [Hello World] with org.springframework.http.converter.HttpMessageConverter$MockitoMock$2146685458
14:00:09.265 [Test worker] DEBUG o.s.w.c.RestTemplate - Response 200 OK
14:00:09.286 [Test worker] DEBUG o.s.w.c.RestTemplate - HTTP PUT http://localhost:52237/internal/server/error
14:00:09.301 [Test worker] DEBUG o.s.w.c.RestTemplate - Response 500 INTERNAL_SERVER_ERROR
14:00:09.303 [Test worker] DEBUG o.s.w.c.RestTemplate - HTTP POST https://example.com
14:00:09.303 [Test worker] DEBUG o.s.w.c.RestTemplate - Accept=[]
14:00:09.303 [Test worker] DEBUG o.s.w.c.RestTemplate - Writing [Hello World] as "text/plain"
14:00:09.303 [Test worker] DEBUG o.s.w.c.RestTemplate - Response 200 OK
14:00:09.305 [Test worker] DEBUG o.s.w.c.RestTemplate - HTTP POST https://example.com
14:00:09.305 [Test worker] DEBUG o.s.w.c.RestTemplate - Writing [Hello World] with org.springframework.http.converter.HttpMessageConverter$MockitoMock$2146685458
14:00:09.305 [Test worker] DEBUG o.s.w.c.RestTemplate - Response 200 OK
14:00:09.307 [Test worker] DEBUG o.s.w.c.RestTemplate - HTTP GET https://example.com
14:00:09.307 [Test worker] DEBUG o.s.w.c.RestTemplate - Accept=[text/plain]
14:00:09.307 [Test worker] DEBUG o.s.w.c.RestTemplate - Response 200 OK
14:00:09.307 [Test worker] DEBUG o.s.w.c.RestTemplate - Reading to [java.lang.String] as "text/plain"
14:00:09.308 [Test worker] DEBUG o.s.w.c.RestTemplate - HTTP GET https://example.com/-foo
14:00:09.309 [Test worker] DEBUG o.s.w.c.RestTemplate - Response 200 OK
14:00:09.310 [Test worker] DEBUG o.s.w.c.RestTemplate - HTTP PATCH https://example.com
14:00:09.310 [Test worker] DEBUG o.s.w.c.RestTemplate - Accept=[text/plain]
14:00:09.310 [Test worker] DEBUG o.s.w.c.RestTemplate - Writing [Hello World] with org.springframework.http.converter.HttpMessageConverter$MockitoMock$2146685458
14:00:09.310 [Test worker] DEBUG o.s.w.c.RestTemplate - Response 200 OK
14:00:09.311 [Test worker] DEBUG o.s.w.c.RestTemplate - Reading to [java.lang.String] as "text/plain"
14:00:09.312 [Test worker] DEBUG o.s.w.c.RestTemplate - HTTP POST https://example.com
14:00:09.317 [Test worker] DEBUG o.s.w.c.RestTemplate - Accept=[]
14:00:09.318 [Test worker] DEBUG o.s.w.c.RestTemplate - Response 200 OK
14:00:09.319 [Test worker] DEBUG o.s.w.c.RestTemplate - HTTP GET https://example.com
14:00:09.319 [Test worker] DEBUG o.s.w.c.RestTemplate - Accept=[text/plain]
14:00:09.319 [Test worker] DEBUG o.s.w.c.RestTemplate - Response 200 OK
14:00:09.319 [Test worker] DEBUG o.s.w.c.RestTemplate - Reading to [java.lang.String] as "text/plain"
14:00:09.328 [Test worker] DEBUG o.s.w.c.RestTemplate - HTTP DELETE http://localhost:59603/internal/server/error
14:00:09.331 [Test worker] DEBUG o.s.w.c.RestTemplate - Response 500 INTERNAL_SERVER_ERROR
14:00:09.333 [Test worker] DEBUG o.s.w.c.RestTemplate - HTTP POST https://example.com
14:00:09.333 [Test worker] DEBUG o.s.w.c.RestTemplate - Accept=[]
14:00:09.334 [Test worker] DEBUG o.s.w.c.RestTemplate - Writing [Hello World] as "text/plain"
14:00:09.334 [Test worker] DEBUG o.s.w.c.RestTemplate - Response 200 OK
14:00:09.335 [Test worker] DEBUG o.s.w.c.RestTemplate - HTTP POST https://example.com
14:00:09.335 [Test worker] DEBUG o.s.w.c.RestTemplate - Writing [Hello World] with org.springframework.http.converter.HttpMessageConverter$MockitoMock$2146685458
14:00:09.335 [Test worker] DEBUG o.s.w.c.RestTemplate - Response 200 OK
14:00:09.336 [Test worker] DEBUG o.s.w.c.RestTemplate - HTTP OPTIONS https://example.com
14:00:09.336 [Test worker] DEBUG o.s.w.c.RestTemplate - Response 200 OK
14:00:09.338 [Test worker] DEBUG o.s.w.c.RestTemplate - HTTP POST https://example.com
14:00:09.338 [Test worker] DEBUG o.s.w.c.RestTemplate - Accept=[text/plain]
14:00:09.338 [Test worker] DEBUG o.s.w.c.RestTemplate - Response 200 OK
14:00:09.339 [Test worker] DEBUG o.s.w.c.RestTemplate - HTTP POST https://example.com
14:00:09.339 [Test worker] DEBUG o.s.w.c.RestTemplate - Response 200 OK
14:00:09.340 [Test worker] DEBUG o.s.w.c.RestTemplate - HTTP POST https://example.com
14:00:09.340 [Test worker] DEBUG o.s.w.c.RestTemplate - Accept=[text/plain]
14:00:09.340 [Test worker] DEBUG o.s.w.c.RestTemplate - Writing [Hello World] with org.springframework.http.converter.HttpMessageConverter$MockitoMock$2146685458
14:00:09.341 [Test worker] DEBUG o.s.w.c.RestTemplate - Response 200 OK
14:00:09.341 [Test worker] DEBUG o.s.w.c.RestTemplate - Reading to [java.lang.String] as "text/plain"
14:00:09.351 [Test worker] DEBUG o.s.w.c.RestTemplate - HTTP POST https://example.com
14:00:09.351 [Test worker] DEBUG o.s.w.c.RestTemplate - Accept=[text/plain]
14:00:09.351 [Test worker] DEBUG o.s.w.c.RestTemplate - Writing [Hello World] with org.springframework.http.converter.GenericHttpMessageConverter$MockitoMock$921133131
14:00:09.351 [Test worker] DEBUG o.s.w.c.RestTemplate - Response 200 OK
14:00:09.351 [Test worker] DEBUG o.s.w.c.RestTemplate - Reading to [java.util.List<java.lang.Integer>]
]]></system-out>
  <system-err><![CDATA[May 29, 2020 2:00:09 PM okhttp3.mockwebserver.MockWebServer$3 execute
INFO: MockWebServer[50625] starting to accept connections
May 29, 2020 2:00:09 PM okhttp3.mockwebserver.MockWebServer$4 processOneRequest
INFO: MockWebServer[50625] received request: PUT /internal/server/error HTTP/1.1 and responded: HTTP/1.1 500 Server Error
May 29, 2020 2:00:09 PM okhttp3.mockwebserver.MockWebServer$3 acceptConnections
INFO: MockWebServer[50625] done accepting connections: Socket closed
May 29, 2020 2:00:09 PM okhttp3.mockwebserver.MockWebServer$3 execute
INFO: MockWebServer[52237] starting to accept connections
May 29, 2020 2:00:09 PM okhttp3.mockwebserver.MockWebServer$4 processOneRequest
INFO: MockWebServer[52237] received request: PUT /internal/server/error HTTP/1.1 and responded: HTTP/1.1 500 Server Error
May 29, 2020 2:00:09 PM okhttp3.mockwebserver.MockWebServer$3 acceptConnections
INFO: MockWebServer[52237] done accepting connections: Socket closed
May 29, 2020 2:00:09 PM okhttp3.mockwebserver.MockWebServer$3 execute
INFO: MockWebServer[59603] starting to accept connections
May 29, 2020 2:00:09 PM okhttp3.mockwebserver.MockWebServer$4 processOneRequest
INFO: MockWebServer[59603] received request: DELETE /internal/server/error HTTP/1.1 and responded: HTTP/1.1 500 Server Error
May 29, 2020 2:00:09 PM okhttp3.mockwebserver.MockWebServer$3 acceptConnections
INFO: MockWebServer[59603] done accepting connections: Socket closed
]]></system-err>
</testsuite>
