<?xml version="1.0" encoding="UTF-8"?>
<testsuite name="org.springframework.web.method.HandlerTypePredicateTests" tests="2" skipped="0" failures="0" errors="0" timestamp="2020-05-29T14:00:12" hostname="bamboo-18" time="0.003">
  <properties/>
  <testcase name="forAnnotation()" classname="org.springframework.web.method.HandlerTypePredicateTests" time="0.003"/>
  <testcase name="forAnnotationWithException()" classname="org.springframework.web.method.HandlerTypePredicateTests" time="0.0"/>
  <system-out><![CDATA[]]></system-out>
  <system-err><![CDATA[]]></system-err>
</testsuite>
