<?xml version="1.0" encoding="UTF-8"?>
<testsuite name="org.springframework.remoting.httpinvoker.HttpComponentsHttpInvokerRequestExecutorTests" tests="7" skipped="0" failures="0" errors="0" timestamp="2020-05-29T13:59:58" hostname="bamboo-18" time="0.026">
  <properties/>
  <testcase name="ignoreFactorySettings()" classname="org.springframework.remoting.httpinvoker.HttpComponentsHttpInvokerRequestExecutorTests" time="0.011"/>
  <testcase name="customizeConnectionTimeout()" classname="org.springframework.remoting.httpinvoker.HttpComponentsHttpInvokerRequestExecutorTests" time="0.001"/>
  <testcase name="customizeReadTimeout()" classname="org.springframework.remoting.httpinvoker.HttpComponentsHttpInvokerRequestExecutorTests" time="0.001"/>
  <testcase name="mergeBasedOnCurrentHttpClient()" classname="org.springframework.remoting.httpinvoker.HttpComponentsHttpInvokerRequestExecutorTests" time="0.011"/>
  <testcase name="localSettingsOverrideClientDefaultSettings()" classname="org.springframework.remoting.httpinvoker.HttpComponentsHttpInvokerRequestExecutorTests" time="0.001"/>
  <testcase name="customizeConnectionRequestTimeout()" classname="org.springframework.remoting.httpinvoker.HttpComponentsHttpInvokerRequestExecutorTests" time="0.001"/>
  <testcase name="defaultSettingsOfHttpClientMergedOnExecutorCustomization()" classname="org.springframework.remoting.httpinvoker.HttpComponentsHttpInvokerRequestExecutorTests" time="0.0"/>
  <system-out><![CDATA[]]></system-out>
  <system-err><![CDATA[]]></system-err>
</testsuite>
