<?xml version="1.0" encoding="UTF-8"?>
<testsuite name="org.springframework.http.client.StreamingSimpleClientHttpRequestFactoryTests" tests="8" skipped="1" failures="0" errors="0" timestamp="2020-05-29T13:59:19" hostname="bamboo-18" time="0.193">
  <properties/>
  <testcase name="headersAfterExecute()" classname="org.springframework.http.client.StreamingSimpleClientHttpRequestFactoryTests" time="0.026"/>
  <testcase name="status()" classname="org.springframework.http.client.StreamingSimpleClientHttpRequestFactoryTests" time="0.034"/>
  <testcase name="echo()" classname="org.springframework.http.client.StreamingSimpleClientHttpRequestFactoryTests" time="0.019"/>
  <testcase name="multipleWrites()" classname="org.springframework.http.client.StreamingSimpleClientHttpRequestFactoryTests" time="0.02"/>
  <testcase name="queryParameters()" classname="org.springframework.http.client.StreamingSimpleClientHttpRequestFactoryTests" time="0.029"/>
  <testcase name="httpMethods()" classname="org.springframework.http.client.StreamingSimpleClientHttpRequestFactoryTests" time="0.029"/>
  <testcase name="largeFileUpload()" classname="org.springframework.http.client.StreamingSimpleClientHttpRequestFactoryTests" time="0.0">
    <skipped/>
  </testcase>
  <testcase name="interceptor()" classname="org.springframework.http.client.StreamingSimpleClientHttpRequestFactoryTests" time="0.032"/>
  <system-out><![CDATA[]]></system-out>
  <system-err><![CDATA[May 29, 2020 1:59:19 PM okhttp3.mockwebserver.MockWebServer$3 execute
INFO: MockWebServer[39791] starting to accept connections
May 29, 2020 1:59:19 PM okhttp3.mockwebserver.MockWebServer$3 acceptConnections
INFO: MockWebServer[39791] done accepting connections: Socket closed
May 29, 2020 1:59:19 PM okhttp3.mockwebserver.MockWebServer$4 processOneRequest
INFO: MockWebServer[39791] received request: POST /status/ok HTTP/1.1 and responded: HTTP/1.1 200 OK
May 29, 2020 1:59:19 PM okhttp3.mockwebserver.MockWebServer$3 execute
INFO: MockWebServer[51423] starting to accept connections
May 29, 2020 1:59:19 PM okhttp3.mockwebserver.MockWebServer$4 processOneRequest
INFO: MockWebServer[51423] received request: GET /status/notfound HTTP/1.1 and responded: HTTP/1.1 404 Client Error
May 29, 2020 1:59:19 PM okhttp3.mockwebserver.MockWebServer$3 acceptConnections
INFO: MockWebServer[51423] done accepting connections: Socket closed
May 29, 2020 1:59:19 PM okhttp3.mockwebserver.MockWebServer$3 execute
INFO: MockWebServer[48133] starting to accept connections
May 29, 2020 1:59:19 PM okhttp3.mockwebserver.MockWebServer$3 acceptConnections
INFO: MockWebServer[48133] done accepting connections: Socket closed
May 29, 2020 1:59:19 PM okhttp3.mockwebserver.MockWebServer$4 processOneRequest
INFO: MockWebServer[48133] received request: PUT /echo HTTP/1.1 and responded: HTTP/1.1 200 OK
May 29, 2020 1:59:19 PM okhttp3.mockwebserver.MockWebServer$3 execute
INFO: MockWebServer[52593] starting to accept connections
May 29, 2020 1:59:19 PM okhttp3.mockwebserver.MockWebServer$3 acceptConnections
INFO: MockWebServer[52593] done accepting connections: Socket is closed
May 29, 2020 1:59:19 PM okhttp3.mockwebserver.MockWebServer$3 execute
INFO: MockWebServer[36287] starting to accept connections
May 29, 2020 1:59:19 PM okhttp3.mockwebserver.MockWebServer$4 processOneRequest
INFO: MockWebServer[36287] received request: GET /params?param1=value&param2=value1&param2=value2 HTTP/1.1 and responded: HTTP/1.1 200 OK
May 29, 2020 1:59:19 PM okhttp3.mockwebserver.MockWebServer$3 acceptConnections
INFO: MockWebServer[36287] done accepting connections: Socket closed
May 29, 2020 1:59:19 PM okhttp3.mockwebserver.MockWebServer$3 execute
INFO: MockWebServer[57369] starting to accept connections
May 29, 2020 1:59:19 PM okhttp3.mockwebserver.MockWebServer$4 processOneRequest
INFO: MockWebServer[57369] received request: GET /methods/get HTTP/1.1 and responded: HTTP/1.1 200 OK
May 29, 2020 1:59:19 PM okhttp3.mockwebserver.MockWebServer$4 processOneRequest
INFO: MockWebServer[57369] received request: HEAD /methods/head HTTP/1.1 and responded: HTTP/1.1 200 OK
May 29, 2020 1:59:19 PM okhttp3.mockwebserver.MockWebServer$4 processOneRequest
INFO: MockWebServer[57369] received request: POST /methods/post HTTP/1.1 and responded: HTTP/1.1 200 OK
May 29, 2020 1:59:19 PM okhttp3.mockwebserver.MockWebServer$4 processOneRequest
INFO: MockWebServer[57369] received request: PUT /methods/put HTTP/1.1 and responded: HTTP/1.1 200 OK
May 29, 2020 1:59:19 PM okhttp3.mockwebserver.MockWebServer$4 processOneRequest
INFO: MockWebServer[57369] received request: OPTIONS /methods/options HTTP/1.1 and responded: HTTP/1.1 200 OK
May 29, 2020 1:59:19 PM okhttp3.mockwebserver.MockWebServer$4 processOneRequest
INFO: MockWebServer[57369] received request: DELETE /methods/delete HTTP/1.1 and responded: HTTP/1.1 200 OK
May 29, 2020 1:59:19 PM okhttp3.mockwebserver.MockWebServer$3 acceptConnections
INFO: MockWebServer[57369] done accepting connections: Socket closed
May 29, 2020 1:59:19 PM okhttp3.mockwebserver.MockWebServer$3 execute
INFO: MockWebServer[38327] starting to accept connections
May 29, 2020 1:59:19 PM okhttp3.mockwebserver.MockWebServer$4 processOneRequest
INFO: MockWebServer[38327] received request: GET /echo HTTP/1.1 and responded: HTTP/1.1 200 OK
May 29, 2020 1:59:19 PM okhttp3.mockwebserver.MockWebServer$3 acceptConnections
INFO: MockWebServer[38327] done accepting connections: Socket closed
]]></system-err>
</testsuite>
