<?xml version="1.0" encoding="UTF-8"?>
<testsuite name="org.springframework.web.method.support.CompositeUriComponentsContributorTests" tests="1" skipped="0" failures="0" errors="0" timestamp="2020-05-29T14:00:11" hostname="bamboo-18" time="0.092">
  <properties/>
  <testcase name="supportsParameter()" classname="org.springframework.web.method.support.CompositeUriComponentsContributorTests" time="0.092"/>
  <system-out><![CDATA[]]></system-out>
  <system-err><![CDATA[]]></system-err>
</testsuite>
