<?xml version="1.0" encoding="UTF-8"?>
<testsuite name="org.springframework.web.filter.CorsFilterTests" tests="6" skipped="0" failures="0" errors="0" timestamp="2021-06-20T08:11:34" hostname="gankangdembp" time="0.008">
  <properties/>
  <testcase name="sameOriginRequest()" classname="org.springframework.web.filter.CorsFilterTests" time="0.003"/>
  <testcase name="validActualRequest()" classname="org.springframework.web.filter.CorsFilterTests" time="0.001"/>
  <testcase name="validPreFlightRequest()" classname="org.springframework.web.filter.CorsFilterTests" time="0.001"/>
  <testcase name="nonCorsRequest()" classname="org.springframework.web.filter.CorsFilterTests" time="0.001"/>
  <testcase name="invalidPreFlightRequest()" classname="org.springframework.web.filter.CorsFilterTests" time="0.0"/>
  <testcase name="invalidActualRequest()" classname="org.springframework.web.filter.CorsFilterTests" time="0.0"/>
  <system-out><![CDATA[]]></system-out>
  <system-err><![CDATA[]]></system-err>
</testsuite>
