<?xml version="1.0" encoding="UTF-8"?>
<testsuite name="org.springframework.web.client.RestOperationsExtensionsTests" tests="24" skipped="0" failures="0" errors="0" timestamp="2021-06-20T08:12:46" hostname="gankangdembp" time="2.788">
  <properties/>
  <testcase name="postForObject with reified type parameters and String()" classname="org.springframework.web.client.RestOperationsExtensionsTests" time="1.403"/>
  <testcase name="exchange with reified type parameters, String, HttpMethod, HttpEntity and varargs()" classname="org.springframework.web.client.RestOperationsExtensionsTests" time="0.29"/>
  <testcase name="getForEntity with reified type parameters and Map()" classname="org.springframework.web.client.RestOperationsExtensionsTests" time="0.016"/>
  <testcase name="patchForObject with reified type parameters()" classname="org.springframework.web.client.RestOperationsExtensionsTests" time="0.022"/>
  <testcase name="patchForObject with reified type parameters, String and Map()" classname="org.springframework.web.client.RestOperationsExtensionsTests" time="0.012"/>
  <testcase name="postForEntity with reified type parameters and String()" classname="org.springframework.web.client.RestOperationsExtensionsTests" time="0.01"/>
  <testcase name="exchange with reified type parameters, String and HttpEntity()" classname="org.springframework.web.client.RestOperationsExtensionsTests" time="0.253"/>
  <testcase name="patchForObject with reified type parameters and String()" classname="org.springframework.web.client.RestOperationsExtensionsTests" time="0.031"/>
  <testcase name="exchange with reified type parameters, String and HttpMethod()" classname="org.springframework.web.client.RestOperationsExtensionsTests" time="0.022"/>
  <testcase name="postForObject with reified type parameters()" classname="org.springframework.web.client.RestOperationsExtensionsTests" time="0.017"/>
  <testcase name="getForObject with reified type parameters, String and varargs()" classname="org.springframework.web.client.RestOperationsExtensionsTests" time="0.01"/>
  <testcase name="postForObject with reified type parameters, String and varargs()" classname="org.springframework.web.client.RestOperationsExtensionsTests" time="0.017"/>
  <testcase name="postForEntity with reified type parameters, String and Map()" classname="org.springframework.web.client.RestOperationsExtensionsTests" time="0.018"/>
  <testcase name="postForObject with reified type parameters, String and Map()" classname="org.springframework.web.client.RestOperationsExtensionsTests" time="0.011"/>
  <testcase name="getForEntity with reified type parameters, String and varargs()" classname="org.springframework.web.client.RestOperationsExtensionsTests" time="0.066"/>
  <testcase name="exchange with reified type parameters, String, HttpMethod and HttpEntity()" classname="org.springframework.web.client.RestOperationsExtensionsTests" time="0.059"/>
  <testcase name="postForEntity with reified type parameters, String and varargs()" classname="org.springframework.web.client.RestOperationsExtensionsTests" time="0.038"/>
  <testcase name="getForEntity with reified type parameters, String and URI()" classname="org.springframework.web.client.RestOperationsExtensionsTests" time="0.012"/>
  <testcase name="getForObject with reified type parameters, String and Map()" classname="org.springframework.web.client.RestOperationsExtensionsTests" time="0.011"/>
  <testcase name="getForObject with reified type parameters and URI()" classname="org.springframework.web.client.RestOperationsExtensionsTests" time="0.008"/>
  <testcase name="RestOperations are available()" classname="org.springframework.web.client.RestOperationsExtensionsTests" time="0.322"/>
  <testcase name="postForEntity with reified type parameters()" classname="org.springframework.web.client.RestOperationsExtensionsTests" time="0.008"/>
  <testcase name="exchange with reified type parameters, String, HttpMethod, HttpEntity and Map()" classname="org.springframework.web.client.RestOperationsExtensionsTests" time="0.023"/>
  <testcase name="patchForObject with reified type parameters, String and varargs()" classname="org.springframework.web.client.RestOperationsExtensionsTests" time="0.011"/>
  <system-out><![CDATA[]]></system-out>
  <system-err><![CDATA[]]></system-err>
</testsuite>
