<?xml version="1.0" encoding="UTF-8"?>
<testsuite name="org.springframework.http.converter.ResourceRegionHttpMessageConverterTests" tests="8" skipped="0" failures="0" errors="0" timestamp="2021-06-20T08:11:49" hostname="gankangdembp" time="0.261">
  <properties/>
  <testcase name="partialContentMultipleByteRanges()" classname="org.springframework.http.converter.ResourceRegionHttpMessageConverterTests" time="0.023"/>
  <testcase name="canWriteResourceCollection()" classname="org.springframework.http.converter.ResourceRegionHttpMessageConverterTests" time="0.017"/>
  <testcase name="partialContentMultipleByteRangesInRandomOrderAndOverlapping()" classname="org.springframework.http.converter.ResourceRegionHttpMessageConverterTests" time="0.009"/>
  <testcase name="canWriteResource()" classname="org.springframework.http.converter.ResourceRegionHttpMessageConverterTests" time="0.001"/>
  <testcase name="shouldWritePartialContentByteRangeNoEnd()" classname="org.springframework.http.converter.ResourceRegionHttpMessageConverterTests" time="0.026"/>
  <testcase name="applicationOctetStreamDefaultContentType()" classname="org.springframework.http.converter.ResourceRegionHttpMessageConverterTests" time="0.181"/>
  <testcase name="canReadResource()" classname="org.springframework.http.converter.ResourceRegionHttpMessageConverterTests" time="0.0"/>
  <testcase name="shouldWritePartialContentByteRange()" classname="org.springframework.http.converter.ResourceRegionHttpMessageConverterTests" time="0.002"/>
  <system-out><![CDATA[]]></system-out>
  <system-err><![CDATA[]]></system-err>
</testsuite>
