<?xml version="1.0" encoding="UTF-8"?>
<testsuite name="org.springframework.http.ResponseCookieTests" tests="5" skipped="0" failures="0" errors="0" timestamp="2020-05-29T13:59:42" hostname="bamboo-18" time="0.016">
  <properties/>
  <testcase name="valueChecks()" classname="org.springframework.http.ResponseCookieTests" time="0.002"/>
  <testcase name="domainChecks()" classname="org.springframework.http.ResponseCookieTests" time="0.001"/>
  <testcase name="nameChecks()" classname="org.springframework.http.ResponseCookieTests" time="0.012"/>
  <testcase name="domainWithEmptyDoubleQuotes()" classname="org.springframework.http.ResponseCookieTests" time="0.0"/>
  <testcase name="basic()" classname="org.springframework.http.ResponseCookieTests" time="0.0"/>
  <system-out><![CDATA[]]></system-out>
  <system-err><![CDATA[]]></system-err>
</testsuite>
