<?xml version="1.0" encoding="UTF-8"?>
<testsuite name="org.springframework.http.codec.multipart.MultipartHttpMessageWriterTests" tests="6" skipped="0" failures="0" errors="0" timestamp="2021-06-20T08:12:05" hostname="gankangdembp" time="0.475">
  <properties/>
  <testcase name="singleSubscriberWithStrings()" classname="org.springframework.http.codec.multipart.MultipartHttpMessageWriterTests" time="0.098"/>
  <testcase name="canWrite()" classname="org.springframework.http.codec.multipart.MultipartHttpMessageWriterTests" time="0.024"/>
  <testcase name="writeMultipartRelated()" classname="org.springframework.http.codec.multipart.MultipartHttpMessageWriterTests" time="0.041"/>
  <testcase name="customContentDisposition()" classname="org.springframework.http.codec.multipart.MultipartHttpMessageWriterTests" time="0.066"/>
  <testcase name="writeMultipartFormData()" classname="org.springframework.http.codec.multipart.MultipartHttpMessageWriterTests" time="0.179"/>
  <testcase name="singleSubscriberWithResource()" classname="org.springframework.http.codec.multipart.MultipartHttpMessageWriterTests" time="0.054"/>
  <system-out><![CDATA[]]></system-out>
  <system-err><![CDATA[]]></system-err>
</testsuite>
