<?xml version="1.0" encoding="UTF-8"?>
<testsuite name="org.springframework.web.context.request.RequestScopeTests" tests="6" skipped="0" failures="0" errors="0" timestamp="2020-05-29T14:00:10" hostname="bamboo-18" time="0.558">
  <properties/>
  <testcase name="destructionAtRequestCompletion()" classname="org.springframework.web.context.request.RequestScopeTests" time="0.311"/>
  <testcase name="circleLeadsToException()" classname="org.springframework.web.context.request.RequestScopeTests" time="0.065"/>
  <testcase name="requestScopedInnerBeanDestroyedWhileContainedBySingleton()" classname="org.springframework.web.context.request.RequestScopeTests" time="0.03"/>
  <testcase name="innerBeanInheritsContainingBeanScopeByDefault()" classname="org.springframework.web.context.request.RequestScopeTests" time="0.014"/>
  <testcase name="getFromScope()" classname="org.springframework.web.context.request.RequestScopeTests" time="0.114"/>
  <testcase name="getFromFactoryBeanInScope()" classname="org.springframework.web.context.request.RequestScopeTests" time="0.024"/>
  <system-out><![CDATA[]]></system-out>
  <system-err><![CDATA[]]></system-err>
</testsuite>
