<?xml version="1.0" encoding="UTF-8"?>
<testsuite name="org.springframework.http.client.Netty4ClientHttpRequestFactoryTests" tests="6" skipped="0" failures="0" errors="0" timestamp="2020-05-29T13:59:21" hostname="bamboo-18" time="0.894">
  <properties/>
  <testcase name="headersAfterExecute()" classname="org.springframework.http.client.Netty4ClientHttpRequestFactoryTests" time="0.579"/>
  <testcase name="status()" classname="org.springframework.http.client.Netty4ClientHttpRequestFactoryTests" time="0.058"/>
  <testcase name="echo()" classname="org.springframework.http.client.Netty4ClientHttpRequestFactoryTests" time="0.056"/>
  <testcase name="multipleWrites()" classname="org.springframework.http.client.Netty4ClientHttpRequestFactoryTests" time="0.042"/>
  <testcase name="queryParameters()" classname="org.springframework.http.client.Netty4ClientHttpRequestFactoryTests" time="0.05"/>
  <testcase name="httpMethods()" classname="org.springframework.http.client.Netty4ClientHttpRequestFactoryTests" time="0.108"/>
  <system-out><![CDATA[]]></system-out>
  <system-err><![CDATA[May 29, 2020 1:59:21 PM okhttp3.mockwebserver.MockWebServer$3 execute
INFO: MockWebServer[60731] starting to accept connections
May 29, 2020 1:59:22 PM okhttp3.mockwebserver.MockWebServer$4 processOneRequest
INFO: MockWebServer[60731] received request: POST /status/ok HTTP/1.1 and responded: HTTP/1.1 200 OK
May 29, 2020 1:59:22 PM okhttp3.mockwebserver.MockWebServer$3 acceptConnections
INFO: MockWebServer[60731] done accepting connections: Socket closed
May 29, 2020 1:59:22 PM okhttp3.mockwebserver.MockWebServer$3 execute
INFO: MockWebServer[36289] starting to accept connections
May 29, 2020 1:59:22 PM okhttp3.mockwebserver.MockWebServer$4 processOneRequest
INFO: MockWebServer[36289] received request: GET /status/notfound HTTP/1.1 and responded: HTTP/1.1 404 Client Error
May 29, 2020 1:59:22 PM okhttp3.mockwebserver.MockWebServer$3 acceptConnections
INFO: MockWebServer[36289] done accepting connections: Socket closed
May 29, 2020 1:59:22 PM okhttp3.mockwebserver.MockWebServer$3 execute
INFO: MockWebServer[43273] starting to accept connections
May 29, 2020 1:59:22 PM okhttp3.mockwebserver.MockWebServer$4 processOneRequest
INFO: MockWebServer[43273] received request: PUT /echo HTTP/1.1 and responded: HTTP/1.1 200 OK
May 29, 2020 1:59:22 PM okhttp3.mockwebserver.MockWebServer$3 acceptConnections
INFO: MockWebServer[43273] done accepting connections: Socket closed
May 29, 2020 1:59:22 PM okhttp3.mockwebserver.MockWebServer$3 execute
INFO: MockWebServer[56331] starting to accept connections
May 29, 2020 1:59:22 PM okhttp3.mockwebserver.MockWebServer$4 processOneRequest
INFO: MockWebServer[56331] received request: POST /echo HTTP/1.1 and responded: HTTP/1.1 200 OK
May 29, 2020 1:59:22 PM okhttp3.mockwebserver.MockWebServer$3 acceptConnections
INFO: MockWebServer[56331] done accepting connections: Socket closed
May 29, 2020 1:59:22 PM okhttp3.mockwebserver.MockWebServer$3 execute
INFO: MockWebServer[55475] starting to accept connections
May 29, 2020 1:59:22 PM okhttp3.mockwebserver.MockWebServer$4 processOneRequest
INFO: MockWebServer[55475] received request: GET /params?param1=value&param2=value1&param2=value2 HTTP/1.1 and responded: HTTP/1.1 200 OK
May 29, 2020 1:59:22 PM okhttp3.mockwebserver.MockWebServer$3 acceptConnections
INFO: MockWebServer[55475] done accepting connections: Socket closed
May 29, 2020 1:59:22 PM okhttp3.mockwebserver.MockWebServer$3 execute
INFO: MockWebServer[33739] starting to accept connections
May 29, 2020 1:59:22 PM okhttp3.mockwebserver.MockWebServer$4 processOneRequest
INFO: MockWebServer[33739] received request: GET /methods/get HTTP/1.1 and responded: HTTP/1.1 200 OK
May 29, 2020 1:59:22 PM okhttp3.mockwebserver.MockWebServer$4 processOneRequest
INFO: MockWebServer[33739] received request: HEAD /methods/head HTTP/1.1 and responded: HTTP/1.1 200 OK
May 29, 2020 1:59:22 PM okhttp3.mockwebserver.MockWebServer$4 processOneRequest
INFO: MockWebServer[33739] received request: POST /methods/post HTTP/1.1 and responded: HTTP/1.1 200 OK
May 29, 2020 1:59:22 PM okhttp3.mockwebserver.MockWebServer$4 processOneRequest
INFO: MockWebServer[33739] received request: PUT /methods/put HTTP/1.1 and responded: HTTP/1.1 200 OK
May 29, 2020 1:59:22 PM okhttp3.mockwebserver.MockWebServer$4 processOneRequest
INFO: MockWebServer[33739] received request: OPTIONS /methods/options HTTP/1.1 and responded: HTTP/1.1 200 OK
May 29, 2020 1:59:22 PM okhttp3.mockwebserver.MockWebServer$4 processOneRequest
INFO: MockWebServer[33739] received request: DELETE /methods/delete HTTP/1.1 and responded: HTTP/1.1 200 OK
May 29, 2020 1:59:22 PM okhttp3.mockwebserver.MockWebServer$4 processOneRequest
INFO: MockWebServer[33739] received request: PATCH /methods/patch HTTP/1.1 and responded: HTTP/1.1 200 OK
May 29, 2020 1:59:22 PM okhttp3.mockwebserver.MockWebServer$3 acceptConnections
INFO: MockWebServer[33739] done accepting connections: Socket closed
]]></system-err>
</testsuite>
