<?xml version="1.0" encoding="UTF-8"?>
<testsuite name="org.springframework.web.context.request.ServletRequestAttributesTests" tests="15" skipped="0" failures="0" errors="0" timestamp="2021-06-20T08:11:16" hostname="gankangdembp" time="0.392">
  <properties/>
  <testcase name="setRequestScopedAttribute()" classname="org.springframework.web.context.request.ServletRequestAttributesTests" time="0.0"/>
  <testcase name="getSessionScopedAttributeDoesNotForceCreationOfSession()" classname="org.springframework.web.context.request.ServletRequestAttributesTests" time="0.223"/>
  <testcase name="skipImmutableFloat()" classname="org.springframework.web.context.request.ServletRequestAttributesTests" time="0.087"/>
  <testcase name="removeSessionScopedAttribute()" classname="org.springframework.web.context.request.ServletRequestAttributesTests" time="0.001"/>
  <testcase name="skipImmutableBigInteger()" classname="org.springframework.web.context.request.ServletRequestAttributesTests" time="0.002"/>
  <testcase name="setSessionScopedAttribute()" classname="org.springframework.web.context.request.ServletRequestAttributesTests" time="0.001"/>
  <testcase name="skipImmutableCharacter()" classname="org.springframework.web.context.request.ServletRequestAttributesTests" time="0.003"/>
  <testcase name="removeSessionScopedAttributeDoesNotForceCreationOfSession()" classname="org.springframework.web.context.request.ServletRequestAttributesTests" time="0.0"/>
  <testcase name="setSessionScopedAttributeAfterCompletion()" classname="org.springframework.web.context.request.ServletRequestAttributesTests" time="0.0"/>
  <testcase name="ctorRejectsNullArg()" classname="org.springframework.web.context.request.ServletRequestAttributesTests" time="0.002"/>
  <testcase name="skipImmutableBoolean()" classname="org.springframework.web.context.request.ServletRequestAttributesTests" time="0.002"/>
  <testcase name="updateAccessedAttributes()" classname="org.springframework.web.context.request.ServletRequestAttributesTests" time="0.028"/>
  <testcase name="setRequestScopedAttributeAfterCompletion()" classname="org.springframework.web.context.request.ServletRequestAttributesTests" time="0.004"/>
  <testcase name="skipImmutableString()" classname="org.springframework.web.context.request.ServletRequestAttributesTests" time="0.002"/>
  <testcase name="skipImmutableInteger()" classname="org.springframework.web.context.request.ServletRequestAttributesTests" time="0.002"/>
  <system-out><![CDATA[]]></system-out>
  <system-err><![CDATA[]]></system-err>
</testsuite>
