<?xml version="1.0" encoding="UTF-8"?>
<testsuite name="org.springframework.http.codec.json.Jackson2JsonDecoderTests" tests="15" skipped="0" failures="0" errors="0" timestamp="2020-05-29T13:59:40" hostname="bamboo-18" time="0.127">
  <properties/>
  <testcase name="decodeToMono()" classname="org.springframework.http.codec.json.Jackson2JsonDecoderTests" time="0.005"/>
  <testcase name="decodeNonUtf8Encoding()" classname="org.springframework.http.codec.json.Jackson2JsonDecoderTests" time="0.04"/>
  <testcase name="decode()" classname="org.springframework.http.codec.json.Jackson2JsonDecoderTests" time="0.005"/>
  <testcase name="decodeWithNullLiteral()" classname="org.springframework.http.codec.json.Jackson2JsonDecoderTests" time="0.005"/>
  <testcase name="invalidData()" classname="org.springframework.http.codec.json.Jackson2JsonDecoderTests" time="0.003"/>
  <testcase name="decodableMimeTypesIsImmutable()" classname="org.springframework.http.codec.json.Jackson2JsonDecoderTests" time="0.0"/>
  <testcase name="canDecode()" classname="org.springframework.http.codec.json.Jackson2JsonDecoderTests" time="0.008"/>
  <testcase name="decodeMonoNonUtf8Encoding()" classname="org.springframework.http.codec.json.Jackson2JsonDecoderTests" time="0.007"/>
  <testcase name="noDefaultConstructor()" classname="org.springframework.http.codec.json.Jackson2JsonDecoderTests" time="0.014"/>
  <testcase name="decodeEmptyArrayToFlux()" classname="org.springframework.http.codec.json.Jackson2JsonDecoderTests" time="0.002"/>
  <testcase name="customDeserializer()" classname="org.springframework.http.codec.json.Jackson2JsonDecoderTests" time="0.013"/>
  <testcase name="canDecodeWithProvidedMimeType()" classname="org.springframework.http.codec.json.Jackson2JsonDecoderTests" time="0.0"/>
  <testcase name="classLevelJsonView()" classname="org.springframework.http.codec.json.Jackson2JsonDecoderTests" time="0.011"/>
  <testcase name="bigDecimalFlux()" classname="org.springframework.http.codec.json.Jackson2JsonDecoderTests" time="0.003"/>
  <testcase name="fieldLevelJsonView()" classname="org.springframework.http.codec.json.Jackson2JsonDecoderTests" time="0.002"/>
  <system-out><![CDATA[13:59:40.757 [Test worker] DEBUG o.s.w.HttpLogging - Decoded [[Pojo[foo='f1', bar='b1'], Pojo[foo='f2', bar='b2']]]
13:59:40.796 [Test worker] DEBUG o.s.w.HttpLogging - Decoded [{foo=bar}]
13:59:40.800 [Test worker] DEBUG o.s.w.HttpLogging - Decoded [Pojo[foo='f1', bar='b1']]
13:59:40.801 [Test worker] DEBUG o.s.w.HttpLogging - Decoded [Pojo[foo='f2', bar='b2']]
13:59:40.801 [Test worker] DEBUG o.s.w.HttpLogging - Decoded [Pojo[foo='f1', bar='b1']]
13:59:40.802 [Test worker] DEBUG o.s.w.HttpLogging - Decoded [Pojo[foo='f1', bar='b1']]
13:59:40.806 [Test worker] DEBUG o.s.w.HttpLogging - Decoded []
13:59:40.831 [Test worker] DEBUG o.s.w.HttpLogging - Decoded [{foo=bar}]
13:59:40.860 [Test worker] DEBUG o.s.w.HttpLogging - Decoded [org.springframework.http.codec.json.Jackson2JsonDecoderTests$TestObject@71d39e21]
13:59:40.871 [Test worker] DEBUG o.s.w.HttpLogging - Decoded [org.springframework.http.codec.json.JacksonViewBean@285aa6a5]
13:59:40.878 [Test worker] DEBUG o.s.w.HttpLogging - Decoded [1E+2]
]]></system-out>
  <system-err><![CDATA[]]></system-err>
</testsuite>
