<?xml version="1.0" encoding="UTF-8"?>
<testsuite name="org.springframework.http.server.reactive.RandomHandlerIntegrationTests" tests="4" skipped="0" failures="0" errors="0" timestamp="2021-06-20T08:12:31" hostname="gankangdembp" time="0.136">
  <properties/>
  <testcase name="random(HttpServer)[1]" classname="org.springframework.http.server.reactive.RandomHandlerIntegrationTests" time="0.039"/>
  <testcase name="random(HttpServer)[2]" classname="org.springframework.http.server.reactive.RandomHandlerIntegrationTests" time="0.012"/>
  <testcase name="random(HttpServer)[3]" classname="org.springframework.http.server.reactive.RandomHandlerIntegrationTests" time="0.063"/>
  <testcase name="random(HttpServer)[4]" classname="org.springframework.http.server.reactive.RandomHandlerIntegrationTests" time="0.019"/>
  <system-out><![CDATA[]]></system-out>
  <system-err><![CDATA[Jun 20, 2021 4:12:31 PM org.apache.catalina.core.StandardService startInternal
INFO: Starting service [Tomcat]
Jun 20, 2021 4:12:31 PM org.apache.catalina.core.StandardEngine startInternal
INFO: Starting Servlet engine: [Apache Tomcat/9.0.37]
Jun 20, 2021 4:12:31 PM org.apache.coyote.AbstractProtocol init
INFO: Initializing ProtocolHandler ["http-nio-auto-14"]
Jun 20, 2021 4:12:31 PM org.apache.coyote.AbstractProtocol start
INFO: Starting ProtocolHandler ["http-nio-auto-14-56419"]
Jun 20, 2021 4:12:31 PM org.apache.coyote.AbstractProtocol pause
INFO: Pausing ProtocolHandler ["http-nio-auto-14-56419"]
Jun 20, 2021 4:12:31 PM org.apache.catalina.core.StandardService stopInternal
INFO: Stopping service [Tomcat]
Jun 20, 2021 4:12:31 PM org.apache.coyote.AbstractProtocol stop
INFO: Stopping ProtocolHandler ["http-nio-auto-14-56419"]
Jun 20, 2021 4:12:31 PM org.apache.coyote.AbstractProtocol destroy
INFO: Destroying ProtocolHandler ["http-nio-auto-14-56419"]
]]></system-err>
</testsuite>
