<?xml version="1.0" encoding="UTF-8"?>
<testsuite name="org.springframework.http.codec.json.Jackson2JsonEncoderTests" tests="12" skipped="0" failures="0" errors="0" timestamp="2021-06-20T08:12:02" hostname="gankangdembp" time="0.187">
  <properties/>
  <testcase name="encode()" classname="org.springframework.http.codec.json.Jackson2JsonEncoderTests" time="0.066"/>
  <testcase name="encodeWithType()" classname="org.springframework.http.codec.json.Jackson2JsonEncoderTests" time="0.013"/>
  <testcase name="encodeWithFlushAfterWriteOff()" classname="org.springframework.http.codec.json.Jackson2JsonEncoderTests" time="0.003"/>
  <testcase name="canEncode()" classname="org.springframework.http.codec.json.Jackson2JsonEncoderTests" time="0.001"/>
  <testcase name="canEncodeWithCustomMimeType()" classname="org.springframework.http.codec.json.Jackson2JsonEncoderTests" time="0.0"/>
  <testcase name="canNotEncode()" classname="org.springframework.http.codec.json.Jackson2JsonEncoderTests" time="0.001"/>
  <testcase name="encodeNonStream()" classname="org.springframework.http.codec.json.Jackson2JsonEncoderTests" time="0.005"/>
  <testcase name="classLevelJsonView()" classname="org.springframework.http.codec.json.Jackson2JsonEncoderTests" time="0.008"/>
  <testcase name="encodableMimeTypesIsImmutable()" classname="org.springframework.http.codec.json.Jackson2JsonEncoderTests" time="0.001"/>
  <testcase name="encodeAsStreamWithCustomStreamingType()" classname="org.springframework.http.codec.json.Jackson2JsonEncoderTests" time="0.047"/>
  <testcase name="encodeAscii()" classname="org.springframework.http.codec.json.Jackson2JsonEncoderTests" time="0.004"/>
  <testcase name="fieldLevelJsonView()" classname="org.springframework.http.codec.json.Jackson2JsonEncoderTests" time="0.004"/>
  <system-out><![CDATA[]]></system-out>
  <system-err><![CDATA[]]></system-err>
</testsuite>
