<?xml version="1.0" encoding="UTF-8"?>
<testsuite name="org.springframework.web.method.support.InvocableHandlerMethodTests" tests="9" skipped="0" failures="0" errors="0" timestamp="2021-06-20T08:11:48" hostname="gankangdembp" time="0.072">
  <properties/>
  <testcase name="resolveArg()" classname="org.springframework.web.method.support.InvocableHandlerMethodTests" time="0.002"/>
  <testcase name="cannotResolveArg()" classname="org.springframework.web.method.support.InvocableHandlerMethodTests" time="0.034"/>
  <testcase name="resolveProvidedArg()" classname="org.springframework.web.method.support.InvocableHandlerMethodTests" time="0.004"/>
  <testcase name="illegalArgumentException()" classname="org.springframework.web.method.support.InvocableHandlerMethodTests" time="0.002"/>
  <testcase name="invocationErrorMessage()" classname="org.springframework.web.method.support.InvocableHandlerMethodTests" time="0.001"/>
  <testcase name="invocationTargetException()" classname="org.springframework.web.method.support.InvocableHandlerMethodTests" time="0.004"/>
  <testcase name="resolveProvidedArgFirst()" classname="org.springframework.web.method.support.InvocableHandlerMethodTests" time="0.0"/>
  <testcase name="exceptionInResolvingArg()" classname="org.springframework.web.method.support.InvocableHandlerMethodTests" time="0.002"/>
  <testcase name="resolveNoArgValue()" classname="org.springframework.web.method.support.InvocableHandlerMethodTests" time="0.0"/>
  <system-out><![CDATA[]]></system-out>
  <system-err><![CDATA[]]></system-err>
</testsuite>
