<?xml version="1.0" encoding="UTF-8"?>
<testsuite name="org.springframework.web.server.session.DefaultWebSessionManagerTests" tests="4" skipped="0" failures="0" errors="0" timestamp="2021-06-20T08:11:33" hostname="gankangdembp" time="0.329">
  <properties/>
  <testcase name="existingSession()" classname="org.springframework.web.server.session.DefaultWebSessionManagerTests" time="0.282"/>
  <testcase name="multipleSessionIds()" classname="org.springframework.web.server.session.DefaultWebSessionManagerTests" time="0.006"/>
  <testcase name="getSessionSaveWhenCreatedAndStartedThenSavesAndSetsId()" classname="org.springframework.web.server.session.DefaultWebSessionManagerTests" time="0.034"/>
  <testcase name="getSessionSaveWhenCreatedAndNotStartedThenNotSaved()" classname="org.springframework.web.server.session.DefaultWebSessionManagerTests" time="0.006"/>
  <system-out><![CDATA[]]></system-out>
  <system-err><![CDATA[]]></system-err>
</testsuite>
