<?xml version="1.0" encoding="UTF-8"?>
<testsuite name="org.springframework.web.method.annotation.RequestParamMethodArgumentResolverTests" tests="34" skipped="0" failures="0" errors="0" timestamp="2021-06-20T08:11:44" hostname="gankangdembp" time="1.996">
  <properties/>
  <testcase name="resolveEmptyValueWithoutDefault()" classname="org.springframework.web.method.annotation.RequestParamMethodArgumentResolverTests" time="0.058"/>
  <testcase name="resolveOptionalParamList()" classname="org.springframework.web.method.annotation.RequestParamMethodArgumentResolverTests" time="0.207"/>
  <testcase name="missingOptionalParamArray()" classname="org.springframework.web.method.annotation.RequestParamMethodArgumentResolverTests" time="0.034"/>
  <testcase name="missingOptionalParamValue()" classname="org.springframework.web.method.annotation.RequestParamMethodArgumentResolverTests" time="0.04"/>
  <testcase name="missingRequestParamEmptyValueNotRequired()" classname="org.springframework.web.method.annotation.RequestParamMethodArgumentResolverTests" time="0.15"/>
  <testcase name="resolveMultipartFileNotAnnot()" classname="org.springframework.web.method.annotation.RequestParamMethodArgumentResolverTests" time="0.022"/>
  <testcase name="resolveSimpleTypeParam()" classname="org.springframework.web.method.annotation.RequestParamMethodArgumentResolverTests" time="0.033"/>
  <testcase name="resolveOptionalMultipartFile()" classname="org.springframework.web.method.annotation.RequestParamMethodArgumentResolverTests" time="0.044"/>
  <testcase name="isMultipartRequest()" classname="org.springframework.web.method.annotation.RequestParamMethodArgumentResolverTests" time="0.032"/>
  <testcase name="missingOptionalMultipartFile()" classname="org.springframework.web.method.annotation.RequestParamMethodArgumentResolverTests" time="0.033"/>
  <testcase name="resolveEmptyValueToDefault()" classname="org.springframework.web.method.annotation.RequestParamMethodArgumentResolverTests" time="0.033"/>
  <testcase name="resolvePartList()" classname="org.springframework.web.method.annotation.RequestParamMethodArgumentResolverTests" time="0.033"/>
  <testcase name="resolveOptionalParamArray()" classname="org.springframework.web.method.annotation.RequestParamMethodArgumentResolverTests" time="0.054"/>
  <testcase name="resolveOptionalParamValue()" classname="org.springframework.web.method.annotation.RequestParamMethodArgumentResolverTests" time="0.013"/>
  <testcase name="resolveString()" classname="org.springframework.web.method.annotation.RequestParamMethodArgumentResolverTests" time="0.04"/>
  <testcase name="resolveStringArray()" classname="org.springframework.web.method.annotation.RequestParamMethodArgumentResolverTests" time="0.028"/>
  <testcase name="missingRequestParam()" classname="org.springframework.web.method.annotation.RequestParamMethodArgumentResolverTests" time="0.037"/>
  <testcase name="resolveEmptyValueRequiredWithoutDefault()" classname="org.springframework.web.method.annotation.RequestParamMethodArgumentResolverTests" time="0.051"/>
  <testcase name="optionalMultipartFileWithoutMultipartRequest()" classname="org.springframework.web.method.annotation.RequestParamMethodArgumentResolverTests" time="0.031"/>
  <testcase name="resolvePartArray()" classname="org.springframework.web.method.annotation.RequestParamMethodArgumentResolverTests" time="0.049"/>
  <testcase name="resolveMultipartFileArray()" classname="org.springframework.web.method.annotation.RequestParamMethodArgumentResolverTests" time="0.035"/>
  <testcase name="resolveMultipartFile()" classname="org.springframework.web.method.annotation.RequestParamMethodArgumentResolverTests" time="0.026"/>
  <testcase name="resolveMultipartFileListNotannot()" classname="org.springframework.web.method.annotation.RequestParamMethodArgumentResolverTests" time="0.032"/>
  <testcase name="resolveDefaultValue()" classname="org.springframework.web.method.annotation.RequestParamMethodArgumentResolverTests" time="0.027"/>
  <testcase name="isMultipartRequestHttpPut()" classname="org.springframework.web.method.annotation.RequestParamMethodArgumentResolverTests" time="0.037"/>
  <testcase name="noMultipartContent()" classname="org.springframework.web.method.annotation.RequestParamMethodArgumentResolverTests" time="0.01"/>
  <testcase name="missingOptionalParamList()" classname="org.springframework.web.method.annotation.RequestParamMethodArgumentResolverTests" time="0.072"/>
  <testcase name="missingMultipartFile()" classname="org.springframework.web.method.annotation.RequestParamMethodArgumentResolverTests" time="0.01"/>
  <testcase name="supportsParameter()" classname="org.springframework.web.method.annotation.RequestParamMethodArgumentResolverTests" time="0.548"/>
  <testcase name="missingRequestParamEmptyValueConvertedToNull()" classname="org.springframework.web.method.annotation.RequestParamMethodArgumentResolverTests" time="0.008"/>
  <testcase name="resolvePart()" classname="org.springframework.web.method.annotation.RequestParamMethodArgumentResolverTests" time="0.046"/>
  <testcase name="resolvePartNotAnnot()" classname="org.springframework.web.method.annotation.RequestParamMethodArgumentResolverTests" time="0.027"/>
  <testcase name="resolveSimpleTypeParamToNull()" classname="org.springframework.web.method.annotation.RequestParamMethodArgumentResolverTests" time="0.031"/>
  <testcase name="resolveMultipartFileList()" classname="org.springframework.web.method.annotation.RequestParamMethodArgumentResolverTests" time="0.029"/>
  <system-out><![CDATA[]]></system-out>
  <system-err><![CDATA[]]></system-err>
</testsuite>
