<?xml version="1.0" encoding="UTF-8"?>
<testsuite name="org.springframework.http.server.reactive.CookieIntegrationTests" tests="4" skipped="0" failures="0" errors="0" timestamp="2020-05-29T13:59:49" hostname="bamboo-18" time="0.409">
  <properties/>
  <testcase name="basicTest(HttpServer)[1]" classname="org.springframework.http.server.reactive.CookieIntegrationTests" time="0.106"/>
  <testcase name="basicTest(HttpServer)[2]" classname="org.springframework.http.server.reactive.CookieIntegrationTests" time="0.015"/>
  <testcase name="basicTest(HttpServer)[3]" classname="org.springframework.http.server.reactive.CookieIntegrationTests" time="0.231"/>
  <testcase name="basicTest(HttpServer)[4]" classname="org.springframework.http.server.reactive.CookieIntegrationTests" time="0.057"/>
  <system-out><![CDATA[13:59:49.869 [Test worker] DEBUG o.s.w.t.h.s.r.b.JettyHttpServer - Starting JettyHttpServer...
13:59:49.935 [Test worker] DEBUG o.s.w.t.h.s.r.b.JettyHttpServer - Server started on port 43519(0 millis).
13:59:49.938 [Test worker] DEBUG o.s.w.c.RestTemplate - HTTP GET http://localhost:43519
13:59:49.938 [Test worker] DEBUG o.s.w.c.RestTemplate - Accept=[application/xml, text/xml, application/json, application/x-jackson-smile, application/cbor, application/*+xml, application/*+json]
13:59:49.965 [Test worker] DEBUG o.s.w.c.RestTemplate - Response 200 OK
13:59:49.967 [Test worker] DEBUG o.s.w.t.h.s.r.b.JettyHttpServer - Stopping JettyHttpServer...
13:59:49.974 [Test worker] DEBUG o.s.w.t.h.s.r.b.JettyHttpServer - Server stopped (0 millis).
13:59:49.975 [Test worker] DEBUG o.s.w.t.h.s.r.b.ReactorHttpServer - Starting ReactorHttpServer...
13:59:49.977 [Test worker] DEBUG o.s.w.t.h.s.r.b.ReactorHttpServer - Server started on port 44459(0 millis).
13:59:49.980 [Test worker] DEBUG o.s.w.c.RestTemplate - HTTP GET http://localhost:44459
13:59:49.980 [Test worker] DEBUG o.s.w.c.RestTemplate - Accept=[application/xml, text/xml, application/json, application/x-jackson-smile, application/cbor, application/*+xml, application/*+json]
13:59:49.988 [Test worker] DEBUG o.s.w.c.RestTemplate - Response 200 OK
13:59:49.988 [Test worker] DEBUG o.s.w.t.h.s.r.b.ReactorHttpServer - Stopping ReactorHttpServer...
13:59:49.989 [Test worker] DEBUG o.s.w.t.h.s.r.b.ReactorHttpServer - Server stopped (0 millis).
13:59:49.990 [Test worker] DEBUG o.s.w.t.h.s.r.b.TomcatHttpServer - Starting TomcatHttpServer...
13:59:50.184 [Test worker] DEBUG o.s.w.t.h.s.r.b.TomcatHttpServer - Server started on port 38965(0 millis).
13:59:50.187 [Test worker] DEBUG o.s.w.c.RestTemplate - HTTP GET http://localhost:38965
13:59:50.188 [Test worker] DEBUG o.s.w.c.RestTemplate - Accept=[application/xml, text/xml, application/json, application/x-jackson-smile, application/cbor, application/*+xml, application/*+json]
13:59:50.200 [Test worker] DEBUG o.s.w.c.RestTemplate - Response 200 OK
13:59:50.205 [Test worker] DEBUG o.s.w.t.h.s.r.b.TomcatHttpServer - Stopping TomcatHttpServer...
13:59:50.219 [Test worker] DEBUG o.s.w.t.h.s.r.b.TomcatHttpServer - Server stopped (0 millis).
13:59:50.220 [Test worker] DEBUG o.s.w.t.h.s.r.b.UndertowHttpServer - Starting UndertowHttpServer...
13:59:50.262 [Test worker] DEBUG o.s.w.t.h.s.r.b.UndertowHttpServer - Server started on port 34223(0 millis).
13:59:50.269 [Test worker] DEBUG o.s.w.c.RestTemplate - HTTP GET http://localhost:34223
13:59:50.270 [Test worker] DEBUG o.s.w.c.RestTemplate - Accept=[application/xml, text/xml, application/json, application/x-jackson-smile, application/cbor, application/*+xml, application/*+json]
13:59:50.275 [Test worker] DEBUG o.s.w.c.RestTemplate - Response 200 OK
13:59:50.276 [Test worker] DEBUG o.s.w.t.h.s.r.b.UndertowHttpServer - Stopping UndertowHttpServer...
13:59:50.277 [Test worker] DEBUG o.s.w.t.h.s.r.b.UndertowHttpServer - Server stopped (0 millis).
]]></system-out>
  <system-err><![CDATA[May 29, 2020 1:59:49 PM org.apache.catalina.core.StandardService startInternal
INFO: Starting service [Tomcat]
May 29, 2020 1:59:49 PM org.apache.catalina.core.StandardEngine startInternal
INFO: Starting Servlet engine: [Apache Tomcat/9.0.35]
May 29, 2020 1:59:50 PM org.apache.coyote.AbstractProtocol init
INFO: Initializing ProtocolHandler ["http-nio-auto-4"]
May 29, 2020 1:59:50 PM org.apache.coyote.AbstractProtocol start
INFO: Starting ProtocolHandler ["http-nio-auto-4-38965"]
May 29, 2020 1:59:50 PM org.apache.coyote.AbstractProtocol pause
INFO: Pausing ProtocolHandler ["http-nio-auto-4-38965"]
May 29, 2020 1:59:50 PM org.apache.catalina.core.StandardService stopInternal
INFO: Stopping service [Tomcat]
May 29, 2020 1:59:50 PM org.apache.coyote.AbstractProtocol stop
INFO: Stopping ProtocolHandler ["http-nio-auto-4-38965"]
May 29, 2020 1:59:50 PM org.apache.coyote.AbstractProtocol destroy
INFO: Destroying ProtocolHandler ["http-nio-auto-4-38965"]
]]></system-err>
</testsuite>
