<?xml version="1.0" encoding="UTF-8"?>
<testsuite name="org.springframework.http.client.OkHttp3AsyncClientHttpRequestFactoryTests" tests="7" skipped="0" failures="0" errors="0" timestamp="2021-06-20T08:12:38" hostname="gankangdembp" time="0.079">
  <properties/>
  <testcase name="cancel()" classname="org.springframework.http.client.OkHttp3AsyncClientHttpRequestFactoryTests" time="0.011"/>
  <testcase name="headersAfterExecute()" classname="org.springframework.http.client.OkHttp3AsyncClientHttpRequestFactoryTests" time="0.008"/>
  <testcase name="status()" classname="org.springframework.http.client.OkHttp3AsyncClientHttpRequestFactoryTests" time="0.008"/>
  <testcase name="echo()" classname="org.springframework.http.client.OkHttp3AsyncClientHttpRequestFactoryTests" time="0.008"/>
  <testcase name="statusCallback()" classname="org.springframework.http.client.OkHttp3AsyncClientHttpRequestFactoryTests" time="0.008"/>
  <testcase name="multipleWrites()" classname="org.springframework.http.client.OkHttp3AsyncClientHttpRequestFactoryTests" time="0.008"/>
  <testcase name="httpMethods()" classname="org.springframework.http.client.OkHttp3AsyncClientHttpRequestFactoryTests" time="0.028"/>
  <system-out><![CDATA[]]></system-out>
  <system-err><![CDATA[Jun 20, 2021 4:12:38 PM okhttp3.mockwebserver.MockWebServer$3 execute
INFO: MockWebServer[56566] starting to accept connections
Jun 20, 2021 4:12:38 PM okhttp3.mockwebserver.MockWebServer$3 acceptConnections
INFO: MockWebServer[56566] done accepting connections: Socket closed
Jun 20, 2021 4:12:38 PM okhttp3.mockwebserver.MockWebServer$3 execute
INFO: MockWebServer[56567] starting to accept connections
Jun 20, 2021 4:12:38 PM okhttp3.mockwebserver.MockWebServer$4 processOneRequest
INFO: MockWebServer[56567] received request: POST /echo HTTP/1.1 and responded: HTTP/1.1 200 OK
Jun 20, 2021 4:12:38 PM okhttp3.mockwebserver.MockWebServer$3 acceptConnections
INFO: MockWebServer[56567] done accepting connections: Socket closed
Jun 20, 2021 4:12:38 PM okhttp3.mockwebserver.MockWebServer$3 execute
INFO: MockWebServer[56569] starting to accept connections
Jun 20, 2021 4:12:38 PM okhttp3.mockwebserver.MockWebServer$4 processOneRequest
INFO: MockWebServer[56569] received request: GET /status/notfound HTTP/1.1 and responded: HTTP/1.1 404 Client Error
Jun 20, 2021 4:12:38 PM okhttp3.mockwebserver.MockWebServer$3 acceptConnections
INFO: MockWebServer[56569] done accepting connections: Socket closed
Jun 20, 2021 4:12:38 PM okhttp3.mockwebserver.MockWebServer$3 execute
INFO: MockWebServer[56571] starting to accept connections
Jun 20, 2021 4:12:38 PM okhttp3.mockwebserver.MockWebServer$4 processOneRequest
INFO: MockWebServer[56571] received request: PUT /echo HTTP/1.1 and responded: HTTP/1.1 200 OK
Jun 20, 2021 4:12:38 PM okhttp3.mockwebserver.MockWebServer$3 acceptConnections
INFO: MockWebServer[56571] done accepting connections: Socket closed
Jun 20, 2021 4:12:38 PM okhttp3.mockwebserver.MockWebServer$3 execute
INFO: MockWebServer[56573] starting to accept connections
Jun 20, 2021 4:12:38 PM okhttp3.mockwebserver.MockWebServer$4 processOneRequest
INFO: MockWebServer[56573] received request: GET /status/notfound HTTP/1.1 and responded: HTTP/1.1 404 Client Error
Jun 20, 2021 4:12:38 PM okhttp3.mockwebserver.MockWebServer$3 acceptConnections
INFO: MockWebServer[56573] done accepting connections: Socket closed
Jun 20, 2021 4:12:38 PM okhttp3.mockwebserver.MockWebServer$3 execute
INFO: MockWebServer[56575] starting to accept connections
Jun 20, 2021 4:12:38 PM okhttp3.mockwebserver.MockWebServer$4 processOneRequest
INFO: MockWebServer[56575] received request: POST /echo HTTP/1.1 and responded: HTTP/1.1 200 OK
Jun 20, 2021 4:12:38 PM okhttp3.mockwebserver.MockWebServer$3 acceptConnections
INFO: MockWebServer[56575] done accepting connections: Socket closed
Jun 20, 2021 4:12:38 PM okhttp3.mockwebserver.MockWebServer$3 execute
INFO: MockWebServer[56577] starting to accept connections
Jun 20, 2021 4:12:38 PM okhttp3.mockwebserver.MockWebServer$4 processOneRequest
INFO: MockWebServer[56577] received request: GET /methods/get HTTP/1.1 and responded: HTTP/1.1 200 OK
Jun 20, 2021 4:12:38 PM okhttp3.mockwebserver.MockWebServer$4 processOneRequest
INFO: MockWebServer[56577] received request: HEAD /methods/head HTTP/1.1 and responded: HTTP/1.1 200 OK
Jun 20, 2021 4:12:38 PM okhttp3.mockwebserver.MockWebServer$4 processOneRequest
INFO: MockWebServer[56577] received request: POST /methods/post HTTP/1.1 and responded: HTTP/1.1 200 OK
Jun 20, 2021 4:12:38 PM okhttp3.mockwebserver.MockWebServer$4 processOneRequest
INFO: MockWebServer[56577] received request: PUT /methods/put HTTP/1.1 and responded: HTTP/1.1 200 OK
Jun 20, 2021 4:12:38 PM okhttp3.mockwebserver.MockWebServer$4 processOneRequest
INFO: MockWebServer[56577] received request: OPTIONS /methods/options HTTP/1.1 and responded: HTTP/1.1 200 OK
Jun 20, 2021 4:12:38 PM okhttp3.mockwebserver.MockWebServer$4 processOneRequest
INFO: MockWebServer[56577] received request: DELETE /methods/delete HTTP/1.1 and responded: HTTP/1.1 200 OK
Jun 20, 2021 4:12:38 PM okhttp3.mockwebserver.MockWebServer$4 processOneRequest
INFO: MockWebServer[56577] received request: PATCH /methods/patch HTTP/1.1 and responded: HTTP/1.1 200 OK
Jun 20, 2021 4:12:38 PM okhttp3.mockwebserver.MockWebServer$3 acceptConnections
INFO: MockWebServer[56577] done accepting connections: Socket closed
]]></system-err>
</testsuite>
