<?xml version="1.0" encoding="UTF-8"?>
<testsuite name="org.springframework.web.cors.reactive.CorsWebFilterTests" tests="6" skipped="0" failures="0" errors="0" timestamp="2020-05-29T14:00:13" hostname="bamboo-18" time="0.021">
  <properties/>
  <testcase name="sameOriginRequest()" classname="org.springframework.web.cors.reactive.CorsWebFilterTests" time="0.006"/>
  <testcase name="validActualRequest()" classname="org.springframework.web.cors.reactive.CorsWebFilterTests" time="0.001"/>
  <testcase name="validPreFlightRequest()" classname="org.springframework.web.cors.reactive.CorsWebFilterTests" time="0.001"/>
  <testcase name="nonCorsRequest()" classname="org.springframework.web.cors.reactive.CorsWebFilterTests" time="0.0"/>
  <testcase name="invalidPreFlightRequest()" classname="org.springframework.web.cors.reactive.CorsWebFilterTests" time="0.005"/>
  <testcase name="invalidActualRequest()" classname="org.springframework.web.cors.reactive.CorsWebFilterTests" time="0.001"/>
  <system-out><![CDATA[14:00:13.037 [Test worker] DEBUG o.s.w.c.r.DefaultCorsProcessor - Reject: HTTP 'DELETE' is not allowed
14:00:13.042 [Test worker] DEBUG o.s.w.c.r.DefaultCorsProcessor - Reject: HTTP 'DELETE' is not allowed
]]></system-out>
  <system-err><![CDATA[]]></system-err>
</testsuite>
