<?xml version="1.0" encoding="UTF-8"?>
<testsuite name="org.springframework.http.codec.FormHttpMessageWriterTests" tests="2" skipped="0" failures="0" errors="0" timestamp="2020-05-29T13:59:40" hostname="bamboo-18" time="0.02">
  <properties/>
  <testcase name="writeForm()" classname="org.springframework.http.codec.FormHttpMessageWriterTests" time="0.016"/>
  <testcase name="canWrite()" classname="org.springframework.http.codec.FormHttpMessageWriterTests" time="0.003"/>
  <system-out><![CDATA[13:59:40.367 [Test worker] DEBUG o.s.w.HttpLogging - Writing form fields [name 1, name 2, name 3] (content masked)
]]></system-out>
  <system-err><![CDATA[]]></system-err>
</testsuite>
