<?xml version="1.0" encoding="UTF-8"?>
<testsuite name="org.springframework.web.server.adapter.DefaultServerWebExchangeTests" tests="3" skipped="0" failures="0" errors="0" timestamp="2020-05-29T14:00:13" hostname="bamboo-18" time="0.002">
  <properties/>
  <testcase name="transformUrlDefault()" classname="org.springframework.web.server.adapter.DefaultServerWebExchangeTests" time="0.001"/>
  <testcase name="transformUrlWithEncoder()" classname="org.springframework.web.server.adapter.DefaultServerWebExchangeTests" time="0.001"/>
  <testcase name="transformUrlWithMultipleEncoders()" classname="org.springframework.web.server.adapter.DefaultServerWebExchangeTests" time="0.0"/>
  <system-out><![CDATA[]]></system-out>
  <system-err><![CDATA[]]></system-err>
</testsuite>
