<?xml version="1.0" encoding="UTF-8"?>
<testsuite name="org.springframework.http.converter.xml.MarshallingHttpMessageConverterTests" tests="8" skipped="0" failures="0" errors="0" timestamp="2021-06-20T08:11:52" hostname="gankangdembp" time="0.55">
  <properties/>
  <testcase name="supports()" classname="org.springframework.http.converter.xml.MarshallingHttpMessageConverterTests" time="0.003"/>
  <testcase name="canWrite()" classname="org.springframework.http.converter.xml.MarshallingHttpMessageConverterTests" time="0.056"/>
  <testcase name="read()" classname="org.springframework.http.converter.xml.MarshallingHttpMessageConverterTests" time="0.477"/>
  <testcase name="writeWithMarshallingFailureException()" classname="org.springframework.http.converter.xml.MarshallingHttpMessageConverterTests" time="0.003"/>
  <testcase name="write()" classname="org.springframework.http.converter.xml.MarshallingHttpMessageConverterTests" time="0.003"/>
  <testcase name="canRead()" classname="org.springframework.http.converter.xml.MarshallingHttpMessageConverterTests" time="0.001"/>
  <testcase name="readWithMarshallingFailureException()" classname="org.springframework.http.converter.xml.MarshallingHttpMessageConverterTests" time="0.003"/>
  <testcase name="readWithTypeMismatchException()" classname="org.springframework.http.converter.xml.MarshallingHttpMessageConverterTests" time="0.002"/>
  <system-out><![CDATA[]]></system-out>
  <system-err><![CDATA[]]></system-err>
</testsuite>
