<?xml version="1.0" encoding="UTF-8"?>
<testsuite name="org.springframework.web.multipart.support.StandardMultipartHttpServletRequestTests" tests="4" skipped="0" failures="0" errors="0" timestamp="2020-05-29T14:00:00" hostname="bamboo-18" time="0.049">
  <properties/>
  <testcase name="filename()" classname="org.springframework.web.multipart.support.StandardMultipartHttpServletRequestTests" time="0.002"/>
  <testcase name="multipartFileResource()" classname="org.springframework.web.multipart.support.StandardMultipartHttpServletRequestTests" time="0.002"/>
  <testcase name="filenameRfc2047()" classname="org.springframework.web.multipart.support.StandardMultipartHttpServletRequestTests" time="0.045"/>
  <testcase name="filenameRfc5987()" classname="org.springframework.web.multipart.support.StandardMultipartHttpServletRequestTests" time="0.0"/>
  <system-out><![CDATA[]]></system-out>
  <system-err><![CDATA[]]></system-err>
</testsuite>
