<?xml version="1.0" encoding="UTF-8"?>
<testsuite name="org.springframework.http.client.MultipartBodyBuilderTests" tests="2" skipped="0" failures="0" errors="0" timestamp="2020-05-29T13:59:29" hostname="bamboo-18" time="0.222">
  <properties/>
  <testcase name="publisherEntityAcceptedAsInput()" classname="org.springframework.http.client.MultipartBodyBuilderTests" time="0.22"/>
  <testcase name="builder()" classname="org.springframework.http.client.MultipartBodyBuilderTests" time="0.002"/>
  <system-out><![CDATA[]]></system-out>
  <system-err><![CDATA[]]></system-err>
</testsuite>
