<?xml version="1.0" encoding="UTF-8"?>
<testsuite name="org.springframework.http.server.reactive.ZeroCopyIntegrationTests" tests="4" skipped="2" failures="0" errors="0" timestamp="2021-06-20T08:12:27" hostname="gankangdembp" time="0.094">
  <properties/>
  <testcase name="zeroCopy(HttpServer)[1]" classname="org.springframework.http.server.reactive.ZeroCopyIntegrationTests" time="0.001">
    <skipped/>
  </testcase>
  <testcase name="zeroCopy(HttpServer)[2]" classname="org.springframework.http.server.reactive.ZeroCopyIntegrationTests" time="0.042"/>
  <testcase name="zeroCopy(HttpServer)[3]" classname="org.springframework.http.server.reactive.ZeroCopyIntegrationTests" time="0.001">
    <skipped/>
  </testcase>
  <testcase name="zeroCopy(HttpServer)[4]" classname="org.springframework.http.server.reactive.ZeroCopyIntegrationTests" time="0.024"/>
  <system-out><![CDATA[]]></system-out>
  <system-err><![CDATA[]]></system-err>
</testsuite>
