<?xml version="1.0" encoding="UTF-8"?>
<testsuite name="org.springframework.http.client.support.BasicAuthorizationInterceptorTests" tests="4" skipped="0" failures="0" errors="0" timestamp="2020-05-29T13:59:19" hostname="bamboo-18" time="1.606">
  <properties/>
  <testcase name="createWhenUsernameContainsColonShouldThrowException()" classname="org.springframework.http.client.support.BasicAuthorizationInterceptorTests" time="0.001"/>
  <testcase name="createWhenUsernameIsNullShouldUseEmptyUsername()" classname="org.springframework.http.client.support.BasicAuthorizationInterceptorTests" time="0.757"/>
  <testcase name="createWhenPasswordIsNullShouldUseEmptyPassword()" classname="org.springframework.http.client.support.BasicAuthorizationInterceptorTests" time="0.001"/>
  <testcase name="interceptShouldAddHeader()" classname="org.springframework.http.client.support.BasicAuthorizationInterceptorTests" time="0.846"/>
  <system-out><![CDATA[]]></system-out>
  <system-err><![CDATA[]]></system-err>
</testsuite>
