<?xml version="1.0" encoding="UTF-8"?>
<testsuite name="org.springframework.web.bind.support.WebRequestDataBinderIntegrationTests" tests="2" skipped="0" failures="0" errors="0" timestamp="2021-06-20T08:11:36" hostname="gankangdembp" time="0.373">
  <properties/>
  <testcase name="partsBinding()" classname="org.springframework.web.bind.support.WebRequestDataBinderIntegrationTests" time="0.349"/>
  <testcase name="partListBinding()" classname="org.springframework.web.bind.support.WebRequestDataBinderIntegrationTests" time="0.016"/>
  <system-out><![CDATA[]]></system-out>
  <system-err><![CDATA[]]></system-err>
</testsuite>
