<?xml version="1.0" encoding="UTF-8"?>
<testsuite name="org.springframework.web.util.ServletContextPropertyUtilsTests" tests="2" skipped="0" failures="0" errors="0" timestamp="2021-06-20T08:11:18" hostname="gankangdembp" time="0.004">
  <properties/>
  <testcase name="fallbackToSystemProperties()" classname="org.springframework.web.util.ServletContextPropertyUtilsTests" time="0.003"/>
  <testcase name="resolveAsServletContextInitParameter()" classname="org.springframework.web.util.ServletContextPropertyUtilsTests" time="0.001"/>
  <system-out><![CDATA[]]></system-out>
  <system-err><![CDATA[]]></system-err>
</testsuite>
