<?xml version="1.0" encoding="UTF-8"?>
<testsuite name="org.springframework.http.client.BufferedSimpleHttpRequestFactoryTests" tests="8" skipped="0" failures="0" errors="0" timestamp="2021-06-20T08:12:43" hostname="gankangdembp" time="0.025">
  <properties/>
  <testcase name="headersAfterExecute()" classname="org.springframework.http.client.BufferedSimpleHttpRequestFactoryTests" time="0.004"/>
  <testcase name="status()" classname="org.springframework.http.client.BufferedSimpleHttpRequestFactoryTests" time="0.004"/>
  <testcase name="echo()" classname="org.springframework.http.client.BufferedSimpleHttpRequestFactoryTests" time="0.004"/>
  <testcase name="multipleWrites()" classname="org.springframework.http.client.BufferedSimpleHttpRequestFactoryTests" time="0.003"/>
  <testcase name="queryParameters()" classname="org.springframework.http.client.BufferedSimpleHttpRequestFactoryTests" time="0.004"/>
  <testcase name="prepareConnectionWithRequestBody()" classname="org.springframework.http.client.BufferedSimpleHttpRequestFactoryTests" time="0.001"/>
  <testcase name="deleteWithoutBodyDoesNotRaiseException()" classname="org.springframework.http.client.BufferedSimpleHttpRequestFactoryTests" time="0.002"/>
  <testcase name="httpMethods()" classname="org.springframework.http.client.BufferedSimpleHttpRequestFactoryTests" time="0.001"/>
  <system-out><![CDATA[]]></system-out>
  <system-err><![CDATA[Jun 20, 2021 4:12:43 PM okhttp3.mockwebserver.MockWebServer$3 execute
INFO: MockWebServer[56699] starting to accept connections
Jun 20, 2021 4:12:43 PM okhttp3.mockwebserver.MockWebServer$4 processOneRequest
INFO: MockWebServer[56699] received request: POST /status/ok HTTP/1.1 and responded: HTTP/1.1 200 OK
Jun 20, 2021 4:12:43 PM okhttp3.mockwebserver.MockWebServer$3 acceptConnections
INFO: MockWebServer[56699] done accepting connections: Socket closed
Jun 20, 2021 4:12:43 PM okhttp3.mockwebserver.MockWebServer$3 execute
INFO: MockWebServer[56701] starting to accept connections
Jun 20, 2021 4:12:43 PM okhttp3.mockwebserver.MockWebServer$4 processOneRequest
INFO: MockWebServer[56701] received request: GET /status/notfound HTTP/1.1 and responded: HTTP/1.1 404 Client Error
Jun 20, 2021 4:12:43 PM okhttp3.mockwebserver.MockWebServer$3 acceptConnections
INFO: MockWebServer[56701] done accepting connections: Socket closed
Jun 20, 2021 4:12:43 PM okhttp3.mockwebserver.MockWebServer$3 execute
INFO: MockWebServer[56703] starting to accept connections
Jun 20, 2021 4:12:43 PM okhttp3.mockwebserver.MockWebServer$4 processOneRequest
INFO: MockWebServer[56703] received request: PUT /echo HTTP/1.1 and responded: HTTP/1.1 200 OK
Jun 20, 2021 4:12:43 PM okhttp3.mockwebserver.MockWebServer$3 acceptConnections
INFO: MockWebServer[56703] done accepting connections: Socket closed
Jun 20, 2021 4:12:43 PM okhttp3.mockwebserver.MockWebServer$3 execute
INFO: MockWebServer[56705] starting to accept connections
Jun 20, 2021 4:12:43 PM okhttp3.mockwebserver.MockWebServer$3 acceptConnections
INFO: MockWebServer[56705] done accepting connections: Socket closed
Jun 20, 2021 4:12:43 PM okhttp3.mockwebserver.MockWebServer$4 execute
INFO: MockWebServer[56705] connection from /127.0.0.1 failed: java.net.SocketException: Socket closed
Jun 20, 2021 4:12:43 PM okhttp3.mockwebserver.MockWebServer$3 execute
INFO: MockWebServer[56707] starting to accept connections
Jun 20, 2021 4:12:43 PM okhttp3.mockwebserver.MockWebServer$4 processOneRequest
INFO: MockWebServer[56707] received request: GET /params?param1=value&param2=value1&param2=value2 HTTP/1.1 and responded: HTTP/1.1 200 OK
Jun 20, 2021 4:12:43 PM okhttp3.mockwebserver.MockWebServer$3 acceptConnections
INFO: MockWebServer[56707] done accepting connections: Socket closed
Jun 20, 2021 4:12:43 PM okhttp3.mockwebserver.MockWebServer$3 execute
INFO: MockWebServer[56709] starting to accept connections
Jun 20, 2021 4:12:43 PM okhttp3.mockwebserver.MockWebServer$3 acceptConnections
INFO: MockWebServer[56709] done accepting connections: Socket closed
Jun 20, 2021 4:12:43 PM okhttp3.mockwebserver.MockWebServer$3 execute
INFO: MockWebServer[56710] starting to accept connections
Jun 20, 2021 4:12:43 PM okhttp3.mockwebserver.MockWebServer$3 acceptConnections
INFO: MockWebServer[56710] done accepting connections: Socket closed
Jun 20, 2021 4:12:43 PM okhttp3.mockwebserver.MockWebServer$3 execute
INFO: MockWebServer[56711] starting to accept connections
Jun 20, 2021 4:12:43 PM okhttp3.mockwebserver.MockWebServer$3 acceptConnections
INFO: MockWebServer[56711] done accepting connections: Socket is closed
]]></system-err>
</testsuite>
