<?xml version="1.0" encoding="UTF-8"?>
<testsuite name="org.springframework.web.method.support.HandlerMethodArgumentResolverCompositeTests" tests="4" skipped="0" failures="0" errors="0" timestamp="2020-05-29T14:00:11" hostname="bamboo-18" time="0.019">
  <properties/>
  <testcase name="noSuitableArgumentResolver()" classname="org.springframework.web.method.support.HandlerMethodArgumentResolverCompositeTests" time="0.013"/>
  <testcase name="resolveArgument()" classname="org.springframework.web.method.support.HandlerMethodArgumentResolverCompositeTests" time="0.001"/>
  <testcase name="checkArgumentResolverOrder()" classname="org.springframework.web.method.support.HandlerMethodArgumentResolverCompositeTests" time="0.0"/>
  <testcase name="supportsParameter()" classname="org.springframework.web.method.support.HandlerMethodArgumentResolverCompositeTests" time="0.0"/>
  <system-out><![CDATA[]]></system-out>
  <system-err><![CDATA[]]></system-err>
</testsuite>
