<?xml version="1.0" encoding="UTF-8"?>
<testsuite name="org.springframework.http.client.BufferedSimpleHttpRequestFactoryTests" tests="8" skipped="0" failures="0" errors="0" timestamp="2020-05-29T13:59:21" hostname="bamboo-18" time="0.186">
  <properties/>
  <testcase name="headersAfterExecute()" classname="org.springframework.http.client.BufferedSimpleHttpRequestFactoryTests" time="0.036"/>
  <testcase name="status()" classname="org.springframework.http.client.BufferedSimpleHttpRequestFactoryTests" time="0.05"/>
  <testcase name="echo()" classname="org.springframework.http.client.BufferedSimpleHttpRequestFactoryTests" time="0.023"/>
  <testcase name="multipleWrites()" classname="org.springframework.http.client.BufferedSimpleHttpRequestFactoryTests" time="0.016"/>
  <testcase name="queryParameters()" classname="org.springframework.http.client.BufferedSimpleHttpRequestFactoryTests" time="0.029"/>
  <testcase name="prepareConnectionWithRequestBody()" classname="org.springframework.http.client.BufferedSimpleHttpRequestFactoryTests" time="0.008"/>
  <testcase name="deleteWithoutBodyDoesNotRaiseException()" classname="org.springframework.http.client.BufferedSimpleHttpRequestFactoryTests" time="0.009"/>
  <testcase name="httpMethods()" classname="org.springframework.http.client.BufferedSimpleHttpRequestFactoryTests" time="0.01"/>
  <system-out><![CDATA[]]></system-out>
  <system-err><![CDATA[May 29, 2020 1:59:21 PM okhttp3.mockwebserver.MockWebServer$3 execute
INFO: MockWebServer[37197] starting to accept connections
May 29, 2020 1:59:21 PM okhttp3.mockwebserver.MockWebServer$4 processOneRequest
INFO: MockWebServer[37197] received request: POST /status/ok HTTP/1.1 and responded: HTTP/1.1 200 OK
May 29, 2020 1:59:21 PM okhttp3.mockwebserver.MockWebServer$3 acceptConnections
INFO: MockWebServer[37197] done accepting connections: Socket closed
May 29, 2020 1:59:21 PM okhttp3.mockwebserver.MockWebServer$3 execute
INFO: MockWebServer[42041] starting to accept connections
May 29, 2020 1:59:21 PM okhttp3.mockwebserver.MockWebServer$4 processOneRequest
INFO: MockWebServer[42041] received request: GET /status/notfound HTTP/1.1 and responded: HTTP/1.1 404 Client Error
May 29, 2020 1:59:21 PM okhttp3.mockwebserver.MockWebServer$3 acceptConnections
INFO: MockWebServer[42041] done accepting connections: Socket closed
May 29, 2020 1:59:21 PM okhttp3.mockwebserver.MockWebServer$3 execute
INFO: MockWebServer[58287] starting to accept connections
May 29, 2020 1:59:21 PM okhttp3.mockwebserver.MockWebServer$4 processOneRequest
INFO: MockWebServer[58287] received request: PUT /echo HTTP/1.1 and responded: HTTP/1.1 200 OK
May 29, 2020 1:59:21 PM okhttp3.mockwebserver.MockWebServer$3 acceptConnections
INFO: MockWebServer[58287] done accepting connections: Socket closed
May 29, 2020 1:59:21 PM okhttp3.mockwebserver.MockWebServer$3 execute
INFO: MockWebServer[36797] starting to accept connections
May 29, 2020 1:59:21 PM okhttp3.mockwebserver.MockWebServer$3 acceptConnections
INFO: MockWebServer[36797] done accepting connections: Socket is closed
May 29, 2020 1:59:21 PM okhttp3.mockwebserver.MockWebServer$3 execute
INFO: MockWebServer[40681] starting to accept connections
May 29, 2020 1:59:21 PM okhttp3.mockwebserver.MockWebServer$3 acceptConnections
INFO: MockWebServer[40681] done accepting connections: Socket closed
May 29, 2020 1:59:21 PM okhttp3.mockwebserver.MockWebServer$4 processOneRequest
INFO: MockWebServer[40681] received request: GET /params?param1=value&param2=value1&param2=value2 HTTP/1.1 and responded: HTTP/1.1 200 OK
May 29, 2020 1:59:21 PM okhttp3.mockwebserver.MockWebServer$3 execute
INFO: MockWebServer[34237] starting to accept connections
May 29, 2020 1:59:21 PM okhttp3.mockwebserver.MockWebServer$3 acceptConnections
INFO: MockWebServer[34237] done accepting connections: Socket is closed
May 29, 2020 1:59:21 PM okhttp3.mockwebserver.MockWebServer$3 execute
INFO: MockWebServer[60039] starting to accept connections
May 29, 2020 1:59:21 PM okhttp3.mockwebserver.MockWebServer$3 acceptConnections
INFO: MockWebServer[60039] done accepting connections: Socket is closed
May 29, 2020 1:59:21 PM okhttp3.mockwebserver.MockWebServer$3 execute
INFO: MockWebServer[59015] starting to accept connections
May 29, 2020 1:59:21 PM okhttp3.mockwebserver.MockWebServer$3 acceptConnections
INFO: MockWebServer[59015] done accepting connections: Socket is closed
]]></system-err>
</testsuite>
