<?xml version="1.0" encoding="UTF-8"?>
<testsuite name="org.springframework.http.client.NoOutputStreamingStreamingSimpleHttpRequestFactoryTests" tests="6" skipped="0" failures="0" errors="0" timestamp="2021-06-20T08:12:35" hostname="gankangdembp" time="0.035">
  <properties/>
  <testcase name="headersAfterExecute()" classname="org.springframework.http.client.NoOutputStreamingStreamingSimpleHttpRequestFactoryTests" time="0.004"/>
  <testcase name="status()" classname="org.springframework.http.client.NoOutputStreamingStreamingSimpleHttpRequestFactoryTests" time="0.005"/>
  <testcase name="echo()" classname="org.springframework.http.client.NoOutputStreamingStreamingSimpleHttpRequestFactoryTests" time="0.005"/>
  <testcase name="multipleWrites()" classname="org.springframework.http.client.NoOutputStreamingStreamingSimpleHttpRequestFactoryTests" time="0.003"/>
  <testcase name="queryParameters()" classname="org.springframework.http.client.NoOutputStreamingStreamingSimpleHttpRequestFactoryTests" time="0.004"/>
  <testcase name="httpMethods()" classname="org.springframework.http.client.NoOutputStreamingStreamingSimpleHttpRequestFactoryTests" time="0.011"/>
  <system-out><![CDATA[]]></system-out>
  <system-err><![CDATA[Jun 20, 2021 4:12:35 PM okhttp3.mockwebserver.MockWebServer$3 execute
INFO: MockWebServer[56484] starting to accept connections
Jun 20, 2021 4:12:35 PM okhttp3.mockwebserver.MockWebServer$4 processOneRequest
INFO: MockWebServer[56484] received request: POST /status/ok HTTP/1.1 and responded: HTTP/1.1 200 OK
Jun 20, 2021 4:12:35 PM okhttp3.mockwebserver.MockWebServer$3 acceptConnections
INFO: MockWebServer[56484] done accepting connections: Socket closed
Jun 20, 2021 4:12:35 PM okhttp3.mockwebserver.MockWebServer$3 execute
INFO: MockWebServer[56486] starting to accept connections
Jun 20, 2021 4:12:35 PM okhttp3.mockwebserver.MockWebServer$4 processOneRequest
INFO: MockWebServer[56486] received request: GET /status/notfound HTTP/1.1 and responded: HTTP/1.1 404 Client Error
Jun 20, 2021 4:12:35 PM okhttp3.mockwebserver.MockWebServer$3 acceptConnections
INFO: MockWebServer[56486] done accepting connections: Socket closed
Jun 20, 2021 4:12:35 PM okhttp3.mockwebserver.MockWebServer$3 execute
INFO: MockWebServer[56488] starting to accept connections
Jun 20, 2021 4:12:35 PM okhttp3.mockwebserver.MockWebServer$4 processOneRequest
INFO: MockWebServer[56488] received request: PUT /echo HTTP/1.1 and responded: HTTP/1.1 200 OK
Jun 20, 2021 4:12:35 PM okhttp3.mockwebserver.MockWebServer$3 acceptConnections
INFO: MockWebServer[56488] done accepting connections: Socket closed
Jun 20, 2021 4:12:35 PM okhttp3.mockwebserver.MockWebServer$3 execute
INFO: MockWebServer[56490] starting to accept connections
Jun 20, 2021 4:12:35 PM okhttp3.mockwebserver.MockWebServer$3 acceptConnections
INFO: MockWebServer[56490] done accepting connections: Socket closed
Jun 20, 2021 4:12:35 PM okhttp3.mockwebserver.MockWebServer$4 processConnection
WARNING: MockWebServer[56490] connection from /127.0.0.1 didn't make a request
Jun 20, 2021 4:12:35 PM okhttp3.mockwebserver.MockWebServer$3 execute
INFO: MockWebServer[56492] starting to accept connections
Jun 20, 2021 4:12:35 PM okhttp3.mockwebserver.MockWebServer$4 processOneRequest
INFO: MockWebServer[56492] received request: GET /params?param1=value&param2=value1&param2=value2 HTTP/1.1 and responded: HTTP/1.1 200 OK
Jun 20, 2021 4:12:35 PM okhttp3.mockwebserver.MockWebServer$3 acceptConnections
INFO: MockWebServer[56492] done accepting connections: Socket closed
Jun 20, 2021 4:12:35 PM okhttp3.mockwebserver.MockWebServer$3 execute
INFO: MockWebServer[56494] starting to accept connections
Jun 20, 2021 4:12:35 PM okhttp3.mockwebserver.MockWebServer$4 processOneRequest
INFO: MockWebServer[56494] received request: GET /methods/get HTTP/1.1 and responded: HTTP/1.1 200 OK
Jun 20, 2021 4:12:35 PM okhttp3.mockwebserver.MockWebServer$4 processOneRequest
INFO: MockWebServer[56494] received request: HEAD /methods/head HTTP/1.1 and responded: HTTP/1.1 200 OK
Jun 20, 2021 4:12:35 PM okhttp3.mockwebserver.MockWebServer$4 processOneRequest
INFO: MockWebServer[56494] received request: POST /methods/post HTTP/1.1 and responded: HTTP/1.1 200 OK
Jun 20, 2021 4:12:35 PM okhttp3.mockwebserver.MockWebServer$4 processOneRequest
INFO: MockWebServer[56494] received request: PUT /methods/put HTTP/1.1 and responded: HTTP/1.1 200 OK
Jun 20, 2021 4:12:35 PM okhttp3.mockwebserver.MockWebServer$4 processOneRequest
INFO: MockWebServer[56494] received request: OPTIONS /methods/options HTTP/1.1 and responded: HTTP/1.1 200 OK
Jun 20, 2021 4:12:35 PM okhttp3.mockwebserver.MockWebServer$4 processOneRequest
INFO: MockWebServer[56494] received request: DELETE /methods/delete HTTP/1.1 and responded: HTTP/1.1 200 OK
Jun 20, 2021 4:12:35 PM okhttp3.mockwebserver.MockWebServer$3 acceptConnections
INFO: MockWebServer[56494] done accepting connections: Socket closed
]]></system-err>
</testsuite>
