<?xml version="1.0" encoding="UTF-8"?>
<testsuite name="org.springframework.web.method.annotation.RequestHeaderMethodArgumentResolverTests" tests="15" skipped="0" failures="0" errors="0" timestamp="2021-06-20T08:11:48" hostname="gankangdembp" time="0.108">
  <properties/>
  <testcase name="resolveDefaultValueFromSystemProperty()" classname="org.springframework.web.method.annotation.RequestHeaderMethodArgumentResolverTests" time="0.005"/>
  <testcase name="uuidConversionWithInvalidValue()" classname="org.springframework.web.method.annotation.RequestHeaderMethodArgumentResolverTests" time="0.006"/>
  <testcase name="resolveStringArrayArgument()" classname="org.springframework.web.method.annotation.RequestHeaderMethodArgumentResolverTests" time="0.002"/>
  <testcase name="resolveDefaultValueFromRequest()" classname="org.springframework.web.method.annotation.RequestHeaderMethodArgumentResolverTests" time="0.002"/>
  <testcase name="resolveNameFromSystemPropertyThroughPlaceholder()" classname="org.springframework.web.method.annotation.RequestHeaderMethodArgumentResolverTests" time="0.016"/>
  <testcase name="resolveNameFromSystemPropertyThroughExpression()" classname="org.springframework.web.method.annotation.RequestHeaderMethodArgumentResolverTests" time="0.003"/>
  <testcase name="dateConversion()" classname="org.springframework.web.method.annotation.RequestHeaderMethodArgumentResolverTests" time="0.005"/>
  <testcase name="instantConversion()" classname="org.springframework.web.method.annotation.RequestHeaderMethodArgumentResolverTests" time="0.018"/>
  <testcase name="uuidConversionWithEmptyValue()" classname="org.springframework.web.method.annotation.RequestHeaderMethodArgumentResolverTests" time="0.003"/>
  <testcase name="uuidConversionWithBlankValue()" classname="org.springframework.web.method.annotation.RequestHeaderMethodArgumentResolverTests" time="0.02"/>
  <testcase name="resolveStringArgument()" classname="org.springframework.web.method.annotation.RequestHeaderMethodArgumentResolverTests" time="0.003"/>
  <testcase name="uuidConversionWithValidValue()" classname="org.springframework.web.method.annotation.RequestHeaderMethodArgumentResolverTests" time="0.004"/>
  <testcase name="resolveDefaultValue()" classname="org.springframework.web.method.annotation.RequestHeaderMethodArgumentResolverTests" time="0.014"/>
  <testcase name="notFound()" classname="org.springframework.web.method.annotation.RequestHeaderMethodArgumentResolverTests" time="0.003"/>
  <testcase name="supportsParameter()" classname="org.springframework.web.method.annotation.RequestHeaderMethodArgumentResolverTests" time="0.002"/>
  <system-out><![CDATA[]]></system-out>
  <system-err><![CDATA[]]></system-err>
</testsuite>
