<?xml version="1.0" encoding="UTF-8"?>
<testsuite name="org.springframework.web.server.session.WebSessionIntegrationTests" tests="20" skipped="0" failures="0" errors="0" timestamp="2021-06-20T08:11:25" hostname="gankangdembp" time="7.417">
  <properties/>
  <testcase name="invalidate(HttpServer)[1]" classname="org.springframework.web.server.session.WebSessionIntegrationTests" time="1.302"/>
  <testcase name="invalidate(HttpServer)[2]" classname="org.springframework.web.server.session.WebSessionIntegrationTests" time="1.588"/>
  <testcase name="invalidate(HttpServer)[3]" classname="org.springframework.web.server.session.WebSessionIntegrationTests" time="2.359"/>
  <testcase name="invalidate(HttpServer)[4]" classname="org.springframework.web.server.session.WebSessionIntegrationTests" time="0.915"/>
  <testcase name="expiredSessionIsRecreated(HttpServer)[1]" classname="org.springframework.web.server.session.WebSessionIntegrationTests" time="0.042"/>
  <testcase name="expiredSessionIsRecreated(HttpServer)[2]" classname="org.springframework.web.server.session.WebSessionIntegrationTests" time="0.03"/>
  <testcase name="expiredSessionIsRecreated(HttpServer)[3]" classname="org.springframework.web.server.session.WebSessionIntegrationTests" time="0.13"/>
  <testcase name="expiredSessionIsRecreated(HttpServer)[4]" classname="org.springframework.web.server.session.WebSessionIntegrationTests" time="0.022"/>
  <testcase name="expiredSessionEnds(HttpServer)[1]" classname="org.springframework.web.server.session.WebSessionIntegrationTests" time="0.065"/>
  <testcase name="expiredSessionEnds(HttpServer)[2]" classname="org.springframework.web.server.session.WebSessionIntegrationTests" time="0.041"/>
  <testcase name="expiredSessionEnds(HttpServer)[3]" classname="org.springframework.web.server.session.WebSessionIntegrationTests" time="0.122"/>
  <testcase name="expiredSessionEnds(HttpServer)[4]" classname="org.springframework.web.server.session.WebSessionIntegrationTests" time="0.02"/>
  <testcase name="createSession(HttpServer)[1]" classname="org.springframework.web.server.session.WebSessionIntegrationTests" time="0.07"/>
  <testcase name="createSession(HttpServer)[2]" classname="org.springframework.web.server.session.WebSessionIntegrationTests" time="0.017"/>
  <testcase name="createSession(HttpServer)[3]" classname="org.springframework.web.server.session.WebSessionIntegrationTests" time="0.127"/>
  <testcase name="createSession(HttpServer)[4]" classname="org.springframework.web.server.session.WebSessionIntegrationTests" time="0.033"/>
  <testcase name="changeSessionId(HttpServer)[1]" classname="org.springframework.web.server.session.WebSessionIntegrationTests" time="0.071"/>
  <testcase name="changeSessionId(HttpServer)[2]" classname="org.springframework.web.server.session.WebSessionIntegrationTests" time="0.017"/>
  <testcase name="changeSessionId(HttpServer)[3]" classname="org.springframework.web.server.session.WebSessionIntegrationTests" time="0.074"/>
  <testcase name="changeSessionId(HttpServer)[4]" classname="org.springframework.web.server.session.WebSessionIntegrationTests" time="0.046"/>
  <system-out><![CDATA[]]></system-out>
  <system-err><![CDATA[Jun 20, 2021 4:11:29 PM org.apache.catalina.core.StandardService startInternal
INFO: Starting service [Tomcat]
Jun 20, 2021 4:11:29 PM org.apache.catalina.core.StandardEngine startInternal
INFO: Starting Servlet engine: [Apache Tomcat/9.0.37]
Jun 20, 2021 4:11:30 PM org.apache.coyote.AbstractProtocol init
INFO: Initializing ProtocolHandler ["http-nio-auto-1"]
Jun 20, 2021 4:11:30 PM org.apache.coyote.AbstractProtocol start
INFO: Starting ProtocolHandler ["http-nio-auto-1-54912"]
Jun 20, 2021 4:11:30 PM org.apache.coyote.AbstractProtocol pause
INFO: Pausing ProtocolHandler ["http-nio-auto-1-54912"]
Jun 20, 2021 4:11:30 PM org.apache.catalina.core.StandardService stopInternal
INFO: Stopping service [Tomcat]
Jun 20, 2021 4:11:30 PM org.apache.coyote.AbstractProtocol stop
INFO: Stopping ProtocolHandler ["http-nio-auto-1-54912"]
Jun 20, 2021 4:11:30 PM org.apache.coyote.AbstractProtocol destroy
INFO: Destroying ProtocolHandler ["http-nio-auto-1-54912"]
Jun 20, 2021 4:11:31 PM org.apache.catalina.core.StandardService startInternal
INFO: Starting service [Tomcat]
Jun 20, 2021 4:11:31 PM org.apache.catalina.core.StandardEngine startInternal
INFO: Starting Servlet engine: [Apache Tomcat/9.0.37]
Jun 20, 2021 4:11:31 PM org.apache.coyote.AbstractProtocol init
INFO: Initializing ProtocolHandler ["http-nio-auto-2"]
Jun 20, 2021 4:11:31 PM org.apache.coyote.AbstractProtocol start
INFO: Starting ProtocolHandler ["http-nio-auto-2-54939"]
Jun 20, 2021 4:11:31 PM org.apache.coyote.AbstractProtocol pause
INFO: Pausing ProtocolHandler ["http-nio-auto-2-54939"]
Jun 20, 2021 4:11:31 PM org.apache.catalina.core.StandardService stopInternal
INFO: Stopping service [Tomcat]
Jun 20, 2021 4:11:31 PM org.apache.coyote.AbstractProtocol stop
INFO: Stopping ProtocolHandler ["http-nio-auto-2-54939"]
Jun 20, 2021 4:11:31 PM org.apache.coyote.AbstractProtocol destroy
INFO: Destroying ProtocolHandler ["http-nio-auto-2-54939"]
Jun 20, 2021 4:11:31 PM org.apache.catalina.core.StandardService startInternal
INFO: Starting service [Tomcat]
Jun 20, 2021 4:11:31 PM org.apache.catalina.core.StandardEngine startInternal
INFO: Starting Servlet engine: [Apache Tomcat/9.0.37]
Jun 20, 2021 4:11:31 PM org.apache.coyote.AbstractProtocol init
INFO: Initializing ProtocolHandler ["http-nio-auto-3"]
Jun 20, 2021 4:11:31 PM org.apache.coyote.AbstractProtocol start
INFO: Starting ProtocolHandler ["http-nio-auto-3-54954"]
Jun 20, 2021 4:11:31 PM org.apache.coyote.AbstractProtocol pause
INFO: Pausing ProtocolHandler ["http-nio-auto-3-54954"]
Jun 20, 2021 4:11:31 PM org.apache.catalina.core.StandardService stopInternal
INFO: Stopping service [Tomcat]
Jun 20, 2021 4:11:31 PM org.apache.coyote.AbstractProtocol stop
INFO: Stopping ProtocolHandler ["http-nio-auto-3-54954"]
Jun 20, 2021 4:11:31 PM org.apache.coyote.AbstractProtocol destroy
INFO: Destroying ProtocolHandler ["http-nio-auto-3-54954"]
Jun 20, 2021 4:11:32 PM org.apache.catalina.core.StandardService startInternal
INFO: Starting service [Tomcat]
Jun 20, 2021 4:11:32 PM org.apache.catalina.core.StandardEngine startInternal
INFO: Starting Servlet engine: [Apache Tomcat/9.0.37]
Jun 20, 2021 4:11:32 PM org.apache.coyote.AbstractProtocol init
INFO: Initializing ProtocolHandler ["http-nio-auto-4"]
Jun 20, 2021 4:11:32 PM org.apache.coyote.AbstractProtocol start
INFO: Starting ProtocolHandler ["http-nio-auto-4-54966"]
Jun 20, 2021 4:11:32 PM org.apache.coyote.AbstractProtocol pause
INFO: Pausing ProtocolHandler ["http-nio-auto-4-54966"]
Jun 20, 2021 4:11:32 PM org.apache.catalina.core.StandardService stopInternal
INFO: Stopping service [Tomcat]
Jun 20, 2021 4:11:32 PM org.apache.coyote.AbstractProtocol stop
INFO: Stopping ProtocolHandler ["http-nio-auto-4-54966"]
Jun 20, 2021 4:11:32 PM org.apache.coyote.AbstractProtocol destroy
INFO: Destroying ProtocolHandler ["http-nio-auto-4-54966"]
Jun 20, 2021 4:11:32 PM org.apache.catalina.core.StandardService startInternal
INFO: Starting service [Tomcat]
Jun 20, 2021 4:11:32 PM org.apache.catalina.core.StandardEngine startInternal
INFO: Starting Servlet engine: [Apache Tomcat/9.0.37]
Jun 20, 2021 4:11:32 PM org.apache.coyote.AbstractProtocol init
INFO: Initializing ProtocolHandler ["http-nio-auto-5"]
Jun 20, 2021 4:11:32 PM org.apache.coyote.AbstractProtocol start
INFO: Starting ProtocolHandler ["http-nio-auto-5-54980"]
Jun 20, 2021 4:11:32 PM org.apache.coyote.AbstractProtocol pause
INFO: Pausing ProtocolHandler ["http-nio-auto-5-54980"]
Jun 20, 2021 4:11:32 PM org.apache.catalina.core.StandardService stopInternal
INFO: Stopping service [Tomcat]
Jun 20, 2021 4:11:32 PM org.apache.coyote.AbstractProtocol stop
INFO: Stopping ProtocolHandler ["http-nio-auto-5-54980"]
Jun 20, 2021 4:11:32 PM org.apache.coyote.AbstractProtocol destroy
INFO: Destroying ProtocolHandler ["http-nio-auto-5-54980"]
]]></system-err>
</testsuite>
