<?xml version="1.0" encoding="UTF-8"?>
<testsuite name="org.springframework.http.converter.ObjectToStringHttpMessageConverterTests" tests="10" skipped="0" failures="0" errors="0" timestamp="2021-06-20T08:11:48" hostname="gankangdembp" time="0.375">
  <properties/>
  <testcase name="writeAcceptCharset()" classname="org.springframework.http.converter.ObjectToStringHttpMessageConverterTests" time="0.319"/>
  <testcase name="defaultCharset()" classname="org.springframework.http.converter.ObjectToStringHttpMessageConverterTests" time="0.001"/>
  <testcase name="writeUtf16()" classname="org.springframework.http.converter.ObjectToStringHttpMessageConverterTests" time="0.007"/>
  <testcase name="canWrite()" classname="org.springframework.http.converter.ObjectToStringHttpMessageConverterTests" time="0.002"/>
  <testcase name="read()" classname="org.springframework.http.converter.ObjectToStringHttpMessageConverterTests" time="0.002"/>
  <testcase name="write()" classname="org.springframework.http.converter.ObjectToStringHttpMessageConverterTests" time="0.001"/>
  <testcase name="testConversionServiceRequired()" classname="org.springframework.http.converter.ObjectToStringHttpMessageConverterTests" time="0.001"/>
  <testcase name="writeAcceptCharsetTurnedOff()" classname="org.springframework.http.converter.ObjectToStringHttpMessageConverterTests" time="0.001"/>
  <testcase name="canRead()" classname="org.springframework.http.converter.ObjectToStringHttpMessageConverterTests" time="0.037"/>
  <testcase name="defaultCharsetModified()" classname="org.springframework.http.converter.ObjectToStringHttpMessageConverterTests" time="0.001"/>
  <system-out><![CDATA[]]></system-out>
  <system-err><![CDATA[]]></system-err>
</testsuite>
