<?xml version="1.0" encoding="UTF-8"?>
<testsuite name="org.springframework.web.filter.reactive.ServerWebExchangeContextFilterTests" tests="1" skipped="0" failures="0" errors="0" timestamp="2021-06-20T08:11:35" hostname="gankangdembp" time="0.008">
  <properties/>
  <testcase name="extractServerWebExchangeFromContext()" classname="org.springframework.web.filter.reactive.ServerWebExchangeContextFilterTests" time="0.008"/>
  <system-out><![CDATA[]]></system-out>
  <system-err><![CDATA[]]></system-err>
</testsuite>
