<?xml version="1.0" encoding="UTF-8"?>
<testsuite name="org.springframework.http.RequestEntityTests" tests="6" skipped="0" failures="0" errors="0" timestamp="2020-05-29T13:59:52" hostname="bamboo-18" time="0.01">
  <properties/>
  <testcase name="normal()" classname="org.springframework.http.RequestEntityTests" time="0.007"/>
  <testcase name="get()" classname="org.springframework.http.RequestEntityTests" time="0.001"/>
  <testcase name="types()" classname="org.springframework.http.RequestEntityTests" time="0.0"/>
  <testcase name="headers()" classname="org.springframework.http.RequestEntityTests" time="0.001"/>
  <testcase name="methods()" classname="org.springframework.http.RequestEntityTests" time="0.0"/>
  <testcase name="uriVariablesExpansion()" classname="org.springframework.http.RequestEntityTests" time="0.001"/>
  <system-out><![CDATA[]]></system-out>
  <system-err><![CDATA[]]></system-err>
</testsuite>
