<?xml version="1.0" encoding="UTF-8"?>
<testsuite name="org.springframework.http.codec.protobuf.ProtobufDecoderTests" tests="9" skipped="0" failures="0" errors="0" timestamp="2021-06-20T08:12:05" hostname="gankangdembp" time="0.366">
  <properties/>
  <testcase name="decodeToMono()" classname="org.springframework.http.codec.protobuf.ProtobufDecoderTests" time="0.1"/>
  <testcase name="decode()" classname="org.springframework.http.codec.protobuf.ProtobufDecoderTests" time="0.035"/>
  <testcase name="decodeMergedChunks()" classname="org.springframework.http.codec.protobuf.ProtobufDecoderTests" time="0.004"/>
  <testcase name="decodeChunksToMono()" classname="org.springframework.http.codec.protobuf.ProtobufDecoderTests" time="0.008"/>
  <testcase name="canDecode()" classname="org.springframework.http.codec.protobuf.ProtobufDecoderTests" time="0.033"/>
  <testcase name="decodeSplitMessageSize()" classname="org.springframework.http.codec.protobuf.ProtobufDecoderTests" time="0.139"/>
  <testcase name="decodeSplitChunks()" classname="org.springframework.http.codec.protobuf.ProtobufDecoderTests" time="0.027"/>
  <testcase name="extensionRegistryNull()" classname="org.springframework.http.codec.protobuf.ProtobufDecoderTests" time="0.001"/>
  <testcase name="exceedMaxSize()" classname="org.springframework.http.codec.protobuf.ProtobufDecoderTests" time="0.002"/>
  <system-out><![CDATA[]]></system-out>
  <system-err><![CDATA[]]></system-err>
</testsuite>
