<?xml version="1.0" encoding="UTF-8"?>
<testsuite name="org.springframework.remoting.httpinvoker.HttpInvokerFactoryBeanIntegrationTests" tests="3" skipped="0" failures="0" errors="0" timestamp="2021-06-20T08:11:00" hostname="gankangdembp" time="1.932">
  <properties/>
  <testcase name="testLoadedConfigClass()" classname="org.springframework.remoting.httpinvoker.HttpInvokerFactoryBeanIntegrationTests" time="1.699"/>
  <testcase name="testNonLoadedConfigClass()" classname="org.springframework.remoting.httpinvoker.HttpInvokerFactoryBeanIntegrationTests" time="0.205"/>
  <testcase name="withConfigurationClassWithPlainFactoryBean()" classname="org.springframework.remoting.httpinvoker.HttpInvokerFactoryBeanIntegrationTests" time="0.026"/>
  <system-out><![CDATA[]]></system-out>
  <system-err><![CDATA[]]></system-err>
</testsuite>
