<?xml version="1.0" encoding="UTF-8"?>
<testsuite name="org.springframework.http.server.reactive.ServerHttpsRequestIntegrationTests" tests="1" skipped="0" failures="0" errors="0" timestamp="2020-05-29T13:59:48" hostname="bamboo-18" time="1.036">
  <properties/>
  <testcase name="checkUri()" classname="org.springframework.http.server.reactive.ServerHttpsRequestIntegrationTests" time="1.036"/>
  <system-out><![CDATA[13:59:49.588 [Test worker] DEBUG o.s.w.t.h.s.r.b.ReactorHttpsServer - Starting ReactorHttpsServer...
13:59:49.589 [Test worker] DEBUG o.s.w.t.h.s.r.b.ReactorHttpsServer - Server started on port 35325(0 millis).
13:59:49.622 [Test worker] DEBUG o.s.w.c.RestTemplate - HTTP POST https://localhost:35325/foo?param=bar
13:59:49.623 [Test worker] DEBUG o.s.w.c.RestTemplate - Accept=[application/xml, text/xml, application/json, application/x-jackson-smile, application/cbor, application/*+xml, application/*+json]
13:59:49.866 [Test worker] DEBUG o.s.w.c.RestTemplate - Response 200 OK
13:59:49.866 [Test worker] DEBUG o.s.w.t.h.s.r.b.ReactorHttpsServer - Stopping ReactorHttpsServer...
13:59:49.866 [Test worker] DEBUG o.s.w.t.h.s.r.b.ReactorHttpsServer - Server stopped (0 millis).
]]></system-out>
  <system-err><![CDATA[]]></system-err>
</testsuite>
