<?xml version="1.0" encoding="UTF-8"?>
<testsuite name="org.springframework.web.util.HtmlCharacterEntityReferencesTests" tests="2" skipped="0" failures="0" errors="0" timestamp="2021-06-20T08:11:17" hostname="gankangdembp" time="0.154">
  <properties/>
  <testcase name="testSupportsAllCharacterEntityReferencesDefinedByHtml()" classname="org.springframework.web.util.HtmlCharacterEntityReferencesTests" time="0.13"/>
  <testcase name="testConvertToReferenceUTF8()" classname="org.springframework.web.util.HtmlCharacterEntityReferencesTests" time="0.024"/>
  <system-out><![CDATA[]]></system-out>
  <system-err><![CDATA[]]></system-err>
</testsuite>
