<?xml version="1.0" encoding="UTF-8"?>
<testsuite name="org.springframework.http.converter.ResourceRegionHttpMessageConverterTests" tests="8" skipped="0" failures="0" errors="0" timestamp="2020-05-29T13:59:55" hostname="bamboo-18" time="0.087">
  <properties/>
  <testcase name="partialContentMultipleByteRanges()" classname="org.springframework.http.converter.ResourceRegionHttpMessageConverterTests" time="0.004"/>
  <testcase name="canWriteResourceCollection()" classname="org.springframework.http.converter.ResourceRegionHttpMessageConverterTests" time="0.001"/>
  <testcase name="partialContentMultipleByteRangesInRandomOrderAndOverlapping()" classname="org.springframework.http.converter.ResourceRegionHttpMessageConverterTests" time="0.021"/>
  <testcase name="canWriteResource()" classname="org.springframework.http.converter.ResourceRegionHttpMessageConverterTests" time="0.0"/>
  <testcase name="shouldWritePartialContentByteRangeNoEnd()" classname="org.springframework.http.converter.ResourceRegionHttpMessageConverterTests" time="0.001"/>
  <testcase name="applicationOctetStreamDefaultContentType()" classname="org.springframework.http.converter.ResourceRegionHttpMessageConverterTests" time="0.058"/>
  <testcase name="canReadResource()" classname="org.springframework.http.converter.ResourceRegionHttpMessageConverterTests" time="0.0"/>
  <testcase name="shouldWritePartialContentByteRange()" classname="org.springframework.http.converter.ResourceRegionHttpMessageConverterTests" time="0.0"/>
  <system-out><![CDATA[]]></system-out>
  <system-err><![CDATA[]]></system-err>
</testsuite>
