<?xml version="1.0" encoding="UTF-8"?>
<testsuite name="org.springframework.web.util.JavaScriptUtilsTests" tests="3" skipped="0" failures="0" errors="0" timestamp="2021-06-20T08:11:17" hostname="gankangdembp" time="0.003">
  <properties/>
  <testcase name="escapePsLsLineTerminators()" classname="org.springframework.web.util.JavaScriptUtilsTests" time="0.002"/>
  <testcase name="escape()" classname="org.springframework.web.util.JavaScriptUtilsTests" time="0.0"/>
  <testcase name="escapeLessThanGreaterThanSigns()" classname="org.springframework.web.util.JavaScriptUtilsTests" time="0.0"/>
  <system-out><![CDATA[]]></system-out>
  <system-err><![CDATA[]]></system-err>
</testsuite>
