<?xml version="1.0" encoding="UTF-8"?>
<testsuite name="org.springframework.http.converter.json.MappingJackson2HttpMessageConverterTests" tests="27" skipped="0" failures="0" errors="0" timestamp="2021-06-20T08:11:55" hostname="gankangdembp" time="0.525">
  <properties/>
  <testcase name="readAndWriteGenerics()" classname="org.springframework.http.converter.json.MappingJackson2HttpMessageConverterTests" time="0.164"/>
  <testcase name="readInvalidJson()" classname="org.springframework.http.converter.json.MappingJackson2HttpMessageConverterTests" time="0.003"/>
  <testcase name="prefixJson()" classname="org.springframework.http.converter.json.MappingJackson2HttpMessageConverterTests" time="0.0"/>
  <testcase name="readAscii()" classname="org.springframework.http.converter.json.MappingJackson2HttpMessageConverterTests" time="0.063"/>
  <testcase name="readTyped()" classname="org.springframework.http.converter.json.MappingJackson2HttpMessageConverterTests" time="0.002"/>
  <testcase name="readUntyped()" classname="org.springframework.http.converter.json.MappingJackson2HttpMessageConverterTests" time="0.019"/>
  <testcase name="writeInvalidJson()" classname="org.springframework.http.converter.json.MappingJackson2HttpMessageConverterTests" time="0.008"/>
  <testcase name="filters()" classname="org.springframework.http.converter.json.MappingJackson2HttpMessageConverterTests" time="0.023"/>
  <testcase name="writeAscii()" classname="org.springframework.http.converter.json.MappingJackson2HttpMessageConverterTests" time="0.01"/>
  <testcase name="writeUTF16()" classname="org.springframework.http.converter.json.MappingJackson2HttpMessageConverterTests" time="0.017"/>
  <testcase name="writeParameterizedBaseType()" classname="org.springframework.http.converter.json.MappingJackson2HttpMessageConverterTests" time="0.007"/>
  <testcase name="canWrite()" classname="org.springframework.http.converter.json.MappingJackson2HttpMessageConverterTests" time="0.002"/>
  <testcase name="readAndWriteParameterizedType()" classname="org.springframework.http.converter.json.MappingJackson2HttpMessageConverterTests" time="0.011"/>
  <testcase name="write()" classname="org.springframework.http.converter.json.MappingJackson2HttpMessageConverterTests" time="0.018"/>
  <testcase name="prettyPrintWithSse()" classname="org.springframework.http.converter.json.MappingJackson2HttpMessageConverterTests" time="0.002"/>
  <testcase name="canRead()" classname="org.springframework.http.converter.json.MappingJackson2HttpMessageConverterTests" time="0.002"/>
  <testcase name="writeSubTypeList()" classname="org.springframework.http.converter.json.MappingJackson2HttpMessageConverterTests" time="0.003"/>
  <testcase name="writeSubType()" classname="org.springframework.http.converter.json.MappingJackson2HttpMessageConverterTests" time="0.003"/>
  <testcase name="prefixJsonCustom()" classname="org.springframework.http.converter.json.MappingJackson2HttpMessageConverterTests" time="0.017"/>
  <testcase name="prettyPrint()" classname="org.springframework.http.converter.json.MappingJackson2HttpMessageConverterTests" time="0.003"/>
  <testcase name="classLevelJsonView()" classname="org.springframework.http.converter.json.MappingJackson2HttpMessageConverterTests" time="0.003"/>
  <testcase name="readWithNoDefaultConstructor()" classname="org.springframework.http.converter.json.MappingJackson2HttpMessageConverterTests" time="0.028"/>
  <testcase name="readValidJsonWithUnknownProperty()" classname="org.springframework.http.converter.json.MappingJackson2HttpMessageConverterTests" time="0.003"/>
  <testcase name="readNonUnicode()" classname="org.springframework.http.converter.json.MappingJackson2HttpMessageConverterTests" time="0.001"/>
  <testcase name="canReadAndWriteMicroformats()" classname="org.springframework.http.converter.json.MappingJackson2HttpMessageConverterTests" time="0.004"/>
  <testcase name="writeWithBaseType()" classname="org.springframework.http.converter.json.MappingJackson2HttpMessageConverterTests" time="0.002"/>
  <testcase name="fieldLevelJsonView()" classname="org.springframework.http.converter.json.MappingJackson2HttpMessageConverterTests" time="0.019"/>
  <system-out><![CDATA[]]></system-out>
  <system-err><![CDATA[]]></system-err>
</testsuite>
