<?xml version="1.0" encoding="UTF-8"?>
<testsuite name="org.springframework.web.context.request.async.DeferredResultTests" tests="7" skipped="0" failures="0" errors="0" timestamp="2021-06-20T08:11:15" hostname="gankangdembp" time="0.057">
  <properties/>
  <testcase name="onCompletion()" classname="org.springframework.web.context.request.async.DeferredResultTests" time="0.001"/>
  <testcase name="onError()" classname="org.springframework.web.context.request.async.DeferredResultTests" time="0.047"/>
  <testcase name="isSetOrExpired()" classname="org.springframework.web.context.request.async.DeferredResultTests" time="0.001"/>
  <testcase name="hasResult()" classname="org.springframework.web.context.request.async.DeferredResultTests" time="0.001"/>
  <testcase name="onTimeout()" classname="org.springframework.web.context.request.async.DeferredResultTests" time="0.002"/>
  <testcase name="setResult()" classname="org.springframework.web.context.request.async.DeferredResultTests" time="0.001"/>
  <testcase name="setResultTwice()" classname="org.springframework.web.context.request.async.DeferredResultTests" time="0.0"/>
  <system-out><![CDATA[]]></system-out>
  <system-err><![CDATA[]]></system-err>
</testsuite>
