<?xml version="1.0" encoding="UTF-8"?>
<testsuite name="org.springframework.web.filter.OncePerRequestFilterTests" tests="4" skipped="0" failures="0" errors="0" timestamp="2020-05-29T14:00:13" hostname="bamboo-18" time="0.009">
  <properties/>
  <testcase name="shouldNotFilterErrorDispatch()" classname="org.springframework.web.filter.OncePerRequestFilterTests" time="0.009"/>
  <testcase name="filterOnce()" classname="org.springframework.web.filter.OncePerRequestFilterTests" time="0.0"/>
  <testcase name="filterNestedErrorDispatch()" classname="org.springframework.web.filter.OncePerRequestFilterTests" time="0.0"/>
  <testcase name="shouldNotFilterNestedErrorDispatch()" classname="org.springframework.web.filter.OncePerRequestFilterTests" time="0.0"/>
  <system-out><![CDATA[]]></system-out>
  <system-err><![CDATA[]]></system-err>
</testsuite>
