<?xml version="1.0" encoding="UTF-8"?>
<testsuite name="org.springframework.http.client.support.InterceptingHttpAccessorTests" tests="1" skipped="0" failures="0" errors="0" timestamp="2020-05-29T13:59:21" hostname="bamboo-18" time="0.057">
  <properties/>
  <testcase name="getInterceptors()" classname="org.springframework.http.client.support.InterceptingHttpAccessorTests" time="0.057"/>
  <system-out><![CDATA[]]></system-out>
  <system-err><![CDATA[]]></system-err>
</testsuite>
