<?xml version="1.0" encoding="UTF-8"?>
<testsuite name="org.springframework.web.server.session.InMemoryWebSessionStoreTests" tests="8" skipped="1" failures="0" errors="0" timestamp="2020-05-29T14:00:15" hostname="bamboo-18" time="0.326">
  <properties/>
  <testcase name="startsSessionExplicitly()" classname="org.springframework.web.server.session.InMemoryWebSessionStoreTests" time="0.002"/>
  <testcase name="createSessionDoesNotBlock()" classname="org.springframework.web.server.session.InMemoryWebSessionStoreTests" time="0.0">
    <skipped/>
  </testcase>
  <testcase name="maxSessions()" classname="org.springframework.web.server.session.InMemoryWebSessionStoreTests" time="0.321"/>
  <testcase name="sessionInvalidatedBeforeSave()" classname="org.springframework.web.server.session.InMemoryWebSessionStoreTests" time="0.0"/>
  <testcase name="startsSessionImplicitly()" classname="org.springframework.web.server.session.InMemoryWebSessionStoreTests" time="0.001"/>
  <testcase name="retrieveExpiredSession()" classname="org.springframework.web.server.session.InMemoryWebSessionStoreTests" time="0.0"/>
  <testcase name="expirationCheckPeriod()" classname="org.springframework.web.server.session.InMemoryWebSessionStoreTests" time="0.002"/>
  <testcase name="lastAccessTimeIsUpdatedOnRetrieve()" classname="org.springframework.web.server.session.InMemoryWebSessionStoreTests" time="0.0"/>
  <system-out><![CDATA[]]></system-out>
  <system-err><![CDATA[]]></system-err>
</testsuite>
