<?xml version="1.0" encoding="UTF-8"?>
<testsuite name="org.springframework.http.server.reactive.MultipartIntegrationTests" tests="4" skipped="0" failures="0" errors="0" timestamp="2020-05-29T13:59:50" hostname="bamboo-18" time="0.393">
  <properties/>
  <testcase name="getFormParts(HttpServer)[1]" classname="org.springframework.http.server.reactive.MultipartIntegrationTests" time="0.114"/>
  <testcase name="getFormParts(HttpServer)[2]" classname="org.springframework.http.server.reactive.MultipartIntegrationTests" time="0.011"/>
  <testcase name="getFormParts(HttpServer)[3]" classname="org.springframework.http.server.reactive.MultipartIntegrationTests" time="0.193"/>
  <testcase name="getFormParts(HttpServer)[4]" classname="org.springframework.http.server.reactive.MultipartIntegrationTests" time="0.072"/>
  <system-out><![CDATA[13:59:50.289 [Test worker] DEBUG o.s.w.t.h.s.r.b.JettyHttpServer - Starting JettyHttpServer...
13:59:50.358 [Test worker] DEBUG o.s.w.t.h.s.r.b.JettyHttpServer - Server started on port 34227(0 millis).
13:59:50.361 [Test worker] DEBUG o.s.w.c.RestTemplate - HTTP POST http://localhost:34227/form-parts
13:59:50.362 [Test worker] DEBUG o.s.w.c.RestTemplate - Accept=[application/xml, text/xml, application/json, application/x-jackson-smile, application/cbor, application/*+xml, application/*+json]
13:59:50.362 [Test worker] DEBUG o.s.w.c.RestTemplate - Writing [{fooPart=[<class path resource [org/springframework/http/codec/multipart/foo.txt],[Content-Type:"text/plain"]>], barPart=[<bar,[]>]}] as "multipart/form-data"
13:59:50.382 [qtp174998710-436] DEBUG o.s.w.s.a.HttpWebHandlerAdapter - [2bb7339f] HTTP POST "/form-parts"
13:59:50.389 [qtp174998710-436] DEBUG o.s.w.HttpLogging - [2bb7339f] Parsed parts [barPart, fooPart] (content masked)
13:59:50.390 [qtp174998710-436] DEBUG o.s.w.s.a.HttpWebHandlerAdapter - [2bb7339f] Completed 200 OK
13:59:50.391 [Test worker] DEBUG o.s.w.c.RestTemplate - Response 200 OK
13:59:50.391 [Test worker] DEBUG o.s.w.t.h.s.r.b.JettyHttpServer - Stopping JettyHttpServer...
13:59:50.393 [Test worker] DEBUG o.s.w.t.h.s.r.b.JettyHttpServer - Server stopped (0 millis).
13:59:50.394 [Test worker] DEBUG o.s.w.t.h.s.r.b.ReactorHttpServer - Starting ReactorHttpServer...
13:59:50.395 [Test worker] DEBUG o.s.w.t.h.s.r.b.ReactorHttpServer - Server started on port 38553(0 millis).
13:59:50.398 [Test worker] DEBUG o.s.w.c.RestTemplate - HTTP POST http://localhost:38553/form-parts
13:59:50.398 [Test worker] DEBUG o.s.w.c.RestTemplate - Accept=[application/xml, text/xml, application/json, application/x-jackson-smile, application/cbor, application/*+xml, application/*+json]
13:59:50.398 [Test worker] DEBUG o.s.w.c.RestTemplate - Writing [{fooPart=[<class path resource [org/springframework/http/codec/multipart/foo.txt],[Content-Type:"text/plain"]>], barPart=[<bar,[]>]}] as "multipart/form-data"
13:59:50.402 [reactor-http-epoll-2] DEBUG o.s.w.s.a.HttpWebHandlerAdapter - [f6b806a3-6] HTTP POST "/form-parts"
13:59:50.403 [reactor-http-epoll-2] DEBUG o.s.w.HttpLogging - [f6b806a3-6] Parsed parts [barPart, fooPart] (content masked)
13:59:50.403 [reactor-http-epoll-2] DEBUG o.s.w.s.a.HttpWebHandlerAdapter - [f6b806a3-6] Completed 200 OK
13:59:50.405 [Test worker] DEBUG o.s.w.c.RestTemplate - Response 200 OK
13:59:50.405 [Test worker] DEBUG o.s.w.t.h.s.r.b.ReactorHttpServer - Stopping ReactorHttpServer...
13:59:50.405 [Test worker] DEBUG o.s.w.t.h.s.r.b.ReactorHttpServer - Server stopped (0 millis).
13:59:50.406 [Test worker] DEBUG o.s.w.t.h.s.r.b.TomcatHttpServer - Starting TomcatHttpServer...
13:59:50.560 [Test worker] DEBUG o.s.w.t.h.s.r.b.TomcatHttpServer - Server started on port 43591(0 millis).
13:59:50.563 [Test worker] DEBUG o.s.w.c.RestTemplate - HTTP POST http://localhost:43591/form-parts
13:59:50.563 [Test worker] DEBUG o.s.w.c.RestTemplate - Accept=[application/xml, text/xml, application/json, application/x-jackson-smile, application/cbor, application/*+xml, application/*+json]
13:59:50.563 [Test worker] DEBUG o.s.w.c.RestTemplate - Writing [{fooPart=[<class path resource [org/springframework/http/codec/multipart/foo.txt],[Content-Type:"text/plain"]>], barPart=[<bar,[]>]}] as "multipart/form-data"
13:59:50.568 [http-nio-auto-5-exec-1] DEBUG o.s.w.s.a.HttpWebHandlerAdapter - [573204b6] HTTP POST "/form-parts"
13:59:50.569 [http-nio-auto-5-exec-1] DEBUG o.s.w.HttpLogging - [573204b6] Parsed parts [barPart, fooPart] (content masked)
13:59:50.569 [http-nio-auto-5-exec-1] DEBUG o.s.w.s.a.HttpWebHandlerAdapter - [573204b6] Completed 200 OK
13:59:50.570 [Test worker] DEBUG o.s.w.c.RestTemplate - Response 200 OK
13:59:50.570 [Test worker] DEBUG o.s.w.t.h.s.r.b.TomcatHttpServer - Stopping TomcatHttpServer...
13:59:50.599 [Test worker] DEBUG o.s.w.t.h.s.r.b.TomcatHttpServer - Server stopped (0 millis).
13:59:50.600 [Test worker] DEBUG o.s.w.t.h.s.r.b.UndertowHttpServer - Starting UndertowHttpServer...
13:59:50.659 [Test worker] DEBUG o.s.w.t.h.s.r.b.UndertowHttpServer - Server started on port 43601(0 millis).
13:59:50.663 [Test worker] DEBUG o.s.w.c.RestTemplate - HTTP POST http://localhost:43601/form-parts
13:59:50.663 [Test worker] DEBUG o.s.w.c.RestTemplate - Accept=[application/xml, text/xml, application/json, application/x-jackson-smile, application/cbor, application/*+xml, application/*+json]
13:59:50.663 [Test worker] DEBUG o.s.w.c.RestTemplate - Writing [{fooPart=[<class path resource [org/springframework/http/codec/multipart/foo.txt],[Content-Type:"text/plain"]>], barPart=[<bar,[]>]}] as "multipart/form-data"
13:59:50.665 [XNIO-6 I/O-4] DEBUG o.s.w.s.a.HttpWebHandlerAdapter - [7fe705fa] HTTP POST "/form-parts"
13:59:50.666 [XNIO-6 I/O-4] DEBUG o.s.w.HttpLogging - [7fe705fa] Parsed parts [barPart, fooPart] (content masked)
13:59:50.667 [XNIO-6 I/O-4] DEBUG o.s.w.s.a.HttpWebHandlerAdapter - [7fe705fa] Completed 200 OK
13:59:50.668 [Test worker] DEBUG o.s.w.c.RestTemplate - Response 200 OK
13:59:50.669 [Test worker] DEBUG o.s.w.t.h.s.r.b.UndertowHttpServer - Stopping UndertowHttpServer...
13:59:50.672 [Test worker] DEBUG o.s.w.t.h.s.r.b.UndertowHttpServer - Server stopped (0 millis).
]]></system-out>
  <system-err><![CDATA[May 29, 2020 1:59:50 PM org.apache.catalina.core.StandardService startInternal
INFO: Starting service [Tomcat]
May 29, 2020 1:59:50 PM org.apache.catalina.core.StandardEngine startInternal
INFO: Starting Servlet engine: [Apache Tomcat/9.0.35]
May 29, 2020 1:59:50 PM org.apache.coyote.AbstractProtocol init
INFO: Initializing ProtocolHandler ["http-nio-auto-5"]
May 29, 2020 1:59:50 PM org.apache.coyote.AbstractProtocol start
INFO: Starting ProtocolHandler ["http-nio-auto-5-43591"]
May 29, 2020 1:59:50 PM org.apache.coyote.AbstractProtocol pause
INFO: Pausing ProtocolHandler ["http-nio-auto-5-43591"]
May 29, 2020 1:59:50 PM org.apache.catalina.core.StandardService stopInternal
INFO: Stopping service [Tomcat]
May 29, 2020 1:59:50 PM org.apache.coyote.AbstractProtocol stop
INFO: Stopping ProtocolHandler ["http-nio-auto-5-43591"]
May 29, 2020 1:59:50 PM org.apache.coyote.AbstractProtocol destroy
INFO: Destroying ProtocolHandler ["http-nio-auto-5-43591"]
]]></system-err>
</testsuite>
