<?xml version="1.0" encoding="UTF-8"?>
<testsuite name="org.springframework.web.client.HttpMessageConverterExtractorTests" tests="12" skipped="0" failures="0" errors="0" timestamp="2020-05-29T14:00:04" hostname="bamboo-18" time="0.101">
  <properties/>
  <testcase name="normal()" classname="org.springframework.web.client.HttpMessageConverterExtractorTests" time="0.011"/>
  <testcase name="cannotRead()" classname="org.springframework.web.client.HttpMessageConverterExtractorTests" time="0.002"/>
  <testcase name="converterThrowsHttpMessageNotReadableException()" classname="org.springframework.web.client.HttpMessageConverterExtractorTests" time="0.007"/>
  <testcase name="converterThrowsIOException()" classname="org.springframework.web.client.HttpMessageConverterExtractorTests" time="0.005"/>
  <testcase name="nullMessageBody()" classname="org.springframework.web.client.HttpMessageConverterExtractorTests" time="0.001"/>
  <testcase name="constructorPreconditions()" classname="org.springframework.web.client.HttpMessageConverterExtractorTests" time="0.001"/>
  <testcase name="notModified()" classname="org.springframework.web.client.HttpMessageConverterExtractorTests" time="0.003"/>
  <testcase name="emptyMessageBody()" classname="org.springframework.web.client.HttpMessageConverterExtractorTests" time="0.0"/>
  <testcase name="noContent()" classname="org.springframework.web.client.HttpMessageConverterExtractorTests" time="0.002"/>
  <testcase name="generics()" classname="org.springframework.web.client.HttpMessageConverterExtractorTests" time="0.061"/>
  <testcase name="zeroContentLength()" classname="org.springframework.web.client.HttpMessageConverterExtractorTests" time="0.0"/>
  <testcase name="informational()" classname="org.springframework.web.client.HttpMessageConverterExtractorTests" time="0.001"/>
  <system-out><![CDATA[14:00:04.679 [Test worker] DEBUG o.s.w.c.HttpMessageConverterExtractor - Reading to [java.lang.String] as "text/plain"
14:00:04.696 [Test worker] DEBUG o.s.w.c.HttpMessageConverterExtractor - Reading to [java.lang.String] as "text/plain"
14:00:04.767 [Test worker] DEBUG o.s.w.c.HttpMessageConverterExtractor - Reading to [java.util.List<java.lang.String>]
]]></system-out>
  <system-err><![CDATA[]]></system-err>
</testsuite>
