<?xml version="1.0" encoding="UTF-8"?>
<testsuite name="org.springframework.web.jsf.DelegatingPhaseListenerTests" tests="2" skipped="0" failures="0" errors="0" timestamp="2020-05-29T14:00:00" hostname="bamboo-18" time="0.002">
  <properties/>
  <testcase name="beforeAndAfterPhaseWithMultipleTargets()" classname="org.springframework.web.jsf.DelegatingPhaseListenerTests" time="0.001"/>
  <testcase name="beforeAndAfterPhaseWithSingleTarget()" classname="org.springframework.web.jsf.DelegatingPhaseListenerTests" time="0.001"/>
  <system-out><![CDATA[]]></system-out>
  <system-err><![CDATA[]]></system-err>
</testsuite>
