<?xml version="1.0" encoding="UTF-8"?>
<testsuite name="org.springframework.http.converter.protobuf.ProtobufHttpMessageConverterTests" tests="12" skipped="0" failures="0" errors="0" timestamp="2020-05-29T13:59:53" hostname="bamboo-18" time="0.342">
  <properties/>
  <testcase name="getContentLength()" classname="org.springframework.http.converter.protobuf.ProtobufHttpMessageConverterTests" time="0.097"/>
  <testcase name="writeJsonWithGoogleProtobuf()" classname="org.springframework.http.converter.protobuf.ProtobufHttpMessageConverterTests" time="0.224"/>
  <testcase name="writeJsonWithJavaFormat()" classname="org.springframework.http.converter.protobuf.ProtobufHttpMessageConverterTests" time="0.005"/>
  <testcase name="canWrite()" classname="org.springframework.http.converter.protobuf.ProtobufHttpMessageConverterTests" time="0.001"/>
  <testcase name="read()" classname="org.springframework.http.converter.protobuf.ProtobufHttpMessageConverterTests" time="0.0"/>
  <testcase name="canRead()" classname="org.springframework.http.converter.protobuf.ProtobufHttpMessageConverterTests" time="0.001"/>
  <testcase name="defaultContentType()" classname="org.springframework.http.converter.protobuf.ProtobufHttpMessageConverterTests" time="0.001"/>
  <testcase name="extensionRegistryInitialized()" classname="org.springframework.http.converter.protobuf.ProtobufHttpMessageConverterTests" time="0.001"/>
  <testcase name="extensionRegistryNull()" classname="org.springframework.http.converter.protobuf.ProtobufHttpMessageConverterTests" time="0.0"/>
  <testcase name="extensionRegistryInitializerNull()" classname="org.springframework.http.converter.protobuf.ProtobufHttpMessageConverterTests" time="0.009"/>
  <testcase name="writeProtobuf()" classname="org.springframework.http.converter.protobuf.ProtobufHttpMessageConverterTests" time="0.001"/>
  <testcase name="readNoContentType()" classname="org.springframework.http.converter.protobuf.ProtobufHttpMessageConverterTests" time="0.0"/>
  <system-out><![CDATA[]]></system-out>
  <system-err><![CDATA[]]></system-err>
</testsuite>
