<?xml version="1.0" encoding="UTF-8"?>
<testsuite name="org.springframework.web.context.request.RequestContextListenerTests" tests="3" skipped="0" failures="0" errors="0" timestamp="2020-05-29T14:00:11" hostname="bamboo-18" time="0.021">
  <properties/>
  <testcase name="requestContextListenerWithSameThread()" classname="org.springframework.web.context.request.RequestContextListenerTests" time="0.001"/>
  <testcase name="requestContextListenerWithDifferentThread()" classname="org.springframework.web.context.request.RequestContextListenerTests" time="0.018"/>
  <testcase name="requestContextListenerWithSameThreadAndAttributesGone()" classname="org.springframework.web.context.request.RequestContextListenerTests" time="0.0"/>
  <system-out><![CDATA[]]></system-out>
  <system-err><![CDATA[]]></system-err>
</testsuite>
