<?xml version="1.0" encoding="UTF-8"?>
<testsuite name="org.springframework.http.client.BufferedSimpleAsyncHttpRequestFactoryTests" tests="7" skipped="0" failures="0" errors="0" timestamp="2020-05-29T13:59:30" hostname="bamboo-18" time="0.33">
  <properties/>
  <testcase name="cancel()" classname="org.springframework.http.client.BufferedSimpleAsyncHttpRequestFactoryTests" time="0.037"/>
  <testcase name="headersAfterExecute()" classname="org.springframework.http.client.BufferedSimpleAsyncHttpRequestFactoryTests" time="0.042"/>
  <testcase name="status()" classname="org.springframework.http.client.BufferedSimpleAsyncHttpRequestFactoryTests" time="0.043"/>
  <testcase name="echo()" classname="org.springframework.http.client.BufferedSimpleAsyncHttpRequestFactoryTests" time="0.039"/>
  <testcase name="statusCallback()" classname="org.springframework.http.client.BufferedSimpleAsyncHttpRequestFactoryTests" time="0.027"/>
  <testcase name="multipleWrites()" classname="org.springframework.http.client.BufferedSimpleAsyncHttpRequestFactoryTests" time="0.039"/>
  <testcase name="httpMethods()" classname="org.springframework.http.client.BufferedSimpleAsyncHttpRequestFactoryTests" time="0.102"/>
  <system-out><![CDATA[]]></system-out>
  <system-err><![CDATA[May 29, 2020 1:59:30 PM okhttp3.mockwebserver.MockWebServer$3 execute
INFO: MockWebServer[36751] starting to accept connections
May 29, 2020 1:59:30 PM okhttp3.mockwebserver.MockWebServer$3 acceptConnections
INFO: MockWebServer[36751] done accepting connections: Socket closed
May 29, 2020 1:59:30 PM okhttp3.mockwebserver.MockWebServer$3 execute
INFO: MockWebServer[58413] starting to accept connections
May 29, 2020 1:59:30 PM okhttp3.mockwebserver.MockWebServer$4 processOneRequest
INFO: MockWebServer[58413] received request: POST /echo HTTP/1.1 and responded: HTTP/1.1 200 OK
May 29, 2020 1:59:30 PM okhttp3.mockwebserver.MockWebServer$3 acceptConnections
INFO: MockWebServer[58413] done accepting connections: Socket closed
May 29, 2020 1:59:30 PM okhttp3.mockwebserver.MockWebServer$3 execute
INFO: MockWebServer[43595] starting to accept connections
May 29, 2020 1:59:30 PM okhttp3.mockwebserver.MockWebServer$4 processOneRequest
INFO: MockWebServer[43595] received request: GET /status/notfound HTTP/1.1 and responded: HTTP/1.1 404 Client Error
May 29, 2020 1:59:30 PM okhttp3.mockwebserver.MockWebServer$3 acceptConnections
INFO: MockWebServer[43595] done accepting connections: Socket closed
May 29, 2020 1:59:30 PM okhttp3.mockwebserver.MockWebServer$3 execute
INFO: MockWebServer[56677] starting to accept connections
May 29, 2020 1:59:30 PM okhttp3.mockwebserver.MockWebServer$4 processOneRequest
INFO: MockWebServer[56677] received request: PUT /echo HTTP/1.1 and responded: HTTP/1.1 200 OK
May 29, 2020 1:59:30 PM okhttp3.mockwebserver.MockWebServer$3 acceptConnections
INFO: MockWebServer[56677] done accepting connections: Socket closed
May 29, 2020 1:59:30 PM okhttp3.mockwebserver.MockWebServer$3 execute
INFO: MockWebServer[43747] starting to accept connections
May 29, 2020 1:59:30 PM okhttp3.mockwebserver.MockWebServer$4 processOneRequest
INFO: MockWebServer[43747] received request: GET /status/notfound HTTP/1.1 and responded: HTTP/1.1 404 Client Error
May 29, 2020 1:59:30 PM okhttp3.mockwebserver.MockWebServer$3 acceptConnections
INFO: MockWebServer[43747] done accepting connections: Socket closed
May 29, 2020 1:59:30 PM okhttp3.mockwebserver.MockWebServer$3 execute
INFO: MockWebServer[43567] starting to accept connections
May 29, 2020 1:59:30 PM okhttp3.mockwebserver.MockWebServer$4 processOneRequest
INFO: MockWebServer[43567] received request: POST /echo HTTP/1.1 and responded: HTTP/1.1 200 OK
May 29, 2020 1:59:30 PM okhttp3.mockwebserver.MockWebServer$3 acceptConnections
INFO: MockWebServer[43567] done accepting connections: Socket closed
May 29, 2020 1:59:30 PM okhttp3.mockwebserver.MockWebServer$3 execute
INFO: MockWebServer[54217] starting to accept connections
May 29, 2020 1:59:30 PM okhttp3.mockwebserver.MockWebServer$4 processOneRequest
INFO: MockWebServer[54217] received request: GET /methods/get HTTP/1.1 and responded: HTTP/1.1 200 OK
May 29, 2020 1:59:30 PM okhttp3.mockwebserver.MockWebServer$4 processOneRequest
INFO: MockWebServer[54217] received request: HEAD /methods/head HTTP/1.1 and responded: HTTP/1.1 200 OK
May 29, 2020 1:59:30 PM okhttp3.mockwebserver.MockWebServer$4 processOneRequest
INFO: MockWebServer[54217] received request: POST /methods/post HTTP/1.1 and responded: HTTP/1.1 200 OK
May 29, 2020 1:59:30 PM okhttp3.mockwebserver.MockWebServer$4 processOneRequest
INFO: MockWebServer[54217] received request: PUT /methods/put HTTP/1.1 and responded: HTTP/1.1 200 OK
May 29, 2020 1:59:30 PM okhttp3.mockwebserver.MockWebServer$4 processOneRequest
INFO: MockWebServer[54217] received request: OPTIONS /methods/options HTTP/1.1 and responded: HTTP/1.1 200 OK
May 29, 2020 1:59:30 PM okhttp3.mockwebserver.MockWebServer$4 processOneRequest
INFO: MockWebServer[54217] received request: DELETE /methods/delete HTTP/1.1 and responded: HTTP/1.1 200 OK
May 29, 2020 1:59:30 PM okhttp3.mockwebserver.MockWebServer$3 acceptConnections
INFO: MockWebServer[54217] done accepting connections: Socket closed
]]></system-err>
</testsuite>
