<?xml version="1.0" encoding="UTF-8"?>
<testsuite name="org.springframework.web.filter.CharacterEncodingFilterTests" tests="6" skipped="0" failures="0" errors="0" timestamp="2021-06-20T08:11:35" hostname="gankangdembp" time="0.216">
  <properties/>
  <testcase name="encodingIfEmptyAndNotForced()" classname="org.springframework.web.filter.CharacterEncodingFilterTests" time="0.061"/>
  <testcase name="doesNotIfEncodingIsNotEmptyAndNotForced()" classname="org.springframework.web.filter.CharacterEncodingFilterTests" time="0.003"/>
  <testcase name="withBeanInitialization()" classname="org.springframework.web.filter.CharacterEncodingFilterTests" time="0.012"/>
  <testcase name="setForceEncodingOnRequestOnly()" classname="org.springframework.web.filter.CharacterEncodingFilterTests" time="0.132"/>
  <testcase name="forceEncodingAlwaysSetsEncoding()" classname="org.springframework.web.filter.CharacterEncodingFilterTests" time="0.002"/>
  <testcase name="withIncompleteInitialization()" classname="org.springframework.web.filter.CharacterEncodingFilterTests" time="0.004"/>
  <system-out><![CDATA[]]></system-out>
  <system-err><![CDATA[]]></system-err>
</testsuite>
