<?xml version="1.0" encoding="UTF-8"?>
<testsuite name="org.springframework.http.converter.xml.MappingJackson2XmlHttpMessageConverterTests" tests="11" skipped="0" failures="0" errors="0" timestamp="2021-06-20T08:11:51" hostname="gankangdembp" time="0.428">
  <properties/>
  <testcase name="jsonView()" classname="org.springframework.http.converter.xml.MappingJackson2XmlHttpMessageConverterTests" time="0.059"/>
  <testcase name="readWithXmlBomb()" classname="org.springframework.http.converter.xml.MappingJackson2XmlHttpMessageConverterTests" time="0.09"/>
  <testcase name="readInvalidXml()" classname="org.springframework.http.converter.xml.MappingJackson2XmlHttpMessageConverterTests" time="0.001"/>
  <testcase name="readWithExternalReference()" classname="org.springframework.http.converter.xml.MappingJackson2XmlHttpMessageConverterTests" time="0.041"/>
  <testcase name="readValidXmlWithUnknownProperty()" classname="org.springframework.http.converter.xml.MappingJackson2XmlHttpMessageConverterTests" time="0.008"/>
  <testcase name="canWrite()" classname="org.springframework.http.converter.xml.MappingJackson2XmlHttpMessageConverterTests" time="0.039"/>
  <testcase name="read()" classname="org.springframework.http.converter.xml.MappingJackson2XmlHttpMessageConverterTests" time="0.011"/>
  <testcase name="write()" classname="org.springframework.http.converter.xml.MappingJackson2XmlHttpMessageConverterTests" time="0.144"/>
  <testcase name="canRead()" classname="org.springframework.http.converter.xml.MappingJackson2XmlHttpMessageConverterTests" time="0.002"/>
  <testcase name="customXmlMapper()" classname="org.springframework.http.converter.xml.MappingJackson2XmlHttpMessageConverterTests" time="0.001"/>
  <testcase name="readNonUnicode()" classname="org.springframework.http.converter.xml.MappingJackson2XmlHttpMessageConverterTests" time="0.002"/>
  <system-out><![CDATA[]]></system-out>
  <system-err><![CDATA[]]></system-err>
</testsuite>
