<?xml version="1.0" encoding="UTF-8"?>
<testsuite name="org.springframework.web.context.request.WebApplicationContextScopeTests" tests="3" skipped="0" failures="0" errors="0" timestamp="2021-06-20T08:11:16" hostname="gankangdembp" time="0.013">
  <properties/>
  <testcase name="testRequestScope()" classname="org.springframework.web.context.request.WebApplicationContextScopeTests" time="0.003"/>
  <testcase name="testApplicationScope()" classname="org.springframework.web.context.request.WebApplicationContextScopeTests" time="0.003"/>
  <testcase name="testSessionScope()" classname="org.springframework.web.context.request.WebApplicationContextScopeTests" time="0.005"/>
  <system-out><![CDATA[]]></system-out>
  <system-err><![CDATA[]]></system-err>
</testsuite>
