<?xml version="1.0" encoding="UTF-8"?>
<testsuite name="org.springframework.web.accept.MappingContentNegotiationStrategyTests" tests="4" skipped="0" failures="0" errors="0" timestamp="2021-06-20T08:11:10" hostname="gankangdembp" time="0.066">
  <properties/>
  <testcase name="resolveMediaTypesNoMatch()" classname="org.springframework.web.accept.MappingContentNegotiationStrategyTests" time="0.061"/>
  <testcase name="resolveMediaTypes()" classname="org.springframework.web.accept.MappingContentNegotiationStrategyTests" time="0.003"/>
  <testcase name="resolveMediaTypesHandleNoMatch()" classname="org.springframework.web.accept.MappingContentNegotiationStrategyTests" time="0.001"/>
  <testcase name="resolveMediaTypesNoKey()" classname="org.springframework.web.accept.MappingContentNegotiationStrategyTests" time="0.001"/>
  <system-out><![CDATA[]]></system-out>
  <system-err><![CDATA[]]></system-err>
</testsuite>
