<?xml version="1.0" encoding="UTF-8"?>
<testsuite name="org.springframework.http.server.DefaultRequestPathTests" tests="2" skipped="0" failures="0" errors="0" timestamp="2020-05-29T13:59:42" hostname="bamboo-18" time="0.005">
  <properties/>
  <testcase name="updateRequestPath()" classname="org.springframework.http.server.DefaultRequestPathTests" time="0.005"/>
  <testcase name="requestPath()" classname="org.springframework.http.server.DefaultRequestPathTests" time="0.0"/>
  <system-out><![CDATA[]]></system-out>
  <system-err><![CDATA[]]></system-err>
</testsuite>
