<?xml version="1.0" encoding="UTF-8"?>
<testsuite name="org.springframework.web.context.support.ResourceTests" tests="2" skipped="0" failures="0" errors="0" timestamp="2020-05-29T14:00:11" hostname="bamboo-18" time="0.001">
  <properties/>
  <testcase name="testServletContextResourceWithRelativePath()" classname="org.springframework.web.context.support.ResourceTests" time="0.0"/>
  <testcase name="testServletContextResource()" classname="org.springframework.web.context.support.ResourceTests" time="0.001"/>
  <system-out><![CDATA[]]></system-out>
  <system-err><![CDATA[]]></system-err>
</testsuite>
