<?xml version="1.0" encoding="UTF-8"?>
<testsuite name="org.springframework.http.client.HttpComponentsAsyncClientHttpRequestFactoryTests" tests="9" skipped="0" failures="0" errors="0" timestamp="2021-06-20T08:12:36" hostname="gankangdembp" time="0.204">
  <properties/>
  <testcase name="cancel()" classname="org.springframework.http.client.HttpComponentsAsyncClientHttpRequestFactoryTests" time="0.005"/>
  <testcase name="headersAfterExecute()" classname="org.springframework.http.client.HttpComponentsAsyncClientHttpRequestFactoryTests" time="0.048"/>
  <testcase name="status()" classname="org.springframework.http.client.HttpComponentsAsyncClientHttpRequestFactoryTests" time="0.022"/>
  <testcase name="echo()" classname="org.springframework.http.client.HttpComponentsAsyncClientHttpRequestFactoryTests" time="0.01"/>
  <testcase name="statusCallback()" classname="org.springframework.http.client.HttpComponentsAsyncClientHttpRequestFactoryTests" time="0.01"/>
  <testcase name="multipleWrites()" classname="org.springframework.http.client.HttpComponentsAsyncClientHttpRequestFactoryTests" time="0.011"/>
  <testcase name="defaultSettingsOfHttpAsyncClientLostOnExecutorCustomization()" classname="org.springframework.http.client.HttpComponentsAsyncClientHttpRequestFactoryTests" time="0.007"/>
  <testcase name="customHttpAsyncClientUsesItsDefault()" classname="org.springframework.http.client.HttpComponentsAsyncClientHttpRequestFactoryTests" time="0.005"/>
  <testcase name="httpMethods()" classname="org.springframework.http.client.HttpComponentsAsyncClientHttpRequestFactoryTests" time="0.084"/>
  <system-out><![CDATA[]]></system-out>
  <system-err><![CDATA[Jun 20, 2021 4:12:36 PM okhttp3.mockwebserver.MockWebServer$3 execute
INFO: MockWebServer[56515] starting to accept connections
Jun 20, 2021 4:12:36 PM okhttp3.mockwebserver.MockWebServer$3 acceptConnections
INFO: MockWebServer[56515] done accepting connections: Socket closed
Jun 20, 2021 4:12:36 PM okhttp3.mockwebserver.MockWebServer$3 execute
INFO: MockWebServer[56516] starting to accept connections
Jun 20, 2021 4:12:36 PM okhttp3.mockwebserver.MockWebServer$4 processOneRequest
INFO: MockWebServer[56516] received request: POST /echo HTTP/1.1 and responded: HTTP/1.1 200 OK
Jun 20, 2021 4:12:36 PM okhttp3.mockwebserver.MockWebServer$3 acceptConnections
INFO: MockWebServer[56516] done accepting connections: Socket closed
Jun 20, 2021 4:12:36 PM okhttp3.mockwebserver.MockWebServer$3 execute
INFO: MockWebServer[56518] starting to accept connections
Jun 20, 2021 4:12:36 PM okhttp3.mockwebserver.MockWebServer$4 processOneRequest
INFO: MockWebServer[56518] received request: GET /status/notfound HTTP/1.1 and responded: HTTP/1.1 404 Client Error
Jun 20, 2021 4:12:36 PM okhttp3.mockwebserver.MockWebServer$3 acceptConnections
INFO: MockWebServer[56518] done accepting connections: Socket closed
Jun 20, 2021 4:12:36 PM okhttp3.mockwebserver.MockWebServer$3 execute
INFO: MockWebServer[56520] starting to accept connections
Jun 20, 2021 4:12:36 PM okhttp3.mockwebserver.MockWebServer$4 processOneRequest
INFO: MockWebServer[56520] received request: PUT /echo HTTP/1.1 and responded: HTTP/1.1 200 OK
Jun 20, 2021 4:12:36 PM okhttp3.mockwebserver.MockWebServer$3 acceptConnections
INFO: MockWebServer[56520] done accepting connections: Socket closed
Jun 20, 2021 4:12:36 PM okhttp3.mockwebserver.MockWebServer$3 execute
INFO: MockWebServer[56522] starting to accept connections
Jun 20, 2021 4:12:36 PM okhttp3.mockwebserver.MockWebServer$4 processOneRequest
INFO: MockWebServer[56522] received request: GET /status/notfound HTTP/1.1 and responded: HTTP/1.1 404 Client Error
Jun 20, 2021 4:12:36 PM okhttp3.mockwebserver.MockWebServer$3 acceptConnections
INFO: MockWebServer[56522] done accepting connections: Socket closed
Jun 20, 2021 4:12:36 PM okhttp3.mockwebserver.MockWebServer$3 execute
INFO: MockWebServer[56524] starting to accept connections
Jun 20, 2021 4:12:36 PM okhttp3.mockwebserver.MockWebServer$4 processOneRequest
INFO: MockWebServer[56524] received request: POST /echo HTTP/1.1 and responded: HTTP/1.1 200 OK
Jun 20, 2021 4:12:36 PM okhttp3.mockwebserver.MockWebServer$3 acceptConnections
INFO: MockWebServer[56524] done accepting connections: Socket closed
Jun 20, 2021 4:12:36 PM okhttp3.mockwebserver.MockWebServer$3 execute
INFO: MockWebServer[56526] starting to accept connections
Jun 20, 2021 4:12:36 PM okhttp3.mockwebserver.MockWebServer$3 acceptConnections
INFO: MockWebServer[56526] done accepting connections: Socket closed
Jun 20, 2021 4:12:36 PM okhttp3.mockwebserver.MockWebServer$3 execute
INFO: MockWebServer[56527] starting to accept connections
Jun 20, 2021 4:12:36 PM okhttp3.mockwebserver.MockWebServer$3 acceptConnections
INFO: MockWebServer[56527] done accepting connections: Socket closed
Jun 20, 2021 4:12:36 PM okhttp3.mockwebserver.MockWebServer$3 execute
INFO: MockWebServer[56528] starting to accept connections
Jun 20, 2021 4:12:36 PM okhttp3.mockwebserver.MockWebServer$4 processOneRequest
INFO: MockWebServer[56528] received request: GET /methods/get HTTP/1.1 and responded: HTTP/1.1 200 OK
Jun 20, 2021 4:12:36 PM okhttp3.mockwebserver.MockWebServer$4 processOneRequest
INFO: MockWebServer[56528] received request: HEAD /methods/head HTTP/1.1 and responded: HTTP/1.1 200 OK
Jun 20, 2021 4:12:36 PM okhttp3.mockwebserver.MockWebServer$4 processOneRequest
INFO: MockWebServer[56528] received request: POST /methods/post HTTP/1.1 and responded: HTTP/1.1 200 OK
Jun 20, 2021 4:12:36 PM okhttp3.mockwebserver.MockWebServer$4 processOneRequest
INFO: MockWebServer[56528] received request: PUT /methods/put HTTP/1.1 and responded: HTTP/1.1 200 OK
Jun 20, 2021 4:12:36 PM okhttp3.mockwebserver.MockWebServer$4 processOneRequest
INFO: MockWebServer[56528] received request: OPTIONS /methods/options HTTP/1.1 and responded: HTTP/1.1 200 OK
Jun 20, 2021 4:12:36 PM okhttp3.mockwebserver.MockWebServer$4 processOneRequest
INFO: MockWebServer[56528] received request: DELETE /methods/delete HTTP/1.1 and responded: HTTP/1.1 200 OK
Jun 20, 2021 4:12:36 PM okhttp3.mockwebserver.MockWebServer$4 processOneRequest
INFO: MockWebServer[56528] received request: PATCH /methods/patch HTTP/1.1 and responded: HTTP/1.1 200 OK
Jun 20, 2021 4:12:36 PM okhttp3.mockwebserver.MockWebServer$3 acceptConnections
INFO: MockWebServer[56528] done accepting connections: Socket closed
]]></system-err>
</testsuite>
