<?xml version="1.0" encoding="UTF-8"?>
<testsuite name="org.springframework.http.codec.FormHttpMessageReaderTests" tests="4" skipped="0" failures="0" errors="0" timestamp="2021-06-20T08:12:05" hostname="gankangdembp" time="0.034">
  <properties/>
  <testcase name="readFormError()" classname="org.springframework.http.codec.FormHttpMessageReaderTests" time="0.002"/>
  <testcase name="readFormAsFlux()" classname="org.springframework.http.codec.FormHttpMessageReaderTests" time="0.028"/>
  <testcase name="readFormAsMono()" classname="org.springframework.http.codec.FormHttpMessageReaderTests" time="0.003"/>
  <testcase name="canRead()" classname="org.springframework.http.codec.FormHttpMessageReaderTests" time="0.001"/>
  <system-out><![CDATA[]]></system-out>
  <system-err><![CDATA[]]></system-err>
</testsuite>
