<?xml version="1.0" encoding="UTF-8"?>
<testsuite name="org.springframework.web.filter.reactive.HiddenHttpMethodFilterTests" tests="7" skipped="0" failures="0" errors="0" timestamp="2021-06-20T08:11:35" hostname="gankangdembp" time="0.201">
  <properties/>
  <testcase name="filterWithParameter()" classname="org.springframework.web.filter.reactive.HiddenHttpMethodFilterTests" time="0.112"/>
  <testcase name="filterWithNoParameter()" classname="org.springframework.web.filter.reactive.HiddenHttpMethodFilterTests" time="0.006"/>
  <testcase name="filterWithEmptyStringParameter()" classname="org.springframework.web.filter.reactive.HiddenHttpMethodFilterTests" time="0.002"/>
  <testcase name="filterWithInvalidMethodValue()" classname="org.springframework.web.filter.reactive.HiddenHttpMethodFilterTests" time="0.005"/>
  <testcase name="filterWithDifferentMethodParam()" classname="org.springframework.web.filter.reactive.HiddenHttpMethodFilterTests" time="0.069"/>
  <testcase name="filterWithParameterMethodNotAllowed()" classname="org.springframework.web.filter.reactive.HiddenHttpMethodFilterTests" time="0.002"/>
  <testcase name="filterWithHttpPut()" classname="org.springframework.web.filter.reactive.HiddenHttpMethodFilterTests" time="0.002"/>
  <system-out><![CDATA[]]></system-out>
  <system-err><![CDATA[]]></system-err>
</testsuite>
