<?xml version="1.0" encoding="UTF-8"?>
<testsuite name="org.springframework.web.server.session.CookieWebSessionIdResolverTests" tests="2" skipped="0" failures="0" errors="0" timestamp="2021-06-20T08:11:21" hostname="gankangdembp" time="0.041">
  <properties/>
  <testcase name="cookieInitializer()" classname="org.springframework.web.server.session.CookieWebSessionIdResolverTests" time="0.04"/>
  <testcase name="setSessionId()" classname="org.springframework.web.server.session.CookieWebSessionIdResolverTests" time="0.0"/>
  <system-out><![CDATA[]]></system-out>
  <system-err><![CDATA[]]></system-err>
</testsuite>
