<?xml version="1.0" encoding="UTF-8"?>
<testsuite name="org.springframework.web.accept.MappingMediaTypeFileExtensionResolverTests" tests="4" skipped="0" failures="0" errors="0" timestamp="2021-06-20T08:11:10" hostname="gankangdembp" time="0.006">
  <properties/>
  <testcase name="resolveExtensionsNoMatch()" classname="org.springframework.web.accept.MappingMediaTypeFileExtensionResolverTests" time="0.002"/>
  <testcase name="resolveExtensions()" classname="org.springframework.web.accept.MappingMediaTypeFileExtensionResolverTests" time="0.001"/>
  <testcase name="allFileExtensions()" classname="org.springframework.web.accept.MappingMediaTypeFileExtensionResolverTests" time="0.001"/>
  <testcase name="lookupMediaTypeCaseInsensitive()" classname="org.springframework.web.accept.MappingMediaTypeFileExtensionResolverTests" time="0.0"/>
  <system-out><![CDATA[]]></system-out>
  <system-err><![CDATA[]]></system-err>
</testsuite>
