<?xml version="1.0" encoding="UTF-8"?>
<testsuite name="org.springframework.http.client.StreamingHttpComponentsClientHttpRequestFactoryTests" tests="6" skipped="0" failures="0" errors="0" timestamp="2021-06-20T08:12:43" hostname="gankangdembp" time="0.03">
  <properties/>
  <testcase name="headersAfterExecute()" classname="org.springframework.http.client.StreamingHttpComponentsClientHttpRequestFactoryTests" time="0.002"/>
  <testcase name="status()" classname="org.springframework.http.client.StreamingHttpComponentsClientHttpRequestFactoryTests" time="0.005"/>
  <testcase name="echo()" classname="org.springframework.http.client.StreamingHttpComponentsClientHttpRequestFactoryTests" time="0.006"/>
  <testcase name="multipleWrites()" classname="org.springframework.http.client.StreamingHttpComponentsClientHttpRequestFactoryTests" time="0.007"/>
  <testcase name="queryParameters()" classname="org.springframework.http.client.StreamingHttpComponentsClientHttpRequestFactoryTests" time="0.005"/>
  <testcase name="httpMethods()" classname="org.springframework.http.client.StreamingHttpComponentsClientHttpRequestFactoryTests" time="0.005"/>
  <system-out><![CDATA[]]></system-out>
  <system-err><![CDATA[Jun 20, 2021 4:12:43 PM okhttp3.mockwebserver.MockWebServer$3 execute
INFO: MockWebServer[56688] starting to accept connections
Jun 20, 2021 4:12:43 PM okhttp3.mockwebserver.MockWebServer$3 acceptConnections
INFO: MockWebServer[56688] done accepting connections: Socket closed
Jun 20, 2021 4:12:43 PM okhttp3.mockwebserver.MockWebServer$3 execute
INFO: MockWebServer[56689] starting to accept connections
Jun 20, 2021 4:12:43 PM okhttp3.mockwebserver.MockWebServer$4 processOneRequest
INFO: MockWebServer[56689] received request: GET /status/notfound HTTP/1.1 and responded: HTTP/1.1 404 Client Error
Jun 20, 2021 4:12:43 PM okhttp3.mockwebserver.MockWebServer$3 acceptConnections
INFO: MockWebServer[56689] done accepting connections: Socket closed
Jun 20, 2021 4:12:43 PM okhttp3.mockwebserver.MockWebServer$3 execute
INFO: MockWebServer[56691] starting to accept connections
Jun 20, 2021 4:12:43 PM okhttp3.mockwebserver.MockWebServer$4 processOneRequest
INFO: MockWebServer[56691] received request: PUT /echo HTTP/1.1 and responded: HTTP/1.1 200 OK
Jun 20, 2021 4:12:43 PM okhttp3.mockwebserver.MockWebServer$3 acceptConnections
INFO: MockWebServer[56691] done accepting connections: Socket closed
Jun 20, 2021 4:12:43 PM okhttp3.mockwebserver.MockWebServer$3 execute
INFO: MockWebServer[56693] starting to accept connections
Jun 20, 2021 4:12:43 PM okhttp3.mockwebserver.MockWebServer$4 processOneRequest
INFO: MockWebServer[56693] received request: POST /echo HTTP/1.1 and responded: HTTP/1.1 200 OK
Jun 20, 2021 4:12:43 PM okhttp3.mockwebserver.MockWebServer$3 acceptConnections
INFO: MockWebServer[56693] done accepting connections: Socket closed
Jun 20, 2021 4:12:43 PM okhttp3.mockwebserver.MockWebServer$3 execute
INFO: MockWebServer[56695] starting to accept connections
Jun 20, 2021 4:12:43 PM okhttp3.mockwebserver.MockWebServer$4 processOneRequest
INFO: MockWebServer[56695] received request: GET /params?param1=value&param2=value1&param2=value2 HTTP/1.1 and responded: HTTP/1.1 200 OK
Jun 20, 2021 4:12:43 PM okhttp3.mockwebserver.MockWebServer$3 acceptConnections
INFO: MockWebServer[56695] done accepting connections: Socket closed
Jun 20, 2021 4:12:43 PM okhttp3.mockwebserver.MockWebServer$3 execute
INFO: MockWebServer[56697] starting to accept connections
Jun 20, 2021 4:12:43 PM okhttp3.mockwebserver.MockWebServer$4 processOneRequest
INFO: MockWebServer[56697] received request: PATCH /methods/patch HTTP/1.1 and responded: HTTP/1.1 200 OK
Jun 20, 2021 4:12:43 PM okhttp3.mockwebserver.MockWebServer$3 acceptConnections
INFO: MockWebServer[56697] done accepting connections: Socket closed
]]></system-err>
</testsuite>
