<?xml version="1.0" encoding="UTF-8"?>
<testsuite name="org.springframework.web.method.support.HandlerMethodReturnValueHandlerCompositeTests" tests="5" skipped="0" failures="0" errors="0" timestamp="2021-06-20T08:11:48" hostname="gankangdembp" time="0.097">
  <properties/>
  <testcase name="handleReturnValueWithMultipleHandlers()" classname="org.springframework.web.method.support.HandlerMethodReturnValueHandlerCompositeTests" time="0.014"/>
  <testcase name="handleReturnValue()" classname="org.springframework.web.method.support.HandlerMethodReturnValueHandlerCompositeTests" time="0.001"/>
  <testcase name="handleReturnValueWithAsyncHandler()" classname="org.springframework.web.method.support.HandlerMethodReturnValueHandlerCompositeTests" time="0.078"/>
  <testcase name="supportsReturnType()" classname="org.springframework.web.method.support.HandlerMethodReturnValueHandlerCompositeTests" time="0.001"/>
  <testcase name="noSuitableReturnValueHandler()" classname="org.springframework.web.method.support.HandlerMethodReturnValueHandlerCompositeTests" time="0.002"/>
  <system-out><![CDATA[]]></system-out>
  <system-err><![CDATA[]]></system-err>
</testsuite>
