<?xml version="1.0" encoding="UTF-8"?>
<testsuite name="org.springframework.http.client.Netty4ClientHttpRequestFactoryTests" tests="6" skipped="0" failures="0" errors="0" timestamp="2021-06-20T08:12:41" hostname="gankangdembp" time="0.101">
  <properties/>
  <testcase name="headersAfterExecute()" classname="org.springframework.http.client.Netty4ClientHttpRequestFactoryTests" time="0.02"/>
  <testcase name="status()" classname="org.springframework.http.client.Netty4ClientHttpRequestFactoryTests" time="0.008"/>
  <testcase name="echo()" classname="org.springframework.http.client.Netty4ClientHttpRequestFactoryTests" time="0.009"/>
  <testcase name="multipleWrites()" classname="org.springframework.http.client.Netty4ClientHttpRequestFactoryTests" time="0.009"/>
  <testcase name="queryParameters()" classname="org.springframework.http.client.Netty4ClientHttpRequestFactoryTests" time="0.008"/>
  <testcase name="httpMethods()" classname="org.springframework.http.client.Netty4ClientHttpRequestFactoryTests" time="0.046"/>
  <system-out><![CDATA[]]></system-out>
  <system-err><![CDATA[Jun 20, 2021 4:12:41 PM okhttp3.mockwebserver.MockWebServer$3 execute
INFO: MockWebServer[56617] starting to accept connections
Jun 20, 2021 4:12:41 PM okhttp3.mockwebserver.MockWebServer$4 processOneRequest
INFO: MockWebServer[56617] received request: POST /status/ok HTTP/1.1 and responded: HTTP/1.1 200 OK
Jun 20, 2021 4:12:41 PM okhttp3.mockwebserver.MockWebServer$3 acceptConnections
INFO: MockWebServer[56617] done accepting connections: Socket closed
Jun 20, 2021 4:12:41 PM okhttp3.mockwebserver.MockWebServer$3 execute
INFO: MockWebServer[56619] starting to accept connections
Jun 20, 2021 4:12:41 PM okhttp3.mockwebserver.MockWebServer$4 processOneRequest
INFO: MockWebServer[56619] received request: GET /status/notfound HTTP/1.1 and responded: HTTP/1.1 404 Client Error
Jun 20, 2021 4:12:41 PM okhttp3.mockwebserver.MockWebServer$3 acceptConnections
INFO: MockWebServer[56619] done accepting connections: Socket closed
Jun 20, 2021 4:12:41 PM okhttp3.mockwebserver.MockWebServer$3 execute
INFO: MockWebServer[56621] starting to accept connections
Jun 20, 2021 4:12:41 PM okhttp3.mockwebserver.MockWebServer$4 processOneRequest
INFO: MockWebServer[56621] received request: PUT /echo HTTP/1.1 and responded: HTTP/1.1 200 OK
Jun 20, 2021 4:12:41 PM okhttp3.mockwebserver.MockWebServer$3 acceptConnections
INFO: MockWebServer[56621] done accepting connections: Socket closed
Jun 20, 2021 4:12:41 PM okhttp3.mockwebserver.MockWebServer$3 execute
INFO: MockWebServer[56623] starting to accept connections
Jun 20, 2021 4:12:41 PM okhttp3.mockwebserver.MockWebServer$4 processOneRequest
INFO: MockWebServer[56623] received request: POST /echo HTTP/1.1 and responded: HTTP/1.1 200 OK
Jun 20, 2021 4:12:41 PM okhttp3.mockwebserver.MockWebServer$3 acceptConnections
INFO: MockWebServer[56623] done accepting connections: Socket closed
Jun 20, 2021 4:12:41 PM okhttp3.mockwebserver.MockWebServer$3 execute
INFO: MockWebServer[56625] starting to accept connections
Jun 20, 2021 4:12:41 PM okhttp3.mockwebserver.MockWebServer$4 processOneRequest
INFO: MockWebServer[56625] received request: GET /params?param1=value&param2=value1&param2=value2 HTTP/1.1 and responded: HTTP/1.1 200 OK
Jun 20, 2021 4:12:41 PM okhttp3.mockwebserver.MockWebServer$3 acceptConnections
INFO: MockWebServer[56625] done accepting connections: Socket closed
Jun 20, 2021 4:12:41 PM okhttp3.mockwebserver.MockWebServer$3 execute
INFO: MockWebServer[56628] starting to accept connections
Jun 20, 2021 4:12:41 PM okhttp3.mockwebserver.MockWebServer$4 processOneRequest
INFO: MockWebServer[56628] received request: GET /methods/get HTTP/1.1 and responded: HTTP/1.1 200 OK
Jun 20, 2021 4:12:41 PM okhttp3.mockwebserver.MockWebServer$4 processOneRequest
INFO: MockWebServer[56628] received request: HEAD /methods/head HTTP/1.1 and responded: HTTP/1.1 200 OK
Jun 20, 2021 4:12:41 PM okhttp3.mockwebserver.MockWebServer$4 processOneRequest
INFO: MockWebServer[56628] received request: POST /methods/post HTTP/1.1 and responded: HTTP/1.1 200 OK
Jun 20, 2021 4:12:41 PM okhttp3.mockwebserver.MockWebServer$4 processOneRequest
INFO: MockWebServer[56628] received request: PUT /methods/put HTTP/1.1 and responded: HTTP/1.1 200 OK
Jun 20, 2021 4:12:41 PM okhttp3.mockwebserver.MockWebServer$4 processOneRequest
INFO: MockWebServer[56628] received request: OPTIONS /methods/options HTTP/1.1 and responded: HTTP/1.1 200 OK
Jun 20, 2021 4:12:41 PM okhttp3.mockwebserver.MockWebServer$4 processOneRequest
INFO: MockWebServer[56628] received request: DELETE /methods/delete HTTP/1.1 and responded: HTTP/1.1 200 OK
Jun 20, 2021 4:12:41 PM okhttp3.mockwebserver.MockWebServer$4 processOneRequest
INFO: MockWebServer[56628] received request: PATCH /methods/patch HTTP/1.1 and responded: HTTP/1.1 200 OK
Jun 20, 2021 4:12:41 PM okhttp3.mockwebserver.MockWebServer$3 acceptConnections
INFO: MockWebServer[56628] done accepting connections: Socket closed
]]></system-err>
</testsuite>
