<?xml version="1.0" encoding="UTF-8"?>
<testsuite name="org.springframework.web.context.request.SessionScopeTests" tests="6" skipped="0" failures="0" errors="0" timestamp="2021-06-20T08:11:16" hostname="gankangdembp" time="0.196">
  <properties/>
  <testcase name="destructionWithSessionSerializationAndSerializableBeanPostProcessor()" classname="org.springframework.web.context.request.SessionScopeTests" time="0.09"/>
  <testcase name="destructionAtSessionTermination()" classname="org.springframework.web.context.request.SessionScopeTests" time="0.012"/>
  <testcase name="getFromScopeWithSingleAccess()" classname="org.springframework.web.context.request.SessionScopeTests" time="0.009"/>
  <testcase name="getFromScope()" classname="org.springframework.web.context.request.SessionScopeTests" time="0.033"/>
  <testcase name="destructionWithSessionSerialization()" classname="org.springframework.web.context.request.SessionScopeTests" time="0.034"/>
  <testcase name="destructionWithSessionSerializationAndBeanPostProcessor()" classname="org.springframework.web.context.request.SessionScopeTests" time="0.014"/>
  <system-out><![CDATA[]]></system-out>
  <system-err><![CDATA[]]></system-err>
</testsuite>
