<?xml version="1.0" encoding="UTF-8"?>
<testsuite name="org.springframework.http.codec.FormHttpMessageWriterTests" tests="2" skipped="0" failures="0" errors="0" timestamp="2021-06-20T08:12:05" hostname="gankangdembp" time="0.013">
  <properties/>
  <testcase name="writeForm()" classname="org.springframework.http.codec.FormHttpMessageWriterTests" time="0.012"/>
  <testcase name="canWrite()" classname="org.springframework.http.codec.FormHttpMessageWriterTests" time="0.001"/>
  <system-out><![CDATA[]]></system-out>
  <system-err><![CDATA[]]></system-err>
</testsuite>
