<?xml version="1.0" encoding="UTF-8"?>
<testsuite name="org.springframework.http.codec.protobuf.ProtobufDecoderTests" tests="9" skipped="0" failures="0" errors="0" timestamp="2020-05-29T13:59:40" hostname="bamboo-18" time="0.217">
  <properties/>
  <testcase name="decodeToMono()" classname="org.springframework.http.codec.protobuf.ProtobufDecoderTests" time="0.142"/>
  <testcase name="decode()" classname="org.springframework.http.codec.protobuf.ProtobufDecoderTests" time="0.012"/>
  <testcase name="decodeMergedChunks()" classname="org.springframework.http.codec.protobuf.ProtobufDecoderTests" time="0.002"/>
  <testcase name="decodeChunksToMono()" classname="org.springframework.http.codec.protobuf.ProtobufDecoderTests" time="0.003"/>
  <testcase name="canDecode()" classname="org.springframework.http.codec.protobuf.ProtobufDecoderTests" time="0.001"/>
  <testcase name="decodeSplitMessageSize()" classname="org.springframework.http.codec.protobuf.ProtobufDecoderTests" time="0.046"/>
  <testcase name="decodeSplitChunks()" classname="org.springframework.http.codec.protobuf.ProtobufDecoderTests" time="0.003"/>
  <testcase name="extensionRegistryNull()" classname="org.springframework.http.codec.protobuf.ProtobufDecoderTests" time="0.001"/>
  <testcase name="exceedMaxSize()" classname="org.springframework.http.codec.protobuf.ProtobufDecoderTests" time="0.001"/>
  <system-out><![CDATA[]]></system-out>
  <system-err><![CDATA[]]></system-err>
</testsuite>
