<?xml version="1.0" encoding="UTF-8"?>
<testsuite name="org.springframework.http.ResponseCookieTests" tests="5" skipped="0" failures="0" errors="0" timestamp="2021-06-20T08:12:34" hostname="gankangdembp" time="0.032">
  <properties/>
  <testcase name="valueChecks()" classname="org.springframework.http.ResponseCookieTests" time="0.002"/>
  <testcase name="domainChecks()" classname="org.springframework.http.ResponseCookieTests" time="0.024"/>
  <testcase name="nameChecks()" classname="org.springframework.http.ResponseCookieTests" time="0.002"/>
  <testcase name="domainWithEmptyDoubleQuotes()" classname="org.springframework.http.ResponseCookieTests" time="0.002"/>
  <testcase name="basic()" classname="org.springframework.http.ResponseCookieTests" time="0.0"/>
  <system-out><![CDATA[]]></system-out>
  <system-err><![CDATA[]]></system-err>
</testsuite>
