<?xml version="1.0" encoding="UTF-8"?>
<testsuite name="org.springframework.web.multipart.support.StandardMultipartHttpServletRequestTests" tests="4" skipped="0" failures="0" errors="0" timestamp="2021-06-20T08:11:34" hostname="gankangdembp" time="0.202">
  <properties/>
  <testcase name="filename()" classname="org.springframework.web.multipart.support.StandardMultipartHttpServletRequestTests" time="0.003"/>
  <testcase name="multipartFileResource()" classname="org.springframework.web.multipart.support.StandardMultipartHttpServletRequestTests" time="0.169"/>
  <testcase name="filenameRfc2047()" classname="org.springframework.web.multipart.support.StandardMultipartHttpServletRequestTests" time="0.029"/>
  <testcase name="filenameRfc5987()" classname="org.springframework.web.multipart.support.StandardMultipartHttpServletRequestTests" time="0.001"/>
  <system-out><![CDATA[]]></system-out>
  <system-err><![CDATA[]]></system-err>
</testsuite>
