<?xml version="1.0" encoding="UTF-8"?>
<testsuite name="org.springframework.http.converter.FormHttpMessageConverterTests" tests="9" skipped="0" failures="0" errors="0" timestamp="2021-06-20T08:11:58" hostname="gankangdembp" time="0.195">
  <properties/>
  <testcase name="setSupportedMediaTypes()" classname="org.springframework.http.converter.FormHttpMessageConverterTests" time="0.013"/>
  <testcase name="addSupportedMediaTypes()" classname="org.springframework.http.converter.FormHttpMessageConverterTests" time="0.0"/>
  <testcase name="writeForm()" classname="org.springframework.http.converter.FormHttpMessageConverterTests" time="0.001"/>
  <testcase name="readForm()" classname="org.springframework.http.converter.FormHttpMessageConverterTests" time="0.001"/>
  <testcase name="canWrite()" classname="org.springframework.http.converter.FormHttpMessageConverterTests" time="0.0"/>
  <testcase name="canRead()" classname="org.springframework.http.converter.FormHttpMessageConverterTests" time="0.001"/>
  <testcase name="writeMultipartOrder()" classname="org.springframework.http.converter.FormHttpMessageConverterTests" time="0.098"/>
  <testcase name="cannotReadMultipart()" classname="org.springframework.http.converter.FormHttpMessageConverterTests" time="0.0"/>
  <testcase name="writeMultipart()" classname="org.springframework.http.converter.FormHttpMessageConverterTests" time="0.046"/>
  <system-out><![CDATA[]]></system-out>
  <system-err><![CDATA[]]></system-err>
</testsuite>
