<?xml version="1.0" encoding="UTF-8"?>
<testsuite name="org.springframework.web.context.request.async.WebAsyncManagerTests" tests="16" skipped="0" failures="0" errors="0" timestamp="2020-05-29T14:00:09" hostname="bamboo-18" time="0.125">
  <properties/>
  <testcase name="startCallableProcessingNullInput()" classname="org.springframework.web.context.request.async.WebAsyncManagerTests" time="0.032"/>
  <testcase name="startCallableProcessingPostProcessContinueAfterException()" classname="org.springframework.web.context.request.async.WebAsyncManagerTests" time="0.012"/>
  <testcase name="startDeferredResultProcessingPreProcessException()" classname="org.springframework.web.context.request.async.WebAsyncManagerTests" time="0.001"/>
  <testcase name="setAsyncWebRequestAfterAsyncStarted()" classname="org.springframework.web.context.request.async.WebAsyncManagerTests" time="0.001"/>
  <testcase name="isConcurrentHandlingStarted()" classname="org.springframework.web.context.request.async.WebAsyncManagerTests" time="0.001"/>
  <testcase name="startCallableProcessingPreProcessException()" classname="org.springframework.web.context.request.async.WebAsyncManagerTests" time="0.002"/>
  <testcase name="startCallableProcessingWithAsyncTask()" classname="org.springframework.web.context.request.async.WebAsyncManagerTests" time="0.017"/>
  <testcase name="startCallableProcessing()" classname="org.springframework.web.context.request.async.WebAsyncManagerTests" time="0.004"/>
  <testcase name="startDeferredResultProcessingNullInput()" classname="org.springframework.web.context.request.async.WebAsyncManagerTests" time="0.001"/>
  <testcase name="startAsyncProcessingWithoutAsyncWebRequest()" classname="org.springframework.web.context.request.async.WebAsyncManagerTests" time="0.001"/>
  <testcase name="startDeferredResultProcessing()" classname="org.springframework.web.context.request.async.WebAsyncManagerTests" time="0.013"/>
  <testcase name="startCallableProcessingBeforeConcurrentHandlingException()" classname="org.springframework.web.context.request.async.WebAsyncManagerTests" time="0.005"/>
  <testcase name="startCallableProcessingCallableException()" classname="org.springframework.web.context.request.async.WebAsyncManagerTests" time="0.002"/>
  <testcase name="startCallableProcessingPostProcessException()" classname="org.springframework.web.context.request.async.WebAsyncManagerTests" time="0.001"/>
  <testcase name="startDeferredResultProcessingPostProcessException()" classname="org.springframework.web.context.request.async.WebAsyncManagerTests" time="0.012"/>
  <testcase name="startDeferredResultProcessingBeforeConcurrentHandlingException()" classname="org.springframework.web.context.request.async.WebAsyncManagerTests" time="0.016"/>
  <system-out><![CDATA[14:00:09.983 [Test worker] WARN  o.s.w.c.r.a.WebAsyncManager - 
!!!
An Executor is required to handle java.util.concurrent.Callable return values.
Please, configure a TaskExecutor in the MVC config under "async support".
The SyncTaskExecutor currently in use is not suitable under load.
-------------------------------
Request URI: ''
!!!
14:00:09.983 [Test worker] DEBUG o.s.w.c.r.a.WebAsyncManager - Started async request
14:00:09.983 [Test worker] DEBUG o.s.w.c.r.a.WebAsyncManager - Async error, dispatch to 
14:00:09.985 [Test worker] DEBUG o.s.w.c.r.a.WebAsyncManager - Started async request
14:00:09.985 [Test worker] DEBUG o.s.w.c.r.a.WebAsyncManager - Async error, dispatch to 
14:00:09.988 [Test worker] DEBUG o.s.w.c.r.a.WebAsyncManager - Started async request
14:00:09.989 [Test worker] DEBUG o.s.w.c.r.a.WebAsyncManager - Async error, dispatch to 
14:00:10.005 [Test worker] DEBUG o.s.w.c.r.a.WebAsyncManager - Started async request
14:00:10.010 [Test worker] DEBUG o.s.w.c.r.a.WebAsyncManager - Started async request
14:00:10.010 [Test worker] DEBUG o.s.w.c.r.a.WebAsyncManager - Async result set, dispatch to 
14:00:10.027 [Test worker] DEBUG o.s.w.c.r.a.WebAsyncManager - Started async request
14:00:10.027 [Test worker] DEBUG o.s.w.c.r.a.WebAsyncManager - Async result set, dispatch to 
14:00:10.034 [Test worker] DEBUG o.s.w.c.r.a.WebAsyncManager - Started async request
14:00:10.034 [Test worker] DEBUG o.s.w.c.r.a.WebAsyncManager - Async error, dispatch to 
14:00:10.036 [Test worker] DEBUG o.s.w.c.r.a.WebAsyncManager - Started async request
14:00:10.036 [Test worker] DEBUG o.s.w.c.r.a.WebAsyncManager - Async error, dispatch to 
14:00:10.047 [Test worker] DEBUG o.s.w.c.r.a.WebAsyncManager - Started async request
14:00:10.048 [Test worker] DEBUG o.s.w.c.r.a.WebAsyncManager - Async error, dispatch to 
]]></system-out>
  <system-err><![CDATA[]]></system-err>
</testsuite>
