<?xml version="1.0" encoding="UTF-8"?>
<testsuite name="org.springframework.http.client.OkHttp3ClientHttpRequestFactoryTests" tests="6" skipped="0" failures="0" errors="0" timestamp="2020-05-29T13:59:24" hostname="bamboo-18" time="0.197">
  <properties/>
  <testcase name="headersAfterExecute()" classname="org.springframework.http.client.OkHttp3ClientHttpRequestFactoryTests" time="0.038"/>
  <testcase name="status()" classname="org.springframework.http.client.OkHttp3ClientHttpRequestFactoryTests" time="0.023"/>
  <testcase name="echo()" classname="org.springframework.http.client.OkHttp3ClientHttpRequestFactoryTests" time="0.024"/>
  <testcase name="multipleWrites()" classname="org.springframework.http.client.OkHttp3ClientHttpRequestFactoryTests" time="0.021"/>
  <testcase name="queryParameters()" classname="org.springframework.http.client.OkHttp3ClientHttpRequestFactoryTests" time="0.042"/>
  <testcase name="httpMethods()" classname="org.springframework.http.client.OkHttp3ClientHttpRequestFactoryTests" time="0.045"/>
  <system-out><![CDATA[]]></system-out>
  <system-err><![CDATA[May 29, 2020 1:59:24 PM okhttp3.mockwebserver.MockWebServer$3 execute
INFO: MockWebServer[41993] starting to accept connections
May 29, 2020 1:59:24 PM okhttp3.mockwebserver.MockWebServer$4 processOneRequest
INFO: MockWebServer[41993] received request: POST /status/ok HTTP/1.1 and responded: HTTP/1.1 200 OK
May 29, 2020 1:59:24 PM okhttp3.mockwebserver.MockWebServer$3 acceptConnections
INFO: MockWebServer[41993] done accepting connections: Socket closed
May 29, 2020 1:59:24 PM okhttp3.mockwebserver.MockWebServer$3 execute
INFO: MockWebServer[39777] starting to accept connections
May 29, 2020 1:59:24 PM okhttp3.mockwebserver.MockWebServer$4 processOneRequest
INFO: MockWebServer[39777] received request: GET /status/notfound HTTP/1.1 and responded: HTTP/1.1 404 Client Error
May 29, 2020 1:59:24 PM okhttp3.mockwebserver.MockWebServer$3 acceptConnections
INFO: MockWebServer[39777] done accepting connections: Socket closed
May 29, 2020 1:59:24 PM okhttp3.mockwebserver.MockWebServer$3 execute
INFO: MockWebServer[44787] starting to accept connections
May 29, 2020 1:59:24 PM okhttp3.mockwebserver.MockWebServer$4 processOneRequest
INFO: MockWebServer[44787] received request: PUT /echo HTTP/1.1 and responded: HTTP/1.1 200 OK
May 29, 2020 1:59:24 PM okhttp3.mockwebserver.MockWebServer$3 acceptConnections
INFO: MockWebServer[44787] done accepting connections: Socket closed
May 29, 2020 1:59:24 PM okhttp3.mockwebserver.MockWebServer$3 execute
INFO: MockWebServer[37335] starting to accept connections
May 29, 2020 1:59:24 PM okhttp3.mockwebserver.MockWebServer$4 processOneRequest
INFO: MockWebServer[37335] received request: POST /echo HTTP/1.1 and responded: HTTP/1.1 200 OK
May 29, 2020 1:59:24 PM okhttp3.mockwebserver.MockWebServer$3 acceptConnections
INFO: MockWebServer[37335] done accepting connections: Socket closed
May 29, 2020 1:59:24 PM okhttp3.mockwebserver.MockWebServer$3 execute
INFO: MockWebServer[36245] starting to accept connections
May 29, 2020 1:59:24 PM okhttp3.mockwebserver.MockWebServer$4 processOneRequest
INFO: MockWebServer[36245] received request: GET /params?param1=value&param2=value1&param2=value2 HTTP/1.1 and responded: HTTP/1.1 200 OK
May 29, 2020 1:59:24 PM okhttp3.mockwebserver.MockWebServer$3 acceptConnections
INFO: MockWebServer[36245] done accepting connections: Socket closed
May 29, 2020 1:59:24 PM okhttp3.mockwebserver.MockWebServer$3 execute
INFO: MockWebServer[60029] starting to accept connections
May 29, 2020 1:59:24 PM okhttp3.mockwebserver.MockWebServer$4 processOneRequest
INFO: MockWebServer[60029] received request: GET /methods/get HTTP/1.1 and responded: HTTP/1.1 200 OK
May 29, 2020 1:59:24 PM okhttp3.mockwebserver.MockWebServer$4 processOneRequest
INFO: MockWebServer[60029] received request: HEAD /methods/head HTTP/1.1 and responded: HTTP/1.1 200 OK
May 29, 2020 1:59:24 PM okhttp3.mockwebserver.MockWebServer$4 processOneRequest
INFO: MockWebServer[60029] received request: POST /methods/post HTTP/1.1 and responded: HTTP/1.1 200 OK
May 29, 2020 1:59:24 PM okhttp3.mockwebserver.MockWebServer$4 processOneRequest
INFO: MockWebServer[60029] received request: PUT /methods/put HTTP/1.1 and responded: HTTP/1.1 200 OK
May 29, 2020 1:59:24 PM okhttp3.mockwebserver.MockWebServer$4 processOneRequest
INFO: MockWebServer[60029] received request: OPTIONS /methods/options HTTP/1.1 and responded: HTTP/1.1 200 OK
May 29, 2020 1:59:24 PM okhttp3.mockwebserver.MockWebServer$4 processOneRequest
INFO: MockWebServer[60029] received request: DELETE /methods/delete HTTP/1.1 and responded: HTTP/1.1 200 OK
May 29, 2020 1:59:24 PM okhttp3.mockwebserver.MockWebServer$4 processOneRequest
INFO: MockWebServer[60029] received request: PATCH /methods/patch HTTP/1.1 and responded: HTTP/1.1 200 OK
May 29, 2020 1:59:24 PM okhttp3.mockwebserver.MockWebServer$3 acceptConnections
INFO: MockWebServer[60029] done accepting connections: Socket closed
]]></system-err>
</testsuite>
