<?xml version="1.0" encoding="UTF-8"?>
<testsuite name="org.springframework.remoting.httpinvoker.HttpInvokerFactoryBeanIntegrationTests" tests="3" skipped="0" failures="0" errors="0" timestamp="2020-05-29T13:59:57" hostname="bamboo-18" time="0.709">
  <properties/>
  <testcase name="testLoadedConfigClass()" classname="org.springframework.remoting.httpinvoker.HttpInvokerFactoryBeanIntegrationTests" time="0.632"/>
  <testcase name="testNonLoadedConfigClass()" classname="org.springframework.remoting.httpinvoker.HttpInvokerFactoryBeanIntegrationTests" time="0.063"/>
  <testcase name="withConfigurationClassWithPlainFactoryBean()" classname="org.springframework.remoting.httpinvoker.HttpInvokerFactoryBeanIntegrationTests" time="0.013"/>
  <system-out><![CDATA[]]></system-out>
  <system-err><![CDATA[]]></system-err>
</testsuite>
