<?xml version="1.0" encoding="UTF-8"?>
<testsuite name="org.springframework.web.cors.reactive.CorsUtilsTests" tests="7" skipped="0" failures="0" errors="0" timestamp="2021-06-20T08:11:34" hostname="gankangdembp" time="0.021">
  <properties/>
  <testcase name="isCorsRequest()" classname="org.springframework.web.cors.reactive.CorsUtilsTests" time="0.002"/>
  <testcase name="isSameOriginWithDifferentSchemes()" classname="org.springframework.web.cors.reactive.CorsUtilsTests" time="0.001"/>
  <testcase name="isNotCorsRequest()" classname="org.springframework.web.cors.reactive.CorsUtilsTests" time="0.001"/>
  <testcase name="isNotPreFlightRequest()" classname="org.springframework.web.cors.reactive.CorsUtilsTests" time="0.001"/>
  <testcase name="isSameOriginWithForwardedHeader()" classname="org.springframework.web.cors.reactive.CorsUtilsTests" time="0.008"/>
  <testcase name="isSameOriginWithXForwardedHeaders()" classname="org.springframework.web.cors.reactive.CorsUtilsTests" time="0.006"/>
  <testcase name="isPreFlightRequest()" classname="org.springframework.web.cors.reactive.CorsUtilsTests" time="0.001"/>
  <system-out><![CDATA[]]></system-out>
  <system-err><![CDATA[]]></system-err>
</testsuite>
