<?xml version="1.0" encoding="UTF-8"?>
<testsuite name="org.springframework.http.codec.ServerSentEventHttpMessageWriterTests" tests="48" skipped="0" failures="0" errors="0" timestamp="2021-06-20T08:12:04" hostname="gankangdembp" time="0.74">
  <properties/>
  <testcase name="writeServerSentEvent(String, DataBufferFactory)[1]" classname="org.springframework.http.codec.ServerSentEventHttpMessageWriterTests" time="0.004"/>
  <testcase name="writeServerSentEvent(String, DataBufferFactory)[2]" classname="org.springframework.http.codec.ServerSentEventHttpMessageWriterTests" time="0.002"/>
  <testcase name="writeServerSentEvent(String, DataBufferFactory)[3]" classname="org.springframework.http.codec.ServerSentEventHttpMessageWriterTests" time="0.002"/>
  <testcase name="writeServerSentEvent(String, DataBufferFactory)[4]" classname="org.springframework.http.codec.ServerSentEventHttpMessageWriterTests" time="0.037"/>
  <testcase name="writeServerSentEvent(String, DataBufferFactory)[5]" classname="org.springframework.http.codec.ServerSentEventHttpMessageWriterTests" time="0.001"/>
  <testcase name="writeServerSentEvent(String, DataBufferFactory)[6]" classname="org.springframework.http.codec.ServerSentEventHttpMessageWriterTests" time="0.001"/>
  <testcase name="writeStringWithCustomCharset(String, DataBufferFactory)[1]" classname="org.springframework.http.codec.ServerSentEventHttpMessageWriterTests" time="0.002"/>
  <testcase name="writeStringWithCustomCharset(String, DataBufferFactory)[2]" classname="org.springframework.http.codec.ServerSentEventHttpMessageWriterTests" time="0.001"/>
  <testcase name="writeStringWithCustomCharset(String, DataBufferFactory)[3]" classname="org.springframework.http.codec.ServerSentEventHttpMessageWriterTests" time="0.002"/>
  <testcase name="writeStringWithCustomCharset(String, DataBufferFactory)[4]" classname="org.springframework.http.codec.ServerSentEventHttpMessageWriterTests" time="0.001"/>
  <testcase name="writeStringWithCustomCharset(String, DataBufferFactory)[5]" classname="org.springframework.http.codec.ServerSentEventHttpMessageWriterTests" time="0.005"/>
  <testcase name="writeStringWithCustomCharset(String, DataBufferFactory)[6]" classname="org.springframework.http.codec.ServerSentEventHttpMessageWriterTests" time="0.001"/>
  <testcase name="writePojo(String, DataBufferFactory)[1]" classname="org.springframework.http.codec.ServerSentEventHttpMessageWriterTests" time="0.033"/>
  <testcase name="writePojo(String, DataBufferFactory)[2]" classname="org.springframework.http.codec.ServerSentEventHttpMessageWriterTests" time="0.004"/>
  <testcase name="writePojo(String, DataBufferFactory)[3]" classname="org.springframework.http.codec.ServerSentEventHttpMessageWriterTests" time="0.005"/>
  <testcase name="writePojo(String, DataBufferFactory)[4]" classname="org.springframework.http.codec.ServerSentEventHttpMessageWriterTests" time="0.132"/>
  <testcase name="writePojo(String, DataBufferFactory)[5]" classname="org.springframework.http.codec.ServerSentEventHttpMessageWriterTests" time="0.005"/>
  <testcase name="writePojo(String, DataBufferFactory)[6]" classname="org.springframework.http.codec.ServerSentEventHttpMessageWriterTests" time="0.002"/>
  <testcase name="writePojoWithCustomEncoding(String, DataBufferFactory)[1]" classname="org.springframework.http.codec.ServerSentEventHttpMessageWriterTests" time="0.129"/>
  <testcase name="writePojoWithCustomEncoding(String, DataBufferFactory)[2]" classname="org.springframework.http.codec.ServerSentEventHttpMessageWriterTests" time="0.003"/>
  <testcase name="writePojoWithCustomEncoding(String, DataBufferFactory)[3]" classname="org.springframework.http.codec.ServerSentEventHttpMessageWriterTests" time="0.004"/>
  <testcase name="writePojoWithCustomEncoding(String, DataBufferFactory)[4]" classname="org.springframework.http.codec.ServerSentEventHttpMessageWriterTests" time="0.003"/>
  <testcase name="writePojoWithCustomEncoding(String, DataBufferFactory)[5]" classname="org.springframework.http.codec.ServerSentEventHttpMessageWriterTests" time="0.003"/>
  <testcase name="writePojoWithCustomEncoding(String, DataBufferFactory)[6]" classname="org.springframework.http.codec.ServerSentEventHttpMessageWriterTests" time="0.002"/>
  <testcase name="canWrite(String, DataBufferFactory)[1]" classname="org.springframework.http.codec.ServerSentEventHttpMessageWriterTests" time="0.042"/>
  <testcase name="canWrite(String, DataBufferFactory)[2]" classname="org.springframework.http.codec.ServerSentEventHttpMessageWriterTests" time="0.0"/>
  <testcase name="canWrite(String, DataBufferFactory)[3]" classname="org.springframework.http.codec.ServerSentEventHttpMessageWriterTests" time="0.0"/>
  <testcase name="canWrite(String, DataBufferFactory)[4]" classname="org.springframework.http.codec.ServerSentEventHttpMessageWriterTests" time="0.0"/>
  <testcase name="canWrite(String, DataBufferFactory)[5]" classname="org.springframework.http.codec.ServerSentEventHttpMessageWriterTests" time="0.0"/>
  <testcase name="canWrite(String, DataBufferFactory)[6]" classname="org.springframework.http.codec.ServerSentEventHttpMessageWriterTests" time="0.0"/>
  <testcase name="writePojoWithPrettyPrint(String, DataBufferFactory)[1]" classname="org.springframework.http.codec.ServerSentEventHttpMessageWriterTests" time="0.004"/>
  <testcase name="writePojoWithPrettyPrint(String, DataBufferFactory)[2]" classname="org.springframework.http.codec.ServerSentEventHttpMessageWriterTests" time="0.004"/>
  <testcase name="writePojoWithPrettyPrint(String, DataBufferFactory)[3]" classname="org.springframework.http.codec.ServerSentEventHttpMessageWriterTests" time="0.046"/>
  <testcase name="writePojoWithPrettyPrint(String, DataBufferFactory)[4]" classname="org.springframework.http.codec.ServerSentEventHttpMessageWriterTests" time="0.005"/>
  <testcase name="writePojoWithPrettyPrint(String, DataBufferFactory)[5]" classname="org.springframework.http.codec.ServerSentEventHttpMessageWriterTests" time="0.003"/>
  <testcase name="writePojoWithPrettyPrint(String, DataBufferFactory)[6]" classname="org.springframework.http.codec.ServerSentEventHttpMessageWriterTests" time="0.004"/>
  <testcase name="writeMultiLineString(String, DataBufferFactory)[1]" classname="org.springframework.http.codec.ServerSentEventHttpMessageWriterTests" time="0.002"/>
  <testcase name="writeMultiLineString(String, DataBufferFactory)[2]" classname="org.springframework.http.codec.ServerSentEventHttpMessageWriterTests" time="0.001"/>
  <testcase name="writeMultiLineString(String, DataBufferFactory)[3]" classname="org.springframework.http.codec.ServerSentEventHttpMessageWriterTests" time="0.003"/>
  <testcase name="writeMultiLineString(String, DataBufferFactory)[4]" classname="org.springframework.http.codec.ServerSentEventHttpMessageWriterTests" time="0.001"/>
  <testcase name="writeMultiLineString(String, DataBufferFactory)[5]" classname="org.springframework.http.codec.ServerSentEventHttpMessageWriterTests" time="0.001"/>
  <testcase name="writeMultiLineString(String, DataBufferFactory)[6]" classname="org.springframework.http.codec.ServerSentEventHttpMessageWriterTests" time="0.001"/>
  <testcase name="writeString(String, DataBufferFactory)[1]" classname="org.springframework.http.codec.ServerSentEventHttpMessageWriterTests" time="0.001"/>
  <testcase name="writeString(String, DataBufferFactory)[2]" classname="org.springframework.http.codec.ServerSentEventHttpMessageWriterTests" time="0.002"/>
  <testcase name="writeString(String, DataBufferFactory)[3]" classname="org.springframework.http.codec.ServerSentEventHttpMessageWriterTests" time="0.003"/>
  <testcase name="writeString(String, DataBufferFactory)[4]" classname="org.springframework.http.codec.ServerSentEventHttpMessageWriterTests" time="0.001"/>
  <testcase name="writeString(String, DataBufferFactory)[5]" classname="org.springframework.http.codec.ServerSentEventHttpMessageWriterTests" time="0.001"/>
  <testcase name="writeString(String, DataBufferFactory)[6]" classname="org.springframework.http.codec.ServerSentEventHttpMessageWriterTests" time="0.032"/>
  <system-out><![CDATA[]]></system-out>
  <system-err><![CDATA[]]></system-err>
</testsuite>
