<?xml version="1.0" encoding="UTF-8"?>
<testsuite name="org.springframework.http.server.reactive.HttpHeadResponseDecoratorTests" tests="3" skipped="0" failures="0" errors="0" timestamp="2021-06-20T08:12:27" hostname="gankangdembp" time="0.007">
  <properties/>
  <testcase name="writeWithGivenContentLength()" classname="org.springframework.http.server.reactive.HttpHeadResponseDecoratorTests" time="0.001"/>
  <testcase name="writeWithGivenTransferEncoding()" classname="org.springframework.http.server.reactive.HttpHeadResponseDecoratorTests" time="0.002"/>
  <testcase name="write()" classname="org.springframework.http.server.reactive.HttpHeadResponseDecoratorTests" time="0.004"/>
  <system-out><![CDATA[]]></system-out>
  <system-err><![CDATA[]]></system-err>
</testsuite>
