<?xml version="1.0" encoding="UTF-8"?>
<testsuite name="org.springframework.http.server.reactive.WriteOnlyHandlerIntegrationTests" tests="4" skipped="0" failures="0" errors="0" timestamp="2021-06-20T08:12:27" hostname="gankangdembp" time="0.209">
  <properties/>
  <testcase name="writeOnly(HttpServer)[1]" classname="org.springframework.http.server.reactive.WriteOnlyHandlerIntegrationTests" time="0.038"/>
  <testcase name="writeOnly(HttpServer)[2]" classname="org.springframework.http.server.reactive.WriteOnlyHandlerIntegrationTests" time="0.017"/>
  <testcase name="writeOnly(HttpServer)[3]" classname="org.springframework.http.server.reactive.WriteOnlyHandlerIntegrationTests" time="0.129"/>
  <testcase name="writeOnly(HttpServer)[4]" classname="org.springframework.http.server.reactive.WriteOnlyHandlerIntegrationTests" time="0.023"/>
  <system-out><![CDATA[]]></system-out>
  <system-err><![CDATA[Jun 20, 2021 4:12:28 PM org.apache.catalina.core.StandardService startInternal
INFO: Starting service [Tomcat]
Jun 20, 2021 4:12:28 PM org.apache.catalina.core.StandardEngine startInternal
INFO: Starting Servlet engine: [Apache Tomcat/9.0.37]
Jun 20, 2021 4:12:28 PM org.apache.coyote.AbstractProtocol init
INFO: Initializing ProtocolHandler ["http-nio-auto-8"]
Jun 20, 2021 4:12:28 PM org.apache.coyote.AbstractProtocol start
INFO: Starting ProtocolHandler ["http-nio-auto-8-56333"]
Jun 20, 2021 4:12:28 PM org.apache.coyote.AbstractProtocol pause
INFO: Pausing ProtocolHandler ["http-nio-auto-8-56333"]
Jun 20, 2021 4:12:28 PM org.apache.catalina.core.StandardService stopInternal
INFO: Stopping service [Tomcat]
Jun 20, 2021 4:12:28 PM org.apache.coyote.AbstractProtocol stop
INFO: Stopping ProtocolHandler ["http-nio-auto-8-56333"]
Jun 20, 2021 4:12:28 PM org.apache.coyote.AbstractProtocol destroy
INFO: Destroying ProtocolHandler ["http-nio-auto-8-56333"]
]]></system-err>
</testsuite>
