<?xml version="1.0" encoding="UTF-8"?>
<testsuite name="org.springframework.http.codec.protobuf.ProtobufEncoderTests" tests="3" skipped="0" failures="0" errors="0" timestamp="2020-05-29T13:59:40" hostname="bamboo-18" time="0.008">
  <properties/>
  <testcase name="encode()" classname="org.springframework.http.codec.protobuf.ProtobufEncoderTests" time="0.003"/>
  <testcase name="encodeStream()" classname="org.springframework.http.codec.protobuf.ProtobufEncoderTests" time="0.004"/>
  <testcase name="canEncode()" classname="org.springframework.http.codec.protobuf.ProtobufEncoderTests" time="0.0"/>
  <system-out><![CDATA[]]></system-out>
  <system-err><![CDATA[]]></system-err>
</testsuite>
