<?xml version="1.0" encoding="UTF-8"?>
<testsuite name="org.springframework.http.codec.ResourceHttpMessageWriterTests" tests="5" skipped="0" failures="0" errors="0" timestamp="2021-06-20T08:12:00" hostname="gankangdembp" time="0.09">
  <properties/>
  <testcase name="writeSingleRegion()" classname="org.springframework.http.codec.ResourceHttpMessageWriterTests" time="0.032"/>
  <testcase name="writeMultipleRegions()" classname="org.springframework.http.codec.ResourceHttpMessageWriterTests" time="0.052"/>
  <testcase name="invalidRange()" classname="org.springframework.http.codec.ResourceHttpMessageWriterTests" time="0.001"/>
  <testcase name="getWritableMediaTypes()" classname="org.springframework.http.codec.ResourceHttpMessageWriterTests" time="0.0"/>
  <testcase name="writeResource()" classname="org.springframework.http.codec.ResourceHttpMessageWriterTests" time="0.002"/>
  <system-out><![CDATA[]]></system-out>
  <system-err><![CDATA[]]></system-err>
</testsuite>
