<?xml version="1.0" encoding="UTF-8"?>
<testsuite name="org.springframework.http.client.StreamingHttpComponentsClientHttpRequestFactoryTests" tests="6" skipped="0" failures="0" errors="0" timestamp="2020-05-29T13:59:24" hostname="bamboo-18" time="0.447">
  <properties/>
  <testcase name="headersAfterExecute()" classname="org.springframework.http.client.StreamingHttpComponentsClientHttpRequestFactoryTests" time="0.253"/>
  <testcase name="status()" classname="org.springframework.http.client.StreamingHttpComponentsClientHttpRequestFactoryTests" time="0.119"/>
  <testcase name="echo()" classname="org.springframework.http.client.StreamingHttpComponentsClientHttpRequestFactoryTests" time="0.022"/>
  <testcase name="multipleWrites()" classname="org.springframework.http.client.StreamingHttpComponentsClientHttpRequestFactoryTests" time="0.019"/>
  <testcase name="queryParameters()" classname="org.springframework.http.client.StreamingHttpComponentsClientHttpRequestFactoryTests" time="0.016"/>
  <testcase name="httpMethods()" classname="org.springframework.http.client.StreamingHttpComponentsClientHttpRequestFactoryTests" time="0.015"/>
  <system-out><![CDATA[]]></system-out>
  <system-err><![CDATA[May 29, 2020 1:59:24 PM okhttp3.mockwebserver.MockWebServer$3 execute
INFO: MockWebServer[58097] starting to accept connections
May 29, 2020 1:59:25 PM okhttp3.mockwebserver.MockWebServer$3 acceptConnections
INFO: MockWebServer[58097] done accepting connections: Socket closed
May 29, 2020 1:59:25 PM okhttp3.mockwebserver.MockWebServer$3 execute
INFO: MockWebServer[45487] starting to accept connections
May 29, 2020 1:59:25 PM okhttp3.mockwebserver.MockWebServer$4 processOneRequest
INFO: MockWebServer[45487] received request: GET /status/notfound HTTP/1.1 and responded: HTTP/1.1 404 Client Error
May 29, 2020 1:59:25 PM okhttp3.mockwebserver.MockWebServer$3 acceptConnections
INFO: MockWebServer[45487] done accepting connections: Socket closed
May 29, 2020 1:59:25 PM okhttp3.mockwebserver.MockWebServer$3 execute
INFO: MockWebServer[48313] starting to accept connections
May 29, 2020 1:59:25 PM okhttp3.mockwebserver.MockWebServer$3 acceptConnections
INFO: MockWebServer[48313] done accepting connections: Socket closed
May 29, 2020 1:59:25 PM okhttp3.mockwebserver.MockWebServer$4 processOneRequest
INFO: MockWebServer[48313] received request: PUT /echo HTTP/1.1 and responded: HTTP/1.1 200 OK
May 29, 2020 1:59:25 PM okhttp3.mockwebserver.MockWebServer$3 execute
INFO: MockWebServer[40947] starting to accept connections
May 29, 2020 1:59:25 PM okhttp3.mockwebserver.MockWebServer$3 acceptConnections
INFO: MockWebServer[40947] done accepting connections: Socket closed
May 29, 2020 1:59:25 PM okhttp3.mockwebserver.MockWebServer$4 execute
INFO: MockWebServer[40947] connection from /127.0.0.1 failed: java.net.SocketException: Socket closed
May 29, 2020 1:59:25 PM okhttp3.mockwebserver.MockWebServer$3 execute
INFO: MockWebServer[50265] starting to accept connections
May 29, 2020 1:59:25 PM okhttp3.mockwebserver.MockWebServer$3 acceptConnections
INFO: MockWebServer[50265] done accepting connections: Socket closed
May 29, 2020 1:59:25 PM okhttp3.mockwebserver.MockWebServer$4 processOneRequest
INFO: MockWebServer[50265] received request: GET /params?param1=value&param2=value1&param2=value2 HTTP/1.1 and responded: HTTP/1.1 200 OK
May 29, 2020 1:59:25 PM okhttp3.mockwebserver.MockWebServer$3 execute
INFO: MockWebServer[56115] starting to accept connections
May 29, 2020 1:59:25 PM okhttp3.mockwebserver.MockWebServer$3 acceptConnections
INFO: MockWebServer[56115] done accepting connections: Socket closed
May 29, 2020 1:59:25 PM okhttp3.mockwebserver.MockWebServer$4 processOneRequest
INFO: MockWebServer[56115] received request: PATCH /methods/patch HTTP/1.1 and responded: HTTP/1.1 200 OK
]]></system-err>
</testsuite>
