<?xml version="1.0" encoding="UTF-8"?>
<testsuite name="org.springframework.web.server.session.DefaultWebSessionManagerTests" tests="4" skipped="0" failures="0" errors="0" timestamp="2020-05-29T14:00:15" hostname="bamboo-18" time="0.075">
  <properties/>
  <testcase name="existingSession()" classname="org.springframework.web.server.session.DefaultWebSessionManagerTests" time="0.058"/>
  <testcase name="multipleSessionIds()" classname="org.springframework.web.server.session.DefaultWebSessionManagerTests" time="0.006"/>
  <testcase name="getSessionSaveWhenCreatedAndStartedThenSavesAndSetsId()" classname="org.springframework.web.server.session.DefaultWebSessionManagerTests" time="0.002"/>
  <testcase name="getSessionSaveWhenCreatedAndNotStartedThenNotSaved()" classname="org.springframework.web.server.session.DefaultWebSessionManagerTests" time="0.002"/>
  <system-out><![CDATA[14:00:15.230 [Test worker] DEBUG o.s.w.s.s.DefaultWebSessionManager - Created new WebSession.
14:00:15.236 [Test worker] DEBUG o.s.w.s.s.DefaultWebSessionManager - Created new WebSession.
]]></system-out>
  <system-err><![CDATA[]]></system-err>
</testsuite>
