<?xml version="1.0" encoding="UTF-8"?>
<testsuite name="org.springframework.web.util.pattern.PathPatternParserTests" tests="20" skipped="0" failures="0" errors="0" timestamp="2020-05-29T14:00:15" hostname="bamboo-18" time="0.033">
  <properties/>
  <testcase name="partialCapturingPatterns()" classname="org.springframework.web.util.pattern.PathPatternParserTests" time="0.001"/>
  <testcase name="patternPropertyGetLengthTests()" classname="org.springframework.web.util.pattern.PathPatternParserTests" time="0.0"/>
  <testcase name="multiwildcardPattern()" classname="org.springframework.web.util.pattern.PathPatternParserTests" time="0.002"/>
  <testcase name="noEncoding()" classname="org.springframework.web.util.pattern.PathPatternParserTests" time="0.0"/>
  <testcase name="illegalCapturePatterns()" classname="org.springframework.web.util.pattern.PathPatternParserTests" time="0.003"/>
  <testcase name="badPatterns()" classname="org.springframework.web.util.pattern.PathPatternParserTests" time="0.0"/>
  <testcase name="completeCaptureWithConstraints()" classname="org.springframework.web.util.pattern.PathPatternParserTests" time="0.0"/>
  <testcase name="singleCharWildcardPatterns()" classname="org.springframework.web.util.pattern.PathPatternParserTests" time="0.002"/>
  <testcase name="captureTheRestPatterns()" classname="org.springframework.web.util.pattern.PathPatternParserTests" time="0.001"/>
  <testcase name="equalsAndHashcode()" classname="org.springframework.web.util.pattern.PathPatternParserTests" time="0.0"/>
  <testcase name="basicPatterns()" classname="org.springframework.web.util.pattern.PathPatternParserTests" time="0.0"/>
  <testcase name="completeCapturingPatterns()" classname="org.springframework.web.util.pattern.PathPatternParserTests" time="0.0"/>
  <testcase name="patternPropertyGetWildcardCountTests()" classname="org.springframework.web.util.pattern.PathPatternParserTests" time="0.0"/>
  <testcase name="compareTests()" classname="org.springframework.web.util.pattern.PathPatternParserTests" time="0.0"/>
  <testcase name="patternPropertyGetCaptureCountTests()" classname="org.springframework.web.util.pattern.PathPatternParserTests" time="0.0"/>
  <testcase name="separatorTests()" classname="org.springframework.web.util.pattern.PathPatternParserTests" time="0.0"/>
  <testcase name="regexPathElementPatterns()" classname="org.springframework.web.util.pattern.PathPatternParserTests" time="0.0"/>
  <testcase name="doubleWildcardWithinPatternNotSupported()" classname="org.springframework.web.util.pattern.PathPatternParserTests" time="0.0"/>
  <testcase name="multipleSeparatorPatterns()" classname="org.springframework.web.util.pattern.PathPatternParserTests" time="0.0"/>
  <testcase name="toStringTests()" classname="org.springframework.web.util.pattern.PathPatternParserTests" time="0.001"/>
  <system-out><![CDATA[14:00:15.873 [Test worker] WARN  o.s.w.u.p.PathPatternParser - '**' patterns are not supported in the middle of patterns and will be rejected in the future. Consider using '*' instead for matching a single path segment.
]]></system-out>
  <system-err><![CDATA[]]></system-err>
</testsuite>
