<?xml version="1.0" encoding="UTF-8"?>
<testsuite name="org.springframework.http.client.BufferedSimpleAsyncHttpRequestFactoryTests" tests="7" skipped="0" failures="0" errors="0" timestamp="2021-06-20T08:12:35" hostname="gankangdembp" time="0.154">
  <properties/>
  <testcase name="cancel()" classname="org.springframework.http.client.BufferedSimpleAsyncHttpRequestFactoryTests" time="0.032"/>
  <testcase name="headersAfterExecute()" classname="org.springframework.http.client.BufferedSimpleAsyncHttpRequestFactoryTests" time="0.018"/>
  <testcase name="status()" classname="org.springframework.http.client.BufferedSimpleAsyncHttpRequestFactoryTests" time="0.008"/>
  <testcase name="echo()" classname="org.springframework.http.client.BufferedSimpleAsyncHttpRequestFactoryTests" time="0.025"/>
  <testcase name="statusCallback()" classname="org.springframework.http.client.BufferedSimpleAsyncHttpRequestFactoryTests" time="0.008"/>
  <testcase name="multipleWrites()" classname="org.springframework.http.client.BufferedSimpleAsyncHttpRequestFactoryTests" time="0.017"/>
  <testcase name="httpMethods()" classname="org.springframework.http.client.BufferedSimpleAsyncHttpRequestFactoryTests" time="0.045"/>
  <system-out><![CDATA[]]></system-out>
  <system-err><![CDATA[Jun 20, 2021 4:12:35 PM okhttp3.mockwebserver.MockWebServer$3 execute
INFO: MockWebServer[56498] starting to accept connections
Jun 20, 2021 4:12:35 PM okhttp3.mockwebserver.MockWebServer$3 acceptConnections
INFO: MockWebServer[56498] done accepting connections: Socket is closed
Jun 20, 2021 4:12:35 PM okhttp3.mockwebserver.MockWebServer$4 execute
INFO: MockWebServer[56498] connection from /127.0.0.1 failed: java.net.SocketException: Socket closed
Jun 20, 2021 4:12:35 PM okhttp3.mockwebserver.MockWebServer$3 execute
INFO: MockWebServer[56501] starting to accept connections
Jun 20, 2021 4:12:35 PM okhttp3.mockwebserver.MockWebServer$4 processOneRequest
INFO: MockWebServer[56501] received request: POST /echo HTTP/1.1 and responded: HTTP/1.1 200 OK
Jun 20, 2021 4:12:36 PM okhttp3.mockwebserver.MockWebServer$3 acceptConnections
INFO: MockWebServer[56501] done accepting connections: Socket closed
Jun 20, 2021 4:12:36 PM okhttp3.mockwebserver.MockWebServer$3 execute
INFO: MockWebServer[56503] starting to accept connections
Jun 20, 2021 4:12:36 PM okhttp3.mockwebserver.MockWebServer$4 processOneRequest
INFO: MockWebServer[56503] received request: GET /status/notfound HTTP/1.1 and responded: HTTP/1.1 404 Client Error
Jun 20, 2021 4:12:36 PM okhttp3.mockwebserver.MockWebServer$3 acceptConnections
INFO: MockWebServer[56503] done accepting connections: Socket closed
Jun 20, 2021 4:12:36 PM okhttp3.mockwebserver.MockWebServer$3 execute
INFO: MockWebServer[56505] starting to accept connections
Jun 20, 2021 4:12:36 PM okhttp3.mockwebserver.MockWebServer$4 processOneRequest
INFO: MockWebServer[56505] received request: PUT /echo HTTP/1.1 and responded: HTTP/1.1 200 OK
Jun 20, 2021 4:12:36 PM okhttp3.mockwebserver.MockWebServer$3 acceptConnections
INFO: MockWebServer[56505] done accepting connections: Socket closed
Jun 20, 2021 4:12:36 PM okhttp3.mockwebserver.MockWebServer$3 execute
INFO: MockWebServer[56507] starting to accept connections
Jun 20, 2021 4:12:36 PM okhttp3.mockwebserver.MockWebServer$4 processOneRequest
INFO: MockWebServer[56507] received request: GET /status/notfound HTTP/1.1 and responded: HTTP/1.1 404 Client Error
Jun 20, 2021 4:12:36 PM okhttp3.mockwebserver.MockWebServer$3 acceptConnections
INFO: MockWebServer[56507] done accepting connections: Socket closed
Jun 20, 2021 4:12:36 PM okhttp3.mockwebserver.MockWebServer$3 execute
INFO: MockWebServer[56509] starting to accept connections
Jun 20, 2021 4:12:36 PM okhttp3.mockwebserver.MockWebServer$4 processOneRequest
INFO: MockWebServer[56509] received request: POST /echo HTTP/1.1 and responded: HTTP/1.1 200 OK
Jun 20, 2021 4:12:36 PM okhttp3.mockwebserver.MockWebServer$3 acceptConnections
INFO: MockWebServer[56509] done accepting connections: Socket closed
Jun 20, 2021 4:12:36 PM okhttp3.mockwebserver.MockWebServer$3 execute
INFO: MockWebServer[56511] starting to accept connections
Jun 20, 2021 4:12:36 PM okhttp3.mockwebserver.MockWebServer$4 processOneRequest
INFO: MockWebServer[56511] received request: GET /methods/get HTTP/1.1 and responded: HTTP/1.1 200 OK
Jun 20, 2021 4:12:36 PM okhttp3.mockwebserver.MockWebServer$4 processOneRequest
INFO: MockWebServer[56511] received request: HEAD /methods/head HTTP/1.1 and responded: HTTP/1.1 200 OK
Jun 20, 2021 4:12:36 PM okhttp3.mockwebserver.MockWebServer$4 processOneRequest
INFO: MockWebServer[56511] received request: POST /methods/post HTTP/1.1 and responded: HTTP/1.1 200 OK
Jun 20, 2021 4:12:36 PM okhttp3.mockwebserver.MockWebServer$4 processOneRequest
INFO: MockWebServer[56511] received request: PUT /methods/put HTTP/1.1 and responded: HTTP/1.1 200 OK
Jun 20, 2021 4:12:36 PM okhttp3.mockwebserver.MockWebServer$4 processOneRequest
INFO: MockWebServer[56511] received request: OPTIONS /methods/options HTTP/1.1 and responded: HTTP/1.1 200 OK
Jun 20, 2021 4:12:36 PM okhttp3.mockwebserver.MockWebServer$4 processOneRequest
INFO: MockWebServer[56511] received request: DELETE /methods/delete HTTP/1.1 and responded: HTTP/1.1 200 OK
Jun 20, 2021 4:12:36 PM okhttp3.mockwebserver.MockWebServer$3 acceptConnections
INFO: MockWebServer[56511] done accepting connections: Socket closed
]]></system-err>
</testsuite>
