<?xml version="1.0" encoding="UTF-8"?>
<testsuite name="org.springframework.web.context.request.SessionScopeTests" tests="6" skipped="0" failures="0" errors="0" timestamp="2020-05-29T14:00:10" hostname="bamboo-18" time="0.091">
  <properties/>
  <testcase name="destructionWithSessionSerializationAndSerializableBeanPostProcessor()" classname="org.springframework.web.context.request.SessionScopeTests" time="0.025"/>
  <testcase name="destructionAtSessionTermination()" classname="org.springframework.web.context.request.SessionScopeTests" time="0.015"/>
  <testcase name="getFromScopeWithSingleAccess()" classname="org.springframework.web.context.request.SessionScopeTests" time="0.003"/>
  <testcase name="getFromScope()" classname="org.springframework.web.context.request.SessionScopeTests" time="0.003"/>
  <testcase name="destructionWithSessionSerialization()" classname="org.springframework.web.context.request.SessionScopeTests" time="0.02"/>
  <testcase name="destructionWithSessionSerializationAndBeanPostProcessor()" classname="org.springframework.web.context.request.SessionScopeTests" time="0.023"/>
  <system-out><![CDATA[]]></system-out>
  <system-err><![CDATA[]]></system-err>
</testsuite>
