<?xml version="1.0" encoding="UTF-8"?>
<testsuite name="org.springframework.web.method.annotation.ModelAttributeMethodProcessorTests" tests="15" skipped="0" failures="0" errors="0" timestamp="2021-06-20T08:11:47" hostname="gankangdembp" time="0.272">
  <properties/>
  <testcase name="resolveArgumentFromModel()" classname="org.springframework.web.method.annotation.ModelAttributeMethodProcessorTests" time="0.041"/>
  <testcase name="handleNotAnnotatedReturnValue()" classname="org.springframework.web.method.annotation.ModelAttributeMethodProcessorTests" time="0.001"/>
  <testcase name="supportedParameters()" classname="org.springframework.web.method.annotation.ModelAttributeMethodProcessorTests" time="0.001"/>
  <testcase name="supportedReturnTypes()" classname="org.springframework.web.method.annotation.ModelAttributeMethodProcessorTests" time="0.0"/>
  <testcase name="resolveArgumentBindException()" classname="org.springframework.web.method.annotation.ModelAttributeMethodProcessorTests" time="0.002"/>
  <testcase name="bindExceptionRequired()" classname="org.springframework.web.method.annotation.ModelAttributeMethodProcessorTests" time="0.0"/>
  <testcase name="supportedReturnTypesInDefaultResolutionMode()" classname="org.springframework.web.method.annotation.ModelAttributeMethodProcessorTests" time="0.0"/>
  <testcase name="resolveArgumentBindingDisabledPreviously()" classname="org.springframework.web.method.annotation.ModelAttributeMethodProcessorTests" time="0.001"/>
  <testcase name="resolveArgumentOrdering()" classname="org.springframework.web.method.annotation.ModelAttributeMethodProcessorTests" time="0.028"/>
  <testcase name="handleAnnotatedReturnValue()" classname="org.springframework.web.method.annotation.ModelAttributeMethodProcessorTests" time="0.001"/>
  <testcase name="resolveConstructorListArgumentFromCommaSeparatedRequestParameter()" classname="org.springframework.web.method.annotation.ModelAttributeMethodProcessorTests" time="0.145"/>
  <testcase name="supportedParametersInDefaultResolutionMode()" classname="org.springframework.web.method.annotation.ModelAttributeMethodProcessorTests" time="0.001"/>
  <testcase name="resolveArgumentValidation()" classname="org.springframework.web.method.annotation.ModelAttributeMethodProcessorTests" time="0.001"/>
  <testcase name="resolveArgumentViaDefaultConstructor()" classname="org.springframework.web.method.annotation.ModelAttributeMethodProcessorTests" time="0.034"/>
  <testcase name="resolveArgumentBindingDisabled()" classname="org.springframework.web.method.annotation.ModelAttributeMethodProcessorTests" time="0.001"/>
  <system-out><![CDATA[]]></system-out>
  <system-err><![CDATA[]]></system-err>
</testsuite>
