<?xml version="1.0" encoding="UTF-8"?>
<testsuite name="org.springframework.http.codec.json.Jackson2TokenizerTests" tests="8" skipped="0" failures="0" errors="0" timestamp="2020-05-29T13:59:40" hostname="bamboo-18" time="0.143">
  <properties/>
  <testcase name="jsonEOFExceptionIsWrappedAsDecodingError()" classname="org.springframework.http.codec.json.Jackson2TokenizerTests" time="0.004"/>
  <testcase name="useBigDecimalForFloats(boolean)[1]" classname="org.springframework.http.codec.json.Jackson2TokenizerTests" time="0.004"/>
  <testcase name="useBigDecimalForFloats(boolean)[2]" classname="org.springframework.http.codec.json.Jackson2TokenizerTests" time="0.002"/>
  <testcase name="errorInStream()" classname="org.springframework.http.codec.json.Jackson2TokenizerTests" time="0.001"/>
  <testcase name="tokenizeArrayElements()" classname="org.springframework.http.codec.json.Jackson2TokenizerTests" time="0.079"/>
  <testcase name="testLimit()" classname="org.springframework.http.codec.json.Jackson2TokenizerTests" time="0.005"/>
  <testcase name="doNotTokenizeArrayElements()" classname="org.springframework.http.codec.json.Jackson2TokenizerTests" time="0.016"/>
  <testcase name="testLimitTokenized()" classname="org.springframework.http.codec.json.Jackson2TokenizerTests" time="0.018"/>
  <system-out><![CDATA[]]></system-out>
  <system-err><![CDATA[]]></system-err>
</testsuite>
