<?xml version="1.0" encoding="UTF-8"?>
<testsuite name="org.springframework.http.client.OkHttp3ClientHttpRequestFactoryTests" tests="6" skipped="0" failures="0" errors="0" timestamp="2021-06-20T08:12:43" hostname="gankangdembp" time="0.06">
  <properties/>
  <testcase name="headersAfterExecute()" classname="org.springframework.http.client.OkHttp3ClientHttpRequestFactoryTests" time="0.006"/>
  <testcase name="status()" classname="org.springframework.http.client.OkHttp3ClientHttpRequestFactoryTests" time="0.006"/>
  <testcase name="echo()" classname="org.springframework.http.client.OkHttp3ClientHttpRequestFactoryTests" time="0.007"/>
  <testcase name="multipleWrites()" classname="org.springframework.http.client.OkHttp3ClientHttpRequestFactoryTests" time="0.006"/>
  <testcase name="queryParameters()" classname="org.springframework.http.client.OkHttp3ClientHttpRequestFactoryTests" time="0.006"/>
  <testcase name="httpMethods()" classname="org.springframework.http.client.OkHttp3ClientHttpRequestFactoryTests" time="0.028"/>
  <system-out><![CDATA[]]></system-out>
  <system-err><![CDATA[Jun 20, 2021 4:12:43 PM okhttp3.mockwebserver.MockWebServer$3 execute
INFO: MockWebServer[56712] starting to accept connections
Jun 20, 2021 4:12:43 PM okhttp3.mockwebserver.MockWebServer$4 processOneRequest
INFO: MockWebServer[56712] received request: POST /status/ok HTTP/1.1 and responded: HTTP/1.1 200 OK
Jun 20, 2021 4:12:43 PM okhttp3.mockwebserver.MockWebServer$3 acceptConnections
INFO: MockWebServer[56712] done accepting connections: Socket closed
Jun 20, 2021 4:12:43 PM okhttp3.mockwebserver.MockWebServer$3 execute
INFO: MockWebServer[56714] starting to accept connections
Jun 20, 2021 4:12:43 PM okhttp3.mockwebserver.MockWebServer$4 processOneRequest
INFO: MockWebServer[56714] received request: GET /status/notfound HTTP/1.1 and responded: HTTP/1.1 404 Client Error
Jun 20, 2021 4:12:43 PM okhttp3.mockwebserver.MockWebServer$3 acceptConnections
INFO: MockWebServer[56714] done accepting connections: Socket closed
Jun 20, 2021 4:12:43 PM okhttp3.mockwebserver.MockWebServer$3 execute
INFO: MockWebServer[56716] starting to accept connections
Jun 20, 2021 4:12:43 PM okhttp3.mockwebserver.MockWebServer$4 processOneRequest
INFO: MockWebServer[56716] received request: PUT /echo HTTP/1.1 and responded: HTTP/1.1 200 OK
Jun 20, 2021 4:12:43 PM okhttp3.mockwebserver.MockWebServer$3 acceptConnections
INFO: MockWebServer[56716] done accepting connections: Socket closed
Jun 20, 2021 4:12:43 PM okhttp3.mockwebserver.MockWebServer$3 execute
INFO: MockWebServer[56718] starting to accept connections
Jun 20, 2021 4:12:43 PM okhttp3.mockwebserver.MockWebServer$4 processOneRequest
INFO: MockWebServer[56718] received request: POST /echo HTTP/1.1 and responded: HTTP/1.1 200 OK
Jun 20, 2021 4:12:43 PM okhttp3.mockwebserver.MockWebServer$3 acceptConnections
INFO: MockWebServer[56718] done accepting connections: Socket closed
Jun 20, 2021 4:12:43 PM okhttp3.mockwebserver.MockWebServer$3 execute
INFO: MockWebServer[56720] starting to accept connections
Jun 20, 2021 4:12:43 PM okhttp3.mockwebserver.MockWebServer$4 processOneRequest
INFO: MockWebServer[56720] received request: GET /params?param1=value&param2=value1&param2=value2 HTTP/1.1 and responded: HTTP/1.1 200 OK
Jun 20, 2021 4:12:43 PM okhttp3.mockwebserver.MockWebServer$3 acceptConnections
INFO: MockWebServer[56720] done accepting connections: Socket closed
Jun 20, 2021 4:12:43 PM okhttp3.mockwebserver.MockWebServer$3 execute
INFO: MockWebServer[56722] starting to accept connections
Jun 20, 2021 4:12:43 PM okhttp3.mockwebserver.MockWebServer$4 processOneRequest
INFO: MockWebServer[56722] received request: GET /methods/get HTTP/1.1 and responded: HTTP/1.1 200 OK
Jun 20, 2021 4:12:43 PM okhttp3.mockwebserver.MockWebServer$4 processOneRequest
INFO: MockWebServer[56722] received request: HEAD /methods/head HTTP/1.1 and responded: HTTP/1.1 200 OK
Jun 20, 2021 4:12:43 PM okhttp3.mockwebserver.MockWebServer$4 processOneRequest
INFO: MockWebServer[56722] received request: POST /methods/post HTTP/1.1 and responded: HTTP/1.1 200 OK
Jun 20, 2021 4:12:43 PM okhttp3.mockwebserver.MockWebServer$4 processOneRequest
INFO: MockWebServer[56722] received request: PUT /methods/put HTTP/1.1 and responded: HTTP/1.1 200 OK
Jun 20, 2021 4:12:43 PM okhttp3.mockwebserver.MockWebServer$4 processOneRequest
INFO: MockWebServer[56722] received request: OPTIONS /methods/options HTTP/1.1 and responded: HTTP/1.1 200 OK
Jun 20, 2021 4:12:43 PM okhttp3.mockwebserver.MockWebServer$4 processOneRequest
INFO: MockWebServer[56722] received request: DELETE /methods/delete HTTP/1.1 and responded: HTTP/1.1 200 OK
Jun 20, 2021 4:12:43 PM okhttp3.mockwebserver.MockWebServer$4 processOneRequest
INFO: MockWebServer[56722] received request: PATCH /methods/patch HTTP/1.1 and responded: HTTP/1.1 200 OK
Jun 20, 2021 4:12:43 PM okhttp3.mockwebserver.MockWebServer$3 acceptConnections
INFO: MockWebServer[56722] done accepting connections: Socket closed
]]></system-err>
</testsuite>
