<?xml version="1.0" encoding="UTF-8"?>
<testsuite name="org.springframework.web.client.AsyncRestTemplateIntegrationTests" tests="42" skipped="0" failures="0" errors="0" timestamp="2021-06-20T08:11:42" hostname="gankangdembp" time="1.008">
  <properties/>
  <testcase name="postForEntityCallbackWithLambdas()" classname="org.springframework.web.client.AsyncRestTemplateIntegrationTests" time="0.127"/>
  <testcase name="exchangeGet()" classname="org.springframework.web.client.AsyncRestTemplateIntegrationTests" time="0.01"/>
  <testcase name="postForLocationCallback()" classname="org.springframework.web.client.AsyncRestTemplateIntegrationTests" time="0.008"/>
  <testcase name="headForHeadersCallbackWithLambdas()" classname="org.springframework.web.client.AsyncRestTemplateIntegrationTests" time="0.013"/>
  <testcase name="delete()" classname="org.springframework.web.client.AsyncRestTemplateIntegrationTests" time="0.035"/>
  <testcase name="notFoundCallback()" classname="org.springframework.web.client.AsyncRestTemplateIntegrationTests" time="0.011"/>
  <testcase name="getEntityCallbackWithLambdas()" classname="org.springframework.web.client.AsyncRestTemplateIntegrationTests" time="0.021"/>
  <testcase name="getNoContentTypeHeader()" classname="org.springframework.web.client.AsyncRestTemplateIntegrationTests" time="0.007"/>
  <testcase name="headForHeadersCallback()" classname="org.springframework.web.client.AsyncRestTemplateIntegrationTests" time="0.015"/>
  <testcase name="getNotModified()" classname="org.springframework.web.client.AsyncRestTemplateIntegrationTests" time="0.007"/>
  <testcase name="serverErrorCallback()" classname="org.springframework.web.client.AsyncRestTemplateIntegrationTests" time="0.013"/>
  <testcase name="serverError()" classname="org.springframework.web.client.AsyncRestTemplateIntegrationTests" time="0.008"/>
  <testcase name="serverErrorCallbackWithLambdas()" classname="org.springframework.web.client.AsyncRestTemplateIntegrationTests" time="0.011"/>
  <testcase name="getEntityCallback()" classname="org.springframework.web.client.AsyncRestTemplateIntegrationTests" time="0.022"/>
  <testcase name="headForHeaders()" classname="org.springframework.web.client.AsyncRestTemplateIntegrationTests" time="0.006"/>
  <testcase name="getEntityFromCompletable()" classname="org.springframework.web.client.AsyncRestTemplateIntegrationTests" time="0.009"/>
  <testcase name="postForEntity()" classname="org.springframework.web.client.AsyncRestTemplateIntegrationTests" time="0.008"/>
  <testcase name="exchangeGetCallbackWithLambdas()" classname="org.springframework.web.client.AsyncRestTemplateIntegrationTests" time="0.013"/>
  <testcase name="putCallback()" classname="org.springframework.web.client.AsyncRestTemplateIntegrationTests" time="0.011"/>
  <testcase name="postForEntityCallback()" classname="org.springframework.web.client.AsyncRestTemplateIntegrationTests" time="0.01"/>
  <testcase name="postForLocation()" classname="org.springframework.web.client.AsyncRestTemplateIntegrationTests" time="0.028"/>
  <testcase name="postForLocationCallbackWithLambdas()" classname="org.springframework.web.client.AsyncRestTemplateIntegrationTests" time="0.01"/>
  <testcase name="put()" classname="org.springframework.web.client.AsyncRestTemplateIntegrationTests" time="0.007"/>
  <testcase name="multipleFutureGets()" classname="org.springframework.web.client.AsyncRestTemplateIntegrationTests" time="0.008"/>
  <testcase name="deleteCallbackWithLambdas()" classname="org.springframework.web.client.AsyncRestTemplateIntegrationTests" time="0.01"/>
  <testcase name="exchangeGetCallback()" classname="org.springframework.web.client.AsyncRestTemplateIntegrationTests" time="0.01"/>
  <testcase name="optionsForAllowCallbackWithLambdas()" classname="org.springframework.web.client.AsyncRestTemplateIntegrationTests" time="0.015"/>
  <testcase name="getAndInterceptError()" classname="org.springframework.web.client.AsyncRestTemplateIntegrationTests" time="0.023"/>
  <testcase name="getEntity()" classname="org.springframework.web.client.AsyncRestTemplateIntegrationTests" time="0.008"/>
  <testcase name="exchangePostCallbackWithLambdas()" classname="org.springframework.web.client.AsyncRestTemplateIntegrationTests" time="0.012"/>
  <testcase name="getNoResponse()" classname="org.springframework.web.client.AsyncRestTemplateIntegrationTests" time="0.007"/>
  <testcase name="notFoundGet()" classname="org.springframework.web.client.AsyncRestTemplateIntegrationTests" time="0.008"/>
  <testcase name="optionsForAllow()" classname="org.springframework.web.client.AsyncRestTemplateIntegrationTests" time="0.015"/>
  <testcase name="optionsForAllowCallback()" classname="org.springframework.web.client.AsyncRestTemplateIntegrationTests" time="0.012"/>
  <testcase name="notFoundCallbackWithLambdas()" classname="org.springframework.web.client.AsyncRestTemplateIntegrationTests" time="0.008"/>
  <testcase name="getAndInterceptResponse()" classname="org.springframework.web.client.AsyncRestTemplateIntegrationTests" time="0.007"/>
  <testcase name="identicalExceptionThroughGetAndCallback()" classname="org.springframework.web.client.AsyncRestTemplateIntegrationTests" time="0.011"/>
  <testcase name="exchangePost()" classname="org.springframework.web.client.AsyncRestTemplateIntegrationTests" time="0.008"/>
  <testcase name="getNoContent()" classname="org.springframework.web.client.AsyncRestTemplateIntegrationTests" time="0.055"/>
  <testcase name="multipartFormData()" classname="org.springframework.web.client.AsyncRestTemplateIntegrationTests" time="0.007"/>
  <testcase name="deleteCallback()" classname="org.springframework.web.client.AsyncRestTemplateIntegrationTests" time="0.01"/>
  <testcase name="exchangePostCallback()" classname="org.springframework.web.client.AsyncRestTemplateIntegrationTests" time="0.012"/>
  <system-out><![CDATA[16:11:42.289 [I/O dispatcher 61] WARN  o.s.w.c.AsyncRestTemplate - Async GET request for "http://localhost:55320/status/notfound" resulted in 404 (Client Error); invoking error handler
16:11:42.378 [I/O dispatcher 121] WARN  o.s.w.c.AsyncRestTemplate - Async GET request for "http://localhost:55334/status/server" resulted in 500 (Server Error); invoking error handler
16:11:42.397 [Test worker] WARN  o.s.w.c.AsyncRestTemplate - Async GET request for "http://localhost:55336/status/server" resulted in 500 (Server Error); invoking error handler
16:11:42.409 [I/O dispatcher 145] WARN  o.s.w.c.AsyncRestTemplate - Async GET request for "http://localhost:55338/status/server" resulted in 500 (Server Error); invoking error handler
16:11:42.796 [Test worker] WARN  o.s.w.c.AsyncRestTemplate - Async GET request for "http://localhost:55383/status/notfound" resulted in 404 (Client Error); invoking error handler
16:11:42.871 [Test worker] WARN  o.s.w.c.AsyncRestTemplate - Async GET request for "http://localhost:55389/status/notfound" resulted in 404 (Client Error); invoking error handler
16:11:42.896 [I/O dispatcher 433] WARN  o.s.w.c.AsyncRestTemplate - Async GET request for "http://localhost:55393/status/notfound" resulted in 404 (Client Error); invoking error handler
]]></system-out>
  <system-err><![CDATA[Jun 20, 2021 4:11:42 PM okhttp3.mockwebserver.MockWebServer$3 execute
INFO: MockWebServer[55308] starting to accept connections
Jun 20, 2021 4:11:42 PM okhttp3.mockwebserver.MockWebServer$4 processOneRequest
INFO: MockWebServer[55308] received request: POST /post HTTP/1.1 and responded: HTTP/1.1 201 OK
Jun 20, 2021 4:11:42 PM okhttp3.mockwebserver.MockWebServer$3 acceptConnections
INFO: MockWebServer[55308] done accepting connections: Socket closed
Jun 20, 2021 4:11:42 PM okhttp3.mockwebserver.MockWebServer$3 execute
INFO: MockWebServer[55310] starting to accept connections
Jun 20, 2021 4:11:42 PM okhttp3.mockwebserver.MockWebServer$4 processOneRequest
INFO: MockWebServer[55310] received request: GET /get HTTP/1.1 and responded: HTTP/1.1 200 OK
Jun 20, 2021 4:11:42 PM okhttp3.mockwebserver.MockWebServer$3 acceptConnections
INFO: MockWebServer[55310] done accepting connections: Socket closed
Jun 20, 2021 4:11:42 PM okhttp3.mockwebserver.MockWebServer$3 execute
INFO: MockWebServer[55312] starting to accept connections
Jun 20, 2021 4:11:42 PM okhttp3.mockwebserver.MockWebServer$4 processOneRequest
INFO: MockWebServer[55312] received request: POST /post HTTP/1.1 and responded: HTTP/1.1 201 OK
Jun 20, 2021 4:11:42 PM okhttp3.mockwebserver.MockWebServer$3 acceptConnections
INFO: MockWebServer[55312] done accepting connections: Socket closed
Jun 20, 2021 4:11:42 PM okhttp3.mockwebserver.MockWebServer$3 execute
INFO: MockWebServer[55316] starting to accept connections
Jun 20, 2021 4:11:42 PM okhttp3.mockwebserver.MockWebServer$4 processOneRequest
INFO: MockWebServer[55316] received request: HEAD /get HTTP/1.1 and responded: HTTP/1.1 200 OK
Jun 20, 2021 4:11:42 PM okhttp3.mockwebserver.MockWebServer$3 acceptConnections
INFO: MockWebServer[55316] done accepting connections: Socket closed
Jun 20, 2021 4:11:42 PM okhttp3.mockwebserver.MockWebServer$3 execute
INFO: MockWebServer[55318] starting to accept connections
Jun 20, 2021 4:11:42 PM okhttp3.mockwebserver.MockWebServer$4 processOneRequest
INFO: MockWebServer[55318] received request: DELETE /delete HTTP/1.1 and responded: HTTP/1.1 200 OK
Jun 20, 2021 4:11:42 PM okhttp3.mockwebserver.MockWebServer$3 acceptConnections
INFO: MockWebServer[55318] done accepting connections: Socket closed
Jun 20, 2021 4:11:42 PM okhttp3.mockwebserver.MockWebServer$3 execute
INFO: MockWebServer[55320] starting to accept connections
Jun 20, 2021 4:11:42 PM okhttp3.mockwebserver.MockWebServer$4 processOneRequest
INFO: MockWebServer[55320] received request: GET /status/notfound HTTP/1.1 and responded: HTTP/1.1 404 Client Error
Jun 20, 2021 4:11:42 PM okhttp3.mockwebserver.MockWebServer$3 acceptConnections
INFO: MockWebServer[55320] done accepting connections: Socket closed
Jun 20, 2021 4:11:42 PM okhttp3.mockwebserver.MockWebServer$3 execute
INFO: MockWebServer[55324] starting to accept connections
Jun 20, 2021 4:11:42 PM okhttp3.mockwebserver.MockWebServer$4 processOneRequest
INFO: MockWebServer[55324] received request: GET /get HTTP/1.1 and responded: HTTP/1.1 200 OK
Jun 20, 2021 4:11:42 PM okhttp3.mockwebserver.MockWebServer$3 acceptConnections
INFO: MockWebServer[55324] done accepting connections: Socket closed
Jun 20, 2021 4:11:42 PM okhttp3.mockwebserver.MockWebServer$3 execute
INFO: MockWebServer[55326] starting to accept connections
Jun 20, 2021 4:11:42 PM okhttp3.mockwebserver.MockWebServer$4 processOneRequest
INFO: MockWebServer[55326] received request: GET /get/nocontenttype HTTP/1.1 and responded: HTTP/1.1 200 OK
Jun 20, 2021 4:11:42 PM okhttp3.mockwebserver.MockWebServer$3 acceptConnections
INFO: MockWebServer[55326] done accepting connections: Socket closed
Jun 20, 2021 4:11:42 PM okhttp3.mockwebserver.MockWebServer$3 execute
INFO: MockWebServer[55330] starting to accept connections
Jun 20, 2021 4:11:42 PM okhttp3.mockwebserver.MockWebServer$4 processOneRequest
INFO: MockWebServer[55330] received request: HEAD /get HTTP/1.1 and responded: HTTP/1.1 200 OK
Jun 20, 2021 4:11:42 PM okhttp3.mockwebserver.MockWebServer$3 acceptConnections
INFO: MockWebServer[55330] done accepting connections: Socket closed
Jun 20, 2021 4:11:42 PM okhttp3.mockwebserver.MockWebServer$3 execute
INFO: MockWebServer[55332] starting to accept connections
Jun 20, 2021 4:11:42 PM okhttp3.mockwebserver.MockWebServer$4 processOneRequest
INFO: MockWebServer[55332] received request: GET /status/notmodified HTTP/1.1 and responded: HTTP/1.1 304 Redirection
Jun 20, 2021 4:11:42 PM okhttp3.mockwebserver.MockWebServer$3 acceptConnections
INFO: MockWebServer[55332] done accepting connections: Socket closed
Jun 20, 2021 4:11:42 PM okhttp3.mockwebserver.MockWebServer$3 execute
INFO: MockWebServer[55334] starting to accept connections
Jun 20, 2021 4:11:42 PM okhttp3.mockwebserver.MockWebServer$4 processOneRequest
INFO: MockWebServer[55334] received request: GET /status/server HTTP/1.1 and responded: HTTP/1.1 500 Server Error
Jun 20, 2021 4:11:42 PM okhttp3.mockwebserver.MockWebServer$3 acceptConnections
INFO: MockWebServer[55334] done accepting connections: Socket closed
Jun 20, 2021 4:11:42 PM okhttp3.mockwebserver.MockWebServer$3 execute
INFO: MockWebServer[55336] starting to accept connections
Jun 20, 2021 4:11:42 PM okhttp3.mockwebserver.MockWebServer$4 processOneRequest
INFO: MockWebServer[55336] received request: GET /status/server HTTP/1.1 and responded: HTTP/1.1 500 Server Error
Jun 20, 2021 4:11:42 PM okhttp3.mockwebserver.MockWebServer$3 acceptConnections
INFO: MockWebServer[55336] done accepting connections: Socket closed
Jun 20, 2021 4:11:42 PM okhttp3.mockwebserver.MockWebServer$3 execute
INFO: MockWebServer[55338] starting to accept connections
Jun 20, 2021 4:11:42 PM okhttp3.mockwebserver.MockWebServer$4 processOneRequest
INFO: MockWebServer[55338] received request: GET /status/server HTTP/1.1 and responded: HTTP/1.1 500 Server Error
Jun 20, 2021 4:11:42 PM okhttp3.mockwebserver.MockWebServer$3 acceptConnections
INFO: MockWebServer[55338] done accepting connections: Socket closed
Jun 20, 2021 4:11:42 PM okhttp3.mockwebserver.MockWebServer$3 execute
INFO: MockWebServer[55340] starting to accept connections
Jun 20, 2021 4:11:42 PM okhttp3.mockwebserver.MockWebServer$4 processOneRequest
INFO: MockWebServer[55340] received request: GET /get HTTP/1.1 and responded: HTTP/1.1 200 OK
Jun 20, 2021 4:11:42 PM okhttp3.mockwebserver.MockWebServer$3 acceptConnections
INFO: MockWebServer[55340] done accepting connections: Socket closed
Jun 20, 2021 4:11:42 PM okhttp3.mockwebserver.MockWebServer$3 execute
INFO: MockWebServer[55342] starting to accept connections
Jun 20, 2021 4:11:42 PM okhttp3.mockwebserver.MockWebServer$4 processOneRequest
INFO: MockWebServer[55342] received request: HEAD /get HTTP/1.1 and responded: HTTP/1.1 200 OK
Jun 20, 2021 4:11:42 PM okhttp3.mockwebserver.MockWebServer$3 acceptConnections
INFO: MockWebServer[55342] done accepting connections: Socket closed
Jun 20, 2021 4:11:42 PM okhttp3.mockwebserver.MockWebServer$3 execute
INFO: MockWebServer[55344] starting to accept connections
Jun 20, 2021 4:11:42 PM okhttp3.mockwebserver.MockWebServer$4 processOneRequest
INFO: MockWebServer[55344] received request: GET /get HTTP/1.1 and responded: HTTP/1.1 200 OK
Jun 20, 2021 4:11:42 PM okhttp3.mockwebserver.MockWebServer$3 acceptConnections
INFO: MockWebServer[55344] done accepting connections: Socket closed
Jun 20, 2021 4:11:42 PM okhttp3.mockwebserver.MockWebServer$3 execute
INFO: MockWebServer[55346] starting to accept connections
Jun 20, 2021 4:11:42 PM okhttp3.mockwebserver.MockWebServer$4 processOneRequest
INFO: MockWebServer[55346] received request: POST /post HTTP/1.1 and responded: HTTP/1.1 201 OK
Jun 20, 2021 4:11:42 PM okhttp3.mockwebserver.MockWebServer$3 acceptConnections
INFO: MockWebServer[55346] done accepting connections: Socket closed
Jun 20, 2021 4:11:42 PM okhttp3.mockwebserver.MockWebServer$3 execute
INFO: MockWebServer[55348] starting to accept connections
Jun 20, 2021 4:11:42 PM okhttp3.mockwebserver.MockWebServer$4 processOneRequest
INFO: MockWebServer[55348] received request: GET /get HTTP/1.1 and responded: HTTP/1.1 200 OK
Jun 20, 2021 4:11:42 PM okhttp3.mockwebserver.MockWebServer$3 acceptConnections
INFO: MockWebServer[55348] done accepting connections: Socket closed
Jun 20, 2021 4:11:42 PM okhttp3.mockwebserver.MockWebServer$3 execute
INFO: MockWebServer[55350] starting to accept connections
Jun 20, 2021 4:11:42 PM okhttp3.mockwebserver.MockWebServer$4 processOneRequest
INFO: MockWebServer[55350] received request: PUT /put HTTP/1.1 and responded: HTTP/1.1 202 OK
Jun 20, 2021 4:11:42 PM okhttp3.mockwebserver.MockWebServer$3 acceptConnections
INFO: MockWebServer[55350] done accepting connections: Socket closed
Jun 20, 2021 4:11:42 PM okhttp3.mockwebserver.MockWebServer$3 execute
INFO: MockWebServer[55352] starting to accept connections
Jun 20, 2021 4:11:42 PM okhttp3.mockwebserver.MockWebServer$4 processOneRequest
INFO: MockWebServer[55352] received request: POST /post HTTP/1.1 and responded: HTTP/1.1 201 OK
Jun 20, 2021 4:11:42 PM okhttp3.mockwebserver.MockWebServer$3 acceptConnections
INFO: MockWebServer[55352] done accepting connections: Socket closed
Jun 20, 2021 4:11:42 PM okhttp3.mockwebserver.MockWebServer$3 execute
INFO: MockWebServer[55354] starting to accept connections
Jun 20, 2021 4:11:42 PM okhttp3.mockwebserver.MockWebServer$4 processOneRequest
INFO: MockWebServer[55354] received request: POST /post HTTP/1.1 and responded: HTTP/1.1 201 OK
Jun 20, 2021 4:11:42 PM okhttp3.mockwebserver.MockWebServer$3 acceptConnections
INFO: MockWebServer[55354] done accepting connections: Socket closed
Jun 20, 2021 4:11:42 PM okhttp3.mockwebserver.MockWebServer$3 execute
INFO: MockWebServer[55356] starting to accept connections
Jun 20, 2021 4:11:42 PM okhttp3.mockwebserver.MockWebServer$4 processOneRequest
INFO: MockWebServer[55356] received request: POST /post HTTP/1.1 and responded: HTTP/1.1 201 OK
Jun 20, 2021 4:11:42 PM okhttp3.mockwebserver.MockWebServer$3 acceptConnections
INFO: MockWebServer[55356] done accepting connections: Socket closed
Jun 20, 2021 4:11:42 PM okhttp3.mockwebserver.MockWebServer$3 execute
INFO: MockWebServer[55359] starting to accept connections
Jun 20, 2021 4:11:42 PM okhttp3.mockwebserver.MockWebServer$4 processOneRequest
INFO: MockWebServer[55359] received request: PUT /put HTTP/1.1 and responded: HTTP/1.1 202 OK
Jun 20, 2021 4:11:42 PM okhttp3.mockwebserver.MockWebServer$3 acceptConnections
INFO: MockWebServer[55359] done accepting connections: Socket closed
Jun 20, 2021 4:11:42 PM okhttp3.mockwebserver.MockWebServer$3 execute
INFO: MockWebServer[55361] starting to accept connections
Jun 20, 2021 4:11:42 PM okhttp3.mockwebserver.MockWebServer$4 processOneRequest
INFO: MockWebServer[55361] received request: GET /get HTTP/1.1 and responded: HTTP/1.1 200 OK
Jun 20, 2021 4:11:42 PM okhttp3.mockwebserver.MockWebServer$3 acceptConnections
INFO: MockWebServer[55361] done accepting connections: Socket closed
Jun 20, 2021 4:11:42 PM okhttp3.mockwebserver.MockWebServer$3 execute
INFO: MockWebServer[55363] starting to accept connections
Jun 20, 2021 4:11:42 PM okhttp3.mockwebserver.MockWebServer$4 processOneRequest
INFO: MockWebServer[55363] received request: DELETE /delete HTTP/1.1 and responded: HTTP/1.1 200 OK
Jun 20, 2021 4:11:42 PM okhttp3.mockwebserver.MockWebServer$3 acceptConnections
INFO: MockWebServer[55363] done accepting connections: Socket closed
Jun 20, 2021 4:11:42 PM okhttp3.mockwebserver.MockWebServer$3 execute
INFO: MockWebServer[55367] starting to accept connections
Jun 20, 2021 4:11:42 PM okhttp3.mockwebserver.MockWebServer$4 processOneRequest
INFO: MockWebServer[55367] received request: GET /get HTTP/1.1 and responded: HTTP/1.1 200 OK
Jun 20, 2021 4:11:42 PM okhttp3.mockwebserver.MockWebServer$3 acceptConnections
INFO: MockWebServer[55367] done accepting connections: Socket closed
Jun 20, 2021 4:11:42 PM okhttp3.mockwebserver.MockWebServer$3 execute
INFO: MockWebServer[55369] starting to accept connections
Jun 20, 2021 4:11:42 PM okhttp3.mockwebserver.MockWebServer$4 processOneRequest
INFO: MockWebServer[55369] received request: OPTIONS /get HTTP/1.1 and responded: HTTP/1.1 200 OK
Jun 20, 2021 4:11:42 PM okhttp3.mockwebserver.MockWebServer$3 acceptConnections
INFO: MockWebServer[55369] done accepting connections: Socket closed
Jun 20, 2021 4:11:42 PM okhttp3.mockwebserver.MockWebServer$3 execute
INFO: MockWebServer[55375] starting to accept connections
Jun 20, 2021 4:11:42 PM okhttp3.mockwebserver.MockWebServer$4 processOneRequest
INFO: MockWebServer[55375] received request: GET /status/notfound HTTP/1.1 and responded: HTTP/1.1 404 Client Error
Jun 20, 2021 4:11:42 PM okhttp3.mockwebserver.MockWebServer$3 acceptConnections
INFO: MockWebServer[55375] done accepting connections: Socket closed
Jun 20, 2021 4:11:42 PM okhttp3.mockwebserver.MockWebServer$3 execute
INFO: MockWebServer[55377] starting to accept connections
Jun 20, 2021 4:11:42 PM okhttp3.mockwebserver.MockWebServer$4 processOneRequest
INFO: MockWebServer[55377] received request: GET /get HTTP/1.1 and responded: HTTP/1.1 200 OK
Jun 20, 2021 4:11:42 PM okhttp3.mockwebserver.MockWebServer$3 acceptConnections
INFO: MockWebServer[55377] done accepting connections: Socket closed
Jun 20, 2021 4:11:42 PM okhttp3.mockwebserver.MockWebServer$3 execute
INFO: MockWebServer[55379] starting to accept connections
Jun 20, 2021 4:11:42 PM okhttp3.mockwebserver.MockWebServer$4 processOneRequest
INFO: MockWebServer[55379] received request: POST /post HTTP/1.1 and responded: HTTP/1.1 201 OK
Jun 20, 2021 4:11:42 PM okhttp3.mockwebserver.MockWebServer$3 acceptConnections
INFO: MockWebServer[55379] done accepting connections: Socket closed
Jun 20, 2021 4:11:42 PM okhttp3.mockwebserver.MockWebServer$3 execute
INFO: MockWebServer[55381] starting to accept connections
Jun 20, 2021 4:11:42 PM okhttp3.mockwebserver.MockWebServer$4 processOneRequest
INFO: MockWebServer[55381] received request: GET /get/nothing HTTP/1.1 and responded: HTTP/1.1 200 OK
Jun 20, 2021 4:11:42 PM okhttp3.mockwebserver.MockWebServer$3 acceptConnections
INFO: MockWebServer[55381] done accepting connections: Socket closed
Jun 20, 2021 4:11:42 PM okhttp3.mockwebserver.MockWebServer$3 execute
INFO: MockWebServer[55383] starting to accept connections
Jun 20, 2021 4:11:42 PM okhttp3.mockwebserver.MockWebServer$4 processOneRequest
INFO: MockWebServer[55383] received request: GET /status/notfound HTTP/1.1 and responded: HTTP/1.1 404 Client Error
Jun 20, 2021 4:11:42 PM okhttp3.mockwebserver.MockWebServer$3 acceptConnections
INFO: MockWebServer[55383] done accepting connections: Socket closed
Jun 20, 2021 4:11:42 PM okhttp3.mockwebserver.MockWebServer$3 execute
INFO: MockWebServer[55385] starting to accept connections
Jun 20, 2021 4:11:42 PM okhttp3.mockwebserver.MockWebServer$4 processOneRequest
INFO: MockWebServer[55385] received request: OPTIONS /get HTTP/1.1 and responded: HTTP/1.1 200 OK
Jun 20, 2021 4:11:42 PM okhttp3.mockwebserver.MockWebServer$3 acceptConnections
INFO: MockWebServer[55385] done accepting connections: Socket closed
Jun 20, 2021 4:11:42 PM okhttp3.mockwebserver.MockWebServer$3 execute
INFO: MockWebServer[55387] starting to accept connections
Jun 20, 2021 4:11:42 PM okhttp3.mockwebserver.MockWebServer$4 processOneRequest
INFO: MockWebServer[55387] received request: OPTIONS /get HTTP/1.1 and responded: HTTP/1.1 200 OK
Jun 20, 2021 4:11:42 PM okhttp3.mockwebserver.MockWebServer$3 acceptConnections
INFO: MockWebServer[55387] done accepting connections: Socket closed
Jun 20, 2021 4:11:42 PM okhttp3.mockwebserver.MockWebServer$3 execute
INFO: MockWebServer[55389] starting to accept connections
Jun 20, 2021 4:11:42 PM okhttp3.mockwebserver.MockWebServer$4 processOneRequest
INFO: MockWebServer[55389] received request: GET /status/notfound HTTP/1.1 and responded: HTTP/1.1 404 Client Error
Jun 20, 2021 4:11:42 PM okhttp3.mockwebserver.MockWebServer$3 acceptConnections
INFO: MockWebServer[55389] done accepting connections: Socket closed
Jun 20, 2021 4:11:42 PM okhttp3.mockwebserver.MockWebServer$3 execute
INFO: MockWebServer[55391] starting to accept connections
Jun 20, 2021 4:11:42 PM okhttp3.mockwebserver.MockWebServer$4 processOneRequest
INFO: MockWebServer[55391] received request: GET /get HTTP/1.1 and responded: HTTP/1.1 200 OK
Jun 20, 2021 4:11:42 PM okhttp3.mockwebserver.MockWebServer$3 acceptConnections
INFO: MockWebServer[55391] done accepting connections: Socket closed
Jun 20, 2021 4:11:42 PM okhttp3.mockwebserver.MockWebServer$3 execute
INFO: MockWebServer[55393] starting to accept connections
Jun 20, 2021 4:11:42 PM okhttp3.mockwebserver.MockWebServer$4 processOneRequest
INFO: MockWebServer[55393] received request: GET /status/notfound HTTP/1.1 and responded: HTTP/1.1 404 Client Error
Jun 20, 2021 4:11:42 PM okhttp3.mockwebserver.MockWebServer$3 acceptConnections
INFO: MockWebServer[55393] done accepting connections: Socket closed
Jun 20, 2021 4:11:42 PM okhttp3.mockwebserver.MockWebServer$3 execute
INFO: MockWebServer[55395] starting to accept connections
Jun 20, 2021 4:11:42 PM okhttp3.mockwebserver.MockWebServer$4 processOneRequest
INFO: MockWebServer[55395] received request: POST /post HTTP/1.1 and responded: HTTP/1.1 201 OK
Jun 20, 2021 4:11:42 PM okhttp3.mockwebserver.MockWebServer$3 acceptConnections
INFO: MockWebServer[55395] done accepting connections: Socket closed
Jun 20, 2021 4:11:42 PM okhttp3.mockwebserver.MockWebServer$3 execute
INFO: MockWebServer[55397] starting to accept connections
Jun 20, 2021 4:11:42 PM okhttp3.mockwebserver.MockWebServer$4 processOneRequest
INFO: MockWebServer[55397] received request: GET /status/nocontent HTTP/1.1 and responded: HTTP/1.1 204 OK
Jun 20, 2021 4:11:42 PM okhttp3.mockwebserver.MockWebServer$3 acceptConnections
INFO: MockWebServer[55397] done accepting connections: Socket closed
Jun 20, 2021 4:11:42 PM okhttp3.mockwebserver.MockWebServer$3 execute
INFO: MockWebServer[55399] starting to accept connections
Jun 20, 2021 4:11:42 PM okhttp3.mockwebserver.MockWebServer$4 processOneRequest
INFO: MockWebServer[55399] received request: POST /multipartFormData HTTP/1.1 and responded: HTTP/1.1 200 OK
Jun 20, 2021 4:11:42 PM okhttp3.mockwebserver.MockWebServer$3 acceptConnections
INFO: MockWebServer[55399] done accepting connections: Socket closed
Jun 20, 2021 4:11:42 PM okhttp3.mockwebserver.MockWebServer$3 execute
INFO: MockWebServer[55401] starting to accept connections
Jun 20, 2021 4:11:42 PM okhttp3.mockwebserver.MockWebServer$4 processOneRequest
INFO: MockWebServer[55401] received request: DELETE /delete HTTP/1.1 and responded: HTTP/1.1 200 OK
Jun 20, 2021 4:11:42 PM okhttp3.mockwebserver.MockWebServer$3 acceptConnections
INFO: MockWebServer[55401] done accepting connections: Socket closed
Jun 20, 2021 4:11:43 PM okhttp3.mockwebserver.MockWebServer$3 execute
INFO: MockWebServer[55403] starting to accept connections
Jun 20, 2021 4:11:43 PM okhttp3.mockwebserver.MockWebServer$4 processOneRequest
INFO: MockWebServer[55403] received request: POST /post HTTP/1.1 and responded: HTTP/1.1 201 OK
Jun 20, 2021 4:11:43 PM okhttp3.mockwebserver.MockWebServer$3 acceptConnections
INFO: MockWebServer[55403] done accepting connections: Socket closed
]]></system-err>
</testsuite>
