<?xml version="1.0" encoding="UTF-8"?>
<testsuite name="org.springframework.context.groovy.GroovyApplicationContextDynamicBeanPropertyTests" tests="2" skipped="0" failures="0" errors="0" timestamp="2021-06-20T08:13:17" hostname="gankangdembp" time="0.113">
  <properties/>
  <testcase name="testAccessDynamicBeanProperties()" classname="org.springframework.context.groovy.GroovyApplicationContextDynamicBeanPropertyTests" time="0.071"/>
  <testcase name="testAccessingNonExistentBeanViaDynamicProperty()" classname="org.springframework.context.groovy.GroovyApplicationContextDynamicBeanPropertyTests" time="0.041"/>
  <system-out><![CDATA[]]></system-out>
  <system-err><![CDATA[]]></system-err>
</testsuite>
