<?xml version="1.0" encoding="UTF-8"?>
<testsuite name="org.springframework.scheduling.annotation.ScheduledAnnotationBeanPostProcessorTests" tests="28" skipped="0" failures="0" errors="0" timestamp="2020-05-29T13:57:44" hostname="bamboo-18" time="0.677">
  <properties/>
  <testcase name="severalFixedRatesOnDefaultMethod()" classname="org.springframework.scheduling.annotation.ScheduledAnnotationBeanPostProcessorTests" time="0.012"/>
  <testcase name="severalFixedRatesWithSchedulesContainerAnnotation()" classname="org.springframework.scheduling.annotation.ScheduledAnnotationBeanPostProcessorTests" time="0.005"/>
  <testcase name="metaAnnotationWithCronExpression()" classname="org.springframework.scheduling.annotation.ScheduledAnnotationBeanPostProcessorTests" time="0.012"/>
  <testcase name="cronTaskWithInvalidZone()" classname="org.springframework.scheduling.annotation.ScheduledAnnotationBeanPostProcessorTests" time="0.001"/>
  <testcase name="propertyPlaceholderWithFixedRateInMillis()" classname="org.springframework.scheduling.annotation.ScheduledAnnotationBeanPostProcessorTests" time="0.007"/>
  <testcase name="propertyPlaceholderForMetaAnnotation()" classname="org.springframework.scheduling.annotation.ScheduledAnnotationBeanPostProcessorTests" time="0.01"/>
  <testcase name="nonEmptyParamList()" classname="org.springframework.scheduling.annotation.ScheduledAnnotationBeanPostProcessorTests" time="0.001"/>
  <testcase name="composedAnnotationWithInitialDelayAndFixedRate()" classname="org.springframework.scheduling.annotation.ScheduledAnnotationBeanPostProcessorTests" time="0.013"/>
  <testcase name="severalFixedRatesAgainstNestedCglibProxy()" classname="org.springframework.scheduling.annotation.ScheduledAnnotationBeanPostProcessorTests" time="0.024"/>
  <testcase name="invalidCron()" classname="org.springframework.scheduling.annotation.ScheduledAnnotationBeanPostProcessorTests" time="0.001"/>
  <testcase name="fixedRateTaskWithInitialDelay()" classname="org.springframework.scheduling.annotation.ScheduledAnnotationBeanPostProcessorTests" time="0.008"/>
  <testcase name="emptyAnnotation()" classname="org.springframework.scheduling.annotation.ScheduledAnnotationBeanPostProcessorTests" time="0.003"/>
  <testcase name="fixedDelayTask()" classname="org.springframework.scheduling.annotation.ScheduledAnnotationBeanPostProcessorTests" time="0.012"/>
  <testcase name="severalFixedRatesOnBaseClass()" classname="org.springframework.scheduling.annotation.ScheduledAnnotationBeanPostProcessorTests" time="0.014"/>
  <testcase name="propertyPlaceholderWithInactiveCron()" classname="org.springframework.scheduling.annotation.ScheduledAnnotationBeanPostProcessorTests" time="0.002"/>
  <testcase name="propertyPlaceholderWithCron()" classname="org.springframework.scheduling.annotation.ScheduledAnnotationBeanPostProcessorTests" time="0.01"/>
  <testcase name="cronTaskWithZone()" classname="org.springframework.scheduling.annotation.ScheduledAnnotationBeanPostProcessorTests" time="0.018"/>
  <testcase name="cronTaskWithMethodValidation()" classname="org.springframework.scheduling.annotation.ScheduledAnnotationBeanPostProcessorTests" time="0.369"/>
  <testcase name="propertyPlaceholderWithFixedDelayInDuration()" classname="org.springframework.scheduling.annotation.ScheduledAnnotationBeanPostProcessorTests" time="0.013"/>
  <testcase name="propertyPlaceholderWithFixedDelayInMillis()" classname="org.springframework.scheduling.annotation.ScheduledAnnotationBeanPostProcessorTests" time="0.01"/>
  <testcase name="expressionWithCron()" classname="org.springframework.scheduling.annotation.ScheduledAnnotationBeanPostProcessorTests" time="0.018"/>
  <testcase name="severalFixedRatesWithRepeatedScheduledAnnotation()" classname="org.springframework.scheduling.annotation.ScheduledAnnotationBeanPostProcessorTests" time="0.01"/>
  <testcase name="metaAnnotationWithFixedRate()" classname="org.springframework.scheduling.annotation.ScheduledAnnotationBeanPostProcessorTests" time="0.012"/>
  <testcase name="fixedRateTask()" classname="org.springframework.scheduling.annotation.ScheduledAnnotationBeanPostProcessorTests" time="0.013"/>
  <testcase name="nonVoidReturnType()" classname="org.springframework.scheduling.annotation.ScheduledAnnotationBeanPostProcessorTests" time="0.011"/>
  <testcase name="propertyPlaceholderWithFixedRateInDuration()" classname="org.springframework.scheduling.annotation.ScheduledAnnotationBeanPostProcessorTests" time="0.017"/>
  <testcase name="cronTaskWithScopedProxy()" classname="org.springframework.scheduling.annotation.ScheduledAnnotationBeanPostProcessorTests" time="0.016"/>
  <testcase name="cronTask()" classname="org.springframework.scheduling.annotation.ScheduledAnnotationBeanPostProcessorTests" time="0.018"/>
  <system-out><![CDATA[13:57:44.803 [Test worker] WARN  o.s.c.s.StaticApplicationContext - Exception encountered during context initialization - cancelling refresh attempt: org.springframework.beans.factory.BeanCreationException: Error creating bean with name 'target': Initialization of bean failed; nested exception is java.lang.IllegalStateException: Encountered invalid @Scheduled method 'cron': Invalid time zone specification 'FOO'
13:57:44.823 [Test worker] WARN  o.s.c.s.StaticApplicationContext - Exception encountered during context initialization - cancelling refresh attempt: org.springframework.beans.factory.BeanCreationException: Error creating bean with name 'target': Initialization of bean failed; nested exception is java.lang.IllegalStateException: Encountered invalid @Scheduled method 'invalid': Only no-arg methods may be annotated with @Scheduled
13:57:44.863 [Test worker] WARN  o.s.c.s.StaticApplicationContext - Exception encountered during context initialization - cancelling refresh attempt: org.springframework.beans.factory.BeanCreationException: Error creating bean with name 'target': Initialization of bean failed; nested exception is java.lang.IllegalStateException: Encountered invalid @Scheduled method 'invalid': Cron expression must consist of 6 fields (found 1 in "abc")
13:57:44.874 [Test worker] WARN  o.s.c.s.StaticApplicationContext - Exception encountered during context initialization - cancelling refresh attempt: org.springframework.beans.factory.BeanCreationException: Error creating bean with name 'target': Initialization of bean failed; nested exception is java.lang.IllegalStateException: Encountered invalid @Scheduled method 'invalid': Exactly one of the 'cron', 'fixedDelay(String)', or 'fixedRate(String)' attributes is required
13:57:45.304 [Test worker] WARN  o.s.c.s.StaticApplicationContext - Exception encountered during context initialization - cancelling refresh attempt: org.springframework.beans.factory.BeanCreationException: Error creating bean with name 'target': Initialization of bean failed; nested exception is java.lang.IllegalStateException: Need to invoke method 'cron' found on proxy for target class 'CronTestBean' but cannot be delegated to target bean. Switch its visibility to package or protected.
]]></system-out>
  <system-err><![CDATA[]]></system-err>
</testsuite>
