<?xml version="1.0" encoding="UTF-8"?>
<testsuite name="org.springframework.context.annotation.ComponentScanAnnotationIntegrationTests" tests="17" skipped="0" failures="0" errors="0" timestamp="2020-05-29T13:58:00" hostname="bamboo-18" time="1.081">
  <properties/>
  <testcase name="controlScan()" classname="org.springframework.context.annotation.ComponentScanAnnotationIntegrationTests" time="0.005"/>
  <testcase name="withScopedProxy()" classname="org.springframework.context.annotation.ComponentScanAnnotationIntegrationTests" time="0.121"/>
  <testcase name="withScopeResolver()" classname="org.springframework.context.annotation.ComponentScanAnnotationIntegrationTests" time="0.007"/>
  <testcase name="multiComponentScan()" classname="org.springframework.context.annotation.ComponentScanAnnotationIntegrationTests" time="0.008"/>
  <testcase name="withScopedProxyThroughAspectJPattern()" classname="org.springframework.context.annotation.ComponentScanAnnotationIntegrationTests" time="0.249"/>
  <testcase name="withAwareTypeFilter()" classname="org.springframework.context.annotation.ComponentScanAnnotationIntegrationTests" time="0.205"/>
  <testcase name="withCustomBeanNameGenerator()" classname="org.springframework.context.annotation.ComponentScanAnnotationIntegrationTests" time="0.018"/>
  <testcase name="viaContextRegistration_FromPackageOfConfigClass()" classname="org.springframework.context.annotation.ComponentScanAnnotationIntegrationTests" time="0.003"/>
  <testcase name="withMultipleAnnotationIncludeFilters1()" classname="org.springframework.context.annotation.ComponentScanAnnotationIntegrationTests" time="0.021"/>
  <testcase name="withMultipleAnnotationIncludeFilters2()" classname="org.springframework.context.annotation.ComponentScanAnnotationIntegrationTests" time="0.026"/>
  <testcase name="viaContextRegistration()" classname="org.springframework.context.annotation.ComponentScanAnnotationIntegrationTests" time="0.022"/>
  <testcase name="viaContextRegistration_WithComposedAnnotation()" classname="org.springframework.context.annotation.ComponentScanAnnotationIntegrationTests" time="0.018"/>
  <testcase name="withBasePackagesAndValueAlias()" classname="org.springframework.context.annotation.ComponentScanAnnotationIntegrationTests" time="0.013"/>
  <testcase name="withScopedProxyThroughRegex()" classname="org.springframework.context.annotation.ComponentScanAnnotationIntegrationTests" time="0.021"/>
  <testcase name="withCustomTypeFilter()" classname="org.springframework.context.annotation.ComponentScanAnnotationIntegrationTests" time="0.282"/>
  <testcase name="viaBeanRegistration()" classname="org.springframework.context.annotation.ComponentScanAnnotationIntegrationTests" time="0.012"/>
  <testcase name="viaContextRegistration_WithValueAttribute()" classname="org.springframework.context.annotation.ComponentScanAnnotationIntegrationTests" time="0.029"/>
  <system-out><![CDATA[]]></system-out>
  <system-err><![CDATA[]]></system-err>
</testsuite>
