<?xml version="1.0" encoding="UTF-8"?>
<testsuite name="org.springframework.cache.config.AnnotationDrivenCacheConfigTests" tests="60" skipped="0" failures="0" errors="0" timestamp="2021-06-20T08:12:32" hostname="gankangdembp" time="6.432">
  <properties/>
  <testcase name="testMultiConditionalCacheAndEvict()" classname="org.springframework.cache.config.AnnotationDrivenCacheConfigTests" time="0.212"/>
  <testcase name="testClassEvictWithKeyEarly()" classname="org.springframework.cache.config.AnnotationDrivenCacheConfigTests" time="0.109"/>
  <testcase name="testClassCheckedExceptionSync()" classname="org.springframework.cache.config.AnnotationDrivenCacheConfigTests" time="0.109"/>
  <testcase name="testKeyExpression()" classname="org.springframework.cache.config.AnnotationDrivenCacheConfigTests" time="0.068"/>
  <testcase name="testConditionalUpdate()" classname="org.springframework.cache.config.AnnotationDrivenCacheConfigTests" time="0.117"/>
  <testcase name="testClassMultiCacheAndEvict()" classname="org.springframework.cache.config.AnnotationDrivenCacheConfigTests" time="0.078"/>
  <testcase name="testCacheableSyncNull()" classname="org.springframework.cache.config.AnnotationDrivenCacheConfigTests" time="0.091"/>
  <testcase name="testUnknownCustomKeyGenerator()" classname="org.springframework.cache.config.AnnotationDrivenCacheConfigTests" time="0.119"/>
  <testcase name="testClassRootVars()" classname="org.springframework.cache.config.AnnotationDrivenCacheConfigTests" time="0.108"/>
  <testcase name="testMethodName()" classname="org.springframework.cache.config.AnnotationDrivenCacheConfigTests" time="0.097"/>
  <testcase name="testEvictWithException()" classname="org.springframework.cache.config.AnnotationDrivenCacheConfigTests" time="0.085"/>
  <testcase name="testClassUpdate()" classname="org.springframework.cache.config.AnnotationDrivenCacheConfigTests" time="0.091"/>
  <testcase name="testCustomCacheManager()" classname="org.springframework.cache.config.AnnotationDrivenCacheConfigTests" time="0.085"/>
  <testcase name="testEvict()" classname="org.springframework.cache.config.AnnotationDrivenCacheConfigTests" time="0.07"/>
  <testcase name="testCheckedExceptionSync()" classname="org.springframework.cache.config.AnnotationDrivenCacheConfigTests" time="0.098"/>
  <testcase name="testClassEvictEarly()" classname="org.springframework.cache.config.AnnotationDrivenCacheConfigTests" time="0.096"/>
  <testcase name="testClassNullArg()" classname="org.springframework.cache.config.AnnotationDrivenCacheConfigTests" time="0.091"/>
  <testcase name="testClassEvictAll()" classname="org.springframework.cache.config.AnnotationDrivenCacheConfigTests" time="0.089"/>
  <testcase name="testPutRefersToResult()" classname="org.springframework.cache.config.AnnotationDrivenCacheConfigTests" time="0.099"/>
  <testcase name="testClassCacheUnlessExpression()" classname="org.springframework.cache.config.AnnotationDrivenCacheConfigTests" time="0.148"/>
  <testcase name="testConditionalExpressionSync()" classname="org.springframework.cache.config.AnnotationDrivenCacheConfigTests" time="0.074"/>
  <testcase name="testClassConditionalUpdate()" classname="org.springframework.cache.config.AnnotationDrivenCacheConfigTests" time="0.164"/>
  <testcase name="testConditionalExpression()" classname="org.springframework.cache.config.AnnotationDrivenCacheConfigTests" time="0.133"/>
  <testcase name="testClassMultiPut()" classname="org.springframework.cache.config.AnnotationDrivenCacheConfigTests" time="0.15"/>
  <testcase name="testClassUncheckedException()" classname="org.springframework.cache.config.AnnotationDrivenCacheConfigTests" time="0.138"/>
  <testcase name="testClassCacheEvictWithWKey()" classname="org.springframework.cache.config.AnnotationDrivenCacheConfigTests" time="0.156"/>
  <testcase name="testClassNullValue()" classname="org.springframework.cache.config.AnnotationDrivenCacheConfigTests" time="0.138"/>
  <testcase name="testUncheckedExceptionSync()" classname="org.springframework.cache.config.AnnotationDrivenCacheConfigTests" time="0.138"/>
  <testcase name="testClassUncheckedExceptionSync()" classname="org.springframework.cache.config.AnnotationDrivenCacheConfigTests" time="0.138"/>
  <testcase name="testClassCacheCacheable()" classname="org.springframework.cache.config.AnnotationDrivenCacheConfigTests" time="0.167"/>
  <testcase name="testClassMethodName()" classname="org.springframework.cache.config.AnnotationDrivenCacheConfigTests" time="0.189"/>
  <testcase name="testCustomKeyGenerator()" classname="org.springframework.cache.config.AnnotationDrivenCacheConfigTests" time="0.128"/>
  <testcase name="testCacheable()" classname="org.springframework.cache.config.AnnotationDrivenCacheConfigTests" time="0.13"/>
  <testcase name="testCheckedException()" classname="org.springframework.cache.config.AnnotationDrivenCacheConfigTests" time="0.115"/>
  <testcase name="testClassPutRefersToResult()" classname="org.springframework.cache.config.AnnotationDrivenCacheConfigTests" time="0.131"/>
  <testcase name="testVarArgsKey()" classname="org.springframework.cache.config.AnnotationDrivenCacheConfigTests" time="0.122"/>
  <testcase name="testMultiCache()" classname="org.springframework.cache.config.AnnotationDrivenCacheConfigTests" time="0.139"/>
  <testcase name="testMultiEvict()" classname="org.springframework.cache.config.AnnotationDrivenCacheConfigTests" time="0.16"/>
  <testcase name="testMultiCacheAndEvict()" classname="org.springframework.cache.config.AnnotationDrivenCacheConfigTests" time="0.113"/>
  <testcase name="testRootVars()" classname="org.springframework.cache.config.AnnotationDrivenCacheConfigTests" time="0.08"/>
  <testcase name="testClassMultiConditionalCacheAndEvict()" classname="org.springframework.cache.config.AnnotationDrivenCacheConfigTests" time="0.078"/>
  <testcase name="testClassEvictWithException()" classname="org.springframework.cache.config.AnnotationDrivenCacheConfigTests" time="0.108"/>
  <testcase name="testClassCheckedException()" classname="org.springframework.cache.config.AnnotationDrivenCacheConfigTests" time="0.063"/>
  <testcase name="testClassCacheEvict()" classname="org.springframework.cache.config.AnnotationDrivenCacheConfigTests" time="0.155"/>
  <testcase name="testEvictWithKey()" classname="org.springframework.cache.config.AnnotationDrivenCacheConfigTests" time="0.085"/>
  <testcase name="testUnlessExpression()" classname="org.springframework.cache.config.AnnotationDrivenCacheConfigTests" time="0.101"/>
  <testcase name="testEvictAllEarly()" classname="org.springframework.cache.config.AnnotationDrivenCacheConfigTests" time="0.073"/>
  <testcase name="testEvictAll()" classname="org.springframework.cache.config.AnnotationDrivenCacheConfigTests" time="0.087"/>
  <testcase name="testCacheableNull()" classname="org.springframework.cache.config.AnnotationDrivenCacheConfigTests" time="0.066"/>
  <testcase name="testCacheableSync()" classname="org.springframework.cache.config.AnnotationDrivenCacheConfigTests" time="0.064"/>
  <testcase name="testEvictWithKeyEarly()" classname="org.springframework.cache.config.AnnotationDrivenCacheConfigTests" time="0.072"/>
  <testcase name="testMultiPut()" classname="org.springframework.cache.config.AnnotationDrivenCacheConfigTests" time="0.095"/>
  <testcase name="testUnknownCustomCacheManager()" classname="org.springframework.cache.config.AnnotationDrivenCacheConfigTests" time="0.068"/>
  <testcase name="testUncheckedException()" classname="org.springframework.cache.config.AnnotationDrivenCacheConfigTests" time="0.062"/>
  <testcase name="testNullValue()" classname="org.springframework.cache.config.AnnotationDrivenCacheConfigTests" time="0.06"/>
  <testcase name="testEvictEarly()" classname="org.springframework.cache.config.AnnotationDrivenCacheConfigTests" time="0.084"/>
  <testcase name="testUpdate()" classname="org.springframework.cache.config.AnnotationDrivenCacheConfigTests" time="0.079"/>
  <testcase name="testNullArg()" classname="org.springframework.cache.config.AnnotationDrivenCacheConfigTests" time="0.068"/>
  <testcase name="testClassMultiCache()" classname="org.springframework.cache.config.AnnotationDrivenCacheConfigTests" time="0.045"/>
  <testcase name="testClassMultiEvict()" classname="org.springframework.cache.config.AnnotationDrivenCacheConfigTests" time="0.11"/>
  <system-out><![CDATA[]]></system-out>
  <system-err><![CDATA[]]></system-err>
</testsuite>
