<?xml version="1.0" encoding="UTF-8"?>
<testsuite name="org.springframework.context.annotation.DoubleScanTests" tests="1" skipped="0" failures="0" errors="0" timestamp="2021-06-20T08:11:23" hostname="gankangdembp" time="0.121">
  <properties/>
  <testcase name="testFooService()" classname="org.springframework.context.annotation.DoubleScanTests" time="0.121"/>
  <system-out><![CDATA[]]></system-out>
  <system-err><![CDATA[]]></system-err>
</testsuite>
