<?xml version="1.0" encoding="UTF-8"?>
<testsuite name="org.springframework.context.annotation.ParserStrategyUtilsTests" tests="9" skipped="0" failures="0" errors="0" timestamp="2020-05-29T13:58:06" hostname="bamboo-18" time="0.201">
  <properties/>
  <testcase name="instantiateClassWhenHasSingleContructorAndAwareInjectsParamsAndCallsAware()" classname="org.springframework.context.annotation.ParserStrategyUtilsTests" time="0.179"/>
  <testcase name="instantiateClassWhenHasNoBeanClassLoaderDoesNotCallAware()" classname="org.springframework.context.annotation.ParserStrategyUtilsTests" time="0.001"/>
  <testcase name="instantiateClassWhenHasMultipleConstructorsUsesNoArgsConstructor()" classname="org.springframework.context.annotation.ParserStrategyUtilsTests" time="0.005"/>
  <testcase name="instantiateClassWhenHasNoArgsConstructorCallsAware()" classname="org.springframework.context.annotation.ParserStrategyUtilsTests" time="0.001"/>
  <testcase name="instantiateClassWhenHasSingleContructorInjectsParams()" classname="org.springframework.context.annotation.ParserStrategyUtilsTests" time="0.0"/>
  <testcase name="instantiateClassHasSubclassParameterThrowsException()" classname="org.springframework.context.annotation.ParserStrategyUtilsTests" time="0.001"/>
  <testcase name="instantiateClassWhenHasUnsupportedParameterThrowsException()" classname="org.springframework.context.annotation.ParserStrategyUtilsTests" time="0.001"/>
  <testcase name="instantiateClassWhenHasNoBeanClassLoaderInjectsNull()" classname="org.springframework.context.annotation.ParserStrategyUtilsTests" time="0.005"/>
  <testcase name="instantiateClassWhenHasMutlipleConstructorsAndNotDefaultThrowsException()" classname="org.springframework.context.annotation.ParserStrategyUtilsTests" time="0.008"/>
  <system-out><![CDATA[]]></system-out>
  <system-err><![CDATA[]]></system-err>
</testsuite>
