<?xml version="1.0" encoding="UTF-8"?>
<testsuite name="org.springframework.cache.config.CacheAdviceNamespaceTests" tests="61" skipped="0" failures="0" errors="0" timestamp="2021-06-20T08:12:38" hostname="gankangdembp" time="5.519">
  <properties/>
  <testcase name="testMultiConditionalCacheAndEvict()" classname="org.springframework.cache.config.CacheAdviceNamespaceTests" time="0.131"/>
  <testcase name="testClassEvictWithKeyEarly()" classname="org.springframework.cache.config.CacheAdviceNamespaceTests" time="0.123"/>
  <testcase name="testClassCheckedExceptionSync()" classname="org.springframework.cache.config.CacheAdviceNamespaceTests" time="0.093"/>
  <testcase name="testKeyExpression()" classname="org.springframework.cache.config.CacheAdviceNamespaceTests" time="0.124"/>
  <testcase name="testConditionalUpdate()" classname="org.springframework.cache.config.CacheAdviceNamespaceTests" time="0.096"/>
  <testcase name="testClassMultiCacheAndEvict()" classname="org.springframework.cache.config.CacheAdviceNamespaceTests" time="0.071"/>
  <testcase name="testCacheableSyncNull()" classname="org.springframework.cache.config.CacheAdviceNamespaceTests" time="0.092"/>
  <testcase name="testUnknownCustomKeyGenerator()" classname="org.springframework.cache.config.CacheAdviceNamespaceTests" time="0.069"/>
  <testcase name="testClassRootVars()" classname="org.springframework.cache.config.CacheAdviceNamespaceTests" time="0.106"/>
  <testcase name="testMethodName()" classname="org.springframework.cache.config.CacheAdviceNamespaceTests" time="0.103"/>
  <testcase name="testEvictWithException()" classname="org.springframework.cache.config.CacheAdviceNamespaceTests" time="0.075"/>
  <testcase name="testClassUpdate()" classname="org.springframework.cache.config.CacheAdviceNamespaceTests" time="0.09"/>
  <testcase name="testCustomCacheManager()" classname="org.springframework.cache.config.CacheAdviceNamespaceTests" time="0.114"/>
  <testcase name="testEvict()" classname="org.springframework.cache.config.CacheAdviceNamespaceTests" time="0.066"/>
  <testcase name="testCheckedExceptionSync()" classname="org.springframework.cache.config.CacheAdviceNamespaceTests" time="0.102"/>
  <testcase name="testClassEvictEarly()" classname="org.springframework.cache.config.CacheAdviceNamespaceTests" time="0.104"/>
  <testcase name="testClassNullArg()" classname="org.springframework.cache.config.CacheAdviceNamespaceTests" time="0.078"/>
  <testcase name="testClassEvictAll()" classname="org.springframework.cache.config.CacheAdviceNamespaceTests" time="0.066"/>
  <testcase name="testPutRefersToResult()" classname="org.springframework.cache.config.CacheAdviceNamespaceTests" time="0.083"/>
  <testcase name="testClassCacheUnlessExpression()" classname="org.springframework.cache.config.CacheAdviceNamespaceTests" time="0.086"/>
  <testcase name="testConditionalExpressionSync()" classname="org.springframework.cache.config.CacheAdviceNamespaceTests" time="0.095"/>
  <testcase name="testClassConditionalUpdate()" classname="org.springframework.cache.config.CacheAdviceNamespaceTests" time="0.085"/>
  <testcase name="testConditionalExpression()" classname="org.springframework.cache.config.CacheAdviceNamespaceTests" time="0.064"/>
  <testcase name="testClassMultiPut()" classname="org.springframework.cache.config.CacheAdviceNamespaceTests" time="0.07"/>
  <testcase name="testClassUncheckedException()" classname="org.springframework.cache.config.CacheAdviceNamespaceTests" time="0.096"/>
  <testcase name="testClassCacheEvictWithWKey()" classname="org.springframework.cache.config.CacheAdviceNamespaceTests" time="0.093"/>
  <testcase name="testClassNullValue()" classname="org.springframework.cache.config.CacheAdviceNamespaceTests" time="0.093"/>
  <testcase name="testUncheckedExceptionSync()" classname="org.springframework.cache.config.CacheAdviceNamespaceTests" time="0.11"/>
  <testcase name="testClassUncheckedExceptionSync()" classname="org.springframework.cache.config.CacheAdviceNamespaceTests" time="0.075"/>
  <testcase name="testClassCacheCacheable()" classname="org.springframework.cache.config.CacheAdviceNamespaceTests" time="0.073"/>
  <testcase name="testClassMethodName()" classname="org.springframework.cache.config.CacheAdviceNamespaceTests" time="0.097"/>
  <testcase name="testCustomKeyGenerator()" classname="org.springframework.cache.config.CacheAdviceNamespaceTests" time="0.088"/>
  <testcase name="testCacheable()" classname="org.springframework.cache.config.CacheAdviceNamespaceTests" time="0.073"/>
  <testcase name="testCheckedException()" classname="org.springframework.cache.config.CacheAdviceNamespaceTests" time="0.092"/>
  <testcase name="testClassPutRefersToResult()" classname="org.springframework.cache.config.CacheAdviceNamespaceTests" time="0.105"/>
  <testcase name="testVarArgsKey()" classname="org.springframework.cache.config.CacheAdviceNamespaceTests" time="0.099"/>
  <testcase name="testMultiCache()" classname="org.springframework.cache.config.CacheAdviceNamespaceTests" time="0.114"/>
  <testcase name="testMultiEvict()" classname="org.springframework.cache.config.CacheAdviceNamespaceTests" time="0.09"/>
  <testcase name="testMultiCacheAndEvict()" classname="org.springframework.cache.config.CacheAdviceNamespaceTests" time="0.076"/>
  <testcase name="testRootVars()" classname="org.springframework.cache.config.CacheAdviceNamespaceTests" time="0.09"/>
  <testcase name="testClassMultiConditionalCacheAndEvict()" classname="org.springframework.cache.config.CacheAdviceNamespaceTests" time="0.082"/>
  <testcase name="testClassEvictWithException()" classname="org.springframework.cache.config.CacheAdviceNamespaceTests" time="0.076"/>
  <testcase name="testClassCheckedException()" classname="org.springframework.cache.config.CacheAdviceNamespaceTests" time="0.051"/>
  <testcase name="testClassCacheEvict()" classname="org.springframework.cache.config.CacheAdviceNamespaceTests" time="0.067"/>
  <testcase name="testEvictWithKey()" classname="org.springframework.cache.config.CacheAdviceNamespaceTests" time="0.09"/>
  <testcase name="testUnlessExpression()" classname="org.springframework.cache.config.CacheAdviceNamespaceTests" time="0.071"/>
  <testcase name="testEvictAllEarly()" classname="org.springframework.cache.config.CacheAdviceNamespaceTests" time="0.108"/>
  <testcase name="testEvictAll()" classname="org.springframework.cache.config.CacheAdviceNamespaceTests" time="0.076"/>
  <testcase name="testCacheableNull()" classname="org.springframework.cache.config.CacheAdviceNamespaceTests" time="0.069"/>
  <testcase name="testCacheableSync()" classname="org.springframework.cache.config.CacheAdviceNamespaceTests" time="0.131"/>
  <testcase name="testEvictWithKeyEarly()" classname="org.springframework.cache.config.CacheAdviceNamespaceTests" time="0.107"/>
  <testcase name="testMultiPut()" classname="org.springframework.cache.config.CacheAdviceNamespaceTests" time="0.1"/>
  <testcase name="testUnknownCustomCacheManager()" classname="org.springframework.cache.config.CacheAdviceNamespaceTests" time="0.108"/>
  <testcase name="testUncheckedException()" classname="org.springframework.cache.config.CacheAdviceNamespaceTests" time="0.073"/>
  <testcase name="testNullValue()" classname="org.springframework.cache.config.CacheAdviceNamespaceTests" time="0.088"/>
  <testcase name="testEvictEarly()" classname="org.springframework.cache.config.CacheAdviceNamespaceTests" time="0.074"/>
  <testcase name="testUpdate()" classname="org.springframework.cache.config.CacheAdviceNamespaceTests" time="0.051"/>
  <testcase name="testNullArg()" classname="org.springframework.cache.config.CacheAdviceNamespaceTests" time="0.09"/>
  <testcase name="testClassMultiCache()" classname="org.springframework.cache.config.CacheAdviceNamespaceTests" time="0.123"/>
  <testcase name="testClassMultiEvict()" classname="org.springframework.cache.config.CacheAdviceNamespaceTests" time="0.098"/>
  <testcase name="testKeyStrategy()" classname="org.springframework.cache.config.CacheAdviceNamespaceTests" time="0.069"/>
  <system-out><![CDATA[]]></system-out>
  <system-err><![CDATA[]]></system-err>
</testsuite>
