<?xml version="1.0" encoding="UTF-8"?>
<testsuite name="org.springframework.aop.config.AopNamespaceHandlerAdviceTypeTests" tests="2" skipped="0" failures="0" errors="0" timestamp="2020-05-29T13:58:38" hostname="bamboo-18" time="0.042">
  <properties/>
  <testcase name="testParsingOfAdviceTypes()" classname="org.springframework.aop.config.AopNamespaceHandlerAdviceTypeTests" time="0.03"/>
  <testcase name="testParsingOfAdviceTypesWithError()" classname="org.springframework.aop.config.AopNamespaceHandlerAdviceTypeTests" time="0.012"/>
  <system-out><![CDATA[]]></system-out>
  <system-err><![CDATA[]]></system-err>
</testsuite>
