<?xml version="1.0" encoding="UTF-8"?>
<testsuite name="org.springframework.aop.framework.autoproxy.BeanNameAutoProxyCreatorInitTests" tests="1" skipped="0" failures="0" errors="0" timestamp="2020-05-29T13:58:42" hostname="bamboo-18" time="0.021">
  <properties/>
  <testcase name="testIgnoreAdvisorThatIsCurrentlyInCreation()" classname="org.springframework.aop.framework.autoproxy.BeanNameAutoProxyCreatorInitTests" time="0.021"/>
  <system-out><![CDATA[]]></system-out>
  <system-err><![CDATA[]]></system-err>
</testsuite>
