<?xml version="1.0" encoding="UTF-8"?>
<testsuite name="org.springframework.jmx.export.CustomEditorConfigurerTests" tests="2" skipped="0" failures="0" errors="0" timestamp="2020-05-29T13:58:25" hostname="bamboo-18" time="0.013">
  <properties/>
  <testcase name="datesInApplicationContext()" classname="org.springframework.jmx.export.CustomEditorConfigurerTests" time="0.008"/>
  <testcase name="datesInJmx()" classname="org.springframework.jmx.export.CustomEditorConfigurerTests" time="0.004"/>
  <system-out><![CDATA[]]></system-out>
  <system-err><![CDATA[]]></system-err>
</testsuite>
