<?xml version="1.0" encoding="UTF-8"?>
<testsuite name="org.springframework.context.annotation.ParserStrategyUtilsTests" tests="9" skipped="0" failures="0" errors="0" timestamp="2021-06-20T08:10:56" hostname="gankangdembp" time="2.949">
  <properties/>
  <testcase name="instantiateClassWhenHasSingleContructorAndAwareInjectsParamsAndCallsAware()" classname="org.springframework.context.annotation.ParserStrategyUtilsTests" time="2.894"/>
  <testcase name="instantiateClassWhenHasNoBeanClassLoaderDoesNotCallAware()" classname="org.springframework.context.annotation.ParserStrategyUtilsTests" time="0.003"/>
  <testcase name="instantiateClassWhenHasMultipleConstructorsUsesNoArgsConstructor()" classname="org.springframework.context.annotation.ParserStrategyUtilsTests" time="0.016"/>
  <testcase name="instantiateClassWhenHasNoArgsConstructorCallsAware()" classname="org.springframework.context.annotation.ParserStrategyUtilsTests" time="0.002"/>
  <testcase name="instantiateClassWhenHasSingleContructorInjectsParams()" classname="org.springframework.context.annotation.ParserStrategyUtilsTests" time="0.002"/>
  <testcase name="instantiateClassHasSubclassParameterThrowsException()" classname="org.springframework.context.annotation.ParserStrategyUtilsTests" time="0.003"/>
  <testcase name="instantiateClassWhenHasUnsupportedParameterThrowsException()" classname="org.springframework.context.annotation.ParserStrategyUtilsTests" time="0.019"/>
  <testcase name="instantiateClassWhenHasNoBeanClassLoaderInjectsNull()" classname="org.springframework.context.annotation.ParserStrategyUtilsTests" time="0.001"/>
  <testcase name="instantiateClassWhenHasMutlipleConstructorsAndNotDefaultThrowsException()" classname="org.springframework.context.annotation.ParserStrategyUtilsTests" time="0.002"/>
  <system-out><![CDATA[]]></system-out>
  <system-err><![CDATA[]]></system-err>
</testsuite>
