<?xml version="1.0" encoding="UTF-8"?>
<testsuite name="org.springframework.aop.config.AopNamespaceHandlerAdviceTypeTests" tests="2" skipped="0" failures="0" errors="0" timestamp="2021-06-20T08:13:05" hostname="gankangdembp" time="0.069">
  <properties/>
  <testcase name="testParsingOfAdviceTypes()" classname="org.springframework.aop.config.AopNamespaceHandlerAdviceTypeTests" time="0.043"/>
  <testcase name="testParsingOfAdviceTypesWithError()" classname="org.springframework.aop.config.AopNamespaceHandlerAdviceTypeTests" time="0.026"/>
  <system-out><![CDATA[]]></system-out>
  <system-err><![CDATA[]]></system-err>
</testsuite>
