<?xml version="1.0" encoding="UTF-8"?>
<testsuite name="org.springframework.context.annotation.Spr8954Tests" tests="2" skipped="0" failures="0" errors="0" timestamp="2020-05-29T13:58:09" hostname="bamboo-18" time="0.022">
  <properties/>
  <testcase name="repro()" classname="org.springframework.context.annotation.Spr8954Tests" time="0.02"/>
  <testcase name="findsBeansByTypeIfNotInstantiated()" classname="org.springframework.context.annotation.Spr8954Tests" time="0.002"/>
  <system-out><![CDATA[]]></system-out>
  <system-err><![CDATA[]]></system-err>
</testsuite>
