<?xml version="1.0" encoding="UTF-8"?>
<testsuite name="org.springframework.aop.framework.autoproxy.BeanNameAutoProxyCreatorTests" tests="8" skipped="0" failures="0" errors="0" timestamp="2021-06-20T08:13:04" hostname="gankangdembp" time="0.184">
  <properties/>
  <testcase name="testJdkProxyWithExactNameMatch()" classname="org.springframework.aop.framework.autoproxy.BeanNameAutoProxyCreatorTests" time="0.052"/>
  <testcase name="testCglibProxyWithWildcardMatch()" classname="org.springframework.aop.framework.autoproxy.BeanNameAutoProxyCreatorTests" time="0.041"/>
  <testcase name="testJdkIntroductionAppliesToCreatedObjectsNotFactoryBean()" classname="org.springframework.aop.framework.autoproxy.BeanNameAutoProxyCreatorTests" time="0.013"/>
  <testcase name="testJdkProxyWithWildcardMatch()" classname="org.springframework.aop.framework.autoproxy.BeanNameAutoProxyCreatorTests" time="0.022"/>
  <testcase name="testNoProxy()" classname="org.springframework.aop.framework.autoproxy.BeanNameAutoProxyCreatorTests" time="0.018"/>
  <testcase name="testJdkProxyWithDoubleProxying()" classname="org.springframework.aop.framework.autoproxy.BeanNameAutoProxyCreatorTests" time="0.012"/>
  <testcase name="testJdkIntroduction()" classname="org.springframework.aop.framework.autoproxy.BeanNameAutoProxyCreatorTests" time="0.015"/>
  <testcase name="testWithFrozenProxy()" classname="org.springframework.aop.framework.autoproxy.BeanNameAutoProxyCreatorTests" time="0.009"/>
  <system-out><![CDATA[]]></system-out>
  <system-err><![CDATA[]]></system-err>
</testsuite>
