<?xml version="1.0" encoding="UTF-8"?>
<testsuite name="org.springframework.aop.aspectj.DeclarationOrderIndependenceTests" tests="5" skipped="0" failures="0" errors="0" timestamp="2020-05-29T13:58:39" hostname="bamboo-18" time="0.054">
  <properties/>
  <testcase name="testBeforeAdviceFiringOk()" classname="org.springframework.aop.aspectj.DeclarationOrderIndependenceTests" time="0.016"/>
  <testcase name="testTargetIsBeanNameAware()" classname="org.springframework.aop.aspectj.DeclarationOrderIndependenceTests" time="0.01"/>
  <testcase name="testTargetIsSerializable()" classname="org.springframework.aop.aspectj.DeclarationOrderIndependenceTests" time="0.009"/>
  <testcase name="testAroundAdviceFiringOk()" classname="org.springframework.aop.aspectj.DeclarationOrderIndependenceTests" time="0.01"/>
  <testcase name="testAfterReturningFiringOk()" classname="org.springframework.aop.aspectj.DeclarationOrderIndependenceTests" time="0.009"/>
  <system-out><![CDATA[]]></system-out>
  <system-err><![CDATA[]]></system-err>
</testsuite>
