<?xml version="1.0" encoding="UTF-8"?>
<testsuite name="org.springframework.context.annotation.Spr12636Tests" tests="2" skipped="0" failures="0" errors="0" timestamp="2020-05-29T13:58:00" hostname="bamboo-18" time="0.023">
  <properties/>
  <testcase name="orderOnImplementation()" classname="org.springframework.context.annotation.Spr12636Tests" time="0.003"/>
  <testcase name="orderOnImplementationWithProxy()" classname="org.springframework.context.annotation.Spr12636Tests" time="0.02"/>
  <system-out><![CDATA[]]></system-out>
  <system-err><![CDATA[]]></system-err>
</testsuite>
