<?xml version="1.0" encoding="UTF-8"?>
<testsuite name="org.springframework.context.annotation.Spr16179Tests" tests="1" skipped="0" failures="0" errors="0" timestamp="2020-05-29T13:58:09" hostname="bamboo-18" time="0.02">
  <properties/>
  <testcase name="repro()" classname="org.springframework.context.annotation.Spr16179Tests" time="0.02"/>
  <system-out><![CDATA[]]></system-out>
  <system-err><![CDATA[]]></system-err>
</testsuite>
