<?xml version="1.0" encoding="UTF-8"?>
<testsuite name="org.springframework.jmx.export.assembler.MethodExclusionMBeanInfoAssemblerMappedTests" tests="15" skipped="0" failures="0" errors="0" timestamp="2021-06-20T08:12:59" hostname="gankangdembp" time="0.199">
  <properties/>
  <testcase name="testDescriptionNotNull()" classname="org.springframework.jmx.export.assembler.MethodExclusionMBeanInfoAssemblerMappedTests" time="0.008"/>
  <testcase name="testGetMBeanAttributeInfo()" classname="org.springframework.jmx.export.assembler.MethodExclusionMBeanInfoAssemblerMappedTests" time="0.022"/>
  <testcase name="testSetAttribute()" classname="org.springframework.jmx.export.assembler.MethodExclusionMBeanInfoAssemblerMappedTests" time="0.011"/>
  <testcase name="testAttributeInfoHasDescriptors()" classname="org.springframework.jmx.export.assembler.MethodExclusionMBeanInfoAssemblerMappedTests" time="0.006"/>
  <testcase name="testGetMBeanInfo()" classname="org.springframework.jmx.export.assembler.MethodExclusionMBeanInfoAssemblerMappedTests" time="0.007"/>
  <testcase name="testGetMBeanOperationInfo()" classname="org.springframework.jmx.export.assembler.MethodExclusionMBeanInfoAssemblerMappedTests" time="0.022"/>
  <testcase name="testRegisterOperations()" classname="org.springframework.jmx.export.assembler.MethodExclusionMBeanInfoAssemblerMappedTests" time="0.008"/>
  <testcase name="testRegisterAttributes()" classname="org.springframework.jmx.export.assembler.MethodExclusionMBeanInfoAssemblerMappedTests" time="0.02"/>
  <testcase name="testNotificationMetadata()" classname="org.springframework.jmx.export.assembler.MethodExclusionMBeanInfoAssemblerMappedTests" time="0.026"/>
  <testcase name="testAttributeHasCorrespondingOperations()" classname="org.springframework.jmx.export.assembler.MethodExclusionMBeanInfoAssemblerMappedTests" time="0.007"/>
  <testcase name="testMBeanRegistration()" classname="org.springframework.jmx.export.assembler.MethodExclusionMBeanInfoAssemblerMappedTests" time="0.006"/>
  <testcase name="testGetAttribute()" classname="org.springframework.jmx.export.assembler.MethodExclusionMBeanInfoAssemblerMappedTests" time="0.013"/>
  <testcase name="testOperationInvocation()" classname="org.springframework.jmx.export.assembler.MethodExclusionMBeanInfoAssemblerMappedTests" time="0.011"/>
  <testcase name="testGetAgeIsReadOnly()" classname="org.springframework.jmx.export.assembler.MethodExclusionMBeanInfoAssemblerMappedTests" time="0.01"/>
  <testcase name="testNickNameIsExposed()" classname="org.springframework.jmx.export.assembler.MethodExclusionMBeanInfoAssemblerMappedTests" time="0.01"/>
  <system-out><![CDATA[]]></system-out>
  <system-err><![CDATA[]]></system-err>
</testsuite>
