<?xml version="1.0" encoding="UTF-8"?>
<testsuite name="org.springframework.context.annotation.ConfigurationClassWithConditionTests" tests="14" skipped="0" failures="0" errors="0" timestamp="2021-06-20T08:11:18" hostname="gankangdembp" time="0.263">
  <properties/>
  <testcase name="conditionalOnBeanMatch()" classname="org.springframework.context.annotation.ConfigurationClassWithConditionTests" time="0.025"/>
  <testcase name="conditionalOnMissingBeanNoMatch()" classname="org.springframework.context.annotation.ConfigurationClassWithConditionTests" time="0.038"/>
  <testcase name="noConditionOnOverriddenMethodHonored()" classname="org.springframework.context.annotation.ConfigurationClassWithConditionTests" time="0.004"/>
  <testcase name="metaConditionalWithAsm()" classname="org.springframework.context.annotation.ConfigurationClassWithConditionTests" time="0.046"/>
  <testcase name="conditionOnOverriddenMethodHonored()" classname="org.springframework.context.annotation.ConfigurationClassWithConditionTests" time="0.004"/>
  <testcase name="conditionalOnBeanNoMatch()" classname="org.springframework.context.annotation.ConfigurationClassWithConditionTests" time="0.003"/>
  <testcase name="nonConfigurationClassWithAsm()" classname="org.springframework.context.annotation.ConfigurationClassWithConditionTests" time="0.023"/>
  <testcase name="nonConfigurationClass()" classname="org.springframework.context.annotation.ConfigurationClassWithConditionTests" time="0.003"/>
  <testcase name="methodConditional()" classname="org.springframework.context.annotation.ConfigurationClassWithConditionTests" time="0.02"/>
  <testcase name="conditionalOnMissingBeanMatch()" classname="org.springframework.context.annotation.ConfigurationClassWithConditionTests" time="0.004"/>
  <testcase name="methodConditionalWithAsm()" classname="org.springframework.context.annotation.ConfigurationClassWithConditionTests" time="0.025"/>
  <testcase name="metaConditional()" classname="org.springframework.context.annotation.ConfigurationClassWithConditionTests" time="0.004"/>
  <testcase name="importsNotCreated()" classname="org.springframework.context.annotation.ConfigurationClassWithConditionTests" time="0.002"/>
  <testcase name="configWithAlternativeBeans()" classname="org.springframework.context.annotation.ConfigurationClassWithConditionTests" time="0.03"/>
  <system-out><![CDATA[]]></system-out>
  <system-err><![CDATA[]]></system-err>
</testsuite>
