<?xml version="1.0" encoding="UTF-8"?>
<testsuite name="org.springframework.scheduling.annotation.AsyncAnnotationBeanPostProcessorTests" tests="11" skipped="0" failures="0" errors="0" timestamp="2021-06-20T08:12:53" hostname="gankangdembp" time="0.116">
  <properties/>
  <testcase name="configuredThroughNamespace()" classname="org.springframework.scheduling.annotation.AsyncAnnotationBeanPostProcessorTests" time="0.044"/>
  <testcase name="taskExecutorByBeanName()" classname="org.springframework.scheduling.annotation.AsyncAnnotationBeanPostProcessorTests" time="0.007"/>
  <testcase name="taskExecutorByBeanType()" classname="org.springframework.scheduling.annotation.AsyncAnnotationBeanPostProcessorTests" time="0.005"/>
  <testcase name="exceptionHandlerThrowsUnexpectedException()" classname="org.springframework.scheduling.annotation.AsyncAnnotationBeanPostProcessorTests" time="0.001"/>
  <testcase name="handleExceptionWithCustomExceptionHandler()" classname="org.springframework.scheduling.annotation.AsyncAnnotationBeanPostProcessorTests" time="0.003"/>
  <testcase name="threadNamePrefix()" classname="org.springframework.scheduling.annotation.AsyncAnnotationBeanPostProcessorTests" time="0.001"/>
  <testcase name="handleExceptionWithFuture()" classname="org.springframework.scheduling.annotation.AsyncAnnotationBeanPostProcessorTests" time="0.015"/>
  <testcase name="proxyCreated()" classname="org.springframework.scheduling.annotation.AsyncAnnotationBeanPostProcessorTests" time="0.001"/>
  <testcase name="handleExceptionWithListenableFuture()" classname="org.springframework.scheduling.annotation.AsyncAnnotationBeanPostProcessorTests" time="0.03"/>
  <testcase name="invokedAsynchronously()" classname="org.springframework.scheduling.annotation.AsyncAnnotationBeanPostProcessorTests" time="0.002"/>
  <testcase name="invokedAsynchronouslyOnProxyTarget()" classname="org.springframework.scheduling.annotation.AsyncAnnotationBeanPostProcessorTests" time="0.004"/>
  <system-out><![CDATA[]]></system-out>
  <system-err><![CDATA[]]></system-err>
</testsuite>
