<?xml version="1.0" encoding="UTF-8"?>
<testsuite name="org.springframework.context.annotation.ClassPathFactoryBeanDefinitionScannerTests" tests="1" skipped="0" failures="0" errors="0" timestamp="2021-06-20T08:11:18" hostname="gankangdembp" time="0.048">
  <properties/>
  <testcase name="testSingletonScopedFactoryMethod()" classname="org.springframework.context.annotation.ClassPathFactoryBeanDefinitionScannerTests" time="0.048"/>
  <system-out><![CDATA[]]></system-out>
  <system-err><![CDATA[]]></system-err>
</testsuite>
