<?xml version="1.0" encoding="UTF-8"?>
<testsuite name="org.springframework.context.annotation.configuration.DuplicateConfigurationClassPostProcessorTests" tests="1" skipped="0" failures="0" errors="0" timestamp="2021-06-20T08:11:12" hostname="gankangdembp" time="0.038">
  <properties/>
  <testcase name="repro()" classname="org.springframework.context.annotation.configuration.DuplicateConfigurationClassPostProcessorTests" time="0.038"/>
  <system-out><![CDATA[]]></system-out>
  <system-err><![CDATA[]]></system-err>
</testsuite>
