<?xml version="1.0" encoding="UTF-8"?>
<testsuite name="org.springframework.ejb.access.LocalStatelessSessionProxyFactoryBeanTests" tests="4" skipped="0" failures="0" errors="0" timestamp="2020-05-29T13:58:43" hostname="bamboo-18" time="0.012">
  <properties/>
  <testcase name="testInvokesMethodOnEjb3StyleBean()" classname="org.springframework.ejb.access.LocalStatelessSessionProxyFactoryBeanTests" time="0.007"/>
  <testcase name="testNoBusinessInterfaceSpecified()" classname="org.springframework.ejb.access.LocalStatelessSessionProxyFactoryBeanTests" time="0.003"/>
  <testcase name="testCreateException()" classname="org.springframework.ejb.access.LocalStatelessSessionProxyFactoryBeanTests" time="0.001"/>
  <testcase name="testInvokesMethod()" classname="org.springframework.ejb.access.LocalStatelessSessionProxyFactoryBeanTests" time="0.0"/>
  <system-out><![CDATA[]]></system-out>
  <system-err><![CDATA[]]></system-err>
</testsuite>
