<?xml version="1.0" encoding="UTF-8"?>
<testsuite name="org.springframework.context.groovy.GroovyApplicationContextDynamicBeanPropertyTests" tests="2" skipped="0" failures="0" errors="0" timestamp="2020-05-29T13:58:43" hostname="bamboo-18" time="0.06">
  <properties/>
  <testcase name="testAccessDynamicBeanProperties()" classname="org.springframework.context.groovy.GroovyApplicationContextDynamicBeanPropertyTests" time="0.039"/>
  <testcase name="testAccessingNonExistentBeanViaDynamicProperty()" classname="org.springframework.context.groovy.GroovyApplicationContextDynamicBeanPropertyTests" time="0.02"/>
  <system-out><![CDATA[]]></system-out>
  <system-err><![CDATA[]]></system-err>
</testsuite>
