<?xml version="1.0" encoding="UTF-8"?>
<testsuite name="org.springframework.aop.aspectj.AfterThrowingAdviceBindingTests" tests="6" skipped="0" failures="0" errors="0" timestamp="2021-06-20T08:13:08" hostname="gankangdembp" time="0.187">
  <properties/>
  <testcase name="testSimpleAfterThrowing()" classname="org.springframework.aop.aspectj.AfterThrowingAdviceBindingTests" time="0.044"/>
  <testcase name="testAfterThrowingWithTypeSpecified()" classname="org.springframework.aop.aspectj.AfterThrowingAdviceBindingTests" time="0.027"/>
  <testcase name="testAfterThrowingWithRuntimeExceptionBinding()" classname="org.springframework.aop.aspectj.AfterThrowingAdviceBindingTests" time="0.026"/>
  <testcase name="testAfterThrowingWithBinding()" classname="org.springframework.aop.aspectj.AfterThrowingAdviceBindingTests" time="0.026"/>
  <testcase name="testAfterThrowingWithRuntimeTypeSpecified()" classname="org.springframework.aop.aspectj.AfterThrowingAdviceBindingTests" time="0.029"/>
  <testcase name="testAfterThrowingWithNamedTypeRestriction()" classname="org.springframework.aop.aspectj.AfterThrowingAdviceBindingTests" time="0.034"/>
  <system-out><![CDATA[]]></system-out>
  <system-err><![CDATA[]]></system-err>
</testsuite>
