<?xml version="1.0" encoding="UTF-8"?>
<testsuite name="org.springframework.context.support.ResourceBundleMessageSourceTests" tests="29" skipped="0" failures="0" errors="0" timestamp="2021-06-20T08:11:46" hostname="gankangdembp" time="2.528">
  <properties/>
  <testcase name="testMessageAccessWithReloadableMessageSourceAndMessageFormat()" classname="org.springframework.context.support.ResourceBundleMessageSourceTests" time="0.036"/>
  <testcase name="testMessageSourceResourceBundle()" classname="org.springframework.context.support.ResourceBundleMessageSourceTests" time="0.009"/>
  <testcase name="testMessageAccessWithDefaultMessageSourceAndFallbackTurnedOffAndFallbackToGerman()" classname="org.springframework.context.support.ResourceBundleMessageSourceTests" time="0.021"/>
  <testcase name="testMessageAccessWithReloadableMessageSourceAndFallbackToGerman()" classname="org.springframework.context.support.ResourceBundleMessageSourceTests" time="0.028"/>
  <testcase name="testMessageAccessWithDefaultMessageSource()" classname="org.springframework.context.support.ResourceBundleMessageSourceTests" time="0.039"/>
  <testcase name="testStaticApplicationContextMessageSourceWithStaticParent()" classname="org.springframework.context.support.ResourceBundleMessageSourceTests" time="0.001"/>
  <testcase name="testMessageAccessWithReloadableMessageSource()" classname="org.springframework.context.support.ResourceBundleMessageSourceTests" time="0.021"/>
  <testcase name="testDefaultApplicationContextMessageSource()" classname="org.springframework.context.support.ResourceBundleMessageSourceTests" time="0.0"/>
  <testcase name="testReloadableResourceBundleMessageSourceWithDefaultCharset()" classname="org.springframework.context.support.ResourceBundleMessageSourceTests" time="0.003"/>
  <testcase name="testResourceBundleMessageSourceWithWhitespaceInBasename()" classname="org.springframework.context.support.ResourceBundleMessageSourceTests" time="0.004"/>
  <testcase name="testMessageAccessWithDefaultMessageSourceAndFallbackTurnedOff()" classname="org.springframework.context.support.ResourceBundleMessageSourceTests" time="0.034"/>
  <testcase name="testDefaultApplicationContextMessageSourceWithParent()" classname="org.springframework.context.support.ResourceBundleMessageSourceTests" time="0.001"/>
  <testcase name="testResourceBundleMessageSourceWithDefaultCharset()" classname="org.springframework.context.support.ResourceBundleMessageSourceTests" time="0.003"/>
  <testcase name="testStaticApplicationContextMessageSourceWithDefaultParent()" classname="org.springframework.context.support.ResourceBundleMessageSourceTests" time="0.002"/>
  <testcase name="testReloadableResourceBundleMessageSourceWithInappropriateDefaultCharset()" classname="org.springframework.context.support.ResourceBundleMessageSourceTests" time="0.004"/>
  <testcase name="testMessageAccessWithDefaultMessageSourceAndMessageFormat()" classname="org.springframework.context.support.ResourceBundleMessageSourceTests" time="0.027"/>
  <testcase name="testReloadableResourceBundleMessageSourceStandalone()" classname="org.springframework.context.support.ResourceBundleMessageSourceTests" time="0.003"/>
  <testcase name="testReloadableResourceBundleMessageSourceWithCommonMessages()" classname="org.springframework.context.support.ResourceBundleMessageSourceTests" time="0.004"/>
  <testcase name="testMessageAccessWithReloadableMessageSourceAndFallbackTurnedOff()" classname="org.springframework.context.support.ResourceBundleMessageSourceTests" time="0.01"/>
  <testcase name="testReloadableResourceBundleMessageSourceWithCacheSeconds()" classname="org.springframework.context.support.ResourceBundleMessageSourceTests" time="1.104"/>
  <testcase name="testMessageAccessWithDefaultMessageSourceAndFallbackToGerman()" classname="org.springframework.context.support.ResourceBundleMessageSourceTests" time="0.006"/>
  <testcase name="testMessageAccessWithReloadableMessageSourceAndFallbackTurnedOffAndFallbackToGerman()" classname="org.springframework.context.support.ResourceBundleMessageSourceTests" time="0.008"/>
  <testcase name="testResourceBundleMessageSourceWithInappropriateDefaultCharset()" classname="org.springframework.context.support.ResourceBundleMessageSourceTests" time="0.012"/>
  <testcase name="testReloadableResourceBundleMessageSourceWithInappropriateEnglishCharset()" classname="org.springframework.context.support.ResourceBundleMessageSourceTests" time="0.003"/>
  <testcase name="testReloadableResourceBundleMessageSourceFileNameCalculation()" classname="org.springframework.context.support.ResourceBundleMessageSourceTests" time="0.001"/>
  <testcase name="testReloadableResourceBundleMessageSourceWithNonConcurrentRefresh()" classname="org.springframework.context.support.ResourceBundleMessageSourceTests" time="1.105"/>
  <testcase name="testReloadableResourceBundleMessageSourceWithInappropriateGermanCharset()" classname="org.springframework.context.support.ResourceBundleMessageSourceTests" time="0.002"/>
  <testcase name="testResourceBundleMessageSourceStandalone()" classname="org.springframework.context.support.ResourceBundleMessageSourceTests" time="0.003"/>
  <testcase name="testReloadableResourceBundleMessageSourceWithWhitespaceInBasename()" classname="org.springframework.context.support.ResourceBundleMessageSourceTests" time="0.002"/>
  <system-out><![CDATA[16:11:47.704 [Test worker] WARN  o.s.c.s.ResourceBundleMessageSource - ResourceBundle [org/springframework/context/support/messages] not found for MessageSource: Can't find bundle for base name org/springframework/context/support/messages, locale en
]]></system-out>
  <system-err><![CDATA[]]></system-err>
</testsuite>
