<?xml version="1.0" encoding="UTF-8"?>
<testsuite name="org.springframework.jmx.access.MBeanClientInterceptorTests" tests="14" skipped="0" failures="0" errors="0" timestamp="2020-05-29T13:58:25" hostname="bamboo-18" time="0.17">
  <properties/>
  <testcase name="invokeUnexposedMethodWithException()" classname="org.springframework.jmx.access.MBeanClientInterceptorTests" time="0.029"/>
  <testcase name="invokeNoArgs()" classname="org.springframework.jmx.access.MBeanClientInterceptorTests" time="0.001"/>
  <testcase name="differentProxiesSameClass()" classname="org.springframework.jmx.access.MBeanClientInterceptorTests" time="0.001"/>
  <testcase name="setReadOnlyAttribute()" classname="org.springframework.jmx.access.MBeanClientInterceptorTests" time="0.005"/>
  <testcase name="proxyClassIsDifferent()" classname="org.springframework.jmx.access.MBeanClientInterceptorTests" time="0.001"/>
  <testcase name="lazyConnectionToRemote()" classname="org.springframework.jmx.access.MBeanClientInterceptorTests" time="0.038"/>
  <testcase name="setAttributeValueWithIOException()" classname="org.springframework.jmx.access.MBeanClientInterceptorTests" time="0.001"/>
  <testcase name="mxBeanOperationAccess()" classname="org.springframework.jmx.access.MBeanClientInterceptorTests" time="0.029"/>
  <testcase name="setAttributeValue()" classname="org.springframework.jmx.access.MBeanClientInterceptorTests" time="0.001"/>
  <testcase name="setAttributeValueWithCheckedException()" classname="org.springframework.jmx.access.MBeanClientInterceptorTests" time="0.001"/>
  <testcase name="mxBeanAttributeAccess()" classname="org.springframework.jmx.access.MBeanClientInterceptorTests" time="0.034"/>
  <testcase name="invokeArgs()" classname="org.springframework.jmx.access.MBeanClientInterceptorTests" time="0.001"/>
  <testcase name="setAttributeValueWithRuntimeException()" classname="org.springframework.jmx.access.MBeanClientInterceptorTests" time="0.006"/>
  <testcase name="getAttributeValue()" classname="org.springframework.jmx.access.MBeanClientInterceptorTests" time="0.001"/>
  <system-out><![CDATA[]]></system-out>
  <system-err><![CDATA[Mai 29, 2020 1:58:25 PM ClientCommunicatorAdmin restart
WARNUNG: Failed to restart: java.net.ConnectException: Connection refused (Connection refused)
]]></system-err>
</testsuite>
