<?xml version="1.0" encoding="UTF-8"?>
<testsuite name="org.springframework.scheduling.config.ExecutorBeanDefinitionParserTests" tests="11" skipped="0" failures="0" errors="0" timestamp="2021-06-20T08:12:51" hostname="gankangdembp" time="0.367">
  <properties/>
  <testcase name="propertyPlaceholderWithInvalidPoolSize()" classname="org.springframework.scheduling.config.ExecutorBeanDefinitionParserTests" time="0.031"/>
  <testcase name="threadNamePrefix()" classname="org.springframework.scheduling.config.ExecutorBeanDefinitionParserTests" time="0.048"/>
  <testcase name="rangeWithUnboundedQueue()" classname="org.springframework.scheduling.config.ExecutorBeanDefinitionParserTests" time="0.036"/>
  <testcase name="invalidPoolSize()" classname="org.springframework.scheduling.config.ExecutorBeanDefinitionParserTests" time="0.026"/>
  <testcase name="defaultExecutor()" classname="org.springframework.scheduling.config.ExecutorBeanDefinitionParserTests" time="0.042"/>
  <testcase name="propertyPlaceholderWithRange()" classname="org.springframework.scheduling.config.ExecutorBeanDefinitionParserTests" time="0.032"/>
  <testcase name="typeCheck()" classname="org.springframework.scheduling.config.ExecutorBeanDefinitionParserTests" time="0.019"/>
  <testcase name="propertyPlaceholderWithSingleSize()" classname="org.springframework.scheduling.config.ExecutorBeanDefinitionParserTests" time="0.036"/>
  <testcase name="singleSize()" classname="org.springframework.scheduling.config.ExecutorBeanDefinitionParserTests" time="0.034"/>
  <testcase name="propertyPlaceholderWithRangeAndCoreThreadTimeout()" classname="org.springframework.scheduling.config.ExecutorBeanDefinitionParserTests" time="0.02"/>
  <testcase name="rangeWithBoundedQueue()" classname="org.springframework.scheduling.config.ExecutorBeanDefinitionParserTests" time="0.04"/>
  <system-out><![CDATA[]]></system-out>
  <system-err><![CDATA[]]></system-err>
</testsuite>
