<?xml version="1.0" encoding="UTF-8"?>
<testsuite name="org.springframework.jmx.export.CustomEditorConfigurerTests" tests="2" skipped="0" failures="0" errors="0" timestamp="2021-06-20T08:13:01" hostname="gankangdembp" time="0.027">
  <properties/>
  <testcase name="datesInApplicationContext()" classname="org.springframework.jmx.export.CustomEditorConfigurerTests" time="0.02"/>
  <testcase name="datesInJmx()" classname="org.springframework.jmx.export.CustomEditorConfigurerTests" time="0.007"/>
  <system-out><![CDATA[]]></system-out>
  <system-err><![CDATA[]]></system-err>
</testsuite>
