<?xml version="1.0" encoding="UTF-8"?>
<testsuite name="org.springframework.context.annotation.configuration.ImportedConfigurationClassEnhancementTests" tests="5" skipped="0" failures="0" errors="0" timestamp="2020-05-29T13:58:08" hostname="bamboo-18" time="0.078">
  <properties/>
  <testcase name="autowiredConfigClassIsEnhancedWhenRegisteredViaConstructor()" classname="org.springframework.context.annotation.configuration.ImportedConfigurationClassEnhancementTests" time="0.02"/>
  <testcase name="autowiredConfigClassIsEnhancedWhenImported()" classname="org.springframework.context.annotation.configuration.ImportedConfigurationClassEnhancementTests" time="0.028"/>
  <testcase name="importingNonConfigurationClassCausesBeanDefinitionParsingException()" classname="org.springframework.context.annotation.configuration.ImportedConfigurationClassEnhancementTests" time="0.006"/>
  <testcase name="autowiredConfigClassBeanMethodsRespectScopingWhenImported()" classname="org.springframework.context.annotation.configuration.ImportedConfigurationClassEnhancementTests" time="0.003"/>
  <testcase name="autowiredConfigClassBeanMethodsRespectScopingWhenRegisteredViaConstructor()" classname="org.springframework.context.annotation.configuration.ImportedConfigurationClassEnhancementTests" time="0.021"/>
  <system-out><![CDATA[]]></system-out>
  <system-err><![CDATA[]]></system-err>
</testsuite>
