<?xml version="1.0" encoding="UTF-8"?>
<testsuite name="org.springframework.scripting.groovy.GroovyAspectTests" tests="4" skipped="0" failures="0" errors="0" timestamp="2021-06-20T08:12:22" hostname="gankangdembp" time="0.276">
  <properties/>
  <testcase name="manualGroovyBeanWithStaticPointcut()" classname="org.springframework.scripting.groovy.GroovyAspectTests" time="0.118"/>
  <testcase name="manualGroovyBeanWithDynamicPointcutProxyTargetClass()" classname="org.springframework.scripting.groovy.GroovyAspectTests" time="0.09"/>
  <testcase name="manualGroovyBeanWithUnconditionalPointcut()" classname="org.springframework.scripting.groovy.GroovyAspectTests" time="0.04"/>
  <testcase name="manualGroovyBeanWithDynamicPointcut()" classname="org.springframework.scripting.groovy.GroovyAspectTests" time="0.025"/>
  <system-out><![CDATA[]]></system-out>
  <system-err><![CDATA[]]></system-err>
</testsuite>
