<?xml version="1.0" encoding="UTF-8"?>
<testsuite name="org.springframework.context.annotation.configuration.BeanMethodQualificationTests" tests="8" skipped="0" failures="0" errors="0" timestamp="2020-05-29T13:58:09" hostname="bamboo-18" time="0.089">
  <properties/>
  <testcase name="testCustomWithLazyResolution()" classname="org.springframework.context.annotation.configuration.BeanMethodQualificationTests" time="0.015"/>
  <testcase name="testCustomWithAttributeOverride()" classname="org.springframework.context.annotation.configuration.BeanMethodQualificationTests" time="0.009"/>
  <testcase name="testCustomWithEarlyResolution()" classname="org.springframework.context.annotation.configuration.BeanMethodQualificationTests" time="0.015"/>
  <testcase name="testBeanNamesForAnnotation()" classname="org.springframework.context.annotation.configuration.BeanMethodQualificationTests" time="0.007"/>
  <testcase name="testCustomWithAsm()" classname="org.springframework.context.annotation.configuration.BeanMethodQualificationTests" time="0.009"/>
  <testcase name="testScoped()" classname="org.springframework.context.annotation.configuration.BeanMethodQualificationTests" time="0.019"/>
  <testcase name="testStandard()" classname="org.springframework.context.annotation.configuration.BeanMethodQualificationTests" time="0.006"/>
  <testcase name="testScopedProxy()" classname="org.springframework.context.annotation.configuration.BeanMethodQualificationTests" time="0.008"/>
  <system-out><![CDATA[]]></system-out>
  <system-err><![CDATA[]]></system-err>
</testsuite>
