<?xml version="1.0" encoding="UTF-8"?>
<testsuite name="org.springframework.context.expression.CachedExpressionEvaluatorTests" tests="3" skipped="0" failures="0" errors="0" timestamp="2020-05-29T13:58:11" hostname="bamboo-18" time="0.006">
  <properties/>
  <testcase name="cacheExpressionBasedOnConcreteType()" classname="org.springframework.context.expression.CachedExpressionEvaluatorTests" time="0.003"/>
  <testcase name="parseNewExpression()" classname="org.springframework.context.expression.CachedExpressionEvaluatorTests" time="0.002"/>
  <testcase name="cacheExpression()" classname="org.springframework.context.expression.CachedExpressionEvaluatorTests" time="0.0"/>
  <system-out><![CDATA[]]></system-out>
  <system-err><![CDATA[]]></system-err>
</testsuite>
