<?xml version="1.0" encoding="UTF-8"?>
<testsuite name="org.springframework.context.annotation.InvalidConfigurationClassDefinitionTests" tests="1" skipped="0" failures="0" errors="0" timestamp="2020-05-29T13:58:10" hostname="bamboo-18" time="0.005">
  <properties/>
  <testcase name="configurationClassesMayNotBeFinal()" classname="org.springframework.context.annotation.InvalidConfigurationClassDefinitionTests" time="0.005"/>
  <system-out><![CDATA[]]></system-out>
  <system-err><![CDATA[]]></system-err>
</testsuite>
