<?xml version="1.0" encoding="UTF-8"?>
<testsuite name="org.springframework.context.annotation.AggressiveFactoryBeanInstantiationTests" tests="3" skipped="0" failures="0" errors="0" timestamp="2021-06-20T08:11:28" hostname="gankangdembp" time="0.093">
  <properties/>
  <testcase name="checkLinkageError()" classname="org.springframework.context.annotation.AggressiveFactoryBeanInstantiationTests" time="0.046"/>
  <testcase name="directlyRegisteredFactoryBean()" classname="org.springframework.context.annotation.AggressiveFactoryBeanInstantiationTests" time="0.004"/>
  <testcase name="beanMethodFactoryBean()" classname="org.springframework.context.annotation.AggressiveFactoryBeanInstantiationTests" time="0.043"/>
  <system-out><![CDATA[16:11:28.049 [Test worker] WARN  o.s.c.a.AnnotationConfigApplicationContext - Exception encountered during context initialization - cancelling refresh attempt: org.springframework.beans.factory.UnsatisfiedDependencyException: Error creating bean with name 'autowiredBean': Unsatisfied dependency expressed through field 'foo'; nested exception is org.springframework.beans.factory.BeanCreationException: Error creating bean with name 'simpleFactoryBean' defined in org.springframework.context.annotation.AggressiveFactoryBeanInstantiationTests$BeanMethodConfigurationWithExceptionInInitializer: Bean instantiation via factory method failed; nested exception is org.springframework.beans.BeanInstantiationException: Failed to instantiate [org.springframework.context.annotation.AggressiveFactoryBeanInstantiationTests$SimpleFactoryBean]: Factory method 'simpleFactoryBean' threw exception; nested exception is java.lang.ExceptionInInitializerError
]]></system-out>
  <system-err><![CDATA[]]></system-err>
</testsuite>
