<?xml version="1.0" encoding="UTF-8"?>
<testsuite name="org.springframework.scripting.groovy.GroovyClassLoadingTests" tests="1" skipped="0" failures="0" errors="0" timestamp="2021-06-20T08:12:06" hostname="gankangdembp" time="0.075">
  <properties/>
  <testcase name="classLoading()" classname="org.springframework.scripting.groovy.GroovyClassLoadingTests" time="0.075"/>
  <system-out><![CDATA[]]></system-out>
  <system-err><![CDATA[]]></system-err>
</testsuite>
