<?xml version="1.0" encoding="UTF-8"?>
<testsuite name="org.springframework.cache.config.CacheAdviceNamespaceTests" tests="61" skipped="0" failures="0" errors="0" timestamp="2020-05-29T13:58:27" hostname="bamboo-18" time="3.869">
  <properties/>
  <testcase name="testMultiConditionalCacheAndEvict()" classname="org.springframework.cache.config.CacheAdviceNamespaceTests" time="0.156"/>
  <testcase name="testClassEvictWithKeyEarly()" classname="org.springframework.cache.config.CacheAdviceNamespaceTests" time="0.079"/>
  <testcase name="testClassCheckedExceptionSync()" classname="org.springframework.cache.config.CacheAdviceNamespaceTests" time="0.073"/>
  <testcase name="testKeyExpression()" classname="org.springframework.cache.config.CacheAdviceNamespaceTests" time="0.071"/>
  <testcase name="testConditionalUpdate()" classname="org.springframework.cache.config.CacheAdviceNamespaceTests" time="0.09"/>
  <testcase name="testClassMultiCacheAndEvict()" classname="org.springframework.cache.config.CacheAdviceNamespaceTests" time="0.054"/>
  <testcase name="testCacheableSyncNull()" classname="org.springframework.cache.config.CacheAdviceNamespaceTests" time="0.07"/>
  <testcase name="testUnknownCustomKeyGenerator()" classname="org.springframework.cache.config.CacheAdviceNamespaceTests" time="0.065"/>
  <testcase name="testClassRootVars()" classname="org.springframework.cache.config.CacheAdviceNamespaceTests" time="0.072"/>
  <testcase name="testMethodName()" classname="org.springframework.cache.config.CacheAdviceNamespaceTests" time="0.083"/>
  <testcase name="testEvictWithException()" classname="org.springframework.cache.config.CacheAdviceNamespaceTests" time="0.051"/>
  <testcase name="testClassUpdate()" classname="org.springframework.cache.config.CacheAdviceNamespaceTests" time="0.062"/>
  <testcase name="testCustomCacheManager()" classname="org.springframework.cache.config.CacheAdviceNamespaceTests" time="0.057"/>
  <testcase name="testEvict()" classname="org.springframework.cache.config.CacheAdviceNamespaceTests" time="0.064"/>
  <testcase name="testCheckedExceptionSync()" classname="org.springframework.cache.config.CacheAdviceNamespaceTests" time="0.095"/>
  <testcase name="testClassEvictEarly()" classname="org.springframework.cache.config.CacheAdviceNamespaceTests" time="0.06"/>
  <testcase name="testClassNullArg()" classname="org.springframework.cache.config.CacheAdviceNamespaceTests" time="0.058"/>
  <testcase name="testClassEvictAll()" classname="org.springframework.cache.config.CacheAdviceNamespaceTests" time="0.066"/>
  <testcase name="testPutRefersToResult()" classname="org.springframework.cache.config.CacheAdviceNamespaceTests" time="0.081"/>
  <testcase name="testClassCacheUnlessExpression()" classname="org.springframework.cache.config.CacheAdviceNamespaceTests" time="0.055"/>
  <testcase name="testConditionalExpressionSync()" classname="org.springframework.cache.config.CacheAdviceNamespaceTests" time="0.066"/>
  <testcase name="testClassConditionalUpdate()" classname="org.springframework.cache.config.CacheAdviceNamespaceTests" time="0.056"/>
  <testcase name="testConditionalExpression()" classname="org.springframework.cache.config.CacheAdviceNamespaceTests" time="0.036"/>
  <testcase name="testClassMultiPut()" classname="org.springframework.cache.config.CacheAdviceNamespaceTests" time="0.058"/>
  <testcase name="testClassUncheckedException()" classname="org.springframework.cache.config.CacheAdviceNamespaceTests" time="0.062"/>
  <testcase name="testClassCacheEvictWithWKey()" classname="org.springframework.cache.config.CacheAdviceNamespaceTests" time="0.051"/>
  <testcase name="testClassNullValue()" classname="org.springframework.cache.config.CacheAdviceNamespaceTests" time="0.065"/>
  <testcase name="testUncheckedExceptionSync()" classname="org.springframework.cache.config.CacheAdviceNamespaceTests" time="0.058"/>
  <testcase name="testClassUncheckedExceptionSync()" classname="org.springframework.cache.config.CacheAdviceNamespaceTests" time="0.032"/>
  <testcase name="testClassCacheCacheable()" classname="org.springframework.cache.config.CacheAdviceNamespaceTests" time="0.045"/>
  <testcase name="testClassMethodName()" classname="org.springframework.cache.config.CacheAdviceNamespaceTests" time="0.061"/>
  <testcase name="testCustomKeyGenerator()" classname="org.springframework.cache.config.CacheAdviceNamespaceTests" time="0.046"/>
  <testcase name="testCacheable()" classname="org.springframework.cache.config.CacheAdviceNamespaceTests" time="0.054"/>
  <testcase name="testCheckedException()" classname="org.springframework.cache.config.CacheAdviceNamespaceTests" time="0.062"/>
  <testcase name="testClassPutRefersToResult()" classname="org.springframework.cache.config.CacheAdviceNamespaceTests" time="0.06"/>
  <testcase name="testVarArgsKey()" classname="org.springframework.cache.config.CacheAdviceNamespaceTests" time="0.064"/>
  <testcase name="testMultiCache()" classname="org.springframework.cache.config.CacheAdviceNamespaceTests" time="0.06"/>
  <testcase name="testMultiEvict()" classname="org.springframework.cache.config.CacheAdviceNamespaceTests" time="0.043"/>
  <testcase name="testMultiCacheAndEvict()" classname="org.springframework.cache.config.CacheAdviceNamespaceTests" time="0.057"/>
  <testcase name="testRootVars()" classname="org.springframework.cache.config.CacheAdviceNamespaceTests" time="0.054"/>
  <testcase name="testClassMultiConditionalCacheAndEvict()" classname="org.springframework.cache.config.CacheAdviceNamespaceTests" time="0.053"/>
  <testcase name="testClassEvictWithException()" classname="org.springframework.cache.config.CacheAdviceNamespaceTests" time="0.051"/>
  <testcase name="testClassCheckedException()" classname="org.springframework.cache.config.CacheAdviceNamespaceTests" time="0.045"/>
  <testcase name="testClassCacheEvict()" classname="org.springframework.cache.config.CacheAdviceNamespaceTests" time="0.06"/>
  <testcase name="testEvictWithKey()" classname="org.springframework.cache.config.CacheAdviceNamespaceTests" time="0.063"/>
  <testcase name="testUnlessExpression()" classname="org.springframework.cache.config.CacheAdviceNamespaceTests" time="0.06"/>
  <testcase name="testEvictAllEarly()" classname="org.springframework.cache.config.CacheAdviceNamespaceTests" time="0.045"/>
  <testcase name="testEvictAll()" classname="org.springframework.cache.config.CacheAdviceNamespaceTests" time="0.066"/>
  <testcase name="testCacheableNull()" classname="org.springframework.cache.config.CacheAdviceNamespaceTests" time="0.039"/>
  <testcase name="testCacheableSync()" classname="org.springframework.cache.config.CacheAdviceNamespaceTests" time="0.051"/>
  <testcase name="testEvictWithKeyEarly()" classname="org.springframework.cache.config.CacheAdviceNamespaceTests" time="0.036"/>
  <testcase name="testMultiPut()" classname="org.springframework.cache.config.CacheAdviceNamespaceTests" time="0.041"/>
  <testcase name="testUnknownCustomCacheManager()" classname="org.springframework.cache.config.CacheAdviceNamespaceTests" time="0.025"/>
  <testcase name="testUncheckedException()" classname="org.springframework.cache.config.CacheAdviceNamespaceTests" time="0.042"/>
  <testcase name="testNullValue()" classname="org.springframework.cache.config.CacheAdviceNamespaceTests" time="0.039"/>
  <testcase name="testEvictEarly()" classname="org.springframework.cache.config.CacheAdviceNamespaceTests" time="0.066"/>
  <testcase name="testUpdate()" classname="org.springframework.cache.config.CacheAdviceNamespaceTests" time="0.051"/>
  <testcase name="testNullArg()" classname="org.springframework.cache.config.CacheAdviceNamespaceTests" time="0.043"/>
  <testcase name="testClassMultiCache()" classname="org.springframework.cache.config.CacheAdviceNamespaceTests" time="0.058"/>
  <testcase name="testClassMultiEvict()" classname="org.springframework.cache.config.CacheAdviceNamespaceTests" time="0.051"/>
  <testcase name="testKeyStrategy()" classname="org.springframework.cache.config.CacheAdviceNamespaceTests" time="0.051"/>
  <system-out><![CDATA[]]></system-out>
  <system-err><![CDATA[]]></system-err>
</testsuite>
