<?xml version="1.0" encoding="UTF-8"?>
<testsuite name="org.springframework.context.annotation.configuration.ImportAnnotationDetectionTests" tests="4" skipped="0" failures="0" errors="0" timestamp="2020-05-29T13:58:07" hostname="bamboo-18" time="0.071">
  <properties/>
  <testcase name="localImportIsProcessedLast()" classname="org.springframework.context.annotation.configuration.ImportAnnotationDetectionTests" time="0.034"/>
  <testcase name="importFromBean()" classname="org.springframework.context.annotation.configuration.ImportAnnotationDetectionTests" time="0.008"/>
  <testcase name="localAndMetaImportsAreProcessed()" classname="org.springframework.context.annotation.configuration.ImportAnnotationDetectionTests" time="0.018"/>
  <testcase name="multipleMetaImportsAreProcessed()" classname="org.springframework.context.annotation.configuration.ImportAnnotationDetectionTests" time="0.01"/>
  <system-out><![CDATA[]]></system-out>
  <system-err><![CDATA[]]></system-err>
</testsuite>
