<?xml version="1.0" encoding="UTF-8"?>
<testsuite name="org.springframework.aop.aspectj.AroundAdviceCircularTests" tests="5" skipped="0" failures="0" errors="0" timestamp="2021-06-20T08:13:07" hostname="gankangdembp" time="0.283">
  <properties/>
  <testcase name="testJustJoinPoint()" classname="org.springframework.aop.aspectj.AroundAdviceCircularTests" time="0.12"/>
  <testcase name="testOneObjectArgBoundToTarget()" classname="org.springframework.aop.aspectj.AroundAdviceCircularTests" time="0.031"/>
  <testcase name="testOneIntAndOneObjectArgs()" classname="org.springframework.aop.aspectj.AroundAdviceCircularTests" time="0.076"/>
  <testcase name="testOneIntArg()" classname="org.springframework.aop.aspectj.AroundAdviceCircularTests" time="0.033"/>
  <testcase name="testBothBeansAreProxies()" classname="org.springframework.aop.aspectj.AroundAdviceCircularTests" time="0.023"/>
  <system-out><![CDATA[]]></system-out>
  <system-err><![CDATA[]]></system-err>
</testsuite>
