<?xml version="1.0" encoding="UTF-8"?>
<testsuite name="org.springframework.aop.scope.ScopedProxyTests" tests="5" skipped="0" failures="0" errors="0" timestamp="2020-05-29T13:58:38" hostname="bamboo-18" time="0.146">
  <properties/>
  <testcase name="testSimpleProxy()" classname="org.springframework.aop.scope.ScopedProxyTests" time="0.023"/>
  <testcase name="testJdkScopedProxy()" classname="org.springframework.aop.scope.ScopedProxyTests" time="0.023"/>
  <testcase name="testProxyAssignable()" classname="org.springframework.aop.scope.ScopedProxyTests" time="0.019"/>
  <testcase name="testCglibScopedProxy()" classname="org.springframework.aop.scope.ScopedProxyTests" time="0.042"/>
  <testcase name="testScopedOverride()" classname="org.springframework.aop.scope.ScopedProxyTests" time="0.038"/>
  <system-out><![CDATA[]]></system-out>
  <system-err><![CDATA[]]></system-err>
</testsuite>
