<?xml version="1.0" encoding="UTF-8"?>
<testsuite name="org.springframework.ejb.access.LocalSlsbInvokerInterceptorTests" tests="5" skipped="0" failures="0" errors="0" timestamp="2021-06-20T08:13:15" hostname="gankangdembp" time="0.085">
  <properties/>
  <testcase name="testInvokesMethodOnEjbInstance()" classname="org.springframework.ejb.access.LocalSlsbInvokerInterceptorTests" time="0.036"/>
  <testcase name="testApplicationException()" classname="org.springframework.ejb.access.LocalSlsbInvokerInterceptorTests" time="0.02"/>
  <testcase name="testPerformsLookup()" classname="org.springframework.ejb.access.LocalSlsbInvokerInterceptorTests" time="0.001"/>
  <testcase name="testInvokesMethodOnEjbInstanceWithSeparateBusinessMethods()" classname="org.springframework.ejb.access.LocalSlsbInvokerInterceptorTests" time="0.017"/>
  <testcase name="testLookupFailure()" classname="org.springframework.ejb.access.LocalSlsbInvokerInterceptorTests" time="0.009"/>
  <system-out><![CDATA[]]></system-out>
  <system-err><![CDATA[]]></system-err>
</testsuite>
