<?xml version="1.0" encoding="UTF-8"?>
<testsuite name="org.springframework.jmx.export.annotation.AnnotationMetadataAssemblerTests" tests="32" skipped="0" failures="0" errors="0" timestamp="2021-06-20T08:13:00" hostname="gankangdembp" time="0.93">
  <properties/>
  <testcase name="testDescriptionNotNull()" classname="org.springframework.jmx.export.annotation.AnnotationMetadataAssemblerTests" time="0.084"/>
  <testcase name="testGetMBeanAttributeInfo()" classname="org.springframework.jmx.export.annotation.AnnotationMetadataAssemblerTests" time="0.021"/>
  <testcase name="testSetAttribute()" classname="org.springframework.jmx.export.annotation.AnnotationMetadataAssemblerTests" time="0.017"/>
  <testcase name="testAttributeInfoHasDescriptors()" classname="org.springframework.jmx.export.annotation.AnnotationMetadataAssemblerTests" time="0.03"/>
  <testcase name="testGetMBeanInfo()" classname="org.springframework.jmx.export.annotation.AnnotationMetadataAssemblerTests" time="0.021"/>
  <testcase name="testGetMBeanOperationInfo()" classname="org.springframework.jmx.export.annotation.AnnotationMetadataAssemblerTests" time="0.035"/>
  <testcase name="testRegisterOperations()" classname="org.springframework.jmx.export.annotation.AnnotationMetadataAssemblerTests" time="0.018"/>
  <testcase name="testRegisterAttributes()" classname="org.springframework.jmx.export.annotation.AnnotationMetadataAssemblerTests" time="0.023"/>
  <testcase name="testNotificationMetadata()" classname="org.springframework.jmx.export.annotation.AnnotationMetadataAssemblerTests" time="0.022"/>
  <testcase name="testAttributeHasCorrespondingOperations()" classname="org.springframework.jmx.export.annotation.AnnotationMetadataAssemblerTests" time="0.032"/>
  <testcase name="testMBeanRegistration()" classname="org.springframework.jmx.export.annotation.AnnotationMetadataAssemblerTests" time="0.011"/>
  <testcase name="testGetAttribute()" classname="org.springframework.jmx.export.annotation.AnnotationMetadataAssemblerTests" time="0.012"/>
  <testcase name="testOperationInvocation()" classname="org.springframework.jmx.export.annotation.AnnotationMetadataAssemblerTests" time="0.012"/>
  <testcase name="testOperationParameterMetadata()" classname="org.springframework.jmx.export.annotation.AnnotationMetadataAssemblerTests" time="0.042"/>
  <testcase name="testManagedResourceDescriptor()" classname="org.springframework.jmx.export.annotation.AnnotationMetadataAssemblerTests" time="0.046"/>
  <testcase name="testMetricDescriptor()" classname="org.springframework.jmx.export.annotation.AnnotationMetadataAssemblerTests" time="0.036"/>
  <testcase name="testOperationDescriptor()" classname="org.springframework.jmx.export.annotation.AnnotationMetadataAssemblerTests" time="0.032"/>
  <testcase name="testMetricDescription()" classname="org.springframework.jmx.export.annotation.AnnotationMetadataAssemblerTests" time="0.029"/>
  <testcase name="testWithOnlyGetter()" classname="org.springframework.jmx.export.annotation.AnnotationMetadataAssemblerTests" time="0.026"/>
  <testcase name="testReadWriteAttribute()" classname="org.springframework.jmx.export.annotation.AnnotationMetadataAssemblerTests" time="0.022"/>
  <testcase name="testWithOnlySetter()" classname="org.springframework.jmx.export.annotation.AnnotationMetadataAssemblerTests" time="0.018"/>
  <testcase name="testMetricDescriptorDefaults()" classname="org.springframework.jmx.export.annotation.AnnotationMetadataAssemblerTests" time="0.037"/>
  <testcase name="testAttributeDescriptionOnGetter()" classname="org.springframework.jmx.export.annotation.AnnotationMetadataAssemblerTests" time="0.033"/>
  <testcase name="testWithCglibProxy()" classname="org.springframework.jmx.export.annotation.AnnotationMetadataAssemblerTests" time="0.054"/>
  <testcase name="testReadOnlyAttribute()" classname="org.springframework.jmx.export.annotation.AnnotationMetadataAssemblerTests" time="0.037"/>
  <testcase name="testAttributeDescriptionOnSetter()" classname="org.springframework.jmx.export.annotation.AnnotationMetadataAssemblerTests" time="0.032"/>
  <testcase name="testDescription()" classname="org.springframework.jmx.export.annotation.AnnotationMetadataAssemblerTests" time="0.022"/>
  <testcase name="testAttributeDescriptor()" classname="org.springframework.jmx.export.annotation.AnnotationMetadataAssemblerTests" time="0.034"/>
  <testcase name="testRegistrationOnInterface()" classname="org.springframework.jmx.export.annotation.AnnotationMetadataAssemblerTests" time="0.017"/>
  <testcase name="testOperationOnGetter()" classname="org.springframework.jmx.export.annotation.AnnotationMetadataAssemblerTests" time="0.023"/>
  <testcase name="testOperationFromInterface()" classname="org.springframework.jmx.export.annotation.AnnotationMetadataAssemblerTests" time="0.02"/>
  <testcase name="testAttributeFromInterface()" classname="org.springframework.jmx.export.annotation.AnnotationMetadataAssemblerTests" time="0.016"/>
  <system-out><![CDATA[]]></system-out>
  <system-err><![CDATA[]]></system-err>
</testsuite>
