<?xml version="1.0" encoding="UTF-8"?>
<testsuite name="org.springframework.context.annotation.ImportAwareTests" tests="9" skipped="0" failures="0" errors="0" timestamp="2020-05-29T13:58:10" hostname="bamboo-18" time="0.119">
  <properties/>
  <testcase name="directlyAnnotatedWithImport()" classname="org.springframework.context.annotation.ImportAwareTests" time="0.01"/>
  <testcase name="metadataFromImportsTwoThenOne()" classname="org.springframework.context.annotation.ImportAwareTests" time="0.023"/>
  <testcase name="indirectlyAnnotatedWithImport()" classname="org.springframework.context.annotation.ImportAwareTests" time="0.004"/>
  <testcase name="metadataFromImportsOneThenThree()" classname="org.springframework.context.annotation.ImportAwareTests" time="0.003"/>
  <testcase name="directlyAnnotatedWithImportLite()" classname="org.springframework.context.annotation.ImportAwareTests" time="0.027"/>
  <testcase name="importAwareWithAnnotationAttributes()" classname="org.springframework.context.annotation.ImportAwareTests" time="0.004"/>
  <testcase name="importRegistrar()" classname="org.springframework.context.annotation.ImportAwareTests" time="0.004"/>
  <testcase name="importRegistrarWithImport()" classname="org.springframework.context.annotation.ImportAwareTests" time="0.025"/>
  <testcase name="metadataFromImportsOneThenTwo()" classname="org.springframework.context.annotation.ImportAwareTests" time="0.002"/>
  <system-out><![CDATA[]]></system-out>
  <system-err><![CDATA[]]></system-err>
</testsuite>
