<?xml version="1.0" encoding="UTF-8"?>
<testsuite name="org.springframework.aop.aspectj.AfterAdviceBindingTests" tests="6" skipped="0" failures="0" errors="0" timestamp="2020-05-29T13:58:41" hostname="bamboo-18" time="0.089">
  <properties/>
  <testcase name="testNeedsJoinPoint()" classname="org.springframework.aop.aspectj.AfterAdviceBindingTests" time="0.026"/>
  <testcase name="testOneObjectArgBindingTarget()" classname="org.springframework.aop.aspectj.AfterAdviceBindingTests" time="0.021"/>
  <testcase name="testOneIntAndOneObjectArgs()" classname="org.springframework.aop.aspectj.AfterAdviceBindingTests" time="0.011"/>
  <testcase name="testNeedsJoinPointStaticPart()" classname="org.springframework.aop.aspectj.AfterAdviceBindingTests" time="0.011"/>
  <testcase name="testOneIntArg()" classname="org.springframework.aop.aspectj.AfterAdviceBindingTests" time="0.011"/>
  <testcase name="testOneObjectArgBindingProxyWithThis()" classname="org.springframework.aop.aspectj.AfterAdviceBindingTests" time="0.008"/>
  <system-out><![CDATA[]]></system-out>
  <system-err><![CDATA[]]></system-err>
</testsuite>
