<?xml version="1.0" encoding="UTF-8"?>
<testsuite name="org.springframework.aop.framework.autoproxy.AutoProxyCreatorTests" tests="10" skipped="0" failures="0" errors="0" timestamp="2021-06-20T08:13:03" hostname="gankangdembp" time="0.114">
  <properties/>
  <testcase name="testCustomAutoProxyCreator()" classname="org.springframework.aop.framework.autoproxy.AutoProxyCreatorTests" time="0.043"/>
  <testcase name="testAutoProxyCreatorWithPackageVisibleMethod()" classname="org.springframework.aop.framework.autoproxy.AutoProxyCreatorTests" time="0.004"/>
  <testcase name="testAutoProxyCreatorWithFactoryBeanAndProxyObjectOnly()" classname="org.springframework.aop.framework.autoproxy.AutoProxyCreatorTests" time="0.004"/>
  <testcase name="testAutoProxyCreatorWithFallbackToTargetClass()" classname="org.springframework.aop.framework.autoproxy.AutoProxyCreatorTests" time="0.002"/>
  <testcase name="testAutoProxyCreatorWithFactoryBeanAndPrototype()" classname="org.springframework.aop.framework.autoproxy.AutoProxyCreatorTests" time="0.02"/>
  <testcase name="testBeanNameAutoProxyCreatorWithFactoryBeanProxy()" classname="org.springframework.aop.framework.autoproxy.AutoProxyCreatorTests" time="0.008"/>
  <testcase name="testBeanNameAutoProxyCreator()" classname="org.springframework.aop.framework.autoproxy.AutoProxyCreatorTests" time="0.006"/>
  <testcase name="testAutoProxyCreatorWithFactoryBeanAndProxyFactoryBeanOnly()" classname="org.springframework.aop.framework.autoproxy.AutoProxyCreatorTests" time="0.001"/>
  <testcase name="testAutoProxyCreatorWithFallbackToDynamicProxy()" classname="org.springframework.aop.framework.autoproxy.AutoProxyCreatorTests" time="0.021"/>
  <testcase name="testAutoProxyCreatorWithFactoryBean()" classname="org.springframework.aop.framework.autoproxy.AutoProxyCreatorTests" time="0.001"/>
  <system-out><![CDATA[]]></system-out>
  <system-err><![CDATA[]]></system-err>
</testsuite>
