<?xml version="1.0" encoding="UTF-8"?>
<testsuite name="org.springframework.aop.scope.ScopedProxyTests" tests="5" skipped="0" failures="0" errors="0" timestamp="2021-06-20T08:13:10" hostname="gankangdembp" time="0.128">
  <properties/>
  <testcase name="testSimpleProxy()" classname="org.springframework.aop.scope.ScopedProxyTests" time="0.031"/>
  <testcase name="testJdkScopedProxy()" classname="org.springframework.aop.scope.ScopedProxyTests" time="0.019"/>
  <testcase name="testProxyAssignable()" classname="org.springframework.aop.scope.ScopedProxyTests" time="0.026"/>
  <testcase name="testCglibScopedProxy()" classname="org.springframework.aop.scope.ScopedProxyTests" time="0.032"/>
  <testcase name="testScopedOverride()" classname="org.springframework.aop.scope.ScopedProxyTests" time="0.015"/>
  <system-out><![CDATA[]]></system-out>
  <system-err><![CDATA[]]></system-err>
</testsuite>
