<?xml version="1.0" encoding="UTF-8"?>
<testsuite name="org.springframework.context.annotation.Spr11202Tests" tests="2" skipped="0" failures="0" errors="0" timestamp="2021-06-20T08:11:17" hostname="gankangdembp" time="0.084">
  <properties/>
  <testcase name="testWithImporter()" classname="org.springframework.context.annotation.Spr11202Tests" time="0.064"/>
  <testcase name="testWithoutImporter()" classname="org.springframework.context.annotation.Spr11202Tests" time="0.019"/>
  <system-out><![CDATA[]]></system-out>
  <system-err><![CDATA[]]></system-err>
</testsuite>
