<?xml version="1.0" encoding="UTF-8"?>
<testsuite name="org.springframework.cache.interceptor.CachePutEvaluationTests" tests="2" skipped="0" failures="0" errors="0" timestamp="2020-05-29T13:58:36" hostname="bamboo-18" time="0.046">
  <properties/>
  <testcase name="getAndPut()" classname="org.springframework.cache.interceptor.CachePutEvaluationTests" time="0.032"/>
  <testcase name="mutualGetPutExclusion()" classname="org.springframework.cache.interceptor.CachePutEvaluationTests" time="0.014"/>
  <system-out><![CDATA[]]></system-out>
  <system-err><![CDATA[]]></system-err>
</testsuite>
