<?xml version="1.0" encoding="UTF-8"?>
<testsuite name="org.springframework.context.annotation.ImportSelectorTests" tests="8" skipped="0" failures="0" errors="0" timestamp="2020-05-29T13:58:02" hostname="bamboo-18" time="2.027">
  <properties/>
  <testcase name="invokeAwareMethodsInImportGroup()" classname="org.springframework.context.annotation.ImportSelectorTests" time="0.017"/>
  <testcase name="importSelectors()" classname="org.springframework.context.annotation.ImportSelectorTests" time="1.131"/>
  <testcase name="invokeAwareMethodsInImportSelector()" classname="org.springframework.context.annotation.ImportSelectorTests" time="0.004"/>
  <testcase name="importSelectorsWithNestedGroup()" classname="org.springframework.context.annotation.ImportSelectorTests" time="0.18"/>
  <testcase name="importSelectorsWithGroup()" classname="org.springframework.context.annotation.ImportSelectorTests" time="0.219"/>
  <testcase name="importSelectorsSeparateWithGroup()" classname="org.springframework.context.annotation.ImportSelectorTests" time="0.185"/>
  <testcase name="correctMetadataOnIndirectImports()" classname="org.springframework.context.annotation.ImportSelectorTests" time="0.014"/>
  <testcase name="importSelectorsWithNestedGroupSameDeferredImport()" classname="org.springframework.context.annotation.ImportSelectorTests" time="0.211"/>
  <system-out><![CDATA[]]></system-out>
  <system-err><![CDATA[]]></system-err>
</testsuite>
