<?xml version="1.0" encoding="UTF-8"?>
<testsuite name="org.springframework.scripting.groovy.GroovyAspectTests" tests="4" skipped="0" failures="0" errors="0" timestamp="2020-05-29T13:58:17" hostname="bamboo-18" time="0.042">
  <properties/>
  <testcase name="manualGroovyBeanWithStaticPointcut()" classname="org.springframework.scripting.groovy.GroovyAspectTests" time="0.014"/>
  <testcase name="manualGroovyBeanWithDynamicPointcutProxyTargetClass()" classname="org.springframework.scripting.groovy.GroovyAspectTests" time="0.012"/>
  <testcase name="manualGroovyBeanWithUnconditionalPointcut()" classname="org.springframework.scripting.groovy.GroovyAspectTests" time="0.006"/>
  <testcase name="manualGroovyBeanWithDynamicPointcut()" classname="org.springframework.scripting.groovy.GroovyAspectTests" time="0.007"/>
  <system-out><![CDATA[]]></system-out>
  <system-err><![CDATA[]]></system-err>
</testsuite>
