<?xml version="1.0" encoding="UTF-8"?>
<testsuite name="org.springframework.context.annotation.ComponentScanParserTests" tests="8" skipped="0" failures="0" errors="0" timestamp="2021-06-20T08:11:19" hostname="gankangdembp" time="2.899">
  <properties/>
  <testcase name="componentScanWithAutowiredQualifier()" classname="org.springframework.context.annotation.ComponentScanParserTests" time="0.069"/>
  <testcase name="customTypeFilter()" classname="org.springframework.context.annotation.ComponentScanParserTests" time="0.823"/>
  <testcase name="aspectjTypeFilter()" classname="org.springframework.context.annotation.ComponentScanParserTests" time="0.123"/>
  <testcase name="componentScanRespectsProfileAnnotation()" classname="org.springframework.context.annotation.ComponentScanParserTests" time="0.241"/>
  <testcase name="aspectjTypeFilterWithPlaceholders()" classname="org.springframework.context.annotation.ComponentScanParserTests" time="0.14"/>
  <testcase name="matchingResourcePattern()" classname="org.springframework.context.annotation.ComponentScanParserTests" time="0.133"/>
  <testcase name="nonMatchingResourcePattern()" classname="org.springframework.context.annotation.ComponentScanParserTests" time="0.601"/>
  <testcase name="customAnnotationUsedForBothComponentScanAndQualifier()" classname="org.springframework.context.annotation.ComponentScanParserTests" time="0.767"/>
  <system-out><![CDATA[]]></system-out>
  <system-err><![CDATA[]]></system-err>
</testsuite>
