<?xml version="1.0" encoding="UTF-8"?>
<testsuite name="org.springframework.ui.ModelExtensionsTests" tests="1" skipped="0" failures="0" errors="0" timestamp="2020-05-29T13:58:45" hostname="bamboo-18" time="0.006">
  <properties/>
  <testcase name="setAttribute()" classname="org.springframework.ui.ModelExtensionsTests" time="0.006"/>
  <system-out><![CDATA[]]></system-out>
  <system-err><![CDATA[]]></system-err>
</testsuite>
