<?xml version="1.0" encoding="UTF-8"?>
<testsuite name="org.springframework.scheduling.annotation.AsyncExecutionTests" tests="18" skipped="0" failures="0" errors="0" timestamp="2020-05-29T13:57:43" hostname="bamboo-18" time="0.799">
  <properties/>
  <testcase name="asyncClass()" classname="org.springframework.scheduling.annotation.AsyncExecutionTests" time="0.124"/>
  <testcase name="asyncMethods()" classname="org.springframework.scheduling.annotation.AsyncExecutionTests" time="0.151"/>
  <testcase name="asyncMethodsInInterface()" classname="org.springframework.scheduling.annotation.AsyncExecutionTests" time="0.033"/>
  <testcase name="asyncClassWithInterface()" classname="org.springframework.scheduling.annotation.AsyncExecutionTests" time="0.035"/>
  <testcase name="asyncPrototypeClassListener()" classname="org.springframework.scheduling.annotation.AsyncExecutionTests" time="0.043"/>
  <testcase name="dynamicAsyncMethodsInInterfaceWithPostProcessor()" classname="org.springframework.scheduling.annotation.AsyncExecutionTests" time="0.032"/>
  <testcase name="asyncMethodsInInterfaceWithPostProcessor()" classname="org.springframework.scheduling.annotation.AsyncExecutionTests" time="0.015"/>
  <testcase name="asyncClassWithInterfaceAndPostProcessor()" classname="org.springframework.scheduling.annotation.AsyncExecutionTests" time="0.019"/>
  <testcase name="dynamicAsyncInterfaceWithPostProcessor()" classname="org.springframework.scheduling.annotation.AsyncExecutionTests" time="0.032"/>
  <testcase name="asyncInterfaceWithPostProcessor()" classname="org.springframework.scheduling.annotation.AsyncExecutionTests" time="0.024"/>
  <testcase name="dynamicAsyncInterface()" classname="org.springframework.scheduling.annotation.AsyncExecutionTests" time="0.015"/>
  <testcase name="asyncClassListener()" classname="org.springframework.scheduling.annotation.AsyncExecutionTests" time="0.056"/>
  <testcase name="asyncClassWithPostProcessor()" classname="org.springframework.scheduling.annotation.AsyncExecutionTests" time="0.019"/>
  <testcase name="asyncMethodsWithQualifier()" classname="org.springframework.scheduling.annotation.AsyncExecutionTests" time="0.059"/>
  <testcase name="asyncMethodsWithQualifierThroughInterface()" classname="org.springframework.scheduling.annotation.AsyncExecutionTests" time="0.045"/>
  <testcase name="asyncMethodListener()" classname="org.springframework.scheduling.annotation.AsyncExecutionTests" time="0.04"/>
  <testcase name="asyncMethodsThroughInterface()" classname="org.springframework.scheduling.annotation.AsyncExecutionTests" time="0.026"/>
  <testcase name="asyncInterface()" classname="org.springframework.scheduling.annotation.AsyncExecutionTests" time="0.025"/>
  <system-out><![CDATA[13:57:44.406 [e0-1] ERROR o.s.a.i.SimpleAsyncUncaughtExceptionHandler - Unexpected exception occurred invoking async method: public void org.springframework.scheduling.annotation.AsyncExecutionTests$AsyncMethodWithQualifierBean.doNothing(int)
org.opentest4j.AssertionFailedError: 
Expecting:
 <false>
to be equal to:
 <true>
but was not.
	at sun.reflect.NativeConstructorAccessorImpl.newInstance0(Native Method) ~[?:1.8.0_232]
	at sun.reflect.NativeConstructorAccessorImpl.newInstance(NativeConstructorAccessorImpl.java:62) ~[?:1.8.0_232]
	at sun.reflect.DelegatingConstructorAccessorImpl.newInstance(DelegatingConstructorAccessorImpl.java:45) ~[?:1.8.0_232]
	at org.springframework.scheduling.annotation.AsyncExecutionTests$AsyncMethodWithQualifierBean.doNothing(AsyncExecutionTests.java:478) ~[test/:?]
	at org.springframework.scheduling.annotation.AsyncExecutionTests$AsyncMethodWithQualifierBean$$FastClassBySpringCGLIB$$85bd9822.invoke(<generated>) ~[test/:?]
	at org.springframework.cglib.proxy.MethodProxy.invoke(MethodProxy.java:218) ~[spring-core-5.2.7.BUILD-SNAPSHOT.jar:5.2.7.BUILD-SNAPSHOT]
	at org.springframework.aop.framework.CglibAopProxy$CglibMethodInvocation.invokeJoinpoint(CglibAopProxy.java:771) ~[spring-aop-5.2.7.BUILD-SNAPSHOT.jar:?]
	at org.springframework.aop.framework.ReflectiveMethodInvocation.proceed(ReflectiveMethodInvocation.java:163) ~[spring-aop-5.2.7.BUILD-SNAPSHOT.jar:?]
	at org.springframework.aop.framework.CglibAopProxy$CglibMethodInvocation.proceed(CglibAopProxy.java:749) ~[spring-aop-5.2.7.BUILD-SNAPSHOT.jar:?]
	at org.springframework.aop.interceptor.AsyncExecutionInterceptor.lambda$invoke$0(AsyncExecutionInterceptor.java:115) ~[spring-aop-5.2.7.BUILD-SNAPSHOT.jar:5.2.7.BUILD-SNAPSHOT]
	at java.util.concurrent.FutureTask.run(FutureTask.java:266) [?:1.8.0_232]
	at java.util.concurrent.ThreadPoolExecutor.runWorker(ThreadPoolExecutor.java:1149) [?:1.8.0_232]
	at java.util.concurrent.ThreadPoolExecutor$Worker.run(ThreadPoolExecutor.java:624) [?:1.8.0_232]
	at java.lang.Thread.run(Thread.java:748) [?:1.8.0_232]
13:57:44.437 [e0-1] ERROR o.s.a.i.SimpleAsyncUncaughtExceptionHandler - Unexpected exception occurred invoking async method: public void org.springframework.scheduling.annotation.AsyncExecutionTests$AsyncMethodWithQualifierBean.doNothing(int)
org.opentest4j.AssertionFailedError: 
Expecting:
 <false>
to be equal to:
 <true>
but was not.
	at sun.reflect.NativeConstructorAccessorImpl.newInstance0(Native Method) ~[?:1.8.0_232]
	at sun.reflect.NativeConstructorAccessorImpl.newInstance(NativeConstructorAccessorImpl.java:62) ~[?:1.8.0_232]
	at sun.reflect.DelegatingConstructorAccessorImpl.newInstance(DelegatingConstructorAccessorImpl.java:45) ~[?:1.8.0_232]
	at org.springframework.scheduling.annotation.AsyncExecutionTests$AsyncMethodWithQualifierBean.doNothing(AsyncExecutionTests.java:478) ~[test/:?]
	at sun.reflect.NativeMethodAccessorImpl.invoke0(Native Method) ~[?:1.8.0_232]
	at sun.reflect.NativeMethodAccessorImpl.invoke(NativeMethodAccessorImpl.java:62) ~[?:1.8.0_232]
	at sun.reflect.DelegatingMethodAccessorImpl.invoke(DelegatingMethodAccessorImpl.java:43) ~[?:1.8.0_232]
	at java.lang.reflect.Method.invoke(Method.java:498) ~[?:1.8.0_232]
	at org.springframework.aop.support.AopUtils.invokeJoinpointUsingReflection(AopUtils.java:344) ~[spring-aop-5.2.7.BUILD-SNAPSHOT.jar:5.2.7.BUILD-SNAPSHOT]
	at org.springframework.aop.framework.ReflectiveMethodInvocation.invokeJoinpoint(ReflectiveMethodInvocation.java:198) ~[spring-aop-5.2.7.BUILD-SNAPSHOT.jar:?]
	at org.springframework.aop.framework.ReflectiveMethodInvocation.proceed(ReflectiveMethodInvocation.java:163) ~[spring-aop-5.2.7.BUILD-SNAPSHOT.jar:?]
	at org.springframework.aop.interceptor.AsyncExecutionInterceptor.lambda$invoke$0(AsyncExecutionInterceptor.java:115) ~[spring-aop-5.2.7.BUILD-SNAPSHOT.jar:5.2.7.BUILD-SNAPSHOT]
	at java.util.concurrent.FutureTask.run(FutureTask.java:266) [?:1.8.0_232]
	at java.util.concurrent.ThreadPoolExecutor.runWorker(ThreadPoolExecutor.java:1149) [?:1.8.0_232]
	at java.util.concurrent.ThreadPoolExecutor$Worker.run(ThreadPoolExecutor.java:624) [?:1.8.0_232]
	at java.lang.Thread.run(Thread.java:748) [?:1.8.0_232]
]]></system-out>
  <system-err><![CDATA[]]></system-err>
</testsuite>
