<?xml version="1.0" encoding="UTF-8"?>
<testsuite name="org.springframework.context.annotation.ComponentScanParserTests" tests="8" skipped="0" failures="0" errors="0" timestamp="2020-05-29T13:58:05" hostname="bamboo-18" time="0.658">
  <properties/>
  <testcase name="componentScanWithAutowiredQualifier()" classname="org.springframework.context.annotation.ComponentScanParserTests" time="0.025"/>
  <testcase name="customTypeFilter()" classname="org.springframework.context.annotation.ComponentScanParserTests" time="0.156"/>
  <testcase name="aspectjTypeFilter()" classname="org.springframework.context.annotation.ComponentScanParserTests" time="0.028"/>
  <testcase name="componentScanRespectsProfileAnnotation()" classname="org.springframework.context.annotation.ComponentScanParserTests" time="0.043"/>
  <testcase name="aspectjTypeFilterWithPlaceholders()" classname="org.springframework.context.annotation.ComponentScanParserTests" time="0.047"/>
  <testcase name="matchingResourcePattern()" classname="org.springframework.context.annotation.ComponentScanParserTests" time="0.02"/>
  <testcase name="nonMatchingResourcePattern()" classname="org.springframework.context.annotation.ComponentScanParserTests" time="0.149"/>
  <testcase name="customAnnotationUsedForBothComponentScanAndQualifier()" classname="org.springframework.context.annotation.ComponentScanParserTests" time="0.188"/>
  <system-out><![CDATA[]]></system-out>
  <system-err><![CDATA[]]></system-err>
</testsuite>
