<?xml version="1.0" encoding="UTF-8"?>
<testsuite name="org.springframework.jmx.export.NotificationPublisherTests" tests="4" skipped="0" failures="0" errors="0" timestamp="2021-06-20T08:12:57" hostname="gankangdembp" time="0.08">
  <properties/>
  <testcase name="testSimpleBean()" classname="org.springframework.jmx.export.NotificationPublisherTests" time="0.046"/>
  <testcase name="testMBean()" classname="org.springframework.jmx.export.NotificationPublisherTests" time="0.008"/>
  <testcase name="testLazyInit()" classname="org.springframework.jmx.export.NotificationPublisherTests" time="0.019"/>
  <testcase name="testSimpleBeanRegisteredManually()" classname="org.springframework.jmx.export.NotificationPublisherTests" time="0.007"/>
  <system-out><![CDATA[]]></system-out>
  <system-err><![CDATA[]]></system-err>
</testsuite>
