<?xml version="1.0" encoding="UTF-8"?>
<testsuite name="org.springframework.scheduling.concurrent.ScheduledExecutorFactoryBeanTests" tests="11" skipped="5" failures="0" errors="0" timestamp="2020-05-29T13:57:46" hostname="bamboo-18" time="0.306">
  <properties/>
  <testcase name="testSettingRejectedExecutionHandlerToNullForcesUseOfDefaultButIsOtherwiseCool()" classname="org.springframework.scheduling.concurrent.ScheduledExecutorFactoryBeanTests" time="0.008"/>
  <testcase name="testThrowsExceptionIfPoolSizeIsLessThanZero()" classname="org.springframework.scheduling.concurrent.ScheduledExecutorFactoryBeanTests" time="0.001"/>
  <testcase name="testSettingThreadFactoryToNullForcesUseOfDefaultButIsOtherwiseCool()" classname="org.springframework.scheduling.concurrent.ScheduledExecutorFactoryBeanTests" time="0.006"/>
  <testcase name="testWithInitialDelayRepeatedExecutionIsSetUpAndFiresCorrectly()" classname="org.springframework.scheduling.concurrent.ScheduledExecutorFactoryBeanTests" time="0.0">
    <skipped/>
  </testcase>
  <testcase name="testOneTimeExecutionIsSetUpAndFiresCorrectly()" classname="org.springframework.scheduling.concurrent.ScheduledExecutorFactoryBeanTests" time="0.0">
    <skipped/>
  </testcase>
  <testcase name="testObjectTypeReportsCorrectType()" classname="org.springframework.scheduling.concurrent.ScheduledExecutorFactoryBeanTests" time="0.0"/>
  <testcase name="testShutdownIsPropagatedToTheExecutorOnDestroy()" classname="org.springframework.scheduling.concurrent.ScheduledExecutorFactoryBeanTests" time="0.281"/>
  <testcase name="testFixedRepeatedExecutionIsSetUpAndFiresCorrectly()" classname="org.springframework.scheduling.concurrent.ScheduledExecutorFactoryBeanTests" time="0.002">
    <skipped/>
  </testcase>
  <testcase name="testFixedRepeatedExecutionIsSetUpAndFiresCorrectlyAfterException()" classname="org.springframework.scheduling.concurrent.ScheduledExecutorFactoryBeanTests" time="0.0">
    <skipped/>
  </testcase>
  <testcase name="testWithInitialDelayRepeatedExecutionIsSetUpAndFiresCorrectlyAfterException()" classname="org.springframework.scheduling.concurrent.ScheduledExecutorFactoryBeanTests" time="0.0">
    <skipped/>
  </testcase>
  <testcase name="testShutdownNowIsPropagatedToTheExecutorOnDestroy()" classname="org.springframework.scheduling.concurrent.ScheduledExecutorFactoryBeanTests" time="0.004"/>
  <system-out><![CDATA[]]></system-out>
  <system-err><![CDATA[]]></system-err>
</testsuite>
