<?xml version="1.0" encoding="UTF-8"?>
<testsuite name="org.springframework.remoting.support.RemoteInvocationUtilsTests" tests="2" skipped="0" failures="0" errors="0" timestamp="2021-06-20T08:10:52" hostname="gankangdembp" time="0.286">
  <properties/>
  <testcase name="fillInClientStackTraceIfPossibleWithNullThrowable()" classname="org.springframework.remoting.support.RemoteInvocationUtilsTests" time="0.056"/>
  <testcase name="fillInClientStackTraceIfPossibleSunnyDay()" classname="org.springframework.remoting.support.RemoteInvocationUtilsTests" time="0.229"/>
  <system-out><![CDATA[]]></system-out>
  <system-err><![CDATA[]]></system-err>
</testsuite>
