<?xml version="1.0" encoding="UTF-8"?>
<testsuite name="org.springframework.context.annotation.BeanMethodPolymorphismTests" tests="13" skipped="0" failures="0" errors="0" timestamp="2021-06-20T08:11:27" hostname="gankangdembp" time="0.338">
  <properties/>
  <testcase name="beanMethodOverloadingWithInheritanceAndList()" classname="org.springframework.context.annotation.BeanMethodPolymorphismTests" time="0.034"/>
  <testcase name="beanMethodThroughAopProxy()" classname="org.springframework.context.annotation.BeanMethodPolymorphismTests" time="0.066"/>
  <testcase name="beanMethodOverridingWithNarrowedReturnTypeOnASM()" classname="org.springframework.context.annotation.BeanMethodPolymorphismTests" time="0.029"/>
  <testcase name="beanMethodOverloadingWithoutInheritance()" classname="org.springframework.context.annotation.BeanMethodPolymorphismTests" time="0.009"/>
  <testcase name="beanMethodDetectedOnSuperClass()" classname="org.springframework.context.annotation.BeanMethodPolymorphismTests" time="0.016"/>
  <testcase name="beanMethodOverloadingWithAdditionalMetadata()" classname="org.springframework.context.annotation.BeanMethodPolymorphismTests" time="0.019"/>
  <testcase name="beanMethodOverriding()" classname="org.springframework.context.annotation.BeanMethodPolymorphismTests" time="0.013"/>
  <testcase name="beanMethodOverloadingWithInheritance()" classname="org.springframework.context.annotation.BeanMethodPolymorphismTests" time="0.022"/>
  <testcase name="beanMethodOverridingWithNarrowedReturnType()" classname="org.springframework.context.annotation.BeanMethodPolymorphismTests" time="0.02"/>
  <testcase name="beanMethodOverridingOnASM()" classname="org.springframework.context.annotation.BeanMethodPolymorphismTests" time="0.006"/>
  <testcase name="beanMethodShadowing()" classname="org.springframework.context.annotation.BeanMethodPolymorphismTests" time="0.059"/>
  <testcase name="beanMethodOverloadingWithAdditionalMetadataButOtherMethodExecuted()" classname="org.springframework.context.annotation.BeanMethodPolymorphismTests" time="0.006"/>
  <testcase name="beanMethodOverloadingWithoutInheritanceAndExtraDependency()" classname="org.springframework.context.annotation.BeanMethodPolymorphismTests" time="0.016"/>
  <system-out><![CDATA[]]></system-out>
  <system-err><![CDATA[]]></system-err>
</testsuite>
