<?xml version="1.0" encoding="UTF-8"?>
<testsuite name="org.springframework.aop.aspectj.AroundAdviceCircularTests" tests="5" skipped="0" failures="0" errors="0" timestamp="2020-05-29T13:58:40" hostname="bamboo-18" time="0.047">
  <properties/>
  <testcase name="testJustJoinPoint()" classname="org.springframework.aop.aspectj.AroundAdviceCircularTests" time="0.008"/>
  <testcase name="testOneObjectArgBoundToTarget()" classname="org.springframework.aop.aspectj.AroundAdviceCircularTests" time="0.014"/>
  <testcase name="testOneIntAndOneObjectArgs()" classname="org.springframework.aop.aspectj.AroundAdviceCircularTests" time="0.009"/>
  <testcase name="testOneIntArg()" classname="org.springframework.aop.aspectj.AroundAdviceCircularTests" time="0.009"/>
  <testcase name="testBothBeansAreProxies()" classname="org.springframework.aop.aspectj.AroundAdviceCircularTests" time="0.007"/>
  <system-out><![CDATA[]]></system-out>
  <system-err><![CDATA[]]></system-err>
</testsuite>
