<?xml version="1.0" encoding="UTF-8"?>
<testsuite name="org.springframework.context.annotation.ComponentScanAnnotationRecursionTests" tests="1" skipped="0" failures="0" errors="0" timestamp="2021-06-20T08:11:18" hostname="gankangdembp" time="0.104">
  <properties/>
  <testcase name="recursion()" classname="org.springframework.context.annotation.ComponentScanAnnotationRecursionTests" time="0.104"/>
  <system-out><![CDATA[]]></system-out>
  <system-err><![CDATA[]]></system-err>
</testsuite>
