<?xml version="1.0" encoding="UTF-8"?>
<testsuite name="org.springframework.scheduling.concurrent.ThreadPoolExecutorFactoryBeanTests" tests="1" skipped="0" failures="0" errors="0" timestamp="2021-06-20T08:12:55" hostname="gankangdembp" time="0.016">
  <properties/>
  <testcase name="defaultExecutor()" classname="org.springframework.scheduling.concurrent.ThreadPoolExecutorFactoryBeanTests" time="0.016"/>
  <system-out><![CDATA[]]></system-out>
  <system-err><![CDATA[]]></system-err>
</testsuite>
