<?xml version="1.0" encoding="UTF-8"?>
<testsuite name="org.springframework.scheduling.config.ExecutorBeanDefinitionParserTests" tests="11" skipped="0" failures="0" errors="0" timestamp="2020-05-29T13:57:41" hostname="bamboo-18" time="0.345">
  <properties/>
  <testcase name="propertyPlaceholderWithInvalidPoolSize()" classname="org.springframework.scheduling.config.ExecutorBeanDefinitionParserTests" time="0.045"/>
  <testcase name="threadNamePrefix()" classname="org.springframework.scheduling.config.ExecutorBeanDefinitionParserTests" time="0.044"/>
  <testcase name="rangeWithUnboundedQueue()" classname="org.springframework.scheduling.config.ExecutorBeanDefinitionParserTests" time="0.035"/>
  <testcase name="invalidPoolSize()" classname="org.springframework.scheduling.config.ExecutorBeanDefinitionParserTests" time="0.029"/>
  <testcase name="defaultExecutor()" classname="org.springframework.scheduling.config.ExecutorBeanDefinitionParserTests" time="0.034"/>
  <testcase name="propertyPlaceholderWithRange()" classname="org.springframework.scheduling.config.ExecutorBeanDefinitionParserTests" time="0.024"/>
  <testcase name="typeCheck()" classname="org.springframework.scheduling.config.ExecutorBeanDefinitionParserTests" time="0.021"/>
  <testcase name="propertyPlaceholderWithSingleSize()" classname="org.springframework.scheduling.config.ExecutorBeanDefinitionParserTests" time="0.026"/>
  <testcase name="singleSize()" classname="org.springframework.scheduling.config.ExecutorBeanDefinitionParserTests" time="0.024"/>
  <testcase name="propertyPlaceholderWithRangeAndCoreThreadTimeout()" classname="org.springframework.scheduling.config.ExecutorBeanDefinitionParserTests" time="0.013"/>
  <testcase name="rangeWithBoundedQueue()" classname="org.springframework.scheduling.config.ExecutorBeanDefinitionParserTests" time="0.027"/>
  <system-out><![CDATA[]]></system-out>
  <system-err><![CDATA[]]></system-err>
</testsuite>
