<?xml version="1.0" encoding="UTF-8"?>
<testsuite name="org.springframework.scripting.groovy.GroovyScriptEvaluatorTests" tests="8" skipped="0" failures="0" errors="0" timestamp="2021-06-20T08:12:23" hostname="gankangdembp" time="0.328">
  <properties/>
  <testcase name="testGroovyScriptWithArguments()" classname="org.springframework.scripting.groovy.GroovyScriptEvaluatorTests" time="0.099"/>
  <testcase name="testGroovyScriptWithImportCustomizer()" classname="org.springframework.scripting.groovy.GroovyScriptEvaluatorTests" time="0.038"/>
  <testcase name="testGroovyScriptFromFileUsingJsr223()" classname="org.springframework.scripting.groovy.GroovyScriptEvaluatorTests" time="0.015"/>
  <testcase name="testGroovyScriptWithArgumentsUsingJsr223()" classname="org.springframework.scripting.groovy.GroovyScriptEvaluatorTests" time="0.088"/>
  <testcase name="testGroovyScriptFromFile()" classname="org.springframework.scripting.groovy.GroovyScriptEvaluatorTests" time="0.008"/>
  <testcase name="testGroovyScriptFromStringUsingJsr223()" classname="org.springframework.scripting.groovy.GroovyScriptEvaluatorTests" time="0.044"/>
  <testcase name="testGroovyScriptWithCompilerConfiguration()" classname="org.springframework.scripting.groovy.GroovyScriptEvaluatorTests" time="0.008"/>
  <testcase name="testGroovyScriptFromString()" classname="org.springframework.scripting.groovy.GroovyScriptEvaluatorTests" time="0.026"/>
  <system-out><![CDATA[]]></system-out>
  <system-err><![CDATA[]]></system-err>
</testsuite>
