<?xml version="1.0" encoding="UTF-8"?>
<testsuite name="org.springframework.aop.aspectj.AspectJExpressionPointcutAdvisorTests" tests="1" skipped="0" failures="0" errors="0" timestamp="2021-06-20T08:13:08" hostname="gankangdembp" time="0.013">
  <properties/>
  <testcase name="testPointcutting()" classname="org.springframework.aop.aspectj.AspectJExpressionPointcutAdvisorTests" time="0.013"/>
  <system-out><![CDATA[]]></system-out>
  <system-err><![CDATA[]]></system-err>
</testsuite>
