<?xml version="1.0" encoding="UTF-8"?>
<testsuite name="org.springframework.context.annotation.configuration.ImportWithConditionTests" tests="2" skipped="0" failures="0" errors="0" timestamp="2021-06-20T08:11:11" hostname="gankangdembp" time="0.117">
  <properties/>
  <testcase name="unconditionalThenConditional()" classname="org.springframework.context.annotation.configuration.ImportWithConditionTests" time="0.081"/>
  <testcase name="conditionalThenUnconditional()" classname="org.springframework.context.annotation.configuration.ImportWithConditionTests" time="0.034"/>
  <system-out><![CDATA[]]></system-out>
  <system-err><![CDATA[]]></system-err>
</testsuite>
