<?xml version="1.0" encoding="UTF-8"?>
<testsuite name="org.springframework.context.annotation.spr10546.Spr10546Tests" tests="10" skipped="0" failures="0" errors="0" timestamp="2020-05-29T13:58:05" hostname="bamboo-18" time="0.14">
  <properties/>
  <testcase name="enclosingConfigFirstParentDefinesBeanWithScanning()" classname="org.springframework.context.annotation.spr10546.Spr10546Tests" time="0.017"/>
  <testcase name="enclosingConfigOnly()" classname="org.springframework.context.annotation.spr10546.Spr10546Tests" time="0.006"/>
  <testcase name="enclosingConfigFirstParentWithParentDefinesBean()" classname="org.springframework.context.annotation.spr10546.Spr10546Tests" time="0.01"/>
  <testcase name="enclosingConfigFirstParentDefinesBeanWithImportResource()" classname="org.springframework.context.annotation.spr10546.Spr10546Tests" time="0.022"/>
  <testcase name="enclosingConfigFirstParentDefinesBeanWithImport()" classname="org.springframework.context.annotation.spr10546.Spr10546Tests" time="0.016"/>
  <testcase name="childConfigFirst()" classname="org.springframework.context.annotation.spr10546.Spr10546Tests" time="0.009"/>
  <testcase name="childConfigOnly()" classname="org.springframework.context.annotation.spr10546.Spr10546Tests" time="0.007"/>
  <testcase name="enclosingConfigFirstParentDefinesBean()" classname="org.springframework.context.annotation.spr10546.Spr10546Tests" time="0.002"/>
  <testcase name="enclosingConfigFirstParentDefinesBeanWithComponentScan()" classname="org.springframework.context.annotation.spr10546.Spr10546Tests" time="0.031"/>
  <testcase name="importChildConfigThenChildConfig()" classname="org.springframework.context.annotation.spr10546.Spr10546Tests" time="0.018"/>
  <system-out><![CDATA[]]></system-out>
  <system-err><![CDATA[]]></system-err>
</testsuite>
