<?xml version="1.0" encoding="UTF-8"?>
<testsuite name="org.springframework.context.annotation.ComponentScanAnnotationIntegrationTests" tests="17" skipped="0" failures="0" errors="0" timestamp="2021-06-20T08:11:13" hostname="gankangdembp" time="3.85">
  <properties/>
  <testcase name="controlScan()" classname="org.springframework.context.annotation.ComponentScanAnnotationIntegrationTests" time="0.038"/>
  <testcase name="withScopedProxy()" classname="org.springframework.context.annotation.ComponentScanAnnotationIntegrationTests" time="0.319"/>
  <testcase name="withScopeResolver()" classname="org.springframework.context.annotation.ComponentScanAnnotationIntegrationTests" time="0.019"/>
  <testcase name="multiComponentScan()" classname="org.springframework.context.annotation.ComponentScanAnnotationIntegrationTests" time="0.098"/>
  <testcase name="withScopedProxyThroughAspectJPattern()" classname="org.springframework.context.annotation.ComponentScanAnnotationIntegrationTests" time="0.648"/>
  <testcase name="withAwareTypeFilter()" classname="org.springframework.context.annotation.ComponentScanAnnotationIntegrationTests" time="1.167"/>
  <testcase name="withCustomBeanNameGenerator()" classname="org.springframework.context.annotation.ComponentScanAnnotationIntegrationTests" time="0.104"/>
  <testcase name="viaContextRegistration_FromPackageOfConfigClass()" classname="org.springframework.context.annotation.ComponentScanAnnotationIntegrationTests" time="0.035"/>
  <testcase name="withMultipleAnnotationIncludeFilters1()" classname="org.springframework.context.annotation.ComponentScanAnnotationIntegrationTests" time="0.055"/>
  <testcase name="withMultipleAnnotationIncludeFilters2()" classname="org.springframework.context.annotation.ComponentScanAnnotationIntegrationTests" time="0.047"/>
  <testcase name="viaContextRegistration()" classname="org.springframework.context.annotation.ComponentScanAnnotationIntegrationTests" time="0.074"/>
  <testcase name="viaContextRegistration_WithComposedAnnotation()" classname="org.springframework.context.annotation.ComponentScanAnnotationIntegrationTests" time="0.031"/>
  <testcase name="withBasePackagesAndValueAlias()" classname="org.springframework.context.annotation.ComponentScanAnnotationIntegrationTests" time="0.057"/>
  <testcase name="withScopedProxyThroughRegex()" classname="org.springframework.context.annotation.ComponentScanAnnotationIntegrationTests" time="0.044"/>
  <testcase name="withCustomTypeFilter()" classname="org.springframework.context.annotation.ComponentScanAnnotationIntegrationTests" time="0.979"/>
  <testcase name="viaBeanRegistration()" classname="org.springframework.context.annotation.ComponentScanAnnotationIntegrationTests" time="0.069"/>
  <testcase name="viaContextRegistration_WithValueAttribute()" classname="org.springframework.context.annotation.ComponentScanAnnotationIntegrationTests" time="0.058"/>
  <system-out><![CDATA[]]></system-out>
  <system-err><![CDATA[]]></system-err>
</testsuite>
