<?xml version="1.0" encoding="UTF-8"?>
<testsuite name="org.springframework.context.support.PropertyResourceConfigurerIntegrationTests" tests="7" skipped="0" failures="0" errors="0" timestamp="2020-05-29T13:57:55" hostname="bamboo-18" time="0.028">
  <properties/>
  <testcase name="testPropertyPlaceholderConfigurerWithSystemPropertyInLocation()" classname="org.springframework.context.support.PropertyResourceConfigurerIntegrationTests" time="0.005"/>
  <testcase name="testPropertyPlaceholderConfigurerWithMultiLevelCircularReference()" classname="org.springframework.context.support.PropertyResourceConfigurerIntegrationTests" time="0.001"/>
  <testcase name="testPropertyPlaceholderConfigurerWithSystemPropertiesInLocation()" classname="org.springframework.context.support.PropertyResourceConfigurerIntegrationTests" time="0.014"/>
  <testcase name="testPropertyPlaceholderConfigurerWithNestedCircularReference()" classname="org.springframework.context.support.PropertyResourceConfigurerIntegrationTests" time="0.002"/>
  <testcase name="testPropertyPlaceholderConfigurerWithNestedUnresolvableReference()" classname="org.springframework.context.support.PropertyResourceConfigurerIntegrationTests" time="0.001"/>
  <testcase name="testPropertyPlaceholderConfigurerWithUnresolvableSystemPropertiesInLocation()" classname="org.springframework.context.support.PropertyResourceConfigurerIntegrationTests" time="0.001"/>
  <testcase name="testPropertyPlaceholderConfigurerWithValueFromSystemProperty()" classname="org.springframework.context.support.PropertyResourceConfigurerIntegrationTests" time="0.0"/>
  <system-out><![CDATA[13:57:55.344 [Test worker] WARN  o.s.c.s.StaticApplicationContext - Exception encountered during context initialization - cancelling refresh attempt: org.springframework.beans.factory.BeanInitializationException: Could not load properties; nested exception is java.io.FileNotFoundException: class path resource [opt/bamboo-home/xml-data/build-dir/SPR-PUBM1-JOB1/spring-context/test] cannot be opened because it does not exist
13:57:55.345 [Test worker] WARN  o.s.c.s.StaticApplicationContext - Exception encountered during context initialization - cancelling refresh attempt: org.springframework.beans.factory.BeanDefinitionStoreException: Invalid bean definition with name 'tb1' defined in null: Circular placeholder reference 'var' in property definitions; nested exception is java.lang.IllegalArgumentException: Circular placeholder reference 'var' in property definitions
13:57:55.354 [Test worker] WARN  o.s.c.s.StaticApplicationContext - Exception encountered during context initialization - cancelling refresh attempt: org.springframework.beans.factory.BeanInitializationException: Could not load properties; nested exception is java.io.FileNotFoundException: class path resource [opt/bamboo-home/xml-data/build-dir/SPR-PUBM1-JOB1/spring-context/test//opt/bamboo-home/xml-data/build-dir/SPR-PUBM1-JOB1/spring-context] cannot be opened because it does not exist
13:57:55.361 [Test worker] WARN  o.s.c.s.StaticApplicationContext - Exception encountered during context initialization - cancelling refresh attempt: org.springframework.beans.factory.BeanDefinitionStoreException: Invalid bean definition with name 'tb1' defined in null: Circular placeholder reference 'm' in property definitions; nested exception is java.lang.IllegalArgumentException: Circular placeholder reference 'm' in property definitions
13:57:55.362 [Test worker] WARN  o.s.c.s.StaticApplicationContext - Exception encountered during context initialization - cancelling refresh attempt: org.springframework.beans.factory.BeanDefinitionStoreException: Invalid bean definition with name 'tb1' defined in null: Could not resolve placeholder 'm2' in value "${m2}"; nested exception is java.lang.IllegalArgumentException: Could not resolve placeholder 'm2' in value "${m2}"
13:57:55.366 [Test worker] WARN  o.s.c.s.StaticApplicationContext - Exception encountered during context initialization - cancelling refresh attempt: org.springframework.beans.factory.BeanInitializationException: Could not load properties; nested exception is java.io.FileNotFoundException: class path resource [${myprop}/test/${myprop}] cannot be opened because it does not exist
]]></system-out>
  <system-err><![CDATA[]]></system-err>
</testsuite>
