<?xml version="1.0" encoding="UTF-8"?>
<testsuite name="org.springframework.jmx.support.ConnectorServerFactoryBeanTests" tests="4" skipped="0" failures="0" errors="0" timestamp="2020-05-29T13:58:23" hostname="bamboo-18" time="0.2">
  <properties/>
  <testcase name="startupWithSuppliedServer()" classname="org.springframework.jmx.support.ConnectorServerFactoryBeanTests" time="0.142"/>
  <testcase name="noRegisterWithMBeanServer()" classname="org.springframework.jmx.support.ConnectorServerFactoryBeanTests" time="0.013"/>
  <testcase name="registerWithMBeanServer()" classname="org.springframework.jmx.support.ConnectorServerFactoryBeanTests" time="0.008"/>
  <testcase name="startupWithLocatedServer()" classname="org.springframework.jmx.support.ConnectorServerFactoryBeanTests" time="0.034"/>
  <system-out><![CDATA[]]></system-out>
  <system-err><![CDATA[Mai 29, 2020 1:58:23 PM ClientCommunicatorAdmin restart
WARNUNG: Failed to restart: java.net.ConnectException: Connection refused (Connection refused)
Mai 29, 2020 1:58:23 PM ClientCommunicatorAdmin restart
WARNUNG: Failed to restart: java.net.ConnectException: Connection refused (Connection refused)
]]></system-err>
</testsuite>
