<?xml version="1.0" encoding="UTF-8"?>
<testsuite name="org.springframework.context.annotation.SimpleScanTests" tests="1" skipped="0" failures="0" errors="0" timestamp="2021-06-20T08:10:59" hostname="gankangdembp" time="1.111">
  <properties/>
  <testcase name="testFooService()" classname="org.springframework.context.annotation.SimpleScanTests" time="1.111"/>
  <system-out><![CDATA[]]></system-out>
  <system-err><![CDATA[]]></system-err>
</testsuite>
