<?xml version="1.0" encoding="UTF-8"?>
<testsuite name="org.springframework.context.annotation.configuration.ImportAnnotationDetectionTests" tests="4" skipped="0" failures="0" errors="0" timestamp="2021-06-20T08:11:12" hostname="gankangdembp" time="0.188">
  <properties/>
  <testcase name="localImportIsProcessedLast()" classname="org.springframework.context.annotation.configuration.ImportAnnotationDetectionTests" time="0.086"/>
  <testcase name="importFromBean()" classname="org.springframework.context.annotation.configuration.ImportAnnotationDetectionTests" time="0.006"/>
  <testcase name="localAndMetaImportsAreProcessed()" classname="org.springframework.context.annotation.configuration.ImportAnnotationDetectionTests" time="0.063"/>
  <testcase name="multipleMetaImportsAreProcessed()" classname="org.springframework.context.annotation.configuration.ImportAnnotationDetectionTests" time="0.033"/>
  <system-out><![CDATA[]]></system-out>
  <system-err><![CDATA[]]></system-err>
</testsuite>
