<?xml version="1.0" encoding="UTF-8"?>
<testsuite name="org.springframework.context.support.LiveBeansViewTests" tests="4" skipped="0" failures="0" errors="0" timestamp="2020-05-29T13:57:54" hostname="bamboo-18" time="0.246">
  <properties/>
  <testcase name="registerUnregisterSingleContext(TestInfo)" classname="org.springframework.context.support.LiveBeansViewTests" time="0.226"/>
  <testcase name="registerUnregisterSeveralContexts(TestInfo)" classname="org.springframework.context.support.LiveBeansViewTests" time="0.002"/>
  <testcase name="registerIgnoredIfPropertyIsNotSet(TestInfo)" classname="org.springframework.context.support.LiveBeansViewTests" time="0.002"/>
  <testcase name="registerUnregisterSeveralContextsDifferentOrder(TestInfo)" classname="org.springframework.context.support.LiveBeansViewTests" time="0.016"/>
  <system-out><![CDATA[]]></system-out>
  <system-err><![CDATA[]]></system-err>
</testsuite>
