<?xml version="1.0" encoding="UTF-8"?>
<testsuite name="org.springframework.aop.aspectj.generic.GenericBridgeMethodMatchingClassProxyTests" tests="4" skipped="0" failures="0" errors="0" timestamp="2021-06-20T08:13:09" hostname="gankangdembp" time="0.076">
  <properties/>
  <testcase name="testGenericBaseInterfaceMethodThroughInterface()" classname="org.springframework.aop.aspectj.generic.GenericBridgeMethodMatchingClassProxyTests" time="0.029"/>
  <testcase name="testGenericDerivedInterfaceMethodThroughInterface()" classname="org.springframework.aop.aspectj.generic.GenericBridgeMethodMatchingClassProxyTests" time="0.017"/>
  <testcase name="testGenericBaseInterfaceMethodThroughClass()" classname="org.springframework.aop.aspectj.generic.GenericBridgeMethodMatchingClassProxyTests" time="0.018"/>
  <testcase name="testGenericDerivedInterfaceMethodThroughClass()" classname="org.springframework.aop.aspectj.generic.GenericBridgeMethodMatchingClassProxyTests" time="0.012"/>
  <system-out><![CDATA[]]></system-out>
  <system-err><![CDATA[]]></system-err>
</testsuite>
