<?xml version="1.0" encoding="UTF-8"?>
<testsuite name="org.springframework.context.annotation.CommonAnnotationBeanPostProcessorTests" tests="19" skipped="0" failures="0" errors="0" timestamp="2021-06-20T08:11:38" hostname="gankangdembp" time="0.205">
  <properties/>
  <testcase name="testResourceInjection()" classname="org.springframework.context.annotation.CommonAnnotationBeanPostProcessorTests" time="0.01"/>
  <testcase name="testLazyResolutionWithResourceField()" classname="org.springframework.context.annotation.CommonAnnotationBeanPostProcessorTests" time="0.029"/>
  <testcase name="testExtendedResourceInjection()" classname="org.springframework.context.annotation.CommonAnnotationBeanPostProcessorTests" time="0.056"/>
  <testcase name="testSerialization()" classname="org.springframework.context.annotation.CommonAnnotationBeanPostProcessorTests" time="0.004"/>
  <testcase name="testResourceInjectionWithDefaultMethod()" classname="org.springframework.context.annotation.CommonAnnotationBeanPostProcessorTests" time="0.021"/>
  <testcase name="testExtendedResourceInjectionWithOverriding()" classname="org.springframework.context.annotation.CommonAnnotationBeanPostProcessorTests" time="0.002"/>
  <testcase name="testSerializationWithManualConfiguration()" classname="org.springframework.context.annotation.CommonAnnotationBeanPostProcessorTests" time="0.0"/>
  <testcase name="testResourceInjectionWithPrototypes()" classname="org.springframework.context.annotation.CommonAnnotationBeanPostProcessorTests" time="0.001"/>
  <testcase name="testLazyResolutionWithCglibProxy()" classname="org.springframework.context.annotation.CommonAnnotationBeanPostProcessorTests" time="0.027"/>
  <testcase name="testResourceInjectionFromJndi()" classname="org.springframework.context.annotation.CommonAnnotationBeanPostProcessorTests" time="0.001"/>
  <testcase name="testPostConstructAndPreDestroyWithPostProcessor()" classname="org.springframework.context.annotation.CommonAnnotationBeanPostProcessorTests" time="0.001"/>
  <testcase name="testResourceInjectionWithResolvableDependencyType()" classname="org.springframework.context.annotation.CommonAnnotationBeanPostProcessorTests" time="0.002"/>
  <testcase name="testResourceInjectionWithTwoProcessors()" classname="org.springframework.context.annotation.CommonAnnotationBeanPostProcessorTests" time="0.001"/>
  <testcase name="testLazyResolutionWithResourceMethod()" classname="org.springframework.context.annotation.CommonAnnotationBeanPostProcessorTests" time="0.017"/>
  <testcase name="testPostProcessorWithNullBean()" classname="org.springframework.context.annotation.CommonAnnotationBeanPostProcessorTests" time="0.001"/>
  <testcase name="testPostConstructAndPreDestroyWithManualConfiguration()" classname="org.springframework.context.annotation.CommonAnnotationBeanPostProcessorTests" time="0.002"/>
  <testcase name="testPostConstructAndPreDestroy()" classname="org.springframework.context.annotation.CommonAnnotationBeanPostProcessorTests" time="0.0"/>
  <testcase name="testExtendedEjbInjection()" classname="org.springframework.context.annotation.CommonAnnotationBeanPostProcessorTests" time="0.02"/>
  <testcase name="testPostConstructAndPreDestroyWithApplicationContextAndPostProcessor()" classname="org.springframework.context.annotation.CommonAnnotationBeanPostProcessorTests" time="0.002"/>
  <system-out><![CDATA[]]></system-out>
  <system-err><![CDATA[]]></system-err>
</testsuite>
