<?xml version="1.0" encoding="UTF-8"?>
<testsuite name="org.springframework.scheduling.annotation.AsyncAnnotationBeanPostProcessorTests" tests="11" skipped="0" failures="0" errors="0" timestamp="2020-05-29T13:57:44" hostname="bamboo-18" time="0.212">
  <properties/>
  <testcase name="configuredThroughNamespace()" classname="org.springframework.scheduling.annotation.AsyncAnnotationBeanPostProcessorTests" time="0.088"/>
  <testcase name="taskExecutorByBeanName()" classname="org.springframework.scheduling.annotation.AsyncAnnotationBeanPostProcessorTests" time="0.015"/>
  <testcase name="taskExecutorByBeanType()" classname="org.springframework.scheduling.annotation.AsyncAnnotationBeanPostProcessorTests" time="0.016"/>
  <testcase name="exceptionHandlerThrowsUnexpectedException()" classname="org.springframework.scheduling.annotation.AsyncAnnotationBeanPostProcessorTests" time="0.001"/>
  <testcase name="handleExceptionWithCustomExceptionHandler()" classname="org.springframework.scheduling.annotation.AsyncAnnotationBeanPostProcessorTests" time="0.011"/>
  <testcase name="threadNamePrefix()" classname="org.springframework.scheduling.annotation.AsyncAnnotationBeanPostProcessorTests" time="0.017"/>
  <testcase name="handleExceptionWithFuture()" classname="org.springframework.scheduling.annotation.AsyncAnnotationBeanPostProcessorTests" time="0.021"/>
  <testcase name="proxyCreated()" classname="org.springframework.scheduling.annotation.AsyncAnnotationBeanPostProcessorTests" time="0.001"/>
  <testcase name="handleExceptionWithListenableFuture()" classname="org.springframework.scheduling.annotation.AsyncAnnotationBeanPostProcessorTests" time="0.022"/>
  <testcase name="invokedAsynchronously()" classname="org.springframework.scheduling.annotation.AsyncAnnotationBeanPostProcessorTests" time="0.011"/>
  <testcase name="invokedAsynchronouslyOnProxyTarget()" classname="org.springframework.scheduling.annotation.AsyncAnnotationBeanPostProcessorTests" time="0.008"/>
  <system-out><![CDATA[]]></system-out>
  <system-err><![CDATA[]]></system-err>
</testsuite>
