<?xml version="1.0" encoding="UTF-8"?>
<testsuite name="org.springframework.context.annotation.spr12334.Spr12334Tests" tests="1" skipped="0" failures="0" errors="0" timestamp="2020-05-29T13:58:04" hostname="bamboo-18" time="0.003">
  <properties/>
  <testcase name="shouldNotScanTwice()" classname="org.springframework.context.annotation.spr12334.Spr12334Tests" time="0.003"/>
  <system-out><![CDATA[]]></system-out>
  <system-err><![CDATA[]]></system-err>
</testsuite>
