<?xml version="1.0" encoding="UTF-8"?>
<testsuite name="org.springframework.context.annotation.configuration.ConfigurationMetaAnnotationTests" tests="1" skipped="0" failures="0" errors="0" timestamp="2020-05-29T13:58:08" hostname="bamboo-18" time="0.009">
  <properties/>
  <testcase name="customConfigurationStereotype()" classname="org.springframework.context.annotation.configuration.ConfigurationMetaAnnotationTests" time="0.009"/>
  <system-out><![CDATA[]]></system-out>
  <system-err><![CDATA[]]></system-err>
</testsuite>
