<?xml version="1.0" encoding="UTF-8"?>
<testsuite name="org.springframework.context.conversionservice.ConversionServiceContextConfigTests" tests="1" skipped="0" failures="0" errors="0" timestamp="2020-05-29T13:58:10" hostname="bamboo-18" time="0.047">
  <properties/>
  <testcase name="testConfigOk()" classname="org.springframework.context.conversionservice.ConversionServiceContextConfigTests" time="0.047"/>
  <system-out><![CDATA[]]></system-out>
  <system-err><![CDATA[]]></system-err>
</testsuite>
