<?xml version="1.0" encoding="UTF-8"?>
<testsuite name="org.springframework.aop.framework.adapter.AdvisorAdapterRegistrationTests" tests="2" skipped="0" failures="0" errors="0" timestamp="2021-06-20T08:13:04" hostname="gankangdembp" time="0.019">
  <properties/>
  <testcase name="testAdvisorAdapterRegistrationManagerPresentInContext()" classname="org.springframework.aop.framework.adapter.AdvisorAdapterRegistrationTests" time="0.011"/>
  <testcase name="testAdvisorAdapterRegistrationManagerNotPresentInContext()" classname="org.springframework.aop.framework.adapter.AdvisorAdapterRegistrationTests" time="0.008"/>
  <system-out><![CDATA[]]></system-out>
  <system-err><![CDATA[]]></system-err>
</testsuite>
