<?xml version="1.0" encoding="UTF-8"?>
<testsuite name="org.springframework.aop.config.AopNamespaceHandlerTests" tests="5" skipped="0" failures="0" errors="0" timestamp="2020-05-29T13:58:38" hostname="bamboo-18" time="0.123">
  <properties/>
  <testcase name="testAspectAppliedForInitializeBeanWithEmptyName()" classname="org.springframework.aop.config.AopNamespaceHandlerTests" time="0.029"/>
  <testcase name="testAdviceInvokedCorrectly()" classname="org.springframework.aop.config.AopNamespaceHandlerTests" time="0.022"/>
  <testcase name="testAspectAppliedForInitializeBeanWithNullName()" classname="org.springframework.aop.config.AopNamespaceHandlerTests" time="0.027"/>
  <testcase name="testIsProxy()" classname="org.springframework.aop.config.AopNamespaceHandlerTests" time="0.02"/>
  <testcase name="testAspectApplied()" classname="org.springframework.aop.config.AopNamespaceHandlerTests" time="0.023"/>
  <system-out><![CDATA[]]></system-out>
  <system-err><![CDATA[]]></system-err>
</testsuite>
