<?xml version="1.0" encoding="UTF-8"?>
<testsuite name="org.springframework.jmx.access.MBeanClientInterceptorTests" tests="14" skipped="0" failures="0" errors="0" timestamp="2021-06-20T08:12:55" hostname="gankangdembp" time="0.369">
  <properties/>
  <testcase name="invokeUnexposedMethodWithException()" classname="org.springframework.jmx.access.MBeanClientInterceptorTests" time="0.045"/>
  <testcase name="invokeNoArgs()" classname="org.springframework.jmx.access.MBeanClientInterceptorTests" time="0.01"/>
  <testcase name="differentProxiesSameClass()" classname="org.springframework.jmx.access.MBeanClientInterceptorTests" time="0.002"/>
  <testcase name="setReadOnlyAttribute()" classname="org.springframework.jmx.access.MBeanClientInterceptorTests" time="0.003"/>
  <testcase name="proxyClassIsDifferent()" classname="org.springframework.jmx.access.MBeanClientInterceptorTests" time="0.002"/>
  <testcase name="lazyConnectionToRemote()" classname="org.springframework.jmx.access.MBeanClientInterceptorTests" time="0.154"/>
  <testcase name="setAttributeValueWithIOException()" classname="org.springframework.jmx.access.MBeanClientInterceptorTests" time="0.003"/>
  <testcase name="mxBeanOperationAccess()" classname="org.springframework.jmx.access.MBeanClientInterceptorTests" time="0.059"/>
  <testcase name="setAttributeValue()" classname="org.springframework.jmx.access.MBeanClientInterceptorTests" time="0.003"/>
  <testcase name="setAttributeValueWithCheckedException()" classname="org.springframework.jmx.access.MBeanClientInterceptorTests" time="0.014"/>
  <testcase name="mxBeanAttributeAccess()" classname="org.springframework.jmx.access.MBeanClientInterceptorTests" time="0.043"/>
  <testcase name="invokeArgs()" classname="org.springframework.jmx.access.MBeanClientInterceptorTests" time="0.003"/>
  <testcase name="setAttributeValueWithRuntimeException()" classname="org.springframework.jmx.access.MBeanClientInterceptorTests" time="0.003"/>
  <testcase name="getAttributeValue()" classname="org.springframework.jmx.access.MBeanClientInterceptorTests" time="0.019"/>
  <system-out><![CDATA[]]></system-out>
  <system-err><![CDATA[Jun 20, 2021 4:12:55 PM ClientCommunicatorAdmin restart
WARNUNG: Failed to restart: java.net.ConnectException: Connection refused (Connection refused)
]]></system-err>
</testsuite>
