<?xml version="1.0" encoding="UTF-8"?>
<testsuite name="org.springframework.aop.framework.ProxyFactoryBeanTests" tests="31" skipped="0" failures="0" errors="0" timestamp="2020-05-29T13:58:42" hostname="bamboo-18" time="0.266">
  <properties/>
  <testcase name="testDetectsInterfaces()" classname="org.springframework.aop.framework.ProxyFactoryBeanTests" time="0.006"/>
  <testcase name="testTargetSourceNotAtEndOfInterceptorNamesIsRejected()" classname="org.springframework.aop.framework.ProxyFactoryBeanTests" time="0.008"/>
  <testcase name="testSingletonInstancesAreEqual()" classname="org.springframework.aop.framework.ProxyFactoryBeanTests" time="0.003"/>
  <testcase name="testGetObjectTypeWithNoTargetOrTargetSource()" classname="org.springframework.aop.framework.ProxyFactoryBeanTests" time="0.013"/>
  <testcase name="testSerializableSingletonProxyFactoryBean()" classname="org.springframework.aop.framework.ProxyFactoryBeanTests" time="0.008"/>
  <testcase name="testPrototypeAdvisor()" classname="org.springframework.aop.framework.ProxyFactoryBeanTests" time="0.005"/>
  <testcase name="testIsDynamicProxyWhenInterfaceSpecifiedForPrototype()" classname="org.springframework.aop.framework.ProxyFactoryBeanTests" time="0.005"/>
  <testcase name="testGlobalsWithoutTarget()" classname="org.springframework.aop.framework.ProxyFactoryBeanTests" time="0.003"/>
  <testcase name="testIsDynamicProxyWhenAutodetectingInterfacesForPrototype()" classname="org.springframework.aop.framework.ProxyFactoryBeanTests" time="0.003"/>
  <testcase name="testInnerBeanTargetUsingAutowiring()" classname="org.springframework.aop.framework.ProxyFactoryBeanTests" time="0.004"/>
  <testcase name="testTargetAsInnerBean()" classname="org.springframework.aop.framework.ProxyFactoryBeanTests" time="0.003"/>
  <testcase name="testCanAddAndRemoveAspectInterfacesOnPrototype()" classname="org.springframework.aop.framework.ProxyFactoryBeanTests" time="0.006"/>
  <testcase name="testGlobalsCanAddAspectInterfaces()" classname="org.springframework.aop.framework.ProxyFactoryBeanTests" time="0.007"/>
  <testcase name="testAutoInvoker()" classname="org.springframework.aop.framework.ProxyFactoryBeanTests" time="0.003"/>
  <testcase name="testPrototypeInterceptorSingletonTarget()" classname="org.springframework.aop.framework.ProxyFactoryBeanTests" time="0.011"/>
  <testcase name="testSerializableSingletonProxy()" classname="org.springframework.aop.framework.ProxyFactoryBeanTests" time="0.005"/>
  <testcase name="testCanGetFactoryReferenceAndManipulate()" classname="org.springframework.aop.framework.ProxyFactoryBeanTests" time="0.003"/>
  <testcase name="testIsDynamicProxyWhenInterfaceSpecified()" classname="org.springframework.aop.framework.ProxyFactoryBeanTests" time="0.002"/>
  <testcase name="testDoubleTargetSourcesAreRejected()" classname="org.springframework.aop.framework.ProxyFactoryBeanTests" time="0.018"/>
  <testcase name="testSerializablePrototypeProxy()" classname="org.springframework.aop.framework.ProxyFactoryBeanTests" time="0.005"/>
  <testcase name="testIsDynamicProxyWhenAutodetectingInterfaces()" classname="org.springframework.aop.framework.ProxyFactoryBeanTests" time="0.002"/>
  <testcase name="testCglibPrototypeInstance()" classname="org.springframework.aop.framework.ProxyFactoryBeanTests" time="0.02"/>
  <testcase name="testEmptyInterceptorNames()" classname="org.springframework.aop.framework.ProxyFactoryBeanTests" time="0.003"/>
  <testcase name="testGetObjectTypeWithTargetViaTargetSource()" classname="org.springframework.aop.framework.ProxyFactoryBeanTests" time="0.033"/>
  <testcase name="testGetObjectTypeWithDirectTarget()" classname="org.springframework.aop.framework.ProxyFactoryBeanTests" time="0.014"/>
  <testcase name="testProxyNotSerializableBecauseOfAdvice()" classname="org.springframework.aop.framework.ProxyFactoryBeanTests" time="0.004"/>
  <testcase name="testMethodPointcuts()" classname="org.springframework.aop.framework.ProxyFactoryBeanTests" time="0.003"/>
  <testcase name="testCanAddAndRemoveAdvicesOnSingleton()" classname="org.springframework.aop.framework.ProxyFactoryBeanTests" time="0.002"/>
  <testcase name="testCanAddThrowsAdviceWithoutAdvisor()" classname="org.springframework.aop.framework.ProxyFactoryBeanTests" time="0.004"/>
  <testcase name="testPrototypeInstancesAreNotEqual()" classname="org.springframework.aop.framework.ProxyFactoryBeanTests" time="0.002"/>
  <testcase name="testFrozenFactoryBean()" classname="org.springframework.aop.framework.ProxyFactoryBeanTests" time="0.011"/>
  <system-out><![CDATA[]]></system-out>
  <system-err><![CDATA[]]></system-err>
</testsuite>
