<?xml version="1.0" encoding="UTF-8"?>
<testsuite name="org.springframework.context.annotation.configuration.ConfigurationBeanNameTests" tests="3" skipped="0" failures="0" errors="0" timestamp="2020-05-29T13:58:09" hostname="bamboo-18" time="0.028">
  <properties/>
  <testcase name="registerNestedConfig()" classname="org.springframework.context.annotation.configuration.ConfigurationBeanNameTests" time="0.002"/>
  <testcase name="registerOuterConfig()" classname="org.springframework.context.annotation.configuration.ConfigurationBeanNameTests" time="0.019"/>
  <testcase name="registerOuterConfig_withBeanNameGenerator()" classname="org.springframework.context.annotation.configuration.ConfigurationBeanNameTests" time="0.007"/>
  <system-out><![CDATA[]]></system-out>
  <system-err><![CDATA[]]></system-err>
</testsuite>
