<?xml version="1.0" encoding="UTF-8"?>
<testsuite name="org.springframework.scripting.groovy.GroovyScriptEvaluatorTests" tests="8" skipped="0" failures="0" errors="0" timestamp="2020-05-29T13:58:16" hostname="bamboo-18" time="0.306">
  <properties/>
  <testcase name="testGroovyScriptWithArguments()" classname="org.springframework.scripting.groovy.GroovyScriptEvaluatorTests" time="0.245"/>
  <testcase name="testGroovyScriptWithImportCustomizer()" classname="org.springframework.scripting.groovy.GroovyScriptEvaluatorTests" time="0.011"/>
  <testcase name="testGroovyScriptFromFileUsingJsr223()" classname="org.springframework.scripting.groovy.GroovyScriptEvaluatorTests" time="0.02"/>
  <testcase name="testGroovyScriptWithArgumentsUsingJsr223()" classname="org.springframework.scripting.groovy.GroovyScriptEvaluatorTests" time="0.006"/>
  <testcase name="testGroovyScriptFromFile()" classname="org.springframework.scripting.groovy.GroovyScriptEvaluatorTests" time="0.005"/>
  <testcase name="testGroovyScriptFromStringUsingJsr223()" classname="org.springframework.scripting.groovy.GroovyScriptEvaluatorTests" time="0.006"/>
  <testcase name="testGroovyScriptWithCompilerConfiguration()" classname="org.springframework.scripting.groovy.GroovyScriptEvaluatorTests" time="0.005"/>
  <testcase name="testGroovyScriptFromString()" classname="org.springframework.scripting.groovy.GroovyScriptEvaluatorTests" time="0.006"/>
  <system-out><![CDATA[]]></system-out>
  <system-err><![CDATA[]]></system-err>
</testsuite>
