<?xml version="1.0" encoding="UTF-8"?>
<testsuite name="org.springframework.context.expression.MapAccessorTests" tests="1" skipped="0" failures="0" errors="0" timestamp="2021-06-20T08:11:55" hostname="gankangdembp" time="0.022">
  <properties/>
  <testcase name="mapAccessorCompilable()" classname="org.springframework.context.expression.MapAccessorTests" time="0.022"/>
  <system-out><![CDATA[]]></system-out>
  <system-err><![CDATA[]]></system-err>
</testsuite>
