<?xml version="1.0" encoding="UTF-8"?>
<testsuite name="org.springframework.scheduling.config.SchedulerBeanDefinitionParserTests" tests="3" skipped="0" failures="0" errors="0" timestamp="2020-05-29T13:57:39" hostname="bamboo-18" time="0.074">
  <properties/>
  <testcase name="customScheduler()" classname="org.springframework.scheduling.config.SchedulerBeanDefinitionParserTests" time="0.044"/>
  <testcase name="threadNamePrefix()" classname="org.springframework.scheduling.config.SchedulerBeanDefinitionParserTests" time="0.01"/>
  <testcase name="defaultScheduler()" classname="org.springframework.scheduling.config.SchedulerBeanDefinitionParserTests" time="0.019"/>
  <system-out><![CDATA[]]></system-out>
  <system-err><![CDATA[]]></system-err>
</testsuite>
