<?xml version="1.0" encoding="UTF-8"?>
<testsuite name="org.springframework.jms.remoting.JmsInvokerTests" tests="3" skipped="0" failures="0" errors="0" timestamp="2020-05-29T13:58:09" hostname="bamboo-18" time="0.07">
  <properties/>
  <testcase name="testJmsInvokerProxyFactoryBeanAndServiceExporterWithDynamicQueue()" classname="org.springframework.jms.remoting.JmsInvokerTests" time="0.058"/>
  <testcase name="testJmsInvokerProxyFactoryBeanAndServiceExporter()" classname="org.springframework.jms.remoting.JmsInvokerTests" time="0.005"/>
  <testcase name="receiveTimeoutExpired()" classname="org.springframework.jms.remoting.JmsInvokerTests" time="0.004"/>
  <system-out><![CDATA[]]></system-out>
  <system-err><![CDATA[]]></system-err>
</testsuite>
