<?xml version="1.0" encoding="UTF-8"?>
<testsuite name="org.springframework.jms.support.JmsAccessorTests" tests="4" skipped="0" failures="0" errors="0" timestamp="2020-05-29T13:58:06" hostname="bamboo-18" time="0.005">
  <properties/>
  <testcase name="testSessionTransactedModeReallyDoesDefaultToFalse()" classname="org.springframework.jms.support.JmsAccessorTests" time="0.0"/>
  <testcase name="testChokesIfConnectionFactoryIsNotSupplied()" classname="org.springframework.jms.support.JmsAccessorTests" time="0.001"/>
  <testcase name="testSetAcknowledgeModeNameChokesIfBadAckModeIsSupplied()" classname="org.springframework.jms.support.JmsAccessorTests" time="0.004"/>
  <testcase name="testAcknowledgeModeReallyDoesDefaultToAutoAcknowledge()" classname="org.springframework.jms.support.JmsAccessorTests" time="0.0"/>
  <system-out><![CDATA[]]></system-out>
  <system-err><![CDATA[]]></system-err>
</testsuite>
