<?xml version="1.0" encoding="UTF-8"?>
<testsuite name="org.springframework.jms.support.destination.JmsDestinationAccessorTests" tests="2" skipped="0" failures="0" errors="0" timestamp="2021-06-20T08:09:02" hostname="gankangdembp" time="0.007">
  <properties/>
  <testcase name="testSessionTransactedModeReallyDoesDefaultToFalse()" classname="org.springframework.jms.support.destination.JmsDestinationAccessorTests" time="0.0"/>
  <testcase name="testChokesIfDestinationResolverIsetToNullExplicitly()" classname="org.springframework.jms.support.destination.JmsDestinationAccessorTests" time="0.007"/>
  <system-out><![CDATA[]]></system-out>
  <system-err><![CDATA[]]></system-err>
</testsuite>
