<?xml version="1.0" encoding="UTF-8"?>
<testsuite name="org.springframework.jms.listener.adapter.MessagingMessageListenerAdapterTests" tests="16" skipped="0" failures="0" errors="0" timestamp="2021-06-20T08:08:52" hostname="gankangdembp" time="1.661">
  <properties/>
  <testcase name="replyJacksonMessageAndJsonView()" classname="org.springframework.jms.listener.adapter.MessagingMessageListenerAdapterTests" time="1.4"/>
  <testcase name="replyJackson()" classname="org.springframework.jms.listener.adapter.MessagingMessageListenerAdapterTests" time="0.029"/>
  <testcase name="buildMessageWithStandardMessage()" classname="org.springframework.jms.listener.adapter.MessagingMessageListenerAdapterTests" time="0.011"/>
  <testcase name="replyPayloadNoDestination()" classname="org.springframework.jms.listener.adapter.MessagingMessageListenerAdapterTests" time="0.004"/>
  <testcase name="exceptionInListener()" classname="org.springframework.jms.listener.adapter.MessagingMessageListenerAdapterTests" time="0.004"/>
  <testcase name="payloadConversionLazilyInvoked()" classname="org.springframework.jms.listener.adapter.MessagingMessageListenerAdapterTests" time="0.034"/>
  <testcase name="replyUsesMessageConverterForPayload()" classname="org.springframework.jms.listener.adapter.MessagingMessageListenerAdapterTests" time="0.002"/>
  <testcase name="replyJacksonPojoAndJsonView()" classname="org.springframework.jms.listener.adapter.MessagingMessageListenerAdapterTests" time="0.006"/>
  <testcase name="replyPayloadToQueue()" classname="org.springframework.jms.listener.adapter.MessagingMessageListenerAdapterTests" time="0.01"/>
  <testcase name="replyPayloadToTopic()" classname="org.springframework.jms.listener.adapter.MessagingMessageListenerAdapterTests" time="0.023"/>
  <testcase name="incomingMessageUsesMessageConverter()" classname="org.springframework.jms.listener.adapter.MessagingMessageListenerAdapterTests" time="0.004"/>
  <testcase name="headerConversionLazilyInvoked()" classname="org.springframework.jms.listener.adapter.MessagingMessageListenerAdapterTests" time="0.029"/>
  <testcase name="replyWithCustomTimeToLive()" classname="org.springframework.jms.listener.adapter.MessagingMessageListenerAdapterTests" time="0.006"/>
  <testcase name="replyWithFullQoS()" classname="org.springframework.jms.listener.adapter.MessagingMessageListenerAdapterTests" time="0.004"/>
  <testcase name="replyPayloadToDestination()" classname="org.springframework.jms.listener.adapter.MessagingMessageListenerAdapterTests" time="0.006"/>
  <testcase name="exceptionInInvocation()" classname="org.springframework.jms.listener.adapter.MessagingMessageListenerAdapterTests" time="0.016"/>
  <system-out><![CDATA[]]></system-out>
  <system-err><![CDATA[]]></system-err>
</testsuite>
