<?xml version="1.0" encoding="UTF-8"?>
<testsuite name="org.springframework.jms.support.converter.MappingJackson2MessageConverterTests" tests="14" skipped="0" failures="0" errors="0" timestamp="2020-05-29T13:58:06" hostname="bamboo-18" time="0.229">
  <properties/>
  <testcase name="toTextMessageWithAnotherJsonViewClass()" classname="org.springframework.jms.support.converter.MappingJackson2MessageConverterTests" time="0.002"/>
  <testcase name="toBytesMessage()" classname="org.springframework.jms.support.converter.MappingJackson2MessageConverterTests" time="0.004"/>
  <testcase name="fromTextMessageWithUnknownProperty()" classname="org.springframework.jms.support.converter.MappingJackson2MessageConverterTests" time="0.077"/>
  <testcase name="fromTextMessageAsMap()" classname="org.springframework.jms.support.converter.MappingJackson2MessageConverterTests" time="0.027"/>
  <testcase name="toTextMessageWithReturnTypeAndNoJsonView()" classname="org.springframework.jms.support.converter.MappingJackson2MessageConverterTests" time="0.001"/>
  <testcase name="toTextMessageWithObject()" classname="org.springframework.jms.support.converter.MappingJackson2MessageConverterTests" time="0.014"/>
  <testcase name="toTextMessageWithMap()" classname="org.springframework.jms.support.converter.MappingJackson2MessageConverterTests" time="0.012"/>
  <testcase name="fromBytesMessage()" classname="org.springframework.jms.support.converter.MappingJackson2MessageConverterTests" time="0.018"/>
  <testcase name="fromTextMessageAsObject()" classname="org.springframework.jms.support.converter.MappingJackson2MessageConverterTests" time="0.001"/>
  <testcase name="toTextMessageWithJsonViewClass()" classname="org.springframework.jms.support.converter.MappingJackson2MessageConverterTests" time="0.002"/>
  <testcase name="toTextMessageWithReturnType()" classname="org.springframework.jms.support.converter.MappingJackson2MessageConverterTests" time="0.001"/>
  <testcase name="toTextMessageWithNullReturnType()" classname="org.springframework.jms.support.converter.MappingJackson2MessageConverterTests" time="0.001"/>
  <testcase name="toTextMessageWithReturnTypeAndMultipleJsonViews()" classname="org.springframework.jms.support.converter.MappingJackson2MessageConverterTests" time="0.001"/>
  <testcase name="fromTextMessage()" classname="org.springframework.jms.support.converter.MappingJackson2MessageConverterTests" time="0.001"/>
  <system-out><![CDATA[]]></system-out>
  <system-err><![CDATA[]]></system-err>
</testsuite>
