<?xml version="1.0" encoding="UTF-8"?>
<testsuite name="org.springframework.jms.listener.endpoint.DefaultJmsActivationSpecFactoryTests" tests="2" skipped="0" failures="0" errors="0" timestamp="2020-05-29T13:58:06" hostname="bamboo-18" time="0.021">
  <properties/>
  <testcase name="webSphereResourceAdapterSetup()" classname="org.springframework.jms.listener.endpoint.DefaultJmsActivationSpecFactoryTests" time="0.016"/>
  <testcase name="activeMQResourceAdapterSetup()" classname="org.springframework.jms.listener.endpoint.DefaultJmsActivationSpecFactoryTests" time="0.002"/>
  <system-out><![CDATA[]]></system-out>
  <system-err><![CDATA[]]></system-err>
</testsuite>
