<?xml version="1.0" encoding="UTF-8"?>
<testsuite name="org.springframework.jms.core.support.JmsGatewaySupportTests" tests="2" skipped="0" failures="0" errors="0" timestamp="2020-05-29T13:58:06" hostname="bamboo-18" time="0.005">
  <properties/>
  <testcase name="testJmsGatewaySupportWithJmsTemplate()" classname="org.springframework.jms.core.support.JmsGatewaySupportTests" time="0.001"/>
  <testcase name="testJmsGatewaySupportWithConnectionFactory()" classname="org.springframework.jms.core.support.JmsGatewaySupportTests" time="0.002"/>
  <system-out><![CDATA[]]></system-out>
  <system-err><![CDATA[]]></system-err>
</testsuite>
