<?xml version="1.0" encoding="UTF-8"?>
<testsuite name="org.springframework.jms.annotation.JmsListenerAnnotationBeanPostProcessorTests" tests="5" skipped="0" failures="0" errors="0" timestamp="2020-05-29T13:58:09" hostname="bamboo-18" time="0.442">
  <properties/>
  <testcase name="simpleMessageListener()" classname="org.springframework.jms.annotation.JmsListenerAnnotationBeanPostProcessorTests" time="0.03"/>
  <testcase name="invalidProxy()" classname="org.springframework.jms.annotation.JmsListenerAnnotationBeanPostProcessorTests" time="0.21"/>
  <testcase name="sendToAnnotationFoundOnCglibProxy()" classname="org.springframework.jms.annotation.JmsListenerAnnotationBeanPostProcessorTests" time="0.106"/>
  <testcase name="metaAnnotationIsDiscovered()" classname="org.springframework.jms.annotation.JmsListenerAnnotationBeanPostProcessorTests" time="0.027"/>
  <testcase name="sendToAnnotationFoundOnInterfaceProxy()" classname="org.springframework.jms.annotation.JmsListenerAnnotationBeanPostProcessorTests" time="0.065"/>
  <system-out><![CDATA[]]></system-out>
  <system-err><![CDATA[]]></system-err>
</testsuite>
