<?xml version="1.0" encoding="UTF-8"?>
<testsuite name="org.springframework.jms.listener.adapter.MessagingMessageListenerAdapterTests" tests="16" skipped="0" failures="0" errors="0" timestamp="2020-05-29T13:58:05" hostname="bamboo-18" time="0.77">
  <properties/>
  <testcase name="replyJacksonMessageAndJsonView()" classname="org.springframework.jms.listener.adapter.MessagingMessageListenerAdapterTests" time="0.64"/>
  <testcase name="replyJackson()" classname="org.springframework.jms.listener.adapter.MessagingMessageListenerAdapterTests" time="0.004"/>
  <testcase name="buildMessageWithStandardMessage()" classname="org.springframework.jms.listener.adapter.MessagingMessageListenerAdapterTests" time="0.001"/>
  <testcase name="replyPayloadNoDestination()" classname="org.springframework.jms.listener.adapter.MessagingMessageListenerAdapterTests" time="0.005"/>
  <testcase name="exceptionInListener()" classname="org.springframework.jms.listener.adapter.MessagingMessageListenerAdapterTests" time="0.006"/>
  <testcase name="payloadConversionLazilyInvoked()" classname="org.springframework.jms.listener.adapter.MessagingMessageListenerAdapterTests" time="0.008"/>
  <testcase name="replyUsesMessageConverterForPayload()" classname="org.springframework.jms.listener.adapter.MessagingMessageListenerAdapterTests" time="0.0"/>
  <testcase name="replyJacksonPojoAndJsonView()" classname="org.springframework.jms.listener.adapter.MessagingMessageListenerAdapterTests" time="0.002"/>
  <testcase name="replyPayloadToQueue()" classname="org.springframework.jms.listener.adapter.MessagingMessageListenerAdapterTests" time="0.002"/>
  <testcase name="replyPayloadToTopic()" classname="org.springframework.jms.listener.adapter.MessagingMessageListenerAdapterTests" time="0.006"/>
  <testcase name="incomingMessageUsesMessageConverter()" classname="org.springframework.jms.listener.adapter.MessagingMessageListenerAdapterTests" time="0.001"/>
  <testcase name="headerConversionLazilyInvoked()" classname="org.springframework.jms.listener.adapter.MessagingMessageListenerAdapterTests" time="0.001"/>
  <testcase name="replyWithCustomTimeToLive()" classname="org.springframework.jms.listener.adapter.MessagingMessageListenerAdapterTests" time="0.005"/>
  <testcase name="replyWithFullQoS()" classname="org.springframework.jms.listener.adapter.MessagingMessageListenerAdapterTests" time="0.002"/>
  <testcase name="replyPayloadToDestination()" classname="org.springframework.jms.listener.adapter.MessagingMessageListenerAdapterTests" time="0.001"/>
  <testcase name="exceptionInInvocation()" classname="org.springframework.jms.listener.adapter.MessagingMessageListenerAdapterTests" time="0.01"/>
  <system-out><![CDATA[]]></system-out>
  <system-err><![CDATA[]]></system-err>
</testsuite>
