<?xml version="1.0" encoding="UTF-8"?>
<testsuite name="org.springframework.jms.support.SimpleMessageConverterTests" tests="10" skipped="0" failures="0" errors="0" timestamp="2021-06-20T08:09:02" hostname="gankangdembp" time="0.116">
  <properties/>
  <testcase name="testSerializableConversion()" classname="org.springframework.jms.support.SimpleMessageConverterTests" time="0.001"/>
  <testcase name="testByteArrayConversion()" classname="org.springframework.jms.support.SimpleMessageConverterTests" time="0.002"/>
  <testcase name="testMapConversionWhereMapHasNNullForKey()" classname="org.springframework.jms.support.SimpleMessageConverterTests" time="0.087"/>
  <testcase name="testMapConversion()" classname="org.springframework.jms.support.SimpleMessageConverterTests" time="0.002"/>
  <testcase name="testToMessageSimplyReturnsMessageAsIsIfSuppliedWithMessage()" classname="org.springframework.jms.support.SimpleMessageConverterTests" time="0.0"/>
  <testcase name="testFromMessageSimplyReturnsMessageAsIsIfSuppliedWithMessage()" classname="org.springframework.jms.support.SimpleMessageConverterTests" time="0.001"/>
  <testcase name="testMapConversionWhereMapHasNonStringTypesForKeys()" classname="org.springframework.jms.support.SimpleMessageConverterTests" time="0.001"/>
  <testcase name="testStringConversion()" classname="org.springframework.jms.support.SimpleMessageConverterTests" time="0.002"/>
  <testcase name="testToMessageThrowsExceptionIfGivenIncompatibleObjectToConvert()" classname="org.springframework.jms.support.SimpleMessageConverterTests" time="0.002"/>
  <testcase name="testToMessageThrowsExceptionIfGivenNullObjectToConvert()" classname="org.springframework.jms.support.SimpleMessageConverterTests" time="0.001"/>
  <system-out><![CDATA[]]></system-out>
  <system-err><![CDATA[]]></system-err>
</testsuite>
