<?xml version="1.0" encoding="UTF-8"?>
<testsuite name="org.springframework.jms.config.JmsListenerContainerFactoryIntegrationTests" tests="4" skipped="0" failures="0" errors="0" timestamp="2020-05-29T13:58:03" hostname="bamboo-18" time="0.456">
  <properties/>
  <testcase name="messagingMessageConverterCanBeUsed()" classname="org.springframework.jms.config.JmsListenerContainerFactoryIntegrationTests" time="0.229"/>
  <testcase name="parameterAnnotationWithJdkProxy()" classname="org.springframework.jms.config.JmsListenerContainerFactoryIntegrationTests" time="0.013"/>
  <testcase name="messageConverterUsedIfSet()" classname="org.springframework.jms.config.JmsListenerContainerFactoryIntegrationTests" time="0.001"/>
  <testcase name="parameterAnnotationWithCglibProxy()" classname="org.springframework.jms.config.JmsListenerContainerFactoryIntegrationTests" time="0.183"/>
  <system-out><![CDATA[]]></system-out>
  <system-err><![CDATA[]]></system-err>
</testsuite>
