<?xml version="1.0" encoding="UTF-8"?>
<testsuite name="org.springframework.jms.annotation.JmsListenerAnnotationBeanPostProcessorTests" tests="5" skipped="0" failures="0" errors="0" timestamp="2021-06-20T08:09:01" hostname="gankangdembp" time="0.548">
  <properties/>
  <testcase name="simpleMessageListener()" classname="org.springframework.jms.annotation.JmsListenerAnnotationBeanPostProcessorTests" time="0.039"/>
  <testcase name="invalidProxy()" classname="org.springframework.jms.annotation.JmsListenerAnnotationBeanPostProcessorTests" time="0.257"/>
  <testcase name="sendToAnnotationFoundOnCglibProxy()" classname="org.springframework.jms.annotation.JmsListenerAnnotationBeanPostProcessorTests" time="0.134"/>
  <testcase name="metaAnnotationIsDiscovered()" classname="org.springframework.jms.annotation.JmsListenerAnnotationBeanPostProcessorTests" time="0.043"/>
  <testcase name="sendToAnnotationFoundOnInterfaceProxy()" classname="org.springframework.jms.annotation.JmsListenerAnnotationBeanPostProcessorTests" time="0.073"/>
  <system-out><![CDATA[]]></system-out>
  <system-err><![CDATA[]]></system-err>
</testsuite>
