<?xml version="1.0" encoding="UTF-8"?>
<testsuite name="org.springframework.jms.config.JmsListenerContainerFactoryIntegrationTests" tests="4" skipped="0" failures="0" errors="0" timestamp="2021-06-20T08:08:57" hostname="gankangdembp" time="0.215">
  <properties/>
  <testcase name="messagingMessageConverterCanBeUsed()" classname="org.springframework.jms.config.JmsListenerContainerFactoryIntegrationTests" time="0.007"/>
  <testcase name="parameterAnnotationWithJdkProxy()" classname="org.springframework.jms.config.JmsListenerContainerFactoryIntegrationTests" time="0.006"/>
  <testcase name="messageConverterUsedIfSet()" classname="org.springframework.jms.config.JmsListenerContainerFactoryIntegrationTests" time="0.002"/>
  <testcase name="parameterAnnotationWithCglibProxy()" classname="org.springframework.jms.config.JmsListenerContainerFactoryIntegrationTests" time="0.197"/>
  <system-out><![CDATA[]]></system-out>
  <system-err><![CDATA[]]></system-err>
</testsuite>
