<?xml version="1.0" encoding="UTF-8"?>
<testsuite name="org.springframework.jms.config.JmsListenerEndpointRegistrarTests" tests="6" skipped="0" failures="0" errors="0" timestamp="2020-05-29T13:57:59" hostname="bamboo-18" time="0.211">
  <properties/>
  <testcase name="registerEmptyEndpointId()" classname="org.springframework.jms.config.JmsListenerEndpointRegistrarTests" time="0.165"/>
  <testcase name="registerContainerWithoutFactory()" classname="org.springframework.jms.config.JmsListenerEndpointRegistrarTests" time="0.022"/>
  <testcase name="registerNullContainerFactoryWithNoDefault()" classname="org.springframework.jms.config.JmsListenerEndpointRegistrarTests" time="0.003"/>
  <testcase name="registerNullContainerFactoryIsAllowed()" classname="org.springframework.jms.config.JmsListenerEndpointRegistrarTests" time="0.003"/>
  <testcase name="registerNullEndpointId()" classname="org.springframework.jms.config.JmsListenerEndpointRegistrarTests" time="0.003"/>
  <testcase name="registerNullEndpoint()" classname="org.springframework.jms.config.JmsListenerEndpointRegistrarTests" time="0.009"/>
  <system-out><![CDATA[]]></system-out>
  <system-err><![CDATA[]]></system-err>
</testsuite>
