<?xml version="1.0" encoding="UTF-8"?>
<testsuite name="org.springframework.jms.support.converter.MappingJackson2MessageConverterTests" tests="14" skipped="0" failures="0" errors="0" timestamp="2021-06-20T08:09:02" hostname="gankangdembp" time="0.266">
  <properties/>
  <testcase name="toTextMessageWithAnotherJsonViewClass()" classname="org.springframework.jms.support.converter.MappingJackson2MessageConverterTests" time="0.003"/>
  <testcase name="toBytesMessage()" classname="org.springframework.jms.support.converter.MappingJackson2MessageConverterTests" time="0.017"/>
  <testcase name="fromTextMessageWithUnknownProperty()" classname="org.springframework.jms.support.converter.MappingJackson2MessageConverterTests" time="0.103"/>
  <testcase name="fromTextMessageAsMap()" classname="org.springframework.jms.support.converter.MappingJackson2MessageConverterTests" time="0.044"/>
  <testcase name="toTextMessageWithReturnTypeAndNoJsonView()" classname="org.springframework.jms.support.converter.MappingJackson2MessageConverterTests" time="0.002"/>
  <testcase name="toTextMessageWithObject()" classname="org.springframework.jms.support.converter.MappingJackson2MessageConverterTests" time="0.005"/>
  <testcase name="toTextMessageWithMap()" classname="org.springframework.jms.support.converter.MappingJackson2MessageConverterTests" time="0.04"/>
  <testcase name="fromBytesMessage()" classname="org.springframework.jms.support.converter.MappingJackson2MessageConverterTests" time="0.023"/>
  <testcase name="fromTextMessageAsObject()" classname="org.springframework.jms.support.converter.MappingJackson2MessageConverterTests" time="0.002"/>
  <testcase name="toTextMessageWithJsonViewClass()" classname="org.springframework.jms.support.converter.MappingJackson2MessageConverterTests" time="0.003"/>
  <testcase name="toTextMessageWithReturnType()" classname="org.springframework.jms.support.converter.MappingJackson2MessageConverterTests" time="0.003"/>
  <testcase name="toTextMessageWithNullReturnType()" classname="org.springframework.jms.support.converter.MappingJackson2MessageConverterTests" time="0.008"/>
  <testcase name="toTextMessageWithReturnTypeAndMultipleJsonViews()" classname="org.springframework.jms.support.converter.MappingJackson2MessageConverterTests" time="0.002"/>
  <testcase name="fromTextMessage()" classname="org.springframework.jms.support.converter.MappingJackson2MessageConverterTests" time="0.002"/>
  <system-out><![CDATA[]]></system-out>
  <system-err><![CDATA[]]></system-err>
</testsuite>
