<?xml version="1.0" encoding="UTF-8"?>
<testsuite name="org.springframework.jms.connection.SingleConnectionFactoryTests" tests="18" skipped="0" failures="0" errors="0" timestamp="2020-05-29T13:58:09" hostname="bamboo-18" time="0.211">
  <properties/>
  <testcase name="testCachingConnectionFactory()" classname="org.springframework.jms.connection.SingleConnectionFactoryTests" time="0.012"/>
  <testcase name="testWithConnectionFactoryAndReconnectOnException()" classname="org.springframework.jms.connection.SingleConnectionFactoryTests" time="0.007"/>
  <testcase name="testWithConnectionAggregatedStartStop()" classname="org.springframework.jms.connection.SingleConnectionFactoryTests" time="0.001"/>
  <testcase name="testWithTopicConnectionFactoryAndJms102Usage()" classname="org.springframework.jms.connection.SingleConnectionFactoryTests" time="0.045"/>
  <testcase name="testWithConnectionFactoryAndLocalExceptionListenerWithReconnect()" classname="org.springframework.jms.connection.SingleConnectionFactoryTests" time="0.005"/>
  <testcase name="testWithConnectionFactoryAndExceptionListenerAndReconnectOnException()" classname="org.springframework.jms.connection.SingleConnectionFactoryTests" time="0.007"/>
  <testcase name="testWithTopicConnectionFactoryAndJms11Usage()" classname="org.springframework.jms.connection.SingleConnectionFactoryTests" time="0.0"/>
  <testcase name="testWithConnection()" classname="org.springframework.jms.connection.SingleConnectionFactoryTests" time="0.001"/>
  <testcase name="testWithConnectionFactoryAndExceptionListener()" classname="org.springframework.jms.connection.SingleConnectionFactoryTests" time="0.004"/>
  <testcase name="testWithTopicConnection()" classname="org.springframework.jms.connection.SingleConnectionFactoryTests" time="0.0"/>
  <testcase name="testCachingConnectionFactoryWithTopicConnectionFactoryAndJms102Usage()" classname="org.springframework.jms.connection.SingleConnectionFactoryTests" time="0.009"/>
  <testcase name="testWithQueueConnectionFactoryAndJms102Usage()" classname="org.springframework.jms.connection.SingleConnectionFactoryTests" time="0.069"/>
  <testcase name="testWithQueueConnectionFactoryAndJms11Usage()" classname="org.springframework.jms.connection.SingleConnectionFactoryTests" time="0.003"/>
  <testcase name="testWithConnectionFactoryAndClientId()" classname="org.springframework.jms.connection.SingleConnectionFactoryTests" time="0.001"/>
  <testcase name="testWithConnectionFactoryAndLocalExceptionListenerWithCleanup()" classname="org.springframework.jms.connection.SingleConnectionFactoryTests" time="0.001"/>
  <testcase name="testWithConnectionFactory()" classname="org.springframework.jms.connection.SingleConnectionFactoryTests" time="0.001"/>
  <testcase name="testWithQueueConnection()" classname="org.springframework.jms.connection.SingleConnectionFactoryTests" time="0.005"/>
  <testcase name="testCachingConnectionFactoryWithQueueConnectionFactoryAndJms102Usage()" classname="org.springframework.jms.connection.SingleConnectionFactoryTests" time="0.004"/>
  <system-out><![CDATA[]]></system-out>
  <system-err><![CDATA[]]></system-err>
</testsuite>
