<?xml version="1.0" encoding="UTF-8"?>
<testsuite name="org.springframework.util.ResourceUtilsTests" tests="3" skipped="0" failures="0" errors="0" timestamp="2021-06-20T08:07:08" hostname="gankangdembp" time="0.005">
  <properties/>
  <testcase name="isJarURL()" classname="org.springframework.util.ResourceUtilsTests" time="0.001"/>
  <testcase name="extractJarFileURL()" classname="org.springframework.util.ResourceUtilsTests" time="0.001"/>
  <testcase name="extractArchiveURL()" classname="org.springframework.util.ResourceUtilsTests" time="0.002"/>
  <system-out><![CDATA[]]></system-out>
  <system-err><![CDATA[]]></system-err>
</testsuite>
