<?xml version="1.0" encoding="UTF-8"?>
<testsuite name="org.springframework.util.InstanceFilterTests" tests="5" skipped="0" failures="0" errors="0" timestamp="2020-05-29T13:57:48" hostname="bamboo-18" time="0.009">
  <properties/>
  <testcase name="excludesFilter()" classname="org.springframework.util.InstanceFilterTests" time="0.001"/>
  <testcase name="includesAndExcludesFilters()" classname="org.springframework.util.InstanceFilterTests" time="0.0"/>
  <testcase name="includesFilter()" classname="org.springframework.util.InstanceFilterTests" time="0.0"/>
  <testcase name="emptyFilterApplyMatchIfEmpty()" classname="org.springframework.util.InstanceFilterTests" time="0.0"/>
  <testcase name="includesAndExcludesFiltersConflict()" classname="org.springframework.util.InstanceFilterTests" time="0.001"/>
  <system-out><![CDATA[]]></system-out>
  <system-err><![CDATA[]]></system-err>
</testsuite>
