<?xml version="1.0" encoding="UTF-8"?>
<testsuite name="org.springframework.core.annotation.AnnotationAttributesTests" tests="11" skipped="0" failures="0" errors="0" timestamp="2020-05-29T13:57:42" hostname="bamboo-18" time="0.018">
  <properties/>
  <testcase name="nestedAnnotations()" classname="org.springframework.core.annotation.AnnotationAttributesTests" time="0.002"/>
  <testcase name="getEnumWithUnknownAttributeName()" classname="org.springframework.core.annotation.AnnotationAttributesTests" time="0.0"/>
  <testcase name="getAliasedStringArrayWithImplicitAliases()" classname="org.springframework.core.annotation.AnnotationAttributesTests" time="0.006"/>
  <testcase name="typeSafeAttributeAccess()" classname="org.springframework.core.annotation.AnnotationAttributesTests" time="0.001"/>
  <testcase name="singleElementToSingleElementArrayConversionSupport()" classname="org.springframework.core.annotation.AnnotationAttributesTests" time="0.0"/>
  <testcase name="getAliasedStringWithImplicitAliases()" classname="org.springframework.core.annotation.AnnotationAttributesTests" time="0.006"/>
  <testcase name="unresolvableClassWithClassNotFoundException()" classname="org.springframework.core.annotation.AnnotationAttributesTests" time="0.0"/>
  <testcase name="getEnumWithTypeMismatch()" classname="org.springframework.core.annotation.AnnotationAttributesTests" time="0.001"/>
  <testcase name="getEnumWithEmptyAttributeName()" classname="org.springframework.core.annotation.AnnotationAttributesTests" time="0.001"/>
  <testcase name="unresolvableClassWithLinkageError()" classname="org.springframework.core.annotation.AnnotationAttributesTests" time="0.0"/>
  <testcase name="getEnumWithNullAttributeName()" classname="org.springframework.core.annotation.AnnotationAttributesTests" time="0.0"/>
  <system-out><![CDATA[]]></system-out>
  <system-err><![CDATA[]]></system-err>
</testsuite>
