<?xml version="1.0" encoding="UTF-8"?>
<testsuite name="org.springframework.core.codec.ResourceEncoderTests" tests="2" skipped="0" failures="0" errors="0" timestamp="2021-06-20T08:06:57" hostname="gankangdembp" time="0.016">
  <properties/>
  <testcase name="encode()" classname="org.springframework.core.codec.ResourceEncoderTests" time="0.014"/>
  <testcase name="canEncode()" classname="org.springframework.core.codec.ResourceEncoderTests" time="0.001"/>
  <system-out><![CDATA[]]></system-out>
  <system-err><![CDATA[]]></system-err>
</testsuite>
