<?xml version="1.0" encoding="UTF-8"?>
<testsuite name="org.springframework.core.SpringCoreBlockHoundIntegrationTests" tests="3" skipped="0" failures="0" errors="0" timestamp="2020-05-29T13:57:48" hostname="bamboo-18" time="0.383">
  <properties/>
  <testcase name="localVariableTableParameterNameDiscoverer()" classname="org.springframework.core.SpringCoreBlockHoundIntegrationTests" time="0.262"/>
  <testcase name="concurrentReferenceHashMap()" classname="org.springframework.core.SpringCoreBlockHoundIntegrationTests" time="0.107"/>
  <testcase name="blockHoundIsInstalled()" classname="org.springframework.core.SpringCoreBlockHoundIntegrationTests" time="0.013"/>
  <system-out><![CDATA[]]></system-out>
  <system-err><![CDATA[]]></system-err>
</testsuite>
