<?xml version="1.0" encoding="UTF-8"?>
<testsuite name="org.springframework.util.xml.XMLEventStreamReaderTests" tests="2" skipped="0" failures="0" errors="0" timestamp="2020-05-29T13:57:54" hostname="bamboo-18" time="0.028">
  <properties/>
  <testcase name="readCorrect()" classname="org.springframework.util.xml.XMLEventStreamReaderTests" time="0.028"/>
  <testcase name="readAll()" classname="org.springframework.util.xml.XMLEventStreamReaderTests" time="0.0"/>
  <system-out><![CDATA[]]></system-out>
  <system-err><![CDATA[]]></system-err>
</testsuite>
