<?xml version="1.0" encoding="UTF-8"?>
<testsuite name="org.springframework.util.xml.StaxStreamXMLReaderTests" tests="6" skipped="0" failures="0" errors="0" timestamp="2020-05-29T13:57:54" hostname="bamboo-18" time="0.158">
  <properties/>
  <testcase name="contentHandlerNamespacesPrefixes()" classname="org.springframework.util.xml.StaxStreamXMLReaderTests" time="0.06"/>
  <testcase name="whitespace()" classname="org.springframework.util.xml.StaxStreamXMLReaderTests" time="0.002"/>
  <testcase name="contentHandlerNoNamespacesPrefixes()" classname="org.springframework.util.xml.StaxStreamXMLReaderTests" time="0.004"/>
  <testcase name="lexicalHandler()" classname="org.springframework.util.xml.StaxStreamXMLReaderTests" time="0.066"/>
  <testcase name="contentHandlerNamespacesNoPrefixes()" classname="org.springframework.util.xml.StaxStreamXMLReaderTests" time="0.015"/>
  <testcase name="partial()" classname="org.springframework.util.xml.StaxStreamXMLReaderTests" time="0.008"/>
  <system-out><![CDATA[]]></system-out>
  <system-err><![CDATA[]]></system-err>
</testsuite>
