<?xml version="1.0" encoding="UTF-8"?>
<testsuite name="org.springframework.util.xml.StaxEventHandlerTests" tests="4" skipped="0" failures="0" errors="0" timestamp="2020-05-29T13:57:54" hostname="bamboo-18" time="0.071">
  <properties/>
  <testcase name="noNamespacePrefixesDom()" classname="org.springframework.util.xml.StaxEventHandlerTests" time="0.025"/>
  <testcase name="noNamespacePrefixes()" classname="org.springframework.util.xml.StaxEventHandlerTests" time="0.024"/>
  <testcase name="namespacePrefixes()" classname="org.springframework.util.xml.StaxEventHandlerTests" time="0.012"/>
  <testcase name="namespacePrefixesDom()" classname="org.springframework.util.xml.StaxEventHandlerTests" time="0.003"/>
  <system-out><![CDATA[]]></system-out>
  <system-err><![CDATA[]]></system-err>
</testsuite>
