<?xml version="1.0" encoding="UTF-8"?>
<testsuite name="org.springframework.core.type.classreading.MergedAnnotationMetadataVisitorTests" tests="6" skipped="0" failures="0" errors="0" timestamp="2020-05-29T13:57:41" hostname="bamboo-18" time="0.034">
  <properties/>
  <testcase name="visitWhenHasSimpleArrayTypesCreatesAnnotation()" classname="org.springframework.core.type.classreading.MergedAnnotationMetadataVisitorTests" time="0.026"/>
  <testcase name="visitWhenHasSimpleTypesCreatesAnnotation()" classname="org.springframework.core.type.classreading.MergedAnnotationMetadataVisitorTests" time="0.001"/>
  <testcase name="visitWhenHasAnnotationAttributesCreatesAnnotation()" classname="org.springframework.core.type.classreading.MergedAnnotationMetadataVisitorTests" time="0.001"/>
  <testcase name="visitWhenHasEmptySimpleArrayTypesCreatesAnnotation()" classname="org.springframework.core.type.classreading.MergedAnnotationMetadataVisitorTests" time="0.001"/>
  <testcase name="visitWhenHasClassAttributesCreatesAnnotation()" classname="org.springframework.core.type.classreading.MergedAnnotationMetadataVisitorTests" time="0.001"/>
  <testcase name="visitWhenHasEnumAttributesCreatesAnnotation()" classname="org.springframework.core.type.classreading.MergedAnnotationMetadataVisitorTests" time="0.003"/>
  <system-out><![CDATA[]]></system-out>
  <system-err><![CDATA[]]></system-err>
</testsuite>
