<?xml version="1.0" encoding="UTF-8"?>
<testsuite name="org.springframework.util.comparator.NullSafeComparatorTests" tests="2" skipped="0" failures="0" errors="0" timestamp="2021-06-20T08:07:08" hostname="gankangdembp" time="0.002">
  <properties/>
  <testcase name="shouldCompareWithNullsLow()" classname="org.springframework.util.comparator.NullSafeComparatorTests" time="0.001"/>
  <testcase name="shouldCompareWithNullsHigh()" classname="org.springframework.util.comparator.NullSafeComparatorTests" time="0.001"/>
  <system-out><![CDATA[]]></system-out>
  <system-err><![CDATA[]]></system-err>
</testsuite>
