<?xml version="1.0" encoding="UTF-8"?>
<testsuite name="org.springframework.core.ReactiveAdapterRegistryTests" tests="21" skipped="0" failures="0" errors="0" timestamp="2021-06-20T08:06:56" hostname="gankangdembp" time="0.555">
  <properties/>
  <testcase name="publisherToRxSingle()" classname="org.springframework.core.ReactiveAdapterRegistryTests" time="0.028"/>
  <testcase name="reactivexFlowableToPublisher()" classname="org.springframework.core.ReactiveAdapterRegistryTests" time="0.455"/>
  <testcase name="publisherToReactivexObservable()" classname="org.springframework.core.ReactiveAdapterRegistryTests" time="0.017"/>
  <testcase name="publisherToReactivexFlowable()" classname="org.springframework.core.ReactiveAdapterRegistryTests" time="0.006"/>
  <testcase name="reactivexObservableToPublisher()" classname="org.springframework.core.ReactiveAdapterRegistryTests" time="0.005"/>
  <testcase name="reactivexSingleToPublisher()" classname="org.springframework.core.ReactiveAdapterRegistryTests" time="0.003"/>
  <testcase name="completableFutureToPublisher()" classname="org.springframework.core.ReactiveAdapterRegistryTests" time="0.003"/>
  <testcase name="publisherToCompletableFuture()" classname="org.springframework.core.ReactiveAdapterRegistryTests" time="0.002"/>
  <testcase name="rxCompletableToPublisher()" classname="org.springframework.core.ReactiveAdapterRegistryTests" time="0.004"/>
  <testcase name="rxSingleToPublisher()" classname="org.springframework.core.ReactiveAdapterRegistryTests" time="0.001"/>
  <testcase name="deferred()" classname="org.springframework.core.ReactiveAdapterRegistryTests" time="0.0"/>
  <testcase name="publisherToRxObservable()" classname="org.springframework.core.ReactiveAdapterRegistryTests" time="0.009"/>
  <testcase name="reactivexCompletableToPublisher()" classname="org.springframework.core.ReactiveAdapterRegistryTests" time="0.001"/>
  <testcase name="rxObservableToPublisher()" classname="org.springframework.core.ReactiveAdapterRegistryTests" time="0.004"/>
  <testcase name="defaultAdapterRegistrations()" classname="org.springframework.core.ReactiveAdapterRegistryTests" time="0.001"/>
  <testcase name="publisherToFlux()" classname="org.springframework.core.ReactiveAdapterRegistryTests" time="0.0"/>
  <testcase name="publisherToMono()" classname="org.springframework.core.ReactiveAdapterRegistryTests" time="0.0"/>
  <testcase name="getAdapterForReactiveSubType()" classname="org.springframework.core.ReactiveAdapterRegistryTests" time="0.002"/>
  <testcase name="publisherToReactivexCompletable()" classname="org.springframework.core.ReactiveAdapterRegistryTests" time="0.001"/>
  <testcase name="publisherToRxCompletable()" classname="org.springframework.core.ReactiveAdapterRegistryTests" time="0.002"/>
  <testcase name="publisherToReactivexSingle()" classname="org.springframework.core.ReactiveAdapterRegistryTests" time="0.001"/>
  <system-out><![CDATA[]]></system-out>
  <system-err><![CDATA[]]></system-err>
</testsuite>
