<?xml version="1.0" encoding="UTF-8"?>
<testsuite name="org.springframework.core.env.KotlinPropertyResolverExtensionsTests" tests="3" skipped="0" failures="0" errors="0" timestamp="2020-05-29T13:57:56" hostname="bamboo-18" time="1.373">
  <properties/>
  <testcase name="getProperty extension()" classname="org.springframework.core.env.KotlinPropertyResolverExtensionsTests" time="1.333"/>
  <testcase name="get operator()" classname="org.springframework.core.env.KotlinPropertyResolverExtensionsTests" time="0.009"/>
  <testcase name="getRequiredProperty extension()" classname="org.springframework.core.env.KotlinPropertyResolverExtensionsTests" time="0.013"/>
  <system-out><![CDATA[]]></system-out>
  <system-err><![CDATA[]]></system-err>
</testsuite>
