<?xml version="1.0" encoding="UTF-8"?>
<testsuite name="org.springframework.core.env.KotlinPropertyResolverExtensionsTests" tests="3" skipped="0" failures="0" errors="0" timestamp="2021-06-20T08:07:11" hostname="gankangdembp" time="0.64">
  <properties/>
  <testcase name="getProperty extension()" classname="org.springframework.core.env.KotlinPropertyResolverExtensionsTests" time="0.618"/>
  <testcase name="get operator()" classname="org.springframework.core.env.KotlinPropertyResolverExtensionsTests" time="0.009"/>
  <testcase name="getRequiredProperty extension()" classname="org.springframework.core.env.KotlinPropertyResolverExtensionsTests" time="0.006"/>
  <system-out><![CDATA[]]></system-out>
  <system-err><![CDATA[]]></system-err>
</testsuite>
