<?xml version="1.0" encoding="UTF-8"?>
<testsuite name="org.springframework.core.KotlinGenericTypeResolverTests" tests="1" skipped="0" failures="0" errors="0" timestamp="2021-06-20T08:07:10" hostname="gankangdembp" time="0.586">
  <properties/>
  <testcase name="methodReturnTypes()" classname="org.springframework.core.KotlinGenericTypeResolverTests" time="0.586"/>
  <system-out><![CDATA[]]></system-out>
  <system-err><![CDATA[]]></system-err>
</testsuite>
