<?xml version="1.0" encoding="UTF-8"?>
<testsuite name="org.springframework.core.annotation.MergedAnnotationClassLoaderTests" tests="1" skipped="0" failures="0" errors="0" timestamp="2021-06-20T08:07:05" hostname="gankangdembp" time="0.004">
  <properties/>
  <testcase name="synthesizedUsesCorrectClassLoader()" classname="org.springframework.core.annotation.MergedAnnotationClassLoaderTests" time="0.004"/>
  <system-out><![CDATA[]]></system-out>
  <system-err><![CDATA[]]></system-err>
</testsuite>
