<?xml version="1.0" encoding="UTF-8"?>
<testsuite name="org.springframework.util.xml.StaxResultTests" tests="2" skipped="0" failures="0" errors="0" timestamp="2021-06-20T08:07:09" hostname="gankangdembp" time="0.011">
  <properties/>
  <testcase name="eventWriterSource()" classname="org.springframework.util.xml.StaxResultTests" time="0.006"/>
  <testcase name="streamWriterSource()" classname="org.springframework.util.xml.StaxResultTests" time="0.005"/>
  <system-out><![CDATA[]]></system-out>
  <system-err><![CDATA[]]></system-err>
</testsuite>
