<?xml version="1.0" encoding="UTF-8"?>
<testsuite name="org.springframework.core.io.support.ResourceArrayPropertyEditorTests" tests="4" skipped="0" failures="0" errors="0" timestamp="2021-06-20T08:06:59" hostname="gankangdembp" time="0.017">
  <properties/>
  <testcase name="strictSystemPropertyReplacementWithUnresolvablePlaceholder()" classname="org.springframework.core.io.support.ResourceArrayPropertyEditorTests" time="0.008"/>
  <testcase name="patternResource()" classname="org.springframework.core.io.support.ResourceArrayPropertyEditorTests" time="0.007"/>
  <testcase name="vanillaResource()" classname="org.springframework.core.io.support.ResourceArrayPropertyEditorTests" time="0.0"/>
  <testcase name="systemPropertyReplacement()" classname="org.springframework.core.io.support.ResourceArrayPropertyEditorTests" time="0.001"/>
  <system-out><![CDATA[]]></system-out>
  <system-err><![CDATA[]]></system-err>
</testsuite>
