<?xml version="1.0" encoding="UTF-8"?>
<testsuite name="org.springframework.core.io.ClassPathResourceTests" tests="12" skipped="0" failures="0" errors="0" timestamp="2020-05-29T13:57:39" hostname="bamboo-18" time="0.006">
  <properties/>
  <testcase name="stringConstructorRaisesExceptionWithFullyQualifiedPath()" classname="org.springframework.core.io.ClassPathResourceTests" time="0.001"/>
  <testcase name="getDescriptionWithClassLoaderConstructorAndLeadingSlash()" classname="org.springframework.core.io.ClassPathResourceTests" time="0.0"/>
  <testcase name="getDescriptionWithStringConstructor()" classname="org.springframework.core.io.ClassPathResourceTests" time="0.0"/>
  <testcase name="classLiteralConstructorRaisesExceptionWithFullyQualifiedPath()" classname="org.springframework.core.io.ClassPathResourceTests" time="0.0"/>
  <testcase name="getDescriptionWithStringConstructorAndLeadingSlash()" classname="org.springframework.core.io.ClassPathResourceTests" time="0.0"/>
  <testcase name="dropLeadingSlashForClassLoaderAccess()" classname="org.springframework.core.io.ClassPathResourceTests" time="0.001"/>
  <testcase name="directoryNotReadable()" classname="org.springframework.core.io.ClassPathResourceTests" time="0.0"/>
  <testcase name="preserveLeadingSlashForClassRelativeAccess()" classname="org.springframework.core.io.ClassPathResourceTests" time="0.0"/>
  <testcase name="getDescriptionWithClassLiteralConstructor()" classname="org.springframework.core.io.ClassPathResourceTests" time="0.0"/>
  <testcase name="classLoaderConstructorRaisesExceptionWithFullyQualifiedPath()" classname="org.springframework.core.io.ClassPathResourceTests" time="0.0"/>
  <testcase name="getDescriptionWithClassLiteralConstructorAndLeadingSlash()" classname="org.springframework.core.io.ClassPathResourceTests" time="0.0"/>
  <testcase name="getDescriptionWithClassLoaderConstructor()" classname="org.springframework.core.io.ClassPathResourceTests" time="0.001"/>
  <system-out><![CDATA[]]></system-out>
  <system-err><![CDATA[]]></system-err>
</testsuite>
