<?xml version="1.0" encoding="UTF-8"?>
<testsuite name="org.springframework.core.codec.CharSequenceEncoderTests" tests="3" skipped="0" failures="0" errors="0" timestamp="2020-05-29T13:57:43" hostname="bamboo-18" time="0.029">
  <properties/>
  <testcase name="encode()" classname="org.springframework.core.codec.CharSequenceEncoderTests" time="0.003"/>
  <testcase name="calculateCapacity()" classname="org.springframework.core.codec.CharSequenceEncoderTests" time="0.016"/>
  <testcase name="canEncode()" classname="org.springframework.core.codec.CharSequenceEncoderTests" time="0.01"/>
  <system-out><![CDATA[]]></system-out>
  <system-err><![CDATA[]]></system-err>
</testsuite>
