<?xml version="1.0" encoding="UTF-8"?>
<testsuite name="org.springframework.core.testfixture.TestGroupTests" tests="5" skipped="0" failures="0" errors="0" timestamp="2021-06-20T08:07:08" hostname="gankangdembp" time="0.005">
  <properties/>
  <testcase name="assumeGroupWithBogusActiveTestGroup()" classname="org.springframework.core.testfixture.TestGroupTests" time="0.001"/>
  <testcase name="assumeGroupWithNoMatchingActiveTestGroup()" classname="org.springframework.core.testfixture.TestGroupTests" time="0.001"/>
  <testcase name="assumeGroupWithAllMinusBogusActiveTestGroup()" classname="org.springframework.core.testfixture.TestGroupTests" time="0.0"/>
  <testcase name="assumeGroupWithNoActiveTestGroups()" classname="org.springframework.core.testfixture.TestGroupTests" time="0.001"/>
  <testcase name="assumeGroupWithMatchingActiveTestGroup()" classname="org.springframework.core.testfixture.TestGroupTests" time="0.001"/>
  <system-out><![CDATA[]]></system-out>
  <system-err><![CDATA[]]></system-err>
</testsuite>
