<?xml version="1.0" encoding="UTF-8"?>
<testsuite name="org.springframework.core.ConventionsTests" tests="9" skipped="0" failures="0" errors="0" timestamp="2020-05-29T13:57:43" hostname="bamboo-18" time="0.449">
  <properties/>
  <testcase name="reactiveParameters()" classname="org.springframework.core.ConventionsTests" time="0.436"/>
  <testcase name="simpleObject()" classname="org.springframework.core.ConventionsTests" time="0.0"/>
  <testcase name="emptyList()" classname="org.springframework.core.ConventionsTests" time="0.001"/>
  <testcase name="attributeNameToPropertyName()" classname="org.springframework.core.ConventionsTests" time="0.0"/>
  <testcase name="getQualifiedAttributeName()" classname="org.springframework.core.ConventionsTests" time="0.0"/>
  <testcase name="set()" classname="org.springframework.core.ConventionsTests" time="0.01"/>
  <testcase name="list()" classname="org.springframework.core.ConventionsTests" time="0.001"/>
  <testcase name="array()" classname="org.springframework.core.ConventionsTests" time="0.0"/>
  <testcase name="reactiveReturnTypes()" classname="org.springframework.core.ConventionsTests" time="0.0"/>
  <system-out><![CDATA[]]></system-out>
  <system-err><![CDATA[]]></system-err>
</testsuite>
