<?xml version="1.0" encoding="UTF-8"?>
<testsuite name="org.springframework.core.env.CustomEnvironmentTests" tests="4" skipped="0" failures="0" errors="0" timestamp="2021-06-20T08:07:07" hostname="gankangdembp" time="0.011">
  <properties/>
  <testcase name="withSingleCustomReservedDefaultProfile()" classname="org.springframework.core.env.CustomEnvironmentTests" time="0.005"/>
  <testcase name="withNoReservedDefaultProfile()" classname="org.springframework.core.env.CustomEnvironmentTests" time="0.001"/>
  <testcase name="control()" classname="org.springframework.core.env.CustomEnvironmentTests" time="0.001"/>
  <testcase name="withMultiCustomReservedDefaultProfile()" classname="org.springframework.core.env.CustomEnvironmentTests" time="0.003"/>
  <system-out><![CDATA[]]></system-out>
  <system-err><![CDATA[]]></system-err>
</testsuite>
