<?xml version="1.0" encoding="UTF-8"?>
<testsuite name="org.springframework.util.PropertiesPersisterTests" tests="8" skipped="0" failures="0" errors="0" timestamp="2020-05-29T13:57:52" hostname="bamboo-18" time="0.033">
  <properties/>
  <testcase name="propertiesPersisterWithReaderAndWhitespace()" classname="org.springframework.util.PropertiesPersisterTests" time="0.011"/>
  <testcase name="propertiesPersister()" classname="org.springframework.util.PropertiesPersisterTests" time="0.001"/>
  <testcase name="propertiesPersisterWithEmptyValue()" classname="org.springframework.util.PropertiesPersisterTests" time="0.001"/>
  <testcase name="propertiesPersisterWithReaderAndHeader()" classname="org.springframework.util.PropertiesPersisterTests" time="0.001"/>
  <testcase name="propertiesPersisterWithHeader()" classname="org.springframework.util.PropertiesPersisterTests" time="0.014"/>
  <testcase name="propertiesPersisterWithWhitespace()" classname="org.springframework.util.PropertiesPersisterTests" time="0.0"/>
  <testcase name="propertiesPersisterWithReader()" classname="org.springframework.util.PropertiesPersisterTests" time="0.0"/>
  <testcase name="propertiesPersisterWithReaderAndEmptyValue()" classname="org.springframework.util.PropertiesPersisterTests" time="0.004"/>
  <system-out><![CDATA[]]></system-out>
  <system-err><![CDATA[]]></system-err>
</testsuite>
