<?xml version="1.0" encoding="UTF-8"?>
<testsuite name="org.springframework.core.KotlinReactiveAdapterRegistryTests" tests="4" skipped="0" failures="0" errors="0" timestamp="2021-06-20T08:07:12" hostname="gankangdembp" time="0.28">
  <properties/>
  <testcase name="flowToPublisher()" classname="org.springframework.core.KotlinReactiveAdapterRegistryTests" time="0.149"/>
  <testcase name="publisherToDeferred()" classname="org.springframework.core.KotlinReactiveAdapterRegistryTests" time="0.04"/>
  <testcase name="publisherToFlow()" classname="org.springframework.core.KotlinReactiveAdapterRegistryTests" time="0.064"/>
  <testcase name="deferredToPublisher()" classname="org.springframework.core.KotlinReactiveAdapterRegistryTests" time="0.024"/>
  <system-out><![CDATA[]]></system-out>
  <system-err><![CDATA[]]></system-err>
</testsuite>
