<?xml version="1.0" encoding="UTF-8"?>
<testsuite name="org.springframework.core.io.buffer.support.DataBufferTestUtilsTests" tests="12" skipped="0" failures="0" errors="0" timestamp="2021-06-20T08:06:59" hostname="gankangdembp" time="0.041">
  <properties/>
  <testcase name="dumpBytes(String, DataBufferFactory)[1]" classname="org.springframework.core.io.buffer.support.DataBufferTestUtilsTests" time="0.011"/>
  <testcase name="dumpBytes(String, DataBufferFactory)[2]" classname="org.springframework.core.io.buffer.support.DataBufferTestUtilsTests" time="0.001"/>
  <testcase name="dumpBytes(String, DataBufferFactory)[3]" classname="org.springframework.core.io.buffer.support.DataBufferTestUtilsTests" time="0.005"/>
  <testcase name="dumpBytes(String, DataBufferFactory)[4]" classname="org.springframework.core.io.buffer.support.DataBufferTestUtilsTests" time="0.01"/>
  <testcase name="dumpBytes(String, DataBufferFactory)[5]" classname="org.springframework.core.io.buffer.support.DataBufferTestUtilsTests" time="0.007"/>
  <testcase name="dumpBytes(String, DataBufferFactory)[6]" classname="org.springframework.core.io.buffer.support.DataBufferTestUtilsTests" time="0.0"/>
  <testcase name="dumpString(String, DataBufferFactory)[1]" classname="org.springframework.core.io.buffer.support.DataBufferTestUtilsTests" time="0.001"/>
  <testcase name="dumpString(String, DataBufferFactory)[2]" classname="org.springframework.core.io.buffer.support.DataBufferTestUtilsTests" time="0.0"/>
  <testcase name="dumpString(String, DataBufferFactory)[3]" classname="org.springframework.core.io.buffer.support.DataBufferTestUtilsTests" time="0.0"/>
  <testcase name="dumpString(String, DataBufferFactory)[4]" classname="org.springframework.core.io.buffer.support.DataBufferTestUtilsTests" time="0.001"/>
  <testcase name="dumpString(String, DataBufferFactory)[5]" classname="org.springframework.core.io.buffer.support.DataBufferTestUtilsTests" time="0.0"/>
  <testcase name="dumpString(String, DataBufferFactory)[6]" classname="org.springframework.core.io.buffer.support.DataBufferTestUtilsTests" time="0.0"/>
  <system-out><![CDATA[]]></system-out>
  <system-err><![CDATA[]]></system-err>
</testsuite>
