<?xml version="1.0" encoding="UTF-8"?>
<testsuite name="org.springframework.core.annotation.AnnotationBackCompatibiltyTests" tests="2" skipped="0" failures="0" errors="0" timestamp="2020-05-29T13:57:42" hostname="bamboo-18" time="0.009">
  <properties/>
  <testcase name="defaultValue()" classname="org.springframework.core.annotation.AnnotationBackCompatibiltyTests" time="0.007"/>
  <testcase name="multiplRoutesToMetaAnnotation()" classname="org.springframework.core.annotation.AnnotationBackCompatibiltyTests" time="0.002"/>
  <system-out><![CDATA[]]></system-out>
  <system-err><![CDATA[]]></system-err>
</testsuite>
