<?xml version="1.0" encoding="UTF-8"?>
<testsuite name="org.springframework.core.codec.ResourceRegionEncoderTests" tests="6" skipped="0" failures="0" errors="0" timestamp="2020-05-29T13:57:43" hostname="bamboo-18" time="0.066">
  <properties/>
  <testcase name="shouldEncodeMultipleResourceRegionsFileResource()" classname="org.springframework.core.codec.ResourceRegionEncoderTests" time="0.029"/>
  <testcase name="cancelWithoutDemandForSingleResourceRegion()" classname="org.springframework.core.codec.ResourceRegionEncoderTests" time="0.001"/>
  <testcase name="canEncode()" classname="org.springframework.core.codec.ResourceRegionEncoderTests" time="0.0"/>
  <testcase name="shouldEncodeResourceRegionFileResource()" classname="org.springframework.core.codec.ResourceRegionEncoderTests" time="0.001"/>
  <testcase name="cancelWithoutDemandForMultipleResourceRegions()" classname="org.springframework.core.codec.ResourceRegionEncoderTests" time="0.001"/>
  <testcase name="nonExisting()" classname="org.springframework.core.codec.ResourceRegionEncoderTests" time="0.028"/>
  <system-out><![CDATA[]]></system-out>
  <system-err><![CDATA[]]></system-err>
</testsuite>
