<?xml version="1.0" encoding="UTF-8"?>
<testsuite name="org.springframework.core.task.SimpleAsyncTaskExecutorTests" tests="5" skipped="0" failures="0" errors="0" timestamp="2020-05-29T13:57:44" hostname="bamboo-18" time="0.02">
  <properties/>
  <testcase name="threadFactoryOverridesDefaults()" classname="org.springframework.core.task.SimpleAsyncTaskExecutorTests" time="0.012"/>
  <testcase name="threadNameGetsSetCorrectly()" classname="org.springframework.core.task.SimpleAsyncTaskExecutorTests" time="0.007"/>
  <testcase name="cannotExecuteWhenConcurrencyIsSwitchedOff()" classname="org.springframework.core.task.SimpleAsyncTaskExecutorTests" time="0.0"/>
  <testcase name="throttleIsNotActiveByDefault()" classname="org.springframework.core.task.SimpleAsyncTaskExecutorTests" time="0.0"/>
  <testcase name="throwsExceptionWhenSuppliedWithNullRunnable()" classname="org.springframework.core.task.SimpleAsyncTaskExecutorTests" time="0.0"/>
  <system-out><![CDATA[]]></system-out>
  <system-err><![CDATA[]]></system-err>
</testsuite>
