<?xml version="1.0" encoding="UTF-8"?>
<testsuite name="org.springframework.core.SpringCoreBlockHoundIntegrationTests" tests="3" skipped="0" failures="0" errors="0" timestamp="2021-06-20T08:07:06" hostname="gankangdembp" time="0.127">
  <properties/>
  <testcase name="localVariableTableParameterNameDiscoverer()" classname="org.springframework.core.SpringCoreBlockHoundIntegrationTests" time="0.082"/>
  <testcase name="concurrentReferenceHashMap()" classname="org.springframework.core.SpringCoreBlockHoundIntegrationTests" time="0.039"/>
  <testcase name="blockHoundIsInstalled()" classname="org.springframework.core.SpringCoreBlockHoundIntegrationTests" time="0.004"/>
  <system-out><![CDATA[]]></system-out>
  <system-err><![CDATA[]]></system-err>
</testsuite>
