<?xml version="1.0" encoding="UTF-8"?>
<testsuite name="org.springframework.util.xml.StaxEventHandlerTests" tests="4" skipped="0" failures="0" errors="0" timestamp="2021-06-20T08:07:09" hostname="gankangdembp" time="0.033">
  <properties/>
  <testcase name="noNamespacePrefixesDom()" classname="org.springframework.util.xml.StaxEventHandlerTests" time="0.014"/>
  <testcase name="noNamespacePrefixes()" classname="org.springframework.util.xml.StaxEventHandlerTests" time="0.008"/>
  <testcase name="namespacePrefixes()" classname="org.springframework.util.xml.StaxEventHandlerTests" time="0.006"/>
  <testcase name="namespacePrefixesDom()" classname="org.springframework.util.xml.StaxEventHandlerTests" time="0.005"/>
  <system-out><![CDATA[]]></system-out>
  <system-err><![CDATA[]]></system-err>
</testsuite>
