<?xml version="1.0" encoding="UTF-8"?>
<testsuite name="org.springframework.core.ConstantsTests" tests="11" skipped="0" failures="0" errors="0" timestamp="2020-05-29T13:57:43" hostname="bamboo-18" time="0.014">
  <properties/>
  <testcase name="ctorWithNullClass()" classname="org.springframework.core.ConstantsTests" time="0.001"/>
  <testcase name="getValuesInTurkey()" classname="org.springframework.core.ConstantsTests" time="0.001"/>
  <testcase name="suffixAccess()" classname="org.springframework.core.ConstantsTests" time="0.001"/>
  <testcase name="toCode()" classname="org.springframework.core.ConstantsTests" time="0.009"/>
  <testcase name="getValuesWithEmptyStringPrefix()" classname="org.springframework.core.ConstantsTests" time="0.001"/>
  <testcase name="constants()" classname="org.springframework.core.ConstantsTests" time="0.0"/>
  <testcase name="getValuesWithNullPrefix()" classname="org.springframework.core.ConstantsTests" time="0.0"/>
  <testcase name="getValues()" classname="org.springframework.core.ConstantsTests" time="0.0"/>
  <testcase name="withClassThatExposesNoConstants()" classname="org.springframework.core.ConstantsTests" time="0.0"/>
  <testcase name="getValuesWithWhitespacedStringPrefix()" classname="org.springframework.core.ConstantsTests" time="0.0"/>
  <testcase name="getNames()" classname="org.springframework.core.ConstantsTests" time="0.0"/>
  <system-out><![CDATA[]]></system-out>
  <system-err><![CDATA[]]></system-err>
</testsuite>
