<?xml version="1.0" encoding="UTF-8"?>
<testsuite name="org.springframework.core.io.ResourceEditorTests" tests="7" skipped="0" failures="0" errors="0" timestamp="2020-05-29T13:57:39" hostname="bamboo-18" time="0.015">
  <properties/>
  <testcase name="strictSystemPropertyReplacementWithUnresolvablePlaceholder()" classname="org.springframework.core.io.ResourceEditorTests" time="0.001"/>
  <testcase name="sunnyDay()" classname="org.springframework.core.io.ResourceEditorTests" time="0.001"/>
  <testcase name="ctorWithNullCtorArgs()" classname="org.springframework.core.io.ResourceEditorTests" time="0.002"/>
  <testcase name="systemPropertyReplacement()" classname="org.springframework.core.io.ResourceEditorTests" time="0.0"/>
  <testcase name="systemPropertyReplacementWithUnresolvablePlaceholder()" classname="org.springframework.core.io.ResourceEditorTests" time="0.0"/>
  <testcase name="setAndGetAsTextWithWhitespaceResource()" classname="org.springframework.core.io.ResourceEditorTests" time="0.001"/>
  <testcase name="setAndGetAsTextWithNull()" classname="org.springframework.core.io.ResourceEditorTests" time="0.009"/>
  <system-out><![CDATA[]]></system-out>
  <system-err><![CDATA[]]></system-err>
</testsuite>
