<?xml version="1.0" encoding="UTF-8"?>
<testsuite name="org.springframework.core.SerializableTypeWrapperTests" tests="8" skipped="0" failures="0" errors="0" timestamp="2020-05-29T13:57:45" hostname="bamboo-18" time="0.059">
  <properties/>
  <testcase name="typeVariableType()" classname="org.springframework.core.SerializableTypeWrapperTests" time="0.026"/>
  <testcase name="wildcardType()" classname="org.springframework.core.SerializableTypeWrapperTests" time="0.009"/>
  <testcase name="forConstructor()" classname="org.springframework.core.SerializableTypeWrapperTests" time="0.002"/>
  <testcase name="forMethodParameter()" classname="org.springframework.core.SerializableTypeWrapperTests" time="0.003"/>
  <testcase name="classType()" classname="org.springframework.core.SerializableTypeWrapperTests" time="0.001"/>
  <testcase name="forField()" classname="org.springframework.core.SerializableTypeWrapperTests" time="0.009"/>
  <testcase name="parameterizedType()" classname="org.springframework.core.SerializableTypeWrapperTests" time="0.001"/>
  <testcase name="genericArrayType()" classname="org.springframework.core.SerializableTypeWrapperTests" time="0.004"/>
  <system-out><![CDATA[]]></system-out>
  <system-err><![CDATA[]]></system-err>
</testsuite>
