<?xml version="1.0" encoding="UTF-8"?>
<testsuite name="org.springframework.util.xml.StaxStreamXMLReaderTests" tests="6" skipped="0" failures="0" errors="0" timestamp="2021-06-20T08:07:10" hostname="gankangdembp" time="0.024">
  <properties/>
  <testcase name="contentHandlerNamespacesPrefixes()" classname="org.springframework.util.xml.StaxStreamXMLReaderTests" time="0.005"/>
  <testcase name="whitespace()" classname="org.springframework.util.xml.StaxStreamXMLReaderTests" time="0.002"/>
  <testcase name="contentHandlerNoNamespacesPrefixes()" classname="org.springframework.util.xml.StaxStreamXMLReaderTests" time="0.004"/>
  <testcase name="lexicalHandler()" classname="org.springframework.util.xml.StaxStreamXMLReaderTests" time="0.003"/>
  <testcase name="contentHandlerNamespacesNoPrefixes()" classname="org.springframework.util.xml.StaxStreamXMLReaderTests" time="0.005"/>
  <testcase name="partial()" classname="org.springframework.util.xml.StaxStreamXMLReaderTests" time="0.003"/>
  <system-out><![CDATA[]]></system-out>
  <system-err><![CDATA[]]></system-err>
</testsuite>
