<?xml version="1.0" encoding="UTF-8"?>
<testsuite name="org.springframework.util.xml.StaxStreamHandlerTests" tests="4" skipped="0" failures="0" errors="0" timestamp="2020-05-29T13:57:53" hostname="bamboo-18" time="0.207">
  <properties/>
  <testcase name="noNamespacePrefixesDom()" classname="org.springframework.util.xml.StaxStreamHandlerTests" time="0.175"/>
  <testcase name="noNamespacePrefixes()" classname="org.springframework.util.xml.StaxStreamHandlerTests" time="0.022"/>
  <testcase name="namespacePrefixes()" classname="org.springframework.util.xml.StaxStreamHandlerTests" time="0.005"/>
  <testcase name="namespacePrefixesDom()" classname="org.springframework.util.xml.StaxStreamHandlerTests" time="0.004"/>
  <system-out><![CDATA[]]></system-out>
  <system-err><![CDATA[]]></system-err>
</testsuite>
