<?xml version="1.0" encoding="UTF-8"?>
<testsuite name="org.springframework.core.io.ResourceEditorTests" tests="7" skipped="0" failures="0" errors="0" timestamp="2021-06-20T08:06:59" hostname="gankangdembp" time="0.003">
  <properties/>
  <testcase name="strictSystemPropertyReplacementWithUnresolvablePlaceholder()" classname="org.springframework.core.io.ResourceEditorTests" time="0.001"/>
  <testcase name="sunnyDay()" classname="org.springframework.core.io.ResourceEditorTests" time="0.0"/>
  <testcase name="ctorWithNullCtorArgs()" classname="org.springframework.core.io.ResourceEditorTests" time="0.001"/>
  <testcase name="systemPropertyReplacement()" classname="org.springframework.core.io.ResourceEditorTests" time="0.0"/>
  <testcase name="systemPropertyReplacementWithUnresolvablePlaceholder()" classname="org.springframework.core.io.ResourceEditorTests" time="0.0"/>
  <testcase name="setAndGetAsTextWithWhitespaceResource()" classname="org.springframework.core.io.ResourceEditorTests" time="0.0"/>
  <testcase name="setAndGetAsTextWithNull()" classname="org.springframework.core.io.ResourceEditorTests" time="0.001"/>
  <system-out><![CDATA[]]></system-out>
  <system-err><![CDATA[]]></system-err>
</testsuite>
