<?xml version="1.0" encoding="UTF-8"?>
<testsuite name="org.springframework.util.xml.DomContentHandlerTests" tests="3" skipped="0" failures="0" errors="0" timestamp="2021-06-20T08:07:09" hostname="gankangdembp" time="0.082">
  <properties/>
  <testcase name="contentHandlerDocumentNoNamespacePrefixes()" classname="org.springframework.util.xml.DomContentHandlerTests" time="0.071"/>
  <testcase name="contentHandlerDocumentNamespacePrefixes()" classname="org.springframework.util.xml.DomContentHandlerTests" time="0.006"/>
  <testcase name="contentHandlerElement()" classname="org.springframework.util.xml.DomContentHandlerTests" time="0.004"/>
  <system-out><![CDATA[]]></system-out>
  <system-err><![CDATA[]]></system-err>
</testsuite>
