<?xml version="1.0" encoding="UTF-8"?>
<testsuite name="org.springframework.core.codec.ResourceRegionEncoderTests" tests="6" skipped="0" failures="0" errors="0" timestamp="2021-06-20T08:06:57" hostname="gankangdembp" time="0.111">
  <properties/>
  <testcase name="shouldEncodeMultipleResourceRegionsFileResource()" classname="org.springframework.core.codec.ResourceRegionEncoderTests" time="0.099"/>
  <testcase name="cancelWithoutDemandForSingleResourceRegion()" classname="org.springframework.core.codec.ResourceRegionEncoderTests" time="0.003"/>
  <testcase name="canEncode()" classname="org.springframework.core.codec.ResourceRegionEncoderTests" time="0.001"/>
  <testcase name="shouldEncodeResourceRegionFileResource()" classname="org.springframework.core.codec.ResourceRegionEncoderTests" time="0.002"/>
  <testcase name="cancelWithoutDemandForMultipleResourceRegions()" classname="org.springframework.core.codec.ResourceRegionEncoderTests" time="0.001"/>
  <testcase name="nonExisting()" classname="org.springframework.core.codec.ResourceRegionEncoderTests" time="0.004"/>
  <system-out><![CDATA[]]></system-out>
  <system-err><![CDATA[]]></system-err>
</testsuite>
