<?xml version="1.0" encoding="UTF-8"?>
<testsuite name="org.springframework.core.AttributeAccessorSupportTests" tests="4" skipped="0" failures="0" errors="0" timestamp="2021-06-20T08:07:08" hostname="gankangdembp" time="0.001">
  <properties/>
  <testcase name="attributeNames()" classname="org.springframework.core.AttributeAccessorSupportTests" time="0.0"/>
  <testcase name="remove()" classname="org.springframework.core.AttributeAccessorSupportTests" time="0.001"/>
  <testcase name="setAndGet()" classname="org.springframework.core.AttributeAccessorSupportTests" time="0.0"/>
  <testcase name="setAndHas()" classname="org.springframework.core.AttributeAccessorSupportTests" time="0.0"/>
  <system-out><![CDATA[]]></system-out>
  <system-err><![CDATA[]]></system-err>
</testsuite>
