<?xml version="1.0" encoding="UTF-8"?>
<testsuite name="org.springframework.util.TypeUtilsTests" tests="4" skipped="0" failures="0" errors="0" timestamp="2020-05-29T13:57:49" hostname="bamboo-18" time="0.003">
  <properties/>
  <testcase name="withParameterizedTypes()" classname="org.springframework.util.TypeUtilsTests" time="0.001"/>
  <testcase name="withWildcardTypes()" classname="org.springframework.util.TypeUtilsTests" time="0.0"/>
  <testcase name="withGenericArrayTypes()" classname="org.springframework.util.TypeUtilsTests" time="0.0"/>
  <testcase name="withClasses()" classname="org.springframework.util.TypeUtilsTests" time="0.001"/>
  <system-out><![CDATA[]]></system-out>
  <system-err><![CDATA[]]></system-err>
</testsuite>
