<?xml version="1.0" encoding="UTF-8"?>
<testsuite name="org.springframework.core.io.support.ResourceArrayPropertyEditorTests" tests="4" skipped="0" failures="0" errors="0" timestamp="2020-05-29T13:57:28" hostname="bamboo-18" time="1.099">
  <properties/>
  <testcase name="strictSystemPropertyReplacementWithUnresolvablePlaceholder()" classname="org.springframework.core.io.support.ResourceArrayPropertyEditorTests" time="1.036"/>
  <testcase name="patternResource()" classname="org.springframework.core.io.support.ResourceArrayPropertyEditorTests" time="0.038"/>
  <testcase name="vanillaResource()" classname="org.springframework.core.io.support.ResourceArrayPropertyEditorTests" time="0.002"/>
  <testcase name="systemPropertyReplacement()" classname="org.springframework.core.io.support.ResourceArrayPropertyEditorTests" time="0.02"/>
  <system-out><![CDATA[]]></system-out>
  <system-err><![CDATA[]]></system-err>
</testsuite>
