<?xml version="1.0" encoding="UTF-8"?>
<testsuite name="org.springframework.util.concurrent.ListenableFutureTaskTests" tests="4" skipped="0" failures="0" errors="0" timestamp="2020-05-29T13:57:52" hostname="bamboo-18" time="0.104">
  <properties/>
  <testcase name="success()" classname="org.springframework.util.concurrent.ListenableFutureTaskTests" time="0.001"/>
  <testcase name="failure()" classname="org.springframework.util.concurrent.ListenableFutureTaskTests" time="0.002"/>
  <testcase name="failureWithLambdas()" classname="org.springframework.util.concurrent.ListenableFutureTaskTests" time="0.083"/>
  <testcase name="successWithLambdas()" classname="org.springframework.util.concurrent.ListenableFutureTaskTests" time="0.002"/>
  <system-out><![CDATA[]]></system-out>
  <system-err><![CDATA[]]></system-err>
</testsuite>
