<?xml version="1.0" encoding="UTF-8"?>
<testsuite name="org.springframework.core.KotlinGenericTypeResolverTests" tests="1" skipped="0" failures="0" errors="0" timestamp="2020-05-29T13:57:55" hostname="bamboo-18" time="0.04">
  <properties/>
  <testcase name="methodReturnTypes()" classname="org.springframework.core.KotlinGenericTypeResolverTests" time="0.04"/>
  <system-out><![CDATA[]]></system-out>
  <system-err><![CDATA[]]></system-err>
</testsuite>
