<?xml version="1.0" encoding="UTF-8"?>
<testsuite name="org.springframework.core.annotation.TypeMappedAnnotationTests" tests="7" skipped="0" failures="0" errors="0" timestamp="2020-05-29T13:57:42" hostname="bamboo-18" time="0.012">
  <properties/>
  <testcase name="mappingExplicitAliasToMetaAnnotationReturnsMappedValues()" classname="org.springframework.core.annotation.TypeMappedAnnotationTests" time="0.002"/>
  <testcase name="mappingWhenMirroredReturnsMirroredValues()" classname="org.springframework.core.annotation.TypeMappedAnnotationTests" time="0.0"/>
  <testcase name="adaptFromNestedMergedAnnotation()" classname="org.springframework.core.annotation.TypeMappedAnnotationTests" time="0.0"/>
  <testcase name="mappingConventionAliasToMetaAnnotationReturnsMappedValues()" classname="org.springframework.core.annotation.TypeMappedAnnotationTests" time="0.008"/>
  <testcase name="adaptFromStringArrayToClassArray()" classname="org.springframework.core.annotation.TypeMappedAnnotationTests" time="0.0"/>
  <testcase name="adaptFromEmptyArrayToAnyComponentType()" classname="org.springframework.core.annotation.TypeMappedAnnotationTests" time="0.001"/>
  <testcase name="adaptFromStringToClass()" classname="org.springframework.core.annotation.TypeMappedAnnotationTests" time="0.0"/>
  <system-out><![CDATA[]]></system-out>
  <system-err><![CDATA[]]></system-err>
</testsuite>
