<?xml version="1.0" encoding="UTF-8"?>
<testsuite name="org.springframework.core.type.StandardMethodMetadataTests" tests="18" skipped="0" failures="0" errors="0" timestamp="2020-05-29T13:57:41" hostname="bamboo-18" time="0.062">
  <properties/>
  <testcase name="getDeclaringClassReturnsDeclaringClass()" classname="org.springframework.core.type.StandardMethodMetadataTests" time="0.008"/>
  <testcase name="metadataLoadsForNestedAnnotations()" classname="org.springframework.core.type.StandardMethodMetadataTests" time="0.013"/>
  <testcase name="isAnnotatedWhenMatchesDirectAnnotationReturnsTrue()" classname="org.springframework.core.type.StandardMethodMetadataTests" time="0.001"/>
  <testcase name="isFinalWhenFinalReturnsTrue()" classname="org.springframework.core.type.StandardMethodMetadataTests" time="0.001"/>
  <testcase name="isStatusWhenStaticReturnsTrue()" classname="org.springframework.core.type.StandardMethodMetadataTests" time="0.0"/>
  <testcase name="isAbstractWhenNotAbstractReturnsFalse()" classname="org.springframework.core.type.StandardMethodMetadataTests" time="0.0"/>
  <testcase name="getReturnTypeReturnsReturnType()" classname="org.springframework.core.type.StandardMethodMetadataTests" time="0.0"/>
  <testcase name="isOverridableWhenOverridableReturnsTrue()" classname="org.springframework.core.type.StandardMethodMetadataTests" time="0.0"/>
  <testcase name="getAllAnnotationAttributesReturnsAllAttributes()" classname="org.springframework.core.type.StandardMethodMetadataTests" time="0.004"/>
  <testcase name="getAnnotationsReturnsDirectAnnotations()" classname="org.springframework.core.type.StandardMethodMetadataTests" time="0.002"/>
  <testcase name="getMethodNameReturnsMethodName()" classname="org.springframework.core.type.StandardMethodMetadataTests" time="0.0"/>
  <testcase name="getAnnotationAttributesReturnsAttributes()" classname="org.springframework.core.type.StandardMethodMetadataTests" time="0.001"/>
  <testcase name="isAbstractWhenAbstractReturnsTrue()" classname="org.springframework.core.type.StandardMethodMetadataTests" time="0.001"/>
  <testcase name="isAnnotatedWhenDoesNotMatchDirectOrMetaAnnotationReturnsFalse()" classname="org.springframework.core.type.StandardMethodMetadataTests" time="0.0"/>
  <testcase name="isAnnotatedWhenMatchesMetaAnnotationReturnsTrue()" classname="org.springframework.core.type.StandardMethodMetadataTests" time="0.016"/>
  <testcase name="isFinalWhenNonFinalReturnsFalse()" classname="org.springframework.core.type.StandardMethodMetadataTests" time="0.001"/>
  <testcase name="isOverridableWhenNonOverridableReturnsFalse()" classname="org.springframework.core.type.StandardMethodMetadataTests" time="0.0"/>
  <testcase name="isStaticWhenNotStaticReturnsFalse()" classname="org.springframework.core.type.StandardMethodMetadataTests" time="0.0"/>
  <system-out><![CDATA[]]></system-out>
  <system-err><![CDATA[]]></system-err>
</testsuite>
