<?xml version="1.0" encoding="UTF-8"?>
<testsuite name="org.springframework.core.codec.ByteArrayEncoderTests" tests="2" skipped="0" failures="0" errors="0" timestamp="2020-05-29T13:57:43" hostname="bamboo-18" time="0.01">
  <properties/>
  <testcase name="encode()" classname="org.springframework.core.codec.ByteArrayEncoderTests" time="0.007"/>
  <testcase name="canEncode()" classname="org.springframework.core.codec.ByteArrayEncoderTests" time="0.001"/>
  <system-out><![CDATA[]]></system-out>
  <system-err><![CDATA[]]></system-err>
</testsuite>
