<?xml version="1.0" encoding="UTF-8"?>
<testsuite name="org.springframework.core.codec.ResourceDecoderTests" tests="4" skipped="0" failures="0" errors="0" timestamp="2021-06-20T08:06:57" hostname="gankangdembp" time="0.022">
  <properties/>
  <testcase name="decodeToMono()" classname="org.springframework.core.codec.ResourceDecoderTests" time="0.007"/>
  <testcase name="decode()" classname="org.springframework.core.codec.ResourceDecoderTests" time="0.006"/>
  <testcase name="decodeInputStreamResource()" classname="org.springframework.core.codec.ResourceDecoderTests" time="0.007"/>
  <testcase name="canDecode()" classname="org.springframework.core.codec.ResourceDecoderTests" time="0.0"/>
  <system-out><![CDATA[]]></system-out>
  <system-err><![CDATA[]]></system-err>
</testsuite>
