<?xml version="1.0" encoding="UTF-8"?>
<testsuite name="org.springframework.web.socket.sockjs.client.SockJsUrlInfoTests" tests="4" skipped="0" failures="0" errors="0" timestamp="2020-05-29T14:01:22" hostname="bamboo-18" time="0.022">
  <properties/>
  <testcase name="transportUrl()" classname="org.springframework.web.socket.sockjs.client.SockJsUrlInfoTests" time="0.021"/>
  <testcase name="sessionId()" classname="org.springframework.web.socket.sockjs.client.SockJsUrlInfoTests" time="0.0"/>
  <testcase name="serverId()" classname="org.springframework.web.socket.sockjs.client.SockJsUrlInfoTests" time="0.0"/>
  <testcase name="infoUrl()" classname="org.springframework.web.socket.sockjs.client.SockJsUrlInfoTests" time="0.001"/>
  <system-out><![CDATA[]]></system-out>
  <system-err><![CDATA[]]></system-err>
</testsuite>
