<?xml version="1.0" encoding="UTF-8"?>
<testsuite name="org.springframework.web.socket.server.support.WebSocketHttpRequestHandlerTests" tests="3" skipped="0" failures="0" errors="0" timestamp="2021-06-20T08:10:12" hostname="gankangdembp" time="0.012">
  <properties/>
  <testcase name="success()" classname="org.springframework.web.socket.server.support.WebSocketHttpRequestHandlerTests" time="0.004"/>
  <testcase name="failure()" classname="org.springframework.web.socket.server.support.WebSocketHttpRequestHandlerTests" time="0.005"/>
  <testcase name="handshakeNotAllowed()" classname="org.springframework.web.socket.server.support.WebSocketHttpRequestHandlerTests" time="0.002"/>
  <system-out><![CDATA[]]></system-out>
  <system-err><![CDATA[]]></system-err>
</testsuite>
