<?xml version="1.0" encoding="UTF-8"?>
<testsuite name="org.springframework.web.socket.server.standard.SpringConfiguratorTests" tests="3" skipped="0" failures="0" errors="0" timestamp="2021-06-20T08:10:11" hostname="gankangdembp" time="0.552">
  <properties/>
  <testcase name="getEndpointSingletonByComponentName()" classname="org.springframework.web.socket.server.standard.SpringConfiguratorTests" time="0.245"/>
  <testcase name="getEndpointSingletonByType()" classname="org.springframework.web.socket.server.standard.SpringConfiguratorTests" time="0.133"/>
  <testcase name="getEndpointPerConnection()" classname="org.springframework.web.socket.server.standard.SpringConfiguratorTests" time="0.173"/>
  <system-out><![CDATA[]]></system-out>
  <system-err><![CDATA[]]></system-err>
</testsuite>
