<?xml version="1.0" encoding="UTF-8"?>
<testsuite name="org.springframework.web.socket.client.WebSocketConnectionManagerTests" tests="2" skipped="0" failures="0" errors="0" timestamp="2021-06-20T08:10:26" hostname="gankangdembp" time="0.006">
  <properties/>
  <testcase name="openConnection()" classname="org.springframework.web.socket.client.WebSocketConnectionManagerTests" time="0.005"/>
  <testcase name="clientLifecycle()" classname="org.springframework.web.socket.client.WebSocketConnectionManagerTests" time="0.001"/>
  <system-out><![CDATA[]]></system-out>
  <system-err><![CDATA[]]></system-err>
</testsuite>
