<?xml version="1.0" encoding="UTF-8"?>
<testsuite name="org.springframework.web.socket.sockjs.support.SockJsServiceTests" tests="13" skipped="0" failures="0" errors="0" timestamp="2021-06-20T08:10:15" hostname="gankangdembp" time="0.448">
  <properties/>
  <testcase name="handleIframeRequest()" classname="org.springframework.web.socket.sockjs.support.SockJsServiceTests" time="0.025"/>
  <testcase name="handleInfoGetWithOrigin()" classname="org.springframework.web.socket.sockjs.support.SockJsServiceTests" time="0.003"/>
  <testcase name="handleInfoGet()" classname="org.springframework.web.socket.sockjs.support.SockJsServiceTests" time="0.001"/>
  <testcase name="handleInfoOptionsWithAllowedOrigin()" classname="org.springframework.web.socket.sockjs.support.SockJsServiceTests" time="0.003"/>
  <testcase name="handleInfoGetWildflyNPE()" classname="org.springframework.web.socket.sockjs.support.SockJsServiceTests" time="0.365"/>
  <testcase name="handleEmptyContentType()" classname="org.springframework.web.socket.sockjs.support.SockJsServiceTests" time="0.001"/>
  <testcase name="handleInfoOptionsWithForbiddenOrigin()" classname="org.springframework.web.socket.sockjs.support.SockJsServiceTests" time="0.001"/>
  <testcase name="handleInfoOptionsWithOriginAndCorsHeadersDisabled()" classname="org.springframework.web.socket.sockjs.support.SockJsServiceTests" time="0.002"/>
  <testcase name="handleIframeRequestNotModified()" classname="org.springframework.web.socket.sockjs.support.SockJsServiceTests" time="0.002"/>
  <testcase name="handleRawWebSocketRequest()" classname="org.springframework.web.socket.sockjs.support.SockJsServiceTests" time="0.001"/>
  <testcase name="validateRequest()" classname="org.springframework.web.socket.sockjs.support.SockJsServiceTests" time="0.036"/>
  <testcase name="handleInfoOptions()" classname="org.springframework.web.socket.sockjs.support.SockJsServiceTests" time="0.001"/>
  <testcase name="handleInfoGetCorsFilter()" classname="org.springframework.web.socket.sockjs.support.SockJsServiceTests" time="0.0"/>
  <system-out><![CDATA[16:10:15.130 [Test worker] WARN  o.s.w.s.s.s.SockJsServiceTests$TestSockJsService - Origin header value 'http://mydomain2.example' not allowed.
16:10:15.504 [Test worker] WARN  o.s.w.s.s.s.SockJsServiceTests$TestSockJsService - Origin header value 'https://mydomain2.example' not allowed.
16:10:15.505 [Test worker] WARN  o.s.w.s.s.s.SockJsServiceTests$TestSockJsService - Origin header value 'https://mydomain2.example' not allowed.
16:10:15.507 [Test worker] WARN  o.s.w.s.s.s.SockJsServiceTests$TestSockJsService - Origin header value 'https://mydomain2.example' not allowed.
16:10:15.544 [Test worker] WARN  o.s.w.s.s.s.SockJsServiceTests$TestSockJsService - Invalid SockJS path '//' - required to have 3 path segments
16:10:15.545 [Test worker] WARN  o.s.w.s.s.s.SockJsServiceTests$TestSockJsService - Invalid SockJS path '///' - required to have 3 path segments
16:10:15.546 [Test worker] WARN  o.s.w.s.s.s.SockJsServiceTests$TestSockJsService - Invalid SockJS path '/other' - required to have 3 path segments
16:10:15.546 [Test worker] WARN  o.s.w.s.s.s.SockJsServiceTests$TestSockJsService - Invalid SockJS path '//service/websocket' - required to have 3 path segments
16:10:15.546 [Test worker] WARN  o.s.w.s.s.s.SockJsServiceTests$TestSockJsService - Invalid SockJS path '/server//websocket' - required to have 3 path segments
16:10:15.546 [Test worker] WARN  o.s.w.s.s.s.SockJsServiceTests$TestSockJsService - Invalid SockJS path '/server/session/' - required to have 3 path segments
16:10:15.547 [Test worker] WARN  o.s.w.s.s.s.SockJsServiceTests$TestSockJsService - Either server or session contains a "." which is not allowed by SockJS protocol.
16:10:15.547 [Test worker] WARN  o.s.w.s.s.s.SockJsServiceTests$TestSockJsService - Either server or session contains a "." which is not allowed by SockJS protocol.
]]></system-out>
  <system-err><![CDATA[]]></system-err>
</testsuite>
