<?xml version="1.0" encoding="UTF-8"?>
<testsuite name="org.springframework.web.socket.server.DefaultHandshakeHandlerTests" tests="4" skipped="0" failures="0" errors="0" timestamp="2021-06-20T08:10:11" hostname="gankangdembp" time="0.084">
  <properties/>
  <testcase name="subProtocolCapableHandlerNoMatch()" classname="org.springframework.web.socket.server.DefaultHandshakeHandlerTests" time="0.059"/>
  <testcase name="supportedExtensions()" classname="org.springframework.web.socket.server.DefaultHandshakeHandlerTests" time="0.018"/>
  <testcase name="subProtocolCapableHandler()" classname="org.springframework.web.socket.server.DefaultHandshakeHandlerTests" time="0.002"/>
  <testcase name="supportedSubProtocols()" classname="org.springframework.web.socket.server.DefaultHandshakeHandlerTests" time="0.002"/>
  <system-out><![CDATA[]]></system-out>
  <system-err><![CDATA[]]></system-err>
</testsuite>
