<?xml version="1.0" encoding="UTF-8"?>
<testsuite name="org.springframework.web.socket.server.support.WebSocketHttpRequestHandlerTests" tests="3" skipped="0" failures="0" errors="0" timestamp="2020-05-29T14:01:23" hostname="bamboo-18" time="0.013">
  <properties/>
  <testcase name="success()" classname="org.springframework.web.socket.server.support.WebSocketHttpRequestHandlerTests" time="0.0"/>
  <testcase name="failure()" classname="org.springframework.web.socket.server.support.WebSocketHttpRequestHandlerTests" time="0.003"/>
  <testcase name="handshakeNotAllowed()" classname="org.springframework.web.socket.server.support.WebSocketHttpRequestHandlerTests" time="0.001"/>
  <system-out><![CDATA[]]></system-out>
  <system-err><![CDATA[]]></system-err>
</testsuite>
