<?xml version="1.0" encoding="UTF-8"?>
<testsuite name="org.springframework.web.socket.messaging.DefaultSimpUserRegistryTests" tests="5" skipped="0" failures="0" errors="0" timestamp="2020-05-29T14:01:12" hostname="bamboo-18" time="0.019">
  <properties/>
  <testcase name="removeSessionIds()" classname="org.springframework.web.socket.messaging.DefaultSimpUserRegistryTests" time="0.001"/>
  <testcase name="addOneSessionId()" classname="org.springframework.web.socket.messaging.DefaultSimpUserRegistryTests" time="0.0"/>
  <testcase name="findSubscriptions()" classname="org.springframework.web.socket.messaging.DefaultSimpUserRegistryTests" time="0.005"/>
  <testcase name="addMultipleSessionIds()" classname="org.springframework.web.socket.messaging.DefaultSimpUserRegistryTests" time="0.005"/>
  <testcase name="nullSessionId()" classname="org.springframework.web.socket.messaging.DefaultSimpUserRegistryTests" time="0.001"/>
  <system-out><![CDATA[]]></system-out>
  <system-err><![CDATA[]]></system-err>
</testsuite>
