<?xml version="1.0" encoding="UTF-8"?>
<testsuite name="org.springframework.web.socket.sockjs.transport.session.HttpSockJsSessionTests" tests="2" skipped="0" failures="0" errors="0" timestamp="2021-06-20T08:10:14" hostname="gankangdembp" time="0.013">
  <properties/>
  <testcase name="handleInitialRequest()" classname="org.springframework.web.socket.sockjs.transport.session.HttpSockJsSessionTests" time="0.007"/>
  <testcase name="handleSuccessiveRequest()" classname="org.springframework.web.socket.sockjs.transport.session.HttpSockJsSessionTests" time="0.006"/>
  <system-out><![CDATA[]]></system-out>
  <system-err><![CDATA[]]></system-err>
</testsuite>
