<?xml version="1.0" encoding="UTF-8"?>
<testsuite name="org.springframework.web.socket.adapter.standard.StandardWebSocketHandlerAdapterTests" tests="3" skipped="0" failures="0" errors="0" timestamp="2020-05-29T14:01:11" hostname="bamboo-18" time="0.07">
  <properties/>
  <testcase name="onClose()" classname="org.springframework.web.socket.adapter.standard.StandardWebSocketHandlerAdapterTests" time="0.067"/>
  <testcase name="onError()" classname="org.springframework.web.socket.adapter.standard.StandardWebSocketHandlerAdapterTests" time="0.001"/>
  <testcase name="onOpen()" classname="org.springframework.web.socket.adapter.standard.StandardWebSocketHandlerAdapterTests" time="0.002"/>
  <system-out><![CDATA[]]></system-out>
  <system-err><![CDATA[]]></system-err>
</testsuite>
