<?xml version="1.0" encoding="UTF-8"?>
<testsuite name="org.springframework.web.socket.handler.BeanCreatingHandlerProviderTests" tests="3" skipped="0" failures="0" errors="0" timestamp="2020-05-29T14:01:21" hostname="bamboo-18" time="0.013">
  <properties/>
  <testcase name="getHandlerNoBeanFactory()" classname="org.springframework.web.socket.handler.BeanCreatingHandlerProviderTests" time="0.001"/>
  <testcase name="getHandlerWithBeanFactory()" classname="org.springframework.web.socket.handler.BeanCreatingHandlerProviderTests" time="0.011"/>
  <testcase name="getHandlerSimpleInstantiation()" classname="org.springframework.web.socket.handler.BeanCreatingHandlerProviderTests" time="0.0"/>
  <system-out><![CDATA[]]></system-out>
  <system-err><![CDATA[]]></system-err>
</testsuite>
