<?xml version="1.0" encoding="UTF-8"?>
<testsuite name="org.springframework.web.socket.config.HandlersBeanDefinitionParserTests" tests="4" skipped="0" failures="0" errors="0" timestamp="2021-06-20T08:10:09" hostname="gankangdembp" time="0.338">
  <properties/>
  <testcase name="sockJs()" classname="org.springframework.web.socket.config.HandlersBeanDefinitionParserTests" time="0.11"/>
  <testcase name="webSocketHandlersAttributes()" classname="org.springframework.web.socket.config.HandlersBeanDefinitionParserTests" time="0.071"/>
  <testcase name="sockJsAttributes()" classname="org.springframework.web.socket.config.HandlersBeanDefinitionParserTests" time="0.073"/>
  <testcase name="webSocketHandlers()" classname="org.springframework.web.socket.config.HandlersBeanDefinitionParserTests" time="0.084"/>
  <system-out><![CDATA[]]></system-out>
  <system-err><![CDATA[]]></system-err>
</testsuite>
