<?xml version="1.0" encoding="UTF-8"?>
<testsuite name="org.springframework.web.socket.config.annotation.WebSocketMessageBrokerConfigurationSupportTests" tests="8" skipped="0" failures="0" errors="0" timestamp="2020-05-29T14:01:05" hostname="bamboo-18" time="1.988">
  <properties/>
  <testcase name="brokerChannel()" classname="org.springframework.web.socket.config.annotation.WebSocketMessageBrokerConfigurationSupportTests" time="1.494"/>
  <testcase name="handlerMapping()" classname="org.springframework.web.socket.config.annotation.WebSocketMessageBrokerConfigurationSupportTests" time="0.084"/>
  <testcase name="webSocketHandlerDecorator()" classname="org.springframework.web.socket.config.annotation.WebSocketMessageBrokerConfigurationSupportTests" time="0.084"/>
  <testcase name="webSocketHandler()" classname="org.springframework.web.socket.config.annotation.WebSocketMessageBrokerConfigurationSupportTests" time="0.025"/>
  <testcase name="clientInboundChannelSendMessage()" classname="org.springframework.web.socket.config.annotation.WebSocketMessageBrokerConfigurationSupportTests" time="0.06"/>
  <testcase name="clientOutboundChannel()" classname="org.springframework.web.socket.config.annotation.WebSocketMessageBrokerConfigurationSupportTests" time="0.094"/>
  <testcase name="taskScheduler()" classname="org.springframework.web.socket.config.annotation.WebSocketMessageBrokerConfigurationSupportTests" time="0.077"/>
  <testcase name="webSocketMessageBrokerStats()" classname="org.springframework.web.socket.config.annotation.WebSocketMessageBrokerConfigurationSupportTests" time="0.052"/>
  <system-out><![CDATA[]]></system-out>
  <system-err><![CDATA[]]></system-err>
</testsuite>
