<?xml version="1.0" encoding="UTF-8"?>
<testsuite name="org.springframework.web.socket.client.WebSocketConnectionManagerTests" tests="2" skipped="0" failures="0" errors="0" timestamp="2020-05-29T14:01:11" hostname="bamboo-18" time="0.004">
  <properties/>
  <testcase name="openConnection()" classname="org.springframework.web.socket.client.WebSocketConnectionManagerTests" time="0.004"/>
  <testcase name="clientLifecycle()" classname="org.springframework.web.socket.client.WebSocketConnectionManagerTests" time="0.0"/>
  <system-out><![CDATA[]]></system-out>
  <system-err><![CDATA[]]></system-err>
</testsuite>
