<?xml version="1.0" encoding="UTF-8"?>
<testsuite name="org.springframework.web.socket.sockjs.transport.handler.DefaultSockJsServiceTests" tests="15" skipped="0" failures="0" errors="0" timestamp="2020-05-29T14:01:23" hostname="bamboo-18" time="0.305">
  <properties/>
  <testcase name="handleTransportRequestXhrSend()" classname="org.springframework.web.socket.sockjs.transport.handler.DefaultSockJsServiceTests" time="0.074"/>
  <testcase name="handleInvalidTransportType()" classname="org.springframework.web.socket.sockjs.transport.handler.DefaultSockJsServiceTests" time="0.011"/>
  <testcase name="handleTransportRequestNoSuitableHandler()" classname="org.springframework.web.socket.sockjs.transport.handler.DefaultSockJsServiceTests" time="0.014"/>
  <testcase name="handleTransportRequestXhrSendWithDifferentUser()" classname="org.springframework.web.socket.sockjs.transport.handler.DefaultSockJsServiceTests" time="0.013"/>
  <testcase name="handleTransportRequestIframe()" classname="org.springframework.web.socket.sockjs.transport.handler.DefaultSockJsServiceTests" time="0.022"/>
  <testcase name="handleTransportRequestWebsocket()" classname="org.springframework.web.socket.sockjs.transport.handler.DefaultSockJsServiceTests" time="0.02"/>
  <testcase name="handleTransportRequestXhr()" classname="org.springframework.web.socket.sockjs.transport.handler.DefaultSockJsServiceTests" time="0.009"/>
  <testcase name="customizedTransportHandlerList()" classname="org.springframework.web.socket.sockjs.transport.handler.DefaultSockJsServiceTests" time="0.026"/>
  <testcase name="defaultTransportHandlers()" classname="org.springframework.web.socket.sockjs.transport.handler.DefaultSockJsServiceTests" time="0.01"/>
  <testcase name="handleTransportRequestXhrAllowedOriginsMatch()" classname="org.springframework.web.socket.sockjs.transport.handler.DefaultSockJsServiceTests" time="0.014"/>
  <testcase name="handleTransportRequestXhrAllowedOriginsNoMatch()" classname="org.springframework.web.socket.sockjs.transport.handler.DefaultSockJsServiceTests" time="0.02"/>
  <testcase name="handleTransportRequestXhrOptions()" classname="org.springframework.web.socket.sockjs.transport.handler.DefaultSockJsServiceTests" time="0.007"/>
  <testcase name="invalidAllowedOrigins()" classname="org.springframework.web.socket.sockjs.transport.handler.DefaultSockJsServiceTests" time="0.017"/>
  <testcase name="handleTransportRequestXhrSameOrigin()" classname="org.springframework.web.socket.sockjs.transport.handler.DefaultSockJsServiceTests" time="0.009"/>
  <testcase name="defaultTransportHandlersWithOverride()" classname="org.springframework.web.socket.sockjs.transport.handler.DefaultSockJsServiceTests" time="0.023"/>
  <system-out><![CDATA[14:01:23.394 [Test worker] WARN  o.s.w.s.s.t.TransportHandlingSockJsService - Origin check enabled but transport 'invalid' does not support it.
14:01:23.403 [Test worker] WARN  o.s.w.s.s.t.TransportHandlingSockJsService - No TransportHandler for http://localhost/mysockjs/server1/session1/eventsource
14:01:23.541 [Test worker] WARN  o.s.w.s.s.t.TransportHandlingSockJsService - Origin header value 'http://mydomain3.example' not allowed.
]]></system-out>
  <system-err><![CDATA[]]></system-err>
</testsuite>
