<?xml version="1.0" encoding="UTF-8"?>
<testsuite name="org.springframework.web.socket.messaging.StompSubProtocolErrorHandlerTests" tests="2" skipped="0" failures="0" errors="0" timestamp="2021-06-20T08:10:25" hostname="gankangdembp" time="0.001">
  <properties/>
  <testcase name="handleClientMessageProcessingError()" classname="org.springframework.web.socket.messaging.StompSubProtocolErrorHandlerTests" time="0.0"/>
  <testcase name="handleClientMessageProcessingErrorWithReceipt()" classname="org.springframework.web.socket.messaging.StompSubProtocolErrorHandlerTests" time="0.0"/>
  <system-out><![CDATA[]]></system-out>
  <system-err><![CDATA[]]></system-err>
</testsuite>
