<?xml version="1.0" encoding="UTF-8"?>
<testsuite name="org.springframework.web.socket.messaging.SubProtocolWebSocketHandlerTests" tests="9" skipped="0" failures="0" errors="0" timestamp="2020-05-29T14:01:11" hostname="bamboo-18" time="0.073">
  <properties/>
  <testcase name="noSubProtocolOneHandler()" classname="org.springframework.web.socket.messaging.SubProtocolWebSocketHandlerTests" time="0.038"/>
  <testcase name="subProtocolNoMatch()" classname="org.springframework.web.socket.messaging.SubProtocolWebSocketHandlerTests" time="0.007"/>
  <testcase name="nullSubProtocol()" classname="org.springframework.web.socket.messaging.SubProtocolWebSocketHandlerTests" time="0.001"/>
  <testcase name="noSubProtocolTwoHandlers()" classname="org.springframework.web.socket.messaging.SubProtocolWebSocketHandlerTests" time="0.002"/>
  <testcase name="subProtocolMatch()" classname="org.springframework.web.socket.messaging.SubProtocolWebSocketHandlerTests" time="0.001"/>
  <testcase name="emptySubProtocol()" classname="org.springframework.web.socket.messaging.SubProtocolWebSocketHandlerTests" time="0.001"/>
  <testcase name="subProtocolDefaultHandlerOnly()" classname="org.springframework.web.socket.messaging.SubProtocolWebSocketHandlerTests" time="0.001"/>
  <testcase name="noSubProtocolNoDefaultHandler()" classname="org.springframework.web.socket.messaging.SubProtocolWebSocketHandlerTests" time="0.001"/>
  <testcase name="checkSession()" classname="org.springframework.web.socket.messaging.SubProtocolWebSocketHandlerTests" time="0.008"/>
  <system-out><![CDATA[14:01:11.814 [Test worker] ERROR o.s.w.s.m.SubProtocolWebSocketHandler - No sub-protocols for defaultHandler
14:01:11.816 [Test worker] ERROR o.s.w.s.m.SubProtocolWebSocketHandler - No sub-protocols for defaultHandler
14:01:11.820 [Test worker] ERROR o.s.w.s.m.SubProtocolWebSocketHandler - No sub-protocols for defaultHandler
]]></system-out>
  <system-err><![CDATA[]]></system-err>
</testsuite>
