<?xml version="1.0" encoding="UTF-8"?>
<testsuite name="org.springframework.web.socket.handler.PerConnectionWebSocketHandlerTests" tests="1" skipped="0" failures="0" errors="0" timestamp="2021-06-20T08:09:53" hostname="gankangdembp" time="0.019">
  <properties/>
  <testcase name="afterConnectionEstablished()" classname="org.springframework.web.socket.handler.PerConnectionWebSocketHandlerTests" time="0.019"/>
  <system-out><![CDATA[]]></system-out>
  <system-err><![CDATA[]]></system-err>
</testsuite>
