<?xml version="1.0" encoding="UTF-8"?>
<testsuite name="org.springframework.web.socket.server.standard.SpringConfiguratorTests" tests="3" skipped="0" failures="0" errors="0" timestamp="2020-05-29T14:01:24" hostname="bamboo-18" time="0.142">
  <properties/>
  <testcase name="getEndpointSingletonByComponentName()" classname="org.springframework.web.socket.server.standard.SpringConfiguratorTests" time="0.061"/>
  <testcase name="getEndpointSingletonByType()" classname="org.springframework.web.socket.server.standard.SpringConfiguratorTests" time="0.041"/>
  <testcase name="getEndpointPerConnection()" classname="org.springframework.web.socket.server.standard.SpringConfiguratorTests" time="0.04"/>
  <system-out><![CDATA[]]></system-out>
  <system-err><![CDATA[]]></system-err>
</testsuite>
