<?xml version="1.0" encoding="UTF-8"?>
<testsuite name="org.springframework.web.socket.config.MessageBrokerBeanDefinitionParserTests" tests="8" skipped="0" failures="0" errors="0" timestamp="2020-05-29T14:01:07" hostname="bamboo-18" time="2.567">
  <properties/>
  <testcase name="messageConvertersDefaultsOff()" classname="org.springframework.web.socket.config.MessageBrokerBeanDefinitionParserTests" time="0.587"/>
  <testcase name="simpleBroker()" classname="org.springframework.web.socket.config.MessageBrokerBeanDefinitionParserTests" time="0.33"/>
  <testcase name="customChannels()" classname="org.springframework.web.socket.config.MessageBrokerBeanDefinitionParserTests" time="0.079"/>
  <testcase name="customChannelsWithDefaultExecutor()" classname="org.springframework.web.socket.config.MessageBrokerBeanDefinitionParserTests" time="0.059"/>
  <testcase name="annotationMethodMessageHandler()" classname="org.springframework.web.socket.config.MessageBrokerBeanDefinitionParserTests" time="0.133"/>
  <testcase name="messageConverters()" classname="org.springframework.web.socket.config.MessageBrokerBeanDefinitionParserTests" time="0.058"/>
  <testcase name="customArgumentAndReturnValueTypes()" classname="org.springframework.web.socket.config.MessageBrokerBeanDefinitionParserTests" time="0.097"/>
  <testcase name="stompBrokerRelay()" classname="org.springframework.web.socket.config.MessageBrokerBeanDefinitionParserTests" time="1.221"/>
  <system-out><![CDATA[]]></system-out>
  <system-err><![CDATA[]]></system-err>
</testsuite>
