<?xml version="1.0" encoding="UTF-8"?>
<testsuite name="org.springframework.web.socket.sockjs.transport.handler.HttpSendingTransportHandlerTests" tests="5" skipped="0" failures="0" errors="0" timestamp="2020-05-29T14:01:23" hostname="bamboo-18" time="0.043">
  <properties/>
  <testcase name="handleRequestXhrStreaming()" classname="org.springframework.web.socket.sockjs.transport.handler.HttpSendingTransportHandlerTests" time="0.006"/>
  <testcase name="eventSourceTransport()" classname="org.springframework.web.socket.sockjs.transport.handler.HttpSendingTransportHandlerTests" time="0.002"/>
  <testcase name="htmlFileTransport()" classname="org.springframework.web.socket.sockjs.transport.handler.HttpSendingTransportHandlerTests" time="0.019"/>
  <testcase name="frameFormats()" classname="org.springframework.web.socket.sockjs.transport.handler.HttpSendingTransportHandlerTests" time="0.002"/>
  <testcase name="handleRequestXhr()" classname="org.springframework.web.socket.sockjs.transport.handler.HttpSendingTransportHandlerTests" time="0.014"/>
  <system-out><![CDATA[]]></system-out>
  <system-err><![CDATA[]]></system-err>
</testsuite>
