<?xml version="1.0" encoding="UTF-8"?>
<testsuite name="org.springframework.web.socket.WebSocketExtensionTests" tests="3" skipped="0" failures="0" errors="0" timestamp="2021-06-20T08:10:13" hostname="gankangdembp" time="0.008">
  <properties/>
  <testcase name="parseHeaderSingle()" classname="org.springframework.web.socket.WebSocketExtensionTests" time="0.0"/>
  <testcase name="equality()" classname="org.springframework.web.socket.WebSocketExtensionTests" time="0.004"/>
  <testcase name="parseHeaderMultiple()" classname="org.springframework.web.socket.WebSocketExtensionTests" time="0.002"/>
  <system-out><![CDATA[]]></system-out>
  <system-err><![CDATA[]]></system-err>
</testsuite>
