<?xml version="1.0" encoding="UTF-8"?>
<testsuite name="org.springframework.web.socket.messaging.WebSocketAnnotationMethodMessageHandlerTests" tests="1" skipped="0" failures="0" errors="0" timestamp="2020-05-29T14:01:12" hostname="bamboo-18" time="0.047">
  <properties/>
  <testcase name="globalException()" classname="org.springframework.web.socket.messaging.WebSocketAnnotationMethodMessageHandlerTests" time="0.047"/>
  <system-out><![CDATA[]]></system-out>
  <system-err><![CDATA[]]></system-err>
</testsuite>
