<?xml version="1.0" encoding="UTF-8"?>
<testsuite name="org.springframework.web.socket.config.MessageBrokerBeanDefinitionParserTests" tests="8" skipped="0" failures="0" errors="0" timestamp="2021-06-20T08:10:06" hostname="gankangdembp" time="3.918">
  <properties/>
  <testcase name="messageConvertersDefaultsOff()" classname="org.springframework.web.socket.config.MessageBrokerBeanDefinitionParserTests" time="0.936"/>
  <testcase name="simpleBroker()" classname="org.springframework.web.socket.config.MessageBrokerBeanDefinitionParserTests" time="0.482"/>
  <testcase name="customChannels()" classname="org.springframework.web.socket.config.MessageBrokerBeanDefinitionParserTests" time="0.128"/>
  <testcase name="customChannelsWithDefaultExecutor()" classname="org.springframework.web.socket.config.MessageBrokerBeanDefinitionParserTests" time="0.201"/>
  <testcase name="annotationMethodMessageHandler()" classname="org.springframework.web.socket.config.MessageBrokerBeanDefinitionParserTests" time="0.169"/>
  <testcase name="messageConverters()" classname="org.springframework.web.socket.config.MessageBrokerBeanDefinitionParserTests" time="0.122"/>
  <testcase name="customArgumentAndReturnValueTypes()" classname="org.springframework.web.socket.config.MessageBrokerBeanDefinitionParserTests" time="0.122"/>
  <testcase name="stompBrokerRelay()" classname="org.springframework.web.socket.config.MessageBrokerBeanDefinitionParserTests" time="1.741"/>
  <system-out><![CDATA[]]></system-out>
  <system-err><![CDATA[]]></system-err>
</testsuite>
