<?xml version="1.0" encoding="UTF-8"?>
<testsuite name="org.springframework.web.socket.handler.ConcurrentWebSocketSessionDecoratorTests" tests="7" skipped="0" failures="0" errors="0" timestamp="2020-05-29T14:01:21" hostname="bamboo-18" time="0.524">
  <properties/>
  <testcase name="sendBufferSizeExceeded()" classname="org.springframework.web.socket.handler.ConcurrentWebSocketSessionDecoratorTests" time="0.017"/>
  <testcase name="sendTimeLimitExceeded()" classname="org.springframework.web.socket.handler.ConcurrentWebSocketSessionDecoratorTests" time="0.209"/>
  <testcase name="sendAfterBlockedSend()" classname="org.springframework.web.socket.handler.ConcurrentWebSocketSessionDecoratorTests" time="0.063"/>
  <testcase name="overflowStrategyDrop()" classname="org.springframework.web.socket.handler.ConcurrentWebSocketSessionDecoratorTests" time="0.018"/>
  <testcase name="send()" classname="org.springframework.web.socket.handler.ConcurrentWebSocketSessionDecoratorTests" time="0.0"/>
  <testcase name="closeStatusChangesToSessionNotReliable()" classname="org.springframework.web.socket.handler.ConcurrentWebSocketSessionDecoratorTests" time="0.216"/>
  <testcase name="closeStatusNormal()" classname="org.springframework.web.socket.handler.ConcurrentWebSocketSessionDecoratorTests" time="0.0"/>
  <system-out><![CDATA[]]></system-out>
  <system-err><![CDATA[]]></system-err>
</testsuite>
