<?xml version="1.0" encoding="UTF-8"?>
<testsuite name="org.springframework.web.socket.messaging.StompWebSocketIntegrationTests" tests="18" skipped="0" failures="0" errors="0" timestamp="2021-06-20T08:10:16" hostname="gankangdembp" time="7.649">
  <properties/>
  <testcase name="sendMessageToBrokerAndReceiveReplyViaTopic(WebSocketTestServer, WebSocketClient, TestInfo)[1]" classname="org.springframework.web.socket.messaging.StompWebSocketIntegrationTests" time="1.181"/>
  <testcase name="sendMessageToBrokerAndReceiveReplyViaTopic(WebSocketTestServer, WebSocketClient, TestInfo)[2]" classname="org.springframework.web.socket.messaging.StompWebSocketIntegrationTests" time="0.292"/>
  <testcase name="sendMessageToBrokerAndReceiveReplyViaTopic(WebSocketTestServer, WebSocketClient, TestInfo)[3]" classname="org.springframework.web.socket.messaging.StompWebSocketIntegrationTests" time="0.467"/>
  <testcase name="webSocketScope(WebSocketTestServer, WebSocketClient, TestInfo)[1]" classname="org.springframework.web.socket.messaging.StompWebSocketIntegrationTests" time="0.601"/>
  <testcase name="webSocketScope(WebSocketTestServer, WebSocketClient, TestInfo)[2]" classname="org.springframework.web.socket.messaging.StompWebSocketIntegrationTests" time="0.259"/>
  <testcase name="webSocketScope(WebSocketTestServer, WebSocketClient, TestInfo)[3]" classname="org.springframework.web.socket.messaging.StompWebSocketIntegrationTests" time="0.31"/>
  <testcase name="sendMessageToControllerAndReceiveReplyViaTopic(WebSocketTestServer, WebSocketClient, TestInfo)[1]" classname="org.springframework.web.socket.messaging.StompWebSocketIntegrationTests" time="0.629"/>
  <testcase name="sendMessageToControllerAndReceiveReplyViaTopic(WebSocketTestServer, WebSocketClient, TestInfo)[2]" classname="org.springframework.web.socket.messaging.StompWebSocketIntegrationTests" time="0.243"/>
  <testcase name="sendMessageToControllerAndReceiveReplyViaTopic(WebSocketTestServer, WebSocketClient, TestInfo)[3]" classname="org.springframework.web.socket.messaging.StompWebSocketIntegrationTests" time="0.298"/>
  <testcase name="sendSubscribeToControllerAndReceiveReply(WebSocketTestServer, WebSocketClient, TestInfo)[1]" classname="org.springframework.web.socket.messaging.StompWebSocketIntegrationTests" time="0.434"/>
  <testcase name="sendSubscribeToControllerAndReceiveReply(WebSocketTestServer, WebSocketClient, TestInfo)[2]" classname="org.springframework.web.socket.messaging.StompWebSocketIntegrationTests" time="0.257"/>
  <testcase name="sendSubscribeToControllerAndReceiveReply(WebSocketTestServer, WebSocketClient, TestInfo)[3]" classname="org.springframework.web.socket.messaging.StompWebSocketIntegrationTests" time="0.375"/>
  <testcase name="sendMessageToController(WebSocketTestServer, WebSocketClient, TestInfo)[1]" classname="org.springframework.web.socket.messaging.StompWebSocketIntegrationTests" time="0.586"/>
  <testcase name="sendMessageToController(WebSocketTestServer, WebSocketClient, TestInfo)[2]" classname="org.springframework.web.socket.messaging.StompWebSocketIntegrationTests" time="0.24"/>
  <testcase name="sendMessageToController(WebSocketTestServer, WebSocketClient, TestInfo)[3]" classname="org.springframework.web.socket.messaging.StompWebSocketIntegrationTests" time="0.264"/>
  <testcase name="handleExceptionAndSendToUser(WebSocketTestServer, WebSocketClient, TestInfo)[1]" classname="org.springframework.web.socket.messaging.StompWebSocketIntegrationTests" time="0.623"/>
  <testcase name="handleExceptionAndSendToUser(WebSocketTestServer, WebSocketClient, TestInfo)[2]" classname="org.springframework.web.socket.messaging.StompWebSocketIntegrationTests" time="0.297"/>
  <testcase name="handleExceptionAndSendToUser(WebSocketTestServer, WebSocketClient, TestInfo)[3]" classname="org.springframework.web.socket.messaging.StompWebSocketIntegrationTests" time="0.25"/>
  <system-out><![CDATA[16:10:18.838 [undertow-shutdown-0] ERROR o.x.listener - XNIO001007: A channel event listener threw an exception
java.util.concurrent.RejectedExecutionException: XNIO007007: Thread is terminating
	at org.xnio.nio.WorkerThread.execute(WorkerThread.java:590) ~[xnio-nio-3.3.8.Final.jar:3.3.8.Final]
	at io.undertow.websockets.jsr.UndertowSession$3.handleEvent(UndertowSession.java:396) ~[undertow-websockets-jsr-2.0.32.Final.jar:2.0.32.Final]
	at io.undertow.websockets.jsr.UndertowSession$3.handleEvent(UndertowSession.java:388) ~[undertow-websockets-jsr-2.0.32.Final.jar:2.0.32.Final]
	at org.xnio.ChannelListeners.invokeChannelListener(ChannelListeners.java:92) [xnio-api-3.3.8.Final.jar:3.3.8.Final]
	at io.undertow.server.protocol.framed.AbstractFramedChannel$FrameCloseListener.handleEvent(AbstractFramedChannel.java:1075) [undertow-core-2.0.32.Final.jar:2.0.32.Final]
	at io.undertow.server.protocol.framed.AbstractFramedChannel$FrameCloseListener$2.run(AbstractFramedChannel.java:1034) [undertow-core-2.0.32.Final.jar:2.0.32.Final]
	at io.undertow.server.protocol.framed.AbstractFramedChannel$1.run(AbstractFramedChannel.java:144) [undertow-core-2.0.32.Final.jar:2.0.32.Final]
	at java.util.concurrent.ThreadPoolExecutor.runWorker(ThreadPoolExecutor.java:1149) [?:1.8.0_201]
	at java.util.concurrent.ThreadPoolExecutor$Worker.run(ThreadPoolExecutor.java:624) [?:1.8.0_201]
	at java.lang.Thread.run(Thread.java:748) [?:1.8.0_201]
16:10:23.364 [XNIO-18 I/O-6] ERROR o.x.listener - XNIO001007: A channel event listener threw an exception
java.util.concurrent.RejectedExecutionException: XNIO007007: Thread is terminating
	at org.xnio.nio.WorkerThread.execute(WorkerThread.java:590) ~[xnio-nio-3.3.8.Final.jar:3.3.8.Final]
	at io.undertow.websockets.jsr.UndertowSession$3.handleEvent(UndertowSession.java:396) ~[undertow-websockets-jsr-2.0.32.Final.jar:2.0.32.Final]
	at io.undertow.websockets.jsr.UndertowSession$3.handleEvent(UndertowSession.java:388) ~[undertow-websockets-jsr-2.0.32.Final.jar:2.0.32.Final]
	at org.xnio.ChannelListeners.invokeChannelListener(ChannelListeners.java:92) [xnio-api-3.3.8.Final.jar:3.3.8.Final]
	at io.undertow.server.protocol.framed.AbstractFramedChannel$FrameCloseListener.handleEvent(AbstractFramedChannel.java:1075) [undertow-core-2.0.32.Final.jar:2.0.32.Final]
	at io.undertow.server.protocol.framed.AbstractFramedChannel$FrameCloseListener$2.run(AbstractFramedChannel.java:1034) [undertow-core-2.0.32.Final.jar:2.0.32.Final]
	at io.undertow.server.protocol.framed.AbstractFramedChannel$1.run(AbstractFramedChannel.java:144) [undertow-core-2.0.32.Final.jar:2.0.32.Final]
	at org.xnio.nio.WorkerThread.safeRun(WorkerThread.java:582) [xnio-nio-3.3.8.Final.jar:3.3.8.Final]
	at org.xnio.nio.WorkerThread.run(WorkerThread.java:466) [xnio-nio-3.3.8.Final.jar:3.3.8.Final]
16:10:24.542 [XNIO-20 I/O-6] ERROR o.x.listener - XNIO001007: A channel event listener threw an exception
java.lang.RuntimeException: java.util.concurrent.RejectedExecutionException: XNIO007007: Thread is terminating
	at io.undertow.websockets.jsr.ServerWebSocketContainer.invokeEndpointMethod(ServerWebSocketContainer.java:612) ~[undertow-websockets-jsr-2.0.32.Final.jar:2.0.32.Final]
	at io.undertow.websockets.jsr.ServerWebSocketContainer.invokeEndpointMethod(ServerWebSocketContainer.java:600) ~[undertow-websockets-jsr-2.0.32.Final.jar:2.0.32.Final]
	at io.undertow.websockets.jsr.FrameHandler.onFullCloseMessage(FrameHandler.java:100) ~[undertow-websockets-jsr-2.0.32.Final.jar:2.0.32.Final]
	at io.undertow.websockets.core.AbstractReceiveListener$1.complete(AbstractReceiveListener.java:136) ~[undertow-core-2.0.32.Final.jar:2.0.32.Final]
	at io.undertow.websockets.core.AbstractReceiveListener$1.complete(AbstractReceiveListener.java:124) ~[undertow-core-2.0.32.Final.jar:2.0.32.Final]
	at io.undertow.websockets.core.BufferedBinaryMessage.read(BufferedBinaryMessage.java:95) ~[undertow-core-2.0.32.Final.jar:2.0.32.Final]
	at io.undertow.websockets.core.AbstractReceiveListener.readBufferedBinary(AbstractReceiveListener.java:124) ~[undertow-core-2.0.32.Final.jar:2.0.32.Final]
	at io.undertow.websockets.core.AbstractReceiveListener.bufferFullMessage(AbstractReceiveListener.java:98) ~[undertow-core-2.0.32.Final.jar:2.0.32.Final]
	at io.undertow.websockets.core.AbstractReceiveListener.onClose(AbstractReceiveListener.java:62) ~[undertow-core-2.0.32.Final.jar:2.0.32.Final]
	at io.undertow.websockets.core.AbstractReceiveListener.handleEvent(AbstractReceiveListener.java:50) ~[undertow-core-2.0.32.Final.jar:2.0.32.Final]
	at io.undertow.websockets.core.AbstractReceiveListener.handleEvent(AbstractReceiveListener.java:33) ~[undertow-core-2.0.32.Final.jar:2.0.32.Final]
	at org.xnio.ChannelListeners.invokeChannelListener(ChannelListeners.java:92) [xnio-api-3.3.8.Final.jar:3.3.8.Final]
	at io.undertow.server.protocol.framed.AbstractFramedChannel$FrameReadListener.handleEvent(AbstractFramedChannel.java:952) [undertow-core-2.0.32.Final.jar:2.0.32.Final]
	at io.undertow.server.protocol.framed.AbstractFramedChannel$FrameReadListener.handleEvent(AbstractFramedChannel.java:932) [undertow-core-2.0.32.Final.jar:2.0.32.Final]
	at org.xnio.ChannelListeners.invokeChannelListener(ChannelListeners.java:92) [xnio-api-3.3.8.Final.jar:3.3.8.Final]
	at org.xnio.conduits.ReadReadyHandler$ChannelListenerHandler.readReady(ReadReadyHandler.java:66) [xnio-api-3.3.8.Final.jar:3.3.8.Final]
	at org.xnio.nio.NioSocketConduit.handleReady(NioSocketConduit.java:88) [xnio-nio-3.3.8.Final.jar:3.3.8.Final]
	at org.xnio.nio.WorkerThread.run(WorkerThread.java:561) [xnio-nio-3.3.8.Final.jar:3.3.8.Final]
Caused by: java.util.concurrent.RejectedExecutionException: XNIO007007: Thread is terminating
	at org.xnio.nio.WorkerThread.execute(WorkerThread.java:590) ~[xnio-nio-3.3.8.Final.jar:3.3.8.Final]
	at io.undertow.websockets.jsr.UndertowSession.close0(UndertowSession.java:361) ~[undertow-websockets-jsr-2.0.32.Final.jar:2.0.32.Final]
	at io.undertow.websockets.jsr.UndertowSession.closeInternal(UndertowSession.java:241) ~[undertow-websockets-jsr-2.0.32.Final.jar:2.0.32.Final]
	at io.undertow.websockets.jsr.FrameHandler$1.run(FrameHandler.java:107) ~[undertow-websockets-jsr-2.0.32.Final.jar:2.0.32.Final]
	at io.undertow.websockets.jsr.ServerWebSocketContainer$1.call(ServerWebSocketContainer.java:170) ~[undertow-websockets-jsr-2.0.32.Final.jar:2.0.32.Final]
	at io.undertow.websockets.jsr.ServerWebSocketContainer$1.call(ServerWebSocketContainer.java:167) ~[undertow-websockets-jsr-2.0.32.Final.jar:2.0.32.Final]
	at io.undertow.servlet.core.ContextClassLoaderSetupAction$1.call(ContextClassLoaderSetupAction.java:43) ~[undertow-servlet-2.0.32.Final.jar:2.0.32.Final]
	at io.undertow.websockets.jsr.ServerWebSocketContainer.invokeEndpointMethod(ServerWebSocketContainer.java:610) ~[undertow-websockets-jsr-2.0.32.Final.jar:2.0.32.Final]
	... 17 more
16:10:24.543 [XNIO-20 I/O-6] ERROR o.x.listener - XNIO001007: A channel event listener threw an exception
java.util.concurrent.RejectedExecutionException: XNIO007007: Thread is terminating
	at org.xnio.nio.WorkerThread.execute(WorkerThread.java:590) ~[xnio-nio-3.3.8.Final.jar:3.3.8.Final]
	at io.undertow.websockets.jsr.UndertowSession$3.handleEvent(UndertowSession.java:396) ~[undertow-websockets-jsr-2.0.32.Final.jar:2.0.32.Final]
	at io.undertow.websockets.jsr.UndertowSession$3.handleEvent(UndertowSession.java:388) ~[undertow-websockets-jsr-2.0.32.Final.jar:2.0.32.Final]
	at org.xnio.ChannelListeners.invokeChannelListener(ChannelListeners.java:92) [xnio-api-3.3.8.Final.jar:3.3.8.Final]
	at io.undertow.server.protocol.framed.AbstractFramedChannel$FrameCloseListener.handleEvent(AbstractFramedChannel.java:1075) [undertow-core-2.0.32.Final.jar:2.0.32.Final]
	at io.undertow.server.protocol.framed.AbstractFramedChannel$FrameCloseListener.handleEvent(AbstractFramedChannel.java:990) [undertow-core-2.0.32.Final.jar:2.0.32.Final]
	at org.xnio.ChannelListeners.invokeChannelListener(ChannelListeners.java:92) [xnio-api-3.3.8.Final.jar:3.3.8.Final]
	at org.xnio.conduits.ReadReadyHandler$ChannelListenerHandler.terminated(ReadReadyHandler.java:71) [xnio-api-3.3.8.Final.jar:3.3.8.Final]
	at org.xnio.nio.NioSocketConduit.readTerminated(NioSocketConduit.java:360) [xnio-nio-3.3.8.Final.jar:3.3.8.Final]
	at org.xnio.nio.NioSocketConduit.terminateReads(NioSocketConduit.java:353) [xnio-nio-3.3.8.Final.jar:3.3.8.Final]
	at io.undertow.conduits.IdleTimeoutConduit.terminateReads(IdleTimeoutConduit.java:236) [undertow-core-2.0.32.Final.jar:2.0.32.Final]
	at org.xnio.conduits.ConduitStreamSourceChannel.close(ConduitStreamSourceChannel.java:168) [xnio-api-3.3.8.Final.jar:3.3.8.Final]
	at org.xnio.IoUtils.safeClose(IoUtils.java:134) [xnio-api-3.3.8.Final.jar:3.3.8.Final]
	at org.xnio.conduits.ReadReadyHandler$ChannelListenerHandler.forceTermination(ReadReadyHandler.java:58) [xnio-api-3.3.8.Final.jar:3.3.8.Final]
	at org.xnio.nio.NioSocketConduit.forceTermination(NioSocketConduit.java:105) [xnio-nio-3.3.8.Final.jar:3.3.8.Final]
	at org.xnio.nio.WorkerThread.run(WorkerThread.java:494) [xnio-nio-3.3.8.Final.jar:3.3.8.Final]
]]></system-out>
  <system-err><![CDATA[六月 20, 2021 4:10:18 下午 org.apache.coyote.AbstractProtocol init
信息: Initializing ProtocolHandler ["http-nio-auto-5"]
六月 20, 2021 4:10:18 下午 org.apache.catalina.core.StandardService startInternal
信息: Starting service [Tomcat]
六月 20, 2021 4:10:18 下午 org.apache.catalina.core.StandardEngine startInternal
信息: Starting Servlet engine: [Apache Tomcat/9.0.37]
六月 20, 2021 4:10:18 下午 org.apache.coyote.AbstractProtocol start
信息: Starting ProtocolHandler ["http-nio-auto-5-54508"]
六月 20, 2021 4:10:18 下午 org.apache.catalina.core.ApplicationContext log
信息: Initializing Spring DispatcherServlet 'dispatcherServlet'
六月 20, 2021 4:10:18 下午 org.apache.catalina.core.ApplicationContext log
信息: Destroying Spring FrameworkServlet 'dispatcherServlet'
六月 20, 2021 4:10:18 下午 org.apache.coyote.AbstractProtocol pause
信息: Pausing ProtocolHandler ["http-nio-auto-5-54508"]
六月 20, 2021 4:10:18 下午 org.apache.catalina.core.StandardService stopInternal
信息: Stopping service [Tomcat]
六月 20, 2021 4:10:18 下午 org.apache.coyote.AbstractProtocol stop
信息: Stopping ProtocolHandler ["http-nio-auto-5-54508"]
六月 20, 2021 4:10:19 下午 org.apache.coyote.AbstractProtocol init
信息: Initializing ProtocolHandler ["http-nio-auto-6"]
六月 20, 2021 4:10:19 下午 org.apache.catalina.core.StandardService startInternal
信息: Starting service [Tomcat]
六月 20, 2021 4:10:19 下午 org.apache.catalina.core.StandardEngine startInternal
信息: Starting Servlet engine: [Apache Tomcat/9.0.37]
六月 20, 2021 4:10:19 下午 org.apache.coyote.AbstractProtocol start
信息: Starting ProtocolHandler ["http-nio-auto-6-54519"]
六月 20, 2021 4:10:19 下午 org.apache.catalina.core.ApplicationContext log
信息: Initializing Spring DispatcherServlet 'dispatcherServlet'
六月 20, 2021 4:10:19 下午 org.apache.catalina.core.ApplicationContext log
信息: Destroying Spring FrameworkServlet 'dispatcherServlet'
六月 20, 2021 4:10:19 下午 org.apache.coyote.AbstractProtocol pause
信息: Pausing ProtocolHandler ["http-nio-auto-6-54519"]
六月 20, 2021 4:10:19 下午 org.apache.catalina.core.StandardService stopInternal
信息: Stopping service [Tomcat]
六月 20, 2021 4:10:19 下午 org.apache.coyote.AbstractProtocol stop
信息: Stopping ProtocolHandler ["http-nio-auto-6-54519"]
六月 20, 2021 4:10:20 下午 org.apache.coyote.AbstractProtocol init
信息: Initializing ProtocolHandler ["http-nio-auto-7"]
六月 20, 2021 4:10:20 下午 org.apache.catalina.core.StandardService startInternal
信息: Starting service [Tomcat]
六月 20, 2021 4:10:20 下午 org.apache.catalina.core.StandardEngine startInternal
信息: Starting Servlet engine: [Apache Tomcat/9.0.37]
六月 20, 2021 4:10:20 下午 org.apache.coyote.AbstractProtocol start
信息: Starting ProtocolHandler ["http-nio-auto-7-54528"]
六月 20, 2021 4:10:20 下午 org.apache.catalina.core.ApplicationContext log
信息: Initializing Spring DispatcherServlet 'dispatcherServlet'
六月 20, 2021 4:10:20 下午 org.apache.catalina.core.ApplicationContext log
信息: Destroying Spring FrameworkServlet 'dispatcherServlet'
六月 20, 2021 4:10:20 下午 org.apache.coyote.AbstractProtocol pause
信息: Pausing ProtocolHandler ["http-nio-auto-7-54528"]
六月 20, 2021 4:10:20 下午 org.apache.catalina.core.StandardService stopInternal
信息: Stopping service [Tomcat]
六月 20, 2021 4:10:20 下午 org.apache.coyote.AbstractProtocol stop
信息: Stopping ProtocolHandler ["http-nio-auto-7-54528"]
六月 20, 2021 4:10:21 下午 org.apache.coyote.AbstractProtocol init
信息: Initializing ProtocolHandler ["http-nio-auto-8"]
六月 20, 2021 4:10:21 下午 org.apache.catalina.core.StandardService startInternal
信息: Starting service [Tomcat]
六月 20, 2021 4:10:21 下午 org.apache.catalina.core.StandardEngine startInternal
信息: Starting Servlet engine: [Apache Tomcat/9.0.37]
六月 20, 2021 4:10:21 下午 org.apache.coyote.AbstractProtocol start
信息: Starting ProtocolHandler ["http-nio-auto-8-54540"]
六月 20, 2021 4:10:21 下午 org.apache.catalina.core.ApplicationContext log
信息: Initializing Spring DispatcherServlet 'dispatcherServlet'
六月 20, 2021 4:10:21 下午 org.apache.catalina.core.ApplicationContext log
信息: Destroying Spring FrameworkServlet 'dispatcherServlet'
六月 20, 2021 4:10:21 下午 org.apache.coyote.AbstractProtocol pause
信息: Pausing ProtocolHandler ["http-nio-auto-8-54540"]
六月 20, 2021 4:10:21 下午 org.apache.catalina.core.StandardService stopInternal
信息: Stopping service [Tomcat]
六月 20, 2021 4:10:21 下午 org.apache.coyote.AbstractProtocol stop
信息: Stopping ProtocolHandler ["http-nio-auto-8-54540"]
六月 20, 2021 4:10:22 下午 org.apache.coyote.AbstractProtocol init
信息: Initializing ProtocolHandler ["http-nio-auto-9"]
六月 20, 2021 4:10:22 下午 org.apache.catalina.core.StandardService startInternal
信息: Starting service [Tomcat]
六月 20, 2021 4:10:22 下午 org.apache.catalina.core.StandardEngine startInternal
信息: Starting Servlet engine: [Apache Tomcat/9.0.37]
六月 20, 2021 4:10:22 下午 org.apache.coyote.AbstractProtocol start
信息: Starting ProtocolHandler ["http-nio-auto-9-54547"]
六月 20, 2021 4:10:23 下午 org.apache.catalina.core.ApplicationContext log
信息: Initializing Spring DispatcherServlet 'dispatcherServlet'
六月 20, 2021 4:10:23 下午 org.apache.catalina.core.ApplicationContext log
信息: Destroying Spring FrameworkServlet 'dispatcherServlet'
六月 20, 2021 4:10:23 下午 org.apache.coyote.AbstractProtocol pause
信息: Pausing ProtocolHandler ["http-nio-auto-9-54547"]
六月 20, 2021 4:10:23 下午 org.apache.catalina.core.StandardService stopInternal
信息: Stopping service [Tomcat]
六月 20, 2021 4:10:23 下午 org.apache.coyote.AbstractProtocol stop
信息: Stopping ProtocolHandler ["http-nio-auto-9-54547"]
六月 20, 2021 4:10:24 下午 org.apache.coyote.AbstractProtocol init
信息: Initializing ProtocolHandler ["http-nio-auto-10"]
六月 20, 2021 4:10:24 下午 org.apache.catalina.core.StandardService startInternal
信息: Starting service [Tomcat]
六月 20, 2021 4:10:24 下午 org.apache.catalina.core.StandardEngine startInternal
信息: Starting Servlet engine: [Apache Tomcat/9.0.37]
六月 20, 2021 4:10:24 下午 org.apache.coyote.AbstractProtocol start
信息: Starting ProtocolHandler ["http-nio-auto-10-54555"]
六月 20, 2021 4:10:24 下午 org.apache.catalina.core.ApplicationContext log
信息: Initializing Spring DispatcherServlet 'dispatcherServlet'
六月 20, 2021 4:10:24 下午 org.apache.catalina.core.ApplicationContext log
信息: Destroying Spring FrameworkServlet 'dispatcherServlet'
六月 20, 2021 4:10:24 下午 org.apache.coyote.AbstractProtocol pause
信息: Pausing ProtocolHandler ["http-nio-auto-10-54555"]
六月 20, 2021 4:10:24 下午 org.apache.catalina.core.StandardService stopInternal
信息: Stopping service [Tomcat]
六月 20, 2021 4:10:24 下午 org.apache.coyote.AbstractProtocol stop
信息: Stopping ProtocolHandler ["http-nio-auto-10-54555"]
]]></system-err>
</testsuite>
