<?xml version="1.0" encoding="UTF-8"?>
<testsuite name="org.springframework.web.socket.client.jetty.JettyWebSocketClientTests" tests="2" skipped="0" failures="0" errors="0" timestamp="2021-06-20T08:10:26" hostname="gankangdembp" time="0.126">
  <properties/>
  <testcase name="doHandshake()" classname="org.springframework.web.socket.client.jetty.JettyWebSocketClientTests" time="0.072"/>
  <testcase name="doHandshakeWithTaskExecutor()" classname="org.springframework.web.socket.client.jetty.JettyWebSocketClientTests" time="0.053"/>
  <system-out><![CDATA[]]></system-out>
  <system-err><![CDATA[]]></system-err>
</testsuite>
