<?xml version="1.0" encoding="UTF-8"?>
<testsuite name="org.springframework.web.socket.adapter.standard.StandardWebSocketSessionTests" tests="4" skipped="0" failures="0" errors="0" timestamp="2021-06-20T08:10:13" hostname="gankangdembp" time="0.017">
  <properties/>
  <testcase name="getPrincipalWithNativeSession()" classname="org.springframework.web.socket.adapter.standard.StandardWebSocketSessionTests" time="0.001"/>
  <testcase name="getPrincipalWithConstructorArg()" classname="org.springframework.web.socket.adapter.standard.StandardWebSocketSessionTests" time="0.0"/>
  <testcase name="getAcceptedProtocol()" classname="org.springframework.web.socket.adapter.standard.StandardWebSocketSessionTests" time="0.013"/>
  <testcase name="getPrincipalNone()" classname="org.springframework.web.socket.adapter.standard.StandardWebSocketSessionTests" time="0.001"/>
  <system-out><![CDATA[]]></system-out>
  <system-err><![CDATA[]]></system-err>
</testsuite>
