<?xml version="1.0" encoding="UTF-8"?>
<testsuite name="org.springframework.web.socket.messaging.SubProtocolWebSocketHandlerTests" tests="9" skipped="0" failures="0" errors="0" timestamp="2021-06-20T08:10:25" hostname="gankangdembp" time="0.068">
  <properties/>
  <testcase name="noSubProtocolOneHandler()" classname="org.springframework.web.socket.messaging.SubProtocolWebSocketHandlerTests" time="0.02"/>
  <testcase name="subProtocolNoMatch()" classname="org.springframework.web.socket.messaging.SubProtocolWebSocketHandlerTests" time="0.003"/>
  <testcase name="nullSubProtocol()" classname="org.springframework.web.socket.messaging.SubProtocolWebSocketHandlerTests" time="0.018"/>
  <testcase name="noSubProtocolTwoHandlers()" classname="org.springframework.web.socket.messaging.SubProtocolWebSocketHandlerTests" time="0.003"/>
  <testcase name="subProtocolMatch()" classname="org.springframework.web.socket.messaging.SubProtocolWebSocketHandlerTests" time="0.002"/>
  <testcase name="emptySubProtocol()" classname="org.springframework.web.socket.messaging.SubProtocolWebSocketHandlerTests" time="0.003"/>
  <testcase name="subProtocolDefaultHandlerOnly()" classname="org.springframework.web.socket.messaging.SubProtocolWebSocketHandlerTests" time="0.005"/>
  <testcase name="noSubProtocolNoDefaultHandler()" classname="org.springframework.web.socket.messaging.SubProtocolWebSocketHandlerTests" time="0.003"/>
  <testcase name="checkSession()" classname="org.springframework.web.socket.messaging.SubProtocolWebSocketHandlerTests" time="0.007"/>
  <system-out><![CDATA[16:10:25.807 [Test worker] ERROR o.s.w.s.m.SubProtocolWebSocketHandler - No sub-protocols for defaultHandler
16:10:25.819 [Test worker] ERROR o.s.w.s.m.SubProtocolWebSocketHandler - No sub-protocols for defaultHandler
16:10:25.835 [Test worker] ERROR o.s.w.s.m.SubProtocolWebSocketHandler - No sub-protocols for defaultHandler
]]></system-out>
  <system-err><![CDATA[]]></system-err>
</testsuite>
