<?xml version="1.0" encoding="UTF-8"?>
<testsuite name="org.springframework.web.socket.server.support.HttpSessionHandshakeInterceptorTests" tests="5" skipped="0" failures="0" errors="0" timestamp="2021-06-20T08:10:12" hostname="gankangdembp" time="0.039">
  <properties/>
  <testcase name="constructorWithAttributeNames()" classname="org.springframework.web.socket.server.support.HttpSessionHandshakeInterceptorTests" time="0.003"/>
  <testcase name="defaultConstructor()" classname="org.springframework.web.socket.server.support.HttpSessionHandshakeInterceptorTests" time="0.004"/>
  <testcase name="doNotCauseSessionCreation()" classname="org.springframework.web.socket.server.support.HttpSessionHandshakeInterceptorTests" time="0.004"/>
  <testcase name="doNotCopyHttpSessionId()" classname="org.springframework.web.socket.server.support.HttpSessionHandshakeInterceptorTests" time="0.0"/>
  <testcase name="doNotCopyAttributes()" classname="org.springframework.web.socket.server.support.HttpSessionHandshakeInterceptorTests" time="0.022"/>
  <system-out><![CDATA[]]></system-out>
  <system-err><![CDATA[]]></system-err>
</testsuite>
