<?xml version="1.0" encoding="UTF-8"?>
<testsuite name="org.springframework.web.socket.server.support.HandshakeInterceptorChainTests" tests="3" skipped="0" failures="0" errors="0" timestamp="2021-06-20T08:10:12" hostname="gankangdembp" time="0.064">
  <properties/>
  <testcase name="success()" classname="org.springframework.web.socket.server.support.HandshakeInterceptorChainTests" time="0.036"/>
  <testcase name="applyBeforeHandshakeWithFalseReturnValue()" classname="org.springframework.web.socket.server.support.HandshakeInterceptorChainTests" time="0.025"/>
  <testcase name="applyAfterHandshakeOnly()" classname="org.springframework.web.socket.server.support.HandshakeInterceptorChainTests" time="0.001"/>
  <system-out><![CDATA[]]></system-out>
  <system-err><![CDATA[]]></system-err>
</testsuite>
