<?xml version="1.0" encoding="UTF-8"?>
<testsuite name="org.springframework.web.socket.handler.PerConnectionWebSocketHandlerTests" tests="1" skipped="0" failures="0" errors="0" timestamp="2020-05-29T14:01:21" hostname="bamboo-18" time="0.003">
  <properties/>
  <testcase name="afterConnectionEstablished()" classname="org.springframework.web.socket.handler.PerConnectionWebSocketHandlerTests" time="0.003"/>
  <system-out><![CDATA[]]></system-out>
  <system-err><![CDATA[]]></system-err>
</testsuite>
