<?xml version="1.0" encoding="UTF-8"?>
<testsuite name="org.springframework.web.socket.adapter.jetty.JettyWebSocketSessionTests" tests="4" skipped="0" failures="0" errors="0" timestamp="2020-05-29T14:01:11" hostname="bamboo-18" time="0.191">
  <properties/>
  <testcase name="getPrincipalWithConstructorArg()" classname="org.springframework.web.socket.adapter.jetty.JettyWebSocketSessionTests" time="0.0"/>
  <testcase name="getPrincipalNotAvailable()" classname="org.springframework.web.socket.adapter.jetty.JettyWebSocketSessionTests" time="0.189"/>
  <testcase name="getPrincipalFromNativeSession()" classname="org.springframework.web.socket.adapter.jetty.JettyWebSocketSessionTests" time="0.001"/>
  <testcase name="getAcceptedProtocol()" classname="org.springframework.web.socket.adapter.jetty.JettyWebSocketSessionTests" time="0.001"/>
  <system-out><![CDATA[]]></system-out>
  <system-err><![CDATA[]]></system-err>
</testsuite>
