<?xml version="1.0" encoding="UTF-8"?>
<testsuite name="org.springframework.web.socket.config.HandlersBeanDefinitionParserTests" tests="4" skipped="0" failures="0" errors="0" timestamp="2020-05-29T14:01:10" hostname="bamboo-18" time="0.21">
  <properties/>
  <testcase name="sockJs()" classname="org.springframework.web.socket.config.HandlersBeanDefinitionParserTests" time="0.052"/>
  <testcase name="webSocketHandlersAttributes()" classname="org.springframework.web.socket.config.HandlersBeanDefinitionParserTests" time="0.052"/>
  <testcase name="sockJsAttributes()" classname="org.springframework.web.socket.config.HandlersBeanDefinitionParserTests" time="0.033"/>
  <testcase name="webSocketHandlers()" classname="org.springframework.web.socket.config.HandlersBeanDefinitionParserTests" time="0.072"/>
  <system-out><![CDATA[]]></system-out>
  <system-err><![CDATA[]]></system-err>
</testsuite>
