<?xml version="1.0" encoding="UTF-8"?>
<testsuite name="org.springframework.web.socket.sockjs.transport.handler.HttpSendingTransportHandlerTests" tests="5" skipped="0" failures="0" errors="0" timestamp="2021-06-20T08:10:13" hostname="gankangdembp" time="0.101">
  <properties/>
  <testcase name="handleRequestXhrStreaming()" classname="org.springframework.web.socket.sockjs.transport.handler.HttpSendingTransportHandlerTests" time="0.031"/>
  <testcase name="eventSourceTransport()" classname="org.springframework.web.socket.sockjs.transport.handler.HttpSendingTransportHandlerTests" time="0.033"/>
  <testcase name="htmlFileTransport()" classname="org.springframework.web.socket.sockjs.transport.handler.HttpSendingTransportHandlerTests" time="0.006"/>
  <testcase name="frameFormats()" classname="org.springframework.web.socket.sockjs.transport.handler.HttpSendingTransportHandlerTests" time="0.022"/>
  <testcase name="handleRequestXhr()" classname="org.springframework.web.socket.sockjs.transport.handler.HttpSendingTransportHandlerTests" time="0.005"/>
  <system-out><![CDATA[]]></system-out>
  <system-err><![CDATA[]]></system-err>
</testsuite>
