<?xml version="1.0" encoding="UTF-8"?>
<testsuite name="org.springframework.web.socket.adapter.jetty.JettyWebSocketSessionTests" tests="4" skipped="0" failures="0" errors="0" timestamp="2021-06-20T08:10:12" hostname="gankangdembp" time="0.052">
  <properties/>
  <testcase name="getPrincipalWithConstructorArg()" classname="org.springframework.web.socket.adapter.jetty.JettyWebSocketSessionTests" time="0.0"/>
  <testcase name="getPrincipalNotAvailable()" classname="org.springframework.web.socket.adapter.jetty.JettyWebSocketSessionTests" time="0.004"/>
  <testcase name="getPrincipalFromNativeSession()" classname="org.springframework.web.socket.adapter.jetty.JettyWebSocketSessionTests" time="0.043"/>
  <testcase name="getAcceptedProtocol()" classname="org.springframework.web.socket.adapter.jetty.JettyWebSocketSessionTests" time="0.003"/>
  <system-out><![CDATA[]]></system-out>
  <system-err><![CDATA[]]></system-err>
</testsuite>
