<?xml version="1.0" encoding="UTF-8"?>
<testsuite name="org.springframework.web.socket.adapter.standard.ConvertingEncoderDecoderSupportTests" tests="13" skipped="0" failures="0" errors="0" timestamp="2020-05-29T14:01:11" hostname="bamboo-18" time="0.246">
  <properties/>
  <testcase name="decodeFromText()" classname="org.springframework.web.socket.adapter.standard.ConvertingEncoderDecoderSupportTests" time="0.061"/>
  <testcase name="encodeToBinary()" classname="org.springframework.web.socket.adapter.standard.ConvertingEncoderDecoderSupportTests" time="0.021"/>
  <testcase name="encodeToTextCannotConvert()" classname="org.springframework.web.socket.adapter.standard.ConvertingEncoderDecoderSupportTests" time="0.016"/>
  <testcase name="cannotFindConversionService()" classname="org.springframework.web.socket.adapter.standard.ConvertingEncoderDecoderSupportTests" time="0.047"/>
  <testcase name="encodeToText()" classname="org.springframework.web.socket.adapter.standard.ConvertingEncoderDecoderSupportTests" time="0.012"/>
  <testcase name="encodeAndDecodeBytes()" classname="org.springframework.web.socket.adapter.standard.ConvertingEncoderDecoderSupportTests" time="0.012"/>
  <testcase name="decodeFromBinary()" classname="org.springframework.web.socket.adapter.standard.ConvertingEncoderDecoderSupportTests" time="0.012"/>
  <testcase name="cannotFindApplicationContext()" classname="org.springframework.web.socket.adapter.standard.ConvertingEncoderDecoderSupportTests" time="0.004"/>
  <testcase name="encodeAndDecodeText()" classname="org.springframework.web.socket.adapter.standard.ConvertingEncoderDecoderSupportTests" time="0.01"/>
  <testcase name="decodeFromTextCannotConvert()" classname="org.springframework.web.socket.adapter.standard.ConvertingEncoderDecoderSupportTests" time="0.013"/>
  <testcase name="encodeToBinaryCannotConvert()" classname="org.springframework.web.socket.adapter.standard.ConvertingEncoderDecoderSupportTests" time="0.014"/>
  <testcase name="decodeFromBinaryCannotConvert()" classname="org.springframework.web.socket.adapter.standard.ConvertingEncoderDecoderSupportTests" time="0.017"/>
  <testcase name="autowiresIntoEncoder()" classname="org.springframework.web.socket.adapter.standard.ConvertingEncoderDecoderSupportTests" time="0.003"/>
  <system-out><![CDATA[]]></system-out>
  <system-err><![CDATA[]]></system-err>
</testsuite>
