<?xml version="1.0" encoding="UTF-8"?>
<testsuite name="org.springframework.web.socket.messaging.WebSocketStompClientTests" tests="18" skipped="0" failures="0" errors="0" timestamp="2021-06-20T08:10:25" hostname="gankangdembp" time="0.207">
  <properties/>
  <testcase name="sendWebSocketBinary()" classname="org.springframework.web.socket.messaging.WebSocketStompClientTests" time="0.059"/>
  <testcase name="handleWebSocketMessageBinary()" classname="org.springframework.web.socket.messaging.WebSocketStompClientTests" time="0.007"/>
  <testcase name="handleWebSocketMessagePong()" classname="org.springframework.web.socket.messaging.WebSocketStompClientTests" time="0.002"/>
  <testcase name="heartbeatDefaultValue()" classname="org.springframework.web.socket.messaging.WebSocketStompClientTests" time="0.002"/>
  <testcase name="webSocketConnectionClosed()" classname="org.springframework.web.socket.messaging.WebSocketStompClientTests" time="0.003"/>
  <testcase name="webSocketConnectionEstablished()" classname="org.springframework.web.socket.messaging.WebSocketStompClientTests" time="0.018"/>
  <testcase name="heartbeatDefaultValueSetWithoutScheduler()" classname="org.springframework.web.socket.messaging.WebSocketStompClientTests" time="0.002"/>
  <testcase name="writeInactivityAfterDelayHasElapsed()" classname="org.springframework.web.socket.messaging.WebSocketStompClientTests" time="0.015"/>
  <testcase name="writeInactivityBeforeDelayHasElapsed()" classname="org.springframework.web.socket.messaging.WebSocketStompClientTests" time="0.002"/>
  <testcase name="readInactivityAfterDelayHasElapsed()" classname="org.springframework.web.socket.messaging.WebSocketStompClientTests" time="0.015"/>
  <testcase name="heartbeatDefaultValueWithScheduler()" classname="org.springframework.web.socket.messaging.WebSocketStompClientTests" time="0.001"/>
  <testcase name="handleWebSocketMessage()" classname="org.springframework.web.socket.messaging.WebSocketStompClientTests" time="0.002"/>
  <testcase name="readInactivityBeforeDelayHasElapsed()" classname="org.springframework.web.socket.messaging.WebSocketStompClientTests" time="0.002"/>
  <testcase name="sendWebSocketMessage()" classname="org.springframework.web.socket.messaging.WebSocketStompClientTests" time="0.015"/>
  <testcase name="webSocketHandshakeFailure()" classname="org.springframework.web.socket.messaging.WebSocketStompClientTests" time="0.003"/>
  <testcase name="webSocketTransportError()" classname="org.springframework.web.socket.messaging.WebSocketStompClientTests" time="0.003"/>
  <testcase name="handleWebSocketMessageSplitAcrossTwoMessage()" classname="org.springframework.web.socket.messaging.WebSocketStompClientTests" time="0.026"/>
  <testcase name="cancelInactivityTasks()" classname="org.springframework.web.socket.messaging.WebSocketStompClientTests" time="0.003"/>
  <system-out><![CDATA[]]></system-out>
  <system-err><![CDATA[]]></system-err>
</testsuite>
