<?xml version="1.0" encoding="UTF-8"?>
<testsuite name="org.springframework.web.socket.handler.ConcurrentWebSocketSessionDecoratorTests" tests="7" skipped="0" failures="0" errors="0" timestamp="2021-06-20T08:09:50" hostname="gankangdembp" time="0.518">
  <properties/>
  <testcase name="sendBufferSizeExceeded()" classname="org.springframework.web.socket.handler.ConcurrentWebSocketSessionDecoratorTests" time="0.021"/>
  <testcase name="sendTimeLimitExceeded()" classname="org.springframework.web.socket.handler.ConcurrentWebSocketSessionDecoratorTests" time="0.229"/>
  <testcase name="sendAfterBlockedSend()" classname="org.springframework.web.socket.handler.ConcurrentWebSocketSessionDecoratorTests" time="0.052"/>
  <testcase name="overflowStrategyDrop()" classname="org.springframework.web.socket.handler.ConcurrentWebSocketSessionDecoratorTests" time="0.001"/>
  <testcase name="send()" classname="org.springframework.web.socket.handler.ConcurrentWebSocketSessionDecoratorTests" time="0.003"/>
  <testcase name="closeStatusChangesToSessionNotReliable()" classname="org.springframework.web.socket.handler.ConcurrentWebSocketSessionDecoratorTests" time="0.208"/>
  <testcase name="closeStatusNormal()" classname="org.springframework.web.socket.handler.ConcurrentWebSocketSessionDecoratorTests" time="0.0"/>
  <system-out><![CDATA[]]></system-out>
  <system-err><![CDATA[]]></system-err>
</testsuite>
