<?xml version="1.0" encoding="UTF-8"?>
<testsuite name="org.springframework.web.socket.config.annotation.WebSocketMessageBrokerConfigurationSupportTests" tests="8" skipped="0" failures="0" errors="0" timestamp="2021-06-20T08:10:04" hostname="gankangdembp" time="1.607">
  <properties/>
  <testcase name="brokerChannel()" classname="org.springframework.web.socket.config.annotation.WebSocketMessageBrokerConfigurationSupportTests" time="0.841"/>
  <testcase name="handlerMapping()" classname="org.springframework.web.socket.config.annotation.WebSocketMessageBrokerConfigurationSupportTests" time="0.104"/>
  <testcase name="webSocketHandlerDecorator()" classname="org.springframework.web.socket.config.annotation.WebSocketMessageBrokerConfigurationSupportTests" time="0.143"/>
  <testcase name="webSocketHandler()" classname="org.springframework.web.socket.config.annotation.WebSocketMessageBrokerConfigurationSupportTests" time="0.08"/>
  <testcase name="clientInboundChannelSendMessage()" classname="org.springframework.web.socket.config.annotation.WebSocketMessageBrokerConfigurationSupportTests" time="0.111"/>
  <testcase name="clientOutboundChannel()" classname="org.springframework.web.socket.config.annotation.WebSocketMessageBrokerConfigurationSupportTests" time="0.082"/>
  <testcase name="taskScheduler()" classname="org.springframework.web.socket.config.annotation.WebSocketMessageBrokerConfigurationSupportTests" time="0.118"/>
  <testcase name="webSocketMessageBrokerStats()" classname="org.springframework.web.socket.config.annotation.WebSocketMessageBrokerConfigurationSupportTests" time="0.089"/>
  <system-out><![CDATA[]]></system-out>
  <system-err><![CDATA[]]></system-err>
</testsuite>
