<?xml version="1.0" encoding="UTF-8"?>
<testsuite name="org.springframework.web.socket.handler.WebSocketHttpHeadersTests" tests="1" skipped="0" failures="0" errors="0" timestamp="2020-05-29T14:01:22" hostname="bamboo-18" time="0.001">
  <properties/>
  <testcase name="parseWebSocketExtensions()" classname="org.springframework.web.socket.handler.WebSocketHttpHeadersTests" time="0.001"/>
  <system-out><![CDATA[]]></system-out>
  <system-err><![CDATA[]]></system-err>
</testsuite>
