<?xml version="1.0" encoding="UTF-8"?>
<testsuite name="org.springframework.web.socket.sockjs.transport.handler.SockJsWebSocketHandlerTests" tests="2" skipped="0" failures="0" errors="0" timestamp="2021-06-20T08:10:14" hostname="gankangdembp" time="0.021">
  <properties/>
  <testcase name="getSubProtocols()" classname="org.springframework.web.socket.sockjs.transport.handler.SockJsWebSocketHandlerTests" time="0.017"/>
  <testcase name="getSubProtocolsNone()" classname="org.springframework.web.socket.sockjs.transport.handler.SockJsWebSocketHandlerTests" time="0.004"/>
  <system-out><![CDATA[]]></system-out>
  <system-err><![CDATA[]]></system-err>
</testsuite>
