<?xml version="1.0" encoding="UTF-8"?>
<testsuite name="org.springframework.jca.support.LocalConnectionFactoryBeanTests" tests="5" skipped="0" failures="0" errors="0" timestamp="2020-05-29T13:59:22" hostname="bamboo-18" time="0.978">
  <properties/>
  <testcase name="testIsSingleton()" classname="org.springframework.jca.support.LocalConnectionFactoryBeanTests" time="0.134"/>
  <testcase name="testGetObjectTypeIsNullIfConnectionFactoryHasNotBeenConfigured()" classname="org.springframework.jca.support.LocalConnectionFactoryBeanTests" time="0.006"/>
  <testcase name="testCreatesVanillaConnectionFactoryIfNoConnectionManagerHasBeenConfigured()" classname="org.springframework.jca.support.LocalConnectionFactoryBeanTests" time="0.802"/>
  <testcase name="testCreatesManagedConnectionFactoryIfAConnectionManagerHasBeenConfigured()" classname="org.springframework.jca.support.LocalConnectionFactoryBeanTests" time="0.021"/>
  <testcase name="testManagedConnectionFactoryIsRequired()" classname="org.springframework.jca.support.LocalConnectionFactoryBeanTests" time="0.005"/>
  <system-out><![CDATA[]]></system-out>
  <system-err><![CDATA[]]></system-err>
</testsuite>
