<?xml version="1.0" encoding="UTF-8"?>
<testsuite name="org.springframework.transaction.reactive.TransactionalOperatorTests" tests="7" skipped="0" failures="0" errors="0" timestamp="2021-06-20T08:12:53" hostname="gankangdembp" time="0.504">
  <properties/>
  <testcase name="commitWithFlux()" classname="org.springframework.transaction.reactive.TransactionalOperatorTests" time="0.381"/>
  <testcase name="commitWithMono()" classname="org.springframework.transaction.reactive.TransactionalOperatorTests" time="0.011"/>
  <testcase name="cancellationPropagatedToFlux()" classname="org.springframework.transaction.reactive.TransactionalOperatorTests" time="0.02"/>
  <testcase name="cancellationPropagatedToMono()" classname="org.springframework.transaction.reactive.TransactionalOperatorTests" time="0.006"/>
  <testcase name="rollbackWithFlux()" classname="org.springframework.transaction.reactive.TransactionalOperatorTests" time="0.011"/>
  <testcase name="rollbackWithMono()" classname="org.springframework.transaction.reactive.TransactionalOperatorTests" time="0.041"/>
  <testcase name="monoSubscriptionNotCancelled()" classname="org.springframework.transaction.reactive.TransactionalOperatorTests" time="0.012"/>
  <system-out><![CDATA[]]></system-out>
  <system-err><![CDATA[]]></system-err>
</testsuite>
