<?xml version="1.0" encoding="UTF-8"?>
<testsuite name="org.springframework.dao.annotation.PersistenceExceptionTranslationAdvisorTests" tests="7" skipped="0" failures="0" errors="0" timestamp="2020-05-29T13:59:26" hostname="bamboo-18" time="0.016">
  <properties/>
  <testcase name="translationNeededForTheseExceptionsWithCustomStereotype()" classname="org.springframework.dao.annotation.PersistenceExceptionTranslationAdvisorTests" time="0.002"/>
  <testcase name="translationNotNeededForTheseExceptions()" classname="org.springframework.dao.annotation.PersistenceExceptionTranslationAdvisorTests" time="0.001"/>
  <testcase name="translationNeededForTheseExceptions()" classname="org.springframework.dao.annotation.PersistenceExceptionTranslationAdvisorTests" time="0.001"/>
  <testcase name="noTranslationNeeded()" classname="org.springframework.dao.annotation.PersistenceExceptionTranslationAdvisorTests" time="0.001"/>
  <testcase name="translationNeededForTheseExceptionsOnInheritedInterface()" classname="org.springframework.dao.annotation.PersistenceExceptionTranslationAdvisorTests" time="0.002"/>
  <testcase name="translationNeededForTheseExceptionsOnSuperclass()" classname="org.springframework.dao.annotation.PersistenceExceptionTranslationAdvisorTests" time="0.001"/>
  <testcase name="translationNeededForTheseExceptionsOnInterface()" classname="org.springframework.dao.annotation.PersistenceExceptionTranslationAdvisorTests" time="0.001"/>
  <system-out><![CDATA[]]></system-out>
  <system-err><![CDATA[]]></system-err>
</testsuite>
