<?xml version="1.0" encoding="UTF-8"?>
<testsuite name="org.springframework.transaction.annotation.AnnotationTransactionNamespaceHandlerTests" tests="5" skipped="0" failures="0" errors="0" timestamp="2020-05-29T13:59:29" hostname="bamboo-18" time="0.416">
  <properties/>
  <testcase name="invokeTransactional()" classname="org.springframework.transaction.annotation.AnnotationTransactionNamespaceHandlerTests" time="0.035"/>
  <testcase name="nonPublicMethodsNotAdvised()" classname="org.springframework.transaction.annotation.AnnotationTransactionNamespaceHandlerTests" time="0.0"/>
  <testcase name="transactionalEventListenerRegisteredProperly()" classname="org.springframework.transaction.annotation.AnnotationTransactionNamespaceHandlerTests" time="0.001"/>
  <testcase name="mBeanExportAlsoWorks()" classname="org.springframework.transaction.annotation.AnnotationTransactionNamespaceHandlerTests" time="0.017"/>
  <testcase name="isProxy()" classname="org.springframework.transaction.annotation.AnnotationTransactionNamespaceHandlerTests" time="0.0"/>
  <system-out><![CDATA[]]></system-out>
  <system-err><![CDATA[]]></system-err>
</testsuite>
