<?xml version="1.0" encoding="UTF-8"?>
<testsuite name="org.springframework.transaction.TxNamespaceHandlerEventTests" tests="1" skipped="0" failures="0" errors="0" timestamp="2021-06-20T08:12:50" hostname="gankangdembp" time="0.473">
  <properties/>
  <testcase name="componentEventReceived()" classname="org.springframework.transaction.TxNamespaceHandlerEventTests" time="0.473"/>
  <system-out><![CDATA[]]></system-out>
  <system-err><![CDATA[]]></system-err>
</testsuite>
