<?xml version="1.0" encoding="UTF-8"?>
<testsuite name="org.springframework.transaction.interceptor.BeanFactoryTransactionTests" tests="9" skipped="0" failures="0" errors="0" timestamp="2020-05-29T13:59:31" hostname="bamboo-18" time="0.696">
  <properties/>
  <testcase name="testGetsAreNotTransactionalWithProxyFactory2Cglib()" classname="org.springframework.transaction.interceptor.BeanFactoryTransactionTests" time="0.222"/>
  <testcase name="testGetsAreNotTransactionalWithProxyFactory1()" classname="org.springframework.transaction.interceptor.BeanFactoryTransactionTests" time="0.05"/>
  <testcase name="testGetsAreNotTransactionalWithProxyFactory3()" classname="org.springframework.transaction.interceptor.BeanFactoryTransactionTests" time="0.082"/>
  <testcase name="testGetBeansOfTypeWithAbstract()" classname="org.springframework.transaction.interceptor.BeanFactoryTransactionTests" time="0.167"/>
  <testcase name="testGetsAreNotTransactionalWithProxyFactory2DynamicProxy()" classname="org.springframework.transaction.interceptor.BeanFactoryTransactionTests" time="0.054"/>
  <testcase name="testDynamicTargetSource()" classname="org.springframework.transaction.interceptor.BeanFactoryTransactionTests" time="0.029"/>
  <testcase name="testNoTransactionAttributeSource()" classname="org.springframework.transaction.interceptor.BeanFactoryTransactionTests" time="0.034"/>
  <testcase name="testCglibTransactionProxyImplementsNoInterfaces()" classname="org.springframework.transaction.interceptor.BeanFactoryTransactionTests" time="0.019"/>
  <testcase name="testProxyFactory2Lazy()" classname="org.springframework.transaction.interceptor.BeanFactoryTransactionTests" time="0.024"/>
  <system-out><![CDATA[]]></system-out>
  <system-err><![CDATA[]]></system-err>
</testsuite>
