<?xml version="1.0" encoding="UTF-8"?>
<testsuite name="org.springframework.jca.support.LocalConnectionFactoryBeanTests" tests="5" skipped="0" failures="0" errors="0" timestamp="2021-06-20T08:13:00" hostname="gankangdembp" time="0.061">
  <properties/>
  <testcase name="testIsSingleton()" classname="org.springframework.jca.support.LocalConnectionFactoryBeanTests" time="0.001"/>
  <testcase name="testGetObjectTypeIsNullIfConnectionFactoryHasNotBeenConfigured()" classname="org.springframework.jca.support.LocalConnectionFactoryBeanTests" time="0.0"/>
  <testcase name="testCreatesVanillaConnectionFactoryIfNoConnectionManagerHasBeenConfigured()" classname="org.springframework.jca.support.LocalConnectionFactoryBeanTests" time="0.045"/>
  <testcase name="testCreatesManagedConnectionFactoryIfAConnectionManagerHasBeenConfigured()" classname="org.springframework.jca.support.LocalConnectionFactoryBeanTests" time="0.014"/>
  <testcase name="testManagedConnectionFactoryIsRequired()" classname="org.springframework.jca.support.LocalConnectionFactoryBeanTests" time="0.001"/>
  <system-out><![CDATA[]]></system-out>
  <system-err><![CDATA[]]></system-err>
</testsuite>
