<?xml version="1.0" encoding="UTF-8"?>
<testsuite name="org.springframework.jca.cci.EisOperationTests" tests="5" skipped="0" failures="0" errors="0" timestamp="2020-05-29T13:59:25" hostname="bamboo-18" time="0.036">
  <properties/>
  <testcase name="testSimpleRecordOperationWithInputOutputRecord()" classname="org.springframework.jca.cci.EisOperationTests" time="0.001"/>
  <testcase name="testMappingRecordOperationWithOutputRecordCreator()" classname="org.springframework.jca.cci.EisOperationTests" time="0.013"/>
  <testcase name="testSimpleRecordOperation()" classname="org.springframework.jca.cci.EisOperationTests" time="0.002"/>
  <testcase name="testSimpleRecordOperationWithExplicitOutputRecord()" classname="org.springframework.jca.cci.EisOperationTests" time="0.013"/>
  <testcase name="testMappingRecordOperation()" classname="org.springframework.jca.cci.EisOperationTests" time="0.003"/>
  <system-out><![CDATA[]]></system-out>
  <system-err><![CDATA[]]></system-err>
</testsuite>
