<?xml version="1.0" encoding="UTF-8"?>
<testsuite name="org.springframework.jca.cci.CciTemplateTests" tests="19" skipped="0" failures="0" errors="0" timestamp="2021-06-20T08:13:00" hostname="gankangdembp" time="1.04">
  <properties/>
  <testcase name="testTemplateExecuteInputGeneratorTrueWithCreator()" classname="org.springframework.jca.cci.CciTemplateTests" time="0.259"/>
  <testcase name="testTemplateExecuteInputTrueWithCreator2()" classname="org.springframework.jca.cci.CciTemplateTests" time="0.003"/>
  <testcase name="testTemplateExecuteConnectionCallback()" classname="org.springframework.jca.cci.CciTemplateTests" time="0.035"/>
  <testcase name="testTemplateExecuteInputFalse()" classname="org.springframework.jca.cci.CciTemplateTests" time="0.002"/>
  <testcase name="testTemplateExecuteInputExtractorFalse()" classname="org.springframework.jca.cci.CciTemplateTests" time="0.021"/>
  <testcase name="testCreateMappedRecord()" classname="org.springframework.jca.cci.CciTemplateTests" time="0.128"/>
  <testcase name="testTemplateExecuteInputTrueTrue()" classname="org.springframework.jca.cci.CciTemplateTests" time="0.002"/>
  <testcase name="testTemplateExecuteInputFalseTrue()" classname="org.springframework.jca.cci.CciTemplateTests" time="0.002"/>
  <testcase name="testTemplateExecuteWithCreatorAndRecordFactoryNotSupported()" classname="org.springframework.jca.cci.CciTemplateTests" time="0.017"/>
  <testcase name="testTemplateExecuteInputOutputConnectionSpec()" classname="org.springframework.jca.cci.CciTemplateTests" time="0.041"/>
  <testcase name="testTemplateExecuteInteractionCallback()" classname="org.springframework.jca.cci.CciTemplateTests" time="0.012"/>
  <testcase name="testTemplateExecuteInputTrueTrueWithCreator()" classname="org.springframework.jca.cci.CciTemplateTests" time="0.002"/>
  <testcase name="testTemplateExecuteInputOutput()" classname="org.springframework.jca.cci.CciTemplateTests" time="0.002"/>
  <testcase name="testTemplateExecuteInputGeneratorFalse()" classname="org.springframework.jca.cci.CciTemplateTests" time="0.007"/>
  <testcase name="testTemplateExecuteInputExtractorTrueWithCreator()" classname="org.springframework.jca.cci.CciTemplateTests" time="0.003"/>
  <testcase name="testTemplateExecuteInputGeneratorExtractorTrueWithCreator()" classname="org.springframework.jca.cci.CciTemplateTests" time="0.004"/>
  <testcase name="testTemplateExecuteInputGeneratorExtractorFalse()" classname="org.springframework.jca.cci.CciTemplateTests" time="0.003"/>
  <testcase name="testCreateIndexedRecord()" classname="org.springframework.jca.cci.CciTemplateTests" time="0.128"/>
  <testcase name="testTemplateExecuteInputOutputResultsSetFalse()" classname="org.springframework.jca.cci.CciTemplateTests" time="0.347"/>
  <system-out><![CDATA[]]></system-out>
  <system-err><![CDATA[]]></system-err>
</testsuite>
