<?xml version="1.0" encoding="UTF-8"?>
<testsuite name="org.springframework.transaction.event.ApplicationListenerMethodTransactionalAdapterTests" tests="4" skipped="0" failures="0" errors="0" timestamp="2020-05-29T13:59:30" hostname="bamboo-18" time="0.026">
  <properties/>
  <testcase name="phaseSet()" classname="org.springframework.transaction.event.ApplicationListenerMethodTransactionalAdapterTests" time="0.015"/>
  <testcase name="valueSet()" classname="org.springframework.transaction.event.ApplicationListenerMethodTransactionalAdapterTests" time="0.01"/>
  <testcase name="defaultPhase()" classname="org.springframework.transaction.event.ApplicationListenerMethodTransactionalAdapterTests" time="0.0"/>
  <testcase name="phaseAndClassesSet()" classname="org.springframework.transaction.event.ApplicationListenerMethodTransactionalAdapterTests" time="0.001"/>
  <system-out><![CDATA[]]></system-out>
  <system-err><![CDATA[]]></system-err>
</testsuite>
