<?xml version="1.0" encoding="UTF-8"?>
<testsuite name="org.springframework.transaction.reactive.TransactionalOperatorTests" tests="7" skipped="0" failures="0" errors="0" timestamp="2020-05-29T13:59:33" hostname="bamboo-18" time="0.05">
  <properties/>
  <testcase name="commitWithFlux()" classname="org.springframework.transaction.reactive.TransactionalOperatorTests" time="0.002"/>
  <testcase name="commitWithMono()" classname="org.springframework.transaction.reactive.TransactionalOperatorTests" time="0.001"/>
  <testcase name="cancellationPropagatedToFlux()" classname="org.springframework.transaction.reactive.TransactionalOperatorTests" time="0.02"/>
  <testcase name="cancellationPropagatedToMono()" classname="org.springframework.transaction.reactive.TransactionalOperatorTests" time="0.002"/>
  <testcase name="rollbackWithFlux()" classname="org.springframework.transaction.reactive.TransactionalOperatorTests" time="0.002"/>
  <testcase name="rollbackWithMono()" classname="org.springframework.transaction.reactive.TransactionalOperatorTests" time="0.001"/>
  <testcase name="monoSubscriptionNotCancelled()" classname="org.springframework.transaction.reactive.TransactionalOperatorTests" time="0.001"/>
  <system-out><![CDATA[]]></system-out>
  <system-err><![CDATA[]]></system-err>
</testsuite>
