<?xml version="1.0" encoding="UTF-8"?>
<testsuite name="org.springframework.transaction.reactive.TransactionalOperatorExtensionsTests" tests="4" skipped="0" failures="0" errors="0" timestamp="2020-05-29T13:59:33" hostname="bamboo-18" time="0.486">
  <properties/>
  <testcase name="rollbackWithSuspendingFunction()" classname="org.springframework.transaction.reactive.TransactionalOperatorExtensionsTests" time="0.413"/>
  <testcase name="commitWithFlow()" classname="org.springframework.transaction.reactive.TransactionalOperatorExtensionsTests" time="0.065"/>
  <testcase name="rollbackWithFlow()" classname="org.springframework.transaction.reactive.TransactionalOperatorExtensionsTests" time="0.003"/>
  <testcase name="commitWithSuspendingFunction()" classname="org.springframework.transaction.reactive.TransactionalOperatorExtensionsTests" time="0.004"/>
  <system-out><![CDATA[]]></system-out>
  <system-err><![CDATA[]]></system-err>
</testsuite>
