<?xml version="1.0" encoding="UTF-8"?>
<testsuite name="org.springframework.transaction.interceptor.TransactionAttributeSourceEditorTests" tests="4" skipped="0" failures="0" errors="0" timestamp="2020-05-29T13:59:31" hostname="bamboo-18" time="0.008">
  <properties/>
  <testcase name="invalidFormat()" classname="org.springframework.transaction.interceptor.TransactionAttributeSourceEditorTests" time="0.001"/>
  <testcase name="matchesSpecific()" classname="org.springframework.transaction.interceptor.TransactionAttributeSourceEditorTests" time="0.001"/>
  <testcase name="nullValue()" classname="org.springframework.transaction.interceptor.TransactionAttributeSourceEditorTests" time="0.003"/>
  <testcase name="matchesAll()" classname="org.springframework.transaction.interceptor.TransactionAttributeSourceEditorTests" time="0.001"/>
  <system-out><![CDATA[]]></system-out>
  <system-err><![CDATA[]]></system-err>
</testsuite>
