<?xml version="1.0" encoding="UTF-8"?>
<testsuite name="org.springframework.transaction.reactive.TransactionalOperatorExtensionsTests" tests="4" skipped="0" failures="0" errors="0" timestamp="2021-06-20T08:13:02" hostname="gankangdembp" time="0.563">
  <properties/>
  <testcase name="rollbackWithSuspendingFunction()" classname="org.springframework.transaction.reactive.TransactionalOperatorExtensionsTests" time="0.413"/>
  <testcase name="commitWithFlow()" classname="org.springframework.transaction.reactive.TransactionalOperatorExtensionsTests" time="0.135"/>
  <testcase name="rollbackWithFlow()" classname="org.springframework.transaction.reactive.TransactionalOperatorExtensionsTests" time="0.007"/>
  <testcase name="commitWithSuspendingFunction()" classname="org.springframework.transaction.reactive.TransactionalOperatorExtensionsTests" time="0.007"/>
  <system-out><![CDATA[]]></system-out>
  <system-err><![CDATA[]]></system-err>
</testsuite>
