<?xml version="1.0" encoding="UTF-8"?>
<testsuite name="org.springframework.transaction.config.AnnotationDrivenTests" tests="5" skipped="0" failures="0" errors="0" timestamp="2021-06-20T08:12:50" hostname="gankangdembp" time="3.217">
  <properties/>
  <testcase name="withProxyTargetClass()" classname="org.springframework.transaction.config.AnnotationDrivenTests" time="2.103"/>
  <testcase name="serializableWithoutPreviousUsage()" classname="org.springframework.transaction.config.AnnotationDrivenTests" time="0.324"/>
  <testcase name="withConfigurationClass()" classname="org.springframework.transaction.config.AnnotationDrivenTests" time="0.516"/>
  <testcase name="serializableWithPreviousUsage()" classname="org.springframework.transaction.config.AnnotationDrivenTests" time="0.114"/>
  <testcase name="withAnnotatedTransactionManagers()" classname="org.springframework.transaction.config.AnnotationDrivenTests" time="0.145"/>
  <system-out><![CDATA[]]></system-out>
  <system-err><![CDATA[]]></system-err>
</testsuite>
