<?xml version="1.0" encoding="UTF-8"?>
<testsuite name="org.springframework.jca.cci.CciLocalTransactionTests" tests="2" skipped="0" failures="0" errors="0" timestamp="2020-05-29T13:59:25" hostname="bamboo-18" time="0.065">
  <properties/>
  <testcase name="testLocalTransactionRollback()" classname="org.springframework.jca.cci.CciLocalTransactionTests" time="0.046"/>
  <testcase name="testLocalTransactionCommit()" classname="org.springframework.jca.cci.CciLocalTransactionTests" time="0.018"/>
  <system-out><![CDATA[]]></system-out>
  <system-err><![CDATA[]]></system-err>
</testsuite>
