<?xml version="1.0" encoding="UTF-8"?>
<testsuite name="org.springframework.dao.annotation.PersistenceExceptionTranslationPostProcessorTests" tests="1" skipped="0" failures="0" errors="0" timestamp="2021-06-20T08:13:00" hostname="gankangdembp" time="0.151">
  <properties/>
  <testcase name="proxiesCorrectly()" classname="org.springframework.dao.annotation.PersistenceExceptionTranslationPostProcessorTests" time="0.151"/>
  <system-out><![CDATA[Before additionalMethod
Before additionalMethod
]]></system-out>
  <system-err><![CDATA[]]></system-err>
</testsuite>
