<?xml version="1.0" encoding="UTF-8"?>
<testsuite name="org.springframework.transaction.TxNamespaceHandlerEventTests" tests="1" skipped="0" failures="0" errors="0" timestamp="2020-05-29T13:59:32" hostname="bamboo-18" time="0.02">
  <properties/>
  <testcase name="componentEventReceived()" classname="org.springframework.transaction.TxNamespaceHandlerEventTests" time="0.02"/>
  <system-out><![CDATA[]]></system-out>
  <system-err><![CDATA[]]></system-err>
</testsuite>
