<?xml version="1.0" encoding="UTF-8"?>
<testsuite name="org.springframework.transaction.annotation.EnableTransactionManagementTests" tests="12" skipped="0" failures="0" errors="0" timestamp="2020-05-29T13:59:28" hostname="bamboo-18" time="0.816">
  <properties/>
  <testcase name="transactionProxyIsCreated()" classname="org.springframework.transaction.annotation.EnableTransactionManagementTests" time="0.119"/>
  <testcase name="transactionProxyIsCreatedWithEnableOnSuperclass()" classname="org.springframework.transaction.annotation.EnableTransactionManagementTests" time="0.034"/>
  <testcase name="spr14322FindsOnInterfaceWithInterfaceProxy()" classname="org.springframework.transaction.annotation.EnableTransactionManagementTests" time="0.044"/>
  <testcase name="spr11915TransactionManagerAsManualSingleton()" classname="org.springframework.transaction.annotation.EnableTransactionManagementTests" time="0.076"/>
  <testcase name="txManagerIsResolvedCorrectlyWithTxMgmtConfigurerAndPrimaryPresent()" classname="org.springframework.transaction.annotation.EnableTransactionManagementTests" time="0.068"/>
  <testcase name="proxyTypeAspectJCausesRegistrationOfAnnotationTransactionAspect()" classname="org.springframework.transaction.annotation.EnableTransactionManagementTests" time="0.006"/>
  <testcase name="txManagerIsResolvedOnInvocationOfTransactionalMethod()" classname="org.springframework.transaction.annotation.EnableTransactionManagementTests" time="0.042"/>
  <testcase name="transactionalEventListenerRegisteredProperly()" classname="org.springframework.transaction.annotation.EnableTransactionManagementTests" time="0.025"/>
  <testcase name="transactionProxyIsCreatedWithEnableOnExcludedSuperclass()" classname="org.springframework.transaction.annotation.EnableTransactionManagementTests" time="0.085"/>
  <testcase name="spr14322FindsOnInterfaceWithCglibProxy()" classname="org.springframework.transaction.annotation.EnableTransactionManagementTests" time="0.077"/>
  <testcase name="txManagerIsResolvedCorrectlyWhenMultipleManagersArePresentAndOneIsPrimary()" classname="org.springframework.transaction.annotation.EnableTransactionManagementTests" time="0.109"/>
  <testcase name="txManagerIsResolvedCorrectlyWhenMultipleManagersArePresent()" classname="org.springframework.transaction.annotation.EnableTransactionManagementTests" time="0.084"/>
  <system-out><![CDATA[]]></system-out>
  <system-err><![CDATA[]]></system-err>
</testsuite>
