<?xml version="1.0" encoding="UTF-8"?>
<testsuite name="org.springframework.dao.annotation.PersistenceExceptionTranslationPostProcessorTests" tests="1" skipped="0" failures="0" errors="0" timestamp="2020-05-29T13:59:26" hostname="bamboo-18" time="0.542">
  <properties/>
  <testcase name="proxiesCorrectly()" classname="org.springframework.dao.annotation.PersistenceExceptionTranslationPostProcessorTests" time="0.542"/>
  <system-out><![CDATA[Before additionalMethod
Before additionalMethod
]]></system-out>
  <system-err><![CDATA[]]></system-err>
</testsuite>
