<?xml version="1.0" encoding="UTF-8"?>
<testsuite name="org.springframework.dao.annotation.PersistenceExceptionTranslationInterceptorTests" tests="7" skipped="0" failures="0" errors="0" timestamp="2021-06-20T08:13:00" hostname="gankangdembp" time="0.058">
  <properties/>
  <testcase name="translationNeededForTheseExceptionsWithCustomStereotype()" classname="org.springframework.dao.annotation.PersistenceExceptionTranslationInterceptorTests" time="0.016"/>
  <testcase name="translationNotNeededForTheseExceptions()" classname="org.springframework.dao.annotation.PersistenceExceptionTranslationInterceptorTests" time="0.002"/>
  <testcase name="translationNeededForTheseExceptions()" classname="org.springframework.dao.annotation.PersistenceExceptionTranslationInterceptorTests" time="0.002"/>
  <testcase name="noTranslationNeeded()" classname="org.springframework.dao.annotation.PersistenceExceptionTranslationInterceptorTests" time="0.001"/>
  <testcase name="translationNeededForTheseExceptionsOnInheritedInterface()" classname="org.springframework.dao.annotation.PersistenceExceptionTranslationInterceptorTests" time="0.016"/>
  <testcase name="translationNeededForTheseExceptionsOnSuperclass()" classname="org.springframework.dao.annotation.PersistenceExceptionTranslationInterceptorTests" time="0.006"/>
  <testcase name="translationNeededForTheseExceptionsOnInterface()" classname="org.springframework.dao.annotation.PersistenceExceptionTranslationInterceptorTests" time="0.012"/>
  <system-out><![CDATA[]]></system-out>
  <system-err><![CDATA[]]></system-err>
</testsuite>
