<?xml version="1.0" encoding="UTF-8"?>
<testsuite name="org.springframework.transaction.support.JtaTransactionManagerSerializationTests" tests="1" skipped="0" failures="0" errors="0" timestamp="2020-05-29T13:59:28" hostname="bamboo-18" time="0.054">
  <properties/>
  <testcase name="serializable()" classname="org.springframework.transaction.support.JtaTransactionManagerSerializationTests" time="0.054"/>
  <system-out><![CDATA[]]></system-out>
  <system-err><![CDATA[]]></system-err>
</testsuite>
