<?xml version="1.0" encoding="UTF-8"?>
<testsuite name="org.springframework.oxm.jaxb.Jaxb2MarshallerTests" tests="22" skipped="0" failures="0" errors="0" timestamp="2020-05-29T13:58:39" hostname="bamboo-18" time="0.903">
  <properties/>
  <testcase name="marshalStreamResultOutputStream()" classname="org.springframework.oxm.jaxb.Jaxb2MarshallerTests" time="0.047"/>
  <testcase name="marshalStaxResultEventWriter()" classname="org.springframework.oxm.jaxb.Jaxb2MarshallerTests" time="0.023"/>
  <testcase name="marshalEmptyDOMResult()" classname="org.springframework.oxm.jaxb.Jaxb2MarshallerTests" time="0.019"/>
  <testcase name="marshalStreamResultWriter()" classname="org.springframework.oxm.jaxb.Jaxb2MarshallerTests" time="0.024"/>
  <testcase name="marshalDOMResult()" classname="org.springframework.oxm.jaxb.Jaxb2MarshallerTests" time="0.012"/>
  <testcase name="marshalJaxp14StaxResultEventWriter()" classname="org.springframework.oxm.jaxb.Jaxb2MarshallerTests" time="0.015"/>
  <testcase name="marshalStaxResultStreamWriter()" classname="org.springframework.oxm.jaxb.Jaxb2MarshallerTests" time="0.014"/>
  <testcase name="marshalJaxp14StaxResultStreamWriter()" classname="org.springframework.oxm.jaxb.Jaxb2MarshallerTests" time="0.011"/>
  <testcase name="unmarshalSaxSourceWithXmlOptions()" classname="org.springframework.oxm.jaxb.Jaxb2MarshallerTests" time="0.114"/>
  <testcase name="marshalAWrappedObjectHoldingAnXmlElementDeclElement()" classname="org.springframework.oxm.jaxb.Jaxb2MarshallerTests" time="0.176"/>
  <testcase name="marshalSAXResult()" classname="org.springframework.oxm.jaxb.Jaxb2MarshallerTests" time="0.017"/>
  <testcase name="supportsContextPath()" classname="org.springframework.oxm.jaxb.Jaxb2MarshallerTests" time="0.148"/>
  <testcase name="supportsXmlRootElement()" classname="org.springframework.oxm.jaxb.Jaxb2MarshallerTests" time="0.012"/>
  <testcase name="marshalAttachments()" classname="org.springframework.oxm.jaxb.Jaxb2MarshallerTests" time="0.044"/>
  <testcase name="lazyInit()" classname="org.springframework.oxm.jaxb.Jaxb2MarshallerTests" time="0.015"/>
  <testcase name="properties()" classname="org.springframework.oxm.jaxb.Jaxb2MarshallerTests" time="0.008"/>
  <testcase name="unmarshalStreamSourceWithXmlOptions()" classname="org.springframework.oxm.jaxb.Jaxb2MarshallerTests" time="0.013"/>
  <testcase name="supportsPackagesToScan()" classname="org.springframework.oxm.jaxb.Jaxb2MarshallerTests" time="0.072"/>
  <testcase name="marshalInvalidClass()" classname="org.springframework.oxm.jaxb.Jaxb2MarshallerTests" time="0.023"/>
  <testcase name="testInvalidContextPath()" classname="org.springframework.oxm.jaxb.Jaxb2MarshallerTests" time="0.006"/>
  <testcase name="noContextPathOrClassesToBeBound()" classname="org.springframework.oxm.jaxb.Jaxb2MarshallerTests" time="0.003"/>
  <testcase name="supportsClassesToBeBound()" classname="org.springframework.oxm.jaxb.Jaxb2MarshallerTests" time="0.042"/>
  <system-out><![CDATA[]]></system-out>
  <system-err><![CDATA[]]></system-err>
</testsuite>
