<?xml version="1.0" encoding="UTF-8"?>
<testsuite name="org.springframework.oxm.jaxb.Jaxb2UnmarshallerTests" tests="12" skipped="0" failures="0" errors="0" timestamp="2020-05-29T13:58:40" hostname="bamboo-18" time="0.369">
  <properties/>
  <testcase name="unmarshalStreamSourceReader()" classname="org.springframework.oxm.jaxb.Jaxb2UnmarshallerTests" time="0.066"/>
  <testcase name="unmarshalJaxp14StaxSourceXmlEventReader()" classname="org.springframework.oxm.jaxb.Jaxb2UnmarshallerTests" time="0.016"/>
  <testcase name="unmarshalStaxSourceXmlStreamReader()" classname="org.springframework.oxm.jaxb.Jaxb2UnmarshallerTests" time="0.013"/>
  <testcase name="unmarshalSAXSource()" classname="org.springframework.oxm.jaxb.Jaxb2UnmarshallerTests" time="0.025"/>
  <testcase name="unmarshalStreamSourceInputStream()" classname="org.springframework.oxm.jaxb.Jaxb2UnmarshallerTests" time="0.012"/>
  <testcase name="unmarshalJaxp14StaxSourceXmlStreamReader()" classname="org.springframework.oxm.jaxb.Jaxb2UnmarshallerTests" time="0.017"/>
  <testcase name="unmarshalStaxSourceXmlEventReader()" classname="org.springframework.oxm.jaxb.Jaxb2UnmarshallerTests" time="0.028"/>
  <testcase name="unmarshalDomSource()" classname="org.springframework.oxm.jaxb.Jaxb2UnmarshallerTests" time="0.021"/>
  <testcase name="marshalAttachments()" classname="org.springframework.oxm.jaxb.Jaxb2UnmarshallerTests" time="0.047"/>
  <testcase name="unmarshalPartialStaxSourceXmlStreamReader()" classname="org.springframework.oxm.jaxb.Jaxb2UnmarshallerTests" time="0.039"/>
  <testcase name="unmarshalFile()" classname="org.springframework.oxm.jaxb.Jaxb2UnmarshallerTests" time="0.005"/>
  <testcase name="unmarshalAnXmlReferingToAWrappedXmlElementDecl()" classname="org.springframework.oxm.jaxb.Jaxb2UnmarshallerTests" time="0.044"/>
  <system-out><![CDATA[]]></system-out>
  <system-err><![CDATA[]]></system-err>
</testsuite>
