<?xml version="1.0" encoding="UTF-8"?>
<testsuite name="org.springframework.oxm.config.OxmNamespaceHandlerTests" tests="2" skipped="0" failures="0" errors="0" timestamp="2021-06-20T08:08:48" hostname="gankangdembp" time="0.454">
  <properties/>
  <testcase name="jaxb2ClassesToBeBoundMarshaller()" classname="org.springframework.oxm.config.OxmNamespaceHandlerTests" time="0.312"/>
  <testcase name="jaxb2ContextPathMarshaller()" classname="org.springframework.oxm.config.OxmNamespaceHandlerTests" time="0.002"/>
  <system-out><![CDATA[]]></system-out>
  <system-err><![CDATA[]]></system-err>
</testsuite>
