<?xml version="1.0" encoding="UTF-8"?>
<testsuite name="org.springframework.oxm.jaxb.Jaxb2MarshallerTests" tests="22" skipped="0" failures="0" errors="0" timestamp="2021-06-20T08:08:49" hostname="gankangdembp" time="4.418">
  <properties/>
  <testcase name="marshalStreamResultOutputStream()" classname="org.springframework.oxm.jaxb.Jaxb2MarshallerTests" time="0.27"/>
  <testcase name="marshalStaxResultEventWriter()" classname="org.springframework.oxm.jaxb.Jaxb2MarshallerTests" time="0.084"/>
  <testcase name="marshalEmptyDOMResult()" classname="org.springframework.oxm.jaxb.Jaxb2MarshallerTests" time="0.05"/>
  <testcase name="marshalStreamResultWriter()" classname="org.springframework.oxm.jaxb.Jaxb2MarshallerTests" time="0.054"/>
  <testcase name="marshalDOMResult()" classname="org.springframework.oxm.jaxb.Jaxb2MarshallerTests" time="0.016"/>
  <testcase name="marshalJaxp14StaxResultEventWriter()" classname="org.springframework.oxm.jaxb.Jaxb2MarshallerTests" time="0.046"/>
  <testcase name="marshalStaxResultStreamWriter()" classname="org.springframework.oxm.jaxb.Jaxb2MarshallerTests" time="0.051"/>
  <testcase name="marshalJaxp14StaxResultStreamWriter()" classname="org.springframework.oxm.jaxb.Jaxb2MarshallerTests" time="0.062"/>
  <testcase name="unmarshalSaxSourceWithXmlOptions()" classname="org.springframework.oxm.jaxb.Jaxb2MarshallerTests" time="2.219"/>
  <testcase name="marshalAWrappedObjectHoldingAnXmlElementDeclElement()" classname="org.springframework.oxm.jaxb.Jaxb2MarshallerTests" time="0.336"/>
  <testcase name="marshalSAXResult()" classname="org.springframework.oxm.jaxb.Jaxb2MarshallerTests" time="0.199"/>
  <testcase name="supportsContextPath()" classname="org.springframework.oxm.jaxb.Jaxb2MarshallerTests" time="0.382"/>
  <testcase name="supportsXmlRootElement()" classname="org.springframework.oxm.jaxb.Jaxb2MarshallerTests" time="0.028"/>
  <testcase name="marshalAttachments()" classname="org.springframework.oxm.jaxb.Jaxb2MarshallerTests" time="0.105"/>
  <testcase name="lazyInit()" classname="org.springframework.oxm.jaxb.Jaxb2MarshallerTests" time="0.039"/>
  <testcase name="properties()" classname="org.springframework.oxm.jaxb.Jaxb2MarshallerTests" time="0.024"/>
  <testcase name="unmarshalStreamSourceWithXmlOptions()" classname="org.springframework.oxm.jaxb.Jaxb2MarshallerTests" time="0.011"/>
  <testcase name="supportsPackagesToScan()" classname="org.springframework.oxm.jaxb.Jaxb2MarshallerTests" time="0.137"/>
  <testcase name="marshalInvalidClass()" classname="org.springframework.oxm.jaxb.Jaxb2MarshallerTests" time="0.043"/>
  <testcase name="testInvalidContextPath()" classname="org.springframework.oxm.jaxb.Jaxb2MarshallerTests" time="0.038"/>
  <testcase name="noContextPathOrClassesToBeBound()" classname="org.springframework.oxm.jaxb.Jaxb2MarshallerTests" time="0.007"/>
  <testcase name="supportsClassesToBeBound()" classname="org.springframework.oxm.jaxb.Jaxb2MarshallerTests" time="0.103"/>
  <system-out><![CDATA[]]></system-out>
  <system-err><![CDATA[]]></system-err>
</testsuite>
