<?xml version="1.0" encoding="UTF-8"?>
<testsuite name="org.springframework.orm.jpa.support.SharedEntityManagerFactoryTests" tests="1" skipped="0" failures="0" errors="0" timestamp="2020-05-29T13:58:24" hostname="bamboo-18" time="0.001">
  <properties/>
  <testcase name="testValidUsage()" classname="org.springframework.orm.jpa.support.SharedEntityManagerFactoryTests" time="0.001"/>
  <system-out><![CDATA[]]></system-out>
  <system-err><![CDATA[]]></system-err>
</testsuite>
