<?xml version="1.0" encoding="UTF-8"?>
<testsuite name="org.springframework.orm.jpa.EntityManagerFactoryBeanSupportTests" tests="1" skipped="0" failures="0" errors="0" timestamp="2021-06-20T08:09:14" hostname="gankangdembp" time="5.673">
  <properties/>
  <testcase name="testHookIsCalled()" classname="org.springframework.orm.jpa.EntityManagerFactoryBeanSupportTests" time="5.673"/>
  <system-out><![CDATA[]]></system-out>
  <system-err><![CDATA[]]></system-err>
</testsuite>
