<?xml version="1.0" encoding="UTF-8"?>
<testsuite name="org.springframework.orm.jpa.eclipselink.EclipseLinkEntityManagerFactoryIntegrationTests" tests="20" skipped="0" failures="0" errors="0" timestamp="2020-05-29T13:58:30" hostname="bamboo-18" time="0.284">
  <properties/>
  <testcase name="testJdbcTx2()" classname="org.springframework.orm.jpa.eclipselink.EclipseLinkEntityManagerFactoryIntegrationTests" time="0.137"/>
  <testcase name="testEntityManagerProxyRejectsProgrammaticTxManagement()" classname="org.springframework.orm.jpa.eclipselink.EclipseLinkEntityManagerFactoryIntegrationTests" time="0.001"/>
  <testcase name="testQueryNoPersons()" classname="org.springframework.orm.jpa.eclipselink.EclipseLinkEntityManagerFactoryIntegrationTests" time="0.022"/>
  <testcase name="testEntityManagerFactoryImplementsEntityManagerFactoryInfo()" classname="org.springframework.orm.jpa.eclipselink.EclipseLinkEntityManagerFactoryIntegrationTests" time="0.001"/>
  <testcase name="testMultipleResults()" classname="org.springframework.orm.jpa.eclipselink.EclipseLinkEntityManagerFactoryIntegrationTests" time="0.008"/>
  <testcase name="testStateClean()" classname="org.springframework.orm.jpa.eclipselink.EclipseLinkEntityManagerFactoryIntegrationTests" time="0.001"/>
  <testcase name="testGetReferenceWhenNoRow()" classname="org.springframework.orm.jpa.eclipselink.EclipseLinkEntityManagerFactoryIntegrationTests" time="0.009"/>
  <testcase name="testInstantiateAndSaveWithSharedEmProxy()" classname="org.springframework.orm.jpa.eclipselink.EclipseLinkEntityManagerFactoryIntegrationTests" time="0.003"/>
  <testcase name="testQueryNoPersonsSharedNotTransactional()" classname="org.springframework.orm.jpa.eclipselink.EclipseLinkEntityManagerFactoryIntegrationTests" time="0.031"/>
  <testcase name="testJdbcTx1_1()" classname="org.springframework.orm.jpa.eclipselink.EclipseLinkEntityManagerFactoryIntegrationTests" time="0.003"/>
  <testcase name="testJdbcTx1_2()" classname="org.springframework.orm.jpa.eclipselink.EclipseLinkEntityManagerFactoryIntegrationTests" time="0.007"/>
  <testcase name="testJdbcTx1_3()" classname="org.springframework.orm.jpa.eclipselink.EclipseLinkEntityManagerFactoryIntegrationTests" time="0.002"/>
  <testcase name="testCanSerializeProxies()" classname="org.springframework.orm.jpa.eclipselink.EclipseLinkEntityManagerFactoryIntegrationTests" time="0.002"/>
  <testcase name="testQueryNoPersonsShared()" classname="org.springframework.orm.jpa.eclipselink.EclipseLinkEntityManagerFactoryIntegrationTests" time="0.016"/>
  <testcase name="testQueryNoPersonsNotTransactional()" classname="org.springframework.orm.jpa.eclipselink.EclipseLinkEntityManagerFactoryIntegrationTests" time="0.001"/>
  <testcase name="testEntityManagerProxyIsProxy()" classname="org.springframework.orm.jpa.eclipselink.EclipseLinkEntityManagerFactoryIntegrationTests" time="0.006"/>
  <testcase name="testBogusQuery()" classname="org.springframework.orm.jpa.eclipselink.EclipseLinkEntityManagerFactoryIntegrationTests" time="0.015"/>
  <testcase name="testLazyLoading()" classname="org.springframework.orm.jpa.eclipselink.EclipseLinkEntityManagerFactoryIntegrationTests" time="0.009"/>
  <testcase name="testCanCastSharedEntityManagerProxyToEclipseLinkEntityManager()" classname="org.springframework.orm.jpa.eclipselink.EclipseLinkEntityManagerFactoryIntegrationTests" time="0.001"/>
  <testcase name="testCanCastNativeEntityManagerFactoryToEclipseLinkEntityManagerFactoryImpl()" classname="org.springframework.orm.jpa.eclipselink.EclipseLinkEntityManagerFactoryIntegrationTests" time="0.0"/>
  <system-out><![CDATA[[EL Info]: 2020-05-29 13:58:30.264--ServerSession(700118205)--EclipseLink, version: Eclipse Persistence Services - 2.7.6.v20200131-b7c997804f
[EL Warning]: metadata: 2020-05-29 13:58:30.276--ServerSession(700118205)--Reverting the lazy setting on the OneToOne or ManyToOne attribute [driversLicense] for the entity class [class org.springframework.orm.jpa.domain.Person] since weaving was not enabled or did not occur.
[EL Info]: connection: 2020-05-29 13:58:30.277--ServerSession(700118205)--/file:/opt/bamboo-home/xml-data/build-dir/SPR-PUBM1-JOB1/spring-orm/build/classes/java/test/_Person login successful
[EL Fine]: sql: 2020-05-29 13:58:30.282--ServerSession(700118205)--Connection(33110053)--SELECT * FROM SEQUENCE WHERE SEQ_NAME = 'SEQ_GEN'
[EL Fine]: sql: 2020-05-29 13:58:30.325--ServerSession(700118205)--Connection(1918939098)--SELECT ID, FIRST_NAME, LAST_NAME, DRIVERS_LICENSE_ID FROM PERSON
[EL Fine]: sql: 2020-05-29 13:58:30.326--ServerSession(700118205)--Connection(1147085366)--SELECT ID, FIRST_NAME, LAST_NAME, DRIVERS_LICENSE_ID FROM PERSON
[EL Fine]: sql: 2020-05-29 13:58:30.332--ClientSession(730047641)--Connection(2144246189)--SELECT ID, FIRST_NAME, LAST_NAME, DRIVERS_LICENSE_ID FROM PERSON
[EL Fine]: sql: 2020-05-29 13:58:30.349--ClientSession(2024006386)--Connection(1125382557)--SELECT ID, FIRST_NAME, LAST_NAME, DRIVERS_LICENSE_ID FROM PERSON WHERE (ID = ?)
	bind => [666]
[EL Fine]: sql: 2020-05-29 13:58:30.352--ClientSession(1841876377)--Connection(1799386726)--UPDATE SEQUENCE SET SEQ_COUNT = SEQ_COUNT + ? WHERE SEQ_NAME = ?
	bind => [50, SEQ_GEN]
[EL Fine]: sql: 2020-05-29 13:58:30.352--ClientSession(1841876377)--Connection(1799386726)--SELECT SEQ_COUNT FROM SEQUENCE WHERE SEQ_NAME = ?
	bind => [SEQ_GEN]
[EL Fine]: sql: 2020-05-29 13:58:30.353--ClientSession(1841876377)--Connection(1799386726)--INSERT INTO PERSON (ID, FIRST_NAME, LAST_NAME, DRIVERS_LICENSE_ID) VALUES (?, ?, ?, ?)
	bind => [101, Tony, Blair, null]
[EL Fine]: sql: 2020-05-29 13:58:30.377--ServerSession(700118205)--Connection(1432202008)--SELECT ID, FIRST_NAME, LAST_NAME, DRIVERS_LICENSE_ID FROM PERSON
[EL Fine]: sql: 2020-05-29 13:58:30.379--ServerSession(700118205)--Connection(162787614)--SELECT ID, FIRST_NAME, LAST_NAME, DRIVERS_LICENSE_ID FROM PERSON
[EL Fine]: sql: 2020-05-29 13:58:30.402--ClientSession(1974764542)--Connection(965889396)--SELECT ID, FIRST_NAME, LAST_NAME, DRIVERS_LICENSE_ID FROM PERSON
[EL Fine]: sql: 2020-05-29 13:58:30.418--ClientSession(1974764542)--Connection(965889396)--SELECT ID, FIRST_NAME, LAST_NAME, DRIVERS_LICENSE_ID FROM PERSON
[EL Fine]: sql: 2020-05-29 13:58:30.419--ServerSession(700118205)--Connection(953808169)--SELECT ID, FIRST_NAME, LAST_NAME, DRIVERS_LICENSE_ID FROM PERSON
[EL Fine]: sql: 2020-05-29 13:58:30.42--ServerSession(700118205)--Connection(1560971901)--SELECT ID, FIRST_NAME, LAST_NAME, DRIVERS_LICENSE_ID FROM PERSON
[EL Fine]: sql: 2020-05-29 13:58:30.426--ClientSession(371742093)--Connection(536378455)--SELECT ID, FIRST_NAME, LAST_NAME, DRIVERS_LICENSE_ID FROM PERSON
[EL Fine]: sql: 2020-05-29 13:58:30.443--ClientSession(1850755109)--Connection(999949668)--UPDATE SEQUENCE SET SEQ_COUNT = SEQ_COUNT + ? WHERE SEQ_NAME = ?
	bind => [50, SEQ_GEN]
[EL Fine]: sql: 2020-05-29 13:58:30.444--ClientSession(1850755109)--Connection(999949668)--SELECT SEQ_COUNT FROM SEQUENCE WHERE SEQ_NAME = ?
	bind => [SEQ_GEN]
[EL Fine]: sql: 2020-05-29 13:58:30.445--ClientSession(1850755109)--Connection(999949668)--INSERT INTO DRIVERS_LICENSE (ID, SERIAL_NUMBER) VALUES (?, ?)
	bind => [0, 8439DK]
[EL Fine]: sql: 2020-05-29 13:58:30.447--ClientSession(1850755109)--Connection(999949668)--INSERT INTO PERSON (ID, FIRST_NAME, LAST_NAME, DRIVERS_LICENSE_ID) VALUES (?, ?, ?, ?)
	bind => [101, Tony, Blair, 0]
[EL Info]: connection: 2020-05-29 13:58:30.452--ServerSession(700118205)--/file:/opt/bamboo-home/xml-data/build-dir/SPR-PUBM1-JOB1/spring-orm/build/classes/java/test/_Person logout successful
]]></system-out>
  <system-err><![CDATA[]]></system-err>
</testsuite>
