<?xml version="1.0" encoding="UTF-8"?>
<testsuite name="org.springframework.orm.jpa.ApplicationManagedEntityManagerIntegrationTests" tests="8" skipped="0" failures="0" errors="0" timestamp="2021-06-20T08:09:44" hostname="gankangdembp" time="0.468">
  <properties/>
  <testcase name="testEntityManagerProxyAcceptsProgrammaticTxJoining()" classname="org.springframework.orm.jpa.ApplicationManagedEntityManagerIntegrationTests" time="0.267"/>
  <testcase name="testStateClean()" classname="org.springframework.orm.jpa.ApplicationManagedEntityManagerIntegrationTests" time="0.002"/>
  <testcase name="testCommitOccurs()" classname="org.springframework.orm.jpa.ApplicationManagedEntityManagerIntegrationTests" time="0.025"/>
  <testcase name="testEntityManagerProxyIsProxy()" classname="org.springframework.orm.jpa.ApplicationManagedEntityManagerIntegrationTests" time="0.057"/>
  <testcase name="testCannotFlushWithoutGettingTransaction()" classname="org.springframework.orm.jpa.ApplicationManagedEntityManagerIntegrationTests" time="0.053"/>
  <testcase name="testRollbackOccurs()" classname="org.springframework.orm.jpa.ApplicationManagedEntityManagerIntegrationTests" time="0.023"/>
  <testcase name="testReuseInNewTransaction()" classname="org.springframework.orm.jpa.ApplicationManagedEntityManagerIntegrationTests" time="0.035"/>
  <testcase name="testInstantiateAndSave()" classname="org.springframework.orm.jpa.ApplicationManagedEntityManagerIntegrationTests" time="0.005"/>
  <system-out><![CDATA[[EL Info]: 2021-06-20 16:09:44.946--ServerSession(696341732)--EclipseLink, version: Eclipse Persistence Services - 2.7.7.v20200504-69f2c2b80d
[EL Warning]: metadata: 2021-06-20 16:09:44.947--ServerSession(696341732)--Reverting the lazy setting on the OneToOne or ManyToOne attribute [driversLicense] for the entity class [class org.springframework.orm.jpa.domain.Person] since weaving was not enabled or did not occur.
[EL Fine]: sql: 2021-06-20 16:09:44.955--ServerSession(696341732)--Connection(745637997)--SELECT * FROM SEQUENCE WHERE SEQ_NAME = 'SEQ_GEN'
[EL Fine]: sql: 2021-06-20 16:09:44.987--ClientSession(798496521)--Connection(2026406023)--UPDATE SEQUENCE SET SEQ_COUNT = SEQ_COUNT + ? WHERE SEQ_NAME = ?
	bind => [50, SEQ_GEN]
[EL Fine]: sql: 2021-06-20 16:09:44.988--ClientSession(798496521)--Connection(2026406023)--SELECT SEQ_COUNT FROM SEQUENCE WHERE SEQ_NAME = ?
	bind => [SEQ_GEN]
[EL Fine]: sql: 2021-06-20 16:09:45.005--ClientSession(798496521)--Connection(1040628815)--INSERT INTO PERSON (ID, FIRST_NAME, LAST_NAME, DRIVERS_LICENSE_ID) VALUES (?, ?, ?, ?)
	bind => [101, Tony, Blair, null]
[EL Fine]: sql: 2021-06-20 16:09:45.006--ClientSession(798496521)--Connection(1040628815)--SELECT COUNT(0) FROM person
[EL Fine]: sql: 2021-06-20 16:09:45.008--ServerSession(696341732)--Connection(1018810895)--SELECT COUNT(0) FROM person
[EL Fine]: sql: 2021-06-20 16:09:45.012--ServerSession(696341732)--Connection(475780287)--SELECT ID, FIRST_NAME, LAST_NAME, DRIVERS_LICENSE_ID FROM PERSON
[EL Fine]: sql: 2021-06-20 16:09:45.117--ClientSession(2109071591)--Connection(900486100)--DELETE FROM PERSON
[EL Fine]: sql: 2021-06-20 16:09:45.123--ClientSession(1190150183)--Connection(1263860060)--INSERT INTO PERSON (ID, FIRST_NAME, LAST_NAME, DRIVERS_LICENSE_ID) VALUES (?, ?, ?, ?)
	bind => [103, Tony, Blair, null]
[EL Fine]: sql: 2021-06-20 16:09:45.124--ClientSession(1190150183)--Connection(1263860060)--SELECT COUNT(0) FROM person
[EL Fine]: sql: 2021-06-20 16:09:45.141--ServerSession(696341732)--Connection(724539198)--SELECT COUNT(0) FROM person
[EL Fine]: sql: 2021-06-20 16:09:45.148--ClientSession(1142562159)--Connection(1668671331)--INSERT INTO PERSON (ID, FIRST_NAME, LAST_NAME, DRIVERS_LICENSE_ID) VALUES (?, ?, ?, ?)
	bind => [104, Tony, Blair, null]
[EL Fine]: sql: 2021-06-20 16:09:45.15--ClientSession(1142562159)--Connection(1668671331)--SELECT COUNT(0) FROM person
[EL Fine]: sql: 2021-06-20 16:09:45.152--ClientSession(1475010550)--Connection(52740134)--INSERT INTO PERSON (ID, FIRST_NAME, LAST_NAME, DRIVERS_LICENSE_ID) VALUES (?, ?, ?, ?)
	bind => [105, Tony, Blair, null]
[EL Fine]: sql: 2021-06-20 16:09:45.153--ClientSession(1475010550)--Connection(52740134)--SELECT COUNT(0) FROM person
[EL Fine]: sql: 2021-06-20 16:09:45.155--ServerSession(696341732)--Connection(854968167)--SELECT COUNT(0) FROM person
[EL Fine]: sql: 2021-06-20 16:09:45.175--ClientSession(1475010550)--Connection(1545847105)--DELETE FROM PERSON
[EL Fine]: sql: 2021-06-20 16:09:45.177--ClientSession(1475010550)--Connection(1545847105)--SELECT COUNT(0) FROM person
[EL Fine]: sql: 2021-06-20 16:09:45.181--ClientSession(1504887700)--Connection(1295081145)--INSERT INTO PERSON (ID, FIRST_NAME, LAST_NAME, DRIVERS_LICENSE_ID) VALUES (?, ?, ?, ?)
	bind => [106, Tony, Blair, null]
[EL Fine]: sql: 2021-06-20 16:09:45.182--ClientSession(1504887700)--Connection(1295081145)--SELECT COUNT(0) FROM person
]]></system-out>
  <system-err><![CDATA[]]></system-err>
</testsuite>
