<?xml version="1.0" encoding="UTF-8"?>
<testsuite name="org.springframework.orm.jpa.ContainerManagedEntityManagerIntegrationTests" tests="10" skipped="0" failures="0" errors="0" timestamp="2021-06-20T08:09:41" hostname="gankangdembp" time="0.418">
  <properties/>
  <testcase name="testEntityManagerProxyRejectsProgrammaticTxManagement()" classname="org.springframework.orm.jpa.ContainerManagedEntityManagerIntegrationTests" time="0.24"/>
  <testcase name="testContainerEntityManagerProxyAllowsJoinTransactionInTransaction()" classname="org.springframework.orm.jpa.ContainerManagedEntityManagerIntegrationTests" time="0.004"/>
  <testcase name="testExceptionTranslationWithDialectFoundOnIntroducedEntityManagerInfo()" classname="org.springframework.orm.jpa.ContainerManagedEntityManagerIntegrationTests" time="0.023"/>
  <testcase name="testExceptionTranslationWithDialectFoundOnEntityManagerFactoryBean()" classname="org.springframework.orm.jpa.ContainerManagedEntityManagerIntegrationTests" time="0.004"/>
  <testcase name="testCommitOccurs()" classname="org.springframework.orm.jpa.ContainerManagedEntityManagerIntegrationTests" time="0.023"/>
  <testcase name="testContainerEntityManagerProxyRejectsJoinTransactionWithoutTransaction()" classname="org.springframework.orm.jpa.ContainerManagedEntityManagerIntegrationTests" time="0.003"/>
  <testcase name="testEntityManagerProxyIsProxy()" classname="org.springframework.orm.jpa.ContainerManagedEntityManagerIntegrationTests" time="0.005"/>
  <testcase name="testRollbackOccurs()" classname="org.springframework.orm.jpa.ContainerManagedEntityManagerIntegrationTests" time="0.053"/>
  <testcase name="testReuseInNewTransaction()" classname="org.springframework.orm.jpa.ContainerManagedEntityManagerIntegrationTests" time="0.03"/>
  <testcase name="testInstantiateAndSave()" classname="org.springframework.orm.jpa.ContainerManagedEntityManagerIntegrationTests" time="0.028"/>
  <system-out><![CDATA[[EL Info]: 2021-06-20 16:09:41.813--ServerSession(1807497351)--EclipseLink, version: Eclipse Persistence Services - 2.7.7.v20200504-69f2c2b80d
[EL Warning]: metadata: 2021-06-20 16:09:41.814--ServerSession(1807497351)--Reverting the lazy setting on the OneToOne or ManyToOne attribute [driversLicense] for the entity class [class org.springframework.orm.jpa.domain.Person] since weaving was not enabled or did not occur.
[EL Fine]: sql: 2021-06-20 16:09:41.887--ServerSession(1807497351)--Connection(390436342)--SELECT * FROM SEQUENCE WHERE SEQ_NAME = 'SEQ_GEN'
[EL Fine]: sql: 2021-06-20 16:09:41.949--ClientSession(254586668)--Connection(1616546577)--SELECT COUNT(0) FROM person
[EL Fine]: sql: 2021-06-20 16:09:41.951--ClientSession(254586668)--Connection(1616546577)--UPDATE SEQUENCE SET SEQ_COUNT = SEQ_COUNT + ? WHERE SEQ_NAME = ?
	bind => [50, SEQ_GEN]
[EL Fine]: sql: 2021-06-20 16:09:41.952--ClientSession(254586668)--Connection(1616546577)--SELECT SEQ_COUNT FROM SEQUENCE WHERE SEQ_NAME = ?
	bind => [SEQ_GEN]
[EL Fine]: sql: 2021-06-20 16:09:41.953--ClientSession(254586668)--Connection(1616546577)--INSERT INTO PERSON (ID, FIRST_NAME, LAST_NAME, DRIVERS_LICENSE_ID) VALUES (?, ?, ?, ?)
	bind => [51, Tony, Blair, null]
[EL Fine]: sql: 2021-06-20 16:09:41.958--ClientSession(254586668)--Connection(1616546577)--SELECT COUNT(0) FROM person
[EL Fine]: sql: 2021-06-20 16:09:41.961--ServerSession(1807497351)--Connection(1711483981)--SELECT COUNT(0) FROM person
[EL Fine]: sql: 2021-06-20 16:09:41.968--ServerSession(1807497351)--Connection(1325604919)--SELECT ID, FIRST_NAME, LAST_NAME, DRIVERS_LICENSE_ID FROM PERSON
[EL Fine]: sql: 2021-06-20 16:09:41.972--ClientSession(170628513)--Connection(1671983409)--SELECT COUNT(0) FROM person
[EL Fine]: sql: 2021-06-20 16:09:41.973--ClientSession(170628513)--Connection(1671983409)--INSERT INTO PERSON (ID, FIRST_NAME, LAST_NAME, DRIVERS_LICENSE_ID) VALUES (?, ?, ?, ?)
	bind => [52, Tony, Blair, null]
[EL Fine]: sql: 2021-06-20 16:09:41.974--ClientSession(170628513)--Connection(1671983409)--SELECT COUNT(0) FROM person
[EL Fine]: sql: 2021-06-20 16:09:42.022--ServerSession(1807497351)--Connection(1882827918)--SELECT COUNT(0) FROM person
[EL Fine]: sql: 2021-06-20 16:09:42.025--ClientSession(955163683)--Connection(1183733406)--SELECT COUNT(0) FROM person
[EL Fine]: sql: 2021-06-20 16:09:42.027--ClientSession(955163683)--Connection(1183733406)--INSERT INTO PERSON (ID, FIRST_NAME, LAST_NAME, DRIVERS_LICENSE_ID) VALUES (?, ?, ?, ?)
	bind => [53, Tony, Blair, null]
[EL Fine]: sql: 2021-06-20 16:09:42.028--ClientSession(955163683)--Connection(1183733406)--SELECT COUNT(0) FROM person
[EL Fine]: sql: 2021-06-20 16:09:42.03--ClientSession(1051814176)--Connection(1091082196)--SELECT COUNT(0) FROM person
[EL Fine]: sql: 2021-06-20 16:09:42.031--ClientSession(1051814176)--Connection(1091082196)--INSERT INTO PERSON (ID, FIRST_NAME, LAST_NAME, DRIVERS_LICENSE_ID) VALUES (?, ?, ?, ?)
	bind => [54, Tony, Blair, null]
[EL Fine]: sql: 2021-06-20 16:09:42.048--ClientSession(1051814176)--Connection(1091082196)--SELECT COUNT(0) FROM person
[EL Fine]: sql: 2021-06-20 16:09:42.052--ServerSession(1807497351)--Connection(1548730439)--SELECT COUNT(0) FROM person
[EL Fine]: sql: 2021-06-20 16:09:42.057--ClientSession(2060367839)--Connection(2008841199)--SELECT COUNT(0) FROM person
[EL Fine]: sql: 2021-06-20 16:09:42.058--ClientSession(2060367839)--Connection(2008841199)--INSERT INTO PERSON (ID, FIRST_NAME, LAST_NAME, DRIVERS_LICENSE_ID) VALUES (?, ?, ?, ?)
	bind => [55, Tony, Blair, null]
[EL Fine]: sql: 2021-06-20 16:09:42.08--ClientSession(2060367839)--Connection(2008841199)--SELECT COUNT(0) FROM person
]]></system-out>
  <system-err><![CDATA[]]></system-err>
</testsuite>
