<?xml version="1.0" encoding="UTF-8"?>
<testsuite name="org.springframework.orm.jpa.support.PersistenceInjectionTests" tests="27" skipped="0" failures="0" errors="0" timestamp="2020-05-29T13:58:20" hostname="bamboo-18" time="1.058">
  <properties/>
  <testcase name="testPublicExtendedPersistenceContextSetterWithSerialization()" classname="org.springframework.orm.jpa.support.PersistenceInjectionTests" time="0.295"/>
  <testcase name="testPublicPersistenceUnitSetterWithOverriding()" classname="org.springframework.orm.jpa.support.PersistenceInjectionTests" time="0.025"/>
  <testcase name="testPublicSpecificExtendedPersistenceContextSetter()" classname="org.springframework.orm.jpa.support.PersistenceInjectionTests" time="0.01"/>
  <testcase name="testPersistenceUnitsFromJndi()" classname="org.springframework.orm.jpa.support.PersistenceInjectionTests" time="0.122"/>
  <testcase name="testPublicExtendedPersistenceContextSetterWithEntityManagerInfoAndSerialization()" classname="org.springframework.orm.jpa.support.PersistenceInjectionTests" time="0.24"/>
  <testcase name="testPropertiesForSharedEntityManager1()" classname="org.springframework.orm.jpa.support.PersistenceInjectionTests" time="0.027"/>
  <testcase name="testPropertiesForSharedEntityManager2()" classname="org.springframework.orm.jpa.support.PersistenceInjectionTests" time="0.003"/>
  <testcase name="testPublicExtendedPersistenceContextSetterWithOverriding()" classname="org.springframework.orm.jpa.support.PersistenceInjectionTests" time="0.004"/>
  <testcase name="testPropertiesPassedIn()" classname="org.springframework.orm.jpa.support.PersistenceInjectionTests" time="0.023"/>
  <testcase name="testPrivatePersistenceUnitField()" classname="org.springframework.orm.jpa.support.PersistenceInjectionTests" time="0.014"/>
  <testcase name="testPrivateVendorSpecificPersistenceContextField()" classname="org.springframework.orm.jpa.support.PersistenceInjectionTests" time="0.029"/>
  <testcase name="testPersistenceUnitsFromJndiWithDefaultUnit()" classname="org.springframework.orm.jpa.support.PersistenceInjectionTests" time="0.003"/>
  <testcase name="testFieldOfWrongTypeAnnotatedWithPersistenceUnit()" classname="org.springframework.orm.jpa.support.PersistenceInjectionTests" time="0.013"/>
  <testcase name="testNoPropertiesPassedIn()" classname="org.springframework.orm.jpa.support.PersistenceInjectionTests" time="0.002"/>
  <testcase name="testSinglePersistenceUnitFromJndi()" classname="org.springframework.orm.jpa.support.PersistenceInjectionTests" time="0.002"/>
  <testcase name="testSinglePersistenceContextFromJndi()" classname="org.springframework.orm.jpa.support.PersistenceInjectionTests" time="0.002"/>
  <testcase name="testPublicPersistenceUnitSetterWithUnitIdentifiedThroughBeanName()" classname="org.springframework.orm.jpa.support.PersistenceInjectionTests" time="0.027"/>
  <testcase name="testPersistenceContextsFromJndiWithDefaultUnit()" classname="org.springframework.orm.jpa.support.PersistenceInjectionTests" time="0.002"/>
  <testcase name="testPublicPersistenceUnitSetter()" classname="org.springframework.orm.jpa.support.PersistenceInjectionTests" time="0.012"/>
  <testcase name="testPropertiesForTransactionalEntityManager()" classname="org.springframework.orm.jpa.support.PersistenceInjectionTests" time="0.003"/>
  <testcase name="testSetterWithNoArgs()" classname="org.springframework.orm.jpa.support.PersistenceInjectionTests" time="0.001"/>
  <testcase name="testPublicExtendedPersistenceContextSetter()" classname="org.springframework.orm.jpa.support.PersistenceInjectionTests" time="0.003"/>
  <testcase name="testPublicPersistenceUnitSetterWithMultipleUnitsIdentifiedThroughUnitName()" classname="org.springframework.orm.jpa.support.PersistenceInjectionTests" time="0.018"/>
  <testcase name="testPersistenceContextsFromJndi()" classname="org.springframework.orm.jpa.support.PersistenceInjectionTests" time="0.002"/>
  <testcase name="testPrivatePersistenceContextField()" classname="org.springframework.orm.jpa.support.PersistenceInjectionTests" time="0.122"/>
  <testcase name="testSetterOfWrongTypeAnnotatedWithPersistenceUnit()" classname="org.springframework.orm.jpa.support.PersistenceInjectionTests" time="0.002"/>
  <testcase name="testInjectionIntoExistingObjects()" classname="org.springframework.orm.jpa.support.PersistenceInjectionTests" time="0.003"/>
  <system-out><![CDATA[]]></system-out>
  <system-err><![CDATA[]]></system-err>
</testsuite>
