<?xml version="1.0" encoding="UTF-8"?>
<testsuite name="org.springframework.orm.jpa.support.PersistenceInjectionIntegrationTests" tests="2" skipped="0" failures="0" errors="0" timestamp="2020-05-29T13:58:21" hostname="bamboo-18" time="2.494">
  <properties/>
  <testcase name="testDefaultPersistenceContextSetterInjection()" classname="org.springframework.orm.jpa.support.PersistenceInjectionIntegrationTests" time="2.481"/>
  <testcase name="testSetterInjectionOfNamedPersistenceContext()" classname="org.springframework.orm.jpa.support.PersistenceInjectionIntegrationTests" time="0.013"/>
  <system-out><![CDATA[[EL Info]: 2020-05-29 13:58:23.353--ServerSession(209226911)--EclipseLink, version: Eclipse Persistence Services - 2.7.6.v20200131-b7c997804f
[EL Warning]: metadata: 2020-05-29 13:58:23.731--ServerSession(209226911)--Reverting the lazy setting on the OneToOne or ManyToOne attribute [driversLicense] for the entity class [class org.springframework.orm.jpa.domain.Person] since weaving was not enabled or did not occur.
[EL Info]: connection: 2020-05-29 13:58:23.788--ServerSession(209226911)--/file:/opt/bamboo-home/xml-data/build-dir/SPR-PUBM1-JOB1/spring-orm/build/classes/java/test/_Person login successful
[EL Fine]: sql: 2020-05-29 13:58:23.834--ServerSession(209226911)--Connection(42357515)--CREATE TABLE PERSON (ID INTEGER NOT NULL, FIRST_NAME VARCHAR(255), LAST_NAME VARCHAR(255), DRIVERS_LICENSE_ID INTEGER, PRIMARY KEY (ID))
[EL Fine]: sql: 2020-05-29 13:58:23.841--ServerSession(209226911)--Connection(325585849)--CREATE TABLE DRIVERS_LICENSE (ID INTEGER NOT NULL, SERIAL_NUMBER VARCHAR(255), PRIMARY KEY (ID))
[EL Fine]: sql: 2020-05-29 13:58:23.842--ServerSession(209226911)--Connection(2023334981)--ALTER TABLE PERSON ADD CONSTRAINT FK_PERSON_DRIVERS_LICENSE_ID FOREIGN KEY (DRIVERS_LICENSE_ID) REFERENCES DRIVERS_LICENSE (ID)
[EL Fine]: sql: 2020-05-29 13:58:23.845--ServerSession(209226911)--Connection(2139091576)--CREATE TABLE SEQUENCE (SEQ_NAME VARCHAR(50) NOT NULL, SEQ_COUNT NUMERIC(38), PRIMARY KEY (SEQ_NAME))
[EL Fine]: sql: 2020-05-29 13:58:23.846--ServerSession(209226911)--Connection(1495474622)--SELECT * FROM SEQUENCE WHERE SEQ_NAME = 'SEQ_GEN'
[EL Fine]: sql: 2020-05-29 13:58:23.847--ServerSession(209226911)--Connection(721175766)--INSERT INTO SEQUENCE(SEQ_NAME, SEQ_COUNT) values ('SEQ_GEN', 0)
[EL Info]: connection: 2020-05-29 13:58:23.985--ServerSession(209226911)--/file:/opt/bamboo-home/xml-data/build-dir/SPR-PUBM1-JOB1/spring-orm/build/classes/java/test/_Person logout successful
]]></system-out>
  <system-err><![CDATA[]]></system-err>
</testsuite>
