<?xml version="1.0" encoding="UTF-8"?>
<testsuite name="org.springframework.orm.jpa.ContainerManagedEntityManagerIntegrationTests" tests="10" skipped="0" failures="0" errors="0" timestamp="2020-05-29T13:58:29" hostname="bamboo-18" time="0.172">
  <properties/>
  <testcase name="testEntityManagerProxyRejectsProgrammaticTxManagement()" classname="org.springframework.orm.jpa.ContainerManagedEntityManagerIntegrationTests" time="0.124"/>
  <testcase name="testContainerEntityManagerProxyAllowsJoinTransactionInTransaction()" classname="org.springframework.orm.jpa.ContainerManagedEntityManagerIntegrationTests" time="0.001"/>
  <testcase name="testExceptionTranslationWithDialectFoundOnIntroducedEntityManagerInfo()" classname="org.springframework.orm.jpa.ContainerManagedEntityManagerIntegrationTests" time="0.001"/>
  <testcase name="testExceptionTranslationWithDialectFoundOnEntityManagerFactoryBean()" classname="org.springframework.orm.jpa.ContainerManagedEntityManagerIntegrationTests" time="0.0"/>
  <testcase name="testCommitOccurs()" classname="org.springframework.orm.jpa.ContainerManagedEntityManagerIntegrationTests" time="0.014"/>
  <testcase name="testContainerEntityManagerProxyRejectsJoinTransactionWithoutTransaction()" classname="org.springframework.orm.jpa.ContainerManagedEntityManagerIntegrationTests" time="0.001"/>
  <testcase name="testEntityManagerProxyIsProxy()" classname="org.springframework.orm.jpa.ContainerManagedEntityManagerIntegrationTests" time="0.002"/>
  <testcase name="testRollbackOccurs()" classname="org.springframework.orm.jpa.ContainerManagedEntityManagerIntegrationTests" time="0.003"/>
  <testcase name="testReuseInNewTransaction()" classname="org.springframework.orm.jpa.ContainerManagedEntityManagerIntegrationTests" time="0.021"/>
  <testcase name="testInstantiateAndSave()" classname="org.springframework.orm.jpa.ContainerManagedEntityManagerIntegrationTests" time="0.003"/>
  <system-out><![CDATA[[EL Info]: 2020-05-29 13:58:29.547--ServerSession(792599067)--EclipseLink, version: Eclipse Persistence Services - 2.7.6.v20200131-b7c997804f
[EL Warning]: metadata: 2020-05-29 13:58:29.548--ServerSession(792599067)--Reverting the lazy setting on the OneToOne or ManyToOne attribute [driversLicense] for the entity class [class org.springframework.orm.jpa.domain.Person] since weaving was not enabled or did not occur.
[EL Info]: connection: 2020-05-29 13:58:29.548--ServerSession(792599067)--/file:/opt/bamboo-home/xml-data/build-dir/SPR-PUBM1-JOB1/spring-orm/build/classes/java/test/_Person login successful
[EL Fine]: sql: 2020-05-29 13:58:29.563--ServerSession(792599067)--Connection(1106342157)--SELECT * FROM SEQUENCE WHERE SEQ_NAME = 'SEQ_GEN'
[EL Fine]: sql: 2020-05-29 13:58:29.579--ClientSession(1883400536)--Connection(103829146)--SELECT COUNT(0) FROM person
[EL Fine]: sql: 2020-05-29 13:58:29.58--ClientSession(1883400536)--Connection(103829146)--UPDATE SEQUENCE SET SEQ_COUNT = SEQ_COUNT + ? WHERE SEQ_NAME = ?
	bind => [50, SEQ_GEN]
[EL Fine]: sql: 2020-05-29 13:58:29.581--ClientSession(1883400536)--Connection(103829146)--SELECT SEQ_COUNT FROM SEQUENCE WHERE SEQ_NAME = ?
	bind => [SEQ_GEN]
[EL Fine]: sql: 2020-05-29 13:58:29.589--ClientSession(1883400536)--Connection(103829146)--INSERT INTO PERSON (ID, FIRST_NAME, LAST_NAME, DRIVERS_LICENSE_ID) VALUES (?, ?, ?, ?)
	bind => [51, Tony, Blair, null]
[EL Fine]: sql: 2020-05-29 13:58:29.59--ClientSession(1883400536)--Connection(103829146)--SELECT COUNT(0) FROM person
[EL Fine]: sql: 2020-05-29 13:58:29.591--ServerSession(792599067)--Connection(1884573138)--SELECT COUNT(0) FROM person
[EL Fine]: sql: 2020-05-29 13:58:29.595--ServerSession(792599067)--Connection(1987733815)--SELECT ID, FIRST_NAME, LAST_NAME, DRIVERS_LICENSE_ID FROM PERSON
[EL Fine]: sql: 2020-05-29 13:58:29.597--ClientSession(94019270)--Connection(1864314124)--SELECT COUNT(0) FROM person
[EL Fine]: sql: 2020-05-29 13:58:29.597--ClientSession(94019270)--Connection(1864314124)--INSERT INTO PERSON (ID, FIRST_NAME, LAST_NAME, DRIVERS_LICENSE_ID) VALUES (?, ?, ?, ?)
	bind => [52, Tony, Blair, null]
[EL Fine]: sql: 2020-05-29 13:58:29.598--ClientSession(94019270)--Connection(1864314124)--SELECT COUNT(0) FROM person
[EL Fine]: sql: 2020-05-29 13:58:29.599--ServerSession(792599067)--Connection(2104319553)--SELECT COUNT(0) FROM person
[EL Fine]: sql: 2020-05-29 13:58:29.6--ClientSession(1962362964)--Connection(604485323)--SELECT COUNT(0) FROM person
[EL Fine]: sql: 2020-05-29 13:58:29.601--ClientSession(1962362964)--Connection(604485323)--INSERT INTO PERSON (ID, FIRST_NAME, LAST_NAME, DRIVERS_LICENSE_ID) VALUES (?, ?, ?, ?)
	bind => [53, Tony, Blair, null]
[EL Fine]: sql: 2020-05-29 13:58:29.609--ClientSession(1962362964)--Connection(604485323)--SELECT COUNT(0) FROM person
[EL Fine]: sql: 2020-05-29 13:58:29.61--ClientSession(2077379195)--Connection(185237253)--SELECT COUNT(0) FROM person
[EL Fine]: sql: 2020-05-29 13:58:29.611--ClientSession(2077379195)--Connection(185237253)--INSERT INTO PERSON (ID, FIRST_NAME, LAST_NAME, DRIVERS_LICENSE_ID) VALUES (?, ?, ?, ?)
	bind => [54, Tony, Blair, null]
[EL Fine]: sql: 2020-05-29 13:58:29.612--ClientSession(2077379195)--Connection(185237253)--SELECT COUNT(0) FROM person
[EL Fine]: sql: 2020-05-29 13:58:29.613--ServerSession(792599067)--Connection(1183937338)--SELECT COUNT(0) FROM person
[EL Fine]: sql: 2020-05-29 13:58:29.621--ClientSession(34226860)--Connection(1944139270)--SELECT COUNT(0) FROM person
[EL Fine]: sql: 2020-05-29 13:58:29.622--ClientSession(34226860)--Connection(1944139270)--INSERT INTO PERSON (ID, FIRST_NAME, LAST_NAME, DRIVERS_LICENSE_ID) VALUES (?, ?, ?, ?)
	bind => [55, Tony, Blair, null]
[EL Fine]: sql: 2020-05-29 13:58:29.623--ClientSession(34226860)--Connection(1944139270)--SELECT COUNT(0) FROM person
[EL Info]: connection: 2020-05-29 13:58:29.624--ServerSession(792599067)--/file:/opt/bamboo-home/xml-data/build-dir/SPR-PUBM1-JOB1/spring-orm/build/classes/java/test/_Person logout successful
]]></system-out>
  <system-err><![CDATA[]]></system-err>
</testsuite>
