<?xml version="1.0" encoding="UTF-8"?>
<testsuite name="org.springframework.orm.jpa.ApplicationManagedEntityManagerIntegrationTests" tests="8" skipped="0" failures="0" errors="0" timestamp="2020-05-29T13:58:28" hostname="bamboo-18" time="0.706">
  <properties/>
  <testcase name="testEntityManagerProxyAcceptsProgrammaticTxJoining()" classname="org.springframework.orm.jpa.ApplicationManagedEntityManagerIntegrationTests" time="0.169"/>
  <testcase name="testStateClean()" classname="org.springframework.orm.jpa.ApplicationManagedEntityManagerIntegrationTests" time="0.002"/>
  <testcase name="testCommitOccurs()" classname="org.springframework.orm.jpa.ApplicationManagedEntityManagerIntegrationTests" time="0.071"/>
  <testcase name="testEntityManagerProxyIsProxy()" classname="org.springframework.orm.jpa.ApplicationManagedEntityManagerIntegrationTests" time="0.361"/>
  <testcase name="testCannotFlushWithoutGettingTransaction()" classname="org.springframework.orm.jpa.ApplicationManagedEntityManagerIntegrationTests" time="0.018"/>
  <testcase name="testRollbackOccurs()" classname="org.springframework.orm.jpa.ApplicationManagedEntityManagerIntegrationTests" time="0.021"/>
  <testcase name="testReuseInNewTransaction()" classname="org.springframework.orm.jpa.ApplicationManagedEntityManagerIntegrationTests" time="0.023"/>
  <testcase name="testInstantiateAndSave()" classname="org.springframework.orm.jpa.ApplicationManagedEntityManagerIntegrationTests" time="0.014"/>
  <system-out><![CDATA[[EL Info]: 2020-05-29 13:58:28.892--ServerSession(2109517186)--EclipseLink, version: Eclipse Persistence Services - 2.7.6.v20200131-b7c997804f
[EL Warning]: metadata: 2020-05-29 13:58:28.896--ServerSession(2109517186)--Reverting the lazy setting on the OneToOne or ManyToOne attribute [driversLicense] for the entity class [class org.springframework.orm.jpa.domain.Person] since weaving was not enabled or did not occur.
[EL Info]: connection: 2020-05-29 13:58:28.897--ServerSession(2109517186)--/file:/opt/bamboo-home/xml-data/build-dir/SPR-PUBM1-JOB1/spring-orm/build/classes/java/test/_Person login successful
[EL Fine]: sql: 2020-05-29 13:58:28.9--ServerSession(2109517186)--Connection(182964196)--SELECT * FROM SEQUENCE WHERE SEQ_NAME = 'SEQ_GEN'
[EL Fine]: sql: 2020-05-29 13:58:28.926--ClientSession(468372154)--Connection(156392851)--UPDATE SEQUENCE SET SEQ_COUNT = SEQ_COUNT + ? WHERE SEQ_NAME = ?
	bind => [50, SEQ_GEN]
[EL Fine]: sql: 2020-05-29 13:58:28.938--ClientSession(468372154)--Connection(156392851)--SELECT SEQ_COUNT FROM SEQUENCE WHERE SEQ_NAME = ?
	bind => [SEQ_GEN]
[EL Fine]: sql: 2020-05-29 13:58:28.962--ClientSession(468372154)--Connection(1263672617)--INSERT INTO PERSON (ID, FIRST_NAME, LAST_NAME, DRIVERS_LICENSE_ID) VALUES (?, ?, ?, ?)
	bind => [1, Tony, Blair, null]
[EL Fine]: sql: 2020-05-29 13:58:28.986--ClientSession(468372154)--Connection(1263672617)--SELECT COUNT(0) FROM person
[EL Fine]: sql: 2020-05-29 13:58:28.994--ServerSession(2109517186)--Connection(890391275)--SELECT COUNT(0) FROM person
[EL Fine]: sql: 2020-05-29 13:58:29.348--ServerSession(2109517186)--Connection(272095716)--SELECT ID, FIRST_NAME, LAST_NAME, DRIVERS_LICENSE_ID FROM PERSON
[EL Fine]: sql: 2020-05-29 13:58:29.39--ClientSession(1103831661)--Connection(409474849)--DELETE FROM PERSON
[EL Fine]: sql: 2020-05-29 13:58:29.403--ClientSession(193481458)--Connection(237337875)--INSERT INTO PERSON (ID, FIRST_NAME, LAST_NAME, DRIVERS_LICENSE_ID) VALUES (?, ?, ?, ?)
	bind => [3, Tony, Blair, null]
[EL Fine]: sql: 2020-05-29 13:58:29.411--ClientSession(193481458)--Connection(237337875)--SELECT COUNT(0) FROM person
[EL Fine]: sql: 2020-05-29 13:58:29.412--ServerSession(2109517186)--Connection(1881554475)--SELECT COUNT(0) FROM person
[EL Fine]: sql: 2020-05-29 13:58:29.414--ClientSession(308925023)--Connection(662995675)--INSERT INTO PERSON (ID, FIRST_NAME, LAST_NAME, DRIVERS_LICENSE_ID) VALUES (?, ?, ?, ?)
	bind => [4, Tony, Blair, null]
[EL Fine]: sql: 2020-05-29 13:58:29.415--ClientSession(308925023)--Connection(662995675)--SELECT COUNT(0) FROM person
[EL Fine]: sql: 2020-05-29 13:58:29.425--ClientSession(1530444896)--Connection(437981912)--INSERT INTO PERSON (ID, FIRST_NAME, LAST_NAME, DRIVERS_LICENSE_ID) VALUES (?, ?, ?, ?)
	bind => [5, Tony, Blair, null]
[EL Fine]: sql: 2020-05-29 13:58:29.426--ClientSession(1530444896)--Connection(437981912)--SELECT COUNT(0) FROM person
[EL Fine]: sql: 2020-05-29 13:58:29.434--ServerSession(2109517186)--Connection(1719488803)--SELECT COUNT(0) FROM person
[EL Fine]: sql: 2020-05-29 13:58:29.434--ClientSession(1530444896)--Connection(1499254893)--DELETE FROM PERSON
[EL Fine]: sql: 2020-05-29 13:58:29.436--ClientSession(1530444896)--Connection(1499254893)--SELECT COUNT(0) FROM person
[EL Fine]: sql: 2020-05-29 13:58:29.442--ClientSession(163642072)--Connection(1669354014)--INSERT INTO PERSON (ID, FIRST_NAME, LAST_NAME, DRIVERS_LICENSE_ID) VALUES (?, ?, ?, ?)
	bind => [6, Tony, Blair, null]
[EL Fine]: sql: 2020-05-29 13:58:29.45--ClientSession(163642072)--Connection(1669354014)--SELECT COUNT(0) FROM person
[EL Info]: connection: 2020-05-29 13:58:29.451--ServerSession(2109517186)--/file:/opt/bamboo-home/xml-data/build-dir/SPR-PUBM1-JOB1/spring-orm/build/classes/java/test/_Person logout successful
]]></system-out>
  <system-err><![CDATA[]]></system-err>
</testsuite>
