<?xml version="1.0" encoding="UTF-8"?>
<testsuite name="org.springframework.orm.jpa.support.PersistenceInjectionIntegrationTests" tests="2" skipped="0" failures="0" errors="0" timestamp="2021-06-20T08:09:42" hostname="gankangdembp" time="0.356">
  <properties/>
  <testcase name="testDefaultPersistenceContextSetterInjection()" classname="org.springframework.orm.jpa.support.PersistenceInjectionIntegrationTests" time="0.329"/>
  <testcase name="testSetterInjectionOfNamedPersistenceContext()" classname="org.springframework.orm.jpa.support.PersistenceInjectionIntegrationTests" time="0.027"/>
  <system-out><![CDATA[[EL Info]: 2021-06-20 16:09:42.804--ServerSession(1918038965)--EclipseLink, version: Eclipse Persistence Services - 2.7.7.v20200504-69f2c2b80d
[EL Warning]: metadata: 2021-06-20 16:09:42.826--ServerSession(1918038965)--Reverting the lazy setting on the OneToOne or ManyToOne attribute [driversLicense] for the entity class [class org.springframework.orm.jpa.domain.Person] since weaving was not enabled or did not occur.
[EL Fine]: sql: 2021-06-20 16:09:42.831--ServerSession(1918038965)--Connection(1819052572)--SELECT * FROM SEQUENCE WHERE SEQ_NAME = 'SEQ_GEN'
]]></system-out>
  <system-err><![CDATA[]]></system-err>
</testsuite>
