<?xml version="1.0" encoding="UTF-8"?>
<testsuite name="org.springframework.beans.SimplePropertyDescriptorTests" tests="3" skipped="0" failures="0" errors="0" timestamp="2020-05-29T13:57:22" hostname="bamboo-18" time="0.011">
  <properties/>
  <testcase name="toStringOutput()" classname="org.springframework.beans.SimplePropertyDescriptorTests" time="0.004"/>
  <testcase name="indexedEquality()" classname="org.springframework.beans.SimplePropertyDescriptorTests" time="0.001"/>
  <testcase name="nonIndexedEquality()" classname="org.springframework.beans.SimplePropertyDescriptorTests" time="0.006"/>
  <system-out><![CDATA[]]></system-out>
  <system-err><![CDATA[]]></system-err>
</testsuite>
