<?xml version="1.0" encoding="UTF-8"?>
<testsuite name="org.springframework.beans.ConcurrentBeanWrapperTests" tests="2" skipped="0" failures="0" errors="0" timestamp="2021-06-20T08:07:10" hostname="gankangdembp" time="0.363">
  <properties/>
  <testcase name="testSingleThread()" classname="org.springframework.beans.ConcurrentBeanWrapperTests" time="0.087"/>
  <testcase name="testConcurrent()" classname="org.springframework.beans.ConcurrentBeanWrapperTests" time="0.275"/>
  <system-out><![CDATA[]]></system-out>
  <system-err><![CDATA[]]></system-err>
</testsuite>
