<?xml version="1.0" encoding="UTF-8"?>
<testsuite name="org.springframework.beans.CachedIntrospectionResultsTests" tests="3" skipped="0" failures="0" errors="0" timestamp="2020-05-29T13:57:23" hostname="bamboo-18" time="0.083">
  <properties/>
  <testcase name="acceptAndClearClassLoader()" classname="org.springframework.beans.CachedIntrospectionResultsTests" time="0.062"/>
  <testcase name="clearClassLoaderForSystemClassLoader()" classname="org.springframework.beans.CachedIntrospectionResultsTests" time="0.018"/>
  <testcase name="shouldUseExtendedBeanInfoWhenApplicable()" classname="org.springframework.beans.CachedIntrospectionResultsTests" time="0.002"/>
  <system-out><![CDATA[]]></system-out>
  <system-err><![CDATA[]]></system-err>
</testsuite>
