<?xml version="1.0" encoding="UTF-8"?>
<testsuite name="org.springframework.beans.factory.config.CustomEditorConfigurerTests" tests="3" skipped="0" failures="0" errors="0" timestamp="2020-05-29T13:57:14" hostname="bamboo-18" time="0.025">
  <properties/>
  <testcase name="testCustomEditorConfigurerWithPropertyEditorRegistrar()" classname="org.springframework.beans.factory.config.CustomEditorConfigurerTests" time="0.023"/>
  <testcase name="testCustomEditorConfigurerWithEditorAsClass()" classname="org.springframework.beans.factory.config.CustomEditorConfigurerTests" time="0.001"/>
  <testcase name="testCustomEditorConfigurerWithRequiredTypeArray()" classname="org.springframework.beans.factory.config.CustomEditorConfigurerTests" time="0.0"/>
  <system-out><![CDATA[]]></system-out>
  <system-err><![CDATA[]]></system-err>
</testsuite>
