<?xml version="1.0" encoding="UTF-8"?>
<testsuite name="org.springframework.beans.factory.config.ServiceLocatorFactoryBeanTests" tests="12" skipped="2" failures="0" errors="0" timestamp="2020-05-29T13:57:14" hostname="bamboo-18" time="0.055">
  <properties/>
  <testcase name="testWhenServiceLocatorExceptionClassIsNotAnExceptionSubclass()" classname="org.springframework.beans.factory.config.ServiceLocatorFactoryBeanTests" time="0.0"/>
  <testcase name="testStringArgGetter()" classname="org.springframework.beans.factory.config.ServiceLocatorFactoryBeanTests" time="0.015"/>
  <testcase name="testWhenServiceLocatorMethodCalledWithTooManyParameters()" classname="org.springframework.beans.factory.config.ServiceLocatorFactoryBeanTests" time="0.006"/>
  <testcase name="testErrorOnTooManyOrTooFew()" classname="org.springframework.beans.factory.config.ServiceLocatorFactoryBeanTests" time="0.002"/>
  <testcase name="testCombinedLocatorInterface()" classname="org.springframework.beans.factory.config.ServiceLocatorFactoryBeanTests" time="0.0">
    <skipped/>
  </testcase>
  <testcase name="testRequiresListableBeanFactoryAndChokesOnAnythingElse()" classname="org.springframework.beans.factory.config.ServiceLocatorFactoryBeanTests" time="0.001"/>
  <testcase name="testServiceMappings()" classname="org.springframework.beans.factory.config.ServiceLocatorFactoryBeanTests" time="0.0">
    <skipped/>
  </testcase>
  <testcase name="testWhenServiceLocatorInterfaceIsNotAnInterfaceType()" classname="org.springframework.beans.factory.config.ServiceLocatorFactoryBeanTests" time="0.0"/>
  <testcase name="testErrorOnTooManyOrTooFewWithCustomServiceLocatorException()" classname="org.springframework.beans.factory.config.ServiceLocatorFactoryBeanTests" time="0.024"/>
  <testcase name="testNoServiceLocatorInterfaceSupplied()" classname="org.springframework.beans.factory.config.ServiceLocatorFactoryBeanTests" time="0.001"/>
  <testcase name="testNoArgGetter()" classname="org.springframework.beans.factory.config.ServiceLocatorFactoryBeanTests" time="0.0"/>
  <testcase name="testWhenServiceLocatorExceptionClassToExceptionTypeWithOnlyNoArgCtor()" classname="org.springframework.beans.factory.config.ServiceLocatorFactoryBeanTests" time="0.003"/>
  <system-out><![CDATA[]]></system-out>
  <system-err><![CDATA[]]></system-err>
</testsuite>
