<?xml version="1.0" encoding="UTF-8"?>
<testsuite name="org.springframework.beans.MutablePropertyValuesTests" tests="8" skipped="0" failures="0" errors="0" timestamp="2021-06-20T08:07:10" hostname="gankangdembp" time="0.006">
  <properties/>
  <testcase name="testAddOrOverride()" classname="org.springframework.beans.MutablePropertyValuesTests" time="0.0"/>
  <testcase name="streamContainsPropertyValue()" classname="org.springframework.beans.MutablePropertyValuesTests" time="0.004"/>
  <testcase name="testValid()" classname="org.springframework.beans.MutablePropertyValuesTests" time="0.0"/>
  <testcase name="iteratorIsEmptyForEmptyValues()" classname="org.springframework.beans.MutablePropertyValuesTests" time="0.0"/>
  <testcase name="iteratorContainsPropertyValue()" classname="org.springframework.beans.MutablePropertyValuesTests" time="0.001"/>
  <testcase name="streamIsEmptyForEmptyValues()" classname="org.springframework.beans.MutablePropertyValuesTests" time="0.0"/>
  <testcase name="testChangesOnEquals()" classname="org.springframework.beans.MutablePropertyValuesTests" time="0.0"/>
  <testcase name="testChangeOfOneField()" classname="org.springframework.beans.MutablePropertyValuesTests" time="0.0"/>
  <system-out><![CDATA[]]></system-out>
  <system-err><![CDATA[]]></system-err>
</testsuite>
