<?xml version="1.0" encoding="UTF-8"?>
<testsuite name="org.springframework.beans.factory.xml.EventPublicationTests" tests="4" skipped="0" failures="0" errors="0" timestamp="2021-06-20T08:07:14" hostname="gankangdembp" time="0.012">
  <properties/>
  <testcase name="beanEventReceived()" classname="org.springframework.beans.factory.xml.EventPublicationTests" time="0.004"/>
  <testcase name="importEventReceived()" classname="org.springframework.beans.factory.xml.EventPublicationTests" time="0.003"/>
  <testcase name="aliasEventReceived()" classname="org.springframework.beans.factory.xml.EventPublicationTests" time="0.002"/>
  <testcase name="defaultsEventReceived()" classname="org.springframework.beans.factory.xml.EventPublicationTests" time="0.003"/>
  <system-out><![CDATA[]]></system-out>
  <system-err><![CDATA[]]></system-err>
</testsuite>
