<?xml version="1.0" encoding="UTF-8"?>
<testsuite name="org.springframework.beans.factory.BeanFactoryExtensionsTests" tests="4" skipped="0" failures="0" errors="0" timestamp="2020-05-29T13:57:27" hostname="bamboo-18" time="3.136">
  <properties/>
  <testcase name="getBean with reified type parameters and varargs()" classname="org.springframework.beans.factory.BeanFactoryExtensionsTests" time="2.716"/>
  <testcase name="getBean with reified type parameters()" classname="org.springframework.beans.factory.BeanFactoryExtensionsTests" time="0.013"/>
  <testcase name="getBean with String and reified type parameters()" classname="org.springframework.beans.factory.BeanFactoryExtensionsTests" time="0.006"/>
  <testcase name="getBeanProvider with reified type parameters()" classname="org.springframework.beans.factory.BeanFactoryExtensionsTests" time="0.374"/>
  <system-out><![CDATA[]]></system-out>
  <system-err><![CDATA[]]></system-err>
</testsuite>
