<?xml version="1.0" encoding="UTF-8"?>
<testsuite name="org.springframework.beans.KotlinBeanUtilsTests" tests="9" skipped="0" failures="0" errors="0" timestamp="2021-06-20T08:07:14" hostname="gankangdembp" time="1.017">
  <properties/>
  <testcase name="Instantiate class with protected constructor()" classname="org.springframework.beans.KotlinBeanUtilsTests" time="0.908"/>
  <testcase name="Instantiate private class()" classname="org.springframework.beans.KotlinBeanUtilsTests" time="0.001"/>
  <testcase name="Instantiate immutable class with optional parameter and all parameters specified()" classname="org.springframework.beans.KotlinBeanUtilsTests" time="0.097"/>
  <testcase name="Instantiate class with private constructor()" classname="org.springframework.beans.KotlinBeanUtilsTests" time="0.0"/>
  <testcase name="Instantiate immutable class with optional parameter and only mandatory parameters specified by position()" classname="org.springframework.beans.KotlinBeanUtilsTests" time="0.004"/>
  <testcase name="Instantiate immutable class with optional parameter specified with null value()" classname="org.springframework.beans.KotlinBeanUtilsTests" time="0.0"/>
  <testcase name="Instantiate mutable class with declared constructor and default values for all parameters()" classname="org.springframework.beans.KotlinBeanUtilsTests" time="0.001"/>
  <testcase name="Instantiate immutable class()" classname="org.springframework.beans.KotlinBeanUtilsTests" time="0.001"/>
  <testcase name="Instantiate immutable class with nullable parameter()" classname="org.springframework.beans.KotlinBeanUtilsTests" time="0.003"/>
  <system-out><![CDATA[]]></system-out>
  <system-err><![CDATA[]]></system-err>
</testsuite>
