<?xml version="1.0" encoding="UTF-8"?>
<testsuite name="org.springframework.beans.factory.xml.SimplePropertyNamespaceHandlerTests" tests="4" skipped="0" failures="0" errors="0" timestamp="2020-05-29T13:57:21" hostname="bamboo-18" time="0.048">
  <properties/>
  <testcase name="simpleBeanConfigured()" classname="org.springframework.beans.factory.xml.SimplePropertyNamespaceHandlerTests" time="0.019"/>
  <testcase name="propertyWithNameEndingInRef()" classname="org.springframework.beans.factory.xml.SimplePropertyNamespaceHandlerTests" time="0.011"/>
  <testcase name="withPropertyDefinedTwice()" classname="org.springframework.beans.factory.xml.SimplePropertyNamespaceHandlerTests" time="0.013"/>
  <testcase name="innerBeanConfigured()" classname="org.springframework.beans.factory.xml.SimplePropertyNamespaceHandlerTests" time="0.005"/>
  <system-out><![CDATA[]]></system-out>
  <system-err><![CDATA[]]></system-err>
</testsuite>
