<?xml version="1.0" encoding="UTF-8"?>
<testsuite name="org.springframework.beans.factory.xml.AutowireWithExclusionTests" tests="10" skipped="0" failures="0" errors="0" timestamp="2021-06-20T08:07:14" hostname="gankangdembp" time="0.041">
  <properties/>
  <testcase name="byTypeAutowireWithInclusion()" classname="org.springframework.beans.factory.xml.AutowireWithExclusionTests" time="0.007"/>
  <testcase name="byTypeAutowireWithAutoSelfExclusion()" classname="org.springframework.beans.factory.xml.AutowireWithExclusionTests" time="0.003"/>
  <testcase name="byTypeAutowireWithPrimaryOverridingParentFactory()" classname="org.springframework.beans.factory.xml.AutowireWithExclusionTests" time="0.004"/>
  <testcase name="constructorAutowireWithAutoSelfExclusion()" classname="org.springframework.beans.factory.xml.AutowireWithExclusionTests" time="0.003"/>
  <testcase name="constructorAutowireWithExclusion()" classname="org.springframework.beans.factory.xml.AutowireWithExclusionTests" time="0.001"/>
  <testcase name="byTypeAutowireWithExclusionInParentFactory()" classname="org.springframework.beans.factory.xml.AutowireWithExclusionTests" time="0.005"/>
  <testcase name="byTypeAutowireWithPrimaryInParentAndChild()" classname="org.springframework.beans.factory.xml.AutowireWithExclusionTests" time="0.004"/>
  <testcase name="byTypeAutowireWithPrimaryInParentFactory()" classname="org.springframework.beans.factory.xml.AutowireWithExclusionTests" time="0.004"/>
  <testcase name="byTypeAutowireWithExclusion()" classname="org.springframework.beans.factory.xml.AutowireWithExclusionTests" time="0.004"/>
  <testcase name="byTypeAutowireWithSelectiveInclusion()" classname="org.springframework.beans.factory.xml.AutowireWithExclusionTests" time="0.005"/>
  <system-out><![CDATA[]]></system-out>
  <system-err><![CDATA[]]></system-err>
</testsuite>
