<?xml version="1.0" encoding="UTF-8"?>
<testsuite name="org.springframework.beans.factory.xml.AutowireWithExclusionTests" tests="10" skipped="0" failures="0" errors="0" timestamp="2020-05-29T13:57:19" hostname="bamboo-18" time="0.181">
  <properties/>
  <testcase name="byTypeAutowireWithInclusion()" classname="org.springframework.beans.factory.xml.AutowireWithExclusionTests" time="0.05"/>
  <testcase name="byTypeAutowireWithAutoSelfExclusion()" classname="org.springframework.beans.factory.xml.AutowireWithExclusionTests" time="0.027"/>
  <testcase name="byTypeAutowireWithPrimaryOverridingParentFactory()" classname="org.springframework.beans.factory.xml.AutowireWithExclusionTests" time="0.007"/>
  <testcase name="constructorAutowireWithAutoSelfExclusion()" classname="org.springframework.beans.factory.xml.AutowireWithExclusionTests" time="0.016"/>
  <testcase name="constructorAutowireWithExclusion()" classname="org.springframework.beans.factory.xml.AutowireWithExclusionTests" time="0.004"/>
  <testcase name="byTypeAutowireWithExclusionInParentFactory()" classname="org.springframework.beans.factory.xml.AutowireWithExclusionTests" time="0.006"/>
  <testcase name="byTypeAutowireWithPrimaryInParentAndChild()" classname="org.springframework.beans.factory.xml.AutowireWithExclusionTests" time="0.022"/>
  <testcase name="byTypeAutowireWithPrimaryInParentFactory()" classname="org.springframework.beans.factory.xml.AutowireWithExclusionTests" time="0.008"/>
  <testcase name="byTypeAutowireWithExclusion()" classname="org.springframework.beans.factory.xml.AutowireWithExclusionTests" time="0.004"/>
  <testcase name="byTypeAutowireWithSelectiveInclusion()" classname="org.springframework.beans.factory.xml.AutowireWithExclusionTests" time="0.018"/>
  <system-out><![CDATA[]]></system-out>
  <system-err><![CDATA[]]></system-err>
</testsuite>
