<?xml version="1.0" encoding="UTF-8"?>
<testsuite name="org.springframework.beans.factory.ListableBeanFactoryExtensionsTests" tests="9" skipped="0" failures="0" errors="0" timestamp="2021-06-20T08:07:17" hostname="gankangdembp" time="0.199">
  <properties/>
  <testcase name="findAnnotationOnBean with String and reified type parameters()" classname="org.springframework.beans.factory.ListableBeanFactoryExtensionsTests" time="0.103"/>
  <testcase name="getBeansOfType with reified type parameters and Boolean()" classname="org.springframework.beans.factory.ListableBeanFactoryExtensionsTests" time="0.013"/>
  <testcase name="getBeansOfType with reified type parameters()" classname="org.springframework.beans.factory.ListableBeanFactoryExtensionsTests" time="0.011"/>
  <testcase name="getBeansOfType with reified type parameters, Boolean and Boolean()" classname="org.springframework.beans.factory.ListableBeanFactoryExtensionsTests" time="0.012"/>
  <testcase name="getBeansWithAnnotation with reified type parameters()" classname="org.springframework.beans.factory.ListableBeanFactoryExtensionsTests" time="0.004"/>
  <testcase name="getBeanNamesForAnnotation with reified type parameters()" classname="org.springframework.beans.factory.ListableBeanFactoryExtensionsTests" time="0.004"/>
  <testcase name="getBeanNamesForType with reified type parameters()" classname="org.springframework.beans.factory.ListableBeanFactoryExtensionsTests" time="0.014"/>
  <testcase name="getBeanNamesForType with reified type parameters, Boolean and Boolean()" classname="org.springframework.beans.factory.ListableBeanFactoryExtensionsTests" time="0.015"/>
  <testcase name="getBeanNamesForType with reified type parameters and Boolean()" classname="org.springframework.beans.factory.ListableBeanFactoryExtensionsTests" time="0.014"/>
  <system-out><![CDATA[]]></system-out>
  <system-err><![CDATA[]]></system-err>
</testsuite>
