<?xml version="1.0" encoding="UTF-8"?>
<testsuite name="org.springframework.beans.factory.support.security.CallbacksSecurityTests" tests="15" skipped="0" failures="0" errors="0" timestamp="2020-05-29T13:57:14" hostname="bamboo-18" time="0.383">
  <properties/>
  <testcase name="testSecuritySanity()" classname="org.springframework.beans.factory.support.security.CallbacksSecurityTests" time="0.057"/>
  <testcase name="testSpringDestroyBean()" classname="org.springframework.beans.factory.support.security.CallbacksSecurityTests" time="0.032"/>
  <testcase name="testCustomFactoryType()" classname="org.springframework.beans.factory.support.security.CallbacksSecurityTests" time="0.02"/>
  <testcase name="testTrustedFactoryMethod()" classname="org.springframework.beans.factory.support.security.CallbacksSecurityTests" time="0.025"/>
  <testcase name="testCustomStaticFactoryMethod()" classname="org.springframework.beans.factory.support.security.CallbacksSecurityTests" time="0.018"/>
  <testcase name="testCustomInstanceFactoryMethod()" classname="org.springframework.beans.factory.support.security.CallbacksSecurityTests" time="0.011"/>
  <testcase name="testSpringInitBean()" classname="org.springframework.beans.factory.support.security.CallbacksSecurityTests" time="0.014"/>
  <testcase name="testContainerPrivileges()" classname="org.springframework.beans.factory.support.security.CallbacksSecurityTests" time="0.018"/>
  <testcase name="testPropertyInjection()" classname="org.springframework.beans.factory.support.security.CallbacksSecurityTests" time="0.022"/>
  <testcase name="testCustomFactoryObject()" classname="org.springframework.beans.factory.support.security.CallbacksSecurityTests" time="0.032"/>
  <testcase name="testCustomDestroyBean()" classname="org.springframework.beans.factory.support.security.CallbacksSecurityTests" time="0.007"/>
  <testcase name="testCustomInitBean()" classname="org.springframework.beans.factory.support.security.CallbacksSecurityTests" time="0.008"/>
  <testcase name="testTrustedExecution()" classname="org.springframework.beans.factory.support.security.CallbacksSecurityTests" time="0.021"/>
  <testcase name="testInitSecurityAwarePrototypeBean()" classname="org.springframework.beans.factory.support.security.CallbacksSecurityTests" time="0.019"/>
  <testcase name="testConstructor()" classname="org.springframework.beans.factory.support.security.CallbacksSecurityTests" time="0.008"/>
  <system-out><![CDATA[13:57:14.603 [Test worker] WARN  o.s.b.f.s.DisposableBeanAdapter - Invocation of destroy method failed on bean with name 'spring-destroy': java.security.AccessControlException: access denied ("java.util.PropertyPermission" "security.destroy" "write")
13:57:14.821 [Test worker] WARN  o.s.b.f.s.DisposableBeanAdapter - Destroy method 'destroy' on bean with name 'custom-destroy' threw an exception: java.security.AccessControlException: access denied ("java.util.PropertyPermission" "security.destroy" "write")
]]></system-out>
  <system-err><![CDATA[]]></system-err>
</testsuite>
