<?xml version="1.0" encoding="UTF-8"?>
<testsuite name="org.springframework.beans.factory.config.ObjectFactoryCreatingFactoryBeanTests" tests="9" skipped="0" failures="0" errors="0" timestamp="2020-05-29T13:57:12" hostname="bamboo-18" time="1.087">
  <properties/>
  <testcase name="testWhenTargetBeanNameIsEmptyString()" classname="org.springframework.beans.factory.config.ObjectFactoryCreatingFactoryBeanTests" time="0.01"/>
  <testcase name="testWhenTargetBeanNameIsNull()" classname="org.springframework.beans.factory.config.ObjectFactoryCreatingFactoryBeanTests" time="0.006"/>
  <testcase name="testFactoryOperation()" classname="org.springframework.beans.factory.config.ObjectFactoryCreatingFactoryBeanTests" time="0.033"/>
  <testcase name="testProviderSerialization()" classname="org.springframework.beans.factory.config.ObjectFactoryCreatingFactoryBeanTests" time="0.032"/>
  <testcase name="testDoesNotComplainWhenTargetBeanNameRefersToSingleton()" classname="org.springframework.beans.factory.config.ObjectFactoryCreatingFactoryBeanTests" time="0.947"/>
  <testcase name="testWhenTargetBeanNameIsWhitespacedString()" classname="org.springframework.beans.factory.config.ObjectFactoryCreatingFactoryBeanTests" time="0.008"/>
  <testcase name="testFactorySerialization()" classname="org.springframework.beans.factory.config.ObjectFactoryCreatingFactoryBeanTests" time="0.025"/>
  <testcase name="testEnsureOFBFBReportsThatItActuallyCreatesObjectFactoryInstances()" classname="org.springframework.beans.factory.config.ObjectFactoryCreatingFactoryBeanTests" time="0.008"/>
  <testcase name="testProviderOperation()" classname="org.springframework.beans.factory.config.ObjectFactoryCreatingFactoryBeanTests" time="0.008"/>
  <system-out><![CDATA[]]></system-out>
  <system-err><![CDATA[]]></system-err>
</testsuite>
