<?xml version="1.0" encoding="UTF-8"?>
<testsuite name="org.springframework.beans.factory.config.YamlMapFactoryBeanTests" tests="8" skipped="0" failures="0" errors="0" timestamp="2020-05-29T13:57:12" hostname="bamboo-18" time="0.142">
  <properties/>
  <testcase name="testMapWithIntegerValue()" classname="org.springframework.beans.factory.config.YamlMapFactoryBeanTests" time="0.082"/>
  <testcase name="testFirstFound()" classname="org.springframework.beans.factory.config.YamlMapFactoryBeanTests" time="0.026"/>
  <testcase name="testSetBarfOnResourceNotFound()" classname="org.springframework.beans.factory.config.YamlMapFactoryBeanTests" time="0.016"/>
  <testcase name="testMapWithPeriodsInKey()" classname="org.springframework.beans.factory.config.YamlMapFactoryBeanTests" time="0.001"/>
  <testcase name="testOverrideAndRemoveDefaults()" classname="org.springframework.beans.factory.config.YamlMapFactoryBeanTests" time="0.008"/>
  <testcase name="testGetObject()" classname="org.springframework.beans.factory.config.YamlMapFactoryBeanTests" time="0.001"/>
  <testcase name="testDuplicateKey()" classname="org.springframework.beans.factory.config.YamlMapFactoryBeanTests" time="0.002"/>
  <testcase name="testSetIgnoreResourceNotFound()" classname="org.springframework.beans.factory.config.YamlMapFactoryBeanTests" time="0.003"/>
  <system-out><![CDATA[13:57:12.683 [Test worker] WARN  o.s.b.f.c.YamlMapFactoryBean - Could not load map from non-existent: planned
13:57:12.736 [Test worker] WARN  o.s.b.f.c.YamlMapFactoryBean - Could not load map from file [/opt/bamboo-home/xml-data/build-dir/SPR-PUBM1-JOB1/spring-beans/non-exsitent-file.yml]: non-exsitent-file.yml
]]></system-out>
  <system-err><![CDATA[]]></system-err>
</testsuite>
