<?xml version="1.0" encoding="UTF-8"?>
<testsuite name="org.springframework.beans.CachedIntrospectionResultsTests" tests="3" skipped="0" failures="0" errors="0" timestamp="2021-06-20T08:07:09" hostname="gankangdembp" time="0.046">
  <properties/>
  <testcase name="acceptAndClearClassLoader()" classname="org.springframework.beans.CachedIntrospectionResultsTests" time="0.035"/>
  <testcase name="clearClassLoaderForSystemClassLoader()" classname="org.springframework.beans.CachedIntrospectionResultsTests" time="0.007"/>
  <testcase name="shouldUseExtendedBeanInfoWhenApplicable()" classname="org.springframework.beans.CachedIntrospectionResultsTests" time="0.003"/>
  <system-out><![CDATA[]]></system-out>
  <system-err><![CDATA[]]></system-err>
</testsuite>
