<?xml version="1.0" encoding="UTF-8"?>
<testsuite name="org.springframework.beans.factory.xml.NestedBeansElementTests" tests="2" skipped="0" failures="0" errors="0" timestamp="2020-05-29T13:57:19" hostname="bamboo-18" time="0.046">
  <properties/>
  <testcase name="getBean_withActiveProfile()" classname="org.springframework.beans.factory.xml.NestedBeansElementTests" time="0.027"/>
  <testcase name="getBean_withoutActiveProfile()" classname="org.springframework.beans.factory.xml.NestedBeansElementTests" time="0.015"/>
  <system-out><![CDATA[]]></system-out>
  <system-err><![CDATA[]]></system-err>
</testsuite>
