<?xml version="1.0" encoding="UTF-8"?>
<testsuite name="org.springframework.beans.factory.config.ObjectFactoryCreatingFactoryBeanTests" tests="9" skipped="0" failures="0" errors="0" timestamp="2021-06-20T08:07:12" hostname="gankangdembp" time="0.085">
  <properties/>
  <testcase name="testWhenTargetBeanNameIsEmptyString()" classname="org.springframework.beans.factory.config.ObjectFactoryCreatingFactoryBeanTests" time="0.006"/>
  <testcase name="testWhenTargetBeanNameIsNull()" classname="org.springframework.beans.factory.config.ObjectFactoryCreatingFactoryBeanTests" time="0.002"/>
  <testcase name="testFactoryOperation()" classname="org.springframework.beans.factory.config.ObjectFactoryCreatingFactoryBeanTests" time="0.008"/>
  <testcase name="testProviderSerialization()" classname="org.springframework.beans.factory.config.ObjectFactoryCreatingFactoryBeanTests" time="0.009"/>
  <testcase name="testDoesNotComplainWhenTargetBeanNameRefersToSingleton()" classname="org.springframework.beans.factory.config.ObjectFactoryCreatingFactoryBeanTests" time="0.05"/>
  <testcase name="testWhenTargetBeanNameIsWhitespacedString()" classname="org.springframework.beans.factory.config.ObjectFactoryCreatingFactoryBeanTests" time="0.002"/>
  <testcase name="testFactorySerialization()" classname="org.springframework.beans.factory.config.ObjectFactoryCreatingFactoryBeanTests" time="0.003"/>
  <testcase name="testEnsureOFBFBReportsThatItActuallyCreatesObjectFactoryInstances()" classname="org.springframework.beans.factory.config.ObjectFactoryCreatingFactoryBeanTests" time="0.002"/>
  <testcase name="testProviderOperation()" classname="org.springframework.beans.factory.config.ObjectFactoryCreatingFactoryBeanTests" time="0.002"/>
  <system-out><![CDATA[]]></system-out>
  <system-err><![CDATA[]]></system-err>
</testsuite>
