<?xml version="1.0" encoding="UTF-8"?>
<testsuite name="org.springframework.beans.support.PropertyComparatorTests" tests="4" skipped="0" failures="0" errors="0" timestamp="2020-05-29T13:57:09" hostname="bamboo-18" time="0.023">
  <properties/>
  <testcase name="testPropertyComparatorNulls()" classname="org.springframework.beans.support.PropertyComparatorTests" time="0.002"/>
  <testcase name="testChainedComparatorsReversed()" classname="org.springframework.beans.support.PropertyComparatorTests" time="0.001"/>
  <testcase name="testPropertyComparator()" classname="org.springframework.beans.support.PropertyComparatorTests" time="0.0"/>
  <testcase name="testChainedComparators()" classname="org.springframework.beans.support.PropertyComparatorTests" time="0.005"/>
  <system-out><![CDATA[]]></system-out>
  <system-err><![CDATA[]]></system-err>
</testsuite>
