<?xml version="1.0" encoding="UTF-8"?>
<testsuite name="org.springframework.beans.factory.xml.ProfileXmlBeanDefinitionTests" tests="4" skipped="0" failures="0" errors="0" timestamp="2020-05-29T13:57:19" hostname="bamboo-18" time="0.571">
  <properties/>
  <testcase name="testDefaultAndNonDefaultProfile()" classname="org.springframework.beans.factory.xml.ProfileXmlBeanDefinitionTests" time="0.084"/>
  <testcase name="testDefaultProfile()" classname="org.springframework.beans.factory.xml.ProfileXmlBeanDefinitionTests" time="0.02"/>
  <testcase name="testProfilePermutations()" classname="org.springframework.beans.factory.xml.ProfileXmlBeanDefinitionTests" time="0.462"/>
  <testcase name="testProfileValidation()" classname="org.springframework.beans.factory.xml.ProfileXmlBeanDefinitionTests" time="0.0"/>
  <system-out><![CDATA[]]></system-out>
  <system-err><![CDATA[]]></system-err>
</testsuite>
