<?xml version="1.0" encoding="UTF-8"?>
<testsuite name="org.springframework.beans.factory.config.SimpleScopeTests" tests="1" skipped="0" failures="0" errors="0" timestamp="2021-06-20T08:07:12" hostname="gankangdembp" time="0.006">
  <properties/>
  <testcase name="testCanGetScopedObject()" classname="org.springframework.beans.factory.config.SimpleScopeTests" time="0.006"/>
  <system-out><![CDATA[]]></system-out>
  <system-err><![CDATA[]]></system-err>
</testsuite>
