<?xml version="1.0" encoding="UTF-8"?>
<testsuite name="org.springframework.beans.factory.BeanFactoryExtensionsTests" tests="4" skipped="0" failures="0" errors="0" timestamp="2021-06-20T08:07:16" hostname="gankangdembp" time="1.233">
  <properties/>
  <testcase name="getBean with reified type parameters and varargs()" classname="org.springframework.beans.factory.BeanFactoryExtensionsTests" time="1.059"/>
  <testcase name="getBean with reified type parameters()" classname="org.springframework.beans.factory.BeanFactoryExtensionsTests" time="0.005"/>
  <testcase name="getBean with String and reified type parameters()" classname="org.springframework.beans.factory.BeanFactoryExtensionsTests" time="0.004"/>
  <testcase name="getBeanProvider with reified type parameters()" classname="org.springframework.beans.factory.BeanFactoryExtensionsTests" time="0.157"/>
  <system-out><![CDATA[]]></system-out>
  <system-err><![CDATA[]]></system-err>
</testsuite>
