<?xml version="1.0" encoding="UTF-8"?>
<testsuite name="org.springframework.beans.factory.config.CustomScopeConfigurerTests" tests="7" skipped="0" failures="0" errors="0" timestamp="2020-05-29T13:57:14" hostname="bamboo-18" time="0.051">
  <properties/>
  <testcase name="testSunnyDayWithBonaFideScopeClass()" classname="org.springframework.beans.factory.config.CustomScopeConfigurerTests" time="0.009"/>
  <testcase name="testWhereScopeMapHasNonStringTypedScopeNameInKeySet()" classname="org.springframework.beans.factory.config.CustomScopeConfigurerTests" time="0.0"/>
  <testcase name="testWithNoScopes()" classname="org.springframework.beans.factory.config.CustomScopeConfigurerTests" time="0.0"/>
  <testcase name="testSunnyDayWithBonaFideScopeClassName()" classname="org.springframework.beans.factory.config.CustomScopeConfigurerTests" time="0.0"/>
  <testcase name="testWhereScopeMapHasNonScopeInstanceInEntrySet()" classname="org.springframework.beans.factory.config.CustomScopeConfigurerTests" time="0.001"/>
  <testcase name="testSunnyDayWithBonaFideScopeInstance()" classname="org.springframework.beans.factory.config.CustomScopeConfigurerTests" time="0.036"/>
  <testcase name="testWhereScopeMapHasNullScopeValueInEntrySet()" classname="org.springframework.beans.factory.config.CustomScopeConfigurerTests" time="0.002"/>
  <system-out><![CDATA[]]></system-out>
  <system-err><![CDATA[]]></system-err>
</testsuite>
