<?xml version="1.0" encoding="UTF-8"?>
<testsuite name="org.springframework.beans.factory.annotation.LookupAnnotationTests" tests="6" skipped="0" failures="0" errors="0" timestamp="2020-05-29T13:57:15" hostname="bamboo-18" time="0.112">
  <properties/>
  <testcase name="testWithoutConstructorArg()" classname="org.springframework.beans.factory.annotation.LookupAnnotationTests" time="0.047"/>
  <testcase name="testWithOverloadedArg()" classname="org.springframework.beans.factory.annotation.LookupAnnotationTests" time="0.006"/>
  <testcase name="testWithThreeArgsShouldFail()" classname="org.springframework.beans.factory.annotation.LookupAnnotationTests" time="0.013"/>
  <testcase name="testWithEarlyInjection()" classname="org.springframework.beans.factory.annotation.LookupAnnotationTests" time="0.003"/>
  <testcase name="testWithOneConstructorArg()" classname="org.springframework.beans.factory.annotation.LookupAnnotationTests" time="0.007"/>
  <testcase name="testWithTwoConstructorArg()" classname="org.springframework.beans.factory.annotation.LookupAnnotationTests" time="0.012"/>
  <system-out><![CDATA[]]></system-out>
  <system-err><![CDATA[]]></system-err>
</testsuite>
