<?xml version="1.0" encoding="UTF-8"?>
<testsuite name="org.springframework.beans.factory.wiring.ClassNameBeanWiringInfoResolverTests" tests="2" skipped="0" failures="0" errors="0" timestamp="2020-05-29T13:57:17" hostname="bamboo-18" time="0.007">
  <properties/>
  <testcase name="resolveWiringInfo()" classname="org.springframework.beans.factory.wiring.ClassNameBeanWiringInfoResolverTests" time="0.001"/>
  <testcase name="resolveWiringInfoWithNullBeanInstance()" classname="org.springframework.beans.factory.wiring.ClassNameBeanWiringInfoResolverTests" time="0.003"/>
  <system-out><![CDATA[]]></system-out>
  <system-err><![CDATA[]]></system-err>
</testsuite>
