<?xml version="1.0" encoding="UTF-8"?>
<testsuite name="org.springframework.beans.ConcurrentBeanWrapperTests" tests="2" skipped="0" failures="0" errors="0" timestamp="2020-05-29T13:57:09" hostname="bamboo-18" time="1.118">
  <properties/>
  <testcase name="testSingleThread()" classname="org.springframework.beans.ConcurrentBeanWrapperTests" time="0.456"/>
  <testcase name="testConcurrent()" classname="org.springframework.beans.ConcurrentBeanWrapperTests" time="0.661"/>
  <system-out><![CDATA[]]></system-out>
  <system-err><![CDATA[]]></system-err>
</testsuite>
