<?xml version="1.0" encoding="UTF-8"?>
<testsuite name="org.springframework.beans.factory.parsing.NullSourceExtractorTests" tests="2" skipped="0" failures="0" errors="0" timestamp="2020-05-29T13:57:17" hostname="bamboo-18" time="0.003">
  <properties/>
  <testcase name="testPassThroughContractEvenWithNull()" classname="org.springframework.beans.factory.parsing.NullSourceExtractorTests" time="0.001"/>
  <testcase name="testPassThroughContract()" classname="org.springframework.beans.factory.parsing.NullSourceExtractorTests" time="0.0"/>
  <system-out><![CDATA[]]></system-out>
  <system-err><![CDATA[]]></system-err>
</testsuite>
