<?xml version="1.0" encoding="UTF-8"?>
<testsuite name="org.springframework.test.context.testng.AnnotationConfigTransactionalTestNGSpringContextTests" tests="2" skipped="0" failures="0" errors="0" timestamp="2020-05-29T14:00:02" hostname="bamboo-18" time="0.043">
  <properties/>
  <testcase name="autowiringFromConfigClass" classname="org.springframework.test.context.testng.AnnotationConfigTransactionalTestNGSpringContextTests" time="0.003"/>
  <testcase name="modifyTestDataWithinTransaction" classname="org.springframework.test.context.testng.AnnotationConfigTransactionalTestNGSpringContextTests" time="0.004"/>
  <system-out><![CDATA[]]></system-out>
  <system-err><![CDATA[]]></system-err>
</testsuite>
