<?xml version="1.0" encoding="UTF-8"?>
<testsuite name="org.springframework.test.context.testng.AnnotationConfigTestNGSpringContextTests" tests="1" skipped="0" failures="0" errors="0" timestamp="2020-05-29T13:59:59" hostname="bamboo-18" time="0.08">
  <properties/>
  <testcase name="autowiringFromConfigClass" classname="org.springframework.test.context.testng.AnnotationConfigTestNGSpringContextTests" time="0.08"/>
  <system-out><![CDATA[]]></system-out>
  <system-err><![CDATA[]]></system-err>
</testsuite>
