<?xml version="1.0" encoding="UTF-8"?>
<testsuite name="org.springframework.test.context.testng.web.TestNGSpringContextWebTests" tests="2" skipped="0" failures="0" errors="0" timestamp="2020-05-29T14:00:02" hostname="bamboo-18" time="0.003">
  <properties/>
  <testcase name="basicWacFeatures" classname="org.springframework.test.context.testng.web.TestNGSpringContextWebTests" time="0.002"/>
  <testcase name="fooEnigmaAutowired" classname="org.springframework.test.context.testng.web.TestNGSpringContextWebTests" time="0.0"/>
  <system-out><![CDATA[]]></system-out>
  <system-err><![CDATA[]]></system-err>
</testsuite>
