<?xml version="1.0" encoding="UTF-8"?>
<testsuite name="org.springframework.test.context.testng.DirtiesContextTransactionalTestNGSpringContextTests" tests="3" skipped="0" failures="0" errors="0" timestamp="2021-06-20T08:13:32" hostname="gankangdembp" time="0.67">
  <properties/>
  <testcase name="dirtyContext" classname="org.springframework.test.context.testng.DirtiesContextTransactionalTestNGSpringContextTests" time="0.0"/>
  <testcase name="verifyContextWasDirtied" classname="org.springframework.test.context.testng.DirtiesContextTransactionalTestNGSpringContextTests" time="0.001"/>
  <testcase name="verifyContextWasNotDirtied" classname="org.springframework.test.context.testng.DirtiesContextTransactionalTestNGSpringContextTests" time="0.0"/>
  <system-out><![CDATA[]]></system-out>
  <system-err><![CDATA[]]></system-err>
</testsuite>
