<?xml version="1.0" encoding="UTF-8"?>
<testsuite name="org.springframework.test.context.testng.web.ServletTestExecutionListenerTestNGIntegrationTests" tests="2" skipped="0" failures="0" errors="0" timestamp="2021-06-20T08:13:32" hostname="gankangdembp" time="0.003">
  <properties/>
  <testcase name="ensureMocksAreReinjectedBetweenTests_1" classname="org.springframework.test.context.testng.web.ServletTestExecutionListenerTestNGIntegrationTests" time="0.001"/>
  <testcase name="ensureMocksAreReinjectedBetweenTests_2" classname="org.springframework.test.context.testng.web.ServletTestExecutionListenerTestNGIntegrationTests" time="0.001"/>
  <system-out><![CDATA[]]></system-out>
  <system-err><![CDATA[]]></system-err>
</testsuite>
