<?xml version="1.0" encoding="UTF-8"?>
<testsuite name="org.springframework.test.context.web.BasicGroovyWacTests" tests="2" skipped="0" failures="0" errors="0" timestamp="2020-05-29T13:59:52" hostname="bamboo-18" time="0.008">
  <properties/>
  <testcase name="groovyFooAutowired" classname="org.springframework.test.context.web.BasicGroovyWacTests" time="0.001"/>
  <testcase name="basicWacFeatures" classname="org.springframework.test.context.web.BasicGroovyWacTests" time="0.007"/>
  <system-out><![CDATA[]]></system-out>
  <system-err><![CDATA[]]></system-err>
</testsuite>
