<?xml version="1.0" encoding="UTF-8"?>
<testsuite name="org.springframework.test.context.jdbc.RepeatableSqlAnnotationSqlScriptsTests" tests="2" skipped="0" failures="0" errors="0" timestamp="2021-06-20T08:12:05" hostname="gankangdembp" time="0.079">
  <properties/>
  <testcase name="classLevelScripts()" classname="org.springframework.test.context.jdbc.RepeatableSqlAnnotationSqlScriptsTests" time="0.068"/>
  <testcase name="methodLevelScripts()" classname="org.springframework.test.context.jdbc.RepeatableSqlAnnotationSqlScriptsTests" time="0.01"/>
  <system-out><![CDATA[]]></system-out>
  <system-err><![CDATA[]]></system-err>
</testsuite>
