<?xml version="1.0" encoding="UTF-8"?>
<testsuite name="org.springframework.test.context.junit.jupiter.nested.NestedTestsWithConstructorInjectionWithSpringAndJUnitJupiterTests$QualifiedConstructorParameterTests" tests="1" skipped="0" failures="0" errors="0" timestamp="2020-05-29T13:59:10" hostname="bamboo-18" time="0.0">
  <properties/>
  <testcase name="nestedTest()" classname="org.springframework.test.context.junit.jupiter.nested.NestedTestsWithConstructorInjectionWithSpringAndJUnitJupiterTests$QualifiedConstructorParameterTests" time="0.0"/>
  <system-out><![CDATA[]]></system-out>
  <system-err><![CDATA[]]></system-err>
</testsuite>
