<?xml version="1.0" encoding="UTF-8"?>
<testsuite name="org.springframework.test.context.jdbc.TransactionalAfterTestMethodSqlScriptsTests" tests="2" skipped="0" failures="0" errors="0" timestamp="2020-05-29T13:58:52" hostname="bamboo-18" time="0.113">
  <properties/>
  <testcase name="test01()" classname="org.springframework.test.context.jdbc.TransactionalAfterTestMethodSqlScriptsTests" time="0.109"/>
  <testcase name="test02()" classname="org.springframework.test.context.jdbc.TransactionalAfterTestMethodSqlScriptsTests" time="0.004"/>
  <system-out><![CDATA[]]></system-out>
  <system-err><![CDATA[]]></system-err>
</testsuite>
