<?xml version="1.0" encoding="UTF-8"?>
<testsuite name="org.springframework.test.context.groovy.DefaultScriptDetectionXmlSupersedesGroovySpringContextTests" tests="1" skipped="0" failures="0" errors="0" timestamp="2021-06-20T08:12:17" hostname="gankangdembp" time="0.0">
  <properties/>
  <testcase name="foo()" classname="org.springframework.test.context.groovy.DefaultScriptDetectionXmlSupersedesGroovySpringContextTests" time="0.0"/>
  <system-out><![CDATA[]]></system-out>
  <system-err><![CDATA[]]></system-err>
</testsuite>
