<?xml version="1.0" encoding="UTF-8"?>
<testsuite name="org.springframework.test.context.hierarchies.meta.MetaHierarchyLevelTwoTests" tests="3" skipped="0" failures="0" errors="0" timestamp="2020-05-29T13:58:56" hostname="bamboo-18" time="0.002">
  <properties/>
  <testcase name="foo()" classname="org.springframework.test.context.hierarchies.meta.MetaHierarchyLevelTwoTests" time="0.001"/>
  <testcase name="contextHierarchy()" classname="org.springframework.test.context.hierarchies.meta.MetaHierarchyLevelTwoTests" time="0.0"/>
  <testcase name="bar()" classname="org.springframework.test.context.hierarchies.meta.MetaHierarchyLevelTwoTests" time="0.001"/>
  <system-out><![CDATA[]]></system-out>
  <system-err><![CDATA[]]></system-err>
</testsuite>
