<?xml version="1.0" encoding="UTF-8"?>
<testsuite name="org.springframework.test.context.junit4.annotation.ExplicitConfigClassesBaseTests" tests="1" skipped="0" failures="0" errors="0" timestamp="2020-05-29T13:59:41" hostname="bamboo-18" time="0.0">
  <properties/>
  <testcase name="verifyEmployeeSetFromBaseContextConfig" classname="org.springframework.test.context.junit4.annotation.ExplicitConfigClassesBaseTests" time="0.0"/>
  <system-out><![CDATA[]]></system-out>
  <system-err><![CDATA[]]></system-err>
</testsuite>
