<?xml version="1.0" encoding="UTF-8"?>
<testsuite name="org.springframework.test.jdbc.JdbcTestUtilsTests" tests="3" skipped="0" failures="0" errors="0" timestamp="2020-05-29T13:58:48" hostname="bamboo-18" time="1.205">
  <properties/>
  <testcase name="deleteWithoutWhereClause()" classname="org.springframework.test.jdbc.JdbcTestUtilsTests" time="1.192"/>
  <testcase name="deleteWithWhereClauseAndArguments()" classname="org.springframework.test.jdbc.JdbcTestUtilsTests" time="0.002"/>
  <testcase name="deleteWithWhereClause()" classname="org.springframework.test.jdbc.JdbcTestUtilsTests" time="0.006"/>
  <system-out><![CDATA[]]></system-out>
  <system-err><![CDATA[]]></system-err>
</testsuite>
