<?xml version="1.0" encoding="UTF-8"?>
<testsuite name="org.springframework.test.web.reactive.server.DefaultControllerSpecTests" tests="4" skipped="0" failures="0" errors="0" timestamp="2020-05-29T13:59:34" hostname="bamboo-18" time="0.12">
  <properties/>
  <testcase name="controllerAdvice()" classname="org.springframework.test.web.reactive.server.DefaultControllerSpecTests" time="0.035"/>
  <testcase name="controllerAdviceWithClassArgument()" classname="org.springframework.test.web.reactive.server.DefaultControllerSpecTests" time="0.026"/>
  <testcase name="controller()" classname="org.springframework.test.web.reactive.server.DefaultControllerSpecTests" time="0.029"/>
  <testcase name="configurerConsumers()" classname="org.springframework.test.web.reactive.server.DefaultControllerSpecTests" time="0.03"/>
  <system-out><![CDATA[]]></system-out>
  <system-err><![CDATA[]]></system-err>
</testsuite>
