<?xml version="1.0" encoding="UTF-8"?>
<testsuite name="org.springframework.test.context.jdbc.InferredDataSourceSqlScriptsTests" tests="2" skipped="0" failures="0" errors="0" timestamp="2020-05-29T13:58:53" hostname="bamboo-18" time="0.022">
  <properties/>
  <testcase name="database1()" classname="org.springframework.test.context.jdbc.InferredDataSourceSqlScriptsTests" time="0.015"/>
  <testcase name="database2()" classname="org.springframework.test.context.jdbc.InferredDataSourceSqlScriptsTests" time="0.006"/>
  <system-out><![CDATA[]]></system-out>
  <system-err><![CDATA[]]></system-err>
</testsuite>
