<?xml version="1.0" encoding="UTF-8"?>
<testsuite name="org.springframework.test.context.junit4.TimedTransactionalSpringRunnerTests" tests="4" skipped="0" failures="0" errors="0" timestamp="2021-06-20T08:13:11" hostname="gankangdembp" time="0.033">
  <properties/>
  <testcase name="notTransactionalWithJUnitTimeout" classname="org.springframework.test.context.junit4.TimedTransactionalSpringRunnerTests" time="0.008"/>
  <testcase name="transactionalWithSpringTimeout" classname="org.springframework.test.context.junit4.TimedTransactionalSpringRunnerTests" time="0.01"/>
  <testcase name="transactionalWithJUnitTimeout" classname="org.springframework.test.context.junit4.TimedTransactionalSpringRunnerTests" time="0.009"/>
  <testcase name="notTransactionalWithSpringTimeout" classname="org.springframework.test.context.junit4.TimedTransactionalSpringRunnerTests" time="0.003"/>
  <system-out><![CDATA[]]></system-out>
  <system-err><![CDATA[]]></system-err>
</testsuite>
