<?xml version="1.0" encoding="UTF-8"?>
<testsuite name="org.springframework.test.context.junit4.spr9051.TransactionalAnnotatedConfigClassWithAtConfigurationTests" tests="2" skipped="0" failures="0" errors="0" timestamp="2020-05-29T13:59:51" hostname="bamboo-18" time="0.025">
  <properties/>
  <testcase name="autowiringFromConfigClass" classname="org.springframework.test.context.junit4.spr9051.TransactionalAnnotatedConfigClassWithAtConfigurationTests" time="0.005"/>
  <testcase name="modifyTestDataWithinTransaction" classname="org.springframework.test.context.junit4.spr9051.TransactionalAnnotatedConfigClassWithAtConfigurationTests" time="0.003"/>
  <system-out><![CDATA[]]></system-out>
  <system-err><![CDATA[]]></system-err>
</testsuite>
