<?xml version="1.0" encoding="UTF-8"?>
<testsuite name="org.springframework.test.web.servlet.samples.spr.RequestContextHolderTests" tests="4" skipped="0" failures="0" errors="0" timestamp="2021-06-20T08:12:43" hostname="gankangdembp" time="0.087">
  <properties/>
  <testcase name="requestScopedController()" classname="org.springframework.test.web.servlet.samples.spr.RequestContextHolderTests" time="0.051"/>
  <testcase name="sessionScopedService()" classname="org.springframework.test.web.servlet.samples.spr.RequestContextHolderTests" time="0.005"/>
  <testcase name="requestScopedService()" classname="org.springframework.test.web.servlet.samples.spr.RequestContextHolderTests" time="0.006"/>
  <testcase name="singletonController()" classname="org.springframework.test.web.servlet.samples.spr.RequestContextHolderTests" time="0.007"/>
  <system-out><![CDATA[]]></system-out>
  <system-err><![CDATA[]]></system-err>
</testsuite>
