<?xml version="1.0" encoding="UTF-8"?>
<testsuite name="org.springframework.test.context.jdbc.NonTransactionalSqlScriptsTests" tests="2" skipped="0" failures="0" errors="0" timestamp="2021-06-20T08:12:04" hostname="gankangdembp" time="0.114">
  <properties/>
  <testcase name="classLevelScripts()" classname="org.springframework.test.context.jdbc.NonTransactionalSqlScriptsTests" time="0.108"/>
  <testcase name="methodLevelScripts()" classname="org.springframework.test.context.jdbc.NonTransactionalSqlScriptsTests" time="0.003"/>
  <system-out><![CDATA[]]></system-out>
  <system-err><![CDATA[]]></system-err>
</testsuite>
