<?xml version="1.0" encoding="UTF-8"?>
<testsuite name="org.springframework.test.context.hierarchies.standard.DirtiesContextWithContextHierarchyTests" tests="4" skipped="0" failures="0" errors="0" timestamp="2021-06-20T08:11:22" hostname="gankangdembp" time="0.062">
  <properties/>
  <testcase name="verifyOriginalStateAndDirtyContexts()" classname="org.springframework.test.context.hierarchies.standard.DirtiesContextWithContextHierarchyTests" time="0.002"/>
  <testcase name="verifyContextsWereDirtiedAndTriggerExhaustiveCacheClearing()" classname="org.springframework.test.context.hierarchies.standard.DirtiesContextWithContextHierarchyTests" time="0.001"/>
  <testcase name="verifyOriginalStateWasReinstatedAndDirtyContextsAndTriggerCurrentLevelCacheClearing()" classname="org.springframework.test.context.hierarchies.standard.DirtiesContextWithContextHierarchyTests" time="0.02"/>
  <testcase name="verifyParentContextIsStillDirtyButChildContextHasBeenReinstated()" classname="org.springframework.test.context.hierarchies.standard.DirtiesContextWithContextHierarchyTests" time="0.002"/>
  <system-out><![CDATA[]]></system-out>
  <system-err><![CDATA[]]></system-err>
</testsuite>
