<?xml version="1.0" encoding="UTF-8"?>
<testsuite name="org.springframework.test.context.junit4.profile.resolver.ClassNameActiveProfilesResolverTests" tests="1" skipped="0" failures="0" errors="0" timestamp="2020-05-29T13:59:46" hostname="bamboo-18" time="0.0">
  <properties/>
  <testcase name="test" classname="org.springframework.test.context.junit4.profile.resolver.ClassNameActiveProfilesResolverTests" time="0.0"/>
  <system-out><![CDATA[]]></system-out>
  <system-err><![CDATA[]]></system-err>
</testsuite>
