<?xml version="1.0" encoding="UTF-8"?>
<testsuite name="org.springframework.test.context.cache.ContextCacheTests" tests="9" skipped="0" failures="0" errors="0" timestamp="2020-05-29T13:58:56" hostname="bamboo-18" time="0.214">
  <properties/>
  <testcase name="removeContextHierarchyCacheLevel3Then2()" classname="org.springframework.test.context.cache.ContextCacheTests" time="0.038"/>
  <testcase name="verifyCacheKeyIsBasedOnActiveProfiles()" classname="org.springframework.test.context.cache.ContextCacheTests" time="0.01"/>
  <testcase name="removeContextHierarchyCacheLevel1WithExhaustiveMode()" classname="org.springframework.test.context.cache.ContextCacheTests" time="0.019"/>
  <testcase name="removeContextHierarchyCacheLevel3Then2WithExhaustiveMode()" classname="org.springframework.test.context.cache.ContextCacheTests" time="0.016"/>
  <testcase name="removeContextHierarchyCacheLevel1()" classname="org.springframework.test.context.cache.ContextCacheTests" time="0.011"/>
  <testcase name="removeContextHierarchyCacheLevel2()" classname="org.springframework.test.context.cache.ContextCacheTests" time="0.031"/>
  <testcase name="verifyCacheKeyIsBasedOnContextLoader()" classname="org.springframework.test.context.cache.ContextCacheTests" time="0.006"/>
  <testcase name="removeContextHierarchyCacheLevel2WithExhaustiveMode()" classname="org.springframework.test.context.cache.ContextCacheTests" time="0.017"/>
  <testcase name="verifyCacheBehaviorForContextHierarchies()" classname="org.springframework.test.context.cache.ContextCacheTests" time="0.057"/>
  <system-out><![CDATA[13:58:56.966 [Test worker] DEBUG o.s.t.u.ReflectionTestUtils - Getting field 'mergedContextConfiguration' from target object [[DefaultTestContext@6451889d testClass = ContextCacheTests.ClassHierarchyContextHierarchyLevel3aTestCase, testInstance = [null], testMethod = [null], testException = [null], mergedContextConfiguration = [MergedContextConfiguration@4bc98987 testClass = ContextCacheTests.ClassHierarchyContextHierarchyLevel3aTestCase, locations = '{}', classes = '{class org.springframework.test.context.cache.ContextCacheTests$ClassHierarchyContextHierarchyLevel3aTestCase$Level3aConfig}', contextInitializerClasses = '[]', activeProfiles = '{}', propertySourceLocations = '{}', propertySourceProperties = '{}', contextCustomizers = set[[empty]], contextLoader = 'org.springframework.test.context.support.DelegatingSmartContextLoader', parent = [MergedContextConfiguration@6159825 testClass = ContextCacheTests.ClassHierarchyContextHierarchyLevel2TestCase, locations = '{}', classes = '{class org.springframework.test.context.cache.ContextCacheTests$ClassHierarchyContextHierarchyLevel2TestCase$Level2Config}', contextInitializerClasses = '[]', activeProfiles = '{}', propertySourceLocations = '{}', propertySourceProperties = '{}', contextCustomizers = set[[empty]], contextLoader = 'org.springframework.test.context.support.DelegatingSmartContextLoader', parent = [MergedContextConfiguration@10afc4cd testClass = ContextCacheTests.ClassHierarchyContextHierarchyLevel1TestCase, locations = '{}', classes = '{class org.springframework.test.context.cache.ContextCacheTests$ClassHierarchyContextHierarchyLevel1TestCase$Level1Config}', contextInitializerClasses = '[]', activeProfiles = '{}', propertySourceLocations = '{}', propertySourceProperties = '{}', contextCustomizers = set[[empty]], contextLoader = 'org.springframework.test.context.support.DelegatingSmartContextLoader', parent = [null]]]], attributes = map[[empty]]]] or target class [class org.springframework.test.context.support.DefaultTestContext]
13:58:56.968 [Test worker] DEBUG o.s.t.u.ReflectionTestUtils - Getting field 'mergedContextConfiguration' from target object [[DefaultTestContext@7852b325 testClass = ContextCacheTests.ClassHierarchyContextHierarchyLevel3bTestCase, testInstance = [null], testMethod = [null], testException = [null], mergedContextConfiguration = [MergedContextConfiguration@7fd09819 testClass = ContextCacheTests.ClassHierarchyContextHierarchyLevel3bTestCase, locations = '{}', classes = '{class org.springframework.test.context.cache.ContextCacheTests$ClassHierarchyContextHierarchyLevel3bTestCase$Level3bConfig}', contextInitializerClasses = '[]', activeProfiles = '{}', propertySourceLocations = '{}', propertySourceProperties = '{}', contextCustomizers = set[[empty]], contextLoader = 'org.springframework.test.context.support.DelegatingSmartContextLoader', parent = [MergedContextConfiguration@55aee376 testClass = ContextCacheTests.ClassHierarchyContextHierarchyLevel2TestCase, locations = '{}', classes = '{class org.springframework.test.context.cache.ContextCacheTests$ClassHierarchyContextHierarchyLevel2TestCase$Level2Config}', contextInitializerClasses = '[]', activeProfiles = '{}', propertySourceLocations = '{}', propertySourceProperties = '{}', contextCustomizers = set[[empty]], contextLoader = 'org.springframework.test.context.support.DelegatingSmartContextLoader', parent = [MergedContextConfiguration@3b49cca2 testClass = ContextCacheTests.ClassHierarchyContextHierarchyLevel1TestCase, locations = '{}', classes = '{class org.springframework.test.context.cache.ContextCacheTests$ClassHierarchyContextHierarchyLevel1TestCase$Level1Config}', contextInitializerClasses = '[]', activeProfiles = '{}', propertySourceLocations = '{}', propertySourceProperties = '{}', contextCustomizers = set[[empty]], contextLoader = 'org.springframework.test.context.support.DelegatingSmartContextLoader', parent = [null]]]], attributes = map[[empty]]]] or target class [class org.springframework.test.context.support.DefaultTestContext]
13:58:56.998 [Test worker] DEBUG o.s.t.u.ReflectionTestUtils - Getting field 'mergedContextConfiguration' from target object [[DefaultTestContext@8e8d521 testClass = ContextCacheTests.ClassHierarchyContextHierarchyLevel3aTestCase, testInstance = [null], testMethod = [null], testException = [null], mergedContextConfiguration = [MergedContextConfiguration@52ceee9a testClass = ContextCacheTests.ClassHierarchyContextHierarchyLevel3aTestCase, locations = '{}', classes = '{class org.springframework.test.context.cache.ContextCacheTests$ClassHierarchyContextHierarchyLevel3aTestCase$Level3aConfig}', contextInitializerClasses = '[]', activeProfiles = '{}', propertySourceLocations = '{}', propertySourceProperties = '{}', contextCustomizers = set[[empty]], contextLoader = 'org.springframework.test.context.support.DelegatingSmartContextLoader', parent = [MergedContextConfiguration@12bb8613 testClass = ContextCacheTests.ClassHierarchyContextHierarchyLevel2TestCase, locations = '{}', classes = '{class org.springframework.test.context.cache.ContextCacheTests$ClassHierarchyContextHierarchyLevel2TestCase$Level2Config}', contextInitializerClasses = '[]', activeProfiles = '{}', propertySourceLocations = '{}', propertySourceProperties = '{}', contextCustomizers = set[[empty]], contextLoader = 'org.springframework.test.context.support.DelegatingSmartContextLoader', parent = [MergedContextConfiguration@25257eef testClass = ContextCacheTests.ClassHierarchyContextHierarchyLevel1TestCase, locations = '{}', classes = '{class org.springframework.test.context.cache.ContextCacheTests$ClassHierarchyContextHierarchyLevel1TestCase$Level1Config}', contextInitializerClasses = '[]', activeProfiles = '{}', propertySourceLocations = '{}', propertySourceProperties = '{}', contextCustomizers = set[[empty]], contextLoader = 'org.springframework.test.context.support.DelegatingSmartContextLoader', parent = [null]]]], attributes = map[[empty]]]] or target class [class org.springframework.test.context.support.DefaultTestContext]
13:58:57.017 [Test worker] DEBUG o.s.t.u.ReflectionTestUtils - Getting field 'mergedContextConfiguration' from target object [[DefaultTestContext@69b48b63 testClass = ContextCacheTests.ClassHierarchyContextHierarchyLevel3aTestCase, testInstance = [null], testMethod = [null], testException = [null], mergedContextConfiguration = [MergedContextConfiguration@1827340e testClass = ContextCacheTests.ClassHierarchyContextHierarchyLevel3aTestCase, locations = '{}', classes = '{class org.springframework.test.context.cache.ContextCacheTests$ClassHierarchyContextHierarchyLevel3aTestCase$Level3aConfig}', contextInitializerClasses = '[]', activeProfiles = '{}', propertySourceLocations = '{}', propertySourceProperties = '{}', contextCustomizers = set[[empty]], contextLoader = 'org.springframework.test.context.support.DelegatingSmartContextLoader', parent = [MergedContextConfiguration@3d7820c testClass = ContextCacheTests.ClassHierarchyContextHierarchyLevel2TestCase, locations = '{}', classes = '{class org.springframework.test.context.cache.ContextCacheTests$ClassHierarchyContextHierarchyLevel2TestCase$Level2Config}', contextInitializerClasses = '[]', activeProfiles = '{}', propertySourceLocations = '{}', propertySourceProperties = '{}', contextCustomizers = set[[empty]], contextLoader = 'org.springframework.test.context.support.DelegatingSmartContextLoader', parent = [MergedContextConfiguration@39309670 testClass = ContextCacheTests.ClassHierarchyContextHierarchyLevel1TestCase, locations = '{}', classes = '{class org.springframework.test.context.cache.ContextCacheTests$ClassHierarchyContextHierarchyLevel1TestCase$Level1Config}', contextInitializerClasses = '[]', activeProfiles = '{}', propertySourceLocations = '{}', propertySourceProperties = '{}', contextCustomizers = set[[empty]], contextLoader = 'org.springframework.test.context.support.DelegatingSmartContextLoader', parent = [null]]]], attributes = map[[empty]]]] or target class [class org.springframework.test.context.support.DefaultTestContext]
13:58:57.019 [Test worker] DEBUG o.s.t.u.ReflectionTestUtils - Getting field 'mergedContextConfiguration' from target object [[DefaultTestContext@7492eda6 testClass = ContextCacheTests.ClassHierarchyContextHierarchyLevel3bTestCase, testInstance = [null], testMethod = [null], testException = [null], mergedContextConfiguration = [MergedContextConfiguration@55b4207e testClass = ContextCacheTests.ClassHierarchyContextHierarchyLevel3bTestCase, locations = '{}', classes = '{class org.springframework.test.context.cache.ContextCacheTests$ClassHierarchyContextHierarchyLevel3bTestCase$Level3bConfig}', contextInitializerClasses = '[]', activeProfiles = '{}', propertySourceLocations = '{}', propertySourceProperties = '{}', contextCustomizers = set[[empty]], contextLoader = 'org.springframework.test.context.support.DelegatingSmartContextLoader', parent = [MergedContextConfiguration@6a4c1f26 testClass = ContextCacheTests.ClassHierarchyContextHierarchyLevel2TestCase, locations = '{}', classes = '{class org.springframework.test.context.cache.ContextCacheTests$ClassHierarchyContextHierarchyLevel2TestCase$Level2Config}', contextInitializerClasses = '[]', activeProfiles = '{}', propertySourceLocations = '{}', propertySourceProperties = '{}', contextCustomizers = set[[empty]], contextLoader = 'org.springframework.test.context.support.DelegatingSmartContextLoader', parent = [MergedContextConfiguration@57729709 testClass = ContextCacheTests.ClassHierarchyContextHierarchyLevel1TestCase, locations = '{}', classes = '{class org.springframework.test.context.cache.ContextCacheTests$ClassHierarchyContextHierarchyLevel1TestCase$Level1Config}', contextInitializerClasses = '[]', activeProfiles = '{}', propertySourceLocations = '{}', propertySourceProperties = '{}', contextCustomizers = set[[empty]], contextLoader = 'org.springframework.test.context.support.DelegatingSmartContextLoader', parent = [null]]]], attributes = map[[empty]]]] or target class [class org.springframework.test.context.support.DefaultTestContext]
13:58:57.034 [Test worker] DEBUG o.s.t.u.ReflectionTestUtils - Getting field 'mergedContextConfiguration' from target object [[DefaultTestContext@423ffc55 testClass = ContextCacheTests.ClassHierarchyContextHierarchyLevel3aTestCase, testInstance = [null], testMethod = [null], testException = [null], mergedContextConfiguration = [MergedContextConfiguration@23d7b855 testClass = ContextCacheTests.ClassHierarchyContextHierarchyLevel3aTestCase, locations = '{}', classes = '{class org.springframework.test.context.cache.ContextCacheTests$ClassHierarchyContextHierarchyLevel3aTestCase$Level3aConfig}', contextInitializerClasses = '[]', activeProfiles = '{}', propertySourceLocations = '{}', propertySourceProperties = '{}', contextCustomizers = set[[empty]], contextLoader = 'org.springframework.test.context.support.DelegatingSmartContextLoader', parent = [MergedContextConfiguration@55bb583 testClass = ContextCacheTests.ClassHierarchyContextHierarchyLevel2TestCase, locations = '{}', classes = '{class org.springframework.test.context.cache.ContextCacheTests$ClassHierarchyContextHierarchyLevel2TestCase$Level2Config}', contextInitializerClasses = '[]', activeProfiles = '{}', propertySourceLocations = '{}', propertySourceProperties = '{}', contextCustomizers = set[[empty]], contextLoader = 'org.springframework.test.context.support.DelegatingSmartContextLoader', parent = [MergedContextConfiguration@4d39fe97 testClass = ContextCacheTests.ClassHierarchyContextHierarchyLevel1TestCase, locations = '{}', classes = '{class org.springframework.test.context.cache.ContextCacheTests$ClassHierarchyContextHierarchyLevel1TestCase$Level1Config}', contextInitializerClasses = '[]', activeProfiles = '{}', propertySourceLocations = '{}', propertySourceProperties = '{}', contextCustomizers = set[[empty]], contextLoader = 'org.springframework.test.context.support.DelegatingSmartContextLoader', parent = [null]]]], attributes = map[[empty]]]] or target class [class org.springframework.test.context.support.DefaultTestContext]
13:58:57.066 [Test worker] DEBUG o.s.t.u.ReflectionTestUtils - Getting field 'mergedContextConfiguration' from target object [[DefaultTestContext@44984877 testClass = ContextCacheTests.ClassHierarchyContextHierarchyLevel3aTestCase, testInstance = [null], testMethod = [null], testException = [null], mergedContextConfiguration = [MergedContextConfiguration@587b8eb4 testClass = ContextCacheTests.ClassHierarchyContextHierarchyLevel3aTestCase, locations = '{}', classes = '{class org.springframework.test.context.cache.ContextCacheTests$ClassHierarchyContextHierarchyLevel3aTestCase$Level3aConfig}', contextInitializerClasses = '[]', activeProfiles = '{}', propertySourceLocations = '{}', propertySourceProperties = '{}', contextCustomizers = set[[empty]], contextLoader = 'org.springframework.test.context.support.DelegatingSmartContextLoader', parent = [MergedContextConfiguration@1946d7d9 testClass = ContextCacheTests.ClassHierarchyContextHierarchyLevel2TestCase, locations = '{}', classes = '{class org.springframework.test.context.cache.ContextCacheTests$ClassHierarchyContextHierarchyLevel2TestCase$Level2Config}', contextInitializerClasses = '[]', activeProfiles = '{}', propertySourceLocations = '{}', propertySourceProperties = '{}', contextCustomizers = set[[empty]], contextLoader = 'org.springframework.test.context.support.DelegatingSmartContextLoader', parent = [MergedContextConfiguration@1dcaef1e testClass = ContextCacheTests.ClassHierarchyContextHierarchyLevel1TestCase, locations = '{}', classes = '{class org.springframework.test.context.cache.ContextCacheTests$ClassHierarchyContextHierarchyLevel1TestCase$Level1Config}', contextInitializerClasses = '[]', activeProfiles = '{}', propertySourceLocations = '{}', propertySourceProperties = '{}', contextCustomizers = set[[empty]], contextLoader = 'org.springframework.test.context.support.DelegatingSmartContextLoader', parent = [null]]]], attributes = map[[empty]]]] or target class [class org.springframework.test.context.support.DefaultTestContext]
13:58:57.091 [Test worker] DEBUG o.s.t.u.ReflectionTestUtils - Getting field 'mergedContextConfiguration' from target object [[DefaultTestContext@1765e4c8 testClass = ContextCacheTests.ClassHierarchyContextHierarchyLevel3aTestCase, testInstance = [null], testMethod = [null], testException = [null], mergedContextConfiguration = [MergedContextConfiguration@2213fd0 testClass = ContextCacheTests.ClassHierarchyContextHierarchyLevel3aTestCase, locations = '{}', classes = '{class org.springframework.test.context.cache.ContextCacheTests$ClassHierarchyContextHierarchyLevel3aTestCase$Level3aConfig}', contextInitializerClasses = '[]', activeProfiles = '{}', propertySourceLocations = '{}', propertySourceProperties = '{}', contextCustomizers = set[[empty]], contextLoader = 'org.springframework.test.context.support.DelegatingSmartContextLoader', parent = [MergedContextConfiguration@25d018bd testClass = ContextCacheTests.ClassHierarchyContextHierarchyLevel2TestCase, locations = '{}', classes = '{class org.springframework.test.context.cache.ContextCacheTests$ClassHierarchyContextHierarchyLevel2TestCase$Level2Config}', contextInitializerClasses = '[]', activeProfiles = '{}', propertySourceLocations = '{}', propertySourceProperties = '{}', contextCustomizers = set[[empty]], contextLoader = 'org.springframework.test.context.support.DelegatingSmartContextLoader', parent = [MergedContextConfiguration@4306b78f testClass = ContextCacheTests.ClassHierarchyContextHierarchyLevel1TestCase, locations = '{}', classes = '{class org.springframework.test.context.cache.ContextCacheTests$ClassHierarchyContextHierarchyLevel1TestCase$Level1Config}', contextInitializerClasses = '[]', activeProfiles = '{}', propertySourceLocations = '{}', propertySourceProperties = '{}', contextCustomizers = set[[empty]], contextLoader = 'org.springframework.test.context.support.DelegatingSmartContextLoader', parent = [null]]]], attributes = map[[empty]]]] or target class [class org.springframework.test.context.support.DefaultTestContext]
]]></system-out>
  <system-err><![CDATA[]]></system-err>
</testsuite>
