<?xml version="1.0" encoding="UTF-8"?>
<testsuite name="org.springframework.test.context.configuration.interfaces.ActiveProfilesInterfaceTests" tests="1" skipped="0" failures="0" errors="0" timestamp="2021-06-20T08:11:10" hostname="gankangdembp" time="0.002">
  <properties/>
  <testcase name="profileFromTestInterface()" classname="org.springframework.test.context.configuration.interfaces.ActiveProfilesInterfaceTests" time="0.002"/>
  <system-out><![CDATA[]]></system-out>
  <system-err><![CDATA[]]></system-err>
</testsuite>
