<?xml version="1.0" encoding="UTF-8"?>
<testsuite name="org.springframework.test.web.reactive.server.samples.JsonContentTests" tests="4" skipped="0" failures="0" errors="0" timestamp="2020-05-29T13:59:32" hostname="bamboo-18" time="0.196">
  <properties/>
  <testcase name="jsonPathIsEqualTo()" classname="org.springframework.test.web.reactive.server.samples.JsonContentTests" time="0.01"/>
  <testcase name="jsonContent()" classname="org.springframework.test.web.reactive.server.samples.JsonContentTests" time="0.006"/>
  <testcase name="postJsonContent()" classname="org.springframework.test.web.reactive.server.samples.JsonContentTests" time="0.012"/>
  <testcase name="jsonPathMatches()" classname="org.springframework.test.web.reactive.server.samples.JsonContentTests" time="0.004"/>
  <system-out><![CDATA[]]></system-out>
  <system-err><![CDATA[]]></system-err>
</testsuite>
