<?xml version="1.0" encoding="UTF-8"?>
<testsuite name="org.springframework.test.context.junit4.RollbackOverrideDefaultRollbackFalseTransactionalTests" tests="1" skipped="0" failures="0" errors="0" timestamp="2021-06-20T08:13:12" hostname="gankangdembp" time="0.006">
  <properties/>
  <testcase name="modifyTestDataWithinTransaction" classname="org.springframework.test.context.junit4.RollbackOverrideDefaultRollbackFalseTransactionalTests" time="0.006"/>
  <system-out><![CDATA[]]></system-out>
  <system-err><![CDATA[]]></system-err>
</testsuite>
