<?xml version="1.0" encoding="UTF-8"?>
<testsuite name="org.springframework.mock.http.server.reactive.MockServerHttpRequestTests" tests="2" skipped="0" failures="0" errors="0" timestamp="2020-05-29T13:59:34" hostname="bamboo-18" time="0.001">
  <properties/>
  <testcase name="queryParams()" classname="org.springframework.mock.http.server.reactive.MockServerHttpRequestTests" time="0.0"/>
  <testcase name="cookieHeaderSet()" classname="org.springframework.mock.http.server.reactive.MockServerHttpRequestTests" time="0.001"/>
  <system-out><![CDATA[]]></system-out>
  <system-err><![CDATA[]]></system-err>
</testsuite>
