<?xml version="1.0" encoding="UTF-8"?>
<testsuite name="org.springframework.test.web.servlet.DefaultMvcResultTests" tests="2" skipped="0" failures="0" errors="0" timestamp="2020-05-29T13:59:24" hostname="bamboo-18" time="0.001">
  <properties/>
  <testcase name="getAsyncResultSuccess()" classname="org.springframework.test.web.servlet.DefaultMvcResultTests" time="0.0"/>
  <testcase name="getAsyncResultFailure()" classname="org.springframework.test.web.servlet.DefaultMvcResultTests" time="0.001"/>
  <system-out><![CDATA[]]></system-out>
  <system-err><![CDATA[]]></system-err>
</testsuite>
