<?xml version="1.0" encoding="UTF-8"?>
<testsuite name="org.springframework.test.context.junit4.orm.HibernateSessionFlushingTests" tests="6" skipped="0" failures="0" errors="0" timestamp="2020-05-29T13:59:50" hostname="bamboo-18" time="0.511">
  <properties/>
  <testcase name="findSamWithReadOnlySession" classname="org.springframework.test.context.junit4.orm.HibernateSessionFlushingTests" time="0.469"/>
  <testcase name="saveJuergenWithNullDriversLicense" classname="org.springframework.test.context.junit4.orm.HibernateSessionFlushingTests" time="0.023"/>
  <testcase name="findSam" classname="org.springframework.test.context.junit4.orm.HibernateSessionFlushingTests" time="0.002"/>
  <testcase name="updateSamWithNullDriversLicenseWithSessionFlush" classname="org.springframework.test.context.junit4.orm.HibernateSessionFlushingTests" time="0.009"/>
  <testcase name="saveJuergenWithDriversLicense" classname="org.springframework.test.context.junit4.orm.HibernateSessionFlushingTests" time="0.005"/>
  <testcase name="updateSamWithNullDriversLicenseWithoutSessionFlush" classname="org.springframework.test.context.junit4.orm.HibernateSessionFlushingTests" time="0.002"/>
  <system-out><![CDATA[13:59:50.587 [Test worker] ERROR o.h.e.j.s.SqlExceptionHelper - integrity constraint violation: NOT NULL check constraint; SYS_CT_10095 table: PERSON column: DRIVERS_LICENSE_ID
13:59:50.610 [Test worker] ERROR o.h.e.j.s.SqlExceptionHelper - integrity constraint violation: NOT NULL check constraint; SYS_CT_10095 table: PERSON column: DRIVERS_LICENSE_ID
]]></system-out>
  <system-err><![CDATA[]]></system-err>
</testsuite>
