<?xml version="1.0" encoding="UTF-8"?>
<testsuite name="org.springframework.test.web.client.samples.matchers.JsonPathRequestMatchersIntegrationTests" tests="9" skipped="0" failures="0" errors="0" timestamp="2020-05-29T13:59:13" hostname="bamboo-18" time="0.145">
  <properties/>
  <testcase name="exists()" classname="org.springframework.test.web.client.samples.matchers.JsonPathRequestMatchersIntegrationTests" time="0.029"/>
  <testcase name="isBoolean()" classname="org.springframework.test.web.client.samples.matchers.JsonPathRequestMatchersIntegrationTests" time="0.012"/>
  <testcase name="isNumber()" classname="org.springframework.test.web.client.samples.matchers.JsonPathRequestMatchersIntegrationTests" time="0.003"/>
  <testcase name="doesNotExist()" classname="org.springframework.test.web.client.samples.matchers.JsonPathRequestMatchersIntegrationTests" time="0.041"/>
  <testcase name="isString()" classname="org.springframework.test.web.client.samples.matchers.JsonPathRequestMatchersIntegrationTests" time="0.002"/>
  <testcase name="value()" classname="org.springframework.test.web.client.samples.matchers.JsonPathRequestMatchersIntegrationTests" time="0.01"/>
  <testcase name="hamcrestMatchersWithParameterizedJsonPaths()" classname="org.springframework.test.web.client.samples.matchers.JsonPathRequestMatchersIntegrationTests" time="0.008"/>
  <testcase name="hamcrestMatchers()" classname="org.springframework.test.web.client.samples.matchers.JsonPathRequestMatchersIntegrationTests" time="0.012"/>
  <testcase name="isArray()" classname="org.springframework.test.web.client.samples.matchers.JsonPathRequestMatchersIntegrationTests" time="0.013"/>
  <system-out><![CDATA[]]></system-out>
  <system-err><![CDATA[]]></system-err>
</testsuite>
