<?xml version="1.0" encoding="UTF-8"?>
<testsuite name="org.springframework.test.web.servlet.samples.standalone.resultmatchers.JsonPathAssertionTests" tests="5" skipped="0" failures="0" errors="0" timestamp="2021-06-20T08:12:39" hostname="gankangdembp" time="0.377">
  <properties/>
  <testcase name="hamcrestMatcherWithParameterizedJsonPath()" classname="org.springframework.test.web.servlet.samples.standalone.resultmatchers.JsonPathAssertionTests" time="0.068"/>
  <testcase name="hamcrestMatcher()" classname="org.springframework.test.web.servlet.samples.standalone.resultmatchers.JsonPathAssertionTests" time="0.061"/>
  <testcase name="exists()" classname="org.springframework.test.web.servlet.samples.standalone.resultmatchers.JsonPathAssertionTests" time="0.099"/>
  <testcase name="doesNotExist()" classname="org.springframework.test.web.servlet.samples.standalone.resultmatchers.JsonPathAssertionTests" time="0.048"/>
  <testcase name="equality()" classname="org.springframework.test.web.servlet.samples.standalone.resultmatchers.JsonPathAssertionTests" time="0.091"/>
  <system-out><![CDATA[]]></system-out>
  <system-err><![CDATA[]]></system-err>
</testsuite>
