<?xml version="1.0" encoding="UTF-8"?>
<testsuite name="org.springframework.test.web.servlet.samples.standalone.ReactiveReturnTypeTests" tests="1" skipped="0" failures="0" errors="0" timestamp="2020-05-29T13:59:19" hostname="bamboo-18" time="3.097">
  <properties/>
  <testcase name="sseWithFlux()" classname="org.springframework.test.web.servlet.samples.standalone.ReactiveReturnTypeTests" time="3.097"/>
  <system-out><![CDATA[]]></system-out>
  <system-err><![CDATA[]]></system-err>
</testsuite>
