<?xml version="1.0" encoding="UTF-8"?>
<testsuite name="org.springframework.test.web.reactive.server.samples.ExchangeMutatorTests" tests="2" skipped="0" failures="0" errors="0" timestamp="2021-06-20T08:12:55" hostname="gankangdembp" time="0.165">
  <properties/>
  <testcase name="useGloballyConfiguredIdentity()" classname="org.springframework.test.web.reactive.server.samples.ExchangeMutatorTests" time="0.074"/>
  <testcase name="useLocallyConfiguredIdentity()" classname="org.springframework.test.web.reactive.server.samples.ExchangeMutatorTests" time="0.091"/>
  <system-out><![CDATA[]]></system-out>
  <system-err><![CDATA[]]></system-err>
</testsuite>
