<?xml version="1.0" encoding="UTF-8"?>
<testsuite name="org.springframework.test.web.servlet.result.StatusResultMatchersExtensionsTests" tests="2" skipped="0" failures="0" errors="0" timestamp="2020-05-29T13:59:36" hostname="bamboo-18" time="1.748">
  <properties/>
  <testcase name="StatusResultMatchers#is with int parameter is called as expected when using isEqualTo extension()" classname="org.springframework.test.web.servlet.result.StatusResultMatchersExtensionsTests" time="1.582"/>
  <testcase name="StatusResultMatchers#is with Matcher parameter is called as expected when using isEqualTo extension()" classname="org.springframework.test.web.servlet.result.StatusResultMatchersExtensionsTests" time="0.164"/>
  <system-out><![CDATA[]]></system-out>
  <system-err><![CDATA[]]></system-err>
</testsuite>
