<?xml version="1.0" encoding="UTF-8"?>
<testsuite name="org.springframework.test.web.client.samples.MockMvcClientHttpRequestFactoryTests" tests="2" skipped="0" failures="0" errors="0" timestamp="2021-06-20T08:12:58" hostname="gankangdembp" time="0.062">
  <properties/>
  <testcase name="testAsyncTemplate()" classname="org.springframework.test.web.client.samples.MockMvcClientHttpRequestFactoryTests" time="0.03"/>
  <testcase name="test()" classname="org.springframework.test.web.client.samples.MockMvcClientHttpRequestFactoryTests" time="0.031"/>
  <system-out><![CDATA[]]></system-out>
  <system-err><![CDATA[]]></system-err>
</testsuite>
