<?xml version="1.0" encoding="UTF-8"?>
<testsuite name="org.springframework.test.web.servlet.setup.StandaloneMockMvcBuilderTests" tests="8" skipped="0" failures="0" errors="0" timestamp="2020-05-29T13:59:24" hostname="bamboo-18" time="0.176">
  <properties/>
  <testcase name="addFilterPatternsNull()" classname="org.springframework.test.web.servlet.setup.StandaloneMockMvcBuilderTests" time="0.001"/>
  <testcase name="springHandlerInstantiator()" classname="org.springframework.test.web.servlet.setup.StandaloneMockMvcBuilderTests" time="0.028"/>
  <testcase name="addFilterPatternContainsNull()" classname="org.springframework.test.web.servlet.setup.StandaloneMockMvcBuilderTests" time="0.001"/>
  <testcase name="placeHoldersInRequestMapping()" classname="org.springframework.test.web.servlet.setup.StandaloneMockMvcBuilderTests" time="0.061"/>
  <testcase name="applicationContextAttribute()" classname="org.springframework.test.web.servlet.setup.StandaloneMockMvcBuilderTests" time="0.03"/>
  <testcase name="addFiltersFiltersNull()" classname="org.springframework.test.web.servlet.setup.StandaloneMockMvcBuilderTests" time="0.0"/>
  <testcase name="suffixPatternMatch()" classname="org.springframework.test.web.servlet.setup.StandaloneMockMvcBuilderTests" time="0.053"/>
  <testcase name="addFiltersFiltersContainsNull()" classname="org.springframework.test.web.servlet.setup.StandaloneMockMvcBuilderTests" time="0.0"/>
  <system-out><![CDATA[]]></system-out>
  <system-err><![CDATA[]]></system-err>
</testsuite>
