<?xml version="1.0" encoding="UTF-8"?>
<testsuite name="org.springframework.test.web.servlet.result.XpathResultMatchersTests" tests="17" skipped="0" failures="0" errors="0" timestamp="2021-06-20T08:12:22" hostname="gankangdembp" time="0.3">
  <properties/>
  <testcase name="stringNoMatch()" classname="org.springframework.test.web.servlet.result.XpathResultMatchersTests" time="0.073"/>
  <testcase name="numberNoMatch()" classname="org.springframework.test.web.servlet.result.XpathResultMatchersTests" time="0.024"/>
  <testcase name="nodeNoMatch()" classname="org.springframework.test.web.servlet.result.XpathResultMatchersTests" time="0.007"/>
  <testcase name="nodeListNoMatch()" classname="org.springframework.test.web.servlet.result.XpathResultMatchersTests" time="0.028"/>
  <testcase name="exists()" classname="org.springframework.test.web.servlet.result.XpathResultMatchersTests" time="0.006"/>
  <testcase name="doesNotExistNoMatch()" classname="org.springframework.test.web.servlet.result.XpathResultMatchersTests" time="0.004"/>
  <testcase name="booleanValue()" classname="org.springframework.test.web.servlet.result.XpathResultMatchersTests" time="0.032"/>
  <testcase name="number()" classname="org.springframework.test.web.servlet.result.XpathResultMatchersTests" time="0.003"/>
  <testcase name="string()" classname="org.springframework.test.web.servlet.result.XpathResultMatchersTests" time="0.003"/>
  <testcase name="doesNotExist()" classname="org.springframework.test.web.servlet.result.XpathResultMatchersTests" time="0.023"/>
  <testcase name="node()" classname="org.springframework.test.web.servlet.result.XpathResultMatchersTests" time="0.005"/>
  <testcase name="nodeCountNoMatch()" classname="org.springframework.test.web.servlet.result.XpathResultMatchersTests" time="0.026"/>
  <testcase name="nodeCount()" classname="org.springframework.test.web.servlet.result.XpathResultMatchersTests" time="0.003"/>
  <testcase name="existsNoMatch()" classname="org.springframework.test.web.servlet.result.XpathResultMatchersTests" time="0.027"/>
  <testcase name="nodeList()" classname="org.springframework.test.web.servlet.result.XpathResultMatchersTests" time="0.014"/>
  <testcase name="booleanValueNoMatch()" classname="org.springframework.test.web.servlet.result.XpathResultMatchersTests" time="0.006"/>
  <testcase name="stringEncodingDetection()" classname="org.springframework.test.web.servlet.result.XpathResultMatchersTests" time="0.007"/>
  <system-out><![CDATA[]]></system-out>
  <system-err><![CDATA[]]></system-err>
</testsuite>
