<?xml version="1.0" encoding="UTF-8"?>
<testsuite name="org.springframework.test.context.junit4.ConcreteTransactionalJUnit4SpringContextTests" tests="8" skipped="0" failures="0" errors="0" timestamp="2020-05-29T13:59:43" hostname="bamboo-18" time="0.066">
  <properties/>
  <testcase name="verifyResourceAnnotationWiredFields" classname="org.springframework.test.context.junit4.ConcreteTransactionalJUnit4SpringContextTests" time="0.017"/>
  <testcase name="verifyResourceAnnotationWiredMethods" classname="org.springframework.test.context.junit4.ConcreteTransactionalJUnit4SpringContextTests" time="0.004"/>
  <testcase name="verifyApplicationContext" classname="org.springframework.test.context.junit4.ConcreteTransactionalJUnit4SpringContextTests" time="0.02"/>
  <testcase name="verifyBeanInitialized" classname="org.springframework.test.context.junit4.ConcreteTransactionalJUnit4SpringContextTests" time="0.002"/>
  <testcase name="verifyBeanNameSet" classname="org.springframework.test.context.junit4.ConcreteTransactionalJUnit4SpringContextTests" time="0.001"/>
  <testcase name="verifyAnnotationAutowiredFields" classname="org.springframework.test.context.junit4.ConcreteTransactionalJUnit4SpringContextTests" time="0.001"/>
  <testcase name="modifyTestDataWithinTransaction" classname="org.springframework.test.context.junit4.ConcreteTransactionalJUnit4SpringContextTests" time="0.014"/>
  <testcase name="verifyAnnotationAutowiredMethods" classname="org.springframework.test.context.junit4.ConcreteTransactionalJUnit4SpringContextTests" time="0.005"/>
  <system-out><![CDATA[]]></system-out>
  <system-err><![CDATA[]]></system-err>
</testsuite>
