<?xml version="1.0" encoding="UTF-8"?>
<testsuite name="org.springframework.test.context.web.JUnit4SpringContextWebTests" tests="2" skipped="0" failures="0" errors="0" timestamp="2020-05-29T13:59:52" hostname="bamboo-18" time="0.003">
  <properties/>
  <testcase name="basicWacFeatures" classname="org.springframework.test.context.web.JUnit4SpringContextWebTests" time="0.003"/>
  <testcase name="fooEnigmaAutowired" classname="org.springframework.test.context.web.JUnit4SpringContextWebTests" time="0.0"/>
  <system-out><![CDATA[]]></system-out>
  <system-err><![CDATA[]]></system-err>
</testsuite>
