<?xml version="1.0" encoding="UTF-8"?>
<testsuite name="org.springframework.test.context.junit4.profile.importresource.DevProfileResolverAnnotationConfigTests" tests="2" skipped="0" failures="0" errors="0" timestamp="2020-05-29T13:59:46" hostname="bamboo-18" time="0.001">
  <properties/>
  <testcase name="employee" classname="org.springframework.test.context.junit4.profile.importresource.DevProfileResolverAnnotationConfigTests" time="0.0"/>
  <testcase name="pet" classname="org.springframework.test.context.junit4.profile.importresource.DevProfileResolverAnnotationConfigTests" time="0.001"/>
  <system-out><![CDATA[]]></system-out>
  <system-err><![CDATA[]]></system-err>
</testsuite>
