<?xml version="1.0" encoding="UTF-8"?>
<testsuite name="org.springframework.test.web.servlet.result.FlashAttributeResultMatchersTests" tests="4" skipped="0" failures="0" errors="0" timestamp="2021-06-20T08:12:22" hostname="gankangdembp" time="0.007">
  <properties/>
  <testcase name="attributeExists()" classname="org.springframework.test.web.servlet.result.FlashAttributeResultMatchersTests" time="0.005"/>
  <testcase name="attribute_incorrectValue()" classname="org.springframework.test.web.servlet.result.FlashAttributeResultMatchersTests" time="0.001"/>
  <testcase name="attribute()" classname="org.springframework.test.web.servlet.result.FlashAttributeResultMatchersTests" time="0.0"/>
  <testcase name="attributeExists_doesntExist()" classname="org.springframework.test.web.servlet.result.FlashAttributeResultMatchersTests" time="0.0"/>
  <system-out><![CDATA[]]></system-out>
  <system-err><![CDATA[]]></system-err>
</testsuite>
