<?xml version="1.0" encoding="UTF-8"?>
<testsuite name="org.springframework.test.context.junit4.annotation.DefaultLoaderExplicitConfigClassesInheritedTests" tests="2" skipped="0" failures="0" errors="0" timestamp="2021-06-20T08:13:13" hostname="gankangdembp" time="0.004">
  <properties/>
  <testcase name="verifyPetSetFromExtendedContextConfig" classname="org.springframework.test.context.junit4.annotation.DefaultLoaderExplicitConfigClassesInheritedTests" time="0.0"/>
  <testcase name="verifyEmployeeSetFromBaseContextConfig" classname="org.springframework.test.context.junit4.annotation.DefaultLoaderExplicitConfigClassesInheritedTests" time="0.003"/>
  <system-out><![CDATA[]]></system-out>
  <system-err><![CDATA[]]></system-err>
</testsuite>
