<?xml version="1.0" encoding="UTF-8"?>
<testsuite name="org.springframework.test.context.hierarchies.web.RootWacEarTests" tests="2" skipped="1" failures="0" errors="0" timestamp="2020-05-29T13:58:56" hostname="bamboo-18" time="0.003">
  <properties/>
  <testcase name="verifyRootWacConfig()" classname="org.springframework.test.context.hierarchies.web.RootWacEarTests" time="0.003"/>
  <testcase name="verifyEarConfig()" classname="org.springframework.test.context.hierarchies.web.RootWacEarTests" time="0.0">
    <skipped/>
  </testcase>
  <system-out><![CDATA[]]></system-out>
  <system-err><![CDATA[]]></system-err>
</testsuite>
