<?xml version="1.0" encoding="UTF-8"?>
<testsuite name="org.springframework.test.web.servlet.result.ContentResultMatchersTests" tests="13" skipped="0" failures="0" errors="0" timestamp="2020-05-29T13:59:14" hostname="bamboo-18" time="0.439">
  <properties/>
  <testcase name="jsonUtf8Match()" classname="org.springframework.test.web.servlet.result.ContentResultMatchersTests" time="0.001"/>
  <testcase name="stringNoMatch()" classname="org.springframework.test.web.servlet.result.ContentResultMatchersTests" time="0.433"/>
  <testcase name="jsonLenientNoMatch()" classname="org.springframework.test.web.servlet.result.ContentResultMatchersTests" time="0.0"/>
  <testcase name="typeNoMatch()" classname="org.springframework.test.web.servlet.result.ContentResultMatchersTests" time="0.001"/>
  <testcase name="string()" classname="org.springframework.test.web.servlet.result.ContentResultMatchersTests" time="0.0"/>
  <testcase name="bytes()" classname="org.springframework.test.web.servlet.result.ContentResultMatchersTests" time="0.001"/>
  <testcase name="bytesNoMatch()" classname="org.springframework.test.web.servlet.result.ContentResultMatchersTests" time="0.0"/>
  <testcase name="stringMatcherNoMatch()" classname="org.springframework.test.web.servlet.result.ContentResultMatchersTests" time="0.001"/>
  <testcase name="stringMatcher()" classname="org.springframework.test.web.servlet.result.ContentResultMatchersTests" time="0.0"/>
  <testcase name="jsonStrictMatch()" classname="org.springframework.test.web.servlet.result.ContentResultMatchersTests" time="0.001"/>
  <testcase name="jsonStrictNoMatch()" classname="org.springframework.test.web.servlet.result.ContentResultMatchersTests" time="0.0"/>
  <testcase name="typeMatches()" classname="org.springframework.test.web.servlet.result.ContentResultMatchersTests" time="0.0"/>
  <testcase name="jsonLenientMatch()" classname="org.springframework.test.web.servlet.result.ContentResultMatchersTests" time="0.001"/>
  <system-out><![CDATA[]]></system-out>
  <system-err><![CDATA[]]></system-err>
</testsuite>
