<?xml version="1.0" encoding="UTF-8"?>
<testsuite name="org.springframework.test.web.servlet.htmlunit.MockMvcWebClientBuilderTests" tests="6" skipped="0" failures="0" errors="0" timestamp="2020-05-29T13:59:28" hostname="bamboo-18" time="0.1">
  <properties/>
  <testcase name="cookiesAreManaged()" classname="org.springframework.test.web.servlet.htmlunit.MockMvcWebClientBuilderTests" time="0.057"/>
  <testcase name="cookieManagerShared()" classname="org.springframework.test.web.servlet.htmlunit.MockMvcWebClientBuilderTests" time="0.031"/>
  <testcase name="webAppContextSetupNull()" classname="org.springframework.test.web.servlet.htmlunit.MockMvcWebClientBuilderTests" time="0.0"/>
  <testcase name="mockMvcSetupNull()" classname="org.springframework.test.web.servlet.htmlunit.MockMvcWebClientBuilderTests" time="0.0"/>
  <testcase name="mockMvcSetupWithCustomWebClientDelegate()" classname="org.springframework.test.web.servlet.htmlunit.MockMvcWebClientBuilderTests" time="0.001"/>
  <testcase name="mockMvcSetupWithDefaultWebClientDelegate()" classname="org.springframework.test.web.servlet.htmlunit.MockMvcWebClientBuilderTests" time="0.005"/>
  <system-out><![CDATA[]]></system-out>
  <system-err><![CDATA[]]></system-err>
</testsuite>
