<?xml version="1.0" encoding="UTF-8"?>
<testsuite name="org.springframework.test.context.junit4.spr9051.TransactionalAnnotatedConfigClassesWithoutAtConfigurationTests" tests="2" skipped="0" failures="0" errors="0" timestamp="2021-06-20T08:13:13" hostname="gankangdembp" time="0.117">
  <properties/>
  <testcase name="autowiringFromConfigClass" classname="org.springframework.test.context.junit4.spr9051.TransactionalAnnotatedConfigClassesWithoutAtConfigurationTests" time="0.004"/>
  <testcase name="modifyTestDataWithinTransaction" classname="org.springframework.test.context.junit4.spr9051.TransactionalAnnotatedConfigClassesWithoutAtConfigurationTests" time="0.02"/>
  <system-out><![CDATA[]]></system-out>
  <system-err><![CDATA[]]></system-err>
</testsuite>
