<?xml version="1.0" encoding="UTF-8"?>
<testsuite name="org.springframework.test.context.junit4.rules.Subclass2AppCtxRuleTests" tests="2" skipped="0" failures="0" errors="0" timestamp="2020-05-29T13:59:43" hostname="bamboo-18" time="0.063">
  <properties/>
  <testcase name="baz" classname="org.springframework.test.context.junit4.rules.Subclass2AppCtxRuleTests" time="0.062"/>
  <testcase name="foo" classname="org.springframework.test.context.junit4.rules.Subclass2AppCtxRuleTests" time="0.001"/>
  <system-out><![CDATA[]]></system-out>
  <system-err><![CDATA[]]></system-err>
</testsuite>
