<?xml version="1.0" encoding="UTF-8"?>
<testsuite name="org.springframework.test.web.servlet.samples.spr.ControllerAdviceIntegrationTests" tests="2" skipped="0" failures="0" errors="0" timestamp="2021-06-20T08:12:43" hostname="gankangdembp" time="0.035">
  <properties/>
  <testcase name="prototypeAndRequestScopedControllerAdviceBeansAreNotCached()" classname="org.springframework.test.web.servlet.samples.spr.ControllerAdviceIntegrationTests" time="0.032"/>
  <testcase name="controllerAdviceIsAppliedOnlyOnce()" classname="org.springframework.test.web.servlet.samples.spr.ControllerAdviceIntegrationTests" time="0.003"/>
  <system-out><![CDATA[]]></system-out>
  <system-err><![CDATA[]]></system-err>
</testsuite>
