<?xml version="1.0" encoding="UTF-8"?>
<testsuite name="org.springframework.test.context.jdbc.DefaultScriptDetectionSqlScriptsTests" tests="2" skipped="0" failures="0" errors="0" timestamp="2020-05-29T13:58:51" hostname="bamboo-18" time="0.091">
  <properties/>
  <testcase name="methodLevel()" classname="org.springframework.test.context.jdbc.DefaultScriptDetectionSqlScriptsTests" time="0.082"/>
  <testcase name="classLevel()" classname="org.springframework.test.context.jdbc.DefaultScriptDetectionSqlScriptsTests" time="0.008"/>
  <system-out><![CDATA[]]></system-out>
  <system-err><![CDATA[]]></system-err>
</testsuite>
