<?xml version="1.0" encoding="UTF-8"?>
<testsuite name="org.springframework.test.context.junit.jupiter.TestConstructorAnnotationIntegrationTests" tests="3" skipped="0" failures="0" errors="0" timestamp="2021-06-20T08:11:23" hostname="gankangdembp" time="0.006">
  <properties/>
  <testcase name="applicationContextInjected()" classname="org.springframework.test.context.junit.jupiter.TestConstructorAnnotationIntegrationTests" time="0.001"/>
  <testcase name="propertyPlaceholderInjected()" classname="org.springframework.test.context.junit.jupiter.TestConstructorAnnotationIntegrationTests" time="0.0"/>
  <testcase name="beansInjected()" classname="org.springframework.test.context.junit.jupiter.TestConstructorAnnotationIntegrationTests" time="0.001"/>
  <system-out><![CDATA[]]></system-out>
  <system-err><![CDATA[]]></system-err>
</testsuite>
