<?xml version="1.0" encoding="UTF-8"?>
<testsuite name="org.springframework.test.context.jdbc.NonTransactionalSqlScriptsTests" tests="2" skipped="0" failures="0" errors="0" timestamp="2020-05-29T13:58:52" hostname="bamboo-18" time="0.006">
  <properties/>
  <testcase name="classLevelScripts()" classname="org.springframework.test.context.jdbc.NonTransactionalSqlScriptsTests" time="0.004"/>
  <testcase name="methodLevelScripts()" classname="org.springframework.test.context.jdbc.NonTransactionalSqlScriptsTests" time="0.002"/>
  <system-out><![CDATA[]]></system-out>
  <system-err><![CDATA[]]></system-err>
</testsuite>
