<?xml version="1.0" encoding="UTF-8"?>
<testsuite name="org.springframework.test.context.jdbc.TransactionalAfterTestMethodSqlScriptsTests" tests="2" skipped="0" failures="0" errors="0" timestamp="2021-06-20T08:12:04" hostname="gankangdembp" time="0.347">
  <properties/>
  <testcase name="test01()" classname="org.springframework.test.context.jdbc.TransactionalAfterTestMethodSqlScriptsTests" time="0.309"/>
  <testcase name="test02()" classname="org.springframework.test.context.jdbc.TransactionalAfterTestMethodSqlScriptsTests" time="0.037"/>
  <system-out><![CDATA[]]></system-out>
  <system-err><![CDATA[]]></system-err>
</testsuite>
