<?xml version="1.0" encoding="UTF-8"?>
<testsuite name="org.springframework.test.web.reactive.server.DefaultRouterFunctionSpecTests" tests="2" skipped="0" failures="0" errors="0" timestamp="2020-05-29T13:59:33" hostname="bamboo-18" time="0.025">
  <properties/>
  <testcase name="webFilter()" classname="org.springframework.test.web.reactive.server.DefaultRouterFunctionSpecTests" time="0.014"/>
  <testcase name="exceptionHandler()" classname="org.springframework.test.web.reactive.server.DefaultRouterFunctionSpecTests" time="0.011"/>
  <system-out><![CDATA[]]></system-out>
  <system-err><![CDATA[]]></system-err>
</testsuite>
