<?xml version="1.0" encoding="UTF-8"?>
<testsuite name="org.springframework.test.context.support.BootstrapTestUtilsContextInitializerTests" tests="5" skipped="0" failures="0" errors="0" timestamp="2020-05-29T13:58:51" hostname="bamboo-18" time="0.035">
  <properties/>
  <testcase name="buildMergedConfigWithOverriddenInitializers()" classname="org.springframework.test.context.support.BootstrapTestUtilsContextInitializerTests" time="0.025"/>
  <testcase name="buildMergedConfigWithLocalAndInheritedInitializer()" classname="org.springframework.test.context.support.BootstrapTestUtilsContextInitializerTests" time="0.002"/>
  <testcase name="buildMergedConfigWithOverriddenInitializersAndClasses()" classname="org.springframework.test.context.support.BootstrapTestUtilsContextInitializerTests" time="0.0"/>
  <testcase name="buildMergedConfigWithSingleLocalInitializer()" classname="org.springframework.test.context.support.BootstrapTestUtilsContextInitializerTests" time="0.004"/>
  <testcase name="buildMergedConfigWithLocalInitializerAndConfigClass()" classname="org.springframework.test.context.support.BootstrapTestUtilsContextInitializerTests" time="0.003"/>
  <system-out><![CDATA[]]></system-out>
  <system-err><![CDATA[]]></system-err>
</testsuite>
