<?xml version="1.0" encoding="UTF-8"?>
<testsuite name="org.springframework.test.web.reactive.server.samples.JsonContentTests" tests="4" skipped="0" failures="0" errors="0" timestamp="2021-06-20T08:12:55" hostname="gankangdembp" time="0.257">
  <properties/>
  <testcase name="jsonPathIsEqualTo()" classname="org.springframework.test.web.reactive.server.samples.JsonContentTests" time="0.009"/>
  <testcase name="jsonContent()" classname="org.springframework.test.web.reactive.server.samples.JsonContentTests" time="0.026"/>
  <testcase name="postJsonContent()" classname="org.springframework.test.web.reactive.server.samples.JsonContentTests" time="0.008"/>
  <testcase name="jsonPathMatches()" classname="org.springframework.test.web.reactive.server.samples.JsonContentTests" time="0.006"/>
  <system-out><![CDATA[]]></system-out>
  <system-err><![CDATA[]]></system-err>
</testsuite>
