<?xml version="1.0" encoding="UTF-8"?>
<testsuite name="org.springframework.test.context.web.ServletTestExecutionListenerTests" tests="6" skipped="0" failures="0" errors="0" timestamp="2020-05-29T13:58:56" hostname="bamboo-18" time="0.022">
  <properties/>
  <testcase name="legacyWebTestCaseWithPresetRequestAttributes()" classname="org.springframework.test.context.web.ServletTestExecutionListenerTests" time="0.002"/>
  <testcase name="standardApplicationContext()" classname="org.springframework.test.context.web.ServletTestExecutionListenerTests" time="0.004"/>
  <testcase name="activateListenerWithoutExistingRequestAttributes()" classname="org.springframework.test.context.web.ServletTestExecutionListenerTests" time="0.003"/>
  <testcase name="atWebAppConfigTestCaseWithoutExistingRequestAttributes()" classname="org.springframework.test.context.web.ServletTestExecutionListenerTests" time="0.003"/>
  <testcase name="legacyWebTestCaseWithoutExistingRequestAttributes()" classname="org.springframework.test.context.web.ServletTestExecutionListenerTests" time="0.006"/>
  <testcase name="atWebAppConfigTestCaseWithPresetRequestAttributes()" classname="org.springframework.test.context.web.ServletTestExecutionListenerTests" time="0.002"/>
  <system-out><![CDATA[]]></system-out>
  <system-err><![CDATA[]]></system-err>
</testsuite>
