<?xml version="1.0" encoding="UTF-8"?>
<testsuite name="org.springframework.test.web.servlet.samples.standalone.FrameworkExtensionTests" tests="2" skipped="0" failures="0" errors="0" timestamp="2021-06-20T08:12:26" hostname="gankangdembp" time="0.242">
  <properties/>
  <testcase name="fooHeader()" classname="org.springframework.test.web.servlet.samples.standalone.FrameworkExtensionTests" time="0.149"/>
  <testcase name="barHeader()" classname="org.springframework.test.web.servlet.samples.standalone.FrameworkExtensionTests" time="0.091"/>
  <system-out><![CDATA[]]></system-out>
  <system-err><![CDATA[]]></system-err>
</testsuite>
