<?xml version="1.0" encoding="UTF-8"?>
<testsuite name="org.springframework.test.context.junit.jupiter.generics.GenericsAndNestedTests$DogTests" tests="2" skipped="0" failures="0" errors="0" timestamp="2021-06-20T08:11:23" hostname="gankangdembp" time="0.021">
  <properties/>
  <testcase name="autowiredParameterByTypeForSingleGenericBean(Character)" classname="org.springframework.test.context.junit.jupiter.generics.GenericsAndNestedTests$DogTests" time="0.016"/>
  <testcase name="autowiredFields()" classname="org.springframework.test.context.junit.jupiter.generics.GenericsAndNestedTests$DogTests" time="0.003"/>
  <system-out><![CDATA[]]></system-out>
  <system-err><![CDATA[]]></system-err>
</testsuite>
