<?xml version="1.0" encoding="UTF-8"?>
<testsuite name="org.springframework.test.context.junit4.nested.NestedTestsWithSpringRulesTests" tests="1" skipped="0" failures="0" errors="0" timestamp="2021-06-20T08:13:24" hostname="gankangdembp" time="0.012">
  <properties/>
  <testcase name="topLevelTest" classname="org.springframework.test.context.junit4.nested.NestedTestsWithSpringRulesTests" time="0.012"/>
  <system-out><![CDATA[]]></system-out>
  <system-err><![CDATA[]]></system-err>
</testsuite>
