<?xml version="1.0" encoding="UTF-8"?>
<testsuite name="org.springframework.test.web.reactive.server.samples.bind.WebFilterTests" tests="1" skipped="0" failures="0" errors="0" timestamp="2021-06-20T08:12:57" hostname="gankangdembp" time="0.003">
  <properties/>
  <testcase name="testWebFilter()" classname="org.springframework.test.web.reactive.server.samples.bind.WebFilterTests" time="0.003"/>
  <system-out><![CDATA[]]></system-out>
  <system-err><![CDATA[]]></system-err>
</testsuite>
