<?xml version="1.0" encoding="UTF-8"?>
<testsuite name="org.springframework.test.context.jdbc.TransactionalSqlScriptsTests" tests="2" skipped="0" failures="0" errors="0" timestamp="2021-06-20T08:12:02" hostname="gankangdembp" time="0.033">
  <properties/>
  <testcase name="classLevelScripts()" classname="org.springframework.test.context.jdbc.TransactionalSqlScriptsTests" time="0.024"/>
  <testcase name="methodLevelScripts()" classname="org.springframework.test.context.jdbc.TransactionalSqlScriptsTests" time="0.009"/>
  <system-out><![CDATA[]]></system-out>
  <system-err><![CDATA[]]></system-err>
</testsuite>
