<?xml version="1.0" encoding="UTF-8"?>
<testsuite name="org.springframework.test.web.servlet.result.StatusResultMatchersTests" tests="2" skipped="0" failures="0" errors="0" timestamp="2020-05-29T13:59:14" hostname="bamboo-18" time="0.012">
  <properties/>
  <testcase name="testHttpStatusCodeResultMatchers()" classname="org.springframework.test.web.servlet.result.StatusResultMatchersTests" time="0.005"/>
  <testcase name="statusRanges()" classname="org.springframework.test.web.servlet.result.StatusResultMatchersTests" time="0.007"/>
  <system-out><![CDATA[]]></system-out>
  <system-err><![CDATA[]]></system-err>
</testsuite>
