<?xml version="1.0" encoding="UTF-8"?>
<testsuite name="org.springframework.test.web.servlet.samples.standalone.resultmatchers.RequestAttributeAssertionTests" tests="2" skipped="0" failures="0" errors="0" timestamp="2020-05-29T13:59:18" hostname="bamboo-18" time="0.032">
  <properties/>
  <testcase name="requestAttributeMatcher()" classname="org.springframework.test.web.servlet.samples.standalone.resultmatchers.RequestAttributeAssertionTests" time="0.001"/>
  <testcase name="requestAttributeEqualTo()" classname="org.springframework.test.web.servlet.samples.standalone.resultmatchers.RequestAttributeAssertionTests" time="0.003"/>
  <system-out><![CDATA[]]></system-out>
  <system-err><![CDATA[]]></system-err>
</testsuite>
