<?xml version="1.0" encoding="UTF-8"?>
<testsuite name="org.springframework.test.web.servlet.result.StatusResultMatchersTests" tests="2" skipped="0" failures="0" errors="0" timestamp="2021-06-20T08:12:23" hostname="gankangdembp" time="0.016">
  <properties/>
  <testcase name="testHttpStatusCodeResultMatchers()" classname="org.springframework.test.web.servlet.result.StatusResultMatchersTests" time="0.012"/>
  <testcase name="statusRanges()" classname="org.springframework.test.web.servlet.result.StatusResultMatchersTests" time="0.004"/>
  <system-out><![CDATA[]]></system-out>
  <system-err><![CDATA[]]></system-err>
</testsuite>
