<?xml version="1.0" encoding="UTF-8"?>
<testsuite name="org.springframework.test.context.jdbc.MultipleDataSourcesAndTransactionManagersTransactionalSqlScriptsTests" tests="2" skipped="0" failures="0" errors="0" timestamp="2020-05-29T13:58:52" hostname="bamboo-18" time="0.008">
  <properties/>
  <testcase name="database1()" classname="org.springframework.test.context.jdbc.MultipleDataSourcesAndTransactionManagersTransactionalSqlScriptsTests" time="0.005"/>
  <testcase name="database2()" classname="org.springframework.test.context.jdbc.MultipleDataSourcesAndTransactionManagersTransactionalSqlScriptsTests" time="0.002"/>
  <system-out><![CDATA[]]></system-out>
  <system-err><![CDATA[]]></system-err>
</testsuite>
