<?xml version="1.0" encoding="UTF-8"?>
<testsuite name="org.springframework.test.web.servlet.request.MockMultipartHttpServletRequestBuilderTests" tests="1" skipped="0" failures="0" errors="0" timestamp="2021-06-20T08:12:44" hostname="gankangdembp" time="0.0">
  <properties/>
  <testcase name="test()" classname="org.springframework.test.web.servlet.request.MockMultipartHttpServletRequestBuilderTests" time="0.0"/>
  <system-out><![CDATA[]]></system-out>
  <system-err><![CDATA[]]></system-err>
</testsuite>
