<?xml version="1.0" encoding="UTF-8"?>
<testsuite name="org.springframework.test.web.servlet.samples.standalone.FilterTests" tests="7" skipped="0" failures="0" errors="0" timestamp="2020-05-29T13:59:19" hostname="bamboo-18" time="0.33">
  <properties/>
  <testcase name="filtersProcessRequest()" classname="org.springframework.test.web.servlet.samples.standalone.FilterTests" time="0.029"/>
  <testcase name="filterMappedBySuffix()" classname="org.springframework.test.web.servlet.samples.standalone.FilterTests" time="0.021"/>
  <testcase name="whenFiltersCompleteMvcProcessesRequest()" classname="org.springframework.test.web.servlet.samples.standalone.FilterTests" time="0.05"/>
  <testcase name="filterWrapsRequestResponseAndPerformsAsyncDispatch()" classname="org.springframework.test.web.servlet.samples.standalone.FilterTests" time="0.124"/>
  <testcase name="filterWrapsRequestResponse()" classname="org.springframework.test.web.servlet.samples.standalone.FilterTests" time="0.049"/>
  <testcase name="filterWithExactMapping()" classname="org.springframework.test.web.servlet.samples.standalone.FilterTests" time="0.018"/>
  <testcase name="filterSkipped()" classname="org.springframework.test.web.servlet.samples.standalone.FilterTests" time="0.039"/>
  <system-out><![CDATA[]]></system-out>
  <system-err><![CDATA[]]></system-err>
</testsuite>
