<?xml version="1.0" encoding="UTF-8"?>
<testsuite name="org.springframework.test.web.servlet.htmlunit.webdriver.MockMvcHtmlUnitDriverBuilderTests" tests="7" skipped="0" failures="0" errors="0" timestamp="2021-06-20T08:12:50" hostname="gankangdembp" time="0.256">
  <properties/>
  <testcase name="mockMvcSetupWithDefaultDriverDelegate()" classname="org.springframework.test.web.servlet.htmlunit.webdriver.MockMvcHtmlUnitDriverBuilderTests" time="0.098"/>
  <testcase name="mockMvcSetupWithCustomDriverDelegate()" classname="org.springframework.test.web.servlet.htmlunit.webdriver.MockMvcHtmlUnitDriverBuilderTests" time="0.029"/>
  <testcase name="cookieManagerShared()" classname="org.springframework.test.web.servlet.htmlunit.webdriver.MockMvcHtmlUnitDriverBuilderTests" time="0.074"/>
  <testcase name="javaScriptDisabled()" classname="org.springframework.test.web.servlet.htmlunit.webdriver.MockMvcHtmlUnitDriverBuilderTests" time="0.019"/>
  <testcase name="webAppContextSetupNull()" classname="org.springframework.test.web.servlet.htmlunit.webdriver.MockMvcHtmlUnitDriverBuilderTests" time="0.001"/>
  <testcase name="mockMvcSetupNull()" classname="org.springframework.test.web.servlet.htmlunit.webdriver.MockMvcHtmlUnitDriverBuilderTests" time="0.002"/>
  <testcase name="javaScriptEnabledByDefault()" classname="org.springframework.test.web.servlet.htmlunit.webdriver.MockMvcHtmlUnitDriverBuilderTests" time="0.026"/>
  <system-out><![CDATA[]]></system-out>
  <system-err><![CDATA[]]></system-err>
</testsuite>
