<?xml version="1.0" encoding="UTF-8"?>
<testsuite name="org.springframework.test.web.servlet.samples.spr.FormContentTests" tests="1" skipped="0" failures="0" errors="0" timestamp="2021-06-20T08:12:43" hostname="gankangdembp" time="0.143">
  <properties/>
  <testcase name="formContentIsNotDuplicated()" classname="org.springframework.test.web.servlet.samples.spr.FormContentTests" time="0.143"/>
  <system-out><![CDATA[]]></system-out>
  <system-err><![CDATA[]]></system-err>
</testsuite>
