<?xml version="1.0" encoding="UTF-8"?>
<testsuite name="org.springframework.test.web.client.match.MockRestRequestMatchersTests" tests="21" skipped="0" failures="0" errors="0" timestamp="2021-06-20T08:12:58" hostname="gankangdembp" time="0.045">
  <properties/>
  <testcase name="queryParamContainsWithMissingValue()" classname="org.springframework.test.web.client.match.MockRestRequestMatchersTests" time="0.001"/>
  <testcase name="headerDoesNotExist()" classname="org.springframework.test.web.client.match.MockRestRequestMatchersTests" time="0.001"/>
  <testcase name="queryParamMissingValue()" classname="org.springframework.test.web.client.match.MockRestRequestMatchersTests" time="0.002"/>
  <testcase name="header()" classname="org.springframework.test.web.client.match.MockRestRequestMatchersTests" time="0.001"/>
  <testcase name="queryParamContains()" classname="org.springframework.test.web.client.match.MockRestRequestMatchersTests" time="0.0"/>
  <testcase name="method()" classname="org.springframework.test.web.client.match.MockRestRequestMatchersTests" time="0.0"/>
  <testcase name="headerContainsWithMissingValue()" classname="org.springframework.test.web.client.match.MockRestRequestMatchersTests" time="0.016"/>
  <testcase name="requestToNoMatch()" classname="org.springframework.test.web.client.match.MockRestRequestMatchersTests" time="0.002"/>
  <testcase name="headersWithMissingValue()" classname="org.springframework.test.web.client.match.MockRestRequestMatchersTests" time="0.002"/>
  <testcase name="queryParam()" classname="org.springframework.test.web.client.match.MockRestRequestMatchersTests" time="0.001"/>
  <testcase name="requestToUriTemplate()" classname="org.springframework.test.web.client.match.MockRestRequestMatchersTests" time="0.001"/>
  <testcase name="headersWithMissingHeader()" classname="org.springframework.test.web.client.match.MockRestRequestMatchersTests" time="0.001"/>
  <testcase name="methodNoMatch()" classname="org.springframework.test.web.client.match.MockRestRequestMatchersTests" time="0.001"/>
  <testcase name="queryParamMissing()" classname="org.springframework.test.web.client.match.MockRestRequestMatchersTests" time="0.001"/>
  <testcase name="requestToContains()" classname="org.springframework.test.web.client.match.MockRestRequestMatchersTests" time="0.001"/>
  <testcase name="requestTo()" classname="org.springframework.test.web.client.match.MockRestRequestMatchersTests" time="0.001"/>
  <testcase name="headerMissing()" classname="org.springframework.test.web.client.match.MockRestRequestMatchersTests" time="0.001"/>
  <testcase name="headers()" classname="org.springframework.test.web.client.match.MockRestRequestMatchersTests" time="0.001"/>
  <testcase name="headerContains()" classname="org.springframework.test.web.client.match.MockRestRequestMatchersTests" time="0.0"/>
  <testcase name="headerContainsWithMissingHeader()" classname="org.springframework.test.web.client.match.MockRestRequestMatchersTests" time="0.001"/>
  <testcase name="headerMissingValue()" classname="org.springframework.test.web.client.match.MockRestRequestMatchersTests" time="0.0"/>
  <system-out><![CDATA[]]></system-out>
  <system-err><![CDATA[]]></system-err>
</testsuite>
