<?xml version="1.0" encoding="UTF-8"?>
<testsuite name="org.springframework.test.context.junit4.rules.Subclass1AppCtxRuleTests" tests="2" skipped="0" failures="0" errors="0" timestamp="2020-05-29T13:59:44" hostname="bamboo-18" time="0.03">
  <properties/>
  <testcase name="bar" classname="org.springframework.test.context.junit4.rules.Subclass1AppCtxRuleTests" time="0.03"/>
  <testcase name="foo" classname="org.springframework.test.context.junit4.rules.Subclass1AppCtxRuleTests" time="0.0"/>
  <system-out><![CDATA[]]></system-out>
  <system-err><![CDATA[]]></system-err>
</testsuite>
