<?xml version="1.0" encoding="UTF-8"?>
<testsuite name="org.springframework.test.context.configuration.interfaces.TestPropertySourceInterfaceTests" tests="1" skipped="0" failures="0" errors="0" timestamp="2021-06-20T08:11:10" hostname="gankangdembp" time="0.011">
  <properties/>
  <testcase name="propertiesAreAvailableInEnvironment()" classname="org.springframework.test.context.configuration.interfaces.TestPropertySourceInterfaceTests" time="0.011"/>
  <system-out><![CDATA[]]></system-out>
  <system-err><![CDATA[]]></system-err>
</testsuite>
