<?xml version="1.0" encoding="UTF-8"?>
<testsuite name="org.springframework.test.web.client.samples.MockMvcClientHttpRequestFactoryTests" tests="2" skipped="0" failures="0" errors="0" timestamp="2020-05-29T13:59:12" hostname="bamboo-18" time="0.04">
  <properties/>
  <testcase name="testAsyncTemplate()" classname="org.springframework.test.web.client.samples.MockMvcClientHttpRequestFactoryTests" time="0.023"/>
  <testcase name="test()" classname="org.springframework.test.web.client.samples.MockMvcClientHttpRequestFactoryTests" time="0.017"/>
  <system-out><![CDATA[]]></system-out>
  <system-err><![CDATA[]]></system-err>
</testsuite>
