<?xml version="1.0" encoding="UTF-8"?>
<testsuite name="org.springframework.test.web.servlet.samples.spr.RequestContextHolderTests" tests="4" skipped="0" failures="0" errors="0" timestamp="2020-05-29T13:59:24" hostname="bamboo-18" time="0.025">
  <properties/>
  <testcase name="requestScopedController()" classname="org.springframework.test.web.servlet.samples.spr.RequestContextHolderTests" time="0.008"/>
  <testcase name="sessionScopedService()" classname="org.springframework.test.web.servlet.samples.spr.RequestContextHolderTests" time="0.01"/>
  <testcase name="requestScopedService()" classname="org.springframework.test.web.servlet.samples.spr.RequestContextHolderTests" time="0.003"/>
  <testcase name="singletonController()" classname="org.springframework.test.web.servlet.samples.spr.RequestContextHolderTests" time="0.003"/>
  <system-out><![CDATA[]]></system-out>
  <system-err><![CDATA[]]></system-err>
</testsuite>
