<?xml version="1.0" encoding="UTF-8"?>
<testsuite name="org.springframework.test.context.junit.jupiter.web.MultipleWebRequestsSpringExtensionTests" tests="2" skipped="0" failures="0" errors="0" timestamp="2021-06-20T08:11:56" hostname="gankangdembp" time="1.318">
  <properties/>
  <testcase name="getPerson42()" classname="org.springframework.test.context.junit.jupiter.web.MultipleWebRequestsSpringExtensionTests" time="1.281"/>
  <testcase name="getPerson99()" classname="org.springframework.test.context.junit.jupiter.web.MultipleWebRequestsSpringExtensionTests" time="0.036"/>
  <system-out><![CDATA[]]></system-out>
  <system-err><![CDATA[]]></system-err>
</testsuite>
