<?xml version="1.0" encoding="UTF-8"?>
<testsuite name="org.springframework.test.context.web.RequestAndSessionScopedBeansWacTests" tests="2" skipped="0" failures="0" errors="0" timestamp="2021-06-20T08:12:00" hostname="gankangdembp" time="0.022">
  <properties/>
  <testcase name="sessionScope()" classname="org.springframework.test.context.web.RequestAndSessionScopedBeansWacTests" time="0.015"/>
  <testcase name="requestScope()" classname="org.springframework.test.context.web.RequestAndSessionScopedBeansWacTests" time="0.006"/>
  <system-out><![CDATA[]]></system-out>
  <system-err><![CDATA[]]></system-err>
</testsuite>
