<?xml version="1.0" encoding="UTF-8"?>
<testsuite name="org.springframework.test.context.TestContextConcurrencyTests" tests="1" skipped="0" failures="0" errors="0" timestamp="2021-06-20T08:11:15" hostname="gankangdembp" time="0.056">
  <properties/>
  <testcase name="invokeTestContextManagerFromConcurrentThreads()" classname="org.springframework.test.context.TestContextConcurrencyTests" time="0.056"/>
  <system-out><![CDATA[]]></system-out>
  <system-err><![CDATA[]]></system-err>
</testsuite>
