<?xml version="1.0" encoding="UTF-8"?>
<testsuite name="org.springframework.test.context.junit4.annotation.meta.ConfigClassesAndProfilesWithCustomDefaultsMetaConfigTests" tests="1" skipped="0" failures="0" errors="0" timestamp="2020-05-29T13:59:42" hostname="bamboo-18" time="0.01">
  <properties/>
  <testcase name="foo" classname="org.springframework.test.context.junit4.annotation.meta.ConfigClassesAndProfilesWithCustomDefaultsMetaConfigTests" time="0.01"/>
  <system-out><![CDATA[]]></system-out>
  <system-err><![CDATA[]]></system-err>
</testsuite>
