<?xml version="1.0" encoding="UTF-8"?>
<testsuite name="org.springframework.test.web.reactive.server.HttpHandlerConnectorTests" tests="3" skipped="0" failures="0" errors="0" timestamp="2021-06-20T08:12:51" hostname="gankangdembp" time="0.012">
  <properties/>
  <testcase name="adaptResponse()" classname="org.springframework.test.web.reactive.server.HttpHandlerConnectorTests" time="0.007"/>
  <testcase name="handlerOnNonBlockingThread()" classname="org.springframework.test.web.reactive.server.HttpHandlerConnectorTests" time="0.002"/>
  <testcase name="adaptRequest()" classname="org.springframework.test.web.reactive.server.HttpHandlerConnectorTests" time="0.003"/>
  <system-out><![CDATA[]]></system-out>
  <system-err><![CDATA[]]></system-err>
</testsuite>
