<?xml version="1.0" encoding="UTF-8"?>
<testsuite name="org.springframework.test.context.junit4.rules.BaseAppCtxRuleTests" tests="1" skipped="0" failures="0" errors="0" timestamp="2020-05-29T13:59:43" hostname="bamboo-18" time="0.016">
  <properties/>
  <testcase name="foo" classname="org.springframework.test.context.junit4.rules.BaseAppCtxRuleTests" time="0.016"/>
  <system-out><![CDATA[]]></system-out>
  <system-err><![CDATA[]]></system-err>
</testsuite>
