<?xml version="1.0" encoding="UTF-8"?>
<testsuite name="org.springframework.test.web.servlet.samples.standalone.resultmatchers.FlashAttributeAssertionTests" tests="4" skipped="0" failures="0" errors="0" timestamp="2020-05-29T13:59:18" hostname="bamboo-18" time="0.078">
  <properties/>
  <testcase name="attributeExists()" classname="org.springframework.test.web.servlet.samples.standalone.resultmatchers.FlashAttributeAssertionTests" time="0.002"/>
  <testcase name="attributeEqualTo()" classname="org.springframework.test.web.servlet.samples.standalone.resultmatchers.FlashAttributeAssertionTests" time="0.005"/>
  <testcase name="attributeCountWithWrongCount()" classname="org.springframework.test.web.servlet.samples.standalone.resultmatchers.FlashAttributeAssertionTests" time="0.002"/>
  <testcase name="attributeMatchers()" classname="org.springframework.test.web.servlet.samples.standalone.resultmatchers.FlashAttributeAssertionTests" time="0.012"/>
  <system-out><![CDATA[]]></system-out>
  <system-err><![CDATA[]]></system-err>
</testsuite>
