<?xml version="1.0" encoding="UTF-8"?>
<testsuite name="org.springframework.test.context.support.GenericXmlContextLoaderTests" tests="1" skipped="0" failures="0" errors="0" timestamp="2021-06-20T08:12:12" hostname="gankangdembp" time="0.003">
  <properties/>
  <testcase name="configMustNotContainAnnotatedClasses()" classname="org.springframework.test.context.support.GenericXmlContextLoaderTests" time="0.003"/>
  <system-out><![CDATA[16:12:12.231 [Test worker] ERROR o.s.t.c.s.AbstractGenericContextLoader - Test class [org.springframework.test.context.support.GenericXmlContextLoaderTests] has been configured with @ContextConfiguration's 'classes' attribute {class org.springframework.test.context.support.GenericXmlContextLoaderTests}, but GenericXmlContextLoader does not support annotated classes.
]]></system-out>
  <system-err><![CDATA[]]></system-err>
</testsuite>
