<?xml version="1.0" encoding="UTF-8"?>
<testsuite name="org.springframework.test.context.expression.ExpressionUsageTests" tests="2" skipped="0" failures="0" errors="0" timestamp="2020-05-29T13:58:56" hostname="bamboo-18" time="0.007">
  <properties/>
  <testcase name="testSpr5847()" classname="org.springframework.test.context.expression.ExpressionUsageTests" time="0.006"/>
  <testcase name="testSpr5906()" classname="org.springframework.test.context.expression.ExpressionUsageTests" time="0.001"/>
  <system-out><![CDATA[]]></system-out>
  <system-err><![CDATA[]]></system-err>
</testsuite>
