<?xml version="1.0" encoding="UTF-8"?>
<testsuite name="org.springframework.test.context.hierarchies.web.EarTests" tests="1" skipped="0" failures="0" errors="0" timestamp="2020-05-29T13:58:56" hostname="bamboo-18" time="0.0">
  <properties/>
  <testcase name="verifyEarConfig()" classname="org.springframework.test.context.hierarchies.web.EarTests" time="0.0"/>
  <system-out><![CDATA[]]></system-out>
  <system-err><![CDATA[]]></system-err>
</testsuite>
