<?xml version="1.0" encoding="UTF-8"?>
<testsuite name="org.springframework.test.context.transaction.manager.LookUpTxMgrNonTransactionalTests" tests="1" skipped="0" failures="0" errors="0" timestamp="2021-06-20T08:10:51" hostname="gankangdembp" time="0.002">
  <properties/>
  <testcase name="nonTransactionalTest()" classname="org.springframework.test.context.transaction.manager.LookUpTxMgrNonTransactionalTests" time="0.002"/>
  <system-out><![CDATA[]]></system-out>
  <system-err><![CDATA[]]></system-err>
</testsuite>
