<?xml version="1.0" encoding="UTF-8"?>
<testsuite name="org.springframework.test.web.reactive.server.samples.XmlContentTests" tests="5" skipped="0" failures="0" errors="0" timestamp="2020-05-29T13:59:33" hostname="bamboo-18" time="0.526">
  <properties/>
  <testcase name="postXmlContent()" classname="org.springframework.test.web.reactive.server.samples.XmlContentTests" time="0.149"/>
  <testcase name="xpathIsEqualTo()" classname="org.springframework.test.web.reactive.server.samples.XmlContentTests" time="0.085"/>
  <testcase name="xpathContainsSubstringViaRegex()" classname="org.springframework.test.web.reactive.server.samples.XmlContentTests" time="0.021"/>
  <testcase name="xmlContent()" classname="org.springframework.test.web.reactive.server.samples.XmlContentTests" time="0.075"/>
  <testcase name="xpathMatches()" classname="org.springframework.test.web.reactive.server.samples.XmlContentTests" time="0.007"/>
  <system-out><![CDATA[]]></system-out>
  <system-err><![CDATA[]]></system-err>
</testsuite>
