<?xml version="1.0" encoding="UTF-8"?>
<testsuite name="org.springframework.test.web.servlet.samples.spr.ControllerAdviceIntegrationTests" tests="2" skipped="0" failures="0" errors="0" timestamp="2020-05-29T13:59:24" hostname="bamboo-18" time="0.013">
  <properties/>
  <testcase name="prototypeAndRequestScopedControllerAdviceBeansAreNotCached()" classname="org.springframework.test.web.servlet.samples.spr.ControllerAdviceIntegrationTests" time="0.011"/>
  <testcase name="controllerAdviceIsAppliedOnlyOnce()" classname="org.springframework.test.web.servlet.samples.spr.ControllerAdviceIntegrationTests" time="0.001"/>
  <system-out><![CDATA[]]></system-out>
  <system-err><![CDATA[]]></system-err>
</testsuite>
