<?xml version="1.0" encoding="UTF-8"?>
<testsuite name="org.springframework.test.web.servlet.samples.standalone.resultmatchers.SessionAttributeAssertionTests" tests="3" skipped="0" failures="0" errors="0" timestamp="2020-05-29T13:59:16" hostname="bamboo-18" time="0.135">
  <properties/>
  <testcase name="sessionAttributeEqualTo()" classname="org.springframework.test.web.servlet.samples.standalone.resultmatchers.SessionAttributeAssertionTests" time="0.052"/>
  <testcase name="sessionAttributeDoesNotExist()" classname="org.springframework.test.web.servlet.samples.standalone.resultmatchers.SessionAttributeAssertionTests" time="0.008"/>
  <testcase name="sessionAttributeMatcher()" classname="org.springframework.test.web.servlet.samples.standalone.resultmatchers.SessionAttributeAssertionTests" time="0.005"/>
  <system-out><![CDATA[]]></system-out>
  <system-err><![CDATA[]]></system-err>
</testsuite>
