<?xml version="1.0" encoding="UTF-8"?>
<testsuite name="org.springframework.test.web.client.MockRestServiceServerTests" tests="8" skipped="0" failures="0" errors="0" timestamp="2020-05-29T13:59:14" hostname="bamboo-18" time="0.083">
  <properties/>
  <testcase name="verifyShouldFailIfRequestsFailed()" classname="org.springframework.test.web.client.MockRestServiceServerTests" time="0.008"/>
  <testcase name="buildMultipleTimes()" classname="org.springframework.test.web.client.MockRestServiceServerTests" time="0.03"/>
  <testcase name="resetClearsRequestFailures()" classname="org.springframework.test.web.client.MockRestServiceServerTests" time="0.001"/>
  <testcase name="resetAndReuseServer()" classname="org.springframework.test.web.client.MockRestServiceServerTests" time="0.0"/>
  <testcase name="followUpRequestAfterFailure()" classname="org.springframework.test.web.client.MockRestServiceServerTests" time="0.001"/>
  <testcase name="exactExpectOrder()" classname="org.springframework.test.web.client.MockRestServiceServerTests" time="0.0"/>
  <testcase name="resetAndReuseServerWithUnorderedExpectationManager()" classname="org.springframework.test.web.client.MockRestServiceServerTests" time="0.0"/>
  <testcase name="ignoreExpectOrder()" classname="org.springframework.test.web.client.MockRestServiceServerTests" time="0.001"/>
  <system-out><![CDATA[]]></system-out>
  <system-err><![CDATA[]]></system-err>
</testsuite>
