<?xml version="1.0" encoding="UTF-8"?>
<testsuite name="org.springframework.test.web.client.samples.SampleTests" tests="7" skipped="0" failures="0" errors="0" timestamp="2020-05-29T13:59:12" hostname="bamboo-18" time="0.132">
  <properties/>
  <testcase name="performGetManyTimes()" classname="org.springframework.test.web.client.samples.SampleTests" time="0.035"/>
  <testcase name="expectNeverViolated()" classname="org.springframework.test.web.client.samples.SampleTests" time="0.012"/>
  <testcase name="verify()" classname="org.springframework.test.web.client.samples.SampleTests" time="0.009"/>
  <testcase name="performGetWithResponseBodyFromFile()" classname="org.springframework.test.web.client.samples.SampleTests" time="0.022"/>
  <testcase name="repeatedAccessToResponseViaResource()" classname="org.springframework.test.web.client.samples.SampleTests" time="0.032"/>
  <testcase name="expectNever()" classname="org.springframework.test.web.client.samples.SampleTests" time="0.017"/>
  <testcase name="performGet()" classname="org.springframework.test.web.client.samples.SampleTests" time="0.005"/>
  <system-out><![CDATA[]]></system-out>
  <system-err><![CDATA[]]></system-err>
</testsuite>
