<?xml version="1.0" encoding="UTF-8"?>
<testsuite name="org.springframework.test.web.servlet.samples.standalone.resultmatchers.RequestAttributeAssertionTests" tests="2" skipped="0" failures="0" errors="0" timestamp="2021-06-20T08:12:41" hostname="gankangdembp" time="0.065">
  <properties/>
  <testcase name="requestAttributeMatcher()" classname="org.springframework.test.web.servlet.samples.standalone.resultmatchers.RequestAttributeAssertionTests" time="0.003"/>
  <testcase name="requestAttributeEqualTo()" classname="org.springframework.test.web.servlet.samples.standalone.resultmatchers.RequestAttributeAssertionTests" time="0.002"/>
  <system-out><![CDATA[]]></system-out>
  <system-err><![CDATA[]]></system-err>
</testsuite>
