<?xml version="1.0" encoding="UTF-8"?>
<testsuite name="org.springframework.test.context.junit4.rules.ProgrammaticTxMgmtSpringRuleTests" tests="12" skipped="0" failures="0" errors="0" timestamp="2021-06-20T08:13:15" hostname="gankangdembp" time="0.151">
  <properties/>
  <testcase name="rollbackTxAndStartNewTx" classname="org.springframework.test.context.junit4.rules.ProgrammaticTxMgmtSpringRuleTests" time="0.075"/>
  <testcase name="isFlaggedForRollbackWithNonExistentTransactionContext" classname="org.springframework.test.context.junit4.rules.ProgrammaticTxMgmtSpringRuleTests" time="0.003"/>
  <testcase name="flagForCommitWithNonExistentTransactionContext" classname="org.springframework.test.context.junit4.rules.ProgrammaticTxMgmtSpringRuleTests" time="0.002"/>
  <testcase name="isActiveWithNonExistentTransactionContext" classname="org.springframework.test.context.junit4.rules.ProgrammaticTxMgmtSpringRuleTests" time="0.001"/>
  <testcase name="flagForRollbackWithNonExistentTransactionContext" classname="org.springframework.test.context.junit4.rules.ProgrammaticTxMgmtSpringRuleTests" time="0.016"/>
  <testcase name="endTxWithNonExistentTransactionContext" classname="org.springframework.test.context.junit4.rules.ProgrammaticTxMgmtSpringRuleTests" time="0.002"/>
  <testcase name="rollbackTxButDoNotStartNewTx" classname="org.springframework.test.context.junit4.rules.ProgrammaticTxMgmtSpringRuleTests" time="0.004"/>
  <testcase name="startTxWithExistingTransaction" classname="org.springframework.test.context.junit4.rules.ProgrammaticTxMgmtSpringRuleTests" time="0.012"/>
  <testcase name="startTxWithNonExistentTransactionContext" classname="org.springframework.test.context.junit4.rules.ProgrammaticTxMgmtSpringRuleTests" time="0.002"/>
  <testcase name="commitTxButDoNotStartNewTx" classname="org.springframework.test.context.junit4.rules.ProgrammaticTxMgmtSpringRuleTests" time="0.014"/>
  <testcase name="commitTxAndStartNewTx" classname="org.springframework.test.context.junit4.rules.ProgrammaticTxMgmtSpringRuleTests" time="0.005"/>
  <testcase name="rollbackTxAndStartNewTxWithDefaultCommitSemantics" classname="org.springframework.test.context.junit4.rules.ProgrammaticTxMgmtSpringRuleTests" time="0.01"/>
  <system-out><![CDATA[]]></system-out>
  <system-err><![CDATA[]]></system-err>
</testsuite>
