<?xml version="1.0" encoding="UTF-8"?>
<testsuite name="org.springframework.test.context.transaction.programmatic.ProgrammaticTxMgmtTests" tests="12" skipped="0" failures="0" errors="0" timestamp="2020-05-29T13:58:58" hostname="bamboo-18" time="0.038">
  <properties/>
  <testcase name="rollbackTxAndStartNewTx()" classname="org.springframework.test.context.transaction.programmatic.ProgrammaticTxMgmtTests" time="0.012"/>
  <testcase name="isFlaggedForRollbackWithNonExistentTransactionContext()" classname="org.springframework.test.context.transaction.programmatic.ProgrammaticTxMgmtTests" time="0.001"/>
  <testcase name="flagForCommitWithNonExistentTransactionContext()" classname="org.springframework.test.context.transaction.programmatic.ProgrammaticTxMgmtTests" time="0.001"/>
  <testcase name="isActiveWithNonExistentTransactionContext()" classname="org.springframework.test.context.transaction.programmatic.ProgrammaticTxMgmtTests" time="0.0"/>
  <testcase name="flagForRollbackWithNonExistentTransactionContext()" classname="org.springframework.test.context.transaction.programmatic.ProgrammaticTxMgmtTests" time="0.001"/>
  <testcase name="endTxWithNonExistentTransactionContext()" classname="org.springframework.test.context.transaction.programmatic.ProgrammaticTxMgmtTests" time="0.0"/>
  <testcase name="rollbackTxButDoNotStartNewTx()" classname="org.springframework.test.context.transaction.programmatic.ProgrammaticTxMgmtTests" time="0.001"/>
  <testcase name="startTxWithExistingTransaction()" classname="org.springframework.test.context.transaction.programmatic.ProgrammaticTxMgmtTests" time="0.001"/>
  <testcase name="startTxWithNonExistentTransactionContext()" classname="org.springframework.test.context.transaction.programmatic.ProgrammaticTxMgmtTests" time="0.001"/>
  <testcase name="commitTxButDoNotStartNewTx()" classname="org.springframework.test.context.transaction.programmatic.ProgrammaticTxMgmtTests" time="0.011"/>
  <testcase name="commitTxAndStartNewTx()" classname="org.springframework.test.context.transaction.programmatic.ProgrammaticTxMgmtTests" time="0.003"/>
  <testcase name="rollbackTxAndStartNewTxWithDefaultCommitSemantics()" classname="org.springframework.test.context.transaction.programmatic.ProgrammaticTxMgmtTests" time="0.003"/>
  <system-out><![CDATA[]]></system-out>
  <system-err><![CDATA[]]></system-err>
</testsuite>
