<?xml version="1.0" encoding="UTF-8"?>
<testsuite name="org.springframework.test.context.DynamicPropertySourceIntegrationTests" tests="2" skipped="0" failures="0" errors="0" timestamp="2021-06-20T08:11:15" hostname="gankangdembp" time="0.031">
  <properties/>
  <testcase name="serviceHasInjectedValues(Service)" classname="org.springframework.test.context.DynamicPropertySourceIntegrationTests" time="0.002"/>
  <testcase name="dynamicPropertySourceOverridesTestPropertySourceAndSystemProperty(ConfigurableEnvironment)" classname="org.springframework.test.context.DynamicPropertySourceIntegrationTests" time="0.029"/>
  <system-out><![CDATA[]]></system-out>
  <system-err><![CDATA[]]></system-err>
</testsuite>
