<?xml version="1.0" encoding="UTF-8"?>
<testsuite name="org.springframework.test.context.web.BasicGroovyWacTests" tests="2" skipped="0" failures="0" errors="0" timestamp="2021-06-20T08:13:10" hostname="gankangdembp" time="0.005">
  <properties/>
  <testcase name="groovyFooAutowired" classname="org.springframework.test.context.web.BasicGroovyWacTests" time="0.003"/>
  <testcase name="basicWacFeatures" classname="org.springframework.test.context.web.BasicGroovyWacTests" time="0.001"/>
  <system-out><![CDATA[]]></system-out>
  <system-err><![CDATA[]]></system-err>
</testsuite>
