<?xml version="1.0" encoding="UTF-8"?>
<testsuite name="org.springframework.test.web.client.DefaultRequestExpectationTests" tests="4" skipped="0" failures="0" errors="0" timestamp="2020-05-29T13:59:13" hostname="bamboo-18" time="0.0">
  <properties/>
  <testcase name="hasRemainingCount()" classname="org.springframework.test.web.client.DefaultRequestExpectationTests" time="0.0"/>
  <testcase name="isSatisfied()" classname="org.springframework.test.web.client.DefaultRequestExpectationTests" time="0.0"/>
  <testcase name="match()" classname="org.springframework.test.web.client.DefaultRequestExpectationTests" time="0.0"/>
  <testcase name="matchWithFailedExpectation()" classname="org.springframework.test.web.client.DefaultRequestExpectationTests" time="0.0"/>
  <system-out><![CDATA[]]></system-out>
  <system-err><![CDATA[]]></system-err>
</testsuite>
