<?xml version="1.0" encoding="UTF-8"?>
<testsuite name="org.springframework.test.context.junit4.profile.importresource.DefaultProfileAnnotationConfigTests" tests="2" skipped="0" failures="0" errors="0" timestamp="2021-06-20T08:13:14" hostname="gankangdembp" time="0.003">
  <properties/>
  <testcase name="pet" classname="org.springframework.test.context.junit4.profile.importresource.DefaultProfileAnnotationConfigTests" time="0.002"/>
  <testcase name="employee" classname="org.springframework.test.context.junit4.profile.importresource.DefaultProfileAnnotationConfigTests" time="0.001"/>
  <system-out><![CDATA[]]></system-out>
  <system-err><![CDATA[]]></system-err>
</testsuite>
