<?xml version="1.0" encoding="UTF-8"?>
<testsuite name="org.springframework.test.context.junit.jupiter.defaultmethods.CatInterfaceDefaultMethodsTests" tests="2" skipped="0" failures="0" errors="0" timestamp="2021-06-20T08:11:59" hostname="gankangdembp" time="0.015">
  <properties/>
  <testcase name="autowiredParameterWithGenericBean(Character)" classname="org.springframework.test.context.junit.jupiter.defaultmethods.CatInterfaceDefaultMethodsTests" time="0.002"/>
  <testcase name="autowiredParameterWithParameterizedList(List)" classname="org.springframework.test.context.junit.jupiter.defaultmethods.CatInterfaceDefaultMethodsTests" time="0.013"/>
  <system-out><![CDATA[]]></system-out>
  <system-err><![CDATA[]]></system-err>
</testsuite>
