<?xml version="1.0" encoding="UTF-8"?>
<testsuite name="org.springframework.test.web.reactive.server.samples.ExchangeMutatorTests" tests="2" skipped="0" failures="0" errors="0" timestamp="2020-05-29T13:59:33" hostname="bamboo-18" time="0.148">
  <properties/>
  <testcase name="useGloballyConfiguredIdentity()" classname="org.springframework.test.web.reactive.server.samples.ExchangeMutatorTests" time="0.051"/>
  <testcase name="useLocallyConfiguredIdentity()" classname="org.springframework.test.web.reactive.server.samples.ExchangeMutatorTests" time="0.096"/>
  <system-out><![CDATA[]]></system-out>
  <system-err><![CDATA[]]></system-err>
</testsuite>
