<?xml version="1.0" encoding="UTF-8"?>
<testsuite name="org.springframework.test.web.servlet.samples.standalone.resultmatchers.UrlAssertionTests" tests="4" skipped="0" failures="0" errors="0" timestamp="2020-05-29T13:59:17" hostname="bamboo-18" time="0.099">
  <properties/>
  <testcase name="testRedirectPattern()" classname="org.springframework.test.web.servlet.samples.standalone.resultmatchers.UrlAssertionTests" time="0.025"/>
  <testcase name="testForward()" classname="org.springframework.test.web.servlet.samples.standalone.resultmatchers.UrlAssertionTests" time="0.018"/>
  <testcase name="testRedirect()" classname="org.springframework.test.web.servlet.samples.standalone.resultmatchers.UrlAssertionTests" time="0.027"/>
  <testcase name="testForwardPattern()" classname="org.springframework.test.web.servlet.samples.standalone.resultmatchers.UrlAssertionTests" time="0.029"/>
  <system-out><![CDATA[]]></system-out>
  <system-err><![CDATA[]]></system-err>
</testsuite>
