<?xml version="1.0" encoding="UTF-8"?>
<testsuite name="org.springframework.test.web.reactive.server.WiretapConnectorTests" tests="1" skipped="0" failures="0" errors="0" timestamp="2021-06-20T08:12:52" hostname="gankangdembp" time="0.029">
  <properties/>
  <testcase name="captureAndClaim()" classname="org.springframework.test.web.reactive.server.WiretapConnectorTests" time="0.029"/>
  <system-out><![CDATA[]]></system-out>
  <system-err><![CDATA[]]></system-err>
</testsuite>
