<?xml version="1.0" encoding="UTF-8"?>
<testsuite name="org.springframework.test.context.jdbc.DataSourceOnlySqlScriptsTests" tests="2" skipped="0" failures="0" errors="0" timestamp="2020-05-29T13:58:53" hostname="bamboo-18" time="0.009">
  <properties/>
  <testcase name="classLevelScripts()" classname="org.springframework.test.context.jdbc.DataSourceOnlySqlScriptsTests" time="0.004"/>
  <testcase name="methodLevelScripts()" classname="org.springframework.test.context.jdbc.DataSourceOnlySqlScriptsTests" time="0.004"/>
  <system-out><![CDATA[]]></system-out>
  <system-err><![CDATA[]]></system-err>
</testsuite>
