<?xml version="1.0" encoding="UTF-8"?>
<testsuite name="org.springframework.test.context.junit.jupiter.transaction.TimedTransactionalSpringExtensionTests" tests="1" skipped="0" failures="0" errors="0" timestamp="2021-06-20T08:11:23" hostname="gankangdembp" time="0.328">
  <properties/>
  <testcase name="springTransactionsWorkWithJUnitJupiterTimeouts()" classname="org.springframework.test.context.junit.jupiter.transaction.TimedTransactionalSpringExtensionTests" time="0.328"/>
  <system-out><![CDATA[]]></system-out>
  <system-err><![CDATA[]]></system-err>
</testsuite>
