<?xml version="1.0" encoding="UTF-8"?>
<testsuite name="org.springframework.test.util.OverriddenMetaAnnotationAttributesTests" tests="4" skipped="0" failures="0" errors="0" timestamp="2020-05-29T13:59:34" hostname="bamboo-18" time="0.007">
  <properties/>
  <testcase name="overriddenContextConfigurationLocationsAndInheritLocations()" classname="org.springframework.test.util.OverriddenMetaAnnotationAttributesTests" time="0.002"/>
  <testcase name="contextConfigurationValue()" classname="org.springframework.test.util.OverriddenMetaAnnotationAttributesTests" time="0.002"/>
  <testcase name="overriddenContextConfigurationValue()" classname="org.springframework.test.util.OverriddenMetaAnnotationAttributesTests" time="0.003"/>
  <testcase name="contextConfigurationLocationsAndInheritLocations()" classname="org.springframework.test.util.OverriddenMetaAnnotationAttributesTests" time="0.0"/>
  <system-out><![CDATA[]]></system-out>
  <system-err><![CDATA[]]></system-err>
</testsuite>
