<?xml version="1.0" encoding="UTF-8"?>
<testsuite name="org.springframework.test.context.jdbc.DefaultScriptDetectionSqlScriptsTests" tests="2" skipped="0" failures="0" errors="0" timestamp="2021-06-20T08:12:02" hostname="gankangdembp" time="0.017">
  <properties/>
  <testcase name="methodLevel()" classname="org.springframework.test.context.jdbc.DefaultScriptDetectionSqlScriptsTests" time="0.005"/>
  <testcase name="classLevel()" classname="org.springframework.test.context.jdbc.DefaultScriptDetectionSqlScriptsTests" time="0.004"/>
  <system-out><![CDATA[]]></system-out>
  <system-err><![CDATA[]]></system-err>
</testsuite>
