<?xml version="1.0" encoding="UTF-8"?>
<testsuite name="org.springframework.test.web.servlet.samples.standalone.resultmatchers.JsonPathAssertionTests" tests="5" skipped="0" failures="0" errors="0" timestamp="2020-05-29T13:59:16" hostname="bamboo-18" time="0.212">
  <properties/>
  <testcase name="hamcrestMatcherWithParameterizedJsonPath()" classname="org.springframework.test.web.servlet.samples.standalone.resultmatchers.JsonPathAssertionTests" time="0.041"/>
  <testcase name="hamcrestMatcher()" classname="org.springframework.test.web.servlet.samples.standalone.resultmatchers.JsonPathAssertionTests" time="0.048"/>
  <testcase name="exists()" classname="org.springframework.test.web.servlet.samples.standalone.resultmatchers.JsonPathAssertionTests" time="0.023"/>
  <testcase name="doesNotExist()" classname="org.springframework.test.web.servlet.samples.standalone.resultmatchers.JsonPathAssertionTests" time="0.03"/>
  <testcase name="equality()" classname="org.springframework.test.web.servlet.samples.standalone.resultmatchers.JsonPathAssertionTests" time="0.069"/>
  <system-out><![CDATA[]]></system-out>
  <system-err><![CDATA[]]></system-err>
</testsuite>
