<?xml version="1.0" encoding="UTF-8"?>
<testsuite name="org.springframework.test.context.cache.LruContextCacheTests" tests="6" skipped="0" failures="0" errors="0" timestamp="2021-06-20T08:11:21" hostname="gankangdembp" time="0.087">
  <properties/>
  <testcase name="maxCacheSizeOne()" classname="org.springframework.test.context.cache.LruContextCacheTests" time="0.005"/>
  <testcase name="maxCacheSizeNegativeOne()" classname="org.springframework.test.context.cache.LruContextCacheTests" time="0.001"/>
  <testcase name="maxCacheSizeZero()" classname="org.springframework.test.context.cache.LruContextCacheTests" time="0.001"/>
  <testcase name="maxCacheSizeThree()" classname="org.springframework.test.context.cache.LruContextCacheTests" time="0.003"/>
  <testcase name="ensureLruOrderingIsUpdated()" classname="org.springframework.test.context.cache.LruContextCacheTests" time="0.034"/>
  <testcase name="ensureEvictedContextsAreClosed()" classname="org.springframework.test.context.cache.LruContextCacheTests" time="0.04"/>
  <system-out><![CDATA[16:11:21.545 [Test worker] DEBUG o.s.t.u.ReflectionTestUtils - Getting field 'contextMap' from target object [[DefaultContextCache@289701ed size = 1, maxSize = 1, parentContextCount = 0, hitCount = 0, missCount = 0]] or target class [class org.springframework.test.context.cache.DefaultContextCache]
16:11:21.547 [Test worker] DEBUG o.s.t.u.ReflectionTestUtils - Getting field 'contextMap' from target object [[DefaultContextCache@289701ed size = 1, maxSize = 1, parentContextCount = 0, hitCount = 0, missCount = 0]] or target class [class org.springframework.test.context.cache.DefaultContextCache]
16:11:21.548 [Test worker] DEBUG o.s.t.u.ReflectionTestUtils - Getting field 'contextMap' from target object [[DefaultContextCache@289701ed size = 1, maxSize = 1, parentContextCount = 0, hitCount = 0, missCount = 0]] or target class [class org.springframework.test.context.cache.DefaultContextCache]
16:11:21.549 [Test worker] DEBUG o.s.t.u.ReflectionTestUtils - Getting field 'contextMap' from target object [[DefaultContextCache@289701ed size = 1, maxSize = 1, parentContextCount = 0, hitCount = 0, missCount = 0]] or target class [class org.springframework.test.context.cache.DefaultContextCache]
16:11:21.553 [Test worker] DEBUG o.s.t.u.ReflectionTestUtils - Getting field 'contextMap' from target object [[DefaultContextCache@26992074 size = 1, maxSize = 3, parentContextCount = 0, hitCount = 0, missCount = 0]] or target class [class org.springframework.test.context.cache.DefaultContextCache]
16:11:21.554 [Test worker] DEBUG o.s.t.u.ReflectionTestUtils - Getting field 'contextMap' from target object [[DefaultContextCache@26992074 size = 1, maxSize = 3, parentContextCount = 0, hitCount = 0, missCount = 0]] or target class [class org.springframework.test.context.cache.DefaultContextCache]
16:11:21.555 [Test worker] DEBUG o.s.t.u.ReflectionTestUtils - Getting field 'contextMap' from target object [[DefaultContextCache@26992074 size = 2, maxSize = 3, parentContextCount = 0, hitCount = 0, missCount = 0]] or target class [class org.springframework.test.context.cache.DefaultContextCache]
16:11:21.555 [Test worker] DEBUG o.s.t.u.ReflectionTestUtils - Getting field 'contextMap' from target object [[DefaultContextCache@26992074 size = 3, maxSize = 3, parentContextCount = 0, hitCount = 0, missCount = 0]] or target class [class org.springframework.test.context.cache.DefaultContextCache]
16:11:21.556 [Test worker] DEBUG o.s.t.u.ReflectionTestUtils - Getting field 'contextMap' from target object [[DefaultContextCache@26992074 size = 3, maxSize = 3, parentContextCount = 0, hitCount = 0, missCount = 0]] or target class [class org.springframework.test.context.cache.DefaultContextCache]
16:11:21.557 [Test worker] DEBUG o.s.t.u.ReflectionTestUtils - Getting field 'contextMap' from target object [[DefaultContextCache@63364acf size = 3, maxSize = 3, parentContextCount = 0, hitCount = 0, missCount = 0]] or target class [class org.springframework.test.context.cache.DefaultContextCache]
16:11:21.558 [Test worker] DEBUG o.s.t.u.ReflectionTestUtils - Getting field 'contextMap' from target object [[DefaultContextCache@63364acf size = 3, maxSize = 3, parentContextCount = 0, hitCount = 1, missCount = 0]] or target class [class org.springframework.test.context.cache.DefaultContextCache]
16:11:21.558 [Test worker] DEBUG o.s.t.u.ReflectionTestUtils - Getting field 'contextMap' from target object [[DefaultContextCache@63364acf size = 3, maxSize = 3, parentContextCount = 0, hitCount = 2, missCount = 0]] or target class [class org.springframework.test.context.cache.DefaultContextCache]
16:11:21.558 [Test worker] DEBUG o.s.t.u.ReflectionTestUtils - Getting field 'contextMap' from target object [[DefaultContextCache@63364acf size = 3, maxSize = 3, parentContextCount = 0, hitCount = 3, missCount = 0]] or target class [class org.springframework.test.context.cache.DefaultContextCache]
16:11:21.559 [Test worker] DEBUG o.s.t.u.ReflectionTestUtils - Getting field 'contextMap' from target object [[DefaultContextCache@63364acf size = 3, maxSize = 3, parentContextCount = 0, hitCount = 4, missCount = 0]] or target class [class org.springframework.test.context.cache.DefaultContextCache]
16:11:21.592 [Test worker] DEBUG o.s.t.u.ReflectionTestUtils - Getting field 'contextMap' from target object [[DefaultContextCache@c434c5d size = 2, maxSize = 2, parentContextCount = 0, hitCount = 0, missCount = 0]] or target class [class org.springframework.test.context.cache.DefaultContextCache]
16:11:21.593 [Test worker] DEBUG o.s.t.u.ReflectionTestUtils - Getting field 'contextMap' from target object [[DefaultContextCache@c434c5d size = 2, maxSize = 2, parentContextCount = 0, hitCount = 0, missCount = 0]] or target class [class org.springframework.test.context.cache.DefaultContextCache]
16:11:21.630 [Test worker] DEBUG o.s.t.u.ReflectionTestUtils - Getting field 'contextMap' from target object [[DefaultContextCache@c434c5d size = 2, maxSize = 2, parentContextCount = 0, hitCount = 0, missCount = 0]] or target class [class org.springframework.test.context.cache.DefaultContextCache]
]]></system-out>
  <system-err><![CDATA[]]></system-err>
</testsuite>
