<?xml version="1.0" encoding="UTF-8"?>
<testsuite name="org.springframework.test.context.cache.ContextCacheTests" tests="9" skipped="0" failures="0" errors="0" timestamp="2021-06-20T08:11:20" hostname="gankangdembp" time="0.789">
  <properties/>
  <testcase name="removeContextHierarchyCacheLevel3Then2()" classname="org.springframework.test.context.cache.ContextCacheTests" time="0.238"/>
  <testcase name="verifyCacheKeyIsBasedOnActiveProfiles()" classname="org.springframework.test.context.cache.ContextCacheTests" time="0.041"/>
  <testcase name="removeContextHierarchyCacheLevel1WithExhaustiveMode()" classname="org.springframework.test.context.cache.ContextCacheTests" time="0.07"/>
  <testcase name="removeContextHierarchyCacheLevel3Then2WithExhaustiveMode()" classname="org.springframework.test.context.cache.ContextCacheTests" time="0.087"/>
  <testcase name="removeContextHierarchyCacheLevel1()" classname="org.springframework.test.context.cache.ContextCacheTests" time="0.049"/>
  <testcase name="removeContextHierarchyCacheLevel2()" classname="org.springframework.test.context.cache.ContextCacheTests" time="0.027"/>
  <testcase name="verifyCacheKeyIsBasedOnContextLoader()" classname="org.springframework.test.context.cache.ContextCacheTests" time="0.07"/>
  <testcase name="removeContextHierarchyCacheLevel2WithExhaustiveMode()" classname="org.springframework.test.context.cache.ContextCacheTests" time="0.035"/>
  <testcase name="verifyCacheBehaviorForContextHierarchies()" classname="org.springframework.test.context.cache.ContextCacheTests" time="0.166"/>
  <system-out><![CDATA[16:11:20.439 [Test worker] DEBUG o.s.t.u.ReflectionTestUtils - Getting field 'mergedContextConfiguration' from target object [[DefaultTestContext@4f0834b4 testClass = ContextCacheTests.ClassHierarchyContextHierarchyLevel3aTestCase, testInstance = [null], testMethod = [null], testException = [null], mergedContextConfiguration = [MergedContextConfiguration@3ce7098d testClass = ContextCacheTests.ClassHierarchyContextHierarchyLevel3aTestCase, locations = '{}', classes = '{class org.springframework.test.context.cache.ContextCacheTests$ClassHierarchyContextHierarchyLevel3aTestCase$Level3aConfig}', contextInitializerClasses = '[]', activeProfiles = '{}', propertySourceLocations = '{}', propertySourceProperties = '{}', contextCustomizers = set[[empty]], contextLoader = 'org.springframework.test.context.support.DelegatingSmartContextLoader', parent = [MergedContextConfiguration@7590a143 testClass = ContextCacheTests.ClassHierarchyContextHierarchyLevel2TestCase, locations = '{}', classes = '{class org.springframework.test.context.cache.ContextCacheTests$ClassHierarchyContextHierarchyLevel2TestCase$Level2Config}', contextInitializerClasses = '[]', activeProfiles = '{}', propertySourceLocations = '{}', propertySourceProperties = '{}', contextCustomizers = set[[empty]], contextLoader = 'org.springframework.test.context.support.DelegatingSmartContextLoader', parent = [MergedContextConfiguration@41b52bc6 testClass = ContextCacheTests.ClassHierarchyContextHierarchyLevel1TestCase, locations = '{}', classes = '{class org.springframework.test.context.cache.ContextCacheTests$ClassHierarchyContextHierarchyLevel1TestCase$Level1Config}', contextInitializerClasses = '[]', activeProfiles = '{}', propertySourceLocations = '{}', propertySourceProperties = '{}', contextCustomizers = set[[empty]], contextLoader = 'org.springframework.test.context.support.DelegatingSmartContextLoader', parent = [null]]]], attributes = map[[empty]]]] or target class [class org.springframework.test.context.support.DefaultTestContext]
16:11:20.556 [Test worker] DEBUG o.s.t.u.ReflectionTestUtils - Getting field 'mergedContextConfiguration' from target object [[DefaultTestContext@2a3ccca5 testClass = ContextCacheTests.ClassHierarchyContextHierarchyLevel3bTestCase, testInstance = [null], testMethod = [null], testException = [null], mergedContextConfiguration = [MergedContextConfiguration@3ea78ad1 testClass = ContextCacheTests.ClassHierarchyContextHierarchyLevel3bTestCase, locations = '{}', classes = '{class org.springframework.test.context.cache.ContextCacheTests$ClassHierarchyContextHierarchyLevel3bTestCase$Level3bConfig}', contextInitializerClasses = '[]', activeProfiles = '{}', propertySourceLocations = '{}', propertySourceProperties = '{}', contextCustomizers = set[[empty]], contextLoader = 'org.springframework.test.context.support.DelegatingSmartContextLoader', parent = [MergedContextConfiguration@168c9728 testClass = ContextCacheTests.ClassHierarchyContextHierarchyLevel2TestCase, locations = '{}', classes = '{class org.springframework.test.context.cache.ContextCacheTests$ClassHierarchyContextHierarchyLevel2TestCase$Level2Config}', contextInitializerClasses = '[]', activeProfiles = '{}', propertySourceLocations = '{}', propertySourceProperties = '{}', contextCustomizers = set[[empty]], contextLoader = 'org.springframework.test.context.support.DelegatingSmartContextLoader', parent = [MergedContextConfiguration@495ceb59 testClass = ContextCacheTests.ClassHierarchyContextHierarchyLevel1TestCase, locations = '{}', classes = '{class org.springframework.test.context.cache.ContextCacheTests$ClassHierarchyContextHierarchyLevel1TestCase$Level1Config}', contextInitializerClasses = '[]', activeProfiles = '{}', propertySourceLocations = '{}', propertySourceProperties = '{}', contextCustomizers = set[[empty]], contextLoader = 'org.springframework.test.context.support.DelegatingSmartContextLoader', parent = [null]]]], attributes = map[[empty]]]] or target class [class org.springframework.test.context.support.DefaultTestContext]
16:11:20.694 [Test worker] DEBUG o.s.t.u.ReflectionTestUtils - Getting field 'mergedContextConfiguration' from target object [[DefaultTestContext@4560b30b testClass = ContextCacheTests.ClassHierarchyContextHierarchyLevel3aTestCase, testInstance = [null], testMethod = [null], testException = [null], mergedContextConfiguration = [MergedContextConfiguration@5dc4e14f testClass = ContextCacheTests.ClassHierarchyContextHierarchyLevel3aTestCase, locations = '{}', classes = '{class org.springframework.test.context.cache.ContextCacheTests$ClassHierarchyContextHierarchyLevel3aTestCase$Level3aConfig}', contextInitializerClasses = '[]', activeProfiles = '{}', propertySourceLocations = '{}', propertySourceProperties = '{}', contextCustomizers = set[[empty]], contextLoader = 'org.springframework.test.context.support.DelegatingSmartContextLoader', parent = [MergedContextConfiguration@1478dfe testClass = ContextCacheTests.ClassHierarchyContextHierarchyLevel2TestCase, locations = '{}', classes = '{class org.springframework.test.context.cache.ContextCacheTests$ClassHierarchyContextHierarchyLevel2TestCase$Level2Config}', contextInitializerClasses = '[]', activeProfiles = '{}', propertySourceLocations = '{}', propertySourceProperties = '{}', contextCustomizers = set[[empty]], contextLoader = 'org.springframework.test.context.support.DelegatingSmartContextLoader', parent = [MergedContextConfiguration@a13cb71 testClass = ContextCacheTests.ClassHierarchyContextHierarchyLevel1TestCase, locations = '{}', classes = '{class org.springframework.test.context.cache.ContextCacheTests$ClassHierarchyContextHierarchyLevel1TestCase$Level1Config}', contextInitializerClasses = '[]', activeProfiles = '{}', propertySourceLocations = '{}', propertySourceProperties = '{}', contextCustomizers = set[[empty]], contextLoader = 'org.springframework.test.context.support.DelegatingSmartContextLoader', parent = [null]]]], attributes = map[[empty]]]] or target class [class org.springframework.test.context.support.DefaultTestContext]
16:11:20.782 [Test worker] DEBUG o.s.t.u.ReflectionTestUtils - Getting field 'mergedContextConfiguration' from target object [[DefaultTestContext@22e61e9f testClass = ContextCacheTests.ClassHierarchyContextHierarchyLevel3aTestCase, testInstance = [null], testMethod = [null], testException = [null], mergedContextConfiguration = [MergedContextConfiguration@1a51708 testClass = ContextCacheTests.ClassHierarchyContextHierarchyLevel3aTestCase, locations = '{}', classes = '{class org.springframework.test.context.cache.ContextCacheTests$ClassHierarchyContextHierarchyLevel3aTestCase$Level3aConfig}', contextInitializerClasses = '[]', activeProfiles = '{}', propertySourceLocations = '{}', propertySourceProperties = '{}', contextCustomizers = set[[empty]], contextLoader = 'org.springframework.test.context.support.DelegatingSmartContextLoader', parent = [MergedContextConfiguration@26bf5612 testClass = ContextCacheTests.ClassHierarchyContextHierarchyLevel2TestCase, locations = '{}', classes = '{class org.springframework.test.context.cache.ContextCacheTests$ClassHierarchyContextHierarchyLevel2TestCase$Level2Config}', contextInitializerClasses = '[]', activeProfiles = '{}', propertySourceLocations = '{}', propertySourceProperties = '{}', contextCustomizers = set[[empty]], contextLoader = 'org.springframework.test.context.support.DelegatingSmartContextLoader', parent = [MergedContextConfiguration@394493d1 testClass = ContextCacheTests.ClassHierarchyContextHierarchyLevel1TestCase, locations = '{}', classes = '{class org.springframework.test.context.cache.ContextCacheTests$ClassHierarchyContextHierarchyLevel1TestCase$Level1Config}', contextInitializerClasses = '[]', activeProfiles = '{}', propertySourceLocations = '{}', propertySourceProperties = '{}', contextCustomizers = set[[empty]], contextLoader = 'org.springframework.test.context.support.DelegatingSmartContextLoader', parent = [null]]]], attributes = map[[empty]]]] or target class [class org.springframework.test.context.support.DefaultTestContext]
16:11:20.784 [Test worker] DEBUG o.s.t.u.ReflectionTestUtils - Getting field 'mergedContextConfiguration' from target object [[DefaultTestContext@2b447080 testClass = ContextCacheTests.ClassHierarchyContextHierarchyLevel3bTestCase, testInstance = [null], testMethod = [null], testException = [null], mergedContextConfiguration = [MergedContextConfiguration@2702fb7 testClass = ContextCacheTests.ClassHierarchyContextHierarchyLevel3bTestCase, locations = '{}', classes = '{class org.springframework.test.context.cache.ContextCacheTests$ClassHierarchyContextHierarchyLevel3bTestCase$Level3bConfig}', contextInitializerClasses = '[]', activeProfiles = '{}', propertySourceLocations = '{}', propertySourceProperties = '{}', contextCustomizers = set[[empty]], contextLoader = 'org.springframework.test.context.support.DelegatingSmartContextLoader', parent = [MergedContextConfiguration@5ea3f62d testClass = ContextCacheTests.ClassHierarchyContextHierarchyLevel2TestCase, locations = '{}', classes = '{class org.springframework.test.context.cache.ContextCacheTests$ClassHierarchyContextHierarchyLevel2TestCase$Level2Config}', contextInitializerClasses = '[]', activeProfiles = '{}', propertySourceLocations = '{}', propertySourceProperties = '{}', contextCustomizers = set[[empty]], contextLoader = 'org.springframework.test.context.support.DelegatingSmartContextLoader', parent = [MergedContextConfiguration@43e43c33 testClass = ContextCacheTests.ClassHierarchyContextHierarchyLevel1TestCase, locations = '{}', classes = '{class org.springframework.test.context.cache.ContextCacheTests$ClassHierarchyContextHierarchyLevel1TestCase$Level1Config}', contextInitializerClasses = '[]', activeProfiles = '{}', propertySourceLocations = '{}', propertySourceProperties = '{}', contextCustomizers = set[[empty]], contextLoader = 'org.springframework.test.context.support.DelegatingSmartContextLoader', parent = [null]]]], attributes = map[[empty]]]] or target class [class org.springframework.test.context.support.DefaultTestContext]
16:11:20.834 [Test worker] DEBUG o.s.t.u.ReflectionTestUtils - Getting field 'mergedContextConfiguration' from target object [[DefaultTestContext@6a391cda testClass = ContextCacheTests.ClassHierarchyContextHierarchyLevel3aTestCase, testInstance = [null], testMethod = [null], testException = [null], mergedContextConfiguration = [MergedContextConfiguration@e41ce81 testClass = ContextCacheTests.ClassHierarchyContextHierarchyLevel3aTestCase, locations = '{}', classes = '{class org.springframework.test.context.cache.ContextCacheTests$ClassHierarchyContextHierarchyLevel3aTestCase$Level3aConfig}', contextInitializerClasses = '[]', activeProfiles = '{}', propertySourceLocations = '{}', propertySourceProperties = '{}', contextCustomizers = set[[empty]], contextLoader = 'org.springframework.test.context.support.DelegatingSmartContextLoader', parent = [MergedContextConfiguration@168a6146 testClass = ContextCacheTests.ClassHierarchyContextHierarchyLevel2TestCase, locations = '{}', classes = '{class org.springframework.test.context.cache.ContextCacheTests$ClassHierarchyContextHierarchyLevel2TestCase$Level2Config}', contextInitializerClasses = '[]', activeProfiles = '{}', propertySourceLocations = '{}', propertySourceProperties = '{}', contextCustomizers = set[[empty]], contextLoader = 'org.springframework.test.context.support.DelegatingSmartContextLoader', parent = [MergedContextConfiguration@edf3de0 testClass = ContextCacheTests.ClassHierarchyContextHierarchyLevel1TestCase, locations = '{}', classes = '{class org.springframework.test.context.cache.ContextCacheTests$ClassHierarchyContextHierarchyLevel1TestCase$Level1Config}', contextInitializerClasses = '[]', activeProfiles = '{}', propertySourceLocations = '{}', propertySourceProperties = '{}', contextCustomizers = set[[empty]], contextLoader = 'org.springframework.test.context.support.DelegatingSmartContextLoader', parent = [null]]]], attributes = map[[empty]]]] or target class [class org.springframework.test.context.support.DefaultTestContext]
16:11:20.861 [Test worker] DEBUG o.s.t.u.ReflectionTestUtils - Getting field 'mergedContextConfiguration' from target object [[DefaultTestContext@47951e63 testClass = ContextCacheTests.ClassHierarchyContextHierarchyLevel3aTestCase, testInstance = [null], testMethod = [null], testException = [null], mergedContextConfiguration = [MergedContextConfiguration@313ca1d5 testClass = ContextCacheTests.ClassHierarchyContextHierarchyLevel3aTestCase, locations = '{}', classes = '{class org.springframework.test.context.cache.ContextCacheTests$ClassHierarchyContextHierarchyLevel3aTestCase$Level3aConfig}', contextInitializerClasses = '[]', activeProfiles = '{}', propertySourceLocations = '{}', propertySourceProperties = '{}', contextCustomizers = set[[empty]], contextLoader = 'org.springframework.test.context.support.DelegatingSmartContextLoader', parent = [MergedContextConfiguration@3a22b63a testClass = ContextCacheTests.ClassHierarchyContextHierarchyLevel2TestCase, locations = '{}', classes = '{class org.springframework.test.context.cache.ContextCacheTests$ClassHierarchyContextHierarchyLevel2TestCase$Level2Config}', contextInitializerClasses = '[]', activeProfiles = '{}', propertySourceLocations = '{}', propertySourceProperties = '{}', contextCustomizers = set[[empty]], contextLoader = 'org.springframework.test.context.support.DelegatingSmartContextLoader', parent = [MergedContextConfiguration@83d408c testClass = ContextCacheTests.ClassHierarchyContextHierarchyLevel1TestCase, locations = '{}', classes = '{class org.springframework.test.context.cache.ContextCacheTests$ClassHierarchyContextHierarchyLevel1TestCase$Level1Config}', contextInitializerClasses = '[]', activeProfiles = '{}', propertySourceLocations = '{}', propertySourceProperties = '{}', contextCustomizers = set[[empty]], contextLoader = 'org.springframework.test.context.support.DelegatingSmartContextLoader', parent = [null]]]], attributes = map[[empty]]]] or target class [class org.springframework.test.context.support.DefaultTestContext]
16:11:20.966 [Test worker] DEBUG o.s.t.u.ReflectionTestUtils - Getting field 'mergedContextConfiguration' from target object [[DefaultTestContext@2c4ec5cd testClass = ContextCacheTests.ClassHierarchyContextHierarchyLevel3aTestCase, testInstance = [null], testMethod = [null], testException = [null], mergedContextConfiguration = [MergedContextConfiguration@366acf0 testClass = ContextCacheTests.ClassHierarchyContextHierarchyLevel3aTestCase, locations = '{}', classes = '{class org.springframework.test.context.cache.ContextCacheTests$ClassHierarchyContextHierarchyLevel3aTestCase$Level3aConfig}', contextInitializerClasses = '[]', activeProfiles = '{}', propertySourceLocations = '{}', propertySourceProperties = '{}', contextCustomizers = set[[empty]], contextLoader = 'org.springframework.test.context.support.DelegatingSmartContextLoader', parent = [MergedContextConfiguration@2dd5f873 testClass = ContextCacheTests.ClassHierarchyContextHierarchyLevel2TestCase, locations = '{}', classes = '{class org.springframework.test.context.cache.ContextCacheTests$ClassHierarchyContextHierarchyLevel2TestCase$Level2Config}', contextInitializerClasses = '[]', activeProfiles = '{}', propertySourceLocations = '{}', propertySourceProperties = '{}', contextCustomizers = set[[empty]], contextLoader = 'org.springframework.test.context.support.DelegatingSmartContextLoader', parent = [MergedContextConfiguration@3192205 testClass = ContextCacheTests.ClassHierarchyContextHierarchyLevel1TestCase, locations = '{}', classes = '{class org.springframework.test.context.cache.ContextCacheTests$ClassHierarchyContextHierarchyLevel1TestCase$Level1Config}', contextInitializerClasses = '[]', activeProfiles = '{}', propertySourceLocations = '{}', propertySourceProperties = '{}', contextCustomizers = set[[empty]], contextLoader = 'org.springframework.test.context.support.DelegatingSmartContextLoader', parent = [null]]]], attributes = map[[empty]]]] or target class [class org.springframework.test.context.support.DefaultTestContext]
]]></system-out>
  <system-err><![CDATA[]]></system-err>
</testsuite>
