<?xml version="1.0" encoding="UTF-8"?>
<testsuite name="org.springframework.test.web.reactive.server.samples.XmlContentTests" tests="5" skipped="0" failures="0" errors="0" timestamp="2021-06-20T08:12:52" hostname="gankangdembp" time="0.509">
  <properties/>
  <testcase name="postXmlContent()" classname="org.springframework.test.web.reactive.server.samples.XmlContentTests" time="0.131"/>
  <testcase name="xpathIsEqualTo()" classname="org.springframework.test.web.reactive.server.samples.XmlContentTests" time="0.042"/>
  <testcase name="xpathContainsSubstringViaRegex()" classname="org.springframework.test.web.reactive.server.samples.XmlContentTests" time="0.015"/>
  <testcase name="xmlContent()" classname="org.springframework.test.web.reactive.server.samples.XmlContentTests" time="0.071"/>
  <testcase name="xpathMatches()" classname="org.springframework.test.web.reactive.server.samples.XmlContentTests" time="0.01"/>
  <system-out><![CDATA[]]></system-out>
  <system-err><![CDATA[]]></system-err>
</testsuite>
