<?xml version="1.0" encoding="UTF-8"?>
<testsuite name="org.springframework.test.context.junit4.orm.HibernateSessionFlushingTests" tests="6" skipped="0" failures="0" errors="0" timestamp="2021-06-20T08:13:23" hostname="gankangdembp" time="0.57">
  <properties/>
  <testcase name="findSamWithReadOnlySession" classname="org.springframework.test.context.junit4.orm.HibernateSessionFlushingTests" time="0.476"/>
  <testcase name="saveJuergenWithNullDriversLicense" classname="org.springframework.test.context.junit4.orm.HibernateSessionFlushingTests" time="0.031"/>
  <testcase name="findSam" classname="org.springframework.test.context.junit4.orm.HibernateSessionFlushingTests" time="0.006"/>
  <testcase name="updateSamWithNullDriversLicenseWithSessionFlush" classname="org.springframework.test.context.junit4.orm.HibernateSessionFlushingTests" time="0.028"/>
  <testcase name="saveJuergenWithDriversLicense" classname="org.springframework.test.context.junit4.orm.HibernateSessionFlushingTests" time="0.014"/>
  <testcase name="updateSamWithNullDriversLicenseWithoutSessionFlush" classname="org.springframework.test.context.junit4.orm.HibernateSessionFlushingTests" time="0.009"/>
  <system-out><![CDATA[16:13:23.916 [Test worker] ERROR o.h.e.j.s.SqlExceptionHelper - integrity constraint violation: NOT NULL check constraint; SYS_CT_10095 table: PERSON column: DRIVERS_LICENSE_ID
16:13:23.950 [Test worker] ERROR o.h.e.j.s.SqlExceptionHelper - integrity constraint violation: NOT NULL check constraint; SYS_CT_10095 table: PERSON column: DRIVERS_LICENSE_ID
]]></system-out>
  <system-err><![CDATA[]]></system-err>
</testsuite>
