<?xml version="1.0" encoding="UTF-8"?>
<testsuite name="org.springframework.test.web.servlet.setup.StandaloneMockMvcBuilderTests" tests="8" skipped="0" failures="0" errors="0" timestamp="2021-06-20T08:12:23" hostname="gankangdembp" time="0.462">
  <properties/>
  <testcase name="addFilterPatternsNull()" classname="org.springframework.test.web.servlet.setup.StandaloneMockMvcBuilderTests" time="0.002"/>
  <testcase name="springHandlerInstantiator()" classname="org.springframework.test.web.servlet.setup.StandaloneMockMvcBuilderTests" time="0.103"/>
  <testcase name="addFilterPatternContainsNull()" classname="org.springframework.test.web.servlet.setup.StandaloneMockMvcBuilderTests" time="0.03"/>
  <testcase name="placeHoldersInRequestMapping()" classname="org.springframework.test.web.servlet.setup.StandaloneMockMvcBuilderTests" time="0.086"/>
  <testcase name="applicationContextAttribute()" classname="org.springframework.test.web.servlet.setup.StandaloneMockMvcBuilderTests" time="0.109"/>
  <testcase name="addFiltersFiltersNull()" classname="org.springframework.test.web.servlet.setup.StandaloneMockMvcBuilderTests" time="0.001"/>
  <testcase name="suffixPatternMatch()" classname="org.springframework.test.web.servlet.setup.StandaloneMockMvcBuilderTests" time="0.109"/>
  <testcase name="addFiltersFiltersContainsNull()" classname="org.springframework.test.web.servlet.setup.StandaloneMockMvcBuilderTests" time="0.001"/>
  <system-out><![CDATA[]]></system-out>
  <system-err><![CDATA[]]></system-err>
</testsuite>
