<?xml version="1.0" encoding="UTF-8"?>
<testsuite name="org.springframework.test.web.servlet.samples.standalone.ExceptionHandlerTests" tests="3" skipped="0" failures="0" errors="0" timestamp="2020-05-29T13:59:23" hostname="bamboo-18" time="0.069">
  <properties/>
  <testcase name="testGlobalExceptionHandlerMethodUsingClassArgument()" classname="org.springframework.test.web.servlet.samples.standalone.ExceptionHandlerTests" time="0.02"/>
  <testcase name="testExceptionHandlerMethod()" classname="org.springframework.test.web.servlet.samples.standalone.ExceptionHandlerTests" time="0.018"/>
  <testcase name="testGlobalExceptionHandlerMethod()" classname="org.springframework.test.web.servlet.samples.standalone.ExceptionHandlerTests" time="0.031"/>
  <system-out><![CDATA[]]></system-out>
  <system-err><![CDATA[]]></system-err>
</testsuite>
