<?xml version="1.0" encoding="UTF-8"?>
<testsuite name="org.springframework.test.context.jdbc.MetaAnnotationSqlScriptsTests" tests="2" skipped="0" failures="0" errors="0" timestamp="2020-05-29T13:58:54" hostname="bamboo-18" time="0.018">
  <properties/>
  <testcase name="metaSqlAnnotation()" classname="org.springframework.test.context.jdbc.MetaAnnotationSqlScriptsTests" time="0.014"/>
  <testcase name="metaSqlGroupAnnotation()" classname="org.springframework.test.context.jdbc.MetaAnnotationSqlScriptsTests" time="0.003"/>
  <system-out><![CDATA[]]></system-out>
  <system-err><![CDATA[]]></system-err>
</testsuite>
