<?xml version="1.0" encoding="UTF-8"?>
<testsuite name="org.springframework.test.context.junit.jupiter.DisabledIfAndDirtiesContextTests" tests="2" skipped="0" failures="0" errors="0" timestamp="2021-06-20T08:11:59" hostname="gankangdembp" time="0.135">
  <properties/>
  <testcase name="contextShouldBeClosedForDisabledTestClass()" classname="org.springframework.test.context.junit.jupiter.DisabledIfAndDirtiesContextTests" time="0.087"/>
  <testcase name="contextShouldBeClosedForEnabledTestClass()" classname="org.springframework.test.context.junit.jupiter.DisabledIfAndDirtiesContextTests" time="0.048"/>
  <system-out><![CDATA[]]></system-out>
  <system-err><![CDATA[]]></system-err>
</testsuite>
