<?xml version="1.0" encoding="UTF-8"?>
<testsuite name="org.springframework.test.web.reactive.server.samples.bind.ControllerTests" tests="1" skipped="0" failures="0" errors="0" timestamp="2021-06-20T08:12:57" hostname="gankangdembp" time="0.044">
  <properties/>
  <testcase name="test()" classname="org.springframework.test.web.reactive.server.samples.bind.ControllerTests" time="0.044"/>
  <system-out><![CDATA[]]></system-out>
  <system-err><![CDATA[]]></system-err>
</testsuite>
