<?xml version="1.0" encoding="UTF-8"?>
<testsuite name="org.springframework.test.context.junit4.spr6128.AutowiredQualifierTests" tests="1" skipped="0" failures="0" errors="0" timestamp="2020-05-29T13:59:52" hostname="bamboo-18" time="0.003">
  <properties/>
  <testcase name="test" classname="org.springframework.test.context.junit4.spr6128.AutowiredQualifierTests" time="0.003"/>
  <system-out><![CDATA[]]></system-out>
  <system-err><![CDATA[]]></system-err>
</testsuite>
