<?xml version="1.0" encoding="UTF-8"?>
<testsuite name="org.springframework.test.context.web.MetaAnnotationConfigWacTests" tests="2" skipped="0" failures="0" errors="0" timestamp="2020-05-29T13:58:56" hostname="bamboo-18" time="0.009">
  <properties/>
  <testcase name="basicWacFeatures()" classname="org.springframework.test.context.web.MetaAnnotationConfigWacTests" time="0.008"/>
  <testcase name="fooEnigmaAutowired()" classname="org.springframework.test.context.web.MetaAnnotationConfigWacTests" time="0.0"/>
  <system-out><![CDATA[]]></system-out>
  <system-err><![CDATA[]]></system-err>
</testsuite>
