<?xml version="1.0" encoding="UTF-8"?>
<testsuite name="org.springframework.test.context.web.WebAppConfigurationBootstrapWithTests" tests="1" skipped="0" failures="0" errors="0" timestamp="2020-05-29T13:58:56" hostname="bamboo-18" time="0.004">
  <properties/>
  <testcase name="webApplicationContextIsLoaded()" classname="org.springframework.test.context.web.WebAppConfigurationBootstrapWithTests" time="0.004"/>
  <system-out><![CDATA[]]></system-out>
  <system-err><![CDATA[]]></system-err>
</testsuite>
