<?xml version="1.0" encoding="UTF-8"?>
<testsuite name="org.springframework.test.context.groovy.AbsolutePathGroovySpringContextTests" tests="6" skipped="0" failures="0" errors="0" timestamp="2020-05-29T13:59:11" hostname="bamboo-18" time="0.009">
  <properties/>
  <testcase name="verifyResourceAnnotationWiredFields()" classname="org.springframework.test.context.groovy.AbsolutePathGroovySpringContextTests" time="0.0"/>
  <testcase name="verifyResourceAnnotationWiredMethods()" classname="org.springframework.test.context.groovy.AbsolutePathGroovySpringContextTests" time="0.0"/>
  <testcase name="verifyBeanInitialized()" classname="org.springframework.test.context.groovy.AbsolutePathGroovySpringContextTests" time="0.0"/>
  <testcase name="verifyBeanNameSet()" classname="org.springframework.test.context.groovy.AbsolutePathGroovySpringContextTests" time="0.005"/>
  <testcase name="verifyAnnotationAutowiredFields()" classname="org.springframework.test.context.groovy.AbsolutePathGroovySpringContextTests" time="0.001"/>
  <testcase name="verifyAnnotationAutowiredMethods()" classname="org.springframework.test.context.groovy.AbsolutePathGroovySpringContextTests" time="0.0"/>
  <system-out><![CDATA[]]></system-out>
  <system-err><![CDATA[]]></system-err>
</testsuite>
