<?xml version="1.0" encoding="UTF-8"?>
<testsuite name="org.springframework.test.web.client.samples.matchers.XmlContentRequestMatchersIntegrationTests" tests="2" skipped="0" failures="0" errors="0" timestamp="2021-06-20T08:12:59" hostname="gankangdembp" time="0.151">
  <properties/>
  <testcase name="testHamcrestNodeMatcher()" classname="org.springframework.test.web.client.samples.matchers.XmlContentRequestMatchersIntegrationTests" time="0.034"/>
  <testcase name="testXmlEqualTo()" classname="org.springframework.test.web.client.samples.matchers.XmlContentRequestMatchersIntegrationTests" time="0.116"/>
  <system-out><![CDATA[]]></system-out>
  <system-err><![CDATA[]]></system-err>
</testsuite>
