<?xml version="1.0" encoding="UTF-8"?>
<testsuite name="org.springframework.test.web.servlet.samples.standalone.FilterTests" tests="7" skipped="0" failures="0" errors="0" timestamp="2021-06-20T08:12:32" hostname="gankangdembp" time="0.681">
  <properties/>
  <testcase name="filtersProcessRequest()" classname="org.springframework.test.web.servlet.samples.standalone.FilterTests" time="0.087"/>
  <testcase name="filterMappedBySuffix()" classname="org.springframework.test.web.servlet.samples.standalone.FilterTests" time="0.119"/>
  <testcase name="whenFiltersCompleteMvcProcessesRequest()" classname="org.springframework.test.web.servlet.samples.standalone.FilterTests" time="0.097"/>
  <testcase name="filterWrapsRequestResponseAndPerformsAsyncDispatch()" classname="org.springframework.test.web.servlet.samples.standalone.FilterTests" time="0.111"/>
  <testcase name="filterWrapsRequestResponse()" classname="org.springframework.test.web.servlet.samples.standalone.FilterTests" time="0.096"/>
  <testcase name="filterWithExactMapping()" classname="org.springframework.test.web.servlet.samples.standalone.FilterTests" time="0.056"/>
  <testcase name="filterSkipped()" classname="org.springframework.test.web.servlet.samples.standalone.FilterTests" time="0.114"/>
  <system-out><![CDATA[]]></system-out>
  <system-err><![CDATA[]]></system-err>
</testsuite>
