<?xml version="1.0" encoding="UTF-8"?>
<testsuite name="org.springframework.test.annotation.ProfileValueUtilsTests" tests="3" skipped="0" failures="0" errors="0" timestamp="2020-05-29T13:58:48" hostname="bamboo-18" time="0.075">
  <properties/>
  <testcase name="isTestEnabledInThisEnvironmentForProvidedClass()" classname="org.springframework.test.annotation.ProfileValueUtilsTests" time="0.069"/>
  <testcase name="isTestEnabledInThisEnvironmentForProvidedMethodAndClass()" classname="org.springframework.test.annotation.ProfileValueUtilsTests" time="0.004"/>
  <testcase name="isTestEnabledInThisEnvironmentForProvidedProfileValueSourceMethodAndClass()" classname="org.springframework.test.annotation.ProfileValueUtilsTests" time="0.001"/>
  <system-out><![CDATA[]]></system-out>
  <system-err><![CDATA[]]></system-err>
</testsuite>
