<?xml version="1.0" encoding="UTF-8"?>
<testsuite name="org.springframework.test.web.servlet.samples.context.WebAppResourceTests" tests="3" skipped="0" failures="0" errors="0" timestamp="2021-06-20T08:12:25" hostname="gankangdembp" time="0.299">
  <properties/>
  <testcase name="resourcesViaDefaultServlet()" classname="org.springframework.test.web.servlet.samples.context.WebAppResourceTests" time="0.046"/>
  <testcase name="tilesDefinitions()" classname="org.springframework.test.web.servlet.samples.context.WebAppResourceTests" time="0.117"/>
  <testcase name="resourceRequest()" classname="org.springframework.test.web.servlet.samples.context.WebAppResourceTests" time="0.136"/>
  <system-out><![CDATA[]]></system-out>
  <system-err><![CDATA[]]></system-err>
</testsuite>
