<?xml version="1.0" encoding="UTF-8"?>
<testsuite name="org.springframework.test.web.client.samples.SampleAsyncTests" tests="4" skipped="0" failures="0" errors="0" timestamp="2021-06-20T08:12:59" hostname="gankangdembp" time="0.046">
  <properties/>
  <testcase name="performGetManyTimes()" classname="org.springframework.test.web.client.samples.SampleAsyncTests" time="0.007"/>
  <testcase name="verify()" classname="org.springframework.test.web.client.samples.SampleAsyncTests" time="0.001"/>
  <testcase name="performGetWithResponseBodyFromFile()" classname="org.springframework.test.web.client.samples.SampleAsyncTests" time="0.002"/>
  <testcase name="performGet()" classname="org.springframework.test.web.client.samples.SampleAsyncTests" time="0.002"/>
  <system-out><![CDATA[]]></system-out>
  <system-err><![CDATA[]]></system-err>
</testsuite>
