<?xml version="1.0" encoding="UTF-8"?>
<testsuite name="org.springframework.test.web.client.samples.SampleTests" tests="7" skipped="0" failures="0" errors="0" timestamp="2021-06-20T08:12:59" hostname="gankangdembp" time="0.183">
  <properties/>
  <testcase name="performGetManyTimes()" classname="org.springframework.test.web.client.samples.SampleTests" time="0.027"/>
  <testcase name="expectNeverViolated()" classname="org.springframework.test.web.client.samples.SampleTests" time="0.022"/>
  <testcase name="verify()" classname="org.springframework.test.web.client.samples.SampleTests" time="0.016"/>
  <testcase name="performGetWithResponseBodyFromFile()" classname="org.springframework.test.web.client.samples.SampleTests" time="0.021"/>
  <testcase name="repeatedAccessToResponseViaResource()" classname="org.springframework.test.web.client.samples.SampleTests" time="0.061"/>
  <testcase name="expectNever()" classname="org.springframework.test.web.client.samples.SampleTests" time="0.015"/>
  <testcase name="performGet()" classname="org.springframework.test.web.client.samples.SampleTests" time="0.02"/>
  <system-out><![CDATA[]]></system-out>
  <system-err><![CDATA[]]></system-err>
</testsuite>
