<?xml version="1.0" encoding="UTF-8"?>
<testsuite name="org.springframework.test.web.servlet.samples.spr.MockMvcBuilderMethodChainTests" tests="1" skipped="0" failures="0" errors="0" timestamp="2021-06-20T08:12:43" hostname="gankangdembp" time="0.002">
  <properties/>
  <testcase name="chainMultiple()" classname="org.springframework.test.web.servlet.samples.spr.MockMvcBuilderMethodChainTests" time="0.002"/>
  <system-out><![CDATA[]]></system-out>
  <system-err><![CDATA[]]></system-err>
</testsuite>
