<?xml version="1.0" encoding="UTF-8"?>
<testsuite name="org.springframework.test.context.web.socket.WebSocketServletServerContainerFactoryBeanTests" tests="1" skipped="0" failures="0" errors="0" timestamp="2020-05-29T13:58:56" hostname="bamboo-18" time="0.001">
  <properties/>
  <testcase name="servletServerContainerFactoryBeanSupport(ServerContainer)" classname="org.springframework.test.context.web.socket.WebSocketServletServerContainerFactoryBeanTests" time="0.001"/>
  <system-out><![CDATA[]]></system-out>
  <system-err><![CDATA[]]></system-err>
</testsuite>
