<?xml version="1.0" encoding="UTF-8"?>
<testsuite name="org.springframework.test.context.junit4.rules.TransactionalSqlScriptsSpringRuleTests" tests="2" skipped="0" failures="0" errors="0" timestamp="2020-05-29T13:59:43" hostname="bamboo-18" time="0.087">
  <properties/>
  <testcase name="classLevelScripts" classname="org.springframework.test.context.junit4.rules.TransactionalSqlScriptsSpringRuleTests" time="0.053"/>
  <testcase name="methodLevelScripts" classname="org.springframework.test.context.junit4.rules.TransactionalSqlScriptsSpringRuleTests" time="0.034"/>
  <system-out><![CDATA[]]></system-out>
  <system-err><![CDATA[]]></system-err>
</testsuite>
