<?xml version="1.0" encoding="UTF-8"?>
<testsuite name="org.springframework.test.context.junit4.rules.Subclass1AppCtxRuleTests" tests="2" skipped="0" failures="0" errors="0" timestamp="2021-06-20T08:13:15" hostname="gankangdembp" time="0.047">
  <properties/>
  <testcase name="bar" classname="org.springframework.test.context.junit4.rules.Subclass1AppCtxRuleTests" time="0.046"/>
  <testcase name="foo" classname="org.springframework.test.context.junit4.rules.Subclass1AppCtxRuleTests" time="0.0"/>
  <system-out><![CDATA[]]></system-out>
  <system-err><![CDATA[]]></system-err>
</testsuite>
