<?xml version="1.0" encoding="UTF-8"?>
<testsuite name="org.springframework.test.context.support.DelegatingSmartContextLoaderTests" tests="12" skipped="0" failures="0" errors="0" timestamp="2020-05-29T13:58:49" hostname="bamboo-18" time="1.32">
  <properties/>
  <testcase name="loadContextWithNullConfig()" classname="org.springframework.test.context.support.DelegatingSmartContextLoaderTests" time="0.004"/>
  <testcase name="loadContextWithXmlConfig()" classname="org.springframework.test.context.support.DelegatingSmartContextLoaderTests" time="1.078"/>
  <testcase name="processLocations()" classname="org.springframework.test.context.support.DelegatingSmartContextLoaderTests" time="0.001"/>
  <testcase name="processContextConfigurationWithDefaultConfigurationClassGeneration()" classname="org.springframework.test.context.support.DelegatingSmartContextLoaderTests" time="0.001"/>
  <testcase name="loadContextWithConfigurationClass()" classname="org.springframework.test.context.support.DelegatingSmartContextLoaderTests" time="0.171"/>
  <testcase name="loadContextWithoutLocationsAndConfigurationClasses()" classname="org.springframework.test.context.support.DelegatingSmartContextLoaderTests" time="0.004"/>
  <testcase name="loadContextFromLocations()" classname="org.springframework.test.context.support.DelegatingSmartContextLoaderTests" time="0.001"/>
  <testcase name="processContextConfigurationWithConfigurationClass()" classname="org.springframework.test.context.support.DelegatingSmartContextLoaderTests" time="0.014"/>
  <testcase name="processContextConfigurationWithLocation()" classname="org.springframework.test.context.support.DelegatingSmartContextLoaderTests" time="0.001"/>
  <testcase name="loadContextWithLocationsAndConfigurationClasses()" classname="org.springframework.test.context.support.DelegatingSmartContextLoaderTests" time="0.001"/>
  <testcase name="processContextConfigurationWithDefaultXmlConfigGeneration()" classname="org.springframework.test.context.support.DelegatingSmartContextLoaderTests" time="0.001"/>
  <testcase name="processContextConfigurationWithDefaultXmlConfigAndConfigurationClassGeneration()" classname="org.springframework.test.context.support.DelegatingSmartContextLoaderTests" time="0.025"/>
  <system-out><![CDATA[13:58:50.639 [Test worker] ERROR o.s.t.c.s.AbstractDelegatingSmartContextLoader - Configuration error: both default locations AND default configuration classes were detected for context configuration [ContextConfigurationAttributes@3d4a5a6 declaringClass = 'org.springframework.test.context.support.DelegatingSmartContextLoaderTests$ImproperDuplicateDefaultXmlAndConfigClassTestCase', classes = '{class org.springframework.test.context.support.DelegatingSmartContextLoaderTests$ImproperDuplicateDefaultXmlAndConfigClassTestCase$Config}', locations = '{classpath:org/springframework/test/context/support/DelegatingSmartContextLoaderTests$ImproperDuplicateDefaultXmlAndConfigClassTestCase-context.xml}', inheritLocations = true, initializers = 'null', inheritInitializers = true, name = [null], contextLoaderClass = 'org.springframework.test.context.ContextLoader']; configure one or the other, but not both.
]]></system-out>
  <system-err><![CDATA[]]></system-err>
</testsuite>
