<?xml version="1.0" encoding="UTF-8"?>
<testsuite name="org.springframework.test.web.reactive.server.samples.bind.ApplicationContextTests" tests="1" skipped="0" failures="0" errors="0" timestamp="2020-05-29T13:59:30" hostname="bamboo-18" time="0.207">
  <properties/>
  <testcase name="test()" classname="org.springframework.test.web.reactive.server.samples.bind.ApplicationContextTests" time="0.207"/>
  <system-out><![CDATA[]]></system-out>
  <system-err><![CDATA[]]></system-err>
</testsuite>
