<?xml version="1.0" encoding="UTF-8"?>
<testsuite name="org.springframework.mock.web.MockMultipartHttpServletRequestTests" tests="3" skipped="0" failures="0" errors="0" timestamp="2020-05-29T13:59:34" hostname="bamboo-18" time="0.011">
  <properties/>
  <testcase name="mockMultiPartHttpServletRequestWithMixedData()" classname="org.springframework.mock.web.MockMultipartHttpServletRequestTests" time="0.0"/>
  <testcase name="mockMultipartHttpServletRequestWithByteArray()" classname="org.springframework.mock.web.MockMultipartHttpServletRequestTests" time="0.011"/>
  <testcase name="mockMultipartHttpServletRequestWithInputStream()" classname="org.springframework.mock.web.MockMultipartHttpServletRequestTests" time="0.0"/>
  <system-out><![CDATA[]]></system-out>
  <system-err><![CDATA[]]></system-err>
</testsuite>
