<?xml version="1.0" encoding="UTF-8"?>
<testsuite name="org.springframework.test.web.reactive.server.samples.HeaderAndCookieTests" tests="3" skipped="0" failures="0" errors="0" timestamp="2020-05-29T13:59:33" hostname="bamboo-18" time="0.099">
  <properties/>
  <testcase name="requestResponseHeaderPair()" classname="org.springframework.test.web.reactive.server.samples.HeaderAndCookieTests" time="0.005"/>
  <testcase name="setCookies()" classname="org.springframework.test.web.reactive.server.samples.HeaderAndCookieTests" time="0.016"/>
  <testcase name="headerMultipleValues()" classname="org.springframework.test.web.reactive.server.samples.HeaderAndCookieTests" time="0.008"/>
  <system-out><![CDATA[]]></system-out>
  <system-err><![CDATA[]]></system-err>
</testsuite>
