<?xml version="1.0" encoding="UTF-8"?>
<testsuite name="org.springframework.test.context.web.AnnotationConfigWebContextLoaderTests" tests="1" skipped="0" failures="0" errors="0" timestamp="2020-05-29T13:58:56" hostname="bamboo-18" time="0.001">
  <properties/>
  <testcase name="configMustNotContainLocations()" classname="org.springframework.test.context.web.AnnotationConfigWebContextLoaderTests" time="0.001"/>
  <system-out><![CDATA[13:58:56.653 [Test worker] ERROR o.s.t.c.w.AnnotationConfigWebContextLoader - Test class [org.springframework.test.context.web.AnnotationConfigWebContextLoaderTests] has been configured with @ContextConfiguration's 'locations' (or 'value') attribute {config.xml}, but AnnotationConfigWebContextLoader does not support resource locations.
]]></system-out>
  <system-err><![CDATA[]]></system-err>
</testsuite>
