<?xml version="1.0" encoding="UTF-8"?>
<testsuite name="org.springframework.test.context.jdbc.merging.ClassLevelOverrideSqlMergeModeTests" tests="3" skipped="0" failures="0" errors="0" timestamp="2021-06-20T08:12:06" hostname="gankangdembp" time="0.041">
  <properties/>
  <testcase name="overridden()" classname="org.springframework.test.context.jdbc.merging.ClassLevelOverrideSqlMergeModeTests" time="0.007"/>
  <testcase name="merged()" classname="org.springframework.test.context.jdbc.merging.ClassLevelOverrideSqlMergeModeTests" time="0.025"/>
  <testcase name="classLevelScripts()" classname="org.springframework.test.context.jdbc.merging.ClassLevelOverrideSqlMergeModeTests" time="0.009"/>
  <system-out><![CDATA[]]></system-out>
  <system-err><![CDATA[]]></system-err>
</testsuite>
