<?xml version="1.0" encoding="UTF-8"?>
<testsuite name="org.springframework.test.web.reactive.server.MockServerSpecTests" tests="2" skipped="0" failures="0" errors="0" timestamp="2020-05-29T13:59:34" hostname="bamboo-18" time="0.004">
  <properties/>
  <testcase name="applyFiltersAfterConfigurerAdded()" classname="org.springframework.test.web.reactive.server.MockServerSpecTests" time="0.002"/>
  <testcase name="applyFiltersBeforeServerCreated()" classname="org.springframework.test.web.reactive.server.MockServerSpecTests" time="0.002"/>
  <system-out><![CDATA[]]></system-out>
  <system-err><![CDATA[]]></system-err>
</testsuite>
