<?xml version="1.0" encoding="UTF-8"?>
<testsuite name="org.springframework.test.util.OverriddenMetaAnnotationAttributesTests" tests="4" skipped="0" failures="0" errors="0" timestamp="2021-06-20T08:12:19" hostname="gankangdembp" time="0.006">
  <properties/>
  <testcase name="overriddenContextConfigurationLocationsAndInheritLocations()" classname="org.springframework.test.util.OverriddenMetaAnnotationAttributesTests" time="0.002"/>
  <testcase name="contextConfigurationValue()" classname="org.springframework.test.util.OverriddenMetaAnnotationAttributesTests" time="0.003"/>
  <testcase name="overriddenContextConfigurationValue()" classname="org.springframework.test.util.OverriddenMetaAnnotationAttributesTests" time="0.0"/>
  <testcase name="contextConfigurationLocationsAndInheritLocations()" classname="org.springframework.test.util.OverriddenMetaAnnotationAttributesTests" time="0.001"/>
  <system-out><![CDATA[]]></system-out>
  <system-err><![CDATA[]]></system-err>
</testsuite>
