<?xml version="1.0" encoding="UTF-8"?>
<testsuite name="org.springframework.test.web.servlet.samples.standalone.RequestParameterTests" tests="1" skipped="0" failures="0" errors="0" timestamp="2020-05-29T13:59:23" hostname="bamboo-18" time="0.031">
  <properties/>
  <testcase name="queryParameter()" classname="org.springframework.test.web.servlet.samples.standalone.RequestParameterTests" time="0.031"/>
  <system-out><![CDATA[]]></system-out>
  <system-err><![CDATA[]]></system-err>
</testsuite>
