<?xml version="1.0" encoding="UTF-8"?>
<testsuite name="org.springframework.test.context.transaction.ejb.RollbackForRequiredEjbTxDaoTests" tests="3" skipped="0" failures="0" errors="0" timestamp="2020-05-29T13:59:02" hostname="bamboo-18" time="0.017">
  <properties/>
  <testcase name="test1InitialState()" classname="org.springframework.test.context.transaction.ejb.RollbackForRequiredEjbTxDaoTests" time="0.007"/>
  <testcase name="test2IncrementCount1()" classname="org.springframework.test.context.transaction.ejb.RollbackForRequiredEjbTxDaoTests" time="0.002"/>
  <testcase name="test3IncrementCount2()" classname="org.springframework.test.context.transaction.ejb.RollbackForRequiredEjbTxDaoTests" time="0.004"/>
  <system-out><![CDATA[]]></system-out>
  <system-err><![CDATA[]]></system-err>
</testsuite>
