<?xml version="1.0" encoding="UTF-8"?>
<testsuite name="org.springframework.test.context.junit4.TimedTransactionalSpringRunnerTests" tests="4" skipped="0" failures="0" errors="0" timestamp="2020-05-29T13:59:42" hostname="bamboo-18" time="0.039">
  <properties/>
  <testcase name="notTransactionalWithJUnitTimeout" classname="org.springframework.test.context.junit4.TimedTransactionalSpringRunnerTests" time="0.014"/>
  <testcase name="transactionalWithSpringTimeout" classname="org.springframework.test.context.junit4.TimedTransactionalSpringRunnerTests" time="0.003"/>
  <testcase name="transactionalWithJUnitTimeout" classname="org.springframework.test.context.junit4.TimedTransactionalSpringRunnerTests" time="0.017"/>
  <testcase name="notTransactionalWithSpringTimeout" classname="org.springframework.test.context.junit4.TimedTransactionalSpringRunnerTests" time="0.001"/>
  <system-out><![CDATA[]]></system-out>
  <system-err><![CDATA[]]></system-err>
</testsuite>
