<?xml version="1.0" encoding="UTF-8"?>
<testsuite name="org.springframework.test.web.reactive.server.StatusAssertionTests" tests="10" skipped="0" failures="0" errors="0" timestamp="2021-06-20T08:12:57" hostname="gankangdembp" time="0.047">
  <properties/>
  <testcase name="isEqualTo()" classname="org.springframework.test.web.reactive.server.StatusAssertionTests" time="0.025"/>
  <testcase name="matchesCustomStatusValue()" classname="org.springframework.test.web.reactive.server.StatusAssertionTests" time="0.001"/>
  <testcase name="reasonEquals()" classname="org.springframework.test.web.reactive.server.StatusAssertionTests" time="0.001"/>
  <testcase name="statusSeries1xx()" classname="org.springframework.test.web.reactive.server.StatusAssertionTests" time="0.002"/>
  <testcase name="statusSeries2xx()" classname="org.springframework.test.web.reactive.server.StatusAssertionTests" time="0.001"/>
  <testcase name="statusSeries3xx()" classname="org.springframework.test.web.reactive.server.StatusAssertionTests" time="0.001"/>
  <testcase name="statusSeries4xx()" classname="org.springframework.test.web.reactive.server.StatusAssertionTests" time="0.001"/>
  <testcase name="statusSeries5xx()" classname="org.springframework.test.web.reactive.server.StatusAssertionTests" time="0.001"/>
  <testcase name="matchesStatusValue()" classname="org.springframework.test.web.reactive.server.StatusAssertionTests" time="0.006"/>
  <testcase name="isEqualToWithCustomStatus()" classname="org.springframework.test.web.reactive.server.StatusAssertionTests" time="0.001"/>
  <system-out><![CDATA[]]></system-out>
  <system-err><![CDATA[]]></system-err>
</testsuite>
