<?xml version="1.0" encoding="UTF-8"?>
<testsuite name="org.springframework.test.context.transaction.manager.LookUpTxMgrViaTransactionManagementConfigurerWithPrimaryTxMgrTests" tests="1" skipped="0" failures="0" errors="0" timestamp="2021-06-20T08:10:51" hostname="gankangdembp" time="0.015">
  <properties/>
  <testcase name="transactionalTest()" classname="org.springframework.test.context.transaction.manager.LookUpTxMgrViaTransactionManagementConfigurerWithPrimaryTxMgrTests" time="0.015"/>
  <system-out><![CDATA[]]></system-out>
  <system-err><![CDATA[]]></system-err>
</testsuite>
