<?xml version="1.0" encoding="UTF-8"?>
<testsuite name="org.springframework.test.context.junit4.RollbackOverrideDefaultRollbackTrueTransactionalTests" tests="1" skipped="0" failures="0" errors="0" timestamp="2021-06-20T08:13:10" hostname="gankangdembp" time="0.031">
  <properties/>
  <testcase name="modifyTestDataWithinTransaction" classname="org.springframework.test.context.junit4.RollbackOverrideDefaultRollbackTrueTransactionalTests" time="0.031"/>
  <system-out><![CDATA[]]></system-out>
  <system-err><![CDATA[]]></system-err>
</testsuite>
