<?xml version="1.0" encoding="UTF-8"?>
<testsuite name="org.springframework.web.reactive.resource.PathResourceResolverTests" tests="9" skipped="0" failures="0" errors="0" timestamp="2021-06-20T08:12:53" hostname="gankangdembp" time="0.037">
  <properties/>
  <testcase name="checkFileLocation()" classname="org.springframework.web.reactive.resource.PathResourceResolverTests" time="0.0"/>
  <testcase name="ignoreInvalidEscapeSequence()" classname="org.springframework.web.reactive.resource.PathResourceResolverTests" time="0.012"/>
  <testcase name="checkResourceWithAllowedLocations()" classname="org.springframework.web.reactive.resource.PathResourceResolverTests" time="0.001"/>
  <testcase name="resolveFromClasspathRoot()" classname="org.springframework.web.reactive.resource.PathResourceResolverTests" time="0.0"/>
  <testcase name="resolveFromClasspath()" classname="org.springframework.web.reactive.resource.PathResourceResolverTests" time="0.0"/>
  <testcase name="resolvePathRootResource()" classname="org.springframework.web.reactive.resource.PathResourceResolverTests" time="0.001"/>
  <testcase name="checkRelativeLocation()" classname="org.springframework.web.reactive.resource.PathResourceResolverTests" time="0.0"/>
  <testcase name="resolveWithEncodedPath()" classname="org.springframework.web.reactive.resource.PathResourceResolverTests" time="0.009"/>
  <testcase name="checkResource()" classname="org.springframework.web.reactive.resource.PathResourceResolverTests" time="0.009"/>
  <system-out><![CDATA[16:12:53.344 [Test worker] WARN  o.s.w.r.r.PathResourceResolver - Resource path "../testsecret/secret.txt" was successfully resolved but resource "file:/Users/gankang/spring-framework-learn/spring-webflux/build/resources/test/org/springframework/web/reactive/resource/testsecret/secret.txt" is neither under the current location "file:/Users/gankang/spring-framework-learn/spring-webflux/build/resources/test/org/springframework/web/reactive/resource/test/" nor under any of the allowed locations []
16:12:53.345 [Test worker] WARN  o.s.w.r.r.PathResourceResolver - Resource path "test/../../testsecret/secret.txt" was successfully resolved but resource "file:/Users/gankang/spring-framework-learn/spring-webflux/build/resources/test/org/springframework/web/reactive/resource/testsecret/secret.txt" is neither under the current location "file:/Users/gankang/spring-framework-learn/spring-webflux/build/resources/test/org/springframework/web/reactive/resource/test/" nor under any of the allowed locations []
16:12:53.345 [Test worker] WARN  o.s.w.r.r.PathResourceResolver - Resource path "file:/Users/gankang/spring-framework-learn/spring-webflux/build/resources/test/org/springframework/web/reactive/resource/testsecret/secret.txt" was successfully resolved but resource "file:/Users/gankang/spring-framework-learn/spring-webflux/build/resources/test/org/springframework/web/reactive/resource/testsecret/secret.txt" is neither under the current location "file:/Users/gankang/spring-framework-learn/spring-webflux/build/resources/test/org/springframework/web/reactive/resource/test/" nor under any of the allowed locations []
16:12:53.346 [Test worker] WARN  o.s.w.r.r.PathResourceResolver - Resource path "/file:/Users/gankang/spring-framework-learn/spring-webflux/build/resources/test/org/springframework/web/reactive/resource/testsecret/secret.txt" was successfully resolved but resource "file:/Users/gankang/spring-framework-learn/spring-webflux/build/resources/test/org/springframework/web/reactive/resource/testsecret/secret.txt" is neither under the current location "file:/Users/gankang/spring-framework-learn/spring-webflux/build/resources/test/org/springframework/web/reactive/resource/test/" nor under any of the allowed locations []
16:12:53.348 [Test worker] WARN  o.s.w.r.r.PathResourceResolver - Resource path "//Users/gankang/spring-framework-learn/spring-webflux/build/resources/test/org/springframework/web/reactive/resource/testsecret/secret.txt" was successfully resolved but resource "file:/Users/gankang/spring-framework-learn/spring-webflux/build/resources/test/org/springframework/web/reactive/resource/testsecret/secret.txt" is neither under the current location "file:/Users/gankang/spring-framework-learn/spring-webflux/build/resources/test/org/springframework/web/reactive/resource/test/" nor under any of the allowed locations []
16:12:53.348 [Test worker] WARN  o.s.w.r.r.PathResourceResolver - Resource path "////../../Users/gankang/spring-framework-learn/spring-webflux/build/resources/test/org/springframework/web/reactive/resource/testsecret/secret.txt" was successfully resolved but resource "file:/../../Users/gankang/spring-framework-learn/spring-webflux/build/resources/test/org/springframework/web/reactive/resource/testsecret/secret.txt" is neither under the current location "file:/Users/gankang/spring-framework-learn/spring-webflux/build/resources/test/org/springframework/web/reactive/resource/test/" nor under any of the allowed locations []
16:12:53.349 [Test worker] WARN  o.s.w.r.r.PathResourceResolver - Resolved resource path contains encoded "../" or "..\": file:/Users/gankang/spring-framework-learn/spring-webflux/build/resources/test/org/springframework/web/reactive/resource/test/%2E%2E/testsecret/secret.txt
16:12:53.349 [Test worker] WARN  o.s.w.r.r.PathResourceResolver - Resource path "/%2E%2E/testsecret/secret.txt" was successfully resolved but resource "file:/Users/gankang/spring-framework-learn/spring-webflux/build/resources/test/org/springframework/web/reactive/resource/test/%2E%2E/testsecret/secret.txt" is neither under the current location "file:/Users/gankang/spring-framework-learn/spring-webflux/build/resources/test/org/springframework/web/reactive/resource/test/" nor under any of the allowed locations []
16:12:53.349 [Test worker] WARN  o.s.w.r.r.PathResourceResolver - Resolved resource path contains encoded "../" or "..\": file:/Users/gankang/spring-framework-learn/spring-webflux/build/resources/test/org/springframework/web/reactive/resource/test/%2e%2e/testsecret/secret.txt
16:12:53.349 [Test worker] WARN  o.s.w.r.r.PathResourceResolver - Resource path "/%2e%2e/testsecret/secret.txt" was successfully resolved but resource "file:/Users/gankang/spring-framework-learn/spring-webflux/build/resources/test/org/springframework/web/reactive/resource/test/%2e%2e/testsecret/secret.txt" is neither under the current location "file:/Users/gankang/spring-framework-learn/spring-webflux/build/resources/test/org/springframework/web/reactive/resource/test/" nor under any of the allowed locations []
16:12:53.349 [Test worker] WARN  o.s.w.r.r.PathResourceResolver - Resource path " /Users/gankang/spring-framework-learn/spring-webflux/build/resources/test/org/springframework/web/reactive/resource/testsecret/secret.txt" was successfully resolved but resource "file:/Users/gankang/spring-framework-learn/spring-webflux/build/resources/test/org/springframework/web/reactive/resource/testsecret/secret.txt" is neither under the current location "file:/Users/gankang/spring-framework-learn/spring-webflux/build/resources/test/org/springframework/web/reactive/resource/test/" nor under any of the allowed locations []
16:12:53.350 [Test worker] WARN  o.s.w.r.r.PathResourceResolver - Resource path "/  /Users/gankang/spring-framework-learn/spring-webflux/build/resources/test/org/springframework/web/reactive/resource/testsecret/secret.txt" was successfully resolved but resource "file:/Users/gankang/spring-framework-learn/spring-webflux/build/resources/test/org/springframework/web/reactive/resource/testsecret/secret.txt" is neither under the current location "file:/Users/gankang/spring-framework-learn/spring-webflux/build/resources/test/org/springframework/web/reactive/resource/test/" nor under any of the allowed locations []
16:12:53.350 [Test worker] WARN  o.s.w.r.r.PathResourceResolver - Resource path "url:/Users/gankang/spring-framework-learn/spring-webflux/build/resources/test/org/springframework/web/reactive/resource/testsecret/secret.txt" was successfully resolved but resource "file:/Users/gankang/spring-framework-learn/spring-webflux/build/resources/test/org/springframework/web/reactive/resource/testsecret/secret.txt" is neither under the current location "file:/Users/gankang/spring-framework-learn/spring-webflux/build/resources/test/org/springframework/web/reactive/resource/test/" nor under any of the allowed locations []
]]></system-out>
  <system-err><![CDATA[]]></system-err>
</testsuite>
