<?xml version="1.0" encoding="UTF-8"?>
<testsuite name="org.springframework.web.reactive.function.server.support.RouterFunctionMappingTests" tests="2" skipped="0" failures="0" errors="0" timestamp="2021-06-20T08:12:09" hostname="gankangdembp" time="0.067">
  <properties/>
  <testcase name="normal()" classname="org.springframework.web.reactive.function.server.support.RouterFunctionMappingTests" time="0.025"/>
  <testcase name="noMatch()" classname="org.springframework.web.reactive.function.server.support.RouterFunctionMappingTests" time="0.042"/>
  <system-out><![CDATA[16:12:09.626 [Test worker] DEBUG o.s.w.r.f.s.s.RouterFunctionMapping - [527accf2] Mapped to org.springframework.web.reactive.function.server.support.RouterFunctionMappingTests$$Lambda$1285/2059097752@6c0947a1
]]></system-out>
  <system-err><![CDATA[]]></system-err>
</testsuite>
