<?xml version="1.0" encoding="UTF-8"?>
<testsuite name="org.springframework.web.reactive.result.method.annotation.CoroutinesIntegrationTests" tests="24" skipped="0" failures="0" errors="0" timestamp="2021-06-20T08:12:16" hostname="gankangdembp" time="10.53">
  <properties/>
  <testcase name="Suspending handler method throwing exception(HttpServer)[1]" classname="org.springframework.web.reactive.result.method.annotation.CoroutinesIntegrationTests" time="2.195"/>
  <testcase name="Suspending handler method throwing exception(HttpServer)[2]" classname="org.springframework.web.reactive.result.method.annotation.CoroutinesIntegrationTests" time="0.151"/>
  <testcase name="Suspending handler method throwing exception(HttpServer)[3]" classname="org.springframework.web.reactive.result.method.annotation.CoroutinesIntegrationTests" time="0.325"/>
  <testcase name="Suspending handler method throwing exception(HttpServer)[4]" classname="org.springframework.web.reactive.result.method.annotation.CoroutinesIntegrationTests" time="0.364"/>
  <testcase name="Handler method returning Flow throwing exception(HttpServer)[1]" classname="org.springframework.web.reactive.result.method.annotation.CoroutinesIntegrationTests" time="0.364"/>
  <testcase name="Handler method returning Flow throwing exception(HttpServer)[2]" classname="org.springframework.web.reactive.result.method.annotation.CoroutinesIntegrationTests" time="0.296"/>
  <testcase name="Handler method returning Flow throwing exception(HttpServer)[3]" classname="org.springframework.web.reactive.result.method.annotation.CoroutinesIntegrationTests" time="0.315"/>
  <testcase name="Handler method returning Flow throwing exception(HttpServer)[4]" classname="org.springframework.web.reactive.result.method.annotation.CoroutinesIntegrationTests" time="0.291"/>
  <testcase name="Handler method returning Deferred(HttpServer)[1]" classname="org.springframework.web.reactive.result.method.annotation.CoroutinesIntegrationTests" time="0.306"/>
  <testcase name="Handler method returning Deferred(HttpServer)[2]" classname="org.springframework.web.reactive.result.method.annotation.CoroutinesIntegrationTests" time="0.303"/>
  <testcase name="Handler method returning Deferred(HttpServer)[3]" classname="org.springframework.web.reactive.result.method.annotation.CoroutinesIntegrationTests" time="0.347"/>
  <testcase name="Handler method returning Deferred(HttpServer)[4]" classname="org.springframework.web.reactive.result.method.annotation.CoroutinesIntegrationTests" time="0.338"/>
  <testcase name="Suspending handler method(HttpServer)[1]" classname="org.springframework.web.reactive.result.method.annotation.CoroutinesIntegrationTests" time="0.296"/>
  <testcase name="Suspending handler method(HttpServer)[2]" classname="org.springframework.web.reactive.result.method.annotation.CoroutinesIntegrationTests" time="0.315"/>
  <testcase name="Suspending handler method(HttpServer)[3]" classname="org.springframework.web.reactive.result.method.annotation.CoroutinesIntegrationTests" time="0.311"/>
  <testcase name="Suspending handler method(HttpServer)[4]" classname="org.springframework.web.reactive.result.method.annotation.CoroutinesIntegrationTests" time="0.366"/>
  <testcase name="Handler method returning Flow(HttpServer)[1]" classname="org.springframework.web.reactive.result.method.annotation.CoroutinesIntegrationTests" time="0.408"/>
  <testcase name="Handler method returning Flow(HttpServer)[2]" classname="org.springframework.web.reactive.result.method.annotation.CoroutinesIntegrationTests" time="0.322"/>
  <testcase name="Handler method returning Flow(HttpServer)[3]" classname="org.springframework.web.reactive.result.method.annotation.CoroutinesIntegrationTests" time="0.346"/>
  <testcase name="Handler method returning Flow(HttpServer)[4]" classname="org.springframework.web.reactive.result.method.annotation.CoroutinesIntegrationTests" time="0.322"/>
  <testcase name="Suspending handler method returning Flow(HttpServer)[1]" classname="org.springframework.web.reactive.result.method.annotation.CoroutinesIntegrationTests" time="0.391"/>
  <testcase name="Suspending handler method returning Flow(HttpServer)[2]" classname="org.springframework.web.reactive.result.method.annotation.CoroutinesIntegrationTests" time="0.3"/>
  <testcase name="Suspending handler method returning Flow(HttpServer)[3]" classname="org.springframework.web.reactive.result.method.annotation.CoroutinesIntegrationTests" time="0.316"/>
  <testcase name="Suspending handler method returning Flow(HttpServer)[4]" classname="org.springframework.web.reactive.result.method.annotation.CoroutinesIntegrationTests" time="0.263"/>
  <system-out><![CDATA[16:12:16.824 [Test worker] DEBUG o.s.w.r.r.m.a.RequestMappingHandlerMapping - 6 mappings in 'requestMappingHandlerMapping'
16:12:16.932 [Test worker] DEBUG o.s.w.r.r.m.a.ControllerMethodResolver - ControllerAdvice beans: none
16:12:16.997 [Test worker] DEBUG o.s.w.s.a.HttpWebHandlerAdapter - enableLoggingRequestDetails='false': form data and headers will be masked to prevent unsafe logging of potentially sensitive data
16:12:16.997 [Test worker] WARN  o.e.j.s.h.ContextHandler - Empty contextPath
16:12:16.997 [Test worker] INFO  o.e.j.s.h.ContextHandler - Started o.e.j.s.ServletContextHandler@718c67f8{/,null,AVAILABLE}
16:12:16.998 [Test worker] DEBUG o.s.w.t.h.s.r.b.JettyHttpServer - Starting JettyHttpServer...
16:12:16.998 [Test worker] INFO  o.e.j.s.Server - jetty-9.4.31.v20200723; built: 2020-07-23T17:57:36.812Z; git: 450ba27947e13e66baa8cd1ce7e85a4461cacc1d; jvm 1.8.0_201-b09
16:12:17.007 [Test worker] INFO  o.e.j.s.AbstractConnector - Started ServerConnector@5caf7f2d{HTTP/1.1, (http/1.1)}{0.0.0.0:56146}
16:12:17.008 [Test worker] INFO  o.e.j.s.Server - Started @104904ms
16:12:17.008 [Test worker] DEBUG o.s.w.t.h.s.r.b.JettyHttpServer - Server started on port 56146(0 millis).
16:12:17.009 [Test worker] DEBUG o.s.w.c.RestTemplate - HTTP GET http://localhost:56146/error
16:12:17.009 [Test worker] DEBUG o.s.w.c.RestTemplate - Accept=[text/plain, application/json, application/x-jackson-smile, application/*+json, */*]
16:12:17.011 [qtp1429532737-1351] DEBUG o.s.w.s.a.HttpWebHandlerAdapter - [68329355] HTTP GET "/error"
16:12:17.012 [qtp1429532737-1351] DEBUG o.s.w.r.r.m.a.RequestMappingHandlerMapping - [68329355] Mapped to org.springframework.web.reactive.result.method.annotation.CoroutinesIntegrationTests$CoroutinesController#error(Continuation)
16:12:18.015 [qtp1429532737-1351] DEBUG o.s.w.r.r.m.a.ResponseBodyResultHandler - Using 'application/json' given [text/plain, application/json, application/x-jackson-smile, application/*+json, */*] and supported [application/json, application/*+json, application/x-jackson-smile, application/*+x-jackson-smile, text/event-stream]
16:12:18.015 [qtp1429532737-1351] DEBUG o.s.w.r.r.m.a.ResponseBodyResultHandler - [68329355] 0..1 [kotlin.Unit]
16:12:18.276 [qtp1429532737-1351 @coroutine#1] ERROR o.s.w.s.a.HttpWebHandlerAdapter - [68329355] 500 Server Error for HTTP GET "/error"
java.lang.IllegalStateException: null
	at org.springframework.web.reactive.result.method.annotation.CoroutinesIntegrationTests$CoroutinesController.error(CoroutinesIntegrationTests.kt:144) ~[test/:?]
	Suppressed: reactor.core.publisher.FluxOnAssembly$OnAssemblyException: 
Error has been observed at the following site(s):
	|_ checkpoint ⇢ Handler org.springframework.web.reactive.result.method.annotation.CoroutinesIntegrationTests$CoroutinesController#error(Continuation) [DispatcherHandler]
	|_ checkpoint ⇢ HTTP GET "/error" [ExceptionHandlingWebHandler]
Stack trace:
		at org.springframework.web.reactive.result.method.annotation.CoroutinesIntegrationTests$CoroutinesController.error(CoroutinesIntegrationTests.kt:144) ~[test/:?]
		at sun.reflect.NativeMethodAccessorImpl.invoke0(Native Method) ~[?:1.8.0_201]
		at sun.reflect.NativeMethodAccessorImpl.invoke(NativeMethodAccessorImpl.java:62) ~[?:1.8.0_201]
		at sun.reflect.DelegatingMethodAccessorImpl.invoke(DelegatingMethodAccessorImpl.java:43) ~[?:1.8.0_201]
		at java.lang.reflect.Method.invoke(Method.java:498) ~[?:1.8.0_201]
		at kotlin.reflect.jvm.internal.calls.CallerImpl$Method.callMethod(CallerImpl.kt:97) ~[kotlin-reflect-1.3.72.jar:1.3.72-release-468 (1.3.72)]
		at kotlin.reflect.jvm.internal.calls.CallerImpl$Method$Instance.call(CallerImpl.kt:113) ~[kotlin-reflect-1.3.72.jar:1.3.72-release-468 (1.3.72)]
		at kotlin.reflect.jvm.internal.KCallableImpl.call(KCallableImpl.kt:106) ~[kotlin-reflect-1.3.72.jar:1.3.72-release-468 (1.3.72)]
		at kotlin.reflect.full.KCallables.callSuspend(KCallables.kt:55) ~[kotlin-reflect-1.3.72.jar:1.3.72-release-468 (1.3.72)]
		at org.springframework.core.CoroutinesUtils$invokeSuspendingFunction$mono$1.invokeSuspend(CoroutinesUtils.kt:72) ~[spring-core-5.2.16.BUILD-SNAPSHOT.jar:5.2.16.BUILD-SNAPSHOT]
		at kotlin.coroutines.jvm.internal.BaseContinuationImpl.resumeWith(ContinuationImpl.kt:33) ~[kotlin-stdlib-1.3.72.jar:1.3.72-release-468 (1.3.72)]
		at kotlinx.coroutines.DispatchedContinuationKt.resumeCancellableWith(DispatchedContinuation.kt:330) ~[kotlinx-coroutines-core-1.3.5.jar:?]
		at kotlinx.coroutines.intrinsics.CancellableKt.startCoroutineCancellable(Cancellable.kt:26) ~[kotlinx-coroutines-core-1.3.5.jar:?]
		at kotlinx.coroutines.CoroutineStart.invoke(CoroutineStart.kt:109) ~[kotlinx-coroutines-core-1.3.5.jar:?]
		at kotlinx.coroutines.AbstractCoroutine.start(AbstractCoroutine.kt:158) ~[kotlinx-coroutines-core-1.3.5.jar:?]
		at kotlinx.coroutines.reactor.MonoKt$monoInternal$1.accept(Mono.kt:55) ~[kotlinx-coroutines-reactor-1.3.5.jar:?]
		at kotlinx.coroutines.reactor.MonoKt$monoInternal$1.accept(Mono.kt) ~[kotlinx-coroutines-reactor-1.3.5.jar:?]
		at reactor.core.publisher.MonoCreate.subscribe(MonoCreate.java:57) ~[reactor-core-3.3.17.RELEASE.jar:3.3.17.RELEASE]
		at reactor.core.publisher.InternalMonoOperator.subscribe(InternalMonoOperator.java:64) ~[reactor-core-3.3.17.RELEASE.jar:3.3.17.RELEASE]
		at reactor.core.publisher.MonoFlatMap$FlatMapMain.onNext(MonoFlatMap.java:150) ~[reactor-core-3.3.17.RELEASE.jar:3.3.17.RELEASE]
		at reactor.core.publisher.Operators$MonoSubscriber.complete(Operators.java:1812) ~[reactor-core-3.3.17.RELEASE.jar:3.3.17.RELEASE]
		at reactor.core.publisher.MonoFlatMap$FlatMapInner.onNext(MonoFlatMap.java:241) ~[reactor-core-3.3.17.RELEASE.jar:3.3.17.RELEASE]
		at reactor.core.publisher.FluxOnErrorResume$ResumeSubscriber.onNext(FluxOnErrorResume.java:73) ~[reactor-core-3.3.17.RELEASE.jar:3.3.17.RELEASE]
		at reactor.core.publisher.FluxPeek$PeekSubscriber.onNext(FluxPeek.java:192) ~[reactor-core-3.3.17.RELEASE.jar:3.3.17.RELEASE]
		at reactor.core.publisher.FluxPeek$PeekSubscriber.onNext(FluxPeek.java:192) ~[reactor-core-3.3.17.RELEASE.jar:3.3.17.RELEASE]
		at reactor.core.publisher.MonoIgnoreThen$ThenIgnoreMain.complete(MonoIgnoreThen.java:282) ~[reactor-core-3.3.17.RELEASE.jar:3.3.17.RELEASE]
		at reactor.core.publisher.MonoIgnoreThen$ThenIgnoreMain.onNext(MonoIgnoreThen.java:185) ~[reactor-core-3.3.17.RELEASE.jar:3.3.17.RELEASE]
		at reactor.core.publisher.Operators$MonoSubscriber.complete(Operators.java:1812) ~[reactor-core-3.3.17.RELEASE.jar:3.3.17.RELEASE]
		at reactor.core.publisher.MonoFlatMap$FlatMapMain.onNext(MonoFlatMap.java:144) ~[reactor-core-3.3.17.RELEASE.jar:3.3.17.RELEASE]
		at reactor.core.publisher.Operators$MonoSubscriber.complete(Operators.java:1812) ~[reactor-core-3.3.17.RELEASE.jar:3.3.17.RELEASE]
		at reactor.core.publisher.MonoZip$ZipCoordinator.signal(MonoZip.java:247) ~[reactor-core-3.3.17.RELEASE.jar:3.3.17.RELEASE]
		at reactor.core.publisher.MonoZip$ZipInner.onNext(MonoZip.java:329) ~[reactor-core-3.3.17.RELEASE.jar:3.3.17.RELEASE]
		at reactor.core.publisher.MonoPeekTerminal$MonoTerminalPeekSubscriber.onNext(MonoPeekTerminal.java:173) ~[reactor-core-3.3.17.RELEASE.jar:3.3.17.RELEASE]
		at reactor.core.publisher.Operators$ScalarSubscription.request(Operators.java:2393) ~[reactor-core-3.3.17.RELEASE.jar:3.3.17.RELEASE]
		at reactor.core.publisher.MonoPeekTerminal$MonoTerminalPeekSubscriber.request(MonoPeekTerminal.java:132) ~[reactor-core-3.3.17.RELEASE.jar:3.3.17.RELEASE]
		at reactor.core.publisher.MonoZip$ZipInner.onSubscribe(MonoZip.java:318) ~[reactor-core-3.3.17.RELEASE.jar:3.3.17.RELEASE]
		at reactor.core.publisher.MonoPeekTerminal$MonoTerminalPeekSubscriber.onSubscribe(MonoPeekTerminal.java:145) ~[reactor-core-3.3.17.RELEASE.jar:3.3.17.RELEASE]
		at reactor.core.publisher.MonoJust.subscribe(MonoJust.java:54) ~[reactor-core-3.3.17.RELEASE.jar:3.3.17.RELEASE]
		at reactor.core.publisher.Mono.subscribe(Mono.java:4252) ~[reactor-core-3.3.17.RELEASE.jar:3.3.17.RELEASE]
		at reactor.core.publisher.MonoZip.subscribe(MonoZip.java:128) ~[reactor-core-3.3.17.RELEASE.jar:3.3.17.RELEASE]
		at reactor.core.publisher.InternalMonoOperator.subscribe(InternalMonoOperator.java:64) ~[reactor-core-3.3.17.RELEASE.jar:3.3.17.RELEASE]
		at reactor.core.publisher.MonoDefer.subscribe(MonoDefer.java:52) ~[reactor-core-3.3.17.RELEASE.jar:3.3.17.RELEASE]
		at reactor.core.publisher.MonoIgnoreThen$ThenIgnoreMain.subscribeNext(MonoIgnoreThen.java:234) ~[reactor-core-3.3.17.RELEASE.jar:3.3.17.RELEASE]
		at reactor.core.publisher.MonoIgnoreThen$ThenIgnoreMain.onComplete(MonoIgnoreThen.java:201) ~[reactor-core-3.3.17.RELEASE.jar:3.3.17.RELEASE]
		at reactor.core.publisher.MonoFlatMap$FlatMapMain.onComplete(MonoFlatMap.java:174) ~[reactor-core-3.3.17.RELEASE.jar:3.3.17.RELEASE]
		at reactor.core.publisher.Operators.complete(Operators.java:135) ~[reactor-core-3.3.17.RELEASE.jar:3.3.17.RELEASE]
		at reactor.core.publisher.MonoZip.subscribe(MonoZip.java:120) ~[reactor-core-3.3.17.RELEASE.jar:3.3.17.RELEASE]
		at reactor.core.publisher.Mono.subscribe(Mono.java:4252) ~[reactor-core-3.3.17.RELEASE.jar:3.3.17.RELEASE]
		at reactor.core.publisher.MonoIgnoreThen$ThenIgnoreMain.subscribeNext(MonoIgnoreThen.java:253) ~[reactor-core-3.3.17.RELEASE.jar:3.3.17.RELEASE]
		at reactor.core.publisher.MonoIgnoreThen.subscribe(MonoIgnoreThen.java:51) ~[reactor-core-3.3.17.RELEASE.jar:3.3.17.RELEASE]
		at reactor.core.publisher.InternalMonoOperator.subscribe(InternalMonoOperator.java:64) ~[reactor-core-3.3.17.RELEASE.jar:3.3.17.RELEASE]
		at reactor.core.publisher.MonoFlatMap$FlatMapMain.onNext(MonoFlatMap.java:150) ~[reactor-core-3.3.17.RELEASE.jar:3.3.17.RELEASE]
		at reactor.core.publisher.FluxSwitchIfEmpty$SwitchIfEmptySubscriber.onNext(FluxSwitchIfEmpty.java:67) ~[reactor-core-3.3.17.RELEASE.jar:3.3.17.RELEASE]
		at reactor.core.publisher.MonoNext$NextSubscriber.onNext(MonoNext.java:76) ~[reactor-core-3.3.17.RELEASE.jar:3.3.17.RELEASE]
		at reactor.core.publisher.FluxConcatMap$ConcatMapImmediate.innerNext(FluxConcatMap.java:274) ~[reactor-core-3.3.17.RELEASE.jar:3.3.17.RELEASE]
		at reactor.core.publisher.FluxConcatMap$ConcatMapInner.onNext(FluxConcatMap.java:851) ~[reactor-core-3.3.17.RELEASE.jar:3.3.17.RELEASE]
		at reactor.core.publisher.FluxMapFuseable$MapFuseableSubscriber.onNext(FluxMapFuseable.java:121) ~[reactor-core-3.3.17.RELEASE.jar:3.3.17.RELEASE]
		at reactor.core.publisher.MonoPeekTerminal$MonoTerminalPeekSubscriber.onNext(MonoPeekTerminal.java:173) ~[reactor-core-3.3.17.RELEASE.jar:3.3.17.RELEASE]
		at reactor.core.publisher.Operators$ScalarSubscription.request(Operators.java:2393) ~[reactor-core-3.3.17.RELEASE.jar:3.3.17.RELEASE]
		at reactor.core.publisher.MonoPeekTerminal$MonoTerminalPeekSubscriber.request(MonoPeekTerminal.java:132) ~[reactor-core-3.3.17.RELEASE.jar:3.3.17.RELEASE]
		at reactor.core.publisher.FluxMapFuseable$MapFuseableSubscriber.request(FluxMapFuseable.java:162) ~[reactor-core-3.3.17.RELEASE.jar:3.3.17.RELEASE]
		at reactor.core.publisher.Operators$MultiSubscriptionSubscriber.set(Operators.java:2190) ~[reactor-core-3.3.17.RELEASE.jar:3.3.17.RELEASE]
		at reactor.core.publisher.Operators$MultiSubscriptionSubscriber.onSubscribe(Operators.java:2064) ~[reactor-core-3.3.17.RELEASE.jar:3.3.17.RELEASE]
		at reactor.core.publisher.FluxMapFuseable$MapFuseableSubscriber.onSubscribe(FluxMapFuseable.java:90) ~[reactor-core-3.3.17.RELEASE.jar:3.3.17.RELEASE]
		at reactor.core.publisher.MonoPeekTerminal$MonoTerminalPeekSubscriber.onSubscribe(MonoPeekTerminal.java:145) ~[reactor-core-3.3.17.RELEASE.jar:3.3.17.RELEASE]
		at reactor.core.publisher.MonoJust.subscribe(MonoJust.java:54) ~[reactor-core-3.3.17.RELEASE.jar:3.3.17.RELEASE]
		at reactor.core.publisher.Mono.subscribe(Mono.java:4252) ~[reactor-core-3.3.17.RELEASE.jar:3.3.17.RELEASE]
		at reactor.core.publisher.FluxConcatMap$ConcatMapImmediate.drain(FluxConcatMap.java:441) ~[reactor-core-3.3.17.RELEASE.jar:3.3.17.RELEASE]
		at reactor.core.publisher.FluxConcatMap$ConcatMapImmediate.onSubscribe(FluxConcatMap.java:211) ~[reactor-core-3.3.17.RELEASE.jar:3.3.17.RELEASE]
		at reactor.core.publisher.FluxIterable.subscribe(FluxIterable.java:161) ~[reactor-core-3.3.17.RELEASE.jar:3.3.17.RELEASE]
		at reactor.core.publisher.FluxIterable.subscribe(FluxIterable.java:86) ~[reactor-core-3.3.17.RELEASE.jar:3.3.17.RELEASE]
		at reactor.core.publisher.InternalMonoOperator.subscribe(InternalMonoOperator.java:64) ~[reactor-core-3.3.17.RELEASE.jar:3.3.17.RELEASE]
		at reactor.core.publisher.MonoDefer.subscribe(MonoDefer.java:52) ~[reactor-core-3.3.17.RELEASE.jar:3.3.17.RELEASE]
		at reactor.core.publisher.Mono.subscribe(Mono.java:4252) ~[reactor-core-3.3.17.RELEASE.jar:3.3.17.RELEASE]
		at reactor.core.publisher.MonoIgnoreThen$ThenIgnoreMain.subscribeNext(MonoIgnoreThen.java:253) ~[reactor-core-3.3.17.RELEASE.jar:3.3.17.RELEASE]
		at reactor.core.publisher.MonoIgnoreThen.subscribe(MonoIgnoreThen.java:51) ~[reactor-core-3.3.17.RELEASE.jar:3.3.17.RELEASE]
		at reactor.core.publisher.Mono.subscribe(Mono.java:4252) ~[reactor-core-3.3.17.RELEASE.jar:3.3.17.RELEASE]
		at org.springframework.http.server.reactive.ServletHttpHandlerAdapter.service(ServletHttpHandlerAdapter.java:192) ~[spring-web-5.2.16.BUILD-SNAPSHOT.jar:5.2.16.BUILD-SNAPSHOT]
		at org.eclipse.jetty.servlet.ServletHolder.handle(ServletHolder.java:763) ~[jetty-servlet-9.4.31.v20200723.jar:9.4.31.v20200723]
		at org.eclipse.jetty.servlet.ServletHandler.doHandle(ServletHandler.java:569) ~[jetty-servlet-9.4.31.v20200723.jar:9.4.31.v20200723]
		at org.eclipse.jetty.server.handler.ScopedHandler.nextHandle(ScopedHandler.java:233) ~[jetty-server-9.4.31.v20200723.jar:9.4.31.v20200723]
		at org.eclipse.jetty.server.handler.ContextHandler.doHandle(ContextHandler.java:1377) ~[jetty-server-9.4.31.v20200723.jar:9.4.31.v20200723]
		at org.eclipse.jetty.server.handler.ScopedHandler.nextScope(ScopedHandler.java:188) ~[jetty-server-9.4.31.v20200723.jar:9.4.31.v20200723]
		at org.eclipse.jetty.servlet.ServletHandler.doScope(ServletHandler.java:507) ~[jetty-servlet-9.4.31.v20200723.jar:9.4.31.v20200723]
		at org.eclipse.jetty.server.handler.ScopedHandler.nextScope(ScopedHandler.java:186) ~[jetty-server-9.4.31.v20200723.jar:9.4.31.v20200723]
		at org.eclipse.jetty.server.handler.ContextHandler.doScope(ContextHandler.java:1292) ~[jetty-server-9.4.31.v20200723.jar:9.4.31.v20200723]
		at org.eclipse.jetty.server.handler.ScopedHandler.handle(ScopedHandler.java:141) ~[jetty-server-9.4.31.v20200723.jar:9.4.31.v20200723]
		at org.eclipse.jetty.server.handler.HandlerWrapper.handle(HandlerWrapper.java:127) ~[jetty-server-9.4.31.v20200723.jar:9.4.31.v20200723]
		at org.eclipse.jetty.server.Server.handle(Server.java:501) ~[jetty-server-9.4.31.v20200723.jar:9.4.31.v20200723]
		at org.eclipse.jetty.server.HttpChannel.lambda$handle$1(HttpChannel.java:383) ~[jetty-server-9.4.31.v20200723.jar:9.4.31.v20200723]
		at org.eclipse.jetty.server.HttpChannel.dispatch(HttpChannel.java:556) [jetty-server-9.4.31.v20200723.jar:9.4.31.v20200723]
		at org.eclipse.jetty.server.HttpChannel.handle(HttpChannel.java:375) [jetty-server-9.4.31.v20200723.jar:9.4.31.v20200723]
		at org.eclipse.jetty.server.HttpConnection.onFillable(HttpConnection.java:273) [jetty-server-9.4.31.v20200723.jar:9.4.31.v20200723]
		at org.eclipse.jetty.io.AbstractConnection$ReadCallback.succeeded(AbstractConnection.java:311) [jetty-io-9.4.31.v20200723.jar:9.4.31.v20200723]
		at org.eclipse.jetty.io.FillInterest.fillable(FillInterest.java:105) [jetty-io-9.4.31.v20200723.jar:9.4.31.v20200723]
		at org.eclipse.jetty.io.ChannelEndPoint$1.run(ChannelEndPoint.java:104) [jetty-io-9.4.31.v20200723.jar:9.4.31.v20200723]
		at org.eclipse.jetty.util.thread.QueuedThreadPool.runJob(QueuedThreadPool.java:806) [jetty-util-9.4.31.v20200723.jar:9.4.31.v20200723]
		at org.eclipse.jetty.util.thread.QueuedThreadPool$Runner.run(QueuedThreadPool.java:938) [jetty-util-9.4.31.v20200723.jar:9.4.31.v20200723]
		at java.lang.Thread.run(Thread.java:748) [?:1.8.0_201]
16:12:18.280 [Test worker] DEBUG o.s.w.c.RestTemplate - Response 500 INTERNAL_SERVER_ERROR
16:12:18.281 [Test worker] DEBUG o.s.w.t.h.s.r.b.JettyHttpServer - Stopping JettyHttpServer...
16:12:18.282 [Test worker] INFO  o.e.j.s.h.ContextHandler - Stopped o.e.j.s.ServletContextHandler@718c67f8{/,null,UNAVAILABLE}
16:12:18.283 [Test worker] INFO  o.e.j.s.AbstractConnector - Stopped ServerConnector@5caf7f2d{HTTP/1.1, (http/1.1)}{0.0.0.0:0}
16:12:18.294 [Test worker] DEBUG o.s.w.t.h.s.r.b.JettyHttpServer - Server stopped (0 millis).
16:12:18.354 [Test worker] DEBUG o.s.w.r.r.m.a.RequestMappingHandlerMapping - 6 mappings in 'requestMappingHandlerMapping'
16:12:18.387 [Test worker] DEBUG o.s.w.r.r.m.a.ControllerMethodResolver - ControllerAdvice beans: none
16:12:18.443 [Test worker] DEBUG o.s.w.s.a.HttpWebHandlerAdapter - enableLoggingRequestDetails='false': form data and headers will be masked to prevent unsafe logging of potentially sensitive data
16:12:18.443 [Test worker] DEBUG o.s.w.t.h.s.r.b.ReactorHttpServer - Starting ReactorHttpServer...
16:12:18.445 [Test worker] DEBUG o.s.w.t.h.s.r.b.ReactorHttpServer - Server started on port 56157(0 millis).
16:12:18.445 [Test worker] DEBUG o.s.w.c.RestTemplate - HTTP GET http://localhost:56157/error
16:12:18.446 [Test worker] DEBUG o.s.w.c.RestTemplate - Accept=[text/plain, application/json, application/x-jackson-smile, application/*+json, */*]
16:12:18.450 [reactor-http-nio-10] DEBUG o.s.w.s.a.HttpWebHandlerAdapter - [02757471-35] HTTP GET "/error"
16:12:18.451 [reactor-http-nio-10] DEBUG o.s.w.r.r.m.a.RequestMappingHandlerMapping - [02757471-35] Mapped to org.springframework.web.reactive.result.method.annotation.CoroutinesIntegrationTests$CoroutinesController#error(Continuation)
16:12:18.453 [reactor-http-nio-10] DEBUG o.s.w.r.r.m.a.ResponseBodyResultHandler - Using 'application/json' given [text/plain, application/json, application/x-jackson-smile, application/*+json, */*] and supported [application/json, application/*+json, application/x-jackson-smile, application/*+x-jackson-smile, text/event-stream]
16:12:18.453 [reactor-http-nio-10] DEBUG o.s.w.r.r.m.a.ResponseBodyResultHandler - [02757471-35] 0..1 [kotlin.Unit]
16:12:18.457 [kotlinx.coroutines.DefaultExecutor @coroutine#2] ERROR o.s.w.s.a.HttpWebHandlerAdapter - [02757471-35] 500 Server Error for HTTP GET "/error"
java.lang.IllegalStateException: null
	at org.springframework.web.reactive.result.method.annotation.CoroutinesIntegrationTests$CoroutinesController.error(CoroutinesIntegrationTests.kt:144) ~[test/:?]
	Suppressed: reactor.core.publisher.FluxOnAssembly$OnAssemblyException: 
Error has been observed at the following site(s):
	|_ checkpoint ⇢ Handler org.springframework.web.reactive.result.method.annotation.CoroutinesIntegrationTests$CoroutinesController#error(Continuation) [DispatcherHandler]
	|_ checkpoint ⇢ HTTP GET "/error" [ExceptionHandlingWebHandler]
Stack trace:
		at org.springframework.web.reactive.result.method.annotation.CoroutinesIntegrationTests$CoroutinesController.error(CoroutinesIntegrationTests.kt:144) ~[test/:?]
		at org.springframework.web.reactive.result.method.annotation.CoroutinesIntegrationTests$CoroutinesController$error$1.invokeSuspend(CoroutinesIntegrationTests.kt) ~[test/:?]
		at kotlin.coroutines.jvm.internal.BaseContinuationImpl.resumeWith(ContinuationImpl.kt:33) [kotlin-stdlib-1.3.72.jar:1.3.72-release-468 (1.3.72)]
		at kotlinx.coroutines.DispatchedTaskKt.resume(DispatchedTask.kt:175) [kotlinx-coroutines-core-1.3.5.jar:?]
		at kotlinx.coroutines.DispatchedTaskKt.resumeUnconfined(DispatchedTask.kt:137) [kotlinx-coroutines-core-1.3.5.jar:?]
		at kotlinx.coroutines.DispatchedTaskKt.dispatch(DispatchedTask.kt:108) [kotlinx-coroutines-core-1.3.5.jar:?]
		at kotlinx.coroutines.CancellableContinuationImpl.dispatchResume(CancellableContinuationImpl.kt:307) [kotlinx-coroutines-core-1.3.5.jar:?]
		at kotlinx.coroutines.CancellableContinuationImpl.resumeImpl(CancellableContinuationImpl.kt:317) [kotlinx-coroutines-core-1.3.5.jar:?]
		at kotlinx.coroutines.CancellableContinuationImpl.resumeUndispatched(CancellableContinuationImpl.kt:399) [kotlinx-coroutines-core-1.3.5.jar:?]
		at kotlinx.coroutines.EventLoopImplBase$DelayedResumeTask.run(EventLoop.common.kt:485) [kotlinx-coroutines-core-1.3.5.jar:?]
		at kotlinx.coroutines.EventLoopImplBase.processNextEvent(EventLoop.common.kt:272) [kotlinx-coroutines-core-1.3.5.jar:?]
		at kotlinx.coroutines.DefaultExecutor.run(DefaultExecutor.kt:68) [kotlinx-coroutines-core-1.3.5.jar:?]
		at java.lang.Thread.run(Thread.java:748) [?:1.8.0_201]
16:12:18.459 [Test worker] DEBUG o.s.w.c.RestTemplate - Response 500 INTERNAL_SERVER_ERROR
16:12:18.460 [Test worker] DEBUG o.s.w.t.h.s.r.b.ReactorHttpServer - Stopping ReactorHttpServer...
16:12:18.460 [Test worker] DEBUG o.s.w.t.h.s.r.b.ReactorHttpServer - Server stopped (0 millis).
16:12:18.645 [Test worker] DEBUG o.s.w.r.r.m.a.RequestMappingHandlerMapping - 6 mappings in 'requestMappingHandlerMapping'
16:12:18.709 [Test worker] DEBUG o.s.w.r.r.m.a.ControllerMethodResolver - ControllerAdvice beans: none
16:12:18.775 [Test worker] DEBUG o.s.w.s.a.HttpWebHandlerAdapter - enableLoggingRequestDetails='false': form data and headers will be masked to prevent unsafe logging of potentially sensitive data
16:12:18.776 [Test worker] DEBUG o.s.w.t.h.s.r.b.TomcatHttpServer - Starting TomcatHttpServer...
16:12:18.792 [Test worker] DEBUG o.s.w.t.h.s.r.b.TomcatHttpServer - Server started on port 56161(0 millis).
16:12:18.792 [Test worker] DEBUG o.s.w.c.RestTemplate - HTTP GET http://localhost:56161/error
16:12:18.792 [Test worker] DEBUG o.s.w.c.RestTemplate - Accept=[text/plain, application/json, application/x-jackson-smile, application/*+json, */*]
16:12:18.796 [http-nio-auto-35-exec-1] DEBUG o.s.w.s.a.HttpWebHandlerAdapter - [1e29b9fc] HTTP GET "/error"
16:12:18.796 [http-nio-auto-35-exec-1] DEBUG o.s.w.r.r.m.a.RequestMappingHandlerMapping - [1e29b9fc] Mapped to org.springframework.web.reactive.result.method.annotation.CoroutinesIntegrationTests$CoroutinesController#error(Continuation)
16:12:18.797 [http-nio-auto-35-exec-1] DEBUG o.s.w.r.r.m.a.ResponseBodyResultHandler - Using 'application/json' given [text/plain, application/json, application/x-jackson-smile, application/*+json, */*] and supported [application/json, application/*+json, application/x-jackson-smile, application/*+x-jackson-smile, text/event-stream]
16:12:18.797 [http-nio-auto-35-exec-1] DEBUG o.s.w.r.r.m.a.ResponseBodyResultHandler - [1e29b9fc] 0..1 [kotlin.Unit]
16:12:18.800 [kotlinx.coroutines.DefaultExecutor @coroutine#3] ERROR o.s.w.s.a.HttpWebHandlerAdapter - [1e29b9fc] 500 Server Error for HTTP GET "/error"
java.lang.IllegalStateException: null
	at org.springframework.web.reactive.result.method.annotation.CoroutinesIntegrationTests$CoroutinesController.error(CoroutinesIntegrationTests.kt:144) ~[test/:?]
	Suppressed: reactor.core.publisher.FluxOnAssembly$OnAssemblyException: 
Error has been observed at the following site(s):
	|_ checkpoint ⇢ Handler org.springframework.web.reactive.result.method.annotation.CoroutinesIntegrationTests$CoroutinesController#error(Continuation) [DispatcherHandler]
	|_ checkpoint ⇢ HTTP GET "/error" [ExceptionHandlingWebHandler]
Stack trace:
		at org.springframework.web.reactive.result.method.annotation.CoroutinesIntegrationTests$CoroutinesController.error(CoroutinesIntegrationTests.kt:144) ~[test/:?]
		at org.springframework.web.reactive.result.method.annotation.CoroutinesIntegrationTests$CoroutinesController$error$1.invokeSuspend(CoroutinesIntegrationTests.kt) ~[test/:?]
		at kotlin.coroutines.jvm.internal.BaseContinuationImpl.resumeWith(ContinuationImpl.kt:33) [kotlin-stdlib-1.3.72.jar:1.3.72-release-468 (1.3.72)]
		at kotlinx.coroutines.DispatchedTaskKt.resume(DispatchedTask.kt:175) [kotlinx-coroutines-core-1.3.5.jar:?]
		at kotlinx.coroutines.DispatchedTaskKt.resumeUnconfined(DispatchedTask.kt:137) [kotlinx-coroutines-core-1.3.5.jar:?]
		at kotlinx.coroutines.DispatchedTaskKt.dispatch(DispatchedTask.kt:108) [kotlinx-coroutines-core-1.3.5.jar:?]
		at kotlinx.coroutines.CancellableContinuationImpl.dispatchResume(CancellableContinuationImpl.kt:307) [kotlinx-coroutines-core-1.3.5.jar:?]
		at kotlinx.coroutines.CancellableContinuationImpl.resumeImpl(CancellableContinuationImpl.kt:317) [kotlinx-coroutines-core-1.3.5.jar:?]
		at kotlinx.coroutines.CancellableContinuationImpl.resumeUndispatched(CancellableContinuationImpl.kt:399) [kotlinx-coroutines-core-1.3.5.jar:?]
		at kotlinx.coroutines.EventLoopImplBase$DelayedResumeTask.run(EventLoop.common.kt:485) [kotlinx-coroutines-core-1.3.5.jar:?]
		at kotlinx.coroutines.EventLoopImplBase.processNextEvent(EventLoop.common.kt:272) [kotlinx-coroutines-core-1.3.5.jar:?]
		at kotlinx.coroutines.DefaultExecutor.run(DefaultExecutor.kt:68) [kotlinx-coroutines-core-1.3.5.jar:?]
		at java.lang.Thread.run(Thread.java:748) [?:1.8.0_201]
16:12:18.805 [Test worker] DEBUG o.s.w.c.RestTemplate - Response 500 INTERNAL_SERVER_ERROR
16:12:18.806 [Test worker] DEBUG o.s.w.t.h.s.r.b.TomcatHttpServer - Stopping TomcatHttpServer...
16:12:18.830 [Test worker] DEBUG o.s.w.t.h.s.r.b.TomcatHttpServer - Server stopped (0 millis).
16:12:19.039 [Test worker] DEBUG o.s.w.r.r.m.a.RequestMappingHandlerMapping - 6 mappings in 'requestMappingHandlerMapping'
16:12:19.117 [Test worker] DEBUG o.s.w.r.r.m.a.ControllerMethodResolver - ControllerAdvice beans: none
16:12:19.222 [Test worker] DEBUG o.s.w.s.a.HttpWebHandlerAdapter - enableLoggingRequestDetails='false': form data and headers will be masked to prevent unsafe logging of potentially sensitive data
16:12:19.222 [Test worker] DEBUG o.s.w.t.h.s.r.b.UndertowHttpServer - Starting UndertowHttpServer...
16:12:19.222 [Test worker] INFO  i.undertow - starting server: Undertow - 2.0.32.Final
16:12:19.235 [Test worker] DEBUG o.s.w.t.h.s.r.b.UndertowHttpServer - Server started on port 56166(0 millis).
16:12:19.236 [Test worker] DEBUG o.s.w.c.RestTemplate - HTTP GET http://localhost:56166/error
16:12:19.236 [Test worker] DEBUG o.s.w.c.RestTemplate - Accept=[text/plain, application/json, application/x-jackson-smile, application/*+json, */*]
16:12:19.238 [XNIO-35 I/O-6] DEBUG o.s.w.s.a.HttpWebHandlerAdapter - [6812e2ff] HTTP GET "/error"
16:12:19.239 [XNIO-35 I/O-6] DEBUG o.s.w.r.r.m.a.RequestMappingHandlerMapping - [6812e2ff] Mapped to org.springframework.web.reactive.result.method.annotation.CoroutinesIntegrationTests$CoroutinesController#error(Continuation)
16:12:19.240 [XNIO-35 I/O-6] DEBUG o.s.w.r.r.m.a.ResponseBodyResultHandler - Using 'application/json' given [text/plain, application/json, application/x-jackson-smile, application/*+json, */*] and supported [application/json, application/*+json, application/x-jackson-smile, application/*+x-jackson-smile, text/event-stream]
16:12:19.240 [XNIO-35 I/O-6] DEBUG o.s.w.r.r.m.a.ResponseBodyResultHandler - [6812e2ff] 0..1 [kotlin.Unit]
16:12:19.242 [kotlinx.coroutines.DefaultExecutor @coroutine#4] ERROR o.s.w.s.a.HttpWebHandlerAdapter - [6812e2ff] 500 Server Error for HTTP GET "/error"
java.lang.IllegalStateException: null
	at org.springframework.web.reactive.result.method.annotation.CoroutinesIntegrationTests$CoroutinesController.error(CoroutinesIntegrationTests.kt:144) ~[test/:?]
	Suppressed: reactor.core.publisher.FluxOnAssembly$OnAssemblyException: 
Error has been observed at the following site(s):
	|_ checkpoint ⇢ Handler org.springframework.web.reactive.result.method.annotation.CoroutinesIntegrationTests$CoroutinesController#error(Continuation) [DispatcherHandler]
	|_ checkpoint ⇢ HTTP GET "/error" [ExceptionHandlingWebHandler]
Stack trace:
		at org.springframework.web.reactive.result.method.annotation.CoroutinesIntegrationTests$CoroutinesController.error(CoroutinesIntegrationTests.kt:144) ~[test/:?]
		at org.springframework.web.reactive.result.method.annotation.CoroutinesIntegrationTests$CoroutinesController$error$1.invokeSuspend(CoroutinesIntegrationTests.kt) ~[test/:?]
		at kotlin.coroutines.jvm.internal.BaseContinuationImpl.resumeWith(ContinuationImpl.kt:33) [kotlin-stdlib-1.3.72.jar:1.3.72-release-468 (1.3.72)]
		at kotlinx.coroutines.DispatchedTaskKt.resume(DispatchedTask.kt:175) [kotlinx-coroutines-core-1.3.5.jar:?]
		at kotlinx.coroutines.DispatchedTaskKt.resumeUnconfined(DispatchedTask.kt:137) [kotlinx-coroutines-core-1.3.5.jar:?]
		at kotlinx.coroutines.DispatchedTaskKt.dispatch(DispatchedTask.kt:108) [kotlinx-coroutines-core-1.3.5.jar:?]
		at kotlinx.coroutines.CancellableContinuationImpl.dispatchResume(CancellableContinuationImpl.kt:307) [kotlinx-coroutines-core-1.3.5.jar:?]
		at kotlinx.coroutines.CancellableContinuationImpl.resumeImpl(CancellableContinuationImpl.kt:317) [kotlinx-coroutines-core-1.3.5.jar:?]
		at kotlinx.coroutines.CancellableContinuationImpl.resumeUndispatched(CancellableContinuationImpl.kt:399) [kotlinx-coroutines-core-1.3.5.jar:?]
		at kotlinx.coroutines.EventLoopImplBase$DelayedResumeTask.run(EventLoop.common.kt:485) [kotlinx-coroutines-core-1.3.5.jar:?]
		at kotlinx.coroutines.EventLoopImplBase.processNextEvent(EventLoop.common.kt:272) [kotlinx-coroutines-core-1.3.5.jar:?]
		at kotlinx.coroutines.DefaultExecutor.run(DefaultExecutor.kt:68) [kotlinx-coroutines-core-1.3.5.jar:?]
		at java.lang.Thread.run(Thread.java:748) [?:1.8.0_201]
16:12:19.244 [Test worker] DEBUG o.s.w.c.RestTemplate - Response 500 INTERNAL_SERVER_ERROR
16:12:19.244 [Test worker] DEBUG o.s.w.t.h.s.r.b.UndertowHttpServer - Stopping UndertowHttpServer...
16:12:19.244 [Test worker] INFO  i.undertow - stopping server: Undertow - 2.0.32.Final
16:12:19.245 [Test worker] DEBUG o.s.w.t.h.s.r.b.UndertowHttpServer - Server stopped (0 millis).
16:12:19.431 [Test worker] DEBUG o.s.w.r.r.m.a.RequestMappingHandlerMapping - 6 mappings in 'requestMappingHandlerMapping'
16:12:19.539 [Test worker] DEBUG o.s.w.r.r.m.a.ControllerMethodResolver - ControllerAdvice beans: none
16:12:19.614 [Test worker] DEBUG o.s.w.s.a.HttpWebHandlerAdapter - enableLoggingRequestDetails='false': form data and headers will be masked to prevent unsafe logging of potentially sensitive data
16:12:19.614 [Test worker] WARN  o.e.j.s.h.ContextHandler - Empty contextPath
16:12:19.615 [Test worker] INFO  o.e.j.s.h.ContextHandler - Started o.e.j.s.ServletContextHandler@8d60d82{/,null,AVAILABLE}
16:12:19.615 [Test worker] DEBUG o.s.w.t.h.s.r.b.JettyHttpServer - Starting JettyHttpServer...
16:12:19.615 [Test worker] INFO  o.e.j.s.Server - jetty-9.4.31.v20200723; built: 2020-07-23T17:57:36.812Z; git: 450ba27947e13e66baa8cd1ce7e85a4461cacc1d; jvm 1.8.0_201-b09
16:12:19.622 [Test worker] INFO  o.e.j.s.AbstractConnector - Started ServerConnector@5939bc41{HTTP/1.1, (http/1.1)}{0.0.0.0:56170}
16:12:19.622 [Test worker] INFO  o.e.j.s.Server - Started @107519ms
16:12:19.622 [Test worker] DEBUG o.s.w.t.h.s.r.b.JettyHttpServer - Server started on port 56170(0 millis).
16:12:19.623 [Test worker] DEBUG o.s.w.c.RestTemplate - HTTP GET http://localhost:56170/flow-error
16:12:19.623 [Test worker] DEBUG o.s.w.c.RestTemplate - Accept=[text/plain, application/json, application/x-jackson-smile, application/*+json, */*]
16:12:19.626 [qtp1907043519-1390] DEBUG o.s.w.s.a.HttpWebHandlerAdapter - [521428e7] HTTP GET "/flow-error"
16:12:19.626 [qtp1907043519-1390] DEBUG o.s.w.r.r.m.a.RequestMappingHandlerMapping - [521428e7] Mapped to org.springframework.web.reactive.result.method.annotation.CoroutinesIntegrationTests$CoroutinesController#flowError(Continuation)
16:12:19.629 [qtp1907043519-1390] DEBUG o.s.w.r.r.m.a.ResponseBodyResultHandler - Using 'text/plain;charset=UTF-8' given [text/plain, application/json, application/x-jackson-smile, application/*+json, */*] and supported [text/plain;charset=UTF-8, text/event-stream, text/plain;charset=UTF-8, */*]
16:12:19.629 [qtp1907043519-1390] DEBUG o.s.w.r.r.m.a.ResponseBodyResultHandler - [521428e7] 0..N [java.lang.String]
16:12:19.647 [kotlinx.coroutines.DefaultExecutor] ERROR o.s.w.s.a.HttpWebHandlerAdapter - [521428e7] 500 Server Error for HTTP GET "/flow-error"
java.lang.IllegalStateException: null
	at org.springframework.web.reactive.result.method.annotation.CoroutinesIntegrationTests$CoroutinesController$flowError$2.invokeSuspend(CoroutinesIntegrationTests.kt:150) ~[test/:?]
	Suppressed: reactor.core.publisher.FluxOnAssembly$OnAssemblyException: 
Error has been observed at the following site(s):
	|_ checkpoint ⇢ Handler org.springframework.web.reactive.result.method.annotation.CoroutinesIntegrationTests$CoroutinesController#flowError(Continuation) [DispatcherHandler]
	|_ checkpoint ⇢ HTTP GET "/flow-error" [ExceptionHandlingWebHandler]
Stack trace:
		at org.springframework.web.reactive.result.method.annotation.CoroutinesIntegrationTests$CoroutinesController$flowError$2.invokeSuspend(CoroutinesIntegrationTests.kt:150) ~[test/:?]
		at kotlin.coroutines.jvm.internal.BaseContinuationImpl.resumeWith(ContinuationImpl.kt:33) [kotlin-stdlib-1.3.72.jar:1.3.72-release-468 (1.3.72)]
		at kotlinx.coroutines.DispatchedTaskKt.resume(DispatchedTask.kt:175) [kotlinx-coroutines-core-1.3.5.jar:?]
		at kotlinx.coroutines.DispatchedTaskKt.resumeUnconfined(DispatchedTask.kt:137) [kotlinx-coroutines-core-1.3.5.jar:?]
		at kotlinx.coroutines.DispatchedTaskKt.dispatch(DispatchedTask.kt:108) [kotlinx-coroutines-core-1.3.5.jar:?]
		at kotlinx.coroutines.CancellableContinuationImpl.dispatchResume(CancellableContinuationImpl.kt:307) [kotlinx-coroutines-core-1.3.5.jar:?]
		at kotlinx.coroutines.CancellableContinuationImpl.resumeImpl(CancellableContinuationImpl.kt:317) [kotlinx-coroutines-core-1.3.5.jar:?]
		at kotlinx.coroutines.CancellableContinuationImpl.resumeUndispatched(CancellableContinuationImpl.kt:399) [kotlinx-coroutines-core-1.3.5.jar:?]
		at kotlinx.coroutines.EventLoopImplBase$DelayedResumeTask.run(EventLoop.common.kt:485) [kotlinx-coroutines-core-1.3.5.jar:?]
		at kotlinx.coroutines.EventLoopImplBase.processNextEvent(EventLoop.common.kt:272) [kotlinx-coroutines-core-1.3.5.jar:?]
		at kotlinx.coroutines.DefaultExecutor.run(DefaultExecutor.kt:68) [kotlinx-coroutines-core-1.3.5.jar:?]
		at java.lang.Thread.run(Thread.java:748) [?:1.8.0_201]
16:12:19.649 [Test worker] DEBUG o.s.w.c.RestTemplate - Response 500 INTERNAL_SERVER_ERROR
16:12:19.650 [Test worker] DEBUG o.s.w.t.h.s.r.b.JettyHttpServer - Stopping JettyHttpServer...
16:12:19.650 [Test worker] INFO  o.e.j.s.h.ContextHandler - Stopped o.e.j.s.ServletContextHandler@8d60d82{/,null,UNAVAILABLE}
16:12:19.651 [Test worker] INFO  o.e.j.s.AbstractConnector - Stopped ServerConnector@5939bc41{HTTP/1.1, (http/1.1)}{0.0.0.0:0}
16:12:19.662 [Test worker] DEBUG o.s.w.t.h.s.r.b.JettyHttpServer - Server stopped (0 millis).
16:12:19.817 [Test worker] DEBUG o.s.w.r.r.m.a.RequestMappingHandlerMapping - 6 mappings in 'requestMappingHandlerMapping'
16:12:19.901 [Test worker] DEBUG o.s.w.r.r.m.a.ControllerMethodResolver - ControllerAdvice beans: none
16:12:19.962 [Test worker] DEBUG o.s.w.s.a.HttpWebHandlerAdapter - enableLoggingRequestDetails='false': form data and headers will be masked to prevent unsafe logging of potentially sensitive data
16:12:19.962 [Test worker] DEBUG o.s.w.t.h.s.r.b.ReactorHttpServer - Starting ReactorHttpServer...
16:12:19.985 [Test worker] DEBUG o.s.w.t.h.s.r.b.ReactorHttpServer - Server started on port 56175(0 millis).
16:12:19.985 [Test worker] DEBUG o.s.w.c.RestTemplate - HTTP GET http://localhost:56175/flow-error
16:12:19.985 [Test worker] DEBUG o.s.w.c.RestTemplate - Accept=[text/plain, application/json, application/x-jackson-smile, application/*+json, */*]
16:12:19.989 [reactor-http-nio-12] DEBUG o.s.w.s.a.HttpWebHandlerAdapter - [54e17fea-36] HTTP GET "/flow-error"
16:12:19.990 [reactor-http-nio-12] DEBUG o.s.w.r.r.m.a.RequestMappingHandlerMapping - [54e17fea-36] Mapped to org.springframework.web.reactive.result.method.annotation.CoroutinesIntegrationTests$CoroutinesController#flowError(Continuation)
16:12:19.991 [reactor-http-nio-12] DEBUG o.s.w.r.r.m.a.ResponseBodyResultHandler - Using 'text/plain;charset=UTF-8' given [text/plain, application/json, application/x-jackson-smile, application/*+json, */*] and supported [text/plain;charset=UTF-8, text/event-stream, text/plain;charset=UTF-8, */*]
16:12:19.991 [reactor-http-nio-12] DEBUG o.s.w.r.r.m.a.ResponseBodyResultHandler - [54e17fea-36] 0..N [java.lang.String]
16:12:19.994 [kotlinx.coroutines.DefaultExecutor] ERROR o.s.w.s.a.HttpWebHandlerAdapter - [54e17fea-36] 500 Server Error for HTTP GET "/flow-error"
java.lang.IllegalStateException: null
	at org.springframework.web.reactive.result.method.annotation.CoroutinesIntegrationTests$CoroutinesController$flowError$2.invokeSuspend(CoroutinesIntegrationTests.kt:150) ~[test/:?]
	Suppressed: reactor.core.publisher.FluxOnAssembly$OnAssemblyException: 
Error has been observed at the following site(s):
	|_ checkpoint ⇢ Handler org.springframework.web.reactive.result.method.annotation.CoroutinesIntegrationTests$CoroutinesController#flowError(Continuation) [DispatcherHandler]
	|_ checkpoint ⇢ HTTP GET "/flow-error" [ExceptionHandlingWebHandler]
Stack trace:
		at org.springframework.web.reactive.result.method.annotation.CoroutinesIntegrationTests$CoroutinesController$flowError$2.invokeSuspend(CoroutinesIntegrationTests.kt:150) ~[test/:?]
		at kotlin.coroutines.jvm.internal.BaseContinuationImpl.resumeWith(ContinuationImpl.kt:33) [kotlin-stdlib-1.3.72.jar:1.3.72-release-468 (1.3.72)]
		at kotlinx.coroutines.DispatchedTaskKt.resume(DispatchedTask.kt:175) [kotlinx-coroutines-core-1.3.5.jar:?]
		at kotlinx.coroutines.DispatchedTaskKt.resumeUnconfined(DispatchedTask.kt:137) [kotlinx-coroutines-core-1.3.5.jar:?]
		at kotlinx.coroutines.DispatchedTaskKt.dispatch(DispatchedTask.kt:108) [kotlinx-coroutines-core-1.3.5.jar:?]
		at kotlinx.coroutines.CancellableContinuationImpl.dispatchResume(CancellableContinuationImpl.kt:307) [kotlinx-coroutines-core-1.3.5.jar:?]
		at kotlinx.coroutines.CancellableContinuationImpl.resumeImpl(CancellableContinuationImpl.kt:317) [kotlinx-coroutines-core-1.3.5.jar:?]
		at kotlinx.coroutines.CancellableContinuationImpl.resumeUndispatched(CancellableContinuationImpl.kt:399) [kotlinx-coroutines-core-1.3.5.jar:?]
		at kotlinx.coroutines.EventLoopImplBase$DelayedResumeTask.run(EventLoop.common.kt:485) [kotlinx-coroutines-core-1.3.5.jar:?]
		at kotlinx.coroutines.EventLoopImplBase.processNextEvent(EventLoop.common.kt:272) [kotlinx-coroutines-core-1.3.5.jar:?]
		at kotlinx.coroutines.DefaultExecutor.run(DefaultExecutor.kt:68) [kotlinx-coroutines-core-1.3.5.jar:?]
		at java.lang.Thread.run(Thread.java:748) [?:1.8.0_201]
16:12:19.995 [Test worker] DEBUG o.s.w.c.RestTemplate - Response 500 INTERNAL_SERVER_ERROR
16:12:19.996 [Test worker] DEBUG o.s.w.t.h.s.r.b.ReactorHttpServer - Stopping ReactorHttpServer...
16:12:19.996 [Test worker] DEBUG o.s.w.t.h.s.r.b.ReactorHttpServer - Server stopped (0 millis).
16:12:20.162 [Test worker] DEBUG o.s.w.r.r.m.a.RequestMappingHandlerMapping - 6 mappings in 'requestMappingHandlerMapping'
16:12:20.236 [Test worker] DEBUG o.s.w.r.r.m.a.ControllerMethodResolver - ControllerAdvice beans: none
16:12:20.300 [Test worker] DEBUG o.s.w.s.a.HttpWebHandlerAdapter - enableLoggingRequestDetails='false': form data and headers will be masked to prevent unsafe logging of potentially sensitive data
16:12:20.301 [Test worker] DEBUG o.s.w.t.h.s.r.b.TomcatHttpServer - Starting TomcatHttpServer...
16:12:20.326 [Test worker] DEBUG o.s.w.t.h.s.r.b.TomcatHttpServer - Server started on port 56179(0 millis).
16:12:20.327 [Test worker] DEBUG o.s.w.c.RestTemplate - HTTP GET http://localhost:56179/flow-error
16:12:20.327 [Test worker] DEBUG o.s.w.c.RestTemplate - Accept=[text/plain, application/json, application/x-jackson-smile, application/*+json, */*]
16:12:20.330 [http-nio-auto-36-exec-1] DEBUG o.s.w.s.a.HttpWebHandlerAdapter - [14537b7f] HTTP GET "/flow-error"
16:12:20.330 [http-nio-auto-36-exec-1] DEBUG o.s.w.r.r.m.a.RequestMappingHandlerMapping - [14537b7f] Mapped to org.springframework.web.reactive.result.method.annotation.CoroutinesIntegrationTests$CoroutinesController#flowError(Continuation)
16:12:20.332 [http-nio-auto-36-exec-1] DEBUG o.s.w.r.r.m.a.ResponseBodyResultHandler - Using 'text/plain;charset=UTF-8' given [text/plain, application/json, application/x-jackson-smile, application/*+json, */*] and supported [text/plain;charset=UTF-8, text/event-stream, text/plain;charset=UTF-8, */*]
16:12:20.332 [http-nio-auto-36-exec-1] DEBUG o.s.w.r.r.m.a.ResponseBodyResultHandler - [14537b7f] 0..N [java.lang.String]
16:12:20.334 [kotlinx.coroutines.DefaultExecutor] ERROR o.s.w.s.a.HttpWebHandlerAdapter - [14537b7f] 500 Server Error for HTTP GET "/flow-error"
java.lang.IllegalStateException: null
	at org.springframework.web.reactive.result.method.annotation.CoroutinesIntegrationTests$CoroutinesController$flowError$2.invokeSuspend(CoroutinesIntegrationTests.kt:150) ~[test/:?]
	Suppressed: reactor.core.publisher.FluxOnAssembly$OnAssemblyException: 
Error has been observed at the following site(s):
	|_ checkpoint ⇢ Handler org.springframework.web.reactive.result.method.annotation.CoroutinesIntegrationTests$CoroutinesController#flowError(Continuation) [DispatcherHandler]
	|_ checkpoint ⇢ HTTP GET "/flow-error" [ExceptionHandlingWebHandler]
Stack trace:
		at org.springframework.web.reactive.result.method.annotation.CoroutinesIntegrationTests$CoroutinesController$flowError$2.invokeSuspend(CoroutinesIntegrationTests.kt:150) ~[test/:?]
		at kotlin.coroutines.jvm.internal.BaseContinuationImpl.resumeWith(ContinuationImpl.kt:33) [kotlin-stdlib-1.3.72.jar:1.3.72-release-468 (1.3.72)]
		at kotlinx.coroutines.DispatchedTaskKt.resume(DispatchedTask.kt:175) [kotlinx-coroutines-core-1.3.5.jar:?]
		at kotlinx.coroutines.DispatchedTaskKt.resumeUnconfined(DispatchedTask.kt:137) [kotlinx-coroutines-core-1.3.5.jar:?]
		at kotlinx.coroutines.DispatchedTaskKt.dispatch(DispatchedTask.kt:108) [kotlinx-coroutines-core-1.3.5.jar:?]
		at kotlinx.coroutines.CancellableContinuationImpl.dispatchResume(CancellableContinuationImpl.kt:307) [kotlinx-coroutines-core-1.3.5.jar:?]
		at kotlinx.coroutines.CancellableContinuationImpl.resumeImpl(CancellableContinuationImpl.kt:317) [kotlinx-coroutines-core-1.3.5.jar:?]
		at kotlinx.coroutines.CancellableContinuationImpl.resumeUndispatched(CancellableContinuationImpl.kt:399) [kotlinx-coroutines-core-1.3.5.jar:?]
		at kotlinx.coroutines.EventLoopImplBase$DelayedResumeTask.run(EventLoop.common.kt:485) [kotlinx-coroutines-core-1.3.5.jar:?]
		at kotlinx.coroutines.EventLoopImplBase.processNextEvent(EventLoop.common.kt:272) [kotlinx-coroutines-core-1.3.5.jar:?]
		at kotlinx.coroutines.DefaultExecutor.run(DefaultExecutor.kt:68) [kotlinx-coroutines-core-1.3.5.jar:?]
		at java.lang.Thread.run(Thread.java:748) [?:1.8.0_201]
16:12:20.337 [Test worker] DEBUG o.s.w.c.RestTemplate - Response 500 INTERNAL_SERVER_ERROR
16:12:20.338 [Test worker] DEBUG o.s.w.t.h.s.r.b.TomcatHttpServer - Stopping TomcatHttpServer...
16:12:20.351 [Test worker] DEBUG o.s.w.t.h.s.r.b.TomcatHttpServer - Server stopped (0 millis).
16:12:20.524 [Test worker] DEBUG o.s.w.r.r.m.a.RequestMappingHandlerMapping - 6 mappings in 'requestMappingHandlerMapping'
16:12:20.596 [Test worker] DEBUG o.s.w.r.r.m.a.ControllerMethodResolver - ControllerAdvice beans: none
16:12:20.662 [Test worker] DEBUG o.s.w.s.a.HttpWebHandlerAdapter - enableLoggingRequestDetails='false': form data and headers will be masked to prevent unsafe logging of potentially sensitive data
16:12:20.662 [Test worker] DEBUG o.s.w.t.h.s.r.b.UndertowHttpServer - Starting UndertowHttpServer...
16:12:20.662 [Test worker] INFO  i.undertow - starting server: Undertow - 2.0.32.Final
16:12:20.666 [Test worker] DEBUG o.s.w.t.h.s.r.b.UndertowHttpServer - Server started on port 56184(0 millis).
16:12:20.667 [Test worker] DEBUG o.s.w.c.RestTemplate - HTTP GET http://localhost:56184/flow-error
16:12:20.667 [Test worker] DEBUG o.s.w.c.RestTemplate - Accept=[text/plain, application/json, application/x-jackson-smile, application/*+json, */*]
16:12:20.669 [XNIO-36 I/O-6] DEBUG o.s.w.s.a.HttpWebHandlerAdapter - [7bc323ce] HTTP GET "/flow-error"
16:12:20.669 [XNIO-36 I/O-6] DEBUG o.s.w.r.r.m.a.RequestMappingHandlerMapping - [7bc323ce] Mapped to org.springframework.web.reactive.result.method.annotation.CoroutinesIntegrationTests$CoroutinesController#flowError(Continuation)
16:12:20.670 [XNIO-36 I/O-6] DEBUG o.s.w.r.r.m.a.ResponseBodyResultHandler - Using 'text/plain;charset=UTF-8' given [text/plain, application/json, application/x-jackson-smile, application/*+json, */*] and supported [text/plain;charset=UTF-8, text/event-stream, text/plain;charset=UTF-8, */*]
16:12:20.670 [XNIO-36 I/O-6] DEBUG o.s.w.r.r.m.a.ResponseBodyResultHandler - [7bc323ce] 0..N [java.lang.String]
16:12:20.673 [kotlinx.coroutines.DefaultExecutor] ERROR o.s.w.s.a.HttpWebHandlerAdapter - [7bc323ce] 500 Server Error for HTTP GET "/flow-error"
java.lang.IllegalStateException: null
	at org.springframework.web.reactive.result.method.annotation.CoroutinesIntegrationTests$CoroutinesController$flowError$2.invokeSuspend(CoroutinesIntegrationTests.kt:150) ~[test/:?]
	Suppressed: reactor.core.publisher.FluxOnAssembly$OnAssemblyException: 
Error has been observed at the following site(s):
	|_ checkpoint ⇢ Handler org.springframework.web.reactive.result.method.annotation.CoroutinesIntegrationTests$CoroutinesController#flowError(Continuation) [DispatcherHandler]
	|_ checkpoint ⇢ HTTP GET "/flow-error" [ExceptionHandlingWebHandler]
Stack trace:
		at org.springframework.web.reactive.result.method.annotation.CoroutinesIntegrationTests$CoroutinesController$flowError$2.invokeSuspend(CoroutinesIntegrationTests.kt:150) ~[test/:?]
		at kotlin.coroutines.jvm.internal.BaseContinuationImpl.resumeWith(ContinuationImpl.kt:33) [kotlin-stdlib-1.3.72.jar:1.3.72-release-468 (1.3.72)]
		at kotlinx.coroutines.DispatchedTaskKt.resume(DispatchedTask.kt:175) [kotlinx-coroutines-core-1.3.5.jar:?]
		at kotlinx.coroutines.DispatchedTaskKt.resumeUnconfined(DispatchedTask.kt:137) [kotlinx-coroutines-core-1.3.5.jar:?]
		at kotlinx.coroutines.DispatchedTaskKt.dispatch(DispatchedTask.kt:108) [kotlinx-coroutines-core-1.3.5.jar:?]
		at kotlinx.coroutines.CancellableContinuationImpl.dispatchResume(CancellableContinuationImpl.kt:307) [kotlinx-coroutines-core-1.3.5.jar:?]
		at kotlinx.coroutines.CancellableContinuationImpl.resumeImpl(CancellableContinuationImpl.kt:317) [kotlinx-coroutines-core-1.3.5.jar:?]
		at kotlinx.coroutines.CancellableContinuationImpl.resumeUndispatched(CancellableContinuationImpl.kt:399) [kotlinx-coroutines-core-1.3.5.jar:?]
		at kotlinx.coroutines.EventLoopImplBase$DelayedResumeTask.run(EventLoop.common.kt:485) [kotlinx-coroutines-core-1.3.5.jar:?]
		at kotlinx.coroutines.EventLoopImplBase.processNextEvent(EventLoop.common.kt:272) [kotlinx-coroutines-core-1.3.5.jar:?]
		at kotlinx.coroutines.DefaultExecutor.run(DefaultExecutor.kt:68) [kotlinx-coroutines-core-1.3.5.jar:?]
		at java.lang.Thread.run(Thread.java:748) [?:1.8.0_201]
16:12:20.674 [Test worker] DEBUG o.s.w.c.RestTemplate - Response 500 INTERNAL_SERVER_ERROR
16:12:20.674 [Test worker] DEBUG o.s.w.t.h.s.r.b.UndertowHttpServer - Stopping UndertowHttpServer...
16:12:20.674 [Test worker] INFO  i.undertow - stopping server: Undertow - 2.0.32.Final
16:12:20.675 [Test worker] DEBUG o.s.w.t.h.s.r.b.UndertowHttpServer - Server stopped (0 millis).
16:12:20.858 [Test worker] DEBUG o.s.w.r.r.m.a.RequestMappingHandlerMapping - 6 mappings in 'requestMappingHandlerMapping'
16:12:20.922 [Test worker] DEBUG o.s.w.r.r.m.a.ControllerMethodResolver - ControllerAdvice beans: none
16:12:20.985 [Test worker] DEBUG o.s.w.s.a.HttpWebHandlerAdapter - enableLoggingRequestDetails='false': form data and headers will be masked to prevent unsafe logging of potentially sensitive data
16:12:20.985 [Test worker] WARN  o.e.j.s.h.ContextHandler - Empty contextPath
16:12:20.985 [Test worker] INFO  o.e.j.s.h.ContextHandler - Started o.e.j.s.ServletContextHandler@e175440{/,null,AVAILABLE}
16:12:20.985 [Test worker] DEBUG o.s.w.t.h.s.r.b.JettyHttpServer - Starting JettyHttpServer...
16:12:20.986 [Test worker] INFO  o.e.j.s.Server - jetty-9.4.31.v20200723; built: 2020-07-23T17:57:36.812Z; git: 450ba27947e13e66baa8cd1ce7e85a4461cacc1d; jvm 1.8.0_201-b09
16:12:20.989 [Test worker] INFO  o.e.j.s.AbstractConnector - Started ServerConnector@47438e76{HTTP/1.1, (http/1.1)}{0.0.0.0:56188}
16:12:20.989 [Test worker] INFO  o.e.j.s.Server - Started @108885ms
16:12:20.989 [Test worker] DEBUG o.s.w.t.h.s.r.b.JettyHttpServer - Server started on port 56188(0 millis).
16:12:20.989 [Test worker] DEBUG o.s.w.c.RestTemplate - HTTP GET http://localhost:56188/deferred
16:12:20.989 [Test worker] DEBUG o.s.w.c.RestTemplate - Accept=[text/plain, application/json, application/x-jackson-smile, application/*+json, */*]
16:12:20.992 [qtp2128784105-1428] DEBUG o.s.w.s.a.HttpWebHandlerAdapter - [736c3dc4] HTTP GET "/deferred"
16:12:20.992 [qtp2128784105-1428] DEBUG o.s.w.r.r.m.a.RequestMappingHandlerMapping - [736c3dc4] Mapped to org.springframework.web.reactive.result.method.annotation.CoroutinesIntegrationTests$CoroutinesController#deferredEndpoint()
16:12:21.013 [qtp2128784105-1428] DEBUG o.s.w.r.r.m.a.ResponseBodyResultHandler - Using 'text/plain;charset=UTF-8' given [text/plain, application/json, application/x-jackson-smile, application/*+json, */*] and supported [text/plain;charset=UTF-8, text/event-stream, text/plain;charset=UTF-8, */*]
16:12:21.013 [qtp2128784105-1428] DEBUG o.s.w.r.r.m.a.ResponseBodyResultHandler - [736c3dc4] 0..1 [java.lang.String]
16:12:21.015 [qtp2128784105-1428 @coroutine#10] DEBUG o.s.c.c.CharSequenceEncoder - [736c3dc4] Writing "foo"
16:12:21.015 [Test worker] DEBUG o.s.w.c.RestTemplate - Response 200 OK
16:12:21.016 [qtp2128784105-1428 @coroutine#10] DEBUG o.s.w.s.a.HttpWebHandlerAdapter - [736c3dc4] Completed 200 OK
16:12:21.016 [Test worker] DEBUG o.s.w.c.RestTemplate - Reading to [java.lang.String] as "text/plain;charset=utf-8"
16:12:21.016 [Test worker] DEBUG o.s.w.t.h.s.r.b.JettyHttpServer - Stopping JettyHttpServer...
16:12:21.017 [Test worker] INFO  o.e.j.s.h.ContextHandler - Stopped o.e.j.s.ServletContextHandler@e175440{/,null,UNAVAILABLE}
16:12:21.018 [Test worker] INFO  o.e.j.s.AbstractConnector - Stopped ServerConnector@47438e76{HTTP/1.1, (http/1.1)}{0.0.0.0:0}
16:12:21.029 [Test worker] DEBUG o.s.w.t.h.s.r.b.JettyHttpServer - Server stopped (0 millis).
16:12:21.189 [Test worker] DEBUG o.s.w.r.r.m.a.RequestMappingHandlerMapping - 6 mappings in 'requestMappingHandlerMapping'
16:12:21.266 [Test worker] DEBUG o.s.w.r.r.m.a.ControllerMethodResolver - ControllerAdvice beans: none
16:12:21.333 [Test worker] DEBUG o.s.w.s.a.HttpWebHandlerAdapter - enableLoggingRequestDetails='false': form data and headers will be masked to prevent unsafe logging of potentially sensitive data
16:12:21.333 [Test worker] DEBUG o.s.w.t.h.s.r.b.ReactorHttpServer - Starting ReactorHttpServer...
16:12:21.334 [Test worker] DEBUG o.s.w.t.h.s.r.b.ReactorHttpServer - Server started on port 56195(0 millis).
16:12:21.334 [Test worker] DEBUG o.s.w.c.RestTemplate - HTTP GET http://localhost:56195/deferred
16:12:21.334 [Test worker] DEBUG o.s.w.c.RestTemplate - Accept=[text/plain, application/json, application/x-jackson-smile, application/*+json, */*]
16:12:21.336 [reactor-http-nio-2] DEBUG o.s.w.s.a.HttpWebHandlerAdapter - [b8f62a0b-37] HTTP GET "/deferred"
16:12:21.336 [reactor-http-nio-2] DEBUG o.s.w.r.r.m.a.RequestMappingHandlerMapping - [b8f62a0b-37] Mapped to org.springframework.web.reactive.result.method.annotation.CoroutinesIntegrationTests$CoroutinesController#deferredEndpoint()
16:12:21.338 [reactor-http-nio-2] DEBUG o.s.w.r.r.m.a.ResponseBodyResultHandler - Using 'text/plain;charset=UTF-8' given [text/plain, application/json, application/x-jackson-smile, application/*+json, */*] and supported [text/plain;charset=UTF-8, text/event-stream, text/plain;charset=UTF-8, */*]
16:12:21.338 [reactor-http-nio-2] DEBUG o.s.w.r.r.m.a.ResponseBodyResultHandler - [b8f62a0b-37] 0..1 [java.lang.String]
16:12:21.341 [reactor-http-nio-2 @coroutine#12] DEBUG o.s.c.c.CharSequenceEncoder - [b8f62a0b-37] Writing "foo"
16:12:21.343 [reactor-http-nio-2 @coroutine#12] DEBUG o.s.w.s.a.HttpWebHandlerAdapter - [b8f62a0b-37] Completed 200 OK
16:12:21.370 [Test worker] DEBUG o.s.w.c.RestTemplate - Response 200 OK
16:12:21.374 [Test worker] DEBUG o.s.w.c.RestTemplate - Reading to [java.lang.String] as "text/plain;charset=UTF-8"
16:12:21.376 [Test worker] DEBUG o.s.w.t.h.s.r.b.ReactorHttpServer - Stopping ReactorHttpServer...
16:12:21.376 [Test worker] DEBUG o.s.w.t.h.s.r.b.ReactorHttpServer - Server stopped (0 millis).
16:12:21.543 [Test worker] DEBUG o.s.w.r.r.m.a.RequestMappingHandlerMapping - 6 mappings in 'requestMappingHandlerMapping'
16:12:21.625 [Test worker] DEBUG o.s.w.r.r.m.a.ControllerMethodResolver - ControllerAdvice beans: none
16:12:21.698 [Test worker] DEBUG o.s.w.s.a.HttpWebHandlerAdapter - enableLoggingRequestDetails='false': form data and headers will be masked to prevent unsafe logging of potentially sensitive data
16:12:21.698 [Test worker] DEBUG o.s.w.t.h.s.r.b.TomcatHttpServer - Starting TomcatHttpServer...
16:12:21.758 [Test worker] DEBUG o.s.w.t.h.s.r.b.TomcatHttpServer - Server started on port 56204(0 millis).
16:12:21.759 [Test worker] DEBUG o.s.w.c.RestTemplate - HTTP GET http://localhost:56204/deferred
16:12:21.759 [Test worker] DEBUG o.s.w.c.RestTemplate - Accept=[text/plain, application/json, application/x-jackson-smile, application/*+json, */*]
16:12:21.762 [http-nio-auto-37-exec-1] DEBUG o.s.w.s.a.HttpWebHandlerAdapter - [5f7d9e61] HTTP GET "/deferred"
16:12:21.763 [http-nio-auto-37-exec-1] DEBUG o.s.w.r.r.m.a.RequestMappingHandlerMapping - [5f7d9e61] Mapped to org.springframework.web.reactive.result.method.annotation.CoroutinesIntegrationTests$CoroutinesController#deferredEndpoint()
16:12:21.764 [http-nio-auto-37-exec-1] DEBUG o.s.w.r.r.m.a.ResponseBodyResultHandler - Using 'text/plain;charset=UTF-8' given [text/plain, application/json, application/x-jackson-smile, application/*+json, */*] and supported [text/plain;charset=UTF-8, text/event-stream, text/plain;charset=UTF-8, */*]
16:12:21.764 [http-nio-auto-37-exec-1] DEBUG o.s.w.r.r.m.a.ResponseBodyResultHandler - [5f7d9e61] 0..1 [java.lang.String]
16:12:21.766 [http-nio-auto-37-exec-1 @coroutine#14] DEBUG o.s.c.c.CharSequenceEncoder - [5f7d9e61] Writing "foo"
16:12:21.767 [http-nio-auto-37-exec-1] DEBUG o.s.w.s.a.HttpWebHandlerAdapter - [5f7d9e61] Completed 200 OK
16:12:21.767 [Test worker] DEBUG o.s.w.c.RestTemplate - Response 200 OK
16:12:21.767 [Test worker] DEBUG o.s.w.c.RestTemplate - Reading to [java.lang.String] as "text/plain;charset=UTF-8"
16:12:21.767 [Test worker] DEBUG o.s.w.t.h.s.r.b.TomcatHttpServer - Stopping TomcatHttpServer...
16:12:21.777 [Test worker] DEBUG o.s.w.t.h.s.r.b.TomcatHttpServer - Server stopped (0 millis).
16:12:21.976 [Test worker] DEBUG o.s.w.r.r.m.a.RequestMappingHandlerMapping - 6 mappings in 'requestMappingHandlerMapping'
16:12:22.076 [Test worker] DEBUG o.s.w.r.r.m.a.ControllerMethodResolver - ControllerAdvice beans: none
16:12:22.151 [Test worker] DEBUG o.s.w.s.a.HttpWebHandlerAdapter - enableLoggingRequestDetails='false': form data and headers will be masked to prevent unsafe logging of potentially sensitive data
16:12:22.151 [Test worker] DEBUG o.s.w.t.h.s.r.b.UndertowHttpServer - Starting UndertowHttpServer...
16:12:22.151 [Test worker] INFO  i.undertow - starting server: Undertow - 2.0.32.Final
16:12:22.157 [Test worker] DEBUG o.s.w.t.h.s.r.b.UndertowHttpServer - Server started on port 56211(0 millis).
16:12:22.157 [Test worker] DEBUG o.s.w.c.RestTemplate - HTTP GET http://localhost:56211/deferred
16:12:22.157 [Test worker] DEBUG o.s.w.c.RestTemplate - Accept=[text/plain, application/json, application/x-jackson-smile, application/*+json, */*]
16:12:22.159 [XNIO-37 I/O-6] DEBUG o.s.w.s.a.HttpWebHandlerAdapter - [60de58ea] HTTP GET "/deferred"
16:12:22.159 [XNIO-37 I/O-6] DEBUG o.s.w.r.r.m.a.RequestMappingHandlerMapping - [60de58ea] Mapped to org.springframework.web.reactive.result.method.annotation.CoroutinesIntegrationTests$CoroutinesController#deferredEndpoint()
16:12:22.160 [XNIO-37 I/O-6] DEBUG o.s.w.r.r.m.a.ResponseBodyResultHandler - Using 'text/plain;charset=UTF-8' given [text/plain, application/json, application/x-jackson-smile, application/*+json, */*] and supported [text/plain;charset=UTF-8, text/event-stream, text/plain;charset=UTF-8, */*]
16:12:22.161 [XNIO-37 I/O-6] DEBUG o.s.w.r.r.m.a.ResponseBodyResultHandler - [60de58ea] 0..1 [java.lang.String]
16:12:22.164 [XNIO-37 I/O-6 @coroutine#16] DEBUG o.s.c.c.CharSequenceEncoder - [60de58ea] Writing "foo"
16:12:22.165 [XNIO-37 I/O-6] DEBUG o.s.w.s.a.HttpWebHandlerAdapter - [60de58ea] Completed 200 OK
16:12:22.165 [Test worker] DEBUG o.s.w.c.RestTemplate - Response 200 OK
16:12:22.165 [Test worker] DEBUG o.s.w.c.RestTemplate - Reading to [java.lang.String] as "text/plain;charset=UTF-8"
16:12:22.165 [Test worker] DEBUG o.s.w.t.h.s.r.b.UndertowHttpServer - Stopping UndertowHttpServer...
16:12:22.165 [Test worker] INFO  i.undertow - stopping server: Undertow - 2.0.32.Final
16:12:22.166 [Test worker] DEBUG o.s.w.t.h.s.r.b.UndertowHttpServer - Server stopped (0 millis).
16:12:22.354 [Test worker] DEBUG o.s.w.r.r.m.a.RequestMappingHandlerMapping - 6 mappings in 'requestMappingHandlerMapping'
16:12:22.428 [Test worker] DEBUG o.s.w.r.r.m.a.ControllerMethodResolver - ControllerAdvice beans: none
16:12:22.490 [Test worker] DEBUG o.s.w.s.a.HttpWebHandlerAdapter - enableLoggingRequestDetails='false': form data and headers will be masked to prevent unsafe logging of potentially sensitive data
16:12:22.490 [Test worker] WARN  o.e.j.s.h.ContextHandler - Empty contextPath
16:12:22.491 [Test worker] INFO  o.e.j.s.h.ContextHandler - Started o.e.j.s.ServletContextHandler@7cde0b27{/,null,AVAILABLE}
16:12:22.491 [Test worker] DEBUG o.s.w.t.h.s.r.b.JettyHttpServer - Starting JettyHttpServer...
16:12:22.491 [Test worker] INFO  o.e.j.s.Server - jetty-9.4.31.v20200723; built: 2020-07-23T17:57:36.812Z; git: 450ba27947e13e66baa8cd1ce7e85a4461cacc1d; jvm 1.8.0_201-b09
16:12:22.495 [Test worker] INFO  o.e.j.s.AbstractConnector - Started ServerConnector@5ca18ba2{HTTP/1.1, (http/1.1)}{0.0.0.0:56217}
16:12:22.495 [Test worker] INFO  o.e.j.s.Server - Started @110391ms
16:12:22.495 [Test worker] DEBUG o.s.w.t.h.s.r.b.JettyHttpServer - Server started on port 56217(0 millis).
16:12:22.495 [Test worker] DEBUG o.s.w.c.RestTemplate - HTTP GET http://localhost:56217/suspend
16:12:22.495 [Test worker] DEBUG o.s.w.c.RestTemplate - Accept=[text/plain, application/json, application/x-jackson-smile, application/*+json, */*]
16:12:22.497 [qtp499625983-1468] DEBUG o.s.w.s.a.HttpWebHandlerAdapter - [56037376] HTTP GET "/suspend"
16:12:22.497 [qtp499625983-1468] DEBUG o.s.w.r.r.m.a.RequestMappingHandlerMapping - [56037376] Mapped to org.springframework.web.reactive.result.method.annotation.CoroutinesIntegrationTests$CoroutinesController#suspendingEndpoint(Continuation)
16:12:22.500 [qtp499625983-1468] DEBUG o.s.w.r.r.m.a.ResponseBodyResultHandler - Using 'text/plain;charset=UTF-8' given [text/plain, application/json, application/x-jackson-smile, application/*+json, */*] and supported [text/plain;charset=UTF-8, text/event-stream, text/plain;charset=UTF-8, */*]
16:12:22.500 [qtp499625983-1468] DEBUG o.s.w.r.r.m.a.ResponseBodyResultHandler - [56037376] 0..1 [java.lang.String]
16:12:22.502 [kotlinx.coroutines.DefaultExecutor @coroutine#17] DEBUG o.s.c.c.CharSequenceEncoder - [56037376] Writing "foo"
16:12:22.504 [kotlinx.coroutines.DefaultExecutor @coroutine#17] DEBUG o.s.w.s.a.HttpWebHandlerAdapter - [56037376] Completed 200 OK
16:12:22.504 [Test worker] DEBUG o.s.w.c.RestTemplate - Response 200 OK
16:12:22.504 [Test worker] DEBUG o.s.w.c.RestTemplate - Reading to [java.lang.String] as "text/plain;charset=utf-8"
16:12:22.505 [Test worker] DEBUG o.s.w.t.h.s.r.b.JettyHttpServer - Stopping JettyHttpServer...
16:12:22.506 [Test worker] INFO  o.e.j.s.h.ContextHandler - Stopped o.e.j.s.ServletContextHandler@7cde0b27{/,null,UNAVAILABLE}
16:12:22.507 [Test worker] INFO  o.e.j.s.AbstractConnector - Stopped ServerConnector@5ca18ba2{HTTP/1.1, (http/1.1)}{0.0.0.0:0}
16:12:22.518 [Test worker] DEBUG o.s.w.t.h.s.r.b.JettyHttpServer - Server stopped (0 millis).
16:12:22.683 [Test worker] DEBUG o.s.w.r.r.m.a.RequestMappingHandlerMapping - 6 mappings in 'requestMappingHandlerMapping'
16:12:22.742 [Test worker] DEBUG o.s.w.r.r.m.a.ControllerMethodResolver - ControllerAdvice beans: none
16:12:22.845 [Test worker] DEBUG o.s.w.s.a.HttpWebHandlerAdapter - enableLoggingRequestDetails='false': form data and headers will be masked to prevent unsafe logging of potentially sensitive data
16:12:22.845 [Test worker] DEBUG o.s.w.t.h.s.r.b.ReactorHttpServer - Starting ReactorHttpServer...
16:12:22.857 [Test worker] DEBUG o.s.w.t.h.s.r.b.ReactorHttpServer - Server started on port 56227(0 millis).
16:12:22.858 [Test worker] DEBUG o.s.w.c.RestTemplate - HTTP GET http://localhost:56227/suspend
16:12:22.858 [Test worker] DEBUG o.s.w.c.RestTemplate - Accept=[text/plain, application/json, application/x-jackson-smile, application/*+json, */*]
16:12:22.860 [reactor-http-nio-4] DEBUG o.s.w.s.a.HttpWebHandlerAdapter - [9c6979cb-38] HTTP GET "/suspend"
16:12:22.860 [reactor-http-nio-4] DEBUG o.s.w.r.r.m.a.RequestMappingHandlerMapping - [9c6979cb-38] Mapped to org.springframework.web.reactive.result.method.annotation.CoroutinesIntegrationTests$CoroutinesController#suspendingEndpoint(Continuation)
16:12:22.861 [reactor-http-nio-4] DEBUG o.s.w.r.r.m.a.ResponseBodyResultHandler - Using 'text/plain;charset=UTF-8' given [text/plain, application/json, application/x-jackson-smile, application/*+json, */*] and supported [text/plain;charset=UTF-8, text/event-stream, text/plain;charset=UTF-8, */*]
16:12:22.861 [reactor-http-nio-4] DEBUG o.s.w.r.r.m.a.ResponseBodyResultHandler - [9c6979cb-38] 0..1 [java.lang.String]
16:12:22.863 [kotlinx.coroutines.DefaultExecutor @coroutine#18] DEBUG o.s.c.c.CharSequenceEncoder - [9c6979cb-38] Writing "foo"
16:12:22.864 [reactor-http-nio-4] DEBUG o.s.w.s.a.HttpWebHandlerAdapter - [9c6979cb-38] Completed 200 OK
16:12:22.864 [Test worker] DEBUG o.s.w.c.RestTemplate - Response 200 OK
16:12:22.865 [Test worker] DEBUG o.s.w.c.RestTemplate - Reading to [java.lang.String] as "text/plain;charset=UTF-8"
16:12:22.865 [Test worker] DEBUG o.s.w.t.h.s.r.b.ReactorHttpServer - Stopping ReactorHttpServer...
16:12:22.866 [Test worker] DEBUG o.s.w.t.h.s.r.b.ReactorHttpServer - Server stopped (0 millis).
16:12:23.026 [Test worker] DEBUG o.s.w.r.r.m.a.RequestMappingHandlerMapping - 6 mappings in 'requestMappingHandlerMapping'
16:12:23.099 [Test worker] DEBUG o.s.w.r.r.m.a.ControllerMethodResolver - ControllerAdvice beans: none
16:12:23.166 [Test worker] DEBUG o.s.w.s.a.HttpWebHandlerAdapter - enableLoggingRequestDetails='false': form data and headers will be masked to prevent unsafe logging of potentially sensitive data
16:12:23.168 [Test worker] DEBUG o.s.w.t.h.s.r.b.TomcatHttpServer - Starting TomcatHttpServer...
16:12:23.181 [Test worker] DEBUG o.s.w.t.h.s.r.b.TomcatHttpServer - Server started on port 56231(0 millis).
16:12:23.181 [Test worker] DEBUG o.s.w.c.RestTemplate - HTTP GET http://localhost:56231/suspend
16:12:23.181 [Test worker] DEBUG o.s.w.c.RestTemplate - Accept=[text/plain, application/json, application/x-jackson-smile, application/*+json, */*]
16:12:23.185 [http-nio-auto-38-exec-1] DEBUG o.s.w.s.a.HttpWebHandlerAdapter - [6fda69c6] HTTP GET "/suspend"
16:12:23.186 [http-nio-auto-38-exec-1] DEBUG o.s.w.r.r.m.a.RequestMappingHandlerMapping - [6fda69c6] Mapped to org.springframework.web.reactive.result.method.annotation.CoroutinesIntegrationTests$CoroutinesController#suspendingEndpoint(Continuation)
16:12:23.187 [http-nio-auto-38-exec-1] DEBUG o.s.w.r.r.m.a.ResponseBodyResultHandler - Using 'text/plain;charset=UTF-8' given [text/plain, application/json, application/x-jackson-smile, application/*+json, */*] and supported [text/plain;charset=UTF-8, text/event-stream, text/plain;charset=UTF-8, */*]
16:12:23.187 [http-nio-auto-38-exec-1] DEBUG o.s.w.r.r.m.a.ResponseBodyResultHandler - [6fda69c6] 0..1 [java.lang.String]
16:12:23.188 [kotlinx.coroutines.DefaultExecutor @coroutine#19] DEBUG o.s.c.c.CharSequenceEncoder - [6fda69c6] Writing "foo"
16:12:23.189 [kotlinx.coroutines.DefaultExecutor @coroutine#19] DEBUG o.s.w.s.a.HttpWebHandlerAdapter - [6fda69c6] Completed 200 OK
16:12:23.191 [Test worker] DEBUG o.s.w.c.RestTemplate - Response 200 OK
16:12:23.191 [Test worker] DEBUG o.s.w.c.RestTemplate - Reading to [java.lang.String] as "text/plain;charset=UTF-8"
16:12:23.192 [Test worker] DEBUG o.s.w.t.h.s.r.b.TomcatHttpServer - Stopping TomcatHttpServer...
16:12:23.208 [Test worker] DEBUG o.s.w.t.h.s.r.b.TomcatHttpServer - Server stopped (0 millis).
16:12:23.433 [Test worker] DEBUG o.s.w.r.r.m.a.RequestMappingHandlerMapping - 6 mappings in 'requestMappingHandlerMapping'
16:12:23.530 [Test worker] DEBUG o.s.w.r.r.m.a.ControllerMethodResolver - ControllerAdvice beans: none
16:12:23.600 [Test worker] DEBUG o.s.w.s.a.HttpWebHandlerAdapter - enableLoggingRequestDetails='false': form data and headers will be masked to prevent unsafe logging of potentially sensitive data
16:12:23.600 [Test worker] DEBUG o.s.w.t.h.s.r.b.UndertowHttpServer - Starting UndertowHttpServer...
16:12:23.600 [Test worker] INFO  i.undertow - starting server: Undertow - 2.0.32.Final
16:12:23.604 [Test worker] DEBUG o.s.w.t.h.s.r.b.UndertowHttpServer - Server started on port 56240(0 millis).
16:12:23.604 [Test worker] DEBUG o.s.w.c.RestTemplate - HTTP GET http://localhost:56240/suspend
16:12:23.605 [Test worker] DEBUG o.s.w.c.RestTemplate - Accept=[text/plain, application/json, application/x-jackson-smile, application/*+json, */*]
16:12:23.607 [XNIO-38 I/O-6] DEBUG o.s.w.s.a.HttpWebHandlerAdapter - [4aadb877] HTTP GET "/suspend"
16:12:23.607 [XNIO-38 I/O-6] DEBUG o.s.w.r.r.m.a.RequestMappingHandlerMapping - [4aadb877] Mapped to org.springframework.web.reactive.result.method.annotation.CoroutinesIntegrationTests$CoroutinesController#suspendingEndpoint(Continuation)
16:12:23.609 [XNIO-38 I/O-6] DEBUG o.s.w.r.r.m.a.ResponseBodyResultHandler - Using 'text/plain;charset=UTF-8' given [text/plain, application/json, application/x-jackson-smile, application/*+json, */*] and supported [text/plain;charset=UTF-8, text/event-stream, text/plain;charset=UTF-8, */*]
16:12:23.609 [XNIO-38 I/O-6] DEBUG o.s.w.r.r.m.a.ResponseBodyResultHandler - [4aadb877] 0..1 [java.lang.String]
16:12:23.610 [kotlinx.coroutines.DefaultExecutor @coroutine#20] DEBUG o.s.c.c.CharSequenceEncoder - [4aadb877] Writing "foo"
16:12:23.611 [XNIO-38 I/O-6] DEBUG o.s.w.s.a.HttpWebHandlerAdapter - [4aadb877] Completed 200 OK
16:12:23.611 [Test worker] DEBUG o.s.w.c.RestTemplate - Response 200 OK
16:12:23.611 [Test worker] DEBUG o.s.w.c.RestTemplate - Reading to [java.lang.String] as "text/plain;charset=UTF-8"
16:12:23.612 [Test worker] DEBUG o.s.w.t.h.s.r.b.UndertowHttpServer - Stopping UndertowHttpServer...
16:12:23.612 [Test worker] INFO  i.undertow - stopping server: Undertow - 2.0.32.Final
16:12:23.612 [Test worker] DEBUG o.s.w.t.h.s.r.b.UndertowHttpServer - Server stopped (0 millis).
16:12:23.815 [Test worker] DEBUG o.s.w.r.r.m.a.RequestMappingHandlerMapping - 6 mappings in 'requestMappingHandlerMapping'
16:12:23.921 [Test worker] DEBUG o.s.w.r.r.m.a.ControllerMethodResolver - ControllerAdvice beans: none
16:12:24.000 [Test worker] DEBUG o.s.w.s.a.HttpWebHandlerAdapter - enableLoggingRequestDetails='false': form data and headers will be masked to prevent unsafe logging of potentially sensitive data
16:12:24.000 [Test worker] WARN  o.e.j.s.h.ContextHandler - Empty contextPath
16:12:24.000 [Test worker] INFO  o.e.j.s.h.ContextHandler - Started o.e.j.s.ServletContextHandler@23cb6176{/,null,AVAILABLE}
16:12:24.000 [Test worker] DEBUG o.s.w.t.h.s.r.b.JettyHttpServer - Starting JettyHttpServer...
16:12:24.000 [Test worker] INFO  o.e.j.s.Server - jetty-9.4.31.v20200723; built: 2020-07-23T17:57:36.812Z; git: 450ba27947e13e66baa8cd1ce7e85a4461cacc1d; jvm 1.8.0_201-b09
16:12:24.005 [Test worker] INFO  o.e.j.s.AbstractConnector - Started ServerConnector@6d8a6f33{HTTP/1.1, (http/1.1)}{0.0.0.0:56248}
16:12:24.005 [Test worker] INFO  o.e.j.s.Server - Started @111902ms
16:12:24.005 [Test worker] DEBUG o.s.w.t.h.s.r.b.JettyHttpServer - Server started on port 56248(0 millis).
16:12:24.005 [Test worker] DEBUG o.s.w.c.RestTemplate - HTTP GET http://localhost:56248/flow
16:12:24.006 [Test worker] DEBUG o.s.w.c.RestTemplate - Accept=[text/plain, application/json, application/x-jackson-smile, application/*+json, */*]
16:12:24.009 [qtp1820730450-1506] DEBUG o.s.w.s.a.HttpWebHandlerAdapter - [13231925] HTTP GET "/flow"
16:12:24.009 [qtp1820730450-1506] DEBUG o.s.w.r.r.m.a.RequestMappingHandlerMapping - [13231925] Mapped to org.springframework.web.reactive.result.method.annotation.CoroutinesIntegrationTests$CoroutinesController#flowEndpoint()
16:12:24.011 [qtp1820730450-1506] DEBUG o.s.w.r.r.m.a.ResponseBodyResultHandler - Using 'text/plain;charset=UTF-8' given [text/plain, application/json, application/x-jackson-smile, application/*+json, */*] and supported [text/plain;charset=UTF-8, text/event-stream, text/plain;charset=UTF-8, */*]
16:12:24.011 [qtp1820730450-1506] DEBUG o.s.w.r.r.m.a.ResponseBodyResultHandler - [13231925] 0..N [java.lang.String]
16:12:24.018 [qtp1820730450-1506] DEBUG o.s.c.c.CharSequenceEncoder - [13231925] Writing "foo"
16:12:24.019 [Test worker] DEBUG o.s.w.c.RestTemplate - Response 200 OK
16:12:24.019 [Test worker] DEBUG o.s.w.c.RestTemplate - Reading to [java.lang.String] as "text/plain;charset=utf-8"
16:12:24.020 [kotlinx.coroutines.DefaultExecutor] DEBUG o.s.c.c.CharSequenceEncoder - [13231925] Writing "bar"
16:12:24.022 [kotlinx.coroutines.DefaultExecutor] DEBUG o.s.w.s.a.HttpWebHandlerAdapter - [13231925] Completed 200 OK
16:12:24.023 [Test worker] DEBUG o.s.w.t.h.s.r.b.JettyHttpServer - Stopping JettyHttpServer...
16:12:24.024 [Test worker] INFO  o.e.j.s.h.ContextHandler - Stopped o.e.j.s.ServletContextHandler@23cb6176{/,null,UNAVAILABLE}
16:12:24.027 [Test worker] INFO  o.e.j.s.AbstractConnector - Stopped ServerConnector@6d8a6f33{HTTP/1.1, (http/1.1)}{0.0.0.0:0}
16:12:24.038 [Test worker] DEBUG o.s.w.t.h.s.r.b.JettyHttpServer - Server stopped (0 millis).
16:12:24.164 [Test worker] DEBUG o.s.w.r.r.m.a.RequestMappingHandlerMapping - 6 mappings in 'requestMappingHandlerMapping'
16:12:24.276 [Test worker] DEBUG o.s.w.r.r.m.a.ControllerMethodResolver - ControllerAdvice beans: none
16:12:24.368 [Test worker] DEBUG o.s.w.s.a.HttpWebHandlerAdapter - enableLoggingRequestDetails='false': form data and headers will be masked to prevent unsafe logging of potentially sensitive data
16:12:24.368 [Test worker] DEBUG o.s.w.t.h.s.r.b.ReactorHttpServer - Starting ReactorHttpServer...
16:12:24.369 [Test worker] DEBUG o.s.w.t.h.s.r.b.ReactorHttpServer - Server started on port 56256(0 millis).
16:12:24.369 [Test worker] DEBUG o.s.w.c.RestTemplate - HTTP GET http://localhost:56256/flow
16:12:24.369 [Test worker] DEBUG o.s.w.c.RestTemplate - Accept=[text/plain, application/json, application/x-jackson-smile, application/*+json, */*]
16:12:24.371 [reactor-http-nio-6] DEBUG o.s.w.s.a.HttpWebHandlerAdapter - [50b6a379-39] HTTP GET "/flow"
16:12:24.371 [reactor-http-nio-6] DEBUG o.s.w.r.r.m.a.RequestMappingHandlerMapping - [50b6a379-39] Mapped to org.springframework.web.reactive.result.method.annotation.CoroutinesIntegrationTests$CoroutinesController#flowEndpoint()
16:12:24.372 [reactor-http-nio-6] DEBUG o.s.w.r.r.m.a.ResponseBodyResultHandler - Using 'text/plain;charset=UTF-8' given [text/plain, application/json, application/x-jackson-smile, application/*+json, */*] and supported [text/plain;charset=UTF-8, text/event-stream, text/plain;charset=UTF-8, */*]
16:12:24.373 [reactor-http-nio-6] DEBUG o.s.w.r.r.m.a.ResponseBodyResultHandler - [50b6a379-39] 0..N [java.lang.String]
16:12:24.373 [reactor-http-nio-6] DEBUG o.s.c.c.CharSequenceEncoder - [50b6a379-39] Writing "foo"
16:12:24.374 [Test worker] DEBUG o.s.w.c.RestTemplate - Response 200 OK
16:12:24.375 [Test worker] DEBUG o.s.w.c.RestTemplate - Reading to [java.lang.String] as "text/plain;charset=UTF-8"
16:12:24.376 [kotlinx.coroutines.DefaultExecutor] DEBUG o.s.c.c.CharSequenceEncoder - [50b6a379-39] Writing "bar"
16:12:24.377 [reactor-http-nio-6] DEBUG o.s.w.s.a.HttpWebHandlerAdapter - [50b6a379-39] Completed 200 OK
16:12:24.378 [Test worker] DEBUG o.s.w.t.h.s.r.b.ReactorHttpServer - Stopping ReactorHttpServer...
16:12:24.378 [Test worker] DEBUG o.s.w.t.h.s.r.b.ReactorHttpServer - Server stopped (0 millis).
16:12:24.562 [Test worker] DEBUG o.s.w.r.r.m.a.RequestMappingHandlerMapping - 6 mappings in 'requestMappingHandlerMapping'
16:12:24.652 [Test worker] DEBUG o.s.w.r.r.m.a.ControllerMethodResolver - ControllerAdvice beans: none
16:12:24.732 [Test worker] DEBUG o.s.w.s.a.HttpWebHandlerAdapter - enableLoggingRequestDetails='false': form data and headers will be masked to prevent unsafe logging of potentially sensitive data
16:12:24.733 [Test worker] DEBUG o.s.w.t.h.s.r.b.TomcatHttpServer - Starting TomcatHttpServer...
16:12:24.747 [Test worker] DEBUG o.s.w.t.h.s.r.b.TomcatHttpServer - Server started on port 56260(0 millis).
16:12:24.747 [Test worker] DEBUG o.s.w.c.RestTemplate - HTTP GET http://localhost:56260/flow
16:12:24.747 [Test worker] DEBUG o.s.w.c.RestTemplate - Accept=[text/plain, application/json, application/x-jackson-smile, application/*+json, */*]
16:12:24.751 [http-nio-auto-39-exec-1] DEBUG o.s.w.s.a.HttpWebHandlerAdapter - [55422754] HTTP GET "/flow"
16:12:24.751 [http-nio-auto-39-exec-1] DEBUG o.s.w.r.r.m.a.RequestMappingHandlerMapping - [55422754] Mapped to org.springframework.web.reactive.result.method.annotation.CoroutinesIntegrationTests$CoroutinesController#flowEndpoint()
16:12:24.752 [http-nio-auto-39-exec-1] DEBUG o.s.w.r.r.m.a.ResponseBodyResultHandler - Using 'text/plain;charset=UTF-8' given [text/plain, application/json, application/x-jackson-smile, application/*+json, */*] and supported [text/plain;charset=UTF-8, text/event-stream, text/plain;charset=UTF-8, */*]
16:12:24.752 [http-nio-auto-39-exec-1] DEBUG o.s.w.r.r.m.a.ResponseBodyResultHandler - [55422754] 0..N [java.lang.String]
16:12:24.753 [http-nio-auto-39-exec-1] DEBUG o.s.c.c.CharSequenceEncoder - [55422754] Writing "foo"
16:12:24.754 [kotlinx.coroutines.DefaultExecutor] DEBUG o.s.c.c.CharSequenceEncoder - [55422754] Writing "bar"
16:12:24.756 [kotlinx.coroutines.DefaultExecutor] DEBUG o.s.w.s.a.HttpWebHandlerAdapter - [55422754] Completed 200 OK
16:12:24.758 [Test worker] DEBUG o.s.w.c.RestTemplate - Response 200 OK
16:12:24.759 [Test worker] DEBUG o.s.w.c.RestTemplate - Reading to [java.lang.String] as "text/plain;charset=UTF-8"
16:12:24.759 [Test worker] DEBUG o.s.w.t.h.s.r.b.TomcatHttpServer - Stopping TomcatHttpServer...
16:12:24.773 [Test worker] DEBUG o.s.w.t.h.s.r.b.TomcatHttpServer - Server stopped (0 millis).
16:12:24.990 [Test worker] DEBUG o.s.w.r.r.m.a.RequestMappingHandlerMapping - 6 mappings in 'requestMappingHandlerMapping'
16:12:25.061 [Test worker] DEBUG o.s.w.r.r.m.a.ControllerMethodResolver - ControllerAdvice beans: none
16:12:25.133 [Test worker] DEBUG o.s.w.s.a.HttpWebHandlerAdapter - enableLoggingRequestDetails='false': form data and headers will be masked to prevent unsafe logging of potentially sensitive data
16:12:25.133 [Test worker] DEBUG o.s.w.t.h.s.r.b.UndertowHttpServer - Starting UndertowHttpServer...
16:12:25.133 [Test worker] INFO  i.undertow - starting server: Undertow - 2.0.32.Final
16:12:25.146 [Test worker] DEBUG o.s.w.t.h.s.r.b.UndertowHttpServer - Server started on port 56268(0 millis).
16:12:25.146 [Test worker] DEBUG o.s.w.c.RestTemplate - HTTP GET http://localhost:56268/flow
16:12:25.146 [Test worker] DEBUG o.s.w.c.RestTemplate - Accept=[text/plain, application/json, application/x-jackson-smile, application/*+json, */*]
16:12:25.148 [XNIO-39 I/O-6] DEBUG o.s.w.s.a.HttpWebHandlerAdapter - [21a2544f] HTTP GET "/flow"
16:12:25.148 [XNIO-39 I/O-6] DEBUG o.s.w.r.r.m.a.RequestMappingHandlerMapping - [21a2544f] Mapped to org.springframework.web.reactive.result.method.annotation.CoroutinesIntegrationTests$CoroutinesController#flowEndpoint()
16:12:25.149 [XNIO-39 I/O-6] DEBUG o.s.w.r.r.m.a.ResponseBodyResultHandler - Using 'text/plain;charset=UTF-8' given [text/plain, application/json, application/x-jackson-smile, application/*+json, */*] and supported [text/plain;charset=UTF-8, text/event-stream, text/plain;charset=UTF-8, */*]
16:12:25.149 [XNIO-39 I/O-6] DEBUG o.s.w.r.r.m.a.ResponseBodyResultHandler - [21a2544f] 0..N [java.lang.String]
16:12:25.150 [XNIO-39 I/O-6] DEBUG o.s.c.c.CharSequenceEncoder - [21a2544f] Writing "foo"
16:12:25.151 [kotlinx.coroutines.DefaultExecutor] DEBUG o.s.c.c.CharSequenceEncoder - [21a2544f] Writing "bar"
16:12:25.151 [Test worker] DEBUG o.s.w.c.RestTemplate - Response 200 OK
16:12:25.151 [Test worker] DEBUG o.s.w.c.RestTemplate - Reading to [java.lang.String] as "text/plain;charset=UTF-8"
16:12:25.153 [kotlinx.coroutines.DefaultExecutor] DEBUG o.s.w.s.a.HttpWebHandlerAdapter - [21a2544f] Completed 200 OK
16:12:25.153 [Test worker] DEBUG o.s.w.t.h.s.r.b.UndertowHttpServer - Stopping UndertowHttpServer...
16:12:25.153 [Test worker] INFO  i.undertow - stopping server: Undertow - 2.0.32.Final
16:12:25.154 [Test worker] DEBUG o.s.w.t.h.s.r.b.UndertowHttpServer - Server stopped (0 millis).
16:12:25.373 [Test worker] DEBUG o.s.w.r.r.m.a.RequestMappingHandlerMapping - 6 mappings in 'requestMappingHandlerMapping'
16:12:25.472 [Test worker] DEBUG o.s.w.r.r.m.a.ControllerMethodResolver - ControllerAdvice beans: none
16:12:25.544 [Test worker] DEBUG o.s.w.s.a.HttpWebHandlerAdapter - enableLoggingRequestDetails='false': form data and headers will be masked to prevent unsafe logging of potentially sensitive data
16:12:25.544 [Test worker] WARN  o.e.j.s.h.ContextHandler - Empty contextPath
16:12:25.544 [Test worker] INFO  o.e.j.s.h.ContextHandler - Started o.e.j.s.ServletContextHandler@31dfae6e{/,null,AVAILABLE}
16:12:25.545 [Test worker] DEBUG o.s.w.t.h.s.r.b.JettyHttpServer - Starting JettyHttpServer...
16:12:25.545 [Test worker] INFO  o.e.j.s.Server - jetty-9.4.31.v20200723; built: 2020-07-23T17:57:36.812Z; git: 450ba27947e13e66baa8cd1ce7e85a4461cacc1d; jvm 1.8.0_201-b09
16:12:25.587 [Test worker] INFO  o.e.j.s.AbstractConnector - Started ServerConnector@1c912d6e{HTTP/1.1, (http/1.1)}{0.0.0.0:56278}
16:12:25.588 [Test worker] INFO  o.e.j.s.Server - Started @113484ms
16:12:25.588 [Test worker] DEBUG o.s.w.t.h.s.r.b.JettyHttpServer - Server started on port 56278(0 millis).
16:12:25.588 [Test worker] DEBUG o.s.w.c.RestTemplate - HTTP GET http://localhost:56278/suspending-flow
16:12:25.589 [Test worker] DEBUG o.s.w.c.RestTemplate - Accept=[text/plain, application/json, application/x-jackson-smile, application/*+json, */*]
16:12:25.591 [qtp1106134162-1544] DEBUG o.s.w.s.a.HttpWebHandlerAdapter - [69d7684a] HTTP GET "/suspending-flow"
16:12:25.592 [qtp1106134162-1544] DEBUG o.s.w.r.r.m.a.RequestMappingHandlerMapping - [69d7684a] Mapped to org.springframework.web.reactive.result.method.annotation.CoroutinesIntegrationTests$CoroutinesController#suspendingFlowEndpoint(Continuation)
16:12:25.593 [qtp1106134162-1544] DEBUG o.s.w.r.r.m.a.ResponseBodyResultHandler - Using 'text/plain;charset=UTF-8' given [text/plain, application/json, application/x-jackson-smile, application/*+json, */*] and supported [text/plain;charset=UTF-8, text/event-stream, text/plain;charset=UTF-8, */*]
16:12:25.593 [qtp1106134162-1544] DEBUG o.s.w.r.r.m.a.ResponseBodyResultHandler - [69d7684a] 0..N [java.lang.String]
16:12:25.608 [kotlinx.coroutines.DefaultExecutor] DEBUG o.s.c.c.CharSequenceEncoder - [69d7684a] Writing "foo"
16:12:25.609 [Test worker] DEBUG o.s.w.c.RestTemplate - Response 200 OK
16:12:25.609 [Test worker] DEBUG o.s.w.c.RestTemplate - Reading to [java.lang.String] as "text/plain;charset=utf-8"
16:12:25.610 [kotlinx.coroutines.DefaultExecutor] DEBUG o.s.c.c.CharSequenceEncoder - [69d7684a] Writing "bar"
16:12:25.611 [kotlinx.coroutines.DefaultExecutor] DEBUG o.s.w.s.a.HttpWebHandlerAdapter - [69d7684a] Completed 200 OK
16:12:25.613 [Test worker] DEBUG o.s.w.t.h.s.r.b.JettyHttpServer - Stopping JettyHttpServer...
16:12:25.613 [Test worker] INFO  o.e.j.s.h.ContextHandler - Stopped o.e.j.s.ServletContextHandler@31dfae6e{/,null,UNAVAILABLE}
16:12:25.614 [Test worker] INFO  o.e.j.s.AbstractConnector - Stopped ServerConnector@1c912d6e{HTTP/1.1, (http/1.1)}{0.0.0.0:0}
16:12:25.625 [Test worker] DEBUG o.s.w.t.h.s.r.b.JettyHttpServer - Server stopped (0 millis).
16:12:25.787 [Test worker] DEBUG o.s.w.r.r.m.a.RequestMappingHandlerMapping - 6 mappings in 'requestMappingHandlerMapping'
16:12:25.866 [Test worker] DEBUG o.s.w.r.r.m.a.ControllerMethodResolver - ControllerAdvice beans: none
16:12:25.927 [Test worker] DEBUG o.s.w.s.a.HttpWebHandlerAdapter - enableLoggingRequestDetails='false': form data and headers will be masked to prevent unsafe logging of potentially sensitive data
16:12:25.927 [Test worker] DEBUG o.s.w.t.h.s.r.b.ReactorHttpServer - Starting ReactorHttpServer...
16:12:25.928 [Test worker] DEBUG o.s.w.t.h.s.r.b.ReactorHttpServer - Server started on port 56283(0 millis).
16:12:25.928 [Test worker] DEBUG o.s.w.c.RestTemplate - HTTP GET http://localhost:56283/suspending-flow
16:12:25.928 [Test worker] DEBUG o.s.w.c.RestTemplate - Accept=[text/plain, application/json, application/x-jackson-smile, application/*+json, */*]
16:12:25.932 [reactor-http-nio-8] DEBUG o.s.w.s.a.HttpWebHandlerAdapter - [981c6328-40] HTTP GET "/suspending-flow"
16:12:25.932 [reactor-http-nio-8] DEBUG o.s.w.r.r.m.a.RequestMappingHandlerMapping - [981c6328-40] Mapped to org.springframework.web.reactive.result.method.annotation.CoroutinesIntegrationTests$CoroutinesController#suspendingFlowEndpoint(Continuation)
16:12:25.933 [reactor-http-nio-8] DEBUG o.s.w.r.r.m.a.ResponseBodyResultHandler - Using 'text/plain;charset=UTF-8' given [text/plain, application/json, application/x-jackson-smile, application/*+json, */*] and supported [text/plain;charset=UTF-8, text/event-stream, text/plain;charset=UTF-8, */*]
16:12:25.933 [reactor-http-nio-8] DEBUG o.s.w.r.r.m.a.ResponseBodyResultHandler - [981c6328-40] 0..N [java.lang.String]
16:12:25.944 [kotlinx.coroutines.DefaultExecutor] DEBUG o.s.c.c.CharSequenceEncoder - [981c6328-40] Writing "foo"
16:12:25.945 [Test worker] DEBUG o.s.w.c.RestTemplate - Response 200 OK
16:12:25.946 [Test worker] DEBUG o.s.w.c.RestTemplate - Reading to [java.lang.String] as "text/plain;charset=UTF-8"
16:12:25.946 [kotlinx.coroutines.DefaultExecutor] DEBUG o.s.c.c.CharSequenceEncoder - [981c6328-40] Writing "bar"
16:12:25.947 [reactor-http-nio-8] DEBUG o.s.w.s.a.HttpWebHandlerAdapter - [981c6328-40] Completed 200 OK
16:12:25.948 [Test worker] DEBUG o.s.w.t.h.s.r.b.ReactorHttpServer - Stopping ReactorHttpServer...
16:12:25.948 [Test worker] DEBUG o.s.w.t.h.s.r.b.ReactorHttpServer - Server stopped (0 millis).
16:12:26.100 [Test worker] DEBUG o.s.w.r.r.m.a.RequestMappingHandlerMapping - 6 mappings in 'requestMappingHandlerMapping'
16:12:26.170 [Test worker] DEBUG o.s.w.r.r.m.a.ControllerMethodResolver - ControllerAdvice beans: none
16:12:26.248 [Test worker] DEBUG o.s.w.s.a.HttpWebHandlerAdapter - enableLoggingRequestDetails='false': form data and headers will be masked to prevent unsafe logging of potentially sensitive data
16:12:26.249 [Test worker] DEBUG o.s.w.t.h.s.r.b.TomcatHttpServer - Starting TomcatHttpServer...
16:12:26.261 [Test worker] DEBUG o.s.w.t.h.s.r.b.TomcatHttpServer - Server started on port 56285(0 millis).
16:12:26.261 [Test worker] DEBUG o.s.w.c.RestTemplate - HTTP GET http://localhost:56285/suspending-flow
16:12:26.262 [Test worker] DEBUG o.s.w.c.RestTemplate - Accept=[text/plain, application/json, application/x-jackson-smile, application/*+json, */*]
16:12:26.265 [http-nio-auto-40-exec-1] DEBUG o.s.w.s.a.HttpWebHandlerAdapter - [15d0f057] HTTP GET "/suspending-flow"
16:12:26.265 [http-nio-auto-40-exec-1] DEBUG o.s.w.r.r.m.a.RequestMappingHandlerMapping - [15d0f057] Mapped to org.springframework.web.reactive.result.method.annotation.CoroutinesIntegrationTests$CoroutinesController#suspendingFlowEndpoint(Continuation)
16:12:26.267 [http-nio-auto-40-exec-1] DEBUG o.s.w.r.r.m.a.ResponseBodyResultHandler - Using 'text/plain;charset=UTF-8' given [text/plain, application/json, application/x-jackson-smile, application/*+json, */*] and supported [text/plain;charset=UTF-8, text/event-stream, text/plain;charset=UTF-8, */*]
16:12:26.267 [http-nio-auto-40-exec-1] DEBUG o.s.w.r.r.m.a.ResponseBodyResultHandler - [15d0f057] 0..N [java.lang.String]
16:12:26.280 [kotlinx.coroutines.DefaultExecutor] DEBUG o.s.c.c.CharSequenceEncoder - [15d0f057] Writing "foo"
16:12:26.281 [kotlinx.coroutines.DefaultExecutor] DEBUG o.s.c.c.CharSequenceEncoder - [15d0f057] Writing "bar"
16:12:26.283 [kotlinx.coroutines.DefaultExecutor] DEBUG o.s.w.s.a.HttpWebHandlerAdapter - [15d0f057] Completed 200 OK
16:12:26.287 [Test worker] DEBUG o.s.w.c.RestTemplate - Response 200 OK
16:12:26.289 [Test worker] DEBUG o.s.w.c.RestTemplate - Reading to [java.lang.String] as "text/plain;charset=UTF-8"
16:12:26.289 [Test worker] DEBUG o.s.w.t.h.s.r.b.TomcatHttpServer - Stopping TomcatHttpServer...
16:12:26.301 [Test worker] DEBUG o.s.w.t.h.s.r.b.TomcatHttpServer - Server stopped (0 millis).
16:12:26.490 [Test worker] DEBUG o.s.w.r.r.m.a.RequestMappingHandlerMapping - 6 mappings in 'requestMappingHandlerMapping'
16:12:26.552 [Test worker] DEBUG o.s.w.r.r.m.a.ControllerMethodResolver - ControllerAdvice beans: none
16:12:26.606 [Test worker] DEBUG o.s.w.s.a.HttpWebHandlerAdapter - enableLoggingRequestDetails='false': form data and headers will be masked to prevent unsafe logging of potentially sensitive data
16:12:26.606 [Test worker] DEBUG o.s.w.t.h.s.r.b.UndertowHttpServer - Starting UndertowHttpServer...
16:12:26.606 [Test worker] INFO  i.undertow - starting server: Undertow - 2.0.32.Final
16:12:26.611 [Test worker] DEBUG o.s.w.t.h.s.r.b.UndertowHttpServer - Server started on port 56290(0 millis).
16:12:26.611 [Test worker] DEBUG o.s.w.c.RestTemplate - HTTP GET http://localhost:56290/suspending-flow
16:12:26.611 [Test worker] DEBUG o.s.w.c.RestTemplate - Accept=[text/plain, application/json, application/x-jackson-smile, application/*+json, */*]
16:12:26.613 [XNIO-40 I/O-6] DEBUG o.s.w.s.a.HttpWebHandlerAdapter - [33f3ced3] HTTP GET "/suspending-flow"
16:12:26.613 [XNIO-40 I/O-6] DEBUG o.s.w.r.r.m.a.RequestMappingHandlerMapping - [33f3ced3] Mapped to org.springframework.web.reactive.result.method.annotation.CoroutinesIntegrationTests$CoroutinesController#suspendingFlowEndpoint(Continuation)
16:12:26.614 [XNIO-40 I/O-6] DEBUG o.s.w.r.r.m.a.ResponseBodyResultHandler - Using 'text/plain;charset=UTF-8' given [text/plain, application/json, application/x-jackson-smile, application/*+json, */*] and supported [text/plain;charset=UTF-8, text/event-stream, text/plain;charset=UTF-8, */*]
16:12:26.614 [XNIO-40 I/O-6] DEBUG o.s.w.r.r.m.a.ResponseBodyResultHandler - [33f3ced3] 0..N [java.lang.String]
16:12:26.625 [kotlinx.coroutines.DefaultExecutor] DEBUG o.s.c.c.CharSequenceEncoder - [33f3ced3] Writing "foo"
16:12:26.626 [Test worker] DEBUG o.s.w.c.RestTemplate - Response 200 OK
16:12:26.627 [Test worker] DEBUG o.s.w.c.RestTemplate - Reading to [java.lang.String] as "text/plain;charset=UTF-8"
16:12:26.627 [kotlinx.coroutines.DefaultExecutor] DEBUG o.s.c.c.CharSequenceEncoder - [33f3ced3] Writing "bar"
16:12:26.628 [XNIO-40 I/O-6] DEBUG o.s.w.s.a.HttpWebHandlerAdapter - [33f3ced3] Completed 200 OK
16:12:26.629 [Test worker] DEBUG o.s.w.t.h.s.r.b.UndertowHttpServer - Stopping UndertowHttpServer...
16:12:26.629 [Test worker] INFO  i.undertow - stopping server: Undertow - 2.0.32.Final
16:12:26.629 [Test worker] DEBUG o.s.w.t.h.s.r.b.UndertowHttpServer - Server stopped (0 millis).
]]></system-out>
  <system-err><![CDATA[]]></system-err>
</testsuite>
