<?xml version="1.0" encoding="UTF-8"?>
<testsuite name="org.springframework.web.reactive.function.client.WebClientDataBufferAllocatingTests" tests="54" skipped="0" failures="0" errors="0" timestamp="2020-05-29T14:02:05" hostname="bamboo-18" time="2.834">
  <properties/>
  <testcase name="bodyToMonoVoidWithoutContentType(String, DataBufferFactory)[1]" classname="org.springframework.web.reactive.function.client.WebClientDataBufferAllocatingTests" time="0.447"/>
  <testcase name="bodyToMonoVoidWithoutContentType(String, DataBufferFactory)[2]" classname="org.springframework.web.reactive.function.client.WebClientDataBufferAllocatingTests" time="0.028"/>
  <testcase name="bodyToMonoVoidWithoutContentType(String, DataBufferFactory)[3]" classname="org.springframework.web.reactive.function.client.WebClientDataBufferAllocatingTests" time="0.048"/>
  <testcase name="bodyToMonoVoidWithoutContentType(String, DataBufferFactory)[4]" classname="org.springframework.web.reactive.function.client.WebClientDataBufferAllocatingTests" time="0.03"/>
  <testcase name="bodyToMonoVoidWithoutContentType(String, DataBufferFactory)[5]" classname="org.springframework.web.reactive.function.client.WebClientDataBufferAllocatingTests" time="0.065"/>
  <testcase name="bodyToMonoVoidWithoutContentType(String, DataBufferFactory)[6]" classname="org.springframework.web.reactive.function.client.WebClientDataBufferAllocatingTests" time="0.036"/>
  <testcase name="onStatusWithBodyNotConsumed(String, DataBufferFactory)[1]" classname="org.springframework.web.reactive.function.client.WebClientDataBufferAllocatingTests" time="0.039"/>
  <testcase name="onStatusWithBodyNotConsumed(String, DataBufferFactory)[2]" classname="org.springframework.web.reactive.function.client.WebClientDataBufferAllocatingTests" time="0.033"/>
  <testcase name="onStatusWithBodyNotConsumed(String, DataBufferFactory)[3]" classname="org.springframework.web.reactive.function.client.WebClientDataBufferAllocatingTests" time="0.038"/>
  <testcase name="onStatusWithBodyNotConsumed(String, DataBufferFactory)[4]" classname="org.springframework.web.reactive.function.client.WebClientDataBufferAllocatingTests" time="0.035"/>
  <testcase name="onStatusWithBodyNotConsumed(String, DataBufferFactory)[5]" classname="org.springframework.web.reactive.function.client.WebClientDataBufferAllocatingTests" time="0.053"/>
  <testcase name="onStatusWithBodyNotConsumed(String, DataBufferFactory)[6]" classname="org.springframework.web.reactive.function.client.WebClientDataBufferAllocatingTests" time="0.035"/>
  <testcase name="exchangeToBodilessEntity(String, DataBufferFactory)[1]" classname="org.springframework.web.reactive.function.client.WebClientDataBufferAllocatingTests" time="0.032"/>
  <testcase name="exchangeToBodilessEntity(String, DataBufferFactory)[2]" classname="org.springframework.web.reactive.function.client.WebClientDataBufferAllocatingTests" time="0.053"/>
  <testcase name="exchangeToBodilessEntity(String, DataBufferFactory)[3]" classname="org.springframework.web.reactive.function.client.WebClientDataBufferAllocatingTests" time="0.036"/>
  <testcase name="exchangeToBodilessEntity(String, DataBufferFactory)[4]" classname="org.springframework.web.reactive.function.client.WebClientDataBufferAllocatingTests" time="0.055"/>
  <testcase name="exchangeToBodilessEntity(String, DataBufferFactory)[5]" classname="org.springframework.web.reactive.function.client.WebClientDataBufferAllocatingTests" time="0.027"/>
  <testcase name="exchangeToBodilessEntity(String, DataBufferFactory)[6]" classname="org.springframework.web.reactive.function.client.WebClientDataBufferAllocatingTests" time="0.022"/>
  <testcase name="bodyToMonoVoid(String, DataBufferFactory)[1]" classname="org.springframework.web.reactive.function.client.WebClientDataBufferAllocatingTests" time="0.025"/>
  <testcase name="bodyToMonoVoid(String, DataBufferFactory)[2]" classname="org.springframework.web.reactive.function.client.WebClientDataBufferAllocatingTests" time="0.031"/>
  <testcase name="bodyToMonoVoid(String, DataBufferFactory)[3]" classname="org.springframework.web.reactive.function.client.WebClientDataBufferAllocatingTests" time="0.033"/>
  <testcase name="bodyToMonoVoid(String, DataBufferFactory)[4]" classname="org.springframework.web.reactive.function.client.WebClientDataBufferAllocatingTests" time="0.071"/>
  <testcase name="bodyToMonoVoid(String, DataBufferFactory)[5]" classname="org.springframework.web.reactive.function.client.WebClientDataBufferAllocatingTests" time="0.049"/>
  <testcase name="bodyToMonoVoid(String, DataBufferFactory)[6]" classname="org.springframework.web.reactive.function.client.WebClientDataBufferAllocatingTests" time="0.041"/>
  <testcase name="onStatusWithMonoErrorAndBodyNotConsumed(String, DataBufferFactory)[1]" classname="org.springframework.web.reactive.function.client.WebClientDataBufferAllocatingTests" time="0.043"/>
  <testcase name="onStatusWithMonoErrorAndBodyNotConsumed(String, DataBufferFactory)[2]" classname="org.springframework.web.reactive.function.client.WebClientDataBufferAllocatingTests" time="0.049"/>
  <testcase name="onStatusWithMonoErrorAndBodyNotConsumed(String, DataBufferFactory)[3]" classname="org.springframework.web.reactive.function.client.WebClientDataBufferAllocatingTests" time="0.03"/>
  <testcase name="onStatusWithMonoErrorAndBodyNotConsumed(String, DataBufferFactory)[4]" classname="org.springframework.web.reactive.function.client.WebClientDataBufferAllocatingTests" time="0.056"/>
  <testcase name="onStatusWithMonoErrorAndBodyNotConsumed(String, DataBufferFactory)[5]" classname="org.springframework.web.reactive.function.client.WebClientDataBufferAllocatingTests" time="0.048"/>
  <testcase name="onStatusWithMonoErrorAndBodyNotConsumed(String, DataBufferFactory)[6]" classname="org.springframework.web.reactive.function.client.WebClientDataBufferAllocatingTests" time="0.051"/>
  <testcase name="releaseBody(String, DataBufferFactory)[1]" classname="org.springframework.web.reactive.function.client.WebClientDataBufferAllocatingTests" time="0.057"/>
  <testcase name="releaseBody(String, DataBufferFactory)[2]" classname="org.springframework.web.reactive.function.client.WebClientDataBufferAllocatingTests" time="0.069"/>
  <testcase name="releaseBody(String, DataBufferFactory)[3]" classname="org.springframework.web.reactive.function.client.WebClientDataBufferAllocatingTests" time="0.049"/>
  <testcase name="releaseBody(String, DataBufferFactory)[4]" classname="org.springframework.web.reactive.function.client.WebClientDataBufferAllocatingTests" time="0.038"/>
  <testcase name="releaseBody(String, DataBufferFactory)[5]" classname="org.springframework.web.reactive.function.client.WebClientDataBufferAllocatingTests" time="0.034"/>
  <testcase name="releaseBody(String, DataBufferFactory)[6]" classname="org.springframework.web.reactive.function.client.WebClientDataBufferAllocatingTests" time="0.031"/>
  <testcase name="onStatusWithBodyConsumed(String, DataBufferFactory)[1]" classname="org.springframework.web.reactive.function.client.WebClientDataBufferAllocatingTests" time="0.086"/>
  <testcase name="onStatusWithBodyConsumed(String, DataBufferFactory)[2]" classname="org.springframework.web.reactive.function.client.WebClientDataBufferAllocatingTests" time="0.029"/>
  <testcase name="onStatusWithBodyConsumed(String, DataBufferFactory)[3]" classname="org.springframework.web.reactive.function.client.WebClientDataBufferAllocatingTests" time="0.051"/>
  <testcase name="onStatusWithBodyConsumed(String, DataBufferFactory)[4]" classname="org.springframework.web.reactive.function.client.WebClientDataBufferAllocatingTests" time="0.057"/>
  <testcase name="onStatusWithBodyConsumed(String, DataBufferFactory)[5]" classname="org.springframework.web.reactive.function.client.WebClientDataBufferAllocatingTests" time="0.062"/>
  <testcase name="onStatusWithBodyConsumed(String, DataBufferFactory)[6]" classname="org.springframework.web.reactive.function.client.WebClientDataBufferAllocatingTests" time="0.048"/>
  <testcase name="onStatusWithMonoErrorAndBodyConsumed(String, DataBufferFactory)[1]" classname="org.springframework.web.reactive.function.client.WebClientDataBufferAllocatingTests" time="0.031"/>
  <testcase name="onStatusWithMonoErrorAndBodyConsumed(String, DataBufferFactory)[2]" classname="org.springframework.web.reactive.function.client.WebClientDataBufferAllocatingTests" time="0.045"/>
  <testcase name="onStatusWithMonoErrorAndBodyConsumed(String, DataBufferFactory)[3]" classname="org.springframework.web.reactive.function.client.WebClientDataBufferAllocatingTests" time="0.035"/>
  <testcase name="onStatusWithMonoErrorAndBodyConsumed(String, DataBufferFactory)[4]" classname="org.springframework.web.reactive.function.client.WebClientDataBufferAllocatingTests" time="0.068"/>
  <testcase name="onStatusWithMonoErrorAndBodyConsumed(String, DataBufferFactory)[5]" classname="org.springframework.web.reactive.function.client.WebClientDataBufferAllocatingTests" time="0.045"/>
  <testcase name="onStatusWithMonoErrorAndBodyConsumed(String, DataBufferFactory)[6]" classname="org.springframework.web.reactive.function.client.WebClientDataBufferAllocatingTests" time="0.045"/>
  <testcase name="onStatusWithImmediateErrorAndBodyNotConsumed(String, DataBufferFactory)[1]" classname="org.springframework.web.reactive.function.client.WebClientDataBufferAllocatingTests" time="0.041"/>
  <testcase name="onStatusWithImmediateErrorAndBodyNotConsumed(String, DataBufferFactory)[2]" classname="org.springframework.web.reactive.function.client.WebClientDataBufferAllocatingTests" time="0.026"/>
  <testcase name="onStatusWithImmediateErrorAndBodyNotConsumed(String, DataBufferFactory)[3]" classname="org.springframework.web.reactive.function.client.WebClientDataBufferAllocatingTests" time="0.05"/>
  <testcase name="onStatusWithImmediateErrorAndBodyNotConsumed(String, DataBufferFactory)[4]" classname="org.springframework.web.reactive.function.client.WebClientDataBufferAllocatingTests" time="0.046"/>
  <testcase name="onStatusWithImmediateErrorAndBodyNotConsumed(String, DataBufferFactory)[5]" classname="org.springframework.web.reactive.function.client.WebClientDataBufferAllocatingTests" time="0.039"/>
  <testcase name="onStatusWithImmediateErrorAndBodyNotConsumed(String, DataBufferFactory)[6]" classname="org.springframework.web.reactive.function.client.WebClientDataBufferAllocatingTests" time="0.042"/>
  <system-out><![CDATA[14:02:06.062 [Test worker] DEBUG o.s.w.r.f.c.ExchangeFunctions - [7bf40ed9] HTTP GET http://localhost:47167/sample
14:02:06.146 [reactor-http-epoll-3] DEBUG o.s.w.r.f.c.ExchangeFunctions - [7bf40ed9] Response 202 ACCEPTED
14:02:06.160 [Test worker] DEBUG o.s.w.r.f.c.ExchangeFunctions - [73564673] HTTP GET http://localhost:57263/sample
14:02:06.175 [reactor-http-epoll-4] DEBUG o.s.w.r.f.c.ExchangeFunctions - [73564673] Response 202 ACCEPTED
14:02:06.199 [Test worker] DEBUG o.s.w.r.f.c.ExchangeFunctions - [6248746e] HTTP GET http://localhost:36785/sample
14:02:06.216 [reactor-http-epoll-1] DEBUG o.s.w.r.f.c.ExchangeFunctions - [6248746e] Response 202 ACCEPTED
14:02:06.240 [Test worker] DEBUG o.s.w.r.f.c.ExchangeFunctions - [250be45c] HTTP GET http://localhost:47145/sample
14:02:06.250 [reactor-http-epoll-2] DEBUG o.s.w.r.f.c.ExchangeFunctions - [250be45c] Response 202 ACCEPTED
14:02:06.274 [Test worker] DEBUG o.s.w.r.f.c.ExchangeFunctions - [52613dfc] HTTP GET http://localhost:37859/sample
14:02:06.314 [reactor-http-epoll-3] DEBUG o.s.w.r.f.c.ExchangeFunctions - [52613dfc] Response 202 ACCEPTED
14:02:06.331 [Test worker] DEBUG o.s.w.r.f.c.ExchangeFunctions - [2f275631] HTTP GET http://localhost:34529/sample
14:02:06.359 [reactor-http-epoll-4] DEBUG o.s.w.r.f.c.ExchangeFunctions - [2f275631] Response 202 ACCEPTED
14:02:06.375 [Test worker] DEBUG o.s.w.r.f.c.ExchangeFunctions - [d4f408f] HTTP GET http://localhost:58169/json
14:02:06.392 [reactor-http-epoll-1] DEBUG o.s.w.r.f.c.ExchangeFunctions - [d4f408f] Response 502 BAD_GATEWAY
14:02:06.412 [Test worker] DEBUG o.s.w.r.f.c.ExchangeFunctions - [66c9e5c4] HTTP GET http://localhost:53791/json
14:02:06.426 [reactor-http-epoll-2] DEBUG o.s.w.r.f.c.ExchangeFunctions - [66c9e5c4] Response 502 BAD_GATEWAY
14:02:06.442 [Test worker] DEBUG o.s.w.r.f.c.ExchangeFunctions - [7295a741] HTTP GET http://localhost:33575/json
14:02:06.462 [reactor-http-epoll-3] DEBUG o.s.w.r.f.c.ExchangeFunctions - [7295a741] Response 502 BAD_GATEWAY
14:02:06.475 [Test worker] DEBUG o.s.w.r.f.c.ExchangeFunctions - [120996f] HTTP GET http://localhost:42897/json
14:02:06.502 [reactor-http-epoll-4] DEBUG o.s.w.r.f.c.ExchangeFunctions - [120996f] Response 502 BAD_GATEWAY
14:02:06.527 [Test worker] DEBUG o.s.w.r.f.c.ExchangeFunctions - [3d0d43d9] HTTP GET http://localhost:32773/json
14:02:06.553 [reactor-http-epoll-1] DEBUG o.s.w.r.f.c.ExchangeFunctions - [3d0d43d9] Response 502 BAD_GATEWAY
14:02:06.583 [Test worker] DEBUG o.s.w.r.f.c.ExchangeFunctions - [3ae9799e] HTTP GET http://localhost:33599/json
14:02:06.606 [reactor-http-epoll-2] DEBUG o.s.w.r.f.c.ExchangeFunctions - [3ae9799e] Response 502 BAD_GATEWAY
14:02:06.612 [Test worker] DEBUG o.s.w.r.f.c.ExchangeFunctions - [4fc61cc0] HTTP GET http://localhost:47895/
14:02:06.638 [reactor-http-epoll-3] DEBUG o.s.w.r.f.c.ExchangeFunctions - [4fc61cc0] Response 201 CREATED
14:02:06.659 [Test worker] DEBUG o.s.w.r.f.c.ExchangeFunctions - [60bffe90] HTTP GET http://localhost:51077/
14:02:06.694 [reactor-http-epoll-4] DEBUG o.s.w.r.f.c.ExchangeFunctions - [60bffe90] Response 201 CREATED
14:02:06.706 [Test worker] DEBUG o.s.w.r.f.c.ExchangeFunctions - [3412116e] HTTP GET http://localhost:34015/
14:02:06.725 [reactor-http-epoll-1] DEBUG o.s.w.r.f.c.ExchangeFunctions - [3412116e] Response 201 CREATED
14:02:06.742 [Test worker] DEBUG o.s.w.r.f.c.ExchangeFunctions - [32328bcf] HTTP GET http://localhost:44891/
14:02:06.771 [reactor-http-epoll-2] DEBUG o.s.w.r.f.c.ExchangeFunctions - [32328bcf] Response 201 CREATED
14:02:06.799 [Test worker] DEBUG o.s.w.r.f.c.ExchangeFunctions - [4e82c58c] HTTP GET http://localhost:52261/
14:02:06.817 [reactor-http-epoll-3] DEBUG o.s.w.r.f.c.ExchangeFunctions - [4e82c58c] Response 201 CREATED
14:02:06.830 [Test worker] DEBUG o.s.w.r.f.c.ExchangeFunctions - [70ea30fa] HTTP GET http://localhost:49627/
14:02:06.840 [reactor-http-epoll-4] DEBUG o.s.w.r.f.c.ExchangeFunctions - [70ea30fa] Response 201 CREATED
14:02:06.862 [Test worker] DEBUG o.s.w.r.f.c.ExchangeFunctions - [3b3680e2] HTTP GET http://localhost:55267/json
14:02:06.875 [reactor-http-epoll-1] DEBUG o.s.w.r.f.c.ExchangeFunctions - [3b3680e2] Response 201 CREATED
14:02:06.898 [Test worker] DEBUG o.s.w.r.f.c.ExchangeFunctions - [49213a34] HTTP GET http://localhost:44791/json
14:02:06.914 [reactor-http-epoll-2] DEBUG o.s.w.r.f.c.ExchangeFunctions - [49213a34] Response 201 CREATED
14:02:06.921 [Test worker] DEBUG o.s.w.r.f.c.ExchangeFunctions - [2185f589] HTTP GET http://localhost:42813/json
14:02:06.941 [reactor-http-epoll-3] DEBUG o.s.w.r.f.c.ExchangeFunctions - [2185f589] Response 201 CREATED
14:02:06.952 [Test worker] DEBUG o.s.w.r.f.c.ExchangeFunctions - [640c0101] HTTP GET http://localhost:52711/json
14:02:06.968 [reactor-http-epoll-4] DEBUG o.s.w.r.f.c.ExchangeFunctions - [640c0101] Response 201 CREATED
14:02:07.042 [Test worker] DEBUG o.s.w.r.f.c.ExchangeFunctions - [1eed8830] HTTP GET http://localhost:50677/json
14:02:07.058 [reactor-http-epoll-1] DEBUG o.s.w.r.f.c.ExchangeFunctions - [1eed8830] Response 201 CREATED
14:02:07.081 [Test worker] DEBUG o.s.w.r.f.c.ExchangeFunctions - [5deff7cf] HTTP GET http://localhost:53375/json
14:02:07.103 [reactor-http-epoll-2] DEBUG o.s.w.r.f.c.ExchangeFunctions - [5deff7cf] Response 201 CREATED
14:02:07.122 [Test worker] DEBUG o.s.w.r.f.c.ExchangeFunctions - [498ddb31] HTTP GET http://localhost:44561/json
14:02:07.137 [reactor-http-epoll-3] DEBUG o.s.w.r.f.c.ExchangeFunctions - [498ddb31] Response 502 BAD_GATEWAY
14:02:07.163 [Test worker] DEBUG o.s.w.r.f.c.ExchangeFunctions - [5f5f6c4e] HTTP GET http://localhost:49179/json
14:02:07.195 [reactor-http-epoll-4] DEBUG o.s.w.r.f.c.ExchangeFunctions - [5f5f6c4e] Response 502 BAD_GATEWAY
14:02:07.214 [Test worker] DEBUG o.s.w.r.f.c.ExchangeFunctions - [4be895c8] HTTP GET http://localhost:59569/json
14:02:07.227 [reactor-http-epoll-1] DEBUG o.s.w.r.f.c.ExchangeFunctions - [4be895c8] Response 502 BAD_GATEWAY
14:02:07.250 [Test worker] DEBUG o.s.w.r.f.c.ExchangeFunctions - [74f6a7b6] HTTP GET http://localhost:36179/json
14:02:07.283 [reactor-http-epoll-2] DEBUG o.s.w.r.f.c.ExchangeFunctions - [74f6a7b6] Response 502 BAD_GATEWAY
14:02:07.310 [Test worker] DEBUG o.s.w.r.f.c.ExchangeFunctions - [4bed97cf] HTTP GET http://localhost:52475/json
14:02:07.337 [reactor-http-epoll-3] DEBUG o.s.w.r.f.c.ExchangeFunctions - [4bed97cf] Response 502 BAD_GATEWAY
14:02:07.350 [Test worker] DEBUG o.s.w.r.f.c.ExchangeFunctions - [26c30257] HTTP GET http://localhost:59447/json
14:02:07.362 [reactor-http-epoll-4] DEBUG o.s.w.r.f.c.ExchangeFunctions - [26c30257] Response 502 BAD_GATEWAY
14:02:07.413 [Test worker] DEBUG o.s.w.r.f.c.ExchangeFunctions - [6595c809] HTTP GET http://localhost:46999/
14:02:07.431 [reactor-http-epoll-1] DEBUG o.s.w.r.f.c.ExchangeFunctions - [6595c809] Response 200 OK
14:02:07.458 [Test worker] DEBUG o.s.w.r.f.c.ExchangeFunctions - [3b410d1f] HTTP GET http://localhost:58301/
14:02:07.495 [reactor-http-epoll-2] DEBUG o.s.w.r.f.c.ExchangeFunctions - [3b410d1f] Response 200 OK
14:02:07.533 [Test worker] DEBUG o.s.w.r.f.c.ExchangeFunctions - [11e74f3c] HTTP GET http://localhost:43271/
14:02:07.568 [reactor-http-epoll-3] DEBUG o.s.w.r.f.c.ExchangeFunctions - [11e74f3c] Response 200 OK
14:02:07.580 [Test worker] DEBUG o.s.w.r.f.c.ExchangeFunctions - [67c1f94] HTTP GET http://localhost:42627/
14:02:07.606 [reactor-http-epoll-4] DEBUG o.s.w.r.f.c.ExchangeFunctions - [67c1f94] Response 200 OK
14:02:07.621 [Test worker] DEBUG o.s.w.r.f.c.ExchangeFunctions - [27632003] HTTP GET http://localhost:60657/
14:02:07.633 [reactor-http-epoll-1] DEBUG o.s.w.r.f.c.ExchangeFunctions - [27632003] Response 200 OK
14:02:07.651 [Test worker] DEBUG o.s.w.r.f.c.ExchangeFunctions - [424e02c6] HTTP GET http://localhost:38767/
14:02:07.672 [reactor-http-epoll-2] DEBUG o.s.w.r.f.c.ExchangeFunctions - [424e02c6] Response 200 OK
14:02:07.694 [Test worker] DEBUG o.s.w.r.f.c.ExchangeFunctions - [257fca24] HTTP GET http://localhost:35137/json
14:02:07.749 [reactor-http-epoll-3] DEBUG o.s.w.r.f.c.ExchangeFunctions - [257fca24] Response 502 BAD_GATEWAY
14:02:07.770 [Test worker] DEBUG o.s.w.r.f.c.ExchangeFunctions - [4909506c] HTTP GET http://localhost:53243/json
14:02:07.787 [reactor-http-epoll-4] DEBUG o.s.w.r.f.c.ExchangeFunctions - [4909506c] Response 502 BAD_GATEWAY
14:02:07.803 [Test worker] DEBUG o.s.w.r.f.c.ExchangeFunctions - [184eb5d6] HTTP GET http://localhost:37401/json
14:02:07.828 [reactor-http-epoll-1] DEBUG o.s.w.r.f.c.ExchangeFunctions - [184eb5d6] Response 502 BAD_GATEWAY
14:02:07.858 [Test worker] DEBUG o.s.w.r.f.c.ExchangeFunctions - [21cbe2f8] HTTP GET http://localhost:45099/json
14:02:07.890 [reactor-http-epoll-2] DEBUG o.s.w.r.f.c.ExchangeFunctions - [21cbe2f8] Response 502 BAD_GATEWAY
14:02:07.914 [Test worker] DEBUG o.s.w.r.f.c.ExchangeFunctions - [542e6558] HTTP GET http://localhost:41663/json
14:02:07.958 [reactor-http-epoll-3] DEBUG o.s.w.r.f.c.ExchangeFunctions - [542e6558] Response 502 BAD_GATEWAY
14:02:07.978 [Test worker] DEBUG o.s.w.r.f.c.ExchangeFunctions - [1a9984d0] HTTP GET http://localhost:34551/json
14:02:08.004 [reactor-http-epoll-4] DEBUG o.s.w.r.f.c.ExchangeFunctions - [1a9984d0] Response 502 BAD_GATEWAY
14:02:08.029 [Test worker] DEBUG o.s.w.r.f.c.ExchangeFunctions - [27b14259] HTTP GET http://localhost:60093/json
14:02:08.037 [reactor-http-epoll-1] DEBUG o.s.w.r.f.c.ExchangeFunctions - [27b14259] Response 502 BAD_GATEWAY
14:02:08.058 [Test worker] DEBUG o.s.w.r.f.c.ExchangeFunctions - [59e4996d] HTTP GET http://localhost:34361/json
14:02:08.076 [reactor-http-epoll-2] DEBUG o.s.w.r.f.c.ExchangeFunctions - [59e4996d] Response 502 BAD_GATEWAY
14:02:08.105 [Test worker] DEBUG o.s.w.r.f.c.ExchangeFunctions - [667f2536] HTTP GET http://localhost:34365/json
14:02:08.125 [reactor-http-epoll-3] DEBUG o.s.w.r.f.c.ExchangeFunctions - [667f2536] Response 502 BAD_GATEWAY
14:02:08.154 [Test worker] DEBUG o.s.w.r.f.c.ExchangeFunctions - [2d287b34] HTTP GET http://localhost:42249/json
14:02:08.175 [reactor-http-epoll-4] DEBUG o.s.w.r.f.c.ExchangeFunctions - [2d287b34] Response 502 BAD_GATEWAY
14:02:08.209 [Test worker] DEBUG o.s.w.r.f.c.ExchangeFunctions - [71ffa032] HTTP GET http://localhost:34315/json
14:02:08.226 [reactor-http-epoll-1] DEBUG o.s.w.r.f.c.ExchangeFunctions - [71ffa032] Response 502 BAD_GATEWAY
14:02:08.258 [Test worker] DEBUG o.s.w.r.f.c.ExchangeFunctions - [1ae20a5d] HTTP GET http://localhost:33075/json
14:02:08.266 [reactor-http-epoll-2] DEBUG o.s.w.r.f.c.ExchangeFunctions - [1ae20a5d] Response 502 BAD_GATEWAY
14:02:08.296 [Test worker] DEBUG o.s.w.r.f.c.ExchangeFunctions - [56980e67] HTTP GET http://localhost:36471/json
14:02:08.330 [reactor-http-epoll-3] DEBUG o.s.w.r.f.c.ExchangeFunctions - [56980e67] Response 502 BAD_GATEWAY
14:02:08.338 [Test worker] DEBUG o.s.w.r.f.c.ExchangeFunctions - [431ef584] HTTP GET http://localhost:39973/json
14:02:08.346 [reactor-http-epoll-4] DEBUG o.s.w.r.f.c.ExchangeFunctions - [431ef584] Response 502 BAD_GATEWAY
14:02:08.366 [Test worker] DEBUG o.s.w.r.f.c.ExchangeFunctions - [50806ba1] HTTP GET http://localhost:57281/json
14:02:08.396 [reactor-http-epoll-1] DEBUG o.s.w.r.f.c.ExchangeFunctions - [50806ba1] Response 502 BAD_GATEWAY
14:02:08.421 [Test worker] DEBUG o.s.w.r.f.c.ExchangeFunctions - [2a5a193e] HTTP GET http://localhost:49349/json
14:02:08.438 [reactor-http-epoll-2] DEBUG o.s.w.r.f.c.ExchangeFunctions - [2a5a193e] Response 502 BAD_GATEWAY
14:02:08.467 [Test worker] DEBUG o.s.w.r.f.c.ExchangeFunctions - [52f378e1] HTTP GET http://localhost:39687/json
14:02:08.490 [reactor-http-epoll-3] DEBUG o.s.w.r.f.c.ExchangeFunctions - [52f378e1] Response 502 BAD_GATEWAY
14:02:08.507 [Test worker] DEBUG o.s.w.r.f.c.ExchangeFunctions - [55d67176] HTTP GET http://localhost:42463/json
14:02:08.531 [reactor-http-epoll-4] DEBUG o.s.w.r.f.c.ExchangeFunctions - [55d67176] Response 502 BAD_GATEWAY
]]></system-out>
  <system-err><![CDATA[]]></system-err>
</testsuite>
