<?xml version="1.0" encoding="UTF-8"?>
<testsuite name="org.springframework.web.reactive.config.DelegatingWebFluxConfigurationTests" tests="5" skipped="0" failures="0" errors="0" timestamp="2021-06-20T08:12:47" hostname="gankangdembp" time="0.468">
  <properties/>
  <testcase name="requestMappingHandlerAdapter()" classname="org.springframework.web.reactive.config.DelegatingWebFluxConfigurationTests" time="0.411"/>
  <testcase name="responseBodyResultHandler()" classname="org.springframework.web.reactive.config.DelegatingWebFluxConfigurationTests" time="0.02"/>
  <testcase name="viewResolutionResultHandler()" classname="org.springframework.web.reactive.config.DelegatingWebFluxConfigurationTests" time="0.002"/>
  <testcase name="requestMappingHandlerMapping()" classname="org.springframework.web.reactive.config.DelegatingWebFluxConfigurationTests" time="0.005"/>
  <testcase name="resourceHandlerMapping()" classname="org.springframework.web.reactive.config.DelegatingWebFluxConfigurationTests" time="0.027"/>
  <system-out><![CDATA[]]></system-out>
  <system-err><![CDATA[]]></system-err>
</testsuite>
