<?xml version="1.0" encoding="UTF-8"?>
<testsuite name="org.springframework.web.reactive.config.DelegatingWebFluxConfigurationIntegrationTests" tests="15" skipped="0" failures="0" errors="0" timestamp="2021-06-20T08:12:17" hostname="gankangdembp" time="3.529">
  <properties/>
  <testcase name="responseEntityResultHandlerWithPrimaryUsesQualifiedRequestedContentTypeResolver()" classname="org.springframework.web.reactive.config.DelegatingWebFluxConfigurationIntegrationTests" time="0.332"/>
  <testcase name="responseBodyResultHandlerUsesWebFluxInfrastructureByDefault()" classname="org.springframework.web.reactive.config.DelegatingWebFluxConfigurationIntegrationTests" time="0.243"/>
  <testcase name="viewResolutionResultHandlerWithPrimaryUsesQualifiedReactiveAdapterRegistry()" classname="org.springframework.web.reactive.config.DelegatingWebFluxConfigurationIntegrationTests" time="0.384"/>
  <testcase name="responseBodyResultHandlerWithPrimaryUsesQualifiedRequestedContentTypeResolver()" classname="org.springframework.web.reactive.config.DelegatingWebFluxConfigurationIntegrationTests" time="0.161"/>
  <testcase name="responseEntityResultHandlerWithPrimaryUsesQualifiedReactiveAdapterRegistry()" classname="org.springframework.web.reactive.config.DelegatingWebFluxConfigurationIntegrationTests" time="0.209"/>
  <testcase name="viewResolutionResultHandlerUsesWebFluxInfrastructureByDefault()" classname="org.springframework.web.reactive.config.DelegatingWebFluxConfigurationIntegrationTests" time="0.183"/>
  <testcase name="requestMappingHandlerAdapterWithPrimaryUsesQualifiedReactiveAdapterRegistry()" classname="org.springframework.web.reactive.config.DelegatingWebFluxConfigurationIntegrationTests" time="0.128"/>
  <testcase name="responseEntityResultHandlerUsesWebFluxInfrastructureByDefault()" classname="org.springframework.web.reactive.config.DelegatingWebFluxConfigurationIntegrationTests" time="0.164"/>
  <testcase name="requestMappingHandlerAdapterUsesWebFluxInfrastructureByDefault()" classname="org.springframework.web.reactive.config.DelegatingWebFluxConfigurationIntegrationTests" time="0.216"/>
  <testcase name="requestMappingHandlerAdapterWithPrimaryUsesQualifiedValidator()" classname="org.springframework.web.reactive.config.DelegatingWebFluxConfigurationIntegrationTests" time="0.25"/>
  <testcase name="requestMappingHandlerMappingUsesWebFluxInfrastructureByDefault()" classname="org.springframework.web.reactive.config.DelegatingWebFluxConfigurationIntegrationTests" time="0.18"/>
  <testcase name="requestMappingHandlerAdapterWithPrimaryUsesQualifiedConversionService()" classname="org.springframework.web.reactive.config.DelegatingWebFluxConfigurationIntegrationTests" time="0.651"/>
  <testcase name="requestMappingHandlerMappingWithPrimaryUsesQualifiedRequestedContentTypeResolver()" classname="org.springframework.web.reactive.config.DelegatingWebFluxConfigurationIntegrationTests" time="0.149"/>
  <testcase name="viewResolutionResultHandlerWithPrimaryUsesQualifiedRequestedContentTypeResolver()" classname="org.springframework.web.reactive.config.DelegatingWebFluxConfigurationIntegrationTests" time="0.147"/>
  <testcase name="responseBodyResultHandlerWithPrimaryUsesQualifiedReactiveAdapterRegistry()" classname="org.springframework.web.reactive.config.DelegatingWebFluxConfigurationIntegrationTests" time="0.124"/>
  <system-out><![CDATA[16:12:17.398 [Test worker] DEBUG o.s.w.r.r.m.a.ControllerMethodResolver - ControllerAdvice beans: none
16:12:17.643 [Test worker] DEBUG o.s.w.r.r.m.a.ControllerMethodResolver - ControllerAdvice beans: none
16:12:18.057 [Test worker] DEBUG o.s.w.r.r.m.a.ControllerMethodResolver - ControllerAdvice beans: none
16:12:18.209 [Test worker] DEBUG o.s.w.r.r.m.a.ControllerMethodResolver - ControllerAdvice beans: none
16:12:18.423 [Test worker] DEBUG o.s.w.r.r.m.a.ControllerMethodResolver - ControllerAdvice beans: none
16:12:18.580 [Test worker] DEBUG o.s.w.r.r.m.a.ControllerMethodResolver - ControllerAdvice beans: none
16:12:18.733 [Test worker] DEBUG o.s.w.r.r.m.a.ControllerMethodResolver - ControllerAdvice beans: none
16:12:18.910 [Test worker] DEBUG o.s.w.r.r.m.a.ControllerMethodResolver - ControllerAdvice beans: none
16:12:19.066 [Test worker] DEBUG o.s.w.r.r.m.a.ControllerMethodResolver - ControllerAdvice beans: none
16:12:19.360 [Test worker] DEBUG o.s.w.r.r.m.a.ControllerMethodResolver - ControllerAdvice beans: none
16:12:19.531 [Test worker] DEBUG o.s.w.r.r.m.a.ControllerMethodResolver - ControllerAdvice beans: none
16:12:20.168 [Test worker] DEBUG o.s.w.r.r.m.a.ControllerMethodResolver - ControllerAdvice beans: none
16:12:20.338 [Test worker] DEBUG o.s.w.r.r.m.a.ControllerMethodResolver - ControllerAdvice beans: none
16:12:20.487 [Test worker] DEBUG o.s.w.r.r.m.a.ControllerMethodResolver - ControllerAdvice beans: none
16:12:20.623 [Test worker] DEBUG o.s.w.r.r.m.a.ControllerMethodResolver - ControllerAdvice beans: none
]]></system-out>
  <system-err><![CDATA[]]></system-err>
</testsuite>
