<?xml version="1.0" encoding="UTF-8"?>
<testsuite name="org.springframework.web.reactive.result.method.annotation.CookieValueMethodArgumentResolverTests" tests="6" skipped="0" failures="0" errors="0" timestamp="2021-06-20T08:11:52" hostname="gankangdembp" time="0.203">
  <properties/>
  <testcase name="resolveCookieArgument()" classname="org.springframework.web.reactive.result.method.annotation.CookieValueMethodArgumentResolverTests" time="0.097"/>
  <testcase name="resolveCookieDefaultValue()" classname="org.springframework.web.reactive.result.method.annotation.CookieValueMethodArgumentResolverTests" time="0.027"/>
  <testcase name="resolveCookieStringArgument()" classname="org.springframework.web.reactive.result.method.annotation.CookieValueMethodArgumentResolverTests" time="0.026"/>
  <testcase name="notFound()" classname="org.springframework.web.reactive.result.method.annotation.CookieValueMethodArgumentResolverTests" time="0.006"/>
  <testcase name="doesNotSupportParameter()" classname="org.springframework.web.reactive.result.method.annotation.CookieValueMethodArgumentResolverTests" time="0.021"/>
  <testcase name="supportsParameter()" classname="org.springframework.web.reactive.result.method.annotation.CookieValueMethodArgumentResolverTests" time="0.023"/>
  <system-out><![CDATA[]]></system-out>
  <system-err><![CDATA[]]></system-err>
</testsuite>
