<?xml version="1.0" encoding="UTF-8"?>
<testsuite name="org.springframework.web.reactive.resource.WebJarsResourceResolverTests" tests="7" skipped="0" failures="0" errors="0" timestamp="2021-06-20T08:12:14" hostname="gankangdembp" time="2.289">
  <properties/>
  <testcase name="resolveResourceWebJar()" classname="org.springframework.web.reactive.resource.WebJarsResourceResolverTests" time="0.343"/>
  <testcase name="resolveUrlExistingNotInJarFile()" classname="org.springframework.web.reactive.resource.WebJarsResourceResolverTests" time="0.254"/>
  <testcase name="resolveUrlWebJarResource()" classname="org.springframework.web.reactive.resource.WebJarsResourceResolverTests" time="0.359"/>
  <testcase name="resolveResourceNotFound()" classname="org.springframework.web.reactive.resource.WebJarsResourceResolverTests" time="0.245"/>
  <testcase name="resolveUrlExisting()" classname="org.springframework.web.reactive.resource.WebJarsResourceResolverTests" time="0.581"/>
  <testcase name="resolveUrlWebJarResourceNotFound()" classname="org.springframework.web.reactive.resource.WebJarsResourceResolverTests" time="0.242"/>
  <testcase name="resolveResourceExisting()" classname="org.springframework.web.reactive.resource.WebJarsResourceResolverTests" time="0.263"/>
  <system-out><![CDATA[]]></system-out>
  <system-err><![CDATA[]]></system-err>
</testsuite>
