<?xml version="1.0" encoding="UTF-8"?>
<testsuite name="org.springframework.web.reactive.resource.WebJarsResourceResolverTests" tests="7" skipped="0" failures="0" errors="0" timestamp="2020-05-29T14:02:24" hostname="bamboo-18" time="4.323">
  <properties/>
  <testcase name="resolveResourceWebJar()" classname="org.springframework.web.reactive.resource.WebJarsResourceResolverTests" time="0.866"/>
  <testcase name="resolveUrlExistingNotInJarFile()" classname="org.springframework.web.reactive.resource.WebJarsResourceResolverTests" time="0.547"/>
  <testcase name="resolveUrlWebJarResource()" classname="org.springframework.web.reactive.resource.WebJarsResourceResolverTests" time="0.613"/>
  <testcase name="resolveResourceNotFound()" classname="org.springframework.web.reactive.resource.WebJarsResourceResolverTests" time="0.527"/>
  <testcase name="resolveUrlExisting()" classname="org.springframework.web.reactive.resource.WebJarsResourceResolverTests" time="0.812"/>
  <testcase name="resolveUrlWebJarResourceNotFound()" classname="org.springframework.web.reactive.resource.WebJarsResourceResolverTests" time="0.562"/>
  <testcase name="resolveResourceExisting()" classname="org.springframework.web.reactive.resource.WebJarsResourceResolverTests" time="0.395"/>
  <system-out><![CDATA[]]></system-out>
  <system-err><![CDATA[]]></system-err>
</testsuite>
