<?xml version="1.0" encoding="UTF-8"?>
<testsuite name="org.springframework.web.reactive.result.KotlinInvocableHandlerMethodTests" tests="6" skipped="0" failures="0" errors="0" timestamp="2021-06-20T08:12:17" hostname="gankangdembp" time="10.203">
  <properties/>
  <testcase name="resolveArg()" classname="org.springframework.web.reactive.result.KotlinInvocableHandlerMethodTests" time="9.771"/>
  <testcase name="voidMethodWithResponseArg()" classname="org.springframework.web.reactive.result.KotlinInvocableHandlerMethodTests" time="0.106"/>
  <testcase name="resolveNoArgs()" classname="org.springframework.web.reactive.result.KotlinInvocableHandlerMethodTests" time="0.068"/>
  <testcase name="invocationTargetException()" classname="org.springframework.web.reactive.result.KotlinInvocableHandlerMethodTests" time="0.015"/>
  <testcase name="resolveNoArg()" classname="org.springframework.web.reactive.result.KotlinInvocableHandlerMethodTests" time="0.079"/>
  <testcase name="responseStatusAnnotation()" classname="org.springframework.web.reactive.result.KotlinInvocableHandlerMethodTests" time="0.09"/>
  <system-out><![CDATA[]]></system-out>
  <system-err><![CDATA[]]></system-err>
</testsuite>
