<?xml version="1.0" encoding="UTF-8"?>
<testsuite name="org.springframework.web.reactive.resource.PathResourceResolverTests" tests="9" skipped="0" failures="0" errors="0" timestamp="2020-05-29T14:00:38" hostname="bamboo-18" time="0.016">
  <properties/>
  <testcase name="checkFileLocation()" classname="org.springframework.web.reactive.resource.PathResourceResolverTests" time="0.0"/>
  <testcase name="ignoreInvalidEscapeSequence()" classname="org.springframework.web.reactive.resource.PathResourceResolverTests" time="0.001"/>
  <testcase name="checkResourceWithAllowedLocations()" classname="org.springframework.web.reactive.resource.PathResourceResolverTests" time="0.0"/>
  <testcase name="resolveFromClasspathRoot()" classname="org.springframework.web.reactive.resource.PathResourceResolverTests" time="0.001"/>
  <testcase name="resolveFromClasspath()" classname="org.springframework.web.reactive.resource.PathResourceResolverTests" time="0.0"/>
  <testcase name="resolvePathRootResource()" classname="org.springframework.web.reactive.resource.PathResourceResolverTests" time="0.0"/>
  <testcase name="checkRelativeLocation()" classname="org.springframework.web.reactive.resource.PathResourceResolverTests" time="0.001"/>
  <testcase name="resolveWithEncodedPath()" classname="org.springframework.web.reactive.resource.PathResourceResolverTests" time="0.002"/>
  <testcase name="checkResource()" classname="org.springframework.web.reactive.resource.PathResourceResolverTests" time="0.01"/>
  <system-out><![CDATA[14:00:38.204 [Test worker] WARN  o.s.w.r.r.PathResourceResolver - Resource path "../testsecret/secret.txt" was successfully resolved but resource "file:/opt/bamboo-home/xml-data/build-dir/SPR-PUBM1-JOB1/spring-webflux/build/resources/test/org/springframework/web/reactive/resource/testsecret/secret.txt" is neither under the current location "file:/opt/bamboo-home/xml-data/build-dir/SPR-PUBM1-JOB1/spring-webflux/build/resources/test/org/springframework/web/reactive/resource/test/" nor under any of the allowed locations []
14:00:38.211 [Test worker] WARN  o.s.w.r.r.PathResourceResolver - Resource path "test/../../testsecret/secret.txt" was successfully resolved but resource "file:/opt/bamboo-home/xml-data/build-dir/SPR-PUBM1-JOB1/spring-webflux/build/resources/test/org/springframework/web/reactive/resource/testsecret/secret.txt" is neither under the current location "file:/opt/bamboo-home/xml-data/build-dir/SPR-PUBM1-JOB1/spring-webflux/build/resources/test/org/springframework/web/reactive/resource/test/" nor under any of the allowed locations []
14:00:38.212 [Test worker] WARN  o.s.w.r.r.PathResourceResolver - Resource path "file:/opt/bamboo-home/xml-data/build-dir/SPR-PUBM1-JOB1/spring-webflux/build/resources/test/org/springframework/web/reactive/resource/testsecret/secret.txt" was successfully resolved but resource "file:/opt/bamboo-home/xml-data/build-dir/SPR-PUBM1-JOB1/spring-webflux/build/resources/test/org/springframework/web/reactive/resource/testsecret/secret.txt" is neither under the current location "file:/opt/bamboo-home/xml-data/build-dir/SPR-PUBM1-JOB1/spring-webflux/build/resources/test/org/springframework/web/reactive/resource/test/" nor under any of the allowed locations []
14:00:38.213 [Test worker] WARN  o.s.w.r.r.PathResourceResolver - Resource path "/file:/opt/bamboo-home/xml-data/build-dir/SPR-PUBM1-JOB1/spring-webflux/build/resources/test/org/springframework/web/reactive/resource/testsecret/secret.txt" was successfully resolved but resource "file:/opt/bamboo-home/xml-data/build-dir/SPR-PUBM1-JOB1/spring-webflux/build/resources/test/org/springframework/web/reactive/resource/testsecret/secret.txt" is neither under the current location "file:/opt/bamboo-home/xml-data/build-dir/SPR-PUBM1-JOB1/spring-webflux/build/resources/test/org/springframework/web/reactive/resource/test/" nor under any of the allowed locations []
14:00:38.213 [Test worker] WARN  o.s.w.r.r.PathResourceResolver - Resource path "//opt/bamboo-home/xml-data/build-dir/SPR-PUBM1-JOB1/spring-webflux/build/resources/test/org/springframework/web/reactive/resource/testsecret/secret.txt" was successfully resolved but resource "file:/opt/bamboo-home/xml-data/build-dir/SPR-PUBM1-JOB1/spring-webflux/build/resources/test/org/springframework/web/reactive/resource/testsecret/secret.txt" is neither under the current location "file:/opt/bamboo-home/xml-data/build-dir/SPR-PUBM1-JOB1/spring-webflux/build/resources/test/org/springframework/web/reactive/resource/test/" nor under any of the allowed locations []
14:00:38.213 [Test worker] WARN  o.s.w.r.r.PathResourceResolver - Resource path "////../../opt/bamboo-home/xml-data/build-dir/SPR-PUBM1-JOB1/spring-webflux/build/resources/test/org/springframework/web/reactive/resource/testsecret/secret.txt" was successfully resolved but resource "file:/../../opt/bamboo-home/xml-data/build-dir/SPR-PUBM1-JOB1/spring-webflux/build/resources/test/org/springframework/web/reactive/resource/testsecret/secret.txt" is neither under the current location "file:/opt/bamboo-home/xml-data/build-dir/SPR-PUBM1-JOB1/spring-webflux/build/resources/test/org/springframework/web/reactive/resource/test/" nor under any of the allowed locations []
14:00:38.213 [Test worker] WARN  o.s.w.r.r.PathResourceResolver - Resolved resource path contains encoded "../" or "..\": file:/opt/bamboo-home/xml-data/build-dir/SPR-PUBM1-JOB1/spring-webflux/build/resources/test/org/springframework/web/reactive/resource/test/%2E%2E/testsecret/secret.txt
14:00:38.213 [Test worker] WARN  o.s.w.r.r.PathResourceResolver - Resource path "/%2E%2E/testsecret/secret.txt" was successfully resolved but resource "file:/opt/bamboo-home/xml-data/build-dir/SPR-PUBM1-JOB1/spring-webflux/build/resources/test/org/springframework/web/reactive/resource/test/%2E%2E/testsecret/secret.txt" is neither under the current location "file:/opt/bamboo-home/xml-data/build-dir/SPR-PUBM1-JOB1/spring-webflux/build/resources/test/org/springframework/web/reactive/resource/test/" nor under any of the allowed locations []
14:00:38.213 [Test worker] WARN  o.s.w.r.r.PathResourceResolver - Resolved resource path contains encoded "../" or "..\": file:/opt/bamboo-home/xml-data/build-dir/SPR-PUBM1-JOB1/spring-webflux/build/resources/test/org/springframework/web/reactive/resource/test/%2e%2e/testsecret/secret.txt
14:00:38.213 [Test worker] WARN  o.s.w.r.r.PathResourceResolver - Resource path "/%2e%2e/testsecret/secret.txt" was successfully resolved but resource "file:/opt/bamboo-home/xml-data/build-dir/SPR-PUBM1-JOB1/spring-webflux/build/resources/test/org/springframework/web/reactive/resource/test/%2e%2e/testsecret/secret.txt" is neither under the current location "file:/opt/bamboo-home/xml-data/build-dir/SPR-PUBM1-JOB1/spring-webflux/build/resources/test/org/springframework/web/reactive/resource/test/" nor under any of the allowed locations []
14:00:38.213 [Test worker] WARN  o.s.w.r.r.PathResourceResolver - Resource path " /opt/bamboo-home/xml-data/build-dir/SPR-PUBM1-JOB1/spring-webflux/build/resources/test/org/springframework/web/reactive/resource/testsecret/secret.txt" was successfully resolved but resource "file:/opt/bamboo-home/xml-data/build-dir/SPR-PUBM1-JOB1/spring-webflux/build/resources/test/org/springframework/web/reactive/resource/testsecret/secret.txt" is neither under the current location "file:/opt/bamboo-home/xml-data/build-dir/SPR-PUBM1-JOB1/spring-webflux/build/resources/test/org/springframework/web/reactive/resource/test/" nor under any of the allowed locations []
14:00:38.213 [Test worker] WARN  o.s.w.r.r.PathResourceResolver - Resource path "/  /opt/bamboo-home/xml-data/build-dir/SPR-PUBM1-JOB1/spring-webflux/build/resources/test/org/springframework/web/reactive/resource/testsecret/secret.txt" was successfully resolved but resource "file:/opt/bamboo-home/xml-data/build-dir/SPR-PUBM1-JOB1/spring-webflux/build/resources/test/org/springframework/web/reactive/resource/testsecret/secret.txt" is neither under the current location "file:/opt/bamboo-home/xml-data/build-dir/SPR-PUBM1-JOB1/spring-webflux/build/resources/test/org/springframework/web/reactive/resource/test/" nor under any of the allowed locations []
14:00:38.214 [Test worker] WARN  o.s.w.r.r.PathResourceResolver - Resource path "url:/opt/bamboo-home/xml-data/build-dir/SPR-PUBM1-JOB1/spring-webflux/build/resources/test/org/springframework/web/reactive/resource/testsecret/secret.txt" was successfully resolved but resource "file:/opt/bamboo-home/xml-data/build-dir/SPR-PUBM1-JOB1/spring-webflux/build/resources/test/org/springframework/web/reactive/resource/testsecret/secret.txt" is neither under the current location "file:/opt/bamboo-home/xml-data/build-dir/SPR-PUBM1-JOB1/spring-webflux/build/resources/test/org/springframework/web/reactive/resource/test/" nor under any of the allowed locations []
]]></system-out>
  <system-err><![CDATA[]]></system-err>
</testsuite>
