<?xml version="1.0" encoding="UTF-8"?>
<testsuite name="org.springframework.web.reactive.resource.ContentBasedVersionStrategyTests" tests="4" skipped="0" failures="0" errors="0" timestamp="2021-06-20T08:12:16" hostname="gankangdembp" time="0.006">
  <properties/>
  <testcase name="getResourceVersion()" classname="org.springframework.web.reactive.resource.ContentBasedVersionStrategyTests" time="0.004"/>
  <testcase name="extractVersion()" classname="org.springframework.web.reactive.resource.ContentBasedVersionStrategyTests" time="0.0"/>
  <testcase name="removeVersion()" classname="org.springframework.web.reactive.resource.ContentBasedVersionStrategyTests" time="0.001"/>
  <testcase name="addVersionToUrl()" classname="org.springframework.web.reactive.resource.ContentBasedVersionStrategyTests" time="0.0"/>
  <system-out><![CDATA[]]></system-out>
  <system-err><![CDATA[]]></system-err>
</testsuite>
