<?xml version="1.0" encoding="UTF-8"?>
<testsuite name="org.springframework.web.reactive.resource.CssLinkResourceTransformerTests" tests="6" skipped="0" failures="0" errors="0" timestamp="2021-06-20T08:12:52" hostname="gankangdembp" time="0.162">
  <properties/>
  <testcase name="transformSkippedForNonCssResource()" classname="org.springframework.web.reactive.resource.CssLinkResourceTransformerTests" time="0.012"/>
  <testcase name="transformEmptyUrlFunction()" classname="org.springframework.web.reactive.resource.CssLinkResourceTransformerTests" time="0.017"/>
  <testcase name="transformSkippedForGzippedResource(GzippedFiles)" classname="org.springframework.web.reactive.resource.CssLinkResourceTransformerTests" time="0.017"/>
  <testcase name="transformNoLinks()" classname="org.springframework.web.reactive.resource.CssLinkResourceTransformerTests" time="0.009"/>
  <testcase name="transformExtLinksNotAllowed()" classname="org.springframework.web.reactive.resource.CssLinkResourceTransformerTests" time="0.062"/>
  <testcase name="transform()" classname="org.springframework.web.reactive.resource.CssLinkResourceTransformerTests" time="0.044"/>
  <system-out><![CDATA[]]></system-out>
  <system-err><![CDATA[]]></system-err>
</testsuite>
