<?xml version="1.0" encoding="UTF-8"?>
<testsuite name="org.springframework.web.reactive.result.method.annotation.HttpEntityMethodArgumentResolverTests" tests="20" skipped="0" failures="0" errors="0" timestamp="2021-06-20T08:11:36" hostname="gankangdembp" time="0.394">
  <properties/>
  <testcase name="supports()" classname="org.springframework.web.reactive.result.method.annotation.HttpEntityMethodArgumentResolverTests" time="0.058"/>
  <testcase name="httpEntityWithMonoBody()" classname="org.springframework.web.reactive.result.method.annotation.HttpEntityMethodArgumentResolverTests" time="0.017"/>
  <testcase name="httpEntityWithRxJava2SingleBody()" classname="org.springframework.web.reactive.result.method.annotation.HttpEntityMethodArgumentResolverTests" time="0.008"/>
  <testcase name="emptyBodyWithRxJava2Maybe()" classname="org.springframework.web.reactive.result.method.annotation.HttpEntityMethodArgumentResolverTests" time="0.003"/>
  <testcase name="httpEntityWithStringBody()" classname="org.springframework.web.reactive.result.method.annotation.HttpEntityMethodArgumentResolverTests" time="0.001"/>
  <testcase name="emptyBodyWithSingle()" classname="org.springframework.web.reactive.result.method.annotation.HttpEntityMethodArgumentResolverTests" time="0.007"/>
  <testcase name="emptyBodyWithString()" classname="org.springframework.web.reactive.result.method.annotation.HttpEntityMethodArgumentResolverTests" time="0.002"/>
  <testcase name="emptyBodyWithRxJava2Observable()" classname="org.springframework.web.reactive.result.method.annotation.HttpEntityMethodArgumentResolverTests" time="0.013"/>
  <testcase name="emptyBodyWithCompletableFuture()" classname="org.springframework.web.reactive.result.method.annotation.HttpEntityMethodArgumentResolverTests" time="0.11"/>
  <testcase name="emptyBodyWithFlowable()" classname="org.springframework.web.reactive.result.method.annotation.HttpEntityMethodArgumentResolverTests" time="0.002"/>
  <testcase name="emptyBodyWithRxJava2Single()" classname="org.springframework.web.reactive.result.method.annotation.HttpEntityMethodArgumentResolverTests" time="0.003"/>
  <testcase name="emptyBodyWithFlux()" classname="org.springframework.web.reactive.result.method.annotation.HttpEntityMethodArgumentResolverTests" time="0.039"/>
  <testcase name="emptyBodyWithMono()" classname="org.springframework.web.reactive.result.method.annotation.HttpEntityMethodArgumentResolverTests" time="0.007"/>
  <testcase name="httpEntityWithFluxBody()" classname="org.springframework.web.reactive.result.method.annotation.HttpEntityMethodArgumentResolverTests" time="0.011"/>
  <testcase name="requestEntity()" classname="org.springframework.web.reactive.result.method.annotation.HttpEntityMethodArgumentResolverTests" time="0.02"/>
  <testcase name="httpEntityWithRxJava2MaybeBody()" classname="org.springframework.web.reactive.result.method.annotation.HttpEntityMethodArgumentResolverTests" time="0.002"/>
  <testcase name="doesNotSupport()" classname="org.springframework.web.reactive.result.method.annotation.HttpEntityMethodArgumentResolverTests" time="0.002"/>
  <testcase name="httpEntityWithSingleBody()" classname="org.springframework.web.reactive.result.method.annotation.HttpEntityMethodArgumentResolverTests" time="0.002"/>
  <testcase name="httpEntityWithCompletableFutureBody()" classname="org.springframework.web.reactive.result.method.annotation.HttpEntityMethodArgumentResolverTests" time="0.002"/>
  <testcase name="emptyBodyWithObservable()" classname="org.springframework.web.reactive.result.method.annotation.HttpEntityMethodArgumentResolverTests" time="0.068"/>
  <system-out><![CDATA[16:11:36.175 [Test worker] DEBUG o.s.w.r.r.m.a.HttpEntityMethodArgumentResolver - [7c440c96] Content-Type:text/plain
16:11:36.175 [Test worker] DEBUG o.s.w.r.r.m.a.HttpEntityMethodArgumentResolver - [7c440c96] 0..1 [java.lang.String]
16:11:36.190 [Test worker] DEBUG o.s.c.c.StringDecoder - [7c440c96] Decoded "line1"
16:11:36.193 [Test worker] DEBUG o.s.w.r.r.m.a.HttpEntityMethodArgumentResolver - [14370b7f] Content-Type:text/plain
16:11:36.193 [Test worker] DEBUG o.s.w.r.r.m.a.HttpEntityMethodArgumentResolver - [14370b7f] 0..1 [java.lang.String]
16:11:36.199 [Test worker] DEBUG o.s.c.c.StringDecoder - [14370b7f] Decoded "line1"
16:11:36.201 [Test worker] DEBUG o.s.w.r.r.m.a.HttpEntityMethodArgumentResolver - [1e1bd354] No Content-Type, using application/octet-stream
16:11:36.201 [Test worker] DEBUG o.s.w.r.r.m.a.HttpEntityMethodArgumentResolver - [1e1bd354] 0..1 [java.lang.String]
16:11:36.204 [Test worker] DEBUG o.s.w.r.r.m.a.HttpEntityMethodArgumentResolver - [2540043e] Content-Type:text/plain
16:11:36.205 [Test worker] DEBUG o.s.w.r.r.m.a.HttpEntityMethodArgumentResolver - [2540043e] 0..1 [java.lang.String]
16:11:36.205 [Test worker] DEBUG o.s.c.c.StringDecoder - [2540043e] Decoded "line1"
16:11:36.207 [Test worker] DEBUG o.s.w.r.r.m.a.HttpEntityMethodArgumentResolver - [6501f2b1] No Content-Type, using application/octet-stream
16:11:36.207 [Test worker] DEBUG o.s.w.r.r.m.a.HttpEntityMethodArgumentResolver - [6501f2b1] 0..1 [java.lang.String]
16:11:36.215 [Test worker] DEBUG o.s.w.r.r.m.a.HttpEntityMethodArgumentResolver - [2a2c1f2b] No Content-Type, using application/octet-stream
16:11:36.215 [Test worker] DEBUG o.s.w.r.r.m.a.HttpEntityMethodArgumentResolver - [2a2c1f2b] 0..1 [java.lang.String]
16:11:36.217 [Test worker] DEBUG o.s.w.r.r.m.a.HttpEntityMethodArgumentResolver - [106e604e] No Content-Type, using application/octet-stream
16:11:36.217 [Test worker] DEBUG o.s.w.r.r.m.a.HttpEntityMethodArgumentResolver - [106e604e] 0..N [java.lang.String]
16:11:36.337 [Test worker] DEBUG o.s.w.r.r.m.a.HttpEntityMethodArgumentResolver - [7acb1bcb] No Content-Type, using application/octet-stream
16:11:36.337 [Test worker] DEBUG o.s.w.r.r.m.a.HttpEntityMethodArgumentResolver - [7acb1bcb] 0..1 [java.lang.String]
16:11:36.342 [Test worker] DEBUG o.s.w.r.r.m.a.HttpEntityMethodArgumentResolver - [22dfd714] No Content-Type, using application/octet-stream
16:11:36.342 [Test worker] DEBUG o.s.w.r.r.m.a.HttpEntityMethodArgumentResolver - [22dfd714] 0..N [java.lang.String]
16:11:36.345 [Test worker] DEBUG o.s.w.r.r.m.a.HttpEntityMethodArgumentResolver - [56361381] No Content-Type, using application/octet-stream
16:11:36.346 [Test worker] DEBUG o.s.w.r.r.m.a.HttpEntityMethodArgumentResolver - [56361381] 0..1 [java.lang.String]
16:11:36.348 [Test worker] DEBUG o.s.w.r.r.m.a.HttpEntityMethodArgumentResolver - [10fa2831] No Content-Type, using application/octet-stream
16:11:36.348 [Test worker] DEBUG o.s.w.r.r.m.a.HttpEntityMethodArgumentResolver - [10fa2831] 0..N [java.lang.String]
16:11:36.395 [Test worker] DEBUG o.s.w.r.r.m.a.HttpEntityMethodArgumentResolver - [545ac736] No Content-Type, using application/octet-stream
16:11:36.395 [Test worker] DEBUG o.s.w.r.r.m.a.HttpEntityMethodArgumentResolver - [545ac736] 0..1 [java.lang.String]
16:11:36.405 [Test worker] DEBUG o.s.w.r.r.m.a.HttpEntityMethodArgumentResolver - [861ddde] Content-Type:text/plain
16:11:36.405 [Test worker] DEBUG o.s.w.r.r.m.a.HttpEntityMethodArgumentResolver - [861ddde] 0..N [java.lang.String]
16:11:36.407 [Test worker] DEBUG o.s.c.c.StringDecoder - [861ddde] Decoded "line1"
16:11:36.407 [Test worker] DEBUG o.s.c.c.StringDecoder - [861ddde] Decoded "line2"
16:11:36.407 [Test worker] DEBUG o.s.c.c.StringDecoder - [861ddde] Decoded "line3"
16:11:36.409 [Test worker] DEBUG o.s.w.r.r.m.a.HttpEntityMethodArgumentResolver - [6e2d6d48] Content-Type:text/plain
16:11:36.409 [Test worker] DEBUG o.s.w.r.r.m.a.HttpEntityMethodArgumentResolver - [6e2d6d48] 0..1 [java.lang.String]
16:11:36.425 [Test worker] DEBUG o.s.c.c.StringDecoder - [6e2d6d48] Decoded "line1"
16:11:36.430 [Test worker] DEBUG o.s.w.r.r.m.a.HttpEntityMethodArgumentResolver - [2e7da2e0] Content-Type:text/plain
16:11:36.430 [Test worker] DEBUG o.s.w.r.r.m.a.HttpEntityMethodArgumentResolver - [2e7da2e0] 0..1 [java.lang.String]
16:11:36.431 [Test worker] DEBUG o.s.c.c.StringDecoder - [2e7da2e0] Decoded "line1"
16:11:36.435 [Test worker] DEBUG o.s.w.r.r.m.a.HttpEntityMethodArgumentResolver - [241b9511] Content-Type:text/plain
16:11:36.436 [Test worker] DEBUG o.s.w.r.r.m.a.HttpEntityMethodArgumentResolver - [241b9511] 0..1 [java.lang.String]
16:11:36.436 [Test worker] DEBUG o.s.c.c.StringDecoder - [241b9511] Decoded "line1"
16:11:36.438 [Test worker] DEBUG o.s.w.r.r.m.a.HttpEntityMethodArgumentResolver - [711e1c3d] Content-Type:text/plain
16:11:36.438 [Test worker] DEBUG o.s.w.r.r.m.a.HttpEntityMethodArgumentResolver - [711e1c3d] 0..1 [java.lang.String]
16:11:36.438 [Test worker] DEBUG o.s.c.c.StringDecoder - [711e1c3d] Decoded "line1"
16:11:36.472 [Test worker] DEBUG o.s.w.r.r.m.a.HttpEntityMethodArgumentResolver - [3237ca5c] No Content-Type, using application/octet-stream
16:11:36.472 [Test worker] DEBUG o.s.w.r.r.m.a.HttpEntityMethodArgumentResolver - [3237ca5c] 0..N [java.lang.String]
]]></system-out>
  <system-err><![CDATA[]]></system-err>
</testsuite>
