<?xml version="1.0" encoding="UTF-8"?>
<testsuite name="org.springframework.web.reactive.result.condition.RequestMappingInfoTests" tests="12" skipped="1" failures="0" errors="0" timestamp="2020-05-29T14:00:31" hostname="bamboo-18" time="0.033">
  <properties/>
  <testcase name="preFlightRequest()" classname="org.springframework.web.reactive.result.condition.RequestMappingInfoTests" time="0.0">
    <skipped/>
  </testcase>
  <testcase name="throwWhenInvalidPattern()" classname="org.springframework.web.reactive.result.condition.RequestMappingInfoTests" time="0.001"/>
  <testcase name="matchParamsCondition()" classname="org.springframework.web.reactive.result.condition.RequestMappingInfoTests" time="0.0"/>
  <testcase name="matchPatternsCondition()" classname="org.springframework.web.reactive.result.condition.RequestMappingInfoTests" time="0.004"/>
  <testcase name="matchCustomCondition()" classname="org.springframework.web.reactive.result.condition.RequestMappingInfoTests" time="0.001"/>
  <testcase name="equals()" classname="org.springframework.web.reactive.result.condition.RequestMappingInfoTests" time="0.001"/>
  <testcase name="prependPatternWithSlash()" classname="org.springframework.web.reactive.result.condition.RequestMappingInfoTests" time="0.001"/>
  <testcase name="createEmpty()" classname="org.springframework.web.reactive.result.condition.RequestMappingInfoTests" time="0.001"/>
  <testcase name="matchProducesCondition()" classname="org.springframework.web.reactive.result.condition.RequestMappingInfoTests" time="0.002"/>
  <testcase name="matchHeadersCondition()" classname="org.springframework.web.reactive.result.condition.RequestMappingInfoTests" time="0.002"/>
  <testcase name="compareTwoHttpMethodsOneParam()" classname="org.springframework.web.reactive.result.condition.RequestMappingInfoTests" time="0.004"/>
  <testcase name="matchConsumesCondition()" classname="org.springframework.web.reactive.result.condition.RequestMappingInfoTests" time="0.01"/>
  <system-out><![CDATA[]]></system-out>
  <system-err><![CDATA[]]></system-err>
</testsuite>
