<?xml version="1.0" encoding="UTF-8"?>
<testsuite name="org.springframework.web.reactive.function.client.DefaultClientResponseTests" tests="15" skipped="0" failures="0" errors="0" timestamp="2021-06-20T08:12:15" hostname="gankangdembp" time="0.422">
  <properties/>
  <testcase name="toEntityListTypeReference()" classname="org.springframework.web.reactive.function.client.DefaultClientResponseTests" time="0.206"/>
  <testcase name="bodyToFluxTypeReference()" classname="org.springframework.web.reactive.function.client.DefaultClientResponseTests" time="0.009"/>
  <testcase name="header()" classname="org.springframework.web.reactive.function.client.DefaultClientResponseTests" time="0.083"/>
  <testcase name="rawStatusCode()" classname="org.springframework.web.reactive.function.client.DefaultClientResponseTests" time="0.001"/>
  <testcase name="bodyToFlux()" classname="org.springframework.web.reactive.function.client.DefaultClientResponseTests" time="0.003"/>
  <testcase name="bodyToMono()" classname="org.springframework.web.reactive.function.client.DefaultClientResponseTests" time="0.002"/>
  <testcase name="toEntityWithUnknownStatusCode()" classname="org.springframework.web.reactive.function.client.DefaultClientResponseTests" time="0.028"/>
  <testcase name="body()" classname="org.springframework.web.reactive.function.client.DefaultClientResponseTests" time="0.003"/>
  <testcase name="statusCode()" classname="org.springframework.web.reactive.function.client.DefaultClientResponseTests" time="0.001"/>
  <testcase name="bodyToMonoTypeReference()" classname="org.springframework.web.reactive.function.client.DefaultClientResponseTests" time="0.006"/>
  <testcase name="toEntityList()" classname="org.springframework.web.reactive.function.client.DefaultClientResponseTests" time="0.003"/>
  <testcase name="cookies()" classname="org.springframework.web.reactive.function.client.DefaultClientResponseTests" time="0.002"/>
  <testcase name="toEntityTypeReference()" classname="org.springframework.web.reactive.function.client.DefaultClientResponseTests" time="0.016"/>
  <testcase name="toEntityListWithUnknownStatusCode()" classname="org.springframework.web.reactive.function.client.DefaultClientResponseTests" time="0.006"/>
  <testcase name="toEntity()" classname="org.springframework.web.reactive.function.client.DefaultClientResponseTests" time="0.004"/>
  <system-out><![CDATA[16:12:15.273 [Test worker] DEBUG o.s.c.c.StringDecoder - Decoded "foo"
16:12:15.389 [Test worker] DEBUG o.s.c.c.StringDecoder - Decoded "foo"
16:12:15.478 [Test worker] DEBUG o.s.c.c.StringDecoder - Decoded "foo"
16:12:15.481 [Test worker] DEBUG o.s.c.c.StringDecoder - Decoded "foo"
16:12:15.508 [Test worker] DEBUG o.s.c.c.StringDecoder - Decoded "foo"
16:12:15.512 [Test worker] DEBUG o.s.c.c.StringDecoder - Decoded "foo"
16:12:15.559 [Test worker] DEBUG o.s.c.c.StringDecoder - Decoded "foo"
16:12:15.562 [Test worker] DEBUG o.s.c.c.StringDecoder - Decoded "foo"
16:12:15.580 [Test worker] DEBUG o.s.c.c.StringDecoder - Decoded "foo"
16:12:15.587 [Test worker] DEBUG o.s.c.c.StringDecoder - Decoded "foo"
16:12:15.592 [Test worker] DEBUG o.s.c.c.StringDecoder - Decoded "foo"
]]></system-out>
  <system-err><![CDATA[]]></system-err>
</testsuite>
