<?xml version="1.0" encoding="UTF-8"?>
<testsuite name="org.springframework.web.reactive.function.client.DefaultWebClientTests" tests="19" skipped="0" failures="0" errors="0" timestamp="2021-06-20T08:12:26" hostname="gankangdembp" time="0.557">
  <properties/>
  <testcase name="defaultHeaderAndCookie()" classname="org.springframework.web.reactive.function.client.DefaultWebClientTests" time="0.262"/>
  <testcase name="defaultHeaderAndCookieOverrides()" classname="org.springframework.web.reactive.function.client.DefaultWebClientTests" time="0.002"/>
  <testcase name="onStatusHandlersOrderIsPreserved()" classname="org.springframework.web.reactive.function.client.DefaultWebClientTests" time="0.042"/>
  <testcase name="uriBuilder()" classname="org.springframework.web.reactive.function.client.DefaultWebClientTests" time="0.003"/>
  <testcase name="defaultRequest()" classname="org.springframework.web.reactive.function.client.DefaultWebClientTests" time="0.005"/>
  <testcase name="shouldApplyFiltersAtSubscription()" classname="org.springframework.web.reactive.function.client.DefaultWebClientTests" time="0.004"/>
  <testcase name="requestHeaderAndCookie()" classname="org.springframework.web.reactive.function.client.DefaultWebClientTests" time="0.041"/>
  <testcase name="cloneBuilder()" classname="org.springframework.web.reactive.function.client.DefaultWebClientTests" time="0.032"/>
  <testcase name="withStringAttribute()" classname="org.springframework.web.reactive.function.client.DefaultWebClientTests" time="0.017"/>
  <testcase name="withNullAttribute()" classname="org.springframework.web.reactive.function.client.DefaultWebClientTests" time="0.002"/>
  <testcase name="uriBuilderWithPathOverride()" classname="org.springframework.web.reactive.function.client.DefaultWebClientTests" time="0.003"/>
  <testcase name="apply()" classname="org.springframework.web.reactive.function.client.DefaultWebClientTests" time="0.003"/>
  <testcase name="basic()" classname="org.springframework.web.reactive.function.client.DefaultWebClientTests" time="0.005"/>
  <testcase name="switchToErrorOnEmptyClientResponseMono()" classname="org.springframework.web.reactive.function.client.DefaultWebClientTests" time="0.002"/>
  <testcase name="bodyObjectPublisher()" classname="org.springframework.web.reactive.function.client.DefaultWebClientTests" time="0.002"/>
  <testcase name="defaultHeaderAndCookieCopies()" classname="org.springframework.web.reactive.function.client.DefaultWebClientTests" time="0.019"/>
  <testcase name="onStatusHandlersDefaultHandlerIsLast()" classname="org.springframework.web.reactive.function.client.DefaultWebClientTests" time="0.081"/>
  <testcase name="uriBuilderWithUriTemplate()" classname="org.springframework.web.reactive.function.client.DefaultWebClientTests" time="0.004"/>
  <testcase name="mutateDoesCopy()" classname="org.springframework.web.reactive.function.client.DefaultWebClientTests" time="0.006"/>
  <system-out><![CDATA[]]></system-out>
  <system-err><![CDATA[]]></system-err>
</testsuite>
