<?xml version="1.0" encoding="UTF-8"?>
<testsuite name="org.springframework.web.reactive.result.view.script.JythonScriptTemplateTests" tests="1" skipped="0" failures="0" errors="0" timestamp="2020-05-29T14:02:00" hostname="bamboo-18" time="5.283">
  <properties/>
  <testcase name="renderTemplate()" classname="org.springframework.web.reactive.result.view.script.JythonScriptTemplateTests" time="5.283"/>
  <system-out><![CDATA[]]></system-out>
  <system-err><![CDATA[]]></system-err>
</testsuite>
