<?xml version="1.0" encoding="UTF-8"?>
<testsuite name="org.springframework.web.reactive.function.MultipartIntegrationTests" tests="12" skipped="0" failures="0" errors="0" timestamp="2021-06-20T08:12:13" hostname="gankangdembp" time="1.32">
  <properties/>
  <testcase name="transferTo(HttpServer)[1]" classname="org.springframework.web.reactive.function.MultipartIntegrationTests" time="0.137"/>
  <testcase name="transferTo(HttpServer)[2]" classname="org.springframework.web.reactive.function.MultipartIntegrationTests" time="0.076"/>
  <testcase name="transferTo(HttpServer)[3]" classname="org.springframework.web.reactive.function.MultipartIntegrationTests" time="0.108"/>
  <testcase name="transferTo(HttpServer)[4]" classname="org.springframework.web.reactive.function.MultipartIntegrationTests" time="0.09"/>
  <testcase name="multipartData(HttpServer)[1]" classname="org.springframework.web.reactive.function.MultipartIntegrationTests" time="0.146"/>
  <testcase name="multipartData(HttpServer)[2]" classname="org.springframework.web.reactive.function.MultipartIntegrationTests" time="0.124"/>
  <testcase name="multipartData(HttpServer)[3]" classname="org.springframework.web.reactive.function.MultipartIntegrationTests" time="0.082"/>
  <testcase name="multipartData(HttpServer)[4]" classname="org.springframework.web.reactive.function.MultipartIntegrationTests" time="0.138"/>
  <testcase name="parts(HttpServer)[1]" classname="org.springframework.web.reactive.function.MultipartIntegrationTests" time="0.092"/>
  <testcase name="parts(HttpServer)[2]" classname="org.springframework.web.reactive.function.MultipartIntegrationTests" time="0.071"/>
  <testcase name="parts(HttpServer)[3]" classname="org.springframework.web.reactive.function.MultipartIntegrationTests" time="0.197"/>
  <testcase name="parts(HttpServer)[4]" classname="org.springframework.web.reactive.function.MultipartIntegrationTests" time="0.042"/>
  <system-out><![CDATA[16:12:13.670 [Test worker] DEBUG o.s.w.s.a.HttpWebHandlerAdapter - enableLoggingRequestDetails='false': form data and headers will be masked to prevent unsafe logging of potentially sensitive data
16:12:13.671 [Test worker] WARN  o.e.j.s.h.ContextHandler - Empty contextPath
16:12:13.671 [Test worker] INFO  o.e.j.s.h.ContextHandler - Started o.e.j.s.ServletContextHandler@4b1869ee{/,null,AVAILABLE}
16:12:13.671 [Test worker] DEBUG o.s.w.t.h.s.r.b.JettyHttpServer - Starting JettyHttpServer...
16:12:13.671 [Test worker] INFO  o.e.j.s.Server - jetty-9.4.31.v20200723; built: 2020-07-23T17:57:36.812Z; git: 450ba27947e13e66baa8cd1ce7e85a4461cacc1d; jvm 1.8.0_201-b09
16:12:13.688 [Test worker] INFO  o.e.j.s.AbstractConnector - Started ServerConnector@771a35cc{HTTP/1.1, (http/1.1)}{0.0.0.0:56066}
16:12:13.688 [Test worker] INFO  o.e.j.s.Server - Started @101584ms
16:12:13.688 [Test worker] DEBUG o.s.w.t.h.s.r.b.JettyHttpServer - Server started on port 56066(0 millis).
16:12:13.690 [Test worker] DEBUG o.s.w.r.f.c.ExchangeFunctions - [5fecdd4] HTTP POST http://localhost:56066/transferTo
16:12:13.693 [reactor-http-nio-3] DEBUG o.s.h.c.m.MultipartHttpMessageWriter - [5fecdd4] Encoding parts [fooPart, barPart] (content masked)
16:12:13.709 [qtp398765490-1228] DEBUG o.s.w.s.a.HttpWebHandlerAdapter - [58ad2736] HTTP POST "/transferTo"
16:12:13.714 [qtp398765490-1228] DEBUG o.s.h.c.m.SynchronossPartHttpMessageReader - [58ad2736] Parsed parts 'fooPart' (content masked)
16:12:13.716 [qtp398765490-1228] DEBUG o.s.c.c.CharSequenceEncoder - [58ad2736] Writing "/var/folders/rz/2gfvry6571q7h4h_1spjwfb80000gn/T/MultipartIntegrationTests5637405701449489358.tmp"
16:12:13.716 [qtp398765490-1228] DEBUG o.s.w.s.a.HttpWebHandlerAdapter - [58ad2736] Completed 200 OK
16:12:13.730 [reactor-http-nio-3] DEBUG o.s.w.r.f.c.ExchangeFunctions - [5fecdd4] Response 200 OK
16:12:13.731 [reactor-http-nio-3] DEBUG o.s.c.c.StringDecoder - [5fecdd4] Decoded "/var/folders/rz/2gfvry6571q7h4h_1spjwfb80000gn/T/MultipartIntegrationTests5637405701449489358.tmp"
16:12:13.735 [Test worker] DEBUG o.s.w.t.h.s.r.b.JettyHttpServer - Stopping JettyHttpServer...
16:12:13.736 [Test worker] INFO  o.e.j.s.h.ContextHandler - Stopped o.e.j.s.ServletContextHandler@4b1869ee{/,null,UNAVAILABLE}
16:12:13.740 [Test worker] INFO  o.e.j.s.AbstractConnector - Stopped ServerConnector@771a35cc{HTTP/1.1, (http/1.1)}{0.0.0.0:0}
16:12:13.751 [Test worker] DEBUG o.s.w.t.h.s.r.b.JettyHttpServer - Server stopped (0 millis).
16:12:13.786 [Test worker] DEBUG o.s.w.s.a.HttpWebHandlerAdapter - enableLoggingRequestDetails='false': form data and headers will be masked to prevent unsafe logging of potentially sensitive data
16:12:13.786 [Test worker] DEBUG o.s.w.t.h.s.r.b.ReactorHttpServer - Starting ReactorHttpServer...
16:12:13.787 [Test worker] DEBUG o.s.w.t.h.s.r.b.ReactorHttpServer - Server started on port 56076(0 millis).
16:12:13.788 [Test worker] DEBUG o.s.w.r.f.c.ExchangeFunctions - [4b26abda] HTTP POST http://localhost:56076/transferTo
16:12:13.791 [reactor-http-nio-5] DEBUG o.s.h.c.m.MultipartHttpMessageWriter - [4b26abda] Encoding parts [fooPart, barPart] (content masked)
16:12:13.799 [reactor-http-nio-6] DEBUG o.s.w.s.a.HttpWebHandlerAdapter - [25336013-32] HTTP POST "/transferTo"
16:12:13.801 [reactor-http-nio-6] DEBUG o.s.h.c.m.SynchronossPartHttpMessageReader - [25336013-32] Parsed parts 'fooPart' (content masked)
16:12:13.802 [reactor-http-nio-6] DEBUG o.s.c.c.CharSequenceEncoder - [25336013-32] Writing "/var/folders/rz/2gfvry6571q7h4h_1spjwfb80000gn/T/MultipartIntegrationTests900613474560391302.tmp"
16:12:13.803 [reactor-http-nio-6] DEBUG o.s.w.s.a.HttpWebHandlerAdapter - [25336013-32] Completed 200 OK
16:12:13.826 [reactor-http-nio-5] DEBUG o.s.w.r.f.c.ExchangeFunctions - [4b26abda] Response 200 OK
16:12:13.827 [reactor-http-nio-5] DEBUG o.s.c.c.StringDecoder - [4b26abda] Decoded "/var/folders/rz/2gfvry6571q7h4h_1spjwfb80000gn/T/MultipartIntegrationTests900613474560391302.tmp"
16:12:13.827 [Test worker] DEBUG o.s.w.t.h.s.r.b.ReactorHttpServer - Stopping ReactorHttpServer...
16:12:13.828 [Test worker] DEBUG o.s.w.t.h.s.r.b.ReactorHttpServer - Server stopped (0 millis).
16:12:13.869 [Test worker] DEBUG o.s.w.s.a.HttpWebHandlerAdapter - enableLoggingRequestDetails='false': form data and headers will be masked to prevent unsafe logging of potentially sensitive data
16:12:13.869 [Test worker] DEBUG o.s.w.t.h.s.r.b.TomcatHttpServer - Starting TomcatHttpServer...
16:12:13.892 [Test worker] DEBUG o.s.w.t.h.s.r.b.TomcatHttpServer - Server started on port 56080(0 millis).
16:12:13.893 [Test worker] DEBUG o.s.w.r.f.c.ExchangeFunctions - [895bfcf] HTTP POST http://localhost:56080/transferTo
16:12:13.900 [reactor-http-nio-7] DEBUG o.s.h.c.m.MultipartHttpMessageWriter - [895bfcf] Encoding parts [fooPart, barPart] (content masked)
16:12:13.913 [http-nio-auto-32-exec-1] DEBUG o.s.w.s.a.HttpWebHandlerAdapter - [7f3bb302] HTTP POST "/transferTo"
16:12:13.914 [http-nio-auto-32-exec-1] DEBUG o.s.h.c.m.SynchronossPartHttpMessageReader - [7f3bb302] Parsed parts 'fooPart' (content masked)
16:12:13.915 [http-nio-auto-32-exec-1] DEBUG o.s.c.c.CharSequenceEncoder - [7f3bb302] Writing "/var/folders/rz/2gfvry6571q7h4h_1spjwfb80000gn/T/MultipartIntegrationTests7062630919512545540.tmp"
16:12:13.916 [http-nio-auto-32-exec-1] DEBUG o.s.w.s.a.HttpWebHandlerAdapter - [7f3bb302] Completed 200 OK
16:12:13.917 [reactor-http-nio-7] DEBUG o.s.w.r.f.c.ExchangeFunctions - [895bfcf] Response 200 OK
16:12:13.919 [reactor-http-nio-7] DEBUG o.s.c.c.StringDecoder - [895bfcf] Decoded "/var/folders/rz/2gfvry6571q7h4h_1spjwfb80000gn/T/MultipartIntegrationTests7062630919512545540.tmp"
16:12:13.920 [Test worker] DEBUG o.s.w.t.h.s.r.b.TomcatHttpServer - Stopping TomcatHttpServer...
16:12:13.939 [Test worker] DEBUG o.s.w.t.h.s.r.b.TomcatHttpServer - Server stopped (0 millis).
16:12:13.986 [Test worker] DEBUG o.s.w.s.a.HttpWebHandlerAdapter - enableLoggingRequestDetails='false': form data and headers will be masked to prevent unsafe logging of potentially sensitive data
16:12:13.986 [Test worker] DEBUG o.s.w.t.h.s.r.b.UndertowHttpServer - Starting UndertowHttpServer...
16:12:13.987 [Test worker] INFO  i.undertow - starting server: Undertow - 2.0.32.Final
16:12:13.994 [Test worker] DEBUG o.s.w.t.h.s.r.b.UndertowHttpServer - Server started on port 56093(0 millis).
16:12:13.995 [Test worker] DEBUG o.s.w.r.f.c.ExchangeFunctions - [44b297c] HTTP POST http://localhost:56093/transferTo
16:12:14.003 [reactor-http-nio-8] DEBUG o.s.h.c.m.MultipartHttpMessageWriter - [44b297c] Encoding parts [fooPart, barPart] (content masked)
16:12:14.023 [XNIO-32 I/O-6] DEBUG o.s.w.s.a.HttpWebHandlerAdapter - [14946d7a] HTTP POST "/transferTo"
16:12:14.024 [XNIO-32 I/O-6] DEBUG o.s.h.c.m.SynchronossPartHttpMessageReader - [14946d7a] Parsed parts 'fooPart' (content masked)
16:12:14.025 [XNIO-32 I/O-6] DEBUG o.s.c.c.CharSequenceEncoder - [14946d7a] Writing "/var/folders/rz/2gfvry6571q7h4h_1spjwfb80000gn/T/MultipartIntegrationTests5162061297865144916.tmp"
16:12:14.026 [XNIO-32 I/O-6] DEBUG o.s.w.s.a.HttpWebHandlerAdapter - [14946d7a] Completed 200 OK
16:12:14.027 [reactor-http-nio-8] DEBUG o.s.w.r.f.c.ExchangeFunctions - [44b297c] Response 200 OK
16:12:14.028 [reactor-http-nio-8] DEBUG o.s.c.c.StringDecoder - [44b297c] Decoded "/var/folders/rz/2gfvry6571q7h4h_1spjwfb80000gn/T/MultipartIntegrationTests5162061297865144916.tmp"
16:12:14.029 [Test worker] DEBUG o.s.w.t.h.s.r.b.UndertowHttpServer - Stopping UndertowHttpServer...
16:12:14.029 [Test worker] INFO  i.undertow - stopping server: Undertow - 2.0.32.Final
16:12:14.031 [Test worker] DEBUG o.s.w.t.h.s.r.b.UndertowHttpServer - Server stopped (0 millis).
16:12:14.106 [Test worker] DEBUG o.s.w.s.a.HttpWebHandlerAdapter - enableLoggingRequestDetails='false': form data and headers will be masked to prevent unsafe logging of potentially sensitive data
16:12:14.106 [Test worker] WARN  o.e.j.s.h.ContextHandler - Empty contextPath
16:12:14.106 [Test worker] INFO  o.e.j.s.h.ContextHandler - Started o.e.j.s.ServletContextHandler@5cb193d3{/,null,AVAILABLE}
16:12:14.106 [Test worker] DEBUG o.s.w.t.h.s.r.b.JettyHttpServer - Starting JettyHttpServer...
16:12:14.106 [Test worker] INFO  o.e.j.s.Server - jetty-9.4.31.v20200723; built: 2020-07-23T17:57:36.812Z; git: 450ba27947e13e66baa8cd1ce7e85a4461cacc1d; jvm 1.8.0_201-b09
16:12:14.111 [Test worker] INFO  o.e.j.s.AbstractConnector - Started ServerConnector@1a1ce039{HTTP/1.1, (http/1.1)}{0.0.0.0:56105}
16:12:14.111 [Test worker] INFO  o.e.j.s.Server - Started @102007ms
16:12:14.111 [Test worker] DEBUG o.s.w.t.h.s.r.b.JettyHttpServer - Server started on port 56105(0 millis).
16:12:14.112 [Test worker] DEBUG o.s.w.r.f.c.ExchangeFunctions - [4200bdf] HTTP POST http://localhost:56105/multipartData
16:12:14.115 [reactor-http-nio-9] DEBUG o.s.h.c.m.MultipartHttpMessageWriter - [4200bdf] Encoding parts [fooPart, barPart] (content masked)
16:12:14.161 [qtp1466300403-1266] DEBUG o.s.w.s.a.HttpWebHandlerAdapter - [2a56057a] HTTP POST "/multipartData"
16:12:14.163 [qtp1466300403-1266] DEBUG o.s.h.c.m.MultipartHttpMessageReader - [2a56057a] Parsed parts [barPart, fooPart] (content masked)
16:12:14.164 [qtp1466300403-1266] DEBUG o.s.w.s.a.HttpWebHandlerAdapter - [2a56057a] Completed 200 OK
16:12:14.165 [reactor-http-nio-9] DEBUG o.s.w.r.f.c.ExchangeFunctions - [4200bdf] Response 200 OK
16:12:14.166 [Test worker] DEBUG o.s.w.t.h.s.r.b.JettyHttpServer - Stopping JettyHttpServer...
16:12:14.166 [Test worker] INFO  o.e.j.s.h.ContextHandler - Stopped o.e.j.s.ServletContextHandler@5cb193d3{/,null,UNAVAILABLE}
16:12:14.169 [Test worker] INFO  o.e.j.s.AbstractConnector - Stopped ServerConnector@1a1ce039{HTTP/1.1, (http/1.1)}{0.0.0.0:0}
16:12:14.180 [Test worker] DEBUG o.s.w.t.h.s.r.b.JettyHttpServer - Server stopped (0 millis).
16:12:14.231 [Test worker] DEBUG o.s.w.s.a.HttpWebHandlerAdapter - enableLoggingRequestDetails='false': form data and headers will be masked to prevent unsafe logging of potentially sensitive data
16:12:14.231 [Test worker] DEBUG o.s.w.t.h.s.r.b.ReactorHttpServer - Starting ReactorHttpServer...
16:12:14.235 [Test worker] DEBUG o.s.w.t.h.s.r.b.ReactorHttpServer - Server started on port 56117(0 millis).
16:12:14.236 [Test worker] DEBUG o.s.w.r.f.c.ExchangeFunctions - [7fbaec47] HTTP POST http://localhost:56117/multipartData
16:12:14.240 [reactor-http-nio-11] DEBUG o.s.h.c.m.MultipartHttpMessageWriter - [7fbaec47] Encoding parts [fooPart, barPart] (content masked)
16:12:14.248 [reactor-http-nio-12] DEBUG o.s.w.s.a.HttpWebHandlerAdapter - [7e830823-33] HTTP POST "/multipartData"
16:12:14.251 [reactor-http-nio-12] DEBUG o.s.h.c.m.MultipartHttpMessageReader - [7e830823-33] Parsed parts [barPart, fooPart] (content masked)
16:12:14.252 [reactor-http-nio-12] DEBUG o.s.w.s.a.HttpWebHandlerAdapter - [7e830823-33] Completed 200 OK
16:12:14.303 [reactor-http-nio-11] DEBUG o.s.w.r.f.c.ExchangeFunctions - [7fbaec47] Response 200 OK
16:12:14.304 [Test worker] DEBUG o.s.w.t.h.s.r.b.ReactorHttpServer - Stopping ReactorHttpServer...
16:12:14.304 [Test worker] DEBUG o.s.w.t.h.s.r.b.ReactorHttpServer - Server stopped (0 millis).
16:12:14.326 [Test worker] DEBUG o.s.w.s.a.HttpWebHandlerAdapter - enableLoggingRequestDetails='false': form data and headers will be masked to prevent unsafe logging of potentially sensitive data
16:12:14.327 [Test worker] DEBUG o.s.w.t.h.s.r.b.TomcatHttpServer - Starting TomcatHttpServer...
16:12:14.355 [Test worker] DEBUG o.s.w.t.h.s.r.b.TomcatHttpServer - Server started on port 56119(0 millis).
16:12:14.356 [Test worker] DEBUG o.s.w.r.f.c.ExchangeFunctions - [7b936056] HTTP POST http://localhost:56119/multipartData
16:12:14.358 [reactor-http-nio-1] DEBUG o.s.h.c.m.MultipartHttpMessageWriter - [7b936056] Encoding parts [fooPart, barPart] (content masked)
16:12:14.369 [http-nio-auto-33-exec-1] DEBUG o.s.w.s.a.HttpWebHandlerAdapter - [f1f754] HTTP POST "/multipartData"
16:12:14.371 [http-nio-auto-33-exec-1] DEBUG o.s.h.c.m.MultipartHttpMessageReader - [f1f754] Parsed parts [barPart, fooPart] (content masked)
16:12:14.371 [http-nio-auto-33-exec-1] DEBUG o.s.w.s.a.HttpWebHandlerAdapter - [f1f754] Completed 200 OK
16:12:14.373 [reactor-http-nio-1] DEBUG o.s.w.r.f.c.ExchangeFunctions - [7b936056] Response 200 OK
16:12:14.373 [Test worker] DEBUG o.s.w.t.h.s.r.b.TomcatHttpServer - Stopping TomcatHttpServer...
16:12:14.386 [Test worker] DEBUG o.s.w.t.h.s.r.b.TomcatHttpServer - Server stopped (0 millis).
16:12:14.470 [Test worker] DEBUG o.s.w.s.a.HttpWebHandlerAdapter - enableLoggingRequestDetails='false': form data and headers will be masked to prevent unsafe logging of potentially sensitive data
16:12:14.470 [Test worker] DEBUG o.s.w.t.h.s.r.b.UndertowHttpServer - Starting UndertowHttpServer...
16:12:14.470 [Test worker] INFO  i.undertow - starting server: Undertow - 2.0.32.Final
16:12:14.503 [Test worker] DEBUG o.s.w.t.h.s.r.b.UndertowHttpServer - Server started on port 56125(0 millis).
16:12:14.505 [Test worker] DEBUG o.s.w.r.f.c.ExchangeFunctions - [5b6e5d09] HTTP POST http://localhost:56125/multipartData
16:12:14.508 [reactor-http-nio-2] DEBUG o.s.h.c.m.MultipartHttpMessageWriter - [5b6e5d09] Encoding parts [fooPart, barPart] (content masked)
16:12:14.516 [XNIO-33 I/O-6] DEBUG o.s.w.s.a.HttpWebHandlerAdapter - [29ed10cb] HTTP POST "/multipartData"
16:12:14.517 [XNIO-33 I/O-6] DEBUG o.s.h.c.m.MultipartHttpMessageReader - [29ed10cb] Parsed parts [barPart, fooPart] (content masked)
16:12:14.518 [XNIO-33 I/O-6] DEBUG o.s.w.s.a.HttpWebHandlerAdapter - [29ed10cb] Completed 200 OK
16:12:14.524 [reactor-http-nio-2] DEBUG o.s.w.r.f.c.ExchangeFunctions - [5b6e5d09] Response 200 OK
16:12:14.524 [Test worker] DEBUG o.s.w.t.h.s.r.b.UndertowHttpServer - Stopping UndertowHttpServer...
16:12:14.524 [Test worker] INFO  i.undertow - stopping server: Undertow - 2.0.32.Final
16:12:14.526 [Test worker] DEBUG o.s.w.t.h.s.r.b.UndertowHttpServer - Server stopped (0 millis).
16:12:14.568 [Test worker] DEBUG o.s.w.s.a.HttpWebHandlerAdapter - enableLoggingRequestDetails='false': form data and headers will be masked to prevent unsafe logging of potentially sensitive data
16:12:14.569 [Test worker] WARN  o.e.j.s.h.ContextHandler - Empty contextPath
16:12:14.569 [Test worker] INFO  o.e.j.s.h.ContextHandler - Started o.e.j.s.ServletContextHandler@7ae3fd06{/,null,AVAILABLE}
16:12:14.569 [Test worker] DEBUG o.s.w.t.h.s.r.b.JettyHttpServer - Starting JettyHttpServer...
16:12:14.569 [Test worker] INFO  o.e.j.s.Server - jetty-9.4.31.v20200723; built: 2020-07-23T17:57:36.812Z; git: 450ba27947e13e66baa8cd1ce7e85a4461cacc1d; jvm 1.8.0_201-b09
16:12:14.573 [Test worker] INFO  o.e.j.s.AbstractConnector - Started ServerConnector@47c4fe92{HTTP/1.1, (http/1.1)}{0.0.0.0:56127}
16:12:14.573 [Test worker] INFO  o.e.j.s.Server - Started @102469ms
16:12:14.573 [Test worker] DEBUG o.s.w.t.h.s.r.b.JettyHttpServer - Server started on port 56127(0 millis).
16:12:14.574 [Test worker] DEBUG o.s.w.r.f.c.ExchangeFunctions - [9c71da9] HTTP POST http://localhost:56127/parts
16:12:14.577 [reactor-http-nio-3] DEBUG o.s.h.c.m.MultipartHttpMessageWriter - [9c71da9] Encoding parts [fooPart, barPart] (content masked)
16:12:14.604 [qtp1200537764-1304] DEBUG o.s.w.s.a.HttpWebHandlerAdapter - [6db0dd37] HTTP POST "/parts"
16:12:14.606 [qtp1200537764-1304] DEBUG o.s.h.c.m.SynchronossPartHttpMessageReader - [6db0dd37] Parsed parts 'fooPart' (content masked)
16:12:14.606 [qtp1200537764-1304] DEBUG o.s.h.c.m.SynchronossPartHttpMessageReader - [6db0dd37] Parsed parts 'barPart' (content masked)
16:12:14.606 [qtp1200537764-1304] DEBUG o.s.w.s.a.HttpWebHandlerAdapter - [6db0dd37] Completed 200 OK
16:12:14.608 [reactor-http-nio-3] DEBUG o.s.w.r.f.c.ExchangeFunctions - [9c71da9] Response 200 OK
16:12:14.608 [Test worker] DEBUG o.s.w.t.h.s.r.b.JettyHttpServer - Stopping JettyHttpServer...
16:12:14.608 [Test worker] INFO  o.e.j.s.h.ContextHandler - Stopped o.e.j.s.ServletContextHandler@7ae3fd06{/,null,UNAVAILABLE}
16:12:14.610 [Test worker] INFO  o.e.j.s.AbstractConnector - Stopped ServerConnector@47c4fe92{HTTP/1.1, (http/1.1)}{0.0.0.0:0}
16:12:14.621 [Test worker] DEBUG o.s.w.t.h.s.r.b.JettyHttpServer - Server stopped (0 millis).
16:12:14.652 [Test worker] DEBUG o.s.w.s.a.HttpWebHandlerAdapter - enableLoggingRequestDetails='false': form data and headers will be masked to prevent unsafe logging of potentially sensitive data
16:12:14.652 [Test worker] DEBUG o.s.w.t.h.s.r.b.ReactorHttpServer - Starting ReactorHttpServer...
16:12:14.653 [Test worker] DEBUG o.s.w.t.h.s.r.b.ReactorHttpServer - Server started on port 56129(0 millis).
16:12:14.653 [Test worker] DEBUG o.s.w.r.f.c.ExchangeFunctions - [62d07f6] HTTP POST http://localhost:56129/parts
16:12:14.656 [reactor-http-nio-5] DEBUG o.s.h.c.m.MultipartHttpMessageWriter - [62d07f6] Encoding parts [fooPart, barPart] (content masked)
16:12:14.664 [reactor-http-nio-6] DEBUG o.s.w.s.a.HttpWebHandlerAdapter - [38e8306e-34] HTTP POST "/parts"
16:12:14.667 [reactor-http-nio-6] DEBUG o.s.h.c.m.SynchronossPartHttpMessageReader - [38e8306e-34] Parsed parts 'fooPart' (content masked)
16:12:14.667 [reactor-http-nio-6] DEBUG o.s.h.c.m.SynchronossPartHttpMessageReader - [38e8306e-34] Parsed parts 'barPart' (content masked)
16:12:14.668 [reactor-http-nio-6] DEBUG o.s.w.s.a.HttpWebHandlerAdapter - [38e8306e-34] Completed 200 OK
16:12:14.691 [reactor-http-nio-5] DEBUG o.s.w.r.f.c.ExchangeFunctions - [62d07f6] Response 200 OK
16:12:14.692 [Test worker] DEBUG o.s.w.t.h.s.r.b.ReactorHttpServer - Stopping ReactorHttpServer...
16:12:14.692 [Test worker] DEBUG o.s.w.t.h.s.r.b.ReactorHttpServer - Server stopped (0 millis).
16:12:14.785 [Test worker] DEBUG o.s.w.s.a.HttpWebHandlerAdapter - enableLoggingRequestDetails='false': form data and headers will be masked to prevent unsafe logging of potentially sensitive data
16:12:14.786 [Test worker] DEBUG o.s.w.t.h.s.r.b.TomcatHttpServer - Starting TomcatHttpServer...
16:12:14.861 [Test worker] DEBUG o.s.w.t.h.s.r.b.TomcatHttpServer - Server started on port 56131(0 millis).
16:12:14.862 [Test worker] DEBUG o.s.w.r.f.c.ExchangeFunctions - [494e72f0] HTTP POST http://localhost:56131/parts
16:12:14.864 [reactor-http-nio-7] DEBUG o.s.h.c.m.MultipartHttpMessageWriter - [494e72f0] Encoding parts [fooPart, barPart] (content masked)
16:12:14.876 [http-nio-auto-34-exec-1] DEBUG o.s.w.s.a.HttpWebHandlerAdapter - [7ace32d5] HTTP POST "/parts"
16:12:14.877 [http-nio-auto-34-exec-1] DEBUG o.s.h.c.m.SynchronossPartHttpMessageReader - [7ace32d5] Parsed parts 'fooPart' (content masked)
16:12:14.877 [http-nio-auto-34-exec-1] DEBUG o.s.h.c.m.SynchronossPartHttpMessageReader - [7ace32d5] Parsed parts 'barPart' (content masked)
16:12:14.878 [http-nio-auto-34-exec-1] DEBUG o.s.w.s.a.HttpWebHandlerAdapter - [7ace32d5] Completed 200 OK
16:12:14.880 [reactor-http-nio-7] DEBUG o.s.w.r.f.c.ExchangeFunctions - [494e72f0] Response 200 OK
16:12:14.880 [Test worker] DEBUG o.s.w.t.h.s.r.b.TomcatHttpServer - Stopping TomcatHttpServer...
16:12:14.890 [Test worker] DEBUG o.s.w.t.h.s.r.b.TomcatHttpServer - Server stopped (0 millis).
16:12:14.909 [Test worker] DEBUG o.s.w.s.a.HttpWebHandlerAdapter - enableLoggingRequestDetails='false': form data and headers will be masked to prevent unsafe logging of potentially sensitive data
16:12:14.909 [Test worker] DEBUG o.s.w.t.h.s.r.b.UndertowHttpServer - Starting UndertowHttpServer...
16:12:14.909 [Test worker] INFO  i.undertow - starting server: Undertow - 2.0.32.Final
16:12:14.913 [Test worker] DEBUG o.s.w.t.h.s.r.b.UndertowHttpServer - Server started on port 56136(0 millis).
16:12:14.914 [Test worker] DEBUG o.s.w.r.f.c.ExchangeFunctions - [7b1b385a] HTTP POST http://localhost:56136/parts
16:12:14.918 [reactor-http-nio-8] DEBUG o.s.h.c.m.MultipartHttpMessageWriter - [7b1b385a] Encoding parts [fooPart, barPart] (content masked)
16:12:14.926 [XNIO-34 I/O-6] DEBUG o.s.w.s.a.HttpWebHandlerAdapter - [4d188c9f] HTTP POST "/parts"
16:12:14.927 [XNIO-34 I/O-6] DEBUG o.s.h.c.m.SynchronossPartHttpMessageReader - [4d188c9f] Parsed parts 'fooPart' (content masked)
16:12:14.927 [XNIO-34 I/O-6] DEBUG o.s.h.c.m.SynchronossPartHttpMessageReader - [4d188c9f] Parsed parts 'barPart' (content masked)
16:12:14.928 [XNIO-34 I/O-6] DEBUG o.s.w.s.a.HttpWebHandlerAdapter - [4d188c9f] Completed 200 OK
16:12:14.930 [reactor-http-nio-8] DEBUG o.s.w.r.f.c.ExchangeFunctions - [7b1b385a] Response 200 OK
16:12:14.931 [Test worker] DEBUG o.s.w.t.h.s.r.b.UndertowHttpServer - Stopping UndertowHttpServer...
16:12:14.931 [Test worker] INFO  i.undertow - stopping server: Undertow - 2.0.32.Final
16:12:14.933 [Test worker] DEBUG o.s.w.t.h.s.r.b.UndertowHttpServer - Server stopped (0 millis).
]]></system-out>
  <system-err><![CDATA[]]></system-err>
</testsuite>
