<?xml version="1.0" encoding="UTF-8"?>
<testsuite name="org.springframework.web.reactive.result.view.script.ScriptTemplateViewTests" tests="14" skipped="0" failures="0" errors="0" timestamp="2021-06-20T08:10:56" hostname="gankangdembp" time="3.552">
  <properties/>
  <testcase name="detectScriptTemplateConfigWithEngineName()" classname="org.springframework.web.reactive.result.view.script.ScriptTemplateViewTests" time="1.107"/>
  <testcase name="nonInvocableScriptEngineWithRenderFunction()" classname="org.springframework.web.reactive.result.view.script.ScriptTemplateViewTests" time="2.076"/>
  <testcase name="engineAndEngineNameBothDefined()" classname="org.springframework.web.reactive.result.view.script.ScriptTemplateViewTests" time="0.175"/>
  <testcase name="nonSharedEngine()" classname="org.springframework.web.reactive.result.view.script.ScriptTemplateViewTests" time="0.072"/>
  <testcase name="missingTemplate()" classname="org.springframework.web.reactive.result.view.script.ScriptTemplateViewTests" time="0.004"/>
  <testcase name="engineSupplierWithNonSharedEngine()" classname="org.springframework.web.reactive.result.view.script.ScriptTemplateViewTests" time="0.005"/>
  <testcase name="engineNameAndEngineSupplierBothDefined()" classname="org.springframework.web.reactive.result.view.script.ScriptTemplateViewTests" time="0.004"/>
  <testcase name="missingScriptTemplateConfig()" classname="org.springframework.web.reactive.result.view.script.ScriptTemplateViewTests" time="0.003"/>
  <testcase name="engineSetterAndNonSharedEngine()" classname="org.springframework.web.reactive.result.view.script.ScriptTemplateViewTests" time="0.002"/>
  <testcase name="customEngineAndRenderFunction()" classname="org.springframework.web.reactive.result.view.script.ScriptTemplateViewTests" time="0.059"/>
  <testcase name="engineSupplierWithSharedEngine()" classname="org.springframework.web.reactive.result.view.script.ScriptTemplateViewTests" time="0.006"/>
  <testcase name="engineAndEngineSupplierBothDefined()" classname="org.springframework.web.reactive.result.view.script.ScriptTemplateViewTests" time="0.002"/>
  <testcase name="nonInvocableScriptEngine()" classname="org.springframework.web.reactive.result.view.script.ScriptTemplateViewTests" time="0.001"/>
  <testcase name="detectScriptTemplateConfigWithEngine()" classname="org.springframework.web.reactive.result.view.script.ScriptTemplateViewTests" time="0.001"/>
  <system-out><![CDATA[]]></system-out>
  <system-err><![CDATA[]]></system-err>
</testsuite>
