<?xml version="1.0" encoding="UTF-8"?>
<testsuite name="org.springframework.web.reactive.result.method.annotation.ControllerInputIntegrationTests" tests="12" skipped="0" failures="0" errors="0" timestamp="2021-06-20T08:11:05" hostname="gankangdembp" time="15.814">
  <properties/>
  <testcase name="handleWithEncodedParam(HttpServer)[1]" classname="org.springframework.web.reactive.result.method.annotation.ControllerInputIntegrationTests" time="5.129"/>
  <testcase name="handleWithEncodedParam(HttpServer)[2]" classname="org.springframework.web.reactive.result.method.annotation.ControllerInputIntegrationTests" time="2.654"/>
  <testcase name="handleWithEncodedParam(HttpServer)[3]" classname="org.springframework.web.reactive.result.method.annotation.ControllerInputIntegrationTests" time="3.343"/>
  <testcase name="handleWithEncodedParam(HttpServer)[4]" classname="org.springframework.web.reactive.result.method.annotation.ControllerInputIntegrationTests" time="1.194"/>
  <testcase name="matrixVariable(HttpServer)[1]" classname="org.springframework.web.reactive.result.method.annotation.ControllerInputIntegrationTests" time="0.435"/>
  <testcase name="matrixVariable(HttpServer)[2]" classname="org.springframework.web.reactive.result.method.annotation.ControllerInputIntegrationTests" time="0.368"/>
  <testcase name="matrixVariable(HttpServer)[3]" classname="org.springframework.web.reactive.result.method.annotation.ControllerInputIntegrationTests" time="0.392"/>
  <testcase name="matrixVariable(HttpServer)[4]" classname="org.springframework.web.reactive.result.method.annotation.ControllerInputIntegrationTests" time="0.385"/>
  <testcase name="handleWithParam(HttpServer)[1]" classname="org.springframework.web.reactive.result.method.annotation.ControllerInputIntegrationTests" time="0.357"/>
  <testcase name="handleWithParam(HttpServer)[2]" classname="org.springframework.web.reactive.result.method.annotation.ControllerInputIntegrationTests" time="0.379"/>
  <testcase name="handleWithParam(HttpServer)[3]" classname="org.springframework.web.reactive.result.method.annotation.ControllerInputIntegrationTests" time="0.441"/>
  <testcase name="handleWithParam(HttpServer)[4]" classname="org.springframework.web.reactive.result.method.annotation.ControllerInputIntegrationTests" time="0.38"/>
  <system-out><![CDATA[16:11:05.604 [Test worker] WARN  o.s.h.c.j.Jackson2ObjectMapperBuilder - For Jackson Kotlin classes support please add "com.fasterxml.jackson.module:jackson-module-kotlin" to the classpath
16:11:06.282 [Test worker] DEBUG o.s.w.r.r.m.a.RequestMappingHandlerMapping - 2 mappings in 'requestMappingHandlerMapping'
16:11:07.254 [Test worker] INFO  o.h.v.i.u.Version - HV000001: Hibernate Validator 6.1.7.Final
16:11:08.543 [Test worker] DEBUG o.s.w.r.r.m.a.ControllerMethodResolver - ControllerAdvice beans: none
16:11:08.856 [Test worker] DEBUG o.s.w.s.a.HttpWebHandlerAdapter - enableLoggingRequestDetails='false': form data and headers will be masked to prevent unsafe logging of potentially sensitive data
16:11:08.939 [Test worker] INFO  o.e.j.u.log - Logging initialized @36776ms to org.eclipse.jetty.util.log.Slf4jLog
16:11:09.145 [Test worker] WARN  o.e.j.s.h.ContextHandler - Empty contextPath
16:11:09.416 [Test worker] INFO  o.e.j.s.h.ContextHandler - Started o.e.j.s.ServletContextHandler@185110d{/,null,AVAILABLE}
16:11:09.594 [Test worker] DEBUG o.s.w.t.h.s.r.b.JettyHttpServer - Starting JettyHttpServer...
16:11:09.625 [Test worker] INFO  o.e.j.s.Server - jetty-9.4.31.v20200723; built: 2020-07-23T17:57:36.812Z; git: 450ba27947e13e66baa8cd1ce7e85a4461cacc1d; jvm 1.8.0_201-b09
16:11:09.781 [Test worker] INFO  o.e.j.s.AbstractConnector - Started ServerConnector@1bf9581{HTTP/1.1, (http/1.1)}{0.0.0.0:54686}
16:11:09.782 [Test worker] INFO  o.e.j.s.Server - Started @37622ms
16:11:09.783 [Test worker] DEBUG o.s.w.t.h.s.r.b.JettyHttpServer - Server started on port 54686(0 millis).
16:11:09.861 [Test worker] DEBUG o.s.w.c.RestTemplate - HTTP GET http://localhost:54686/param?name=%20%2B+%C3%A0
16:11:09.927 [Test worker] DEBUG o.s.w.c.RestTemplate - Accept=[text/plain, application/json, application/x-jackson-smile, application/*+json, */*]
16:11:10.292 [qtp1591144590-23] DEBUG o.s.w.s.a.HttpWebHandlerAdapter - [15df39f2] HTTP GET "/param?name=%20%2B+%C3%A0"
16:11:10.358 [qtp1591144590-23] DEBUG o.s.w.r.r.m.a.RequestMappingHandlerMapping - [15df39f2] Mapped to org.springframework.web.reactive.result.method.annotation.ControllerInputIntegrationTests$TestRestController#param(String)
16:11:10.440 [qtp1591144590-23] DEBUG o.s.w.r.r.m.a.ResponseBodyResultHandler - Using 'text/plain;charset=UTF-8' given [text/plain, application/json, application/x-jackson-smile, application/*+json, */*] and supported [text/plain;charset=UTF-8, text/event-stream, text/plain;charset=UTF-8, */*]
16:11:10.441 [qtp1591144590-23] DEBUG o.s.w.r.r.m.a.ResponseBodyResultHandler - [15df39f2] 0..N [java.lang.String]
16:11:10.530 [qtp1591144590-23] DEBUG o.s.c.c.CharSequenceEncoder - [15df39f2] Writing "Hello "
16:11:10.650 [Test worker] DEBUG o.s.w.c.RestTemplate - Response 200 OK
16:11:10.654 [Test worker] DEBUG o.s.w.c.RestTemplate - Reading to [java.lang.String] as "text/plain;charset=utf-8"
16:11:10.665 [qtp1591144590-23] DEBUG o.s.c.c.CharSequenceEncoder - [15df39f2] Writing " + à"
16:11:10.666 [qtp1591144590-23] DEBUG o.s.c.c.CharSequenceEncoder - [15df39f2] Writing "!"
16:11:10.668 [qtp1591144590-23] DEBUG o.s.w.s.a.HttpWebHandlerAdapter - [15df39f2] Completed 200 OK
16:11:10.731 [Test worker] DEBUG o.s.w.t.h.s.r.b.JettyHttpServer - Stopping JettyHttpServer...
16:11:10.736 [Test worker] INFO  o.e.j.s.h.ContextHandler - Stopped o.e.j.s.ServletContextHandler@185110d{/,null,UNAVAILABLE}
16:11:10.754 [Test worker] INFO  o.e.j.s.AbstractConnector - Stopped ServerConnector@1bf9581{HTTP/1.1, (http/1.1)}{0.0.0.0:0}
16:11:10.766 [Test worker] DEBUG o.s.w.t.h.s.r.b.JettyHttpServer - Server stopped (0 millis).
16:11:10.909 [Test worker] DEBUG o.s.w.r.r.m.a.RequestMappingHandlerMapping - 2 mappings in 'requestMappingHandlerMapping'
16:11:11.057 [Test worker] DEBUG o.s.w.r.r.m.a.ControllerMethodResolver - ControllerAdvice beans: none
16:11:11.209 [Test worker] DEBUG o.s.w.s.a.HttpWebHandlerAdapter - enableLoggingRequestDetails='false': form data and headers will be masked to prevent unsafe logging of potentially sensitive data
16:11:11.687 [Test worker] DEBUG o.s.w.t.h.s.r.b.ReactorHttpServer - Starting ReactorHttpServer...
16:11:12.902 [Test worker] DEBUG o.s.w.t.h.s.r.b.ReactorHttpServer - Server started on port 54701(0 millis).
16:11:12.903 [Test worker] DEBUG o.s.w.c.RestTemplate - HTTP GET http://localhost:54701/param?name=%20%2B+%C3%A0
16:11:12.903 [Test worker] DEBUG o.s.w.c.RestTemplate - Accept=[text/plain, application/json, application/x-jackson-smile, application/*+json, */*]
16:11:13.291 [reactor-http-nio-2] DEBUG o.s.w.s.a.HttpWebHandlerAdapter - [be474b33-1] HTTP GET "/param?name=%20%2B+%C3%A0"
16:11:13.292 [reactor-http-nio-2] DEBUG o.s.w.r.r.m.a.RequestMappingHandlerMapping - [be474b33-1] Mapped to org.springframework.web.reactive.result.method.annotation.ControllerInputIntegrationTests$TestRestController#param(String)
16:11:13.331 [reactor-http-nio-2] DEBUG o.s.w.r.r.m.a.ResponseBodyResultHandler - Using 'text/plain;charset=UTF-8' given [text/plain, application/json, application/x-jackson-smile, application/*+json, */*] and supported [text/plain;charset=UTF-8, text/event-stream, text/plain;charset=UTF-8, */*]
16:11:13.331 [reactor-http-nio-2] DEBUG o.s.w.r.r.m.a.ResponseBodyResultHandler - [be474b33-1] 0..N [java.lang.String]
16:11:13.332 [reactor-http-nio-2] DEBUG o.s.c.c.CharSequenceEncoder - [be474b33-1] Writing "Hello "
16:11:13.390 [Test worker] DEBUG o.s.w.c.RestTemplate - Response 200 OK
16:11:13.412 [reactor-http-nio-2] DEBUG o.s.c.c.CharSequenceEncoder - [be474b33-1] Writing " + à"
16:11:13.413 [reactor-http-nio-2] DEBUG o.s.c.c.CharSequenceEncoder - [be474b33-1] Writing "!"
16:11:13.439 [Test worker] DEBUG o.s.w.c.RestTemplate - Reading to [java.lang.String] as "text/plain;charset=UTF-8"
16:11:13.439 [reactor-http-nio-2] DEBUG o.s.w.s.a.HttpWebHandlerAdapter - [be474b33-1] Completed 200 OK
16:11:13.445 [Test worker] DEBUG o.s.w.t.h.s.r.b.ReactorHttpServer - Stopping ReactorHttpServer...
16:11:13.448 [Test worker] DEBUG o.s.w.t.h.s.r.b.ReactorHttpServer - Server stopped (0 millis).
16:11:13.518 [Test worker] DEBUG o.s.w.r.r.m.a.RequestMappingHandlerMapping - 2 mappings in 'requestMappingHandlerMapping'
16:11:13.574 [Test worker] DEBUG o.s.w.r.r.m.a.ControllerMethodResolver - ControllerAdvice beans: none
16:11:13.688 [Test worker] DEBUG o.s.w.s.a.HttpWebHandlerAdapter - enableLoggingRequestDetails='false': form data and headers will be masked to prevent unsafe logging of potentially sensitive data
16:11:14.144 [Test worker] DEBUG o.s.w.t.h.s.r.b.TomcatHttpServer - Starting TomcatHttpServer...
16:11:16.539 [Test worker] DEBUG o.s.w.t.h.s.r.b.TomcatHttpServer - Server started on port 54729(0 millis).
16:11:16.540 [Test worker] DEBUG o.s.w.c.RestTemplate - HTTP GET http://localhost:54729/param?name=%20%2B+%C3%A0
16:11:16.541 [Test worker] DEBUG o.s.w.c.RestTemplate - Accept=[text/plain, application/json, application/x-jackson-smile, application/*+json, */*]
16:11:16.727 [http-nio-auto-1-exec-1] DEBUG o.s.w.s.a.HttpWebHandlerAdapter - [5db35de8] HTTP GET "/param?name=%20%2B+%C3%A0"
16:11:16.728 [http-nio-auto-1-exec-1] DEBUG o.s.w.r.r.m.a.RequestMappingHandlerMapping - [5db35de8] Mapped to org.springframework.web.reactive.result.method.annotation.ControllerInputIntegrationTests$TestRestController#param(String)
16:11:16.733 [http-nio-auto-1-exec-1] DEBUG o.s.w.r.r.m.a.ResponseBodyResultHandler - Using 'text/plain;charset=UTF-8' given [text/plain, application/json, application/x-jackson-smile, application/*+json, */*] and supported [text/plain;charset=UTF-8, text/event-stream, text/plain;charset=UTF-8, */*]
16:11:16.733 [http-nio-auto-1-exec-1] DEBUG o.s.w.r.r.m.a.ResponseBodyResultHandler - [5db35de8] 0..N [java.lang.String]
16:11:16.733 [http-nio-auto-1-exec-1] DEBUG o.s.c.c.CharSequenceEncoder - [5db35de8] Writing "Hello "
16:11:16.737 [http-nio-auto-1-exec-1] DEBUG o.s.c.c.CharSequenceEncoder - [5db35de8] Writing " + à"
16:11:16.737 [http-nio-auto-1-exec-1] DEBUG o.s.c.c.CharSequenceEncoder - [5db35de8] Writing "!"
16:11:16.768 [http-nio-auto-1-exec-1] DEBUG o.s.w.s.a.HttpWebHandlerAdapter - [5db35de8] Completed 200 OK
16:11:16.768 [Test worker] DEBUG o.s.w.c.RestTemplate - Response 200 OK
16:11:16.769 [Test worker] DEBUG o.s.w.c.RestTemplate - Reading to [java.lang.String] as "text/plain;charset=UTF-8"
16:11:16.770 [Test worker] DEBUG o.s.w.t.h.s.r.b.TomcatHttpServer - Stopping TomcatHttpServer...
16:11:16.808 [Test worker] DEBUG o.s.w.t.h.s.r.b.TomcatHttpServer - Server stopped (0 millis).
16:11:16.946 [Test worker] DEBUG o.s.w.r.r.m.a.RequestMappingHandlerMapping - 2 mappings in 'requestMappingHandlerMapping'
16:11:17.063 [Test worker] DEBUG o.s.w.r.r.m.a.ControllerMethodResolver - ControllerAdvice beans: none
16:11:17.179 [Test worker] DEBUG o.s.w.s.a.HttpWebHandlerAdapter - enableLoggingRequestDetails='false': form data and headers will be masked to prevent unsafe logging of potentially sensitive data
16:11:17.213 [Test worker] DEBUG o.s.w.t.h.s.r.b.UndertowHttpServer - Starting UndertowHttpServer...
16:11:17.267 [Test worker] INFO  i.undertow - starting server: Undertow - 2.0.32.Final
16:11:17.325 [Test worker] INFO  o.xnio - XNIO version 3.3.8.Final
16:11:17.448 [Test worker] INFO  o.x.nio - XNIO NIO Implementation Version 3.3.8.Final
16:11:17.891 [Test worker] DEBUG o.s.w.t.h.s.r.b.UndertowHttpServer - Server started on port 54746(0 millis).
16:11:17.892 [Test worker] DEBUG o.s.w.c.RestTemplate - HTTP GET http://localhost:54746/param?name=%20%2B+%C3%A0
16:11:17.906 [Test worker] DEBUG o.s.w.c.RestTemplate - Accept=[text/plain, application/json, application/x-jackson-smile, application/*+json, */*]
16:11:17.985 [XNIO-1 I/O-6] DEBUG o.s.w.s.a.HttpWebHandlerAdapter - [6cef4a8e] HTTP GET "/param?name=%20%2B+%C3%A0"
16:11:17.986 [XNIO-1 I/O-6] DEBUG o.s.w.r.r.m.a.RequestMappingHandlerMapping - [6cef4a8e] Mapped to org.springframework.web.reactive.result.method.annotation.ControllerInputIntegrationTests$TestRestController#param(String)
16:11:17.989 [XNIO-1 I/O-6] DEBUG o.s.w.r.r.m.a.ResponseBodyResultHandler - Using 'text/plain;charset=UTF-8' given [text/plain, application/json, application/x-jackson-smile, application/*+json, */*] and supported [text/plain;charset=UTF-8, text/event-stream, text/plain;charset=UTF-8, */*]
16:11:17.990 [XNIO-1 I/O-6] DEBUG o.s.w.r.r.m.a.ResponseBodyResultHandler - [6cef4a8e] 0..N [java.lang.String]
16:11:17.991 [XNIO-1 I/O-6] DEBUG o.s.c.c.CharSequenceEncoder - [6cef4a8e] Writing "Hello "
16:11:18.015 [XNIO-1 I/O-6] DEBUG o.s.c.c.CharSequenceEncoder - [6cef4a8e] Writing " + à"
16:11:18.015 [Test worker] DEBUG o.s.w.c.RestTemplate - Response 200 OK
16:11:18.015 [XNIO-1 I/O-6] DEBUG o.s.c.c.CharSequenceEncoder - [6cef4a8e] Writing "!"
16:11:18.015 [Test worker] DEBUG o.s.w.c.RestTemplate - Reading to [java.lang.String] as "text/plain;charset=UTF-8"
16:11:18.016 [XNIO-1 I/O-6] DEBUG o.s.w.s.a.HttpWebHandlerAdapter - [6cef4a8e] Completed 200 OK
16:11:18.017 [Test worker] DEBUG o.s.w.t.h.s.r.b.UndertowHttpServer - Stopping UndertowHttpServer...
16:11:18.017 [Test worker] INFO  i.undertow - stopping server: Undertow - 2.0.32.Final
16:11:18.023 [Test worker] DEBUG o.s.w.t.h.s.r.b.UndertowHttpServer - Server stopped (0 millis).
16:11:18.153 [Test worker] DEBUG o.s.w.r.r.m.a.RequestMappingHandlerMapping - 2 mappings in 'requestMappingHandlerMapping'
16:11:18.274 [Test worker] DEBUG o.s.w.r.r.m.a.ControllerMethodResolver - ControllerAdvice beans: none
16:11:18.412 [Test worker] DEBUG o.s.w.s.a.HttpWebHandlerAdapter - enableLoggingRequestDetails='false': form data and headers will be masked to prevent unsafe logging of potentially sensitive data
16:11:18.414 [Test worker] WARN  o.e.j.s.h.ContextHandler - Empty contextPath
16:11:18.415 [Test worker] INFO  o.e.j.s.h.ContextHandler - Started o.e.j.s.ServletContextHandler@51c95e08{/,null,AVAILABLE}
16:11:18.415 [Test worker] DEBUG o.s.w.t.h.s.r.b.JettyHttpServer - Starting JettyHttpServer...
16:11:18.415 [Test worker] INFO  o.e.j.s.Server - jetty-9.4.31.v20200723; built: 2020-07-23T17:57:36.812Z; git: 450ba27947e13e66baa8cd1ce7e85a4461cacc1d; jvm 1.8.0_201-b09
16:11:18.433 [Test worker] INFO  o.e.j.s.AbstractConnector - Started ServerConnector@59b4bcc2{HTTP/1.1, (http/1.1)}{0.0.0.0:54759}
16:11:18.434 [Test worker] INFO  o.e.j.s.Server - Started @46274ms
16:11:18.435 [Test worker] DEBUG o.s.w.t.h.s.r.b.JettyHttpServer - Server started on port 54759(0 millis).
16:11:18.436 [Test worker] DEBUG o.s.w.c.RestTemplate - HTTP GET http://localhost:54759/first;p=11/second;q=22/third-fourth;q=44
16:11:18.436 [Test worker] DEBUG o.s.w.c.RestTemplate - Accept=[text/plain, application/json, application/x-jackson-smile, application/*+json, */*]
16:11:18.440 [qtp99094618-66] DEBUG o.s.w.s.a.HttpWebHandlerAdapter - [65fdcd27] HTTP GET "/first;p=11/second;q=22/third-fourth;q=44"
16:11:18.441 [qtp99094618-66] DEBUG o.s.w.r.r.m.a.RequestMappingHandlerMapping - [65fdcd27] Mapped to org.springframework.web.reactive.result.method.annotation.ControllerInputIntegrationTests$TestRestController#matrixVar(int, int, int)
16:11:18.454 [qtp99094618-66] DEBUG o.s.w.r.r.m.a.ResponseBodyResultHandler - Using 'text/plain;charset=UTF-8' given [text/plain, application/json, application/x-jackson-smile, application/*+json, */*] and supported [text/plain;charset=UTF-8, text/event-stream, text/plain;charset=UTF-8, */*]
16:11:18.454 [qtp99094618-66] DEBUG o.s.w.r.r.m.a.ResponseBodyResultHandler - [65fdcd27] 0..1 [java.lang.String]
16:11:18.458 [qtp99094618-66] DEBUG o.s.c.c.CharSequenceEncoder - [65fdcd27] Writing "p=11, q2=22, q4=44"
16:11:18.461 [qtp99094618-66] DEBUG o.s.w.s.a.HttpWebHandlerAdapter - [65fdcd27] Completed 200 OK
16:11:18.463 [Test worker] DEBUG o.s.w.c.RestTemplate - Response 200 OK
16:11:18.464 [Test worker] DEBUG o.s.w.c.RestTemplate - Reading to [java.lang.String] as "text/plain;charset=utf-8"
16:11:18.464 [Test worker] DEBUG o.s.w.t.h.s.r.b.JettyHttpServer - Stopping JettyHttpServer...
16:11:18.465 [Test worker] INFO  o.e.j.s.h.ContextHandler - Stopped o.e.j.s.ServletContextHandler@51c95e08{/,null,UNAVAILABLE}
16:11:18.467 [Test worker] INFO  o.e.j.s.AbstractConnector - Stopped ServerConnector@59b4bcc2{HTTP/1.1, (http/1.1)}{0.0.0.0:0}
16:11:18.479 [Test worker] DEBUG o.s.w.t.h.s.r.b.JettyHttpServer - Server stopped (0 millis).
16:11:18.642 [Test worker] DEBUG o.s.w.r.r.m.a.RequestMappingHandlerMapping - 2 mappings in 'requestMappingHandlerMapping'
16:11:18.747 [Test worker] DEBUG o.s.w.r.r.m.a.ControllerMethodResolver - ControllerAdvice beans: none
16:11:18.849 [Test worker] DEBUG o.s.w.s.a.HttpWebHandlerAdapter - enableLoggingRequestDetails='false': form data and headers will be masked to prevent unsafe logging of potentially sensitive data
16:11:18.849 [Test worker] DEBUG o.s.w.t.h.s.r.b.ReactorHttpServer - Starting ReactorHttpServer...
16:11:18.852 [Test worker] DEBUG o.s.w.t.h.s.r.b.ReactorHttpServer - Server started on port 54763(0 millis).
16:11:18.852 [Test worker] DEBUG o.s.w.c.RestTemplate - HTTP GET http://localhost:54763/first;p=11/second;q=22/third-fourth;q=44
16:11:18.853 [Test worker] DEBUG o.s.w.c.RestTemplate - Accept=[text/plain, application/json, application/x-jackson-smile, application/*+json, */*]
16:11:18.860 [reactor-http-nio-4] DEBUG o.s.w.s.a.HttpWebHandlerAdapter - [1ba50e77-2] HTTP GET "/first;p=11/second;q=22/third-fourth;q=44"
16:11:18.861 [reactor-http-nio-4] DEBUG o.s.w.r.r.m.a.RequestMappingHandlerMapping - [1ba50e77-2] Mapped to org.springframework.web.reactive.result.method.annotation.ControllerInputIntegrationTests$TestRestController#matrixVar(int, int, int)
16:11:18.866 [reactor-http-nio-4] DEBUG o.s.w.r.r.m.a.ResponseBodyResultHandler - Using 'text/plain;charset=UTF-8' given [text/plain, application/json, application/x-jackson-smile, application/*+json, */*] and supported [text/plain;charset=UTF-8, text/event-stream, text/plain;charset=UTF-8, */*]
16:11:18.866 [reactor-http-nio-4] DEBUG o.s.w.r.r.m.a.ResponseBodyResultHandler - [1ba50e77-2] 0..1 [java.lang.String]
16:11:18.866 [reactor-http-nio-4] DEBUG o.s.c.c.CharSequenceEncoder - [1ba50e77-2] Writing "p=11, q2=22, q4=44"
16:11:18.872 [reactor-http-nio-4] DEBUG o.s.w.s.a.HttpWebHandlerAdapter - [1ba50e77-2] Completed 200 OK
16:11:18.872 [Test worker] DEBUG o.s.w.c.RestTemplate - Response 200 OK
16:11:18.873 [Test worker] DEBUG o.s.w.c.RestTemplate - Reading to [java.lang.String] as "text/plain;charset=UTF-8"
16:11:18.874 [Test worker] DEBUG o.s.w.t.h.s.r.b.ReactorHttpServer - Stopping ReactorHttpServer...
16:11:18.875 [Test worker] DEBUG o.s.w.t.h.s.r.b.ReactorHttpServer - Server stopped (0 millis).
16:11:19.012 [Test worker] DEBUG o.s.w.r.r.m.a.RequestMappingHandlerMapping - 2 mappings in 'requestMappingHandlerMapping'
16:11:19.123 [Test worker] DEBUG o.s.w.r.r.m.a.ControllerMethodResolver - ControllerAdvice beans: none
16:11:19.184 [Test worker] DEBUG o.s.w.s.a.HttpWebHandlerAdapter - enableLoggingRequestDetails='false': form data and headers will be masked to prevent unsafe logging of potentially sensitive data
16:11:19.209 [Test worker] DEBUG o.s.w.t.h.s.r.b.TomcatHttpServer - Starting TomcatHttpServer...
16:11:19.251 [Test worker] DEBUG o.s.w.t.h.s.r.b.TomcatHttpServer - Server started on port 54769(0 millis).
16:11:19.252 [Test worker] DEBUG o.s.w.c.RestTemplate - HTTP GET http://localhost:54769/first;p=11/second;q=22/third-fourth;q=44
16:11:19.252 [Test worker] DEBUG o.s.w.c.RestTemplate - Accept=[text/plain, application/json, application/x-jackson-smile, application/*+json, */*]
16:11:19.257 [http-nio-auto-2-exec-1] DEBUG o.s.w.s.a.HttpWebHandlerAdapter - [278933a6] HTTP GET "/first;p=11/second;q=22/third-fourth;q=44"
16:11:19.258 [http-nio-auto-2-exec-1] DEBUG o.s.w.r.r.m.a.RequestMappingHandlerMapping - [278933a6] Mapped to org.springframework.web.reactive.result.method.annotation.ControllerInputIntegrationTests$TestRestController#matrixVar(int, int, int)
16:11:19.263 [http-nio-auto-2-exec-1] DEBUG o.s.w.r.r.m.a.ResponseBodyResultHandler - Using 'text/plain;charset=UTF-8' given [text/plain, application/json, application/x-jackson-smile, application/*+json, */*] and supported [text/plain;charset=UTF-8, text/event-stream, text/plain;charset=UTF-8, */*]
16:11:19.263 [http-nio-auto-2-exec-1] DEBUG o.s.w.r.r.m.a.ResponseBodyResultHandler - [278933a6] 0..1 [java.lang.String]
16:11:19.263 [http-nio-auto-2-exec-1] DEBUG o.s.c.c.CharSequenceEncoder - [278933a6] Writing "p=11, q2=22, q4=44"
16:11:19.265 [http-nio-auto-2-exec-1] DEBUG o.s.w.s.a.HttpWebHandlerAdapter - [278933a6] Completed 200 OK
16:11:19.265 [Test worker] DEBUG o.s.w.c.RestTemplate - Response 200 OK
16:11:19.266 [Test worker] DEBUG o.s.w.c.RestTemplate - Reading to [java.lang.String] as "text/plain;charset=UTF-8"
16:11:19.278 [Test worker] DEBUG o.s.w.t.h.s.r.b.TomcatHttpServer - Stopping TomcatHttpServer...
16:11:19.295 [Test worker] DEBUG o.s.w.t.h.s.r.b.TomcatHttpServer - Server stopped (0 millis).
16:11:19.531 [Test worker] DEBUG o.s.w.r.r.m.a.RequestMappingHandlerMapping - 2 mappings in 'requestMappingHandlerMapping'
16:11:19.620 [Test worker] DEBUG o.s.w.r.r.m.a.ControllerMethodResolver - ControllerAdvice beans: none
16:11:19.687 [Test worker] DEBUG o.s.w.s.a.HttpWebHandlerAdapter - enableLoggingRequestDetails='false': form data and headers will be masked to prevent unsafe logging of potentially sensitive data
16:11:19.688 [Test worker] DEBUG o.s.w.t.h.s.r.b.UndertowHttpServer - Starting UndertowHttpServer...
16:11:19.688 [Test worker] INFO  i.undertow - starting server: Undertow - 2.0.32.Final
16:11:19.694 [Test worker] DEBUG o.s.w.t.h.s.r.b.UndertowHttpServer - Server started on port 54773(0 millis).
16:11:19.694 [Test worker] DEBUG o.s.w.c.RestTemplate - HTTP GET http://localhost:54773/first;p=11/second;q=22/third-fourth;q=44
16:11:19.695 [Test worker] DEBUG o.s.w.c.RestTemplate - Accept=[text/plain, application/json, application/x-jackson-smile, application/*+json, */*]
16:11:19.697 [XNIO-2 I/O-6] DEBUG o.s.w.s.a.HttpWebHandlerAdapter - [16e2d7dd] HTTP GET "/first;p=11/second;q=22/third-fourth;q=44"
16:11:19.698 [XNIO-2 I/O-6] DEBUG o.s.w.r.r.m.a.RequestMappingHandlerMapping - [16e2d7dd] Mapped to org.springframework.web.reactive.result.method.annotation.ControllerInputIntegrationTests$TestRestController#matrixVar(int, int, int)
16:11:19.702 [XNIO-2 I/O-6] DEBUG o.s.w.r.r.m.a.ResponseBodyResultHandler - Using 'text/plain;charset=UTF-8' given [text/plain, application/json, application/x-jackson-smile, application/*+json, */*] and supported [text/plain;charset=UTF-8, text/event-stream, text/plain;charset=UTF-8, */*]
16:11:19.703 [XNIO-2 I/O-6] DEBUG o.s.w.r.r.m.a.ResponseBodyResultHandler - [16e2d7dd] 0..1 [java.lang.String]
16:11:19.703 [XNIO-2 I/O-6] DEBUG o.s.c.c.CharSequenceEncoder - [16e2d7dd] Writing "p=11, q2=22, q4=44"
16:11:19.705 [XNIO-2 I/O-6] DEBUG o.s.w.s.a.HttpWebHandlerAdapter - [16e2d7dd] Completed 200 OK
16:11:19.705 [Test worker] DEBUG o.s.w.c.RestTemplate - Response 200 OK
16:11:19.705 [Test worker] DEBUG o.s.w.c.RestTemplate - Reading to [java.lang.String] as "text/plain;charset=UTF-8"
16:11:19.706 [Test worker] DEBUG o.s.w.t.h.s.r.b.UndertowHttpServer - Stopping UndertowHttpServer...
16:11:19.706 [Test worker] INFO  i.undertow - stopping server: Undertow - 2.0.32.Final
16:11:19.737 [Test worker] DEBUG o.s.w.t.h.s.r.b.UndertowHttpServer - Server stopped (0 millis).
16:11:19.886 [Test worker] DEBUG o.s.w.r.r.m.a.RequestMappingHandlerMapping - 2 mappings in 'requestMappingHandlerMapping'
16:11:20.001 [Test worker] DEBUG o.s.w.r.r.m.a.ControllerMethodResolver - ControllerAdvice beans: none
16:11:20.095 [Test worker] DEBUG o.s.w.s.a.HttpWebHandlerAdapter - enableLoggingRequestDetails='false': form data and headers will be masked to prevent unsafe logging of potentially sensitive data
16:11:20.096 [Test worker] WARN  o.e.j.s.h.ContextHandler - Empty contextPath
16:11:20.096 [Test worker] INFO  o.e.j.s.h.ContextHandler - Started o.e.j.s.ServletContextHandler@4bf66bca{/,null,AVAILABLE}
16:11:20.097 [Test worker] DEBUG o.s.w.t.h.s.r.b.JettyHttpServer - Starting JettyHttpServer...
16:11:20.097 [Test worker] INFO  o.e.j.s.Server - jetty-9.4.31.v20200723; built: 2020-07-23T17:57:36.812Z; git: 450ba27947e13e66baa8cd1ce7e85a4461cacc1d; jvm 1.8.0_201-b09
16:11:20.113 [Test worker] INFO  o.e.j.s.AbstractConnector - Started ServerConnector@997b15e{HTTP/1.1, (http/1.1)}{0.0.0.0:54777}
16:11:20.113 [Test worker] INFO  o.e.j.s.Server - Started @47953ms
16:11:20.113 [Test worker] DEBUG o.s.w.t.h.s.r.b.JettyHttpServer - Server started on port 54777(0 millis).
16:11:20.114 [Test worker] DEBUG o.s.w.c.RestTemplate - HTTP GET http://localhost:54777/param?name=George
16:11:20.114 [Test worker] DEBUG o.s.w.c.RestTemplate - Accept=[text/plain, application/json, application/x-jackson-smile, application/*+json, */*]
16:11:20.117 [qtp1743825197-106] DEBUG o.s.w.s.a.HttpWebHandlerAdapter - [bfc85e6] HTTP GET "/param?name=George"
16:11:20.118 [qtp1743825197-106] DEBUG o.s.w.r.r.m.a.RequestMappingHandlerMapping - [bfc85e6] Mapped to org.springframework.web.reactive.result.method.annotation.ControllerInputIntegrationTests$TestRestController#param(String)
16:11:20.121 [qtp1743825197-106] DEBUG o.s.w.r.r.m.a.ResponseBodyResultHandler - Using 'text/plain;charset=UTF-8' given [text/plain, application/json, application/x-jackson-smile, application/*+json, */*] and supported [text/plain;charset=UTF-8, text/event-stream, text/plain;charset=UTF-8, */*]
16:11:20.121 [qtp1743825197-106] DEBUG o.s.w.r.r.m.a.ResponseBodyResultHandler - [bfc85e6] 0..N [java.lang.String]
16:11:20.121 [qtp1743825197-106] DEBUG o.s.c.c.CharSequenceEncoder - [bfc85e6] Writing "Hello "
16:11:20.122 [qtp1743825197-106] DEBUG o.s.c.c.CharSequenceEncoder - [bfc85e6] Writing "George"
16:11:20.122 [Test worker] DEBUG o.s.w.c.RestTemplate - Response 200 OK
16:11:20.122 [qtp1743825197-106] DEBUG o.s.c.c.CharSequenceEncoder - [bfc85e6] Writing "!"
16:11:20.123 [qtp1743825197-106] DEBUG o.s.w.s.a.HttpWebHandlerAdapter - [bfc85e6] Completed 200 OK
16:11:20.123 [Test worker] DEBUG o.s.w.c.RestTemplate - Reading to [java.lang.String] as "text/plain;charset=utf-8"
16:11:20.124 [Test worker] DEBUG o.s.w.t.h.s.r.b.JettyHttpServer - Stopping JettyHttpServer...
16:11:20.124 [Test worker] INFO  o.e.j.s.h.ContextHandler - Stopped o.e.j.s.ServletContextHandler@4bf66bca{/,null,UNAVAILABLE}
16:11:20.127 [Test worker] INFO  o.e.j.s.AbstractConnector - Stopped ServerConnector@997b15e{HTTP/1.1, (http/1.1)}{0.0.0.0:0}
16:11:20.138 [Test worker] DEBUG o.s.w.t.h.s.r.b.JettyHttpServer - Server stopped (0 millis).
16:11:20.332 [Test worker] DEBUG o.s.w.r.r.m.a.RequestMappingHandlerMapping - 2 mappings in 'requestMappingHandlerMapping'
16:11:20.415 [Test worker] DEBUG o.s.w.r.r.m.a.ControllerMethodResolver - ControllerAdvice beans: none
16:11:20.524 [Test worker] DEBUG o.s.w.s.a.HttpWebHandlerAdapter - enableLoggingRequestDetails='false': form data and headers will be masked to prevent unsafe logging of potentially sensitive data
16:11:20.524 [Test worker] DEBUG o.s.w.t.h.s.r.b.ReactorHttpServer - Starting ReactorHttpServer...
16:11:20.533 [Test worker] DEBUG o.s.w.t.h.s.r.b.ReactorHttpServer - Server started on port 54782(0 millis).
16:11:20.533 [Test worker] DEBUG o.s.w.c.RestTemplate - HTTP GET http://localhost:54782/param?name=George
16:11:20.534 [Test worker] DEBUG o.s.w.c.RestTemplate - Accept=[text/plain, application/json, application/x-jackson-smile, application/*+json, */*]
16:11:20.539 [reactor-http-nio-6] DEBUG o.s.w.s.a.HttpWebHandlerAdapter - [eb1631f4-3] HTTP GET "/param?name=George"
16:11:20.540 [reactor-http-nio-6] DEBUG o.s.w.r.r.m.a.RequestMappingHandlerMapping - [eb1631f4-3] Mapped to org.springframework.web.reactive.result.method.annotation.ControllerInputIntegrationTests$TestRestController#param(String)
16:11:20.542 [reactor-http-nio-6] DEBUG o.s.w.r.r.m.a.ResponseBodyResultHandler - Using 'text/plain;charset=UTF-8' given [text/plain, application/json, application/x-jackson-smile, application/*+json, */*] and supported [text/plain;charset=UTF-8, text/event-stream, text/plain;charset=UTF-8, */*]
16:11:20.543 [reactor-http-nio-6] DEBUG o.s.w.r.r.m.a.ResponseBodyResultHandler - [eb1631f4-3] 0..N [java.lang.String]
16:11:20.543 [reactor-http-nio-6] DEBUG o.s.c.c.CharSequenceEncoder - [eb1631f4-3] Writing "Hello "
16:11:20.545 [Test worker] DEBUG o.s.w.c.RestTemplate - Response 200 OK
16:11:20.546 [reactor-http-nio-6] DEBUG o.s.c.c.CharSequenceEncoder - [eb1631f4-3] Writing "George"
16:11:20.546 [reactor-http-nio-6] DEBUG o.s.c.c.CharSequenceEncoder - [eb1631f4-3] Writing "!"
16:11:20.548 [Test worker] DEBUG o.s.w.c.RestTemplate - Reading to [java.lang.String] as "text/plain;charset=UTF-8"
16:11:20.548 [reactor-http-nio-6] DEBUG o.s.w.s.a.HttpWebHandlerAdapter - [eb1631f4-3] Completed 200 OK
16:11:20.549 [Test worker] DEBUG o.s.w.t.h.s.r.b.ReactorHttpServer - Stopping ReactorHttpServer...
16:11:20.549 [Test worker] DEBUG o.s.w.t.h.s.r.b.ReactorHttpServer - Server stopped (0 millis).
16:11:20.752 [Test worker] DEBUG o.s.w.r.r.m.a.RequestMappingHandlerMapping - 2 mappings in 'requestMappingHandlerMapping'
16:11:20.851 [Test worker] DEBUG o.s.w.r.r.m.a.ControllerMethodResolver - ControllerAdvice beans: none
16:11:20.927 [Test worker] DEBUG o.s.w.s.a.HttpWebHandlerAdapter - enableLoggingRequestDetails='false': form data and headers will be masked to prevent unsafe logging of potentially sensitive data
16:11:20.930 [Test worker] DEBUG o.s.w.t.h.s.r.b.TomcatHttpServer - Starting TomcatHttpServer...
16:11:20.975 [Test worker] DEBUG o.s.w.t.h.s.r.b.TomcatHttpServer - Server started on port 54789(0 millis).
16:11:20.976 [Test worker] DEBUG o.s.w.c.RestTemplate - HTTP GET http://localhost:54789/param?name=George
16:11:20.976 [Test worker] DEBUG o.s.w.c.RestTemplate - Accept=[text/plain, application/json, application/x-jackson-smile, application/*+json, */*]
16:11:20.981 [http-nio-auto-3-exec-1] DEBUG o.s.w.s.a.HttpWebHandlerAdapter - [de00400] HTTP GET "/param?name=George"
16:11:20.981 [http-nio-auto-3-exec-1] DEBUG o.s.w.r.r.m.a.RequestMappingHandlerMapping - [de00400] Mapped to org.springframework.web.reactive.result.method.annotation.ControllerInputIntegrationTests$TestRestController#param(String)
16:11:20.984 [http-nio-auto-3-exec-1] DEBUG o.s.w.r.r.m.a.ResponseBodyResultHandler - Using 'text/plain;charset=UTF-8' given [text/plain, application/json, application/x-jackson-smile, application/*+json, */*] and supported [text/plain;charset=UTF-8, text/event-stream, text/plain;charset=UTF-8, */*]
16:11:20.984 [http-nio-auto-3-exec-1] DEBUG o.s.w.r.r.m.a.ResponseBodyResultHandler - [de00400] 0..N [java.lang.String]
16:11:20.985 [http-nio-auto-3-exec-1] DEBUG o.s.c.c.CharSequenceEncoder - [de00400] Writing "Hello "
16:11:20.985 [http-nio-auto-3-exec-1] DEBUG o.s.c.c.CharSequenceEncoder - [de00400] Writing "George"
16:11:20.986 [http-nio-auto-3-exec-1] DEBUG o.s.c.c.CharSequenceEncoder - [de00400] Writing "!"
16:11:20.986 [http-nio-auto-3-exec-1] DEBUG o.s.w.s.a.HttpWebHandlerAdapter - [de00400] Completed 200 OK
16:11:20.987 [Test worker] DEBUG o.s.w.c.RestTemplate - Response 200 OK
16:11:20.988 [Test worker] DEBUG o.s.w.c.RestTemplate - Reading to [java.lang.String] as "text/plain;charset=UTF-8"
16:11:20.988 [Test worker] DEBUG o.s.w.t.h.s.r.b.TomcatHttpServer - Stopping TomcatHttpServer...
16:11:21.010 [Test worker] DEBUG o.s.w.t.h.s.r.b.TomcatHttpServer - Server stopped (0 millis).
16:11:21.220 [Test worker] DEBUG o.s.w.r.r.m.a.RequestMappingHandlerMapping - 2 mappings in 'requestMappingHandlerMapping'
16:11:21.347 [Test worker] DEBUG o.s.w.r.r.m.a.ControllerMethodResolver - ControllerAdvice beans: none
16:11:21.432 [Test worker] DEBUG o.s.w.s.a.HttpWebHandlerAdapter - enableLoggingRequestDetails='false': form data and headers will be masked to prevent unsafe logging of potentially sensitive data
16:11:21.433 [Test worker] DEBUG o.s.w.t.h.s.r.b.UndertowHttpServer - Starting UndertowHttpServer...
16:11:21.433 [Test worker] INFO  i.undertow - starting server: Undertow - 2.0.32.Final
16:11:21.439 [Test worker] DEBUG o.s.w.t.h.s.r.b.UndertowHttpServer - Server started on port 54797(0 millis).
16:11:21.440 [Test worker] DEBUG o.s.w.c.RestTemplate - HTTP GET http://localhost:54797/param?name=George
16:11:21.440 [Test worker] DEBUG o.s.w.c.RestTemplate - Accept=[text/plain, application/json, application/x-jackson-smile, application/*+json, */*]
16:11:21.442 [XNIO-3 I/O-6] DEBUG o.s.w.s.a.HttpWebHandlerAdapter - [1a385f13] HTTP GET "/param?name=George"
16:11:21.443 [XNIO-3 I/O-6] DEBUG o.s.w.r.r.m.a.RequestMappingHandlerMapping - [1a385f13] Mapped to org.springframework.web.reactive.result.method.annotation.ControllerInputIntegrationTests$TestRestController#param(String)
16:11:21.446 [XNIO-3 I/O-6] DEBUG o.s.w.r.r.m.a.ResponseBodyResultHandler - Using 'text/plain;charset=UTF-8' given [text/plain, application/json, application/x-jackson-smile, application/*+json, */*] and supported [text/plain;charset=UTF-8, text/event-stream, text/plain;charset=UTF-8, */*]
16:11:21.446 [XNIO-3 I/O-6] DEBUG o.s.w.r.r.m.a.ResponseBodyResultHandler - [1a385f13] 0..N [java.lang.String]
16:11:21.446 [XNIO-3 I/O-6] DEBUG o.s.c.c.CharSequenceEncoder - [1a385f13] Writing "Hello "
16:11:21.447 [XNIO-3 I/O-6] DEBUG o.s.c.c.CharSequenceEncoder - [1a385f13] Writing "George"
16:11:21.448 [XNIO-3 I/O-6] DEBUG o.s.c.c.CharSequenceEncoder - [1a385f13] Writing "!"
16:11:21.448 [Test worker] DEBUG o.s.w.c.RestTemplate - Response 200 OK
16:11:21.448 [XNIO-3 I/O-6] DEBUG o.s.w.s.a.HttpWebHandlerAdapter - [1a385f13] Completed 200 OK
16:11:21.448 [Test worker] DEBUG o.s.w.c.RestTemplate - Reading to [java.lang.String] as "text/plain;charset=UTF-8"
16:11:21.449 [Test worker] DEBUG o.s.w.t.h.s.r.b.UndertowHttpServer - Stopping UndertowHttpServer...
16:11:21.449 [Test worker] INFO  i.undertow - stopping server: Undertow - 2.0.32.Final
16:11:21.454 [Test worker] DEBUG o.s.w.t.h.s.r.b.UndertowHttpServer - Server stopped (0 millis).
]]></system-out>
  <system-err><![CDATA[]]></system-err>
</testsuite>
