<?xml version="1.0" encoding="UTF-8"?>
<testsuite name="org.springframework.web.reactive.handler.SimpleUrlHandlerMappingTests" tests="2" skipped="0" failures="0" errors="0" timestamp="2021-06-20T08:10:39" hostname="gankangdembp" time="11.821">
  <properties/>
  <testcase name="handlerMappingJavaConfig()" classname="org.springframework.web.reactive.handler.SimpleUrlHandlerMappingTests" time="10.764"/>
  <testcase name="handlerMappingXmlConfig()" classname="org.springframework.web.reactive.handler.SimpleUrlHandlerMappingTests" time="1.056"/>
  <system-out><![CDATA[16:10:50.063 [Test worker] DEBUG o.s.w.r.h.SimpleUrlHandlerMapping - [5776b290] Mapped to java.lang.Object@3b6e7ec7
16:10:50.465 [Test worker] DEBUG o.s.w.r.h.SimpleUrlHandlerMapping - [55d62702] Mapped to java.lang.Object@5209f3c9
16:10:50.467 [Test worker] DEBUG o.s.w.r.h.SimpleUrlHandlerMapping - [5cc6eb22] Mapped to java.lang.Object@5209f3c9
16:10:50.468 [Test worker] DEBUG o.s.w.r.h.SimpleUrlHandlerMapping - [3cba9d47] Mapped to java.lang.Object@3b6e7ec7
16:10:50.469 [Test worker] DEBUG o.s.w.r.h.SimpleUrlHandlerMapping - [6c342350] Mapped to java.lang.Object@3b6e7ec7
16:10:51.302 [Test worker] DEBUG o.s.w.r.h.SimpleUrlHandlerMapping - Patterns [/shortpattern/testing, /*/test.jpeg, /pathmatching??.html, /??path??matching.html, /welcome.html, /anotherTest*, /administrator/*/pathmatching.html, /confirmation.html, /outofpattern*yeah, /administrator/*/testlast*, /sho*, /reservation.html, /payment.html, /*pathmatchingTest.html, /*test*.jpeg, /administrator/another/bla.xml, /path??matching.html, /stillAnotherTestYeah, /show123.html, /bookseats.html, /administrator/testing/longer/*, /administrator/pathmatching.html] in 'mapping'
16:10:51.475 [Test worker] DEBUG o.s.w.r.h.SimpleUrlHandlerMapping - Patterns [/shortpattern/testing, /*/test.jpeg, /pathmatching??.html, /??path??matching.html, /welcome.html, /anotherTest*, /administrator/*/pathmatching.html, /confirmation.html, /outofpattern*yeah, /administrator/*/testlast*, /sho*, /reservation.html, /payment.html, /*pathmatchingTest.html, /*test*.jpeg, /administrator/another/bla.xml, /path??matching.html, /stillAnotherTestYeah, /show123.html, /bookseats.html, /administrator/testing/longer/*, /administrator/pathmatching.html] in 'mapping'
16:10:51.476 [Test worker] DEBUG o.s.w.r.h.SimpleUrlHandlerMapping - [4ff07a9d] Mapped to java.lang.Object@2d2f20be
16:10:51.480 [Test worker] DEBUG o.s.w.r.h.SimpleUrlHandlerMapping - [5ac988bd] Mapped to java.lang.Object@2d2f20be
16:10:51.490 [Test worker] DEBUG o.s.w.r.h.SimpleUrlHandlerMapping - [68327110] Mapped to java.lang.Object@2d2f20be
16:10:51.492 [Test worker] DEBUG o.s.w.r.h.SimpleUrlHandlerMapping - [7e9970cb] Mapped to java.lang.Object@2d2f20be
16:10:51.495 [Test worker] DEBUG o.s.w.r.h.SimpleUrlHandlerMapping - [9ce818b] Mapped to java.lang.Object@2d2f20be
16:10:51.496 [Test worker] DEBUG o.s.w.r.h.SimpleUrlHandlerMapping - [47a5f2f1] Mapped to java.lang.Object@2d2f20be
16:10:51.499 [Test worker] DEBUG o.s.w.r.h.SimpleUrlHandlerMapping - [42aade9e] Mapped to java.lang.Object@2d2f20be
16:10:51.501 [Test worker] DEBUG o.s.w.r.h.SimpleUrlHandlerMapping - [2f239711] Mapped to java.lang.Object@2d2f20be
16:10:51.503 [Test worker] DEBUG o.s.w.r.h.SimpleUrlHandlerMapping - [3be9f245] Mapped to java.lang.Object@2d2f20be
16:10:51.505 [Test worker] DEBUG o.s.w.r.h.SimpleUrlHandlerMapping - [cce5975] Mapped to java.lang.Object@2d2f20be
16:10:51.505 [Test worker] DEBUG o.s.w.r.h.SimpleUrlHandlerMapping - [78c1e973] Mapped to java.lang.Object@2d2f20be
16:10:51.506 [Test worker] DEBUG o.s.w.r.h.SimpleUrlHandlerMapping - [46f5b554] Mapped to java.lang.Object@2d2f20be
16:10:51.507 [Test worker] DEBUG o.s.w.r.h.SimpleUrlHandlerMapping - [4fce6def] Mapped to java.lang.Object@2d2f20be
16:10:51.508 [Test worker] DEBUG o.s.w.r.h.SimpleUrlHandlerMapping - [46487db6] Mapped to java.lang.Object@2d2f20be
16:10:51.557 [Test worker] DEBUG o.s.w.r.h.SimpleUrlHandlerMapping - [11619e7b] Mapped to java.lang.Object@2d2f20be
]]></system-out>
  <system-err><![CDATA[]]></system-err>
</testsuite>
