<?xml version="1.0" encoding="UTF-8"?>
<testsuite name="org.springframework.web.reactive.function.server.RequestPredicateTests" tests="3" skipped="0" failures="0" errors="0" timestamp="2020-05-29T14:00:38" hostname="bamboo-18" time="0.011">
  <properties/>
  <testcase name="negate()" classname="org.springframework.web.reactive.function.server.RequestPredicateTests" time="0.001"/>
  <testcase name="or()" classname="org.springframework.web.reactive.function.server.RequestPredicateTests" time="0.007"/>
  <testcase name="and()" classname="org.springframework.web.reactive.function.server.RequestPredicateTests" time="0.003"/>
  <system-out><![CDATA[]]></system-out>
  <system-err><![CDATA[]]></system-err>
</testsuite>
