<?xml version="1.0" encoding="UTF-8"?>
<testsuite name="org.springframework.web.reactive.result.method.annotation.RequestAttributeMethodArgumentResolverTests" tests="6" skipped="0" failures="0" errors="0" timestamp="2020-05-29T14:00:05" hostname="bamboo-18" time="0.074">
  <properties/>
  <testcase name="resolveOptional()" classname="org.springframework.web.reactive.result.method.annotation.RequestAttributeMethodArgumentResolverTests" time="0.021"/>
  <testcase name="resolveMonoParameter()" classname="org.springframework.web.reactive.result.method.annotation.RequestAttributeMethodArgumentResolverTests" time="0.016"/>
  <testcase name="resolve()" classname="org.springframework.web.reactive.result.method.annotation.RequestAttributeMethodArgumentResolverTests" time="0.009"/>
  <testcase name="resolveNotRequired()" classname="org.springframework.web.reactive.result.method.annotation.RequestAttributeMethodArgumentResolverTests" time="0.007"/>
  <testcase name="resolveWithName()" classname="org.springframework.web.reactive.result.method.annotation.RequestAttributeMethodArgumentResolverTests" time="0.003"/>
  <testcase name="supportsParameter()" classname="org.springframework.web.reactive.result.method.annotation.RequestAttributeMethodArgumentResolverTests" time="0.01"/>
  <system-out><![CDATA[]]></system-out>
  <system-err><![CDATA[]]></system-err>
</testsuite>
