<?xml version="1.0" encoding="UTF-8"?>
<testsuite name="org.springframework.web.reactive.result.KotlinInvocableHandlerMethodTests" tests="6" skipped="0" failures="0" errors="0" timestamp="2020-05-29T14:00:38" hostname="bamboo-18" time="5.228">
  <properties/>
  <testcase name="resolveArg()" classname="org.springframework.web.reactive.result.KotlinInvocableHandlerMethodTests" time="5.019"/>
  <testcase name="voidMethodWithResponseArg()" classname="org.springframework.web.reactive.result.KotlinInvocableHandlerMethodTests" time="0.051"/>
  <testcase name="resolveNoArgs()" classname="org.springframework.web.reactive.result.KotlinInvocableHandlerMethodTests" time="0.025"/>
  <testcase name="invocationTargetException()" classname="org.springframework.web.reactive.result.KotlinInvocableHandlerMethodTests" time="0.016"/>
  <testcase name="resolveNoArg()" classname="org.springframework.web.reactive.result.KotlinInvocableHandlerMethodTests" time="0.02"/>
  <testcase name="responseStatusAnnotation()" classname="org.springframework.web.reactive.result.KotlinInvocableHandlerMethodTests" time="0.061"/>
  <system-out><![CDATA[]]></system-out>
  <system-err><![CDATA[]]></system-err>
</testsuite>
