<?xml version="1.0" encoding="UTF-8"?>
<testsuite name="org.springframework.web.reactive.handler.WebFluxResponseStatusExceptionHandlerTests" tests="8" skipped="0" failures="0" errors="0" timestamp="2021-06-20T08:10:47" hostname="gankangdembp" time="0.953">
  <properties/>
  <testcase name="handleNestedResponseStatusException()" classname="org.springframework.web.reactive.handler.WebFluxResponseStatusExceptionHandlerTests" time="0.567"/>
  <testcase name="unresolvedException()" classname="org.springframework.web.reactive.handler.WebFluxResponseStatusExceptionHandlerTests" time="0.095"/>
  <testcase name="handleResponseStatusExceptionWithHeaders()" classname="org.springframework.web.reactive.handler.WebFluxResponseStatusExceptionHandlerTests" time="0.085"/>
  <testcase name="handleMethodNotAllowed()" classname="org.springframework.web.reactive.handler.WebFluxResponseStatusExceptionHandlerTests" time="0.026"/>
  <testcase name="responseCommitted()" classname="org.springframework.web.reactive.handler.WebFluxResponseStatusExceptionHandlerTests" time="0.024"/>
  <testcase name="handleResponseStatusException()" classname="org.springframework.web.reactive.handler.WebFluxResponseStatusExceptionHandlerTests" time="0.001"/>
  <testcase name="handleAnnotatedException()" classname="org.springframework.web.reactive.handler.WebFluxResponseStatusExceptionHandlerTests" time="0.127"/>
  <testcase name="handleNestedAnnotatedException()" classname="org.springframework.web.reactive.handler.WebFluxResponseStatusExceptionHandlerTests" time="0.015"/>
  <system-out><![CDATA[16:10:48.102 [Test worker] DEBUG o.s.w.s.h.ResponseStatusExceptionHandler - [129a7718] Resolved [Exception: org.springframework.web.server.ResponseStatusException: 400 BAD_REQUEST ""] for HTTP GET /
16:10:48.679 [Test worker] DEBUG o.s.w.s.h.ResponseStatusExceptionHandler - [66979ec] Resolved [NotAcceptableStatusException: 406 NOT_ACCEPTABLE "Could not find acceptable representation"] for HTTP GET /
16:10:48.762 [Test worker] DEBUG o.s.w.s.h.ResponseStatusExceptionHandler - [79fe04db] Resolved [MethodNotAllowedException: 405 METHOD_NOT_ALLOWED "Request method 'PATCH' not supported"] for HTTP GET /
16:10:48.793 [Test worker] DEBUG o.s.w.s.h.ResponseStatusExceptionHandler - [c7fbe69] Resolved [ResponseStatusException: 400 BAD_REQUEST ""] for HTTP GET /
16:10:48.921 [Test worker] DEBUG o.s.w.s.h.ResponseStatusExceptionHandler - [1a0572fb] Resolved [CustomException: null] for HTTP GET /
16:10:48.941 [Test worker] DEBUG o.s.w.s.h.ResponseStatusExceptionHandler - [1af41cdc] Resolved [Exception: org.springframework.web.reactive.handler.WebFluxResponseStatusExceptionHandlerTests$CustomException] for HTTP GET /
]]></system-out>
  <system-err><![CDATA[]]></system-err>
</testsuite>
