<?xml version="1.0" encoding="UTF-8"?>
<testsuite name="org.springframework.web.reactive.function.server.LocaleContextResolverIntegrationTests" tests="4" skipped="0" failures="0" errors="0" timestamp="2021-06-20T08:12:50" hostname="gankangdembp" time="0.206">
  <properties/>
  <testcase name="fixedLocale(HttpServer)[1]" classname="org.springframework.web.reactive.function.server.LocaleContextResolverIntegrationTests" time="0.054"/>
  <testcase name="fixedLocale(HttpServer)[2]" classname="org.springframework.web.reactive.function.server.LocaleContextResolverIntegrationTests" time="0.039"/>
  <testcase name="fixedLocale(HttpServer)[3]" classname="org.springframework.web.reactive.function.server.LocaleContextResolverIntegrationTests" time="0.077"/>
  <testcase name="fixedLocale(HttpServer)[4]" classname="org.springframework.web.reactive.function.server.LocaleContextResolverIntegrationTests" time="0.033"/>
  <system-out><![CDATA[16:12:50.182 [Test worker] DEBUG o.s.w.s.a.HttpWebHandlerAdapter - enableLoggingRequestDetails='false': form data and headers will be masked to prevent unsafe logging of potentially sensitive data
16:12:50.182 [Test worker] WARN  o.e.j.s.h.ContextHandler - Empty contextPath
16:12:50.182 [Test worker] INFO  o.e.j.s.h.ContextHandler - Started o.e.j.s.ServletContextHandler@1c392281{/,null,AVAILABLE}
16:12:50.183 [Test worker] DEBUG o.s.w.t.h.s.r.b.JettyHttpServer - Starting JettyHttpServer...
16:12:50.183 [Test worker] INFO  o.e.j.s.Server - jetty-9.4.31.v20200723; built: 2020-07-23T17:57:36.812Z; git: 450ba27947e13e66baa8cd1ce7e85a4461cacc1d; jvm 1.8.0_201-b09
16:12:50.186 [Test worker] INFO  o.e.j.s.AbstractConnector - Started ServerConnector@f554421{HTTP/1.1, (http/1.1)}{0.0.0.0:56803}
16:12:50.186 [Test worker] INFO  o.e.j.s.Server - Started @138032ms
16:12:50.186 [Test worker] DEBUG o.s.w.t.h.s.r.b.JettyHttpServer - Server started on port 56803(0 millis).
16:12:50.188 [Test worker] DEBUG o.s.w.r.f.c.ExchangeFunctions - [68ad8987] HTTP GET http://localhost:56803/
16:12:50.192 [qtp1016223472-2138] DEBUG o.s.w.s.a.HttpWebHandlerAdapter - [1cd2435e] HTTP GET "/"
16:12:50.194 [qtp1016223472-2138] DEBUG o.s.w.s.a.HttpWebHandlerAdapter - [1cd2435e] Completed 200 OK
16:12:50.196 [reactor-http-nio-11] DEBUG o.s.w.r.f.c.ExchangeFunctions - [68ad8987] Response 200 OK
16:12:50.198 [Test worker] DEBUG o.s.w.t.h.s.r.b.JettyHttpServer - Stopping JettyHttpServer...
16:12:50.198 [Test worker] INFO  o.e.j.s.h.ContextHandler - Stopped o.e.j.s.ServletContextHandler@1c392281{/,null,UNAVAILABLE}
16:12:50.200 [Test worker] INFO  o.e.j.s.AbstractConnector - Stopped ServerConnector@f554421{HTTP/1.1, (http/1.1)}{0.0.0.0:0}
16:12:50.211 [Test worker] DEBUG o.s.w.t.h.s.r.b.JettyHttpServer - Server stopped (0 millis).
16:12:50.236 [Test worker] DEBUG o.s.w.s.a.HttpWebHandlerAdapter - enableLoggingRequestDetails='false': form data and headers will be masked to prevent unsafe logging of potentially sensitive data
16:12:50.236 [Test worker] DEBUG o.s.w.t.h.s.r.b.ReactorHttpServer - Starting ReactorHttpServer...
16:12:50.241 [Test worker] DEBUG o.s.w.t.h.s.r.b.ReactorHttpServer - Server started on port 56805(0 millis).
16:12:50.241 [Test worker] DEBUG o.s.w.r.f.c.ExchangeFunctions - [2fe408f1] HTTP GET http://localhost:56805/
16:12:50.247 [reactor-http-nio-2] DEBUG o.s.w.s.a.HttpWebHandlerAdapter - [952758a4-57] HTTP GET "/"
16:12:50.247 [reactor-http-nio-2] DEBUG o.s.w.s.a.HttpWebHandlerAdapter - [952758a4-57] Completed 200 OK
16:12:50.249 [reactor-http-nio-1] DEBUG o.s.w.r.f.c.ExchangeFunctions - [2fe408f1] Response 200 OK
16:12:50.250 [Test worker] DEBUG o.s.w.t.h.s.r.b.ReactorHttpServer - Stopping ReactorHttpServer...
16:12:50.251 [Test worker] DEBUG o.s.w.t.h.s.r.b.ReactorHttpServer - Server stopped (0 millis).
16:12:50.289 [Test worker] DEBUG o.s.w.s.a.HttpWebHandlerAdapter - enableLoggingRequestDetails='false': form data and headers will be masked to prevent unsafe logging of potentially sensitive data
16:12:50.289 [Test worker] DEBUG o.s.w.t.h.s.r.b.TomcatHttpServer - Starting TomcatHttpServer...
16:12:50.300 [Test worker] DEBUG o.s.w.t.h.s.r.b.TomcatHttpServer - Server started on port 56807(0 millis).
16:12:50.301 [Test worker] DEBUG o.s.w.r.f.c.ExchangeFunctions - [5a65b3e3] HTTP GET http://localhost:56807/
16:12:50.306 [http-nio-auto-56-exec-1] DEBUG o.s.w.s.a.HttpWebHandlerAdapter - [b3039e8] HTTP GET "/"
16:12:50.307 [http-nio-auto-56-exec-1] DEBUG o.s.w.s.a.HttpWebHandlerAdapter - [b3039e8] Completed 200 OK
16:12:50.308 [reactor-http-nio-3] DEBUG o.s.w.r.f.c.ExchangeFunctions - [5a65b3e3] Response 200 OK
16:12:50.309 [Test worker] DEBUG o.s.w.t.h.s.r.b.TomcatHttpServer - Stopping TomcatHttpServer...
16:12:50.328 [Test worker] DEBUG o.s.w.t.h.s.r.b.TomcatHttpServer - Server stopped (0 millis).
16:12:50.342 [Test worker] DEBUG o.s.w.s.a.HttpWebHandlerAdapter - enableLoggingRequestDetails='false': form data and headers will be masked to prevent unsafe logging of potentially sensitive data
16:12:50.342 [Test worker] DEBUG o.s.w.t.h.s.r.b.UndertowHttpServer - Starting UndertowHttpServer...
16:12:50.342 [Test worker] INFO  i.undertow - starting server: Undertow - 2.0.32.Final
16:12:50.353 [Test worker] DEBUG o.s.w.t.h.s.r.b.UndertowHttpServer - Server started on port 56810(0 millis).
16:12:50.354 [Test worker] DEBUG o.s.w.r.f.c.ExchangeFunctions - [a583a52] HTTP GET http://localhost:56810/
16:12:50.359 [XNIO-56 I/O-6] DEBUG o.s.w.s.a.HttpWebHandlerAdapter - [79de1857] HTTP GET "/"
16:12:50.359 [XNIO-56 I/O-6] DEBUG o.s.w.s.a.HttpWebHandlerAdapter - [79de1857] Completed 200 OK
16:12:50.360 [reactor-http-nio-4] DEBUG o.s.w.r.f.c.ExchangeFunctions - [a583a52] Response 200 OK
16:12:50.361 [Test worker] DEBUG o.s.w.t.h.s.r.b.UndertowHttpServer - Stopping UndertowHttpServer...
16:12:50.361 [Test worker] INFO  i.undertow - stopping server: Undertow - 2.0.32.Final
16:12:50.363 [Test worker] DEBUG o.s.w.t.h.s.r.b.UndertowHttpServer - Server stopped (0 millis).
]]></system-out>
  <system-err><![CDATA[]]></system-err>
</testsuite>
