<?xml version="1.0" encoding="UTF-8"?>
<testsuite name="org.springframework.web.reactive.result.view.UrlBasedViewResolverTests" tests="5" skipped="0" failures="0" errors="0" timestamp="2020-05-29T14:00:22" hostname="bamboo-18" time="0.012">
  <properties/>
  <testcase name="viewNames()" classname="org.springframework.web.reactive.result.view.UrlBasedViewResolverTests" time="0.001"/>
  <testcase name="urlBasedViewResolverDoesNotOverrideCustomRequestContextAttributeWithNull()" classname="org.springframework.web.reactive.result.view.UrlBasedViewResolverTests" time="0.0"/>
  <testcase name="redirectView()" classname="org.springframework.web.reactive.result.view.UrlBasedViewResolverTests" time="0.008"/>
  <testcase name="urlBasedViewResolverOverridesCustomRequestContextAttributeWithNonNullValue()" classname="org.springframework.web.reactive.result.view.UrlBasedViewResolverTests" time="0.001"/>
  <testcase name="customizedRedirectView()" classname="org.springframework.web.reactive.result.view.UrlBasedViewResolverTests" time="0.001"/>
  <system-out><![CDATA[]]></system-out>
  <system-err><![CDATA[]]></system-err>
</testsuite>
