<?xml version="1.0" encoding="UTF-8"?>
<testsuite name="org.springframework.web.reactive.result.method.annotation.ServerWebExchangeMethodArgumentResolverTests" tests="3" skipped="0" failures="0" errors="0" timestamp="2021-06-20T08:11:52" hostname="gankangdembp" time="0.036">
  <properties/>
  <testcase name="resolveUriComponentsBuilder()" classname="org.springframework.web.reactive.result.method.annotation.ServerWebExchangeMethodArgumentResolverTests" time="0.011"/>
  <testcase name="resolveArgument()" classname="org.springframework.web.reactive.result.method.annotation.ServerWebExchangeMethodArgumentResolverTests" time="0.02"/>
  <testcase name="supportsParameter()" classname="org.springframework.web.reactive.result.method.annotation.ServerWebExchangeMethodArgumentResolverTests" time="0.002"/>
  <system-out><![CDATA[]]></system-out>
  <system-err><![CDATA[]]></system-err>
</testsuite>
