<?xml version="1.0" encoding="UTF-8"?>
<testsuite name="org.springframework.web.reactive.result.method.annotation.PrincipalMethodArgumentResolverTests" tests="2" skipped="0" failures="0" errors="0" timestamp="2020-05-29T14:00:18" hostname="bamboo-18" time="0.045">
  <properties/>
  <testcase name="resolverArgument()" classname="org.springframework.web.reactive.result.method.annotation.PrincipalMethodArgumentResolverTests" time="0.041"/>
  <testcase name="supportsParameter()" classname="org.springframework.web.reactive.result.method.annotation.PrincipalMethodArgumentResolverTests" time="0.003"/>
  <system-out><![CDATA[]]></system-out>
  <system-err><![CDATA[]]></system-err>
</testsuite>
