<?xml version="1.0" encoding="UTF-8"?>
<testsuite name="org.springframework.web.reactive.result.view.script.ScriptTemplateViewResolverTests" tests="1" skipped="0" failures="0" errors="0" timestamp="2020-05-29T14:00:53" hostname="bamboo-18" time="0.006">
  <properties/>
  <testcase name="viewClass()" classname="org.springframework.web.reactive.result.view.script.ScriptTemplateViewResolverTests" time="0.006"/>
  <system-out><![CDATA[]]></system-out>
  <system-err><![CDATA[]]></system-err>
</testsuite>
