<?xml version="1.0" encoding="UTF-8"?>
<testsuite name="org.springframework.web.reactive.resource.EncodedResourceResolverTests" tests="4" skipped="0" failures="0" errors="0" timestamp="2020-05-29T14:01:16" hostname="bamboo-18" time="0.031">
  <properties/>
  <testcase name="resolveGzippedWithVersion(GzippedFiles)" classname="org.springframework.web.reactive.resource.EncodedResourceResolverTests" time="0.023"/>
  <testcase name="resolveGzipped(GzippedFiles)" classname="org.springframework.web.reactive.resource.EncodedResourceResolverTests" time="0.006"/>
  <testcase name="resolveWithNullRequest()" classname="org.springframework.web.reactive.resource.EncodedResourceResolverTests" time="0.0"/>
  <testcase name="resolveFromCacheWithEncodingVariants(GzippedFiles)" classname="org.springframework.web.reactive.resource.EncodedResourceResolverTests" time="0.001"/>
  <system-out><![CDATA[]]></system-out>
  <system-err><![CDATA[]]></system-err>
</testsuite>
