<?xml version="1.0" encoding="UTF-8"?>
<testsuite name="org.springframework.web.reactive.result.method.annotation.JacksonHintsIntegrationTests" tests="36" skipped="0" failures="0" errors="0" timestamp="2021-06-20T08:11:13" hostname="gankangdembp" time="15.84">
  <properties/>
  <testcase name="jsonViewWithEntityMonoRequest(HttpServer)[1]" classname="org.springframework.web.reactive.result.method.annotation.JacksonHintsIntegrationTests" time="1.167"/>
  <testcase name="jsonViewWithEntityMonoRequest(HttpServer)[2]" classname="org.springframework.web.reactive.result.method.annotation.JacksonHintsIntegrationTests" time="0.447"/>
  <testcase name="jsonViewWithEntityMonoRequest(HttpServer)[3]" classname="org.springframework.web.reactive.result.method.annotation.JacksonHintsIntegrationTests" time="0.542"/>
  <testcase name="jsonViewWithEntityMonoRequest(HttpServer)[4]" classname="org.springframework.web.reactive.result.method.annotation.JacksonHintsIntegrationTests" time="0.51"/>
  <testcase name="jsonViewWithRequest(HttpServer)[1]" classname="org.springframework.web.reactive.result.method.annotation.JacksonHintsIntegrationTests" time="0.426"/>
  <testcase name="jsonViewWithRequest(HttpServer)[2]" classname="org.springframework.web.reactive.result.method.annotation.JacksonHintsIntegrationTests" time="0.386"/>
  <testcase name="jsonViewWithRequest(HttpServer)[3]" classname="org.springframework.web.reactive.result.method.annotation.JacksonHintsIntegrationTests" time="0.43"/>
  <testcase name="jsonViewWithRequest(HttpServer)[4]" classname="org.springframework.web.reactive.result.method.annotation.JacksonHintsIntegrationTests" time="0.427"/>
  <testcase name="jsonViewWithMonoResponseEntity(HttpServer)[1]" classname="org.springframework.web.reactive.result.method.annotation.JacksonHintsIntegrationTests" time="0.457"/>
  <testcase name="jsonViewWithMonoResponseEntity(HttpServer)[2]" classname="org.springframework.web.reactive.result.method.annotation.JacksonHintsIntegrationTests" time="0.348"/>
  <testcase name="jsonViewWithMonoResponseEntity(HttpServer)[3]" classname="org.springframework.web.reactive.result.method.annotation.JacksonHintsIntegrationTests" time="0.385"/>
  <testcase name="jsonViewWithMonoResponseEntity(HttpServer)[4]" classname="org.springframework.web.reactive.result.method.annotation.JacksonHintsIntegrationTests" time="0.418"/>
  <testcase name="jsonViewWithFluxRequest(HttpServer)[1]" classname="org.springframework.web.reactive.result.method.annotation.JacksonHintsIntegrationTests" time="0.454"/>
  <testcase name="jsonViewWithFluxRequest(HttpServer)[2]" classname="org.springframework.web.reactive.result.method.annotation.JacksonHintsIntegrationTests" time="0.423"/>
  <testcase name="jsonViewWithFluxRequest(HttpServer)[3]" classname="org.springframework.web.reactive.result.method.annotation.JacksonHintsIntegrationTests" time="0.436"/>
  <testcase name="jsonViewWithFluxRequest(HttpServer)[4]" classname="org.springframework.web.reactive.result.method.annotation.JacksonHintsIntegrationTests" time="0.381"/>
  <testcase name="jsonViewWithMonoRequest(HttpServer)[1]" classname="org.springframework.web.reactive.result.method.annotation.JacksonHintsIntegrationTests" time="0.367"/>
  <testcase name="jsonViewWithMonoRequest(HttpServer)[2]" classname="org.springframework.web.reactive.result.method.annotation.JacksonHintsIntegrationTests" time="0.365"/>
  <testcase name="jsonViewWithMonoRequest(HttpServer)[3]" classname="org.springframework.web.reactive.result.method.annotation.JacksonHintsIntegrationTests" time="0.354"/>
  <testcase name="jsonViewWithMonoRequest(HttpServer)[4]" classname="org.springframework.web.reactive.result.method.annotation.JacksonHintsIntegrationTests" time="0.331"/>
  <testcase name="jsonViewResponse(HttpServer)[1]" classname="org.springframework.web.reactive.result.method.annotation.JacksonHintsIntegrationTests" time="0.298"/>
  <testcase name="jsonViewResponse(HttpServer)[2]" classname="org.springframework.web.reactive.result.method.annotation.JacksonHintsIntegrationTests" time="0.29"/>
  <testcase name="jsonViewResponse(HttpServer)[3]" classname="org.springframework.web.reactive.result.method.annotation.JacksonHintsIntegrationTests" time="0.339"/>
  <testcase name="jsonViewResponse(HttpServer)[4]" classname="org.springframework.web.reactive.result.method.annotation.JacksonHintsIntegrationTests" time="0.315"/>
  <testcase name="jsonViewWithFluxResponse(HttpServer)[1]" classname="org.springframework.web.reactive.result.method.annotation.JacksonHintsIntegrationTests" time="0.336"/>
  <testcase name="jsonViewWithFluxResponse(HttpServer)[2]" classname="org.springframework.web.reactive.result.method.annotation.JacksonHintsIntegrationTests" time="0.273"/>
  <testcase name="jsonViewWithFluxResponse(HttpServer)[3]" classname="org.springframework.web.reactive.result.method.annotation.JacksonHintsIntegrationTests" time="0.365"/>
  <testcase name="jsonViewWithFluxResponse(HttpServer)[4]" classname="org.springframework.web.reactive.result.method.annotation.JacksonHintsIntegrationTests" time="0.366"/>
  <testcase name="jsonViewWithEntityFluxRequest(HttpServer)[1]" classname="org.springframework.web.reactive.result.method.annotation.JacksonHintsIntegrationTests" time="0.368"/>
  <testcase name="jsonViewWithEntityFluxRequest(HttpServer)[2]" classname="org.springframework.web.reactive.result.method.annotation.JacksonHintsIntegrationTests" time="0.268"/>
  <testcase name="jsonViewWithEntityFluxRequest(HttpServer)[3]" classname="org.springframework.web.reactive.result.method.annotation.JacksonHintsIntegrationTests" time="0.35"/>
  <testcase name="jsonViewWithEntityFluxRequest(HttpServer)[4]" classname="org.springframework.web.reactive.result.method.annotation.JacksonHintsIntegrationTests" time="0.286"/>
  <testcase name="jsonViewWithMonoResponse(HttpServer)[1]" classname="org.springframework.web.reactive.result.method.annotation.JacksonHintsIntegrationTests" time="0.347"/>
  <testcase name="jsonViewWithMonoResponse(HttpServer)[2]" classname="org.springframework.web.reactive.result.method.annotation.JacksonHintsIntegrationTests" time="0.279"/>
  <testcase name="jsonViewWithMonoResponse(HttpServer)[3]" classname="org.springframework.web.reactive.result.method.annotation.JacksonHintsIntegrationTests" time="0.391"/>
  <testcase name="jsonViewWithMonoResponse(HttpServer)[4]" classname="org.springframework.web.reactive.result.method.annotation.JacksonHintsIntegrationTests" time="0.423"/>
  <system-out><![CDATA[16:11:13.617 [Test worker] DEBUG o.s.w.r.r.m.a.RequestMappingHandlerMapping - 9 mappings in 'requestMappingHandlerMapping'
16:11:13.736 [Test worker] DEBUG o.s.w.r.r.m.a.ControllerMethodResolver - ControllerAdvice beans: none
16:11:13.807 [Test worker] DEBUG o.s.w.s.a.HttpWebHandlerAdapter - enableLoggingRequestDetails='false': form data and headers will be masked to prevent unsafe logging of potentially sensitive data
16:11:13.807 [Test worker] WARN  o.e.j.s.h.ContextHandler - Empty contextPath
16:11:13.808 [Test worker] INFO  o.e.j.s.h.ContextHandler - Started o.e.j.s.ServletContextHandler@55466436{/,null,AVAILABLE}
16:11:13.809 [Test worker] DEBUG o.s.w.t.h.s.r.b.JettyHttpServer - Starting JettyHttpServer...
16:11:13.809 [Test worker] INFO  o.e.j.s.Server - jetty-9.4.31.v20200723; built: 2020-07-23T17:57:36.812Z; git: 450ba27947e13e66baa8cd1ce7e85a4461cacc1d; jvm 1.8.0_201-b09
16:11:13.828 [Test worker] INFO  o.e.j.s.AbstractConnector - Started ServerConnector@3440ae6f{HTTP/1.1, (http/1.1)}{0.0.0.0:54708}
16:11:13.829 [Test worker] INFO  o.e.j.s.Server - Started @41691ms
16:11:13.829 [Test worker] DEBUG o.s.w.t.h.s.r.b.JettyHttpServer - Server started on port 54708(0 millis).
16:11:13.901 [Test worker] DEBUG o.s.w.c.RestTemplate - HTTP POST http://localhost:54708/request/entity/mono
16:11:13.930 [Test worker] DEBUG o.s.w.c.RestTemplate - Accept=[text/plain, application/json, application/x-jackson-smile, application/*+json, */*]
16:11:14.166 [Test worker] DEBUG o.s.w.c.RestTemplate - Writing [org.springframework.web.reactive.result.method.annotation.JacksonHintsIntegrationTests$JacksonViewBean@add5082] as "application/json"
16:11:14.210 [qtp414223766-77] DEBUG o.s.w.s.a.HttpWebHandlerAdapter - [527eeadc] HTTP POST "/request/entity/mono"
16:11:14.211 [qtp414223766-77] DEBUG o.s.w.r.r.m.a.RequestMappingHandlerMapping - [527eeadc] Mapped to org.springframework.web.reactive.result.method.annotation.JacksonHintsIntegrationTests$JsonViewRestController#entityMonoRequest(HttpEntity)
16:11:14.218 [qtp414223766-77] DEBUG o.s.w.r.r.m.a.HttpEntityMethodArgumentResolver - [527eeadc] Content-Type:application/json;charset=UTF-8
16:11:14.281 [qtp414223766-77] DEBUG o.s.w.r.r.m.a.HttpEntityMethodArgumentResolver - [527eeadc] 0..1 [org.springframework.web.reactive.result.method.annotation.JacksonHintsIntegrationTests$JacksonViewBean]
16:11:14.288 [qtp414223766-77] DEBUG o.s.w.r.r.m.a.ResponseBodyResultHandler - Using 'application/json' given [application/json] and supported [application/json, application/*+json, application/x-jackson-smile, application/*+x-jackson-smile, text/event-stream]
16:11:14.288 [qtp414223766-77] DEBUG o.s.w.r.r.m.a.ResponseBodyResultHandler - [527eeadc] 0..1 [org.springframework.web.reactive.result.method.annotation.JacksonHintsIntegrationTests$JacksonViewBean]
16:11:14.357 [qtp414223766-77] DEBUG o.s.h.c.j.Jackson2JsonDecoder - [527eeadc] Decoded [org.springframework.web.reactive.result.method.annotation.JacksonHintsIntegrationTests$JacksonViewBe (truncated)...]
16:11:14.357 [qtp414223766-77] DEBUG o.s.h.c.j.Jackson2JsonEncoder - [527eeadc] Encoding [org.springframework.web.reactive.result.method.annotation.JacksonHintsIntegrationTests$JacksonViewBe (truncated)...]
16:11:14.404 [qtp414223766-77] DEBUG o.s.w.s.a.HttpWebHandlerAdapter - [527eeadc] Completed 200 OK
16:11:14.404 [Test worker] DEBUG o.s.w.c.RestTemplate - Response 200 OK
16:11:14.406 [Test worker] DEBUG o.s.w.c.RestTemplate - Reading to [java.lang.String] as "application/json"
16:11:14.413 [Test worker] DEBUG o.s.w.t.h.s.r.b.JettyHttpServer - Stopping JettyHttpServer...
16:11:14.414 [Test worker] INFO  o.e.j.s.h.ContextHandler - Stopped o.e.j.s.ServletContextHandler@55466436{/,null,UNAVAILABLE}
16:11:14.417 [Test worker] INFO  o.e.j.s.AbstractConnector - Stopped ServerConnector@3440ae6f{HTTP/1.1, (http/1.1)}{0.0.0.0:0}
16:11:14.428 [Test worker] DEBUG o.s.w.t.h.s.r.b.JettyHttpServer - Server stopped (0 millis).
16:11:14.617 [Test worker] DEBUG o.s.w.r.r.m.a.RequestMappingHandlerMapping - 9 mappings in 'requestMappingHandlerMapping'
16:11:14.742 [Test worker] DEBUG o.s.w.r.r.m.a.ControllerMethodResolver - ControllerAdvice beans: none
16:11:14.844 [Test worker] DEBUG o.s.w.s.a.HttpWebHandlerAdapter - enableLoggingRequestDetails='false': form data and headers will be masked to prevent unsafe logging of potentially sensitive data
16:11:14.844 [Test worker] DEBUG o.s.w.t.h.s.r.b.ReactorHttpServer - Starting ReactorHttpServer...
16:11:14.850 [Test worker] DEBUG o.s.w.t.h.s.r.b.ReactorHttpServer - Server started on port 54714(0 millis).
16:11:14.851 [Test worker] DEBUG o.s.w.c.RestTemplate - HTTP POST http://localhost:54714/request/entity/mono
16:11:14.851 [Test worker] DEBUG o.s.w.c.RestTemplate - Accept=[text/plain, application/json, application/x-jackson-smile, application/*+json, */*]
16:11:14.853 [Test worker] DEBUG o.s.w.c.RestTemplate - Writing [org.springframework.web.reactive.result.method.annotation.JacksonHintsIntegrationTests$JacksonViewBean@7cfe38a0] as "application/json"
16:11:14.857 [reactor-http-nio-8] DEBUG o.s.w.s.a.HttpWebHandlerAdapter - [b4cae225-2] HTTP POST "/request/entity/mono"
16:11:14.858 [reactor-http-nio-8] DEBUG o.s.w.r.r.m.a.RequestMappingHandlerMapping - [b4cae225-2] Mapped to org.springframework.web.reactive.result.method.annotation.JacksonHintsIntegrationTests$JsonViewRestController#entityMonoRequest(HttpEntity)
16:11:14.860 [reactor-http-nio-8] DEBUG o.s.w.r.r.m.a.HttpEntityMethodArgumentResolver - [b4cae225-2] Content-Type:application/json
16:11:14.861 [reactor-http-nio-8] DEBUG o.s.w.r.r.m.a.HttpEntityMethodArgumentResolver - [b4cae225-2] 0..1 [org.springframework.web.reactive.result.method.annotation.JacksonHintsIntegrationTests$JacksonViewBean]
16:11:14.873 [reactor-http-nio-8] DEBUG o.s.w.r.r.m.a.ResponseBodyResultHandler - Using 'application/json' given [application/json] and supported [application/json, application/*+json, application/x-jackson-smile, application/*+x-jackson-smile, text/event-stream]
16:11:14.873 [reactor-http-nio-8] DEBUG o.s.w.r.r.m.a.ResponseBodyResultHandler - [b4cae225-2] 0..1 [org.springframework.web.reactive.result.method.annotation.JacksonHintsIntegrationTests$JacksonViewBean]
16:11:14.889 [reactor-http-nio-8] DEBUG o.s.h.c.j.Jackson2JsonDecoder - [b4cae225-2] Decoded [org.springframework.web.reactive.result.method.annotation.JacksonHintsIntegrationTests$JacksonViewBe (truncated)...]
16:11:14.889 [reactor-http-nio-8] DEBUG o.s.h.c.j.Jackson2JsonEncoder - [b4cae225-2] Encoding [org.springframework.web.reactive.result.method.annotation.JacksonHintsIntegrationTests$JacksonViewBe (truncated)...]
16:11:14.896 [reactor-http-nio-8] DEBUG o.s.w.s.a.HttpWebHandlerAdapter - [b4cae225-2] Completed 200 OK
16:11:14.897 [Test worker] DEBUG o.s.w.c.RestTemplate - Response 200 OK
16:11:14.897 [Test worker] DEBUG o.s.w.c.RestTemplate - Reading to [java.lang.String] as "application/json"
16:11:14.898 [Test worker] DEBUG o.s.w.t.h.s.r.b.ReactorHttpServer - Stopping ReactorHttpServer...
16:11:14.898 [Test worker] DEBUG o.s.w.t.h.s.r.b.ReactorHttpServer - Server stopped (0 millis).
16:11:15.230 [Test worker] DEBUG o.s.w.r.r.m.a.RequestMappingHandlerMapping - 9 mappings in 'requestMappingHandlerMapping'
16:11:15.319 [Test worker] DEBUG o.s.w.r.r.m.a.ControllerMethodResolver - ControllerAdvice beans: none
16:11:15.408 [Test worker] DEBUG o.s.w.s.a.HttpWebHandlerAdapter - enableLoggingRequestDetails='false': form data and headers will be masked to prevent unsafe logging of potentially sensitive data
16:11:15.409 [Test worker] DEBUG o.s.w.t.h.s.r.b.TomcatHttpServer - Starting TomcatHttpServer...
16:11:15.445 [Test worker] DEBUG o.s.w.t.h.s.r.b.TomcatHttpServer - Server started on port 54718(0 millis).
16:11:15.446 [Test worker] DEBUG o.s.w.c.RestTemplate - HTTP POST http://localhost:54718/request/entity/mono
16:11:15.446 [Test worker] DEBUG o.s.w.c.RestTemplate - Accept=[text/plain, application/json, application/x-jackson-smile, application/*+json, */*]
16:11:15.447 [Test worker] DEBUG o.s.w.c.RestTemplate - Writing [org.springframework.web.reactive.result.method.annotation.JacksonHintsIntegrationTests$JacksonViewBean@60cfea0a] as "application/json"
16:11:15.455 [http-nio-auto-2-exec-1] DEBUG o.s.w.s.a.HttpWebHandlerAdapter - [39ac4d01] HTTP POST "/request/entity/mono"
16:11:15.455 [http-nio-auto-2-exec-1] DEBUG o.s.w.r.r.m.a.RequestMappingHandlerMapping - [39ac4d01] Mapped to org.springframework.web.reactive.result.method.annotation.JacksonHintsIntegrationTests$JsonViewRestController#entityMonoRequest(HttpEntity)
16:11:15.458 [http-nio-auto-2-exec-1] DEBUG o.s.w.r.r.m.a.HttpEntityMethodArgumentResolver - [39ac4d01] Content-Type:application/json
16:11:15.459 [http-nio-auto-2-exec-1] DEBUG o.s.w.r.r.m.a.HttpEntityMethodArgumentResolver - [39ac4d01] 0..1 [org.springframework.web.reactive.result.method.annotation.JacksonHintsIntegrationTests$JacksonViewBean]
16:11:15.465 [http-nio-auto-2-exec-1] DEBUG o.s.w.r.r.m.a.ResponseBodyResultHandler - Using 'application/json' given [application/json] and supported [application/json, application/*+json, application/x-jackson-smile, application/*+x-jackson-smile, text/event-stream]
16:11:15.465 [http-nio-auto-2-exec-1] DEBUG o.s.w.r.r.m.a.ResponseBodyResultHandler - [39ac4d01] 0..1 [org.springframework.web.reactive.result.method.annotation.JacksonHintsIntegrationTests$JacksonViewBean]
16:11:15.467 [http-nio-auto-2-exec-1] DEBUG o.s.h.c.j.Jackson2JsonDecoder - [39ac4d01] Decoded [org.springframework.web.reactive.result.method.annotation.JacksonHintsIntegrationTests$JacksonViewBe (truncated)...]
16:11:15.467 [http-nio-auto-2-exec-1] DEBUG o.s.h.c.j.Jackson2JsonEncoder - [39ac4d01] Encoding [org.springframework.web.reactive.result.method.annotation.JacksonHintsIntegrationTests$JacksonViewBe (truncated)...]
16:11:15.472 [http-nio-auto-2-exec-1] DEBUG o.s.w.s.a.HttpWebHandlerAdapter - [39ac4d01] Completed 200 OK
16:11:15.473 [Test worker] DEBUG o.s.w.c.RestTemplate - Response 200 OK
16:11:15.474 [Test worker] DEBUG o.s.w.c.RestTemplate - Reading to [java.lang.String] as "application/json"
16:11:15.475 [Test worker] DEBUG o.s.w.t.h.s.r.b.TomcatHttpServer - Stopping TomcatHttpServer...
16:11:15.502 [Test worker] DEBUG o.s.w.t.h.s.r.b.TomcatHttpServer - Server stopped (0 millis).
16:11:15.791 [Test worker] DEBUG o.s.w.r.r.m.a.RequestMappingHandlerMapping - 9 mappings in 'requestMappingHandlerMapping'
16:11:15.898 [Test worker] DEBUG o.s.w.r.r.m.a.ControllerMethodResolver - ControllerAdvice beans: none
16:11:15.975 [Test worker] DEBUG o.s.w.s.a.HttpWebHandlerAdapter - enableLoggingRequestDetails='false': form data and headers will be masked to prevent unsafe logging of potentially sensitive data
16:11:15.975 [Test worker] DEBUG o.s.w.t.h.s.r.b.UndertowHttpServer - Starting UndertowHttpServer...
16:11:15.975 [Test worker] INFO  i.undertow - starting server: Undertow - 2.0.32.Final
16:11:16.011 [Test worker] DEBUG o.s.w.t.h.s.r.b.UndertowHttpServer - Server started on port 54724(0 millis).
16:11:16.011 [Test worker] DEBUG o.s.w.c.RestTemplate - HTTP POST http://localhost:54724/request/entity/mono
16:11:16.012 [Test worker] DEBUG o.s.w.c.RestTemplate - Accept=[text/plain, application/json, application/x-jackson-smile, application/*+json, */*]
16:11:16.016 [Test worker] DEBUG o.s.w.c.RestTemplate - Writing [org.springframework.web.reactive.result.method.annotation.JacksonHintsIntegrationTests$JacksonViewBean@608a646b] as "application/json"
16:11:16.040 [XNIO-2 I/O-6] DEBUG o.s.w.s.a.HttpWebHandlerAdapter - [4f090cb8] HTTP POST "/request/entity/mono"
16:11:16.041 [XNIO-2 I/O-6] DEBUG o.s.w.r.r.m.a.RequestMappingHandlerMapping - [4f090cb8] Mapped to org.springframework.web.reactive.result.method.annotation.JacksonHintsIntegrationTests$JsonViewRestController#entityMonoRequest(HttpEntity)
16:11:16.043 [XNIO-2 I/O-6] DEBUG o.s.w.r.r.m.a.HttpEntityMethodArgumentResolver - [4f090cb8] Content-Type:application/json
16:11:16.044 [XNIO-2 I/O-6] DEBUG o.s.w.r.r.m.a.HttpEntityMethodArgumentResolver - [4f090cb8] 0..1 [org.springframework.web.reactive.result.method.annotation.JacksonHintsIntegrationTests$JacksonViewBean]
16:11:16.052 [XNIO-2 I/O-6] DEBUG o.s.w.r.r.m.a.ResponseBodyResultHandler - Using 'application/json' given [application/json] and supported [application/json, application/*+json, application/x-jackson-smile, application/*+x-jackson-smile, text/event-stream]
16:11:16.052 [XNIO-2 I/O-6] DEBUG o.s.w.r.r.m.a.ResponseBodyResultHandler - [4f090cb8] 0..1 [org.springframework.web.reactive.result.method.annotation.JacksonHintsIntegrationTests$JacksonViewBean]
16:11:16.063 [XNIO-2 I/O-6] DEBUG o.s.h.c.j.Jackson2JsonDecoder - [4f090cb8] Decoded [org.springframework.web.reactive.result.method.annotation.JacksonHintsIntegrationTests$JacksonViewBe (truncated)...]
16:11:16.063 [XNIO-2 I/O-6] DEBUG o.s.h.c.j.Jackson2JsonEncoder - [4f090cb8] Encoding [org.springframework.web.reactive.result.method.annotation.JacksonHintsIntegrationTests$JacksonViewBe (truncated)...]
16:11:16.068 [XNIO-2 I/O-6] DEBUG o.s.w.s.a.HttpWebHandlerAdapter - [4f090cb8] Completed 200 OK
16:11:16.068 [Test worker] DEBUG o.s.w.c.RestTemplate - Response 200 OK
16:11:16.069 [Test worker] DEBUG o.s.w.c.RestTemplate - Reading to [java.lang.String] as "application/json"
16:11:16.069 [Test worker] DEBUG o.s.w.t.h.s.r.b.UndertowHttpServer - Stopping UndertowHttpServer...
16:11:16.069 [Test worker] INFO  i.undertow - stopping server: Undertow - 2.0.32.Final
16:11:16.073 [Test worker] DEBUG o.s.w.t.h.s.r.b.UndertowHttpServer - Server stopped (0 millis).
16:11:16.271 [Test worker] DEBUG o.s.w.r.r.m.a.RequestMappingHandlerMapping - 9 mappings in 'requestMappingHandlerMapping'
16:11:16.370 [Test worker] DEBUG o.s.w.r.r.m.a.ControllerMethodResolver - ControllerAdvice beans: none
16:11:16.461 [Test worker] DEBUG o.s.w.s.a.HttpWebHandlerAdapter - enableLoggingRequestDetails='false': form data and headers will be masked to prevent unsafe logging of potentially sensitive data
16:11:16.461 [Test worker] WARN  o.e.j.s.h.ContextHandler - Empty contextPath
16:11:16.462 [Test worker] INFO  o.e.j.s.h.ContextHandler - Started o.e.j.s.ServletContextHandler@7b11aa97{/,null,AVAILABLE}
16:11:16.462 [Test worker] DEBUG o.s.w.t.h.s.r.b.JettyHttpServer - Starting JettyHttpServer...
16:11:16.462 [Test worker] INFO  o.e.j.s.Server - jetty-9.4.31.v20200723; built: 2020-07-23T17:57:36.812Z; git: 450ba27947e13e66baa8cd1ce7e85a4461cacc1d; jvm 1.8.0_201-b09
16:11:16.500 [Test worker] INFO  o.e.j.s.AbstractConnector - Started ServerConnector@2bfe6b02{HTTP/1.1, (http/1.1)}{0.0.0.0:54730}
16:11:16.501 [Test worker] INFO  o.e.j.s.Server - Started @44363ms
16:11:16.501 [Test worker] DEBUG o.s.w.t.h.s.r.b.JettyHttpServer - Server started on port 54730(0 millis).
16:11:16.501 [Test worker] DEBUG o.s.w.c.RestTemplate - HTTP POST http://localhost:54730/request/raw
16:11:16.502 [Test worker] DEBUG o.s.w.c.RestTemplate - Accept=[text/plain, application/json, application/x-jackson-smile, application/*+json, */*]
16:11:16.503 [Test worker] DEBUG o.s.w.c.RestTemplate - Writing [org.springframework.web.reactive.result.method.annotation.JacksonHintsIntegrationTests$JacksonViewBean@5b8bb133] as "application/json"
16:11:16.506 [qtp538523006-116] DEBUG o.s.w.s.a.HttpWebHandlerAdapter - [48c87027] HTTP POST "/request/raw"
16:11:16.507 [qtp538523006-116] DEBUG o.s.w.r.r.m.a.RequestMappingHandlerMapping - [48c87027] Mapped to org.springframework.web.reactive.result.method.annotation.JacksonHintsIntegrationTests$JsonViewRestController#rawRequest(JacksonViewBean)
16:11:16.508 [qtp538523006-116] DEBUG o.s.w.r.r.m.a.RequestBodyMethodArgumentResolver - [48c87027] Content-Type:application/json;charset=UTF-8
16:11:16.509 [qtp538523006-116] DEBUG o.s.w.r.r.m.a.RequestBodyMethodArgumentResolver - [48c87027] 0..1 [org.springframework.web.reactive.result.method.annotation.JacksonHintsIntegrationTests$JacksonViewBean]
16:11:16.510 [qtp538523006-116] DEBUG o.s.h.c.j.Jackson2JsonDecoder - [48c87027] Decoded [org.springframework.web.reactive.result.method.annotation.JacksonHintsIntegrationTests$JacksonViewBe (truncated)...]
16:11:16.512 [qtp538523006-116] DEBUG o.s.w.r.r.m.a.ResponseBodyResultHandler - Using 'application/json' given [application/json] and supported [application/json, application/*+json, application/x-jackson-smile, application/*+x-jackson-smile, text/event-stream]
16:11:16.512 [qtp538523006-116] DEBUG o.s.w.r.r.m.a.ResponseBodyResultHandler - [48c87027] 0..1 [org.springframework.web.reactive.result.method.annotation.JacksonHintsIntegrationTests$JacksonViewBean]
16:11:16.513 [qtp538523006-116] DEBUG o.s.h.c.j.Jackson2JsonEncoder - [48c87027] Encoding [org.springframework.web.reactive.result.method.annotation.JacksonHintsIntegrationTests$JacksonViewBe (truncated)...]
16:11:16.514 [qtp538523006-116] DEBUG o.s.w.s.a.HttpWebHandlerAdapter - [48c87027] Completed 200 OK
16:11:16.515 [Test worker] DEBUG o.s.w.c.RestTemplate - Response 200 OK
16:11:16.515 [Test worker] DEBUG o.s.w.c.RestTemplate - Reading to [java.lang.String] as "application/json"
16:11:16.516 [Test worker] DEBUG o.s.w.t.h.s.r.b.JettyHttpServer - Stopping JettyHttpServer...
16:11:16.516 [Test worker] INFO  o.e.j.s.h.ContextHandler - Stopped o.e.j.s.ServletContextHandler@7b11aa97{/,null,UNAVAILABLE}
16:11:16.520 [Test worker] INFO  o.e.j.s.AbstractConnector - Stopped ServerConnector@2bfe6b02{HTTP/1.1, (http/1.1)}{0.0.0.0:0}
16:11:16.531 [Test worker] DEBUG o.s.w.t.h.s.r.b.JettyHttpServer - Server stopped (0 millis).
16:11:16.763 [Test worker] DEBUG o.s.w.r.r.m.a.RequestMappingHandlerMapping - 9 mappings in 'requestMappingHandlerMapping'
16:11:16.879 [Test worker] DEBUG o.s.w.r.r.m.a.ControllerMethodResolver - ControllerAdvice beans: none
16:11:16.953 [Test worker] DEBUG o.s.w.s.a.HttpWebHandlerAdapter - enableLoggingRequestDetails='false': form data and headers will be masked to prevent unsafe logging of potentially sensitive data
16:11:16.953 [Test worker] DEBUG o.s.w.t.h.s.r.b.ReactorHttpServer - Starting ReactorHttpServer...
16:11:16.956 [Test worker] DEBUG o.s.w.t.h.s.r.b.ReactorHttpServer - Server started on port 54736(0 millis).
16:11:16.957 [Test worker] DEBUG o.s.w.c.RestTemplate - HTTP POST http://localhost:54736/request/raw
16:11:16.958 [Test worker] DEBUG o.s.w.c.RestTemplate - Accept=[text/plain, application/json, application/x-jackson-smile, application/*+json, */*]
16:11:16.960 [Test worker] DEBUG o.s.w.c.RestTemplate - Writing [org.springframework.web.reactive.result.method.annotation.JacksonHintsIntegrationTests$JacksonViewBean@3b0c6e3c] as "application/json"
16:11:16.964 [reactor-http-nio-10] DEBUG o.s.w.s.a.HttpWebHandlerAdapter - [8c5c0f73-3] HTTP POST "/request/raw"
16:11:16.965 [reactor-http-nio-10] DEBUG o.s.w.r.r.m.a.RequestMappingHandlerMapping - [8c5c0f73-3] Mapped to org.springframework.web.reactive.result.method.annotation.JacksonHintsIntegrationTests$JsonViewRestController#rawRequest(JacksonViewBean)
16:11:16.967 [reactor-http-nio-10] DEBUG o.s.w.r.r.m.a.RequestBodyMethodArgumentResolver - [8c5c0f73-3] Content-Type:application/json
16:11:16.968 [reactor-http-nio-10] DEBUG o.s.w.r.r.m.a.RequestBodyMethodArgumentResolver - [8c5c0f73-3] 0..1 [org.springframework.web.reactive.result.method.annotation.JacksonHintsIntegrationTests$JacksonViewBean]
16:11:16.969 [reactor-http-nio-10] DEBUG o.s.h.c.j.Jackson2JsonDecoder - [8c5c0f73-3] Decoded [org.springframework.web.reactive.result.method.annotation.JacksonHintsIntegrationTests$JacksonViewBe (truncated)...]
16:11:16.971 [reactor-http-nio-10] DEBUG o.s.w.r.r.m.a.ResponseBodyResultHandler - Using 'application/json' given [application/json] and supported [application/json, application/*+json, application/x-jackson-smile, application/*+x-jackson-smile, text/event-stream]
16:11:16.971 [reactor-http-nio-10] DEBUG o.s.w.r.r.m.a.ResponseBodyResultHandler - [8c5c0f73-3] 0..1 [org.springframework.web.reactive.result.method.annotation.JacksonHintsIntegrationTests$JacksonViewBean]
16:11:16.972 [reactor-http-nio-10] DEBUG o.s.h.c.j.Jackson2JsonEncoder - [8c5c0f73-3] Encoding [org.springframework.web.reactive.result.method.annotation.JacksonHintsIntegrationTests$JacksonViewBe (truncated)...]
16:11:16.975 [reactor-http-nio-10] DEBUG o.s.w.s.a.HttpWebHandlerAdapter - [8c5c0f73-3] Completed 200 OK
16:11:16.975 [Test worker] DEBUG o.s.w.c.RestTemplate - Response 200 OK
16:11:16.975 [Test worker] DEBUG o.s.w.c.RestTemplate - Reading to [java.lang.String] as "application/json"
16:11:16.976 [Test worker] DEBUG o.s.w.t.h.s.r.b.ReactorHttpServer - Stopping ReactorHttpServer...
16:11:16.976 [Test worker] DEBUG o.s.w.t.h.s.r.b.ReactorHttpServer - Server stopped (0 millis).
16:11:17.201 [Test worker] DEBUG o.s.w.r.r.m.a.RequestMappingHandlerMapping - 9 mappings in 'requestMappingHandlerMapping'
16:11:17.290 [Test worker] DEBUG o.s.w.r.r.m.a.ControllerMethodResolver - ControllerAdvice beans: none
16:11:17.389 [Test worker] DEBUG o.s.w.s.a.HttpWebHandlerAdapter - enableLoggingRequestDetails='false': form data and headers will be masked to prevent unsafe logging of potentially sensitive data
16:11:17.390 [Test worker] DEBUG o.s.w.t.h.s.r.b.TomcatHttpServer - Starting TomcatHttpServer...
16:11:17.415 [Test worker] DEBUG o.s.w.t.h.s.r.b.TomcatHttpServer - Server started on port 54740(0 millis).
16:11:17.415 [Test worker] DEBUG o.s.w.c.RestTemplate - HTTP POST http://localhost:54740/request/raw
16:11:17.416 [Test worker] DEBUG o.s.w.c.RestTemplate - Accept=[text/plain, application/json, application/x-jackson-smile, application/*+json, */*]
16:11:17.417 [Test worker] DEBUG o.s.w.c.RestTemplate - Writing [org.springframework.web.reactive.result.method.annotation.JacksonHintsIntegrationTests$JacksonViewBean@1318312a] as "application/json"
16:11:17.421 [http-nio-auto-3-exec-1] DEBUG o.s.w.s.a.HttpWebHandlerAdapter - [5c2b74a3] HTTP POST "/request/raw"
16:11:17.422 [http-nio-auto-3-exec-1] DEBUG o.s.w.r.r.m.a.RequestMappingHandlerMapping - [5c2b74a3] Mapped to org.springframework.web.reactive.result.method.annotation.JacksonHintsIntegrationTests$JsonViewRestController#rawRequest(JacksonViewBean)
16:11:17.424 [http-nio-auto-3-exec-1] DEBUG o.s.w.r.r.m.a.RequestBodyMethodArgumentResolver - [5c2b74a3] Content-Type:application/json
16:11:17.425 [http-nio-auto-3-exec-1] DEBUG o.s.w.r.r.m.a.RequestBodyMethodArgumentResolver - [5c2b74a3] 0..1 [org.springframework.web.reactive.result.method.annotation.JacksonHintsIntegrationTests$JacksonViewBean]
16:11:17.426 [http-nio-auto-3-exec-1] DEBUG o.s.h.c.j.Jackson2JsonDecoder - [5c2b74a3] Decoded [org.springframework.web.reactive.result.method.annotation.JacksonHintsIntegrationTests$JacksonViewBe (truncated)...]
16:11:17.428 [http-nio-auto-3-exec-1] DEBUG o.s.w.r.r.m.a.ResponseBodyResultHandler - Using 'application/json' given [application/json] and supported [application/json, application/*+json, application/x-jackson-smile, application/*+x-jackson-smile, text/event-stream]
16:11:17.428 [http-nio-auto-3-exec-1] DEBUG o.s.w.r.r.m.a.ResponseBodyResultHandler - [5c2b74a3] 0..1 [org.springframework.web.reactive.result.method.annotation.JacksonHintsIntegrationTests$JacksonViewBean]
16:11:17.429 [http-nio-auto-3-exec-1] DEBUG o.s.h.c.j.Jackson2JsonEncoder - [5c2b74a3] Encoding [org.springframework.web.reactive.result.method.annotation.JacksonHintsIntegrationTests$JacksonViewBe (truncated)...]
16:11:17.431 [http-nio-auto-3-exec-1] DEBUG o.s.w.s.a.HttpWebHandlerAdapter - [5c2b74a3] Completed 200 OK
16:11:17.431 [Test worker] DEBUG o.s.w.c.RestTemplate - Response 200 OK
16:11:17.432 [Test worker] DEBUG o.s.w.c.RestTemplate - Reading to [java.lang.String] as "application/json"
16:11:17.433 [Test worker] DEBUG o.s.w.t.h.s.r.b.TomcatHttpServer - Stopping TomcatHttpServer...
16:11:17.449 [Test worker] DEBUG o.s.w.t.h.s.r.b.TomcatHttpServer - Server stopped (0 millis).
16:11:17.721 [Test worker] DEBUG o.s.w.r.r.m.a.RequestMappingHandlerMapping - 9 mappings in 'requestMappingHandlerMapping'
16:11:17.797 [Test worker] DEBUG o.s.w.r.r.m.a.ControllerMethodResolver - ControllerAdvice beans: none
16:11:17.874 [Test worker] DEBUG o.s.w.s.a.HttpWebHandlerAdapter - enableLoggingRequestDetails='false': form data and headers will be masked to prevent unsafe logging of potentially sensitive data
16:11:17.874 [Test worker] DEBUG o.s.w.t.h.s.r.b.UndertowHttpServer - Starting UndertowHttpServer...
16:11:17.874 [Test worker] INFO  i.undertow - starting server: Undertow - 2.0.32.Final
16:11:17.908 [Test worker] DEBUG o.s.w.t.h.s.r.b.UndertowHttpServer - Server started on port 54748(0 millis).
16:11:17.909 [Test worker] DEBUG o.s.w.c.RestTemplate - HTTP POST http://localhost:54748/request/raw
16:11:17.909 [Test worker] DEBUG o.s.w.c.RestTemplate - Accept=[text/plain, application/json, application/x-jackson-smile, application/*+json, */*]
16:11:17.911 [Test worker] DEBUG o.s.w.c.RestTemplate - Writing [org.springframework.web.reactive.result.method.annotation.JacksonHintsIntegrationTests$JacksonViewBean@4272eaff] as "application/json"
16:11:17.913 [XNIO-3 I/O-6] DEBUG o.s.w.s.a.HttpWebHandlerAdapter - [13473665] HTTP POST "/request/raw"
16:11:17.914 [XNIO-3 I/O-6] DEBUG o.s.w.r.r.m.a.RequestMappingHandlerMapping - [13473665] Mapped to org.springframework.web.reactive.result.method.annotation.JacksonHintsIntegrationTests$JsonViewRestController#rawRequest(JacksonViewBean)
16:11:17.915 [XNIO-3 I/O-6] DEBUG o.s.w.r.r.m.a.RequestBodyMethodArgumentResolver - [13473665] Content-Type:application/json
16:11:17.917 [XNIO-3 I/O-6] DEBUG o.s.w.r.r.m.a.RequestBodyMethodArgumentResolver - [13473665] 0..1 [org.springframework.web.reactive.result.method.annotation.JacksonHintsIntegrationTests$JacksonViewBean]
16:11:17.917 [XNIO-3 I/O-6] DEBUG o.s.h.c.j.Jackson2JsonDecoder - [13473665] Decoded [org.springframework.web.reactive.result.method.annotation.JacksonHintsIntegrationTests$JacksonViewBe (truncated)...]
16:11:17.920 [XNIO-3 I/O-6] DEBUG o.s.w.r.r.m.a.ResponseBodyResultHandler - Using 'application/json' given [application/json] and supported [application/json, application/*+json, application/x-jackson-smile, application/*+x-jackson-smile, text/event-stream]
16:11:17.920 [XNIO-3 I/O-6] DEBUG o.s.w.r.r.m.a.ResponseBodyResultHandler - [13473665] 0..1 [org.springframework.web.reactive.result.method.annotation.JacksonHintsIntegrationTests$JacksonViewBean]
16:11:17.921 [XNIO-3 I/O-6] DEBUG o.s.h.c.j.Jackson2JsonEncoder - [13473665] Encoding [org.springframework.web.reactive.result.method.annotation.JacksonHintsIntegrationTests$JacksonViewBe (truncated)...]
16:11:17.923 [XNIO-3 I/O-6] DEBUG o.s.w.s.a.HttpWebHandlerAdapter - [13473665] Completed 200 OK
16:11:17.923 [Test worker] DEBUG o.s.w.c.RestTemplate - Response 200 OK
16:11:17.923 [Test worker] DEBUG o.s.w.c.RestTemplate - Reading to [java.lang.String] as "application/json"
16:11:17.924 [Test worker] DEBUG o.s.w.t.h.s.r.b.UndertowHttpServer - Stopping UndertowHttpServer...
16:11:17.924 [Test worker] INFO  i.undertow - stopping server: Undertow - 2.0.32.Final
16:11:17.930 [Test worker] DEBUG o.s.w.t.h.s.r.b.UndertowHttpServer - Server stopped (0 millis).
16:11:18.156 [Test worker] DEBUG o.s.w.r.r.m.a.RequestMappingHandlerMapping - 9 mappings in 'requestMappingHandlerMapping'
16:11:18.266 [Test worker] DEBUG o.s.w.r.r.m.a.ControllerMethodResolver - ControllerAdvice beans: none
16:11:18.344 [Test worker] DEBUG o.s.w.s.a.HttpWebHandlerAdapter - enableLoggingRequestDetails='false': form data and headers will be masked to prevent unsafe logging of potentially sensitive data
16:11:18.345 [Test worker] WARN  o.e.j.s.h.ContextHandler - Empty contextPath
16:11:18.345 [Test worker] INFO  o.e.j.s.h.ContextHandler - Started o.e.j.s.ServletContextHandler@780b57a8{/,null,AVAILABLE}
16:11:18.346 [Test worker] DEBUG o.s.w.t.h.s.r.b.JettyHttpServer - Starting JettyHttpServer...
16:11:18.346 [Test worker] INFO  o.e.j.s.Server - jetty-9.4.31.v20200723; built: 2020-07-23T17:57:36.812Z; git: 450ba27947e13e66baa8cd1ce7e85a4461cacc1d; jvm 1.8.0_201-b09
16:11:18.395 [Test worker] INFO  o.e.j.s.AbstractConnector - Started ServerConnector@477044d0{HTTP/1.1, (http/1.1)}{0.0.0.0:54757}
16:11:18.395 [Test worker] INFO  o.e.j.s.Server - Started @46257ms
16:11:18.395 [Test worker] DEBUG o.s.w.t.h.s.r.b.JettyHttpServer - Server started on port 54757(0 millis).
16:11:18.396 [Test worker] DEBUG o.s.w.c.RestTemplate - HTTP GET http://localhost:54757/response/entity
16:11:18.397 [Test worker] DEBUG o.s.w.c.RestTemplate - Accept=[text/plain, application/json, application/x-jackson-smile, application/*+json, */*]
16:11:18.402 [qtp655338803-154] DEBUG o.s.w.s.a.HttpWebHandlerAdapter - [54abc0b] HTTP GET "/response/entity"
16:11:18.402 [qtp655338803-154] DEBUG o.s.w.r.r.m.a.RequestMappingHandlerMapping - [54abc0b] Mapped to org.springframework.web.reactive.result.method.annotation.JacksonHintsIntegrationTests$JsonViewRestController#monoResponseEntity()
16:11:18.407 [qtp655338803-154] DEBUG o.s.w.r.r.m.a.ResponseEntityResultHandler - Using 'application/json' given [application/json] and supported [application/json, application/*+json, application/x-jackson-smile, application/*+x-jackson-smile, text/event-stream]
16:11:18.407 [qtp655338803-154] DEBUG o.s.w.r.r.m.a.ResponseEntityResultHandler - [54abc0b] 0..1 [org.springframework.web.reactive.result.method.annotation.JacksonHintsIntegrationTests$JacksonViewBean]
16:11:18.408 [qtp655338803-154] DEBUG o.s.h.c.j.Jackson2JsonEncoder - [54abc0b] Encoding [org.springframework.web.reactive.result.method.annotation.JacksonHintsIntegrationTests$JacksonViewBe (truncated)...]
16:11:18.409 [Test worker] DEBUG o.s.w.c.RestTemplate - Response 200 OK
16:11:18.409 [qtp655338803-154] DEBUG o.s.w.s.a.HttpWebHandlerAdapter - [54abc0b] Completed 200 OK
16:11:18.409 [Test worker] DEBUG o.s.w.c.RestTemplate - Reading to [java.lang.String] as "application/json"
16:11:18.410 [Test worker] DEBUG o.s.w.t.h.s.r.b.JettyHttpServer - Stopping JettyHttpServer...
16:11:18.410 [Test worker] INFO  o.e.j.s.h.ContextHandler - Stopped o.e.j.s.ServletContextHandler@780b57a8{/,null,UNAVAILABLE}
16:11:18.412 [Test worker] INFO  o.e.j.s.AbstractConnector - Stopped ServerConnector@477044d0{HTTP/1.1, (http/1.1)}{0.0.0.0:0}
16:11:18.424 [Test worker] DEBUG o.s.w.t.h.s.r.b.JettyHttpServer - Server stopped (0 millis).
16:11:18.634 [Test worker] DEBUG o.s.w.r.r.m.a.RequestMappingHandlerMapping - 9 mappings in 'requestMappingHandlerMapping'
16:11:18.719 [Test worker] DEBUG o.s.w.r.r.m.a.ControllerMethodResolver - ControllerAdvice beans: none
16:11:18.821 [Test worker] DEBUG o.s.w.s.a.HttpWebHandlerAdapter - enableLoggingRequestDetails='false': form data and headers will be masked to prevent unsafe logging of potentially sensitive data
16:11:18.821 [Test worker] DEBUG o.s.w.t.h.s.r.b.ReactorHttpServer - Starting ReactorHttpServer...
16:11:18.823 [Test worker] DEBUG o.s.w.t.h.s.r.b.ReactorHttpServer - Server started on port 54761(0 millis).
16:11:18.824 [Test worker] DEBUG o.s.w.c.RestTemplate - HTTP GET http://localhost:54761/response/entity
16:11:18.824 [Test worker] DEBUG o.s.w.c.RestTemplate - Accept=[text/plain, application/json, application/x-jackson-smile, application/*+json, */*]
16:11:18.828 [reactor-http-nio-12] DEBUG o.s.w.s.a.HttpWebHandlerAdapter - [db7fbd2f-4] HTTP GET "/response/entity"
16:11:18.829 [reactor-http-nio-12] DEBUG o.s.w.r.r.m.a.RequestMappingHandlerMapping - [db7fbd2f-4] Mapped to org.springframework.web.reactive.result.method.annotation.JacksonHintsIntegrationTests$JsonViewRestController#monoResponseEntity()
16:11:18.832 [reactor-http-nio-12] DEBUG o.s.w.r.r.m.a.ResponseEntityResultHandler - Using 'application/json' given [application/json] and supported [application/json, application/*+json, application/x-jackson-smile, application/*+x-jackson-smile, text/event-stream]
16:11:18.832 [reactor-http-nio-12] DEBUG o.s.w.r.r.m.a.ResponseEntityResultHandler - [db7fbd2f-4] 0..1 [org.springframework.web.reactive.result.method.annotation.JacksonHintsIntegrationTests$JacksonViewBean]
16:11:18.833 [reactor-http-nio-12] DEBUG o.s.h.c.j.Jackson2JsonEncoder - [db7fbd2f-4] Encoding [org.springframework.web.reactive.result.method.annotation.JacksonHintsIntegrationTests$JacksonViewBe (truncated)...]
16:11:18.836 [Test worker] DEBUG o.s.w.c.RestTemplate - Response 200 OK
16:11:18.836 [reactor-http-nio-12] DEBUG o.s.w.s.a.HttpWebHandlerAdapter - [db7fbd2f-4] Completed 200 OK
16:11:18.836 [Test worker] DEBUG o.s.w.c.RestTemplate - Reading to [java.lang.String] as "application/json"
16:11:18.836 [Test worker] DEBUG o.s.w.t.h.s.r.b.ReactorHttpServer - Stopping ReactorHttpServer...
16:11:18.837 [Test worker] DEBUG o.s.w.t.h.s.r.b.ReactorHttpServer - Server stopped (0 millis).
16:11:19.010 [Test worker] DEBUG o.s.w.r.r.m.a.RequestMappingHandlerMapping - 9 mappings in 'requestMappingHandlerMapping'
16:11:19.115 [Test worker] DEBUG o.s.w.r.r.m.a.ControllerMethodResolver - ControllerAdvice beans: none
16:11:19.193 [Test worker] DEBUG o.s.w.s.a.HttpWebHandlerAdapter - enableLoggingRequestDetails='false': form data and headers will be masked to prevent unsafe logging of potentially sensitive data
16:11:19.194 [Test worker] DEBUG o.s.w.t.h.s.r.b.TomcatHttpServer - Starting TomcatHttpServer...
16:11:19.231 [Test worker] DEBUG o.s.w.t.h.s.r.b.TomcatHttpServer - Server started on port 54767(0 millis).
16:11:19.231 [Test worker] DEBUG o.s.w.c.RestTemplate - HTTP GET http://localhost:54767/response/entity
16:11:19.232 [Test worker] DEBUG o.s.w.c.RestTemplate - Accept=[text/plain, application/json, application/x-jackson-smile, application/*+json, */*]
16:11:19.236 [http-nio-auto-4-exec-1] DEBUG o.s.w.s.a.HttpWebHandlerAdapter - [6c983de1] HTTP GET "/response/entity"
16:11:19.237 [http-nio-auto-4-exec-1] DEBUG o.s.w.r.r.m.a.RequestMappingHandlerMapping - [6c983de1] Mapped to org.springframework.web.reactive.result.method.annotation.JacksonHintsIntegrationTests$JsonViewRestController#monoResponseEntity()
16:11:19.240 [http-nio-auto-4-exec-1] DEBUG o.s.w.r.r.m.a.ResponseEntityResultHandler - Using 'application/json' given [application/json] and supported [application/json, application/*+json, application/x-jackson-smile, application/*+x-jackson-smile, text/event-stream]
16:11:19.240 [http-nio-auto-4-exec-1] DEBUG o.s.w.r.r.m.a.ResponseEntityResultHandler - [6c983de1] 0..1 [org.springframework.web.reactive.result.method.annotation.JacksonHintsIntegrationTests$JacksonViewBean]
16:11:19.241 [http-nio-auto-4-exec-1] DEBUG o.s.h.c.j.Jackson2JsonEncoder - [6c983de1] Encoding [org.springframework.web.reactive.result.method.annotation.JacksonHintsIntegrationTests$JacksonViewBe (truncated)...]
16:11:19.242 [http-nio-auto-4-exec-1] DEBUG o.s.w.s.a.HttpWebHandlerAdapter - [6c983de1] Completed 200 OK
16:11:19.242 [Test worker] DEBUG o.s.w.c.RestTemplate - Response 200 OK
16:11:19.243 [Test worker] DEBUG o.s.w.c.RestTemplate - Reading to [java.lang.String] as "application/json"
16:11:19.244 [Test worker] DEBUG o.s.w.t.h.s.r.b.TomcatHttpServer - Stopping TomcatHttpServer...
16:11:19.259 [Test worker] DEBUG o.s.w.t.h.s.r.b.TomcatHttpServer - Server stopped (0 millis).
16:11:19.540 [Test worker] DEBUG o.s.w.r.r.m.a.RequestMappingHandlerMapping - 9 mappings in 'requestMappingHandlerMapping'
16:11:19.632 [Test worker] DEBUG o.s.w.r.r.m.a.ControllerMethodResolver - ControllerAdvice beans: none
16:11:19.716 [Test worker] DEBUG o.s.w.s.a.HttpWebHandlerAdapter - enableLoggingRequestDetails='false': form data and headers will be masked to prevent unsafe logging of potentially sensitive data
16:11:19.716 [Test worker] DEBUG o.s.w.t.h.s.r.b.UndertowHttpServer - Starting UndertowHttpServer...
16:11:19.716 [Test worker] INFO  i.undertow - starting server: Undertow - 2.0.32.Final
16:11:19.724 [Test worker] DEBUG o.s.w.t.h.s.r.b.UndertowHttpServer - Server started on port 54775(0 millis).
16:11:19.724 [Test worker] DEBUG o.s.w.c.RestTemplate - HTTP GET http://localhost:54775/response/entity
16:11:19.724 [Test worker] DEBUG o.s.w.c.RestTemplate - Accept=[text/plain, application/json, application/x-jackson-smile, application/*+json, */*]
16:11:19.727 [XNIO-4 I/O-6] DEBUG o.s.w.s.a.HttpWebHandlerAdapter - [d1afff8] HTTP GET "/response/entity"
16:11:19.727 [XNIO-4 I/O-6] DEBUG o.s.w.r.r.m.a.RequestMappingHandlerMapping - [d1afff8] Mapped to org.springframework.web.reactive.result.method.annotation.JacksonHintsIntegrationTests$JsonViewRestController#monoResponseEntity()
16:11:19.730 [XNIO-4 I/O-6] DEBUG o.s.w.r.r.m.a.ResponseEntityResultHandler - Using 'application/json' given [application/json] and supported [application/json, application/*+json, application/x-jackson-smile, application/*+x-jackson-smile, text/event-stream]
16:11:19.731 [XNIO-4 I/O-6] DEBUG o.s.w.r.r.m.a.ResponseEntityResultHandler - [d1afff8] 0..1 [org.springframework.web.reactive.result.method.annotation.JacksonHintsIntegrationTests$JacksonViewBean]
16:11:19.731 [XNIO-4 I/O-6] DEBUG o.s.h.c.j.Jackson2JsonEncoder - [d1afff8] Encoding [org.springframework.web.reactive.result.method.annotation.JacksonHintsIntegrationTests$JacksonViewBe (truncated)...]
16:11:19.732 [XNIO-4 I/O-6] DEBUG o.s.w.s.a.HttpWebHandlerAdapter - [d1afff8] Completed 200 OK
16:11:19.733 [Test worker] DEBUG o.s.w.c.RestTemplate - Response 200 OK
16:11:19.733 [Test worker] DEBUG o.s.w.c.RestTemplate - Reading to [java.lang.String] as "application/json"
16:11:19.734 [Test worker] DEBUG o.s.w.t.h.s.r.b.UndertowHttpServer - Stopping UndertowHttpServer...
16:11:19.734 [Test worker] INFO  i.undertow - stopping server: Undertow - 2.0.32.Final
16:11:19.746 [Test worker] DEBUG o.s.w.t.h.s.r.b.UndertowHttpServer - Server stopped (0 millis).
16:11:19.953 [Test worker] DEBUG o.s.w.r.r.m.a.RequestMappingHandlerMapping - 9 mappings in 'requestMappingHandlerMapping'
16:11:20.039 [Test worker] DEBUG o.s.w.r.r.m.a.ControllerMethodResolver - ControllerAdvice beans: none
16:11:20.130 [Test worker] DEBUG o.s.w.s.a.HttpWebHandlerAdapter - enableLoggingRequestDetails='false': form data and headers will be masked to prevent unsafe logging of potentially sensitive data
16:11:20.131 [Test worker] WARN  o.e.j.s.h.ContextHandler - Empty contextPath
16:11:20.136 [Test worker] INFO  o.e.j.s.h.ContextHandler - Started o.e.j.s.ServletContextHandler@4a44cc37{/,null,AVAILABLE}
16:11:20.137 [Test worker] DEBUG o.s.w.t.h.s.r.b.JettyHttpServer - Starting JettyHttpServer...
16:11:20.137 [Test worker] INFO  o.e.j.s.Server - jetty-9.4.31.v20200723; built: 2020-07-23T17:57:36.812Z; git: 450ba27947e13e66baa8cd1ce7e85a4461cacc1d; jvm 1.8.0_201-b09
16:11:20.144 [Test worker] INFO  o.e.j.s.AbstractConnector - Started ServerConnector@14c87194{HTTP/1.1, (http/1.1)}{0.0.0.0:54779}
16:11:20.144 [Test worker] INFO  o.e.j.s.Server - Started @48006ms
16:11:20.178 [Test worker] DEBUG o.s.w.t.h.s.r.b.JettyHttpServer - Server started on port 54779(0 millis).
16:11:20.179 [Test worker] DEBUG o.s.w.c.RestTemplate - HTTP POST http://localhost:54779/request/flux
16:11:20.179 [Test worker] DEBUG o.s.w.c.RestTemplate - Accept=[text/plain, application/json, application/x-jackson-smile, application/*+json, */*]
16:11:20.180 [Test worker] DEBUG o.s.w.c.RestTemplate - Writing [[org.springframework.web.reactive.result.method.annotation.JacksonHintsIntegrationTests$JacksonViewBean@1134b4db, org.springframework.web.reactive.result.method.annotation.JacksonHintsIntegrationTests$JacksonViewBean@548b25a3]] as "application/json"
16:11:20.190 [qtp330547748-192] DEBUG o.s.w.s.a.HttpWebHandlerAdapter - [1371ca48] HTTP POST "/request/flux"
16:11:20.191 [qtp330547748-192] DEBUG o.s.w.r.r.m.a.RequestMappingHandlerMapping - [1371ca48] Mapped to org.springframework.web.reactive.result.method.annotation.JacksonHintsIntegrationTests$JsonViewRestController#fluxRequest(Flux)
16:11:20.192 [qtp330547748-192] DEBUG o.s.w.r.r.m.a.RequestBodyMethodArgumentResolver - [1371ca48] Content-Type:application/json;charset=UTF-8
16:11:20.193 [qtp330547748-192] DEBUG o.s.w.r.r.m.a.RequestBodyMethodArgumentResolver - [1371ca48] 0..N [org.springframework.web.reactive.result.method.annotation.JacksonHintsIntegrationTests$JacksonViewBean]
16:11:20.212 [qtp330547748-192] DEBUG o.s.w.r.r.m.a.ResponseBodyResultHandler - Using 'application/json' given [application/json] and supported [application/json, application/*+json, application/x-jackson-smile, application/*+x-jackson-smile, text/event-stream]
16:11:20.212 [qtp330547748-192] DEBUG o.s.w.r.r.m.a.ResponseBodyResultHandler - [1371ca48] 0..N [org.springframework.web.reactive.result.method.annotation.JacksonHintsIntegrationTests$JacksonViewBean]
16:11:20.228 [qtp330547748-192] DEBUG o.s.h.c.j.Jackson2JsonDecoder - [1371ca48] Decoded [org.springframework.web.reactive.result.method.annotation.JacksonHintsIntegrationTests$JacksonViewBe (truncated)...]
16:11:20.228 [qtp330547748-192] DEBUG o.s.h.c.j.Jackson2JsonDecoder - [1371ca48] Decoded [org.springframework.web.reactive.result.method.annotation.JacksonHintsIntegrationTests$JacksonViewBe (truncated)...]
16:11:20.229 [qtp330547748-192] DEBUG o.s.h.c.j.Jackson2JsonEncoder - [1371ca48] Encoding [[org.springframework.web.reactive.result.method.annotation.JacksonHintsIntegrationTests$JacksonViewB (truncated)...]
16:11:20.231 [qtp330547748-192] DEBUG o.s.w.s.a.HttpWebHandlerAdapter - [1371ca48] Completed 200 OK
16:11:20.232 [Test worker] DEBUG o.s.w.c.RestTemplate - Response 200 OK
16:11:20.235 [Test worker] DEBUG o.s.w.c.RestTemplate - Reading to [java.lang.String] as "application/json"
16:11:20.235 [Test worker] DEBUG o.s.w.t.h.s.r.b.JettyHttpServer - Stopping JettyHttpServer...
16:11:20.236 [Test worker] INFO  o.e.j.s.h.ContextHandler - Stopped o.e.j.s.ServletContextHandler@4a44cc37{/,null,UNAVAILABLE}
16:11:20.239 [Test worker] INFO  o.e.j.s.AbstractConnector - Stopped ServerConnector@14c87194{HTTP/1.1, (http/1.1)}{0.0.0.0:0}
16:11:20.250 [Test worker] DEBUG o.s.w.t.h.s.r.b.JettyHttpServer - Server stopped (0 millis).
16:11:20.464 [Test worker] DEBUG o.s.w.r.r.m.a.RequestMappingHandlerMapping - 9 mappings in 'requestMappingHandlerMapping'
16:11:20.567 [Test worker] DEBUG o.s.w.r.r.m.a.ControllerMethodResolver - ControllerAdvice beans: none
16:11:20.662 [Test worker] DEBUG o.s.w.s.a.HttpWebHandlerAdapter - enableLoggingRequestDetails='false': form data and headers will be masked to prevent unsafe logging of potentially sensitive data
16:11:20.662 [Test worker] DEBUG o.s.w.t.h.s.r.b.ReactorHttpServer - Starting ReactorHttpServer...
16:11:20.664 [Test worker] DEBUG o.s.w.t.h.s.r.b.ReactorHttpServer - Server started on port 54785(0 millis).
16:11:20.665 [Test worker] DEBUG o.s.w.c.RestTemplate - HTTP POST http://localhost:54785/request/flux
16:11:20.665 [Test worker] DEBUG o.s.w.c.RestTemplate - Accept=[text/plain, application/json, application/x-jackson-smile, application/*+json, */*]
16:11:20.666 [Test worker] DEBUG o.s.w.c.RestTemplate - Writing [[org.springframework.web.reactive.result.method.annotation.JacksonHintsIntegrationTests$JacksonViewBean@6219066e, org.springframework.web.reactive.result.method.annotation.JacksonHintsIntegrationTests$JacksonViewBean@18c5bde9]] as "application/json"
16:11:20.671 [reactor-http-nio-2] DEBUG o.s.w.s.a.HttpWebHandlerAdapter - [b368bf48-5] HTTP POST "/request/flux"
16:11:20.672 [reactor-http-nio-2] DEBUG o.s.w.r.r.m.a.RequestMappingHandlerMapping - [b368bf48-5] Mapped to org.springframework.web.reactive.result.method.annotation.JacksonHintsIntegrationTests$JsonViewRestController#fluxRequest(Flux)
16:11:20.674 [reactor-http-nio-2] DEBUG o.s.w.r.r.m.a.RequestBodyMethodArgumentResolver - [b368bf48-5] Content-Type:application/json
16:11:20.675 [reactor-http-nio-2] DEBUG o.s.w.r.r.m.a.RequestBodyMethodArgumentResolver - [b368bf48-5] 0..N [org.springframework.web.reactive.result.method.annotation.JacksonHintsIntegrationTests$JacksonViewBean]
16:11:20.677 [reactor-http-nio-2] DEBUG o.s.w.r.r.m.a.ResponseBodyResultHandler - Using 'application/json' given [application/json] and supported [application/json, application/*+json, application/x-jackson-smile, application/*+x-jackson-smile, text/event-stream]
16:11:20.678 [reactor-http-nio-2] DEBUG o.s.w.r.r.m.a.ResponseBodyResultHandler - [b368bf48-5] 0..N [org.springframework.web.reactive.result.method.annotation.JacksonHintsIntegrationTests$JacksonViewBean]
16:11:20.679 [reactor-http-nio-2] DEBUG o.s.h.c.j.Jackson2JsonDecoder - [b368bf48-5] Decoded [org.springframework.web.reactive.result.method.annotation.JacksonHintsIntegrationTests$JacksonViewBe (truncated)...]
16:11:20.679 [reactor-http-nio-2] DEBUG o.s.h.c.j.Jackson2JsonDecoder - [b368bf48-5] Decoded [org.springframework.web.reactive.result.method.annotation.JacksonHintsIntegrationTests$JacksonViewBe (truncated)...]
16:11:20.680 [reactor-http-nio-2] DEBUG o.s.h.c.j.Jackson2JsonEncoder - [b368bf48-5] Encoding [[org.springframework.web.reactive.result.method.annotation.JacksonHintsIntegrationTests$JacksonViewB (truncated)...]
16:11:20.690 [Test worker] DEBUG o.s.w.c.RestTemplate - Response 200 OK
16:11:20.701 [reactor-http-nio-2] DEBUG o.s.w.s.a.HttpWebHandlerAdapter - [b368bf48-5] Completed 200 OK
16:11:20.701 [Test worker] DEBUG o.s.w.c.RestTemplate - Reading to [java.lang.String] as "application/json"
16:11:20.704 [Test worker] DEBUG o.s.w.t.h.s.r.b.ReactorHttpServer - Stopping ReactorHttpServer...
16:11:20.704 [Test worker] DEBUG o.s.w.t.h.s.r.b.ReactorHttpServer - Server stopped (0 millis).
16:11:20.907 [Test worker] DEBUG o.s.w.r.r.m.a.RequestMappingHandlerMapping - 9 mappings in 'requestMappingHandlerMapping'
16:11:21.014 [Test worker] DEBUG o.s.w.r.r.m.a.ControllerMethodResolver - ControllerAdvice beans: none
16:11:21.076 [Test worker] DEBUG o.s.w.s.a.HttpWebHandlerAdapter - enableLoggingRequestDetails='false': form data and headers will be masked to prevent unsafe logging of potentially sensitive data
16:11:21.108 [Test worker] DEBUG o.s.w.t.h.s.r.b.TomcatHttpServer - Starting TomcatHttpServer...
16:11:21.125 [Test worker] DEBUG o.s.w.t.h.s.r.b.TomcatHttpServer - Server started on port 54792(0 millis).
16:11:21.125 [Test worker] DEBUG o.s.w.c.RestTemplate - HTTP POST http://localhost:54792/request/flux
16:11:21.126 [Test worker] DEBUG o.s.w.c.RestTemplate - Accept=[text/plain, application/json, application/x-jackson-smile, application/*+json, */*]
16:11:21.127 [Test worker] DEBUG o.s.w.c.RestTemplate - Writing [[org.springframework.web.reactive.result.method.annotation.JacksonHintsIntegrationTests$JacksonViewBean@38a9823, org.springframework.web.reactive.result.method.annotation.JacksonHintsIntegrationTests$JacksonViewBean@394fb716]] as "application/json"
16:11:21.132 [http-nio-auto-5-exec-1] DEBUG o.s.w.s.a.HttpWebHandlerAdapter - [fa7039a] HTTP POST "/request/flux"
16:11:21.133 [http-nio-auto-5-exec-1] DEBUG o.s.w.r.r.m.a.RequestMappingHandlerMapping - [fa7039a] Mapped to org.springframework.web.reactive.result.method.annotation.JacksonHintsIntegrationTests$JsonViewRestController#fluxRequest(Flux)
16:11:21.134 [http-nio-auto-5-exec-1] DEBUG o.s.w.r.r.m.a.RequestBodyMethodArgumentResolver - [fa7039a] Content-Type:application/json
16:11:21.135 [http-nio-auto-5-exec-1] DEBUG o.s.w.r.r.m.a.RequestBodyMethodArgumentResolver - [fa7039a] 0..N [org.springframework.web.reactive.result.method.annotation.JacksonHintsIntegrationTests$JacksonViewBean]
16:11:21.137 [http-nio-auto-5-exec-1] DEBUG o.s.w.r.r.m.a.ResponseBodyResultHandler - Using 'application/json' given [application/json] and supported [application/json, application/*+json, application/x-jackson-smile, application/*+x-jackson-smile, text/event-stream]
16:11:21.138 [http-nio-auto-5-exec-1] DEBUG o.s.w.r.r.m.a.ResponseBodyResultHandler - [fa7039a] 0..N [org.springframework.web.reactive.result.method.annotation.JacksonHintsIntegrationTests$JacksonViewBean]
16:11:21.139 [http-nio-auto-5-exec-1] DEBUG o.s.h.c.j.Jackson2JsonDecoder - [fa7039a] Decoded [org.springframework.web.reactive.result.method.annotation.JacksonHintsIntegrationTests$JacksonViewBe (truncated)...]
16:11:21.139 [http-nio-auto-5-exec-1] DEBUG o.s.h.c.j.Jackson2JsonDecoder - [fa7039a] Decoded [org.springframework.web.reactive.result.method.annotation.JacksonHintsIntegrationTests$JacksonViewBe (truncated)...]
16:11:21.139 [http-nio-auto-5-exec-1] DEBUG o.s.h.c.j.Jackson2JsonEncoder - [fa7039a] Encoding [[org.springframework.web.reactive.result.method.annotation.JacksonHintsIntegrationTests$JacksonViewB (truncated)...]
16:11:21.141 [http-nio-auto-5-exec-1] DEBUG o.s.w.s.a.HttpWebHandlerAdapter - [fa7039a] Completed 200 OK
16:11:21.142 [Test worker] DEBUG o.s.w.c.RestTemplate - Response 200 OK
16:11:21.142 [Test worker] DEBUG o.s.w.c.RestTemplate - Reading to [java.lang.String] as "application/json"
16:11:21.143 [Test worker] DEBUG o.s.w.t.h.s.r.b.TomcatHttpServer - Stopping TomcatHttpServer...
16:11:21.183 [Test worker] DEBUG o.s.w.t.h.s.r.b.TomcatHttpServer - Server stopped (0 millis).
16:11:21.452 [Test worker] DEBUG o.s.w.r.r.m.a.RequestMappingHandlerMapping - 9 mappings in 'requestMappingHandlerMapping'
16:11:21.532 [Test worker] DEBUG o.s.w.r.r.m.a.ControllerMethodResolver - ControllerAdvice beans: none
16:11:21.612 [Test worker] DEBUG o.s.w.s.a.HttpWebHandlerAdapter - enableLoggingRequestDetails='false': form data and headers will be masked to prevent unsafe logging of potentially sensitive data
16:11:21.612 [Test worker] DEBUG o.s.w.t.h.s.r.b.UndertowHttpServer - Starting UndertowHttpServer...
16:11:21.612 [Test worker] INFO  i.undertow - starting server: Undertow - 2.0.32.Final
16:11:21.619 [Test worker] DEBUG o.s.w.t.h.s.r.b.UndertowHttpServer - Server started on port 54799(0 millis).
16:11:21.619 [Test worker] DEBUG o.s.w.c.RestTemplate - HTTP POST http://localhost:54799/request/flux
16:11:21.619 [Test worker] DEBUG o.s.w.c.RestTemplate - Accept=[text/plain, application/json, application/x-jackson-smile, application/*+json, */*]
16:11:21.620 [Test worker] DEBUG o.s.w.c.RestTemplate - Writing [[org.springframework.web.reactive.result.method.annotation.JacksonHintsIntegrationTests$JacksonViewBean@334cd4d5, org.springframework.web.reactive.result.method.annotation.JacksonHintsIntegrationTests$JacksonViewBean@7b997139]] as "application/json"
16:11:21.623 [XNIO-5 I/O-6] DEBUG o.s.w.s.a.HttpWebHandlerAdapter - [8c57602] HTTP POST "/request/flux"
16:11:21.623 [XNIO-5 I/O-6] DEBUG o.s.w.r.r.m.a.RequestMappingHandlerMapping - [8c57602] Mapped to org.springframework.web.reactive.result.method.annotation.JacksonHintsIntegrationTests$JsonViewRestController#fluxRequest(Flux)
16:11:21.625 [XNIO-5 I/O-6] DEBUG o.s.w.r.r.m.a.RequestBodyMethodArgumentResolver - [8c57602] Content-Type:application/json
16:11:21.626 [XNIO-5 I/O-6] DEBUG o.s.w.r.r.m.a.RequestBodyMethodArgumentResolver - [8c57602] 0..N [org.springframework.web.reactive.result.method.annotation.JacksonHintsIntegrationTests$JacksonViewBean]
16:11:21.629 [XNIO-5 I/O-6] DEBUG o.s.w.r.r.m.a.ResponseBodyResultHandler - Using 'application/json' given [application/json] and supported [application/json, application/*+json, application/x-jackson-smile, application/*+x-jackson-smile, text/event-stream]
16:11:21.629 [XNIO-5 I/O-6] DEBUG o.s.w.r.r.m.a.ResponseBodyResultHandler - [8c57602] 0..N [org.springframework.web.reactive.result.method.annotation.JacksonHintsIntegrationTests$JacksonViewBean]
16:11:21.630 [XNIO-5 I/O-6] DEBUG o.s.h.c.j.Jackson2JsonDecoder - [8c57602] Decoded [org.springframework.web.reactive.result.method.annotation.JacksonHintsIntegrationTests$JacksonViewBe (truncated)...]
16:11:21.631 [XNIO-5 I/O-6] DEBUG o.s.h.c.j.Jackson2JsonDecoder - [8c57602] Decoded [org.springframework.web.reactive.result.method.annotation.JacksonHintsIntegrationTests$JacksonViewBe (truncated)...]
16:11:21.632 [XNIO-5 I/O-6] DEBUG o.s.h.c.j.Jackson2JsonEncoder - [8c57602] Encoding [[org.springframework.web.reactive.result.method.annotation.JacksonHintsIntegrationTests$JacksonViewB (truncated)...]
16:11:21.637 [XNIO-5 I/O-6] DEBUG o.s.w.s.a.HttpWebHandlerAdapter - [8c57602] Completed 200 OK
16:11:21.637 [Test worker] DEBUG o.s.w.c.RestTemplate - Response 200 OK
16:11:21.637 [Test worker] DEBUG o.s.w.c.RestTemplate - Reading to [java.lang.String] as "application/json"
16:11:21.638 [Test worker] DEBUG o.s.w.t.h.s.r.b.UndertowHttpServer - Stopping UndertowHttpServer...
16:11:21.638 [Test worker] INFO  i.undertow - stopping server: Undertow - 2.0.32.Final
16:11:21.640 [Test worker] DEBUG o.s.w.t.h.s.r.b.UndertowHttpServer - Server stopped (0 millis).
16:11:21.836 [Test worker] DEBUG o.s.w.r.r.m.a.RequestMappingHandlerMapping - 9 mappings in 'requestMappingHandlerMapping'
16:11:21.923 [Test worker] DEBUG o.s.w.r.r.m.a.ControllerMethodResolver - ControllerAdvice beans: none
16:11:22.013 [Test worker] DEBUG o.s.w.s.a.HttpWebHandlerAdapter - enableLoggingRequestDetails='false': form data and headers will be masked to prevent unsafe logging of potentially sensitive data
16:11:22.013 [Test worker] WARN  o.e.j.s.h.ContextHandler - Empty contextPath
16:11:22.013 [Test worker] INFO  o.e.j.s.h.ContextHandler - Started o.e.j.s.ServletContextHandler@269ef87f{/,null,AVAILABLE}
16:11:22.014 [Test worker] DEBUG o.s.w.t.h.s.r.b.JettyHttpServer - Starting JettyHttpServer...
16:11:22.014 [Test worker] INFO  o.e.j.s.Server - jetty-9.4.31.v20200723; built: 2020-07-23T17:57:36.812Z; git: 450ba27947e13e66baa8cd1ce7e85a4461cacc1d; jvm 1.8.0_201-b09
16:11:22.021 [Test worker] INFO  o.e.j.s.AbstractConnector - Started ServerConnector@2c12e696{HTTP/1.1, (http/1.1)}{0.0.0.0:54804}
16:11:22.021 [Test worker] INFO  o.e.j.s.Server - Started @49883ms
16:11:22.021 [Test worker] DEBUG o.s.w.t.h.s.r.b.JettyHttpServer - Server started on port 54804(0 millis).
16:11:22.021 [Test worker] DEBUG o.s.w.c.RestTemplate - HTTP POST http://localhost:54804/request/mono
16:11:22.021 [Test worker] DEBUG o.s.w.c.RestTemplate - Accept=[text/plain, application/json, application/x-jackson-smile, application/*+json, */*]
16:11:22.023 [Test worker] DEBUG o.s.w.c.RestTemplate - Writing [org.springframework.web.reactive.result.method.annotation.JacksonHintsIntegrationTests$JacksonViewBean@6615d15d] as "application/json"
16:11:22.039 [qtp2108917231-222] DEBUG o.s.w.s.a.HttpWebHandlerAdapter - [4be7c6d8] HTTP POST "/request/mono"
16:11:22.040 [qtp2108917231-222] DEBUG o.s.w.r.r.m.a.RequestMappingHandlerMapping - [4be7c6d8] Mapped to org.springframework.web.reactive.result.method.annotation.JacksonHintsIntegrationTests$JsonViewRestController#monoRequest(Mono)
16:11:22.041 [qtp2108917231-222] DEBUG o.s.w.r.r.m.a.RequestBodyMethodArgumentResolver - [4be7c6d8] Content-Type:application/json;charset=UTF-8
16:11:22.043 [qtp2108917231-222] DEBUG o.s.w.r.r.m.a.RequestBodyMethodArgumentResolver - [4be7c6d8] 0..1 [org.springframework.web.reactive.result.method.annotation.JacksonHintsIntegrationTests$JacksonViewBean]
16:11:22.045 [qtp2108917231-222] DEBUG o.s.w.r.r.m.a.ResponseBodyResultHandler - Using 'application/json' given [application/json] and supported [application/json, application/*+json, application/x-jackson-smile, application/*+x-jackson-smile, text/event-stream]
16:11:22.045 [qtp2108917231-222] DEBUG o.s.w.r.r.m.a.ResponseBodyResultHandler - [4be7c6d8] 0..1 [org.springframework.web.reactive.result.method.annotation.JacksonHintsIntegrationTests$JacksonViewBean]
16:11:22.047 [qtp2108917231-222] DEBUG o.s.h.c.j.Jackson2JsonDecoder - [4be7c6d8] Decoded [org.springframework.web.reactive.result.method.annotation.JacksonHintsIntegrationTests$JacksonViewBe (truncated)...]
16:11:22.047 [qtp2108917231-222] DEBUG o.s.h.c.j.Jackson2JsonEncoder - [4be7c6d8] Encoding [org.springframework.web.reactive.result.method.annotation.JacksonHintsIntegrationTests$JacksonViewBe (truncated)...]
16:11:22.048 [qtp2108917231-222] DEBUG o.s.w.s.a.HttpWebHandlerAdapter - [4be7c6d8] Completed 200 OK
16:11:22.048 [Test worker] DEBUG o.s.w.c.RestTemplate - Response 200 OK
16:11:22.049 [Test worker] DEBUG o.s.w.c.RestTemplate - Reading to [java.lang.String] as "application/json"
16:11:22.049 [Test worker] DEBUG o.s.w.t.h.s.r.b.JettyHttpServer - Stopping JettyHttpServer...
16:11:22.050 [Test worker] INFO  o.e.j.s.h.ContextHandler - Stopped o.e.j.s.ServletContextHandler@269ef87f{/,null,UNAVAILABLE}
16:11:22.052 [Test worker] INFO  o.e.j.s.AbstractConnector - Stopped ServerConnector@2c12e696{HTTP/1.1, (http/1.1)}{0.0.0.0:0}
16:11:22.063 [Test worker] DEBUG o.s.w.t.h.s.r.b.JettyHttpServer - Server stopped (0 millis).
16:11:22.261 [Test worker] DEBUG o.s.w.r.r.m.a.RequestMappingHandlerMapping - 9 mappings in 'requestMappingHandlerMapping'
16:11:22.357 [Test worker] DEBUG o.s.w.r.r.m.a.ControllerMethodResolver - ControllerAdvice beans: none
16:11:22.444 [Test worker] DEBUG o.s.w.s.a.HttpWebHandlerAdapter - enableLoggingRequestDetails='false': form data and headers will be masked to prevent unsafe logging of potentially sensitive data
16:11:22.444 [Test worker] DEBUG o.s.w.t.h.s.r.b.ReactorHttpServer - Starting ReactorHttpServer...
16:11:22.446 [Test worker] DEBUG o.s.w.t.h.s.r.b.ReactorHttpServer - Server started on port 54808(0 millis).
16:11:22.446 [Test worker] DEBUG o.s.w.c.RestTemplate - HTTP POST http://localhost:54808/request/mono
16:11:22.447 [Test worker] DEBUG o.s.w.c.RestTemplate - Accept=[text/plain, application/json, application/x-jackson-smile, application/*+json, */*]
16:11:22.448 [Test worker] DEBUG o.s.w.c.RestTemplate - Writing [org.springframework.web.reactive.result.method.annotation.JacksonHintsIntegrationTests$JacksonViewBean@35396097] as "application/json"
16:11:22.451 [reactor-http-nio-4] DEBUG o.s.w.s.a.HttpWebHandlerAdapter - [6526f3ce-6] HTTP POST "/request/mono"
16:11:22.452 [reactor-http-nio-4] DEBUG o.s.w.r.r.m.a.RequestMappingHandlerMapping - [6526f3ce-6] Mapped to org.springframework.web.reactive.result.method.annotation.JacksonHintsIntegrationTests$JsonViewRestController#monoRequest(Mono)
16:11:22.453 [reactor-http-nio-4] DEBUG o.s.w.r.r.m.a.RequestBodyMethodArgumentResolver - [6526f3ce-6] Content-Type:application/json
16:11:22.454 [reactor-http-nio-4] DEBUG o.s.w.r.r.m.a.RequestBodyMethodArgumentResolver - [6526f3ce-6] 0..1 [org.springframework.web.reactive.result.method.annotation.JacksonHintsIntegrationTests$JacksonViewBean]
16:11:22.456 [reactor-http-nio-4] DEBUG o.s.w.r.r.m.a.ResponseBodyResultHandler - Using 'application/json' given [application/json] and supported [application/json, application/*+json, application/x-jackson-smile, application/*+x-jackson-smile, text/event-stream]
16:11:22.456 [reactor-http-nio-4] DEBUG o.s.w.r.r.m.a.ResponseBodyResultHandler - [6526f3ce-6] 0..1 [org.springframework.web.reactive.result.method.annotation.JacksonHintsIntegrationTests$JacksonViewBean]
16:11:22.458 [reactor-http-nio-4] DEBUG o.s.h.c.j.Jackson2JsonDecoder - [6526f3ce-6] Decoded [org.springframework.web.reactive.result.method.annotation.JacksonHintsIntegrationTests$JacksonViewBe (truncated)...]
16:11:22.458 [reactor-http-nio-4] DEBUG o.s.h.c.j.Jackson2JsonEncoder - [6526f3ce-6] Encoding [org.springframework.web.reactive.result.method.annotation.JacksonHintsIntegrationTests$JacksonViewBe (truncated)...]
16:11:22.460 [Test worker] DEBUG o.s.w.c.RestTemplate - Response 200 OK
16:11:22.460 [reactor-http-nio-4] DEBUG o.s.w.s.a.HttpWebHandlerAdapter - [6526f3ce-6] Completed 200 OK
16:11:22.461 [Test worker] DEBUG o.s.w.c.RestTemplate - Reading to [java.lang.String] as "application/json"
16:11:22.461 [Test worker] DEBUG o.s.w.t.h.s.r.b.ReactorHttpServer - Stopping ReactorHttpServer...
16:11:22.461 [Test worker] DEBUG o.s.w.t.h.s.r.b.ReactorHttpServer - Server stopped (0 millis).
16:11:22.631 [Test worker] DEBUG o.s.w.r.r.m.a.RequestMappingHandlerMapping - 9 mappings in 'requestMappingHandlerMapping'
16:11:22.716 [Test worker] DEBUG o.s.w.r.r.m.a.ControllerMethodResolver - ControllerAdvice beans: none
16:11:22.791 [Test worker] DEBUG o.s.w.s.a.HttpWebHandlerAdapter - enableLoggingRequestDetails='false': form data and headers will be masked to prevent unsafe logging of potentially sensitive data
16:11:22.792 [Test worker] DEBUG o.s.w.t.h.s.r.b.TomcatHttpServer - Starting TomcatHttpServer...
16:11:22.816 [Test worker] DEBUG o.s.w.t.h.s.r.b.TomcatHttpServer - Server started on port 54813(0 millis).
16:11:22.817 [Test worker] DEBUG o.s.w.c.RestTemplate - HTTP POST http://localhost:54813/request/mono
16:11:22.817 [Test worker] DEBUG o.s.w.c.RestTemplate - Accept=[text/plain, application/json, application/x-jackson-smile, application/*+json, */*]
16:11:22.818 [Test worker] DEBUG o.s.w.c.RestTemplate - Writing [org.springframework.web.reactive.result.method.annotation.JacksonHintsIntegrationTests$JacksonViewBean@18f39041] as "application/json"
16:11:22.823 [http-nio-auto-6-exec-1] DEBUG o.s.w.s.a.HttpWebHandlerAdapter - [7310b462] HTTP POST "/request/mono"
16:11:22.824 [http-nio-auto-6-exec-1] DEBUG o.s.w.r.r.m.a.RequestMappingHandlerMapping - [7310b462] Mapped to org.springframework.web.reactive.result.method.annotation.JacksonHintsIntegrationTests$JsonViewRestController#monoRequest(Mono)
16:11:22.825 [http-nio-auto-6-exec-1] DEBUG o.s.w.r.r.m.a.RequestBodyMethodArgumentResolver - [7310b462] Content-Type:application/json
16:11:22.826 [http-nio-auto-6-exec-1] DEBUG o.s.w.r.r.m.a.RequestBodyMethodArgumentResolver - [7310b462] 0..1 [org.springframework.web.reactive.result.method.annotation.JacksonHintsIntegrationTests$JacksonViewBean]
16:11:22.828 [http-nio-auto-6-exec-1] DEBUG o.s.w.r.r.m.a.ResponseBodyResultHandler - Using 'application/json' given [application/json] and supported [application/json, application/*+json, application/x-jackson-smile, application/*+x-jackson-smile, text/event-stream]
16:11:22.828 [http-nio-auto-6-exec-1] DEBUG o.s.w.r.r.m.a.ResponseBodyResultHandler - [7310b462] 0..1 [org.springframework.web.reactive.result.method.annotation.JacksonHintsIntegrationTests$JacksonViewBean]
16:11:22.829 [http-nio-auto-6-exec-1] DEBUG o.s.h.c.j.Jackson2JsonDecoder - [7310b462] Decoded [org.springframework.web.reactive.result.method.annotation.JacksonHintsIntegrationTests$JacksonViewBe (truncated)...]
16:11:22.829 [http-nio-auto-6-exec-1] DEBUG o.s.h.c.j.Jackson2JsonEncoder - [7310b462] Encoding [org.springframework.web.reactive.result.method.annotation.JacksonHintsIntegrationTests$JacksonViewBe (truncated)...]
16:11:22.831 [http-nio-auto-6-exec-1] DEBUG o.s.w.s.a.HttpWebHandlerAdapter - [7310b462] Completed 200 OK
16:11:22.831 [Test worker] DEBUG o.s.w.c.RestTemplate - Response 200 OK
16:11:22.831 [Test worker] DEBUG o.s.w.c.RestTemplate - Reading to [java.lang.String] as "application/json"
16:11:22.832 [Test worker] DEBUG o.s.w.t.h.s.r.b.TomcatHttpServer - Stopping TomcatHttpServer...
16:11:22.850 [Test worker] DEBUG o.s.w.t.h.s.r.b.TomcatHttpServer - Server stopped (0 millis).
16:11:23.090 [Test worker] DEBUG o.s.w.r.r.m.a.RequestMappingHandlerMapping - 9 mappings in 'requestMappingHandlerMapping'
16:11:23.163 [Test worker] DEBUG o.s.w.r.r.m.a.ControllerMethodResolver - ControllerAdvice beans: none
16:11:23.227 [Test worker] DEBUG o.s.w.s.a.HttpWebHandlerAdapter - enableLoggingRequestDetails='false': form data and headers will be masked to prevent unsafe logging of potentially sensitive data
16:11:23.227 [Test worker] DEBUG o.s.w.t.h.s.r.b.UndertowHttpServer - Starting UndertowHttpServer...
16:11:23.227 [Test worker] INFO  i.undertow - starting server: Undertow - 2.0.32.Final
16:11:23.236 [Test worker] DEBUG o.s.w.t.h.s.r.b.UndertowHttpServer - Server started on port 54819(0 millis).
16:11:23.237 [Test worker] DEBUG o.s.w.c.RestTemplate - HTTP POST http://localhost:54819/request/mono
16:11:23.237 [Test worker] DEBUG o.s.w.c.RestTemplate - Accept=[text/plain, application/json, application/x-jackson-smile, application/*+json, */*]
16:11:23.238 [Test worker] DEBUG o.s.w.c.RestTemplate - Writing [org.springframework.web.reactive.result.method.annotation.JacksonHintsIntegrationTests$JacksonViewBean@169a70ae] as "application/json"
16:11:23.240 [XNIO-6 I/O-6] DEBUG o.s.w.s.a.HttpWebHandlerAdapter - [706b342b] HTTP POST "/request/mono"
16:11:23.241 [XNIO-6 I/O-6] DEBUG o.s.w.r.r.m.a.RequestMappingHandlerMapping - [706b342b] Mapped to org.springframework.web.reactive.result.method.annotation.JacksonHintsIntegrationTests$JsonViewRestController#monoRequest(Mono)
16:11:23.242 [XNIO-6 I/O-6] DEBUG o.s.w.r.r.m.a.RequestBodyMethodArgumentResolver - [706b342b] Content-Type:application/json
16:11:23.244 [XNIO-6 I/O-6] DEBUG o.s.w.r.r.m.a.RequestBodyMethodArgumentResolver - [706b342b] 0..1 [org.springframework.web.reactive.result.method.annotation.JacksonHintsIntegrationTests$JacksonViewBean]
16:11:23.245 [XNIO-6 I/O-6] DEBUG o.s.w.r.r.m.a.ResponseBodyResultHandler - Using 'application/json' given [application/json] and supported [application/json, application/*+json, application/x-jackson-smile, application/*+x-jackson-smile, text/event-stream]
16:11:23.246 [XNIO-6 I/O-6] DEBUG o.s.w.r.r.m.a.ResponseBodyResultHandler - [706b342b] 0..1 [org.springframework.web.reactive.result.method.annotation.JacksonHintsIntegrationTests$JacksonViewBean]
16:11:23.247 [XNIO-6 I/O-6] DEBUG o.s.h.c.j.Jackson2JsonDecoder - [706b342b] Decoded [org.springframework.web.reactive.result.method.annotation.JacksonHintsIntegrationTests$JacksonViewBe (truncated)...]
16:11:23.247 [XNIO-6 I/O-6] DEBUG o.s.h.c.j.Jackson2JsonEncoder - [706b342b] Encoding [org.springframework.web.reactive.result.method.annotation.JacksonHintsIntegrationTests$JacksonViewBe (truncated)...]
16:11:23.248 [XNIO-6 I/O-6] DEBUG o.s.w.s.a.HttpWebHandlerAdapter - [706b342b] Completed 200 OK
16:11:23.248 [Test worker] DEBUG o.s.w.c.RestTemplate - Response 200 OK
16:11:23.248 [Test worker] DEBUG o.s.w.c.RestTemplate - Reading to [java.lang.String] as "application/json"
16:11:23.248 [Test worker] DEBUG o.s.w.t.h.s.r.b.UndertowHttpServer - Stopping UndertowHttpServer...
16:11:23.249 [Test worker] INFO  i.undertow - stopping server: Undertow - 2.0.32.Final
16:11:23.251 [Test worker] DEBUG o.s.w.t.h.s.r.b.UndertowHttpServer - Server stopped (0 millis).
16:11:23.418 [Test worker] DEBUG o.s.w.r.r.m.a.RequestMappingHandlerMapping - 9 mappings in 'requestMappingHandlerMapping'
16:11:23.491 [Test worker] DEBUG o.s.w.r.r.m.a.ControllerMethodResolver - ControllerAdvice beans: none
16:11:23.548 [Test worker] DEBUG o.s.w.s.a.HttpWebHandlerAdapter - enableLoggingRequestDetails='false': form data and headers will be masked to prevent unsafe logging of potentially sensitive data
16:11:23.549 [Test worker] WARN  o.e.j.s.h.ContextHandler - Empty contextPath
16:11:23.549 [Test worker] INFO  o.e.j.s.h.ContextHandler - Started o.e.j.s.ServletContextHandler@5d240601{/,null,AVAILABLE}
16:11:23.549 [Test worker] DEBUG o.s.w.t.h.s.r.b.JettyHttpServer - Starting JettyHttpServer...
16:11:23.550 [Test worker] INFO  o.e.j.s.Server - jetty-9.4.31.v20200723; built: 2020-07-23T17:57:36.812Z; git: 450ba27947e13e66baa8cd1ce7e85a4461cacc1d; jvm 1.8.0_201-b09
16:11:23.556 [Test worker] INFO  o.e.j.s.AbstractConnector - Started ServerConnector@42941330{HTTP/1.1, (http/1.1)}{0.0.0.0:54823}
16:11:23.557 [Test worker] INFO  o.e.j.s.Server - Started @51419ms
16:11:23.557 [Test worker] DEBUG o.s.w.t.h.s.r.b.JettyHttpServer - Server started on port 54823(0 millis).
16:11:23.557 [Test worker] DEBUG o.s.w.c.RestTemplate - HTTP GET http://localhost:54823/response/raw
16:11:23.557 [Test worker] DEBUG o.s.w.c.RestTemplate - Accept=[text/plain, application/json, application/x-jackson-smile, application/*+json, */*]
16:11:23.560 [qtp1706580422-268] DEBUG o.s.w.s.a.HttpWebHandlerAdapter - [6c6ef0ed] HTTP GET "/response/raw"
16:11:23.561 [qtp1706580422-268] DEBUG o.s.w.r.r.m.a.RequestMappingHandlerMapping - [6c6ef0ed] Mapped to org.springframework.web.reactive.result.method.annotation.JacksonHintsIntegrationTests$JsonViewRestController#rawResponse()
16:11:23.563 [qtp1706580422-268] DEBUG o.s.w.r.r.m.a.ResponseBodyResultHandler - Using 'application/json' given [application/json] and supported [application/json, application/*+json, application/x-jackson-smile, application/*+x-jackson-smile, text/event-stream]
16:11:23.564 [qtp1706580422-268] DEBUG o.s.w.r.r.m.a.ResponseBodyResultHandler - [6c6ef0ed] 0..1 [org.springframework.web.reactive.result.method.annotation.JacksonHintsIntegrationTests$JacksonViewBean]
16:11:23.564 [qtp1706580422-268] DEBUG o.s.h.c.j.Jackson2JsonEncoder - [6c6ef0ed] Encoding [org.springframework.web.reactive.result.method.annotation.JacksonHintsIntegrationTests$JacksonViewBe (truncated)...]
16:11:23.565 [qtp1706580422-268] DEBUG o.s.w.s.a.HttpWebHandlerAdapter - [6c6ef0ed] Completed 200 OK
16:11:23.566 [Test worker] DEBUG o.s.w.c.RestTemplate - Response 200 OK
16:11:23.566 [Test worker] DEBUG o.s.w.c.RestTemplate - Reading to [java.lang.String] as "application/json"
16:11:23.566 [Test worker] DEBUG o.s.w.t.h.s.r.b.JettyHttpServer - Stopping JettyHttpServer...
16:11:23.566 [Test worker] INFO  o.e.j.s.h.ContextHandler - Stopped o.e.j.s.ServletContextHandler@5d240601{/,null,UNAVAILABLE}
16:11:23.569 [Test worker] INFO  o.e.j.s.AbstractConnector - Stopped ServerConnector@42941330{HTTP/1.1, (http/1.1)}{0.0.0.0:0}
16:11:23.580 [Test worker] DEBUG o.s.w.t.h.s.r.b.JettyHttpServer - Server stopped (0 millis).
16:11:23.755 [Test worker] DEBUG o.s.w.r.r.m.a.RequestMappingHandlerMapping - 9 mappings in 'requestMappingHandlerMapping'
16:11:23.806 [Test worker] DEBUG o.s.w.r.r.m.a.ControllerMethodResolver - ControllerAdvice beans: none
16:11:23.879 [Test worker] DEBUG o.s.w.s.a.HttpWebHandlerAdapter - enableLoggingRequestDetails='false': form data and headers will be masked to prevent unsafe logging of potentially sensitive data
16:11:23.879 [Test worker] DEBUG o.s.w.t.h.s.r.b.ReactorHttpServer - Starting ReactorHttpServer...
16:11:23.886 [Test worker] DEBUG o.s.w.t.h.s.r.b.ReactorHttpServer - Server started on port 54825(0 millis).
16:11:23.886 [Test worker] DEBUG o.s.w.c.RestTemplate - HTTP GET http://localhost:54825/response/raw
16:11:23.887 [Test worker] DEBUG o.s.w.c.RestTemplate - Accept=[text/plain, application/json, application/x-jackson-smile, application/*+json, */*]
16:11:23.890 [reactor-http-nio-6] DEBUG o.s.w.s.a.HttpWebHandlerAdapter - [aaa6faf8-7] HTTP GET "/response/raw"
16:11:23.891 [reactor-http-nio-6] DEBUG o.s.w.r.r.m.a.RequestMappingHandlerMapping - [aaa6faf8-7] Mapped to org.springframework.web.reactive.result.method.annotation.JacksonHintsIntegrationTests$JsonViewRestController#rawResponse()
16:11:23.893 [reactor-http-nio-6] DEBUG o.s.w.r.r.m.a.ResponseBodyResultHandler - Using 'application/json' given [application/json] and supported [application/json, application/*+json, application/x-jackson-smile, application/*+x-jackson-smile, text/event-stream]
16:11:23.893 [reactor-http-nio-6] DEBUG o.s.w.r.r.m.a.ResponseBodyResultHandler - [aaa6faf8-7] 0..1 [org.springframework.web.reactive.result.method.annotation.JacksonHintsIntegrationTests$JacksonViewBean]
16:11:23.894 [reactor-http-nio-6] DEBUG o.s.h.c.j.Jackson2JsonEncoder - [aaa6faf8-7] Encoding [org.springframework.web.reactive.result.method.annotation.JacksonHintsIntegrationTests$JacksonViewBe (truncated)...]
16:11:23.896 [reactor-http-nio-6] DEBUG o.s.w.s.a.HttpWebHandlerAdapter - [aaa6faf8-7] Completed 200 OK
16:11:23.899 [Test worker] DEBUG o.s.w.c.RestTemplate - Response 200 OK
16:11:23.899 [Test worker] DEBUG o.s.w.c.RestTemplate - Reading to [java.lang.String] as "application/json"
16:11:23.900 [Test worker] DEBUG o.s.w.t.h.s.r.b.ReactorHttpServer - Stopping ReactorHttpServer...
16:11:23.901 [Test worker] DEBUG o.s.w.t.h.s.r.b.ReactorHttpServer - Server stopped (0 millis).
16:11:24.063 [Test worker] DEBUG o.s.w.r.r.m.a.RequestMappingHandlerMapping - 9 mappings in 'requestMappingHandlerMapping'
16:11:24.156 [Test worker] DEBUG o.s.w.r.r.m.a.ControllerMethodResolver - ControllerAdvice beans: none
16:11:24.219 [Test worker] DEBUG o.s.w.s.a.HttpWebHandlerAdapter - enableLoggingRequestDetails='false': form data and headers will be masked to prevent unsafe logging of potentially sensitive data
16:11:24.220 [Test worker] DEBUG o.s.w.t.h.s.r.b.TomcatHttpServer - Starting TomcatHttpServer...
16:11:24.233 [Test worker] DEBUG o.s.w.t.h.s.r.b.TomcatHttpServer - Server started on port 54830(0 millis).
16:11:24.234 [Test worker] DEBUG o.s.w.c.RestTemplate - HTTP GET http://localhost:54830/response/raw
16:11:24.234 [Test worker] DEBUG o.s.w.c.RestTemplate - Accept=[text/plain, application/json, application/x-jackson-smile, application/*+json, */*]
16:11:24.240 [http-nio-auto-7-exec-1] DEBUG o.s.w.s.a.HttpWebHandlerAdapter - [69012fd4] HTTP GET "/response/raw"
16:11:24.241 [http-nio-auto-7-exec-1] DEBUG o.s.w.r.r.m.a.RequestMappingHandlerMapping - [69012fd4] Mapped to org.springframework.web.reactive.result.method.annotation.JacksonHintsIntegrationTests$JsonViewRestController#rawResponse()
16:11:24.243 [http-nio-auto-7-exec-1] DEBUG o.s.w.r.r.m.a.ResponseBodyResultHandler - Using 'application/json' given [application/json] and supported [application/json, application/*+json, application/x-jackson-smile, application/*+x-jackson-smile, text/event-stream]
16:11:24.244 [http-nio-auto-7-exec-1] DEBUG o.s.w.r.r.m.a.ResponseBodyResultHandler - [69012fd4] 0..1 [org.springframework.web.reactive.result.method.annotation.JacksonHintsIntegrationTests$JacksonViewBean]
16:11:24.244 [http-nio-auto-7-exec-1] DEBUG o.s.h.c.j.Jackson2JsonEncoder - [69012fd4] Encoding [org.springframework.web.reactive.result.method.annotation.JacksonHintsIntegrationTests$JacksonViewBe (truncated)...]
16:11:24.246 [http-nio-auto-7-exec-1] DEBUG o.s.w.s.a.HttpWebHandlerAdapter - [69012fd4] Completed 200 OK
16:11:24.246 [Test worker] DEBUG o.s.w.c.RestTemplate - Response 200 OK
16:11:24.246 [Test worker] DEBUG o.s.w.c.RestTemplate - Reading to [java.lang.String] as "application/json"
16:11:24.247 [Test worker] DEBUG o.s.w.t.h.s.r.b.TomcatHttpServer - Stopping TomcatHttpServer...
16:11:24.265 [Test worker] DEBUG o.s.w.t.h.s.r.b.TomcatHttpServer - Server stopped (0 millis).
16:11:24.469 [Test worker] DEBUG o.s.w.r.r.m.a.RequestMappingHandlerMapping - 9 mappings in 'requestMappingHandlerMapping'
16:11:24.542 [Test worker] DEBUG o.s.w.r.r.m.a.ControllerMethodResolver - ControllerAdvice beans: none
16:11:24.598 [Test worker] DEBUG o.s.w.s.a.HttpWebHandlerAdapter - enableLoggingRequestDetails='false': form data and headers will be masked to prevent unsafe logging of potentially sensitive data
16:11:24.599 [Test worker] DEBUG o.s.w.t.h.s.r.b.UndertowHttpServer - Starting UndertowHttpServer...
16:11:24.599 [Test worker] INFO  i.undertow - starting server: Undertow - 2.0.32.Final
16:11:24.606 [Test worker] DEBUG o.s.w.t.h.s.r.b.UndertowHttpServer - Server started on port 54835(0 millis).
16:11:24.606 [Test worker] DEBUG o.s.w.c.RestTemplate - HTTP GET http://localhost:54835/response/raw
16:11:24.607 [Test worker] DEBUG o.s.w.c.RestTemplate - Accept=[text/plain, application/json, application/x-jackson-smile, application/*+json, */*]
16:11:24.609 [XNIO-7 I/O-6] DEBUG o.s.w.s.a.HttpWebHandlerAdapter - [192f1179] HTTP GET "/response/raw"
16:11:24.609 [XNIO-7 I/O-6] DEBUG o.s.w.r.r.m.a.RequestMappingHandlerMapping - [192f1179] Mapped to org.springframework.web.reactive.result.method.annotation.JacksonHintsIntegrationTests$JsonViewRestController#rawResponse()
16:11:24.612 [XNIO-7 I/O-6] DEBUG o.s.w.r.r.m.a.ResponseBodyResultHandler - Using 'application/json' given [application/json] and supported [application/json, application/*+json, application/x-jackson-smile, application/*+x-jackson-smile, text/event-stream]
16:11:24.612 [XNIO-7 I/O-6] DEBUG o.s.w.r.r.m.a.ResponseBodyResultHandler - [192f1179] 0..1 [org.springframework.web.reactive.result.method.annotation.JacksonHintsIntegrationTests$JacksonViewBean]
16:11:24.613 [XNIO-7 I/O-6] DEBUG o.s.h.c.j.Jackson2JsonEncoder - [192f1179] Encoding [org.springframework.web.reactive.result.method.annotation.JacksonHintsIntegrationTests$JacksonViewBe (truncated)...]
16:11:24.614 [XNIO-7 I/O-6] DEBUG o.s.w.s.a.HttpWebHandlerAdapter - [192f1179] Completed 200 OK
16:11:24.614 [Test worker] DEBUG o.s.w.c.RestTemplate - Response 200 OK
16:11:24.614 [Test worker] DEBUG o.s.w.c.RestTemplate - Reading to [java.lang.String] as "application/json"
16:11:24.614 [Test worker] DEBUG o.s.w.t.h.s.r.b.UndertowHttpServer - Stopping UndertowHttpServer...
16:11:24.614 [Test worker] INFO  i.undertow - stopping server: Undertow - 2.0.32.Final
16:11:24.616 [Test worker] DEBUG o.s.w.t.h.s.r.b.UndertowHttpServer - Server stopped (0 millis).
16:11:24.787 [Test worker] DEBUG o.s.w.r.r.m.a.RequestMappingHandlerMapping - 9 mappings in 'requestMappingHandlerMapping'
16:11:24.868 [Test worker] DEBUG o.s.w.r.r.m.a.ControllerMethodResolver - ControllerAdvice beans: none
16:11:24.960 [Test worker] DEBUG o.s.w.s.a.HttpWebHandlerAdapter - enableLoggingRequestDetails='false': form data and headers will be masked to prevent unsafe logging of potentially sensitive data
16:11:24.960 [Test worker] WARN  o.e.j.s.h.ContextHandler - Empty contextPath
16:11:24.961 [Test worker] INFO  o.e.j.s.h.ContextHandler - Started o.e.j.s.ServletContextHandler@6a580691{/,null,AVAILABLE}
16:11:24.961 [Test worker] DEBUG o.s.w.t.h.s.r.b.JettyHttpServer - Starting JettyHttpServer...
16:11:24.961 [Test worker] INFO  o.e.j.s.Server - jetty-9.4.31.v20200723; built: 2020-07-23T17:57:36.812Z; git: 450ba27947e13e66baa8cd1ce7e85a4461cacc1d; jvm 1.8.0_201-b09
16:11:24.971 [Test worker] INFO  o.e.j.s.AbstractConnector - Started ServerConnector@5ef4252d{HTTP/1.1, (http/1.1)}{0.0.0.0:54840}
16:11:24.971 [Test worker] INFO  o.e.j.s.Server - Started @52833ms
16:11:24.971 [Test worker] DEBUG o.s.w.t.h.s.r.b.JettyHttpServer - Server started on port 54840(0 millis).
16:11:24.972 [Test worker] DEBUG o.s.w.c.RestTemplate - HTTP GET http://localhost:54840/response/flux
16:11:24.972 [Test worker] DEBUG o.s.w.c.RestTemplate - Accept=[text/plain, application/json, application/x-jackson-smile, application/*+json, */*]
16:11:24.975 [qtp2076415028-306] DEBUG o.s.w.s.a.HttpWebHandlerAdapter - [3a52d23e] HTTP GET "/response/flux"
16:11:24.976 [qtp2076415028-306] DEBUG o.s.w.r.r.m.a.RequestMappingHandlerMapping - [3a52d23e] Mapped to org.springframework.web.reactive.result.method.annotation.JacksonHintsIntegrationTests$JsonViewRestController#fluxResponse()
16:11:24.979 [qtp2076415028-306] DEBUG o.s.w.r.r.m.a.ResponseBodyResultHandler - Using 'application/json' given [application/json] and supported [application/json, application/*+json, application/x-jackson-smile, application/*+x-jackson-smile, text/event-stream]
16:11:24.979 [qtp2076415028-306] DEBUG o.s.w.r.r.m.a.ResponseBodyResultHandler - [3a52d23e] 0..N [org.springframework.web.reactive.result.method.annotation.JacksonHintsIntegrationTests$JacksonViewBean]
16:11:24.981 [qtp2076415028-306] DEBUG o.s.h.c.j.Jackson2JsonEncoder - [3a52d23e] Encoding [[org.springframework.web.reactive.result.method.annotation.JacksonHintsIntegrationTests$JacksonViewB (truncated)...]
16:11:24.982 [qtp2076415028-306] DEBUG o.s.w.s.a.HttpWebHandlerAdapter - [3a52d23e] Completed 200 OK
16:11:24.983 [Test worker] DEBUG o.s.w.c.RestTemplate - Response 200 OK
16:11:24.983 [Test worker] DEBUG o.s.w.c.RestTemplate - Reading to [java.lang.String] as "application/json"
16:11:24.984 [Test worker] DEBUG o.s.w.t.h.s.r.b.JettyHttpServer - Stopping JettyHttpServer...
16:11:24.984 [Test worker] INFO  o.e.j.s.h.ContextHandler - Stopped o.e.j.s.ServletContextHandler@6a580691{/,null,UNAVAILABLE}
16:11:24.987 [Test worker] INFO  o.e.j.s.AbstractConnector - Stopped ServerConnector@5ef4252d{HTTP/1.1, (http/1.1)}{0.0.0.0:0}
16:11:24.998 [Test worker] DEBUG o.s.w.t.h.s.r.b.JettyHttpServer - Server stopped (0 millis).
16:11:25.160 [Test worker] DEBUG o.s.w.r.r.m.a.RequestMappingHandlerMapping - 9 mappings in 'requestMappingHandlerMapping'
16:11:25.225 [Test worker] DEBUG o.s.w.r.r.m.a.ControllerMethodResolver - ControllerAdvice beans: none
16:11:25.294 [Test worker] DEBUG o.s.w.s.a.HttpWebHandlerAdapter - enableLoggingRequestDetails='false': form data and headers will be masked to prevent unsafe logging of potentially sensitive data
16:11:25.294 [Test worker] DEBUG o.s.w.t.h.s.r.b.ReactorHttpServer - Starting ReactorHttpServer...
16:11:25.298 [Test worker] DEBUG o.s.w.t.h.s.r.b.ReactorHttpServer - Server started on port 54844(0 millis).
16:11:25.298 [Test worker] DEBUG o.s.w.c.RestTemplate - HTTP GET http://localhost:54844/response/flux
16:11:25.299 [Test worker] DEBUG o.s.w.c.RestTemplate - Accept=[text/plain, application/json, application/x-jackson-smile, application/*+json, */*]
16:11:25.303 [reactor-http-nio-8] DEBUG o.s.w.s.a.HttpWebHandlerAdapter - [a5404474-8] HTTP GET "/response/flux"
16:11:25.303 [reactor-http-nio-8] DEBUG o.s.w.r.r.m.a.RequestMappingHandlerMapping - [a5404474-8] Mapped to org.springframework.web.reactive.result.method.annotation.JacksonHintsIntegrationTests$JsonViewRestController#fluxResponse()
16:11:25.306 [reactor-http-nio-8] DEBUG o.s.w.r.r.m.a.ResponseBodyResultHandler - Using 'application/json' given [application/json] and supported [application/json, application/*+json, application/x-jackson-smile, application/*+x-jackson-smile, text/event-stream]
16:11:25.306 [reactor-http-nio-8] DEBUG o.s.w.r.r.m.a.ResponseBodyResultHandler - [a5404474-8] 0..N [org.springframework.web.reactive.result.method.annotation.JacksonHintsIntegrationTests$JacksonViewBean]
16:11:25.307 [reactor-http-nio-8] DEBUG o.s.h.c.j.Jackson2JsonEncoder - [a5404474-8] Encoding [[org.springframework.web.reactive.result.method.annotation.JacksonHintsIntegrationTests$JacksonViewB (truncated)...]
16:11:25.309 [Test worker] DEBUG o.s.w.c.RestTemplate - Response 200 OK
16:11:25.310 [Test worker] DEBUG o.s.w.c.RestTemplate - Reading to [java.lang.String] as "application/json"
16:11:25.310 [reactor-http-nio-8] DEBUG o.s.w.s.a.HttpWebHandlerAdapter - [a5404474-8] Completed 200 OK
16:11:25.311 [Test worker] DEBUG o.s.w.t.h.s.r.b.ReactorHttpServer - Stopping ReactorHttpServer...
16:11:25.311 [Test worker] DEBUG o.s.w.t.h.s.r.b.ReactorHttpServer - Server stopped (0 millis).
16:11:25.462 [Test worker] DEBUG o.s.w.r.r.m.a.RequestMappingHandlerMapping - 9 mappings in 'requestMappingHandlerMapping'
16:11:25.568 [Test worker] DEBUG o.s.w.r.r.m.a.ControllerMethodResolver - ControllerAdvice beans: none
16:11:25.623 [Test worker] DEBUG o.s.w.s.a.HttpWebHandlerAdapter - enableLoggingRequestDetails='false': form data and headers will be masked to prevent unsafe logging of potentially sensitive data
16:11:25.623 [Test worker] DEBUG o.s.w.t.h.s.r.b.TomcatHttpServer - Starting TomcatHttpServer...
16:11:25.676 [Test worker] DEBUG o.s.w.t.h.s.r.b.TomcatHttpServer - Server started on port 54851(0 millis).
16:11:25.676 [Test worker] DEBUG o.s.w.c.RestTemplate - HTTP GET http://localhost:54851/response/flux
16:11:25.677 [Test worker] DEBUG o.s.w.c.RestTemplate - Accept=[text/plain, application/json, application/x-jackson-smile, application/*+json, */*]
16:11:25.682 [http-nio-auto-8-exec-1] DEBUG o.s.w.s.a.HttpWebHandlerAdapter - [11d9167a] HTTP GET "/response/flux"
16:11:25.682 [http-nio-auto-8-exec-1] DEBUG o.s.w.r.r.m.a.RequestMappingHandlerMapping - [11d9167a] Mapped to org.springframework.web.reactive.result.method.annotation.JacksonHintsIntegrationTests$JsonViewRestController#fluxResponse()
16:11:25.686 [http-nio-auto-8-exec-1] DEBUG o.s.w.r.r.m.a.ResponseBodyResultHandler - Using 'application/json' given [application/json] and supported [application/json, application/*+json, application/x-jackson-smile, application/*+x-jackson-smile, text/event-stream]
16:11:25.686 [http-nio-auto-8-exec-1] DEBUG o.s.w.r.r.m.a.ResponseBodyResultHandler - [11d9167a] 0..N [org.springframework.web.reactive.result.method.annotation.JacksonHintsIntegrationTests$JacksonViewBean]
16:11:25.686 [http-nio-auto-8-exec-1] DEBUG o.s.h.c.j.Jackson2JsonEncoder - [11d9167a] Encoding [[org.springframework.web.reactive.result.method.annotation.JacksonHintsIntegrationTests$JacksonViewB (truncated)...]
16:11:25.688 [http-nio-auto-8-exec-1] DEBUG o.s.w.s.a.HttpWebHandlerAdapter - [11d9167a] Completed 200 OK
16:11:25.688 [Test worker] DEBUG o.s.w.c.RestTemplate - Response 200 OK
16:11:25.689 [Test worker] DEBUG o.s.w.c.RestTemplate - Reading to [java.lang.String] as "application/json"
16:11:25.690 [Test worker] DEBUG o.s.w.t.h.s.r.b.TomcatHttpServer - Stopping TomcatHttpServer...
16:11:25.703 [Test worker] DEBUG o.s.w.t.h.s.r.b.TomcatHttpServer - Server stopped (0 millis).
16:11:25.936 [Test worker] DEBUG o.s.w.r.r.m.a.RequestMappingHandlerMapping - 9 mappings in 'requestMappingHandlerMapping'
16:11:26.012 [Test worker] DEBUG o.s.w.r.r.m.a.ControllerMethodResolver - ControllerAdvice beans: none
16:11:26.097 [Test worker] DEBUG o.s.w.s.a.HttpWebHandlerAdapter - enableLoggingRequestDetails='false': form data and headers will be masked to prevent unsafe logging of potentially sensitive data
16:11:26.097 [Test worker] DEBUG o.s.w.t.h.s.r.b.UndertowHttpServer - Starting UndertowHttpServer...
16:11:26.097 [Test worker] INFO  i.undertow - starting server: Undertow - 2.0.32.Final
16:11:26.104 [Test worker] DEBUG o.s.w.t.h.s.r.b.UndertowHttpServer - Server started on port 54859(0 millis).
16:11:26.104 [Test worker] DEBUG o.s.w.c.RestTemplate - HTTP GET http://localhost:54859/response/flux
16:11:26.105 [Test worker] DEBUG o.s.w.c.RestTemplate - Accept=[text/plain, application/json, application/x-jackson-smile, application/*+json, */*]
16:11:26.107 [XNIO-8 I/O-6] DEBUG o.s.w.s.a.HttpWebHandlerAdapter - [3d1ed2f2] HTTP GET "/response/flux"
16:11:26.107 [XNIO-8 I/O-6] DEBUG o.s.w.r.r.m.a.RequestMappingHandlerMapping - [3d1ed2f2] Mapped to org.springframework.web.reactive.result.method.annotation.JacksonHintsIntegrationTests$JsonViewRestController#fluxResponse()
16:11:26.110 [XNIO-8 I/O-6] DEBUG o.s.w.r.r.m.a.ResponseBodyResultHandler - Using 'application/json' given [application/json] and supported [application/json, application/*+json, application/x-jackson-smile, application/*+x-jackson-smile, text/event-stream]
16:11:26.110 [XNIO-8 I/O-6] DEBUG o.s.w.r.r.m.a.ResponseBodyResultHandler - [3d1ed2f2] 0..N [org.springframework.web.reactive.result.method.annotation.JacksonHintsIntegrationTests$JacksonViewBean]
16:11:26.111 [XNIO-8 I/O-6] DEBUG o.s.h.c.j.Jackson2JsonEncoder - [3d1ed2f2] Encoding [[org.springframework.web.reactive.result.method.annotation.JacksonHintsIntegrationTests$JacksonViewB (truncated)...]
16:11:26.112 [XNIO-8 I/O-6] DEBUG o.s.w.s.a.HttpWebHandlerAdapter - [3d1ed2f2] Completed 200 OK
16:11:26.112 [Test worker] DEBUG o.s.w.c.RestTemplate - Response 200 OK
16:11:26.112 [Test worker] DEBUG o.s.w.c.RestTemplate - Reading to [java.lang.String] as "application/json"
16:11:26.113 [Test worker] DEBUG o.s.w.t.h.s.r.b.UndertowHttpServer - Stopping UndertowHttpServer...
16:11:26.113 [Test worker] INFO  i.undertow - stopping server: Undertow - 2.0.32.Final
16:11:26.114 [Test worker] DEBUG o.s.w.t.h.s.r.b.UndertowHttpServer - Server stopped (0 millis).
16:11:26.274 [Test worker] DEBUG o.s.w.r.r.m.a.RequestMappingHandlerMapping - 9 mappings in 'requestMappingHandlerMapping'
16:11:26.400 [Test worker] DEBUG o.s.w.r.r.m.a.ControllerMethodResolver - ControllerAdvice beans: none
16:11:26.471 [Test worker] DEBUG o.s.w.s.a.HttpWebHandlerAdapter - enableLoggingRequestDetails='false': form data and headers will be masked to prevent unsafe logging of potentially sensitive data
16:11:26.472 [Test worker] WARN  o.e.j.s.h.ContextHandler - Empty contextPath
16:11:26.472 [Test worker] INFO  o.e.j.s.h.ContextHandler - Started o.e.j.s.ServletContextHandler@3edc98e3{/,null,AVAILABLE}
16:11:26.473 [Test worker] DEBUG o.s.w.t.h.s.r.b.JettyHttpServer - Starting JettyHttpServer...
16:11:26.473 [Test worker] INFO  o.e.j.s.Server - jetty-9.4.31.v20200723; built: 2020-07-23T17:57:36.812Z; git: 450ba27947e13e66baa8cd1ce7e85a4461cacc1d; jvm 1.8.0_201-b09
16:11:26.476 [Test worker] INFO  o.e.j.s.AbstractConnector - Started ServerConnector@65662118{HTTP/1.1, (http/1.1)}{0.0.0.0:54864}
16:11:26.476 [Test worker] INFO  o.e.j.s.Server - Started @54339ms
16:11:26.477 [Test worker] DEBUG o.s.w.t.h.s.r.b.JettyHttpServer - Server started on port 54864(0 millis).
16:11:26.477 [Test worker] DEBUG o.s.w.c.RestTemplate - HTTP POST http://localhost:54864/request/entity/flux
16:11:26.477 [Test worker] DEBUG o.s.w.c.RestTemplate - Accept=[text/plain, application/json, application/x-jackson-smile, application/*+json, */*]
16:11:26.478 [Test worker] DEBUG o.s.w.c.RestTemplate - Writing [[org.springframework.web.reactive.result.method.annotation.JacksonHintsIntegrationTests$JacksonViewBean@3785f410, org.springframework.web.reactive.result.method.annotation.JacksonHintsIntegrationTests$JacksonViewBean@5f72ab3b]] as "application/json"
16:11:26.481 [qtp365930210-344] DEBUG o.s.w.s.a.HttpWebHandlerAdapter - [4ac38707] HTTP POST "/request/entity/flux"
16:11:26.482 [qtp365930210-344] DEBUG o.s.w.r.r.m.a.RequestMappingHandlerMapping - [4ac38707] Mapped to org.springframework.web.reactive.result.method.annotation.JacksonHintsIntegrationTests$JsonViewRestController#entityFluxRequest(HttpEntity)
16:11:26.483 [qtp365930210-344] DEBUG o.s.w.r.r.m.a.HttpEntityMethodArgumentResolver - [4ac38707] Content-Type:application/json;charset=UTF-8
16:11:26.484 [qtp365930210-344] DEBUG o.s.w.r.r.m.a.HttpEntityMethodArgumentResolver - [4ac38707] 0..N [org.springframework.web.reactive.result.method.annotation.JacksonHintsIntegrationTests$JacksonViewBean]
16:11:26.486 [qtp365930210-344] DEBUG o.s.w.r.r.m.a.ResponseBodyResultHandler - Using 'application/json' given [application/json] and supported [application/json, application/*+json, application/x-jackson-smile, application/*+x-jackson-smile, text/event-stream]
16:11:26.486 [qtp365930210-344] DEBUG o.s.w.r.r.m.a.ResponseBodyResultHandler - [4ac38707] 0..N [org.springframework.web.reactive.result.method.annotation.JacksonHintsIntegrationTests$JacksonViewBean]
16:11:26.487 [qtp365930210-344] DEBUG o.s.h.c.j.Jackson2JsonDecoder - [4ac38707] Decoded [org.springframework.web.reactive.result.method.annotation.JacksonHintsIntegrationTests$JacksonViewBe (truncated)...]
16:11:26.487 [qtp365930210-344] DEBUG o.s.h.c.j.Jackson2JsonDecoder - [4ac38707] Decoded [org.springframework.web.reactive.result.method.annotation.JacksonHintsIntegrationTests$JacksonViewBe (truncated)...]
16:11:26.488 [qtp365930210-344] DEBUG o.s.h.c.j.Jackson2JsonEncoder - [4ac38707] Encoding [[org.springframework.web.reactive.result.method.annotation.JacksonHintsIntegrationTests$JacksonViewB (truncated)...]
16:11:26.489 [qtp365930210-344] DEBUG o.s.w.s.a.HttpWebHandlerAdapter - [4ac38707] Completed 200 OK
16:11:26.489 [Test worker] DEBUG o.s.w.c.RestTemplate - Response 200 OK
16:11:26.489 [Test worker] DEBUG o.s.w.c.RestTemplate - Reading to [java.lang.String] as "application/json"
16:11:26.490 [Test worker] DEBUG o.s.w.t.h.s.r.b.JettyHttpServer - Stopping JettyHttpServer...
16:11:26.490 [Test worker] INFO  o.e.j.s.h.ContextHandler - Stopped o.e.j.s.ServletContextHandler@3edc98e3{/,null,UNAVAILABLE}
16:11:26.492 [Test worker] INFO  o.e.j.s.AbstractConnector - Stopped ServerConnector@65662118{HTTP/1.1, (http/1.1)}{0.0.0.0:0}
16:11:26.503 [Test worker] DEBUG o.s.w.t.h.s.r.b.JettyHttpServer - Server stopped (0 millis).
16:11:26.661 [Test worker] DEBUG o.s.w.r.r.m.a.RequestMappingHandlerMapping - 9 mappings in 'requestMappingHandlerMapping'
16:11:26.734 [Test worker] DEBUG o.s.w.r.r.m.a.ControllerMethodResolver - ControllerAdvice beans: none
16:11:26.792 [Test worker] DEBUG o.s.w.s.a.HttpWebHandlerAdapter - enableLoggingRequestDetails='false': form data and headers will be masked to prevent unsafe logging of potentially sensitive data
16:11:26.792 [Test worker] DEBUG o.s.w.t.h.s.r.b.ReactorHttpServer - Starting ReactorHttpServer...
16:11:26.794 [Test worker] DEBUG o.s.w.t.h.s.r.b.ReactorHttpServer - Server started on port 54870(0 millis).
16:11:26.795 [Test worker] DEBUG o.s.w.c.RestTemplate - HTTP POST http://localhost:54870/request/entity/flux
16:11:26.795 [Test worker] DEBUG o.s.w.c.RestTemplate - Accept=[text/plain, application/json, application/x-jackson-smile, application/*+json, */*]
16:11:26.795 [Test worker] DEBUG o.s.w.c.RestTemplate - Writing [[org.springframework.web.reactive.result.method.annotation.JacksonHintsIntegrationTests$JacksonViewBean@470a5520, org.springframework.web.reactive.result.method.annotation.JacksonHintsIntegrationTests$JacksonViewBean@6baed613]] as "application/json"
16:11:26.799 [reactor-http-nio-10] DEBUG o.s.w.s.a.HttpWebHandlerAdapter - [f6a2a848-9] HTTP POST "/request/entity/flux"
16:11:26.800 [reactor-http-nio-10] DEBUG o.s.w.r.r.m.a.RequestMappingHandlerMapping - [f6a2a848-9] Mapped to org.springframework.web.reactive.result.method.annotation.JacksonHintsIntegrationTests$JsonViewRestController#entityFluxRequest(HttpEntity)
16:11:26.801 [reactor-http-nio-10] DEBUG o.s.w.r.r.m.a.HttpEntityMethodArgumentResolver - [f6a2a848-9] Content-Type:application/json
16:11:26.802 [reactor-http-nio-10] DEBUG o.s.w.r.r.m.a.HttpEntityMethodArgumentResolver - [f6a2a848-9] 0..N [org.springframework.web.reactive.result.method.annotation.JacksonHintsIntegrationTests$JacksonViewBean]
16:11:26.804 [reactor-http-nio-10] DEBUG o.s.w.r.r.m.a.ResponseBodyResultHandler - Using 'application/json' given [application/json] and supported [application/json, application/*+json, application/x-jackson-smile, application/*+x-jackson-smile, text/event-stream]
16:11:26.804 [reactor-http-nio-10] DEBUG o.s.w.r.r.m.a.ResponseBodyResultHandler - [f6a2a848-9] 0..N [org.springframework.web.reactive.result.method.annotation.JacksonHintsIntegrationTests$JacksonViewBean]
16:11:26.806 [reactor-http-nio-10] DEBUG o.s.h.c.j.Jackson2JsonDecoder - [f6a2a848-9] Decoded [org.springframework.web.reactive.result.method.annotation.JacksonHintsIntegrationTests$JacksonViewBe (truncated)...]
16:11:26.806 [reactor-http-nio-10] DEBUG o.s.h.c.j.Jackson2JsonDecoder - [f6a2a848-9] Decoded [org.springframework.web.reactive.result.method.annotation.JacksonHintsIntegrationTests$JacksonViewBe (truncated)...]
16:11:26.806 [reactor-http-nio-10] DEBUG o.s.h.c.j.Jackson2JsonEncoder - [f6a2a848-9] Encoding [[org.springframework.web.reactive.result.method.annotation.JacksonHintsIntegrationTests$JacksonViewB (truncated)...]
16:11:26.808 [Test worker] DEBUG o.s.w.c.RestTemplate - Response 200 OK
16:11:26.809 [Test worker] DEBUG o.s.w.c.RestTemplate - Reading to [java.lang.String] as "application/json"
16:11:26.809 [reactor-http-nio-10] DEBUG o.s.w.s.a.HttpWebHandlerAdapter - [f6a2a848-9] Completed 200 OK
16:11:26.809 [Test worker] DEBUG o.s.w.t.h.s.r.b.ReactorHttpServer - Stopping ReactorHttpServer...
16:11:26.810 [Test worker] DEBUG o.s.w.t.h.s.r.b.ReactorHttpServer - Server stopped (0 millis).
16:11:26.970 [Test worker] DEBUG o.s.w.r.r.m.a.RequestMappingHandlerMapping - 9 mappings in 'requestMappingHandlerMapping'
16:11:27.058 [Test worker] DEBUG o.s.w.r.r.m.a.ControllerMethodResolver - ControllerAdvice beans: none
16:11:27.112 [Test worker] DEBUG o.s.w.s.a.HttpWebHandlerAdapter - enableLoggingRequestDetails='false': form data and headers will be masked to prevent unsafe logging of potentially sensitive data
16:11:27.124 [Test worker] DEBUG o.s.w.t.h.s.r.b.TomcatHttpServer - Starting TomcatHttpServer...
16:11:27.137 [Test worker] DEBUG o.s.w.t.h.s.r.b.TomcatHttpServer - Server started on port 54875(0 millis).
16:11:27.138 [Test worker] DEBUG o.s.w.c.RestTemplate - HTTP POST http://localhost:54875/request/entity/flux
16:11:27.138 [Test worker] DEBUG o.s.w.c.RestTemplate - Accept=[text/plain, application/json, application/x-jackson-smile, application/*+json, */*]
16:11:27.138 [Test worker] DEBUG o.s.w.c.RestTemplate - Writing [[org.springframework.web.reactive.result.method.annotation.JacksonHintsIntegrationTests$JacksonViewBean@775f9a39, org.springframework.web.reactive.result.method.annotation.JacksonHintsIntegrationTests$JacksonViewBean@3a934184]] as "application/json"
16:11:27.144 [http-nio-auto-9-exec-1] DEBUG o.s.w.s.a.HttpWebHandlerAdapter - [3b40a1b4] HTTP POST "/request/entity/flux"
16:11:27.144 [http-nio-auto-9-exec-1] DEBUG o.s.w.r.r.m.a.RequestMappingHandlerMapping - [3b40a1b4] Mapped to org.springframework.web.reactive.result.method.annotation.JacksonHintsIntegrationTests$JsonViewRestController#entityFluxRequest(HttpEntity)
16:11:27.145 [http-nio-auto-9-exec-1] DEBUG o.s.w.r.r.m.a.HttpEntityMethodArgumentResolver - [3b40a1b4] Content-Type:application/json
16:11:27.146 [http-nio-auto-9-exec-1] DEBUG o.s.w.r.r.m.a.HttpEntityMethodArgumentResolver - [3b40a1b4] 0..N [org.springframework.web.reactive.result.method.annotation.JacksonHintsIntegrationTests$JacksonViewBean]
16:11:27.149 [http-nio-auto-9-exec-1] DEBUG o.s.w.r.r.m.a.ResponseBodyResultHandler - Using 'application/json' given [application/json] and supported [application/json, application/*+json, application/x-jackson-smile, application/*+x-jackson-smile, text/event-stream]
16:11:27.149 [http-nio-auto-9-exec-1] DEBUG o.s.w.r.r.m.a.ResponseBodyResultHandler - [3b40a1b4] 0..N [org.springframework.web.reactive.result.method.annotation.JacksonHintsIntegrationTests$JacksonViewBean]
16:11:27.150 [http-nio-auto-9-exec-1] DEBUG o.s.h.c.j.Jackson2JsonDecoder - [3b40a1b4] Decoded [org.springframework.web.reactive.result.method.annotation.JacksonHintsIntegrationTests$JacksonViewBe (truncated)...]
16:11:27.150 [http-nio-auto-9-exec-1] DEBUG o.s.h.c.j.Jackson2JsonDecoder - [3b40a1b4] Decoded [org.springframework.web.reactive.result.method.annotation.JacksonHintsIntegrationTests$JacksonViewBe (truncated)...]
16:11:27.151 [http-nio-auto-9-exec-1] DEBUG o.s.h.c.j.Jackson2JsonEncoder - [3b40a1b4] Encoding [[org.springframework.web.reactive.result.method.annotation.JacksonHintsIntegrationTests$JacksonViewB (truncated)...]
16:11:27.152 [http-nio-auto-9-exec-1] DEBUG o.s.w.s.a.HttpWebHandlerAdapter - [3b40a1b4] Completed 200 OK
16:11:27.152 [Test worker] DEBUG o.s.w.c.RestTemplate - Response 200 OK
16:11:27.153 [Test worker] DEBUG o.s.w.c.RestTemplate - Reading to [java.lang.String] as "application/json"
16:11:27.154 [Test worker] DEBUG o.s.w.t.h.s.r.b.TomcatHttpServer - Stopping TomcatHttpServer...
16:11:27.191 [Test worker] DEBUG o.s.w.t.h.s.r.b.TomcatHttpServer - Server stopped (0 millis).
16:11:27.373 [Test worker] DEBUG o.s.w.r.r.m.a.RequestMappingHandlerMapping - 9 mappings in 'requestMappingHandlerMapping'
16:11:27.460 [Test worker] DEBUG o.s.w.r.r.m.a.ControllerMethodResolver - ControllerAdvice beans: none
16:11:27.509 [Test worker] DEBUG o.s.w.s.a.HttpWebHandlerAdapter - enableLoggingRequestDetails='false': form data and headers will be masked to prevent unsafe logging of potentially sensitive data
16:11:27.509 [Test worker] DEBUG o.s.w.t.h.s.r.b.UndertowHttpServer - Starting UndertowHttpServer...
16:11:27.510 [Test worker] INFO  i.undertow - starting server: Undertow - 2.0.32.Final
16:11:27.526 [Test worker] DEBUG o.s.w.t.h.s.r.b.UndertowHttpServer - Server started on port 54881(0 millis).
16:11:27.527 [Test worker] DEBUG o.s.w.c.RestTemplate - HTTP POST http://localhost:54881/request/entity/flux
16:11:27.527 [Test worker] DEBUG o.s.w.c.RestTemplate - Accept=[text/plain, application/json, application/x-jackson-smile, application/*+json, */*]
16:11:27.527 [Test worker] DEBUG o.s.w.c.RestTemplate - Writing [[org.springframework.web.reactive.result.method.annotation.JacksonHintsIntegrationTests$JacksonViewBean@2eb376f2, org.springframework.web.reactive.result.method.annotation.JacksonHintsIntegrationTests$JacksonViewBean@4830b712]] as "application/json"
16:11:27.530 [XNIO-9 I/O-6] DEBUG o.s.w.s.a.HttpWebHandlerAdapter - [1931c0e9] HTTP POST "/request/entity/flux"
16:11:27.531 [XNIO-9 I/O-6] DEBUG o.s.w.r.r.m.a.RequestMappingHandlerMapping - [1931c0e9] Mapped to org.springframework.web.reactive.result.method.annotation.JacksonHintsIntegrationTests$JsonViewRestController#entityFluxRequest(HttpEntity)
16:11:27.532 [XNIO-9 I/O-6] DEBUG o.s.w.r.r.m.a.HttpEntityMethodArgumentResolver - [1931c0e9] Content-Type:application/json
16:11:27.533 [XNIO-9 I/O-6] DEBUG o.s.w.r.r.m.a.HttpEntityMethodArgumentResolver - [1931c0e9] 0..N [org.springframework.web.reactive.result.method.annotation.JacksonHintsIntegrationTests$JacksonViewBean]
16:11:27.535 [XNIO-9 I/O-6] DEBUG o.s.w.r.r.m.a.ResponseBodyResultHandler - Using 'application/json' given [application/json] and supported [application/json, application/*+json, application/x-jackson-smile, application/*+x-jackson-smile, text/event-stream]
16:11:27.535 [XNIO-9 I/O-6] DEBUG o.s.w.r.r.m.a.ResponseBodyResultHandler - [1931c0e9] 0..N [org.springframework.web.reactive.result.method.annotation.JacksonHintsIntegrationTests$JacksonViewBean]
16:11:27.536 [XNIO-9 I/O-6] DEBUG o.s.h.c.j.Jackson2JsonDecoder - [1931c0e9] Decoded [org.springframework.web.reactive.result.method.annotation.JacksonHintsIntegrationTests$JacksonViewBe (truncated)...]
16:11:27.536 [XNIO-9 I/O-6] DEBUG o.s.h.c.j.Jackson2JsonDecoder - [1931c0e9] Decoded [org.springframework.web.reactive.result.method.annotation.JacksonHintsIntegrationTests$JacksonViewBe (truncated)...]
16:11:27.537 [XNIO-9 I/O-6] DEBUG o.s.h.c.j.Jackson2JsonEncoder - [1931c0e9] Encoding [[org.springframework.web.reactive.result.method.annotation.JacksonHintsIntegrationTests$JacksonViewB (truncated)...]
16:11:27.538 [XNIO-9 I/O-6] DEBUG o.s.w.s.a.HttpWebHandlerAdapter - [1931c0e9] Completed 200 OK
16:11:27.543 [Test worker] DEBUG o.s.w.c.RestTemplate - Response 200 OK
16:11:27.543 [Test worker] DEBUG o.s.w.c.RestTemplate - Reading to [java.lang.String] as "application/json"
16:11:27.543 [Test worker] DEBUG o.s.w.t.h.s.r.b.UndertowHttpServer - Stopping UndertowHttpServer...
16:11:27.544 [Test worker] INFO  i.undertow - stopping server: Undertow - 2.0.32.Final
16:11:27.545 [Test worker] DEBUG o.s.w.t.h.s.r.b.UndertowHttpServer - Server stopped (0 millis).
16:11:27.707 [Test worker] DEBUG o.s.w.r.r.m.a.RequestMappingHandlerMapping - 9 mappings in 'requestMappingHandlerMapping'
16:11:27.786 [Test worker] DEBUG o.s.w.r.r.m.a.ControllerMethodResolver - ControllerAdvice beans: none
16:11:27.854 [Test worker] DEBUG o.s.w.s.a.HttpWebHandlerAdapter - enableLoggingRequestDetails='false': form data and headers will be masked to prevent unsafe logging of potentially sensitive data
16:11:27.855 [Test worker] WARN  o.e.j.s.h.ContextHandler - Empty contextPath
16:11:27.855 [Test worker] INFO  o.e.j.s.h.ContextHandler - Started o.e.j.s.ServletContextHandler@387f35b1{/,null,AVAILABLE}
16:11:27.856 [Test worker] DEBUG o.s.w.t.h.s.r.b.JettyHttpServer - Starting JettyHttpServer...
16:11:27.856 [Test worker] INFO  o.e.j.s.Server - jetty-9.4.31.v20200723; built: 2020-07-23T17:57:36.812Z; git: 450ba27947e13e66baa8cd1ce7e85a4461cacc1d; jvm 1.8.0_201-b09
16:11:27.899 [Test worker] INFO  o.e.j.s.AbstractConnector - Started ServerConnector@737db287{HTTP/1.1, (http/1.1)}{0.0.0.0:54887}
16:11:27.899 [Test worker] INFO  o.e.j.s.Server - Started @55761ms
16:11:27.899 [Test worker] DEBUG o.s.w.t.h.s.r.b.JettyHttpServer - Server started on port 54887(0 millis).
16:11:27.899 [Test worker] DEBUG o.s.w.c.RestTemplate - HTTP GET http://localhost:54887/response/mono
16:11:27.900 [Test worker] DEBUG o.s.w.c.RestTemplate - Accept=[text/plain, application/json, application/x-jackson-smile, application/*+json, */*]
16:11:27.902 [qtp576687155-382] DEBUG o.s.w.s.a.HttpWebHandlerAdapter - [512aa668] HTTP GET "/response/mono"
16:11:27.903 [qtp576687155-382] DEBUG o.s.w.r.r.m.a.RequestMappingHandlerMapping - [512aa668] Mapped to org.springframework.web.reactive.result.method.annotation.JacksonHintsIntegrationTests$JsonViewRestController#monoResponse()
16:11:27.905 [qtp576687155-382] DEBUG o.s.w.r.r.m.a.ResponseBodyResultHandler - Using 'application/json' given [application/json] and supported [application/json, application/*+json, application/x-jackson-smile, application/*+x-jackson-smile, text/event-stream]
16:11:27.905 [qtp576687155-382] DEBUG o.s.w.r.r.m.a.ResponseBodyResultHandler - [512aa668] 0..1 [org.springframework.web.reactive.result.method.annotation.JacksonHintsIntegrationTests$JacksonViewBean]
16:11:27.906 [qtp576687155-382] DEBUG o.s.h.c.j.Jackson2JsonEncoder - [512aa668] Encoding [org.springframework.web.reactive.result.method.annotation.JacksonHintsIntegrationTests$JacksonViewBe (truncated)...]
16:11:27.907 [qtp576687155-382] DEBUG o.s.w.s.a.HttpWebHandlerAdapter - [512aa668] Completed 200 OK
16:11:27.910 [Test worker] DEBUG o.s.w.c.RestTemplate - Response 200 OK
16:11:27.910 [Test worker] DEBUG o.s.w.c.RestTemplate - Reading to [java.lang.String] as "application/json"
16:11:27.911 [Test worker] DEBUG o.s.w.t.h.s.r.b.JettyHttpServer - Stopping JettyHttpServer...
16:11:27.912 [Test worker] INFO  o.e.j.s.h.ContextHandler - Stopped o.e.j.s.ServletContextHandler@387f35b1{/,null,UNAVAILABLE}
16:11:27.914 [Test worker] INFO  o.e.j.s.AbstractConnector - Stopped ServerConnector@737db287{HTTP/1.1, (http/1.1)}{0.0.0.0:0}
16:11:27.925 [Test worker] DEBUG o.s.w.t.h.s.r.b.JettyHttpServer - Server stopped (0 millis).
16:11:28.078 [Test worker] DEBUG o.s.w.r.r.m.a.RequestMappingHandlerMapping - 9 mappings in 'requestMappingHandlerMapping'
16:11:28.166 [Test worker] DEBUG o.s.w.r.r.m.a.ControllerMethodResolver - ControllerAdvice beans: none
16:11:28.217 [Test worker] DEBUG o.s.w.s.a.HttpWebHandlerAdapter - enableLoggingRequestDetails='false': form data and headers will be masked to prevent unsafe logging of potentially sensitive data
16:11:28.218 [Test worker] DEBUG o.s.w.t.h.s.r.b.ReactorHttpServer - Starting ReactorHttpServer...
16:11:28.220 [Test worker] DEBUG o.s.w.t.h.s.r.b.ReactorHttpServer - Server started on port 54891(0 millis).
16:11:28.220 [Test worker] DEBUG o.s.w.c.RestTemplate - HTTP GET http://localhost:54891/response/mono
16:11:28.221 [Test worker] DEBUG o.s.w.c.RestTemplate - Accept=[text/plain, application/json, application/x-jackson-smile, application/*+json, */*]
16:11:28.223 [reactor-http-nio-12] DEBUG o.s.w.s.a.HttpWebHandlerAdapter - [5ce46907-10] HTTP GET "/response/mono"
16:11:28.224 [reactor-http-nio-12] DEBUG o.s.w.r.r.m.a.RequestMappingHandlerMapping - [5ce46907-10] Mapped to org.springframework.web.reactive.result.method.annotation.JacksonHintsIntegrationTests$JsonViewRestController#monoResponse()
16:11:28.226 [reactor-http-nio-12] DEBUG o.s.w.r.r.m.a.ResponseBodyResultHandler - Using 'application/json' given [application/json] and supported [application/json, application/*+json, application/x-jackson-smile, application/*+x-jackson-smile, text/event-stream]
16:11:28.226 [reactor-http-nio-12] DEBUG o.s.w.r.r.m.a.ResponseBodyResultHandler - [5ce46907-10] 0..1 [org.springframework.web.reactive.result.method.annotation.JacksonHintsIntegrationTests$JacksonViewBean]
16:11:28.227 [reactor-http-nio-12] DEBUG o.s.h.c.j.Jackson2JsonEncoder - [5ce46907-10] Encoding [org.springframework.web.reactive.result.method.annotation.JacksonHintsIntegrationTests$JacksonViewBe (truncated)...]
16:11:28.229 [reactor-http-nio-12] DEBUG o.s.w.s.a.HttpWebHandlerAdapter - [5ce46907-10] Completed 200 OK
16:11:28.229 [Test worker] DEBUG o.s.w.c.RestTemplate - Response 200 OK
16:11:28.229 [Test worker] DEBUG o.s.w.c.RestTemplate - Reading to [java.lang.String] as "application/json"
16:11:28.230 [Test worker] DEBUG o.s.w.t.h.s.r.b.ReactorHttpServer - Stopping ReactorHttpServer...
16:11:28.230 [Test worker] DEBUG o.s.w.t.h.s.r.b.ReactorHttpServer - Server stopped (0 millis).
16:11:28.421 [Test worker] DEBUG o.s.w.r.r.m.a.RequestMappingHandlerMapping - 9 mappings in 'requestMappingHandlerMapping'
16:11:28.504 [Test worker] DEBUG o.s.w.r.r.m.a.ControllerMethodResolver - ControllerAdvice beans: none
16:11:28.552 [Test worker] DEBUG o.s.w.s.a.HttpWebHandlerAdapter - enableLoggingRequestDetails='false': form data and headers will be masked to prevent unsafe logging of potentially sensitive data
16:11:28.553 [Test worker] DEBUG o.s.w.t.h.s.r.b.TomcatHttpServer - Starting TomcatHttpServer...
16:11:28.625 [Test worker] DEBUG o.s.w.t.h.s.r.b.TomcatHttpServer - Server started on port 54895(0 millis).
16:11:28.625 [Test worker] DEBUG o.s.w.c.RestTemplate - HTTP GET http://localhost:54895/response/mono
16:11:28.626 [Test worker] DEBUG o.s.w.c.RestTemplate - Accept=[text/plain, application/json, application/x-jackson-smile, application/*+json, */*]
16:11:28.630 [http-nio-auto-10-exec-1] DEBUG o.s.w.s.a.HttpWebHandlerAdapter - [7c2edccd] HTTP GET "/response/mono"
16:11:28.630 [http-nio-auto-10-exec-1] DEBUG o.s.w.r.r.m.a.RequestMappingHandlerMapping - [7c2edccd] Mapped to org.springframework.web.reactive.result.method.annotation.JacksonHintsIntegrationTests$JsonViewRestController#monoResponse()
16:11:28.633 [http-nio-auto-10-exec-1] DEBUG o.s.w.r.r.m.a.ResponseBodyResultHandler - Using 'application/json' given [application/json] and supported [application/json, application/*+json, application/x-jackson-smile, application/*+x-jackson-smile, text/event-stream]
16:11:28.633 [http-nio-auto-10-exec-1] DEBUG o.s.w.r.r.m.a.ResponseBodyResultHandler - [7c2edccd] 0..1 [org.springframework.web.reactive.result.method.annotation.JacksonHintsIntegrationTests$JacksonViewBean]
16:11:28.633 [http-nio-auto-10-exec-1] DEBUG o.s.h.c.j.Jackson2JsonEncoder - [7c2edccd] Encoding [org.springframework.web.reactive.result.method.annotation.JacksonHintsIntegrationTests$JacksonViewBe (truncated)...]
16:11:28.635 [http-nio-auto-10-exec-1] DEBUG o.s.w.s.a.HttpWebHandlerAdapter - [7c2edccd] Completed 200 OK
16:11:28.636 [Test worker] DEBUG o.s.w.c.RestTemplate - Response 200 OK
16:11:28.636 [Test worker] DEBUG o.s.w.c.RestTemplate - Reading to [java.lang.String] as "application/json"
16:11:28.637 [Test worker] DEBUG o.s.w.t.h.s.r.b.TomcatHttpServer - Stopping TomcatHttpServer...
16:11:28.656 [Test worker] DEBUG o.s.w.t.h.s.r.b.TomcatHttpServer - Server stopped (0 millis).
16:11:28.921 [Test worker] DEBUG o.s.w.r.r.m.a.RequestMappingHandlerMapping - 9 mappings in 'requestMappingHandlerMapping'
16:11:29.009 [Test worker] DEBUG o.s.w.r.r.m.a.ControllerMethodResolver - ControllerAdvice beans: none
16:11:29.067 [Test worker] DEBUG o.s.w.s.a.HttpWebHandlerAdapter - enableLoggingRequestDetails='false': form data and headers will be masked to prevent unsafe logging of potentially sensitive data
16:11:29.067 [Test worker] DEBUG o.s.w.t.h.s.r.b.UndertowHttpServer - Starting UndertowHttpServer...
16:11:29.068 [Test worker] INFO  i.undertow - starting server: Undertow - 2.0.32.Final
16:11:29.092 [Test worker] DEBUG o.s.w.t.h.s.r.b.UndertowHttpServer - Server started on port 54900(0 millis).
16:11:29.093 [Test worker] DEBUG o.s.w.c.RestTemplate - HTTP GET http://localhost:54900/response/mono
16:11:29.093 [Test worker] DEBUG o.s.w.c.RestTemplate - Accept=[text/plain, application/json, application/x-jackson-smile, application/*+json, */*]
16:11:29.095 [XNIO-10 I/O-6] DEBUG o.s.w.s.a.HttpWebHandlerAdapter - [9755947] HTTP GET "/response/mono"
16:11:29.096 [XNIO-10 I/O-6] DEBUG o.s.w.r.r.m.a.RequestMappingHandlerMapping - [9755947] Mapped to org.springframework.web.reactive.result.method.annotation.JacksonHintsIntegrationTests$JsonViewRestController#monoResponse()
16:11:29.098 [XNIO-10 I/O-6] DEBUG o.s.w.r.r.m.a.ResponseBodyResultHandler - Using 'application/json' given [application/json] and supported [application/json, application/*+json, application/x-jackson-smile, application/*+x-jackson-smile, text/event-stream]
16:11:29.098 [XNIO-10 I/O-6] DEBUG o.s.w.r.r.m.a.ResponseBodyResultHandler - [9755947] 0..1 [org.springframework.web.reactive.result.method.annotation.JacksonHintsIntegrationTests$JacksonViewBean]
16:11:29.099 [XNIO-10 I/O-6] DEBUG o.s.h.c.j.Jackson2JsonEncoder - [9755947] Encoding [org.springframework.web.reactive.result.method.annotation.JacksonHintsIntegrationTests$JacksonViewBe (truncated)...]
16:11:29.100 [XNIO-10 I/O-6] DEBUG o.s.w.s.a.HttpWebHandlerAdapter - [9755947] Completed 200 OK
16:11:29.100 [Test worker] DEBUG o.s.w.c.RestTemplate - Response 200 OK
16:11:29.100 [Test worker] DEBUG o.s.w.c.RestTemplate - Reading to [java.lang.String] as "application/json"
16:11:29.100 [Test worker] DEBUG o.s.w.t.h.s.r.b.UndertowHttpServer - Stopping UndertowHttpServer...
16:11:29.101 [Test worker] INFO  i.undertow - stopping server: Undertow - 2.0.32.Final
16:11:29.102 [Test worker] DEBUG o.s.w.t.h.s.r.b.UndertowHttpServer - Server stopped (0 millis).
]]></system-out>
  <system-err><![CDATA[]]></system-err>
</testsuite>
