<?xml version="1.0" encoding="UTF-8"?>
<testsuite name="org.springframework.web.reactive.result.method.annotation.PathVariableMapMethodArgumentResolverTests" tests="3" skipped="0" failures="0" errors="0" timestamp="2020-05-29T14:00:18" hostname="bamboo-18" time="0.006">
  <properties/>
  <testcase name="resolveArgumentNoUriVars()" classname="org.springframework.web.reactive.result.method.annotation.PathVariableMapMethodArgumentResolverTests" time="0.001"/>
  <testcase name="resolveArgument()" classname="org.springframework.web.reactive.result.method.annotation.PathVariableMapMethodArgumentResolverTests" time="0.0"/>
  <testcase name="supportsParameter()" classname="org.springframework.web.reactive.result.method.annotation.PathVariableMapMethodArgumentResolverTests" time="0.002"/>
  <system-out><![CDATA[]]></system-out>
  <system-err><![CDATA[]]></system-err>
</testsuite>
