<?xml version="1.0" encoding="UTF-8"?>
<testsuite name="org.springframework.web.reactive.result.view.freemarker.FreeMarkerViewTests" tests="5" skipped="0" failures="0" errors="0" timestamp="2020-05-29T14:00:31" hostname="bamboo-18" time="0.741">
  <properties/>
  <testcase name="checkResourceExists()" classname="org.springframework.web.reactive.result.view.freemarker.FreeMarkerViewTests" time="0.663"/>
  <testcase name="render()" classname="org.springframework.web.reactive.result.view.freemarker.FreeMarkerViewTests" time="0.058"/>
  <testcase name="noFreeMarkerConfig()" classname="org.springframework.web.reactive.result.view.freemarker.FreeMarkerViewTests" time="0.003"/>
  <testcase name="noTemplateName()" classname="org.springframework.web.reactive.result.view.freemarker.FreeMarkerViewTests" time="0.001"/>
  <testcase name="subscribeWithoutDemand()" classname="org.springframework.web.reactive.result.view.freemarker.FreeMarkerViewTests" time="0.009"/>
  <system-out><![CDATA[14:00:32.216 [Test worker] DEBUG o.s.w.r.r.v.f.FreeMarkerConfigurer - File system access not preferred: using SpringTemplateLoader
14:00:32.361 [Test worker] DEBUG o.s.w.r.r.v.f.FreeMarkerConfigurer - File system access not preferred: using SpringTemplateLoader
14:00:32.362 [Test worker] DEBUG o.s.w.r.r.v.f.FreeMarkerView - [4ff07554] View [FreeMarkerView], model {hello=hi FreeMarker}
14:00:32.365 [Test worker] DEBUG o.s.w.r.r.v.f.FreeMarkerView - [4ff07554] Rendering [test.ftl]
14:00:32.422 [Test worker] DEBUG o.s.w.r.r.v.f.FreeMarkerConfigurer - File system access not preferred: using SpringTemplateLoader
14:00:32.428 [Test worker] DEBUG o.s.w.r.r.v.f.FreeMarkerConfigurer - File system access not preferred: using SpringTemplateLoader
14:00:32.432 [Test worker] DEBUG o.s.w.r.r.v.f.FreeMarkerConfigurer - File system access not preferred: using SpringTemplateLoader
14:00:32.434 [Test worker] DEBUG o.s.w.r.r.v.f.FreeMarkerView - [764d998e] View [FreeMarkerView], model {hello=hi FreeMarker}
14:00:32.434 [Test worker] DEBUG o.s.w.r.r.v.f.FreeMarkerView - [764d998e] Rendering [test.ftl]
]]></system-out>
  <system-err><![CDATA[]]></system-err>
</testsuite>
