<?xml version="1.0" encoding="UTF-8"?>
<testsuite name="org.springframework.web.reactive.config.WebFluxConfigurationSupportTests" tests="9" skipped="0" failures="0" errors="0" timestamp="2021-06-20T08:12:05" hostname="gankangdembp" time="2.066">
  <properties/>
  <testcase name="resourceUrlProvider()" classname="org.springframework.web.reactive.config.WebFluxConfigurationSupportTests" time="0.183"/>
  <testcase name="customPathMatchConfig()" classname="org.springframework.web.reactive.config.WebFluxConfigurationSupportTests" time="0.411"/>
  <testcase name="requestMappingHandlerAdapter()" classname="org.springframework.web.reactive.config.WebFluxConfigurationSupportTests" time="0.215"/>
  <testcase name="customMessageConverterConfig()" classname="org.springframework.web.reactive.config.WebFluxConfigurationSupportTests" time="0.136"/>
  <testcase name="responseBodyResultHandler()" classname="org.springframework.web.reactive.config.WebFluxConfigurationSupportTests" time="0.19"/>
  <testcase name="viewResolutionResultHandler()" classname="org.springframework.web.reactive.config.WebFluxConfigurationSupportTests" time="0.306"/>
  <testcase name="requestMappingHandlerMapping()" classname="org.springframework.web.reactive.config.WebFluxConfigurationSupportTests" time="0.193"/>
  <testcase name="resourceHandler()" classname="org.springframework.web.reactive.config.WebFluxConfigurationSupportTests" time="0.237"/>
  <testcase name="responseEntityResultHandler()" classname="org.springframework.web.reactive.config.WebFluxConfigurationSupportTests" time="0.187"/>
  <system-out><![CDATA[16:12:05.484 [Test worker] DEBUG o.s.w.r.r.m.a.ControllerMethodResolver - ControllerAdvice beans: none
16:12:05.770 [Test worker] DEBUG o.s.w.r.r.m.a.RequestMappingHandlerMapping - 1 mappings in 'requestMappingHandlerMapping'
16:12:05.919 [Test worker] DEBUG o.s.w.r.r.m.a.ControllerMethodResolver - ControllerAdvice beans: none
16:12:06.104 [Test worker] DEBUG o.s.w.r.r.m.a.ControllerMethodResolver - ControllerAdvice beans: none
16:12:06.318 [Test worker] DEBUG o.s.w.r.r.m.a.ControllerMethodResolver - ControllerAdvice beans: none
16:12:06.452 [Test worker] DEBUG o.s.w.r.r.m.a.ControllerMethodResolver - ControllerAdvice beans: none
16:12:06.722 [Test worker] DEBUG o.s.w.r.r.m.a.ControllerMethodResolver - ControllerAdvice beans: none
16:12:06.908 [Test worker] DEBUG o.s.w.r.r.m.a.ControllerMethodResolver - ControllerAdvice beans: none
16:12:07.118 [Test worker] DEBUG o.s.w.r.h.SimpleUrlHandlerMapping - Patterns [/images/**] in 'resourceHandlerMapping'
16:12:07.215 [Test worker] DEBUG o.s.w.r.r.m.a.ControllerMethodResolver - ControllerAdvice beans: none
16:12:07.376 [Test worker] DEBUG o.s.w.r.r.m.a.ControllerMethodResolver - ControllerAdvice beans: none
]]></system-out>
  <system-err><![CDATA[]]></system-err>
</testsuite>
