<?xml version="1.0" encoding="UTF-8"?>
<testsuite name="org.springframework.web.reactive.accept.RequestedContentTypeResolverBuilderTests" tests="5" skipped="0" failures="0" errors="0" timestamp="2021-06-20T08:12:01" hostname="gankangdembp" time="0.015">
  <properties/>
  <testcase name="parameterResolverWithCustomParamName()" classname="org.springframework.web.reactive.accept.RequestedContentTypeResolverBuilderTests" time="0.006"/>
  <testcase name="parameterResolver()" classname="org.springframework.web.reactive.accept.RequestedContentTypeResolverBuilderTests" time="0.001"/>
  <testcase name="defaultSettings()" classname="org.springframework.web.reactive.accept.RequestedContentTypeResolverBuilderTests" time="0.001"/>
  <testcase name="resolver()" classname="org.springframework.web.reactive.accept.RequestedContentTypeResolverBuilderTests" time="0.003"/>
  <testcase name="fixedResolver()" classname="org.springframework.web.reactive.accept.RequestedContentTypeResolverBuilderTests" time="0.003"/>
  <system-out><![CDATA[]]></system-out>
  <system-err><![CDATA[]]></system-err>
</testsuite>
