<?xml version="1.0" encoding="UTF-8"?>
<testsuite name="org.springframework.web.reactive.result.method.annotation.WebSessionMethodArgumentResolverTests" tests="2" skipped="0" failures="0" errors="0" timestamp="2021-06-20T08:11:27" hostname="gankangdembp" time="2.655">
  <properties/>
  <testcase name="resolverArgument()" classname="org.springframework.web.reactive.result.method.annotation.WebSessionMethodArgumentResolverTests" time="2.653"/>
  <testcase name="supportsParameter()" classname="org.springframework.web.reactive.result.method.annotation.WebSessionMethodArgumentResolverTests" time="0.002"/>
  <system-out><![CDATA[]]></system-out>
  <system-err><![CDATA[]]></system-err>
</testsuite>
