<?xml version="1.0" encoding="UTF-8"?>
<testsuite name="org.springframework.web.reactive.function.server.SseHandlerFunctionIntegrationTests" tests="12" skipped="0" failures="0" errors="0" timestamp="2021-06-20T08:12:09" hostname="gankangdembp" time="3.719">
  <properties/>
  <testcase name="sseAsEvent(HttpServer)[1]" classname="org.springframework.web.reactive.function.server.SseHandlerFunctionIntegrationTests" time="0.354"/>
  <testcase name="sseAsEvent(HttpServer)[2]" classname="org.springframework.web.reactive.function.server.SseHandlerFunctionIntegrationTests" time="0.286"/>
  <testcase name="sseAsEvent(HttpServer)[3]" classname="org.springframework.web.reactive.function.server.SseHandlerFunctionIntegrationTests" time="0.329"/>
  <testcase name="sseAsEvent(HttpServer)[4]" classname="org.springframework.web.reactive.function.server.SseHandlerFunctionIntegrationTests" time="0.276"/>
  <testcase name="sseAsPerson(HttpServer)[1]" classname="org.springframework.web.reactive.function.server.SseHandlerFunctionIntegrationTests" time="0.317"/>
  <testcase name="sseAsPerson(HttpServer)[2]" classname="org.springframework.web.reactive.function.server.SseHandlerFunctionIntegrationTests" time="0.27"/>
  <testcase name="sseAsPerson(HttpServer)[3]" classname="org.springframework.web.reactive.function.server.SseHandlerFunctionIntegrationTests" time="0.334"/>
  <testcase name="sseAsPerson(HttpServer)[4]" classname="org.springframework.web.reactive.function.server.SseHandlerFunctionIntegrationTests" time="0.319"/>
  <testcase name="sseAsString(HttpServer)[1]" classname="org.springframework.web.reactive.function.server.SseHandlerFunctionIntegrationTests" time="0.329"/>
  <testcase name="sseAsString(HttpServer)[2]" classname="org.springframework.web.reactive.function.server.SseHandlerFunctionIntegrationTests" time="0.266"/>
  <testcase name="sseAsString(HttpServer)[3]" classname="org.springframework.web.reactive.function.server.SseHandlerFunctionIntegrationTests" time="0.368"/>
  <testcase name="sseAsString(HttpServer)[4]" classname="org.springframework.web.reactive.function.server.SseHandlerFunctionIntegrationTests" time="0.256"/>
  <system-out><![CDATA[16:12:09.971 [Test worker] DEBUG o.s.w.s.a.HttpWebHandlerAdapter - enableLoggingRequestDetails='false': form data and headers will be masked to prevent unsafe logging of potentially sensitive data
16:12:09.971 [Test worker] WARN  o.e.j.s.h.ContextHandler - Empty contextPath
16:12:09.972 [Test worker] INFO  o.e.j.s.h.ContextHandler - Started o.e.j.s.ServletContextHandler@15f40262{/,null,AVAILABLE}
16:12:09.972 [Test worker] DEBUG o.s.w.t.h.s.r.b.JettyHttpServer - Starting JettyHttpServer...
16:12:09.972 [Test worker] INFO  o.e.j.s.Server - jetty-9.4.31.v20200723; built: 2020-07-23T17:57:36.812Z; git: 450ba27947e13e66baa8cd1ce7e85a4461cacc1d; jvm 1.8.0_201-b09
16:12:09.982 [Test worker] INFO  o.e.j.s.AbstractConnector - Started ServerConnector@24c6cf6{HTTP/1.1, (http/1.1)}{0.0.0.0:55912}
16:12:09.982 [Test worker] INFO  o.e.j.s.Server - Started @97878ms
16:12:09.982 [Test worker] DEBUG o.s.w.t.h.s.r.b.JettyHttpServer - Server started on port 55912(0 millis).
16:12:09.987 [Test worker] DEBUG o.s.w.r.f.c.ExchangeFunctions - [761ee9a7] HTTP GET http://localhost:55912/event
16:12:09.994 [qtp316114832-1119] DEBUG o.s.w.s.a.HttpWebHandlerAdapter - [a680984] HTTP GET "/event"
16:12:10.104 [reactor-http-nio-9] DEBUG o.s.w.r.f.c.ExchangeFunctions - [761ee9a7] Response 200 OK
16:12:10.115 [reactor-http-nio-9] DEBUG o.s.c.c.StringDecoder - [761ee9a7] Decoded "id:0"
16:12:10.116 [reactor-http-nio-9] DEBUG o.s.c.c.StringDecoder - [761ee9a7] Decoded ":bar"
16:12:10.116 [reactor-http-nio-9] DEBUG o.s.c.c.StringDecoder - [761ee9a7] Decoded "data:foo"
16:12:10.116 [reactor-http-nio-9] DEBUG o.s.c.c.StringDecoder - [761ee9a7] Decoded ""
16:12:10.228 [parallel-10] DEBUG o.s.w.s.a.HttpWebHandlerAdapter - [a680984] Completed 200 OK
16:12:10.229 [reactor-http-nio-9] DEBUG o.s.c.c.StringDecoder - [761ee9a7] Decoded "id:1"
16:12:10.230 [reactor-http-nio-9] DEBUG o.s.c.c.StringDecoder - [761ee9a7] Decoded ":bar"
16:12:10.231 [reactor-http-nio-9] DEBUG o.s.c.c.StringDecoder - [761ee9a7] Decoded "data:foo"
16:12:10.231 [reactor-http-nio-9] DEBUG o.s.c.c.StringDecoder - [761ee9a7] Decoded ""
16:12:10.232 [Test worker] DEBUG o.s.w.t.h.s.r.b.JettyHttpServer - Stopping JettyHttpServer...
16:12:10.232 [Test worker] INFO  o.e.j.s.h.ContextHandler - Stopped o.e.j.s.ServletContextHandler@15f40262{/,null,UNAVAILABLE}
16:12:10.234 [Test worker] INFO  o.e.j.s.AbstractConnector - Stopped ServerConnector@24c6cf6{HTTP/1.1, (http/1.1)}{0.0.0.0:0}
16:12:10.245 [Test worker] DEBUG o.s.w.t.h.s.r.b.JettyHttpServer - Server stopped (0 millis).
16:12:10.267 [Test worker] DEBUG o.s.w.s.a.HttpWebHandlerAdapter - enableLoggingRequestDetails='false': form data and headers will be masked to prevent unsafe logging of potentially sensitive data
16:12:10.267 [Test worker] DEBUG o.s.w.t.h.s.r.b.ReactorHttpServer - Starting ReactorHttpServer...
16:12:10.268 [Test worker] DEBUG o.s.w.t.h.s.r.b.ReactorHttpServer - Server started on port 55922(0 millis).
16:12:10.269 [Test worker] DEBUG o.s.w.r.f.c.ExchangeFunctions - [2a46b124] HTTP GET http://localhost:55922/event
16:12:10.273 [reactor-http-nio-12] DEBUG o.s.w.s.a.HttpWebHandlerAdapter - [4fd5782a-29] HTTP GET "/event"
16:12:10.417 [reactor-http-nio-11] DEBUG o.s.w.r.f.c.ExchangeFunctions - [2a46b124] Response 200 OK
16:12:10.419 [reactor-http-nio-11] DEBUG o.s.c.c.StringDecoder - [2a46b124] Decoded "id:0"
16:12:10.419 [reactor-http-nio-11] DEBUG o.s.c.c.StringDecoder - [2a46b124] Decoded ":bar"
16:12:10.419 [reactor-http-nio-11] DEBUG o.s.c.c.StringDecoder - [2a46b124] Decoded "data:foo"
16:12:10.420 [reactor-http-nio-11] DEBUG o.s.c.c.StringDecoder - [2a46b124] Decoded ""
16:12:10.528 [reactor-http-nio-12] DEBUG o.s.w.s.a.HttpWebHandlerAdapter - [4fd5782a-29] Completed 200 OK
16:12:10.529 [reactor-http-nio-11] DEBUG o.s.c.c.StringDecoder - [2a46b124] Decoded "id:1"
16:12:10.529 [reactor-http-nio-11] DEBUG o.s.c.c.StringDecoder - [2a46b124] Decoded ":bar"
16:12:10.529 [reactor-http-nio-11] DEBUG o.s.c.c.StringDecoder - [2a46b124] Decoded "data:foo"
16:12:10.529 [reactor-http-nio-11] DEBUG o.s.c.c.StringDecoder - [2a46b124] Decoded ""
16:12:10.531 [Test worker] DEBUG o.s.w.t.h.s.r.b.ReactorHttpServer - Stopping ReactorHttpServer...
16:12:10.532 [Test worker] DEBUG o.s.w.t.h.s.r.b.ReactorHttpServer - Server stopped (0 millis).
16:12:10.558 [Test worker] DEBUG o.s.w.s.a.HttpWebHandlerAdapter - enableLoggingRequestDetails='false': form data and headers will be masked to prevent unsafe logging of potentially sensitive data
16:12:10.559 [Test worker] DEBUG o.s.w.t.h.s.r.b.TomcatHttpServer - Starting TomcatHttpServer...
16:12:10.595 [Test worker] DEBUG o.s.w.t.h.s.r.b.TomcatHttpServer - Server started on port 55932(0 millis).
16:12:10.595 [Test worker] DEBUG o.s.w.r.f.c.ExchangeFunctions - [38101461] HTTP GET http://localhost:55932/event
16:12:10.603 [http-nio-auto-29-exec-1] DEBUG o.s.w.s.a.HttpWebHandlerAdapter - [3b3fb1d5] HTTP GET "/event"
16:12:10.706 [reactor-http-nio-1] DEBUG o.s.w.r.f.c.ExchangeFunctions - [38101461] Response 200 OK
16:12:10.708 [reactor-http-nio-1] DEBUG o.s.c.c.StringDecoder - [38101461] Decoded "id:0"
16:12:10.708 [reactor-http-nio-1] DEBUG o.s.c.c.StringDecoder - [38101461] Decoded ":bar"
16:12:10.708 [reactor-http-nio-1] DEBUG o.s.c.c.StringDecoder - [38101461] Decoded "data:foo"
16:12:10.708 [reactor-http-nio-1] DEBUG o.s.c.c.StringDecoder - [38101461] Decoded ""
16:12:10.821 [parallel-12] DEBUG o.s.w.s.a.HttpWebHandlerAdapter - [3b3fb1d5] Completed 200 OK
16:12:10.826 [reactor-http-nio-1] DEBUG o.s.c.c.StringDecoder - [38101461] Decoded "id:1"
16:12:10.826 [reactor-http-nio-1] DEBUG o.s.c.c.StringDecoder - [38101461] Decoded ":bar"
16:12:10.826 [reactor-http-nio-1] DEBUG o.s.c.c.StringDecoder - [38101461] Decoded "data:foo"
16:12:10.826 [reactor-http-nio-1] DEBUG o.s.c.c.StringDecoder - [38101461] Decoded ""
16:12:10.827 [Test worker] DEBUG o.s.w.t.h.s.r.b.TomcatHttpServer - Stopping TomcatHttpServer...
16:12:10.861 [Test worker] DEBUG o.s.w.t.h.s.r.b.TomcatHttpServer - Server stopped (0 millis).
16:12:10.891 [Test worker] DEBUG o.s.w.s.a.HttpWebHandlerAdapter - enableLoggingRequestDetails='false': form data and headers will be masked to prevent unsafe logging of potentially sensitive data
16:12:10.891 [Test worker] DEBUG o.s.w.t.h.s.r.b.UndertowHttpServer - Starting UndertowHttpServer...
16:12:10.891 [Test worker] INFO  i.undertow - starting server: Undertow - 2.0.32.Final
16:12:10.901 [Test worker] DEBUG o.s.w.t.h.s.r.b.UndertowHttpServer - Server started on port 55944(0 millis).
16:12:10.902 [Test worker] DEBUG o.s.w.r.f.c.ExchangeFunctions - [35e3a138] HTTP GET http://localhost:55944/event
16:12:10.907 [XNIO-29 I/O-6] DEBUG o.s.w.s.a.HttpWebHandlerAdapter - [38ac98eb] HTTP GET "/event"
16:12:11.021 [reactor-http-nio-2] DEBUG o.s.w.r.f.c.ExchangeFunctions - [35e3a138] Response 200 OK
16:12:11.023 [reactor-http-nio-2] DEBUG o.s.c.c.StringDecoder - [35e3a138] Decoded "id:0"
16:12:11.023 [reactor-http-nio-2] DEBUG o.s.c.c.StringDecoder - [35e3a138] Decoded ":bar"
16:12:11.023 [reactor-http-nio-2] DEBUG o.s.c.c.StringDecoder - [35e3a138] Decoded "data:foo"
16:12:11.023 [reactor-http-nio-2] DEBUG o.s.c.c.StringDecoder - [35e3a138] Decoded ""
16:12:11.134 [XNIO-29 I/O-6] DEBUG o.s.w.s.a.HttpWebHandlerAdapter - [38ac98eb] Completed 200 OK
16:12:11.135 [reactor-http-nio-2] DEBUG o.s.c.c.StringDecoder - [35e3a138] Decoded "id:1"
16:12:11.135 [reactor-http-nio-2] DEBUG o.s.c.c.StringDecoder - [35e3a138] Decoded ":bar"
16:12:11.136 [reactor-http-nio-2] DEBUG o.s.c.c.StringDecoder - [35e3a138] Decoded "data:foo"
16:12:11.136 [reactor-http-nio-2] DEBUG o.s.c.c.StringDecoder - [35e3a138] Decoded ""
16:12:11.137 [Test worker] DEBUG o.s.w.t.h.s.r.b.UndertowHttpServer - Stopping UndertowHttpServer...
16:12:11.137 [Test worker] INFO  i.undertow - stopping server: Undertow - 2.0.32.Final
16:12:11.138 [Test worker] DEBUG o.s.w.t.h.s.r.b.UndertowHttpServer - Server stopped (0 millis).
16:12:11.189 [Test worker] DEBUG o.s.w.s.a.HttpWebHandlerAdapter - enableLoggingRequestDetails='false': form data and headers will be masked to prevent unsafe logging of potentially sensitive data
16:12:11.190 [Test worker] WARN  o.e.j.s.h.ContextHandler - Empty contextPath
16:12:11.190 [Test worker] INFO  o.e.j.s.h.ContextHandler - Started o.e.j.s.ServletContextHandler@6d792dc6{/,null,AVAILABLE}
16:12:11.191 [Test worker] DEBUG o.s.w.t.h.s.r.b.JettyHttpServer - Starting JettyHttpServer...
16:12:11.191 [Test worker] INFO  o.e.j.s.Server - jetty-9.4.31.v20200723; built: 2020-07-23T17:57:36.812Z; git: 450ba27947e13e66baa8cd1ce7e85a4461cacc1d; jvm 1.8.0_201-b09
16:12:11.199 [Test worker] INFO  o.e.j.s.AbstractConnector - Started ServerConnector@6974834f{HTTP/1.1, (http/1.1)}{0.0.0.0:55956}
16:12:11.199 [Test worker] INFO  o.e.j.s.Server - Started @99095ms
16:12:11.199 [Test worker] DEBUG o.s.w.t.h.s.r.b.JettyHttpServer - Server started on port 55956(0 millis).
16:12:11.201 [Test worker] DEBUG o.s.w.r.f.c.ExchangeFunctions - [3187993b] HTTP GET http://localhost:55956/person
16:12:11.205 [qtp81081128-1160] DEBUG o.s.w.s.a.HttpWebHandlerAdapter - [3e007395] HTTP GET "/person"
16:12:11.308 [parallel-2] DEBUG o.s.h.c.j.Jackson2JsonEncoder - [3e007395] Encoding [Person{name='foo 0'}]
16:12:11.335 [reactor-http-nio-3] DEBUG o.s.w.r.f.c.ExchangeFunctions - [3187993b] Response 200 OK
16:12:11.339 [reactor-http-nio-3] DEBUG o.s.c.c.StringDecoder - [3187993b] Decoded "data:{"name":"foo 0"}"
16:12:11.340 [reactor-http-nio-3] DEBUG o.s.c.c.StringDecoder - [3187993b] Decoded ""
16:12:11.340 [reactor-http-nio-3] DEBUG o.s.h.c.j.Jackson2JsonDecoder - [3187993b] Decoded [Person{name='foo 0'}]
16:12:11.408 [parallel-2] DEBUG o.s.h.c.j.Jackson2JsonEncoder - [3e007395] Encoding [Person{name='foo 1'}]
16:12:11.421 [parallel-2] DEBUG o.s.w.s.a.HttpWebHandlerAdapter - [3e007395] Completed 200 OK
16:12:11.441 [reactor-http-nio-3] DEBUG o.s.c.c.StringDecoder - [3187993b] Decoded "data:{"name":"foo 1"}"
16:12:11.441 [reactor-http-nio-3] DEBUG o.s.c.c.StringDecoder - [3187993b] Decoded ""
16:12:11.442 [reactor-http-nio-3] DEBUG o.s.h.c.j.Jackson2JsonDecoder - [3187993b] Decoded [Person{name='foo 1'}]
16:12:11.442 [Test worker] DEBUG o.s.w.t.h.s.r.b.JettyHttpServer - Stopping JettyHttpServer...
16:12:11.443 [Test worker] INFO  o.e.j.s.h.ContextHandler - Stopped o.e.j.s.ServletContextHandler@6d792dc6{/,null,UNAVAILABLE}
16:12:11.445 [Test worker] INFO  o.e.j.s.AbstractConnector - Stopped ServerConnector@6974834f{HTTP/1.1, (http/1.1)}{0.0.0.0:0}
16:12:11.456 [Test worker] DEBUG o.s.w.t.h.s.r.b.JettyHttpServer - Server stopped (0 millis).
16:12:11.476 [Test worker] DEBUG o.s.w.s.a.HttpWebHandlerAdapter - enableLoggingRequestDetails='false': form data and headers will be masked to prevent unsafe logging of potentially sensitive data
16:12:11.476 [Test worker] DEBUG o.s.w.t.h.s.r.b.ReactorHttpServer - Starting ReactorHttpServer...
16:12:11.478 [Test worker] DEBUG o.s.w.t.h.s.r.b.ReactorHttpServer - Server started on port 55965(0 millis).
16:12:11.484 [Test worker] DEBUG o.s.w.r.f.c.ExchangeFunctions - [4a92ee0d] HTTP GET http://localhost:55965/person
16:12:11.487 [reactor-http-nio-6] DEBUG o.s.w.s.a.HttpWebHandlerAdapter - [225e597f-30] HTTP GET "/person"
16:12:11.589 [parallel-3] DEBUG o.s.h.c.j.Jackson2JsonEncoder - [225e597f-30] Encoding [Person{name='foo 0'}]
16:12:11.619 [reactor-http-nio-5] DEBUG o.s.w.r.f.c.ExchangeFunctions - [4a92ee0d] Response 200 OK
16:12:11.621 [reactor-http-nio-5] DEBUG o.s.c.c.StringDecoder - [4a92ee0d] Decoded "data:{"name":"foo 0"}"
16:12:11.621 [reactor-http-nio-5] DEBUG o.s.c.c.StringDecoder - [4a92ee0d] Decoded ""
16:12:11.622 [reactor-http-nio-5] DEBUG o.s.h.c.j.Jackson2JsonDecoder - [4a92ee0d] Decoded [Person{name='foo 0'}]
16:12:11.689 [parallel-3] DEBUG o.s.h.c.j.Jackson2JsonEncoder - [225e597f-30] Encoding [Person{name='foo 1'}]
16:12:11.725 [reactor-http-nio-6] DEBUG o.s.w.s.a.HttpWebHandlerAdapter - [225e597f-30] Completed 200 OK
16:12:11.726 [reactor-http-nio-5] DEBUG o.s.c.c.StringDecoder - [4a92ee0d] Decoded "data:{"name":"foo 1"}"
16:12:11.726 [reactor-http-nio-5] DEBUG o.s.c.c.StringDecoder - [4a92ee0d] Decoded ""
16:12:11.727 [reactor-http-nio-5] DEBUG o.s.h.c.j.Jackson2JsonDecoder - [4a92ee0d] Decoded [Person{name='foo 1'}]
16:12:11.727 [Test worker] DEBUG o.s.w.t.h.s.r.b.ReactorHttpServer - Stopping ReactorHttpServer...
16:12:11.727 [Test worker] DEBUG o.s.w.t.h.s.r.b.ReactorHttpServer - Server stopped (0 millis).
16:12:11.801 [Test worker] DEBUG o.s.w.s.a.HttpWebHandlerAdapter - enableLoggingRequestDetails='false': form data and headers will be masked to prevent unsafe logging of potentially sensitive data
16:12:11.802 [Test worker] DEBUG o.s.w.t.h.s.r.b.TomcatHttpServer - Starting TomcatHttpServer...
16:12:11.820 [Test worker] DEBUG o.s.w.t.h.s.r.b.TomcatHttpServer - Server started on port 55969(0 millis).
16:12:11.821 [Test worker] DEBUG o.s.w.r.f.c.ExchangeFunctions - [1cab7c18] HTTP GET http://localhost:55969/person
16:12:11.827 [http-nio-auto-30-exec-1] DEBUG o.s.w.s.a.HttpWebHandlerAdapter - [47389d1] HTTP GET "/person"
16:12:11.931 [parallel-4] DEBUG o.s.h.c.j.Jackson2JsonEncoder - [47389d1] Encoding [Person{name='foo 0'}]
16:12:11.948 [reactor-http-nio-7] DEBUG o.s.w.r.f.c.ExchangeFunctions - [1cab7c18] Response 200 OK
16:12:11.950 [reactor-http-nio-7] DEBUG o.s.c.c.StringDecoder - [1cab7c18] Decoded "data:{"name":"foo 0"}"
16:12:11.950 [reactor-http-nio-7] DEBUG o.s.c.c.StringDecoder - [1cab7c18] Decoded ""
16:12:11.950 [reactor-http-nio-7] DEBUG o.s.h.c.j.Jackson2JsonDecoder - [1cab7c18] Decoded [Person{name='foo 0'}]
16:12:12.030 [parallel-4] DEBUG o.s.h.c.j.Jackson2JsonEncoder - [47389d1] Encoding [Person{name='foo 1'}]
16:12:12.044 [parallel-4] DEBUG o.s.w.s.a.HttpWebHandlerAdapter - [47389d1] Completed 200 OK
16:12:12.050 [reactor-http-nio-7] DEBUG o.s.c.c.StringDecoder - [1cab7c18] Decoded "data:{"name":"foo 1"}"
16:12:12.050 [reactor-http-nio-7] DEBUG o.s.c.c.StringDecoder - [1cab7c18] Decoded ""
16:12:12.050 [reactor-http-nio-7] DEBUG o.s.h.c.j.Jackson2JsonDecoder - [1cab7c18] Decoded [Person{name='foo 1'}]
16:12:12.051 [Test worker] DEBUG o.s.w.t.h.s.r.b.TomcatHttpServer - Stopping TomcatHttpServer...
16:12:12.062 [Test worker] DEBUG o.s.w.t.h.s.r.b.TomcatHttpServer - Server stopped (0 millis).
16:12:12.092 [Test worker] DEBUG o.s.w.s.a.HttpWebHandlerAdapter - enableLoggingRequestDetails='false': form data and headers will be masked to prevent unsafe logging of potentially sensitive data
16:12:12.092 [Test worker] DEBUG o.s.w.t.h.s.r.b.UndertowHttpServer - Starting UndertowHttpServer...
16:12:12.092 [Test worker] INFO  i.undertow - starting server: Undertow - 2.0.32.Final
16:12:12.160 [Test worker] DEBUG o.s.w.t.h.s.r.b.UndertowHttpServer - Server started on port 55974(0 millis).
16:12:12.162 [Test worker] DEBUG o.s.w.r.f.c.ExchangeFunctions - [61a8993a] HTTP GET http://localhost:55974/person
16:12:12.167 [XNIO-30 I/O-6] DEBUG o.s.w.s.a.HttpWebHandlerAdapter - [7a07efbb] HTTP GET "/person"
16:12:12.268 [parallel-5] DEBUG o.s.h.c.j.Jackson2JsonEncoder - [7a07efbb] Encoding [Person{name='foo 0'}]
16:12:12.284 [reactor-http-nio-8] DEBUG o.s.w.r.f.c.ExchangeFunctions - [61a8993a] Response 200 OK
16:12:12.285 [reactor-http-nio-8] DEBUG o.s.c.c.StringDecoder - [61a8993a] Decoded "data:{"name":"foo 0"}"
16:12:12.285 [reactor-http-nio-8] DEBUG o.s.c.c.StringDecoder - [61a8993a] Decoded ""
16:12:12.285 [reactor-http-nio-8] DEBUG o.s.h.c.j.Jackson2JsonDecoder - [61a8993a] Decoded [Person{name='foo 0'}]
16:12:12.368 [parallel-5] DEBUG o.s.h.c.j.Jackson2JsonEncoder - [7a07efbb] Encoding [Person{name='foo 1'}]
16:12:12.382 [XNIO-30 I/O-6] DEBUG o.s.w.s.a.HttpWebHandlerAdapter - [7a07efbb] Completed 200 OK
16:12:12.382 [reactor-http-nio-8] DEBUG o.s.c.c.StringDecoder - [61a8993a] Decoded "data:{"name":"foo 1"}"
16:12:12.383 [reactor-http-nio-8] DEBUG o.s.c.c.StringDecoder - [61a8993a] Decoded ""
16:12:12.383 [reactor-http-nio-8] DEBUG o.s.h.c.j.Jackson2JsonDecoder - [61a8993a] Decoded [Person{name='foo 1'}]
16:12:12.383 [Test worker] DEBUG o.s.w.t.h.s.r.b.UndertowHttpServer - Stopping UndertowHttpServer...
16:12:12.383 [Test worker] INFO  i.undertow - stopping server: Undertow - 2.0.32.Final
16:12:12.385 [Test worker] DEBUG o.s.w.t.h.s.r.b.UndertowHttpServer - Server stopped (0 millis).
16:12:12.420 [Test worker] DEBUG o.s.w.s.a.HttpWebHandlerAdapter - enableLoggingRequestDetails='false': form data and headers will be masked to prevent unsafe logging of potentially sensitive data
16:12:12.421 [Test worker] WARN  o.e.j.s.h.ContextHandler - Empty contextPath
16:12:12.421 [Test worker] INFO  o.e.j.s.h.ContextHandler - Started o.e.j.s.ServletContextHandler@6b8859a0{/,null,AVAILABLE}
16:12:12.421 [Test worker] DEBUG o.s.w.t.h.s.r.b.JettyHttpServer - Starting JettyHttpServer...
16:12:12.422 [Test worker] INFO  o.e.j.s.Server - jetty-9.4.31.v20200723; built: 2020-07-23T17:57:36.812Z; git: 450ba27947e13e66baa8cd1ce7e85a4461cacc1d; jvm 1.8.0_201-b09
16:12:12.460 [Test worker] INFO  o.e.j.s.AbstractConnector - Started ServerConnector@ce96204{HTTP/1.1, (http/1.1)}{0.0.0.0:55979}
16:12:12.461 [Test worker] INFO  o.e.j.s.Server - Started @100357ms
16:12:12.461 [Test worker] DEBUG o.s.w.t.h.s.r.b.JettyHttpServer - Server started on port 55979(0 millis).
16:12:12.462 [Test worker] DEBUG o.s.w.r.f.c.ExchangeFunctions - [33464503] HTTP GET http://localhost:55979/string
16:12:12.466 [qtp1291589909-1198] DEBUG o.s.w.s.a.HttpWebHandlerAdapter - [39752922] HTTP GET "/string"
16:12:12.570 [reactor-http-nio-9] DEBUG o.s.w.r.f.c.ExchangeFunctions - [33464503] Response 200 OK
16:12:12.571 [reactor-http-nio-9] DEBUG o.s.c.c.StringDecoder - [33464503] Decoded "data:foo 0"
16:12:12.571 [reactor-http-nio-9] DEBUG o.s.c.c.StringDecoder - [33464503] Decoded ""
16:12:12.691 [parallel-6] DEBUG o.s.w.s.a.HttpWebHandlerAdapter - [39752922] Completed 200 OK
16:12:12.699 [reactor-http-nio-9] DEBUG o.s.c.c.StringDecoder - [33464503] Decoded "data:foo 1"
16:12:12.699 [reactor-http-nio-9] DEBUG o.s.c.c.StringDecoder - [33464503] Decoded ""
16:12:12.700 [Test worker] DEBUG o.s.w.t.h.s.r.b.JettyHttpServer - Stopping JettyHttpServer...
16:12:12.700 [Test worker] INFO  o.e.j.s.h.ContextHandler - Stopped o.e.j.s.ServletContextHandler@6b8859a0{/,null,UNAVAILABLE}
16:12:12.702 [Test worker] INFO  o.e.j.s.AbstractConnector - Stopped ServerConnector@ce96204{HTTP/1.1, (http/1.1)}{0.0.0.0:0}
16:12:12.715 [Test worker] DEBUG o.s.w.t.h.s.r.b.JettyHttpServer - Server stopped (0 millis).
16:12:12.738 [Test worker] DEBUG o.s.w.s.a.HttpWebHandlerAdapter - enableLoggingRequestDetails='false': form data and headers will be masked to prevent unsafe logging of potentially sensitive data
16:12:12.738 [Test worker] DEBUG o.s.w.t.h.s.r.b.ReactorHttpServer - Starting ReactorHttpServer...
16:12:12.739 [Test worker] DEBUG o.s.w.t.h.s.r.b.ReactorHttpServer - Server started on port 55985(0 millis).
16:12:12.739 [Test worker] DEBUG o.s.w.r.f.c.ExchangeFunctions - [4170bc32] HTTP GET http://localhost:55985/string
16:12:12.743 [reactor-http-nio-12] DEBUG o.s.w.s.a.HttpWebHandlerAdapter - [04f3e68a-31] HTTP GET "/string"
16:12:12.873 [reactor-http-nio-11] DEBUG o.s.w.r.f.c.ExchangeFunctions - [4170bc32] Response 200 OK
16:12:12.877 [reactor-http-nio-11] DEBUG o.s.c.c.StringDecoder - [4170bc32] Decoded "data:foo 0"
16:12:12.877 [reactor-http-nio-11] DEBUG o.s.c.c.StringDecoder - [4170bc32] Decoded ""
16:12:12.977 [reactor-http-nio-12] DEBUG o.s.w.s.a.HttpWebHandlerAdapter - [04f3e68a-31] Completed 200 OK
16:12:12.978 [reactor-http-nio-11] DEBUG o.s.c.c.StringDecoder - [4170bc32] Decoded "data:foo 1"
16:12:12.978 [reactor-http-nio-11] DEBUG o.s.c.c.StringDecoder - [4170bc32] Decoded ""
16:12:12.978 [Test worker] DEBUG o.s.w.t.h.s.r.b.ReactorHttpServer - Stopping ReactorHttpServer...
16:12:12.979 [Test worker] DEBUG o.s.w.t.h.s.r.b.ReactorHttpServer - Server stopped (0 millis).
16:12:13.044 [Test worker] DEBUG o.s.w.s.a.HttpWebHandlerAdapter - enableLoggingRequestDetails='false': form data and headers will be masked to prevent unsafe logging of potentially sensitive data
16:12:13.045 [Test worker] DEBUG o.s.w.t.h.s.r.b.TomcatHttpServer - Starting TomcatHttpServer...
16:12:13.101 [Test worker] DEBUG o.s.w.t.h.s.r.b.TomcatHttpServer - Server started on port 56009(0 millis).
16:12:13.102 [Test worker] DEBUG o.s.w.r.f.c.ExchangeFunctions - [24fe2cf3] HTTP GET http://localhost:56009/string
16:12:13.108 [http-nio-auto-31-exec-1] DEBUG o.s.w.s.a.HttpWebHandlerAdapter - [66aba84] HTTP GET "/string"
16:12:13.246 [reactor-http-nio-1] DEBUG o.s.w.r.f.c.ExchangeFunctions - [24fe2cf3] Response 200 OK
16:12:13.247 [reactor-http-nio-1] DEBUG o.s.c.c.StringDecoder - [24fe2cf3] Decoded "data:foo 0"
16:12:13.247 [reactor-http-nio-1] DEBUG o.s.c.c.StringDecoder - [24fe2cf3] Decoded ""
16:12:13.332 [parallel-8] DEBUG o.s.w.s.a.HttpWebHandlerAdapter - [66aba84] Completed 200 OK
16:12:13.335 [reactor-http-nio-1] DEBUG o.s.c.c.StringDecoder - [24fe2cf3] Decoded "data:foo 1"
16:12:13.335 [reactor-http-nio-1] DEBUG o.s.c.c.StringDecoder - [24fe2cf3] Decoded ""
16:12:13.336 [Test worker] DEBUG o.s.w.t.h.s.r.b.TomcatHttpServer - Stopping TomcatHttpServer...
16:12:13.352 [Test worker] DEBUG o.s.w.t.h.s.r.b.TomcatHttpServer - Server stopped (0 millis).
16:12:13.390 [Test worker] DEBUG o.s.w.s.a.HttpWebHandlerAdapter - enableLoggingRequestDetails='false': form data and headers will be masked to prevent unsafe logging of potentially sensitive data
16:12:13.390 [Test worker] DEBUG o.s.w.t.h.s.r.b.UndertowHttpServer - Starting UndertowHttpServer...
16:12:13.390 [Test worker] INFO  i.undertow - starting server: Undertow - 2.0.32.Final
16:12:13.395 [Test worker] DEBUG o.s.w.t.h.s.r.b.UndertowHttpServer - Server started on port 56034(0 millis).
16:12:13.397 [Test worker] DEBUG o.s.w.r.f.c.ExchangeFunctions - [226417c] HTTP GET http://localhost:56034/string
16:12:13.401 [XNIO-31 I/O-7] DEBUG o.s.w.s.a.HttpWebHandlerAdapter - [3712e31d] HTTP GET "/string"
16:12:13.517 [reactor-http-nio-2] DEBUG o.s.w.r.f.c.ExchangeFunctions - [226417c] Response 200 OK
16:12:13.518 [reactor-http-nio-2] DEBUG o.s.c.c.StringDecoder - [226417c] Decoded "data:foo 0"
16:12:13.518 [reactor-http-nio-2] DEBUG o.s.c.c.StringDecoder - [226417c] Decoded ""
16:12:13.607 [XNIO-31 I/O-7] DEBUG o.s.w.s.a.HttpWebHandlerAdapter - [3712e31d] Completed 200 OK
16:12:13.608 [reactor-http-nio-2] DEBUG o.s.c.c.StringDecoder - [226417c] Decoded "data:foo 1"
16:12:13.608 [reactor-http-nio-2] DEBUG o.s.c.c.StringDecoder - [226417c] Decoded ""
16:12:13.609 [Test worker] DEBUG o.s.w.t.h.s.r.b.UndertowHttpServer - Stopping UndertowHttpServer...
16:12:13.609 [Test worker] INFO  i.undertow - stopping server: Undertow - 2.0.32.Final
16:12:13.610 [Test worker] DEBUG o.s.w.t.h.s.r.b.UndertowHttpServer - Server stopped (0 millis).
]]></system-out>
  <system-err><![CDATA[]]></system-err>
</testsuite>
