<?xml version="1.0" encoding="UTF-8"?>
<testsuite name="org.springframework.web.reactive.result.method.annotation.JacksonStreamingIntegrationTests" tests="8" skipped="0" failures="0" errors="0" timestamp="2021-06-20T08:11:22" hostname="gankangdembp" time="4.741">
  <properties/>
  <testcase name="smileStreaming(HttpServer)[1]" classname="org.springframework.web.reactive.result.method.annotation.JacksonStreamingIntegrationTests" time="1.28"/>
  <testcase name="smileStreaming(HttpServer)[2]" classname="org.springframework.web.reactive.result.method.annotation.JacksonStreamingIntegrationTests" time="0.43"/>
  <testcase name="smileStreaming(HttpServer)[3]" classname="org.springframework.web.reactive.result.method.annotation.JacksonStreamingIntegrationTests" time="0.699"/>
  <testcase name="smileStreaming(HttpServer)[4]" classname="org.springframework.web.reactive.result.method.annotation.JacksonStreamingIntegrationTests" time="0.369"/>
  <testcase name="jsonStreaming(HttpServer)[1]" classname="org.springframework.web.reactive.result.method.annotation.JacksonStreamingIntegrationTests" time="0.474"/>
  <testcase name="jsonStreaming(HttpServer)[2]" classname="org.springframework.web.reactive.result.method.annotation.JacksonStreamingIntegrationTests" time="0.441"/>
  <testcase name="jsonStreaming(HttpServer)[3]" classname="org.springframework.web.reactive.result.method.annotation.JacksonStreamingIntegrationTests" time="0.682"/>
  <testcase name="jsonStreaming(HttpServer)[4]" classname="org.springframework.web.reactive.result.method.annotation.JacksonStreamingIntegrationTests" time="0.355"/>
  <system-out><![CDATA[16:11:22.635 [Test worker] DEBUG o.s.w.r.r.m.a.RequestMappingHandlerMapping - 1 mappings in 'requestMappingHandlerMapping'
16:11:22.722 [Test worker] DEBUG o.s.w.r.r.m.a.ControllerMethodResolver - ControllerAdvice beans: none
16:11:22.811 [Test worker] DEBUG o.s.w.s.a.HttpWebHandlerAdapter - enableLoggingRequestDetails='false': form data and headers will be masked to prevent unsafe logging of potentially sensitive data
16:11:22.811 [Test worker] WARN  o.e.j.s.h.ContextHandler - Empty contextPath
16:11:22.812 [Test worker] INFO  o.e.j.s.h.ContextHandler - Started o.e.j.s.ServletContextHandler@4d6cdcee{/,null,AVAILABLE}
16:11:22.812 [Test worker] DEBUG o.s.w.t.h.s.r.b.JettyHttpServer - Starting JettyHttpServer...
16:11:22.813 [Test worker] INFO  o.e.j.s.Server - jetty-9.4.31.v20200723; built: 2020-07-23T17:57:36.812Z; git: 450ba27947e13e66baa8cd1ce7e85a4461cacc1d; jvm 1.8.0_201-b09
16:11:22.821 [Test worker] INFO  o.e.j.s.AbstractConnector - Started ServerConnector@1d18881f{HTTP/1.1, (http/1.1)}{0.0.0.0:54814}
16:11:22.822 [Test worker] INFO  o.e.j.s.Server - Started @50662ms
16:11:22.822 [Test worker] DEBUG o.s.w.t.h.s.r.b.JettyHttpServer - Server started on port 54814(0 millis).
16:11:23.288 [Test worker] DEBUG o.s.w.r.f.c.ExchangeFunctions - [56e49eb0] HTTP GET http://localhost:54814/stream
16:11:23.476 [qtp1346435683-154] DEBUG o.s.w.s.a.HttpWebHandlerAdapter - [11a2b44e] HTTP GET "/stream"
16:11:23.477 [qtp1346435683-154] DEBUG o.s.w.r.r.m.a.RequestMappingHandlerMapping - [11a2b44e] Mapped to org.springframework.web.reactive.result.method.annotation.JacksonStreamingIntegrationTests$JacksonStreamingController#person()
16:11:23.485 [qtp1346435683-154] DEBUG o.s.w.r.r.m.a.ResponseBodyResultHandler - Using 'application/stream+x-jackson-smile' given [application/stream+x-jackson-smile] and supported [application/stream+x-jackson-smile]
16:11:23.485 [qtp1346435683-154] DEBUG o.s.w.r.r.m.a.ResponseBodyResultHandler - [11a2b44e] 0..N [org.springframework.web.reactive.result.method.annotation.JacksonStreamingIntegrationTests$Person]
16:11:23.609 [parallel-1] DEBUG o.s.h.c.j.Jackson2SmileEncoder - [11a2b44e] Encoding [Person{name='foo 0'}]
16:11:23.629 [reactor-http-nio-7] DEBUG o.s.w.r.f.c.ExchangeFunctions - [56e49eb0] Response 200 OK
16:11:23.718 [parallel-1] DEBUG o.s.h.c.j.Jackson2SmileEncoder - [11a2b44e] Encoding [Person{name='foo 1'}]
16:11:23.808 [parallel-1] DEBUG o.s.h.c.j.Jackson2SmileEncoder - [11a2b44e] Encoding [Person{name='foo 2'}]
16:11:23.809 [reactor-http-nio-7] DEBUG o.s.h.c.j.Jackson2SmileDecoder - [56e49eb0] Decoded [Person{name='foo 0'}]
16:11:23.810 [reactor-http-nio-7] DEBUG o.s.h.c.j.Jackson2SmileDecoder - [56e49eb0] Decoded [Person{name='foo 1'}]
16:11:23.811 [reactor-http-nio-7] DEBUG o.s.w.r.f.c.ExchangeFunctions - [56e49eb0] Cancel signal (to close connection)
16:11:23.823 [Test worker] DEBUG o.s.w.t.h.s.r.b.JettyHttpServer - Stopping JettyHttpServer...
16:11:23.824 [Test worker] INFO  o.e.j.s.h.ContextHandler - Stopped o.e.j.s.ServletContextHandler@4d6cdcee{/,null,UNAVAILABLE}
16:11:23.826 [Test worker] INFO  o.e.j.s.AbstractConnector - Stopped ServerConnector@1d18881f{HTTP/1.1, (http/1.1)}{0.0.0.0:0}
16:11:23.837 [Test worker] DEBUG o.s.w.t.h.s.r.b.JettyHttpServer - Server stopped (0 millis).
16:11:23.865 [Test worker] DEBUG o.s.w.r.r.m.a.RequestMappingHandlerMapping - 1 mappings in 'requestMappingHandlerMapping'
16:11:23.908 [parallel-1] DEBUG o.s.h.c.j.Jackson2SmileEncoder - [11a2b44e] Encoding [Person{name='foo 3'}]
16:11:23.957 [Test worker] DEBUG o.s.w.r.r.m.a.ControllerMethodResolver - ControllerAdvice beans: none
16:11:24.008 [parallel-1] DEBUG o.s.h.c.j.Jackson2SmileEncoder - [11a2b44e] Encoding [Person{name='foo 4'}]
16:11:24.014 [Test worker] DEBUG o.s.w.s.a.HttpWebHandlerAdapter - enableLoggingRequestDetails='false': form data and headers will be masked to prevent unsafe logging of potentially sensitive data
16:11:24.015 [Test worker] DEBUG o.s.w.t.h.s.r.b.ReactorHttpServer - Starting ReactorHttpServer...
16:11:24.017 [Test worker] DEBUG o.s.w.t.h.s.r.b.ReactorHttpServer - Server started on port 54828(0 millis).
16:11:24.018 [Test worker] DEBUG o.s.w.r.f.c.ExchangeFunctions - [7cf517f7] HTTP GET http://localhost:54828/stream
16:11:24.027 [reactor-http-nio-10] DEBUG o.s.w.s.a.HttpWebHandlerAdapter - [e1a85419-4] HTTP GET "/stream"
16:11:24.028 [reactor-http-nio-10] DEBUG o.s.w.r.r.m.a.RequestMappingHandlerMapping - [e1a85419-4] Mapped to org.springframework.web.reactive.result.method.annotation.JacksonStreamingIntegrationTests$JacksonStreamingController#person()
16:11:24.029 [reactor-http-nio-10] DEBUG o.s.w.r.r.m.a.ResponseBodyResultHandler - Using 'application/stream+x-jackson-smile' given [application/stream+x-jackson-smile] and supported [application/stream+x-jackson-smile]
16:11:24.029 [reactor-http-nio-10] DEBUG o.s.w.r.r.m.a.ResponseBodyResultHandler - [e1a85419-4] 0..N [org.springframework.web.reactive.result.method.annotation.JacksonStreamingIntegrationTests$Person]
16:11:24.135 [parallel-2] DEBUG o.s.h.c.j.Jackson2SmileEncoder - [e1a85419-4] Encoding [Person{name='foo 0'}]
16:11:24.142 [reactor-http-nio-9] DEBUG o.s.w.r.f.c.ExchangeFunctions - [7cf517f7] Response 200 OK
16:11:24.148 [reactor-http-nio-9] DEBUG o.s.h.c.j.Jackson2SmileDecoder - [7cf517f7] Decoded [Person{name='foo 0'}]
16:11:24.231 [parallel-2] DEBUG o.s.h.c.j.Jackson2SmileEncoder - [e1a85419-4] Encoding [Person{name='foo 1'}]
16:11:24.266 [reactor-http-nio-9] DEBUG o.s.h.c.j.Jackson2SmileDecoder - [7cf517f7] Decoded [Person{name='foo 1'}]
16:11:24.266 [reactor-http-nio-9] DEBUG o.s.w.r.f.c.ExchangeFunctions - [7cf517f7] Cancel signal (to close connection)
16:11:24.268 [Test worker] DEBUG o.s.w.t.h.s.r.b.ReactorHttpServer - Stopping ReactorHttpServer...
16:11:24.269 [reactor-http-nio-10] DEBUG o.s.w.s.a.HttpWebHandlerAdapter - [e1a85419-4] Completed 200 OK
16:11:24.269 [Test worker] DEBUG o.s.w.t.h.s.r.b.ReactorHttpServer - Server stopped (0 millis).
16:11:24.303 [Test worker] DEBUG o.s.w.r.r.m.a.RequestMappingHandlerMapping - 1 mappings in 'requestMappingHandlerMapping'
16:11:24.374 [Test worker] DEBUG o.s.w.r.r.m.a.ControllerMethodResolver - ControllerAdvice beans: none
16:11:24.440 [Test worker] DEBUG o.s.w.s.a.HttpWebHandlerAdapter - enableLoggingRequestDetails='false': form data and headers will be masked to prevent unsafe logging of potentially sensitive data
16:11:24.454 [Test worker] DEBUG o.s.w.t.h.s.r.b.TomcatHttpServer - Starting TomcatHttpServer...
16:11:24.478 [Test worker] DEBUG o.s.w.t.h.s.r.b.TomcatHttpServer - Server started on port 54833(0 millis).
16:11:24.480 [Test worker] DEBUG o.s.w.r.f.c.ExchangeFunctions - [621d8224] HTTP GET http://localhost:54833/stream
16:11:24.489 [http-nio-auto-4-exec-1] DEBUG o.s.w.s.a.HttpWebHandlerAdapter - [30bc1695] HTTP GET "/stream"
16:11:24.490 [http-nio-auto-4-exec-1] DEBUG o.s.w.r.r.m.a.RequestMappingHandlerMapping - [30bc1695] Mapped to org.springframework.web.reactive.result.method.annotation.JacksonStreamingIntegrationTests$JacksonStreamingController#person()
16:11:24.491 [http-nio-auto-4-exec-1] DEBUG o.s.w.r.r.m.a.ResponseBodyResultHandler - Using 'application/stream+x-jackson-smile' given [application/stream+x-jackson-smile] and supported [application/stream+x-jackson-smile]
16:11:24.491 [http-nio-auto-4-exec-1] DEBUG o.s.w.r.r.m.a.ResponseBodyResultHandler - [30bc1695] 0..N [org.springframework.web.reactive.result.method.annotation.JacksonStreamingIntegrationTests$Person]
16:11:24.595 [parallel-3] DEBUG o.s.h.c.j.Jackson2SmileEncoder - [30bc1695] Encoding [Person{name='foo 0'}]
16:11:24.600 [reactor-http-nio-11] DEBUG o.s.w.r.f.c.ExchangeFunctions - [621d8224] Response 200 OK
16:11:24.601 [reactor-http-nio-11] DEBUG o.s.h.c.j.Jackson2SmileDecoder - [621d8224] Decoded [Person{name='foo 0'}]
16:11:24.693 [parallel-3] DEBUG o.s.h.c.j.Jackson2SmileEncoder - [30bc1695] Encoding [Person{name='foo 1'}]
16:11:24.695 [reactor-http-nio-11] DEBUG o.s.h.c.j.Jackson2SmileDecoder - [621d8224] Decoded [Person{name='foo 1'}]
16:11:24.695 [reactor-http-nio-11] DEBUG o.s.w.r.f.c.ExchangeFunctions - [621d8224] Cancel signal (to close connection)
16:11:24.698 [Test worker] DEBUG o.s.w.t.h.s.r.b.TomcatHttpServer - Stopping TomcatHttpServer...
16:11:24.795 [parallel-3] DEBUG o.s.h.c.j.Jackson2SmileEncoder - [30bc1695] Encoding [Person{name='foo 2'}]
16:11:24.893 [parallel-3] DEBUG o.s.h.c.j.Jackson2SmileEncoder - [30bc1695] Encoding [Person{name='foo 3'}]
16:11:24.906 [http-nio-auto-4-exec-2] DEBUG o.s.w.s.DisconnectedClient - [30bc1695] Client went away: java.io.IOException: Broken pipe (stacktrace at TRACE level for 'org.springframework.web.server.DisconnectedClient')
16:11:24.907 [http-nio-auto-4-exec-2] DEBUG o.s.h.s.r.ServletHttpHandlerAdapter - [30bc1695] Error notification: java.io.IOException: Broken pipe
16:11:24.970 [Test worker] DEBUG o.s.w.t.h.s.r.b.TomcatHttpServer - Server stopped (0 millis).
16:11:25.005 [Test worker] DEBUG o.s.w.r.r.m.a.RequestMappingHandlerMapping - 1 mappings in 'requestMappingHandlerMapping'
16:11:25.042 [Test worker] DEBUG o.s.w.r.r.m.a.ControllerMethodResolver - ControllerAdvice beans: none
16:11:25.096 [Test worker] DEBUG o.s.w.s.a.HttpWebHandlerAdapter - enableLoggingRequestDetails='false': form data and headers will be masked to prevent unsafe logging of potentially sensitive data
16:11:25.096 [Test worker] DEBUG o.s.w.t.h.s.r.b.UndertowHttpServer - Starting UndertowHttpServer...
16:11:25.096 [Test worker] INFO  i.undertow - starting server: Undertow - 2.0.32.Final
16:11:25.103 [Test worker] DEBUG o.s.w.t.h.s.r.b.UndertowHttpServer - Server started on port 54842(0 millis).
16:11:25.104 [Test worker] DEBUG o.s.w.r.f.c.ExchangeFunctions - [7a88e6d7] HTTP GET http://localhost:54842/stream
16:11:25.110 [XNIO-4 I/O-6] DEBUG o.s.w.s.a.HttpWebHandlerAdapter - [6da97eff] HTTP GET "/stream"
16:11:25.111 [XNIO-4 I/O-6] DEBUG o.s.w.r.r.m.a.RequestMappingHandlerMapping - [6da97eff] Mapped to org.springframework.web.reactive.result.method.annotation.JacksonStreamingIntegrationTests$JacksonStreamingController#person()
16:11:25.113 [XNIO-4 I/O-6] DEBUG o.s.w.r.r.m.a.ResponseBodyResultHandler - Using 'application/stream+x-jackson-smile' given [application/stream+x-jackson-smile] and supported [application/stream+x-jackson-smile]
16:11:25.113 [XNIO-4 I/O-6] DEBUG o.s.w.r.r.m.a.ResponseBodyResultHandler - [6da97eff] 0..N [org.springframework.web.reactive.result.method.annotation.JacksonStreamingIntegrationTests$Person]
16:11:25.217 [parallel-4] DEBUG o.s.h.c.j.Jackson2SmileEncoder - [6da97eff] Encoding [Person{name='foo 0'}]
16:11:25.232 [reactor-http-nio-12] DEBUG o.s.w.r.f.c.ExchangeFunctions - [7a88e6d7] Response 200 OK
16:11:25.233 [reactor-http-nio-12] DEBUG o.s.h.c.j.Jackson2SmileDecoder - [7a88e6d7] Decoded [Person{name='foo 0'}]
16:11:25.316 [parallel-4] DEBUG o.s.h.c.j.Jackson2SmileEncoder - [6da97eff] Encoding [Person{name='foo 1'}]
16:11:25.317 [reactor-http-nio-12] DEBUG o.s.h.c.j.Jackson2SmileDecoder - [7a88e6d7] Decoded [Person{name='foo 1'}]
16:11:25.318 [reactor-http-nio-12] DEBUG o.s.w.r.f.c.ExchangeFunctions - [7a88e6d7] Cancel signal (to close connection)
16:11:25.330 [Test worker] DEBUG o.s.w.t.h.s.r.b.UndertowHttpServer - Stopping UndertowHttpServer...
16:11:25.330 [Test worker] INFO  i.undertow - stopping server: Undertow - 2.0.32.Final
16:11:25.339 [Test worker] DEBUG o.s.w.t.h.s.r.b.UndertowHttpServer - Server stopped (0 millis).
16:11:25.393 [Test worker] DEBUG o.s.w.r.r.m.a.RequestMappingHandlerMapping - 1 mappings in 'requestMappingHandlerMapping'
16:11:25.417 [parallel-4] DEBUG o.s.h.c.j.Jackson2SmileEncoder - [6da97eff] Encoding [Person{name='foo 2'}]
16:11:25.492 [Test worker] DEBUG o.s.w.r.r.m.a.ControllerMethodResolver - ControllerAdvice beans: none
16:11:25.552 [Test worker] DEBUG o.s.w.s.a.HttpWebHandlerAdapter - enableLoggingRequestDetails='false': form data and headers will be masked to prevent unsafe logging of potentially sensitive data
16:11:25.553 [Test worker] WARN  o.e.j.s.h.ContextHandler - Empty contextPath
16:11:25.554 [Test worker] INFO  o.e.j.s.h.ContextHandler - Started o.e.j.s.ServletContextHandler@d629af0{/,null,AVAILABLE}
16:11:25.557 [Test worker] DEBUG o.s.w.t.h.s.r.b.JettyHttpServer - Starting JettyHttpServer...
16:11:25.558 [Test worker] INFO  o.e.j.s.Server - jetty-9.4.31.v20200723; built: 2020-07-23T17:57:36.812Z; git: 450ba27947e13e66baa8cd1ce7e85a4461cacc1d; jvm 1.8.0_201-b09
16:11:25.569 [Test worker] INFO  o.e.j.s.AbstractConnector - Started ServerConnector@9bc42f7{HTTP/1.1, (http/1.1)}{0.0.0.0:54849}
16:11:25.569 [Test worker] INFO  o.e.j.s.Server - Started @53409ms
16:11:25.570 [Test worker] DEBUG o.s.w.t.h.s.r.b.JettyHttpServer - Server started on port 54849(0 millis).
16:11:25.571 [Test worker] DEBUG o.s.w.r.f.c.ExchangeFunctions - [5381532d] HTTP GET http://localhost:54849/stream
16:11:25.578 [qtp857817854-196] DEBUG o.s.w.s.a.HttpWebHandlerAdapter - [69c280d2] HTTP GET "/stream"
16:11:25.579 [qtp857817854-196] DEBUG o.s.w.r.r.m.a.RequestMappingHandlerMapping - [69c280d2] Mapped to org.springframework.web.reactive.result.method.annotation.JacksonStreamingIntegrationTests$JacksonStreamingController#person()
16:11:25.580 [qtp857817854-196] DEBUG o.s.w.r.r.m.a.ResponseBodyResultHandler - Using 'application/stream+json' given [application/stream+json] and supported [application/stream+json]
16:11:25.580 [qtp857817854-196] DEBUG o.s.w.r.r.m.a.ResponseBodyResultHandler - [69c280d2] 0..N [org.springframework.web.reactive.result.method.annotation.JacksonStreamingIntegrationTests$Person]
16:11:25.682 [parallel-5] DEBUG o.s.h.c.j.Jackson2JsonEncoder - [69c280d2] Encoding [Person{name='foo 0'}]
16:11:25.702 [reactor-http-nio-1] DEBUG o.s.w.r.f.c.ExchangeFunctions - [5381532d] Response 200 OK
16:11:25.715 [reactor-http-nio-1] DEBUG o.s.h.c.j.Jackson2JsonDecoder - [5381532d] Decoded [Person{name='foo 0'}]
16:11:25.782 [parallel-5] DEBUG o.s.h.c.j.Jackson2JsonEncoder - [69c280d2] Encoding [Person{name='foo 1'}]
16:11:25.784 [reactor-http-nio-1] DEBUG o.s.h.c.j.Jackson2JsonDecoder - [5381532d] Decoded [Person{name='foo 1'}]
16:11:25.784 [reactor-http-nio-1] DEBUG o.s.w.r.f.c.ExchangeFunctions - [5381532d] Cancel signal (to close connection)
16:11:25.786 [Test worker] DEBUG o.s.w.t.h.s.r.b.JettyHttpServer - Stopping JettyHttpServer...
16:11:25.787 [Test worker] INFO  o.e.j.s.h.ContextHandler - Stopped o.e.j.s.ServletContextHandler@d629af0{/,null,UNAVAILABLE}
16:11:25.802 [Test worker] INFO  o.e.j.s.AbstractConnector - Stopped ServerConnector@9bc42f7{HTTP/1.1, (http/1.1)}{0.0.0.0:0}
16:11:25.815 [Test worker] DEBUG o.s.w.t.h.s.r.b.JettyHttpServer - Server stopped (0 millis).
16:11:25.851 [Test worker] DEBUG o.s.w.r.r.m.a.RequestMappingHandlerMapping - 1 mappings in 'requestMappingHandlerMapping'
16:11:25.882 [parallel-5] DEBUG o.s.h.c.j.Jackson2JsonEncoder - [69c280d2] Encoding [Person{name='foo 2'}]
16:11:25.946 [Test worker] DEBUG o.s.w.r.r.m.a.ControllerMethodResolver - ControllerAdvice beans: none
16:11:25.986 [parallel-5] DEBUG o.s.h.c.j.Jackson2JsonEncoder - [69c280d2] Encoding [Person{name='foo 3'}]
16:11:26.000 [Test worker] DEBUG o.s.w.s.a.HttpWebHandlerAdapter - enableLoggingRequestDetails='false': form data and headers will be masked to prevent unsafe logging of potentially sensitive data
16:11:26.001 [Test worker] DEBUG o.s.w.t.h.s.r.b.ReactorHttpServer - Starting ReactorHttpServer...
16:11:26.007 [Test worker] DEBUG o.s.w.t.h.s.r.b.ReactorHttpServer - Server started on port 54857(0 millis).
16:11:26.009 [Test worker] DEBUG o.s.w.r.f.c.ExchangeFunctions - [7957052a] HTTP GET http://localhost:54857/stream
16:11:26.027 [reactor-http-nio-4] DEBUG o.s.w.s.a.HttpWebHandlerAdapter - [2822a425-5] HTTP GET "/stream"
16:11:26.028 [reactor-http-nio-4] DEBUG o.s.w.r.r.m.a.RequestMappingHandlerMapping - [2822a425-5] Mapped to org.springframework.web.reactive.result.method.annotation.JacksonStreamingIntegrationTests$JacksonStreamingController#person()
16:11:26.029 [reactor-http-nio-4] DEBUG o.s.w.r.r.m.a.ResponseBodyResultHandler - Using 'application/stream+json' given [application/stream+json] and supported [application/stream+json]
16:11:26.029 [reactor-http-nio-4] DEBUG o.s.w.r.r.m.a.ResponseBodyResultHandler - [2822a425-5] 0..N [org.springframework.web.reactive.result.method.annotation.JacksonStreamingIntegrationTests$Person]
16:11:26.131 [parallel-6] DEBUG o.s.h.c.j.Jackson2JsonEncoder - [2822a425-5] Encoding [Person{name='foo 0'}]
16:11:26.168 [reactor-http-nio-3] DEBUG o.s.w.r.f.c.ExchangeFunctions - [7957052a] Response 200 OK
16:11:26.169 [reactor-http-nio-3] DEBUG o.s.h.c.j.Jackson2JsonDecoder - [7957052a] Decoded [Person{name='foo 0'}]
16:11:26.231 [parallel-6] DEBUG o.s.h.c.j.Jackson2JsonEncoder - [2822a425-5] Encoding [Person{name='foo 1'}]
16:11:26.256 [reactor-http-nio-3] DEBUG o.s.h.c.j.Jackson2JsonDecoder - [7957052a] Decoded [Person{name='foo 1'}]
16:11:26.256 [reactor-http-nio-3] DEBUG o.s.w.r.f.c.ExchangeFunctions - [7957052a] Cancel signal (to close connection)
16:11:26.257 [reactor-http-nio-4] DEBUG o.s.w.s.a.HttpWebHandlerAdapter - [2822a425-5] Completed 200 OK
16:11:26.257 [Test worker] DEBUG o.s.w.t.h.s.r.b.ReactorHttpServer - Stopping ReactorHttpServer...
16:11:26.260 [Test worker] DEBUG o.s.w.t.h.s.r.b.ReactorHttpServer - Server stopped (0 millis).
16:11:26.294 [Test worker] DEBUG o.s.w.r.r.m.a.RequestMappingHandlerMapping - 1 mappings in 'requestMappingHandlerMapping'
16:11:26.401 [Test worker] DEBUG o.s.w.r.r.m.a.ControllerMethodResolver - ControllerAdvice beans: none
16:11:26.472 [Test worker] DEBUG o.s.w.s.a.HttpWebHandlerAdapter - enableLoggingRequestDetails='false': form data and headers will be masked to prevent unsafe logging of potentially sensitive data
16:11:26.473 [Test worker] DEBUG o.s.w.t.h.s.r.b.TomcatHttpServer - Starting TomcatHttpServer...
16:11:26.502 [Test worker] DEBUG o.s.w.t.h.s.r.b.TomcatHttpServer - Server started on port 54866(0 millis).
16:11:26.503 [Test worker] DEBUG o.s.w.r.f.c.ExchangeFunctions - [277e0463] HTTP GET http://localhost:54866/stream
16:11:26.513 [http-nio-auto-5-exec-1] DEBUG o.s.w.s.a.HttpWebHandlerAdapter - [235e8ade] HTTP GET "/stream"
16:11:26.514 [http-nio-auto-5-exec-1] DEBUG o.s.w.r.r.m.a.RequestMappingHandlerMapping - [235e8ade] Mapped to org.springframework.web.reactive.result.method.annotation.JacksonStreamingIntegrationTests$JacksonStreamingController#person()
16:11:26.515 [http-nio-auto-5-exec-1] DEBUG o.s.w.r.r.m.a.ResponseBodyResultHandler - Using 'application/stream+json' given [application/stream+json] and supported [application/stream+json]
16:11:26.515 [http-nio-auto-5-exec-1] DEBUG o.s.w.r.r.m.a.ResponseBodyResultHandler - [235e8ade] 0..N [org.springframework.web.reactive.result.method.annotation.JacksonStreamingIntegrationTests$Person]
16:11:26.617 [parallel-7] DEBUG o.s.h.c.j.Jackson2JsonEncoder - [235e8ade] Encoding [Person{name='foo 0'}]
16:11:26.620 [reactor-http-nio-5] DEBUG o.s.w.r.f.c.ExchangeFunctions - [277e0463] Response 200 OK
16:11:26.621 [reactor-http-nio-5] DEBUG o.s.h.c.j.Jackson2JsonDecoder - [277e0463] Decoded [Person{name='foo 0'}]
16:11:26.717 [parallel-7] DEBUG o.s.h.c.j.Jackson2JsonEncoder - [235e8ade] Encoding [Person{name='foo 1'}]
16:11:26.718 [reactor-http-nio-5] DEBUG o.s.h.c.j.Jackson2JsonDecoder - [277e0463] Decoded [Person{name='foo 1'}]
16:11:26.718 [reactor-http-nio-5] DEBUG o.s.w.r.f.c.ExchangeFunctions - [277e0463] Cancel signal (to close connection)
16:11:26.725 [Test worker] DEBUG o.s.w.t.h.s.r.b.TomcatHttpServer - Stopping TomcatHttpServer...
16:11:26.818 [parallel-7] DEBUG o.s.h.c.j.Jackson2JsonEncoder - [235e8ade] Encoding [Person{name='foo 2'}]
16:11:26.920 [parallel-7] DEBUG o.s.h.c.j.Jackson2JsonEncoder - [235e8ade] Encoding [Person{name='foo 3'}]
16:11:26.923 [http-nio-auto-5-exec-2] DEBUG o.s.w.s.DisconnectedClient - [235e8ade] Client went away: java.io.IOException: Broken pipe (stacktrace at TRACE level for 'org.springframework.web.server.DisconnectedClient')
16:11:26.924 [http-nio-auto-5-exec-2] DEBUG o.s.h.s.r.ServletHttpHandlerAdapter - [235e8ade] Error notification: java.io.IOException: Broken pipe
16:11:26.943 [Test worker] DEBUG o.s.w.t.h.s.r.b.TomcatHttpServer - Server stopped (0 millis).
16:11:26.974 [Test worker] DEBUG o.s.w.r.r.m.a.RequestMappingHandlerMapping - 1 mappings in 'requestMappingHandlerMapping'
16:11:27.007 [Test worker] DEBUG o.s.w.r.r.m.a.ControllerMethodResolver - ControllerAdvice beans: none
16:11:27.044 [Test worker] DEBUG o.s.w.s.a.HttpWebHandlerAdapter - enableLoggingRequestDetails='false': form data and headers will be masked to prevent unsafe logging of potentially sensitive data
16:11:27.044 [Test worker] DEBUG o.s.w.t.h.s.r.b.UndertowHttpServer - Starting UndertowHttpServer...
16:11:27.045 [Test worker] INFO  i.undertow - starting server: Undertow - 2.0.32.Final
16:11:27.070 [Test worker] DEBUG o.s.w.t.h.s.r.b.UndertowHttpServer - Server started on port 54873(0 millis).
16:11:27.072 [Test worker] DEBUG o.s.w.r.f.c.ExchangeFunctions - [346a8b5] HTTP GET http://localhost:54873/stream
16:11:27.078 [XNIO-5 I/O-6] DEBUG o.s.w.s.a.HttpWebHandlerAdapter - [da9db16] HTTP GET "/stream"
16:11:27.079 [XNIO-5 I/O-6] DEBUG o.s.w.r.r.m.a.RequestMappingHandlerMapping - [da9db16] Mapped to org.springframework.web.reactive.result.method.annotation.JacksonStreamingIntegrationTests$JacksonStreamingController#person()
16:11:27.080 [XNIO-5 I/O-6] DEBUG o.s.w.r.r.m.a.ResponseBodyResultHandler - Using 'application/stream+json' given [application/stream+json] and supported [application/stream+json]
16:11:27.080 [XNIO-5 I/O-6] DEBUG o.s.w.r.r.m.a.ResponseBodyResultHandler - [da9db16] 0..N [org.springframework.web.reactive.result.method.annotation.JacksonStreamingIntegrationTests$Person]
16:11:27.182 [parallel-8] DEBUG o.s.h.c.j.Jackson2JsonEncoder - [da9db16] Encoding [Person{name='foo 0'}]
16:11:27.185 [reactor-http-nio-6] DEBUG o.s.w.r.f.c.ExchangeFunctions - [346a8b5] Response 200 OK
16:11:27.186 [reactor-http-nio-6] DEBUG o.s.h.c.j.Jackson2JsonDecoder - [346a8b5] Decoded [Person{name='foo 0'}]
16:11:27.283 [parallel-8] DEBUG o.s.h.c.j.Jackson2JsonEncoder - [da9db16] Encoding [Person{name='foo 1'}]
16:11:27.285 [reactor-http-nio-6] DEBUG o.s.h.c.j.Jackson2JsonDecoder - [346a8b5] Decoded [Person{name='foo 1'}]
16:11:27.285 [reactor-http-nio-6] DEBUG o.s.w.r.f.c.ExchangeFunctions - [346a8b5] Cancel signal (to close connection)
16:11:27.291 [Test worker] DEBUG o.s.w.t.h.s.r.b.UndertowHttpServer - Stopping UndertowHttpServer...
16:11:27.291 [Test worker] INFO  i.undertow - stopping server: Undertow - 2.0.32.Final
16:11:27.299 [Test worker] DEBUG o.s.w.t.h.s.r.b.UndertowHttpServer - Server stopped (0 millis).
]]></system-out>
  <system-err><![CDATA[]]></system-err>
</testsuite>
