<?xml version="1.0" encoding="UTF-8"?>
<testsuite name="org.springframework.web.reactive.result.method.annotation.SessionAttributesHandlerTests" tests="4" skipped="0" failures="0" errors="0" timestamp="2021-06-20T08:11:33" hostname="gankangdembp" time="0.071">
  <properties/>
  <testcase name="storeAttributes()" classname="org.springframework.web.reactive.result.method.annotation.SessionAttributesHandlerTests" time="0.065"/>
  <testcase name="cleanupAttributes()" classname="org.springframework.web.reactive.result.method.annotation.SessionAttributesHandlerTests" time="0.001"/>
  <testcase name="retrieveAttributes()" classname="org.springframework.web.reactive.result.method.annotation.SessionAttributesHandlerTests" time="0.002"/>
  <testcase name="isSessionAttribute()" classname="org.springframework.web.reactive.result.method.annotation.SessionAttributesHandlerTests" time="0.0"/>
  <system-out><![CDATA[]]></system-out>
  <system-err><![CDATA[]]></system-err>
</testsuite>
