<?xml version="1.0" encoding="UTF-8"?>
<testsuite name="org.springframework.web.reactive.result.view.LocaleContextResolverIntegrationTests" tests="4" skipped="0" failures="0" errors="0" timestamp="2020-05-29T14:00:52" hostname="bamboo-18" time="0.934">
  <properties/>
  <testcase name="fixedLocale(HttpServer)[1]" classname="org.springframework.web.reactive.result.view.LocaleContextResolverIntegrationTests" time="0.275"/>
  <testcase name="fixedLocale(HttpServer)[2]" classname="org.springframework.web.reactive.result.view.LocaleContextResolverIntegrationTests" time="0.15"/>
  <testcase name="fixedLocale(HttpServer)[3]" classname="org.springframework.web.reactive.result.view.LocaleContextResolverIntegrationTests" time="0.307"/>
  <testcase name="fixedLocale(HttpServer)[4]" classname="org.springframework.web.reactive.result.view.LocaleContextResolverIntegrationTests" time="0.157"/>
  <system-out><![CDATA[14:00:52.747 [Test worker] DEBUG o.s.w.r.r.m.a.RequestMappingHandlerMapping - 1 mappings in 'requestMappingHandlerMapping'
14:00:52.774 [Test worker] DEBUG o.s.w.r.r.m.a.ControllerMethodResolver - ControllerAdvice beans: none
14:00:52.798 [Test worker] DEBUG o.s.w.s.a.HttpWebHandlerAdapter - enableLoggingRequestDetails='false': form data and headers will be masked to prevent unsafe logging of potentially sensitive data
14:00:52.798 [Test worker] WARN  o.e.j.s.h.ContextHandler - Empty contextPath
14:00:52.798 [Test worker] INFO  o.e.j.s.h.ContextHandler - Started o.e.j.s.ServletContextHandler@3d5f2905{/,null,AVAILABLE}
14:00:52.798 [Test worker] DEBUG o.s.w.t.h.s.r.b.JettyHttpServer - Starting JettyHttpServer...
14:00:52.798 [Test worker] INFO  o.e.j.s.Server - jetty-9.4.29.v20200521; built: 2020-05-21T17:20:40.598Z; git: 77c232aed8a45c818fd27232278d9f95a021095e; jvm 1.8.0_232-b09
14:00:52.872 [Test worker] INFO  o.e.j.s.AbstractConnector - Started ServerConnector@8b652ec{HTTP/1.1, (http/1.1)}{0.0.0.0:44391}
14:00:52.872 [Test worker] INFO  o.e.j.s.Server - Started @28085ms
14:00:52.872 [Test worker] DEBUG o.s.w.t.h.s.r.b.JettyHttpServer - Server started on port 44391(0 millis).
14:00:52.873 [Test worker] DEBUG o.s.w.r.f.c.ExchangeFunctions - [8baa2ee] HTTP GET http://localhost:44391/
14:00:52.897 [qtp2113902408-521] DEBUG o.s.w.s.a.HttpWebHandlerAdapter - [6762dc01] HTTP GET "/"
14:00:52.897 [qtp2113902408-521] DEBUG o.s.w.r.r.m.a.RequestMappingHandlerMapping - [6762dc01] Mapped to org.springframework.web.reactive.result.view.LocaleContextResolverIntegrationTests$TestController#foo()
14:00:52.901 [qtp2113902408-521] DEBUG o.s.w.r.r.v.ViewResolutionResultHandler - Using 'text/html' given [*/*] and supported [text/html]
14:00:52.901 [qtp2113902408-521] DEBUG o.s.w.s.a.HttpWebHandlerAdapter - [6762dc01] Completed 200 OK
14:00:52.902 [reactor-http-epoll-3] DEBUG o.s.w.r.f.c.ExchangeFunctions - [8baa2ee] Response 200 OK
14:00:52.903 [Test worker] DEBUG o.s.w.t.h.s.r.b.JettyHttpServer - Stopping JettyHttpServer...
14:00:52.910 [Test worker] INFO  o.e.j.s.h.ContextHandler - Stopped o.e.j.s.ServletContextHandler@3d5f2905{/,null,UNAVAILABLE}
14:00:52.911 [Test worker] INFO  o.e.j.s.AbstractConnector - Stopped ServerConnector@8b652ec{HTTP/1.1, (http/1.1)}{0.0.0.0:0}
14:00:52.912 [Test worker] DEBUG o.s.w.t.h.s.r.b.JettyHttpServer - Server stopped (0 millis).
14:00:53.010 [Test worker] DEBUG o.s.w.r.r.m.a.RequestMappingHandlerMapping - 1 mappings in 'requestMappingHandlerMapping'
14:00:53.042 [Test worker] DEBUG o.s.w.r.r.m.a.ControllerMethodResolver - ControllerAdvice beans: none
14:00:53.065 [Test worker] DEBUG o.s.w.s.a.HttpWebHandlerAdapter - enableLoggingRequestDetails='false': form data and headers will be masked to prevent unsafe logging of potentially sensitive data
14:00:53.077 [Test worker] DEBUG o.s.w.t.h.s.r.b.ReactorHttpServer - Starting ReactorHttpServer...
14:00:53.089 [Test worker] DEBUG o.s.w.t.h.s.r.b.ReactorHttpServer - Server started on port 45095(0 millis).
14:00:53.090 [Test worker] DEBUG o.s.w.r.f.c.ExchangeFunctions - [176ccbd4] HTTP GET http://localhost:45095/
14:00:53.092 [reactor-http-epoll-2] DEBUG o.s.w.s.a.HttpWebHandlerAdapter - [df8af17d-18] HTTP GET "/"
14:00:53.092 [reactor-http-epoll-2] DEBUG o.s.w.r.r.m.a.RequestMappingHandlerMapping - [df8af17d-18] Mapped to org.springframework.web.reactive.result.view.LocaleContextResolverIntegrationTests$TestController#foo()
14:00:53.093 [reactor-http-epoll-2] DEBUG o.s.w.r.r.v.ViewResolutionResultHandler - Using 'text/html' given [*/*] and supported [text/html]
14:00:53.093 [reactor-http-epoll-2] DEBUG o.s.w.s.a.HttpWebHandlerAdapter - [df8af17d-18] Completed 200 OK
14:00:53.094 [reactor-http-epoll-1] DEBUG o.s.w.r.f.c.ExchangeFunctions - [176ccbd4] Response 200 OK
14:00:53.094 [Test worker] DEBUG o.s.w.t.h.s.r.b.ReactorHttpServer - Stopping ReactorHttpServer...
14:00:53.094 [Test worker] DEBUG o.s.w.t.h.s.r.b.ReactorHttpServer - Server stopped (0 millis).
14:00:53.133 [Test worker] DEBUG o.s.w.r.r.m.a.RequestMappingHandlerMapping - 1 mappings in 'requestMappingHandlerMapping'
14:00:53.151 [Test worker] DEBUG o.s.w.r.r.m.a.ControllerMethodResolver - ControllerAdvice beans: none
14:00:53.169 [Test worker] DEBUG o.s.w.s.a.HttpWebHandlerAdapter - enableLoggingRequestDetails='false': form data and headers will be masked to prevent unsafe logging of potentially sensitive data
14:00:53.169 [Test worker] DEBUG o.s.w.t.h.s.r.b.TomcatHttpServer - Starting TomcatHttpServer...
14:00:53.353 [Test worker] DEBUG o.s.w.t.h.s.r.b.TomcatHttpServer - Server started on port 40717(0 millis).
14:00:53.354 [Test worker] DEBUG o.s.w.r.f.c.ExchangeFunctions - [e98036e] HTTP GET http://localhost:40717/
14:00:53.373 [http-nio-auto-18-exec-1] DEBUG o.s.w.s.a.HttpWebHandlerAdapter - [3577a042] HTTP GET "/"
14:00:53.373 [http-nio-auto-18-exec-1] DEBUG o.s.w.r.r.m.a.RequestMappingHandlerMapping - [3577a042] Mapped to org.springframework.web.reactive.result.view.LocaleContextResolverIntegrationTests$TestController#foo()
14:00:53.374 [http-nio-auto-18-exec-1] DEBUG o.s.w.r.r.v.ViewResolutionResultHandler - Using 'text/html' given [*/*] and supported [text/html]
14:00:53.374 [http-nio-auto-18-exec-1] DEBUG o.s.w.s.a.HttpWebHandlerAdapter - [3577a042] Completed 200 OK
14:00:53.377 [reactor-http-epoll-3] DEBUG o.s.w.r.f.c.ExchangeFunctions - [e98036e] Response 200 OK
14:00:53.378 [Test worker] DEBUG o.s.w.t.h.s.r.b.TomcatHttpServer - Stopping TomcatHttpServer...
14:00:53.407 [Test worker] DEBUG o.s.w.t.h.s.r.b.TomcatHttpServer - Server stopped (0 millis).
14:00:53.437 [Test worker] DEBUG o.s.w.r.r.m.a.RequestMappingHandlerMapping - 1 mappings in 'requestMappingHandlerMapping'
14:00:53.467 [Test worker] DEBUG o.s.w.r.r.m.a.ControllerMethodResolver - ControllerAdvice beans: none
14:00:53.488 [Test worker] DEBUG o.s.w.s.a.HttpWebHandlerAdapter - enableLoggingRequestDetails='false': form data and headers will be masked to prevent unsafe logging of potentially sensitive data
14:00:53.488 [Test worker] DEBUG o.s.w.t.h.s.r.b.UndertowHttpServer - Starting UndertowHttpServer...
14:00:53.488 [Test worker] INFO  i.undertow - starting server: Undertow - 2.0.30.Final
14:00:53.550 [Test worker] DEBUG o.s.w.t.h.s.r.b.UndertowHttpServer - Server started on port 33781(0 millis).
14:00:53.550 [Test worker] DEBUG o.s.w.r.f.c.ExchangeFunctions - [1fbaf7c7] HTTP GET http://localhost:33781/
14:00:53.567 [XNIO-18 I/O-2] DEBUG o.s.w.s.a.HttpWebHandlerAdapter - [1ddf205e] HTTP GET "/"
14:00:53.568 [XNIO-18 I/O-2] DEBUG o.s.w.r.r.m.a.RequestMappingHandlerMapping - [1ddf205e] Mapped to org.springframework.web.reactive.result.view.LocaleContextResolverIntegrationTests$TestController#foo()
14:00:53.568 [XNIO-18 I/O-2] DEBUG o.s.w.r.r.v.ViewResolutionResultHandler - Using 'text/html' given [*/*] and supported [text/html]
14:00:53.568 [XNIO-18 I/O-2] DEBUG o.s.w.s.a.HttpWebHandlerAdapter - [1ddf205e] Completed 200 OK
14:00:53.569 [reactor-http-epoll-4] DEBUG o.s.w.r.f.c.ExchangeFunctions - [1fbaf7c7] Response 200 OK
14:00:53.569 [Test worker] DEBUG o.s.w.t.h.s.r.b.UndertowHttpServer - Stopping UndertowHttpServer...
14:00:53.569 [Test worker] INFO  i.undertow - stopping server: Undertow - 2.0.30.Final
14:00:53.571 [Test worker] DEBUG o.s.w.t.h.s.r.b.UndertowHttpServer - Server stopped (0 millis).
]]></system-out>
  <system-err><![CDATA[]]></system-err>
</testsuite>
