<?xml version="1.0" encoding="UTF-8"?>
<testsuite name="org.springframework.web.reactive.result.method.annotation.ServerWebExchangeMethodArgumentResolverTests" tests="3" skipped="0" failures="0" errors="0" timestamp="2020-05-29T14:01:04" hostname="bamboo-18" time="0.019">
  <properties/>
  <testcase name="resolveUriComponentsBuilder()" classname="org.springframework.web.reactive.result.method.annotation.ServerWebExchangeMethodArgumentResolverTests" time="0.001"/>
  <testcase name="resolveArgument()" classname="org.springframework.web.reactive.result.method.annotation.ServerWebExchangeMethodArgumentResolverTests" time="0.007"/>
  <testcase name="supportsParameter()" classname="org.springframework.web.reactive.result.method.annotation.ServerWebExchangeMethodArgumentResolverTests" time="0.011"/>
  <system-out><![CDATA[]]></system-out>
  <system-err><![CDATA[]]></system-err>
</testsuite>
