<?xml version="1.0" encoding="UTF-8"?>
<testsuite name="org.springframework.web.reactive.result.method.annotation.ResponseBodyResultHandlerTests" tests="3" skipped="0" failures="0" errors="0" timestamp="2021-06-20T08:11:27" hostname="gankangdembp" time="0.035">
  <properties/>
  <testcase name="supports()" classname="org.springframework.web.reactive.result.method.annotation.ResponseBodyResultHandlerTests" time="0.007"/>
  <testcase name="defaultOrder()" classname="org.springframework.web.reactive.result.method.annotation.ResponseBodyResultHandlerTests" time="0.009"/>
  <testcase name="supportsRestController()" classname="org.springframework.web.reactive.result.method.annotation.ResponseBodyResultHandlerTests" time="0.017"/>
  <system-out><![CDATA[]]></system-out>
  <system-err><![CDATA[]]></system-err>
</testsuite>
