<?xml version="1.0" encoding="UTF-8"?>
<testsuite name="org.springframework.web.reactive.result.method.annotation.ModelAttributeMethodArgumentResolverTests" tests="19" skipped="0" failures="0" errors="0" timestamp="2021-06-20T08:12:14" hostname="gankangdembp" time="2.651">
  <properties/>
  <testcase name="bindExistingMonoToMono()" classname="org.springframework.web.reactive.result.method.annotation.ModelAttributeMethodArgumentResolverTests" time="0.128"/>
  <testcase name="validationErrorWithoutBindingForMono()" classname="org.springframework.web.reactive.result.method.annotation.ModelAttributeMethodArgumentResolverTests" time="0.72"/>
  <testcase name="validationErrorWithoutBindingForPojo()" classname="org.springframework.web.reactive.result.method.annotation.ModelAttributeMethodArgumentResolverTests" time="0.087"/>
  <testcase name="supports()" classname="org.springframework.web.reactive.result.method.annotation.ModelAttributeMethodArgumentResolverTests" time="0.185"/>
  <testcase name="bindExistingMono()" classname="org.springframework.web.reactive.result.method.annotation.ModelAttributeMethodArgumentResolverTests" time="0.08"/>
  <testcase name="validationErrorForMono()" classname="org.springframework.web.reactive.result.method.annotation.ModelAttributeMethodArgumentResolverTests" time="0.058"/>
  <testcase name="validationErrorForPojo()" classname="org.springframework.web.reactive.result.method.annotation.ModelAttributeMethodArgumentResolverTests" time="0.103"/>
  <testcase name="validationErrorForSingle()" classname="org.springframework.web.reactive.result.method.annotation.ModelAttributeMethodArgumentResolverTests" time="0.121"/>
  <testcase name="createAndBindToSingle()" classname="org.springframework.web.reactive.result.method.annotation.ModelAttributeMethodArgumentResolverTests" time="0.205"/>
  <testcase name="createAndBindToMono()" classname="org.springframework.web.reactive.result.method.annotation.ModelAttributeMethodArgumentResolverTests" time="0.064"/>
  <testcase name="createButDoNotBindToSingle()" classname="org.springframework.web.reactive.result.method.annotation.ModelAttributeMethodArgumentResolverTests" time="0.046"/>
  <testcase name="supportsWithDefaultResolution()" classname="org.springframework.web.reactive.result.method.annotation.ModelAttributeMethodArgumentResolverTests" time="0.06"/>
  <testcase name="bindExistingSingle()" classname="org.springframework.web.reactive.result.method.annotation.ModelAttributeMethodArgumentResolverTests" time="0.154"/>
  <testcase name="createButDoNotBindToMono()" classname="org.springframework.web.reactive.result.method.annotation.ModelAttributeMethodArgumentResolverTests" time="0.063"/>
  <testcase name="bindDataClass()" classname="org.springframework.web.reactive.result.method.annotation.ModelAttributeMethodArgumentResolverTests" time="0.187"/>
  <testcase name="createAndBind()" classname="org.springframework.web.reactive.result.method.annotation.ModelAttributeMethodArgumentResolverTests" time="0.041"/>
  <testcase name="validationErrorWithoutBindingForSingle()" classname="org.springframework.web.reactive.result.method.annotation.ModelAttributeMethodArgumentResolverTests" time="0.181"/>
  <testcase name="bindExisting()" classname="org.springframework.web.reactive.result.method.annotation.ModelAttributeMethodArgumentResolverTests" time="0.086"/>
  <testcase name="createButDoNotBind()" classname="org.springframework.web.reactive.result.method.annotation.ModelAttributeMethodArgumentResolverTests" time="0.065"/>
  <system-out><![CDATA[16:12:14.446 [Test worker] DEBUG o.s.h.c.FormHttpMessageReader - [16686ad9] Read form fields [name, age] (content masked)
16:12:15.546 [Test worker] DEBUG o.s.h.c.FormHttpMessageReader - [74da02d3] Read form fields [name, age] (content masked)
16:12:15.602 [Test worker] DEBUG o.s.h.c.FormHttpMessageReader - [2f695fb1] Read form fields [age] (content masked)
16:12:15.708 [Test worker] DEBUG o.s.h.c.FormHttpMessageReader - [3d936049] Read form fields [age] (content masked)
16:12:15.808 [Test worker] DEBUG o.s.h.c.FormHttpMessageReader - [38fc3e6b] Read form fields [age] (content masked)
16:12:15.991 [Test worker] DEBUG o.s.h.c.FormHttpMessageReader - [354ef4c0] Read form fields [name, age] (content masked)
16:12:16.099 [Test worker] DEBUG o.s.h.c.FormHttpMessageReader - [409c4917] Read form fields [name, age] (content masked)
16:12:16.364 [Test worker] DEBUG o.s.h.c.FormHttpMessageReader - [267f1605] Read form fields [name, age] (content masked)
16:12:16.580 [Test worker] DEBUG o.s.h.c.FormHttpMessageReader - [42f13cdb] Read form fields [name, age, count] (content masked)
16:12:16.658 [Test worker] DEBUG o.s.h.c.FormHttpMessageReader - [68e45189] Read form fields [name, age] (content masked)
16:12:16.929 [Test worker] DEBUG o.s.h.c.FormHttpMessageReader - [61d28d77] Read form fields [name, age] (content masked)
]]></system-out>
  <system-err><![CDATA[]]></system-err>
</testsuite>
