<?xml version="1.0" encoding="UTF-8"?>
<testsuite name="org.springframework.web.reactive.result.view.script.JythonScriptTemplateTests" tests="1" skipped="0" failures="0" errors="0" timestamp="2021-06-20T08:10:50" hostname="gankangdembp" time="13.36">
  <properties/>
  <testcase name="renderTemplate()" classname="org.springframework.web.reactive.result.view.script.JythonScriptTemplateTests" time="13.36"/>
  <system-out><![CDATA[]]></system-out>
  <system-err><![CDATA[]]></system-err>
</testsuite>
