<?xml version="1.0" encoding="UTF-8"?>
<testsuite name="org.springframework.web.reactive.result.condition.ProducesRequestConditionTests" tests="22" skipped="0" failures="0" errors="0" timestamp="2021-06-20T08:10:48" hostname="gankangdembp" time="0.296">
  <properties/>
  <testcase name="combineWithDefault()" classname="org.springframework.web.reactive.result.condition.ProducesRequestConditionTests" time="0.012"/>
  <testcase name="instantiateWithProducesAndHeaderConditions()" classname="org.springframework.web.reactive.result.condition.ProducesRequestConditionTests" time="0.029"/>
  <testcase name="matchWithNegationAndMediaTypeAllWithQualityParameter()" classname="org.springframework.web.reactive.result.condition.ProducesRequestConditionTests" time="0.026"/>
  <testcase name="matchParseError()" classname="org.springframework.web.reactive.result.condition.ProducesRequestConditionTests" time="0.003"/>
  <testcase name="compareTo()" classname="org.springframework.web.reactive.result.condition.ProducesRequestConditionTests" time="0.027"/>
  <testcase name="matchParseErrorWithNegation()" classname="org.springframework.web.reactive.result.condition.ProducesRequestConditionTests" time="0.008"/>
  <testcase name="compareToMediaTypeAll()" classname="org.springframework.web.reactive.result.condition.ProducesRequestConditionTests" time="0.012"/>
  <testcase name="matchNegated()" classname="org.springframework.web.reactive.result.condition.ProducesRequestConditionTests" time="0.019"/>
  <testcase name="compareToWithSingleExpression()" classname="org.springframework.web.reactive.result.condition.ProducesRequestConditionTests" time="0.004"/>
  <testcase name="getMatchingCondition()" classname="org.springframework.web.reactive.result.condition.ProducesRequestConditionTests" time="0.002"/>
  <testcase name="matchMultiple()" classname="org.springframework.web.reactive.result.condition.ProducesRequestConditionTests" time="0.001"/>
  <testcase name="match()" classname="org.springframework.web.reactive.result.condition.ProducesRequestConditionTests" time="0.001"/>
  <testcase name="getProducibleMediaTypes()" classname="org.springframework.web.reactive.result.condition.ProducesRequestConditionTests" time="0.078"/>
  <testcase name="compareToMediaTypeAllWithParameter()" classname="org.springframework.web.reactive.result.condition.ProducesRequestConditionTests" time="0.002"/>
  <testcase name="compareToEqualMatch()" classname="org.springframework.web.reactive.result.condition.ProducesRequestConditionTests" time="0.002"/>
  <testcase name="combine()" classname="org.springframework.web.reactive.result.condition.ProducesRequestConditionTests" time="0.006"/>
  <testcase name="matchAndCompare()" classname="org.springframework.web.reactive.result.condition.ProducesRequestConditionTests" time="0.005"/>
  <testcase name="matchSingle()" classname="org.springframework.web.reactive.result.condition.ProducesRequestConditionTests" time="0.001"/>
  <testcase name="matchWildcard()" classname="org.springframework.web.reactive.result.condition.ProducesRequestConditionTests" time="0.001"/>
  <testcase name="compareToMultipleExpressions()" classname="org.springframework.web.reactive.result.condition.ProducesRequestConditionTests" time="0.021"/>
  <testcase name="matchWithParameters()" classname="org.springframework.web.reactive.result.condition.ProducesRequestConditionTests" time="0.019"/>
  <testcase name="compareToMultipleExpressionsAndMultipleAcceptHeaderValues()" classname="org.springframework.web.reactive.result.condition.ProducesRequestConditionTests" time="0.002"/>
  <system-out><![CDATA[]]></system-out>
  <system-err><![CDATA[]]></system-err>
</testsuite>
