<?xml version="1.0" encoding="UTF-8"?>
<testsuite name="org.springframework.web.reactive.result.method.annotation.RequestMappingMessageConversionIntegrationTests" tests="180" skipped="0" failures="0" errors="0" timestamp="2021-06-20T08:11:34" hostname="gankangdembp" time="72.927">
  <properties/>
  <testcase name="personResponseBodyWithMonoDeclaredAsObject(HttpServer)[1]" classname="org.springframework.web.reactive.result.method.annotation.RequestMappingMessageConversionIntegrationTests" time="0.543"/>
  <testcase name="personResponseBodyWithMonoDeclaredAsObject(HttpServer)[2]" classname="org.springframework.web.reactive.result.method.annotation.RequestMappingMessageConversionIntegrationTests" time="0.388"/>
  <testcase name="personResponseBodyWithMonoDeclaredAsObject(HttpServer)[3]" classname="org.springframework.web.reactive.result.method.annotation.RequestMappingMessageConversionIntegrationTests" time="0.443"/>
  <testcase name="personResponseBodyWithMonoDeclaredAsObject(HttpServer)[4]" classname="org.springframework.web.reactive.result.method.annotation.RequestMappingMessageConversionIntegrationTests" time="0.487"/>
  <testcase name="byteBufferResponseBodyWithPublisher(HttpServer)[1]" classname="org.springframework.web.reactive.result.method.annotation.RequestMappingMessageConversionIntegrationTests" time="0.421"/>
  <testcase name="byteBufferResponseBodyWithPublisher(HttpServer)[2]" classname="org.springframework.web.reactive.result.method.annotation.RequestMappingMessageConversionIntegrationTests" time="0.386"/>
  <testcase name="byteBufferResponseBodyWithPublisher(HttpServer)[3]" classname="org.springframework.web.reactive.result.method.annotation.RequestMappingMessageConversionIntegrationTests" time="0.458"/>
  <testcase name="byteBufferResponseBodyWithPublisher(HttpServer)[4]" classname="org.springframework.web.reactive.result.method.annotation.RequestMappingMessageConversionIntegrationTests" time="0.423"/>
  <testcase name="personResponseBodyWithCompletableFuture(HttpServer)[1]" classname="org.springframework.web.reactive.result.method.annotation.RequestMappingMessageConversionIntegrationTests" time="0.358"/>
  <testcase name="personResponseBodyWithCompletableFuture(HttpServer)[2]" classname="org.springframework.web.reactive.result.method.annotation.RequestMappingMessageConversionIntegrationTests" time="0.394"/>
  <testcase name="personResponseBodyWithCompletableFuture(HttpServer)[3]" classname="org.springframework.web.reactive.result.method.annotation.RequestMappingMessageConversionIntegrationTests" time="0.474"/>
  <testcase name="personResponseBodyWithCompletableFuture(HttpServer)[4]" classname="org.springframework.web.reactive.result.method.annotation.RequestMappingMessageConversionIntegrationTests" time="0.428"/>
  <testcase name="personTransformWithRxJava2Observable(HttpServer)[1]" classname="org.springframework.web.reactive.result.method.annotation.RequestMappingMessageConversionIntegrationTests" time="0.461"/>
  <testcase name="personTransformWithRxJava2Observable(HttpServer)[2]" classname="org.springframework.web.reactive.result.method.annotation.RequestMappingMessageConversionIntegrationTests" time="0.398"/>
  <testcase name="personTransformWithRxJava2Observable(HttpServer)[3]" classname="org.springframework.web.reactive.result.method.annotation.RequestMappingMessageConversionIntegrationTests" time="0.435"/>
  <testcase name="personTransformWithRxJava2Observable(HttpServer)[4]" classname="org.springframework.web.reactive.result.method.annotation.RequestMappingMessageConversionIntegrationTests" time="0.433"/>
  <testcase name="personCreateWithObservableXml(HttpServer)[1]" classname="org.springframework.web.reactive.result.method.annotation.RequestMappingMessageConversionIntegrationTests" time="1.589"/>
  <testcase name="personCreateWithObservableXml(HttpServer)[2]" classname="org.springframework.web.reactive.result.method.annotation.RequestMappingMessageConversionIntegrationTests" time="0.44"/>
  <testcase name="personCreateWithObservableXml(HttpServer)[3]" classname="org.springframework.web.reactive.result.method.annotation.RequestMappingMessageConversionIntegrationTests" time="0.452"/>
  <testcase name="personCreateWithObservableXml(HttpServer)[4]" classname="org.springframework.web.reactive.result.method.annotation.RequestMappingMessageConversionIntegrationTests" time="0.648"/>
  <testcase name="personResponseBodyWithPublisher(HttpServer)[1]" classname="org.springframework.web.reactive.result.method.annotation.RequestMappingMessageConversionIntegrationTests" time="0.47"/>
  <testcase name="personResponseBodyWithPublisher(HttpServer)[2]" classname="org.springframework.web.reactive.result.method.annotation.RequestMappingMessageConversionIntegrationTests" time="0.39"/>
  <testcase name="personResponseBodyWithPublisher(HttpServer)[3]" classname="org.springframework.web.reactive.result.method.annotation.RequestMappingMessageConversionIntegrationTests" time="0.435"/>
  <testcase name="personResponseBodyWithPublisher(HttpServer)[4]" classname="org.springframework.web.reactive.result.method.annotation.RequestMappingMessageConversionIntegrationTests" time="0.338"/>
  <testcase name="personCreateWithPublisherXml(HttpServer)[1]" classname="org.springframework.web.reactive.result.method.annotation.RequestMappingMessageConversionIntegrationTests" time="0.433"/>
  <testcase name="personCreateWithPublisherXml(HttpServer)[2]" classname="org.springframework.web.reactive.result.method.annotation.RequestMappingMessageConversionIntegrationTests" time="0.3"/>
  <testcase name="personCreateWithPublisherXml(HttpServer)[3]" classname="org.springframework.web.reactive.result.method.annotation.RequestMappingMessageConversionIntegrationTests" time="0.385"/>
  <testcase name="personCreateWithPublisherXml(HttpServer)[4]" classname="org.springframework.web.reactive.result.method.annotation.RequestMappingMessageConversionIntegrationTests" time="0.446"/>
  <testcase name="personTransformWithCompletableFuture(HttpServer)[1]" classname="org.springframework.web.reactive.result.method.annotation.RequestMappingMessageConversionIntegrationTests" time="0.402"/>
  <testcase name="personTransformWithCompletableFuture(HttpServer)[2]" classname="org.springframework.web.reactive.result.method.annotation.RequestMappingMessageConversionIntegrationTests" time="0.362"/>
  <testcase name="personTransformWithCompletableFuture(HttpServer)[3]" classname="org.springframework.web.reactive.result.method.annotation.RequestMappingMessageConversionIntegrationTests" time="0.433"/>
  <testcase name="personTransformWithCompletableFuture(HttpServer)[4]" classname="org.springframework.web.reactive.result.method.annotation.RequestMappingMessageConversionIntegrationTests" time="0.383"/>
  <testcase name="personTransformWithSingle(HttpServer)[1]" classname="org.springframework.web.reactive.result.method.annotation.RequestMappingMessageConversionIntegrationTests" time="0.366"/>
  <testcase name="personTransformWithSingle(HttpServer)[2]" classname="org.springframework.web.reactive.result.method.annotation.RequestMappingMessageConversionIntegrationTests" time="0.333"/>
  <testcase name="personTransformWithSingle(HttpServer)[3]" classname="org.springframework.web.reactive.result.method.annotation.RequestMappingMessageConversionIntegrationTests" time="0.412"/>
  <testcase name="personTransformWithSingle(HttpServer)[4]" classname="org.springframework.web.reactive.result.method.annotation.RequestMappingMessageConversionIntegrationTests" time="0.672"/>
  <testcase name="personResponseBodyWithMonoResponseEntityXml(HttpServer)[1]" classname="org.springframework.web.reactive.result.method.annotation.RequestMappingMessageConversionIntegrationTests" time="0.44"/>
  <testcase name="personResponseBodyWithMonoResponseEntityXml(HttpServer)[2]" classname="org.springframework.web.reactive.result.method.annotation.RequestMappingMessageConversionIntegrationTests" time="0.423"/>
  <testcase name="personResponseBodyWithMonoResponseEntityXml(HttpServer)[3]" classname="org.springframework.web.reactive.result.method.annotation.RequestMappingMessageConversionIntegrationTests" time="0.406"/>
  <testcase name="personResponseBodyWithMonoResponseEntityXml(HttpServer)[4]" classname="org.springframework.web.reactive.result.method.annotation.RequestMappingMessageConversionIntegrationTests" time="0.417"/>
  <testcase name="personCreateWithRxJava2ObservableJson(HttpServer)[1]" classname="org.springframework.web.reactive.result.method.annotation.RequestMappingMessageConversionIntegrationTests" time="0.381"/>
  <testcase name="personCreateWithRxJava2ObservableJson(HttpServer)[2]" classname="org.springframework.web.reactive.result.method.annotation.RequestMappingMessageConversionIntegrationTests" time="0.334"/>
  <testcase name="personCreateWithRxJava2ObservableJson(HttpServer)[3]" classname="org.springframework.web.reactive.result.method.annotation.RequestMappingMessageConversionIntegrationTests" time="0.469"/>
  <testcase name="personCreateWithRxJava2ObservableJson(HttpServer)[4]" classname="org.springframework.web.reactive.result.method.annotation.RequestMappingMessageConversionIntegrationTests" time="0.462"/>
  <testcase name="byteBufferResponseBodyWithFlux(HttpServer)[1]" classname="org.springframework.web.reactive.result.method.annotation.RequestMappingMessageConversionIntegrationTests" time="0.388"/>
  <testcase name="byteBufferResponseBodyWithFlux(HttpServer)[2]" classname="org.springframework.web.reactive.result.method.annotation.RequestMappingMessageConversionIntegrationTests" time="0.337"/>
  <testcase name="byteBufferResponseBodyWithFlux(HttpServer)[3]" classname="org.springframework.web.reactive.result.method.annotation.RequestMappingMessageConversionIntegrationTests" time="0.434"/>
  <testcase name="byteBufferResponseBodyWithFlux(HttpServer)[4]" classname="org.springframework.web.reactive.result.method.annotation.RequestMappingMessageConversionIntegrationTests" time="0.457"/>
  <testcase name="byteBufferResponseBodyWithMono(HttpServer)[1]" classname="org.springframework.web.reactive.result.method.annotation.RequestMappingMessageConversionIntegrationTests" time="0.271"/>
  <testcase name="byteBufferResponseBodyWithMono(HttpServer)[2]" classname="org.springframework.web.reactive.result.method.annotation.RequestMappingMessageConversionIntegrationTests" time="0.29"/>
  <testcase name="byteBufferResponseBodyWithMono(HttpServer)[3]" classname="org.springframework.web.reactive.result.method.annotation.RequestMappingMessageConversionIntegrationTests" time="0.38"/>
  <testcase name="byteBufferResponseBodyWithMono(HttpServer)[4]" classname="org.springframework.web.reactive.result.method.annotation.RequestMappingMessageConversionIntegrationTests" time="0.39"/>
  <testcase name="personTransformWithFlowable(HttpServer)[1]" classname="org.springframework.web.reactive.result.method.annotation.RequestMappingMessageConversionIntegrationTests" time="0.354"/>
  <testcase name="personTransformWithFlowable(HttpServer)[2]" classname="org.springframework.web.reactive.result.method.annotation.RequestMappingMessageConversionIntegrationTests" time="0.329"/>
  <testcase name="personTransformWithFlowable(HttpServer)[3]" classname="org.springframework.web.reactive.result.method.annotation.RequestMappingMessageConversionIntegrationTests" time="0.366"/>
  <testcase name="personTransformWithFlowable(HttpServer)[4]" classname="org.springframework.web.reactive.result.method.annotation.RequestMappingMessageConversionIntegrationTests" time="0.389"/>
  <testcase name="personCreateWithFluxJson(HttpServer)[1]" classname="org.springframework.web.reactive.result.method.annotation.RequestMappingMessageConversionIntegrationTests" time="0.508"/>
  <testcase name="personCreateWithFluxJson(HttpServer)[2]" classname="org.springframework.web.reactive.result.method.annotation.RequestMappingMessageConversionIntegrationTests" time="0.504"/>
  <testcase name="personCreateWithFluxJson(HttpServer)[3]" classname="org.springframework.web.reactive.result.method.annotation.RequestMappingMessageConversionIntegrationTests" time="0.411"/>
  <testcase name="personCreateWithFluxJson(HttpServer)[4]" classname="org.springframework.web.reactive.result.method.annotation.RequestMappingMessageConversionIntegrationTests" time="0.471"/>
  <testcase name="personCreateWithFlowableXml(HttpServer)[1]" classname="org.springframework.web.reactive.result.method.annotation.RequestMappingMessageConversionIntegrationTests" time="0.74"/>
  <testcase name="personCreateWithFlowableXml(HttpServer)[2]" classname="org.springframework.web.reactive.result.method.annotation.RequestMappingMessageConversionIntegrationTests" time="0.517"/>
  <testcase name="personCreateWithFlowableXml(HttpServer)[3]" classname="org.springframework.web.reactive.result.method.annotation.RequestMappingMessageConversionIntegrationTests" time="0.473"/>
  <testcase name="personCreateWithFlowableXml(HttpServer)[4]" classname="org.springframework.web.reactive.result.method.annotation.RequestMappingMessageConversionIntegrationTests" time="0.522"/>
  <testcase name="resource(HttpServer)[1]" classname="org.springframework.web.reactive.result.method.annotation.RequestMappingMessageConversionIntegrationTests" time="0.346"/>
  <testcase name="resource(HttpServer)[2]" classname="org.springframework.web.reactive.result.method.annotation.RequestMappingMessageConversionIntegrationTests" time="0.407"/>
  <testcase name="resource(HttpServer)[3]" classname="org.springframework.web.reactive.result.method.annotation.RequestMappingMessageConversionIntegrationTests" time="0.382"/>
  <testcase name="resource(HttpServer)[4]" classname="org.springframework.web.reactive.result.method.annotation.RequestMappingMessageConversionIntegrationTests" time="0.403"/>
  <testcase name="personCreateWithFluxXml(HttpServer)[1]" classname="org.springframework.web.reactive.result.method.annotation.RequestMappingMessageConversionIntegrationTests" time="0.407"/>
  <testcase name="personCreateWithFluxXml(HttpServer)[2]" classname="org.springframework.web.reactive.result.method.annotation.RequestMappingMessageConversionIntegrationTests" time="0.399"/>
  <testcase name="personCreateWithFluxXml(HttpServer)[3]" classname="org.springframework.web.reactive.result.method.annotation.RequestMappingMessageConversionIntegrationTests" time="0.37"/>
  <testcase name="personCreateWithFluxXml(HttpServer)[4]" classname="org.springframework.web.reactive.result.method.annotation.RequestMappingMessageConversionIntegrationTests" time="0.446"/>
  <testcase name="personResponseBodyWithMonoResponseEntity(HttpServer)[1]" classname="org.springframework.web.reactive.result.method.annotation.RequestMappingMessageConversionIntegrationTests" time="0.408"/>
  <testcase name="personResponseBodyWithMonoResponseEntity(HttpServer)[2]" classname="org.springframework.web.reactive.result.method.annotation.RequestMappingMessageConversionIntegrationTests" time="0.359"/>
  <testcase name="personResponseBodyWithMonoResponseEntity(HttpServer)[3]" classname="org.springframework.web.reactive.result.method.annotation.RequestMappingMessageConversionIntegrationTests" time="0.387"/>
  <testcase name="personResponseBodyWithMonoResponseEntity(HttpServer)[4]" classname="org.springframework.web.reactive.result.method.annotation.RequestMappingMessageConversionIntegrationTests" time="0.317"/>
  <testcase name="byteBufferResponseBodyWithRxJava2Observable(HttpServer)[1]" classname="org.springframework.web.reactive.result.method.annotation.RequestMappingMessageConversionIntegrationTests" time="0.494"/>
  <testcase name="byteBufferResponseBodyWithRxJava2Observable(HttpServer)[2]" classname="org.springframework.web.reactive.result.method.annotation.RequestMappingMessageConversionIntegrationTests" time="0.363"/>
  <testcase name="byteBufferResponseBodyWithRxJava2Observable(HttpServer)[3]" classname="org.springframework.web.reactive.result.method.annotation.RequestMappingMessageConversionIntegrationTests" time="0.418"/>
  <testcase name="byteBufferResponseBodyWithRxJava2Observable(HttpServer)[4]" classname="org.springframework.web.reactive.result.method.annotation.RequestMappingMessageConversionIntegrationTests" time="0.455"/>
  <testcase name="personCreateWithSingle(HttpServer)[1]" classname="org.springframework.web.reactive.result.method.annotation.RequestMappingMessageConversionIntegrationTests" time="0.374"/>
  <testcase name="personCreateWithSingle(HttpServer)[2]" classname="org.springframework.web.reactive.result.method.annotation.RequestMappingMessageConversionIntegrationTests" time="0.338"/>
  <testcase name="personCreateWithSingle(HttpServer)[3]" classname="org.springframework.web.reactive.result.method.annotation.RequestMappingMessageConversionIntegrationTests" time="0.365"/>
  <testcase name="personCreateWithSingle(HttpServer)[4]" classname="org.springframework.web.reactive.result.method.annotation.RequestMappingMessageConversionIntegrationTests" time="0.411"/>
  <testcase name="byteBufferResponseBodyWithObservable(HttpServer)[1]" classname="org.springframework.web.reactive.result.method.annotation.RequestMappingMessageConversionIntegrationTests" time="0.589"/>
  <testcase name="byteBufferResponseBodyWithObservable(HttpServer)[2]" classname="org.springframework.web.reactive.result.method.annotation.RequestMappingMessageConversionIntegrationTests" time="0.493"/>
  <testcase name="byteBufferResponseBodyWithObservable(HttpServer)[3]" classname="org.springframework.web.reactive.result.method.annotation.RequestMappingMessageConversionIntegrationTests" time="0.547"/>
  <testcase name="byteBufferResponseBodyWithObservable(HttpServer)[4]" classname="org.springframework.web.reactive.result.method.annotation.RequestMappingMessageConversionIntegrationTests" time="0.436"/>
  <testcase name="personResponseBodyWithFlux(HttpServer)[1]" classname="org.springframework.web.reactive.result.method.annotation.RequestMappingMessageConversionIntegrationTests" time="0.431"/>
  <testcase name="personResponseBodyWithFlux(HttpServer)[2]" classname="org.springframework.web.reactive.result.method.annotation.RequestMappingMessageConversionIntegrationTests" time="0.341"/>
  <testcase name="personResponseBodyWithFlux(HttpServer)[3]" classname="org.springframework.web.reactive.result.method.annotation.RequestMappingMessageConversionIntegrationTests" time="0.322"/>
  <testcase name="personResponseBodyWithFlux(HttpServer)[4]" classname="org.springframework.web.reactive.result.method.annotation.RequestMappingMessageConversionIntegrationTests" time="0.327"/>
  <testcase name="personResponseBodyWithList(HttpServer)[1]" classname="org.springframework.web.reactive.result.method.annotation.RequestMappingMessageConversionIntegrationTests" time="0.35"/>
  <testcase name="personResponseBodyWithList(HttpServer)[2]" classname="org.springframework.web.reactive.result.method.annotation.RequestMappingMessageConversionIntegrationTests" time="0.263"/>
  <testcase name="personResponseBodyWithList(HttpServer)[3]" classname="org.springframework.web.reactive.result.method.annotation.RequestMappingMessageConversionIntegrationTests" time="0.354"/>
  <testcase name="personResponseBodyWithList(HttpServer)[4]" classname="org.springframework.web.reactive.result.method.annotation.RequestMappingMessageConversionIntegrationTests" time="0.329"/>
  <testcase name="personResponseBodyWithMono(HttpServer)[1]" classname="org.springframework.web.reactive.result.method.annotation.RequestMappingMessageConversionIntegrationTests" time="0.255"/>
  <testcase name="personResponseBodyWithMono(HttpServer)[2]" classname="org.springframework.web.reactive.result.method.annotation.RequestMappingMessageConversionIntegrationTests" time="0.242"/>
  <testcase name="personResponseBodyWithMono(HttpServer)[3]" classname="org.springframework.web.reactive.result.method.annotation.RequestMappingMessageConversionIntegrationTests" time="0.379"/>
  <testcase name="personResponseBodyWithMono(HttpServer)[4]" classname="org.springframework.web.reactive.result.method.annotation.RequestMappingMessageConversionIntegrationTests" time="0.357"/>
  <testcase name="personTransformWithObservable(HttpServer)[1]" classname="org.springframework.web.reactive.result.method.annotation.RequestMappingMessageConversionIntegrationTests" time="0.363"/>
  <testcase name="personTransformWithObservable(HttpServer)[2]" classname="org.springframework.web.reactive.result.method.annotation.RequestMappingMessageConversionIntegrationTests" time="0.278"/>
  <testcase name="personTransformWithObservable(HttpServer)[3]" classname="org.springframework.web.reactive.result.method.annotation.RequestMappingMessageConversionIntegrationTests" time="0.345"/>
  <testcase name="personTransformWithObservable(HttpServer)[4]" classname="org.springframework.web.reactive.result.method.annotation.RequestMappingMessageConversionIntegrationTests" time="0.341"/>
  <testcase name="personCreateWithPublisherJson(HttpServer)[1]" classname="org.springframework.web.reactive.result.method.annotation.RequestMappingMessageConversionIntegrationTests" time="0.346"/>
  <testcase name="personCreateWithPublisherJson(HttpServer)[2]" classname="org.springframework.web.reactive.result.method.annotation.RequestMappingMessageConversionIntegrationTests" time="0.336"/>
  <testcase name="personCreateWithPublisherJson(HttpServer)[3]" classname="org.springframework.web.reactive.result.method.annotation.RequestMappingMessageConversionIntegrationTests" time="0.395"/>
  <testcase name="personCreateWithPublisherJson(HttpServer)[4]" classname="org.springframework.web.reactive.result.method.annotation.RequestMappingMessageConversionIntegrationTests" time="0.377"/>
  <testcase name="personResponseBodyWithEmptyMono(HttpServer)[1]" classname="org.springframework.web.reactive.result.method.annotation.RequestMappingMessageConversionIntegrationTests" time="0.344"/>
  <testcase name="personResponseBodyWithEmptyMono(HttpServer)[2]" classname="org.springframework.web.reactive.result.method.annotation.RequestMappingMessageConversionIntegrationTests" time="0.311"/>
  <testcase name="personResponseBodyWithEmptyMono(HttpServer)[3]" classname="org.springframework.web.reactive.result.method.annotation.RequestMappingMessageConversionIntegrationTests" time="0.341"/>
  <testcase name="personResponseBodyWithEmptyMono(HttpServer)[4]" classname="org.springframework.web.reactive.result.method.annotation.RequestMappingMessageConversionIntegrationTests" time="0.345"/>
  <testcase name="personResponseBodyWithSingle(HttpServer)[1]" classname="org.springframework.web.reactive.result.method.annotation.RequestMappingMessageConversionIntegrationTests" time="0.266"/>
  <testcase name="personResponseBodyWithSingle(HttpServer)[2]" classname="org.springframework.web.reactive.result.method.annotation.RequestMappingMessageConversionIntegrationTests" time="0.277"/>
  <testcase name="personResponseBodyWithSingle(HttpServer)[3]" classname="org.springframework.web.reactive.result.method.annotation.RequestMappingMessageConversionIntegrationTests" time="0.279"/>
  <testcase name="personResponseBodyWithSingle(HttpServer)[4]" classname="org.springframework.web.reactive.result.method.annotation.RequestMappingMessageConversionIntegrationTests" time="0.31"/>
  <testcase name="personCreateViaDefaultMethodWithGenerics(HttpServer)[1]" classname="org.springframework.web.reactive.result.method.annotation.RequestMappingMessageConversionIntegrationTests" time="0.365"/>
  <testcase name="personCreateViaDefaultMethodWithGenerics(HttpServer)[2]" classname="org.springframework.web.reactive.result.method.annotation.RequestMappingMessageConversionIntegrationTests" time="0.287"/>
  <testcase name="personCreateViaDefaultMethodWithGenerics(HttpServer)[3]" classname="org.springframework.web.reactive.result.method.annotation.RequestMappingMessageConversionIntegrationTests" time="0.354"/>
  <testcase name="personCreateViaDefaultMethodWithGenerics(HttpServer)[4]" classname="org.springframework.web.reactive.result.method.annotation.RequestMappingMessageConversionIntegrationTests" time="0.311"/>
  <testcase name="personCreateWithFlowableJson(HttpServer)[1]" classname="org.springframework.web.reactive.result.method.annotation.RequestMappingMessageConversionIntegrationTests" time="0.254"/>
  <testcase name="personCreateWithFlowableJson(HttpServer)[2]" classname="org.springframework.web.reactive.result.method.annotation.RequestMappingMessageConversionIntegrationTests" time="0.24"/>
  <testcase name="personCreateWithFlowableJson(HttpServer)[3]" classname="org.springframework.web.reactive.result.method.annotation.RequestMappingMessageConversionIntegrationTests" time="0.322"/>
  <testcase name="personCreateWithFlowableJson(HttpServer)[4]" classname="org.springframework.web.reactive.result.method.annotation.RequestMappingMessageConversionIntegrationTests" time="0.355"/>
  <testcase name="personCreateWithRxJava2ObservableXml(HttpServer)[1]" classname="org.springframework.web.reactive.result.method.annotation.RequestMappingMessageConversionIntegrationTests" time="0.394"/>
  <testcase name="personCreateWithRxJava2ObservableXml(HttpServer)[2]" classname="org.springframework.web.reactive.result.method.annotation.RequestMappingMessageConversionIntegrationTests" time="0.328"/>
  <testcase name="personCreateWithRxJava2ObservableXml(HttpServer)[3]" classname="org.springframework.web.reactive.result.method.annotation.RequestMappingMessageConversionIntegrationTests" time="0.289"/>
  <testcase name="personCreateWithRxJava2ObservableXml(HttpServer)[4]" classname="org.springframework.web.reactive.result.method.annotation.RequestMappingMessageConversionIntegrationTests" time="0.3"/>
  <testcase name="personTransformWithRxJava2Maybe(HttpServer)[1]" classname="org.springframework.web.reactive.result.method.annotation.RequestMappingMessageConversionIntegrationTests" time="0.303"/>
  <testcase name="personTransformWithRxJava2Maybe(HttpServer)[2]" classname="org.springframework.web.reactive.result.method.annotation.RequestMappingMessageConversionIntegrationTests" time="0.287"/>
  <testcase name="personTransformWithRxJava2Maybe(HttpServer)[3]" classname="org.springframework.web.reactive.result.method.annotation.RequestMappingMessageConversionIntegrationTests" time="0.318"/>
  <testcase name="personTransformWithRxJava2Maybe(HttpServer)[4]" classname="org.springframework.web.reactive.result.method.annotation.RequestMappingMessageConversionIntegrationTests" time="0.349"/>
  <testcase name="byteBufferResponseBodyWithFlowable(HttpServer)[1]" classname="org.springframework.web.reactive.result.method.annotation.RequestMappingMessageConversionIntegrationTests" time="0.29"/>
  <testcase name="byteBufferResponseBodyWithFlowable(HttpServer)[2]" classname="org.springframework.web.reactive.result.method.annotation.RequestMappingMessageConversionIntegrationTests" time="0.275"/>
  <testcase name="byteBufferResponseBodyWithFlowable(HttpServer)[3]" classname="org.springframework.web.reactive.result.method.annotation.RequestMappingMessageConversionIntegrationTests" time="0.381"/>
  <testcase name="byteBufferResponseBodyWithFlowable(HttpServer)[4]" classname="org.springframework.web.reactive.result.method.annotation.RequestMappingMessageConversionIntegrationTests" time="0.515"/>
  <testcase name="personTransformWithFlux(HttpServer)[1]" classname="org.springframework.web.reactive.result.method.annotation.RequestMappingMessageConversionIntegrationTests" time="0.479"/>
  <testcase name="personTransformWithFlux(HttpServer)[2]" classname="org.springframework.web.reactive.result.method.annotation.RequestMappingMessageConversionIntegrationTests" time="0.417"/>
  <testcase name="personTransformWithFlux(HttpServer)[3]" classname="org.springframework.web.reactive.result.method.annotation.RequestMappingMessageConversionIntegrationTests" time="0.492"/>
  <testcase name="personTransformWithFlux(HttpServer)[4]" classname="org.springframework.web.reactive.result.method.annotation.RequestMappingMessageConversionIntegrationTests" time="0.332"/>
  <testcase name="personTransformWithMono(HttpServer)[1]" classname="org.springframework.web.reactive.result.method.annotation.RequestMappingMessageConversionIntegrationTests" time="0.405"/>
  <testcase name="personTransformWithMono(HttpServer)[2]" classname="org.springframework.web.reactive.result.method.annotation.RequestMappingMessageConversionIntegrationTests" time="0.271"/>
  <testcase name="personTransformWithMono(HttpServer)[3]" classname="org.springframework.web.reactive.result.method.annotation.RequestMappingMessageConversionIntegrationTests" time="0.3"/>
  <testcase name="personTransformWithMono(HttpServer)[4]" classname="org.springframework.web.reactive.result.method.annotation.RequestMappingMessageConversionIntegrationTests" time="0.33"/>
  <testcase name="personTransform(HttpServer)[1]" classname="org.springframework.web.reactive.result.method.annotation.RequestMappingMessageConversionIntegrationTests" time="0.275"/>
  <testcase name="personTransform(HttpServer)[2]" classname="org.springframework.web.reactive.result.method.annotation.RequestMappingMessageConversionIntegrationTests" time="0.218"/>
  <testcase name="personTransform(HttpServer)[3]" classname="org.springframework.web.reactive.result.method.annotation.RequestMappingMessageConversionIntegrationTests" time="0.257"/>
  <testcase name="personTransform(HttpServer)[4]" classname="org.springframework.web.reactive.result.method.annotation.RequestMappingMessageConversionIntegrationTests" time="0.202"/>
  <testcase name="personTransformWithMonoAndXml(HttpServer)[1]" classname="org.springframework.web.reactive.result.method.annotation.RequestMappingMessageConversionIntegrationTests" time="0.251"/>
  <testcase name="personTransformWithMonoAndXml(HttpServer)[2]" classname="org.springframework.web.reactive.result.method.annotation.RequestMappingMessageConversionIntegrationTests" time="0.19"/>
  <testcase name="personTransformWithMonoAndXml(HttpServer)[3]" classname="org.springframework.web.reactive.result.method.annotation.RequestMappingMessageConversionIntegrationTests" time="0.254"/>
  <testcase name="personTransformWithMonoAndXml(HttpServer)[4]" classname="org.springframework.web.reactive.result.method.annotation.RequestMappingMessageConversionIntegrationTests" time="0.222"/>
  <testcase name="personResponseBodyWithObservable(HttpServer)[1]" classname="org.springframework.web.reactive.result.method.annotation.RequestMappingMessageConversionIntegrationTests" time="0.195"/>
  <testcase name="personResponseBodyWithObservable(HttpServer)[2]" classname="org.springframework.web.reactive.result.method.annotation.RequestMappingMessageConversionIntegrationTests" time="0.149"/>
  <testcase name="personResponseBodyWithObservable(HttpServer)[3]" classname="org.springframework.web.reactive.result.method.annotation.RequestMappingMessageConversionIntegrationTests" time="0.224"/>
  <testcase name="personResponseBodyWithObservable(HttpServer)[4]" classname="org.springframework.web.reactive.result.method.annotation.RequestMappingMessageConversionIntegrationTests" time="0.232"/>
  <testcase name="personTransformWithRxJava2Single(HttpServer)[1]" classname="org.springframework.web.reactive.result.method.annotation.RequestMappingMessageConversionIntegrationTests" time="0.168"/>
  <testcase name="personTransformWithRxJava2Single(HttpServer)[2]" classname="org.springframework.web.reactive.result.method.annotation.RequestMappingMessageConversionIntegrationTests" time="0.182"/>
  <testcase name="personTransformWithRxJava2Single(HttpServer)[3]" classname="org.springframework.web.reactive.result.method.annotation.RequestMappingMessageConversionIntegrationTests" time="0.241"/>
  <testcase name="personTransformWithRxJava2Single(HttpServer)[4]" classname="org.springframework.web.reactive.result.method.annotation.RequestMappingMessageConversionIntegrationTests" time="0.242"/>
  <testcase name="personTransformWithPublisher(HttpServer)[1]" classname="org.springframework.web.reactive.result.method.annotation.RequestMappingMessageConversionIntegrationTests" time="0.191"/>
  <testcase name="personTransformWithPublisher(HttpServer)[2]" classname="org.springframework.web.reactive.result.method.annotation.RequestMappingMessageConversionIntegrationTests" time="0.143"/>
  <testcase name="personTransformWithPublisher(HttpServer)[3]" classname="org.springframework.web.reactive.result.method.annotation.RequestMappingMessageConversionIntegrationTests" time="0.2"/>
  <testcase name="personTransformWithPublisher(HttpServer)[4]" classname="org.springframework.web.reactive.result.method.annotation.RequestMappingMessageConversionIntegrationTests" time="0.228"/>
  <testcase name="personCreateWithObservableJson(HttpServer)[1]" classname="org.springframework.web.reactive.result.method.annotation.RequestMappingMessageConversionIntegrationTests" time="0.284"/>
  <testcase name="personCreateWithObservableJson(HttpServer)[2]" classname="org.springframework.web.reactive.result.method.annotation.RequestMappingMessageConversionIntegrationTests" time="0.196"/>
  <testcase name="personCreateWithObservableJson(HttpServer)[3]" classname="org.springframework.web.reactive.result.method.annotation.RequestMappingMessageConversionIntegrationTests" time="0.221"/>
  <testcase name="personCreateWithObservableJson(HttpServer)[4]" classname="org.springframework.web.reactive.result.method.annotation.RequestMappingMessageConversionIntegrationTests" time="0.255"/>
  <testcase name="personCreateWithMono(HttpServer)[1]" classname="org.springframework.web.reactive.result.method.annotation.RequestMappingMessageConversionIntegrationTests" time="0.18"/>
  <testcase name="personCreateWithMono(HttpServer)[2]" classname="org.springframework.web.reactive.result.method.annotation.RequestMappingMessageConversionIntegrationTests" time="0.189"/>
  <testcase name="personCreateWithMono(HttpServer)[3]" classname="org.springframework.web.reactive.result.method.annotation.RequestMappingMessageConversionIntegrationTests" time="0.291"/>
  <testcase name="personCreateWithMono(HttpServer)[4]" classname="org.springframework.web.reactive.result.method.annotation.RequestMappingMessageConversionIntegrationTests" time="0.246"/>
  <testcase name="personResponseBody(HttpServer)[1]" classname="org.springframework.web.reactive.result.method.annotation.RequestMappingMessageConversionIntegrationTests" time="0.256"/>
  <testcase name="personResponseBody(HttpServer)[2]" classname="org.springframework.web.reactive.result.method.annotation.RequestMappingMessageConversionIntegrationTests" time="0.204"/>
  <testcase name="personResponseBody(HttpServer)[3]" classname="org.springframework.web.reactive.result.method.annotation.RequestMappingMessageConversionIntegrationTests" time="0.249"/>
  <testcase name="personResponseBody(HttpServer)[4]" classname="org.springframework.web.reactive.result.method.annotation.RequestMappingMessageConversionIntegrationTests" time="0.245"/>
  <testcase name="personCreateWithRxJava2Single(HttpServer)[1]" classname="org.springframework.web.reactive.result.method.annotation.RequestMappingMessageConversionIntegrationTests" time="0.243"/>
  <testcase name="personCreateWithRxJava2Single(HttpServer)[2]" classname="org.springframework.web.reactive.result.method.annotation.RequestMappingMessageConversionIntegrationTests" time="0.194"/>
  <testcase name="personCreateWithRxJava2Single(HttpServer)[3]" classname="org.springframework.web.reactive.result.method.annotation.RequestMappingMessageConversionIntegrationTests" time="0.224"/>
  <testcase name="personCreateWithRxJava2Single(HttpServer)[4]" classname="org.springframework.web.reactive.result.method.annotation.RequestMappingMessageConversionIntegrationTests" time="0.249"/>
  <system-out><![CDATA[16:11:34.834 [Test worker] DEBUG o.s.w.r.r.m.a.RequestMappingHandlerMapping - 39 mappings in 'requestMappingHandlerMapping'
16:11:34.942 [Test worker] DEBUG o.s.w.r.r.m.a.ControllerMethodResolver - ControllerAdvice beans: none
16:11:35.026 [Test worker] DEBUG o.s.w.s.a.HttpWebHandlerAdapter - enableLoggingRequestDetails='false': form data and headers will be masked to prevent unsafe logging of potentially sensitive data
16:11:35.027 [Test worker] WARN  o.e.j.s.h.ContextHandler - Empty contextPath
16:11:35.043 [Test worker] INFO  o.e.j.s.h.ContextHandler - Started o.e.j.s.ServletContextHandler@4edf3251{/,null,AVAILABLE}
16:11:35.044 [Test worker] DEBUG o.s.w.t.h.s.r.b.JettyHttpServer - Starting JettyHttpServer...
16:11:35.044 [Test worker] INFO  o.e.j.s.Server - jetty-9.4.31.v20200723; built: 2020-07-23T17:57:36.812Z; git: 450ba27947e13e66baa8cd1ce7e85a4461cacc1d; jvm 1.8.0_201-b09
16:11:35.056 [Test worker] INFO  o.e.j.s.AbstractConnector - Started ServerConnector@574fff8c{HTTP/1.1, (http/1.1)}{0.0.0.0:55010}
16:11:35.056 [Test worker] INFO  o.e.j.s.Server - Started @62896ms
16:11:35.056 [Test worker] DEBUG o.s.w.t.h.s.r.b.JettyHttpServer - Server started on port 55010(0 millis).
16:11:35.057 [Test worker] DEBUG o.s.w.c.RestTemplate - HTTP GET http://localhost:55010/person-response/mono-declared-as-object
16:11:35.060 [Test worker] DEBUG o.s.w.c.RestTemplate - Accept=[application/xml, text/xml, application/json, application/x-jackson-smile, application/*+xml, application/*+json]
16:11:35.064 [qtp1057433165-314] DEBUG o.s.w.s.a.HttpWebHandlerAdapter - [2236681a] HTTP GET "/person-response/mono-declared-as-object"
16:11:35.065 [qtp1057433165-314] DEBUG o.s.w.r.r.m.a.RequestMappingHandlerMapping - [2236681a] Mapped to org.springframework.web.reactive.result.method.annotation.RequestMappingMessageConversionIntegrationTests$PersonResponseBodyController#getMonoDeclaredAsObject()
16:11:35.067 [qtp1057433165-314] DEBUG o.s.w.r.r.m.a.ResponseBodyResultHandler - Using 'application/json' given [application/json] and supported [application/json, application/*+json, application/x-jackson-smile, application/*+x-jackson-smile, text/event-stream]
16:11:35.067 [qtp1057433165-314] DEBUG o.s.w.r.r.m.a.ResponseBodyResultHandler - [2236681a] 0..1 [java.lang.Object]
16:11:35.067 [qtp1057433165-314] DEBUG o.s.h.c.j.Jackson2JsonEncoder - [2236681a] Encoding [Person{name='Robert'}]
16:11:35.070 [qtp1057433165-314] DEBUG o.s.w.s.a.HttpWebHandlerAdapter - [2236681a] Completed 200 OK
16:11:35.070 [Test worker] DEBUG o.s.w.c.RestTemplate - Response 200 OK
16:11:35.070 [Test worker] DEBUG o.s.w.c.RestTemplate - Reading to [org.springframework.web.reactive.result.method.annotation.RequestMappingMessageConversionIntegrationTests$Person]
16:11:35.115 [Test worker] DEBUG o.s.w.t.h.s.r.b.JettyHttpServer - Stopping JettyHttpServer...
16:11:35.116 [Test worker] INFO  o.e.j.s.h.ContextHandler - Stopped o.e.j.s.ServletContextHandler@4edf3251{/,null,UNAVAILABLE}
16:11:35.125 [Test worker] INFO  o.e.j.s.AbstractConnector - Stopped ServerConnector@574fff8c{HTTP/1.1, (http/1.1)}{0.0.0.0:0}
16:11:35.136 [Test worker] DEBUG o.s.w.t.h.s.r.b.JettyHttpServer - Server stopped (0 millis).
16:11:35.375 [Test worker] DEBUG o.s.w.r.r.m.a.RequestMappingHandlerMapping - 39 mappings in 'requestMappingHandlerMapping'
16:11:35.471 [Test worker] DEBUG o.s.w.r.r.m.a.ControllerMethodResolver - ControllerAdvice beans: none
16:11:35.536 [Test worker] DEBUG o.s.w.s.a.HttpWebHandlerAdapter - enableLoggingRequestDetails='false': form data and headers will be masked to prevent unsafe logging of potentially sensitive data
16:11:35.536 [Test worker] DEBUG o.s.w.t.h.s.r.b.ReactorHttpServer - Starting ReactorHttpServer...
16:11:35.547 [Test worker] DEBUG o.s.w.t.h.s.r.b.ReactorHttpServer - Server started on port 55012(0 millis).
16:11:35.547 [Test worker] DEBUG o.s.w.c.RestTemplate - HTTP GET http://localhost:55012/person-response/mono-declared-as-object
16:11:35.549 [Test worker] DEBUG o.s.w.c.RestTemplate - Accept=[application/xml, text/xml, application/json, application/x-jackson-smile, application/*+xml, application/*+json]
16:11:35.554 [reactor-http-nio-12] DEBUG o.s.w.s.a.HttpWebHandlerAdapter - [1b525de5-8] HTTP GET "/person-response/mono-declared-as-object"
16:11:35.555 [reactor-http-nio-12] DEBUG o.s.w.r.r.m.a.RequestMappingHandlerMapping - [1b525de5-8] Mapped to org.springframework.web.reactive.result.method.annotation.RequestMappingMessageConversionIntegrationTests$PersonResponseBodyController#getMonoDeclaredAsObject()
16:11:35.556 [reactor-http-nio-12] DEBUG o.s.w.r.r.m.a.ResponseBodyResultHandler - Using 'application/json' given [application/json] and supported [application/json, application/*+json, application/x-jackson-smile, application/*+x-jackson-smile, text/event-stream]
16:11:35.557 [reactor-http-nio-12] DEBUG o.s.w.r.r.m.a.ResponseBodyResultHandler - [1b525de5-8] 0..1 [java.lang.Object]
16:11:35.557 [reactor-http-nio-12] DEBUG o.s.h.c.j.Jackson2JsonEncoder - [1b525de5-8] Encoding [Person{name='Robert'}]
16:11:35.560 [reactor-http-nio-12] DEBUG o.s.w.s.a.HttpWebHandlerAdapter - [1b525de5-8] Completed 200 OK
16:11:35.561 [Test worker] DEBUG o.s.w.c.RestTemplate - Response 200 OK
16:11:35.561 [Test worker] DEBUG o.s.w.c.RestTemplate - Reading to [org.springframework.web.reactive.result.method.annotation.RequestMappingMessageConversionIntegrationTests$Person]
16:11:35.562 [Test worker] DEBUG o.s.w.t.h.s.r.b.ReactorHttpServer - Stopping ReactorHttpServer...
16:11:35.563 [Test worker] DEBUG o.s.w.t.h.s.r.b.ReactorHttpServer - Server stopped (0 millis).
16:11:35.821 [Test worker] DEBUG o.s.w.r.r.m.a.RequestMappingHandlerMapping - 39 mappings in 'requestMappingHandlerMapping'
16:11:35.915 [Test worker] DEBUG o.s.w.r.r.m.a.ControllerMethodResolver - ControllerAdvice beans: none
16:11:35.979 [Test worker] DEBUG o.s.w.s.a.HttpWebHandlerAdapter - enableLoggingRequestDetails='false': form data and headers will be masked to prevent unsafe logging of potentially sensitive data
16:11:35.980 [Test worker] DEBUG o.s.w.t.h.s.r.b.TomcatHttpServer - Starting TomcatHttpServer...
16:11:36.021 [Test worker] DEBUG o.s.w.t.h.s.r.b.TomcatHttpServer - Server started on port 55014(0 millis).
16:11:36.021 [Test worker] DEBUG o.s.w.c.RestTemplate - HTTP GET http://localhost:55014/person-response/mono-declared-as-object
16:11:36.023 [Test worker] DEBUG o.s.w.c.RestTemplate - Accept=[application/xml, text/xml, application/json, application/x-jackson-smile, application/*+xml, application/*+json]
16:11:36.029 [http-nio-auto-8-exec-1] DEBUG o.s.w.s.a.HttpWebHandlerAdapter - [46bc749b] HTTP GET "/person-response/mono-declared-as-object"
16:11:36.030 [http-nio-auto-8-exec-1] DEBUG o.s.w.r.r.m.a.RequestMappingHandlerMapping - [46bc749b] Mapped to org.springframework.web.reactive.result.method.annotation.RequestMappingMessageConversionIntegrationTests$PersonResponseBodyController#getMonoDeclaredAsObject()
16:11:36.031 [http-nio-auto-8-exec-1] DEBUG o.s.w.r.r.m.a.ResponseBodyResultHandler - Using 'application/json' given [application/json] and supported [application/json, application/*+json, application/x-jackson-smile, application/*+x-jackson-smile, text/event-stream]
16:11:36.031 [http-nio-auto-8-exec-1] DEBUG o.s.w.r.r.m.a.ResponseBodyResultHandler - [46bc749b] 0..1 [java.lang.Object]
16:11:36.032 [http-nio-auto-8-exec-1] DEBUG o.s.h.c.j.Jackson2JsonEncoder - [46bc749b] Encoding [Person{name='Robert'}]
16:11:36.034 [http-nio-auto-8-exec-1] DEBUG o.s.w.s.a.HttpWebHandlerAdapter - [46bc749b] Completed 200 OK
16:11:36.034 [Test worker] DEBUG o.s.w.c.RestTemplate - Response 200 OK
16:11:36.034 [Test worker] DEBUG o.s.w.c.RestTemplate - Reading to [org.springframework.web.reactive.result.method.annotation.RequestMappingMessageConversionIntegrationTests$Person]
16:11:36.036 [Test worker] DEBUG o.s.w.t.h.s.r.b.TomcatHttpServer - Stopping TomcatHttpServer...
16:11:36.071 [Test worker] DEBUG o.s.w.t.h.s.r.b.TomcatHttpServer - Server stopped (0 millis).
16:11:36.424 [Test worker] DEBUG o.s.w.r.r.m.a.RequestMappingHandlerMapping - 39 mappings in 'requestMappingHandlerMapping'
16:11:36.517 [Test worker] DEBUG o.s.w.r.r.m.a.ControllerMethodResolver - ControllerAdvice beans: none
16:11:36.593 [Test worker] DEBUG o.s.w.s.a.HttpWebHandlerAdapter - enableLoggingRequestDetails='false': form data and headers will be masked to prevent unsafe logging of potentially sensitive data
16:11:36.593 [Test worker] DEBUG o.s.w.t.h.s.r.b.UndertowHttpServer - Starting UndertowHttpServer...
16:11:36.593 [Test worker] INFO  i.undertow - starting server: Undertow - 2.0.32.Final
16:11:36.601 [Test worker] DEBUG o.s.w.t.h.s.r.b.UndertowHttpServer - Server started on port 55018(0 millis).
16:11:36.601 [Test worker] DEBUG o.s.w.c.RestTemplate - HTTP GET http://localhost:55018/person-response/mono-declared-as-object
16:11:36.603 [Test worker] DEBUG o.s.w.c.RestTemplate - Accept=[application/xml, text/xml, application/json, application/x-jackson-smile, application/*+xml, application/*+json]
16:11:36.605 [XNIO-8 I/O-6] DEBUG o.s.w.s.a.HttpWebHandlerAdapter - [640a18a7] HTTP GET "/person-response/mono-declared-as-object"
16:11:36.606 [XNIO-8 I/O-6] DEBUG o.s.w.r.r.m.a.RequestMappingHandlerMapping - [640a18a7] Mapped to org.springframework.web.reactive.result.method.annotation.RequestMappingMessageConversionIntegrationTests$PersonResponseBodyController#getMonoDeclaredAsObject()
16:11:36.607 [XNIO-8 I/O-6] DEBUG o.s.w.r.r.m.a.ResponseBodyResultHandler - Using 'application/json' given [application/json] and supported [application/json, application/*+json, application/x-jackson-smile, application/*+x-jackson-smile, text/event-stream]
16:11:36.607 [XNIO-8 I/O-6] DEBUG o.s.w.r.r.m.a.ResponseBodyResultHandler - [640a18a7] 0..1 [java.lang.Object]
16:11:36.608 [XNIO-8 I/O-6] DEBUG o.s.h.c.j.Jackson2JsonEncoder - [640a18a7] Encoding [Person{name='Robert'}]
16:11:36.609 [XNIO-8 I/O-6] DEBUG o.s.w.s.a.HttpWebHandlerAdapter - [640a18a7] Completed 200 OK
16:11:36.610 [Test worker] DEBUG o.s.w.c.RestTemplate - Response 200 OK
16:11:36.610 [Test worker] DEBUG o.s.w.c.RestTemplate - Reading to [org.springframework.web.reactive.result.method.annotation.RequestMappingMessageConversionIntegrationTests$Person]
16:11:36.611 [Test worker] DEBUG o.s.w.t.h.s.r.b.UndertowHttpServer - Stopping UndertowHttpServer...
16:11:36.611 [Test worker] INFO  i.undertow - stopping server: Undertow - 2.0.32.Final
16:11:36.612 [Test worker] DEBUG o.s.w.t.h.s.r.b.UndertowHttpServer - Server stopped (0 millis).
16:11:36.903 [Test worker] DEBUG o.s.w.r.r.m.a.RequestMappingHandlerMapping - 39 mappings in 'requestMappingHandlerMapping'
16:11:36.974 [Test worker] DEBUG o.s.w.r.r.m.a.ControllerMethodResolver - ControllerAdvice beans: none
16:11:37.043 [Test worker] DEBUG o.s.w.s.a.HttpWebHandlerAdapter - enableLoggingRequestDetails='false': form data and headers will be masked to prevent unsafe logging of potentially sensitive data
16:11:37.044 [Test worker] WARN  o.e.j.s.h.ContextHandler - Empty contextPath
16:11:37.056 [Test worker] INFO  o.e.j.s.h.ContextHandler - Started o.e.j.s.ServletContextHandler@1e3a091e{/,null,AVAILABLE}
16:11:37.056 [Test worker] DEBUG o.s.w.t.h.s.r.b.JettyHttpServer - Starting JettyHttpServer...
16:11:37.057 [Test worker] INFO  o.e.j.s.Server - jetty-9.4.31.v20200723; built: 2020-07-23T17:57:36.812Z; git: 450ba27947e13e66baa8cd1ce7e85a4461cacc1d; jvm 1.8.0_201-b09
16:11:37.068 [Test worker] INFO  o.e.j.s.AbstractConnector - Started ServerConnector@22c22a16{HTTP/1.1, (http/1.1)}{0.0.0.0:55024}
16:11:37.068 [Test worker] INFO  o.e.j.s.Server - Started @64908ms
16:11:37.068 [Test worker] DEBUG o.s.w.t.h.s.r.b.JettyHttpServer - Server started on port 55024(0 millis).
16:11:37.069 [Test worker] DEBUG o.s.w.c.RestTemplate - HTTP GET http://localhost:55024/raw-response/publisher
16:11:37.070 [Test worker] DEBUG o.s.w.c.RestTemplate - Accept=[application/xml, text/xml, application/json, application/x-jackson-smile, application/*+xml, application/*+json]
16:11:37.073 [qtp441073076-352] DEBUG o.s.w.s.a.HttpWebHandlerAdapter - [4fccca9a] HTTP GET "/raw-response/publisher"
16:11:37.074 [qtp441073076-352] DEBUG o.s.w.r.r.m.a.RequestMappingHandlerMapping - [4fccca9a] Mapped to org.springframework.web.reactive.result.method.annotation.RequestMappingMessageConversionIntegrationTests$RawResponseBodyController#getPublisher()
16:11:37.083 [qtp441073076-352] DEBUG o.s.w.r.r.m.a.ResponseBodyResultHandler - Using 'application/json' given [application/json] and supported [*/*, application/json, application/*+json, application/x-jackson-smile, application/*+x-jackson-smile, text/event-stream]
16:11:37.084 [qtp441073076-352] DEBUG o.s.w.r.r.m.a.ResponseBodyResultHandler - [4fccca9a] 0..N [java.nio.ByteBuffer]
16:11:37.086 [qtp441073076-352] DEBUG o.s.h.c.j.Jackson2JsonEncoder - Encoding [Person{name='Robert'}]
16:11:37.087 [qtp441073076-352] DEBUG o.s.c.c.ByteBufferEncoder - [4fccca9a] Writing 17 bytes
16:11:37.088 [qtp441073076-352] DEBUG o.s.w.s.a.HttpWebHandlerAdapter - [4fccca9a] Completed 200 OK
16:11:37.088 [Test worker] DEBUG o.s.w.c.RestTemplate - Response 200 OK
16:11:37.088 [Test worker] DEBUG o.s.w.c.RestTemplate - Reading to [org.springframework.web.reactive.result.method.annotation.RequestMappingMessageConversionIntegrationTests$Person]
16:11:37.089 [Test worker] DEBUG o.s.w.t.h.s.r.b.JettyHttpServer - Stopping JettyHttpServer...
16:11:37.089 [Test worker] INFO  o.e.j.s.h.ContextHandler - Stopped o.e.j.s.ServletContextHandler@1e3a091e{/,null,UNAVAILABLE}
16:11:37.092 [Test worker] INFO  o.e.j.s.AbstractConnector - Stopped ServerConnector@22c22a16{HTTP/1.1, (http/1.1)}{0.0.0.0:0}
16:11:37.104 [Test worker] DEBUG o.s.w.t.h.s.r.b.JettyHttpServer - Server stopped (0 millis).
16:11:37.328 [Test worker] DEBUG o.s.w.r.r.m.a.RequestMappingHandlerMapping - 39 mappings in 'requestMappingHandlerMapping'
16:11:37.417 [Test worker] DEBUG o.s.w.r.r.m.a.ControllerMethodResolver - ControllerAdvice beans: none
16:11:37.486 [Test worker] DEBUG o.s.w.s.a.HttpWebHandlerAdapter - enableLoggingRequestDetails='false': form data and headers will be masked to prevent unsafe logging of potentially sensitive data
16:11:37.486 [Test worker] DEBUG o.s.w.t.h.s.r.b.ReactorHttpServer - Starting ReactorHttpServer...
16:11:37.489 [Test worker] DEBUG o.s.w.t.h.s.r.b.ReactorHttpServer - Server started on port 55028(0 millis).
16:11:37.490 [Test worker] DEBUG o.s.w.c.RestTemplate - HTTP GET http://localhost:55028/raw-response/publisher
16:11:37.491 [Test worker] DEBUG o.s.w.c.RestTemplate - Accept=[application/xml, text/xml, application/json, application/x-jackson-smile, application/*+xml, application/*+json]
16:11:37.495 [reactor-http-nio-2] DEBUG o.s.w.s.a.HttpWebHandlerAdapter - [ff36c2d1-9] HTTP GET "/raw-response/publisher"
16:11:37.495 [reactor-http-nio-2] DEBUG o.s.w.r.r.m.a.RequestMappingHandlerMapping - [ff36c2d1-9] Mapped to org.springframework.web.reactive.result.method.annotation.RequestMappingMessageConversionIntegrationTests$RawResponseBodyController#getPublisher()
16:11:37.506 [reactor-http-nio-2] DEBUG o.s.w.r.r.m.a.ResponseBodyResultHandler - Using 'application/json' given [application/json] and supported [*/*, application/json, application/*+json, application/x-jackson-smile, application/*+x-jackson-smile, text/event-stream]
16:11:37.506 [reactor-http-nio-2] DEBUG o.s.w.r.r.m.a.ResponseBodyResultHandler - [ff36c2d1-9] 0..N [java.nio.ByteBuffer]
16:11:37.506 [reactor-http-nio-2] DEBUG o.s.h.c.j.Jackson2JsonEncoder - Encoding [Person{name='Robert'}]
16:11:37.508 [reactor-http-nio-2] DEBUG o.s.c.c.ByteBufferEncoder - [ff36c2d1-9] Writing 17 bytes
16:11:37.510 [Test worker] DEBUG o.s.w.c.RestTemplate - Response 200 OK
16:11:37.511 [reactor-http-nio-2] DEBUG o.s.w.s.a.HttpWebHandlerAdapter - [ff36c2d1-9] Completed 200 OK
16:11:37.511 [Test worker] DEBUG o.s.w.c.RestTemplate - Reading to [org.springframework.web.reactive.result.method.annotation.RequestMappingMessageConversionIntegrationTests$Person]
16:11:37.512 [Test worker] DEBUG o.s.w.t.h.s.r.b.ReactorHttpServer - Stopping ReactorHttpServer...
16:11:37.512 [Test worker] DEBUG o.s.w.t.h.s.r.b.ReactorHttpServer - Server stopped (0 millis).
16:11:37.775 [Test worker] DEBUG o.s.w.r.r.m.a.RequestMappingHandlerMapping - 39 mappings in 'requestMappingHandlerMapping'
16:11:37.827 [Test worker] DEBUG o.s.w.r.r.m.a.ControllerMethodResolver - ControllerAdvice beans: none
16:11:37.951 [Test worker] DEBUG o.s.w.s.a.HttpWebHandlerAdapter - enableLoggingRequestDetails='false': form data and headers will be masked to prevent unsafe logging of potentially sensitive data
16:11:37.952 [Test worker] DEBUG o.s.w.t.h.s.r.b.TomcatHttpServer - Starting TomcatHttpServer...
16:11:37.985 [Test worker] DEBUG o.s.w.t.h.s.r.b.TomcatHttpServer - Server started on port 55033(0 millis).
16:11:37.986 [Test worker] DEBUG o.s.w.c.RestTemplate - HTTP GET http://localhost:55033/raw-response/publisher
16:11:37.987 [Test worker] DEBUG o.s.w.c.RestTemplate - Accept=[application/xml, text/xml, application/json, application/x-jackson-smile, application/*+xml, application/*+json]
16:11:37.992 [http-nio-auto-9-exec-1] DEBUG o.s.w.s.a.HttpWebHandlerAdapter - [575e68f1] HTTP GET "/raw-response/publisher"
16:11:37.993 [http-nio-auto-9-exec-1] DEBUG o.s.w.r.r.m.a.RequestMappingHandlerMapping - [575e68f1] Mapped to org.springframework.web.reactive.result.method.annotation.RequestMappingMessageConversionIntegrationTests$RawResponseBodyController#getPublisher()
16:11:38.000 [http-nio-auto-9-exec-1] DEBUG o.s.w.r.r.m.a.ResponseBodyResultHandler - Using 'application/json' given [application/json] and supported [*/*, application/json, application/*+json, application/x-jackson-smile, application/*+x-jackson-smile, text/event-stream]
16:11:38.000 [http-nio-auto-9-exec-1] DEBUG o.s.w.r.r.m.a.ResponseBodyResultHandler - [575e68f1] 0..N [java.nio.ByteBuffer]
16:11:38.000 [http-nio-auto-9-exec-1] DEBUG o.s.h.c.j.Jackson2JsonEncoder - Encoding [Person{name='Robert'}]
16:11:38.001 [http-nio-auto-9-exec-1] DEBUG o.s.c.c.ByteBufferEncoder - [575e68f1] Writing 17 bytes
16:11:38.002 [http-nio-auto-9-exec-1] DEBUG o.s.w.s.a.HttpWebHandlerAdapter - [575e68f1] Completed 200 OK
16:11:38.003 [Test worker] DEBUG o.s.w.c.RestTemplate - Response 200 OK
16:11:38.004 [Test worker] DEBUG o.s.w.c.RestTemplate - Reading to [org.springframework.web.reactive.result.method.annotation.RequestMappingMessageConversionIntegrationTests$Person]
16:11:38.004 [Test worker] DEBUG o.s.w.t.h.s.r.b.TomcatHttpServer - Stopping TomcatHttpServer...
16:11:38.023 [Test worker] DEBUG o.s.w.t.h.s.r.b.TomcatHttpServer - Server stopped (0 millis).
16:11:38.315 [Test worker] DEBUG o.s.w.r.r.m.a.RequestMappingHandlerMapping - 39 mappings in 'requestMappingHandlerMapping'
16:11:38.391 [Test worker] DEBUG o.s.w.r.r.m.a.ControllerMethodResolver - ControllerAdvice beans: none
16:11:38.470 [Test worker] DEBUG o.s.w.s.a.HttpWebHandlerAdapter - enableLoggingRequestDetails='false': form data and headers will be masked to prevent unsafe logging of potentially sensitive data
16:11:38.471 [Test worker] DEBUG o.s.w.t.h.s.r.b.UndertowHttpServer - Starting UndertowHttpServer...
16:11:38.471 [Test worker] INFO  i.undertow - starting server: Undertow - 2.0.32.Final
16:11:38.477 [Test worker] DEBUG o.s.w.t.h.s.r.b.UndertowHttpServer - Server started on port 55045(0 millis).
16:11:38.478 [Test worker] DEBUG o.s.w.c.RestTemplate - HTTP GET http://localhost:55045/raw-response/publisher
16:11:38.480 [Test worker] DEBUG o.s.w.c.RestTemplate - Accept=[application/xml, text/xml, application/json, application/x-jackson-smile, application/*+xml, application/*+json]
16:11:38.482 [XNIO-9 I/O-6] DEBUG o.s.w.s.a.HttpWebHandlerAdapter - [7770e5d2] HTTP GET "/raw-response/publisher"
16:11:38.482 [XNIO-9 I/O-6] DEBUG o.s.w.r.r.m.a.RequestMappingHandlerMapping - [7770e5d2] Mapped to org.springframework.web.reactive.result.method.annotation.RequestMappingMessageConversionIntegrationTests$RawResponseBodyController#getPublisher()
16:11:38.490 [XNIO-9 I/O-6] DEBUG o.s.w.r.r.m.a.ResponseBodyResultHandler - Using 'application/json' given [application/json] and supported [*/*, application/json, application/*+json, application/x-jackson-smile, application/*+x-jackson-smile, text/event-stream]
16:11:38.490 [XNIO-9 I/O-6] DEBUG o.s.w.r.r.m.a.ResponseBodyResultHandler - [7770e5d2] 0..N [java.nio.ByteBuffer]
16:11:38.490 [XNIO-9 I/O-6] DEBUG o.s.h.c.j.Jackson2JsonEncoder - Encoding [Person{name='Robert'}]
16:11:38.491 [XNIO-9 I/O-6] DEBUG o.s.c.c.ByteBufferEncoder - [7770e5d2] Writing 17 bytes
16:11:38.491 [XNIO-9 I/O-6] DEBUG o.s.w.s.a.HttpWebHandlerAdapter - [7770e5d2] Completed 200 OK
16:11:38.492 [Test worker] DEBUG o.s.w.c.RestTemplate - Response 200 OK
16:11:38.492 [Test worker] DEBUG o.s.w.c.RestTemplate - Reading to [org.springframework.web.reactive.result.method.annotation.RequestMappingMessageConversionIntegrationTests$Person]
16:11:38.493 [Test worker] DEBUG o.s.w.t.h.s.r.b.UndertowHttpServer - Stopping UndertowHttpServer...
16:11:38.493 [Test worker] INFO  i.undertow - stopping server: Undertow - 2.0.32.Final
16:11:38.494 [Test worker] DEBUG o.s.w.t.h.s.r.b.UndertowHttpServer - Server stopped (0 millis).
16:11:38.706 [Test worker] DEBUG o.s.w.r.r.m.a.RequestMappingHandlerMapping - 39 mappings in 'requestMappingHandlerMapping'
16:11:38.795 [Test worker] DEBUG o.s.w.r.r.m.a.ControllerMethodResolver - ControllerAdvice beans: none
16:11:38.859 [Test worker] DEBUG o.s.w.s.a.HttpWebHandlerAdapter - enableLoggingRequestDetails='false': form data and headers will be masked to prevent unsafe logging of potentially sensitive data
16:11:38.860 [Test worker] WARN  o.e.j.s.h.ContextHandler - Empty contextPath
16:11:38.860 [Test worker] INFO  o.e.j.s.h.ContextHandler - Started o.e.j.s.ServletContextHandler@4af7ca42{/,null,AVAILABLE}
16:11:38.861 [Test worker] DEBUG o.s.w.t.h.s.r.b.JettyHttpServer - Starting JettyHttpServer...
16:11:38.861 [Test worker] INFO  o.e.j.s.Server - jetty-9.4.31.v20200723; built: 2020-07-23T17:57:36.812Z; git: 450ba27947e13e66baa8cd1ce7e85a4461cacc1d; jvm 1.8.0_201-b09
16:11:38.864 [Test worker] INFO  o.e.j.s.AbstractConnector - Started ServerConnector@6ca8966e{HTTP/1.1, (http/1.1)}{0.0.0.0:55054}
16:11:38.864 [Test worker] INFO  o.e.j.s.Server - Started @66705ms
16:11:38.865 [Test worker] DEBUG o.s.w.t.h.s.r.b.JettyHttpServer - Server started on port 55054(0 millis).
16:11:38.865 [Test worker] DEBUG o.s.w.c.RestTemplate - HTTP GET http://localhost:55054/person-response/completable-future
16:11:38.867 [Test worker] DEBUG o.s.w.c.RestTemplate - Accept=[application/xml, text/xml, application/json, application/x-jackson-smile, application/*+xml, application/*+json]
16:11:38.870 [qtp953823164-390] DEBUG o.s.w.s.a.HttpWebHandlerAdapter - [7bd22381] HTTP GET "/person-response/completable-future"
16:11:38.870 [qtp953823164-390] DEBUG o.s.w.r.r.m.a.RequestMappingHandlerMapping - [7bd22381] Mapped to org.springframework.web.reactive.result.method.annotation.RequestMappingMessageConversionIntegrationTests$PersonResponseBodyController#getCompletableFuture()
16:11:38.873 [qtp953823164-390] DEBUG o.s.w.r.r.m.a.ResponseBodyResultHandler - Using 'application/json' given [application/json] and supported [application/json, application/*+json, application/x-jackson-smile, application/*+x-jackson-smile, application/xml, text/xml, text/event-stream]
16:11:38.873 [qtp953823164-390] DEBUG o.s.w.r.r.m.a.ResponseBodyResultHandler - [7bd22381] 0..1 [org.springframework.web.reactive.result.method.annotation.RequestMappingMessageConversionIntegrationTests$Person]
16:11:38.875 [qtp953823164-390] DEBUG o.s.h.c.j.Jackson2JsonEncoder - [7bd22381] Encoding [Person{name='Robert'}]
16:11:38.876 [qtp953823164-390] DEBUG o.s.w.s.a.HttpWebHandlerAdapter - [7bd22381] Completed 200 OK
16:11:38.876 [Test worker] DEBUG o.s.w.c.RestTemplate - Response 200 OK
16:11:38.876 [Test worker] DEBUG o.s.w.c.RestTemplate - Reading to [org.springframework.web.reactive.result.method.annotation.RequestMappingMessageConversionIntegrationTests$Person]
16:11:38.877 [Test worker] DEBUG o.s.w.t.h.s.r.b.JettyHttpServer - Stopping JettyHttpServer...
16:11:38.877 [Test worker] INFO  o.e.j.s.h.ContextHandler - Stopped o.e.j.s.ServletContextHandler@4af7ca42{/,null,UNAVAILABLE}
16:11:38.880 [Test worker] INFO  o.e.j.s.AbstractConnector - Stopped ServerConnector@6ca8966e{HTTP/1.1, (http/1.1)}{0.0.0.0:0}
16:11:38.891 [Test worker] DEBUG o.s.w.t.h.s.r.b.JettyHttpServer - Server stopped (0 millis).
16:11:39.135 [Test worker] DEBUG o.s.w.r.r.m.a.RequestMappingHandlerMapping - 39 mappings in 'requestMappingHandlerMapping'
16:11:39.233 [Test worker] DEBUG o.s.w.r.r.m.a.ControllerMethodResolver - ControllerAdvice beans: none
16:11:39.318 [Test worker] DEBUG o.s.w.s.a.HttpWebHandlerAdapter - enableLoggingRequestDetails='false': form data and headers will be masked to prevent unsafe logging of potentially sensitive data
16:11:39.318 [Test worker] DEBUG o.s.w.t.h.s.r.b.ReactorHttpServer - Starting ReactorHttpServer...
16:11:39.321 [Test worker] DEBUG o.s.w.t.h.s.r.b.ReactorHttpServer - Server started on port 55079(0 millis).
16:11:39.321 [Test worker] DEBUG o.s.w.c.RestTemplate - HTTP GET http://localhost:55079/person-response/completable-future
16:11:39.323 [Test worker] DEBUG o.s.w.c.RestTemplate - Accept=[application/xml, text/xml, application/json, application/x-jackson-smile, application/*+xml, application/*+json]
16:11:39.326 [reactor-http-nio-4] DEBUG o.s.w.s.a.HttpWebHandlerAdapter - [b6b349b2-10] HTTP GET "/person-response/completable-future"
16:11:39.326 [reactor-http-nio-4] DEBUG o.s.w.r.r.m.a.RequestMappingHandlerMapping - [b6b349b2-10] Mapped to org.springframework.web.reactive.result.method.annotation.RequestMappingMessageConversionIntegrationTests$PersonResponseBodyController#getCompletableFuture()
16:11:39.329 [reactor-http-nio-4] DEBUG o.s.w.r.r.m.a.ResponseBodyResultHandler - Using 'application/json' given [application/json] and supported [application/json, application/*+json, application/x-jackson-smile, application/*+x-jackson-smile, application/xml, text/xml, text/event-stream]
16:11:39.329 [reactor-http-nio-4] DEBUG o.s.w.r.r.m.a.ResponseBodyResultHandler - [b6b349b2-10] 0..1 [org.springframework.web.reactive.result.method.annotation.RequestMappingMessageConversionIntegrationTests$Person]
16:11:39.330 [reactor-http-nio-4] DEBUG o.s.h.c.j.Jackson2JsonEncoder - [b6b349b2-10] Encoding [Person{name='Robert'}]
16:11:39.332 [Test worker] DEBUG o.s.w.c.RestTemplate - Response 200 OK
16:11:39.332 [reactor-http-nio-4] DEBUG o.s.w.s.a.HttpWebHandlerAdapter - [b6b349b2-10] Completed 200 OK
16:11:39.332 [Test worker] DEBUG o.s.w.c.RestTemplate - Reading to [org.springframework.web.reactive.result.method.annotation.RequestMappingMessageConversionIntegrationTests$Person]
16:11:39.333 [Test worker] DEBUG o.s.w.t.h.s.r.b.ReactorHttpServer - Stopping ReactorHttpServer...
16:11:39.333 [Test worker] DEBUG o.s.w.t.h.s.r.b.ReactorHttpServer - Server stopped (0 millis).
16:11:39.591 [Test worker] DEBUG o.s.w.r.r.m.a.RequestMappingHandlerMapping - 39 mappings in 'requestMappingHandlerMapping'
16:11:39.679 [Test worker] DEBUG o.s.w.r.r.m.a.ControllerMethodResolver - ControllerAdvice beans: none
16:11:39.767 [Test worker] DEBUG o.s.w.s.a.HttpWebHandlerAdapter - enableLoggingRequestDetails='false': form data and headers will be masked to prevent unsafe logging of potentially sensitive data
16:11:39.769 [Test worker] DEBUG o.s.w.t.h.s.r.b.TomcatHttpServer - Starting TomcatHttpServer...
16:11:39.817 [Test worker] DEBUG o.s.w.t.h.s.r.b.TomcatHttpServer - Server started on port 55122(0 millis).
16:11:39.818 [Test worker] DEBUG o.s.w.c.RestTemplate - HTTP GET http://localhost:55122/person-response/completable-future
16:11:39.820 [Test worker] DEBUG o.s.w.c.RestTemplate - Accept=[application/xml, text/xml, application/json, application/x-jackson-smile, application/*+xml, application/*+json]
16:11:39.824 [http-nio-auto-10-exec-1] DEBUG o.s.w.s.a.HttpWebHandlerAdapter - [57f650b6] HTTP GET "/person-response/completable-future"
16:11:39.825 [http-nio-auto-10-exec-1] DEBUG o.s.w.r.r.m.a.RequestMappingHandlerMapping - [57f650b6] Mapped to org.springframework.web.reactive.result.method.annotation.RequestMappingMessageConversionIntegrationTests$PersonResponseBodyController#getCompletableFuture()
16:11:39.828 [http-nio-auto-10-exec-1] DEBUG o.s.w.r.r.m.a.ResponseBodyResultHandler - Using 'application/json' given [application/json] and supported [application/json, application/*+json, application/x-jackson-smile, application/*+x-jackson-smile, application/xml, text/xml, text/event-stream]
16:11:39.828 [http-nio-auto-10-exec-1] DEBUG o.s.w.r.r.m.a.ResponseBodyResultHandler - [57f650b6] 0..1 [org.springframework.web.reactive.result.method.annotation.RequestMappingMessageConversionIntegrationTests$Person]
16:11:39.828 [http-nio-auto-10-exec-1] DEBUG o.s.h.c.j.Jackson2JsonEncoder - [57f650b6] Encoding [Person{name='Robert'}]
16:11:39.830 [http-nio-auto-10-exec-1] DEBUG o.s.w.s.a.HttpWebHandlerAdapter - [57f650b6] Completed 200 OK
16:11:39.831 [Test worker] DEBUG o.s.w.c.RestTemplate - Response 200 OK
16:11:39.832 [Test worker] DEBUG o.s.w.c.RestTemplate - Reading to [org.springframework.web.reactive.result.method.annotation.RequestMappingMessageConversionIntegrationTests$Person]
16:11:39.833 [Test worker] DEBUG o.s.w.t.h.s.r.b.TomcatHttpServer - Stopping TomcatHttpServer...
16:11:39.852 [Test worker] DEBUG o.s.w.t.h.s.r.b.TomcatHttpServer - Server stopped (0 millis).
16:11:40.138 [Test worker] DEBUG o.s.w.r.r.m.a.RequestMappingHandlerMapping - 39 mappings in 'requestMappingHandlerMapping'
16:11:40.226 [Test worker] DEBUG o.s.w.r.r.m.a.ControllerMethodResolver - ControllerAdvice beans: none
16:11:40.305 [Test worker] DEBUG o.s.w.s.a.HttpWebHandlerAdapter - enableLoggingRequestDetails='false': form data and headers will be masked to prevent unsafe logging of potentially sensitive data
16:11:40.305 [Test worker] DEBUG o.s.w.t.h.s.r.b.UndertowHttpServer - Starting UndertowHttpServer...
16:11:40.305 [Test worker] INFO  i.undertow - starting server: Undertow - 2.0.32.Final
16:11:40.314 [Test worker] DEBUG o.s.w.t.h.s.r.b.UndertowHttpServer - Server started on port 55166(0 millis).
16:11:40.315 [Test worker] DEBUG o.s.w.c.RestTemplate - HTTP GET http://localhost:55166/person-response/completable-future
16:11:40.316 [Test worker] DEBUG o.s.w.c.RestTemplate - Accept=[application/xml, text/xml, application/json, application/x-jackson-smile, application/*+xml, application/*+json]
16:11:40.320 [XNIO-10 I/O-6] DEBUG o.s.w.s.a.HttpWebHandlerAdapter - [10c1dae9] HTTP GET "/person-response/completable-future"
16:11:40.321 [XNIO-10 I/O-6] DEBUG o.s.w.r.r.m.a.RequestMappingHandlerMapping - [10c1dae9] Mapped to org.springframework.web.reactive.result.method.annotation.RequestMappingMessageConversionIntegrationTests$PersonResponseBodyController#getCompletableFuture()
16:11:40.323 [XNIO-10 I/O-6] DEBUG o.s.w.r.r.m.a.ResponseBodyResultHandler - Using 'application/json' given [application/json] and supported [application/json, application/*+json, application/x-jackson-smile, application/*+x-jackson-smile, application/xml, text/xml, text/event-stream]
16:11:40.324 [XNIO-10 I/O-6] DEBUG o.s.w.r.r.m.a.ResponseBodyResultHandler - [10c1dae9] 0..1 [org.springframework.web.reactive.result.method.annotation.RequestMappingMessageConversionIntegrationTests$Person]
16:11:40.324 [XNIO-10 I/O-6] DEBUG o.s.h.c.j.Jackson2JsonEncoder - [10c1dae9] Encoding [Person{name='Robert'}]
16:11:40.325 [XNIO-10 I/O-6] DEBUG o.s.w.s.a.HttpWebHandlerAdapter - [10c1dae9] Completed 200 OK
16:11:40.325 [Test worker] DEBUG o.s.w.c.RestTemplate - Response 200 OK
16:11:40.326 [Test worker] DEBUG o.s.w.c.RestTemplate - Reading to [org.springframework.web.reactive.result.method.annotation.RequestMappingMessageConversionIntegrationTests$Person]
16:11:40.326 [Test worker] DEBUG o.s.w.t.h.s.r.b.UndertowHttpServer - Stopping UndertowHttpServer...
16:11:40.326 [Test worker] INFO  i.undertow - stopping server: Undertow - 2.0.32.Final
16:11:40.328 [Test worker] DEBUG o.s.w.t.h.s.r.b.UndertowHttpServer - Server stopped (0 millis).
16:11:40.528 [Test worker] DEBUG o.s.w.r.r.m.a.RequestMappingHandlerMapping - 39 mappings in 'requestMappingHandlerMapping'
16:11:40.615 [Test worker] DEBUG o.s.w.r.r.m.a.ControllerMethodResolver - ControllerAdvice beans: none
16:11:40.717 [Test worker] DEBUG o.s.w.s.a.HttpWebHandlerAdapter - enableLoggingRequestDetails='false': form data and headers will be masked to prevent unsafe logging of potentially sensitive data
16:11:40.718 [Test worker] WARN  o.e.j.s.h.ContextHandler - Empty contextPath
16:11:40.748 [Test worker] INFO  o.e.j.s.h.ContextHandler - Started o.e.j.s.ServletContextHandler@2248062e{/,null,AVAILABLE}
16:11:40.748 [Test worker] DEBUG o.s.w.t.h.s.r.b.JettyHttpServer - Starting JettyHttpServer...
16:11:40.748 [Test worker] INFO  o.e.j.s.Server - jetty-9.4.31.v20200723; built: 2020-07-23T17:57:36.812Z; git: 450ba27947e13e66baa8cd1ce7e85a4461cacc1d; jvm 1.8.0_201-b09
16:11:40.752 [Test worker] INFO  o.e.j.s.AbstractConnector - Started ServerConnector@4f82f760{HTTP/1.1, (http/1.1)}{0.0.0.0:55210}
16:11:40.754 [Test worker] INFO  o.e.j.s.Server - Started @68594ms
16:11:40.756 [Test worker] DEBUG o.s.w.t.h.s.r.b.JettyHttpServer - Server started on port 55210(0 millis).
16:11:40.757 [Test worker] DEBUG o.s.w.c.RestTemplate - HTTP POST http://localhost:55210/person-transform/rxjava2-observable
16:11:40.765 [Test worker] DEBUG o.s.w.c.RestTemplate - Accept=[application/json, application/x-jackson-smile, application/*+json]
16:11:40.766 [Test worker] DEBUG o.s.w.c.RestTemplate - Writing [[Person{name='Robert'}, Person{name='Marie'}]] as "application/json"
16:11:40.773 [qtp876772781-428] DEBUG o.s.w.s.a.HttpWebHandlerAdapter - [500fd86e] HTTP POST "/person-transform/rxjava2-observable"
16:11:40.773 [qtp876772781-428] DEBUG o.s.w.r.r.m.a.RequestMappingHandlerMapping - [500fd86e] Mapped to org.springframework.web.reactive.result.method.annotation.RequestMappingMessageConversionIntegrationTests$PersonTransformationController#transformObservable(Observable)
16:11:40.777 [qtp876772781-428] DEBUG o.s.w.r.r.m.a.RequestBodyMethodArgumentResolver - [500fd86e] Content-Type:application/json;charset=UTF-8
16:11:40.778 [qtp876772781-428] DEBUG o.s.w.r.r.m.a.RequestBodyMethodArgumentResolver - [500fd86e] 0..N [org.springframework.web.reactive.result.method.annotation.RequestMappingMessageConversionIntegrationTests$Person]
16:11:40.782 [qtp876772781-428] DEBUG o.s.w.r.r.m.a.ResponseBodyResultHandler - Using 'application/json' given [application/json] and supported [application/json, application/*+json, application/x-jackson-smile, application/*+x-jackson-smile, application/xml, text/xml, text/event-stream]
16:11:40.782 [qtp876772781-428] DEBUG o.s.w.r.r.m.a.ResponseBodyResultHandler - [500fd86e] 0..N [org.springframework.web.reactive.result.method.annotation.RequestMappingMessageConversionIntegrationTests$Person]
16:11:40.788 [qtp876772781-428] DEBUG o.s.h.c.j.Jackson2JsonDecoder - [500fd86e] Decoded [Person{name='Robert'}]
16:11:40.789 [qtp876772781-428] DEBUG o.s.h.c.j.Jackson2JsonDecoder - [500fd86e] Decoded [Person{name='Marie'}]
16:11:40.789 [qtp876772781-428] DEBUG o.s.h.c.j.Jackson2JsonEncoder - [500fd86e] Encoding [[Person{name='ROBERT'}, Person{name='MARIE'}]]
16:11:40.791 [qtp876772781-428] DEBUG o.s.w.s.a.HttpWebHandlerAdapter - [500fd86e] Completed 200 OK
16:11:40.791 [Test worker] DEBUG o.s.w.c.RestTemplate - Response 200 OK
16:11:40.791 [Test worker] DEBUG o.s.w.c.RestTemplate - Reading to [java.util.List<org.springframework.web.reactive.result.method.annotation.RequestMappingMessageConversionIntegrationTests$Person>]
16:11:40.795 [Test worker] DEBUG o.s.w.t.h.s.r.b.JettyHttpServer - Stopping JettyHttpServer...
16:11:40.795 [Test worker] INFO  o.e.j.s.h.ContextHandler - Stopped o.e.j.s.ServletContextHandler@2248062e{/,null,UNAVAILABLE}
16:11:40.798 [Test worker] INFO  o.e.j.s.AbstractConnector - Stopped ServerConnector@4f82f760{HTTP/1.1, (http/1.1)}{0.0.0.0:0}
16:11:40.810 [Test worker] DEBUG o.s.w.t.h.s.r.b.JettyHttpServer - Server stopped (0 millis).
16:11:41.004 [Test worker] DEBUG o.s.w.r.r.m.a.RequestMappingHandlerMapping - 39 mappings in 'requestMappingHandlerMapping'
16:11:41.122 [Test worker] DEBUG o.s.w.r.r.m.a.ControllerMethodResolver - ControllerAdvice beans: none
16:11:41.206 [Test worker] DEBUG o.s.w.s.a.HttpWebHandlerAdapter - enableLoggingRequestDetails='false': form data and headers will be masked to prevent unsafe logging of potentially sensitive data
16:11:41.208 [Test worker] DEBUG o.s.w.t.h.s.r.b.ReactorHttpServer - Starting ReactorHttpServer...
16:11:41.215 [Test worker] DEBUG o.s.w.t.h.s.r.b.ReactorHttpServer - Server started on port 55258(0 millis).
16:11:41.216 [Test worker] DEBUG o.s.w.c.RestTemplate - HTTP POST http://localhost:55258/person-transform/rxjava2-observable
16:11:41.217 [Test worker] DEBUG o.s.w.c.RestTemplate - Accept=[application/json, application/x-jackson-smile, application/*+json]
16:11:41.217 [Test worker] DEBUG o.s.w.c.RestTemplate - Writing [[Person{name='Robert'}, Person{name='Marie'}]] as "application/json"
16:11:41.221 [reactor-http-nio-6] DEBUG o.s.w.s.a.HttpWebHandlerAdapter - [51557932-11] HTTP POST "/person-transform/rxjava2-observable"
16:11:41.221 [reactor-http-nio-6] DEBUG o.s.w.r.r.m.a.RequestMappingHandlerMapping - [51557932-11] Mapped to org.springframework.web.reactive.result.method.annotation.RequestMappingMessageConversionIntegrationTests$PersonTransformationController#transformObservable(Observable)
16:11:41.223 [reactor-http-nio-6] DEBUG o.s.w.r.r.m.a.RequestBodyMethodArgumentResolver - [51557932-11] Content-Type:application/json
16:11:41.223 [reactor-http-nio-6] DEBUG o.s.w.r.r.m.a.RequestBodyMethodArgumentResolver - [51557932-11] 0..N [org.springframework.web.reactive.result.method.annotation.RequestMappingMessageConversionIntegrationTests$Person]
16:11:41.225 [reactor-http-nio-6] DEBUG o.s.w.r.r.m.a.ResponseBodyResultHandler - Using 'application/json' given [application/json] and supported [application/json, application/*+json, application/x-jackson-smile, application/*+x-jackson-smile, application/xml, text/xml, text/event-stream]
16:11:41.226 [reactor-http-nio-6] DEBUG o.s.w.r.r.m.a.ResponseBodyResultHandler - [51557932-11] 0..N [org.springframework.web.reactive.result.method.annotation.RequestMappingMessageConversionIntegrationTests$Person]
16:11:41.227 [reactor-http-nio-6] DEBUG o.s.h.c.j.Jackson2JsonDecoder - [51557932-11] Decoded [Person{name='Robert'}]
16:11:41.227 [reactor-http-nio-6] DEBUG o.s.h.c.j.Jackson2JsonDecoder - [51557932-11] Decoded [Person{name='Marie'}]
16:11:41.228 [reactor-http-nio-6] DEBUG o.s.h.c.j.Jackson2JsonEncoder - [51557932-11] Encoding [[Person{name='ROBERT'}, Person{name='MARIE'}]]
16:11:41.229 [Test worker] DEBUG o.s.w.c.RestTemplate - Response 200 OK
16:11:41.230 [Test worker] DEBUG o.s.w.c.RestTemplate - Reading to [java.util.List<org.springframework.web.reactive.result.method.annotation.RequestMappingMessageConversionIntegrationTests$Person>]
16:11:41.230 [reactor-http-nio-6] DEBUG o.s.w.s.a.HttpWebHandlerAdapter - [51557932-11] Completed 200 OK
16:11:41.231 [Test worker] DEBUG o.s.w.t.h.s.r.b.ReactorHttpServer - Stopping ReactorHttpServer...
16:11:41.232 [Test worker] DEBUG o.s.w.t.h.s.r.b.ReactorHttpServer - Server stopped (0 millis).
16:11:41.454 [Test worker] DEBUG o.s.w.r.r.m.a.RequestMappingHandlerMapping - 39 mappings in 'requestMappingHandlerMapping'
16:11:41.540 [Test worker] DEBUG o.s.w.r.r.m.a.ControllerMethodResolver - ControllerAdvice beans: none
16:11:41.640 [Test worker] DEBUG o.s.w.s.a.HttpWebHandlerAdapter - enableLoggingRequestDetails='false': form data and headers will be masked to prevent unsafe logging of potentially sensitive data
16:11:41.641 [Test worker] DEBUG o.s.w.t.h.s.r.b.TomcatHttpServer - Starting TomcatHttpServer...
16:11:41.672 [Test worker] DEBUG o.s.w.t.h.s.r.b.TomcatHttpServer - Server started on port 55294(0 millis).
16:11:41.672 [Test worker] DEBUG o.s.w.c.RestTemplate - HTTP POST http://localhost:55294/person-transform/rxjava2-observable
16:11:41.673 [Test worker] DEBUG o.s.w.c.RestTemplate - Accept=[application/json, application/x-jackson-smile, application/*+json]
16:11:41.673 [Test worker] DEBUG o.s.w.c.RestTemplate - Writing [[Person{name='Robert'}, Person{name='Marie'}]] as "application/json"
16:11:41.699 [http-nio-auto-11-exec-1] DEBUG o.s.w.s.a.HttpWebHandlerAdapter - [169cf504] HTTP POST "/person-transform/rxjava2-observable"
16:11:41.700 [http-nio-auto-11-exec-1] DEBUG o.s.w.r.r.m.a.RequestMappingHandlerMapping - [169cf504] Mapped to org.springframework.web.reactive.result.method.annotation.RequestMappingMessageConversionIntegrationTests$PersonTransformationController#transformObservable(Observable)
16:11:41.701 [http-nio-auto-11-exec-1] DEBUG o.s.w.r.r.m.a.RequestBodyMethodArgumentResolver - [169cf504] Content-Type:application/json
16:11:41.702 [http-nio-auto-11-exec-1] DEBUG o.s.w.r.r.m.a.RequestBodyMethodArgumentResolver - [169cf504] 0..N [org.springframework.web.reactive.result.method.annotation.RequestMappingMessageConversionIntegrationTests$Person]
16:11:41.703 [http-nio-auto-11-exec-1] DEBUG o.s.w.r.r.m.a.ResponseBodyResultHandler - Using 'application/json' given [application/json] and supported [application/json, application/*+json, application/x-jackson-smile, application/*+x-jackson-smile, application/xml, text/xml, text/event-stream]
16:11:41.704 [http-nio-auto-11-exec-1] DEBUG o.s.w.r.r.m.a.ResponseBodyResultHandler - [169cf504] 0..N [org.springframework.web.reactive.result.method.annotation.RequestMappingMessageConversionIntegrationTests$Person]
16:11:41.704 [http-nio-auto-11-exec-1] DEBUG o.s.h.c.j.Jackson2JsonDecoder - [169cf504] Decoded [Person{name='Robert'}]
16:11:41.704 [http-nio-auto-11-exec-1] DEBUG o.s.h.c.j.Jackson2JsonDecoder - [169cf504] Decoded [Person{name='Marie'}]
16:11:41.705 [http-nio-auto-11-exec-1] DEBUG o.s.h.c.j.Jackson2JsonEncoder - [169cf504] Encoding [[Person{name='ROBERT'}, Person{name='MARIE'}]]
16:11:41.706 [http-nio-auto-11-exec-1] DEBUG o.s.w.s.a.HttpWebHandlerAdapter - [169cf504] Completed 200 OK
16:11:41.707 [Test worker] DEBUG o.s.w.c.RestTemplate - Response 200 OK
16:11:41.708 [Test worker] DEBUG o.s.w.c.RestTemplate - Reading to [java.util.List<org.springframework.web.reactive.result.method.annotation.RequestMappingMessageConversionIntegrationTests$Person>]
16:11:41.710 [Test worker] DEBUG o.s.w.t.h.s.r.b.TomcatHttpServer - Stopping TomcatHttpServer...
16:11:41.722 [Test worker] DEBUG o.s.w.t.h.s.r.b.TomcatHttpServer - Server stopped (0 millis).
16:11:41.972 [Test worker] DEBUG o.s.w.r.r.m.a.RequestMappingHandlerMapping - 39 mappings in 'requestMappingHandlerMapping'
16:11:42.048 [Test worker] DEBUG o.s.w.r.r.m.a.ControllerMethodResolver - ControllerAdvice beans: none
16:11:42.111 [Test worker] DEBUG o.s.w.s.a.HttpWebHandlerAdapter - enableLoggingRequestDetails='false': form data and headers will be masked to prevent unsafe logging of potentially sensitive data
16:11:42.111 [Test worker] DEBUG o.s.w.t.h.s.r.b.UndertowHttpServer - Starting UndertowHttpServer...
16:11:42.111 [Test worker] INFO  i.undertow - starting server: Undertow - 2.0.32.Final
16:11:42.168 [Test worker] DEBUG o.s.w.t.h.s.r.b.UndertowHttpServer - Server started on port 55313(0 millis).
16:11:42.169 [Test worker] DEBUG o.s.w.c.RestTemplate - HTTP POST http://localhost:55313/person-transform/rxjava2-observable
16:11:42.170 [Test worker] DEBUG o.s.w.c.RestTemplate - Accept=[application/json, application/x-jackson-smile, application/*+json]
16:11:42.170 [Test worker] DEBUG o.s.w.c.RestTemplate - Writing [[Person{name='Robert'}, Person{name='Marie'}]] as "application/json"
16:11:42.173 [XNIO-11 I/O-7] DEBUG o.s.w.s.a.HttpWebHandlerAdapter - [1530180a] HTTP POST "/person-transform/rxjava2-observable"
16:11:42.174 [XNIO-11 I/O-7] DEBUG o.s.w.r.r.m.a.RequestMappingHandlerMapping - [1530180a] Mapped to org.springframework.web.reactive.result.method.annotation.RequestMappingMessageConversionIntegrationTests$PersonTransformationController#transformObservable(Observable)
16:11:42.175 [XNIO-11 I/O-7] DEBUG o.s.w.r.r.m.a.RequestBodyMethodArgumentResolver - [1530180a] Content-Type:application/json
16:11:42.176 [XNIO-11 I/O-7] DEBUG o.s.w.r.r.m.a.RequestBodyMethodArgumentResolver - [1530180a] 0..N [org.springframework.web.reactive.result.method.annotation.RequestMappingMessageConversionIntegrationTests$Person]
16:11:42.178 [XNIO-11 I/O-7] DEBUG o.s.w.r.r.m.a.ResponseBodyResultHandler - Using 'application/json' given [application/json] and supported [application/json, application/*+json, application/x-jackson-smile, application/*+x-jackson-smile, application/xml, text/xml, text/event-stream]
16:11:42.178 [XNIO-11 I/O-7] DEBUG o.s.w.r.r.m.a.ResponseBodyResultHandler - [1530180a] 0..N [org.springframework.web.reactive.result.method.annotation.RequestMappingMessageConversionIntegrationTests$Person]
16:11:42.179 [XNIO-11 I/O-7] DEBUG o.s.h.c.j.Jackson2JsonDecoder - [1530180a] Decoded [Person{name='Robert'}]
16:11:42.179 [XNIO-11 I/O-7] DEBUG o.s.h.c.j.Jackson2JsonDecoder - [1530180a] Decoded [Person{name='Marie'}]
16:11:42.179 [XNIO-11 I/O-7] DEBUG o.s.h.c.j.Jackson2JsonEncoder - [1530180a] Encoding [[Person{name='ROBERT'}, Person{name='MARIE'}]]
16:11:42.180 [XNIO-11 I/O-7] DEBUG o.s.w.s.a.HttpWebHandlerAdapter - [1530180a] Completed 200 OK
16:11:42.187 [Test worker] DEBUG o.s.w.c.RestTemplate - Response 200 OK
16:11:42.188 [Test worker] DEBUG o.s.w.c.RestTemplate - Reading to [java.util.List<org.springframework.web.reactive.result.method.annotation.RequestMappingMessageConversionIntegrationTests$Person>]
16:11:42.190 [Test worker] DEBUG o.s.w.t.h.s.r.b.UndertowHttpServer - Stopping UndertowHttpServer...
16:11:42.190 [Test worker] INFO  i.undertow - stopping server: Undertow - 2.0.32.Final
16:11:42.193 [Test worker] DEBUG o.s.w.t.h.s.r.b.UndertowHttpServer - Server stopped (0 millis).
16:11:42.430 [Test worker] DEBUG o.s.w.r.r.m.a.RequestMappingHandlerMapping - 39 mappings in 'requestMappingHandlerMapping'
16:11:42.499 [Test worker] DEBUG o.s.w.r.r.m.a.ControllerMethodResolver - ControllerAdvice beans: none
16:11:42.561 [Test worker] DEBUG o.s.w.s.a.HttpWebHandlerAdapter - enableLoggingRequestDetails='false': form data and headers will be masked to prevent unsafe logging of potentially sensitive data
16:11:42.575 [Test worker] WARN  o.e.j.s.h.ContextHandler - Empty contextPath
16:11:42.577 [Test worker] INFO  o.e.j.s.h.ContextHandler - Started o.e.j.s.ServletContextHandler@1d10c137{/,null,AVAILABLE}
16:11:42.577 [Test worker] DEBUG o.s.w.t.h.s.r.b.JettyHttpServer - Starting JettyHttpServer...
16:11:42.577 [Test worker] INFO  o.e.j.s.Server - jetty-9.4.31.v20200723; built: 2020-07-23T17:57:36.812Z; git: 450ba27947e13e66baa8cd1ce7e85a4461cacc1d; jvm 1.8.0_201-b09
16:11:42.597 [Test worker] INFO  o.e.j.s.AbstractConnector - Started ServerConnector@3bac2287{HTTP/1.1, (http/1.1)}{0.0.0.0:55358}
16:11:42.597 [Test worker] INFO  o.e.j.s.Server - Started @70438ms
16:11:42.598 [Test worker] DEBUG o.s.w.t.h.s.r.b.JettyHttpServer - Server started on port 55358(0 millis).
16:11:42.598 [Test worker] DEBUG o.s.w.c.RestTemplate - HTTP POST http://localhost:55358/person-create/observable
16:11:42.632 [Test worker] DEBUG o.s.w.c.RestTemplate - Accept=[application/json, application/x-jackson-smile, application/*+json]
16:11:42.632 [Test worker] DEBUG o.s.w.c.RestTemplate - Writing [org.springframework.web.reactive.result.method.annotation.RequestMappingMessageConversionIntegrationTests$People@7f9373ed] as "application/xml"
16:11:43.602 [qtp1295785868-466] DEBUG o.s.w.s.a.HttpWebHandlerAdapter - [63979b07] HTTP POST "/person-create/observable"
16:11:43.603 [qtp1295785868-466] DEBUG o.s.w.r.r.m.a.RequestMappingHandlerMapping - [63979b07] Mapped to org.springframework.web.reactive.result.method.annotation.RequestMappingMessageConversionIntegrationTests$PersonCreateController#createWithObservable(Observable)
16:11:43.604 [qtp1295785868-466] DEBUG o.s.w.r.r.m.a.RequestBodyMethodArgumentResolver - [63979b07] Content-Type:application/xml
16:11:43.606 [qtp1295785868-466] DEBUG o.s.w.r.r.m.a.RequestBodyMethodArgumentResolver - [63979b07] 0..N [org.springframework.web.reactive.result.method.annotation.RequestMappingMessageConversionIntegrationTests$Person]
16:11:43.810 [qtp1295785868-466] DEBUG o.s.h.c.x.Jaxb2XmlDecoder - [63979b07] Decoded [Person{name='Robert'}]
16:11:43.811 [qtp1295785868-466] DEBUG o.s.h.c.x.Jaxb2XmlDecoder - [63979b07] Decoded [Person{name='Marie'}]
16:11:43.811 [qtp1295785868-466] DEBUG o.s.w.s.a.HttpWebHandlerAdapter - [63979b07] Completed 200 OK
16:11:43.813 [Test worker] DEBUG o.s.w.c.RestTemplate - Response 200 OK
16:11:43.815 [Test worker] DEBUG o.s.w.t.h.s.r.b.JettyHttpServer - Stopping JettyHttpServer...
16:11:43.815 [Test worker] INFO  o.e.j.s.h.ContextHandler - Stopped o.e.j.s.ServletContextHandler@1d10c137{/,null,UNAVAILABLE}
16:11:43.818 [Test worker] INFO  o.e.j.s.AbstractConnector - Stopped ServerConnector@3bac2287{HTTP/1.1, (http/1.1)}{0.0.0.0:0}
16:11:43.829 [Test worker] DEBUG o.s.w.t.h.s.r.b.JettyHttpServer - Server stopped (0 millis).
16:11:44.050 [Test worker] DEBUG o.s.w.r.r.m.a.RequestMappingHandlerMapping - 39 mappings in 'requestMappingHandlerMapping'
16:11:44.171 [Test worker] DEBUG o.s.w.r.r.m.a.ControllerMethodResolver - ControllerAdvice beans: none
16:11:44.260 [Test worker] DEBUG o.s.w.s.a.HttpWebHandlerAdapter - enableLoggingRequestDetails='false': form data and headers will be masked to prevent unsafe logging of potentially sensitive data
16:11:44.260 [Test worker] DEBUG o.s.w.t.h.s.r.b.ReactorHttpServer - Starting ReactorHttpServer...
16:11:44.263 [Test worker] DEBUG o.s.w.t.h.s.r.b.ReactorHttpServer - Server started on port 55424(0 millis).
16:11:44.264 [Test worker] DEBUG o.s.w.c.RestTemplate - HTTP POST http://localhost:55424/person-create/observable
16:11:44.265 [Test worker] DEBUG o.s.w.c.RestTemplate - Accept=[application/json, application/x-jackson-smile, application/*+json]
16:11:44.265 [Test worker] DEBUG o.s.w.c.RestTemplate - Writing [org.springframework.web.reactive.result.method.annotation.RequestMappingMessageConversionIntegrationTests$People@649ab73e] as "application/xml"
16:11:44.274 [reactor-http-nio-8] DEBUG o.s.w.s.a.HttpWebHandlerAdapter - [aaf4cb4d-12] HTTP POST "/person-create/observable"
16:11:44.275 [reactor-http-nio-8] DEBUG o.s.w.r.r.m.a.RequestMappingHandlerMapping - [aaf4cb4d-12] Mapped to org.springframework.web.reactive.result.method.annotation.RequestMappingMessageConversionIntegrationTests$PersonCreateController#createWithObservable(Observable)
16:11:44.276 [reactor-http-nio-8] DEBUG o.s.w.r.r.m.a.RequestBodyMethodArgumentResolver - [aaf4cb4d-12] Content-Type:application/xml
16:11:44.277 [reactor-http-nio-8] DEBUG o.s.w.r.r.m.a.RequestBodyMethodArgumentResolver - [aaf4cb4d-12] 0..N [org.springframework.web.reactive.result.method.annotation.RequestMappingMessageConversionIntegrationTests$Person]
16:11:44.282 [reactor-http-nio-8] DEBUG o.s.h.c.x.Jaxb2XmlDecoder - [aaf4cb4d-12] Decoded [Person{name='Robert'}]
16:11:44.283 [reactor-http-nio-8] DEBUG o.s.h.c.x.Jaxb2XmlDecoder - [aaf4cb4d-12] Decoded [Person{name='Marie'}]
16:11:44.283 [reactor-http-nio-8] DEBUG o.s.w.s.a.HttpWebHandlerAdapter - [aaf4cb4d-12] Completed 200 OK
16:11:44.284 [Test worker] DEBUG o.s.w.c.RestTemplate - Response 200 OK
16:11:44.285 [Test worker] DEBUG o.s.w.t.h.s.r.b.ReactorHttpServer - Stopping ReactorHttpServer...
16:11:44.286 [Test worker] DEBUG o.s.w.t.h.s.r.b.ReactorHttpServer - Server stopped (0 millis).
16:11:44.542 [Test worker] DEBUG o.s.w.r.r.m.a.RequestMappingHandlerMapping - 39 mappings in 'requestMappingHandlerMapping'
16:11:44.639 [Test worker] DEBUG o.s.w.r.r.m.a.ControllerMethodResolver - ControllerAdvice beans: none
16:11:44.724 [Test worker] DEBUG o.s.w.s.a.HttpWebHandlerAdapter - enableLoggingRequestDetails='false': form data and headers will be masked to prevent unsafe logging of potentially sensitive data
16:11:44.725 [Test worker] DEBUG o.s.w.t.h.s.r.b.TomcatHttpServer - Starting TomcatHttpServer...
16:11:44.738 [Test worker] DEBUG o.s.w.t.h.s.r.b.TomcatHttpServer - Server started on port 55434(0 millis).
16:11:44.738 [Test worker] DEBUG o.s.w.c.RestTemplate - HTTP POST http://localhost:55434/person-create/observable
16:11:44.739 [Test worker] DEBUG o.s.w.c.RestTemplate - Accept=[application/json, application/x-jackson-smile, application/*+json]
16:11:44.739 [Test worker] DEBUG o.s.w.c.RestTemplate - Writing [org.springframework.web.reactive.result.method.annotation.RequestMappingMessageConversionIntegrationTests$People@4781a31e] as "application/xml"
16:11:44.749 [http-nio-auto-12-exec-1] DEBUG o.s.w.s.a.HttpWebHandlerAdapter - [693eba49] HTTP POST "/person-create/observable"
16:11:44.750 [http-nio-auto-12-exec-1] DEBUG o.s.w.r.r.m.a.RequestMappingHandlerMapping - [693eba49] Mapped to org.springframework.web.reactive.result.method.annotation.RequestMappingMessageConversionIntegrationTests$PersonCreateController#createWithObservable(Observable)
16:11:44.751 [http-nio-auto-12-exec-1] DEBUG o.s.w.r.r.m.a.RequestBodyMethodArgumentResolver - [693eba49] Content-Type:application/xml
16:11:44.752 [http-nio-auto-12-exec-1] DEBUG o.s.w.r.r.m.a.RequestBodyMethodArgumentResolver - [693eba49] 0..N [org.springframework.web.reactive.result.method.annotation.RequestMappingMessageConversionIntegrationTests$Person]
16:11:44.758 [http-nio-auto-12-exec-1] DEBUG o.s.h.c.x.Jaxb2XmlDecoder - [693eba49] Decoded [Person{name='Robert'}]
16:11:44.758 [http-nio-auto-12-exec-1] DEBUG o.s.h.c.x.Jaxb2XmlDecoder - [693eba49] Decoded [Person{name='Marie'}]
16:11:44.759 [http-nio-auto-12-exec-1] DEBUG o.s.w.s.a.HttpWebHandlerAdapter - [693eba49] Completed 200 OK
16:11:44.760 [Test worker] DEBUG o.s.w.c.RestTemplate - Response 200 OK
16:11:44.761 [Test worker] DEBUG o.s.w.t.h.s.r.b.TomcatHttpServer - Stopping TomcatHttpServer...
16:11:44.780 [Test worker] DEBUG o.s.w.t.h.s.r.b.TomcatHttpServer - Server stopped (0 millis).
16:11:45.153 [Test worker] DEBUG o.s.w.r.r.m.a.RequestMappingHandlerMapping - 39 mappings in 'requestMappingHandlerMapping'
16:11:45.271 [Test worker] DEBUG o.s.w.r.r.m.a.ControllerMethodResolver - ControllerAdvice beans: none
16:11:45.346 [Test worker] DEBUG o.s.w.s.a.HttpWebHandlerAdapter - enableLoggingRequestDetails='false': form data and headers will be masked to prevent unsafe logging of potentially sensitive data
16:11:45.346 [Test worker] DEBUG o.s.w.t.h.s.r.b.UndertowHttpServer - Starting UndertowHttpServer...
16:11:45.346 [Test worker] INFO  i.undertow - starting server: Undertow - 2.0.32.Final
16:11:45.401 [Test worker] DEBUG o.s.w.t.h.s.r.b.UndertowHttpServer - Server started on port 55448(0 millis).
16:11:45.401 [Test worker] DEBUG o.s.w.c.RestTemplate - HTTP POST http://localhost:55448/person-create/observable
16:11:45.403 [Test worker] DEBUG o.s.w.c.RestTemplate - Accept=[application/json, application/x-jackson-smile, application/*+json]
16:11:45.403 [Test worker] DEBUG o.s.w.c.RestTemplate - Writing [org.springframework.web.reactive.result.method.annotation.RequestMappingMessageConversionIntegrationTests$People@5dbf2d8] as "application/xml"
16:11:45.416 [XNIO-12 I/O-6] DEBUG o.s.w.s.a.HttpWebHandlerAdapter - [1267c943] HTTP POST "/person-create/observable"
16:11:45.417 [XNIO-12 I/O-6] DEBUG o.s.w.r.r.m.a.RequestMappingHandlerMapping - [1267c943] Mapped to org.springframework.web.reactive.result.method.annotation.RequestMappingMessageConversionIntegrationTests$PersonCreateController#createWithObservable(Observable)
16:11:45.418 [XNIO-12 I/O-6] DEBUG o.s.w.r.r.m.a.RequestBodyMethodArgumentResolver - [1267c943] Content-Type:application/xml
16:11:45.420 [XNIO-12 I/O-6] DEBUG o.s.w.r.r.m.a.RequestBodyMethodArgumentResolver - [1267c943] 0..N [org.springframework.web.reactive.result.method.annotation.RequestMappingMessageConversionIntegrationTests$Person]
16:11:45.426 [XNIO-12 I/O-6] DEBUG o.s.h.c.x.Jaxb2XmlDecoder - [1267c943] Decoded [Person{name='Robert'}]
16:11:45.426 [XNIO-12 I/O-6] DEBUG o.s.h.c.x.Jaxb2XmlDecoder - [1267c943] Decoded [Person{name='Marie'}]
16:11:45.426 [XNIO-12 I/O-6] DEBUG o.s.w.s.a.HttpWebHandlerAdapter - [1267c943] Completed 200 OK
16:11:45.427 [Test worker] DEBUG o.s.w.c.RestTemplate - Response 200 OK
16:11:45.427 [Test worker] DEBUG o.s.w.t.h.s.r.b.UndertowHttpServer - Stopping UndertowHttpServer...
16:11:45.427 [Test worker] INFO  i.undertow - stopping server: Undertow - 2.0.32.Final
16:11:45.445 [Test worker] DEBUG o.s.w.t.h.s.r.b.UndertowHttpServer - Server stopped (0 millis).
16:11:45.695 [Test worker] DEBUG o.s.w.r.r.m.a.RequestMappingHandlerMapping - 39 mappings in 'requestMappingHandlerMapping'
16:11:45.848 [Test worker] DEBUG o.s.w.r.r.m.a.ControllerMethodResolver - ControllerAdvice beans: none
16:11:45.933 [Test worker] DEBUG o.s.w.s.a.HttpWebHandlerAdapter - enableLoggingRequestDetails='false': form data and headers will be masked to prevent unsafe logging of potentially sensitive data
16:11:45.934 [Test worker] WARN  o.e.j.s.h.ContextHandler - Empty contextPath
16:11:45.934 [Test worker] INFO  o.e.j.s.h.ContextHandler - Started o.e.j.s.ServletContextHandler@164e341f{/,null,AVAILABLE}
16:11:45.935 [Test worker] DEBUG o.s.w.t.h.s.r.b.JettyHttpServer - Starting JettyHttpServer...
16:11:45.935 [Test worker] INFO  o.e.j.s.Server - jetty-9.4.31.v20200723; built: 2020-07-23T17:57:36.812Z; git: 450ba27947e13e66baa8cd1ce7e85a4461cacc1d; jvm 1.8.0_201-b09
16:11:45.943 [Test worker] INFO  o.e.j.s.AbstractConnector - Started ServerConnector@7651583e{HTTP/1.1, (http/1.1)}{0.0.0.0:55455}
16:11:45.944 [Test worker] INFO  o.e.j.s.Server - Started @73785ms
16:11:45.944 [Test worker] DEBUG o.s.w.t.h.s.r.b.JettyHttpServer - Server started on port 55455(0 millis).
16:11:45.944 [Test worker] DEBUG o.s.w.c.RestTemplate - HTTP GET http://localhost:55455/person-response/publisher
16:11:45.945 [Test worker] DEBUG o.s.w.c.RestTemplate - Accept=[application/json, application/x-jackson-smile, application/*+json]
16:11:45.947 [qtp805474370-504] DEBUG o.s.w.s.a.HttpWebHandlerAdapter - [616117b1] HTTP GET "/person-response/publisher"
16:11:45.948 [qtp805474370-504] DEBUG o.s.w.r.r.m.a.RequestMappingHandlerMapping - [616117b1] Mapped to org.springframework.web.reactive.result.method.annotation.RequestMappingMessageConversionIntegrationTests$PersonResponseBodyController#getPublisher()
16:11:45.950 [qtp805474370-504] DEBUG o.s.w.r.r.m.a.ResponseBodyResultHandler - Using 'application/json' given [application/json] and supported [application/json, application/*+json, application/x-jackson-smile, application/*+x-jackson-smile, application/xml, text/xml, text/event-stream]
16:11:45.950 [qtp805474370-504] DEBUG o.s.w.r.r.m.a.ResponseBodyResultHandler - [616117b1] 0..N [org.springframework.web.reactive.result.method.annotation.RequestMappingMessageConversionIntegrationTests$Person]
16:11:45.951 [qtp805474370-504] DEBUG o.s.h.c.j.Jackson2JsonEncoder - [616117b1] Encoding [[Person{name='Robert'}, Person{name='Marie'}]]
16:11:45.952 [qtp805474370-504] DEBUG o.s.w.s.a.HttpWebHandlerAdapter - [616117b1] Completed 200 OK
16:11:45.952 [Test worker] DEBUG o.s.w.c.RestTemplate - Response 200 OK
16:11:45.952 [Test worker] DEBUG o.s.w.c.RestTemplate - Reading to [java.util.List<org.springframework.web.reactive.result.method.annotation.RequestMappingMessageConversionIntegrationTests$Person>]
16:11:45.954 [Test worker] DEBUG o.s.w.t.h.s.r.b.JettyHttpServer - Stopping JettyHttpServer...
16:11:45.954 [Test worker] INFO  o.e.j.s.h.ContextHandler - Stopped o.e.j.s.ServletContextHandler@164e341f{/,null,UNAVAILABLE}
16:11:45.956 [Test worker] INFO  o.e.j.s.AbstractConnector - Stopped ServerConnector@7651583e{HTTP/1.1, (http/1.1)}{0.0.0.0:0}
16:11:45.969 [Test worker] DEBUG o.s.w.t.h.s.r.b.JettyHttpServer - Server stopped (0 millis).
16:11:46.203 [Test worker] DEBUG o.s.w.r.r.m.a.RequestMappingHandlerMapping - 39 mappings in 'requestMappingHandlerMapping'
16:11:46.335 [Test worker] DEBUG o.s.w.r.r.m.a.ControllerMethodResolver - ControllerAdvice beans: none
16:11:46.401 [Test worker] DEBUG o.s.w.s.a.HttpWebHandlerAdapter - enableLoggingRequestDetails='false': form data and headers will be masked to prevent unsafe logging of potentially sensitive data
16:11:46.401 [Test worker] DEBUG o.s.w.t.h.s.r.b.ReactorHttpServer - Starting ReactorHttpServer...
16:11:46.403 [Test worker] DEBUG o.s.w.t.h.s.r.b.ReactorHttpServer - Server started on port 55466(0 millis).
16:11:46.403 [Test worker] DEBUG o.s.w.c.RestTemplate - HTTP GET http://localhost:55466/person-response/publisher
16:11:46.404 [Test worker] DEBUG o.s.w.c.RestTemplate - Accept=[application/json, application/x-jackson-smile, application/*+json]
16:11:46.406 [reactor-http-nio-10] DEBUG o.s.w.s.a.HttpWebHandlerAdapter - [398e3918-13] HTTP GET "/person-response/publisher"
16:11:46.407 [reactor-http-nio-10] DEBUG o.s.w.r.r.m.a.RequestMappingHandlerMapping - [398e3918-13] Mapped to org.springframework.web.reactive.result.method.annotation.RequestMappingMessageConversionIntegrationTests$PersonResponseBodyController#getPublisher()
16:11:46.409 [reactor-http-nio-10] DEBUG o.s.w.r.r.m.a.ResponseBodyResultHandler - Using 'application/json' given [application/json] and supported [application/json, application/*+json, application/x-jackson-smile, application/*+x-jackson-smile, application/xml, text/xml, text/event-stream]
16:11:46.409 [reactor-http-nio-10] DEBUG o.s.w.r.r.m.a.ResponseBodyResultHandler - [398e3918-13] 0..N [org.springframework.web.reactive.result.method.annotation.RequestMappingMessageConversionIntegrationTests$Person]
16:11:46.410 [reactor-http-nio-10] DEBUG o.s.h.c.j.Jackson2JsonEncoder - [398e3918-13] Encoding [[Person{name='Robert'}, Person{name='Marie'}]]
16:11:46.412 [Test worker] DEBUG o.s.w.c.RestTemplate - Response 200 OK
16:11:46.413 [reactor-http-nio-10] DEBUG o.s.w.s.a.HttpWebHandlerAdapter - [398e3918-13] Completed 200 OK
16:11:46.413 [Test worker] DEBUG o.s.w.c.RestTemplate - Reading to [java.util.List<org.springframework.web.reactive.result.method.annotation.RequestMappingMessageConversionIntegrationTests$Person>]
16:11:46.415 [Test worker] DEBUG o.s.w.t.h.s.r.b.ReactorHttpServer - Stopping ReactorHttpServer...
16:11:46.415 [Test worker] DEBUG o.s.w.t.h.s.r.b.ReactorHttpServer - Server stopped (0 millis).
16:11:46.654 [Test worker] DEBUG o.s.w.r.r.m.a.RequestMappingHandlerMapping - 39 mappings in 'requestMappingHandlerMapping'
16:11:46.740 [Test worker] DEBUG o.s.w.r.r.m.a.ControllerMethodResolver - ControllerAdvice beans: none
16:11:46.819 [Test worker] DEBUG o.s.w.s.a.HttpWebHandlerAdapter - enableLoggingRequestDetails='false': form data and headers will be masked to prevent unsafe logging of potentially sensitive data
16:11:46.820 [Test worker] DEBUG o.s.w.t.h.s.r.b.TomcatHttpServer - Starting TomcatHttpServer...
16:11:46.866 [Test worker] DEBUG o.s.w.t.h.s.r.b.TomcatHttpServer - Server started on port 55474(0 millis).
16:11:46.867 [Test worker] DEBUG o.s.w.c.RestTemplate - HTTP GET http://localhost:55474/person-response/publisher
16:11:46.867 [Test worker] DEBUG o.s.w.c.RestTemplate - Accept=[application/json, application/x-jackson-smile, application/*+json]
16:11:46.871 [http-nio-auto-13-exec-1] DEBUG o.s.w.s.a.HttpWebHandlerAdapter - [13850d] HTTP GET "/person-response/publisher"
16:11:46.872 [http-nio-auto-13-exec-1] DEBUG o.s.w.r.r.m.a.RequestMappingHandlerMapping - [13850d] Mapped to org.springframework.web.reactive.result.method.annotation.RequestMappingMessageConversionIntegrationTests$PersonResponseBodyController#getPublisher()
16:11:46.874 [http-nio-auto-13-exec-1] DEBUG o.s.w.r.r.m.a.ResponseBodyResultHandler - Using 'application/json' given [application/json] and supported [application/json, application/*+json, application/x-jackson-smile, application/*+x-jackson-smile, application/xml, text/xml, text/event-stream]
16:11:46.874 [http-nio-auto-13-exec-1] DEBUG o.s.w.r.r.m.a.ResponseBodyResultHandler - [13850d] 0..N [org.springframework.web.reactive.result.method.annotation.RequestMappingMessageConversionIntegrationTests$Person]
16:11:46.875 [http-nio-auto-13-exec-1] DEBUG o.s.h.c.j.Jackson2JsonEncoder - [13850d] Encoding [[Person{name='Robert'}, Person{name='Marie'}]]
16:11:46.876 [http-nio-auto-13-exec-1] DEBUG o.s.w.s.a.HttpWebHandlerAdapter - [13850d] Completed 200 OK
16:11:46.877 [Test worker] DEBUG o.s.w.c.RestTemplate - Response 200 OK
16:11:46.877 [Test worker] DEBUG o.s.w.c.RestTemplate - Reading to [java.util.List<org.springframework.web.reactive.result.method.annotation.RequestMappingMessageConversionIntegrationTests$Person>]
16:11:46.879 [Test worker] DEBUG o.s.w.t.h.s.r.b.TomcatHttpServer - Stopping TomcatHttpServer...
16:11:46.894 [Test worker] DEBUG o.s.w.t.h.s.r.b.TomcatHttpServer - Server stopped (0 millis).
16:11:47.110 [Test worker] DEBUG o.s.w.r.r.m.a.RequestMappingHandlerMapping - 39 mappings in 'requestMappingHandlerMapping'
16:11:47.194 [Test worker] DEBUG o.s.w.r.r.m.a.ControllerMethodResolver - ControllerAdvice beans: none
16:11:47.250 [Test worker] DEBUG o.s.w.s.a.HttpWebHandlerAdapter - enableLoggingRequestDetails='false': form data and headers will be masked to prevent unsafe logging of potentially sensitive data
16:11:47.250 [Test worker] DEBUG o.s.w.t.h.s.r.b.UndertowHttpServer - Starting UndertowHttpServer...
16:11:47.250 [Test worker] INFO  i.undertow - starting server: Undertow - 2.0.32.Final
16:11:47.272 [Test worker] DEBUG o.s.w.t.h.s.r.b.UndertowHttpServer - Server started on port 55483(0 millis).
16:11:47.273 [Test worker] DEBUG o.s.w.c.RestTemplate - HTTP GET http://localhost:55483/person-response/publisher
16:11:47.273 [Test worker] DEBUG o.s.w.c.RestTemplate - Accept=[application/json, application/x-jackson-smile, application/*+json]
16:11:47.275 [XNIO-13 I/O-6] DEBUG o.s.w.s.a.HttpWebHandlerAdapter - [2794a1a7] HTTP GET "/person-response/publisher"
16:11:47.276 [XNIO-13 I/O-6] DEBUG o.s.w.r.r.m.a.RequestMappingHandlerMapping - [2794a1a7] Mapped to org.springframework.web.reactive.result.method.annotation.RequestMappingMessageConversionIntegrationTests$PersonResponseBodyController#getPublisher()
16:11:47.278 [XNIO-13 I/O-6] DEBUG o.s.w.r.r.m.a.ResponseBodyResultHandler - Using 'application/json' given [application/json] and supported [application/json, application/*+json, application/x-jackson-smile, application/*+x-jackson-smile, application/xml, text/xml, text/event-stream]
16:11:47.278 [XNIO-13 I/O-6] DEBUG o.s.w.r.r.m.a.ResponseBodyResultHandler - [2794a1a7] 0..N [org.springframework.web.reactive.result.method.annotation.RequestMappingMessageConversionIntegrationTests$Person]
16:11:47.279 [XNIO-13 I/O-6] DEBUG o.s.h.c.j.Jackson2JsonEncoder - [2794a1a7] Encoding [[Person{name='Robert'}, Person{name='Marie'}]]
16:11:47.280 [XNIO-13 I/O-6] DEBUG o.s.w.s.a.HttpWebHandlerAdapter - [2794a1a7] Completed 200 OK
16:11:47.280 [Test worker] DEBUG o.s.w.c.RestTemplate - Response 200 OK
16:11:47.280 [Test worker] DEBUG o.s.w.c.RestTemplate - Reading to [java.util.List<org.springframework.web.reactive.result.method.annotation.RequestMappingMessageConversionIntegrationTests$Person>]
16:11:47.282 [Test worker] DEBUG o.s.w.t.h.s.r.b.UndertowHttpServer - Stopping UndertowHttpServer...
16:11:47.282 [Test worker] INFO  i.undertow - stopping server: Undertow - 2.0.32.Final
16:11:47.284 [Test worker] DEBUG o.s.w.t.h.s.r.b.UndertowHttpServer - Server stopped (0 millis).
16:11:47.525 [Test worker] DEBUG o.s.w.r.r.m.a.RequestMappingHandlerMapping - 39 mappings in 'requestMappingHandlerMapping'
16:11:47.586 [Test worker] DEBUG o.s.w.r.r.m.a.ControllerMethodResolver - ControllerAdvice beans: none
16:11:47.714 [Test worker] DEBUG o.s.w.s.a.HttpWebHandlerAdapter - enableLoggingRequestDetails='false': form data and headers will be masked to prevent unsafe logging of potentially sensitive data
16:11:47.715 [Test worker] WARN  o.e.j.s.h.ContextHandler - Empty contextPath
16:11:47.715 [Test worker] INFO  o.e.j.s.h.ContextHandler - Started o.e.j.s.ServletContextHandler@12c1ce56{/,null,AVAILABLE}
16:11:47.715 [Test worker] DEBUG o.s.w.t.h.s.r.b.JettyHttpServer - Starting JettyHttpServer...
16:11:47.716 [Test worker] INFO  o.e.j.s.Server - jetty-9.4.31.v20200723; built: 2020-07-23T17:57:36.812Z; git: 450ba27947e13e66baa8cd1ce7e85a4461cacc1d; jvm 1.8.0_201-b09
16:11:47.729 [Test worker] INFO  o.e.j.s.AbstractConnector - Started ServerConnector@71dae815{HTTP/1.1, (http/1.1)}{0.0.0.0:55491}
16:11:47.729 [Test worker] INFO  o.e.j.s.Server - Started @75571ms
16:11:47.729 [Test worker] DEBUG o.s.w.t.h.s.r.b.JettyHttpServer - Server started on port 55491(0 millis).
16:11:47.729 [Test worker] DEBUG o.s.w.c.RestTemplate - HTTP POST http://localhost:55491/person-create/publisher
16:11:47.730 [Test worker] DEBUG o.s.w.c.RestTemplate - Accept=[application/json, application/x-jackson-smile, application/*+json]
16:11:47.730 [Test worker] DEBUG o.s.w.c.RestTemplate - Writing [org.springframework.web.reactive.result.method.annotation.RequestMappingMessageConversionIntegrationTests$People@71285e1f] as "application/xml"
16:11:47.739 [qtp1326720270-542] DEBUG o.s.w.s.a.HttpWebHandlerAdapter - [7c9150cc] HTTP POST "/person-create/publisher"
16:11:47.739 [qtp1326720270-542] DEBUG o.s.w.r.r.m.a.RequestMappingHandlerMapping - [7c9150cc] Mapped to org.springframework.web.reactive.result.method.annotation.RequestMappingMessageConversionIntegrationTests$PersonCreateController#createWithPublisher(Publisher)
16:11:47.741 [qtp1326720270-542] DEBUG o.s.w.r.r.m.a.RequestBodyMethodArgumentResolver - [7c9150cc] Content-Type:application/xml
16:11:47.742 [qtp1326720270-542] DEBUG o.s.w.r.r.m.a.RequestBodyMethodArgumentResolver - [7c9150cc] 0..N [org.springframework.web.reactive.result.method.annotation.RequestMappingMessageConversionIntegrationTests$Person]
16:11:47.748 [qtp1326720270-542] DEBUG o.s.h.c.x.Jaxb2XmlDecoder - [7c9150cc] Decoded [Person{name='Robert'}]
16:11:47.749 [qtp1326720270-542] DEBUG o.s.h.c.x.Jaxb2XmlDecoder - [7c9150cc] Decoded [Person{name='Marie'}]
16:11:47.749 [qtp1326720270-542] DEBUG o.s.w.s.a.HttpWebHandlerAdapter - [7c9150cc] Completed 200 OK
16:11:47.750 [Test worker] DEBUG o.s.w.c.RestTemplate - Response 200 OK
16:11:47.751 [Test worker] DEBUG o.s.w.t.h.s.r.b.JettyHttpServer - Stopping JettyHttpServer...
16:11:47.751 [Test worker] INFO  o.e.j.s.h.ContextHandler - Stopped o.e.j.s.ServletContextHandler@12c1ce56{/,null,UNAVAILABLE}
16:11:47.754 [Test worker] INFO  o.e.j.s.AbstractConnector - Stopped ServerConnector@71dae815{HTTP/1.1, (http/1.1)}{0.0.0.0:0}
16:11:47.765 [Test worker] DEBUG o.s.w.t.h.s.r.b.JettyHttpServer - Server stopped (0 millis).
16:11:47.950 [Test worker] DEBUG o.s.w.r.r.m.a.RequestMappingHandlerMapping - 39 mappings in 'requestMappingHandlerMapping'
16:11:48.026 [Test worker] DEBUG o.s.w.r.r.m.a.ControllerMethodResolver - ControllerAdvice beans: none
16:11:48.079 [Test worker] DEBUG o.s.w.s.a.HttpWebHandlerAdapter - enableLoggingRequestDetails='false': form data and headers will be masked to prevent unsafe logging of potentially sensitive data
16:11:48.079 [Test worker] DEBUG o.s.w.t.h.s.r.b.ReactorHttpServer - Starting ReactorHttpServer...
16:11:48.081 [Test worker] DEBUG o.s.w.t.h.s.r.b.ReactorHttpServer - Server started on port 55502(0 millis).
16:11:48.081 [Test worker] DEBUG o.s.w.c.RestTemplate - HTTP POST http://localhost:55502/person-create/publisher
16:11:48.082 [Test worker] DEBUG o.s.w.c.RestTemplate - Accept=[application/json, application/x-jackson-smile, application/*+json]
16:11:48.082 [Test worker] DEBUG o.s.w.c.RestTemplate - Writing [org.springframework.web.reactive.result.method.annotation.RequestMappingMessageConversionIntegrationTests$People@5227b15] as "application/xml"
16:11:48.090 [reactor-http-nio-12] DEBUG o.s.w.s.a.HttpWebHandlerAdapter - [7e542da3-14] HTTP POST "/person-create/publisher"
16:11:48.090 [reactor-http-nio-12] DEBUG o.s.w.r.r.m.a.RequestMappingHandlerMapping - [7e542da3-14] Mapped to org.springframework.web.reactive.result.method.annotation.RequestMappingMessageConversionIntegrationTests$PersonCreateController#createWithPublisher(Publisher)
16:11:48.091 [reactor-http-nio-12] DEBUG o.s.w.r.r.m.a.RequestBodyMethodArgumentResolver - [7e542da3-14] Content-Type:application/xml
16:11:48.092 [reactor-http-nio-12] DEBUG o.s.w.r.r.m.a.RequestBodyMethodArgumentResolver - [7e542da3-14] 0..N [org.springframework.web.reactive.result.method.annotation.RequestMappingMessageConversionIntegrationTests$Person]
16:11:48.097 [reactor-http-nio-12] DEBUG o.s.h.c.x.Jaxb2XmlDecoder - [7e542da3-14] Decoded [Person{name='Robert'}]
16:11:48.098 [reactor-http-nio-12] DEBUG o.s.h.c.x.Jaxb2XmlDecoder - [7e542da3-14] Decoded [Person{name='Marie'}]
16:11:48.098 [reactor-http-nio-12] DEBUG o.s.w.s.a.HttpWebHandlerAdapter - [7e542da3-14] Completed 200 OK
16:11:48.099 [Test worker] DEBUG o.s.w.c.RestTemplate - Response 200 OK
16:11:48.099 [Test worker] DEBUG o.s.w.t.h.s.r.b.ReactorHttpServer - Stopping ReactorHttpServer...
16:11:48.099 [Test worker] DEBUG o.s.w.t.h.s.r.b.ReactorHttpServer - Server stopped (0 millis).
16:11:48.311 [Test worker] DEBUG o.s.w.r.r.m.a.RequestMappingHandlerMapping - 39 mappings in 'requestMappingHandlerMapping'
16:11:48.384 [Test worker] DEBUG o.s.w.r.r.m.a.ControllerMethodResolver - ControllerAdvice beans: none
16:11:48.473 [Test worker] DEBUG o.s.w.s.a.HttpWebHandlerAdapter - enableLoggingRequestDetails='false': form data and headers will be masked to prevent unsafe logging of potentially sensitive data
16:11:48.473 [Test worker] DEBUG o.s.w.t.h.s.r.b.TomcatHttpServer - Starting TomcatHttpServer...
16:11:48.493 [Test worker] DEBUG o.s.w.t.h.s.r.b.TomcatHttpServer - Server started on port 55512(0 millis).
16:11:48.493 [Test worker] DEBUG o.s.w.c.RestTemplate - HTTP POST http://localhost:55512/person-create/publisher
16:11:48.494 [Test worker] DEBUG o.s.w.c.RestTemplate - Accept=[application/json, application/x-jackson-smile, application/*+json]
16:11:48.494 [Test worker] DEBUG o.s.w.c.RestTemplate - Writing [org.springframework.web.reactive.result.method.annotation.RequestMappingMessageConversionIntegrationTests$People@3549b2bd] as "application/xml"
16:11:48.504 [http-nio-auto-14-exec-1] DEBUG o.s.w.s.a.HttpWebHandlerAdapter - [1bd483b4] HTTP POST "/person-create/publisher"
16:11:48.504 [http-nio-auto-14-exec-1] DEBUG o.s.w.r.r.m.a.RequestMappingHandlerMapping - [1bd483b4] Mapped to org.springframework.web.reactive.result.method.annotation.RequestMappingMessageConversionIntegrationTests$PersonCreateController#createWithPublisher(Publisher)
16:11:48.505 [http-nio-auto-14-exec-1] DEBUG o.s.w.r.r.m.a.RequestBodyMethodArgumentResolver - [1bd483b4] Content-Type:application/xml
16:11:48.506 [http-nio-auto-14-exec-1] DEBUG o.s.w.r.r.m.a.RequestBodyMethodArgumentResolver - [1bd483b4] 0..N [org.springframework.web.reactive.result.method.annotation.RequestMappingMessageConversionIntegrationTests$Person]
16:11:48.512 [http-nio-auto-14-exec-1] DEBUG o.s.h.c.x.Jaxb2XmlDecoder - [1bd483b4] Decoded [Person{name='Robert'}]
16:11:48.512 [http-nio-auto-14-exec-1] DEBUG o.s.h.c.x.Jaxb2XmlDecoder - [1bd483b4] Decoded [Person{name='Marie'}]
16:11:48.512 [http-nio-auto-14-exec-1] DEBUG o.s.w.s.a.HttpWebHandlerAdapter - [1bd483b4] Completed 200 OK
16:11:48.513 [Test worker] DEBUG o.s.w.c.RestTemplate - Response 200 OK
16:11:48.514 [Test worker] DEBUG o.s.w.t.h.s.r.b.TomcatHttpServer - Stopping TomcatHttpServer...
16:11:48.532 [Test worker] DEBUG o.s.w.t.h.s.r.b.TomcatHttpServer - Server stopped (0 millis).
16:11:48.801 [Test worker] DEBUG o.s.w.r.r.m.a.RequestMappingHandlerMapping - 39 mappings in 'requestMappingHandlerMapping'
16:11:48.901 [Test worker] DEBUG o.s.w.r.r.m.a.ControllerMethodResolver - ControllerAdvice beans: none
16:11:49.009 [Test worker] DEBUG o.s.w.s.a.HttpWebHandlerAdapter - enableLoggingRequestDetails='false': form data and headers will be masked to prevent unsafe logging of potentially sensitive data
16:11:49.010 [Test worker] DEBUG o.s.w.t.h.s.r.b.UndertowHttpServer - Starting UndertowHttpServer...
16:11:49.010 [Test worker] INFO  i.undertow - starting server: Undertow - 2.0.32.Final
16:11:49.018 [Test worker] DEBUG o.s.w.t.h.s.r.b.UndertowHttpServer - Server started on port 55521(0 millis).
16:11:49.018 [Test worker] DEBUG o.s.w.c.RestTemplate - HTTP POST http://localhost:55521/person-create/publisher
16:11:49.019 [Test worker] DEBUG o.s.w.c.RestTemplate - Accept=[application/json, application/x-jackson-smile, application/*+json]
16:11:49.019 [Test worker] DEBUG o.s.w.c.RestTemplate - Writing [org.springframework.web.reactive.result.method.annotation.RequestMappingMessageConversionIntegrationTests$People@4bd753ba] as "application/xml"
16:11:49.027 [XNIO-14 I/O-7] DEBUG o.s.w.s.a.HttpWebHandlerAdapter - [7c0e6994] HTTP POST "/person-create/publisher"
16:11:49.027 [XNIO-14 I/O-7] DEBUG o.s.w.r.r.m.a.RequestMappingHandlerMapping - [7c0e6994] Mapped to org.springframework.web.reactive.result.method.annotation.RequestMappingMessageConversionIntegrationTests$PersonCreateController#createWithPublisher(Publisher)
16:11:49.029 [XNIO-14 I/O-7] DEBUG o.s.w.r.r.m.a.RequestBodyMethodArgumentResolver - [7c0e6994] Content-Type:application/xml
16:11:49.030 [XNIO-14 I/O-7] DEBUG o.s.w.r.r.m.a.RequestBodyMethodArgumentResolver - [7c0e6994] 0..N [org.springframework.web.reactive.result.method.annotation.RequestMappingMessageConversionIntegrationTests$Person]
16:11:49.036 [XNIO-14 I/O-7] DEBUG o.s.h.c.x.Jaxb2XmlDecoder - [7c0e6994] Decoded [Person{name='Robert'}]
16:11:49.036 [XNIO-14 I/O-7] DEBUG o.s.h.c.x.Jaxb2XmlDecoder - [7c0e6994] Decoded [Person{name='Marie'}]
16:11:49.036 [XNIO-14 I/O-7] DEBUG o.s.w.s.a.HttpWebHandlerAdapter - [7c0e6994] Completed 200 OK
16:11:49.037 [Test worker] DEBUG o.s.w.c.RestTemplate - Response 200 OK
16:11:49.037 [Test worker] DEBUG o.s.w.t.h.s.r.b.UndertowHttpServer - Stopping UndertowHttpServer...
16:11:49.037 [Test worker] INFO  i.undertow - stopping server: Undertow - 2.0.32.Final
16:11:49.039 [Test worker] DEBUG o.s.w.t.h.s.r.b.UndertowHttpServer - Server stopped (0 millis).
16:11:49.287 [Test worker] DEBUG o.s.w.r.r.m.a.RequestMappingHandlerMapping - 39 mappings in 'requestMappingHandlerMapping'
16:11:49.404 [Test worker] DEBUG o.s.w.r.r.m.a.ControllerMethodResolver - ControllerAdvice beans: none
16:11:49.476 [Test worker] DEBUG o.s.w.s.a.HttpWebHandlerAdapter - enableLoggingRequestDetails='false': form data and headers will be masked to prevent unsafe logging of potentially sensitive data
16:11:49.476 [Test worker] WARN  o.e.j.s.h.ContextHandler - Empty contextPath
16:11:49.476 [Test worker] INFO  o.e.j.s.h.ContextHandler - Started o.e.j.s.ServletContextHandler@79ded8ac{/,null,AVAILABLE}
16:11:49.477 [Test worker] DEBUG o.s.w.t.h.s.r.b.JettyHttpServer - Starting JettyHttpServer...
16:11:49.477 [Test worker] INFO  o.e.j.s.Server - jetty-9.4.31.v20200723; built: 2020-07-23T17:57:36.812Z; git: 450ba27947e13e66baa8cd1ce7e85a4461cacc1d; jvm 1.8.0_201-b09
16:11:49.494 [Test worker] INFO  o.e.j.s.AbstractConnector - Started ServerConnector@5eaea20b{HTTP/1.1, (http/1.1)}{0.0.0.0:55533}
16:11:49.496 [Test worker] INFO  o.e.j.s.Server - Started @77339ms
16:11:49.496 [Test worker] DEBUG o.s.w.t.h.s.r.b.JettyHttpServer - Server started on port 55533(0 millis).
16:11:49.497 [Test worker] DEBUG o.s.w.c.RestTemplate - HTTP POST http://localhost:55533/person-transform/completable-future
16:11:49.499 [Test worker] DEBUG o.s.w.c.RestTemplate - Accept=[application/xml, text/xml, application/json, application/x-jackson-smile, application/*+xml, application/*+json]
16:11:49.499 [Test worker] DEBUG o.s.w.c.RestTemplate - Writing [Person{name='Robert'}] as "application/json"
16:11:49.503 [qtp1363272604-580] DEBUG o.s.w.s.a.HttpWebHandlerAdapter - [3d06e6f9] HTTP POST "/person-transform/completable-future"
16:11:49.503 [qtp1363272604-580] DEBUG o.s.w.r.r.m.a.RequestMappingHandlerMapping - [3d06e6f9] Mapped to org.springframework.web.reactive.result.method.annotation.RequestMappingMessageConversionIntegrationTests$PersonTransformationController#transformCompletableFuture(CompletableFuture)
16:11:49.504 [qtp1363272604-580] DEBUG o.s.w.r.r.m.a.RequestBodyMethodArgumentResolver - [3d06e6f9] Content-Type:application/json;charset=UTF-8
16:11:49.505 [qtp1363272604-580] DEBUG o.s.w.r.r.m.a.RequestBodyMethodArgumentResolver - [3d06e6f9] 0..1 [org.springframework.web.reactive.result.method.annotation.RequestMappingMessageConversionIntegrationTests$Person]
16:11:49.509 [qtp1363272604-580] DEBUG o.s.h.c.j.Jackson2JsonDecoder - [3d06e6f9] Decoded [Person{name='Robert'}]
16:11:49.511 [qtp1363272604-580] DEBUG o.s.w.r.r.m.a.ResponseBodyResultHandler - Using 'application/json' given [application/json] and supported [application/json, application/*+json, application/x-jackson-smile, application/*+x-jackson-smile, application/xml, text/xml, text/event-stream]
16:11:49.511 [qtp1363272604-580] DEBUG o.s.w.r.r.m.a.ResponseBodyResultHandler - [3d06e6f9] 0..1 [org.springframework.web.reactive.result.method.annotation.RequestMappingMessageConversionIntegrationTests$Person]
16:11:49.511 [qtp1363272604-580] DEBUG o.s.h.c.j.Jackson2JsonEncoder - [3d06e6f9] Encoding [Person{name='ROBERT'}]
16:11:49.512 [qtp1363272604-580] DEBUG o.s.w.s.a.HttpWebHandlerAdapter - [3d06e6f9] Completed 200 OK
16:11:49.512 [Test worker] DEBUG o.s.w.c.RestTemplate - Response 200 OK
16:11:49.513 [Test worker] DEBUG o.s.w.c.RestTemplate - Reading to [org.springframework.web.reactive.result.method.annotation.RequestMappingMessageConversionIntegrationTests$Person]
16:11:49.513 [Test worker] DEBUG o.s.w.t.h.s.r.b.JettyHttpServer - Stopping JettyHttpServer...
16:11:49.513 [Test worker] INFO  o.e.j.s.h.ContextHandler - Stopped o.e.j.s.ServletContextHandler@79ded8ac{/,null,UNAVAILABLE}
16:11:49.515 [Test worker] INFO  o.e.j.s.AbstractConnector - Stopped ServerConnector@5eaea20b{HTTP/1.1, (http/1.1)}{0.0.0.0:0}
16:11:49.526 [Test worker] DEBUG o.s.w.t.h.s.r.b.JettyHttpServer - Server stopped (0 millis).
16:11:49.737 [Test worker] DEBUG o.s.w.r.r.m.a.RequestMappingHandlerMapping - 39 mappings in 'requestMappingHandlerMapping'
16:11:49.829 [Test worker] DEBUG o.s.w.r.r.m.a.ControllerMethodResolver - ControllerAdvice beans: none
16:11:49.904 [Test worker] DEBUG o.s.w.s.a.HttpWebHandlerAdapter - enableLoggingRequestDetails='false': form data and headers will be masked to prevent unsafe logging of potentially sensitive data
16:11:49.904 [Test worker] DEBUG o.s.w.t.h.s.r.b.ReactorHttpServer - Starting ReactorHttpServer...
16:11:49.907 [Test worker] DEBUG o.s.w.t.h.s.r.b.ReactorHttpServer - Server started on port 55542(0 millis).
16:11:49.907 [Test worker] DEBUG o.s.w.c.RestTemplate - HTTP POST http://localhost:55542/person-transform/completable-future
16:11:49.908 [Test worker] DEBUG o.s.w.c.RestTemplate - Accept=[application/xml, text/xml, application/json, application/x-jackson-smile, application/*+xml, application/*+json]
16:11:49.909 [Test worker] DEBUG o.s.w.c.RestTemplate - Writing [Person{name='Robert'}] as "application/json"
16:11:49.912 [reactor-http-nio-2] DEBUG o.s.w.s.a.HttpWebHandlerAdapter - [8a72b965-15] HTTP POST "/person-transform/completable-future"
16:11:49.913 [reactor-http-nio-2] DEBUG o.s.w.r.r.m.a.RequestMappingHandlerMapping - [8a72b965-15] Mapped to org.springframework.web.reactive.result.method.annotation.RequestMappingMessageConversionIntegrationTests$PersonTransformationController#transformCompletableFuture(CompletableFuture)
16:11:49.914 [reactor-http-nio-2] DEBUG o.s.w.r.r.m.a.RequestBodyMethodArgumentResolver - [8a72b965-15] Content-Type:application/json
16:11:49.915 [reactor-http-nio-2] DEBUG o.s.w.r.r.m.a.RequestBodyMethodArgumentResolver - [8a72b965-15] 0..1 [org.springframework.web.reactive.result.method.annotation.RequestMappingMessageConversionIntegrationTests$Person]
16:11:49.917 [reactor-http-nio-2] DEBUG o.s.w.r.r.m.a.ResponseBodyResultHandler - Using 'application/json' given [application/json] and supported [application/json, application/*+json, application/x-jackson-smile, application/*+x-jackson-smile, application/xml, text/xml, text/event-stream]
16:11:49.917 [reactor-http-nio-2] DEBUG o.s.w.r.r.m.a.ResponseBodyResultHandler - [8a72b965-15] 0..1 [org.springframework.web.reactive.result.method.annotation.RequestMappingMessageConversionIntegrationTests$Person]
16:11:49.919 [reactor-http-nio-2] DEBUG o.s.h.c.j.Jackson2JsonDecoder - [8a72b965-15] Decoded [Person{name='Robert'}]
16:11:49.920 [reactor-http-nio-2] DEBUG o.s.h.c.j.Jackson2JsonEncoder - [8a72b965-15] Encoding [Person{name='ROBERT'}]
16:11:49.921 [Test worker] DEBUG o.s.w.c.RestTemplate - Response 200 OK
16:11:49.921 [reactor-http-nio-2] DEBUG o.s.w.s.a.HttpWebHandlerAdapter - [8a72b965-15] Completed 200 OK
16:11:49.921 [Test worker] DEBUG o.s.w.c.RestTemplate - Reading to [org.springframework.web.reactive.result.method.annotation.RequestMappingMessageConversionIntegrationTests$Person]
16:11:49.922 [Test worker] DEBUG o.s.w.t.h.s.r.b.ReactorHttpServer - Stopping ReactorHttpServer...
16:11:49.922 [Test worker] DEBUG o.s.w.t.h.s.r.b.ReactorHttpServer - Server stopped (0 millis).
16:11:50.111 [Test worker] DEBUG o.s.w.r.r.m.a.RequestMappingHandlerMapping - 39 mappings in 'requestMappingHandlerMapping'
16:11:50.202 [Test worker] DEBUG o.s.w.r.r.m.a.ControllerMethodResolver - ControllerAdvice beans: none
16:11:50.334 [Test worker] DEBUG o.s.w.s.a.HttpWebHandlerAdapter - enableLoggingRequestDetails='false': form data and headers will be masked to prevent unsafe logging of potentially sensitive data
16:11:50.335 [Test worker] DEBUG o.s.w.t.h.s.r.b.TomcatHttpServer - Starting TomcatHttpServer...
16:11:50.369 [Test worker] DEBUG o.s.w.t.h.s.r.b.TomcatHttpServer - Server started on port 55549(0 millis).
16:11:50.370 [Test worker] DEBUG o.s.w.c.RestTemplate - HTTP POST http://localhost:55549/person-transform/completable-future
16:11:50.371 [Test worker] DEBUG o.s.w.c.RestTemplate - Accept=[application/xml, text/xml, application/json, application/x-jackson-smile, application/*+xml, application/*+json]
16:11:50.373 [Test worker] DEBUG o.s.w.c.RestTemplate - Writing [Person{name='Robert'}] as "application/json"
16:11:50.378 [http-nio-auto-15-exec-1] DEBUG o.s.w.s.a.HttpWebHandlerAdapter - [416edd3c] HTTP POST "/person-transform/completable-future"
16:11:50.378 [http-nio-auto-15-exec-1] DEBUG o.s.w.r.r.m.a.RequestMappingHandlerMapping - [416edd3c] Mapped to org.springframework.web.reactive.result.method.annotation.RequestMappingMessageConversionIntegrationTests$PersonTransformationController#transformCompletableFuture(CompletableFuture)
16:11:50.380 [http-nio-auto-15-exec-1] DEBUG o.s.w.r.r.m.a.RequestBodyMethodArgumentResolver - [416edd3c] Content-Type:application/json
16:11:50.380 [http-nio-auto-15-exec-1] DEBUG o.s.w.r.r.m.a.RequestBodyMethodArgumentResolver - [416edd3c] 0..1 [org.springframework.web.reactive.result.method.annotation.RequestMappingMessageConversionIntegrationTests$Person]
16:11:50.382 [http-nio-auto-15-exec-1] DEBUG o.s.w.r.r.m.a.ResponseBodyResultHandler - Using 'application/json' given [application/json] and supported [application/json, application/*+json, application/x-jackson-smile, application/*+x-jackson-smile, application/xml, text/xml, text/event-stream]
16:11:50.382 [http-nio-auto-15-exec-1] DEBUG o.s.w.r.r.m.a.ResponseBodyResultHandler - [416edd3c] 0..1 [org.springframework.web.reactive.result.method.annotation.RequestMappingMessageConversionIntegrationTests$Person]
16:11:50.383 [http-nio-auto-15-exec-1] DEBUG o.s.h.c.j.Jackson2JsonDecoder - [416edd3c] Decoded [Person{name='Robert'}]
16:11:50.383 [http-nio-auto-15-exec-1] DEBUG o.s.h.c.j.Jackson2JsonEncoder - [416edd3c] Encoding [Person{name='ROBERT'}]
16:11:50.385 [http-nio-auto-15-exec-1] DEBUG o.s.w.s.a.HttpWebHandlerAdapter - [416edd3c] Completed 200 OK
16:11:50.386 [Test worker] DEBUG o.s.w.c.RestTemplate - Response 200 OK
16:11:50.386 [Test worker] DEBUG o.s.w.c.RestTemplate - Reading to [org.springframework.web.reactive.result.method.annotation.RequestMappingMessageConversionIntegrationTests$Person]
16:11:50.386 [Test worker] DEBUG o.s.w.t.h.s.r.b.TomcatHttpServer - Stopping TomcatHttpServer...
16:11:50.405 [Test worker] DEBUG o.s.w.t.h.s.r.b.TomcatHttpServer - Server stopped (0 millis).
16:11:50.640 [Test worker] DEBUG o.s.w.r.r.m.a.RequestMappingHandlerMapping - 39 mappings in 'requestMappingHandlerMapping'
16:11:50.716 [Test worker] DEBUG o.s.w.r.r.m.a.ControllerMethodResolver - ControllerAdvice beans: none
16:11:50.799 [Test worker] DEBUG o.s.w.s.a.HttpWebHandlerAdapter - enableLoggingRequestDetails='false': form data and headers will be masked to prevent unsafe logging of potentially sensitive data
16:11:50.799 [Test worker] DEBUG o.s.w.t.h.s.r.b.UndertowHttpServer - Starting UndertowHttpServer...
16:11:50.799 [Test worker] INFO  i.undertow - starting server: Undertow - 2.0.32.Final
16:11:50.807 [Test worker] DEBUG o.s.w.t.h.s.r.b.UndertowHttpServer - Server started on port 55564(0 millis).
16:11:50.807 [Test worker] DEBUG o.s.w.c.RestTemplate - HTTP POST http://localhost:55564/person-transform/completable-future
16:11:50.810 [Test worker] DEBUG o.s.w.c.RestTemplate - Accept=[application/xml, text/xml, application/json, application/x-jackson-smile, application/*+xml, application/*+json]
16:11:50.813 [Test worker] DEBUG o.s.w.c.RestTemplate - Writing [Person{name='Robert'}] as "application/json"
16:11:50.826 [XNIO-15 I/O-6] DEBUG o.s.w.s.a.HttpWebHandlerAdapter - [593cdfb] HTTP POST "/person-transform/completable-future"
16:11:50.827 [XNIO-15 I/O-6] DEBUG o.s.w.r.r.m.a.RequestMappingHandlerMapping - [593cdfb] Mapped to org.springframework.web.reactive.result.method.annotation.RequestMappingMessageConversionIntegrationTests$PersonTransformationController#transformCompletableFuture(CompletableFuture)
16:11:50.828 [XNIO-15 I/O-6] DEBUG o.s.w.r.r.m.a.RequestBodyMethodArgumentResolver - [593cdfb] Content-Type:application/json
16:11:50.829 [XNIO-15 I/O-6] DEBUG o.s.w.r.r.m.a.RequestBodyMethodArgumentResolver - [593cdfb] 0..1 [org.springframework.web.reactive.result.method.annotation.RequestMappingMessageConversionIntegrationTests$Person]
16:11:50.830 [XNIO-15 I/O-6] DEBUG o.s.h.c.j.Jackson2JsonDecoder - [593cdfb] Decoded [Person{name='Robert'}]
16:11:50.831 [XNIO-15 I/O-6] DEBUG o.s.w.r.r.m.a.ResponseBodyResultHandler - Using 'application/json' given [application/json] and supported [application/json, application/*+json, application/x-jackson-smile, application/*+x-jackson-smile, application/xml, text/xml, text/event-stream]
16:11:50.831 [XNIO-15 I/O-6] DEBUG o.s.w.r.r.m.a.ResponseBodyResultHandler - [593cdfb] 0..1 [org.springframework.web.reactive.result.method.annotation.RequestMappingMessageConversionIntegrationTests$Person]
16:11:50.832 [XNIO-15 I/O-6] DEBUG o.s.h.c.j.Jackson2JsonEncoder - [593cdfb] Encoding [Person{name='ROBERT'}]
16:11:50.832 [XNIO-15 I/O-6] DEBUG o.s.w.s.a.HttpWebHandlerAdapter - [593cdfb] Completed 200 OK
16:11:50.833 [Test worker] DEBUG o.s.w.c.RestTemplate - Response 200 OK
16:11:50.833 [Test worker] DEBUG o.s.w.c.RestTemplate - Reading to [org.springframework.web.reactive.result.method.annotation.RequestMappingMessageConversionIntegrationTests$Person]
16:11:50.834 [Test worker] DEBUG o.s.w.t.h.s.r.b.UndertowHttpServer - Stopping UndertowHttpServer...
16:11:50.834 [Test worker] INFO  i.undertow - stopping server: Undertow - 2.0.32.Final
16:11:50.837 [Test worker] DEBUG o.s.w.t.h.s.r.b.UndertowHttpServer - Server stopped (0 millis).
16:11:51.058 [Test worker] DEBUG o.s.w.r.r.m.a.RequestMappingHandlerMapping - 39 mappings in 'requestMappingHandlerMapping'
16:11:51.138 [Test worker] DEBUG o.s.w.r.r.m.a.ControllerMethodResolver - ControllerAdvice beans: none
16:11:51.199 [Test worker] DEBUG o.s.w.s.a.HttpWebHandlerAdapter - enableLoggingRequestDetails='false': form data and headers will be masked to prevent unsafe logging of potentially sensitive data
16:11:51.199 [Test worker] WARN  o.e.j.s.h.ContextHandler - Empty contextPath
16:11:51.200 [Test worker] INFO  o.e.j.s.h.ContextHandler - Started o.e.j.s.ServletContextHandler@656d2a78{/,null,AVAILABLE}
16:11:51.200 [Test worker] DEBUG o.s.w.t.h.s.r.b.JettyHttpServer - Starting JettyHttpServer...
16:11:51.200 [Test worker] INFO  o.e.j.s.Server - jetty-9.4.31.v20200723; built: 2020-07-23T17:57:36.812Z; git: 450ba27947e13e66baa8cd1ce7e85a4461cacc1d; jvm 1.8.0_201-b09
16:11:51.205 [Test worker] INFO  o.e.j.s.AbstractConnector - Started ServerConnector@70704ce2{HTTP/1.1, (http/1.1)}{0.0.0.0:55573}
16:11:51.206 [Test worker] INFO  o.e.j.s.Server - Started @79049ms
16:11:51.206 [Test worker] DEBUG o.s.w.t.h.s.r.b.JettyHttpServer - Server started on port 55573(0 millis).
16:11:51.206 [Test worker] DEBUG o.s.w.c.RestTemplate - HTTP POST http://localhost:55573/person-transform/single
16:11:51.207 [Test worker] DEBUG o.s.w.c.RestTemplate - Accept=[application/xml, text/xml, application/json, application/x-jackson-smile, application/*+xml, application/*+json]
16:11:51.208 [Test worker] DEBUG o.s.w.c.RestTemplate - Writing [Person{name='Robert'}] as "application/json"
16:11:51.211 [qtp253082506-618] DEBUG o.s.w.s.a.HttpWebHandlerAdapter - [4f696388] HTTP POST "/person-transform/single"
16:11:51.212 [qtp253082506-618] DEBUG o.s.w.r.r.m.a.RequestMappingHandlerMapping - [4f696388] Mapped to org.springframework.web.reactive.result.method.annotation.RequestMappingMessageConversionIntegrationTests$PersonTransformationController#transformSingle(Single)
16:11:51.213 [qtp253082506-618] DEBUG o.s.w.r.r.m.a.RequestBodyMethodArgumentResolver - [4f696388] Content-Type:application/json;charset=UTF-8
16:11:51.213 [qtp253082506-618] DEBUG o.s.w.r.r.m.a.RequestBodyMethodArgumentResolver - [4f696388] 0..1 [org.springframework.web.reactive.result.method.annotation.RequestMappingMessageConversionIntegrationTests$Person]
16:11:51.225 [qtp253082506-618] DEBUG o.s.w.r.r.m.a.ResponseBodyResultHandler - Using 'application/json' given [application/json] and supported [application/json, application/*+json, application/x-jackson-smile, application/*+x-jackson-smile, application/xml, text/xml, text/event-stream]
16:11:51.225 [qtp253082506-618] DEBUG o.s.w.r.r.m.a.ResponseBodyResultHandler - [4f696388] 0..1 [org.springframework.web.reactive.result.method.annotation.RequestMappingMessageConversionIntegrationTests$Person]
16:11:51.228 [qtp253082506-618] DEBUG o.s.h.c.j.Jackson2JsonDecoder - [4f696388] Decoded [Person{name='Robert'}]
16:11:51.228 [qtp253082506-618] DEBUG o.s.h.c.j.Jackson2JsonEncoder - [4f696388] Encoding [Person{name='ROBERT'}]
16:11:51.229 [qtp253082506-618] DEBUG o.s.w.s.a.HttpWebHandlerAdapter - [4f696388] Completed 200 OK
16:11:51.230 [Test worker] DEBUG o.s.w.c.RestTemplate - Response 200 OK
16:11:51.230 [Test worker] DEBUG o.s.w.c.RestTemplate - Reading to [org.springframework.web.reactive.result.method.annotation.RequestMappingMessageConversionIntegrationTests$Person]
16:11:51.230 [Test worker] DEBUG o.s.w.t.h.s.r.b.JettyHttpServer - Stopping JettyHttpServer...
16:11:51.231 [Test worker] INFO  o.e.j.s.h.ContextHandler - Stopped o.e.j.s.ServletContextHandler@656d2a78{/,null,UNAVAILABLE}
16:11:51.234 [Test worker] INFO  o.e.j.s.AbstractConnector - Stopped ServerConnector@70704ce2{HTTP/1.1, (http/1.1)}{0.0.0.0:0}
16:11:51.244 [Test worker] DEBUG o.s.w.t.h.s.r.b.JettyHttpServer - Server stopped (0 millis).
16:11:51.451 [Test worker] DEBUG o.s.w.r.r.m.a.RequestMappingHandlerMapping - 39 mappings in 'requestMappingHandlerMapping'
16:11:51.541 [Test worker] DEBUG o.s.w.r.r.m.a.ControllerMethodResolver - ControllerAdvice beans: none
16:11:51.602 [Test worker] DEBUG o.s.w.s.a.HttpWebHandlerAdapter - enableLoggingRequestDetails='false': form data and headers will be masked to prevent unsafe logging of potentially sensitive data
16:11:51.602 [Test worker] DEBUG o.s.w.t.h.s.r.b.ReactorHttpServer - Starting ReactorHttpServer...
16:11:51.604 [Test worker] DEBUG o.s.w.t.h.s.r.b.ReactorHttpServer - Server started on port 55583(0 millis).
16:11:51.605 [Test worker] DEBUG o.s.w.c.RestTemplate - HTTP POST http://localhost:55583/person-transform/single
16:11:51.607 [Test worker] DEBUG o.s.w.c.RestTemplate - Accept=[application/xml, text/xml, application/json, application/x-jackson-smile, application/*+xml, application/*+json]
16:11:51.607 [Test worker] DEBUG o.s.w.c.RestTemplate - Writing [Person{name='Robert'}] as "application/json"
16:11:51.610 [reactor-http-nio-4] DEBUG o.s.w.s.a.HttpWebHandlerAdapter - [79fc41cf-16] HTTP POST "/person-transform/single"
16:11:51.611 [reactor-http-nio-4] DEBUG o.s.w.r.r.m.a.RequestMappingHandlerMapping - [79fc41cf-16] Mapped to org.springframework.web.reactive.result.method.annotation.RequestMappingMessageConversionIntegrationTests$PersonTransformationController#transformSingle(Single)
16:11:51.612 [reactor-http-nio-4] DEBUG o.s.w.r.r.m.a.RequestBodyMethodArgumentResolver - [79fc41cf-16] Content-Type:application/json
16:11:51.613 [reactor-http-nio-4] DEBUG o.s.w.r.r.m.a.RequestBodyMethodArgumentResolver - [79fc41cf-16] 0..1 [org.springframework.web.reactive.result.method.annotation.RequestMappingMessageConversionIntegrationTests$Person]
16:11:51.614 [reactor-http-nio-4] DEBUG o.s.w.r.r.m.a.ResponseBodyResultHandler - Using 'application/json' given [application/json] and supported [application/json, application/*+json, application/x-jackson-smile, application/*+x-jackson-smile, application/xml, text/xml, text/event-stream]
16:11:51.614 [reactor-http-nio-4] DEBUG o.s.w.r.r.m.a.ResponseBodyResultHandler - [79fc41cf-16] 0..1 [org.springframework.web.reactive.result.method.annotation.RequestMappingMessageConversionIntegrationTests$Person]
16:11:51.615 [reactor-http-nio-4] DEBUG o.s.h.c.j.Jackson2JsonDecoder - [79fc41cf-16] Decoded [Person{name='Robert'}]
16:11:51.616 [reactor-http-nio-4] DEBUG o.s.h.c.j.Jackson2JsonEncoder - [79fc41cf-16] Encoding [Person{name='ROBERT'}]
16:11:51.617 [Test worker] DEBUG o.s.w.c.RestTemplate - Response 200 OK
16:11:51.617 [reactor-http-nio-4] DEBUG o.s.w.s.a.HttpWebHandlerAdapter - [79fc41cf-16] Completed 200 OK
16:11:51.618 [Test worker] DEBUG o.s.w.c.RestTemplate - Reading to [org.springframework.web.reactive.result.method.annotation.RequestMappingMessageConversionIntegrationTests$Person]
16:11:51.619 [Test worker] DEBUG o.s.w.t.h.s.r.b.ReactorHttpServer - Stopping ReactorHttpServer...
16:11:51.619 [Test worker] DEBUG o.s.w.t.h.s.r.b.ReactorHttpServer - Server stopped (0 millis).
16:11:51.907 [Test worker] DEBUG o.s.w.r.r.m.a.RequestMappingHandlerMapping - 39 mappings in 'requestMappingHandlerMapping'
16:11:51.975 [Test worker] DEBUG o.s.w.r.r.m.a.ControllerMethodResolver - ControllerAdvice beans: none
16:11:52.065 [Test worker] DEBUG o.s.w.s.a.HttpWebHandlerAdapter - enableLoggingRequestDetails='false': form data and headers will be masked to prevent unsafe logging of potentially sensitive data
16:11:52.068 [Test worker] DEBUG o.s.w.t.h.s.r.b.TomcatHttpServer - Starting TomcatHttpServer...
16:11:52.091 [Test worker] DEBUG o.s.w.t.h.s.r.b.TomcatHttpServer - Server started on port 55590(0 millis).
16:11:52.091 [Test worker] DEBUG o.s.w.c.RestTemplate - HTTP POST http://localhost:55590/person-transform/single
16:11:52.093 [Test worker] DEBUG o.s.w.c.RestTemplate - Accept=[application/xml, text/xml, application/json, application/x-jackson-smile, application/*+xml, application/*+json]
16:11:52.094 [Test worker] DEBUG o.s.w.c.RestTemplate - Writing [Person{name='Robert'}] as "application/json"
16:11:52.103 [http-nio-auto-16-exec-1] DEBUG o.s.w.s.a.HttpWebHandlerAdapter - [3173e2c2] HTTP POST "/person-transform/single"
16:11:52.103 [http-nio-auto-16-exec-1] DEBUG o.s.w.r.r.m.a.RequestMappingHandlerMapping - [3173e2c2] Mapped to org.springframework.web.reactive.result.method.annotation.RequestMappingMessageConversionIntegrationTests$PersonTransformationController#transformSingle(Single)
16:11:52.104 [http-nio-auto-16-exec-1] DEBUG o.s.w.r.r.m.a.RequestBodyMethodArgumentResolver - [3173e2c2] Content-Type:application/json
16:11:52.105 [http-nio-auto-16-exec-1] DEBUG o.s.w.r.r.m.a.RequestBodyMethodArgumentResolver - [3173e2c2] 0..1 [org.springframework.web.reactive.result.method.annotation.RequestMappingMessageConversionIntegrationTests$Person]
16:11:52.107 [http-nio-auto-16-exec-1] DEBUG o.s.w.r.r.m.a.ResponseBodyResultHandler - Using 'application/json' given [application/json] and supported [application/json, application/*+json, application/x-jackson-smile, application/*+x-jackson-smile, application/xml, text/xml, text/event-stream]
16:11:52.107 [http-nio-auto-16-exec-1] DEBUG o.s.w.r.r.m.a.ResponseBodyResultHandler - [3173e2c2] 0..1 [org.springframework.web.reactive.result.method.annotation.RequestMappingMessageConversionIntegrationTests$Person]
16:11:52.108 [http-nio-auto-16-exec-1] DEBUG o.s.h.c.j.Jackson2JsonDecoder - [3173e2c2] Decoded [Person{name='Robert'}]
16:11:52.108 [http-nio-auto-16-exec-1] DEBUG o.s.h.c.j.Jackson2JsonEncoder - [3173e2c2] Encoding [Person{name='ROBERT'}]
16:11:52.109 [http-nio-auto-16-exec-1] DEBUG o.s.w.s.a.HttpWebHandlerAdapter - [3173e2c2] Completed 200 OK
16:11:52.110 [Test worker] DEBUG o.s.w.c.RestTemplate - Response 200 OK
16:11:52.110 [Test worker] DEBUG o.s.w.c.RestTemplate - Reading to [org.springframework.web.reactive.result.method.annotation.RequestMappingMessageConversionIntegrationTests$Person]
16:11:52.111 [Test worker] DEBUG o.s.w.t.h.s.r.b.TomcatHttpServer - Stopping TomcatHttpServer...
16:11:52.131 [Test worker] DEBUG o.s.w.t.h.s.r.b.TomcatHttpServer - Server stopped (0 millis).
16:11:52.531 [Test worker] DEBUG o.s.w.r.r.m.a.RequestMappingHandlerMapping - 39 mappings in 'requestMappingHandlerMapping'
16:11:52.719 [Test worker] DEBUG o.s.w.r.r.m.a.ControllerMethodResolver - ControllerAdvice beans: none
16:11:52.879 [Test worker] DEBUG o.s.w.s.a.HttpWebHandlerAdapter - enableLoggingRequestDetails='false': form data and headers will be masked to prevent unsafe logging of potentially sensitive data
16:11:52.879 [Test worker] DEBUG o.s.w.t.h.s.r.b.UndertowHttpServer - Starting UndertowHttpServer...
16:11:52.879 [Test worker] INFO  i.undertow - starting server: Undertow - 2.0.32.Final
16:11:52.887 [Test worker] DEBUG o.s.w.t.h.s.r.b.UndertowHttpServer - Server started on port 55602(0 millis).
16:11:52.887 [Test worker] DEBUG o.s.w.c.RestTemplate - HTTP POST http://localhost:55602/person-transform/single
16:11:52.889 [Test worker] DEBUG o.s.w.c.RestTemplate - Accept=[application/xml, text/xml, application/json, application/x-jackson-smile, application/*+xml, application/*+json]
16:11:52.890 [Test worker] DEBUG o.s.w.c.RestTemplate - Writing [Person{name='Robert'}] as "application/json"
16:11:52.892 [XNIO-16 I/O-6] DEBUG o.s.w.s.a.HttpWebHandlerAdapter - [36844c14] HTTP POST "/person-transform/single"
16:11:52.893 [XNIO-16 I/O-6] DEBUG o.s.w.r.r.m.a.RequestMappingHandlerMapping - [36844c14] Mapped to org.springframework.web.reactive.result.method.annotation.RequestMappingMessageConversionIntegrationTests$PersonTransformationController#transformSingle(Single)
16:11:52.894 [XNIO-16 I/O-6] DEBUG o.s.w.r.r.m.a.RequestBodyMethodArgumentResolver - [36844c14] Content-Type:application/json
16:11:52.895 [XNIO-16 I/O-6] DEBUG o.s.w.r.r.m.a.RequestBodyMethodArgumentResolver - [36844c14] 0..1 [org.springframework.web.reactive.result.method.annotation.RequestMappingMessageConversionIntegrationTests$Person]
16:11:52.896 [XNIO-16 I/O-6] DEBUG o.s.w.r.r.m.a.ResponseBodyResultHandler - Using 'application/json' given [application/json] and supported [application/json, application/*+json, application/x-jackson-smile, application/*+x-jackson-smile, application/xml, text/xml, text/event-stream]
16:11:52.896 [XNIO-16 I/O-6] DEBUG o.s.w.r.r.m.a.ResponseBodyResultHandler - [36844c14] 0..1 [org.springframework.web.reactive.result.method.annotation.RequestMappingMessageConversionIntegrationTests$Person]
16:11:52.897 [XNIO-16 I/O-6] DEBUG o.s.h.c.j.Jackson2JsonDecoder - [36844c14] Decoded [Person{name='Robert'}]
16:11:52.898 [XNIO-16 I/O-6] DEBUG o.s.h.c.j.Jackson2JsonEncoder - [36844c14] Encoding [Person{name='ROBERT'}]
16:11:52.898 [XNIO-16 I/O-6] DEBUG o.s.w.s.a.HttpWebHandlerAdapter - [36844c14] Completed 200 OK
16:11:52.898 [Test worker] DEBUG o.s.w.c.RestTemplate - Response 200 OK
16:11:52.899 [Test worker] DEBUG o.s.w.c.RestTemplate - Reading to [org.springframework.web.reactive.result.method.annotation.RequestMappingMessageConversionIntegrationTests$Person]
16:11:52.899 [Test worker] DEBUG o.s.w.t.h.s.r.b.UndertowHttpServer - Stopping UndertowHttpServer...
16:11:52.899 [Test worker] INFO  i.undertow - stopping server: Undertow - 2.0.32.Final
16:11:52.901 [Test worker] DEBUG o.s.w.t.h.s.r.b.UndertowHttpServer - Server stopped (0 millis).
16:11:53.135 [Test worker] DEBUG o.s.w.r.r.m.a.RequestMappingHandlerMapping - 39 mappings in 'requestMappingHandlerMapping'
16:11:53.231 [Test worker] DEBUG o.s.w.r.r.m.a.ControllerMethodResolver - ControllerAdvice beans: none
16:11:53.291 [Test worker] DEBUG o.s.w.s.a.HttpWebHandlerAdapter - enableLoggingRequestDetails='false': form data and headers will be masked to prevent unsafe logging of potentially sensitive data
16:11:53.291 [Test worker] WARN  o.e.j.s.h.ContextHandler - Empty contextPath
16:11:53.292 [Test worker] INFO  o.e.j.s.h.ContextHandler - Started o.e.j.s.ServletContextHandler@421cbe85{/,null,AVAILABLE}
16:11:53.292 [Test worker] DEBUG o.s.w.t.h.s.r.b.JettyHttpServer - Starting JettyHttpServer...
16:11:53.292 [Test worker] INFO  o.e.j.s.Server - jetty-9.4.31.v20200723; built: 2020-07-23T17:57:36.812Z; git: 450ba27947e13e66baa8cd1ce7e85a4461cacc1d; jvm 1.8.0_201-b09
16:11:53.296 [Test worker] INFO  o.e.j.s.AbstractConnector - Started ServerConnector@1d5484d1{HTTP/1.1, (http/1.1)}{0.0.0.0:55608}
16:11:53.297 [Test worker] INFO  o.e.j.s.Server - Started @81140ms
16:11:53.297 [Test worker] DEBUG o.s.w.t.h.s.r.b.JettyHttpServer - Server started on port 55608(0 millis).
16:11:53.297 [Test worker] DEBUG o.s.w.c.RestTemplate - HTTP GET http://localhost:55608/person-response/mono-response-entity-xml
16:11:53.297 [Test worker] DEBUG o.s.w.c.RestTemplate - Accept=[text/plain, application/json, application/x-jackson-smile, application/*+json, */*]
16:11:53.300 [qtp251358971-656] DEBUG o.s.w.s.a.HttpWebHandlerAdapter - [42497a86] HTTP GET "/person-response/mono-response-entity-xml"
16:11:53.300 [qtp251358971-656] DEBUG o.s.w.r.r.m.a.RequestMappingHandlerMapping - [42497a86] Mapped to org.springframework.web.reactive.result.method.annotation.RequestMappingMessageConversionIntegrationTests$PersonResponseBodyController#getMonoResponseEntityXml()
16:11:53.302 [qtp251358971-656] DEBUG o.s.w.r.r.m.a.ResponseEntityResultHandler - [42497a86] Found 'Content-Type:application/xml' in response
16:11:53.302 [qtp251358971-656] DEBUG o.s.w.r.r.m.a.ResponseEntityResultHandler - [42497a86] 0..1 [org.springframework.web.reactive.result.method.annotation.RequestMappingMessageConversionIntegrationTests$Person]
16:11:53.304 [qtp251358971-656] DEBUG o.s.h.c.x.Jaxb2XmlEncoder - [42497a86] Encoding [Person{name='Robert'}]
16:11:53.309 [qtp251358971-656] DEBUG o.s.w.s.a.HttpWebHandlerAdapter - [42497a86] Completed 200 OK
16:11:53.309 [Test worker] DEBUG o.s.w.c.RestTemplate - Response 200 OK
16:11:53.309 [Test worker] DEBUG o.s.w.c.RestTemplate - Reading to [java.lang.String] as "application/xml"
16:11:53.309 [Test worker] DEBUG o.s.w.t.h.s.r.b.JettyHttpServer - Stopping JettyHttpServer...
16:11:53.310 [Test worker] INFO  o.e.j.s.h.ContextHandler - Stopped o.e.j.s.ServletContextHandler@421cbe85{/,null,UNAVAILABLE}
16:11:53.312 [Test worker] INFO  o.e.j.s.AbstractConnector - Stopped ServerConnector@1d5484d1{HTTP/1.1, (http/1.1)}{0.0.0.0:0}
16:11:53.365 [Test worker] DEBUG o.s.w.t.h.s.r.b.JettyHttpServer - Server stopped (0 millis).
16:11:53.610 [Test worker] DEBUG o.s.w.r.r.m.a.RequestMappingHandlerMapping - 39 mappings in 'requestMappingHandlerMapping'
16:11:53.710 [Test worker] DEBUG o.s.w.r.r.m.a.ControllerMethodResolver - ControllerAdvice beans: none
16:11:53.790 [Test worker] DEBUG o.s.w.s.a.HttpWebHandlerAdapter - enableLoggingRequestDetails='false': form data and headers will be masked to prevent unsafe logging of potentially sensitive data
16:11:53.790 [Test worker] DEBUG o.s.w.t.h.s.r.b.ReactorHttpServer - Starting ReactorHttpServer...
16:11:53.792 [Test worker] DEBUG o.s.w.t.h.s.r.b.ReactorHttpServer - Server started on port 55613(0 millis).
16:11:53.793 [Test worker] DEBUG o.s.w.c.RestTemplate - HTTP GET http://localhost:55613/person-response/mono-response-entity-xml
16:11:53.793 [Test worker] DEBUG o.s.w.c.RestTemplate - Accept=[text/plain, application/json, application/x-jackson-smile, application/*+json, */*]
16:11:53.795 [reactor-http-nio-6] DEBUG o.s.w.s.a.HttpWebHandlerAdapter - [3c3a93f7-17] HTTP GET "/person-response/mono-response-entity-xml"
16:11:53.796 [reactor-http-nio-6] DEBUG o.s.w.r.r.m.a.RequestMappingHandlerMapping - [3c3a93f7-17] Mapped to org.springframework.web.reactive.result.method.annotation.RequestMappingMessageConversionIntegrationTests$PersonResponseBodyController#getMonoResponseEntityXml()
16:11:53.797 [reactor-http-nio-6] DEBUG o.s.w.r.r.m.a.ResponseEntityResultHandler - [3c3a93f7-17] Found 'Content-Type:application/xml' in response
16:11:53.797 [reactor-http-nio-6] DEBUG o.s.w.r.r.m.a.ResponseEntityResultHandler - [3c3a93f7-17] 0..1 [org.springframework.web.reactive.result.method.annotation.RequestMappingMessageConversionIntegrationTests$Person]
16:11:53.798 [reactor-http-nio-6] DEBUG o.s.h.c.x.Jaxb2XmlEncoder - [3c3a93f7-17] Encoding [Person{name='Robert'}]
16:11:53.804 [reactor-http-nio-6] DEBUG o.s.w.s.a.HttpWebHandlerAdapter - [3c3a93f7-17] Completed 200 OK
16:11:53.804 [Test worker] DEBUG o.s.w.c.RestTemplate - Response 200 OK
16:11:53.805 [Test worker] DEBUG o.s.w.c.RestTemplate - Reading to [java.lang.String] as "application/xml"
16:11:53.805 [Test worker] DEBUG o.s.w.t.h.s.r.b.ReactorHttpServer - Stopping ReactorHttpServer...
16:11:53.805 [Test worker] DEBUG o.s.w.t.h.s.r.b.ReactorHttpServer - Server stopped (0 millis).
16:11:54.013 [Test worker] DEBUG o.s.w.r.r.m.a.RequestMappingHandlerMapping - 39 mappings in 'requestMappingHandlerMapping'
16:11:54.093 [Test worker] DEBUG o.s.w.r.r.m.a.ControllerMethodResolver - ControllerAdvice beans: none
16:11:54.190 [Test worker] DEBUG o.s.w.s.a.HttpWebHandlerAdapter - enableLoggingRequestDetails='false': form data and headers will be masked to prevent unsafe logging of potentially sensitive data
16:11:54.190 [Test worker] DEBUG o.s.w.t.h.s.r.b.TomcatHttpServer - Starting TomcatHttpServer...
16:11:54.227 [Test worker] DEBUG o.s.w.t.h.s.r.b.TomcatHttpServer - Server started on port 55617(0 millis).
16:11:54.227 [Test worker] DEBUG o.s.w.c.RestTemplate - HTTP GET http://localhost:55617/person-response/mono-response-entity-xml
16:11:54.228 [Test worker] DEBUG o.s.w.c.RestTemplate - Accept=[text/plain, application/json, application/x-jackson-smile, application/*+json, */*]
16:11:54.232 [http-nio-auto-17-exec-1] DEBUG o.s.w.s.a.HttpWebHandlerAdapter - [24410998] HTTP GET "/person-response/mono-response-entity-xml"
16:11:54.232 [http-nio-auto-17-exec-1] DEBUG o.s.w.r.r.m.a.RequestMappingHandlerMapping - [24410998] Mapped to org.springframework.web.reactive.result.method.annotation.RequestMappingMessageConversionIntegrationTests$PersonResponseBodyController#getMonoResponseEntityXml()
16:11:54.234 [http-nio-auto-17-exec-1] DEBUG o.s.w.r.r.m.a.ResponseEntityResultHandler - [24410998] Found 'Content-Type:application/xml' in response
16:11:54.234 [http-nio-auto-17-exec-1] DEBUG o.s.w.r.r.m.a.ResponseEntityResultHandler - [24410998] 0..1 [org.springframework.web.reactive.result.method.annotation.RequestMappingMessageConversionIntegrationTests$Person]
16:11:54.235 [http-nio-auto-17-exec-1] DEBUG o.s.h.c.x.Jaxb2XmlEncoder - [24410998] Encoding [Person{name='Robert'}]
16:11:54.240 [http-nio-auto-17-exec-1] DEBUG o.s.w.s.a.HttpWebHandlerAdapter - [24410998] Completed 200 OK
16:11:54.240 [Test worker] DEBUG o.s.w.c.RestTemplate - Response 200 OK
16:11:54.240 [Test worker] DEBUG o.s.w.c.RestTemplate - Reading to [java.lang.String] as "application/xml"
16:11:54.241 [Test worker] DEBUG o.s.w.t.h.s.r.b.TomcatHttpServer - Stopping TomcatHttpServer...
16:11:54.253 [Test worker] DEBUG o.s.w.t.h.s.r.b.TomcatHttpServer - Server stopped (0 millis).
16:11:54.470 [Test worker] DEBUG o.s.w.r.r.m.a.RequestMappingHandlerMapping - 39 mappings in 'requestMappingHandlerMapping'
16:11:54.569 [Test worker] DEBUG o.s.w.r.r.m.a.ControllerMethodResolver - ControllerAdvice beans: none
16:11:54.628 [Test worker] DEBUG o.s.w.s.a.HttpWebHandlerAdapter - enableLoggingRequestDetails='false': form data and headers will be masked to prevent unsafe logging of potentially sensitive data
16:11:54.628 [Test worker] DEBUG o.s.w.t.h.s.r.b.UndertowHttpServer - Starting UndertowHttpServer...
16:11:54.628 [Test worker] INFO  i.undertow - starting server: Undertow - 2.0.32.Final
16:11:54.695 [Test worker] DEBUG o.s.w.t.h.s.r.b.UndertowHttpServer - Server started on port 55627(0 millis).
16:11:54.696 [Test worker] DEBUG o.s.w.c.RestTemplate - HTTP GET http://localhost:55627/person-response/mono-response-entity-xml
16:11:54.696 [Test worker] DEBUG o.s.w.c.RestTemplate - Accept=[text/plain, application/json, application/x-jackson-smile, application/*+json, */*]
16:11:54.698 [XNIO-17 I/O-6] DEBUG o.s.w.s.a.HttpWebHandlerAdapter - [1c59a45d] HTTP GET "/person-response/mono-response-entity-xml"
16:11:54.698 [XNIO-17 I/O-6] DEBUG o.s.w.r.r.m.a.RequestMappingHandlerMapping - [1c59a45d] Mapped to org.springframework.web.reactive.result.method.annotation.RequestMappingMessageConversionIntegrationTests$PersonResponseBodyController#getMonoResponseEntityXml()
16:11:54.700 [XNIO-17 I/O-6] DEBUG o.s.w.r.r.m.a.ResponseEntityResultHandler - [1c59a45d] Found 'Content-Type:application/xml' in response
16:11:54.700 [XNIO-17 I/O-6] DEBUG o.s.w.r.r.m.a.ResponseEntityResultHandler - [1c59a45d] 0..1 [org.springframework.web.reactive.result.method.annotation.RequestMappingMessageConversionIntegrationTests$Person]
16:11:54.700 [XNIO-17 I/O-6] DEBUG o.s.h.c.x.Jaxb2XmlEncoder - [1c59a45d] Encoding [Person{name='Robert'}]
16:11:54.704 [XNIO-17 I/O-6] DEBUG o.s.w.s.a.HttpWebHandlerAdapter - [1c59a45d] Completed 200 OK
16:11:54.704 [Test worker] DEBUG o.s.w.c.RestTemplate - Response 200 OK
16:11:54.705 [Test worker] DEBUG o.s.w.c.RestTemplate - Reading to [java.lang.String] as "application/xml"
16:11:54.705 [Test worker] DEBUG o.s.w.t.h.s.r.b.UndertowHttpServer - Stopping UndertowHttpServer...
16:11:54.705 [Test worker] INFO  i.undertow - stopping server: Undertow - 2.0.32.Final
16:11:54.706 [Test worker] DEBUG o.s.w.t.h.s.r.b.UndertowHttpServer - Server stopped (0 millis).
16:11:54.907 [Test worker] DEBUG o.s.w.r.r.m.a.RequestMappingHandlerMapping - 39 mappings in 'requestMappingHandlerMapping'
16:11:54.980 [Test worker] DEBUG o.s.w.r.r.m.a.ControllerMethodResolver - ControllerAdvice beans: none
16:11:55.082 [Test worker] DEBUG o.s.w.s.a.HttpWebHandlerAdapter - enableLoggingRequestDetails='false': form data and headers will be masked to prevent unsafe logging of potentially sensitive data
16:11:55.082 [Test worker] WARN  o.e.j.s.h.ContextHandler - Empty contextPath
16:11:55.083 [Test worker] INFO  o.e.j.s.h.ContextHandler - Started o.e.j.s.ServletContextHandler@cb836d5{/,null,AVAILABLE}
16:11:55.083 [Test worker] DEBUG o.s.w.t.h.s.r.b.JettyHttpServer - Starting JettyHttpServer...
16:11:55.083 [Test worker] INFO  o.e.j.s.Server - jetty-9.4.31.v20200723; built: 2020-07-23T17:57:36.812Z; git: 450ba27947e13e66baa8cd1ce7e85a4461cacc1d; jvm 1.8.0_201-b09
16:11:55.097 [Test worker] INFO  o.e.j.s.AbstractConnector - Started ServerConnector@25f6efa{HTTP/1.1, (http/1.1)}{0.0.0.0:55633}
16:11:55.097 [Test worker] INFO  o.e.j.s.Server - Started @82941ms
16:11:55.097 [Test worker] DEBUG o.s.w.t.h.s.r.b.JettyHttpServer - Server started on port 55633(0 millis).
16:11:55.097 [Test worker] DEBUG o.s.w.c.RestTemplate - HTTP POST http://localhost:55633/person-create/rxjava2-observable
16:11:55.098 [Test worker] DEBUG o.s.w.c.RestTemplate - Accept=[application/json, application/x-jackson-smile, application/*+json]
16:11:55.098 [Test worker] DEBUG o.s.w.c.RestTemplate - Writing [[Person{name='Robert'}, Person{name='Marie'}]] as "application/json"
16:11:55.105 [qtp1677060625-694] DEBUG o.s.w.s.a.HttpWebHandlerAdapter - [39bef72] HTTP POST "/person-create/rxjava2-observable"
16:11:55.106 [qtp1677060625-694] DEBUG o.s.w.r.r.m.a.RequestMappingHandlerMapping - [39bef72] Mapped to org.springframework.web.reactive.result.method.annotation.RequestMappingMessageConversionIntegrationTests$PersonCreateController#createWithRxJava2Observable(Observable)
16:11:55.107 [qtp1677060625-694] DEBUG o.s.w.r.r.m.a.RequestBodyMethodArgumentResolver - [39bef72] Content-Type:application/json;charset=UTF-8
16:11:55.108 [qtp1677060625-694] DEBUG o.s.w.r.r.m.a.RequestBodyMethodArgumentResolver - [39bef72] 0..N [org.springframework.web.reactive.result.method.annotation.RequestMappingMessageConversionIntegrationTests$Person]
16:11:55.113 [qtp1677060625-694] DEBUG o.s.h.c.j.Jackson2JsonDecoder - [39bef72] Decoded [Person{name='Robert'}]
16:11:55.113 [qtp1677060625-694] DEBUG o.s.h.c.j.Jackson2JsonDecoder - [39bef72] Decoded [Person{name='Marie'}]
16:11:55.113 [qtp1677060625-694] DEBUG o.s.w.s.a.HttpWebHandlerAdapter - [39bef72] Completed 200 OK
16:11:55.114 [Test worker] DEBUG o.s.w.c.RestTemplate - Response 200 OK
16:11:55.114 [Test worker] DEBUG o.s.w.t.h.s.r.b.JettyHttpServer - Stopping JettyHttpServer...
16:11:55.115 [Test worker] INFO  o.e.j.s.h.ContextHandler - Stopped o.e.j.s.ServletContextHandler@cb836d5{/,null,UNAVAILABLE}
16:11:55.118 [Test worker] INFO  o.e.j.s.AbstractConnector - Stopped ServerConnector@25f6efa{HTTP/1.1, (http/1.1)}{0.0.0.0:0}
16:11:55.128 [Test worker] DEBUG o.s.w.t.h.s.r.b.JettyHttpServer - Server stopped (0 millis).
16:11:55.334 [Test worker] DEBUG o.s.w.r.r.m.a.RequestMappingHandlerMapping - 39 mappings in 'requestMappingHandlerMapping'
16:11:55.427 [Test worker] DEBUG o.s.w.r.r.m.a.ControllerMethodResolver - ControllerAdvice beans: none
16:11:55.489 [Test worker] DEBUG o.s.w.s.a.HttpWebHandlerAdapter - enableLoggingRequestDetails='false': form data and headers will be masked to prevent unsafe logging of potentially sensitive data
16:11:55.489 [Test worker] DEBUG o.s.w.t.h.s.r.b.ReactorHttpServer - Starting ReactorHttpServer...
16:11:55.491 [Test worker] DEBUG o.s.w.t.h.s.r.b.ReactorHttpServer - Server started on port 55642(0 millis).
16:11:55.491 [Test worker] DEBUG o.s.w.c.RestTemplate - HTTP POST http://localhost:55642/person-create/rxjava2-observable
16:11:55.492 [Test worker] DEBUG o.s.w.c.RestTemplate - Accept=[application/json, application/x-jackson-smile, application/*+json]
16:11:55.492 [Test worker] DEBUG o.s.w.c.RestTemplate - Writing [[Person{name='Robert'}, Person{name='Marie'}]] as "application/json"
16:11:55.495 [reactor-http-nio-8] DEBUG o.s.w.s.a.HttpWebHandlerAdapter - [c148797e-18] HTTP POST "/person-create/rxjava2-observable"
16:11:55.496 [reactor-http-nio-8] DEBUG o.s.w.r.r.m.a.RequestMappingHandlerMapping - [c148797e-18] Mapped to org.springframework.web.reactive.result.method.annotation.RequestMappingMessageConversionIntegrationTests$PersonCreateController#createWithRxJava2Observable(Observable)
16:11:55.497 [reactor-http-nio-8] DEBUG o.s.w.r.r.m.a.RequestBodyMethodArgumentResolver - [c148797e-18] Content-Type:application/json
16:11:55.497 [reactor-http-nio-8] DEBUG o.s.w.r.r.m.a.RequestBodyMethodArgumentResolver - [c148797e-18] 0..N [org.springframework.web.reactive.result.method.annotation.RequestMappingMessageConversionIntegrationTests$Person]
16:11:55.499 [reactor-http-nio-8] DEBUG o.s.h.c.j.Jackson2JsonDecoder - [c148797e-18] Decoded [Person{name='Robert'}]
16:11:55.499 [reactor-http-nio-8] DEBUG o.s.h.c.j.Jackson2JsonDecoder - [c148797e-18] Decoded [Person{name='Marie'}]
16:11:55.499 [reactor-http-nio-8] DEBUG o.s.w.s.a.HttpWebHandlerAdapter - [c148797e-18] Completed 200 OK
16:11:55.500 [Test worker] DEBUG o.s.w.c.RestTemplate - Response 200 OK
16:11:55.500 [Test worker] DEBUG o.s.w.t.h.s.r.b.ReactorHttpServer - Stopping ReactorHttpServer...
16:11:55.501 [Test worker] DEBUG o.s.w.t.h.s.r.b.ReactorHttpServer - Server stopped (0 millis).
16:11:55.764 [Test worker] DEBUG o.s.w.r.r.m.a.RequestMappingHandlerMapping - 39 mappings in 'requestMappingHandlerMapping'
16:11:55.878 [Test worker] DEBUG o.s.w.r.r.m.a.ControllerMethodResolver - ControllerAdvice beans: none
16:11:55.947 [Test worker] DEBUG o.s.w.s.a.HttpWebHandlerAdapter - enableLoggingRequestDetails='false': form data and headers will be masked to prevent unsafe logging of potentially sensitive data
16:11:55.948 [Test worker] DEBUG o.s.w.t.h.s.r.b.TomcatHttpServer - Starting TomcatHttpServer...
16:11:55.982 [Test worker] DEBUG o.s.w.t.h.s.r.b.TomcatHttpServer - Server started on port 55651(0 millis).
16:11:55.983 [Test worker] DEBUG o.s.w.c.RestTemplate - HTTP POST http://localhost:55651/person-create/rxjava2-observable
16:11:55.984 [Test worker] DEBUG o.s.w.c.RestTemplate - Accept=[application/json, application/x-jackson-smile, application/*+json]
16:11:55.987 [Test worker] DEBUG o.s.w.c.RestTemplate - Writing [[Person{name='Robert'}, Person{name='Marie'}]] as "application/json"
16:11:56.008 [http-nio-auto-18-exec-1] DEBUG o.s.w.s.a.HttpWebHandlerAdapter - [5110d4b7] HTTP POST "/person-create/rxjava2-observable"
16:11:56.009 [http-nio-auto-18-exec-1] DEBUG o.s.w.r.r.m.a.RequestMappingHandlerMapping - [5110d4b7] Mapped to org.springframework.web.reactive.result.method.annotation.RequestMappingMessageConversionIntegrationTests$PersonCreateController#createWithRxJava2Observable(Observable)
16:11:56.010 [http-nio-auto-18-exec-1] DEBUG o.s.w.r.r.m.a.RequestBodyMethodArgumentResolver - [5110d4b7] Content-Type:application/json
16:11:56.011 [http-nio-auto-18-exec-1] DEBUG o.s.w.r.r.m.a.RequestBodyMethodArgumentResolver - [5110d4b7] 0..N [org.springframework.web.reactive.result.method.annotation.RequestMappingMessageConversionIntegrationTests$Person]
16:11:56.011 [http-nio-auto-18-exec-1] DEBUG o.s.h.c.j.Jackson2JsonDecoder - [5110d4b7] Decoded [Person{name='Robert'}]
16:11:56.012 [http-nio-auto-18-exec-1] DEBUG o.s.h.c.j.Jackson2JsonDecoder - [5110d4b7] Decoded [Person{name='Marie'}]
16:11:56.012 [http-nio-auto-18-exec-1] DEBUG o.s.w.s.a.HttpWebHandlerAdapter - [5110d4b7] Completed 200 OK
16:11:56.013 [Test worker] DEBUG o.s.w.c.RestTemplate - Response 200 OK
16:11:56.013 [Test worker] DEBUG o.s.w.t.h.s.r.b.TomcatHttpServer - Stopping TomcatHttpServer...
16:11:56.028 [Test worker] DEBUG o.s.w.t.h.s.r.b.TomcatHttpServer - Server stopped (0 millis).
16:11:56.305 [Test worker] DEBUG o.s.w.r.r.m.a.RequestMappingHandlerMapping - 39 mappings in 'requestMappingHandlerMapping'
16:11:56.376 [Test worker] DEBUG o.s.w.r.r.m.a.ControllerMethodResolver - ControllerAdvice beans: none
16:11:56.479 [Test worker] DEBUG o.s.w.s.a.HttpWebHandlerAdapter - enableLoggingRequestDetails='false': form data and headers will be masked to prevent unsafe logging of potentially sensitive data
16:11:56.479 [Test worker] DEBUG o.s.w.t.h.s.r.b.UndertowHttpServer - Starting UndertowHttpServer...
16:11:56.479 [Test worker] INFO  i.undertow - starting server: Undertow - 2.0.32.Final
16:11:56.547 [Test worker] DEBUG o.s.w.t.h.s.r.b.UndertowHttpServer - Server started on port 55662(0 millis).
16:11:56.547 [Test worker] DEBUG o.s.w.c.RestTemplate - HTTP POST http://localhost:55662/person-create/rxjava2-observable
16:11:56.547 [Test worker] DEBUG o.s.w.c.RestTemplate - Accept=[application/json, application/x-jackson-smile, application/*+json]
16:11:56.548 [Test worker] DEBUG o.s.w.c.RestTemplate - Writing [[Person{name='Robert'}, Person{name='Marie'}]] as "application/json"
16:11:56.551 [XNIO-18 I/O-6] DEBUG o.s.w.s.a.HttpWebHandlerAdapter - [381c9118] HTTP POST "/person-create/rxjava2-observable"
16:11:56.551 [XNIO-18 I/O-6] DEBUG o.s.w.r.r.m.a.RequestMappingHandlerMapping - [381c9118] Mapped to org.springframework.web.reactive.result.method.annotation.RequestMappingMessageConversionIntegrationTests$PersonCreateController#createWithRxJava2Observable(Observable)
16:11:56.552 [XNIO-18 I/O-6] DEBUG o.s.w.r.r.m.a.RequestBodyMethodArgumentResolver - [381c9118] Content-Type:application/json
16:11:56.553 [XNIO-18 I/O-6] DEBUG o.s.w.r.r.m.a.RequestBodyMethodArgumentResolver - [381c9118] 0..N [org.springframework.web.reactive.result.method.annotation.RequestMappingMessageConversionIntegrationTests$Person]
16:11:56.554 [XNIO-18 I/O-6] DEBUG o.s.h.c.j.Jackson2JsonDecoder - [381c9118] Decoded [Person{name='Robert'}]
16:11:56.554 [XNIO-18 I/O-6] DEBUG o.s.h.c.j.Jackson2JsonDecoder - [381c9118] Decoded [Person{name='Marie'}]
16:11:56.554 [XNIO-18 I/O-6] DEBUG o.s.w.s.a.HttpWebHandlerAdapter - [381c9118] Completed 200 OK
16:11:56.555 [Test worker] DEBUG o.s.w.c.RestTemplate - Response 200 OK
16:11:56.555 [Test worker] DEBUG o.s.w.t.h.s.r.b.UndertowHttpServer - Stopping UndertowHttpServer...
16:11:56.555 [Test worker] INFO  i.undertow - stopping server: Undertow - 2.0.32.Final
16:11:56.557 [Test worker] DEBUG o.s.w.t.h.s.r.b.UndertowHttpServer - Server stopped (0 millis).
16:11:56.775 [Test worker] DEBUG o.s.w.r.r.m.a.RequestMappingHandlerMapping - 39 mappings in 'requestMappingHandlerMapping'
16:11:56.835 [Test worker] DEBUG o.s.w.r.r.m.a.ControllerMethodResolver - ControllerAdvice beans: none
16:11:56.917 [Test worker] DEBUG o.s.w.s.a.HttpWebHandlerAdapter - enableLoggingRequestDetails='false': form data and headers will be masked to prevent unsafe logging of potentially sensitive data
16:11:56.918 [Test worker] WARN  o.e.j.s.h.ContextHandler - Empty contextPath
16:11:56.919 [Test worker] INFO  o.e.j.s.h.ContextHandler - Started o.e.j.s.ServletContextHandler@39f141fb{/,null,AVAILABLE}
16:11:56.919 [Test worker] DEBUG o.s.w.t.h.s.r.b.JettyHttpServer - Starting JettyHttpServer...
16:11:56.919 [Test worker] INFO  o.e.j.s.Server - jetty-9.4.31.v20200723; built: 2020-07-23T17:57:36.812Z; git: 450ba27947e13e66baa8cd1ce7e85a4461cacc1d; jvm 1.8.0_201-b09
16:11:56.925 [Test worker] INFO  o.e.j.s.AbstractConnector - Started ServerConnector@2719e71{HTTP/1.1, (http/1.1)}{0.0.0.0:55671}
16:11:56.925 [Test worker] INFO  o.e.j.s.Server - Started @84769ms
16:11:56.925 [Test worker] DEBUG o.s.w.t.h.s.r.b.JettyHttpServer - Server started on port 55671(0 millis).
16:11:56.926 [Test worker] DEBUG o.s.w.c.RestTemplate - HTTP GET http://localhost:55671/raw-response/flux
16:11:56.926 [Test worker] DEBUG o.s.w.c.RestTemplate - Accept=[text/plain, application/json, application/x-jackson-smile, application/*+json, */*]
16:11:56.929 [qtp264492563-732] DEBUG o.s.w.s.a.HttpWebHandlerAdapter - [31b3353f] HTTP GET "/raw-response/flux"
16:11:56.929 [qtp264492563-732] DEBUG o.s.w.r.r.m.a.RequestMappingHandlerMapping - [31b3353f] Mapped to org.springframework.web.reactive.result.method.annotation.RequestMappingMessageConversionIntegrationTests$RawResponseBodyController#getFlux()
16:11:56.932 [qtp264492563-732] DEBUG o.s.w.r.r.m.a.ResponseBodyResultHandler - Using 'text/plain' given [text/plain, application/json, application/x-jackson-smile, application/*+json, */*] and supported [*/*, application/json, application/*+json, application/x-jackson-smile, application/*+x-jackson-smile, text/event-stream]
16:11:56.932 [qtp264492563-732] DEBUG o.s.w.r.r.m.a.ResponseBodyResultHandler - [31b3353f] 0..N [java.nio.ByteBuffer]
16:11:56.932 [qtp264492563-732] DEBUG o.s.c.c.ByteBufferEncoder - [31b3353f] Writing 6 bytes
16:11:56.933 [qtp264492563-732] DEBUG o.s.w.s.a.HttpWebHandlerAdapter - [31b3353f] Completed 200 OK
16:11:56.933 [Test worker] DEBUG o.s.w.c.RestTemplate - Response 200 OK
16:11:56.933 [Test worker] DEBUG o.s.w.c.RestTemplate - Reading to [java.lang.String] as "text/plain"
16:11:56.934 [Test worker] DEBUG o.s.w.t.h.s.r.b.JettyHttpServer - Stopping JettyHttpServer...
16:11:56.934 [Test worker] INFO  o.e.j.s.h.ContextHandler - Stopped o.e.j.s.ServletContextHandler@39f141fb{/,null,UNAVAILABLE}
16:11:56.936 [Test worker] INFO  o.e.j.s.AbstractConnector - Stopped ServerConnector@2719e71{HTTP/1.1, (http/1.1)}{0.0.0.0:0}
16:11:56.966 [Test worker] DEBUG o.s.w.t.h.s.r.b.JettyHttpServer - Server stopped (0 millis).
16:11:57.148 [Test worker] DEBUG o.s.w.r.r.m.a.RequestMappingHandlerMapping - 39 mappings in 'requestMappingHandlerMapping'
16:11:57.234 [Test worker] DEBUG o.s.w.r.r.m.a.ControllerMethodResolver - ControllerAdvice beans: none
16:11:57.316 [Test worker] DEBUG o.s.w.s.a.HttpWebHandlerAdapter - enableLoggingRequestDetails='false': form data and headers will be masked to prevent unsafe logging of potentially sensitive data
16:11:57.317 [Test worker] DEBUG o.s.w.t.h.s.r.b.ReactorHttpServer - Starting ReactorHttpServer...
16:11:57.323 [Test worker] DEBUG o.s.w.t.h.s.r.b.ReactorHttpServer - Server started on port 55681(0 millis).
16:11:57.324 [Test worker] DEBUG o.s.w.c.RestTemplate - HTTP GET http://localhost:55681/raw-response/flux
16:11:57.324 [Test worker] DEBUG o.s.w.c.RestTemplate - Accept=[text/plain, application/json, application/x-jackson-smile, application/*+json, */*]
16:11:57.333 [reactor-http-nio-10] DEBUG o.s.w.s.a.HttpWebHandlerAdapter - [6266dd83-19] HTTP GET "/raw-response/flux"
16:11:57.333 [reactor-http-nio-10] DEBUG o.s.w.r.r.m.a.RequestMappingHandlerMapping - [6266dd83-19] Mapped to org.springframework.web.reactive.result.method.annotation.RequestMappingMessageConversionIntegrationTests$RawResponseBodyController#getFlux()
16:11:57.336 [reactor-http-nio-10] DEBUG o.s.w.r.r.m.a.ResponseBodyResultHandler - Using 'text/plain' given [text/plain, application/json, application/x-jackson-smile, application/*+json, */*] and supported [*/*, application/json, application/*+json, application/x-jackson-smile, application/*+x-jackson-smile, text/event-stream]
16:11:57.336 [reactor-http-nio-10] DEBUG o.s.w.r.r.m.a.ResponseBodyResultHandler - [6266dd83-19] 0..N [java.nio.ByteBuffer]
16:11:57.336 [reactor-http-nio-10] DEBUG o.s.c.c.ByteBufferEncoder - [6266dd83-19] Writing 6 bytes
16:11:57.339 [reactor-http-nio-10] DEBUG o.s.w.s.a.HttpWebHandlerAdapter - [6266dd83-19] Completed 200 OK
16:11:57.340 [Test worker] DEBUG o.s.w.c.RestTemplate - Response 200 OK
16:11:57.341 [Test worker] DEBUG o.s.w.c.RestTemplate - Reading to [java.lang.String] as "text/plain"
16:11:57.341 [Test worker] DEBUG o.s.w.t.h.s.r.b.ReactorHttpServer - Stopping ReactorHttpServer...
16:11:57.341 [Test worker] DEBUG o.s.w.t.h.s.r.b.ReactorHttpServer - Server stopped (0 millis).
16:11:57.525 [Test worker] DEBUG o.s.w.r.r.m.a.RequestMappingHandlerMapping - 39 mappings in 'requestMappingHandlerMapping'
16:11:57.647 [Test worker] DEBUG o.s.w.r.r.m.a.ControllerMethodResolver - ControllerAdvice beans: none
16:11:57.741 [Test worker] DEBUG o.s.w.s.a.HttpWebHandlerAdapter - enableLoggingRequestDetails='false': form data and headers will be masked to prevent unsafe logging of potentially sensitive data
16:11:57.744 [Test worker] DEBUG o.s.w.t.h.s.r.b.TomcatHttpServer - Starting TomcatHttpServer...
16:11:57.777 [Test worker] DEBUG o.s.w.t.h.s.r.b.TomcatHttpServer - Server started on port 55691(0 millis).
16:11:57.777 [Test worker] DEBUG o.s.w.c.RestTemplate - HTTP GET http://localhost:55691/raw-response/flux
16:11:57.777 [Test worker] DEBUG o.s.w.c.RestTemplate - Accept=[text/plain, application/json, application/x-jackson-smile, application/*+json, */*]
16:11:57.781 [http-nio-auto-19-exec-1] DEBUG o.s.w.s.a.HttpWebHandlerAdapter - [478a464] HTTP GET "/raw-response/flux"
16:11:57.782 [http-nio-auto-19-exec-1] DEBUG o.s.w.r.r.m.a.RequestMappingHandlerMapping - [478a464] Mapped to org.springframework.web.reactive.result.method.annotation.RequestMappingMessageConversionIntegrationTests$RawResponseBodyController#getFlux()
16:11:57.784 [http-nio-auto-19-exec-1] DEBUG o.s.w.r.r.m.a.ResponseBodyResultHandler - Using 'text/plain' given [text/plain, application/json, application/x-jackson-smile, application/*+json, */*] and supported [*/*, application/json, application/*+json, application/x-jackson-smile, application/*+x-jackson-smile, text/event-stream]
16:11:57.784 [http-nio-auto-19-exec-1] DEBUG o.s.w.r.r.m.a.ResponseBodyResultHandler - [478a464] 0..N [java.nio.ByteBuffer]
16:11:57.784 [http-nio-auto-19-exec-1] DEBUG o.s.c.c.ByteBufferEncoder - [478a464] Writing 6 bytes
16:11:57.785 [http-nio-auto-19-exec-1] DEBUG o.s.w.s.a.HttpWebHandlerAdapter - [478a464] Completed 200 OK
16:11:57.786 [Test worker] DEBUG o.s.w.c.RestTemplate - Response 200 OK
16:11:57.787 [Test worker] DEBUG o.s.w.c.RestTemplate - Reading to [java.lang.String] as "text/plain"
16:11:57.788 [Test worker] DEBUG o.s.w.t.h.s.r.b.TomcatHttpServer - Stopping TomcatHttpServer...
16:11:57.807 [Test worker] DEBUG o.s.w.t.h.s.r.b.TomcatHttpServer - Server stopped (0 millis).
16:11:58.119 [Test worker] DEBUG o.s.w.r.r.m.a.RequestMappingHandlerMapping - 39 mappings in 'requestMappingHandlerMapping'
16:11:58.208 [Test worker] DEBUG o.s.w.r.r.m.a.ControllerMethodResolver - ControllerAdvice beans: none
16:11:58.304 [Test worker] DEBUG o.s.w.s.a.HttpWebHandlerAdapter - enableLoggingRequestDetails='false': form data and headers will be masked to prevent unsafe logging of potentially sensitive data
16:11:58.304 [Test worker] DEBUG o.s.w.t.h.s.r.b.UndertowHttpServer - Starting UndertowHttpServer...
16:11:58.305 [Test worker] INFO  i.undertow - starting server: Undertow - 2.0.32.Final
16:11:58.312 [Test worker] DEBUG o.s.w.t.h.s.r.b.UndertowHttpServer - Server started on port 55704(0 millis).
16:11:58.312 [Test worker] DEBUG o.s.w.c.RestTemplate - HTTP GET http://localhost:55704/raw-response/flux
16:11:58.312 [Test worker] DEBUG o.s.w.c.RestTemplate - Accept=[text/plain, application/json, application/x-jackson-smile, application/*+json, */*]
16:11:58.314 [XNIO-19 I/O-6] DEBUG o.s.w.s.a.HttpWebHandlerAdapter - [25ec10a9] HTTP GET "/raw-response/flux"
16:11:58.315 [XNIO-19 I/O-6] DEBUG o.s.w.r.r.m.a.RequestMappingHandlerMapping - [25ec10a9] Mapped to org.springframework.web.reactive.result.method.annotation.RequestMappingMessageConversionIntegrationTests$RawResponseBodyController#getFlux()
16:11:58.317 [XNIO-19 I/O-6] DEBUG o.s.w.r.r.m.a.ResponseBodyResultHandler - Using 'text/plain' given [text/plain, application/json, application/x-jackson-smile, application/*+json, */*] and supported [*/*, application/json, application/*+json, application/x-jackson-smile, application/*+x-jackson-smile, text/event-stream]
16:11:58.317 [XNIO-19 I/O-6] DEBUG o.s.w.r.r.m.a.ResponseBodyResultHandler - [25ec10a9] 0..N [java.nio.ByteBuffer]
16:11:58.317 [XNIO-19 I/O-6] DEBUG o.s.c.c.ByteBufferEncoder - [25ec10a9] Writing 6 bytes
16:11:58.318 [XNIO-19 I/O-6] DEBUG o.s.w.s.a.HttpWebHandlerAdapter - [25ec10a9] Completed 200 OK
16:11:58.318 [Test worker] DEBUG o.s.w.c.RestTemplate - Response 200 OK
16:11:58.318 [Test worker] DEBUG o.s.w.c.RestTemplate - Reading to [java.lang.String] as "text/plain"
16:11:58.319 [Test worker] DEBUG o.s.w.t.h.s.r.b.UndertowHttpServer - Stopping UndertowHttpServer...
16:11:58.319 [Test worker] INFO  i.undertow - stopping server: Undertow - 2.0.32.Final
16:11:58.320 [Test worker] DEBUG o.s.w.t.h.s.r.b.UndertowHttpServer - Server stopped (0 millis).
16:11:58.508 [Test worker] DEBUG o.s.w.r.r.m.a.RequestMappingHandlerMapping - 39 mappings in 'requestMappingHandlerMapping'
16:11:58.576 [Test worker] DEBUG o.s.w.r.r.m.a.ControllerMethodResolver - ControllerAdvice beans: none
16:11:58.615 [Test worker] DEBUG o.s.w.s.a.HttpWebHandlerAdapter - enableLoggingRequestDetails='false': form data and headers will be masked to prevent unsafe logging of potentially sensitive data
16:11:58.616 [Test worker] WARN  o.e.j.s.h.ContextHandler - Empty contextPath
16:11:58.616 [Test worker] INFO  o.e.j.s.h.ContextHandler - Started o.e.j.s.ServletContextHandler@7fc0828b{/,null,AVAILABLE}
16:11:58.617 [Test worker] DEBUG o.s.w.t.h.s.r.b.JettyHttpServer - Starting JettyHttpServer...
16:11:58.617 [Test worker] INFO  o.e.j.s.Server - jetty-9.4.31.v20200723; built: 2020-07-23T17:57:36.812Z; git: 450ba27947e13e66baa8cd1ce7e85a4461cacc1d; jvm 1.8.0_201-b09
16:11:58.623 [Test worker] INFO  o.e.j.s.AbstractConnector - Started ServerConnector@37f8831e{HTTP/1.1, (http/1.1)}{0.0.0.0:55710}
16:11:58.624 [Test worker] INFO  o.e.j.s.Server - Started @86468ms
16:11:58.624 [Test worker] DEBUG o.s.w.t.h.s.r.b.JettyHttpServer - Server started on port 55710(0 millis).
16:11:58.624 [Test worker] DEBUG o.s.w.c.RestTemplate - HTTP GET http://localhost:55710/raw-response/mono
16:11:58.624 [Test worker] DEBUG o.s.w.c.RestTemplate - Accept=[text/plain, application/json, application/x-jackson-smile, application/*+json, */*]
16:11:58.627 [qtp914126030-770] DEBUG o.s.w.s.a.HttpWebHandlerAdapter - [2dfc9572] HTTP GET "/raw-response/mono"
16:11:58.627 [qtp914126030-770] DEBUG o.s.w.r.r.m.a.RequestMappingHandlerMapping - [2dfc9572] Mapped to org.springframework.web.reactive.result.method.annotation.RequestMappingMessageConversionIntegrationTests$RawResponseBodyController#getMonoString()
16:11:58.630 [qtp914126030-770] DEBUG o.s.w.r.r.m.a.ResponseBodyResultHandler - Using 'text/plain' given [text/plain, application/json, application/x-jackson-smile, application/*+json, */*] and supported [*/*, application/json, application/*+json, application/x-jackson-smile, application/*+x-jackson-smile, text/event-stream]
16:11:58.630 [qtp914126030-770] DEBUG o.s.w.r.r.m.a.ResponseBodyResultHandler - [2dfc9572] 0..1 [java.nio.ByteBuffer]
16:11:58.630 [qtp914126030-770] DEBUG o.s.c.c.ByteBufferEncoder - [2dfc9572] Writing 6 bytes
16:11:58.631 [qtp914126030-770] DEBUG o.s.w.s.a.HttpWebHandlerAdapter - [2dfc9572] Completed 200 OK
16:11:58.631 [Test worker] DEBUG o.s.w.c.RestTemplate - Response 200 OK
16:11:58.631 [Test worker] DEBUG o.s.w.c.RestTemplate - Reading to [java.lang.String] as "text/plain"
16:11:58.632 [Test worker] DEBUG o.s.w.t.h.s.r.b.JettyHttpServer - Stopping JettyHttpServer...
16:11:58.632 [Test worker] INFO  o.e.j.s.h.ContextHandler - Stopped o.e.j.s.ServletContextHandler@7fc0828b{/,null,UNAVAILABLE}
16:11:58.634 [Test worker] INFO  o.e.j.s.AbstractConnector - Stopped ServerConnector@37f8831e{HTTP/1.1, (http/1.1)}{0.0.0.0:0}
16:11:58.645 [Test worker] DEBUG o.s.w.t.h.s.r.b.JettyHttpServer - Server stopped (0 millis).
16:11:58.837 [Test worker] DEBUG o.s.w.r.r.m.a.RequestMappingHandlerMapping - 39 mappings in 'requestMappingHandlerMapping'
16:11:58.903 [Test worker] DEBUG o.s.w.r.r.m.a.ControllerMethodResolver - ControllerAdvice beans: none
16:11:58.974 [Test worker] DEBUG o.s.w.s.a.HttpWebHandlerAdapter - enableLoggingRequestDetails='false': form data and headers will be masked to prevent unsafe logging of potentially sensitive data
16:11:58.974 [Test worker] DEBUG o.s.w.t.h.s.r.b.ReactorHttpServer - Starting ReactorHttpServer...
16:11:58.982 [Test worker] DEBUG o.s.w.t.h.s.r.b.ReactorHttpServer - Server started on port 55718(0 millis).
16:11:58.983 [Test worker] DEBUG o.s.w.c.RestTemplate - HTTP GET http://localhost:55718/raw-response/mono
16:11:58.983 [Test worker] DEBUG o.s.w.c.RestTemplate - Accept=[text/plain, application/json, application/x-jackson-smile, application/*+json, */*]
16:11:58.987 [reactor-http-nio-12] DEBUG o.s.w.s.a.HttpWebHandlerAdapter - [c897c28d-20] HTTP GET "/raw-response/mono"
16:11:58.988 [reactor-http-nio-12] DEBUG o.s.w.r.r.m.a.RequestMappingHandlerMapping - [c897c28d-20] Mapped to org.springframework.web.reactive.result.method.annotation.RequestMappingMessageConversionIntegrationTests$RawResponseBodyController#getMonoString()
16:11:58.990 [reactor-http-nio-12] DEBUG o.s.w.r.r.m.a.ResponseBodyResultHandler - Using 'text/plain' given [text/plain, application/json, application/x-jackson-smile, application/*+json, */*] and supported [*/*, application/json, application/*+json, application/x-jackson-smile, application/*+x-jackson-smile, text/event-stream]
16:11:58.990 [reactor-http-nio-12] DEBUG o.s.w.r.r.m.a.ResponseBodyResultHandler - [c897c28d-20] 0..1 [java.nio.ByteBuffer]
16:11:58.990 [reactor-http-nio-12] DEBUG o.s.c.c.ByteBufferEncoder - [c897c28d-20] Writing 6 bytes
16:11:58.992 [reactor-http-nio-12] DEBUG o.s.w.s.a.HttpWebHandlerAdapter - [c897c28d-20] Completed 200 OK
16:11:58.994 [Test worker] DEBUG o.s.w.c.RestTemplate - Response 200 OK
16:11:58.994 [Test worker] DEBUG o.s.w.c.RestTemplate - Reading to [java.lang.String] as "text/plain"
16:11:58.995 [Test worker] DEBUG o.s.w.t.h.s.r.b.ReactorHttpServer - Stopping ReactorHttpServer...
16:11:58.995 [Test worker] DEBUG o.s.w.t.h.s.r.b.ReactorHttpServer - Server stopped (0 millis).
16:11:59.187 [Test worker] DEBUG o.s.w.r.r.m.a.RequestMappingHandlerMapping - 39 mappings in 'requestMappingHandlerMapping'
16:11:59.280 [Test worker] DEBUG o.s.w.r.r.m.a.ControllerMethodResolver - ControllerAdvice beans: none
16:11:59.358 [Test worker] DEBUG o.s.w.s.a.HttpWebHandlerAdapter - enableLoggingRequestDetails='false': form data and headers will be masked to prevent unsafe logging of potentially sensitive data
16:11:59.358 [Test worker] DEBUG o.s.w.t.h.s.r.b.TomcatHttpServer - Starting TomcatHttpServer...
16:11:59.371 [Test worker] DEBUG o.s.w.t.h.s.r.b.TomcatHttpServer - Server started on port 55726(0 millis).
16:11:59.371 [Test worker] DEBUG o.s.w.c.RestTemplate - HTTP GET http://localhost:55726/raw-response/mono
16:11:59.372 [Test worker] DEBUG o.s.w.c.RestTemplate - Accept=[text/plain, application/json, application/x-jackson-smile, application/*+json, */*]
16:11:59.377 [http-nio-auto-20-exec-1] DEBUG o.s.w.s.a.HttpWebHandlerAdapter - [276920b4] HTTP GET "/raw-response/mono"
16:11:59.378 [http-nio-auto-20-exec-1] DEBUG o.s.w.r.r.m.a.RequestMappingHandlerMapping - [276920b4] Mapped to org.springframework.web.reactive.result.method.annotation.RequestMappingMessageConversionIntegrationTests$RawResponseBodyController#getMonoString()
16:11:59.380 [http-nio-auto-20-exec-1] DEBUG o.s.w.r.r.m.a.ResponseBodyResultHandler - Using 'text/plain' given [text/plain, application/json, application/x-jackson-smile, application/*+json, */*] and supported [*/*, application/json, application/*+json, application/x-jackson-smile, application/*+x-jackson-smile, text/event-stream]
16:11:59.380 [http-nio-auto-20-exec-1] DEBUG o.s.w.r.r.m.a.ResponseBodyResultHandler - [276920b4] 0..1 [java.nio.ByteBuffer]
16:11:59.380 [http-nio-auto-20-exec-1] DEBUG o.s.c.c.ByteBufferEncoder - [276920b4] Writing 6 bytes
16:11:59.381 [http-nio-auto-20-exec-1] DEBUG o.s.w.s.a.HttpWebHandlerAdapter - [276920b4] Completed 200 OK
16:11:59.383 [Test worker] DEBUG o.s.w.c.RestTemplate - Response 200 OK
16:11:59.383 [Test worker] DEBUG o.s.w.c.RestTemplate - Reading to [java.lang.String] as "text/plain"
16:11:59.383 [Test worker] DEBUG o.s.w.t.h.s.r.b.TomcatHttpServer - Stopping TomcatHttpServer...
16:11:59.409 [Test worker] DEBUG o.s.w.t.h.s.r.b.TomcatHttpServer - Server stopped (0 millis).
16:11:59.651 [Test worker] DEBUG o.s.w.r.r.m.a.RequestMappingHandlerMapping - 39 mappings in 'requestMappingHandlerMapping'
16:11:59.756 [Test worker] DEBUG o.s.w.r.r.m.a.ControllerMethodResolver - ControllerAdvice beans: none
16:11:59.828 [Test worker] DEBUG o.s.w.s.a.HttpWebHandlerAdapter - enableLoggingRequestDetails='false': form data and headers will be masked to prevent unsafe logging of potentially sensitive data
16:11:59.828 [Test worker] DEBUG o.s.w.t.h.s.r.b.UndertowHttpServer - Starting UndertowHttpServer...
16:11:59.828 [Test worker] INFO  i.undertow - starting server: Undertow - 2.0.32.Final
16:11:59.859 [Test worker] DEBUG o.s.w.t.h.s.r.b.UndertowHttpServer - Server started on port 55733(0 millis).
16:11:59.859 [Test worker] DEBUG o.s.w.c.RestTemplate - HTTP GET http://localhost:55733/raw-response/mono
16:11:59.859 [Test worker] DEBUG o.s.w.c.RestTemplate - Accept=[text/plain, application/json, application/x-jackson-smile, application/*+json, */*]
16:11:59.862 [XNIO-20 I/O-6] DEBUG o.s.w.s.a.HttpWebHandlerAdapter - [7b17a521] HTTP GET "/raw-response/mono"
16:11:59.862 [XNIO-20 I/O-6] DEBUG o.s.w.r.r.m.a.RequestMappingHandlerMapping - [7b17a521] Mapped to org.springframework.web.reactive.result.method.annotation.RequestMappingMessageConversionIntegrationTests$RawResponseBodyController#getMonoString()
16:11:59.865 [XNIO-20 I/O-6] DEBUG o.s.w.r.r.m.a.ResponseBodyResultHandler - Using 'text/plain' given [text/plain, application/json, application/x-jackson-smile, application/*+json, */*] and supported [*/*, application/json, application/*+json, application/x-jackson-smile, application/*+x-jackson-smile, text/event-stream]
16:11:59.865 [XNIO-20 I/O-6] DEBUG o.s.w.r.r.m.a.ResponseBodyResultHandler - [7b17a521] 0..1 [java.nio.ByteBuffer]
16:11:59.865 [XNIO-20 I/O-6] DEBUG o.s.c.c.ByteBufferEncoder - [7b17a521] Writing 6 bytes
16:11:59.866 [XNIO-20 I/O-6] DEBUG o.s.w.s.a.HttpWebHandlerAdapter - [7b17a521] Completed 200 OK
16:11:59.866 [Test worker] DEBUG o.s.w.c.RestTemplate - Response 200 OK
16:11:59.866 [Test worker] DEBUG o.s.w.c.RestTemplate - Reading to [java.lang.String] as "text/plain"
16:11:59.867 [Test worker] DEBUG o.s.w.t.h.s.r.b.UndertowHttpServer - Stopping UndertowHttpServer...
16:11:59.867 [Test worker] INFO  i.undertow - stopping server: Undertow - 2.0.32.Final
16:11:59.868 [Test worker] DEBUG o.s.w.t.h.s.r.b.UndertowHttpServer - Server stopped (0 millis).
16:12:00.051 [Test worker] DEBUG o.s.w.r.r.m.a.RequestMappingHandlerMapping - 39 mappings in 'requestMappingHandlerMapping'
16:12:00.131 [Test worker] DEBUG o.s.w.r.r.m.a.ControllerMethodResolver - ControllerAdvice beans: none
16:12:00.211 [Test worker] DEBUG o.s.w.s.a.HttpWebHandlerAdapter - enableLoggingRequestDetails='false': form data and headers will be masked to prevent unsafe logging of potentially sensitive data
16:12:00.211 [Test worker] WARN  o.e.j.s.h.ContextHandler - Empty contextPath
16:12:00.212 [Test worker] INFO  o.e.j.s.h.ContextHandler - Started o.e.j.s.ServletContextHandler@4293000b{/,null,AVAILABLE}
16:12:00.212 [Test worker] DEBUG o.s.w.t.h.s.r.b.JettyHttpServer - Starting JettyHttpServer...
16:12:00.212 [Test worker] INFO  o.e.j.s.Server - jetty-9.4.31.v20200723; built: 2020-07-23T17:57:36.812Z; git: 450ba27947e13e66baa8cd1ce7e85a4461cacc1d; jvm 1.8.0_201-b09
16:12:00.218 [Test worker] INFO  o.e.j.s.AbstractConnector - Started ServerConnector@2ca93fce{HTTP/1.1, (http/1.1)}{0.0.0.0:55739}
16:12:00.218 [Test worker] INFO  o.e.j.s.Server - Started @88062ms
16:12:00.218 [Test worker] DEBUG o.s.w.t.h.s.r.b.JettyHttpServer - Server started on port 55739(0 millis).
16:12:00.218 [Test worker] DEBUG o.s.w.c.RestTemplate - HTTP POST http://localhost:55739/person-transform/flowable
16:12:00.219 [Test worker] DEBUG o.s.w.c.RestTemplate - Accept=[application/json, application/x-jackson-smile, application/*+json]
16:12:00.220 [Test worker] DEBUG o.s.w.c.RestTemplate - Writing [[Person{name='Robert'}, Person{name='Marie'}]] as "application/json"
16:12:00.223 [qtp1972174335-808] DEBUG o.s.w.s.a.HttpWebHandlerAdapter - [59a89711] HTTP POST "/person-transform/flowable"
16:12:00.224 [qtp1972174335-808] DEBUG o.s.w.r.r.m.a.RequestMappingHandlerMapping - [59a89711] Mapped to org.springframework.web.reactive.result.method.annotation.RequestMappingMessageConversionIntegrationTests$PersonTransformationController#transformFlowable(Flowable)
16:12:00.225 [qtp1972174335-808] DEBUG o.s.w.r.r.m.a.RequestBodyMethodArgumentResolver - [59a89711] Content-Type:application/json;charset=UTF-8
16:12:00.226 [qtp1972174335-808] DEBUG o.s.w.r.r.m.a.RequestBodyMethodArgumentResolver - [59a89711] 0..N [org.springframework.web.reactive.result.method.annotation.RequestMappingMessageConversionIntegrationTests$Person]
16:12:00.228 [qtp1972174335-808] DEBUG o.s.w.r.r.m.a.ResponseBodyResultHandler - Using 'application/json' given [application/json] and supported [application/json, application/*+json, application/x-jackson-smile, application/*+x-jackson-smile, application/xml, text/xml, text/event-stream]
16:12:00.228 [qtp1972174335-808] DEBUG o.s.w.r.r.m.a.ResponseBodyResultHandler - [59a89711] 0..N [org.springframework.web.reactive.result.method.annotation.RequestMappingMessageConversionIntegrationTests$Person]
16:12:00.231 [qtp1972174335-808] DEBUG o.s.h.c.j.Jackson2JsonDecoder - [59a89711] Decoded [Person{name='Robert'}]
16:12:00.231 [qtp1972174335-808] DEBUG o.s.h.c.j.Jackson2JsonDecoder - [59a89711] Decoded [Person{name='Marie'}]
16:12:00.232 [qtp1972174335-808] DEBUG o.s.h.c.j.Jackson2JsonEncoder - [59a89711] Encoding [[Person{name='ROBERT'}, Person{name='MARIE'}]]
16:12:00.233 [qtp1972174335-808] DEBUG o.s.w.s.a.HttpWebHandlerAdapter - [59a89711] Completed 200 OK
16:12:00.233 [Test worker] DEBUG o.s.w.c.RestTemplate - Response 200 OK
16:12:00.233 [Test worker] DEBUG o.s.w.c.RestTemplate - Reading to [java.util.List<org.springframework.web.reactive.result.method.annotation.RequestMappingMessageConversionIntegrationTests$Person>]
16:12:00.235 [Test worker] DEBUG o.s.w.t.h.s.r.b.JettyHttpServer - Stopping JettyHttpServer...
16:12:00.235 [Test worker] INFO  o.e.j.s.h.ContextHandler - Stopped o.e.j.s.ServletContextHandler@4293000b{/,null,UNAVAILABLE}
16:12:00.244 [Test worker] INFO  o.e.j.s.AbstractConnector - Stopped ServerConnector@2ca93fce{HTTP/1.1, (http/1.1)}{0.0.0.0:0}
16:12:00.258 [Test worker] DEBUG o.s.w.t.h.s.r.b.JettyHttpServer - Server stopped (0 millis).
16:12:00.494 [Test worker] DEBUG o.s.w.r.r.m.a.RequestMappingHandlerMapping - 39 mappings in 'requestMappingHandlerMapping'
16:12:00.560 [Test worker] DEBUG o.s.w.r.r.m.a.ControllerMethodResolver - ControllerAdvice beans: none
16:12:00.645 [Test worker] DEBUG o.s.w.s.a.HttpWebHandlerAdapter - enableLoggingRequestDetails='false': form data and headers will be masked to prevent unsafe logging of potentially sensitive data
16:12:00.645 [Test worker] DEBUG o.s.w.t.h.s.r.b.ReactorHttpServer - Starting ReactorHttpServer...
16:12:00.646 [Test worker] DEBUG o.s.w.t.h.s.r.b.ReactorHttpServer - Server started on port 55750(0 millis).
16:12:00.646 [Test worker] DEBUG o.s.w.c.RestTemplate - HTTP POST http://localhost:55750/person-transform/flowable
16:12:00.647 [Test worker] DEBUG o.s.w.c.RestTemplate - Accept=[application/json, application/x-jackson-smile, application/*+json]
16:12:00.647 [Test worker] DEBUG o.s.w.c.RestTemplate - Writing [[Person{name='Robert'}, Person{name='Marie'}]] as "application/json"
16:12:00.650 [reactor-http-nio-2] DEBUG o.s.w.s.a.HttpWebHandlerAdapter - [12f26822-21] HTTP POST "/person-transform/flowable"
16:12:00.651 [reactor-http-nio-2] DEBUG o.s.w.r.r.m.a.RequestMappingHandlerMapping - [12f26822-21] Mapped to org.springframework.web.reactive.result.method.annotation.RequestMappingMessageConversionIntegrationTests$PersonTransformationController#transformFlowable(Flowable)
16:12:00.651 [reactor-http-nio-2] DEBUG o.s.w.r.r.m.a.RequestBodyMethodArgumentResolver - [12f26822-21] Content-Type:application/json
16:12:00.652 [reactor-http-nio-2] DEBUG o.s.w.r.r.m.a.RequestBodyMethodArgumentResolver - [12f26822-21] 0..N [org.springframework.web.reactive.result.method.annotation.RequestMappingMessageConversionIntegrationTests$Person]
16:12:00.654 [reactor-http-nio-2] DEBUG o.s.w.r.r.m.a.ResponseBodyResultHandler - Using 'application/json' given [application/json] and supported [application/json, application/*+json, application/x-jackson-smile, application/*+x-jackson-smile, application/xml, text/xml, text/event-stream]
16:12:00.654 [reactor-http-nio-2] DEBUG o.s.w.r.r.m.a.ResponseBodyResultHandler - [12f26822-21] 0..N [org.springframework.web.reactive.result.method.annotation.RequestMappingMessageConversionIntegrationTests$Person]
16:12:00.655 [reactor-http-nio-2] DEBUG o.s.h.c.j.Jackson2JsonDecoder - [12f26822-21] Decoded [Person{name='Robert'}]
16:12:00.655 [reactor-http-nio-2] DEBUG o.s.h.c.j.Jackson2JsonDecoder - [12f26822-21] Decoded [Person{name='Marie'}]
16:12:00.656 [reactor-http-nio-2] DEBUG o.s.h.c.j.Jackson2JsonEncoder - [12f26822-21] Encoding [[Person{name='ROBERT'}, Person{name='MARIE'}]]
16:12:00.657 [Test worker] DEBUG o.s.w.c.RestTemplate - Response 200 OK
16:12:00.658 [reactor-http-nio-2] DEBUG o.s.w.s.a.HttpWebHandlerAdapter - [12f26822-21] Completed 200 OK
16:12:00.658 [Test worker] DEBUG o.s.w.c.RestTemplate - Reading to [java.util.List<org.springframework.web.reactive.result.method.annotation.RequestMappingMessageConversionIntegrationTests$Person>]
16:12:00.660 [Test worker] DEBUG o.s.w.t.h.s.r.b.ReactorHttpServer - Stopping ReactorHttpServer...
16:12:00.660 [Test worker] DEBUG o.s.w.t.h.s.r.b.ReactorHttpServer - Server stopped (0 millis).
16:12:00.828 [Test worker] DEBUG o.s.w.r.r.m.a.RequestMappingHandlerMapping - 39 mappings in 'requestMappingHandlerMapping'
16:12:00.919 [Test worker] DEBUG o.s.w.r.r.m.a.ControllerMethodResolver - ControllerAdvice beans: none
16:12:01.013 [Test worker] DEBUG o.s.w.s.a.HttpWebHandlerAdapter - enableLoggingRequestDetails='false': form data and headers will be masked to prevent unsafe logging of potentially sensitive data
16:12:01.014 [Test worker] DEBUG o.s.w.t.h.s.r.b.TomcatHttpServer - Starting TomcatHttpServer...
16:12:01.029 [Test worker] DEBUG o.s.w.t.h.s.r.b.TomcatHttpServer - Server started on port 55759(0 millis).
16:12:01.029 [Test worker] DEBUG o.s.w.c.RestTemplate - HTTP POST http://localhost:55759/person-transform/flowable
16:12:01.030 [Test worker] DEBUG o.s.w.c.RestTemplate - Accept=[application/json, application/x-jackson-smile, application/*+json]
16:12:01.030 [Test worker] DEBUG o.s.w.c.RestTemplate - Writing [[Person{name='Robert'}, Person{name='Marie'}]] as "application/json"
16:12:01.035 [http-nio-auto-21-exec-1] DEBUG o.s.w.s.a.HttpWebHandlerAdapter - [cf495be] HTTP POST "/person-transform/flowable"
16:12:01.035 [http-nio-auto-21-exec-1] DEBUG o.s.w.r.r.m.a.RequestMappingHandlerMapping - [cf495be] Mapped to org.springframework.web.reactive.result.method.annotation.RequestMappingMessageConversionIntegrationTests$PersonTransformationController#transformFlowable(Flowable)
16:12:01.036 [http-nio-auto-21-exec-1] DEBUG o.s.w.r.r.m.a.RequestBodyMethodArgumentResolver - [cf495be] Content-Type:application/json
16:12:01.037 [http-nio-auto-21-exec-1] DEBUG o.s.w.r.r.m.a.RequestBodyMethodArgumentResolver - [cf495be] 0..N [org.springframework.web.reactive.result.method.annotation.RequestMappingMessageConversionIntegrationTests$Person]
16:12:01.039 [http-nio-auto-21-exec-1] DEBUG o.s.w.r.r.m.a.ResponseBodyResultHandler - Using 'application/json' given [application/json] and supported [application/json, application/*+json, application/x-jackson-smile, application/*+x-jackson-smile, application/xml, text/xml, text/event-stream]
16:12:01.039 [http-nio-auto-21-exec-1] DEBUG o.s.w.r.r.m.a.ResponseBodyResultHandler - [cf495be] 0..N [org.springframework.web.reactive.result.method.annotation.RequestMappingMessageConversionIntegrationTests$Person]
16:12:01.040 [http-nio-auto-21-exec-1] DEBUG o.s.h.c.j.Jackson2JsonDecoder - [cf495be] Decoded [Person{name='Robert'}]
16:12:01.040 [http-nio-auto-21-exec-1] DEBUG o.s.h.c.j.Jackson2JsonDecoder - [cf495be] Decoded [Person{name='Marie'}]
16:12:01.040 [http-nio-auto-21-exec-1] DEBUG o.s.h.c.j.Jackson2JsonEncoder - [cf495be] Encoding [[Person{name='ROBERT'}, Person{name='MARIE'}]]
16:12:01.041 [http-nio-auto-21-exec-1] DEBUG o.s.w.s.a.HttpWebHandlerAdapter - [cf495be] Completed 200 OK
16:12:01.042 [Test worker] DEBUG o.s.w.c.RestTemplate - Response 200 OK
16:12:01.042 [Test worker] DEBUG o.s.w.c.RestTemplate - Reading to [java.util.List<org.springframework.web.reactive.result.method.annotation.RequestMappingMessageConversionIntegrationTests$Person>]
16:12:01.044 [Test worker] DEBUG o.s.w.t.h.s.r.b.TomcatHttpServer - Stopping TomcatHttpServer...
16:12:01.057 [Test worker] DEBUG o.s.w.t.h.s.r.b.TomcatHttpServer - Server stopped (0 millis).
16:12:01.300 [Test worker] DEBUG o.s.w.r.r.m.a.RequestMappingHandlerMapping - 39 mappings in 'requestMappingHandlerMapping'
16:12:01.399 [Test worker] DEBUG o.s.w.r.r.m.a.ControllerMethodResolver - ControllerAdvice beans: none
16:12:01.479 [Test worker] DEBUG o.s.w.s.a.HttpWebHandlerAdapter - enableLoggingRequestDetails='false': form data and headers will be masked to prevent unsafe logging of potentially sensitive data
16:12:01.480 [Test worker] DEBUG o.s.w.t.h.s.r.b.UndertowHttpServer - Starting UndertowHttpServer...
16:12:01.480 [Test worker] INFO  i.undertow - starting server: Undertow - 2.0.32.Final
16:12:01.489 [Test worker] DEBUG o.s.w.t.h.s.r.b.UndertowHttpServer - Server started on port 55768(0 millis).
16:12:01.489 [Test worker] DEBUG o.s.w.c.RestTemplate - HTTP POST http://localhost:55768/person-transform/flowable
16:12:01.489 [Test worker] DEBUG o.s.w.c.RestTemplate - Accept=[application/json, application/x-jackson-smile, application/*+json]
16:12:01.490 [Test worker] DEBUG o.s.w.c.RestTemplate - Writing [[Person{name='Robert'}, Person{name='Marie'}]] as "application/json"
16:12:01.492 [XNIO-21 I/O-6] DEBUG o.s.w.s.a.HttpWebHandlerAdapter - [79cd057c] HTTP POST "/person-transform/flowable"
16:12:01.493 [XNIO-21 I/O-6] DEBUG o.s.w.r.r.m.a.RequestMappingHandlerMapping - [79cd057c] Mapped to org.springframework.web.reactive.result.method.annotation.RequestMappingMessageConversionIntegrationTests$PersonTransformationController#transformFlowable(Flowable)
16:12:01.494 [XNIO-21 I/O-6] DEBUG o.s.w.r.r.m.a.RequestBodyMethodArgumentResolver - [79cd057c] Content-Type:application/json
16:12:01.495 [XNIO-21 I/O-6] DEBUG o.s.w.r.r.m.a.RequestBodyMethodArgumentResolver - [79cd057c] 0..N [org.springframework.web.reactive.result.method.annotation.RequestMappingMessageConversionIntegrationTests$Person]
16:12:01.496 [XNIO-21 I/O-6] DEBUG o.s.w.r.r.m.a.ResponseBodyResultHandler - Using 'application/json' given [application/json] and supported [application/json, application/*+json, application/x-jackson-smile, application/*+x-jackson-smile, application/xml, text/xml, text/event-stream]
16:12:01.496 [XNIO-21 I/O-6] DEBUG o.s.w.r.r.m.a.ResponseBodyResultHandler - [79cd057c] 0..N [org.springframework.web.reactive.result.method.annotation.RequestMappingMessageConversionIntegrationTests$Person]
16:12:01.497 [XNIO-21 I/O-6] DEBUG o.s.h.c.j.Jackson2JsonDecoder - [79cd057c] Decoded [Person{name='Robert'}]
16:12:01.497 [XNIO-21 I/O-6] DEBUG o.s.h.c.j.Jackson2JsonDecoder - [79cd057c] Decoded [Person{name='Marie'}]
16:12:01.497 [XNIO-21 I/O-6] DEBUG o.s.h.c.j.Jackson2JsonEncoder - [79cd057c] Encoding [[Person{name='ROBERT'}, Person{name='MARIE'}]]
16:12:01.498 [XNIO-21 I/O-6] DEBUG o.s.w.s.a.HttpWebHandlerAdapter - [79cd057c] Completed 200 OK
16:12:01.498 [Test worker] DEBUG o.s.w.c.RestTemplate - Response 200 OK
16:12:01.498 [Test worker] DEBUG o.s.w.c.RestTemplate - Reading to [java.util.List<org.springframework.web.reactive.result.method.annotation.RequestMappingMessageConversionIntegrationTests$Person>]
16:12:01.500 [Test worker] DEBUG o.s.w.t.h.s.r.b.UndertowHttpServer - Stopping UndertowHttpServer...
16:12:01.500 [Test worker] INFO  i.undertow - stopping server: Undertow - 2.0.32.Final
16:12:01.502 [Test worker] DEBUG o.s.w.t.h.s.r.b.UndertowHttpServer - Server stopped (0 millis).
16:12:01.707 [Test worker] DEBUG o.s.w.r.r.m.a.RequestMappingHandlerMapping - 39 mappings in 'requestMappingHandlerMapping'
16:12:01.791 [Test worker] DEBUG o.s.w.r.r.m.a.ControllerMethodResolver - ControllerAdvice beans: none
16:12:02.005 [Test worker] DEBUG o.s.w.s.a.HttpWebHandlerAdapter - enableLoggingRequestDetails='false': form data and headers will be masked to prevent unsafe logging of potentially sensitive data
16:12:02.005 [Test worker] WARN  o.e.j.s.h.ContextHandler - Empty contextPath
16:12:02.020 [Test worker] INFO  o.e.j.s.h.ContextHandler - Started o.e.j.s.ServletContextHandler@3186f26c{/,null,AVAILABLE}
16:12:02.021 [Test worker] DEBUG o.s.w.t.h.s.r.b.JettyHttpServer - Starting JettyHttpServer...
16:12:02.021 [Test worker] INFO  o.e.j.s.Server - jetty-9.4.31.v20200723; built: 2020-07-23T17:57:36.812Z; git: 450ba27947e13e66baa8cd1ce7e85a4461cacc1d; jvm 1.8.0_201-b09
16:12:02.029 [Test worker] INFO  o.e.j.s.AbstractConnector - Started ServerConnector@1c0562d{HTTP/1.1, (http/1.1)}{0.0.0.0:55775}
16:12:02.029 [Test worker] INFO  o.e.j.s.Server - Started @89873ms
16:12:02.029 [Test worker] DEBUG o.s.w.t.h.s.r.b.JettyHttpServer - Server started on port 55775(0 millis).
16:12:02.029 [Test worker] DEBUG o.s.w.c.RestTemplate - HTTP POST http://localhost:55775/person-create/flux
16:12:02.030 [Test worker] DEBUG o.s.w.c.RestTemplate - Accept=[application/json, application/x-jackson-smile, application/*+json]
16:12:02.031 [Test worker] DEBUG o.s.w.c.RestTemplate - Writing [[Person{name='Robert'}, Person{name='Marie'}]] as "application/json"
16:12:02.035 [qtp665692698-846] DEBUG o.s.w.s.a.HttpWebHandlerAdapter - [3949b0fe] HTTP POST "/person-create/flux"
16:12:02.035 [qtp665692698-846] DEBUG o.s.w.r.r.m.a.RequestMappingHandlerMapping - [3949b0fe] Mapped to org.springframework.web.reactive.result.method.annotation.RequestMappingMessageConversionIntegrationTests$PersonCreateController#createWithFlux(Flux)
16:12:02.036 [qtp665692698-846] DEBUG o.s.w.r.r.m.a.RequestBodyMethodArgumentResolver - [3949b0fe] Content-Type:application/json;charset=UTF-8
16:12:02.037 [qtp665692698-846] DEBUG o.s.w.r.r.m.a.RequestBodyMethodArgumentResolver - [3949b0fe] 0..N [org.springframework.web.reactive.result.method.annotation.RequestMappingMessageConversionIntegrationTests$Person]
16:12:02.038 [qtp665692698-846] DEBUG o.s.h.c.j.Jackson2JsonDecoder - [3949b0fe] Decoded [Person{name='Robert'}]
16:12:02.038 [qtp665692698-846] DEBUG o.s.h.c.j.Jackson2JsonDecoder - [3949b0fe] Decoded [Person{name='Marie'}]
16:12:02.039 [qtp665692698-846] DEBUG o.s.w.s.a.HttpWebHandlerAdapter - [3949b0fe] Completed 200 OK
16:12:02.040 [Test worker] DEBUG o.s.w.c.RestTemplate - Response 200 OK
16:12:02.040 [Test worker] DEBUG o.s.w.t.h.s.r.b.JettyHttpServer - Stopping JettyHttpServer...
16:12:02.041 [Test worker] INFO  o.e.j.s.h.ContextHandler - Stopped o.e.j.s.ServletContextHandler@3186f26c{/,null,UNAVAILABLE}
16:12:02.043 [Test worker] INFO  o.e.j.s.AbstractConnector - Stopped ServerConnector@1c0562d{HTTP/1.1, (http/1.1)}{0.0.0.0:0}
16:12:02.054 [Test worker] DEBUG o.s.w.t.h.s.r.b.JettyHttpServer - Server stopped (0 millis).
16:12:02.325 [Test worker] DEBUG o.s.w.r.r.m.a.RequestMappingHandlerMapping - 39 mappings in 'requestMappingHandlerMapping'
16:12:02.514 [Test worker] DEBUG o.s.w.r.r.m.a.ControllerMethodResolver - ControllerAdvice beans: none
16:12:02.618 [Test worker] DEBUG o.s.w.s.a.HttpWebHandlerAdapter - enableLoggingRequestDetails='false': form data and headers will be masked to prevent unsafe logging of potentially sensitive data
16:12:02.618 [Test worker] DEBUG o.s.w.t.h.s.r.b.ReactorHttpServer - Starting ReactorHttpServer...
16:12:02.631 [Test worker] DEBUG o.s.w.t.h.s.r.b.ReactorHttpServer - Server started on port 55785(0 millis).
16:12:02.631 [Test worker] DEBUG o.s.w.c.RestTemplate - HTTP POST http://localhost:55785/person-create/flux
16:12:02.632 [Test worker] DEBUG o.s.w.c.RestTemplate - Accept=[application/json, application/x-jackson-smile, application/*+json]
16:12:02.632 [Test worker] DEBUG o.s.w.c.RestTemplate - Writing [[Person{name='Robert'}, Person{name='Marie'}]] as "application/json"
16:12:02.636 [reactor-http-nio-4] DEBUG o.s.w.s.a.HttpWebHandlerAdapter - [20271d35-22] HTTP POST "/person-create/flux"
16:12:02.636 [reactor-http-nio-4] DEBUG o.s.w.r.r.m.a.RequestMappingHandlerMapping - [20271d35-22] Mapped to org.springframework.web.reactive.result.method.annotation.RequestMappingMessageConversionIntegrationTests$PersonCreateController#createWithFlux(Flux)
16:12:02.637 [reactor-http-nio-4] DEBUG o.s.w.r.r.m.a.RequestBodyMethodArgumentResolver - [20271d35-22] Content-Type:application/json
16:12:02.638 [reactor-http-nio-4] DEBUG o.s.w.r.r.m.a.RequestBodyMethodArgumentResolver - [20271d35-22] 0..N [org.springframework.web.reactive.result.method.annotation.RequestMappingMessageConversionIntegrationTests$Person]
16:12:02.640 [reactor-http-nio-4] DEBUG o.s.h.c.j.Jackson2JsonDecoder - [20271d35-22] Decoded [Person{name='Robert'}]
16:12:02.640 [reactor-http-nio-4] DEBUG o.s.h.c.j.Jackson2JsonDecoder - [20271d35-22] Decoded [Person{name='Marie'}]
16:12:02.640 [reactor-http-nio-4] DEBUG o.s.w.s.a.HttpWebHandlerAdapter - [20271d35-22] Completed 200 OK
16:12:02.647 [Test worker] DEBUG o.s.w.c.RestTemplate - Response 200 OK
16:12:02.647 [Test worker] DEBUG o.s.w.t.h.s.r.b.ReactorHttpServer - Stopping ReactorHttpServer...
16:12:02.647 [Test worker] DEBUG o.s.w.t.h.s.r.b.ReactorHttpServer - Server stopped (0 millis).
16:12:02.822 [Test worker] DEBUG o.s.w.r.r.m.a.RequestMappingHandlerMapping - 39 mappings in 'requestMappingHandlerMapping'
16:12:02.920 [Test worker] DEBUG o.s.w.r.r.m.a.ControllerMethodResolver - ControllerAdvice beans: none
16:12:03.012 [Test worker] DEBUG o.s.w.s.a.HttpWebHandlerAdapter - enableLoggingRequestDetails='false': form data and headers will be masked to prevent unsafe logging of potentially sensitive data
16:12:03.013 [Test worker] DEBUG o.s.w.t.h.s.r.b.TomcatHttpServer - Starting TomcatHttpServer...
16:12:03.049 [Test worker] DEBUG o.s.w.t.h.s.r.b.TomcatHttpServer - Server started on port 55791(0 millis).
16:12:03.050 [Test worker] DEBUG o.s.w.c.RestTemplate - HTTP POST http://localhost:55791/person-create/flux
16:12:03.051 [Test worker] DEBUG o.s.w.c.RestTemplate - Accept=[application/json, application/x-jackson-smile, application/*+json]
16:12:03.052 [Test worker] DEBUG o.s.w.c.RestTemplate - Writing [[Person{name='Robert'}, Person{name='Marie'}]] as "application/json"
16:12:03.056 [http-nio-auto-22-exec-1] DEBUG o.s.w.s.a.HttpWebHandlerAdapter - [3910630a] HTTP POST "/person-create/flux"
16:12:03.057 [http-nio-auto-22-exec-1] DEBUG o.s.w.r.r.m.a.RequestMappingHandlerMapping - [3910630a] Mapped to org.springframework.web.reactive.result.method.annotation.RequestMappingMessageConversionIntegrationTests$PersonCreateController#createWithFlux(Flux)
16:12:03.058 [http-nio-auto-22-exec-1] DEBUG o.s.w.r.r.m.a.RequestBodyMethodArgumentResolver - [3910630a] Content-Type:application/json
16:12:03.058 [http-nio-auto-22-exec-1] DEBUG o.s.w.r.r.m.a.RequestBodyMethodArgumentResolver - [3910630a] 0..N [org.springframework.web.reactive.result.method.annotation.RequestMappingMessageConversionIntegrationTests$Person]
16:12:03.059 [http-nio-auto-22-exec-1] DEBUG o.s.h.c.j.Jackson2JsonDecoder - [3910630a] Decoded [Person{name='Robert'}]
16:12:03.059 [http-nio-auto-22-exec-1] DEBUG o.s.h.c.j.Jackson2JsonDecoder - [3910630a] Decoded [Person{name='Marie'}]
16:12:03.060 [http-nio-auto-22-exec-1] DEBUG o.s.w.s.a.HttpWebHandlerAdapter - [3910630a] Completed 200 OK
16:12:03.060 [Test worker] DEBUG o.s.w.c.RestTemplate - Response 200 OK
16:12:03.061 [Test worker] DEBUG o.s.w.t.h.s.r.b.TomcatHttpServer - Stopping TomcatHttpServer...
16:12:03.089 [Test worker] DEBUG o.s.w.t.h.s.r.b.TomcatHttpServer - Server stopped (0 millis).
16:12:03.359 [Test worker] DEBUG o.s.w.r.r.m.a.RequestMappingHandlerMapping - 39 mappings in 'requestMappingHandlerMapping'
16:12:03.451 [Test worker] DEBUG o.s.w.r.r.m.a.ControllerMethodResolver - ControllerAdvice beans: none
16:12:03.537 [Test worker] DEBUG o.s.w.s.a.HttpWebHandlerAdapter - enableLoggingRequestDetails='false': form data and headers will be masked to prevent unsafe logging of potentially sensitive data
16:12:03.537 [Test worker] DEBUG o.s.w.t.h.s.r.b.UndertowHttpServer - Starting UndertowHttpServer...
16:12:03.537 [Test worker] INFO  i.undertow - starting server: Undertow - 2.0.32.Final
16:12:03.584 [Test worker] DEBUG o.s.w.t.h.s.r.b.UndertowHttpServer - Server started on port 55802(0 millis).
16:12:03.584 [Test worker] DEBUG o.s.w.c.RestTemplate - HTTP POST http://localhost:55802/person-create/flux
16:12:03.585 [Test worker] DEBUG o.s.w.c.RestTemplate - Accept=[application/json, application/x-jackson-smile, application/*+json]
16:12:03.585 [Test worker] DEBUG o.s.w.c.RestTemplate - Writing [[Person{name='Robert'}, Person{name='Marie'}]] as "application/json"
16:12:03.588 [XNIO-22 I/O-6] DEBUG o.s.w.s.a.HttpWebHandlerAdapter - [65fb8df5] HTTP POST "/person-create/flux"
16:12:03.589 [XNIO-22 I/O-6] DEBUG o.s.w.r.r.m.a.RequestMappingHandlerMapping - [65fb8df5] Mapped to org.springframework.web.reactive.result.method.annotation.RequestMappingMessageConversionIntegrationTests$PersonCreateController#createWithFlux(Flux)
16:12:03.589 [XNIO-22 I/O-6] DEBUG o.s.w.r.r.m.a.RequestBodyMethodArgumentResolver - [65fb8df5] Content-Type:application/json
16:12:03.590 [XNIO-22 I/O-6] DEBUG o.s.w.r.r.m.a.RequestBodyMethodArgumentResolver - [65fb8df5] 0..N [org.springframework.web.reactive.result.method.annotation.RequestMappingMessageConversionIntegrationTests$Person]
16:12:03.591 [XNIO-22 I/O-6] DEBUG o.s.h.c.j.Jackson2JsonDecoder - [65fb8df5] Decoded [Person{name='Robert'}]
16:12:03.591 [XNIO-22 I/O-6] DEBUG o.s.h.c.j.Jackson2JsonDecoder - [65fb8df5] Decoded [Person{name='Marie'}]
16:12:03.591 [XNIO-22 I/O-6] DEBUG o.s.w.s.a.HttpWebHandlerAdapter - [65fb8df5] Completed 200 OK
16:12:03.592 [Test worker] DEBUG o.s.w.c.RestTemplate - Response 200 OK
16:12:03.592 [Test worker] DEBUG o.s.w.t.h.s.r.b.UndertowHttpServer - Stopping UndertowHttpServer...
16:12:03.592 [Test worker] INFO  i.undertow - stopping server: Undertow - 2.0.32.Final
16:12:03.595 [Test worker] DEBUG o.s.w.t.h.s.r.b.UndertowHttpServer - Server stopped (0 millis).
16:12:04.025 [Test worker] DEBUG o.s.w.r.r.m.a.RequestMappingHandlerMapping - 39 mappings in 'requestMappingHandlerMapping'
16:12:04.199 [Test worker] DEBUG o.s.w.r.r.m.a.ControllerMethodResolver - ControllerAdvice beans: none
16:12:04.290 [Test worker] DEBUG o.s.w.s.a.HttpWebHandlerAdapter - enableLoggingRequestDetails='false': form data and headers will be masked to prevent unsafe logging of potentially sensitive data
16:12:04.291 [Test worker] WARN  o.e.j.s.h.ContextHandler - Empty contextPath
16:12:04.291 [Test worker] INFO  o.e.j.s.h.ContextHandler - Started o.e.j.s.ServletContextHandler@18433989{/,null,AVAILABLE}
16:12:04.291 [Test worker] DEBUG o.s.w.t.h.s.r.b.JettyHttpServer - Starting JettyHttpServer...
16:12:04.292 [Test worker] INFO  o.e.j.s.Server - jetty-9.4.31.v20200723; built: 2020-07-23T17:57:36.812Z; git: 450ba27947e13e66baa8cd1ce7e85a4461cacc1d; jvm 1.8.0_201-b09
16:12:04.338 [Test worker] INFO  o.e.j.s.AbstractConnector - Started ServerConnector@38922319{HTTP/1.1, (http/1.1)}{0.0.0.0:55806}
16:12:04.338 [Test worker] INFO  o.e.j.s.Server - Started @92183ms
16:12:04.338 [Test worker] DEBUG o.s.w.t.h.s.r.b.JettyHttpServer - Server started on port 55806(0 millis).
16:12:04.338 [Test worker] DEBUG o.s.w.c.RestTemplate - HTTP POST http://localhost:55806/person-create/flowable
16:12:04.339 [Test worker] DEBUG o.s.w.c.RestTemplate - Accept=[application/json, application/x-jackson-smile, application/*+json]
16:12:04.339 [Test worker] DEBUG o.s.w.c.RestTemplate - Writing [org.springframework.web.reactive.result.method.annotation.RequestMappingMessageConversionIntegrationTests$People@5be86891] as "application/xml"
16:12:04.363 [qtp1204678801-884] DEBUG o.s.w.s.a.HttpWebHandlerAdapter - [366761d0] HTTP POST "/person-create/flowable"
16:12:04.363 [qtp1204678801-884] DEBUG o.s.w.r.r.m.a.RequestMappingHandlerMapping - [366761d0] Mapped to org.springframework.web.reactive.result.method.annotation.RequestMappingMessageConversionIntegrationTests$PersonCreateController#createWithFlowable(Flowable)
16:12:04.364 [qtp1204678801-884] DEBUG o.s.w.r.r.m.a.RequestBodyMethodArgumentResolver - [366761d0] Content-Type:application/xml
16:12:04.365 [qtp1204678801-884] DEBUG o.s.w.r.r.m.a.RequestBodyMethodArgumentResolver - [366761d0] 0..N [org.springframework.web.reactive.result.method.annotation.RequestMappingMessageConversionIntegrationTests$Person]
16:12:04.373 [qtp1204678801-884] DEBUG o.s.h.c.x.Jaxb2XmlDecoder - [366761d0] Decoded [Person{name='Robert'}]
16:12:04.373 [qtp1204678801-884] DEBUG o.s.h.c.x.Jaxb2XmlDecoder - [366761d0] Decoded [Person{name='Marie'}]
16:12:04.373 [qtp1204678801-884] DEBUG o.s.w.s.a.HttpWebHandlerAdapter - [366761d0] Completed 200 OK
16:12:04.375 [Test worker] DEBUG o.s.w.c.RestTemplate - Response 200 OK
16:12:04.376 [Test worker] DEBUG o.s.w.t.h.s.r.b.JettyHttpServer - Stopping JettyHttpServer...
16:12:04.376 [Test worker] INFO  o.e.j.s.h.ContextHandler - Stopped o.e.j.s.ServletContextHandler@18433989{/,null,UNAVAILABLE}
16:12:04.378 [Test worker] INFO  o.e.j.s.AbstractConnector - Stopped ServerConnector@38922319{HTTP/1.1, (http/1.1)}{0.0.0.0:0}
16:12:04.389 [Test worker] DEBUG o.s.w.t.h.s.r.b.JettyHttpServer - Server stopped (0 millis).
16:12:04.840 [Test worker] DEBUG o.s.w.r.r.m.a.RequestMappingHandlerMapping - 39 mappings in 'requestMappingHandlerMapping'
16:12:04.927 [Test worker] DEBUG o.s.w.r.r.m.a.ControllerMethodResolver - ControllerAdvice beans: none
16:12:05.023 [Test worker] DEBUG o.s.w.s.a.HttpWebHandlerAdapter - enableLoggingRequestDetails='false': form data and headers will be masked to prevent unsafe logging of potentially sensitive data
16:12:05.023 [Test worker] DEBUG o.s.w.t.h.s.r.b.ReactorHttpServer - Starting ReactorHttpServer...
16:12:05.027 [Test worker] DEBUG o.s.w.t.h.s.r.b.ReactorHttpServer - Server started on port 55811(0 millis).
16:12:05.028 [Test worker] DEBUG o.s.w.c.RestTemplate - HTTP POST http://localhost:55811/person-create/flowable
16:12:05.028 [Test worker] DEBUG o.s.w.c.RestTemplate - Accept=[application/json, application/x-jackson-smile, application/*+json]
16:12:05.028 [Test worker] DEBUG o.s.w.c.RestTemplate - Writing [org.springframework.web.reactive.result.method.annotation.RequestMappingMessageConversionIntegrationTests$People@44821e9a] as "application/xml"
16:12:05.036 [reactor-http-nio-6] DEBUG o.s.w.s.a.HttpWebHandlerAdapter - [bd7b03bb-23] HTTP POST "/person-create/flowable"
16:12:05.036 [reactor-http-nio-6] DEBUG o.s.w.r.r.m.a.RequestMappingHandlerMapping - [bd7b03bb-23] Mapped to org.springframework.web.reactive.result.method.annotation.RequestMappingMessageConversionIntegrationTests$PersonCreateController#createWithFlowable(Flowable)
16:12:05.037 [reactor-http-nio-6] DEBUG o.s.w.r.r.m.a.RequestBodyMethodArgumentResolver - [bd7b03bb-23] Content-Type:application/xml
16:12:05.038 [reactor-http-nio-6] DEBUG o.s.w.r.r.m.a.RequestBodyMethodArgumentResolver - [bd7b03bb-23] 0..N [org.springframework.web.reactive.result.method.annotation.RequestMappingMessageConversionIntegrationTests$Person]
16:12:05.044 [reactor-http-nio-6] DEBUG o.s.h.c.x.Jaxb2XmlDecoder - [bd7b03bb-23] Decoded [Person{name='Robert'}]
16:12:05.044 [reactor-http-nio-6] DEBUG o.s.h.c.x.Jaxb2XmlDecoder - [bd7b03bb-23] Decoded [Person{name='Marie'}]
16:12:05.044 [reactor-http-nio-6] DEBUG o.s.w.s.a.HttpWebHandlerAdapter - [bd7b03bb-23] Completed 200 OK
16:12:05.045 [Test worker] DEBUG o.s.w.c.RestTemplate - Response 200 OK
16:12:05.046 [Test worker] DEBUG o.s.w.t.h.s.r.b.ReactorHttpServer - Stopping ReactorHttpServer...
16:12:05.046 [Test worker] DEBUG o.s.w.t.h.s.r.b.ReactorHttpServer - Server stopped (0 millis).
16:12:05.281 [Test worker] DEBUG o.s.w.r.r.m.a.RequestMappingHandlerMapping - 39 mappings in 'requestMappingHandlerMapping'
16:12:05.386 [Test worker] DEBUG o.s.w.r.r.m.a.ControllerMethodResolver - ControllerAdvice beans: none
16:12:05.492 [Test worker] DEBUG o.s.w.s.a.HttpWebHandlerAdapter - enableLoggingRequestDetails='false': form data and headers will be masked to prevent unsafe logging of potentially sensitive data
16:12:05.493 [Test worker] DEBUG o.s.w.t.h.s.r.b.TomcatHttpServer - Starting TomcatHttpServer...
16:12:05.532 [Test worker] DEBUG o.s.w.t.h.s.r.b.TomcatHttpServer - Server started on port 55818(0 millis).
16:12:05.533 [Test worker] DEBUG o.s.w.c.RestTemplate - HTTP POST http://localhost:55818/person-create/flowable
16:12:05.534 [Test worker] DEBUG o.s.w.c.RestTemplate - Accept=[application/json, application/x-jackson-smile, application/*+json]
16:12:05.534 [Test worker] DEBUG o.s.w.c.RestTemplate - Writing [org.springframework.web.reactive.result.method.annotation.RequestMappingMessageConversionIntegrationTests$People@6b52b548] as "application/xml"
16:12:05.547 [http-nio-auto-23-exec-1] DEBUG o.s.w.s.a.HttpWebHandlerAdapter - [3707829] HTTP POST "/person-create/flowable"
16:12:05.548 [http-nio-auto-23-exec-1] DEBUG o.s.w.r.r.m.a.RequestMappingHandlerMapping - [3707829] Mapped to org.springframework.web.reactive.result.method.annotation.RequestMappingMessageConversionIntegrationTests$PersonCreateController#createWithFlowable(Flowable)
16:12:05.549 [http-nio-auto-23-exec-1] DEBUG o.s.w.r.r.m.a.RequestBodyMethodArgumentResolver - [3707829] Content-Type:application/xml
16:12:05.550 [http-nio-auto-23-exec-1] DEBUG o.s.w.r.r.m.a.RequestBodyMethodArgumentResolver - [3707829] 0..N [org.springframework.web.reactive.result.method.annotation.RequestMappingMessageConversionIntegrationTests$Person]
16:12:05.555 [http-nio-auto-23-exec-1] DEBUG o.s.h.c.x.Jaxb2XmlDecoder - [3707829] Decoded [Person{name='Robert'}]
16:12:05.555 [http-nio-auto-23-exec-1] DEBUG o.s.h.c.x.Jaxb2XmlDecoder - [3707829] Decoded [Person{name='Marie'}]
16:12:05.555 [http-nio-auto-23-exec-1] DEBUG o.s.w.s.a.HttpWebHandlerAdapter - [3707829] Completed 200 OK
16:12:05.556 [Test worker] DEBUG o.s.w.c.RestTemplate - Response 200 OK
16:12:05.556 [Test worker] DEBUG o.s.w.t.h.s.r.b.TomcatHttpServer - Stopping TomcatHttpServer...
16:12:05.567 [Test worker] DEBUG o.s.w.t.h.s.r.b.TomcatHttpServer - Server stopped (0 millis).
16:12:05.907 [Test worker] DEBUG o.s.w.r.r.m.a.RequestMappingHandlerMapping - 39 mappings in 'requestMappingHandlerMapping'
16:12:06.029 [Test worker] DEBUG o.s.w.r.r.m.a.ControllerMethodResolver - ControllerAdvice beans: none
16:12:06.120 [Test worker] DEBUG o.s.w.s.a.HttpWebHandlerAdapter - enableLoggingRequestDetails='false': form data and headers will be masked to prevent unsafe logging of potentially sensitive data
16:12:06.120 [Test worker] DEBUG o.s.w.t.h.s.r.b.UndertowHttpServer - Starting UndertowHttpServer...
16:12:06.120 [Test worker] INFO  i.undertow - starting server: Undertow - 2.0.32.Final
16:12:06.128 [Test worker] DEBUG o.s.w.t.h.s.r.b.UndertowHttpServer - Server started on port 55830(0 millis).
16:12:06.128 [Test worker] DEBUG o.s.w.c.RestTemplate - HTTP POST http://localhost:55830/person-create/flowable
16:12:06.128 [Test worker] DEBUG o.s.w.c.RestTemplate - Accept=[application/json, application/x-jackson-smile, application/*+json]
16:12:06.128 [Test worker] DEBUG o.s.w.c.RestTemplate - Writing [org.springframework.web.reactive.result.method.annotation.RequestMappingMessageConversionIntegrationTests$People@10d18b58] as "application/xml"
16:12:06.135 [XNIO-23 I/O-6] DEBUG o.s.w.s.a.HttpWebHandlerAdapter - [415df996] HTTP POST "/person-create/flowable"
16:12:06.135 [XNIO-23 I/O-6] DEBUG o.s.w.r.r.m.a.RequestMappingHandlerMapping - [415df996] Mapped to org.springframework.web.reactive.result.method.annotation.RequestMappingMessageConversionIntegrationTests$PersonCreateController#createWithFlowable(Flowable)
16:12:06.136 [XNIO-23 I/O-6] DEBUG o.s.w.r.r.m.a.RequestBodyMethodArgumentResolver - [415df996] Content-Type:application/xml
16:12:06.137 [XNIO-23 I/O-6] DEBUG o.s.w.r.r.m.a.RequestBodyMethodArgumentResolver - [415df996] 0..N [org.springframework.web.reactive.result.method.annotation.RequestMappingMessageConversionIntegrationTests$Person]
16:12:06.142 [XNIO-23 I/O-6] DEBUG o.s.h.c.x.Jaxb2XmlDecoder - [415df996] Decoded [Person{name='Robert'}]
16:12:06.143 [XNIO-23 I/O-6] DEBUG o.s.h.c.x.Jaxb2XmlDecoder - [415df996] Decoded [Person{name='Marie'}]
16:12:06.143 [XNIO-23 I/O-6] DEBUG o.s.w.s.a.HttpWebHandlerAdapter - [415df996] Completed 200 OK
16:12:06.144 [Test worker] DEBUG o.s.w.c.RestTemplate - Response 200 OK
16:12:06.145 [Test worker] DEBUG o.s.w.t.h.s.r.b.UndertowHttpServer - Stopping UndertowHttpServer...
16:12:06.145 [Test worker] INFO  i.undertow - stopping server: Undertow - 2.0.32.Final
16:12:06.147 [Test worker] DEBUG o.s.w.t.h.s.r.b.UndertowHttpServer - Server stopped (0 millis).
16:12:06.368 [Test worker] DEBUG o.s.w.r.r.m.a.RequestMappingHandlerMapping - 39 mappings in 'requestMappingHandlerMapping'
16:12:06.423 [Test worker] DEBUG o.s.w.r.r.m.a.ControllerMethodResolver - ControllerAdvice beans: none
16:12:06.513 [Test worker] DEBUG o.s.w.s.a.HttpWebHandlerAdapter - enableLoggingRequestDetails='false': form data and headers will be masked to prevent unsafe logging of potentially sensitive data
16:12:06.513 [Test worker] WARN  o.e.j.s.h.ContextHandler - Empty contextPath
16:12:06.514 [Test worker] INFO  o.e.j.s.h.ContextHandler - Started o.e.j.s.ServletContextHandler@5b96cb4a{/,null,AVAILABLE}
16:12:06.514 [Test worker] DEBUG o.s.w.t.h.s.r.b.JettyHttpServer - Starting JettyHttpServer...
16:12:06.514 [Test worker] INFO  o.e.j.s.Server - jetty-9.4.31.v20200723; built: 2020-07-23T17:57:36.812Z; git: 450ba27947e13e66baa8cd1ce7e85a4461cacc1d; jvm 1.8.0_201-b09
16:12:06.518 [Test worker] INFO  o.e.j.s.AbstractConnector - Started ServerConnector@12053308{HTTP/1.1, (http/1.1)}{0.0.0.0:55838}
16:12:06.518 [Test worker] INFO  o.e.j.s.Server - Started @94363ms
16:12:06.518 [Test worker] DEBUG o.s.w.t.h.s.r.b.JettyHttpServer - Server started on port 55838(0 millis).
16:12:06.518 [Test worker] DEBUG o.s.w.c.RestTemplate - HTTP GET http://localhost:55838/resource
16:12:06.530 [Test worker] DEBUG o.s.w.c.RestTemplate - Accept=[application/octet-stream, application/json, application/x-jackson-smile, application/*+json, */*]
16:12:06.533 [qtp18229043-922] DEBUG o.s.w.s.a.HttpWebHandlerAdapter - [615cd87] HTTP GET "/resource"
16:12:06.533 [qtp18229043-922] DEBUG o.s.w.r.r.m.a.RequestMappingHandlerMapping - [615cd87] Mapped to org.springframework.web.reactive.result.method.annotation.RequestMappingMessageConversionIntegrationTests$ResourceController#resource()
16:12:06.546 [qtp18229043-922] DEBUG o.s.w.r.r.m.a.ResponseBodyResultHandler - Using 'application/octet-stream' given [application/octet-stream, application/json, application/x-jackson-smile, application/*+json, */*] and supported [application/octet-stream, */*, application/json, application/*+json, application/x-jackson-smile, application/*+x-jackson-smile, text/event-stream]
16:12:06.547 [qtp18229043-922] DEBUG o.s.w.r.r.m.a.ResponseBodyResultHandler - [615cd87] 0..1 [org.springframework.core.io.Resource]
16:12:06.547 [qtp18229043-922] DEBUG o.s.h.c.ResourceHttpMessageWriter - [615cd87] Resource associated with 'image/png'
16:12:06.547 [qtp18229043-922] DEBUG o.s.c.c.ResourceEncoder - [615cd87] Writing [class path resource [org/springframework/web/reactive/spring.png]]
16:12:06.550 [Test worker] DEBUG o.s.w.c.RestTemplate - Response 200 OK
16:12:06.550 [Thread-40] DEBUG o.s.w.s.a.HttpWebHandlerAdapter - [615cd87] Completed 200 OK
16:12:06.550 [Test worker] DEBUG o.s.w.c.RestTemplate - Reading to [[B] as "image/png"
16:12:06.551 [Test worker] DEBUG o.s.w.t.h.s.r.b.JettyHttpServer - Stopping JettyHttpServer...
16:12:06.551 [Test worker] INFO  o.e.j.s.h.ContextHandler - Stopped o.e.j.s.ServletContextHandler@5b96cb4a{/,null,UNAVAILABLE}
16:12:06.553 [Test worker] INFO  o.e.j.s.AbstractConnector - Stopped ServerConnector@12053308{HTTP/1.1, (http/1.1)}{0.0.0.0:0}
16:12:06.564 [Test worker] DEBUG o.s.w.t.h.s.r.b.JettyHttpServer - Server stopped (0 millis).
16:12:06.781 [Test worker] DEBUG o.s.w.r.r.m.a.RequestMappingHandlerMapping - 39 mappings in 'requestMappingHandlerMapping'
16:12:06.867 [Test worker] DEBUG o.s.w.r.r.m.a.ControllerMethodResolver - ControllerAdvice beans: none
16:12:06.968 [Test worker] DEBUG o.s.w.s.a.HttpWebHandlerAdapter - enableLoggingRequestDetails='false': form data and headers will be masked to prevent unsafe logging of potentially sensitive data
16:12:06.969 [Test worker] DEBUG o.s.w.t.h.s.r.b.ReactorHttpServer - Starting ReactorHttpServer...
16:12:06.974 [Test worker] DEBUG o.s.w.t.h.s.r.b.ReactorHttpServer - Server started on port 55847(0 millis).
16:12:06.974 [Test worker] DEBUG o.s.w.c.RestTemplate - HTTP GET http://localhost:55847/resource
16:12:06.975 [Test worker] DEBUG o.s.w.c.RestTemplate - Accept=[application/octet-stream, application/json, application/x-jackson-smile, application/*+json, */*]
16:12:06.980 [reactor-http-nio-8] DEBUG o.s.w.s.a.HttpWebHandlerAdapter - [21153a17-24] HTTP GET "/resource"
16:12:06.980 [reactor-http-nio-8] DEBUG o.s.w.r.r.m.a.RequestMappingHandlerMapping - [21153a17-24] Mapped to org.springframework.web.reactive.result.method.annotation.RequestMappingMessageConversionIntegrationTests$ResourceController#resource()
16:12:06.993 [reactor-http-nio-8] DEBUG o.s.w.r.r.m.a.ResponseBodyResultHandler - Using 'application/octet-stream' given [application/octet-stream, application/json, application/x-jackson-smile, application/*+json, */*] and supported [application/octet-stream, */*, application/json, application/*+json, application/x-jackson-smile, application/*+x-jackson-smile, text/event-stream]
16:12:06.993 [reactor-http-nio-8] DEBUG o.s.w.r.r.m.a.ResponseBodyResultHandler - [21153a17-24] 0..1 [org.springframework.core.io.Resource]
16:12:06.993 [reactor-http-nio-8] DEBUG o.s.h.c.ResourceHttpMessageWriter - [21153a17-24] Resource associated with 'image/png'
16:12:06.994 [reactor-http-nio-8] DEBUG o.s.h.c.ResourceHttpMessageWriter - [21153a17-24] Zero-copy [class path resource [org/springframework/web/reactive/spring.png]]
16:12:07.001 [Test worker] DEBUG o.s.w.c.RestTemplate - Response 200 OK
16:12:07.011 [Test worker] DEBUG o.s.w.c.RestTemplate - Reading to [[B] as "image/png"
16:12:07.012 [Test worker] DEBUG o.s.w.t.h.s.r.b.ReactorHttpServer - Stopping ReactorHttpServer...
16:12:07.012 [Test worker] DEBUG o.s.w.t.h.s.r.b.ReactorHttpServer - Server stopped (0 millis).
16:12:07.014 [reactor-http-nio-8] DEBUG o.s.w.s.a.HttpWebHandlerAdapter - [21153a17-24] Completed 200 OK
16:12:07.216 [Test worker] DEBUG o.s.w.r.r.m.a.RequestMappingHandlerMapping - 39 mappings in 'requestMappingHandlerMapping'
16:12:07.297 [Test worker] DEBUG o.s.w.r.r.m.a.ControllerMethodResolver - ControllerAdvice beans: none
16:12:07.347 [Test worker] DEBUG o.s.w.s.a.HttpWebHandlerAdapter - enableLoggingRequestDetails='false': form data and headers will be masked to prevent unsafe logging of potentially sensitive data
16:12:07.348 [Test worker] DEBUG o.s.w.t.h.s.r.b.TomcatHttpServer - Starting TomcatHttpServer...
16:12:07.382 [Test worker] DEBUG o.s.w.t.h.s.r.b.TomcatHttpServer - Server started on port 55851(0 millis).
16:12:07.383 [Test worker] DEBUG o.s.w.c.RestTemplate - HTTP GET http://localhost:55851/resource
16:12:07.383 [Test worker] DEBUG o.s.w.c.RestTemplate - Accept=[application/octet-stream, application/json, application/x-jackson-smile, application/*+json, */*]
16:12:07.387 [http-nio-auto-24-exec-1] DEBUG o.s.w.s.a.HttpWebHandlerAdapter - [255b38c1] HTTP GET "/resource"
16:12:07.387 [http-nio-auto-24-exec-1] DEBUG o.s.w.r.r.m.a.RequestMappingHandlerMapping - [255b38c1] Mapped to org.springframework.web.reactive.result.method.annotation.RequestMappingMessageConversionIntegrationTests$ResourceController#resource()
16:12:07.392 [http-nio-auto-24-exec-1] DEBUG o.s.w.r.r.m.a.ResponseBodyResultHandler - Using 'application/octet-stream' given [application/octet-stream, application/json, application/x-jackson-smile, application/*+json, */*] and supported [application/octet-stream, */*, application/json, application/*+json, application/x-jackson-smile, application/*+x-jackson-smile, text/event-stream]
16:12:07.392 [http-nio-auto-24-exec-1] DEBUG o.s.w.r.r.m.a.ResponseBodyResultHandler - [255b38c1] 0..1 [org.springframework.core.io.Resource]
16:12:07.392 [http-nio-auto-24-exec-1] DEBUG o.s.h.c.ResourceHttpMessageWriter - [255b38c1] Resource associated with 'image/png'
16:12:07.393 [http-nio-auto-24-exec-1] DEBUG o.s.c.c.ResourceEncoder - [255b38c1] Writing [class path resource [org/springframework/web/reactive/spring.png]]
16:12:07.395 [Thread-41] DEBUG o.s.w.s.a.HttpWebHandlerAdapter - [255b38c1] Completed 200 OK
16:12:07.396 [Test worker] DEBUG o.s.w.c.RestTemplate - Response 200 OK
16:12:07.397 [Test worker] DEBUG o.s.w.c.RestTemplate - Reading to [[B] as "image/png"
16:12:07.398 [Test worker] DEBUG o.s.w.t.h.s.r.b.TomcatHttpServer - Stopping TomcatHttpServer...
16:12:07.414 [Test worker] DEBUG o.s.w.t.h.s.r.b.TomcatHttpServer - Server stopped (0 millis).
16:12:07.658 [Test worker] DEBUG o.s.w.r.r.m.a.RequestMappingHandlerMapping - 39 mappings in 'requestMappingHandlerMapping'
16:12:07.719 [Test worker] DEBUG o.s.w.r.r.m.a.ControllerMethodResolver - ControllerAdvice beans: none
16:12:07.819 [Test worker] DEBUG o.s.w.s.a.HttpWebHandlerAdapter - enableLoggingRequestDetails='false': form data and headers will be masked to prevent unsafe logging of potentially sensitive data
16:12:07.819 [Test worker] DEBUG o.s.w.t.h.s.r.b.UndertowHttpServer - Starting UndertowHttpServer...
16:12:07.819 [Test worker] INFO  i.undertow - starting server: Undertow - 2.0.32.Final
16:12:07.853 [Test worker] DEBUG o.s.w.t.h.s.r.b.UndertowHttpServer - Server started on port 55857(0 millis).
16:12:07.854 [Test worker] DEBUG o.s.w.c.RestTemplate - HTTP GET http://localhost:55857/resource
16:12:07.855 [Test worker] DEBUG o.s.w.c.RestTemplate - Accept=[application/octet-stream, application/json, application/x-jackson-smile, application/*+json, */*]
16:12:07.857 [XNIO-24 I/O-6] DEBUG o.s.w.s.a.HttpWebHandlerAdapter - [24f3e439] HTTP GET "/resource"
16:12:07.857 [XNIO-24 I/O-6] DEBUG o.s.w.r.r.m.a.RequestMappingHandlerMapping - [24f3e439] Mapped to org.springframework.web.reactive.result.method.annotation.RequestMappingMessageConversionIntegrationTests$ResourceController#resource()
16:12:07.862 [XNIO-24 I/O-6] DEBUG o.s.w.r.r.m.a.ResponseBodyResultHandler - Using 'application/octet-stream' given [application/octet-stream, application/json, application/x-jackson-smile, application/*+json, */*] and supported [application/octet-stream, */*, application/json, application/*+json, application/x-jackson-smile, application/*+x-jackson-smile, text/event-stream]
16:12:07.862 [XNIO-24 I/O-6] DEBUG o.s.w.r.r.m.a.ResponseBodyResultHandler - [24f3e439] 0..1 [org.springframework.core.io.Resource]
16:12:07.862 [XNIO-24 I/O-6] DEBUG o.s.h.c.ResourceHttpMessageWriter - [24f3e439] Resource associated with 'image/png'
16:12:07.863 [XNIO-24 I/O-6] DEBUG o.s.h.c.ResourceHttpMessageWriter - [24f3e439] Zero-copy [class path resource [org/springframework/web/reactive/spring.png]]
16:12:07.867 [XNIO-24 I/O-6] DEBUG o.s.w.s.a.HttpWebHandlerAdapter - [24f3e439] Completed 200 OK
16:12:07.867 [Test worker] DEBUG o.s.w.c.RestTemplate - Response 200 OK
16:12:07.867 [Test worker] DEBUG o.s.w.c.RestTemplate - Reading to [[B] as "image/png"
16:12:07.868 [Test worker] DEBUG o.s.w.t.h.s.r.b.UndertowHttpServer - Stopping UndertowHttpServer...
16:12:07.868 [Test worker] INFO  i.undertow - stopping server: Undertow - 2.0.32.Final
16:12:07.870 [Test worker] DEBUG o.s.w.t.h.s.r.b.UndertowHttpServer - Server stopped (0 millis).
16:12:08.085 [Test worker] DEBUG o.s.w.r.r.m.a.RequestMappingHandlerMapping - 39 mappings in 'requestMappingHandlerMapping'
16:12:08.180 [Test worker] DEBUG o.s.w.r.r.m.a.ControllerMethodResolver - ControllerAdvice beans: none
16:12:08.261 [Test worker] DEBUG o.s.w.s.a.HttpWebHandlerAdapter - enableLoggingRequestDetails='false': form data and headers will be masked to prevent unsafe logging of potentially sensitive data
16:12:08.263 [Test worker] WARN  o.e.j.s.h.ContextHandler - Empty contextPath
16:12:08.265 [Test worker] INFO  o.e.j.s.h.ContextHandler - Started o.e.j.s.ServletContextHandler@300aa04d{/,null,AVAILABLE}
16:12:08.265 [Test worker] DEBUG o.s.w.t.h.s.r.b.JettyHttpServer - Starting JettyHttpServer...
16:12:08.265 [Test worker] INFO  o.e.j.s.Server - jetty-9.4.31.v20200723; built: 2020-07-23T17:57:36.812Z; git: 450ba27947e13e66baa8cd1ce7e85a4461cacc1d; jvm 1.8.0_201-b09
16:12:08.268 [Test worker] INFO  o.e.j.s.AbstractConnector - Started ServerConnector@223dcd5f{HTTP/1.1, (http/1.1)}{0.0.0.0:55864}
16:12:08.268 [Test worker] INFO  o.e.j.s.Server - Started @96113ms
16:12:08.268 [Test worker] DEBUG o.s.w.t.h.s.r.b.JettyHttpServer - Server started on port 55864(0 millis).
16:12:08.268 [Test worker] DEBUG o.s.w.c.RestTemplate - HTTP POST http://localhost:55864/person-create/flux
16:12:08.269 [Test worker] DEBUG o.s.w.c.RestTemplate - Accept=[application/json, application/x-jackson-smile, application/*+json]
16:12:08.269 [Test worker] DEBUG o.s.w.c.RestTemplate - Writing [org.springframework.web.reactive.result.method.annotation.RequestMappingMessageConversionIntegrationTests$People@4a4a5639] as "application/xml"
16:12:08.276 [qtp723342331-960] DEBUG o.s.w.s.a.HttpWebHandlerAdapter - [a99afba] HTTP POST "/person-create/flux"
16:12:08.277 [qtp723342331-960] DEBUG o.s.w.r.r.m.a.RequestMappingHandlerMapping - [a99afba] Mapped to org.springframework.web.reactive.result.method.annotation.RequestMappingMessageConversionIntegrationTests$PersonCreateController#createWithFlux(Flux)
16:12:08.277 [qtp723342331-960] DEBUG o.s.w.r.r.m.a.RequestBodyMethodArgumentResolver - [a99afba] Content-Type:application/xml
16:12:08.279 [qtp723342331-960] DEBUG o.s.w.r.r.m.a.RequestBodyMethodArgumentResolver - [a99afba] 0..N [org.springframework.web.reactive.result.method.annotation.RequestMappingMessageConversionIntegrationTests$Person]
16:12:08.284 [qtp723342331-960] DEBUG o.s.h.c.x.Jaxb2XmlDecoder - [a99afba] Decoded [Person{name='Robert'}]
16:12:08.284 [qtp723342331-960] DEBUG o.s.h.c.x.Jaxb2XmlDecoder - [a99afba] Decoded [Person{name='Marie'}]
16:12:08.284 [qtp723342331-960] DEBUG o.s.w.s.a.HttpWebHandlerAdapter - [a99afba] Completed 200 OK
16:12:08.285 [Test worker] DEBUG o.s.w.c.RestTemplate - Response 200 OK
16:12:08.285 [Test worker] DEBUG o.s.w.t.h.s.r.b.JettyHttpServer - Stopping JettyHttpServer...
16:12:08.286 [Test worker] INFO  o.e.j.s.h.ContextHandler - Stopped o.e.j.s.ServletContextHandler@300aa04d{/,null,UNAVAILABLE}
16:12:08.290 [Test worker] INFO  o.e.j.s.AbstractConnector - Stopped ServerConnector@223dcd5f{HTTP/1.1, (http/1.1)}{0.0.0.0:0}
16:12:08.300 [Test worker] DEBUG o.s.w.t.h.s.r.b.JettyHttpServer - Server stopped (0 millis).
16:12:08.527 [Test worker] DEBUG o.s.w.r.r.m.a.RequestMappingHandlerMapping - 39 mappings in 'requestMappingHandlerMapping'
16:12:08.591 [Test worker] DEBUG o.s.w.r.r.m.a.ControllerMethodResolver - ControllerAdvice beans: none
16:12:08.695 [Test worker] DEBUG o.s.w.s.a.HttpWebHandlerAdapter - enableLoggingRequestDetails='false': form data and headers will be masked to prevent unsafe logging of potentially sensitive data
16:12:08.695 [Test worker] DEBUG o.s.w.t.h.s.r.b.ReactorHttpServer - Starting ReactorHttpServer...
16:12:08.700 [Test worker] DEBUG o.s.w.t.h.s.r.b.ReactorHttpServer - Server started on port 55880(0 millis).
16:12:08.700 [Test worker] DEBUG o.s.w.c.RestTemplate - HTTP POST http://localhost:55880/person-create/flux
16:12:08.719 [Test worker] DEBUG o.s.w.c.RestTemplate - Accept=[application/json, application/x-jackson-smile, application/*+json]
16:12:08.719 [Test worker] DEBUG o.s.w.c.RestTemplate - Writing [org.springframework.web.reactive.result.method.annotation.RequestMappingMessageConversionIntegrationTests$People@43f2c3ba] as "application/xml"
16:12:08.733 [reactor-http-nio-10] DEBUG o.s.w.s.a.HttpWebHandlerAdapter - [41d42715-25] HTTP POST "/person-create/flux"
16:12:08.733 [reactor-http-nio-10] DEBUG o.s.w.r.r.m.a.RequestMappingHandlerMapping - [41d42715-25] Mapped to org.springframework.web.reactive.result.method.annotation.RequestMappingMessageConversionIntegrationTests$PersonCreateController#createWithFlux(Flux)
16:12:08.734 [reactor-http-nio-10] DEBUG o.s.w.r.r.m.a.RequestBodyMethodArgumentResolver - [41d42715-25] Content-Type:application/xml
16:12:08.735 [reactor-http-nio-10] DEBUG o.s.w.r.r.m.a.RequestBodyMethodArgumentResolver - [41d42715-25] 0..N [org.springframework.web.reactive.result.method.annotation.RequestMappingMessageConversionIntegrationTests$Person]
16:12:08.739 [reactor-http-nio-10] DEBUG o.s.h.c.x.Jaxb2XmlDecoder - [41d42715-25] Decoded [Person{name='Robert'}]
16:12:08.739 [reactor-http-nio-10] DEBUG o.s.h.c.x.Jaxb2XmlDecoder - [41d42715-25] Decoded [Person{name='Marie'}]
16:12:08.739 [reactor-http-nio-10] DEBUG o.s.w.s.a.HttpWebHandlerAdapter - [41d42715-25] Completed 200 OK
16:12:08.741 [Test worker] DEBUG o.s.w.c.RestTemplate - Response 200 OK
16:12:08.742 [Test worker] DEBUG o.s.w.t.h.s.r.b.ReactorHttpServer - Stopping ReactorHttpServer...
16:12:08.742 [Test worker] DEBUG o.s.w.t.h.s.r.b.ReactorHttpServer - Server stopped (0 millis).
16:12:08.942 [Test worker] DEBUG o.s.w.r.r.m.a.RequestMappingHandlerMapping - 39 mappings in 'requestMappingHandlerMapping'
16:12:09.031 [Test worker] DEBUG o.s.w.r.r.m.a.ControllerMethodResolver - ControllerAdvice beans: none
16:12:09.087 [Test worker] DEBUG o.s.w.s.a.HttpWebHandlerAdapter - enableLoggingRequestDetails='false': form data and headers will be masked to prevent unsafe logging of potentially sensitive data
16:12:09.087 [Test worker] DEBUG o.s.w.t.h.s.r.b.TomcatHttpServer - Starting TomcatHttpServer...
16:12:09.123 [Test worker] DEBUG o.s.w.t.h.s.r.b.TomcatHttpServer - Server started on port 55890(0 millis).
16:12:09.123 [Test worker] DEBUG o.s.w.c.RestTemplate - HTTP POST http://localhost:55890/person-create/flux
16:12:09.123 [Test worker] DEBUG o.s.w.c.RestTemplate - Accept=[application/json, application/x-jackson-smile, application/*+json]
16:12:09.124 [Test worker] DEBUG o.s.w.c.RestTemplate - Writing [org.springframework.web.reactive.result.method.annotation.RequestMappingMessageConversionIntegrationTests$People@42de46ee] as "application/xml"
16:12:09.133 [http-nio-auto-25-exec-1] DEBUG o.s.w.s.a.HttpWebHandlerAdapter - [5dc63074] HTTP POST "/person-create/flux"
16:12:09.133 [http-nio-auto-25-exec-1] DEBUG o.s.w.r.r.m.a.RequestMappingHandlerMapping - [5dc63074] Mapped to org.springframework.web.reactive.result.method.annotation.RequestMappingMessageConversionIntegrationTests$PersonCreateController#createWithFlux(Flux)
16:12:09.134 [http-nio-auto-25-exec-1] DEBUG o.s.w.r.r.m.a.RequestBodyMethodArgumentResolver - [5dc63074] Content-Type:application/xml
16:12:09.135 [http-nio-auto-25-exec-1] DEBUG o.s.w.r.r.m.a.RequestBodyMethodArgumentResolver - [5dc63074] 0..N [org.springframework.web.reactive.result.method.annotation.RequestMappingMessageConversionIntegrationTests$Person]
16:12:09.140 [http-nio-auto-25-exec-1] DEBUG o.s.h.c.x.Jaxb2XmlDecoder - [5dc63074] Decoded [Person{name='Robert'}]
16:12:09.140 [http-nio-auto-25-exec-1] DEBUG o.s.h.c.x.Jaxb2XmlDecoder - [5dc63074] Decoded [Person{name='Marie'}]
16:12:09.141 [http-nio-auto-25-exec-1] DEBUG o.s.w.s.a.HttpWebHandlerAdapter - [5dc63074] Completed 200 OK
16:12:09.141 [Test worker] DEBUG o.s.w.c.RestTemplate - Response 200 OK
16:12:09.142 [Test worker] DEBUG o.s.w.t.h.s.r.b.TomcatHttpServer - Stopping TomcatHttpServer...
16:12:09.153 [Test worker] DEBUG o.s.w.t.h.s.r.b.TomcatHttpServer - Server stopped (0 millis).
16:12:09.423 [Test worker] DEBUG o.s.w.r.r.m.a.RequestMappingHandlerMapping - 39 mappings in 'requestMappingHandlerMapping'
16:12:09.544 [Test worker] DEBUG o.s.w.r.r.m.a.ControllerMethodResolver - ControllerAdvice beans: none
16:12:09.618 [Test worker] DEBUG o.s.w.s.a.HttpWebHandlerAdapter - enableLoggingRequestDetails='false': form data and headers will be masked to prevent unsafe logging of potentially sensitive data
16:12:09.618 [Test worker] DEBUG o.s.w.t.h.s.r.b.UndertowHttpServer - Starting UndertowHttpServer...
16:12:09.618 [Test worker] INFO  i.undertow - starting server: Undertow - 2.0.32.Final
16:12:09.634 [Test worker] DEBUG o.s.w.t.h.s.r.b.UndertowHttpServer - Server started on port 55904(0 millis).
16:12:09.635 [Test worker] DEBUG o.s.w.c.RestTemplate - HTTP POST http://localhost:55904/person-create/flux
16:12:09.635 [Test worker] DEBUG o.s.w.c.RestTemplate - Accept=[application/json, application/x-jackson-smile, application/*+json]
16:12:09.635 [Test worker] DEBUG o.s.w.c.RestTemplate - Writing [org.springframework.web.reactive.result.method.annotation.RequestMappingMessageConversionIntegrationTests$People@5384ff4b] as "application/xml"
16:12:09.646 [XNIO-25 I/O-6] DEBUG o.s.w.s.a.HttpWebHandlerAdapter - [7ea4b062] HTTP POST "/person-create/flux"
16:12:09.646 [XNIO-25 I/O-6] DEBUG o.s.w.r.r.m.a.RequestMappingHandlerMapping - [7ea4b062] Mapped to org.springframework.web.reactive.result.method.annotation.RequestMappingMessageConversionIntegrationTests$PersonCreateController#createWithFlux(Flux)
16:12:09.647 [XNIO-25 I/O-6] DEBUG o.s.w.r.r.m.a.RequestBodyMethodArgumentResolver - [7ea4b062] Content-Type:application/xml
16:12:09.648 [XNIO-25 I/O-6] DEBUG o.s.w.r.r.m.a.RequestBodyMethodArgumentResolver - [7ea4b062] 0..N [org.springframework.web.reactive.result.method.annotation.RequestMappingMessageConversionIntegrationTests$Person]
16:12:09.653 [XNIO-25 I/O-6] DEBUG o.s.h.c.x.Jaxb2XmlDecoder - [7ea4b062] Decoded [Person{name='Robert'}]
16:12:09.653 [XNIO-25 I/O-6] DEBUG o.s.h.c.x.Jaxb2XmlDecoder - [7ea4b062] Decoded [Person{name='Marie'}]
16:12:09.653 [XNIO-25 I/O-6] DEBUG o.s.w.s.a.HttpWebHandlerAdapter - [7ea4b062] Completed 200 OK
16:12:09.654 [Test worker] DEBUG o.s.w.c.RestTemplate - Response 200 OK
16:12:09.654 [Test worker] DEBUG o.s.w.t.h.s.r.b.UndertowHttpServer - Stopping UndertowHttpServer...
16:12:09.654 [Test worker] INFO  i.undertow - stopping server: Undertow - 2.0.32.Final
16:12:09.656 [Test worker] DEBUG o.s.w.t.h.s.r.b.UndertowHttpServer - Server stopped (0 millis).
16:12:09.850 [Test worker] DEBUG o.s.w.r.r.m.a.RequestMappingHandlerMapping - 39 mappings in 'requestMappingHandlerMapping'
16:12:09.964 [Test worker] DEBUG o.s.w.r.r.m.a.ControllerMethodResolver - ControllerAdvice beans: none
16:12:10.086 [Test worker] DEBUG o.s.w.s.a.HttpWebHandlerAdapter - enableLoggingRequestDetails='false': form data and headers will be masked to prevent unsafe logging of potentially sensitive data
16:12:10.086 [Test worker] WARN  o.e.j.s.h.ContextHandler - Empty contextPath
16:12:10.087 [Test worker] INFO  o.e.j.s.h.ContextHandler - Started o.e.j.s.ServletContextHandler@6602efc3{/,null,AVAILABLE}
16:12:10.087 [Test worker] DEBUG o.s.w.t.h.s.r.b.JettyHttpServer - Starting JettyHttpServer...
16:12:10.087 [Test worker] INFO  o.e.j.s.Server - jetty-9.4.31.v20200723; built: 2020-07-23T17:57:36.812Z; git: 450ba27947e13e66baa8cd1ce7e85a4461cacc1d; jvm 1.8.0_201-b09
16:12:10.092 [Test worker] INFO  o.e.j.s.AbstractConnector - Started ServerConnector@16504972{HTTP/1.1, (http/1.1)}{0.0.0.0:55916}
16:12:10.092 [Test worker] INFO  o.e.j.s.Server - Started @97937ms
16:12:10.092 [Test worker] DEBUG o.s.w.t.h.s.r.b.JettyHttpServer - Server started on port 55916(0 millis).
16:12:10.092 [Test worker] DEBUG o.s.w.c.RestTemplate - HTTP GET http://localhost:55916/person-response/mono-response-entity
16:12:10.093 [Test worker] DEBUG o.s.w.c.RestTemplate - Accept=[application/xml, text/xml, application/json, application/x-jackson-smile, application/*+xml, application/*+json]
16:12:10.096 [qtp1901353356-998] DEBUG o.s.w.s.a.HttpWebHandlerAdapter - [b19f3af] HTTP GET "/person-response/mono-response-entity"
16:12:10.096 [qtp1901353356-998] DEBUG o.s.w.r.r.m.a.RequestMappingHandlerMapping - [b19f3af] Mapped to org.springframework.web.reactive.result.method.annotation.RequestMappingMessageConversionIntegrationTests$PersonResponseBodyController#getMonoResponseEntity()
16:12:10.099 [qtp1901353356-998] DEBUG o.s.w.r.r.m.a.ResponseEntityResultHandler - Using 'application/json' given [application/json] and supported [application/json, application/*+json, application/x-jackson-smile, application/*+x-jackson-smile, application/xml, text/xml, text/event-stream]
16:12:10.099 [qtp1901353356-998] DEBUG o.s.w.r.r.m.a.ResponseEntityResultHandler - [b19f3af] 0..1 [org.springframework.web.reactive.result.method.annotation.RequestMappingMessageConversionIntegrationTests$Person]
16:12:10.099 [qtp1901353356-998] DEBUG o.s.h.c.j.Jackson2JsonEncoder - [b19f3af] Encoding [Person{name='Robert'}]
16:12:10.100 [Test worker] DEBUG o.s.w.c.RestTemplate - Response 200 OK
16:12:10.100 [qtp1901353356-998] DEBUG o.s.w.s.a.HttpWebHandlerAdapter - [b19f3af] Completed 200 OK
16:12:10.100 [Test worker] DEBUG o.s.w.c.RestTemplate - Reading to [org.springframework.web.reactive.result.method.annotation.RequestMappingMessageConversionIntegrationTests$Person]
16:12:10.101 [Test worker] DEBUG o.s.w.t.h.s.r.b.JettyHttpServer - Stopping JettyHttpServer...
16:12:10.101 [Test worker] INFO  o.e.j.s.h.ContextHandler - Stopped o.e.j.s.ServletContextHandler@6602efc3{/,null,UNAVAILABLE}
16:12:10.103 [Test worker] INFO  o.e.j.s.AbstractConnector - Stopped ServerConnector@16504972{HTTP/1.1, (http/1.1)}{0.0.0.0:0}
16:12:10.114 [Test worker] DEBUG o.s.w.t.h.s.r.b.JettyHttpServer - Server stopped (0 millis).
16:12:10.297 [Test worker] DEBUG o.s.w.r.r.m.a.RequestMappingHandlerMapping - 39 mappings in 'requestMappingHandlerMapping'
16:12:10.383 [Test worker] DEBUG o.s.w.r.r.m.a.ControllerMethodResolver - ControllerAdvice beans: none
16:12:10.501 [Test worker] DEBUG o.s.w.s.a.HttpWebHandlerAdapter - enableLoggingRequestDetails='false': form data and headers will be masked to prevent unsafe logging of potentially sensitive data
16:12:10.501 [Test worker] DEBUG o.s.w.t.h.s.r.b.ReactorHttpServer - Starting ReactorHttpServer...
16:12:10.502 [Test worker] DEBUG o.s.w.t.h.s.r.b.ReactorHttpServer - Server started on port 55929(0 millis).
16:12:10.503 [Test worker] DEBUG o.s.w.c.RestTemplate - HTTP GET http://localhost:55929/person-response/mono-response-entity
16:12:10.504 [Test worker] DEBUG o.s.w.c.RestTemplate - Accept=[application/xml, text/xml, application/json, application/x-jackson-smile, application/*+xml, application/*+json]
16:12:10.509 [reactor-http-nio-12] DEBUG o.s.w.s.a.HttpWebHandlerAdapter - [84a07eb9-26] HTTP GET "/person-response/mono-response-entity"
16:12:10.510 [reactor-http-nio-12] DEBUG o.s.w.r.r.m.a.RequestMappingHandlerMapping - [84a07eb9-26] Mapped to org.springframework.web.reactive.result.method.annotation.RequestMappingMessageConversionIntegrationTests$PersonResponseBodyController#getMonoResponseEntity()
16:12:10.512 [reactor-http-nio-12] DEBUG o.s.w.r.r.m.a.ResponseEntityResultHandler - Using 'application/json' given [application/json] and supported [application/json, application/*+json, application/x-jackson-smile, application/*+x-jackson-smile, application/xml, text/xml, text/event-stream]
16:12:10.512 [reactor-http-nio-12] DEBUG o.s.w.r.r.m.a.ResponseEntityResultHandler - [84a07eb9-26] 0..1 [org.springframework.web.reactive.result.method.annotation.RequestMappingMessageConversionIntegrationTests$Person]
16:12:10.512 [reactor-http-nio-12] DEBUG o.s.h.c.j.Jackson2JsonEncoder - [84a07eb9-26] Encoding [Person{name='Robert'}]
16:12:10.515 [reactor-http-nio-12] DEBUG o.s.w.s.a.HttpWebHandlerAdapter - [84a07eb9-26] Completed 200 OK
16:12:10.515 [Test worker] DEBUG o.s.w.c.RestTemplate - Response 200 OK
16:12:10.515 [Test worker] DEBUG o.s.w.c.RestTemplate - Reading to [org.springframework.web.reactive.result.method.annotation.RequestMappingMessageConversionIntegrationTests$Person]
16:12:10.516 [Test worker] DEBUG o.s.w.t.h.s.r.b.ReactorHttpServer - Stopping ReactorHttpServer...
16:12:10.516 [Test worker] DEBUG o.s.w.t.h.s.r.b.ReactorHttpServer - Server stopped (0 millis).
16:12:10.714 [Test worker] DEBUG o.s.w.r.r.m.a.RequestMappingHandlerMapping - 39 mappings in 'requestMappingHandlerMapping'
16:12:10.805 [Test worker] DEBUG o.s.w.r.r.m.a.ControllerMethodResolver - ControllerAdvice beans: none
16:12:10.857 [Test worker] DEBUG o.s.w.s.a.HttpWebHandlerAdapter - enableLoggingRequestDetails='false': form data and headers will be masked to prevent unsafe logging of potentially sensitive data
16:12:10.857 [Test worker] DEBUG o.s.w.t.h.s.r.b.TomcatHttpServer - Starting TomcatHttpServer...
16:12:10.914 [Test worker] DEBUG o.s.w.t.h.s.r.b.TomcatHttpServer - Server started on port 55946(0 millis).
16:12:10.915 [Test worker] DEBUG o.s.w.c.RestTemplate - HTTP GET http://localhost:55946/person-response/mono-response-entity
16:12:10.916 [Test worker] DEBUG o.s.w.c.RestTemplate - Accept=[application/xml, text/xml, application/json, application/x-jackson-smile, application/*+xml, application/*+json]
16:12:10.920 [http-nio-auto-26-exec-1] DEBUG o.s.w.s.a.HttpWebHandlerAdapter - [5e9ffb79] HTTP GET "/person-response/mono-response-entity"
16:12:10.920 [http-nio-auto-26-exec-1] DEBUG o.s.w.r.r.m.a.RequestMappingHandlerMapping - [5e9ffb79] Mapped to org.springframework.web.reactive.result.method.annotation.RequestMappingMessageConversionIntegrationTests$PersonResponseBodyController#getMonoResponseEntity()
16:12:10.922 [http-nio-auto-26-exec-1] DEBUG o.s.w.r.r.m.a.ResponseEntityResultHandler - Using 'application/json' given [application/json] and supported [application/json, application/*+json, application/x-jackson-smile, application/*+x-jackson-smile, application/xml, text/xml, text/event-stream]
16:12:10.923 [http-nio-auto-26-exec-1] DEBUG o.s.w.r.r.m.a.ResponseEntityResultHandler - [5e9ffb79] 0..1 [org.springframework.web.reactive.result.method.annotation.RequestMappingMessageConversionIntegrationTests$Person]
16:12:10.923 [http-nio-auto-26-exec-1] DEBUG o.s.h.c.j.Jackson2JsonEncoder - [5e9ffb79] Encoding [Person{name='Robert'}]
16:12:10.924 [http-nio-auto-26-exec-1] DEBUG o.s.w.s.a.HttpWebHandlerAdapter - [5e9ffb79] Completed 200 OK
16:12:10.925 [Test worker] DEBUG o.s.w.c.RestTemplate - Response 200 OK
16:12:10.925 [Test worker] DEBUG o.s.w.c.RestTemplate - Reading to [org.springframework.web.reactive.result.method.annotation.RequestMappingMessageConversionIntegrationTests$Person]
16:12:10.926 [Test worker] DEBUG o.s.w.t.h.s.r.b.TomcatHttpServer - Stopping TomcatHttpServer...
16:12:10.941 [Test worker] DEBUG o.s.w.t.h.s.r.b.TomcatHttpServer - Server stopped (0 millis).
16:12:11.161 [Test worker] DEBUG o.s.w.r.r.m.a.RequestMappingHandlerMapping - 39 mappings in 'requestMappingHandlerMapping'
16:12:11.258 [Test worker] DEBUG o.s.w.r.r.m.a.ControllerMethodResolver - ControllerAdvice beans: none
16:12:11.287 [Test worker] DEBUG o.s.w.s.a.HttpWebHandlerAdapter - enableLoggingRequestDetails='false': form data and headers will be masked to prevent unsafe logging of potentially sensitive data
16:12:11.287 [Test worker] DEBUG o.s.w.t.h.s.r.b.UndertowHttpServer - Starting UndertowHttpServer...
16:12:11.287 [Test worker] INFO  i.undertow - starting server: Undertow - 2.0.32.Final
16:12:11.292 [Test worker] DEBUG o.s.w.t.h.s.r.b.UndertowHttpServer - Server started on port 55960(0 millis).
16:12:11.292 [Test worker] DEBUG o.s.w.c.RestTemplate - HTTP GET http://localhost:55960/person-response/mono-response-entity
16:12:11.293 [Test worker] DEBUG o.s.w.c.RestTemplate - Accept=[application/xml, text/xml, application/json, application/x-jackson-smile, application/*+xml, application/*+json]
16:12:11.295 [XNIO-26 I/O-6] DEBUG o.s.w.s.a.HttpWebHandlerAdapter - [4f5561a5] HTTP GET "/person-response/mono-response-entity"
16:12:11.296 [XNIO-26 I/O-6] DEBUG o.s.w.r.r.m.a.RequestMappingHandlerMapping - [4f5561a5] Mapped to org.springframework.web.reactive.result.method.annotation.RequestMappingMessageConversionIntegrationTests$PersonResponseBodyController#getMonoResponseEntity()
16:12:11.298 [XNIO-26 I/O-6] DEBUG o.s.w.r.r.m.a.ResponseEntityResultHandler - Using 'application/json' given [application/json] and supported [application/json, application/*+json, application/x-jackson-smile, application/*+x-jackson-smile, application/xml, text/xml, text/event-stream]
16:12:11.298 [XNIO-26 I/O-6] DEBUG o.s.w.r.r.m.a.ResponseEntityResultHandler - [4f5561a5] 0..1 [org.springframework.web.reactive.result.method.annotation.RequestMappingMessageConversionIntegrationTests$Person]
16:12:11.298 [XNIO-26 I/O-6] DEBUG o.s.h.c.j.Jackson2JsonEncoder - [4f5561a5] Encoding [Person{name='Robert'}]
16:12:11.299 [XNIO-26 I/O-6] DEBUG o.s.w.s.a.HttpWebHandlerAdapter - [4f5561a5] Completed 200 OK
16:12:11.299 [Test worker] DEBUG o.s.w.c.RestTemplate - Response 200 OK
16:12:11.299 [Test worker] DEBUG o.s.w.c.RestTemplate - Reading to [org.springframework.web.reactive.result.method.annotation.RequestMappingMessageConversionIntegrationTests$Person]
16:12:11.300 [Test worker] DEBUG o.s.w.t.h.s.r.b.UndertowHttpServer - Stopping UndertowHttpServer...
16:12:11.300 [Test worker] INFO  i.undertow - stopping server: Undertow - 2.0.32.Final
16:12:11.301 [Test worker] DEBUG o.s.w.t.h.s.r.b.UndertowHttpServer - Server stopped (0 millis).
16:12:11.608 [Test worker] DEBUG o.s.w.r.r.m.a.RequestMappingHandlerMapping - 39 mappings in 'requestMappingHandlerMapping'
16:12:11.715 [Test worker] DEBUG o.s.w.r.r.m.a.ControllerMethodResolver - ControllerAdvice beans: none
16:12:11.828 [Test worker] DEBUG o.s.w.s.a.HttpWebHandlerAdapter - enableLoggingRequestDetails='false': form data and headers will be masked to prevent unsafe logging of potentially sensitive data
16:12:11.828 [Test worker] WARN  o.e.j.s.h.ContextHandler - Empty contextPath
16:12:11.841 [Test worker] INFO  o.e.j.s.h.ContextHandler - Started o.e.j.s.ServletContextHandler@6dd41c6c{/,null,AVAILABLE}
16:12:11.841 [Test worker] DEBUG o.s.w.t.h.s.r.b.JettyHttpServer - Starting JettyHttpServer...
16:12:11.841 [Test worker] INFO  o.e.j.s.Server - jetty-9.4.31.v20200723; built: 2020-07-23T17:57:36.812Z; git: 450ba27947e13e66baa8cd1ce7e85a4461cacc1d; jvm 1.8.0_201-b09
16:12:11.844 [Test worker] INFO  o.e.j.s.AbstractConnector - Started ServerConnector@714c1dfb{HTTP/1.1, (http/1.1)}{0.0.0.0:55971}
16:12:11.845 [Test worker] INFO  o.e.j.s.Server - Started @99690ms
16:12:11.845 [Test worker] DEBUG o.s.w.t.h.s.r.b.JettyHttpServer - Server started on port 55971(0 millis).
16:12:11.845 [Test worker] DEBUG o.s.w.c.RestTemplate - HTTP GET http://localhost:55971/raw-response/rxjava2-observable
16:12:11.845 [Test worker] DEBUG o.s.w.c.RestTemplate - Accept=[text/plain, application/json, application/x-jackson-smile, application/*+json, */*]
16:12:11.848 [qtp1925462140-1036] DEBUG o.s.w.s.a.HttpWebHandlerAdapter - [4fa353c5] HTTP GET "/raw-response/rxjava2-observable"
16:12:11.848 [qtp1925462140-1036] DEBUG o.s.w.r.r.m.a.RequestMappingHandlerMapping - [4fa353c5] Mapped to org.springframework.web.reactive.result.method.annotation.RequestMappingMessageConversionIntegrationTests$RawResponseBodyController#getRxJava2Observable()
16:12:11.851 [qtp1925462140-1036] DEBUG o.s.w.r.r.m.a.ResponseBodyResultHandler - Using 'text/plain' given [text/plain, application/json, application/x-jackson-smile, application/*+json, */*] and supported [*/*, application/json, application/*+json, application/x-jackson-smile, application/*+x-jackson-smile, text/event-stream]
16:12:11.851 [qtp1925462140-1036] DEBUG o.s.w.r.r.m.a.ResponseBodyResultHandler - [4fa353c5] 0..N [java.nio.ByteBuffer]
16:12:11.852 [qtp1925462140-1036] DEBUG o.s.c.c.ByteBufferEncoder - [4fa353c5] Writing 6 bytes
16:12:11.853 [qtp1925462140-1036] DEBUG o.s.w.s.a.HttpWebHandlerAdapter - [4fa353c5] Completed 200 OK
16:12:11.853 [Test worker] DEBUG o.s.w.c.RestTemplate - Response 200 OK
16:12:11.853 [Test worker] DEBUG o.s.w.c.RestTemplate - Reading to [java.lang.String] as "text/plain"
16:12:11.853 [Test worker] DEBUG o.s.w.t.h.s.r.b.JettyHttpServer - Stopping JettyHttpServer...
16:12:11.854 [Test worker] INFO  o.e.j.s.h.ContextHandler - Stopped o.e.j.s.ServletContextHandler@6dd41c6c{/,null,UNAVAILABLE}
16:12:11.855 [Test worker] INFO  o.e.j.s.AbstractConnector - Stopped ServerConnector@714c1dfb{HTTP/1.1, (http/1.1)}{0.0.0.0:0}
16:12:11.866 [Test worker] DEBUG o.s.w.t.h.s.r.b.JettyHttpServer - Server stopped (0 millis).
16:12:12.022 [Test worker] DEBUG o.s.w.r.r.m.a.RequestMappingHandlerMapping - 39 mappings in 'requestMappingHandlerMapping'
16:12:12.102 [Test worker] DEBUG o.s.w.r.r.m.a.ControllerMethodResolver - ControllerAdvice beans: none
16:12:12.242 [Test worker] DEBUG o.s.w.s.a.HttpWebHandlerAdapter - enableLoggingRequestDetails='false': form data and headers will be masked to prevent unsafe logging of potentially sensitive data
16:12:12.242 [Test worker] DEBUG o.s.w.t.h.s.r.b.ReactorHttpServer - Starting ReactorHttpServer...
16:12:12.244 [Test worker] DEBUG o.s.w.t.h.s.r.b.ReactorHttpServer - Server started on port 55976(0 millis).
16:12:12.244 [Test worker] DEBUG o.s.w.c.RestTemplate - HTTP GET http://localhost:55976/raw-response/rxjava2-observable
16:12:12.245 [Test worker] DEBUG o.s.w.c.RestTemplate - Accept=[text/plain, application/json, application/x-jackson-smile, application/*+json, */*]
16:12:12.247 [reactor-http-nio-2] DEBUG o.s.w.s.a.HttpWebHandlerAdapter - [2a3de283-27] HTTP GET "/raw-response/rxjava2-observable"
16:12:12.248 [reactor-http-nio-2] DEBUG o.s.w.r.r.m.a.RequestMappingHandlerMapping - [2a3de283-27] Mapped to org.springframework.web.reactive.result.method.annotation.RequestMappingMessageConversionIntegrationTests$RawResponseBodyController#getRxJava2Observable()
16:12:12.250 [reactor-http-nio-2] DEBUG o.s.w.r.r.m.a.ResponseBodyResultHandler - Using 'text/plain' given [text/plain, application/json, application/x-jackson-smile, application/*+json, */*] and supported [*/*, application/json, application/*+json, application/x-jackson-smile, application/*+x-jackson-smile, text/event-stream]
16:12:12.250 [reactor-http-nio-2] DEBUG o.s.w.r.r.m.a.ResponseBodyResultHandler - [2a3de283-27] 0..N [java.nio.ByteBuffer]
16:12:12.250 [reactor-http-nio-2] DEBUG o.s.c.c.ByteBufferEncoder - [2a3de283-27] Writing 6 bytes
16:12:12.252 [Test worker] DEBUG o.s.w.c.RestTemplate - Response 200 OK
16:12:12.253 [reactor-http-nio-2] DEBUG o.s.w.s.a.HttpWebHandlerAdapter - [2a3de283-27] Completed 200 OK
16:12:12.253 [Test worker] DEBUG o.s.w.c.RestTemplate - Reading to [java.lang.String] as "text/plain"
16:12:12.254 [Test worker] DEBUG o.s.w.t.h.s.r.b.ReactorHttpServer - Stopping ReactorHttpServer...
16:12:12.254 [Test worker] DEBUG o.s.w.t.h.s.r.b.ReactorHttpServer - Server stopped (0 millis).
16:12:12.466 [Test worker] DEBUG o.s.w.r.r.m.a.RequestMappingHandlerMapping - 39 mappings in 'requestMappingHandlerMapping'
16:12:12.576 [Test worker] DEBUG o.s.w.r.r.m.a.ControllerMethodResolver - ControllerAdvice beans: none
16:12:12.663 [Test worker] DEBUG o.s.w.s.a.HttpWebHandlerAdapter - enableLoggingRequestDetails='false': form data and headers will be masked to prevent unsafe logging of potentially sensitive data
16:12:12.667 [Test worker] DEBUG o.s.w.t.h.s.r.b.TomcatHttpServer - Starting TomcatHttpServer...
16:12:12.685 [Test worker] DEBUG o.s.w.t.h.s.r.b.TomcatHttpServer - Server started on port 55982(0 millis).
16:12:12.686 [Test worker] DEBUG o.s.w.c.RestTemplate - HTTP GET http://localhost:55982/raw-response/rxjava2-observable
16:12:12.686 [Test worker] DEBUG o.s.w.c.RestTemplate - Accept=[text/plain, application/json, application/x-jackson-smile, application/*+json, */*]
16:12:12.691 [http-nio-auto-27-exec-1] DEBUG o.s.w.s.a.HttpWebHandlerAdapter - [3f6ef3b] HTTP GET "/raw-response/rxjava2-observable"
16:12:12.692 [http-nio-auto-27-exec-1] DEBUG o.s.w.r.r.m.a.RequestMappingHandlerMapping - [3f6ef3b] Mapped to org.springframework.web.reactive.result.method.annotation.RequestMappingMessageConversionIntegrationTests$RawResponseBodyController#getRxJava2Observable()
16:12:12.694 [http-nio-auto-27-exec-1] DEBUG o.s.w.r.r.m.a.ResponseBodyResultHandler - Using 'text/plain' given [text/plain, application/json, application/x-jackson-smile, application/*+json, */*] and supported [*/*, application/json, application/*+json, application/x-jackson-smile, application/*+x-jackson-smile, text/event-stream]
16:12:12.694 [http-nio-auto-27-exec-1] DEBUG o.s.w.r.r.m.a.ResponseBodyResultHandler - [3f6ef3b] 0..N [java.nio.ByteBuffer]
16:12:12.694 [http-nio-auto-27-exec-1] DEBUG o.s.c.c.ByteBufferEncoder - [3f6ef3b] Writing 6 bytes
16:12:12.695 [http-nio-auto-27-exec-1] DEBUG o.s.w.s.a.HttpWebHandlerAdapter - [3f6ef3b] Completed 200 OK
16:12:12.696 [Test worker] DEBUG o.s.w.c.RestTemplate - Response 200 OK
16:12:12.696 [Test worker] DEBUG o.s.w.c.RestTemplate - Reading to [java.lang.String] as "text/plain"
16:12:12.697 [Test worker] DEBUG o.s.w.t.h.s.r.b.TomcatHttpServer - Stopping TomcatHttpServer...
16:12:12.735 [Test worker] DEBUG o.s.w.t.h.s.r.b.TomcatHttpServer - Server stopped (0 millis).
16:12:12.990 [Test worker] DEBUG o.s.w.r.r.m.a.RequestMappingHandlerMapping - 39 mappings in 'requestMappingHandlerMapping'
16:12:13.125 [Test worker] DEBUG o.s.w.r.r.m.a.ControllerMethodResolver - ControllerAdvice beans: none
16:12:13.190 [Test worker] DEBUG o.s.w.s.a.HttpWebHandlerAdapter - enableLoggingRequestDetails='false': form data and headers will be masked to prevent unsafe logging of potentially sensitive data
16:12:13.191 [Test worker] DEBUG o.s.w.t.h.s.r.b.UndertowHttpServer - Starting UndertowHttpServer...
16:12:13.191 [Test worker] INFO  i.undertow - starting server: Undertow - 2.0.32.Final
16:12:13.197 [Test worker] DEBUG o.s.w.t.h.s.r.b.UndertowHttpServer - Server started on port 56017(0 millis).
16:12:13.198 [Test worker] DEBUG o.s.w.c.RestTemplate - HTTP GET http://localhost:56017/raw-response/rxjava2-observable
16:12:13.198 [Test worker] DEBUG o.s.w.c.RestTemplate - Accept=[text/plain, application/json, application/x-jackson-smile, application/*+json, */*]
16:12:13.200 [XNIO-27 I/O-6] DEBUG o.s.w.s.a.HttpWebHandlerAdapter - [5fc5fe5b] HTTP GET "/raw-response/rxjava2-observable"
16:12:13.201 [XNIO-27 I/O-6] DEBUG o.s.w.r.r.m.a.RequestMappingHandlerMapping - [5fc5fe5b] Mapped to org.springframework.web.reactive.result.method.annotation.RequestMappingMessageConversionIntegrationTests$RawResponseBodyController#getRxJava2Observable()
16:12:13.203 [XNIO-27 I/O-6] DEBUG o.s.w.r.r.m.a.ResponseBodyResultHandler - Using 'text/plain' given [text/plain, application/json, application/x-jackson-smile, application/*+json, */*] and supported [*/*, application/json, application/*+json, application/x-jackson-smile, application/*+x-jackson-smile, text/event-stream]
16:12:13.203 [XNIO-27 I/O-6] DEBUG o.s.w.r.r.m.a.ResponseBodyResultHandler - [5fc5fe5b] 0..N [java.nio.ByteBuffer]
16:12:13.203 [XNIO-27 I/O-6] DEBUG o.s.c.c.ByteBufferEncoder - [5fc5fe5b] Writing 6 bytes
16:12:13.204 [XNIO-27 I/O-6] DEBUG o.s.w.s.a.HttpWebHandlerAdapter - [5fc5fe5b] Completed 200 OK
16:12:13.222 [Test worker] DEBUG o.s.w.c.RestTemplate - Response 200 OK
16:12:13.222 [Test worker] DEBUG o.s.w.c.RestTemplate - Reading to [java.lang.String] as "text/plain"
16:12:13.223 [Test worker] DEBUG o.s.w.t.h.s.r.b.UndertowHttpServer - Stopping UndertowHttpServer...
16:12:13.223 [Test worker] INFO  i.undertow - stopping server: Undertow - 2.0.32.Final
16:12:13.230 [Test worker] DEBUG o.s.w.t.h.s.r.b.UndertowHttpServer - Server stopped (0 millis).
16:12:13.442 [Test worker] DEBUG o.s.w.r.r.m.a.RequestMappingHandlerMapping - 39 mappings in 'requestMappingHandlerMapping'
16:12:13.505 [Test worker] DEBUG o.s.w.r.r.m.a.ControllerMethodResolver - ControllerAdvice beans: none
16:12:13.589 [Test worker] DEBUG o.s.w.s.a.HttpWebHandlerAdapter - enableLoggingRequestDetails='false': form data and headers will be masked to prevent unsafe logging of potentially sensitive data
16:12:13.600 [Test worker] WARN  o.e.j.s.h.ContextHandler - Empty contextPath
16:12:13.601 [Test worker] INFO  o.e.j.s.h.ContextHandler - Started o.e.j.s.ServletContextHandler@3b54185d{/,null,AVAILABLE}
16:12:13.601 [Test worker] DEBUG o.s.w.t.h.s.r.b.JettyHttpServer - Starting JettyHttpServer...
16:12:13.601 [Test worker] INFO  o.e.j.s.Server - jetty-9.4.31.v20200723; built: 2020-07-23T17:57:36.812Z; git: 450ba27947e13e66baa8cd1ce7e85a4461cacc1d; jvm 1.8.0_201-b09
16:12:13.621 [Test worker] INFO  o.e.j.s.AbstractConnector - Started ServerConnector@9c49cf8{HTTP/1.1, (http/1.1)}{0.0.0.0:56054}
16:12:13.622 [Test worker] INFO  o.e.j.s.Server - Started @101467ms
16:12:13.622 [Test worker] DEBUG o.s.w.t.h.s.r.b.JettyHttpServer - Server started on port 56054(0 millis).
16:12:13.622 [Test worker] DEBUG o.s.w.c.RestTemplate - HTTP POST http://localhost:56054/person-create/single
16:12:13.623 [Test worker] DEBUG o.s.w.c.RestTemplate - Accept=[application/json, application/x-jackson-smile, application/*+json]
16:12:13.624 [Test worker] DEBUG o.s.w.c.RestTemplate - Writing [Person{name='Robert'}] as "application/json"
16:12:13.628 [qtp2030169799-1074] DEBUG o.s.w.s.a.HttpWebHandlerAdapter - [7893a016] HTTP POST "/person-create/single"
16:12:13.628 [qtp2030169799-1074] DEBUG o.s.w.r.r.m.a.RequestMappingHandlerMapping - [7893a016] Mapped to org.springframework.web.reactive.result.method.annotation.RequestMappingMessageConversionIntegrationTests$PersonCreateController#createWithSingle(Single)
16:12:13.629 [qtp2030169799-1074] DEBUG o.s.w.r.r.m.a.RequestBodyMethodArgumentResolver - [7893a016] Content-Type:application/json;charset=UTF-8
16:12:13.630 [qtp2030169799-1074] DEBUG o.s.w.r.r.m.a.RequestBodyMethodArgumentResolver - [7893a016] 0..1 [org.springframework.web.reactive.result.method.annotation.RequestMappingMessageConversionIntegrationTests$Person]
16:12:13.633 [qtp2030169799-1074] DEBUG o.s.h.c.j.Jackson2JsonDecoder - [7893a016] Decoded [Person{name='Robert'}]
16:12:13.634 [qtp2030169799-1074] DEBUG o.s.w.s.a.HttpWebHandlerAdapter - [7893a016] Completed 200 OK
16:12:13.634 [Test worker] DEBUG o.s.w.c.RestTemplate - Response 200 OK
16:12:13.635 [Test worker] DEBUG o.s.w.t.h.s.r.b.JettyHttpServer - Stopping JettyHttpServer...
16:12:13.635 [Test worker] INFO  o.e.j.s.h.ContextHandler - Stopped o.e.j.s.ServletContextHandler@3b54185d{/,null,UNAVAILABLE}
16:12:13.637 [Test worker] INFO  o.e.j.s.AbstractConnector - Stopped ServerConnector@9c49cf8{HTTP/1.1, (http/1.1)}{0.0.0.0:0}
16:12:13.648 [Test worker] DEBUG o.s.w.t.h.s.r.b.JettyHttpServer - Server stopped (0 millis).
16:12:13.847 [Test worker] DEBUG o.s.w.r.r.m.a.RequestMappingHandlerMapping - 39 mappings in 'requestMappingHandlerMapping'
16:12:13.891 [Test worker] DEBUG o.s.w.r.r.m.a.ControllerMethodResolver - ControllerAdvice beans: none
16:12:13.997 [Test worker] DEBUG o.s.w.s.a.HttpWebHandlerAdapter - enableLoggingRequestDetails='false': form data and headers will be masked to prevent unsafe logging of potentially sensitive data
16:12:13.997 [Test worker] DEBUG o.s.w.t.h.s.r.b.ReactorHttpServer - Starting ReactorHttpServer...
16:12:14.013 [Test worker] DEBUG o.s.w.t.h.s.r.b.ReactorHttpServer - Server started on port 56097(0 millis).
16:12:14.016 [Test worker] DEBUG o.s.w.c.RestTemplate - HTTP POST http://localhost:56097/person-create/single
16:12:14.017 [Test worker] DEBUG o.s.w.c.RestTemplate - Accept=[application/json, application/x-jackson-smile, application/*+json]
16:12:14.018 [Test worker] DEBUG o.s.w.c.RestTemplate - Writing [Person{name='Robert'}] as "application/json"
16:12:14.022 [reactor-http-nio-4] DEBUG o.s.w.s.a.HttpWebHandlerAdapter - [74673c14-28] HTTP POST "/person-create/single"
16:12:14.022 [reactor-http-nio-4] DEBUG o.s.w.r.r.m.a.RequestMappingHandlerMapping - [74673c14-28] Mapped to org.springframework.web.reactive.result.method.annotation.RequestMappingMessageConversionIntegrationTests$PersonCreateController#createWithSingle(Single)
16:12:14.023 [reactor-http-nio-4] DEBUG o.s.w.r.r.m.a.RequestBodyMethodArgumentResolver - [74673c14-28] Content-Type:application/json
16:12:14.024 [reactor-http-nio-4] DEBUG o.s.w.r.r.m.a.RequestBodyMethodArgumentResolver - [74673c14-28] 0..1 [org.springframework.web.reactive.result.method.annotation.RequestMappingMessageConversionIntegrationTests$Person]
16:12:14.025 [reactor-http-nio-4] DEBUG o.s.h.c.j.Jackson2JsonDecoder - [74673c14-28] Decoded [Person{name='Robert'}]
16:12:14.025 [reactor-http-nio-4] DEBUG o.s.w.s.a.HttpWebHandlerAdapter - [74673c14-28] Completed 200 OK
16:12:14.027 [Test worker] DEBUG o.s.w.c.RestTemplate - Response 200 OK
16:12:14.028 [Test worker] DEBUG o.s.w.t.h.s.r.b.ReactorHttpServer - Stopping ReactorHttpServer...
16:12:14.028 [Test worker] DEBUG o.s.w.t.h.s.r.b.ReactorHttpServer - Server stopped (0 millis).
16:12:14.238 [Test worker] DEBUG o.s.w.r.r.m.a.RequestMappingHandlerMapping - 39 mappings in 'requestMappingHandlerMapping'
16:12:14.297 [Test worker] DEBUG o.s.w.r.r.m.a.ControllerMethodResolver - ControllerAdvice beans: none
16:12:14.360 [Test worker] DEBUG o.s.w.s.a.HttpWebHandlerAdapter - enableLoggingRequestDetails='false': form data and headers will be masked to prevent unsafe logging of potentially sensitive data
16:12:14.397 [Test worker] DEBUG o.s.w.t.h.s.r.b.TomcatHttpServer - Starting TomcatHttpServer...
16:12:14.413 [Test worker] DEBUG o.s.w.t.h.s.r.b.TomcatHttpServer - Server started on port 56122(0 millis).
16:12:14.414 [Test worker] DEBUG o.s.w.c.RestTemplate - HTTP POST http://localhost:56122/person-create/single
16:12:14.414 [Test worker] DEBUG o.s.w.c.RestTemplate - Accept=[application/json, application/x-jackson-smile, application/*+json]
16:12:14.415 [Test worker] DEBUG o.s.w.c.RestTemplate - Writing [Person{name='Robert'}] as "application/json"
16:12:14.421 [http-nio-auto-28-exec-1] DEBUG o.s.w.s.a.HttpWebHandlerAdapter - [7c6d200e] HTTP POST "/person-create/single"
16:12:14.421 [http-nio-auto-28-exec-1] DEBUG o.s.w.r.r.m.a.RequestMappingHandlerMapping - [7c6d200e] Mapped to org.springframework.web.reactive.result.method.annotation.RequestMappingMessageConversionIntegrationTests$PersonCreateController#createWithSingle(Single)
16:12:14.422 [http-nio-auto-28-exec-1] DEBUG o.s.w.r.r.m.a.RequestBodyMethodArgumentResolver - [7c6d200e] Content-Type:application/json
16:12:14.423 [http-nio-auto-28-exec-1] DEBUG o.s.w.r.r.m.a.RequestBodyMethodArgumentResolver - [7c6d200e] 0..1 [org.springframework.web.reactive.result.method.annotation.RequestMappingMessageConversionIntegrationTests$Person]
16:12:14.423 [http-nio-auto-28-exec-1] DEBUG o.s.h.c.j.Jackson2JsonDecoder - [7c6d200e] Decoded [Person{name='Robert'}]
16:12:14.423 [http-nio-auto-28-exec-1] DEBUG o.s.w.s.a.HttpWebHandlerAdapter - [7c6d200e] Completed 200 OK
16:12:14.424 [Test worker] DEBUG o.s.w.c.RestTemplate - Response 200 OK
16:12:14.425 [Test worker] DEBUG o.s.w.t.h.s.r.b.TomcatHttpServer - Stopping TomcatHttpServer...
16:12:14.441 [Test worker] DEBUG o.s.w.t.h.s.r.b.TomcatHttpServer - Server stopped (0 millis).
16:12:14.642 [Test worker] DEBUG o.s.w.r.r.m.a.RequestMappingHandlerMapping - 39 mappings in 'requestMappingHandlerMapping'
16:12:14.753 [Test worker] DEBUG o.s.w.r.r.m.a.ControllerMethodResolver - ControllerAdvice beans: none
16:12:14.883 [Test worker] DEBUG o.s.w.s.a.HttpWebHandlerAdapter - enableLoggingRequestDetails='false': form data and headers will be masked to prevent unsafe logging of potentially sensitive data
16:12:14.884 [Test worker] DEBUG o.s.w.t.h.s.r.b.UndertowHttpServer - Starting UndertowHttpServer...
16:12:14.884 [Test worker] INFO  i.undertow - starting server: Undertow - 2.0.32.Final
16:12:14.891 [Test worker] DEBUG o.s.w.t.h.s.r.b.UndertowHttpServer - Server started on port 56134(0 millis).
16:12:14.891 [Test worker] DEBUG o.s.w.c.RestTemplate - HTTP POST http://localhost:56134/person-create/single
16:12:14.892 [Test worker] DEBUG o.s.w.c.RestTemplate - Accept=[application/json, application/x-jackson-smile, application/*+json]
16:12:14.892 [Test worker] DEBUG o.s.w.c.RestTemplate - Writing [Person{name='Robert'}] as "application/json"
16:12:14.895 [XNIO-28 I/O-6] DEBUG o.s.w.s.a.HttpWebHandlerAdapter - [1302abaf] HTTP POST "/person-create/single"
16:12:14.895 [XNIO-28 I/O-6] DEBUG o.s.w.r.r.m.a.RequestMappingHandlerMapping - [1302abaf] Mapped to org.springframework.web.reactive.result.method.annotation.RequestMappingMessageConversionIntegrationTests$PersonCreateController#createWithSingle(Single)
16:12:14.896 [XNIO-28 I/O-6] DEBUG o.s.w.r.r.m.a.RequestBodyMethodArgumentResolver - [1302abaf] Content-Type:application/json
16:12:14.897 [XNIO-28 I/O-6] DEBUG o.s.w.r.r.m.a.RequestBodyMethodArgumentResolver - [1302abaf] 0..1 [org.springframework.web.reactive.result.method.annotation.RequestMappingMessageConversionIntegrationTests$Person]
16:12:14.898 [XNIO-28 I/O-6] DEBUG o.s.h.c.j.Jackson2JsonDecoder - [1302abaf] Decoded [Person{name='Robert'}]
16:12:14.898 [XNIO-28 I/O-6] DEBUG o.s.w.s.a.HttpWebHandlerAdapter - [1302abaf] Completed 200 OK
16:12:14.898 [Test worker] DEBUG o.s.w.c.RestTemplate - Response 200 OK
16:12:14.899 [Test worker] DEBUG o.s.w.t.h.s.r.b.UndertowHttpServer - Stopping UndertowHttpServer...
16:12:14.899 [Test worker] INFO  i.undertow - stopping server: Undertow - 2.0.32.Final
16:12:14.901 [Test worker] DEBUG o.s.w.t.h.s.r.b.UndertowHttpServer - Server stopped (0 millis).
16:12:15.218 [Test worker] DEBUG o.s.w.r.r.m.a.RequestMappingHandlerMapping - 39 mappings in 'requestMappingHandlerMapping'
16:12:15.351 [Test worker] DEBUG o.s.w.r.r.m.a.ControllerMethodResolver - ControllerAdvice beans: none
16:12:15.497 [Test worker] DEBUG o.s.w.s.a.HttpWebHandlerAdapter - enableLoggingRequestDetails='false': form data and headers will be masked to prevent unsafe logging of potentially sensitive data
16:12:15.498 [Test worker] WARN  o.e.j.s.h.ContextHandler - Empty contextPath
16:12:15.498 [Test worker] INFO  o.e.j.s.h.ContextHandler - Started o.e.j.s.ServletContextHandler@2acc1c74{/,null,AVAILABLE}
16:12:15.498 [Test worker] DEBUG o.s.w.t.h.s.r.b.JettyHttpServer - Starting JettyHttpServer...
16:12:15.498 [Test worker] INFO  o.e.j.s.Server - jetty-9.4.31.v20200723; built: 2020-07-23T17:57:36.812Z; git: 450ba27947e13e66baa8cd1ce7e85a4461cacc1d; jvm 1.8.0_201-b09
16:12:15.522 [Test worker] INFO  o.e.j.s.AbstractConnector - Started ServerConnector@7985623e{HTTP/1.1, (http/1.1)}{0.0.0.0:56138}
16:12:15.523 [Test worker] INFO  o.e.j.s.Server - Started @103368ms
16:12:15.523 [Test worker] DEBUG o.s.w.t.h.s.r.b.JettyHttpServer - Server started on port 56138(0 millis).
16:12:15.523 [Test worker] DEBUG o.s.w.c.RestTemplate - HTTP GET http://localhost:56138/raw-response/observable
16:12:15.523 [Test worker] DEBUG o.s.w.c.RestTemplate - Accept=[text/plain, application/json, application/x-jackson-smile, application/*+json, */*]
16:12:15.525 [qtp1559427574-1112] DEBUG o.s.w.s.a.HttpWebHandlerAdapter - [10566933] HTTP GET "/raw-response/observable"
16:12:15.526 [qtp1559427574-1112] DEBUG o.s.w.r.r.m.a.RequestMappingHandlerMapping - [10566933] Mapped to org.springframework.web.reactive.result.method.annotation.RequestMappingMessageConversionIntegrationTests$RawResponseBodyController#getObservable()
16:12:15.529 [qtp1559427574-1112] DEBUG o.s.w.r.r.m.a.ResponseBodyResultHandler - Using 'text/plain' given [text/plain, application/json, application/x-jackson-smile, application/*+json, */*] and supported [*/*, application/json, application/*+json, application/x-jackson-smile, application/*+x-jackson-smile, text/event-stream]
16:12:15.529 [qtp1559427574-1112] DEBUG o.s.w.r.r.m.a.ResponseBodyResultHandler - [10566933] 0..N [java.nio.ByteBuffer]
16:12:15.531 [qtp1559427574-1112] DEBUG o.s.c.c.ByteBufferEncoder - [10566933] Writing 6 bytes
16:12:15.532 [qtp1559427574-1112] DEBUG o.s.w.s.a.HttpWebHandlerAdapter - [10566933] Completed 200 OK
16:12:15.540 [Test worker] DEBUG o.s.w.c.RestTemplate - Response 200 OK
16:12:15.540 [Test worker] DEBUG o.s.w.c.RestTemplate - Reading to [java.lang.String] as "text/plain"
16:12:15.540 [Test worker] DEBUG o.s.w.t.h.s.r.b.JettyHttpServer - Stopping JettyHttpServer...
16:12:15.541 [Test worker] INFO  o.e.j.s.h.ContextHandler - Stopped o.e.j.s.ServletContextHandler@2acc1c74{/,null,UNAVAILABLE}
16:12:15.543 [Test worker] INFO  o.e.j.s.AbstractConnector - Stopped ServerConnector@7985623e{HTTP/1.1, (http/1.1)}{0.0.0.0:0}
16:12:15.554 [Test worker] DEBUG o.s.w.t.h.s.r.b.JettyHttpServer - Server stopped (0 millis).
16:12:15.793 [Test worker] DEBUG o.s.w.r.r.m.a.RequestMappingHandlerMapping - 39 mappings in 'requestMappingHandlerMapping'
16:12:15.958 [Test worker] DEBUG o.s.w.r.r.m.a.ControllerMethodResolver - ControllerAdvice beans: none
16:12:16.057 [Test worker] DEBUG o.s.w.s.a.HttpWebHandlerAdapter - enableLoggingRequestDetails='false': form data and headers will be masked to prevent unsafe logging of potentially sensitive data
16:12:16.057 [Test worker] DEBUG o.s.w.t.h.s.r.b.ReactorHttpServer - Starting ReactorHttpServer...
16:12:16.060 [Test worker] DEBUG o.s.w.t.h.s.r.b.ReactorHttpServer - Server started on port 56140(0 millis).
16:12:16.060 [Test worker] DEBUG o.s.w.c.RestTemplate - HTTP GET http://localhost:56140/raw-response/observable
16:12:16.060 [Test worker] DEBUG o.s.w.c.RestTemplate - Accept=[text/plain, application/json, application/x-jackson-smile, application/*+json, */*]
16:12:16.062 [reactor-http-nio-6] DEBUG o.s.w.s.a.HttpWebHandlerAdapter - [66ff0173-29] HTTP GET "/raw-response/observable"
16:12:16.063 [reactor-http-nio-6] DEBUG o.s.w.r.r.m.a.RequestMappingHandlerMapping - [66ff0173-29] Mapped to org.springframework.web.reactive.result.method.annotation.RequestMappingMessageConversionIntegrationTests$RawResponseBodyController#getObservable()
16:12:16.065 [reactor-http-nio-6] DEBUG o.s.w.r.r.m.a.ResponseBodyResultHandler - Using 'text/plain' given [text/plain, application/json, application/x-jackson-smile, application/*+json, */*] and supported [*/*, application/json, application/*+json, application/x-jackson-smile, application/*+x-jackson-smile, text/event-stream]
16:12:16.065 [reactor-http-nio-6] DEBUG o.s.w.r.r.m.a.ResponseBodyResultHandler - [66ff0173-29] 0..N [java.nio.ByteBuffer]
16:12:16.065 [reactor-http-nio-6] DEBUG o.s.c.c.ByteBufferEncoder - [66ff0173-29] Writing 6 bytes
16:12:16.067 [reactor-http-nio-6] DEBUG o.s.w.s.a.HttpWebHandlerAdapter - [66ff0173-29] Completed 200 OK
16:12:16.068 [Test worker] DEBUG o.s.w.c.RestTemplate - Response 200 OK
16:12:16.068 [Test worker] DEBUG o.s.w.c.RestTemplate - Reading to [java.lang.String] as "text/plain"
16:12:16.069 [Test worker] DEBUG o.s.w.t.h.s.r.b.ReactorHttpServer - Stopping ReactorHttpServer...
16:12:16.070 [Test worker] DEBUG o.s.w.t.h.s.r.b.ReactorHttpServer - Server stopped (0 millis).
16:12:16.243 [Test worker] DEBUG o.s.w.r.r.m.a.RequestMappingHandlerMapping - 39 mappings in 'requestMappingHandlerMapping'
16:12:16.419 [Test worker] DEBUG o.s.w.r.r.m.a.ControllerMethodResolver - ControllerAdvice beans: none
16:12:16.547 [Test worker] DEBUG o.s.w.s.a.HttpWebHandlerAdapter - enableLoggingRequestDetails='false': form data and headers will be masked to prevent unsafe logging of potentially sensitive data
16:12:16.547 [Test worker] DEBUG o.s.w.t.h.s.r.b.TomcatHttpServer - Starting TomcatHttpServer...
16:12:16.622 [Test worker] DEBUG o.s.w.t.h.s.r.b.TomcatHttpServer - Server started on port 56143(0 millis).
16:12:16.622 [Test worker] DEBUG o.s.w.c.RestTemplate - HTTP GET http://localhost:56143/raw-response/observable
16:12:16.622 [Test worker] DEBUG o.s.w.c.RestTemplate - Accept=[text/plain, application/json, application/x-jackson-smile, application/*+json, */*]
16:12:16.625 [http-nio-auto-29-exec-1] DEBUG o.s.w.s.a.HttpWebHandlerAdapter - [7d838e88] HTTP GET "/raw-response/observable"
16:12:16.626 [http-nio-auto-29-exec-1] DEBUG o.s.w.r.r.m.a.RequestMappingHandlerMapping - [7d838e88] Mapped to org.springframework.web.reactive.result.method.annotation.RequestMappingMessageConversionIntegrationTests$RawResponseBodyController#getObservable()
16:12:16.628 [http-nio-auto-29-exec-1] DEBUG o.s.w.r.r.m.a.ResponseBodyResultHandler - Using 'text/plain' given [text/plain, application/json, application/x-jackson-smile, application/*+json, */*] and supported [*/*, application/json, application/*+json, application/x-jackson-smile, application/*+x-jackson-smile, text/event-stream]
16:12:16.628 [http-nio-auto-29-exec-1] DEBUG o.s.w.r.r.m.a.ResponseBodyResultHandler - [7d838e88] 0..N [java.nio.ByteBuffer]
16:12:16.635 [http-nio-auto-29-exec-1] DEBUG o.s.c.c.ByteBufferEncoder - [7d838e88] Writing 6 bytes
16:12:16.636 [http-nio-auto-29-exec-1] DEBUG o.s.w.s.a.HttpWebHandlerAdapter - [7d838e88] Completed 200 OK
16:12:16.637 [Test worker] DEBUG o.s.w.c.RestTemplate - Response 200 OK
16:12:16.637 [Test worker] DEBUG o.s.w.c.RestTemplate - Reading to [java.lang.String] as "text/plain"
16:12:16.637 [Test worker] DEBUG o.s.w.t.h.s.r.b.TomcatHttpServer - Stopping TomcatHttpServer...
16:12:16.657 [Test worker] DEBUG o.s.w.t.h.s.r.b.TomcatHttpServer - Server stopped (0 millis).
16:12:16.956 [Test worker] DEBUG o.s.w.r.r.m.a.RequestMappingHandlerMapping - 39 mappings in 'requestMappingHandlerMapping'
16:12:17.033 [Test worker] DEBUG o.s.w.r.r.m.a.ControllerMethodResolver - ControllerAdvice beans: none
16:12:17.160 [Test worker] DEBUG o.s.w.s.a.HttpWebHandlerAdapter - enableLoggingRequestDetails='false': form data and headers will be masked to prevent unsafe logging of potentially sensitive data
16:12:17.160 [Test worker] DEBUG o.s.w.t.h.s.r.b.UndertowHttpServer - Starting UndertowHttpServer...
16:12:17.161 [Test worker] INFO  i.undertow - starting server: Undertow - 2.0.32.Final
16:12:17.167 [Test worker] DEBUG o.s.w.t.h.s.r.b.UndertowHttpServer - Server started on port 56148(0 millis).
16:12:17.170 [Test worker] DEBUG o.s.w.c.RestTemplate - HTTP GET http://localhost:56148/raw-response/observable
16:12:17.170 [Test worker] DEBUG o.s.w.c.RestTemplate - Accept=[text/plain, application/json, application/x-jackson-smile, application/*+json, */*]
16:12:17.173 [XNIO-29 I/O-6] DEBUG o.s.w.s.a.HttpWebHandlerAdapter - [3f2f1519] HTTP GET "/raw-response/observable"
16:12:17.173 [XNIO-29 I/O-6] DEBUG o.s.w.r.r.m.a.RequestMappingHandlerMapping - [3f2f1519] Mapped to org.springframework.web.reactive.result.method.annotation.RequestMappingMessageConversionIntegrationTests$RawResponseBodyController#getObservable()
16:12:17.175 [XNIO-29 I/O-6] DEBUG o.s.w.r.r.m.a.ResponseBodyResultHandler - Using 'text/plain' given [text/plain, application/json, application/x-jackson-smile, application/*+json, */*] and supported [*/*, application/json, application/*+json, application/x-jackson-smile, application/*+x-jackson-smile, text/event-stream]
16:12:17.175 [XNIO-29 I/O-6] DEBUG o.s.w.r.r.m.a.ResponseBodyResultHandler - [3f2f1519] 0..N [java.nio.ByteBuffer]
16:12:17.175 [XNIO-29 I/O-6] DEBUG o.s.c.c.ByteBufferEncoder - [3f2f1519] Writing 6 bytes
16:12:17.176 [XNIO-29 I/O-6] DEBUG o.s.w.s.a.HttpWebHandlerAdapter - [3f2f1519] Completed 200 OK
16:12:17.176 [Test worker] DEBUG o.s.w.c.RestTemplate - Response 200 OK
16:12:17.177 [Test worker] DEBUG o.s.w.c.RestTemplate - Reading to [java.lang.String] as "text/plain"
16:12:17.177 [Test worker] DEBUG o.s.w.t.h.s.r.b.UndertowHttpServer - Stopping UndertowHttpServer...
16:12:17.177 [Test worker] INFO  i.undertow - stopping server: Undertow - 2.0.32.Final
16:12:17.179 [Test worker] DEBUG o.s.w.t.h.s.r.b.UndertowHttpServer - Server stopped (0 millis).
16:12:17.403 [Test worker] DEBUG o.s.w.r.r.m.a.RequestMappingHandlerMapping - 39 mappings in 'requestMappingHandlerMapping'
16:12:17.477 [Test worker] DEBUG o.s.w.r.r.m.a.ControllerMethodResolver - ControllerAdvice beans: none
16:12:17.614 [Test worker] DEBUG o.s.w.s.a.HttpWebHandlerAdapter - enableLoggingRequestDetails='false': form data and headers will be masked to prevent unsafe logging of potentially sensitive data
16:12:17.615 [Test worker] WARN  o.e.j.s.h.ContextHandler - Empty contextPath
16:12:17.615 [Test worker] INFO  o.e.j.s.h.ContextHandler - Started o.e.j.s.ServletContextHandler@3956350d{/,null,AVAILABLE}
16:12:17.615 [Test worker] DEBUG o.s.w.t.h.s.r.b.JettyHttpServer - Starting JettyHttpServer...
16:12:17.615 [Test worker] INFO  o.e.j.s.Server - jetty-9.4.31.v20200723; built: 2020-07-23T17:57:36.812Z; git: 450ba27947e13e66baa8cd1ce7e85a4461cacc1d; jvm 1.8.0_201-b09
16:12:17.650 [Test worker] INFO  o.e.j.s.AbstractConnector - Started ServerConnector@42680385{HTTP/1.1, (http/1.1)}{0.0.0.0:56150}
16:12:17.651 [Test worker] INFO  o.e.j.s.Server - Started @105496ms
16:12:17.651 [Test worker] DEBUG o.s.w.t.h.s.r.b.JettyHttpServer - Server started on port 56150(0 millis).
16:12:17.651 [Test worker] DEBUG o.s.w.c.RestTemplate - HTTP GET http://localhost:56150/person-response/flux
16:12:17.652 [Test worker] DEBUG o.s.w.c.RestTemplate - Accept=[application/json, application/x-jackson-smile, application/*+json]
16:12:17.655 [qtp1398963845-1150] DEBUG o.s.w.s.a.HttpWebHandlerAdapter - [7b6e3954] HTTP GET "/person-response/flux"
16:12:17.656 [qtp1398963845-1150] DEBUG o.s.w.r.r.m.a.RequestMappingHandlerMapping - [7b6e3954] Mapped to org.springframework.web.reactive.result.method.annotation.RequestMappingMessageConversionIntegrationTests$PersonResponseBodyController#getFlux()
16:12:17.657 [qtp1398963845-1150] DEBUG o.s.w.r.r.m.a.ResponseBodyResultHandler - Using 'application/json' given [application/json] and supported [application/json, application/*+json, application/x-jackson-smile, application/*+x-jackson-smile, application/xml, text/xml, text/event-stream]
16:12:17.657 [qtp1398963845-1150] DEBUG o.s.w.r.r.m.a.ResponseBodyResultHandler - [7b6e3954] 0..N [org.springframework.web.reactive.result.method.annotation.RequestMappingMessageConversionIntegrationTests$Person]
16:12:17.658 [qtp1398963845-1150] DEBUG o.s.h.c.j.Jackson2JsonEncoder - [7b6e3954] Encoding [[Person{name='Robert'}, Person{name='Marie'}]]
16:12:17.659 [qtp1398963845-1150] DEBUG o.s.w.s.a.HttpWebHandlerAdapter - [7b6e3954] Completed 200 OK
16:12:17.659 [Test worker] DEBUG o.s.w.c.RestTemplate - Response 200 OK
16:12:17.659 [Test worker] DEBUG o.s.w.c.RestTemplate - Reading to [java.util.List<org.springframework.web.reactive.result.method.annotation.RequestMappingMessageConversionIntegrationTests$Person>]
16:12:17.660 [Test worker] DEBUG o.s.w.t.h.s.r.b.JettyHttpServer - Stopping JettyHttpServer...
16:12:17.661 [Test worker] INFO  o.e.j.s.h.ContextHandler - Stopped o.e.j.s.ServletContextHandler@3956350d{/,null,UNAVAILABLE}
16:12:17.662 [Test worker] INFO  o.e.j.s.AbstractConnector - Stopped ServerConnector@42680385{HTTP/1.1, (http/1.1)}{0.0.0.0:0}
16:12:17.674 [Test worker] DEBUG o.s.w.t.h.s.r.b.JettyHttpServer - Server stopped (0 millis).
16:12:17.849 [Test worker] DEBUG o.s.w.r.r.m.a.RequestMappingHandlerMapping - 39 mappings in 'requestMappingHandlerMapping'
16:12:17.946 [Test worker] DEBUG o.s.w.r.r.m.a.ControllerMethodResolver - ControllerAdvice beans: none
16:12:18.018 [Test worker] DEBUG o.s.w.s.a.HttpWebHandlerAdapter - enableLoggingRequestDetails='false': form data and headers will be masked to prevent unsafe logging of potentially sensitive data
16:12:18.019 [Test worker] DEBUG o.s.w.t.h.s.r.b.ReactorHttpServer - Starting ReactorHttpServer...
16:12:18.021 [Test worker] DEBUG o.s.w.t.h.s.r.b.ReactorHttpServer - Server started on port 56152(0 millis).
16:12:18.022 [Test worker] DEBUG o.s.w.c.RestTemplate - HTTP GET http://localhost:56152/person-response/flux
16:12:18.022 [Test worker] DEBUG o.s.w.c.RestTemplate - Accept=[application/json, application/x-jackson-smile, application/*+json]
16:12:18.024 [reactor-http-nio-8] DEBUG o.s.w.s.a.HttpWebHandlerAdapter - [1404e797-30] HTTP GET "/person-response/flux"
16:12:18.025 [reactor-http-nio-8] DEBUG o.s.w.r.r.m.a.RequestMappingHandlerMapping - [1404e797-30] Mapped to org.springframework.web.reactive.result.method.annotation.RequestMappingMessageConversionIntegrationTests$PersonResponseBodyController#getFlux()
16:12:18.027 [reactor-http-nio-8] DEBUG o.s.w.r.r.m.a.ResponseBodyResultHandler - Using 'application/json' given [application/json] and supported [application/json, application/*+json, application/x-jackson-smile, application/*+x-jackson-smile, application/xml, text/xml, text/event-stream]
16:12:18.027 [reactor-http-nio-8] DEBUG o.s.w.r.r.m.a.ResponseBodyResultHandler - [1404e797-30] 0..N [org.springframework.web.reactive.result.method.annotation.RequestMappingMessageConversionIntegrationTests$Person]
16:12:18.027 [reactor-http-nio-8] DEBUG o.s.h.c.j.Jackson2JsonEncoder - [1404e797-30] Encoding [[Person{name='Robert'}, Person{name='Marie'}]]
16:12:18.029 [Test worker] DEBUG o.s.w.c.RestTemplate - Response 200 OK
16:12:18.030 [reactor-http-nio-8] DEBUG o.s.w.s.a.HttpWebHandlerAdapter - [1404e797-30] Completed 200 OK
16:12:18.030 [Test worker] DEBUG o.s.w.c.RestTemplate - Reading to [java.util.List<org.springframework.web.reactive.result.method.annotation.RequestMappingMessageConversionIntegrationTests$Person>]
16:12:18.031 [Test worker] DEBUG o.s.w.t.h.s.r.b.ReactorHttpServer - Stopping ReactorHttpServer...
16:12:18.031 [Test worker] DEBUG o.s.w.t.h.s.r.b.ReactorHttpServer - Server stopped (0 millis).
16:12:18.188 [Test worker] DEBUG o.s.w.r.r.m.a.RequestMappingHandlerMapping - 39 mappings in 'requestMappingHandlerMapping'
16:12:18.274 [Test worker] DEBUG o.s.w.r.r.m.a.ControllerMethodResolver - ControllerAdvice beans: none
16:12:18.355 [Test worker] DEBUG o.s.w.s.a.HttpWebHandlerAdapter - enableLoggingRequestDetails='false': form data and headers will be masked to prevent unsafe logging of potentially sensitive data
16:12:18.356 [Test worker] DEBUG o.s.w.t.h.s.r.b.TomcatHttpServer - Starting TomcatHttpServer...
16:12:18.372 [Test worker] DEBUG o.s.w.t.h.s.r.b.TomcatHttpServer - Server started on port 56154(0 millis).
16:12:18.373 [Test worker] DEBUG o.s.w.c.RestTemplate - HTTP GET http://localhost:56154/person-response/flux
16:12:18.373 [Test worker] DEBUG o.s.w.c.RestTemplate - Accept=[application/json, application/x-jackson-smile, application/*+json]
16:12:18.377 [http-nio-auto-30-exec-1] DEBUG o.s.w.s.a.HttpWebHandlerAdapter - [68198328] HTTP GET "/person-response/flux"
16:12:18.377 [http-nio-auto-30-exec-1] DEBUG o.s.w.r.r.m.a.RequestMappingHandlerMapping - [68198328] Mapped to org.springframework.web.reactive.result.method.annotation.RequestMappingMessageConversionIntegrationTests$PersonResponseBodyController#getFlux()
16:12:18.379 [http-nio-auto-30-exec-1] DEBUG o.s.w.r.r.m.a.ResponseBodyResultHandler - Using 'application/json' given [application/json] and supported [application/json, application/*+json, application/x-jackson-smile, application/*+x-jackson-smile, application/xml, text/xml, text/event-stream]
16:12:18.379 [http-nio-auto-30-exec-1] DEBUG o.s.w.r.r.m.a.ResponseBodyResultHandler - [68198328] 0..N [org.springframework.web.reactive.result.method.annotation.RequestMappingMessageConversionIntegrationTests$Person]
16:12:18.379 [http-nio-auto-30-exec-1] DEBUG o.s.h.c.j.Jackson2JsonEncoder - [68198328] Encoding [[Person{name='Robert'}, Person{name='Marie'}]]
16:12:18.380 [http-nio-auto-30-exec-1] DEBUG o.s.w.s.a.HttpWebHandlerAdapter - [68198328] Completed 200 OK
16:12:18.381 [Test worker] DEBUG o.s.w.c.RestTemplate - Response 200 OK
16:12:18.381 [Test worker] DEBUG o.s.w.c.RestTemplate - Reading to [java.util.List<org.springframework.web.reactive.result.method.annotation.RequestMappingMessageConversionIntegrationTests$Person>]
16:12:18.382 [Test worker] DEBUG o.s.w.t.h.s.r.b.TomcatHttpServer - Stopping TomcatHttpServer...
16:12:18.394 [Test worker] DEBUG o.s.w.t.h.s.r.b.TomcatHttpServer - Server stopped (0 millis).
16:12:18.652 [Test worker] DEBUG o.s.w.r.r.m.a.RequestMappingHandlerMapping - 39 mappings in 'requestMappingHandlerMapping'
16:12:18.715 [Test worker] DEBUG o.s.w.r.r.m.a.ControllerMethodResolver - ControllerAdvice beans: none
16:12:18.777 [Test worker] DEBUG o.s.w.s.a.HttpWebHandlerAdapter - enableLoggingRequestDetails='false': form data and headers will be masked to prevent unsafe logging of potentially sensitive data
16:12:18.777 [Test worker] DEBUG o.s.w.t.h.s.r.b.UndertowHttpServer - Starting UndertowHttpServer...
16:12:18.777 [Test worker] INFO  i.undertow - starting server: Undertow - 2.0.32.Final
16:12:18.783 [Test worker] DEBUG o.s.w.t.h.s.r.b.UndertowHttpServer - Server started on port 56159(0 millis).
16:12:18.783 [Test worker] DEBUG o.s.w.c.RestTemplate - HTTP GET http://localhost:56159/person-response/flux
16:12:18.784 [Test worker] DEBUG o.s.w.c.RestTemplate - Accept=[application/json, application/x-jackson-smile, application/*+json]
16:12:18.787 [XNIO-30 I/O-6] DEBUG o.s.w.s.a.HttpWebHandlerAdapter - [2ce97530] HTTP GET "/person-response/flux"
16:12:18.787 [XNIO-30 I/O-6] DEBUG o.s.w.r.r.m.a.RequestMappingHandlerMapping - [2ce97530] Mapped to org.springframework.web.reactive.result.method.annotation.RequestMappingMessageConversionIntegrationTests$PersonResponseBodyController#getFlux()
16:12:18.789 [XNIO-30 I/O-6] DEBUG o.s.w.r.r.m.a.ResponseBodyResultHandler - Using 'application/json' given [application/json] and supported [application/json, application/*+json, application/x-jackson-smile, application/*+x-jackson-smile, application/xml, text/xml, text/event-stream]
16:12:18.789 [XNIO-30 I/O-6] DEBUG o.s.w.r.r.m.a.ResponseBodyResultHandler - [2ce97530] 0..N [org.springframework.web.reactive.result.method.annotation.RequestMappingMessageConversionIntegrationTests$Person]
16:12:18.789 [XNIO-30 I/O-6] DEBUG o.s.h.c.j.Jackson2JsonEncoder - [2ce97530] Encoding [[Person{name='Robert'}, Person{name='Marie'}]]
16:12:18.790 [XNIO-30 I/O-6] DEBUG o.s.w.s.a.HttpWebHandlerAdapter - [2ce97530] Completed 200 OK
16:12:18.790 [Test worker] DEBUG o.s.w.c.RestTemplate - Response 200 OK
16:12:18.790 [Test worker] DEBUG o.s.w.c.RestTemplate - Reading to [java.util.List<org.springframework.web.reactive.result.method.annotation.RequestMappingMessageConversionIntegrationTests$Person>]
16:12:18.791 [Test worker] DEBUG o.s.w.t.h.s.r.b.UndertowHttpServer - Stopping UndertowHttpServer...
16:12:18.791 [Test worker] INFO  i.undertow - stopping server: Undertow - 2.0.32.Final
16:12:18.793 [Test worker] DEBUG o.s.w.t.h.s.r.b.UndertowHttpServer - Server stopped (0 millis).
16:12:18.957 [Test worker] DEBUG o.s.w.r.r.m.a.RequestMappingHandlerMapping - 39 mappings in 'requestMappingHandlerMapping'
16:12:19.043 [Test worker] DEBUG o.s.w.r.r.m.a.ControllerMethodResolver - ControllerAdvice beans: none
16:12:19.097 [Test worker] DEBUG o.s.w.s.a.HttpWebHandlerAdapter - enableLoggingRequestDetails='false': form data and headers will be masked to prevent unsafe logging of potentially sensitive data
16:12:19.118 [Test worker] WARN  o.e.j.s.h.ContextHandler - Empty contextPath
16:12:19.118 [Test worker] INFO  o.e.j.s.h.ContextHandler - Started o.e.j.s.ServletContextHandler@5a5390d4{/,null,AVAILABLE}
16:12:19.118 [Test worker] DEBUG o.s.w.t.h.s.r.b.JettyHttpServer - Starting JettyHttpServer...
16:12:19.118 [Test worker] INFO  o.e.j.s.Server - jetty-9.4.31.v20200723; built: 2020-07-23T17:57:36.812Z; git: 450ba27947e13e66baa8cd1ce7e85a4461cacc1d; jvm 1.8.0_201-b09
16:12:19.137 [Test worker] INFO  o.e.j.s.AbstractConnector - Started ServerConnector@6e00c2b5{HTTP/1.1, (http/1.1)}{0.0.0.0:56164}
16:12:19.137 [Test worker] INFO  o.e.j.s.Server - Started @106983ms
16:12:19.138 [Test worker] DEBUG o.s.w.t.h.s.r.b.JettyHttpServer - Server started on port 56164(0 millis).
16:12:19.138 [Test worker] DEBUG o.s.w.c.RestTemplate - HTTP GET http://localhost:56164/person-response/list
16:12:19.138 [Test worker] DEBUG o.s.w.c.RestTemplate - Accept=[application/json, application/x-jackson-smile, application/*+json]
16:12:19.141 [qtp389513987-1188] DEBUG o.s.w.s.a.HttpWebHandlerAdapter - [7bcf0eb8] HTTP GET "/person-response/list"
16:12:19.141 [qtp389513987-1188] DEBUG o.s.w.r.r.m.a.RequestMappingHandlerMapping - [7bcf0eb8] Mapped to org.springframework.web.reactive.result.method.annotation.RequestMappingMessageConversionIntegrationTests$PersonResponseBodyController#getList()
16:12:19.142 [qtp389513987-1188] DEBUG o.s.w.r.r.m.a.ResponseBodyResultHandler - Using 'application/json' given [application/json] and supported [application/json, application/*+json, application/x-jackson-smile, application/*+x-jackson-smile, text/event-stream]
16:12:19.142 [qtp389513987-1188] DEBUG o.s.w.r.r.m.a.ResponseBodyResultHandler - [7bcf0eb8] 0..1 [java.util.List<org.springframework.web.reactive.result.method.annotation.RequestMappingMessageConversionIntegrationTests$Person>]
16:12:19.143 [qtp389513987-1188] DEBUG o.s.h.c.j.Jackson2JsonEncoder - [7bcf0eb8] Encoding [[Person{name='Robert'}, Person{name='Marie'}]]
16:12:19.144 [qtp389513987-1188] DEBUG o.s.w.s.a.HttpWebHandlerAdapter - [7bcf0eb8] Completed 200 OK
16:12:19.144 [Test worker] DEBUG o.s.w.c.RestTemplate - Response 200 OK
16:12:19.144 [Test worker] DEBUG o.s.w.c.RestTemplate - Reading to [java.util.List<org.springframework.web.reactive.result.method.annotation.RequestMappingMessageConversionIntegrationTests$Person>]
16:12:19.146 [Test worker] DEBUG o.s.w.t.h.s.r.b.JettyHttpServer - Stopping JettyHttpServer...
16:12:19.147 [Test worker] INFO  o.e.j.s.h.ContextHandler - Stopped o.e.j.s.ServletContextHandler@5a5390d4{/,null,UNAVAILABLE}
16:12:19.148 [Test worker] INFO  o.e.j.s.AbstractConnector - Stopped ServerConnector@6e00c2b5{HTTP/1.1, (http/1.1)}{0.0.0.0:0}
16:12:19.159 [Test worker] DEBUG o.s.w.t.h.s.r.b.JettyHttpServer - Server stopped (0 millis).
16:12:19.328 [Test worker] DEBUG o.s.w.r.r.m.a.RequestMappingHandlerMapping - 39 mappings in 'requestMappingHandlerMapping'
16:12:19.413 [Test worker] DEBUG o.s.w.r.r.m.a.ControllerMethodResolver - ControllerAdvice beans: none
16:12:19.445 [Test worker] DEBUG o.s.w.s.a.HttpWebHandlerAdapter - enableLoggingRequestDetails='false': form data and headers will be masked to prevent unsafe logging of potentially sensitive data
16:12:19.445 [Test worker] DEBUG o.s.w.t.h.s.r.b.ReactorHttpServer - Starting ReactorHttpServer...
16:12:19.447 [Test worker] DEBUG o.s.w.t.h.s.r.b.ReactorHttpServer - Server started on port 56168(0 millis).
16:12:19.447 [Test worker] DEBUG o.s.w.c.RestTemplate - HTTP GET http://localhost:56168/person-response/list
16:12:19.447 [Test worker] DEBUG o.s.w.c.RestTemplate - Accept=[application/json, application/x-jackson-smile, application/*+json]
16:12:19.450 [reactor-http-nio-10] DEBUG o.s.w.s.a.HttpWebHandlerAdapter - [e3904611-31] HTTP GET "/person-response/list"
16:12:19.450 [reactor-http-nio-10] DEBUG o.s.w.r.r.m.a.RequestMappingHandlerMapping - [e3904611-31] Mapped to org.springframework.web.reactive.result.method.annotation.RequestMappingMessageConversionIntegrationTests$PersonResponseBodyController#getList()
16:12:19.451 [reactor-http-nio-10] DEBUG o.s.w.r.r.m.a.ResponseBodyResultHandler - Using 'application/json' given [application/json] and supported [application/json, application/*+json, application/x-jackson-smile, application/*+x-jackson-smile, text/event-stream]
16:12:19.451 [reactor-http-nio-10] DEBUG o.s.w.r.r.m.a.ResponseBodyResultHandler - [e3904611-31] 0..1 [java.util.List<org.springframework.web.reactive.result.method.annotation.RequestMappingMessageConversionIntegrationTests$Person>]
16:12:19.451 [reactor-http-nio-10] DEBUG o.s.h.c.j.Jackson2JsonEncoder - [e3904611-31] Encoding [[Person{name='Robert'}, Person{name='Marie'}]]
16:12:19.454 [reactor-http-nio-10] DEBUG o.s.w.s.a.HttpWebHandlerAdapter - [e3904611-31] Completed 200 OK
16:12:19.454 [Test worker] DEBUG o.s.w.c.RestTemplate - Response 200 OK
16:12:19.455 [Test worker] DEBUG o.s.w.c.RestTemplate - Reading to [java.util.List<org.springframework.web.reactive.result.method.annotation.RequestMappingMessageConversionIntegrationTests$Person>]
16:12:19.457 [Test worker] DEBUG o.s.w.t.h.s.r.b.ReactorHttpServer - Stopping ReactorHttpServer...
16:12:19.457 [Test worker] DEBUG o.s.w.t.h.s.r.b.ReactorHttpServer - Server stopped (0 millis).
16:12:19.685 [Test worker] DEBUG o.s.w.r.r.m.a.RequestMappingHandlerMapping - 39 mappings in 'requestMappingHandlerMapping'
16:12:19.764 [Test worker] DEBUG o.s.w.r.r.m.a.ControllerMethodResolver - ControllerAdvice beans: none
16:12:19.828 [Test worker] DEBUG o.s.w.s.a.HttpWebHandlerAdapter - enableLoggingRequestDetails='false': form data and headers will be masked to prevent unsafe logging of potentially sensitive data
16:12:19.829 [Test worker] DEBUG o.s.w.t.h.s.r.b.TomcatHttpServer - Starting TomcatHttpServer...
16:12:19.863 [Test worker] DEBUG o.s.w.t.h.s.r.b.TomcatHttpServer - Server started on port 56172(0 millis).
16:12:19.863 [Test worker] DEBUG o.s.w.c.RestTemplate - HTTP GET http://localhost:56172/person-response/list
16:12:19.863 [Test worker] DEBUG o.s.w.c.RestTemplate - Accept=[application/json, application/x-jackson-smile, application/*+json]
16:12:19.867 [http-nio-auto-31-exec-1] DEBUG o.s.w.s.a.HttpWebHandlerAdapter - [50c50fc] HTTP GET "/person-response/list"
16:12:19.868 [http-nio-auto-31-exec-1] DEBUG o.s.w.r.r.m.a.RequestMappingHandlerMapping - [50c50fc] Mapped to org.springframework.web.reactive.result.method.annotation.RequestMappingMessageConversionIntegrationTests$PersonResponseBodyController#getList()
16:12:19.869 [http-nio-auto-31-exec-1] DEBUG o.s.w.r.r.m.a.ResponseBodyResultHandler - Using 'application/json' given [application/json] and supported [application/json, application/*+json, application/x-jackson-smile, application/*+x-jackson-smile, text/event-stream]
16:12:19.869 [http-nio-auto-31-exec-1] DEBUG o.s.w.r.r.m.a.ResponseBodyResultHandler - [50c50fc] 0..1 [java.util.List<org.springframework.web.reactive.result.method.annotation.RequestMappingMessageConversionIntegrationTests$Person>]
16:12:19.869 [http-nio-auto-31-exec-1] DEBUG o.s.h.c.j.Jackson2JsonEncoder - [50c50fc] Encoding [[Person{name='Robert'}, Person{name='Marie'}]]
16:12:19.871 [http-nio-auto-31-exec-1] DEBUG o.s.w.s.a.HttpWebHandlerAdapter - [50c50fc] Completed 200 OK
16:12:19.871 [Test worker] DEBUG o.s.w.c.RestTemplate - Response 200 OK
16:12:19.872 [Test worker] DEBUG o.s.w.c.RestTemplate - Reading to [java.util.List<org.springframework.web.reactive.result.method.annotation.RequestMappingMessageConversionIntegrationTests$Person>]
16:12:19.873 [Test worker] DEBUG o.s.w.t.h.s.r.b.TomcatHttpServer - Stopping TomcatHttpServer...
16:12:19.885 [Test worker] DEBUG o.s.w.t.h.s.r.b.TomcatHttpServer - Server stopped (0 millis).
16:12:20.098 [Test worker] DEBUG o.s.w.r.r.m.a.RequestMappingHandlerMapping - 39 mappings in 'requestMappingHandlerMapping'
16:12:20.152 [Test worker] DEBUG o.s.w.r.r.m.a.ControllerMethodResolver - ControllerAdvice beans: none
16:12:20.212 [Test worker] DEBUG o.s.w.s.a.HttpWebHandlerAdapter - enableLoggingRequestDetails='false': form data and headers will be masked to prevent unsafe logging of potentially sensitive data
16:12:20.212 [Test worker] DEBUG o.s.w.t.h.s.r.b.UndertowHttpServer - Starting UndertowHttpServer...
16:12:20.212 [Test worker] INFO  i.undertow - starting server: Undertow - 2.0.32.Final
16:12:20.241 [Test worker] DEBUG o.s.w.t.h.s.r.b.UndertowHttpServer - Server started on port 56177(0 millis).
16:12:20.242 [Test worker] DEBUG o.s.w.c.RestTemplate - HTTP GET http://localhost:56177/person-response/list
16:12:20.242 [Test worker] DEBUG o.s.w.c.RestTemplate - Accept=[application/json, application/x-jackson-smile, application/*+json]
16:12:20.244 [XNIO-31 I/O-6] DEBUG o.s.w.s.a.HttpWebHandlerAdapter - [2894a990] HTTP GET "/person-response/list"
16:12:20.245 [XNIO-31 I/O-6] DEBUG o.s.w.r.r.m.a.RequestMappingHandlerMapping - [2894a990] Mapped to org.springframework.web.reactive.result.method.annotation.RequestMappingMessageConversionIntegrationTests$PersonResponseBodyController#getList()
16:12:20.246 [XNIO-31 I/O-6] DEBUG o.s.w.r.r.m.a.ResponseBodyResultHandler - Using 'application/json' given [application/json] and supported [application/json, application/*+json, application/x-jackson-smile, application/*+x-jackson-smile, text/event-stream]
16:12:20.246 [XNIO-31 I/O-6] DEBUG o.s.w.r.r.m.a.ResponseBodyResultHandler - [2894a990] 0..1 [java.util.List<org.springframework.web.reactive.result.method.annotation.RequestMappingMessageConversionIntegrationTests$Person>]
16:12:20.246 [XNIO-31 I/O-6] DEBUG o.s.h.c.j.Jackson2JsonEncoder - [2894a990] Encoding [[Person{name='Robert'}, Person{name='Marie'}]]
16:12:20.247 [XNIO-31 I/O-6] DEBUG o.s.w.s.a.HttpWebHandlerAdapter - [2894a990] Completed 200 OK
16:12:20.247 [Test worker] DEBUG o.s.w.c.RestTemplate - Response 200 OK
16:12:20.247 [Test worker] DEBUG o.s.w.c.RestTemplate - Reading to [java.util.List<org.springframework.web.reactive.result.method.annotation.RequestMappingMessageConversionIntegrationTests$Person>]
16:12:20.249 [Test worker] DEBUG o.s.w.t.h.s.r.b.UndertowHttpServer - Stopping UndertowHttpServer...
16:12:20.249 [Test worker] INFO  i.undertow - stopping server: Undertow - 2.0.32.Final
16:12:20.252 [Test worker] DEBUG o.s.w.t.h.s.r.b.UndertowHttpServer - Server stopped (0 millis).
16:12:20.406 [Test worker] DEBUG o.s.w.r.r.m.a.RequestMappingHandlerMapping - 39 mappings in 'requestMappingHandlerMapping'
16:12:20.466 [Test worker] DEBUG o.s.w.r.r.m.a.ControllerMethodResolver - ControllerAdvice beans: none
16:12:20.516 [Test worker] DEBUG o.s.w.s.a.HttpWebHandlerAdapter - enableLoggingRequestDetails='false': form data and headers will be masked to prevent unsafe logging of potentially sensitive data
16:12:20.517 [Test worker] WARN  o.e.j.s.h.ContextHandler - Empty contextPath
16:12:20.518 [Test worker] INFO  o.e.j.s.h.ContextHandler - Started o.e.j.s.ServletContextHandler@1aab9120{/,null,AVAILABLE}
16:12:20.518 [Test worker] DEBUG o.s.w.t.h.s.r.b.JettyHttpServer - Starting JettyHttpServer...
16:12:20.518 [Test worker] INFO  o.e.j.s.Server - jetty-9.4.31.v20200723; built: 2020-07-23T17:57:36.812Z; git: 450ba27947e13e66baa8cd1ce7e85a4461cacc1d; jvm 1.8.0_201-b09
16:12:20.525 [Test worker] INFO  o.e.j.s.AbstractConnector - Started ServerConnector@33f3885e{HTTP/1.1, (http/1.1)}{0.0.0.0:56182}
16:12:20.526 [Test worker] INFO  o.e.j.s.Server - Started @108371ms
16:12:20.526 [Test worker] DEBUG o.s.w.t.h.s.r.b.JettyHttpServer - Server started on port 56182(0 millis).
16:12:20.526 [Test worker] DEBUG o.s.w.c.RestTemplate - HTTP GET http://localhost:56182/person-response/mono
16:12:20.527 [Test worker] DEBUG o.s.w.c.RestTemplate - Accept=[application/xml, text/xml, application/json, application/x-jackson-smile, application/*+xml, application/*+json]
16:12:20.529 [qtp880306073-1226] DEBUG o.s.w.s.a.HttpWebHandlerAdapter - [6cc4b65d] HTTP GET "/person-response/mono"
16:12:20.530 [qtp880306073-1226] DEBUG o.s.w.r.r.m.a.RequestMappingHandlerMapping - [6cc4b65d] Mapped to org.springframework.web.reactive.result.method.annotation.RequestMappingMessageConversionIntegrationTests$PersonResponseBodyController#getMono()
16:12:20.532 [qtp880306073-1226] DEBUG o.s.w.r.r.m.a.ResponseBodyResultHandler - Using 'application/json' given [application/json] and supported [application/json, application/*+json, application/x-jackson-smile, application/*+x-jackson-smile, application/xml, text/xml, text/event-stream]
16:12:20.532 [qtp880306073-1226] DEBUG o.s.w.r.r.m.a.ResponseBodyResultHandler - [6cc4b65d] 0..1 [org.springframework.web.reactive.result.method.annotation.RequestMappingMessageConversionIntegrationTests$Person]
16:12:20.532 [qtp880306073-1226] DEBUG o.s.h.c.j.Jackson2JsonEncoder - [6cc4b65d] Encoding [Person{name='Robert'}]
16:12:20.533 [qtp880306073-1226] DEBUG o.s.w.s.a.HttpWebHandlerAdapter - [6cc4b65d] Completed 200 OK
16:12:20.533 [Test worker] DEBUG o.s.w.c.RestTemplate - Response 200 OK
16:12:20.533 [Test worker] DEBUG o.s.w.c.RestTemplate - Reading to [org.springframework.web.reactive.result.method.annotation.RequestMappingMessageConversionIntegrationTests$Person]
16:12:20.533 [Test worker] DEBUG o.s.w.t.h.s.r.b.JettyHttpServer - Stopping JettyHttpServer...
16:12:20.534 [Test worker] INFO  o.e.j.s.h.ContextHandler - Stopped o.e.j.s.ServletContextHandler@1aab9120{/,null,UNAVAILABLE}
16:12:20.535 [Test worker] INFO  o.e.j.s.AbstractConnector - Stopped ServerConnector@33f3885e{HTTP/1.1, (http/1.1)}{0.0.0.0:0}
16:12:20.546 [Test worker] DEBUG o.s.w.t.h.s.r.b.JettyHttpServer - Server stopped (0 millis).
16:12:20.711 [Test worker] DEBUG o.s.w.r.r.m.a.RequestMappingHandlerMapping - 39 mappings in 'requestMappingHandlerMapping'
16:12:20.764 [Test worker] DEBUG o.s.w.r.r.m.a.ControllerMethodResolver - ControllerAdvice beans: none
16:12:20.816 [Test worker] DEBUG o.s.w.s.a.HttpWebHandlerAdapter - enableLoggingRequestDetails='false': form data and headers will be masked to prevent unsafe logging of potentially sensitive data
16:12:20.817 [Test worker] DEBUG o.s.w.t.h.s.r.b.ReactorHttpServer - Starting ReactorHttpServer...
16:12:20.818 [Test worker] DEBUG o.s.w.t.h.s.r.b.ReactorHttpServer - Server started on port 56186(0 millis).
16:12:20.818 [Test worker] DEBUG o.s.w.c.RestTemplate - HTTP GET http://localhost:56186/person-response/mono
16:12:20.819 [Test worker] DEBUG o.s.w.c.RestTemplate - Accept=[application/xml, text/xml, application/json, application/x-jackson-smile, application/*+xml, application/*+json]
16:12:20.824 [reactor-http-nio-12] DEBUG o.s.w.s.a.HttpWebHandlerAdapter - [89f521a7-32] HTTP GET "/person-response/mono"
16:12:20.824 [reactor-http-nio-12] DEBUG o.s.w.r.r.m.a.RequestMappingHandlerMapping - [89f521a7-32] Mapped to org.springframework.web.reactive.result.method.annotation.RequestMappingMessageConversionIntegrationTests$PersonResponseBodyController#getMono()
16:12:20.826 [reactor-http-nio-12] DEBUG o.s.w.r.r.m.a.ResponseBodyResultHandler - Using 'application/json' given [application/json] and supported [application/json, application/*+json, application/x-jackson-smile, application/*+x-jackson-smile, application/xml, text/xml, text/event-stream]
16:12:20.826 [reactor-http-nio-12] DEBUG o.s.w.r.r.m.a.ResponseBodyResultHandler - [89f521a7-32] 0..1 [org.springframework.web.reactive.result.method.annotation.RequestMappingMessageConversionIntegrationTests$Person]
16:12:20.826 [reactor-http-nio-12] DEBUG o.s.h.c.j.Jackson2JsonEncoder - [89f521a7-32] Encoding [Person{name='Robert'}]
16:12:20.828 [reactor-http-nio-12] DEBUG o.s.w.s.a.HttpWebHandlerAdapter - [89f521a7-32] Completed 200 OK
16:12:20.828 [Test worker] DEBUG o.s.w.c.RestTemplate - Response 200 OK
16:12:20.829 [Test worker] DEBUG o.s.w.c.RestTemplate - Reading to [org.springframework.web.reactive.result.method.annotation.RequestMappingMessageConversionIntegrationTests$Person]
16:12:20.829 [Test worker] DEBUG o.s.w.t.h.s.r.b.ReactorHttpServer - Stopping ReactorHttpServer...
16:12:20.829 [Test worker] DEBUG o.s.w.t.h.s.r.b.ReactorHttpServer - Server stopped (0 millis).
16:12:21.007 [Test worker] DEBUG o.s.w.r.r.m.a.RequestMappingHandlerMapping - 39 mappings in 'requestMappingHandlerMapping'
16:12:21.109 [Test worker] DEBUG o.s.w.r.r.m.a.ControllerMethodResolver - ControllerAdvice beans: none
16:12:21.165 [Test worker] DEBUG o.s.w.s.a.HttpWebHandlerAdapter - enableLoggingRequestDetails='false': form data and headers will be masked to prevent unsafe logging of potentially sensitive data
16:12:21.166 [Test worker] DEBUG o.s.w.t.h.s.r.b.TomcatHttpServer - Starting TomcatHttpServer...
16:12:21.243 [Test worker] DEBUG o.s.w.t.h.s.r.b.TomcatHttpServer - Server started on port 56192(0 millis).
16:12:21.243 [Test worker] DEBUG o.s.w.c.RestTemplate - HTTP GET http://localhost:56192/person-response/mono
16:12:21.244 [Test worker] DEBUG o.s.w.c.RestTemplate - Accept=[application/xml, text/xml, application/json, application/x-jackson-smile, application/*+xml, application/*+json]
16:12:21.248 [http-nio-auto-32-exec-1] DEBUG o.s.w.s.a.HttpWebHandlerAdapter - [5665119b] HTTP GET "/person-response/mono"
16:12:21.248 [http-nio-auto-32-exec-1] DEBUG o.s.w.r.r.m.a.RequestMappingHandlerMapping - [5665119b] Mapped to org.springframework.web.reactive.result.method.annotation.RequestMappingMessageConversionIntegrationTests$PersonResponseBodyController#getMono()
16:12:21.251 [http-nio-auto-32-exec-1] DEBUG o.s.w.r.r.m.a.ResponseBodyResultHandler - Using 'application/json' given [application/json] and supported [application/json, application/*+json, application/x-jackson-smile, application/*+x-jackson-smile, application/xml, text/xml, text/event-stream]
16:12:21.251 [http-nio-auto-32-exec-1] DEBUG o.s.w.r.r.m.a.ResponseBodyResultHandler - [5665119b] 0..1 [org.springframework.web.reactive.result.method.annotation.RequestMappingMessageConversionIntegrationTests$Person]
16:12:21.251 [http-nio-auto-32-exec-1] DEBUG o.s.h.c.j.Jackson2JsonEncoder - [5665119b] Encoding [Person{name='Robert'}]
16:12:21.252 [http-nio-auto-32-exec-1] DEBUG o.s.w.s.a.HttpWebHandlerAdapter - [5665119b] Completed 200 OK
16:12:21.253 [Test worker] DEBUG o.s.w.c.RestTemplate - Response 200 OK
16:12:21.253 [Test worker] DEBUG o.s.w.c.RestTemplate - Reading to [org.springframework.web.reactive.result.method.annotation.RequestMappingMessageConversionIntegrationTests$Person]
16:12:21.254 [Test worker] DEBUG o.s.w.t.h.s.r.b.TomcatHttpServer - Stopping TomcatHttpServer...
16:12:21.271 [Test worker] DEBUG o.s.w.t.h.s.r.b.TomcatHttpServer - Server stopped (0 millis).
16:12:21.492 [Test worker] DEBUG o.s.w.r.r.m.a.RequestMappingHandlerMapping - 39 mappings in 'requestMappingHandlerMapping'
16:12:21.599 [Test worker] DEBUG o.s.w.r.r.m.a.ControllerMethodResolver - ControllerAdvice beans: none
16:12:21.650 [Test worker] DEBUG o.s.w.s.a.HttpWebHandlerAdapter - enableLoggingRequestDetails='false': form data and headers will be masked to prevent unsafe logging of potentially sensitive data
16:12:21.650 [Test worker] DEBUG o.s.w.t.h.s.r.b.UndertowHttpServer - Starting UndertowHttpServer...
16:12:21.650 [Test worker] INFO  i.undertow - starting server: Undertow - 2.0.32.Final
16:12:21.655 [Test worker] DEBUG o.s.w.t.h.s.r.b.UndertowHttpServer - Server started on port 56199(0 millis).
16:12:21.656 [Test worker] DEBUG o.s.w.c.RestTemplate - HTTP GET http://localhost:56199/person-response/mono
16:12:21.657 [Test worker] DEBUG o.s.w.c.RestTemplate - Accept=[application/xml, text/xml, application/json, application/x-jackson-smile, application/*+xml, application/*+json]
16:12:21.659 [XNIO-32 I/O-6] DEBUG o.s.w.s.a.HttpWebHandlerAdapter - [4c566f99] HTTP GET "/person-response/mono"
16:12:21.659 [XNIO-32 I/O-6] DEBUG o.s.w.r.r.m.a.RequestMappingHandlerMapping - [4c566f99] Mapped to org.springframework.web.reactive.result.method.annotation.RequestMappingMessageConversionIntegrationTests$PersonResponseBodyController#getMono()
16:12:21.661 [XNIO-32 I/O-6] DEBUG o.s.w.r.r.m.a.ResponseBodyResultHandler - Using 'application/json' given [application/json] and supported [application/json, application/*+json, application/x-jackson-smile, application/*+x-jackson-smile, application/xml, text/xml, text/event-stream]
16:12:21.661 [XNIO-32 I/O-6] DEBUG o.s.w.r.r.m.a.ResponseBodyResultHandler - [4c566f99] 0..1 [org.springframework.web.reactive.result.method.annotation.RequestMappingMessageConversionIntegrationTests$Person]
16:12:21.661 [XNIO-32 I/O-6] DEBUG o.s.h.c.j.Jackson2JsonEncoder - [4c566f99] Encoding [Person{name='Robert'}]
16:12:21.662 [XNIO-32 I/O-6] DEBUG o.s.w.s.a.HttpWebHandlerAdapter - [4c566f99] Completed 200 OK
16:12:21.662 [Test worker] DEBUG o.s.w.c.RestTemplate - Response 200 OK
16:12:21.663 [Test worker] DEBUG o.s.w.c.RestTemplate - Reading to [org.springframework.web.reactive.result.method.annotation.RequestMappingMessageConversionIntegrationTests$Person]
16:12:21.663 [Test worker] DEBUG o.s.w.t.h.s.r.b.UndertowHttpServer - Stopping UndertowHttpServer...
16:12:21.663 [Test worker] INFO  i.undertow - stopping server: Undertow - 2.0.32.Final
16:12:21.664 [Test worker] DEBUG o.s.w.t.h.s.r.b.UndertowHttpServer - Server stopped (0 millis).
16:12:21.884 [Test worker] DEBUG o.s.w.r.r.m.a.RequestMappingHandlerMapping - 39 mappings in 'requestMappingHandlerMapping'
16:12:21.951 [Test worker] DEBUG o.s.w.r.r.m.a.ControllerMethodResolver - ControllerAdvice beans: none
16:12:22.045 [Test worker] DEBUG o.s.w.s.a.HttpWebHandlerAdapter - enableLoggingRequestDetails='false': form data and headers will be masked to prevent unsafe logging of potentially sensitive data
16:12:22.046 [Test worker] WARN  o.e.j.s.h.ContextHandler - Empty contextPath
16:12:22.046 [Test worker] INFO  o.e.j.s.h.ContextHandler - Started o.e.j.s.ServletContextHandler@7d1e52b5{/,null,AVAILABLE}
16:12:22.046 [Test worker] DEBUG o.s.w.t.h.s.r.b.JettyHttpServer - Starting JettyHttpServer...
16:12:22.047 [Test worker] INFO  o.e.j.s.Server - jetty-9.4.31.v20200723; built: 2020-07-23T17:57:36.812Z; git: 450ba27947e13e66baa8cd1ce7e85a4461cacc1d; jvm 1.8.0_201-b09
16:12:22.060 [Test worker] INFO  o.e.j.s.AbstractConnector - Started ServerConnector@58f17893{HTTP/1.1, (http/1.1)}{0.0.0.0:56209}
16:12:22.060 [Test worker] INFO  o.e.j.s.Server - Started @109906ms
16:12:22.060 [Test worker] DEBUG o.s.w.t.h.s.r.b.JettyHttpServer - Server started on port 56209(0 millis).
16:12:22.060 [Test worker] DEBUG o.s.w.c.RestTemplate - HTTP POST http://localhost:56209/person-transform/observable
16:12:22.061 [Test worker] DEBUG o.s.w.c.RestTemplate - Accept=[application/json, application/x-jackson-smile, application/*+json]
16:12:22.061 [Test worker] DEBUG o.s.w.c.RestTemplate - Writing [[Person{name='Robert'}, Person{name='Marie'}]] as "application/json"
16:12:22.064 [qtp147923593-1264] DEBUG o.s.w.s.a.HttpWebHandlerAdapter - [b966683] HTTP POST "/person-transform/observable"
16:12:22.064 [qtp147923593-1264] DEBUG o.s.w.r.r.m.a.RequestMappingHandlerMapping - [b966683] Mapped to org.springframework.web.reactive.result.method.annotation.RequestMappingMessageConversionIntegrationTests$PersonTransformationController#transformObservable(Observable)
16:12:22.065 [qtp147923593-1264] DEBUG o.s.w.r.r.m.a.RequestBodyMethodArgumentResolver - [b966683] Content-Type:application/json;charset=UTF-8
16:12:22.065 [qtp147923593-1264] DEBUG o.s.w.r.r.m.a.RequestBodyMethodArgumentResolver - [b966683] 0..N [org.springframework.web.reactive.result.method.annotation.RequestMappingMessageConversionIntegrationTests$Person]
16:12:22.067 [qtp147923593-1264] DEBUG o.s.w.r.r.m.a.ResponseBodyResultHandler - Using 'application/json' given [application/json] and supported [application/json, application/*+json, application/x-jackson-smile, application/*+x-jackson-smile, application/xml, text/xml, text/event-stream]
16:12:22.067 [qtp147923593-1264] DEBUG o.s.w.r.r.m.a.ResponseBodyResultHandler - [b966683] 0..N [org.springframework.web.reactive.result.method.annotation.RequestMappingMessageConversionIntegrationTests$Person]
16:12:22.067 [qtp147923593-1264] DEBUG o.s.h.c.j.Jackson2JsonDecoder - [b966683] Decoded [Person{name='Robert'}]
16:12:22.067 [qtp147923593-1264] DEBUG o.s.h.c.j.Jackson2JsonDecoder - [b966683] Decoded [Person{name='Marie'}]
16:12:22.068 [qtp147923593-1264] DEBUG o.s.h.c.j.Jackson2JsonEncoder - [b966683] Encoding [[Person{name='ROBERT'}, Person{name='MARIE'}]]
16:12:22.068 [qtp147923593-1264] DEBUG o.s.w.s.a.HttpWebHandlerAdapter - [b966683] Completed 200 OK
16:12:22.068 [Test worker] DEBUG o.s.w.c.RestTemplate - Response 200 OK
16:12:22.069 [Test worker] DEBUG o.s.w.c.RestTemplate - Reading to [java.util.List<org.springframework.web.reactive.result.method.annotation.RequestMappingMessageConversionIntegrationTests$Person>]
16:12:22.070 [Test worker] DEBUG o.s.w.t.h.s.r.b.JettyHttpServer - Stopping JettyHttpServer...
16:12:22.070 [Test worker] INFO  o.e.j.s.h.ContextHandler - Stopped o.e.j.s.ServletContextHandler@7d1e52b5{/,null,UNAVAILABLE}
16:12:22.072 [Test worker] INFO  o.e.j.s.AbstractConnector - Stopped ServerConnector@58f17893{HTTP/1.1, (http/1.1)}{0.0.0.0:0}
16:12:22.083 [Test worker] DEBUG o.s.w.t.h.s.r.b.JettyHttpServer - Server stopped (0 millis).
16:12:22.251 [Test worker] DEBUG o.s.w.r.r.m.a.RequestMappingHandlerMapping - 39 mappings in 'requestMappingHandlerMapping'
16:12:22.337 [Test worker] DEBUG o.s.w.r.r.m.a.ControllerMethodResolver - ControllerAdvice beans: none
16:12:22.382 [Test worker] DEBUG o.s.w.s.a.HttpWebHandlerAdapter - enableLoggingRequestDetails='false': form data and headers will be masked to prevent unsafe logging of potentially sensitive data
16:12:22.382 [Test worker] DEBUG o.s.w.t.h.s.r.b.ReactorHttpServer - Starting ReactorHttpServer...
16:12:22.383 [Test worker] DEBUG o.s.w.t.h.s.r.b.ReactorHttpServer - Server started on port 56215(0 millis).
16:12:22.383 [Test worker] DEBUG o.s.w.c.RestTemplate - HTTP POST http://localhost:56215/person-transform/observable
16:12:22.384 [Test worker] DEBUG o.s.w.c.RestTemplate - Accept=[application/json, application/x-jackson-smile, application/*+json]
16:12:22.384 [Test worker] DEBUG o.s.w.c.RestTemplate - Writing [[Person{name='Robert'}, Person{name='Marie'}]] as "application/json"
16:12:22.387 [reactor-http-nio-2] DEBUG o.s.w.s.a.HttpWebHandlerAdapter - [e6acc637-33] HTTP POST "/person-transform/observable"
16:12:22.387 [reactor-http-nio-2] DEBUG o.s.w.r.r.m.a.RequestMappingHandlerMapping - [e6acc637-33] Mapped to org.springframework.web.reactive.result.method.annotation.RequestMappingMessageConversionIntegrationTests$PersonTransformationController#transformObservable(Observable)
16:12:22.388 [reactor-http-nio-2] DEBUG o.s.w.r.r.m.a.RequestBodyMethodArgumentResolver - [e6acc637-33] Content-Type:application/json
16:12:22.388 [reactor-http-nio-2] DEBUG o.s.w.r.r.m.a.RequestBodyMethodArgumentResolver - [e6acc637-33] 0..N [org.springframework.web.reactive.result.method.annotation.RequestMappingMessageConversionIntegrationTests$Person]
16:12:22.390 [reactor-http-nio-2] DEBUG o.s.w.r.r.m.a.ResponseBodyResultHandler - Using 'application/json' given [application/json] and supported [application/json, application/*+json, application/x-jackson-smile, application/*+x-jackson-smile, application/xml, text/xml, text/event-stream]
16:12:22.390 [reactor-http-nio-2] DEBUG o.s.w.r.r.m.a.ResponseBodyResultHandler - [e6acc637-33] 0..N [org.springframework.web.reactive.result.method.annotation.RequestMappingMessageConversionIntegrationTests$Person]
16:12:22.391 [reactor-http-nio-2] DEBUG o.s.h.c.j.Jackson2JsonDecoder - [e6acc637-33] Decoded [Person{name='Robert'}]
16:12:22.391 [reactor-http-nio-2] DEBUG o.s.h.c.j.Jackson2JsonDecoder - [e6acc637-33] Decoded [Person{name='Marie'}]
16:12:22.391 [reactor-http-nio-2] DEBUG o.s.h.c.j.Jackson2JsonEncoder - [e6acc637-33] Encoding [[Person{name='ROBERT'}, Person{name='MARIE'}]]
16:12:22.393 [Test worker] DEBUG o.s.w.c.RestTemplate - Response 200 OK
16:12:22.393 [reactor-http-nio-2] DEBUG o.s.w.s.a.HttpWebHandlerAdapter - [e6acc637-33] Completed 200 OK
16:12:22.393 [Test worker] DEBUG o.s.w.c.RestTemplate - Reading to [java.util.List<org.springframework.web.reactive.result.method.annotation.RequestMappingMessageConversionIntegrationTests$Person>]
16:12:22.395 [Test worker] DEBUG o.s.w.t.h.s.r.b.ReactorHttpServer - Stopping ReactorHttpServer...
16:12:22.395 [Test worker] DEBUG o.s.w.t.h.s.r.b.ReactorHttpServer - Server stopped (0 millis).
16:12:22.587 [Test worker] DEBUG o.s.w.r.r.m.a.RequestMappingHandlerMapping - 39 mappings in 'requestMappingHandlerMapping'
16:12:22.667 [Test worker] DEBUG o.s.w.r.r.m.a.ControllerMethodResolver - ControllerAdvice beans: none
16:12:22.735 [Test worker] DEBUG o.s.w.s.a.HttpWebHandlerAdapter - enableLoggingRequestDetails='false': form data and headers will be masked to prevent unsafe logging of potentially sensitive data
16:12:22.736 [Test worker] DEBUG o.s.w.t.h.s.r.b.TomcatHttpServer - Starting TomcatHttpServer...
16:12:22.774 [Test worker] DEBUG o.s.w.t.h.s.r.b.TomcatHttpServer - Server started on port 56221(0 millis).
16:12:22.775 [Test worker] DEBUG o.s.w.c.RestTemplate - HTTP POST http://localhost:56221/person-transform/observable
16:12:22.775 [Test worker] DEBUG o.s.w.c.RestTemplate - Accept=[application/json, application/x-jackson-smile, application/*+json]
16:12:22.775 [Test worker] DEBUG o.s.w.c.RestTemplate - Writing [[Person{name='Robert'}, Person{name='Marie'}]] as "application/json"
16:12:22.780 [http-nio-auto-33-exec-1] DEBUG o.s.w.s.a.HttpWebHandlerAdapter - [31ec51ac] HTTP POST "/person-transform/observable"
16:12:22.780 [http-nio-auto-33-exec-1] DEBUG o.s.w.r.r.m.a.RequestMappingHandlerMapping - [31ec51ac] Mapped to org.springframework.web.reactive.result.method.annotation.RequestMappingMessageConversionIntegrationTests$PersonTransformationController#transformObservable(Observable)
16:12:22.781 [http-nio-auto-33-exec-1] DEBUG o.s.w.r.r.m.a.RequestBodyMethodArgumentResolver - [31ec51ac] Content-Type:application/json
16:12:22.781 [http-nio-auto-33-exec-1] DEBUG o.s.w.r.r.m.a.RequestBodyMethodArgumentResolver - [31ec51ac] 0..N [org.springframework.web.reactive.result.method.annotation.RequestMappingMessageConversionIntegrationTests$Person]
16:12:22.782 [http-nio-auto-33-exec-1] DEBUG o.s.w.r.r.m.a.ResponseBodyResultHandler - Using 'application/json' given [application/json] and supported [application/json, application/*+json, application/x-jackson-smile, application/*+x-jackson-smile, application/xml, text/xml, text/event-stream]
16:12:22.782 [http-nio-auto-33-exec-1] DEBUG o.s.w.r.r.m.a.ResponseBodyResultHandler - [31ec51ac] 0..N [org.springframework.web.reactive.result.method.annotation.RequestMappingMessageConversionIntegrationTests$Person]
16:12:22.783 [http-nio-auto-33-exec-1] DEBUG o.s.h.c.j.Jackson2JsonDecoder - [31ec51ac] Decoded [Person{name='Robert'}]
16:12:22.783 [http-nio-auto-33-exec-1] DEBUG o.s.h.c.j.Jackson2JsonDecoder - [31ec51ac] Decoded [Person{name='Marie'}]
16:12:22.783 [http-nio-auto-33-exec-1] DEBUG o.s.h.c.j.Jackson2JsonEncoder - [31ec51ac] Encoding [[Person{name='ROBERT'}, Person{name='MARIE'}]]
16:12:22.784 [http-nio-auto-33-exec-1] DEBUG o.s.w.s.a.HttpWebHandlerAdapter - [31ec51ac] Completed 200 OK
16:12:22.784 [Test worker] DEBUG o.s.w.c.RestTemplate - Response 200 OK
16:12:22.785 [Test worker] DEBUG o.s.w.c.RestTemplate - Reading to [java.util.List<org.springframework.web.reactive.result.method.annotation.RequestMappingMessageConversionIntegrationTests$Person>]
16:12:22.786 [Test worker] DEBUG o.s.w.t.h.s.r.b.TomcatHttpServer - Stopping TomcatHttpServer...
16:12:22.802 [Test worker] DEBUG o.s.w.t.h.s.r.b.TomcatHttpServer - Server stopped (0 millis).
16:12:23.031 [Test worker] DEBUG o.s.w.r.r.m.a.RequestMappingHandlerMapping - 39 mappings in 'requestMappingHandlerMapping'
16:12:23.087 [Test worker] DEBUG o.s.w.r.r.m.a.ControllerMethodResolver - ControllerAdvice beans: none
16:12:23.175 [Test worker] DEBUG o.s.w.s.a.HttpWebHandlerAdapter - enableLoggingRequestDetails='false': form data and headers will be masked to prevent unsafe logging of potentially sensitive data
16:12:23.175 [Test worker] DEBUG o.s.w.t.h.s.r.b.UndertowHttpServer - Starting UndertowHttpServer...
16:12:23.175 [Test worker] INFO  i.undertow - starting server: Undertow - 2.0.32.Final
16:12:23.182 [Test worker] DEBUG o.s.w.t.h.s.r.b.UndertowHttpServer - Server started on port 56232(0 millis).
16:12:23.183 [Test worker] DEBUG o.s.w.c.RestTemplate - HTTP POST http://localhost:56232/person-transform/observable
16:12:23.183 [Test worker] DEBUG o.s.w.c.RestTemplate - Accept=[application/json, application/x-jackson-smile, application/*+json]
16:12:23.184 [Test worker] DEBUG o.s.w.c.RestTemplate - Writing [[Person{name='Robert'}, Person{name='Marie'}]] as "application/json"
16:12:23.187 [XNIO-33 I/O-7] DEBUG o.s.w.s.a.HttpWebHandlerAdapter - [620d6133] HTTP POST "/person-transform/observable"
16:12:23.187 [XNIO-33 I/O-7] DEBUG o.s.w.r.r.m.a.RequestMappingHandlerMapping - [620d6133] Mapped to org.springframework.web.reactive.result.method.annotation.RequestMappingMessageConversionIntegrationTests$PersonTransformationController#transformObservable(Observable)
16:12:23.188 [XNIO-33 I/O-7] DEBUG o.s.w.r.r.m.a.RequestBodyMethodArgumentResolver - [620d6133] Content-Type:application/json
16:12:23.189 [XNIO-33 I/O-7] DEBUG o.s.w.r.r.m.a.RequestBodyMethodArgumentResolver - [620d6133] 0..N [org.springframework.web.reactive.result.method.annotation.RequestMappingMessageConversionIntegrationTests$Person]
16:12:23.190 [XNIO-33 I/O-7] DEBUG o.s.w.r.r.m.a.ResponseBodyResultHandler - Using 'application/json' given [application/json] and supported [application/json, application/*+json, application/x-jackson-smile, application/*+x-jackson-smile, application/xml, text/xml, text/event-stream]
16:12:23.190 [XNIO-33 I/O-7] DEBUG o.s.w.r.r.m.a.ResponseBodyResultHandler - [620d6133] 0..N [org.springframework.web.reactive.result.method.annotation.RequestMappingMessageConversionIntegrationTests$Person]
16:12:23.191 [XNIO-33 I/O-7] DEBUG o.s.h.c.j.Jackson2JsonDecoder - [620d6133] Decoded [Person{name='Robert'}]
16:12:23.191 [XNIO-33 I/O-7] DEBUG o.s.h.c.j.Jackson2JsonDecoder - [620d6133] Decoded [Person{name='Marie'}]
16:12:23.191 [XNIO-33 I/O-7] DEBUG o.s.h.c.j.Jackson2JsonEncoder - [620d6133] Encoding [[Person{name='ROBERT'}, Person{name='MARIE'}]]
16:12:23.192 [XNIO-33 I/O-7] DEBUG o.s.w.s.a.HttpWebHandlerAdapter - [620d6133] Completed 200 OK
16:12:23.192 [Test worker] DEBUG o.s.w.c.RestTemplate - Response 200 OK
16:12:23.192 [Test worker] DEBUG o.s.w.c.RestTemplate - Reading to [java.util.List<org.springframework.web.reactive.result.method.annotation.RequestMappingMessageConversionIntegrationTests$Person>]
16:12:23.193 [Test worker] DEBUG o.s.w.t.h.s.r.b.UndertowHttpServer - Stopping UndertowHttpServer...
16:12:23.193 [Test worker] INFO  i.undertow - stopping server: Undertow - 2.0.32.Final
16:12:23.194 [Test worker] DEBUG o.s.w.t.h.s.r.b.UndertowHttpServer - Server stopped (0 millis).
16:12:23.337 [Test worker] DEBUG o.s.w.r.r.m.a.RequestMappingHandlerMapping - 39 mappings in 'requestMappingHandlerMapping'
16:12:23.451 [Test worker] DEBUG o.s.w.r.r.m.a.ControllerMethodResolver - ControllerAdvice beans: none
16:12:23.523 [Test worker] DEBUG o.s.w.s.a.HttpWebHandlerAdapter - enableLoggingRequestDetails='false': form data and headers will be masked to prevent unsafe logging of potentially sensitive data
16:12:23.524 [Test worker] WARN  o.e.j.s.h.ContextHandler - Empty contextPath
16:12:23.524 [Test worker] INFO  o.e.j.s.h.ContextHandler - Started o.e.j.s.ServletContextHandler@1ffce92a{/,null,AVAILABLE}
16:12:23.524 [Test worker] DEBUG o.s.w.t.h.s.r.b.JettyHttpServer - Starting JettyHttpServer...
16:12:23.524 [Test worker] INFO  o.e.j.s.Server - jetty-9.4.31.v20200723; built: 2020-07-23T17:57:36.812Z; git: 450ba27947e13e66baa8cd1ce7e85a4461cacc1d; jvm 1.8.0_201-b09
16:12:23.536 [Test worker] INFO  o.e.j.s.AbstractConnector - Started ServerConnector@4fa93786{HTTP/1.1, (http/1.1)}{0.0.0.0:56238}
16:12:23.536 [Test worker] INFO  o.e.j.s.Server - Started @111382ms
16:12:23.536 [Test worker] DEBUG o.s.w.t.h.s.r.b.JettyHttpServer - Server started on port 56238(0 millis).
16:12:23.537 [Test worker] DEBUG o.s.w.c.RestTemplate - HTTP POST http://localhost:56238/person-create/publisher
16:12:23.537 [Test worker] DEBUG o.s.w.c.RestTemplate - Accept=[application/json, application/x-jackson-smile, application/*+json]
16:12:23.538 [Test worker] DEBUG o.s.w.c.RestTemplate - Writing [[Person{name='Robert'}, Person{name='Marie'}]] as "application/json"
16:12:23.541 [qtp430158694-1302] DEBUG o.s.w.s.a.HttpWebHandlerAdapter - [5607267e] HTTP POST "/person-create/publisher"
16:12:23.542 [qtp430158694-1302] DEBUG o.s.w.r.r.m.a.RequestMappingHandlerMapping - [5607267e] Mapped to org.springframework.web.reactive.result.method.annotation.RequestMappingMessageConversionIntegrationTests$PersonCreateController#createWithPublisher(Publisher)
16:12:23.542 [qtp430158694-1302] DEBUG o.s.w.r.r.m.a.RequestBodyMethodArgumentResolver - [5607267e] Content-Type:application/json;charset=UTF-8
16:12:23.543 [qtp430158694-1302] DEBUG o.s.w.r.r.m.a.RequestBodyMethodArgumentResolver - [5607267e] 0..N [org.springframework.web.reactive.result.method.annotation.RequestMappingMessageConversionIntegrationTests$Person]
16:12:23.544 [qtp430158694-1302] DEBUG o.s.h.c.j.Jackson2JsonDecoder - [5607267e] Decoded [Person{name='Robert'}]
16:12:23.544 [qtp430158694-1302] DEBUG o.s.h.c.j.Jackson2JsonDecoder - [5607267e] Decoded [Person{name='Marie'}]
16:12:23.544 [qtp430158694-1302] DEBUG o.s.w.s.a.HttpWebHandlerAdapter - [5607267e] Completed 200 OK
16:12:23.544 [Test worker] DEBUG o.s.w.c.RestTemplate - Response 200 OK
16:12:23.545 [Test worker] DEBUG o.s.w.t.h.s.r.b.JettyHttpServer - Stopping JettyHttpServer...
16:12:23.545 [Test worker] INFO  o.e.j.s.h.ContextHandler - Stopped o.e.j.s.ServletContextHandler@1ffce92a{/,null,UNAVAILABLE}
16:12:23.546 [Test worker] INFO  o.e.j.s.AbstractConnector - Stopped ServerConnector@4fa93786{HTTP/1.1, (http/1.1)}{0.0.0.0:0}
16:12:23.557 [Test worker] DEBUG o.s.w.t.h.s.r.b.JettyHttpServer - Server stopped (0 millis).
16:12:23.762 [Test worker] DEBUG o.s.w.r.r.m.a.RequestMappingHandlerMapping - 39 mappings in 'requestMappingHandlerMapping'
16:12:23.841 [Test worker] DEBUG o.s.w.r.r.m.a.ControllerMethodResolver - ControllerAdvice beans: none
16:12:23.928 [Test worker] DEBUG o.s.w.s.a.HttpWebHandlerAdapter - enableLoggingRequestDetails='false': form data and headers will be masked to prevent unsafe logging of potentially sensitive data
16:12:23.928 [Test worker] DEBUG o.s.w.t.h.s.r.b.ReactorHttpServer - Starting ReactorHttpServer...
16:12:23.937 [Test worker] DEBUG o.s.w.t.h.s.r.b.ReactorHttpServer - Server started on port 56244(0 millis).
16:12:23.938 [Test worker] DEBUG o.s.w.c.RestTemplate - HTTP POST http://localhost:56244/person-create/publisher
16:12:23.940 [Test worker] DEBUG o.s.w.c.RestTemplate - Accept=[application/json, application/x-jackson-smile, application/*+json]
16:12:23.942 [Test worker] DEBUG o.s.w.c.RestTemplate - Writing [[Person{name='Robert'}, Person{name='Marie'}]] as "application/json"
16:12:23.946 [reactor-http-nio-4] DEBUG o.s.w.s.a.HttpWebHandlerAdapter - [d5dfeab8-34] HTTP POST "/person-create/publisher"
16:12:23.946 [reactor-http-nio-4] DEBUG o.s.w.r.r.m.a.RequestMappingHandlerMapping - [d5dfeab8-34] Mapped to org.springframework.web.reactive.result.method.annotation.RequestMappingMessageConversionIntegrationTests$PersonCreateController#createWithPublisher(Publisher)
16:12:23.947 [reactor-http-nio-4] DEBUG o.s.w.r.r.m.a.RequestBodyMethodArgumentResolver - [d5dfeab8-34] Content-Type:application/json
16:12:23.947 [reactor-http-nio-4] DEBUG o.s.w.r.r.m.a.RequestBodyMethodArgumentResolver - [d5dfeab8-34] 0..N [org.springframework.web.reactive.result.method.annotation.RequestMappingMessageConversionIntegrationTests$Person]
16:12:23.948 [reactor-http-nio-4] DEBUG o.s.h.c.j.Jackson2JsonDecoder - [d5dfeab8-34] Decoded [Person{name='Robert'}]
16:12:23.948 [reactor-http-nio-4] DEBUG o.s.h.c.j.Jackson2JsonDecoder - [d5dfeab8-34] Decoded [Person{name='Marie'}]
16:12:23.949 [reactor-http-nio-4] DEBUG o.s.w.s.a.HttpWebHandlerAdapter - [d5dfeab8-34] Completed 200 OK
16:12:23.950 [Test worker] DEBUG o.s.w.c.RestTemplate - Response 200 OK
16:12:23.950 [Test worker] DEBUG o.s.w.t.h.s.r.b.ReactorHttpServer - Stopping ReactorHttpServer...
16:12:23.950 [Test worker] DEBUG o.s.w.t.h.s.r.b.ReactorHttpServer - Server stopped (0 millis).
16:12:24.156 [Test worker] DEBUG o.s.w.r.r.m.a.RequestMappingHandlerMapping - 39 mappings in 'requestMappingHandlerMapping'
16:12:24.246 [Test worker] DEBUG o.s.w.r.r.m.a.ControllerMethodResolver - ControllerAdvice beans: none
16:12:24.305 [Test worker] DEBUG o.s.w.s.a.HttpWebHandlerAdapter - enableLoggingRequestDetails='false': form data and headers will be masked to prevent unsafe logging of potentially sensitive data
16:12:24.307 [Test worker] DEBUG o.s.w.t.h.s.r.b.TomcatHttpServer - Starting TomcatHttpServer...
16:12:24.316 [Test worker] DEBUG o.s.w.t.h.s.r.b.TomcatHttpServer - Server started on port 56251(0 millis).
16:12:24.317 [Test worker] DEBUG o.s.w.c.RestTemplate - HTTP POST http://localhost:56251/person-create/publisher
16:12:24.317 [Test worker] DEBUG o.s.w.c.RestTemplate - Accept=[application/json, application/x-jackson-smile, application/*+json]
16:12:24.317 [Test worker] DEBUG o.s.w.c.RestTemplate - Writing [[Person{name='Robert'}, Person{name='Marie'}]] as "application/json"
16:12:24.321 [http-nio-auto-34-exec-1] DEBUG o.s.w.s.a.HttpWebHandlerAdapter - [1d629085] HTTP POST "/person-create/publisher"
16:12:24.322 [http-nio-auto-34-exec-1] DEBUG o.s.w.r.r.m.a.RequestMappingHandlerMapping - [1d629085] Mapped to org.springframework.web.reactive.result.method.annotation.RequestMappingMessageConversionIntegrationTests$PersonCreateController#createWithPublisher(Publisher)
16:12:24.323 [http-nio-auto-34-exec-1] DEBUG o.s.w.r.r.m.a.RequestBodyMethodArgumentResolver - [1d629085] Content-Type:application/json
16:12:24.323 [http-nio-auto-34-exec-1] DEBUG o.s.w.r.r.m.a.RequestBodyMethodArgumentResolver - [1d629085] 0..N [org.springframework.web.reactive.result.method.annotation.RequestMappingMessageConversionIntegrationTests$Person]
16:12:24.324 [http-nio-auto-34-exec-1] DEBUG o.s.h.c.j.Jackson2JsonDecoder - [1d629085] Decoded [Person{name='Robert'}]
16:12:24.324 [http-nio-auto-34-exec-1] DEBUG o.s.h.c.j.Jackson2JsonDecoder - [1d629085] Decoded [Person{name='Marie'}]
16:12:24.325 [http-nio-auto-34-exec-1] DEBUG o.s.w.s.a.HttpWebHandlerAdapter - [1d629085] Completed 200 OK
16:12:24.325 [Test worker] DEBUG o.s.w.c.RestTemplate - Response 200 OK
16:12:24.326 [Test worker] DEBUG o.s.w.t.h.s.r.b.TomcatHttpServer - Stopping TomcatHttpServer...
16:12:24.379 [Test worker] DEBUG o.s.w.t.h.s.r.b.TomcatHttpServer - Server stopped (0 millis).
16:12:24.593 [Test worker] DEBUG o.s.w.r.r.m.a.RequestMappingHandlerMapping - 39 mappings in 'requestMappingHandlerMapping'
16:12:24.689 [Test worker] DEBUG o.s.w.r.r.m.a.ControllerMethodResolver - ControllerAdvice beans: none
16:12:24.763 [Test worker] DEBUG o.s.w.s.a.HttpWebHandlerAdapter - enableLoggingRequestDetails='false': form data and headers will be masked to prevent unsafe logging of potentially sensitive data
16:12:24.763 [Test worker] DEBUG o.s.w.t.h.s.r.b.UndertowHttpServer - Starting UndertowHttpServer...
16:12:24.763 [Test worker] INFO  i.undertow - starting server: Undertow - 2.0.32.Final
16:12:24.778 [Test worker] DEBUG o.s.w.t.h.s.r.b.UndertowHttpServer - Server started on port 56263(0 millis).
16:12:24.779 [Test worker] DEBUG o.s.w.c.RestTemplate - HTTP POST http://localhost:56263/person-create/publisher
16:12:24.779 [Test worker] DEBUG o.s.w.c.RestTemplate - Accept=[application/json, application/x-jackson-smile, application/*+json]
16:12:24.780 [Test worker] DEBUG o.s.w.c.RestTemplate - Writing [[Person{name='Robert'}, Person{name='Marie'}]] as "application/json"
16:12:24.782 [XNIO-34 I/O-6] DEBUG o.s.w.s.a.HttpWebHandlerAdapter - [31607315] HTTP POST "/person-create/publisher"
16:12:24.783 [XNIO-34 I/O-6] DEBUG o.s.w.r.r.m.a.RequestMappingHandlerMapping - [31607315] Mapped to org.springframework.web.reactive.result.method.annotation.RequestMappingMessageConversionIntegrationTests$PersonCreateController#createWithPublisher(Publisher)
16:12:24.783 [XNIO-34 I/O-6] DEBUG o.s.w.r.r.m.a.RequestBodyMethodArgumentResolver - [31607315] Content-Type:application/json
16:12:24.784 [XNIO-34 I/O-6] DEBUG o.s.w.r.r.m.a.RequestBodyMethodArgumentResolver - [31607315] 0..N [org.springframework.web.reactive.result.method.annotation.RequestMappingMessageConversionIntegrationTests$Person]
16:12:24.785 [XNIO-34 I/O-6] DEBUG o.s.h.c.j.Jackson2JsonDecoder - [31607315] Decoded [Person{name='Robert'}]
16:12:24.785 [XNIO-34 I/O-6] DEBUG o.s.h.c.j.Jackson2JsonDecoder - [31607315] Decoded [Person{name='Marie'}]
16:12:24.785 [XNIO-34 I/O-6] DEBUG o.s.w.s.a.HttpWebHandlerAdapter - [31607315] Completed 200 OK
16:12:24.786 [Test worker] DEBUG o.s.w.c.RestTemplate - Response 200 OK
16:12:24.786 [Test worker] DEBUG o.s.w.t.h.s.r.b.UndertowHttpServer - Stopping UndertowHttpServer...
16:12:24.786 [Test worker] INFO  i.undertow - stopping server: Undertow - 2.0.32.Final
16:12:24.788 [Test worker] DEBUG o.s.w.t.h.s.r.b.UndertowHttpServer - Server stopped (0 millis).
16:12:24.975 [Test worker] DEBUG o.s.w.r.r.m.a.RequestMappingHandlerMapping - 39 mappings in 'requestMappingHandlerMapping'
16:12:25.051 [Test worker] DEBUG o.s.w.r.r.m.a.ControllerMethodResolver - ControllerAdvice beans: none
16:12:25.104 [Test worker] DEBUG o.s.w.s.a.HttpWebHandlerAdapter - enableLoggingRequestDetails='false': form data and headers will be masked to prevent unsafe logging of potentially sensitive data
16:12:25.127 [Test worker] WARN  o.e.j.s.h.ContextHandler - Empty contextPath
16:12:25.128 [Test worker] INFO  o.e.j.s.h.ContextHandler - Started o.e.j.s.ServletContextHandler@3c7018fe{/,null,AVAILABLE}
16:12:25.128 [Test worker] DEBUG o.s.w.t.h.s.r.b.JettyHttpServer - Starting JettyHttpServer...
16:12:25.128 [Test worker] INFO  o.e.j.s.Server - jetty-9.4.31.v20200723; built: 2020-07-23T17:57:36.812Z; git: 450ba27947e13e66baa8cd1ce7e85a4461cacc1d; jvm 1.8.0_201-b09
16:12:25.145 [Test worker] INFO  o.e.j.s.AbstractConnector - Started ServerConnector@7ed1b699{HTTP/1.1, (http/1.1)}{0.0.0.0:56267}
16:12:25.146 [Test worker] INFO  o.e.j.s.Server - Started @112991ms
16:12:25.146 [Test worker] DEBUG o.s.w.t.h.s.r.b.JettyHttpServer - Server started on port 56267(0 millis).
16:12:25.146 [Test worker] DEBUG o.s.w.c.RestTemplate - HTTP GET http://localhost:56267/person-response/mono-empty
16:12:25.147 [Test worker] DEBUG o.s.w.c.RestTemplate - Accept=[application/xml, text/xml, application/json, application/x-jackson-smile, application/*+xml, application/*+json]
16:12:25.149 [qtp951630565-1340] DEBUG o.s.w.s.a.HttpWebHandlerAdapter - [5c9b63cb] HTTP GET "/person-response/mono-empty"
16:12:25.150 [qtp951630565-1340] DEBUG o.s.w.r.r.m.a.RequestMappingHandlerMapping - [5c9b63cb] Mapped to org.springframework.web.reactive.result.method.annotation.RequestMappingMessageConversionIntegrationTests$PersonResponseBodyController#getMonoEmpty()
16:12:25.151 [qtp951630565-1340] DEBUG o.s.w.r.r.m.a.ResponseBodyResultHandler - Using 'application/json' given [application/json] and supported [application/json, application/*+json, application/x-jackson-smile, application/*+x-jackson-smile, application/xml, text/xml, text/event-stream]
16:12:25.151 [qtp951630565-1340] DEBUG o.s.w.r.r.m.a.ResponseBodyResultHandler - [5c9b63cb] 0..1 [org.springframework.web.reactive.result.method.annotation.RequestMappingMessageConversionIntegrationTests$Person]
16:12:25.152 [qtp951630565-1340] DEBUG o.s.w.s.a.HttpWebHandlerAdapter - [5c9b63cb] Completed 200 OK
16:12:25.152 [Test worker] DEBUG o.s.w.c.RestTemplate - Response 200 OK
16:12:25.153 [Test worker] DEBUG o.s.w.c.RestTemplate - HTTP GET http://localhost:56267/person-response/mono-empty
16:12:25.153 [Test worker] DEBUG o.s.w.c.RestTemplate - Accept=[application/xml, text/xml, application/json, application/x-jackson-smile, application/*+xml, application/*+json]
16:12:25.156 [qtp951630565-1332] DEBUG o.s.w.s.a.HttpWebHandlerAdapter - [7cefe25a] HTTP GET "/person-response/mono-empty"
16:12:25.156 [qtp951630565-1332] DEBUG o.s.w.r.r.m.a.RequestMappingHandlerMapping - [7cefe25a] Mapped to org.springframework.web.reactive.result.method.annotation.RequestMappingMessageConversionIntegrationTests$PersonResponseBodyController#getMonoEmpty()
16:12:25.157 [qtp951630565-1332] DEBUG o.s.w.r.r.m.a.ResponseBodyResultHandler - Using 'application/json' given [application/json] and supported [application/json, application/*+json, application/x-jackson-smile, application/*+x-jackson-smile, application/xml, text/xml, text/event-stream]
16:12:25.157 [qtp951630565-1332] DEBUG o.s.w.r.r.m.a.ResponseBodyResultHandler - [7cefe25a] 0..1 [org.springframework.web.reactive.result.method.annotation.RequestMappingMessageConversionIntegrationTests$Person]
16:12:25.157 [qtp951630565-1332] DEBUG o.s.w.s.a.HttpWebHandlerAdapter - [7cefe25a] Completed 200 OK
16:12:25.158 [Test worker] DEBUG o.s.w.c.RestTemplate - Response 200 OK
16:12:25.159 [Test worker] DEBUG o.s.w.t.h.s.r.b.JettyHttpServer - Stopping JettyHttpServer...
16:12:25.159 [Test worker] INFO  o.e.j.s.h.ContextHandler - Stopped o.e.j.s.ServletContextHandler@3c7018fe{/,null,UNAVAILABLE}
16:12:25.161 [Test worker] INFO  o.e.j.s.AbstractConnector - Stopped ServerConnector@7ed1b699{HTTP/1.1, (http/1.1)}{0.0.0.0:0}
16:12:25.172 [Test worker] DEBUG o.s.w.t.h.s.r.b.JettyHttpServer - Server stopped (0 millis).
16:12:25.388 [Test worker] DEBUG o.s.w.r.r.m.a.RequestMappingHandlerMapping - 39 mappings in 'requestMappingHandlerMapping'
16:12:25.460 [Test worker] DEBUG o.s.w.r.r.m.a.ControllerMethodResolver - ControllerAdvice beans: none
16:12:25.523 [Test worker] DEBUG o.s.w.s.a.HttpWebHandlerAdapter - enableLoggingRequestDetails='false': form data and headers will be masked to prevent unsafe logging of potentially sensitive data
16:12:25.523 [Test worker] DEBUG o.s.w.t.h.s.r.b.ReactorHttpServer - Starting ReactorHttpServer...
16:12:25.525 [Test worker] DEBUG o.s.w.t.h.s.r.b.ReactorHttpServer - Server started on port 56274(0 millis).
16:12:25.526 [Test worker] DEBUG o.s.w.c.RestTemplate - HTTP GET http://localhost:56274/person-response/mono-empty
16:12:25.527 [Test worker] DEBUG o.s.w.c.RestTemplate - Accept=[application/xml, text/xml, application/json, application/x-jackson-smile, application/*+xml, application/*+json]
16:12:25.529 [reactor-http-nio-6] DEBUG o.s.w.s.a.HttpWebHandlerAdapter - [4ca81605-35] HTTP GET "/person-response/mono-empty"
16:12:25.529 [reactor-http-nio-6] DEBUG o.s.w.r.r.m.a.RequestMappingHandlerMapping - [4ca81605-35] Mapped to org.springframework.web.reactive.result.method.annotation.RequestMappingMessageConversionIntegrationTests$PersonResponseBodyController#getMonoEmpty()
16:12:25.531 [reactor-http-nio-6] DEBUG o.s.w.r.r.m.a.ResponseBodyResultHandler - Using 'application/json' given [application/json] and supported [application/json, application/*+json, application/x-jackson-smile, application/*+x-jackson-smile, application/xml, text/xml, text/event-stream]
16:12:25.531 [reactor-http-nio-6] DEBUG o.s.w.r.r.m.a.ResponseBodyResultHandler - [4ca81605-35] 0..1 [org.springframework.web.reactive.result.method.annotation.RequestMappingMessageConversionIntegrationTests$Person]
16:12:25.531 [reactor-http-nio-6] DEBUG o.s.w.s.a.HttpWebHandlerAdapter - [4ca81605-35] Completed 200 OK
16:12:25.533 [Test worker] DEBUG o.s.w.c.RestTemplate - Response 200 OK
16:12:25.533 [Test worker] DEBUG o.s.w.c.RestTemplate - HTTP GET http://localhost:56274/person-response/mono-empty
16:12:25.533 [Test worker] DEBUG o.s.w.c.RestTemplate - Accept=[application/xml, text/xml, application/json, application/x-jackson-smile, application/*+xml, application/*+json]
16:12:25.534 [reactor-http-nio-6] DEBUG o.s.w.s.a.HttpWebHandlerAdapter - [4ca81605-36] HTTP GET "/person-response/mono-empty"
16:12:25.534 [reactor-http-nio-6] DEBUG o.s.w.r.r.m.a.RequestMappingHandlerMapping - [4ca81605-36] Mapped to org.springframework.web.reactive.result.method.annotation.RequestMappingMessageConversionIntegrationTests$PersonResponseBodyController#getMonoEmpty()
16:12:25.535 [reactor-http-nio-6] DEBUG o.s.w.r.r.m.a.ResponseBodyResultHandler - Using 'application/json' given [application/json] and supported [application/json, application/*+json, application/x-jackson-smile, application/*+x-jackson-smile, application/xml, text/xml, text/event-stream]
16:12:25.535 [reactor-http-nio-6] DEBUG o.s.w.r.r.m.a.ResponseBodyResultHandler - [4ca81605-36] 0..1 [org.springframework.web.reactive.result.method.annotation.RequestMappingMessageConversionIntegrationTests$Person]
16:12:25.535 [reactor-http-nio-6] DEBUG o.s.w.s.a.HttpWebHandlerAdapter - [4ca81605-36] Completed 200 OK
16:12:25.536 [Test worker] DEBUG o.s.w.c.RestTemplate - Response 200 OK
16:12:25.537 [Test worker] DEBUG o.s.w.t.h.s.r.b.ReactorHttpServer - Stopping ReactorHttpServer...
16:12:25.537 [Test worker] DEBUG o.s.w.t.h.s.r.b.ReactorHttpServer - Server stopped (0 millis).
16:12:25.740 [Test worker] DEBUG o.s.w.r.r.m.a.RequestMappingHandlerMapping - 39 mappings in 'requestMappingHandlerMapping'
16:12:25.840 [Test worker] DEBUG o.s.w.r.r.m.a.ControllerMethodResolver - ControllerAdvice beans: none
16:12:25.898 [Test worker] DEBUG o.s.w.s.a.HttpWebHandlerAdapter - enableLoggingRequestDetails='false': form data and headers will be masked to prevent unsafe logging of potentially sensitive data
16:12:25.898 [Test worker] DEBUG o.s.w.t.h.s.r.b.TomcatHttpServer - Starting TomcatHttpServer...
16:12:25.911 [Test worker] DEBUG o.s.w.t.h.s.r.b.TomcatHttpServer - Server started on port 56280(0 millis).
16:12:25.911 [Test worker] DEBUG o.s.w.c.RestTemplate - HTTP GET http://localhost:56280/person-response/mono-empty
16:12:25.912 [Test worker] DEBUG o.s.w.c.RestTemplate - Accept=[application/xml, text/xml, application/json, application/x-jackson-smile, application/*+xml, application/*+json]
16:12:25.915 [http-nio-auto-35-exec-1] DEBUG o.s.w.s.a.HttpWebHandlerAdapter - [21176d23] HTTP GET "/person-response/mono-empty"
16:12:25.916 [http-nio-auto-35-exec-1] DEBUG o.s.w.r.r.m.a.RequestMappingHandlerMapping - [21176d23] Mapped to org.springframework.web.reactive.result.method.annotation.RequestMappingMessageConversionIntegrationTests$PersonResponseBodyController#getMonoEmpty()
16:12:25.917 [http-nio-auto-35-exec-1] DEBUG o.s.w.r.r.m.a.ResponseBodyResultHandler - Using 'application/json' given [application/json] and supported [application/json, application/*+json, application/x-jackson-smile, application/*+x-jackson-smile, application/xml, text/xml, text/event-stream]
16:12:25.917 [http-nio-auto-35-exec-1] DEBUG o.s.w.r.r.m.a.ResponseBodyResultHandler - [21176d23] 0..1 [org.springframework.web.reactive.result.method.annotation.RequestMappingMessageConversionIntegrationTests$Person]
16:12:25.918 [http-nio-auto-35-exec-1] DEBUG o.s.w.s.a.HttpWebHandlerAdapter - [21176d23] Completed 200 OK
16:12:25.918 [Test worker] DEBUG o.s.w.c.RestTemplate - Response 200 OK
16:12:25.919 [Test worker] DEBUG o.s.w.c.RestTemplate - HTTP GET http://localhost:56280/person-response/mono-empty
16:12:25.919 [Test worker] DEBUG o.s.w.c.RestTemplate - Accept=[application/xml, text/xml, application/json, application/x-jackson-smile, application/*+xml, application/*+json]
16:12:25.921 [http-nio-auto-35-exec-2] DEBUG o.s.w.s.a.HttpWebHandlerAdapter - [23bbfc28] HTTP GET "/person-response/mono-empty"
16:12:25.921 [http-nio-auto-35-exec-2] DEBUG o.s.w.r.r.m.a.RequestMappingHandlerMapping - [23bbfc28] Mapped to org.springframework.web.reactive.result.method.annotation.RequestMappingMessageConversionIntegrationTests$PersonResponseBodyController#getMonoEmpty()
16:12:25.922 [http-nio-auto-35-exec-2] DEBUG o.s.w.r.r.m.a.ResponseBodyResultHandler - Using 'application/json' given [application/json] and supported [application/json, application/*+json, application/x-jackson-smile, application/*+x-jackson-smile, application/xml, text/xml, text/event-stream]
16:12:25.922 [http-nio-auto-35-exec-2] DEBUG o.s.w.r.r.m.a.ResponseBodyResultHandler - [23bbfc28] 0..1 [org.springframework.web.reactive.result.method.annotation.RequestMappingMessageConversionIntegrationTests$Person]
16:12:25.923 [http-nio-auto-35-exec-2] DEBUG o.s.w.s.a.HttpWebHandlerAdapter - [23bbfc28] Completed 200 OK
16:12:25.923 [Test worker] DEBUG o.s.w.c.RestTemplate - Response 200 OK
16:12:25.924 [Test worker] DEBUG o.s.w.t.h.s.r.b.TomcatHttpServer - Stopping TomcatHttpServer...
16:12:25.941 [Test worker] DEBUG o.s.w.t.h.s.r.b.TomcatHttpServer - Server stopped (0 millis).
16:12:26.139 [Test worker] DEBUG o.s.w.r.r.m.a.RequestMappingHandlerMapping - 39 mappings in 'requestMappingHandlerMapping'
16:12:26.212 [Test worker] DEBUG o.s.w.r.r.m.a.ControllerMethodResolver - ControllerAdvice beans: none
16:12:26.318 [Test worker] DEBUG o.s.w.s.a.HttpWebHandlerAdapter - enableLoggingRequestDetails='false': form data and headers will be masked to prevent unsafe logging of potentially sensitive data
16:12:26.318 [Test worker] DEBUG o.s.w.t.h.s.r.b.UndertowHttpServer - Starting UndertowHttpServer...
16:12:26.319 [Test worker] INFO  i.undertow - starting server: Undertow - 2.0.32.Final
16:12:26.326 [Test worker] DEBUG o.s.w.t.h.s.r.b.UndertowHttpServer - Server started on port 56288(0 millis).
16:12:26.327 [Test worker] DEBUG o.s.w.c.RestTemplate - HTTP GET http://localhost:56288/person-response/mono-empty
16:12:26.328 [Test worker] DEBUG o.s.w.c.RestTemplate - Accept=[application/xml, text/xml, application/json, application/x-jackson-smile, application/*+xml, application/*+json]
16:12:26.330 [XNIO-35 I/O-6] DEBUG o.s.w.s.a.HttpWebHandlerAdapter - [44b78f7e] HTTP GET "/person-response/mono-empty"
16:12:26.330 [XNIO-35 I/O-6] DEBUG o.s.w.r.r.m.a.RequestMappingHandlerMapping - [44b78f7e] Mapped to org.springframework.web.reactive.result.method.annotation.RequestMappingMessageConversionIntegrationTests$PersonResponseBodyController#getMonoEmpty()
16:12:26.331 [XNIO-35 I/O-6] DEBUG o.s.w.r.r.m.a.ResponseBodyResultHandler - Using 'application/json' given [application/json] and supported [application/json, application/*+json, application/x-jackson-smile, application/*+x-jackson-smile, application/xml, text/xml, text/event-stream]
16:12:26.332 [XNIO-35 I/O-6] DEBUG o.s.w.r.r.m.a.ResponseBodyResultHandler - [44b78f7e] 0..1 [org.springframework.web.reactive.result.method.annotation.RequestMappingMessageConversionIntegrationTests$Person]
16:12:26.332 [XNIO-35 I/O-6] DEBUG o.s.w.s.a.HttpWebHandlerAdapter - [44b78f7e] Completed 200 OK
16:12:26.333 [Test worker] DEBUG o.s.w.c.RestTemplate - Response 200 OK
16:12:26.333 [Test worker] DEBUG o.s.w.c.RestTemplate - HTTP GET http://localhost:56288/person-response/mono-empty
16:12:26.333 [Test worker] DEBUG o.s.w.c.RestTemplate - Accept=[application/xml, text/xml, application/json, application/x-jackson-smile, application/*+xml, application/*+json]
16:12:26.334 [XNIO-35 I/O-6] DEBUG o.s.w.s.a.HttpWebHandlerAdapter - [44b78f7e] HTTP GET "/person-response/mono-empty"
16:12:26.335 [XNIO-35 I/O-6] DEBUG o.s.w.r.r.m.a.RequestMappingHandlerMapping - [44b78f7e] Mapped to org.springframework.web.reactive.result.method.annotation.RequestMappingMessageConversionIntegrationTests$PersonResponseBodyController#getMonoEmpty()
16:12:26.335 [XNIO-35 I/O-6] DEBUG o.s.w.r.r.m.a.ResponseBodyResultHandler - Using 'application/json' given [application/json] and supported [application/json, application/*+json, application/x-jackson-smile, application/*+x-jackson-smile, application/xml, text/xml, text/event-stream]
16:12:26.335 [XNIO-35 I/O-6] DEBUG o.s.w.r.r.m.a.ResponseBodyResultHandler - [44b78f7e] 0..1 [org.springframework.web.reactive.result.method.annotation.RequestMappingMessageConversionIntegrationTests$Person]
16:12:26.335 [XNIO-35 I/O-6] DEBUG o.s.w.s.a.HttpWebHandlerAdapter - [44b78f7e] Completed 200 OK
16:12:26.336 [Test worker] DEBUG o.s.w.c.RestTemplate - Response 200 OK
16:12:26.336 [Test worker] DEBUG o.s.w.t.h.s.r.b.UndertowHttpServer - Stopping UndertowHttpServer...
16:12:26.336 [Test worker] INFO  i.undertow - stopping server: Undertow - 2.0.32.Final
16:12:26.338 [Test worker] DEBUG o.s.w.t.h.s.r.b.UndertowHttpServer - Server stopped (0 millis).
16:12:26.490 [Test worker] DEBUG o.s.w.r.r.m.a.RequestMappingHandlerMapping - 39 mappings in 'requestMappingHandlerMapping'
16:12:26.565 [Test worker] DEBUG o.s.w.r.r.m.a.ControllerMethodResolver - ControllerAdvice beans: none
16:12:26.609 [Test worker] DEBUG o.s.w.s.a.HttpWebHandlerAdapter - enableLoggingRequestDetails='false': form data and headers will be masked to prevent unsafe logging of potentially sensitive data
16:12:26.609 [Test worker] WARN  o.e.j.s.h.ContextHandler - Empty contextPath
16:12:26.610 [Test worker] INFO  o.e.j.s.h.ContextHandler - Started o.e.j.s.ServletContextHandler@c216272{/,null,AVAILABLE}
16:12:26.610 [Test worker] DEBUG o.s.w.t.h.s.r.b.JettyHttpServer - Starting JettyHttpServer...
16:12:26.610 [Test worker] INFO  o.e.j.s.Server - jetty-9.4.31.v20200723; built: 2020-07-23T17:57:36.812Z; git: 450ba27947e13e66baa8cd1ce7e85a4461cacc1d; jvm 1.8.0_201-b09
16:12:26.628 [Test worker] INFO  o.e.j.s.AbstractConnector - Started ServerConnector@40ef8dfe{HTTP/1.1, (http/1.1)}{0.0.0.0:56292}
16:12:26.628 [Test worker] INFO  o.e.j.s.Server - Started @114474ms
16:12:26.628 [Test worker] DEBUG o.s.w.t.h.s.r.b.JettyHttpServer - Server started on port 56292(0 millis).
16:12:26.629 [Test worker] DEBUG o.s.w.c.RestTemplate - HTTP GET http://localhost:56292/person-response/single
16:12:26.630 [Test worker] DEBUG o.s.w.c.RestTemplate - Accept=[application/xml, text/xml, application/json, application/x-jackson-smile, application/*+xml, application/*+json]
16:12:26.632 [qtp982523921-1378] DEBUG o.s.w.s.a.HttpWebHandlerAdapter - [5593504b] HTTP GET "/person-response/single"
16:12:26.633 [qtp982523921-1378] DEBUG o.s.w.r.r.m.a.RequestMappingHandlerMapping - [5593504b] Mapped to org.springframework.web.reactive.result.method.annotation.RequestMappingMessageConversionIntegrationTests$PersonResponseBodyController#getSingle()
16:12:26.636 [qtp982523921-1378] DEBUG o.s.w.r.r.m.a.ResponseBodyResultHandler - Using 'application/json' given [application/json] and supported [application/json, application/*+json, application/x-jackson-smile, application/*+x-jackson-smile, application/xml, text/xml, text/event-stream]
16:12:26.636 [qtp982523921-1378] DEBUG o.s.w.r.r.m.a.ResponseBodyResultHandler - [5593504b] 0..1 [org.springframework.web.reactive.result.method.annotation.RequestMappingMessageConversionIntegrationTests$Person]
16:12:26.636 [qtp982523921-1378] DEBUG o.s.h.c.j.Jackson2JsonEncoder - [5593504b] Encoding [Person{name='Robert'}]
16:12:26.637 [qtp982523921-1378] DEBUG o.s.w.s.a.HttpWebHandlerAdapter - [5593504b] Completed 200 OK
16:12:26.637 [Test worker] DEBUG o.s.w.c.RestTemplate - Response 200 OK
16:12:26.637 [Test worker] DEBUG o.s.w.c.RestTemplate - Reading to [org.springframework.web.reactive.result.method.annotation.RequestMappingMessageConversionIntegrationTests$Person]
16:12:26.638 [Test worker] DEBUG o.s.w.t.h.s.r.b.JettyHttpServer - Stopping JettyHttpServer...
16:12:26.638 [Test worker] INFO  o.e.j.s.h.ContextHandler - Stopped o.e.j.s.ServletContextHandler@c216272{/,null,UNAVAILABLE}
16:12:26.640 [Test worker] INFO  o.e.j.s.AbstractConnector - Stopped ServerConnector@40ef8dfe{HTTP/1.1, (http/1.1)}{0.0.0.0:0}
16:12:26.651 [Test worker] DEBUG o.s.w.t.h.s.r.b.JettyHttpServer - Server stopped (0 millis).
16:12:26.795 [Test worker] DEBUG o.s.w.r.r.m.a.RequestMappingHandlerMapping - 39 mappings in 'requestMappingHandlerMapping'
16:12:26.883 [Test worker] DEBUG o.s.w.r.r.m.a.ControllerMethodResolver - ControllerAdvice beans: none
16:12:26.948 [Test worker] DEBUG o.s.w.s.a.HttpWebHandlerAdapter - enableLoggingRequestDetails='false': form data and headers will be masked to prevent unsafe logging of potentially sensitive data
16:12:26.948 [Test worker] DEBUG o.s.w.t.h.s.r.b.ReactorHttpServer - Starting ReactorHttpServer...
16:12:26.950 [Test worker] DEBUG o.s.w.t.h.s.r.b.ReactorHttpServer - Server started on port 56294(0 millis).
16:12:26.950 [Test worker] DEBUG o.s.w.c.RestTemplate - HTTP GET http://localhost:56294/person-response/single
16:12:26.951 [Test worker] DEBUG o.s.w.c.RestTemplate - Accept=[application/xml, text/xml, application/json, application/x-jackson-smile, application/*+xml, application/*+json]
16:12:26.953 [reactor-http-nio-8] DEBUG o.s.w.s.a.HttpWebHandlerAdapter - [feb7c680-37] HTTP GET "/person-response/single"
16:12:26.953 [reactor-http-nio-8] DEBUG o.s.w.r.r.m.a.RequestMappingHandlerMapping - [feb7c680-37] Mapped to org.springframework.web.reactive.result.method.annotation.RequestMappingMessageConversionIntegrationTests$PersonResponseBodyController#getSingle()
16:12:26.955 [reactor-http-nio-8] DEBUG o.s.w.r.r.m.a.ResponseBodyResultHandler - Using 'application/json' given [application/json] and supported [application/json, application/*+json, application/x-jackson-smile, application/*+x-jackson-smile, application/xml, text/xml, text/event-stream]
16:12:26.955 [reactor-http-nio-8] DEBUG o.s.w.r.r.m.a.ResponseBodyResultHandler - [feb7c680-37] 0..1 [org.springframework.web.reactive.result.method.annotation.RequestMappingMessageConversionIntegrationTests$Person]
16:12:26.955 [reactor-http-nio-8] DEBUG o.s.h.c.j.Jackson2JsonEncoder - [feb7c680-37] Encoding [Person{name='Robert'}]
16:12:26.957 [reactor-http-nio-8] DEBUG o.s.w.s.a.HttpWebHandlerAdapter - [feb7c680-37] Completed 200 OK
16:12:26.959 [Test worker] DEBUG o.s.w.c.RestTemplate - Response 200 OK
16:12:26.960 [Test worker] DEBUG o.s.w.c.RestTemplate - Reading to [org.springframework.web.reactive.result.method.annotation.RequestMappingMessageConversionIntegrationTests$Person]
16:12:26.960 [Test worker] DEBUG o.s.w.t.h.s.r.b.ReactorHttpServer - Stopping ReactorHttpServer...
16:12:26.960 [Test worker] DEBUG o.s.w.t.h.s.r.b.ReactorHttpServer - Server stopped (0 millis).
16:12:27.112 [Test worker] DEBUG o.s.w.r.r.m.a.RequestMappingHandlerMapping - 39 mappings in 'requestMappingHandlerMapping'
16:12:27.165 [Test worker] DEBUG o.s.w.r.r.m.a.ControllerMethodResolver - ControllerAdvice beans: none
16:12:27.233 [Test worker] DEBUG o.s.w.s.a.HttpWebHandlerAdapter - enableLoggingRequestDetails='false': form data and headers will be masked to prevent unsafe logging of potentially sensitive data
16:12:27.234 [Test worker] DEBUG o.s.w.t.h.s.r.b.TomcatHttpServer - Starting TomcatHttpServer...
16:12:27.246 [Test worker] DEBUG o.s.w.t.h.s.r.b.TomcatHttpServer - Server started on port 56296(0 millis).
16:12:27.247 [Test worker] DEBUG o.s.w.c.RestTemplate - HTTP GET http://localhost:56296/person-response/single
16:12:27.248 [Test worker] DEBUG o.s.w.c.RestTemplate - Accept=[application/xml, text/xml, application/json, application/x-jackson-smile, application/*+xml, application/*+json]
16:12:27.251 [http-nio-auto-36-exec-1] DEBUG o.s.w.s.a.HttpWebHandlerAdapter - [4ca276de] HTTP GET "/person-response/single"
16:12:27.251 [http-nio-auto-36-exec-1] DEBUG o.s.w.r.r.m.a.RequestMappingHandlerMapping - [4ca276de] Mapped to org.springframework.web.reactive.result.method.annotation.RequestMappingMessageConversionIntegrationTests$PersonResponseBodyController#getSingle()
16:12:27.253 [http-nio-auto-36-exec-1] DEBUG o.s.w.r.r.m.a.ResponseBodyResultHandler - Using 'application/json' given [application/json] and supported [application/json, application/*+json, application/x-jackson-smile, application/*+x-jackson-smile, application/xml, text/xml, text/event-stream]
16:12:27.253 [http-nio-auto-36-exec-1] DEBUG o.s.w.r.r.m.a.ResponseBodyResultHandler - [4ca276de] 0..1 [org.springframework.web.reactive.result.method.annotation.RequestMappingMessageConversionIntegrationTests$Person]
16:12:27.253 [http-nio-auto-36-exec-1] DEBUG o.s.h.c.j.Jackson2JsonEncoder - [4ca276de] Encoding [Person{name='Robert'}]
16:12:27.254 [http-nio-auto-36-exec-1] DEBUG o.s.w.s.a.HttpWebHandlerAdapter - [4ca276de] Completed 200 OK
16:12:27.254 [Test worker] DEBUG o.s.w.c.RestTemplate - Response 200 OK
16:12:27.254 [Test worker] DEBUG o.s.w.c.RestTemplate - Reading to [org.springframework.web.reactive.result.method.annotation.RequestMappingMessageConversionIntegrationTests$Person]
16:12:27.255 [Test worker] DEBUG o.s.w.t.h.s.r.b.TomcatHttpServer - Stopping TomcatHttpServer...
16:12:27.266 [Test worker] DEBUG o.s.w.t.h.s.r.b.TomcatHttpServer - Server stopped (0 millis).
16:12:27.454 [Test worker] DEBUG o.s.w.r.r.m.a.RequestMappingHandlerMapping - 39 mappings in 'requestMappingHandlerMapping'
16:12:27.522 [Test worker] DEBUG o.s.w.r.r.m.a.ControllerMethodResolver - ControllerAdvice beans: none
16:12:27.597 [Test worker] DEBUG o.s.w.s.a.HttpWebHandlerAdapter - enableLoggingRequestDetails='false': form data and headers will be masked to prevent unsafe logging of potentially sensitive data
16:12:27.597 [Test worker] DEBUG o.s.w.t.h.s.r.b.UndertowHttpServer - Starting UndertowHttpServer...
16:12:27.597 [Test worker] INFO  i.undertow - starting server: Undertow - 2.0.32.Final
16:12:27.614 [Test worker] DEBUG o.s.w.t.h.s.r.b.UndertowHttpServer - Server started on port 56305(0 millis).
16:12:27.615 [Test worker] DEBUG o.s.w.c.RestTemplate - HTTP GET http://localhost:56305/person-response/single
16:12:27.616 [Test worker] DEBUG o.s.w.c.RestTemplate - Accept=[application/xml, text/xml, application/json, application/x-jackson-smile, application/*+xml, application/*+json]
16:12:27.618 [XNIO-36 I/O-6] DEBUG o.s.w.s.a.HttpWebHandlerAdapter - [5fca3ba3] HTTP GET "/person-response/single"
16:12:27.618 [XNIO-36 I/O-6] DEBUG o.s.w.r.r.m.a.RequestMappingHandlerMapping - [5fca3ba3] Mapped to org.springframework.web.reactive.result.method.annotation.RequestMappingMessageConversionIntegrationTests$PersonResponseBodyController#getSingle()
16:12:27.620 [XNIO-36 I/O-6] DEBUG o.s.w.r.r.m.a.ResponseBodyResultHandler - Using 'application/json' given [application/json] and supported [application/json, application/*+json, application/x-jackson-smile, application/*+x-jackson-smile, application/xml, text/xml, text/event-stream]
16:12:27.620 [XNIO-36 I/O-6] DEBUG o.s.w.r.r.m.a.ResponseBodyResultHandler - [5fca3ba3] 0..1 [org.springframework.web.reactive.result.method.annotation.RequestMappingMessageConversionIntegrationTests$Person]
16:12:27.620 [XNIO-36 I/O-6] DEBUG o.s.h.c.j.Jackson2JsonEncoder - [5fca3ba3] Encoding [Person{name='Robert'}]
16:12:27.621 [XNIO-36 I/O-6] DEBUG o.s.w.s.a.HttpWebHandlerAdapter - [5fca3ba3] Completed 200 OK
16:12:27.621 [Test worker] DEBUG o.s.w.c.RestTemplate - Response 200 OK
16:12:27.621 [Test worker] DEBUG o.s.w.c.RestTemplate - Reading to [org.springframework.web.reactive.result.method.annotation.RequestMappingMessageConversionIntegrationTests$Person]
16:12:27.622 [Test worker] DEBUG o.s.w.t.h.s.r.b.UndertowHttpServer - Stopping UndertowHttpServer...
16:12:27.622 [Test worker] INFO  i.undertow - stopping server: Undertow - 2.0.32.Final
16:12:27.627 [Test worker] DEBUG o.s.w.t.h.s.r.b.UndertowHttpServer - Server stopped (0 millis).
16:12:27.821 [Test worker] DEBUG o.s.w.r.r.m.a.RequestMappingHandlerMapping - 39 mappings in 'requestMappingHandlerMapping'
16:12:27.901 [Test worker] DEBUG o.s.w.r.r.m.a.ControllerMethodResolver - ControllerAdvice beans: none
16:12:27.984 [Test worker] DEBUG o.s.w.s.a.HttpWebHandlerAdapter - enableLoggingRequestDetails='false': form data and headers will be masked to prevent unsafe logging of potentially sensitive data
16:12:27.984 [Test worker] WARN  o.e.j.s.h.ContextHandler - Empty contextPath
16:12:27.985 [Test worker] INFO  o.e.j.s.h.ContextHandler - Started o.e.j.s.ServletContextHandler@1d9660df{/,null,AVAILABLE}
16:12:27.985 [Test worker] DEBUG o.s.w.t.h.s.r.b.JettyHttpServer - Starting JettyHttpServer...
16:12:27.985 [Test worker] INFO  o.e.j.s.Server - jetty-9.4.31.v20200723; built: 2020-07-23T17:57:36.812Z; git: 450ba27947e13e66baa8cd1ce7e85a4461cacc1d; jvm 1.8.0_201-b09
16:12:28.006 [Test worker] INFO  o.e.j.s.AbstractConnector - Started ServerConnector@2c488d29{HTTP/1.1, (http/1.1)}{0.0.0.0:56328}
16:12:28.006 [Test worker] INFO  o.e.j.s.Server - Started @115852ms
16:12:28.006 [Test worker] DEBUG o.s.w.t.h.s.r.b.JettyHttpServer - Server started on port 56328(0 millis).
16:12:28.006 [Test worker] DEBUG o.s.w.c.RestTemplate - HTTP POST http://localhost:56328/23791
16:12:28.006 [Test worker] DEBUG o.s.w.c.RestTemplate - Accept=[text/plain, application/json, application/x-jackson-smile, application/*+json, */*]
16:12:28.007 [Test worker] DEBUG o.s.w.c.RestTemplate - Writing [Person{name='Robert'}] as "application/json"
16:12:28.012 [qtp787385119-1416] DEBUG o.s.w.s.a.HttpWebHandlerAdapter - [fce9b7b] HTTP POST "/23791"
16:12:28.012 [qtp787385119-1416] DEBUG o.s.w.r.r.m.a.RequestMappingHandlerMapping - [fce9b7b] Mapped to org.springframework.web.reactive.result.method.annotation.RequestMappingMessageConversionIntegrationTests$ConcreteController23791#test(Mono)
16:12:28.013 [qtp787385119-1416] DEBUG o.s.w.r.r.m.a.RequestBodyMethodArgumentResolver - [fce9b7b] Content-Type:application/json;charset=UTF-8
16:12:28.023 [qtp787385119-1416] DEBUG o.s.w.r.r.m.a.RequestBodyMethodArgumentResolver - [fce9b7b] 0..1 [org.springframework.web.reactive.result.method.annotation.RequestMappingMessageConversionIntegrationTests$Person]
16:12:28.024 [qtp787385119-1416] DEBUG o.s.w.r.r.m.a.ResponseBodyResultHandler - Using 'text/plain;charset=UTF-8' given [text/plain, application/json, application/x-jackson-smile, application/*+json, */*] and supported [text/plain;charset=UTF-8, text/event-stream, text/plain;charset=UTF-8, */*]
16:12:28.024 [qtp787385119-1416] DEBUG o.s.w.r.r.m.a.ResponseBodyResultHandler - [fce9b7b] 0..1 [java.lang.String]
16:12:28.025 [qtp787385119-1416] DEBUG o.s.h.c.j.Jackson2JsonDecoder - [fce9b7b] Decoded [Person{name='Robert'}]
16:12:28.026 [qtp787385119-1416] DEBUG o.s.c.c.CharSequenceEncoder - [fce9b7b] Writing "Person"
16:12:28.026 [qtp787385119-1416] DEBUG o.s.w.s.a.HttpWebHandlerAdapter - [fce9b7b] Completed 200 OK
16:12:28.028 [Test worker] DEBUG o.s.w.c.RestTemplate - Response 200 OK
16:12:28.028 [Test worker] DEBUG o.s.w.c.RestTemplate - Reading to [java.lang.String] as "text/plain;charset=utf-8"
16:12:28.028 [Test worker] DEBUG o.s.w.t.h.s.r.b.JettyHttpServer - Stopping JettyHttpServer...
16:12:28.029 [Test worker] INFO  o.e.j.s.h.ContextHandler - Stopped o.e.j.s.ServletContextHandler@1d9660df{/,null,UNAVAILABLE}
16:12:28.032 [Test worker] INFO  o.e.j.s.AbstractConnector - Stopped ServerConnector@2c488d29{HTTP/1.1, (http/1.1)}{0.0.0.0:0}
16:12:28.044 [Test worker] DEBUG o.s.w.t.h.s.r.b.JettyHttpServer - Server stopped (0 millis).
16:12:28.236 [Test worker] DEBUG o.s.w.r.r.m.a.RequestMappingHandlerMapping - 39 mappings in 'requestMappingHandlerMapping'
16:12:28.308 [Test worker] DEBUG o.s.w.r.r.m.a.ControllerMethodResolver - ControllerAdvice beans: none
16:12:28.365 [Test worker] DEBUG o.s.w.s.a.HttpWebHandlerAdapter - enableLoggingRequestDetails='false': form data and headers will be masked to prevent unsafe logging of potentially sensitive data
16:12:28.366 [Test worker] DEBUG o.s.w.t.h.s.r.b.ReactorHttpServer - Starting ReactorHttpServer...
16:12:28.369 [Test worker] DEBUG o.s.w.t.h.s.r.b.ReactorHttpServer - Server started on port 56346(0 millis).
16:12:28.369 [Test worker] DEBUG o.s.w.c.RestTemplate - HTTP POST http://localhost:56346/23791
16:12:28.370 [Test worker] DEBUG o.s.w.c.RestTemplate - Accept=[text/plain, application/json, application/x-jackson-smile, application/*+json, */*]
16:12:28.370 [Test worker] DEBUG o.s.w.c.RestTemplate - Writing [Person{name='Robert'}] as "application/json"
16:12:28.372 [reactor-http-nio-10] DEBUG o.s.w.s.a.HttpWebHandlerAdapter - [95a7bfee-38] HTTP POST "/23791"
16:12:28.373 [reactor-http-nio-10] DEBUG o.s.w.r.r.m.a.RequestMappingHandlerMapping - [95a7bfee-38] Mapped to org.springframework.web.reactive.result.method.annotation.RequestMappingMessageConversionIntegrationTests$ConcreteController23791#test(Mono)
16:12:28.373 [reactor-http-nio-10] DEBUG o.s.w.r.r.m.a.RequestBodyMethodArgumentResolver - [95a7bfee-38] Content-Type:application/json
16:12:28.374 [reactor-http-nio-10] DEBUG o.s.w.r.r.m.a.RequestBodyMethodArgumentResolver - [95a7bfee-38] 0..1 [org.springframework.web.reactive.result.method.annotation.RequestMappingMessageConversionIntegrationTests$Person]
16:12:28.375 [reactor-http-nio-10] DEBUG o.s.w.r.r.m.a.ResponseBodyResultHandler - Using 'text/plain;charset=UTF-8' given [text/plain, application/json, application/x-jackson-smile, application/*+json, */*] and supported [text/plain;charset=UTF-8, text/event-stream, text/plain;charset=UTF-8, */*]
16:12:28.375 [reactor-http-nio-10] DEBUG o.s.w.r.r.m.a.ResponseBodyResultHandler - [95a7bfee-38] 0..1 [java.lang.String]
16:12:28.376 [reactor-http-nio-10] DEBUG o.s.h.c.j.Jackson2JsonDecoder - [95a7bfee-38] Decoded [Person{name='Robert'}]
16:12:28.376 [reactor-http-nio-10] DEBUG o.s.c.c.CharSequenceEncoder - [95a7bfee-38] Writing "Person"
16:12:28.377 [reactor-http-nio-10] DEBUG o.s.w.s.a.HttpWebHandlerAdapter - [95a7bfee-38] Completed 200 OK
16:12:28.378 [Test worker] DEBUG o.s.w.c.RestTemplate - Response 200 OK
16:12:28.378 [Test worker] DEBUG o.s.w.c.RestTemplate - Reading to [java.lang.String] as "text/plain;charset=UTF-8"
16:12:28.379 [Test worker] DEBUG o.s.w.t.h.s.r.b.ReactorHttpServer - Stopping ReactorHttpServer...
16:12:28.379 [Test worker] DEBUG o.s.w.t.h.s.r.b.ReactorHttpServer - Server stopped (0 millis).
16:12:28.548 [Test worker] DEBUG o.s.w.r.r.m.a.RequestMappingHandlerMapping - 39 mappings in 'requestMappingHandlerMapping'
16:12:28.665 [Test worker] DEBUG o.s.w.r.r.m.a.ControllerMethodResolver - ControllerAdvice beans: none
16:12:28.687 [Test worker] DEBUG o.s.w.s.a.HttpWebHandlerAdapter - enableLoggingRequestDetails='false': form data and headers will be masked to prevent unsafe logging of potentially sensitive data
16:12:28.687 [Test worker] DEBUG o.s.w.t.h.s.r.b.TomcatHttpServer - Starting TomcatHttpServer...
16:12:28.752 [Test worker] DEBUG o.s.w.t.h.s.r.b.TomcatHttpServer - Server started on port 56368(0 millis).
16:12:28.752 [Test worker] DEBUG o.s.w.c.RestTemplate - HTTP POST http://localhost:56368/23791
16:12:28.753 [Test worker] DEBUG o.s.w.c.RestTemplate - Accept=[text/plain, application/json, application/x-jackson-smile, application/*+json, */*]
16:12:28.754 [Test worker] DEBUG o.s.w.c.RestTemplate - Writing [Person{name='Robert'}] as "application/json"
16:12:28.757 [http-nio-auto-37-exec-1] DEBUG o.s.w.s.a.HttpWebHandlerAdapter - [322be1f1] HTTP POST "/23791"
16:12:28.758 [http-nio-auto-37-exec-1] DEBUG o.s.w.r.r.m.a.RequestMappingHandlerMapping - [322be1f1] Mapped to org.springframework.web.reactive.result.method.annotation.RequestMappingMessageConversionIntegrationTests$ConcreteController23791#test(Mono)
16:12:28.758 [http-nio-auto-37-exec-1] DEBUG o.s.w.r.r.m.a.RequestBodyMethodArgumentResolver - [322be1f1] Content-Type:application/json
16:12:28.759 [http-nio-auto-37-exec-1] DEBUG o.s.w.r.r.m.a.RequestBodyMethodArgumentResolver - [322be1f1] 0..1 [org.springframework.web.reactive.result.method.annotation.RequestMappingMessageConversionIntegrationTests$Person]
16:12:28.760 [http-nio-auto-37-exec-1] DEBUG o.s.w.r.r.m.a.ResponseBodyResultHandler - Using 'text/plain;charset=UTF-8' given [text/plain, application/json, application/x-jackson-smile, application/*+json, */*] and supported [text/plain;charset=UTF-8, text/event-stream, text/plain;charset=UTF-8, */*]
16:12:28.760 [http-nio-auto-37-exec-1] DEBUG o.s.w.r.r.m.a.ResponseBodyResultHandler - [322be1f1] 0..1 [java.lang.String]
16:12:28.761 [http-nio-auto-37-exec-1] DEBUG o.s.h.c.j.Jackson2JsonDecoder - [322be1f1] Decoded [Person{name='Robert'}]
16:12:28.761 [http-nio-auto-37-exec-1] DEBUG o.s.c.c.CharSequenceEncoder - [322be1f1] Writing "Person"
16:12:28.762 [http-nio-auto-37-exec-1] DEBUG o.s.w.s.a.HttpWebHandlerAdapter - [322be1f1] Completed 200 OK
16:12:28.762 [Test worker] DEBUG o.s.w.c.RestTemplate - Response 200 OK
16:12:28.762 [Test worker] DEBUG o.s.w.c.RestTemplate - Reading to [java.lang.String] as "text/plain;charset=UTF-8"
16:12:28.763 [Test worker] DEBUG o.s.w.t.h.s.r.b.TomcatHttpServer - Stopping TomcatHttpServer...
16:12:28.772 [Test worker] DEBUG o.s.w.t.h.s.r.b.TomcatHttpServer - Server stopped (0 millis).
16:12:28.950 [Test worker] DEBUG o.s.w.r.r.m.a.RequestMappingHandlerMapping - 39 mappings in 'requestMappingHandlerMapping'
16:12:29.023 [Test worker] DEBUG o.s.w.r.r.m.a.ControllerMethodResolver - ControllerAdvice beans: none
16:12:29.089 [Test worker] DEBUG o.s.w.s.a.HttpWebHandlerAdapter - enableLoggingRequestDetails='false': form data and headers will be masked to prevent unsafe logging of potentially sensitive data
16:12:29.090 [Test worker] DEBUG o.s.w.t.h.s.r.b.UndertowHttpServer - Starting UndertowHttpServer...
16:12:29.090 [Test worker] INFO  i.undertow - starting server: Undertow - 2.0.32.Final
16:12:29.121 [Test worker] DEBUG o.s.w.t.h.s.r.b.UndertowHttpServer - Server started on port 56375(0 millis).
16:12:29.121 [Test worker] DEBUG o.s.w.c.RestTemplate - HTTP POST http://localhost:56375/23791
16:12:29.121 [Test worker] DEBUG o.s.w.c.RestTemplate - Accept=[text/plain, application/json, application/x-jackson-smile, application/*+json, */*]
16:12:29.122 [Test worker] DEBUG o.s.w.c.RestTemplate - Writing [Person{name='Robert'}] as "application/json"
16:12:29.124 [XNIO-37 I/O-6] DEBUG o.s.w.s.a.HttpWebHandlerAdapter - [1a46d300] HTTP POST "/23791"
16:12:29.124 [XNIO-37 I/O-6] DEBUG o.s.w.r.r.m.a.RequestMappingHandlerMapping - [1a46d300] Mapped to org.springframework.web.reactive.result.method.annotation.RequestMappingMessageConversionIntegrationTests$ConcreteController23791#test(Mono)
16:12:29.125 [XNIO-37 I/O-6] DEBUG o.s.w.r.r.m.a.RequestBodyMethodArgumentResolver - [1a46d300] Content-Type:application/json
16:12:29.126 [XNIO-37 I/O-6] DEBUG o.s.w.r.r.m.a.RequestBodyMethodArgumentResolver - [1a46d300] 0..1 [org.springframework.web.reactive.result.method.annotation.RequestMappingMessageConversionIntegrationTests$Person]
16:12:29.126 [XNIO-37 I/O-6] DEBUG o.s.w.r.r.m.a.ResponseBodyResultHandler - Using 'text/plain;charset=UTF-8' given [text/plain, application/json, application/x-jackson-smile, application/*+json, */*] and supported [text/plain;charset=UTF-8, text/event-stream, text/plain;charset=UTF-8, */*]
16:12:29.127 [XNIO-37 I/O-6] DEBUG o.s.w.r.r.m.a.ResponseBodyResultHandler - [1a46d300] 0..1 [java.lang.String]
16:12:29.128 [XNIO-37 I/O-6] DEBUG o.s.h.c.j.Jackson2JsonDecoder - [1a46d300] Decoded [Person{name='Robert'}]
16:12:29.128 [XNIO-37 I/O-6] DEBUG o.s.c.c.CharSequenceEncoder - [1a46d300] Writing "Person"
16:12:29.129 [XNIO-37 I/O-6] DEBUG o.s.w.s.a.HttpWebHandlerAdapter - [1a46d300] Completed 200 OK
16:12:29.130 [Test worker] DEBUG o.s.w.c.RestTemplate - Response 200 OK
16:12:29.130 [Test worker] DEBUG o.s.w.c.RestTemplate - Reading to [java.lang.String] as "text/plain;charset=UTF-8"
16:12:29.130 [Test worker] DEBUG o.s.w.t.h.s.r.b.UndertowHttpServer - Stopping UndertowHttpServer...
16:12:29.130 [Test worker] INFO  i.undertow - stopping server: Undertow - 2.0.32.Final
16:12:29.132 [Test worker] DEBUG o.s.w.t.h.s.r.b.UndertowHttpServer - Server stopped (0 millis).
16:12:29.281 [Test worker] DEBUG o.s.w.r.r.m.a.RequestMappingHandlerMapping - 39 mappings in 'requestMappingHandlerMapping'
16:12:29.347 [Test worker] DEBUG o.s.w.r.r.m.a.ControllerMethodResolver - ControllerAdvice beans: none
16:12:29.399 [Test worker] DEBUG o.s.w.s.a.HttpWebHandlerAdapter - enableLoggingRequestDetails='false': form data and headers will be masked to prevent unsafe logging of potentially sensitive data
16:12:29.400 [Test worker] WARN  o.e.j.s.h.ContextHandler - Empty contextPath
16:12:29.400 [Test worker] INFO  o.e.j.s.h.ContextHandler - Started o.e.j.s.ServletContextHandler@390b47aa{/,null,AVAILABLE}
16:12:29.400 [Test worker] DEBUG o.s.w.t.h.s.r.b.JettyHttpServer - Starting JettyHttpServer...
16:12:29.401 [Test worker] INFO  o.e.j.s.Server - jetty-9.4.31.v20200723; built: 2020-07-23T17:57:36.812Z; git: 450ba27947e13e66baa8cd1ce7e85a4461cacc1d; jvm 1.8.0_201-b09
16:12:29.404 [Test worker] INFO  o.e.j.s.AbstractConnector - Started ServerConnector@785f984{HTTP/1.1, (http/1.1)}{0.0.0.0:56379}
16:12:29.404 [Test worker] INFO  o.e.j.s.Server - Started @117250ms
16:12:29.404 [Test worker] DEBUG o.s.w.t.h.s.r.b.JettyHttpServer - Server started on port 56379(0 millis).
16:12:29.404 [Test worker] DEBUG o.s.w.c.RestTemplate - HTTP POST http://localhost:56379/person-create/flowable
16:12:29.405 [Test worker] DEBUG o.s.w.c.RestTemplate - Accept=[application/json, application/x-jackson-smile, application/*+json]
16:12:29.405 [Test worker] DEBUG o.s.w.c.RestTemplate - Writing [[Person{name='Robert'}, Person{name='Marie'}]] as "application/json"
16:12:29.408 [qtp749461702-1454] DEBUG o.s.w.s.a.HttpWebHandlerAdapter - [2b665ad4] HTTP POST "/person-create/flowable"
16:12:29.409 [qtp749461702-1454] DEBUG o.s.w.r.r.m.a.RequestMappingHandlerMapping - [2b665ad4] Mapped to org.springframework.web.reactive.result.method.annotation.RequestMappingMessageConversionIntegrationTests$PersonCreateController#createWithFlowable(Flowable)
16:12:29.410 [qtp749461702-1454] DEBUG o.s.w.r.r.m.a.RequestBodyMethodArgumentResolver - [2b665ad4] Content-Type:application/json;charset=UTF-8
16:12:29.410 [qtp749461702-1454] DEBUG o.s.w.r.r.m.a.RequestBodyMethodArgumentResolver - [2b665ad4] 0..N [org.springframework.web.reactive.result.method.annotation.RequestMappingMessageConversionIntegrationTests$Person]
16:12:29.411 [qtp749461702-1454] DEBUG o.s.h.c.j.Jackson2JsonDecoder - [2b665ad4] Decoded [Person{name='Robert'}]
16:12:29.411 [qtp749461702-1454] DEBUG o.s.h.c.j.Jackson2JsonDecoder - [2b665ad4] Decoded [Person{name='Marie'}]
16:12:29.411 [qtp749461702-1454] DEBUG o.s.w.s.a.HttpWebHandlerAdapter - [2b665ad4] Completed 200 OK
16:12:29.412 [Test worker] DEBUG o.s.w.c.RestTemplate - Response 200 OK
16:12:29.412 [Test worker] DEBUG o.s.w.t.h.s.r.b.JettyHttpServer - Stopping JettyHttpServer...
16:12:29.412 [Test worker] INFO  o.e.j.s.h.ContextHandler - Stopped o.e.j.s.ServletContextHandler@390b47aa{/,null,UNAVAILABLE}
16:12:29.414 [Test worker] INFO  o.e.j.s.AbstractConnector - Stopped ServerConnector@785f984{HTTP/1.1, (http/1.1)}{0.0.0.0:0}
16:12:29.424 [Test worker] DEBUG o.s.w.t.h.s.r.b.JettyHttpServer - Server stopped (0 millis).
16:12:29.551 [Test worker] DEBUG o.s.w.r.r.m.a.RequestMappingHandlerMapping - 39 mappings in 'requestMappingHandlerMapping'
16:12:29.622 [Test worker] DEBUG o.s.w.r.r.m.a.ControllerMethodResolver - ControllerAdvice beans: none
16:12:29.675 [Test worker] DEBUG o.s.w.s.a.HttpWebHandlerAdapter - enableLoggingRequestDetails='false': form data and headers will be masked to prevent unsafe logging of potentially sensitive data
16:12:29.675 [Test worker] DEBUG o.s.w.t.h.s.r.b.ReactorHttpServer - Starting ReactorHttpServer...
16:12:29.681 [Test worker] DEBUG o.s.w.t.h.s.r.b.ReactorHttpServer - Server started on port 56381(0 millis).
16:12:29.681 [Test worker] DEBUG o.s.w.c.RestTemplate - HTTP POST http://localhost:56381/person-create/flowable
16:12:29.681 [Test worker] DEBUG o.s.w.c.RestTemplate - Accept=[application/json, application/x-jackson-smile, application/*+json]
16:12:29.681 [Test worker] DEBUG o.s.w.c.RestTemplate - Writing [[Person{name='Robert'}, Person{name='Marie'}]] as "application/json"
16:12:29.686 [reactor-http-nio-12] DEBUG o.s.w.s.a.HttpWebHandlerAdapter - [baa1359e-39] HTTP POST "/person-create/flowable"
16:12:29.686 [reactor-http-nio-12] DEBUG o.s.w.r.r.m.a.RequestMappingHandlerMapping - [baa1359e-39] Mapped to org.springframework.web.reactive.result.method.annotation.RequestMappingMessageConversionIntegrationTests$PersonCreateController#createWithFlowable(Flowable)
16:12:29.687 [reactor-http-nio-12] DEBUG o.s.w.r.r.m.a.RequestBodyMethodArgumentResolver - [baa1359e-39] Content-Type:application/json
16:12:29.687 [reactor-http-nio-12] DEBUG o.s.w.r.r.m.a.RequestBodyMethodArgumentResolver - [baa1359e-39] 0..N [org.springframework.web.reactive.result.method.annotation.RequestMappingMessageConversionIntegrationTests$Person]
16:12:29.688 [reactor-http-nio-12] DEBUG o.s.h.c.j.Jackson2JsonDecoder - [baa1359e-39] Decoded [Person{name='Robert'}]
16:12:29.689 [reactor-http-nio-12] DEBUG o.s.h.c.j.Jackson2JsonDecoder - [baa1359e-39] Decoded [Person{name='Marie'}]
16:12:29.689 [reactor-http-nio-12] DEBUG o.s.w.s.a.HttpWebHandlerAdapter - [baa1359e-39] Completed 200 OK
16:12:29.690 [Test worker] DEBUG o.s.w.c.RestTemplate - Response 200 OK
16:12:29.691 [Test worker] DEBUG o.s.w.t.h.s.r.b.ReactorHttpServer - Stopping ReactorHttpServer...
16:12:29.691 [Test worker] DEBUG o.s.w.t.h.s.r.b.ReactorHttpServer - Server stopped (0 millis).
16:12:29.842 [Test worker] DEBUG o.s.w.r.r.m.a.RequestMappingHandlerMapping - 39 mappings in 'requestMappingHandlerMapping'
16:12:29.955 [Test worker] DEBUG o.s.w.r.r.m.a.ControllerMethodResolver - ControllerAdvice beans: none
16:12:30.001 [Test worker] DEBUG o.s.w.s.a.HttpWebHandlerAdapter - enableLoggingRequestDetails='false': form data and headers will be masked to prevent unsafe logging of potentially sensitive data
16:12:30.001 [Test worker] DEBUG o.s.w.t.h.s.r.b.TomcatHttpServer - Starting TomcatHttpServer...
16:12:30.031 [Test worker] DEBUG o.s.w.t.h.s.r.b.TomcatHttpServer - Server started on port 56385(0 millis).
16:12:30.031 [Test worker] DEBUG o.s.w.c.RestTemplate - HTTP POST http://localhost:56385/person-create/flowable
16:12:30.031 [Test worker] DEBUG o.s.w.c.RestTemplate - Accept=[application/json, application/x-jackson-smile, application/*+json]
16:12:30.031 [Test worker] DEBUG o.s.w.c.RestTemplate - Writing [[Person{name='Robert'}, Person{name='Marie'}]] as "application/json"
16:12:30.035 [http-nio-auto-38-exec-1] DEBUG o.s.w.s.a.HttpWebHandlerAdapter - [43bbb776] HTTP POST "/person-create/flowable"
16:12:30.035 [http-nio-auto-38-exec-1] DEBUG o.s.w.r.r.m.a.RequestMappingHandlerMapping - [43bbb776] Mapped to org.springframework.web.reactive.result.method.annotation.RequestMappingMessageConversionIntegrationTests$PersonCreateController#createWithFlowable(Flowable)
16:12:30.036 [http-nio-auto-38-exec-1] DEBUG o.s.w.r.r.m.a.RequestBodyMethodArgumentResolver - [43bbb776] Content-Type:application/json
16:12:30.036 [http-nio-auto-38-exec-1] DEBUG o.s.w.r.r.m.a.RequestBodyMethodArgumentResolver - [43bbb776] 0..N [org.springframework.web.reactive.result.method.annotation.RequestMappingMessageConversionIntegrationTests$Person]
16:12:30.037 [http-nio-auto-38-exec-1] DEBUG o.s.h.c.j.Jackson2JsonDecoder - [43bbb776] Decoded [Person{name='Robert'}]
16:12:30.037 [http-nio-auto-38-exec-1] DEBUG o.s.h.c.j.Jackson2JsonDecoder - [43bbb776] Decoded [Person{name='Marie'}]
16:12:30.037 [http-nio-auto-38-exec-1] DEBUG o.s.w.s.a.HttpWebHandlerAdapter - [43bbb776] Completed 200 OK
16:12:30.038 [Test worker] DEBUG o.s.w.c.RestTemplate - Response 200 OK
16:12:30.038 [Test worker] DEBUG o.s.w.t.h.s.r.b.TomcatHttpServer - Stopping TomcatHttpServer...
16:12:30.053 [Test worker] DEBUG o.s.w.t.h.s.r.b.TomcatHttpServer - Server stopped (0 millis).
16:12:30.254 [Test worker] DEBUG o.s.w.r.r.m.a.RequestMappingHandlerMapping - 39 mappings in 'requestMappingHandlerMapping'
16:12:30.354 [Test worker] DEBUG o.s.w.r.r.m.a.ControllerMethodResolver - ControllerAdvice beans: none
16:12:30.425 [Test worker] DEBUG o.s.w.s.a.HttpWebHandlerAdapter - enableLoggingRequestDetails='false': form data and headers will be masked to prevent unsafe logging of potentially sensitive data
16:12:30.425 [Test worker] DEBUG o.s.w.t.h.s.r.b.UndertowHttpServer - Starting UndertowHttpServer...
16:12:30.425 [Test worker] INFO  i.undertow - starting server: Undertow - 2.0.32.Final
16:12:30.431 [Test worker] DEBUG o.s.w.t.h.s.r.b.UndertowHttpServer - Server started on port 56392(0 millis).
16:12:30.431 [Test worker] DEBUG o.s.w.c.RestTemplate - HTTP POST http://localhost:56392/person-create/flowable
16:12:30.432 [Test worker] DEBUG o.s.w.c.RestTemplate - Accept=[application/json, application/x-jackson-smile, application/*+json]
16:12:30.432 [Test worker] DEBUG o.s.w.c.RestTemplate - Writing [[Person{name='Robert'}, Person{name='Marie'}]] as "application/json"
16:12:30.434 [XNIO-38 I/O-6] DEBUG o.s.w.s.a.HttpWebHandlerAdapter - [75e1c089] HTTP POST "/person-create/flowable"
16:12:30.435 [XNIO-38 I/O-6] DEBUG o.s.w.r.r.m.a.RequestMappingHandlerMapping - [75e1c089] Mapped to org.springframework.web.reactive.result.method.annotation.RequestMappingMessageConversionIntegrationTests$PersonCreateController#createWithFlowable(Flowable)
16:12:30.435 [XNIO-38 I/O-6] DEBUG o.s.w.r.r.m.a.RequestBodyMethodArgumentResolver - [75e1c089] Content-Type:application/json
16:12:30.436 [XNIO-38 I/O-6] DEBUG o.s.w.r.r.m.a.RequestBodyMethodArgumentResolver - [75e1c089] 0..N [org.springframework.web.reactive.result.method.annotation.RequestMappingMessageConversionIntegrationTests$Person]
16:12:30.437 [XNIO-38 I/O-6] DEBUG o.s.h.c.j.Jackson2JsonDecoder - [75e1c089] Decoded [Person{name='Robert'}]
16:12:30.437 [XNIO-38 I/O-6] DEBUG o.s.h.c.j.Jackson2JsonDecoder - [75e1c089] Decoded [Person{name='Marie'}]
16:12:30.437 [XNIO-38 I/O-6] DEBUG o.s.w.s.a.HttpWebHandlerAdapter - [75e1c089] Completed 200 OK
16:12:30.437 [Test worker] DEBUG o.s.w.c.RestTemplate - Response 200 OK
16:12:30.438 [Test worker] DEBUG o.s.w.t.h.s.r.b.UndertowHttpServer - Stopping UndertowHttpServer...
16:12:30.438 [Test worker] INFO  i.undertow - stopping server: Undertow - 2.0.32.Final
16:12:30.439 [Test worker] DEBUG o.s.w.t.h.s.r.b.UndertowHttpServer - Server stopped (0 millis).
16:12:30.626 [Test worker] DEBUG o.s.w.r.r.m.a.RequestMappingHandlerMapping - 39 mappings in 'requestMappingHandlerMapping'
16:12:30.722 [Test worker] DEBUG o.s.w.r.r.m.a.ControllerMethodResolver - ControllerAdvice beans: none
16:12:30.780 [Test worker] DEBUG o.s.w.s.a.HttpWebHandlerAdapter - enableLoggingRequestDetails='false': form data and headers will be masked to prevent unsafe logging of potentially sensitive data
16:12:30.806 [Test worker] WARN  o.e.j.s.h.ContextHandler - Empty contextPath
16:12:30.806 [Test worker] INFO  o.e.j.s.h.ContextHandler - Started o.e.j.s.ServletContextHandler@6e26fe76{/,null,AVAILABLE}
16:12:30.806 [Test worker] DEBUG o.s.w.t.h.s.r.b.JettyHttpServer - Starting JettyHttpServer...
16:12:30.806 [Test worker] INFO  o.e.j.s.Server - jetty-9.4.31.v20200723; built: 2020-07-23T17:57:36.812Z; git: 450ba27947e13e66baa8cd1ce7e85a4461cacc1d; jvm 1.8.0_201-b09
16:12:30.825 [Test worker] INFO  o.e.j.s.AbstractConnector - Started ServerConnector@61c7f181{HTTP/1.1, (http/1.1)}{0.0.0.0:56402}
16:12:30.826 [Test worker] INFO  o.e.j.s.Server - Started @118672ms
16:12:30.826 [Test worker] DEBUG o.s.w.t.h.s.r.b.JettyHttpServer - Server started on port 56402(0 millis).
16:12:30.826 [Test worker] DEBUG o.s.w.c.RestTemplate - HTTP POST http://localhost:56402/person-create/rxjava2-observable
16:12:30.826 [Test worker] DEBUG o.s.w.c.RestTemplate - Accept=[application/json, application/x-jackson-smile, application/*+json]
16:12:30.826 [Test worker] DEBUG o.s.w.c.RestTemplate - Writing [org.springframework.web.reactive.result.method.annotation.RequestMappingMessageConversionIntegrationTests$People@6fa0269b] as "application/xml"
16:12:30.835 [qtp783062218-1492] DEBUG o.s.w.s.a.HttpWebHandlerAdapter - [52dd35a4] HTTP POST "/person-create/rxjava2-observable"
16:12:30.835 [qtp783062218-1492] DEBUG o.s.w.r.r.m.a.RequestMappingHandlerMapping - [52dd35a4] Mapped to org.springframework.web.reactive.result.method.annotation.RequestMappingMessageConversionIntegrationTests$PersonCreateController#createWithRxJava2Observable(Observable)
16:12:30.836 [qtp783062218-1492] DEBUG o.s.w.r.r.m.a.RequestBodyMethodArgumentResolver - [52dd35a4] Content-Type:application/xml
16:12:30.836 [qtp783062218-1492] DEBUG o.s.w.r.r.m.a.RequestBodyMethodArgumentResolver - [52dd35a4] 0..N [org.springframework.web.reactive.result.method.annotation.RequestMappingMessageConversionIntegrationTests$Person]
16:12:30.840 [qtp783062218-1492] DEBUG o.s.h.c.x.Jaxb2XmlDecoder - [52dd35a4] Decoded [Person{name='Robert'}]
16:12:30.841 [qtp783062218-1492] DEBUG o.s.h.c.x.Jaxb2XmlDecoder - [52dd35a4] Decoded [Person{name='Marie'}]
16:12:30.841 [qtp783062218-1492] DEBUG o.s.w.s.a.HttpWebHandlerAdapter - [52dd35a4] Completed 200 OK
16:12:30.841 [Test worker] DEBUG o.s.w.c.RestTemplate - Response 200 OK
16:12:30.842 [Test worker] DEBUG o.s.w.t.h.s.r.b.JettyHttpServer - Stopping JettyHttpServer...
16:12:30.842 [Test worker] INFO  o.e.j.s.h.ContextHandler - Stopped o.e.j.s.ServletContextHandler@6e26fe76{/,null,UNAVAILABLE}
16:12:30.843 [Test worker] INFO  o.e.j.s.AbstractConnector - Stopped ServerConnector@61c7f181{HTTP/1.1, (http/1.1)}{0.0.0.0:0}
16:12:30.854 [Test worker] DEBUG o.s.w.t.h.s.r.b.JettyHttpServer - Server stopped (0 millis).
16:12:30.998 [Test worker] DEBUG o.s.w.r.r.m.a.RequestMappingHandlerMapping - 39 mappings in 'requestMappingHandlerMapping'
16:12:31.091 [Test worker] DEBUG o.s.w.r.r.m.a.ControllerMethodResolver - ControllerAdvice beans: none
16:12:31.166 [Test worker] DEBUG o.s.w.s.a.HttpWebHandlerAdapter - enableLoggingRequestDetails='false': form data and headers will be masked to prevent unsafe logging of potentially sensitive data
16:12:31.166 [Test worker] DEBUG o.s.w.t.h.s.r.b.ReactorHttpServer - Starting ReactorHttpServer...
16:12:31.169 [Test worker] DEBUG o.s.w.t.h.s.r.b.ReactorHttpServer - Server started on port 56413(0 millis).
16:12:31.182 [Test worker] DEBUG o.s.w.c.RestTemplate - HTTP POST http://localhost:56413/person-create/rxjava2-observable
16:12:31.182 [Test worker] DEBUG o.s.w.c.RestTemplate - Accept=[application/json, application/x-jackson-smile, application/*+json]
16:12:31.182 [Test worker] DEBUG o.s.w.c.RestTemplate - Writing [org.springframework.web.reactive.result.method.annotation.RequestMappingMessageConversionIntegrationTests$People@a8424ba] as "application/xml"
16:12:31.189 [reactor-http-nio-2] DEBUG o.s.w.s.a.HttpWebHandlerAdapter - [2e19c0bd-40] HTTP POST "/person-create/rxjava2-observable"
16:12:31.189 [reactor-http-nio-2] DEBUG o.s.w.r.r.m.a.RequestMappingHandlerMapping - [2e19c0bd-40] Mapped to org.springframework.web.reactive.result.method.annotation.RequestMappingMessageConversionIntegrationTests$PersonCreateController#createWithRxJava2Observable(Observable)
16:12:31.190 [reactor-http-nio-2] DEBUG o.s.w.r.r.m.a.RequestBodyMethodArgumentResolver - [2e19c0bd-40] Content-Type:application/xml
16:12:31.191 [reactor-http-nio-2] DEBUG o.s.w.r.r.m.a.RequestBodyMethodArgumentResolver - [2e19c0bd-40] 0..N [org.springframework.web.reactive.result.method.annotation.RequestMappingMessageConversionIntegrationTests$Person]
16:12:31.194 [reactor-http-nio-2] DEBUG o.s.h.c.x.Jaxb2XmlDecoder - [2e19c0bd-40] Decoded [Person{name='Robert'}]
16:12:31.195 [reactor-http-nio-2] DEBUG o.s.h.c.x.Jaxb2XmlDecoder - [2e19c0bd-40] Decoded [Person{name='Marie'}]
16:12:31.195 [reactor-http-nio-2] DEBUG o.s.w.s.a.HttpWebHandlerAdapter - [2e19c0bd-40] Completed 200 OK
16:12:31.196 [Test worker] DEBUG o.s.w.c.RestTemplate - Response 200 OK
16:12:31.196 [Test worker] DEBUG o.s.w.t.h.s.r.b.ReactorHttpServer - Stopping ReactorHttpServer...
16:12:31.197 [Test worker] DEBUG o.s.w.t.h.s.r.b.ReactorHttpServer - Server stopped (0 millis).
16:12:31.379 [Test worker] DEBUG o.s.w.r.r.m.a.RequestMappingHandlerMapping - 39 mappings in 'requestMappingHandlerMapping'
16:12:31.452 [Test worker] DEBUG o.s.w.r.r.m.a.ControllerMethodResolver - ControllerAdvice beans: none
16:12:31.509 [Test worker] DEBUG o.s.w.s.a.HttpWebHandlerAdapter - enableLoggingRequestDetails='false': form data and headers will be masked to prevent unsafe logging of potentially sensitive data
16:12:31.510 [Test worker] DEBUG o.s.w.t.h.s.r.b.TomcatHttpServer - Starting TomcatHttpServer...
16:12:31.520 [Test worker] DEBUG o.s.w.t.h.s.r.b.TomcatHttpServer - Server started on port 56425(0 millis).
16:12:31.521 [Test worker] DEBUG o.s.w.c.RestTemplate - HTTP POST http://localhost:56425/person-create/rxjava2-observable
16:12:31.521 [Test worker] DEBUG o.s.w.c.RestTemplate - Accept=[application/json, application/x-jackson-smile, application/*+json]
16:12:31.521 [Test worker] DEBUG o.s.w.c.RestTemplate - Writing [org.springframework.web.reactive.result.method.annotation.RequestMappingMessageConversionIntegrationTests$People@26fba66e] as "application/xml"
16:12:31.529 [http-nio-auto-39-exec-1] DEBUG o.s.w.s.a.HttpWebHandlerAdapter - [c5f3bcd] HTTP POST "/person-create/rxjava2-observable"
16:12:31.529 [http-nio-auto-39-exec-1] DEBUG o.s.w.r.r.m.a.RequestMappingHandlerMapping - [c5f3bcd] Mapped to org.springframework.web.reactive.result.method.annotation.RequestMappingMessageConversionIntegrationTests$PersonCreateController#createWithRxJava2Observable(Observable)
16:12:31.530 [http-nio-auto-39-exec-1] DEBUG o.s.w.r.r.m.a.RequestBodyMethodArgumentResolver - [c5f3bcd] Content-Type:application/xml
16:12:31.531 [http-nio-auto-39-exec-1] DEBUG o.s.w.r.r.m.a.RequestBodyMethodArgumentResolver - [c5f3bcd] 0..N [org.springframework.web.reactive.result.method.annotation.RequestMappingMessageConversionIntegrationTests$Person]
16:12:31.536 [http-nio-auto-39-exec-1] DEBUG o.s.h.c.x.Jaxb2XmlDecoder - [c5f3bcd] Decoded [Person{name='Robert'}]
16:12:31.536 [http-nio-auto-39-exec-1] DEBUG o.s.h.c.x.Jaxb2XmlDecoder - [c5f3bcd] Decoded [Person{name='Marie'}]
16:12:31.536 [http-nio-auto-39-exec-1] DEBUG o.s.w.s.a.HttpWebHandlerAdapter - [c5f3bcd] Completed 200 OK
16:12:31.537 [Test worker] DEBUG o.s.w.c.RestTemplate - Response 200 OK
16:12:31.538 [Test worker] DEBUG o.s.w.t.h.s.r.b.TomcatHttpServer - Stopping TomcatHttpServer...
16:12:31.547 [Test worker] DEBUG o.s.w.t.h.s.r.b.TomcatHttpServer - Server stopped (0 millis).
16:12:31.765 [Test worker] DEBUG o.s.w.r.r.m.a.RequestMappingHandlerMapping - 39 mappings in 'requestMappingHandlerMapping'
16:12:31.838 [Test worker] DEBUG o.s.w.r.r.m.a.ControllerMethodResolver - ControllerAdvice beans: none
16:12:31.907 [Test worker] DEBUG o.s.w.s.a.HttpWebHandlerAdapter - enableLoggingRequestDetails='false': form data and headers will be masked to prevent unsafe logging of potentially sensitive data
16:12:31.907 [Test worker] DEBUG o.s.w.t.h.s.r.b.UndertowHttpServer - Starting UndertowHttpServer...
16:12:31.907 [Test worker] INFO  i.undertow - starting server: Undertow - 2.0.32.Final
16:12:31.917 [Test worker] DEBUG o.s.w.t.h.s.r.b.UndertowHttpServer - Server started on port 56428(0 millis).
16:12:31.917 [Test worker] DEBUG o.s.w.c.RestTemplate - HTTP POST http://localhost:56428/person-create/rxjava2-observable
16:12:31.917 [Test worker] DEBUG o.s.w.c.RestTemplate - Accept=[application/json, application/x-jackson-smile, application/*+json]
16:12:31.918 [Test worker] DEBUG o.s.w.c.RestTemplate - Writing [org.springframework.web.reactive.result.method.annotation.RequestMappingMessageConversionIntegrationTests$People@1ca7a990] as "application/xml"
16:12:31.923 [XNIO-39 I/O-6] DEBUG o.s.w.s.a.HttpWebHandlerAdapter - [a055e7f] HTTP POST "/person-create/rxjava2-observable"
16:12:31.923 [XNIO-39 I/O-6] DEBUG o.s.w.r.r.m.a.RequestMappingHandlerMapping - [a055e7f] Mapped to org.springframework.web.reactive.result.method.annotation.RequestMappingMessageConversionIntegrationTests$PersonCreateController#createWithRxJava2Observable(Observable)
16:12:31.924 [XNIO-39 I/O-6] DEBUG o.s.w.r.r.m.a.RequestBodyMethodArgumentResolver - [a055e7f] Content-Type:application/xml
16:12:31.924 [XNIO-39 I/O-6] DEBUG o.s.w.r.r.m.a.RequestBodyMethodArgumentResolver - [a055e7f] 0..N [org.springframework.web.reactive.result.method.annotation.RequestMappingMessageConversionIntegrationTests$Person]
16:12:31.928 [XNIO-39 I/O-6] DEBUG o.s.h.c.x.Jaxb2XmlDecoder - [a055e7f] Decoded [Person{name='Robert'}]
16:12:31.928 [XNIO-39 I/O-6] DEBUG o.s.h.c.x.Jaxb2XmlDecoder - [a055e7f] Decoded [Person{name='Marie'}]
16:12:31.929 [XNIO-39 I/O-6] DEBUG o.s.w.s.a.HttpWebHandlerAdapter - [a055e7f] Completed 200 OK
16:12:31.929 [Test worker] DEBUG o.s.w.c.RestTemplate - Response 200 OK
16:12:31.930 [Test worker] DEBUG o.s.w.t.h.s.r.b.UndertowHttpServer - Stopping UndertowHttpServer...
16:12:31.930 [Test worker] INFO  i.undertow - stopping server: Undertow - 2.0.32.Final
16:12:31.931 [Test worker] DEBUG o.s.w.t.h.s.r.b.UndertowHttpServer - Server stopped (0 millis).
16:12:32.120 [Test worker] DEBUG o.s.w.r.r.m.a.RequestMappingHandlerMapping - 39 mappings in 'requestMappingHandlerMapping'
16:12:32.172 [Test worker] DEBUG o.s.w.r.r.m.a.ControllerMethodResolver - ControllerAdvice beans: none
16:12:32.251 [Test worker] DEBUG o.s.w.s.a.HttpWebHandlerAdapter - enableLoggingRequestDetails='false': form data and headers will be masked to prevent unsafe logging of potentially sensitive data
16:12:32.251 [Test worker] WARN  o.e.j.s.h.ContextHandler - Empty contextPath
16:12:32.252 [Test worker] INFO  o.e.j.s.h.ContextHandler - Started o.e.j.s.ServletContextHandler@3f31749{/,null,AVAILABLE}
16:12:32.252 [Test worker] DEBUG o.s.w.t.h.s.r.b.JettyHttpServer - Starting JettyHttpServer...
16:12:32.252 [Test worker] INFO  o.e.j.s.Server - jetty-9.4.31.v20200723; built: 2020-07-23T17:57:36.812Z; git: 450ba27947e13e66baa8cd1ce7e85a4461cacc1d; jvm 1.8.0_201-b09
16:12:32.258 [Test worker] INFO  o.e.j.s.AbstractConnector - Started ServerConnector@56ade03a{HTTP/1.1, (http/1.1)}{0.0.0.0:56430}
16:12:32.258 [Test worker] INFO  o.e.j.s.Server - Started @120104ms
16:12:32.258 [Test worker] DEBUG o.s.w.t.h.s.r.b.JettyHttpServer - Server started on port 56430(0 millis).
16:12:32.258 [Test worker] DEBUG o.s.w.c.RestTemplate - HTTP POST http://localhost:56430/person-transform/rxjava2-maybe
16:12:32.259 [Test worker] DEBUG o.s.w.c.RestTemplate - Accept=[application/xml, text/xml, application/json, application/x-jackson-smile, application/*+xml, application/*+json]
16:12:32.259 [Test worker] DEBUG o.s.w.c.RestTemplate - Writing [Person{name='Robert'}] as "application/json"
16:12:32.261 [qtp1152091450-1530] DEBUG o.s.w.s.a.HttpWebHandlerAdapter - [5545f966] HTTP POST "/person-transform/rxjava2-maybe"
16:12:32.262 [qtp1152091450-1530] DEBUG o.s.w.r.r.m.a.RequestMappingHandlerMapping - [5545f966] Mapped to org.springframework.web.reactive.result.method.annotation.RequestMappingMessageConversionIntegrationTests$PersonTransformationController#transformRxJava2Maybe(Maybe)
16:12:32.262 [qtp1152091450-1530] DEBUG o.s.w.r.r.m.a.RequestBodyMethodArgumentResolver - [5545f966] Content-Type:application/json;charset=UTF-8
16:12:32.263 [qtp1152091450-1530] DEBUG o.s.w.r.r.m.a.RequestBodyMethodArgumentResolver - [5545f966] 0..1 [org.springframework.web.reactive.result.method.annotation.RequestMappingMessageConversionIntegrationTests$Person]
16:12:32.265 [qtp1152091450-1530] DEBUG o.s.w.r.r.m.a.ResponseBodyResultHandler - Using 'application/json' given [application/json] and supported [application/json, application/*+json, application/x-jackson-smile, application/*+x-jackson-smile, application/xml, text/xml, text/event-stream]
16:12:32.265 [qtp1152091450-1530] DEBUG o.s.w.r.r.m.a.ResponseBodyResultHandler - [5545f966] 0..1 [org.springframework.web.reactive.result.method.annotation.RequestMappingMessageConversionIntegrationTests$Person]
16:12:32.268 [qtp1152091450-1530] DEBUG o.s.h.c.j.Jackson2JsonDecoder - [5545f966] Decoded [Person{name='Robert'}]
16:12:32.268 [qtp1152091450-1530] DEBUG o.s.h.c.j.Jackson2JsonEncoder - [5545f966] Encoding [Person{name='ROBERT'}]
16:12:32.269 [qtp1152091450-1530] DEBUG o.s.w.s.a.HttpWebHandlerAdapter - [5545f966] Completed 200 OK
16:12:32.269 [Test worker] DEBUG o.s.w.c.RestTemplate - Response 200 OK
16:12:32.269 [Test worker] DEBUG o.s.w.c.RestTemplate - Reading to [org.springframework.web.reactive.result.method.annotation.RequestMappingMessageConversionIntegrationTests$Person]
16:12:32.270 [Test worker] DEBUG o.s.w.t.h.s.r.b.JettyHttpServer - Stopping JettyHttpServer...
16:12:32.270 [Test worker] INFO  o.e.j.s.h.ContextHandler - Stopped o.e.j.s.ServletContextHandler@3f31749{/,null,UNAVAILABLE}
16:12:32.271 [Test worker] INFO  o.e.j.s.AbstractConnector - Stopped ServerConnector@56ade03a{HTTP/1.1, (http/1.1)}{0.0.0.0:0}
16:12:32.282 [Test worker] DEBUG o.s.w.t.h.s.r.b.JettyHttpServer - Server stopped (0 millis).
16:12:32.439 [Test worker] DEBUG o.s.w.r.r.m.a.RequestMappingHandlerMapping - 39 mappings in 'requestMappingHandlerMapping'
16:12:32.505 [Test worker] DEBUG o.s.w.r.r.m.a.ControllerMethodResolver - ControllerAdvice beans: none
16:12:32.572 [Test worker] DEBUG o.s.w.s.a.HttpWebHandlerAdapter - enableLoggingRequestDetails='false': form data and headers will be masked to prevent unsafe logging of potentially sensitive data
16:12:32.572 [Test worker] DEBUG o.s.w.t.h.s.r.b.ReactorHttpServer - Starting ReactorHttpServer...
16:12:32.599 [Test worker] DEBUG o.s.w.t.h.s.r.b.ReactorHttpServer - Server started on port 56432(0 millis).
16:12:32.599 [Test worker] DEBUG o.s.w.c.RestTemplate - HTTP POST http://localhost:56432/person-transform/rxjava2-maybe
16:12:32.600 [Test worker] DEBUG o.s.w.c.RestTemplate - Accept=[application/xml, text/xml, application/json, application/x-jackson-smile, application/*+xml, application/*+json]
16:12:32.601 [Test worker] DEBUG o.s.w.c.RestTemplate - Writing [Person{name='Robert'}] as "application/json"
16:12:32.605 [reactor-http-nio-4] DEBUG o.s.w.s.a.HttpWebHandlerAdapter - [55a7f440-41] HTTP POST "/person-transform/rxjava2-maybe"
16:12:32.605 [reactor-http-nio-4] DEBUG o.s.w.r.r.m.a.RequestMappingHandlerMapping - [55a7f440-41] Mapped to org.springframework.web.reactive.result.method.annotation.RequestMappingMessageConversionIntegrationTests$PersonTransformationController#transformRxJava2Maybe(Maybe)
16:12:32.606 [reactor-http-nio-4] DEBUG o.s.w.r.r.m.a.RequestBodyMethodArgumentResolver - [55a7f440-41] Content-Type:application/json
16:12:32.606 [reactor-http-nio-4] DEBUG o.s.w.r.r.m.a.RequestBodyMethodArgumentResolver - [55a7f440-41] 0..1 [org.springframework.web.reactive.result.method.annotation.RequestMappingMessageConversionIntegrationTests$Person]
16:12:32.607 [reactor-http-nio-4] DEBUG o.s.w.r.r.m.a.ResponseBodyResultHandler - Using 'application/json' given [application/json] and supported [application/json, application/*+json, application/x-jackson-smile, application/*+x-jackson-smile, application/xml, text/xml, text/event-stream]
16:12:32.607 [reactor-http-nio-4] DEBUG o.s.w.r.r.m.a.ResponseBodyResultHandler - [55a7f440-41] 0..1 [org.springframework.web.reactive.result.method.annotation.RequestMappingMessageConversionIntegrationTests$Person]
16:12:32.608 [reactor-http-nio-4] DEBUG o.s.h.c.j.Jackson2JsonDecoder - [55a7f440-41] Decoded [Person{name='Robert'}]
16:12:32.608 [reactor-http-nio-4] DEBUG o.s.h.c.j.Jackson2JsonEncoder - [55a7f440-41] Encoding [Person{name='ROBERT'}]
16:12:32.610 [Test worker] DEBUG o.s.w.c.RestTemplate - Response 200 OK
16:12:32.610 [reactor-http-nio-4] DEBUG o.s.w.s.a.HttpWebHandlerAdapter - [55a7f440-41] Completed 200 OK
16:12:32.610 [Test worker] DEBUG o.s.w.c.RestTemplate - Reading to [org.springframework.web.reactive.result.method.annotation.RequestMappingMessageConversionIntegrationTests$Person]
16:12:32.610 [Test worker] DEBUG o.s.w.t.h.s.r.b.ReactorHttpServer - Stopping ReactorHttpServer...
16:12:32.610 [Test worker] DEBUG o.s.w.t.h.s.r.b.ReactorHttpServer - Server stopped (0 millis).
16:12:32.762 [Test worker] DEBUG o.s.w.r.r.m.a.RequestMappingHandlerMapping - 39 mappings in 'requestMappingHandlerMapping'
16:12:32.835 [Test worker] DEBUG o.s.w.r.r.m.a.ControllerMethodResolver - ControllerAdvice beans: none
16:12:32.889 [Test worker] DEBUG o.s.w.s.a.HttpWebHandlerAdapter - enableLoggingRequestDetails='false': form data and headers will be masked to prevent unsafe logging of potentially sensitive data
16:12:32.890 [Test worker] DEBUG o.s.w.t.h.s.r.b.TomcatHttpServer - Starting TomcatHttpServer...
16:12:32.938 [Test worker] DEBUG o.s.w.t.h.s.r.b.TomcatHttpServer - Server started on port 56436(0 millis).
16:12:32.939 [Test worker] DEBUG o.s.w.c.RestTemplate - HTTP POST http://localhost:56436/person-transform/rxjava2-maybe
16:12:32.940 [Test worker] DEBUG o.s.w.c.RestTemplate - Accept=[application/xml, text/xml, application/json, application/x-jackson-smile, application/*+xml, application/*+json]
16:12:32.940 [Test worker] DEBUG o.s.w.c.RestTemplate - Writing [Person{name='Robert'}] as "application/json"
16:12:32.944 [http-nio-auto-40-exec-1] DEBUG o.s.w.s.a.HttpWebHandlerAdapter - [6eba5b8b] HTTP POST "/person-transform/rxjava2-maybe"
16:12:32.945 [http-nio-auto-40-exec-1] DEBUG o.s.w.r.r.m.a.RequestMappingHandlerMapping - [6eba5b8b] Mapped to org.springframework.web.reactive.result.method.annotation.RequestMappingMessageConversionIntegrationTests$PersonTransformationController#transformRxJava2Maybe(Maybe)
16:12:32.945 [http-nio-auto-40-exec-1] DEBUG o.s.w.r.r.m.a.RequestBodyMethodArgumentResolver - [6eba5b8b] Content-Type:application/json
16:12:32.946 [http-nio-auto-40-exec-1] DEBUG o.s.w.r.r.m.a.RequestBodyMethodArgumentResolver - [6eba5b8b] 0..1 [org.springframework.web.reactive.result.method.annotation.RequestMappingMessageConversionIntegrationTests$Person]
16:12:32.947 [http-nio-auto-40-exec-1] DEBUG o.s.w.r.r.m.a.ResponseBodyResultHandler - Using 'application/json' given [application/json] and supported [application/json, application/*+json, application/x-jackson-smile, application/*+x-jackson-smile, application/xml, text/xml, text/event-stream]
16:12:32.947 [http-nio-auto-40-exec-1] DEBUG o.s.w.r.r.m.a.ResponseBodyResultHandler - [6eba5b8b] 0..1 [org.springframework.web.reactive.result.method.annotation.RequestMappingMessageConversionIntegrationTests$Person]
16:12:32.948 [http-nio-auto-40-exec-1] DEBUG o.s.h.c.j.Jackson2JsonDecoder - [6eba5b8b] Decoded [Person{name='Robert'}]
16:12:32.948 [http-nio-auto-40-exec-1] DEBUG o.s.h.c.j.Jackson2JsonEncoder - [6eba5b8b] Encoding [Person{name='ROBERT'}]
16:12:32.949 [http-nio-auto-40-exec-1] DEBUG o.s.w.s.a.HttpWebHandlerAdapter - [6eba5b8b] Completed 200 OK
16:12:32.949 [Test worker] DEBUG o.s.w.c.RestTemplate - Response 200 OK
16:12:32.950 [Test worker] DEBUG o.s.w.c.RestTemplate - Reading to [org.springframework.web.reactive.result.method.annotation.RequestMappingMessageConversionIntegrationTests$Person]
16:12:32.950 [Test worker] DEBUG o.s.w.t.h.s.r.b.TomcatHttpServer - Stopping TomcatHttpServer...
16:12:32.967 [Test worker] DEBUG o.s.w.t.h.s.r.b.TomcatHttpServer - Server stopped (0 millis).
16:12:33.196 [Test worker] DEBUG o.s.w.r.r.m.a.RequestMappingHandlerMapping - 39 mappings in 'requestMappingHandlerMapping'
16:12:33.267 [Test worker] DEBUG o.s.w.r.r.m.a.ControllerMethodResolver - ControllerAdvice beans: none
16:12:33.308 [Test worker] DEBUG o.s.w.s.a.HttpWebHandlerAdapter - enableLoggingRequestDetails='false': form data and headers will be masked to prevent unsafe logging of potentially sensitive data
16:12:33.308 [Test worker] DEBUG o.s.w.t.h.s.r.b.UndertowHttpServer - Starting UndertowHttpServer...
16:12:33.308 [Test worker] INFO  i.undertow - starting server: Undertow - 2.0.32.Final
16:12:33.354 [Test worker] DEBUG o.s.w.t.h.s.r.b.UndertowHttpServer - Server started on port 56448(0 millis).
16:12:33.355 [Test worker] DEBUG o.s.w.c.RestTemplate - HTTP POST http://localhost:56448/person-transform/rxjava2-maybe
16:12:33.355 [Test worker] DEBUG o.s.w.c.RestTemplate - Accept=[application/xml, text/xml, application/json, application/x-jackson-smile, application/*+xml, application/*+json]
16:12:33.356 [Test worker] DEBUG o.s.w.c.RestTemplate - Writing [Person{name='Robert'}] as "application/json"
16:12:33.377 [XNIO-40 I/O-6] DEBUG o.s.w.s.a.HttpWebHandlerAdapter - [5d7a98a2] HTTP POST "/person-transform/rxjava2-maybe"
16:12:33.377 [XNIO-40 I/O-6] DEBUG o.s.w.r.r.m.a.RequestMappingHandlerMapping - [5d7a98a2] Mapped to org.springframework.web.reactive.result.method.annotation.RequestMappingMessageConversionIntegrationTests$PersonTransformationController#transformRxJava2Maybe(Maybe)
16:12:33.378 [XNIO-40 I/O-6] DEBUG o.s.w.r.r.m.a.RequestBodyMethodArgumentResolver - [5d7a98a2] Content-Type:application/json
16:12:33.378 [XNIO-40 I/O-6] DEBUG o.s.w.r.r.m.a.RequestBodyMethodArgumentResolver - [5d7a98a2] 0..1 [org.springframework.web.reactive.result.method.annotation.RequestMappingMessageConversionIntegrationTests$Person]
16:12:33.379 [XNIO-40 I/O-6] DEBUG o.s.w.r.r.m.a.ResponseBodyResultHandler - Using 'application/json' given [application/json] and supported [application/json, application/*+json, application/x-jackson-smile, application/*+x-jackson-smile, application/xml, text/xml, text/event-stream]
16:12:33.379 [XNIO-40 I/O-6] DEBUG o.s.w.r.r.m.a.ResponseBodyResultHandler - [5d7a98a2] 0..1 [org.springframework.web.reactive.result.method.annotation.RequestMappingMessageConversionIntegrationTests$Person]
16:12:33.380 [XNIO-40 I/O-6] DEBUG o.s.h.c.j.Jackson2JsonDecoder - [5d7a98a2] Decoded [Person{name='Robert'}]
16:12:33.380 [XNIO-40 I/O-6] DEBUG o.s.h.c.j.Jackson2JsonEncoder - [5d7a98a2] Encoding [Person{name='ROBERT'}]
16:12:33.381 [XNIO-40 I/O-6] DEBUG o.s.w.s.a.HttpWebHandlerAdapter - [5d7a98a2] Completed 200 OK
16:12:33.382 [Test worker] DEBUG o.s.w.c.RestTemplate - Response 200 OK
16:12:33.382 [Test worker] DEBUG o.s.w.c.RestTemplate - Reading to [org.springframework.web.reactive.result.method.annotation.RequestMappingMessageConversionIntegrationTests$Person]
16:12:33.383 [Test worker] DEBUG o.s.w.t.h.s.r.b.UndertowHttpServer - Stopping UndertowHttpServer...
16:12:33.383 [Test worker] INFO  i.undertow - stopping server: Undertow - 2.0.32.Final
16:12:33.384 [Test worker] DEBUG o.s.w.t.h.s.r.b.UndertowHttpServer - Server stopped (0 millis).
16:12:33.526 [Test worker] DEBUG o.s.w.r.r.m.a.RequestMappingHandlerMapping - 39 mappings in 'requestMappingHandlerMapping'
16:12:33.607 [Test worker] DEBUG o.s.w.r.r.m.a.ControllerMethodResolver - ControllerAdvice beans: none
16:12:33.669 [Test worker] DEBUG o.s.w.s.a.HttpWebHandlerAdapter - enableLoggingRequestDetails='false': form data and headers will be masked to prevent unsafe logging of potentially sensitive data
16:12:33.669 [Test worker] WARN  o.e.j.s.h.ContextHandler - Empty contextPath
16:12:33.669 [Test worker] INFO  o.e.j.s.h.ContextHandler - Started o.e.j.s.ServletContextHandler@1354d742{/,null,AVAILABLE}
16:12:33.670 [Test worker] DEBUG o.s.w.t.h.s.r.b.JettyHttpServer - Starting JettyHttpServer...
16:12:33.670 [Test worker] INFO  o.e.j.s.Server - jetty-9.4.31.v20200723; built: 2020-07-23T17:57:36.812Z; git: 450ba27947e13e66baa8cd1ce7e85a4461cacc1d; jvm 1.8.0_201-b09
16:12:33.675 [Test worker] INFO  o.e.j.s.AbstractConnector - Started ServerConnector@74f6582a{HTTP/1.1, (http/1.1)}{0.0.0.0:56450}
16:12:33.675 [Test worker] INFO  o.e.j.s.Server - Started @121521ms
16:12:33.676 [Test worker] DEBUG o.s.w.t.h.s.r.b.JettyHttpServer - Server started on port 56450(0 millis).
16:12:33.676 [Test worker] DEBUG o.s.w.c.RestTemplate - HTTP GET http://localhost:56450/raw-response/flowable
16:12:33.676 [Test worker] DEBUG o.s.w.c.RestTemplate - Accept=[text/plain, application/json, application/x-jackson-smile, application/*+json, */*]
16:12:33.678 [qtp1328934013-1568] DEBUG o.s.w.s.a.HttpWebHandlerAdapter - [37f2ba8d] HTTP GET "/raw-response/flowable"
16:12:33.678 [qtp1328934013-1568] DEBUG o.s.w.r.r.m.a.RequestMappingHandlerMapping - [37f2ba8d] Mapped to org.springframework.web.reactive.result.method.annotation.RequestMappingMessageConversionIntegrationTests$RawResponseBodyController#getFlowable()
16:12:33.680 [qtp1328934013-1568] DEBUG o.s.w.r.r.m.a.ResponseBodyResultHandler - Using 'text/plain' given [text/plain, application/json, application/x-jackson-smile, application/*+json, */*] and supported [*/*, application/json, application/*+json, application/x-jackson-smile, application/*+x-jackson-smile, text/event-stream]
16:12:33.680 [qtp1328934013-1568] DEBUG o.s.w.r.r.m.a.ResponseBodyResultHandler - [37f2ba8d] 0..N [java.nio.ByteBuffer]
16:12:33.681 [qtp1328934013-1568] DEBUG o.s.c.c.ByteBufferEncoder - [37f2ba8d] Writing 6 bytes
16:12:33.682 [qtp1328934013-1568] DEBUG o.s.w.s.a.HttpWebHandlerAdapter - [37f2ba8d] Completed 200 OK
16:12:33.683 [Test worker] DEBUG o.s.w.c.RestTemplate - Response 200 OK
16:12:33.683 [Test worker] DEBUG o.s.w.c.RestTemplate - Reading to [java.lang.String] as "text/plain"
16:12:33.683 [Test worker] DEBUG o.s.w.t.h.s.r.b.JettyHttpServer - Stopping JettyHttpServer...
16:12:33.683 [Test worker] INFO  o.e.j.s.h.ContextHandler - Stopped o.e.j.s.ServletContextHandler@1354d742{/,null,UNAVAILABLE}
16:12:33.686 [Test worker] INFO  o.e.j.s.AbstractConnector - Stopped ServerConnector@74f6582a{HTTP/1.1, (http/1.1)}{0.0.0.0:0}
16:12:33.696 [Test worker] DEBUG o.s.w.t.h.s.r.b.JettyHttpServer - Server stopped (0 millis).
16:12:33.841 [Test worker] DEBUG o.s.w.r.r.m.a.RequestMappingHandlerMapping - 39 mappings in 'requestMappingHandlerMapping'
16:12:33.904 [Test worker] DEBUG o.s.w.r.r.m.a.ControllerMethodResolver - ControllerAdvice beans: none
16:12:33.974 [Test worker] DEBUG o.s.w.s.a.HttpWebHandlerAdapter - enableLoggingRequestDetails='false': form data and headers will be masked to prevent unsafe logging of potentially sensitive data
16:12:33.974 [Test worker] DEBUG o.s.w.t.h.s.r.b.ReactorHttpServer - Starting ReactorHttpServer...
16:12:33.979 [Test worker] DEBUG o.s.w.t.h.s.r.b.ReactorHttpServer - Server started on port 56454(0 millis).
16:12:33.979 [Test worker] DEBUG o.s.w.c.RestTemplate - HTTP GET http://localhost:56454/raw-response/flowable
16:12:33.979 [Test worker] DEBUG o.s.w.c.RestTemplate - Accept=[text/plain, application/json, application/x-jackson-smile, application/*+json, */*]
16:12:33.991 [reactor-http-nio-6] DEBUG o.s.w.s.a.HttpWebHandlerAdapter - [7bdaec8e-42] HTTP GET "/raw-response/flowable"
16:12:33.992 [reactor-http-nio-6] DEBUG o.s.w.r.r.m.a.RequestMappingHandlerMapping - [7bdaec8e-42] Mapped to org.springframework.web.reactive.result.method.annotation.RequestMappingMessageConversionIntegrationTests$RawResponseBodyController#getFlowable()
16:12:33.993 [reactor-http-nio-6] DEBUG o.s.w.r.r.m.a.ResponseBodyResultHandler - Using 'text/plain' given [text/plain, application/json, application/x-jackson-smile, application/*+json, */*] and supported [*/*, application/json, application/*+json, application/x-jackson-smile, application/*+x-jackson-smile, text/event-stream]
16:12:33.993 [reactor-http-nio-6] DEBUG o.s.w.r.r.m.a.ResponseBodyResultHandler - [7bdaec8e-42] 0..N [java.nio.ByteBuffer]
16:12:33.994 [reactor-http-nio-6] DEBUG o.s.c.c.ByteBufferEncoder - [7bdaec8e-42] Writing 6 bytes
16:12:33.996 [reactor-http-nio-6] DEBUG o.s.w.s.a.HttpWebHandlerAdapter - [7bdaec8e-42] Completed 200 OK
16:12:33.996 [Test worker] DEBUG o.s.w.c.RestTemplate - Response 200 OK
16:12:33.997 [Test worker] DEBUG o.s.w.c.RestTemplate - Reading to [java.lang.String] as "text/plain"
16:12:33.999 [Test worker] DEBUG o.s.w.t.h.s.r.b.ReactorHttpServer - Stopping ReactorHttpServer...
16:12:33.999 [Test worker] DEBUG o.s.w.t.h.s.r.b.ReactorHttpServer - Server stopped (0 millis).
16:12:34.190 [Test worker] DEBUG o.s.w.r.r.m.a.RequestMappingHandlerMapping - 39 mappings in 'requestMappingHandlerMapping'
16:12:34.296 [Test worker] DEBUG o.s.w.r.r.m.a.ControllerMethodResolver - ControllerAdvice beans: none
16:12:34.368 [Test worker] DEBUG o.s.w.s.a.HttpWebHandlerAdapter - enableLoggingRequestDetails='false': form data and headers will be masked to prevent unsafe logging of potentially sensitive data
16:12:34.370 [Test worker] DEBUG o.s.w.t.h.s.r.b.TomcatHttpServer - Starting TomcatHttpServer...
16:12:34.385 [Test worker] DEBUG o.s.w.t.h.s.r.b.TomcatHttpServer - Server started on port 56457(0 millis).
16:12:34.385 [Test worker] DEBUG o.s.w.c.RestTemplate - HTTP GET http://localhost:56457/raw-response/flowable
16:12:34.385 [Test worker] DEBUG o.s.w.c.RestTemplate - Accept=[text/plain, application/json, application/x-jackson-smile, application/*+json, */*]
16:12:34.388 [http-nio-auto-41-exec-1] DEBUG o.s.w.s.a.HttpWebHandlerAdapter - [ef68b7d] HTTP GET "/raw-response/flowable"
16:12:34.388 [http-nio-auto-41-exec-1] DEBUG o.s.w.r.r.m.a.RequestMappingHandlerMapping - [ef68b7d] Mapped to org.springframework.web.reactive.result.method.annotation.RequestMappingMessageConversionIntegrationTests$RawResponseBodyController#getFlowable()
16:12:34.390 [http-nio-auto-41-exec-1] DEBUG o.s.w.r.r.m.a.ResponseBodyResultHandler - Using 'text/plain' given [text/plain, application/json, application/x-jackson-smile, application/*+json, */*] and supported [*/*, application/json, application/*+json, application/x-jackson-smile, application/*+x-jackson-smile, text/event-stream]
16:12:34.390 [http-nio-auto-41-exec-1] DEBUG o.s.w.r.r.m.a.ResponseBodyResultHandler - [ef68b7d] 0..N [java.nio.ByteBuffer]
16:12:34.390 [http-nio-auto-41-exec-1] DEBUG o.s.c.c.ByteBufferEncoder - [ef68b7d] Writing 6 bytes
16:12:34.391 [http-nio-auto-41-exec-1] DEBUG o.s.w.s.a.HttpWebHandlerAdapter - [ef68b7d] Completed 200 OK
16:12:34.391 [Test worker] DEBUG o.s.w.c.RestTemplate - Response 200 OK
16:12:34.391 [Test worker] DEBUG o.s.w.c.RestTemplate - Reading to [java.lang.String] as "text/plain"
16:12:34.392 [Test worker] DEBUG o.s.w.t.h.s.r.b.TomcatHttpServer - Stopping TomcatHttpServer...
16:12:34.406 [Test worker] DEBUG o.s.w.t.h.s.r.b.TomcatHttpServer - Server stopped (0 millis).
16:12:34.754 [Test worker] DEBUG o.s.w.r.r.m.a.RequestMappingHandlerMapping - 39 mappings in 'requestMappingHandlerMapping'
16:12:34.902 [Test worker] DEBUG o.s.w.r.r.m.a.ControllerMethodResolver - ControllerAdvice beans: none
16:12:34.967 [Test worker] DEBUG o.s.w.s.a.HttpWebHandlerAdapter - enableLoggingRequestDetails='false': form data and headers will be masked to prevent unsafe logging of potentially sensitive data
16:12:34.967 [Test worker] DEBUG o.s.w.t.h.s.r.b.UndertowHttpServer - Starting UndertowHttpServer...
16:12:34.967 [Test worker] INFO  i.undertow - starting server: Undertow - 2.0.32.Final
16:12:35.047 [Test worker] DEBUG o.s.w.t.h.s.r.b.UndertowHttpServer - Server started on port 56468(0 millis).
16:12:35.047 [Test worker] DEBUG o.s.w.c.RestTemplate - HTTP GET http://localhost:56468/raw-response/flowable
16:12:35.047 [Test worker] DEBUG o.s.w.c.RestTemplate - Accept=[text/plain, application/json, application/x-jackson-smile, application/*+json, */*]
16:12:35.050 [XNIO-41 I/O-6] DEBUG o.s.w.s.a.HttpWebHandlerAdapter - [43e6f96b] HTTP GET "/raw-response/flowable"
16:12:35.051 [XNIO-41 I/O-6] DEBUG o.s.w.r.r.m.a.RequestMappingHandlerMapping - [43e6f96b] Mapped to org.springframework.web.reactive.result.method.annotation.RequestMappingMessageConversionIntegrationTests$RawResponseBodyController#getFlowable()
16:12:35.052 [XNIO-41 I/O-6] DEBUG o.s.w.r.r.m.a.ResponseBodyResultHandler - Using 'text/plain' given [text/plain, application/json, application/x-jackson-smile, application/*+json, */*] and supported [*/*, application/json, application/*+json, application/x-jackson-smile, application/*+x-jackson-smile, text/event-stream]
16:12:35.052 [XNIO-41 I/O-6] DEBUG o.s.w.r.r.m.a.ResponseBodyResultHandler - [43e6f96b] 0..N [java.nio.ByteBuffer]
16:12:35.053 [XNIO-41 I/O-6] DEBUG o.s.c.c.ByteBufferEncoder - [43e6f96b] Writing 6 bytes
16:12:35.053 [XNIO-41 I/O-6] DEBUG o.s.w.s.a.HttpWebHandlerAdapter - [43e6f96b] Completed 200 OK
16:12:35.054 [Test worker] DEBUG o.s.w.c.RestTemplate - Response 200 OK
16:12:35.054 [Test worker] DEBUG o.s.w.c.RestTemplate - Reading to [java.lang.String] as "text/plain"
16:12:35.054 [Test worker] DEBUG o.s.w.t.h.s.r.b.UndertowHttpServer - Stopping UndertowHttpServer...
16:12:35.054 [Test worker] INFO  i.undertow - stopping server: Undertow - 2.0.32.Final
16:12:35.056 [Test worker] DEBUG o.s.w.t.h.s.r.b.UndertowHttpServer - Server stopped (0 millis).
16:12:35.303 [Test worker] DEBUG o.s.w.r.r.m.a.RequestMappingHandlerMapping - 39 mappings in 'requestMappingHandlerMapping'
16:12:35.464 [Test worker] DEBUG o.s.w.r.r.m.a.ControllerMethodResolver - ControllerAdvice beans: none
16:12:35.560 [Test worker] DEBUG o.s.w.s.a.HttpWebHandlerAdapter - enableLoggingRequestDetails='false': form data and headers will be masked to prevent unsafe logging of potentially sensitive data
16:12:35.561 [Test worker] WARN  o.e.j.s.h.ContextHandler - Empty contextPath
16:12:35.562 [Test worker] INFO  o.e.j.s.h.ContextHandler - Started o.e.j.s.ServletContextHandler@24328ccc{/,null,AVAILABLE}
16:12:35.562 [Test worker] DEBUG o.s.w.t.h.s.r.b.JettyHttpServer - Starting JettyHttpServer...
16:12:35.562 [Test worker] INFO  o.e.j.s.Server - jetty-9.4.31.v20200723; built: 2020-07-23T17:57:36.812Z; git: 450ba27947e13e66baa8cd1ce7e85a4461cacc1d; jvm 1.8.0_201-b09
16:12:35.570 [Test worker] INFO  o.e.j.s.AbstractConnector - Started ServerConnector@3b9d11b3{HTTP/1.1, (http/1.1)}{0.0.0.0:56496}
16:12:35.570 [Test worker] INFO  o.e.j.s.Server - Started @123416ms
16:12:35.570 [Test worker] DEBUG o.s.w.t.h.s.r.b.JettyHttpServer - Server started on port 56496(0 millis).
16:12:35.570 [Test worker] DEBUG o.s.w.c.RestTemplate - HTTP POST http://localhost:56496/person-transform/flux
16:12:35.570 [Test worker] DEBUG o.s.w.c.RestTemplate - Accept=[application/json, application/x-jackson-smile, application/*+json]
16:12:35.571 [Test worker] DEBUG o.s.w.c.RestTemplate - Writing [[Person{name='Robert'}, Person{name='Marie'}]] as "application/json"
16:12:35.573 [qtp565553158-1606] DEBUG o.s.w.s.a.HttpWebHandlerAdapter - [1f74228] HTTP POST "/person-transform/flux"
16:12:35.574 [qtp565553158-1606] DEBUG o.s.w.r.r.m.a.RequestMappingHandlerMapping - [1f74228] Mapped to org.springframework.web.reactive.result.method.annotation.RequestMappingMessageConversionIntegrationTests$PersonTransformationController#transformFlux(Flux)
16:12:35.574 [qtp565553158-1606] DEBUG o.s.w.r.r.m.a.RequestBodyMethodArgumentResolver - [1f74228] Content-Type:application/json;charset=UTF-8
16:12:35.575 [qtp565553158-1606] DEBUG o.s.w.r.r.m.a.RequestBodyMethodArgumentResolver - [1f74228] 0..N [org.springframework.web.reactive.result.method.annotation.RequestMappingMessageConversionIntegrationTests$Person]
16:12:35.576 [qtp565553158-1606] DEBUG o.s.w.r.r.m.a.ResponseBodyResultHandler - Using 'application/json' given [application/json] and supported [application/json, application/*+json, application/x-jackson-smile, application/*+x-jackson-smile, application/xml, text/xml, text/event-stream]
16:12:35.576 [qtp565553158-1606] DEBUG o.s.w.r.r.m.a.ResponseBodyResultHandler - [1f74228] 0..N [org.springframework.web.reactive.result.method.annotation.RequestMappingMessageConversionIntegrationTests$Person]
16:12:35.577 [qtp565553158-1606] DEBUG o.s.h.c.j.Jackson2JsonDecoder - [1f74228] Decoded [Person{name='Robert'}]
16:12:35.577 [qtp565553158-1606] DEBUG o.s.h.c.j.Jackson2JsonDecoder - [1f74228] Decoded [Person{name='Marie'}]
16:12:35.577 [qtp565553158-1606] DEBUG o.s.h.c.j.Jackson2JsonEncoder - [1f74228] Encoding [[Person{name='ROBERT'}, Person{name='MARIE'}]]
16:12:35.578 [qtp565553158-1606] DEBUG o.s.w.s.a.HttpWebHandlerAdapter - [1f74228] Completed 200 OK
16:12:35.580 [Test worker] DEBUG o.s.w.c.RestTemplate - Response 200 OK
16:12:35.583 [Test worker] DEBUG o.s.w.c.RestTemplate - Reading to [java.util.List<org.springframework.web.reactive.result.method.annotation.RequestMappingMessageConversionIntegrationTests$Person>]
16:12:35.584 [Test worker] DEBUG o.s.w.t.h.s.r.b.JettyHttpServer - Stopping JettyHttpServer...
16:12:35.584 [Test worker] INFO  o.e.j.s.h.ContextHandler - Stopped o.e.j.s.ServletContextHandler@24328ccc{/,null,UNAVAILABLE}
16:12:35.588 [Test worker] INFO  o.e.j.s.AbstractConnector - Stopped ServerConnector@3b9d11b3{HTTP/1.1, (http/1.1)}{0.0.0.0:0}
16:12:35.598 [Test worker] DEBUG o.s.w.t.h.s.r.b.JettyHttpServer - Server stopped (0 millis).
16:12:35.926 [Test worker] DEBUG o.s.w.r.r.m.a.RequestMappingHandlerMapping - 39 mappings in 'requestMappingHandlerMapping'
16:12:36.010 [Test worker] DEBUG o.s.w.r.r.m.a.ControllerMethodResolver - ControllerAdvice beans: none
16:12:36.087 [Test worker] DEBUG o.s.w.s.a.HttpWebHandlerAdapter - enableLoggingRequestDetails='false': form data and headers will be masked to prevent unsafe logging of potentially sensitive data
16:12:36.088 [Test worker] DEBUG o.s.w.t.h.s.r.b.ReactorHttpServer - Starting ReactorHttpServer...
16:12:36.089 [Test worker] DEBUG o.s.w.t.h.s.r.b.ReactorHttpServer - Server started on port 56513(0 millis).
16:12:36.089 [Test worker] DEBUG o.s.w.c.RestTemplate - HTTP POST http://localhost:56513/person-transform/flux
16:12:36.090 [Test worker] DEBUG o.s.w.c.RestTemplate - Accept=[application/json, application/x-jackson-smile, application/*+json]
16:12:36.090 [Test worker] DEBUG o.s.w.c.RestTemplate - Writing [[Person{name='Robert'}, Person{name='Marie'}]] as "application/json"
16:12:36.093 [reactor-http-nio-8] DEBUG o.s.w.s.a.HttpWebHandlerAdapter - [3d79009b-43] HTTP POST "/person-transform/flux"
16:12:36.093 [reactor-http-nio-8] DEBUG o.s.w.r.r.m.a.RequestMappingHandlerMapping - [3d79009b-43] Mapped to org.springframework.web.reactive.result.method.annotation.RequestMappingMessageConversionIntegrationTests$PersonTransformationController#transformFlux(Flux)
16:12:36.094 [reactor-http-nio-8] DEBUG o.s.w.r.r.m.a.RequestBodyMethodArgumentResolver - [3d79009b-43] Content-Type:application/json
16:12:36.095 [reactor-http-nio-8] DEBUG o.s.w.r.r.m.a.RequestBodyMethodArgumentResolver - [3d79009b-43] 0..N [org.springframework.web.reactive.result.method.annotation.RequestMappingMessageConversionIntegrationTests$Person]
16:12:36.096 [reactor-http-nio-8] DEBUG o.s.w.r.r.m.a.ResponseBodyResultHandler - Using 'application/json' given [application/json] and supported [application/json, application/*+json, application/x-jackson-smile, application/*+x-jackson-smile, application/xml, text/xml, text/event-stream]
16:12:36.096 [reactor-http-nio-8] DEBUG o.s.w.r.r.m.a.ResponseBodyResultHandler - [3d79009b-43] 0..N [org.springframework.web.reactive.result.method.annotation.RequestMappingMessageConversionIntegrationTests$Person]
16:12:36.097 [reactor-http-nio-8] DEBUG o.s.h.c.j.Jackson2JsonDecoder - [3d79009b-43] Decoded [Person{name='Robert'}]
16:12:36.097 [reactor-http-nio-8] DEBUG o.s.h.c.j.Jackson2JsonDecoder - [3d79009b-43] Decoded [Person{name='Marie'}]
16:12:36.097 [reactor-http-nio-8] DEBUG o.s.h.c.j.Jackson2JsonEncoder - [3d79009b-43] Encoding [[Person{name='ROBERT'}, Person{name='MARIE'}]]
16:12:36.098 [Test worker] DEBUG o.s.w.c.RestTemplate - Response 200 OK
16:12:36.099 [reactor-http-nio-8] DEBUG o.s.w.s.a.HttpWebHandlerAdapter - [3d79009b-43] Completed 200 OK
16:12:36.099 [Test worker] DEBUG o.s.w.c.RestTemplate - Reading to [java.util.List<org.springframework.web.reactive.result.method.annotation.RequestMappingMessageConversionIntegrationTests$Person>]
16:12:36.101 [Test worker] DEBUG o.s.w.t.h.s.r.b.ReactorHttpServer - Stopping ReactorHttpServer...
16:12:36.101 [Test worker] DEBUG o.s.w.t.h.s.r.b.ReactorHttpServer - Server stopped (0 millis).
16:12:36.388 [Test worker] DEBUG o.s.w.r.r.m.a.RequestMappingHandlerMapping - 39 mappings in 'requestMappingHandlerMapping'
16:12:36.459 [Test worker] DEBUG o.s.w.r.r.m.a.ControllerMethodResolver - ControllerAdvice beans: none
16:12:36.592 [Test worker] DEBUG o.s.w.s.a.HttpWebHandlerAdapter - enableLoggingRequestDetails='false': form data and headers will be masked to prevent unsafe logging of potentially sensitive data
16:12:36.592 [Test worker] DEBUG o.s.w.t.h.s.r.b.TomcatHttpServer - Starting TomcatHttpServer...
16:12:36.637 [Test worker] DEBUG o.s.w.t.h.s.r.b.TomcatHttpServer - Server started on port 56547(0 millis).
16:12:36.637 [Test worker] DEBUG o.s.w.c.RestTemplate - HTTP POST http://localhost:56547/person-transform/flux
16:12:36.638 [Test worker] DEBUG o.s.w.c.RestTemplate - Accept=[application/json, application/x-jackson-smile, application/*+json]
16:12:36.638 [Test worker] DEBUG o.s.w.c.RestTemplate - Writing [[Person{name='Robert'}, Person{name='Marie'}]] as "application/json"
16:12:36.643 [http-nio-auto-42-exec-1] DEBUG o.s.w.s.a.HttpWebHandlerAdapter - [52dbab61] HTTP POST "/person-transform/flux"
16:12:36.643 [http-nio-auto-42-exec-1] DEBUG o.s.w.r.r.m.a.RequestMappingHandlerMapping - [52dbab61] Mapped to org.springframework.web.reactive.result.method.annotation.RequestMappingMessageConversionIntegrationTests$PersonTransformationController#transformFlux(Flux)
16:12:36.644 [http-nio-auto-42-exec-1] DEBUG o.s.w.r.r.m.a.RequestBodyMethodArgumentResolver - [52dbab61] Content-Type:application/json
16:12:36.644 [http-nio-auto-42-exec-1] DEBUG o.s.w.r.r.m.a.RequestBodyMethodArgumentResolver - [52dbab61] 0..N [org.springframework.web.reactive.result.method.annotation.RequestMappingMessageConversionIntegrationTests$Person]
16:12:36.645 [http-nio-auto-42-exec-1] DEBUG o.s.w.r.r.m.a.ResponseBodyResultHandler - Using 'application/json' given [application/json] and supported [application/json, application/*+json, application/x-jackson-smile, application/*+x-jackson-smile, application/xml, text/xml, text/event-stream]
16:12:36.645 [http-nio-auto-42-exec-1] DEBUG o.s.w.r.r.m.a.ResponseBodyResultHandler - [52dbab61] 0..N [org.springframework.web.reactive.result.method.annotation.RequestMappingMessageConversionIntegrationTests$Person]
16:12:36.646 [http-nio-auto-42-exec-1] DEBUG o.s.h.c.j.Jackson2JsonDecoder - [52dbab61] Decoded [Person{name='Robert'}]
16:12:36.646 [http-nio-auto-42-exec-1] DEBUG o.s.h.c.j.Jackson2JsonDecoder - [52dbab61] Decoded [Person{name='Marie'}]
16:12:36.646 [http-nio-auto-42-exec-1] DEBUG o.s.h.c.j.Jackson2JsonEncoder - [52dbab61] Encoding [[Person{name='ROBERT'}, Person{name='MARIE'}]]
16:12:36.647 [http-nio-auto-42-exec-1] DEBUG o.s.w.s.a.HttpWebHandlerAdapter - [52dbab61] Completed 200 OK
16:12:36.647 [Test worker] DEBUG o.s.w.c.RestTemplate - Response 200 OK
16:12:36.647 [Test worker] DEBUG o.s.w.c.RestTemplate - Reading to [java.util.List<org.springframework.web.reactive.result.method.annotation.RequestMappingMessageConversionIntegrationTests$Person>]
16:12:36.648 [Test worker] DEBUG o.s.w.t.h.s.r.b.TomcatHttpServer - Stopping TomcatHttpServer...
16:12:36.669 [Test worker] DEBUG o.s.w.t.h.s.r.b.TomcatHttpServer - Server stopped (0 millis).
16:12:36.921 [Test worker] DEBUG o.s.w.r.r.m.a.RequestMappingHandlerMapping - 39 mappings in 'requestMappingHandlerMapping'
16:12:36.977 [Test worker] DEBUG o.s.w.r.r.m.a.ControllerMethodResolver - ControllerAdvice beans: none
16:12:37.046 [Test worker] DEBUG o.s.w.s.a.HttpWebHandlerAdapter - enableLoggingRequestDetails='false': form data and headers will be masked to prevent unsafe logging of potentially sensitive data
16:12:37.046 [Test worker] DEBUG o.s.w.t.h.s.r.b.UndertowHttpServer - Starting UndertowHttpServer...
16:12:37.046 [Test worker] INFO  i.undertow - starting server: Undertow - 2.0.32.Final
16:12:37.052 [Test worker] DEBUG o.s.w.t.h.s.r.b.UndertowHttpServer - Server started on port 56553(0 millis).
16:12:37.052 [Test worker] DEBUG o.s.w.c.RestTemplate - HTTP POST http://localhost:56553/person-transform/flux
16:12:37.052 [Test worker] DEBUG o.s.w.c.RestTemplate - Accept=[application/json, application/x-jackson-smile, application/*+json]
16:12:37.052 [Test worker] DEBUG o.s.w.c.RestTemplate - Writing [[Person{name='Robert'}, Person{name='Marie'}]] as "application/json"
16:12:37.055 [XNIO-42 I/O-6] DEBUG o.s.w.s.a.HttpWebHandlerAdapter - [1cc6cf05] HTTP POST "/person-transform/flux"
16:12:37.055 [XNIO-42 I/O-6] DEBUG o.s.w.r.r.m.a.RequestMappingHandlerMapping - [1cc6cf05] Mapped to org.springframework.web.reactive.result.method.annotation.RequestMappingMessageConversionIntegrationTests$PersonTransformationController#transformFlux(Flux)
16:12:37.056 [XNIO-42 I/O-6] DEBUG o.s.w.r.r.m.a.RequestBodyMethodArgumentResolver - [1cc6cf05] Content-Type:application/json
16:12:37.056 [XNIO-42 I/O-6] DEBUG o.s.w.r.r.m.a.RequestBodyMethodArgumentResolver - [1cc6cf05] 0..N [org.springframework.web.reactive.result.method.annotation.RequestMappingMessageConversionIntegrationTests$Person]
16:12:37.057 [XNIO-42 I/O-6] DEBUG o.s.w.r.r.m.a.ResponseBodyResultHandler - Using 'application/json' given [application/json] and supported [application/json, application/*+json, application/x-jackson-smile, application/*+x-jackson-smile, application/xml, text/xml, text/event-stream]
16:12:37.057 [XNIO-42 I/O-6] DEBUG o.s.w.r.r.m.a.ResponseBodyResultHandler - [1cc6cf05] 0..N [org.springframework.web.reactive.result.method.annotation.RequestMappingMessageConversionIntegrationTests$Person]
16:12:37.058 [XNIO-42 I/O-6] DEBUG o.s.h.c.j.Jackson2JsonDecoder - [1cc6cf05] Decoded [Person{name='Robert'}]
16:12:37.058 [XNIO-42 I/O-6] DEBUG o.s.h.c.j.Jackson2JsonDecoder - [1cc6cf05] Decoded [Person{name='Marie'}]
16:12:37.058 [XNIO-42 I/O-6] DEBUG o.s.h.c.j.Jackson2JsonEncoder - [1cc6cf05] Encoding [[Person{name='ROBERT'}, Person{name='MARIE'}]]
16:12:37.059 [XNIO-42 I/O-6] DEBUG o.s.w.s.a.HttpWebHandlerAdapter - [1cc6cf05] Completed 200 OK
16:12:37.059 [Test worker] DEBUG o.s.w.c.RestTemplate - Response 200 OK
16:12:37.059 [Test worker] DEBUG o.s.w.c.RestTemplate - Reading to [java.util.List<org.springframework.web.reactive.result.method.annotation.RequestMappingMessageConversionIntegrationTests$Person>]
16:12:37.060 [Test worker] DEBUG o.s.w.t.h.s.r.b.UndertowHttpServer - Stopping UndertowHttpServer...
16:12:37.060 [Test worker] INFO  i.undertow - stopping server: Undertow - 2.0.32.Final
16:12:37.062 [Test worker] DEBUG o.s.w.t.h.s.r.b.UndertowHttpServer - Server stopped (0 millis).
16:12:37.239 [Test worker] DEBUG o.s.w.r.r.m.a.RequestMappingHandlerMapping - 39 mappings in 'requestMappingHandlerMapping'
16:12:37.385 [Test worker] DEBUG o.s.w.r.r.m.a.ControllerMethodResolver - ControllerAdvice beans: none
16:12:37.445 [Test worker] DEBUG o.s.w.s.a.HttpWebHandlerAdapter - enableLoggingRequestDetails='false': form data and headers will be masked to prevent unsafe logging of potentially sensitive data
16:12:37.446 [Test worker] WARN  o.e.j.s.h.ContextHandler - Empty contextPath
16:12:37.454 [Test worker] INFO  o.e.j.s.h.ContextHandler - Started o.e.j.s.ServletContextHandler@2a6b2dc1{/,null,AVAILABLE}
16:12:37.455 [Test worker] DEBUG o.s.w.t.h.s.r.b.JettyHttpServer - Starting JettyHttpServer...
16:12:37.455 [Test worker] INFO  o.e.j.s.Server - jetty-9.4.31.v20200723; built: 2020-07-23T17:57:36.812Z; git: 450ba27947e13e66baa8cd1ce7e85a4461cacc1d; jvm 1.8.0_201-b09
16:12:37.477 [Test worker] INFO  o.e.j.s.AbstractConnector - Started ServerConnector@613e09c{HTTP/1.1, (http/1.1)}{0.0.0.0:56555}
16:12:37.477 [Test worker] INFO  o.e.j.s.Server - Started @125323ms
16:12:37.478 [Test worker] DEBUG o.s.w.t.h.s.r.b.JettyHttpServer - Server started on port 56555(0 millis).
16:12:37.478 [Test worker] DEBUG o.s.w.c.RestTemplate - HTTP POST http://localhost:56555/person-transform/mono
16:12:37.479 [Test worker] DEBUG o.s.w.c.RestTemplate - Accept=[application/xml, text/xml, application/json, application/x-jackson-smile, application/*+xml, application/*+json]
16:12:37.480 [Test worker] DEBUG o.s.w.c.RestTemplate - Writing [Person{name='Robert'}] as "application/json"
16:12:37.483 [qtp385136624-1644] DEBUG o.s.w.s.a.HttpWebHandlerAdapter - [6d02969d] HTTP POST "/person-transform/mono"
16:12:37.483 [qtp385136624-1644] DEBUG o.s.w.r.r.m.a.RequestMappingHandlerMapping - [6d02969d] Mapped to org.springframework.web.reactive.result.method.annotation.RequestMappingMessageConversionIntegrationTests$PersonTransformationController#transformMono(Mono)
16:12:37.484 [qtp385136624-1644] DEBUG o.s.w.r.r.m.a.RequestBodyMethodArgumentResolver - [6d02969d] Content-Type:application/json;charset=UTF-8
16:12:37.484 [qtp385136624-1644] DEBUG o.s.w.r.r.m.a.RequestBodyMethodArgumentResolver - [6d02969d] 0..1 [org.springframework.web.reactive.result.method.annotation.RequestMappingMessageConversionIntegrationTests$Person]
16:12:37.486 [qtp385136624-1644] DEBUG o.s.w.r.r.m.a.ResponseBodyResultHandler - Using 'application/json' given [application/json] and supported [application/json, application/*+json, application/x-jackson-smile, application/*+x-jackson-smile, application/xml, text/xml, text/event-stream]
16:12:37.486 [qtp385136624-1644] DEBUG o.s.w.r.r.m.a.ResponseBodyResultHandler - [6d02969d] 0..1 [org.springframework.web.reactive.result.method.annotation.RequestMappingMessageConversionIntegrationTests$Person]
16:12:37.487 [qtp385136624-1644] DEBUG o.s.h.c.j.Jackson2JsonDecoder - [6d02969d] Decoded [Person{name='Robert'}]
16:12:37.487 [qtp385136624-1644] DEBUG o.s.h.c.j.Jackson2JsonEncoder - [6d02969d] Encoding [Person{name='ROBERT'}]
16:12:37.488 [qtp385136624-1644] DEBUG o.s.w.s.a.HttpWebHandlerAdapter - [6d02969d] Completed 200 OK
16:12:37.510 [Test worker] DEBUG o.s.w.c.RestTemplate - Response 200 OK
16:12:37.510 [Test worker] DEBUG o.s.w.c.RestTemplate - Reading to [org.springframework.web.reactive.result.method.annotation.RequestMappingMessageConversionIntegrationTests$Person]
16:12:37.510 [Test worker] DEBUG o.s.w.t.h.s.r.b.JettyHttpServer - Stopping JettyHttpServer...
16:12:37.511 [Test worker] INFO  o.e.j.s.h.ContextHandler - Stopped o.e.j.s.ServletContextHandler@2a6b2dc1{/,null,UNAVAILABLE}
16:12:37.518 [Test worker] INFO  o.e.j.s.AbstractConnector - Stopped ServerConnector@613e09c{HTTP/1.1, (http/1.1)}{0.0.0.0:0}
16:12:37.529 [Test worker] DEBUG o.s.w.t.h.s.r.b.JettyHttpServer - Server stopped (0 millis).
16:12:37.681 [Test worker] DEBUG o.s.w.r.r.m.a.RequestMappingHandlerMapping - 39 mappings in 'requestMappingHandlerMapping'
16:12:37.743 [Test worker] DEBUG o.s.w.r.r.m.a.ControllerMethodResolver - ControllerAdvice beans: none
16:12:37.810 [Test worker] DEBUG o.s.w.s.a.HttpWebHandlerAdapter - enableLoggingRequestDetails='false': form data and headers will be masked to prevent unsafe logging of potentially sensitive data
16:12:37.810 [Test worker] DEBUG o.s.w.t.h.s.r.b.ReactorHttpServer - Starting ReactorHttpServer...
16:12:37.811 [Test worker] DEBUG o.s.w.t.h.s.r.b.ReactorHttpServer - Server started on port 56557(0 millis).
16:12:37.811 [Test worker] DEBUG o.s.w.c.RestTemplate - HTTP POST http://localhost:56557/person-transform/mono
16:12:37.812 [Test worker] DEBUG o.s.w.c.RestTemplate - Accept=[application/xml, text/xml, application/json, application/x-jackson-smile, application/*+xml, application/*+json]
16:12:37.812 [Test worker] DEBUG o.s.w.c.RestTemplate - Writing [Person{name='Robert'}] as "application/json"
16:12:37.814 [reactor-http-nio-10] DEBUG o.s.w.s.a.HttpWebHandlerAdapter - [dfed2760-44] HTTP POST "/person-transform/mono"
16:12:37.815 [reactor-http-nio-10] DEBUG o.s.w.r.r.m.a.RequestMappingHandlerMapping - [dfed2760-44] Mapped to org.springframework.web.reactive.result.method.annotation.RequestMappingMessageConversionIntegrationTests$PersonTransformationController#transformMono(Mono)
16:12:37.816 [reactor-http-nio-10] DEBUG o.s.w.r.r.m.a.RequestBodyMethodArgumentResolver - [dfed2760-44] Content-Type:application/json
16:12:37.816 [reactor-http-nio-10] DEBUG o.s.w.r.r.m.a.RequestBodyMethodArgumentResolver - [dfed2760-44] 0..1 [org.springframework.web.reactive.result.method.annotation.RequestMappingMessageConversionIntegrationTests$Person]
16:12:37.817 [reactor-http-nio-10] DEBUG o.s.w.r.r.m.a.ResponseBodyResultHandler - Using 'application/json' given [application/json] and supported [application/json, application/*+json, application/x-jackson-smile, application/*+x-jackson-smile, application/xml, text/xml, text/event-stream]
16:12:37.817 [reactor-http-nio-10] DEBUG o.s.w.r.r.m.a.ResponseBodyResultHandler - [dfed2760-44] 0..1 [org.springframework.web.reactive.result.method.annotation.RequestMappingMessageConversionIntegrationTests$Person]
16:12:37.818 [reactor-http-nio-10] DEBUG o.s.h.c.j.Jackson2JsonDecoder - [dfed2760-44] Decoded [Person{name='Robert'}]
16:12:37.818 [reactor-http-nio-10] DEBUG o.s.h.c.j.Jackson2JsonEncoder - [dfed2760-44] Encoding [Person{name='ROBERT'}]
16:12:37.819 [Test worker] DEBUG o.s.w.c.RestTemplate - Response 200 OK
16:12:37.820 [reactor-http-nio-10] DEBUG o.s.w.s.a.HttpWebHandlerAdapter - [dfed2760-44] Completed 200 OK
16:12:37.820 [Test worker] DEBUG o.s.w.c.RestTemplate - Reading to [org.springframework.web.reactive.result.method.annotation.RequestMappingMessageConversionIntegrationTests$Person]
16:12:37.820 [Test worker] DEBUG o.s.w.t.h.s.r.b.ReactorHttpServer - Stopping ReactorHttpServer...
16:12:37.820 [Test worker] DEBUG o.s.w.t.h.s.r.b.ReactorHttpServer - Server stopped (0 millis).
16:12:37.970 [Test worker] DEBUG o.s.w.r.r.m.a.RequestMappingHandlerMapping - 39 mappings in 'requestMappingHandlerMapping'
16:12:38.030 [Test worker] DEBUG o.s.w.r.r.m.a.ControllerMethodResolver - ControllerAdvice beans: none
16:12:38.122 [Test worker] DEBUG o.s.w.s.a.HttpWebHandlerAdapter - enableLoggingRequestDetails='false': form data and headers will be masked to prevent unsafe logging of potentially sensitive data
16:12:38.124 [Test worker] DEBUG o.s.w.t.h.s.r.b.TomcatHttpServer - Starting TomcatHttpServer...
16:12:38.140 [Test worker] DEBUG o.s.w.t.h.s.r.b.TomcatHttpServer - Server started on port 56559(0 millis).
16:12:38.141 [Test worker] DEBUG o.s.w.c.RestTemplate - HTTP POST http://localhost:56559/person-transform/mono
16:12:38.141 [Test worker] DEBUG o.s.w.c.RestTemplate - Accept=[application/xml, text/xml, application/json, application/x-jackson-smile, application/*+xml, application/*+json]
16:12:38.142 [Test worker] DEBUG o.s.w.c.RestTemplate - Writing [Person{name='Robert'}] as "application/json"
16:12:38.145 [http-nio-auto-43-exec-1] DEBUG o.s.w.s.a.HttpWebHandlerAdapter - [7375b309] HTTP POST "/person-transform/mono"
16:12:38.146 [http-nio-auto-43-exec-1] DEBUG o.s.w.r.r.m.a.RequestMappingHandlerMapping - [7375b309] Mapped to org.springframework.web.reactive.result.method.annotation.RequestMappingMessageConversionIntegrationTests$PersonTransformationController#transformMono(Mono)
16:12:38.146 [http-nio-auto-43-exec-1] DEBUG o.s.w.r.r.m.a.RequestBodyMethodArgumentResolver - [7375b309] Content-Type:application/json
16:12:38.147 [http-nio-auto-43-exec-1] DEBUG o.s.w.r.r.m.a.RequestBodyMethodArgumentResolver - [7375b309] 0..1 [org.springframework.web.reactive.result.method.annotation.RequestMappingMessageConversionIntegrationTests$Person]
16:12:38.148 [http-nio-auto-43-exec-1] DEBUG o.s.w.r.r.m.a.ResponseBodyResultHandler - Using 'application/json' given [application/json] and supported [application/json, application/*+json, application/x-jackson-smile, application/*+x-jackson-smile, application/xml, text/xml, text/event-stream]
16:12:38.148 [http-nio-auto-43-exec-1] DEBUG o.s.w.r.r.m.a.ResponseBodyResultHandler - [7375b309] 0..1 [org.springframework.web.reactive.result.method.annotation.RequestMappingMessageConversionIntegrationTests$Person]
16:12:38.149 [http-nio-auto-43-exec-1] DEBUG o.s.h.c.j.Jackson2JsonDecoder - [7375b309] Decoded [Person{name='Robert'}]
16:12:38.149 [http-nio-auto-43-exec-1] DEBUG o.s.h.c.j.Jackson2JsonEncoder - [7375b309] Encoding [Person{name='ROBERT'}]
16:12:38.150 [http-nio-auto-43-exec-1] DEBUG o.s.w.s.a.HttpWebHandlerAdapter - [7375b309] Completed 200 OK
16:12:38.150 [Test worker] DEBUG o.s.w.c.RestTemplate - Response 200 OK
16:12:38.150 [Test worker] DEBUG o.s.w.c.RestTemplate - Reading to [org.springframework.web.reactive.result.method.annotation.RequestMappingMessageConversionIntegrationTests$Person]
16:12:38.151 [Test worker] DEBUG o.s.w.t.h.s.r.b.TomcatHttpServer - Stopping TomcatHttpServer...
16:12:38.165 [Test worker] DEBUG o.s.w.t.h.s.r.b.TomcatHttpServer - Server stopped (0 millis).
16:12:38.366 [Test worker] DEBUG o.s.w.r.r.m.a.RequestMappingHandlerMapping - 39 mappings in 'requestMappingHandlerMapping'
16:12:38.438 [Test worker] DEBUG o.s.w.r.r.m.a.ControllerMethodResolver - ControllerAdvice beans: none
16:12:38.482 [Test worker] DEBUG o.s.w.s.a.HttpWebHandlerAdapter - enableLoggingRequestDetails='false': form data and headers will be masked to prevent unsafe logging of potentially sensitive data
16:12:38.482 [Test worker] DEBUG o.s.w.t.h.s.r.b.UndertowHttpServer - Starting UndertowHttpServer...
16:12:38.482 [Test worker] INFO  i.undertow - starting server: Undertow - 2.0.32.Final
16:12:38.530 [Test worker] DEBUG o.s.w.t.h.s.r.b.UndertowHttpServer - Server started on port 56562(0 millis).
16:12:38.531 [Test worker] DEBUG o.s.w.c.RestTemplate - HTTP POST http://localhost:56562/person-transform/mono
16:12:38.532 [Test worker] DEBUG o.s.w.c.RestTemplate - Accept=[application/xml, text/xml, application/json, application/x-jackson-smile, application/*+xml, application/*+json]
16:12:38.532 [Test worker] DEBUG o.s.w.c.RestTemplate - Writing [Person{name='Robert'}] as "application/json"
16:12:38.535 [XNIO-43 I/O-6] DEBUG o.s.w.s.a.HttpWebHandlerAdapter - [264779df] HTTP POST "/person-transform/mono"
16:12:38.535 [XNIO-43 I/O-6] DEBUG o.s.w.r.r.m.a.RequestMappingHandlerMapping - [264779df] Mapped to org.springframework.web.reactive.result.method.annotation.RequestMappingMessageConversionIntegrationTests$PersonTransformationController#transformMono(Mono)
16:12:38.536 [XNIO-43 I/O-6] DEBUG o.s.w.r.r.m.a.RequestBodyMethodArgumentResolver - [264779df] Content-Type:application/json
16:12:38.536 [XNIO-43 I/O-6] DEBUG o.s.w.r.r.m.a.RequestBodyMethodArgumentResolver - [264779df] 0..1 [org.springframework.web.reactive.result.method.annotation.RequestMappingMessageConversionIntegrationTests$Person]
16:12:38.537 [XNIO-43 I/O-6] DEBUG o.s.w.r.r.m.a.ResponseBodyResultHandler - Using 'application/json' given [application/json] and supported [application/json, application/*+json, application/x-jackson-smile, application/*+x-jackson-smile, application/xml, text/xml, text/event-stream]
16:12:38.537 [XNIO-43 I/O-6] DEBUG o.s.w.r.r.m.a.ResponseBodyResultHandler - [264779df] 0..1 [org.springframework.web.reactive.result.method.annotation.RequestMappingMessageConversionIntegrationTests$Person]
16:12:38.538 [XNIO-43 I/O-6] DEBUG o.s.h.c.j.Jackson2JsonDecoder - [264779df] Decoded [Person{name='Robert'}]
16:12:38.538 [XNIO-43 I/O-6] DEBUG o.s.h.c.j.Jackson2JsonEncoder - [264779df] Encoding [Person{name='ROBERT'}]
16:12:38.539 [XNIO-43 I/O-6] DEBUG o.s.w.s.a.HttpWebHandlerAdapter - [264779df] Completed 200 OK
16:12:38.539 [Test worker] DEBUG o.s.w.c.RestTemplate - Response 200 OK
16:12:38.539 [Test worker] DEBUG o.s.w.c.RestTemplate - Reading to [org.springframework.web.reactive.result.method.annotation.RequestMappingMessageConversionIntegrationTests$Person]
16:12:38.540 [Test worker] DEBUG o.s.w.t.h.s.r.b.UndertowHttpServer - Stopping UndertowHttpServer...
16:12:38.540 [Test worker] INFO  i.undertow - stopping server: Undertow - 2.0.32.Final
16:12:38.541 [Test worker] DEBUG o.s.w.t.h.s.r.b.UndertowHttpServer - Server stopped (0 millis).
16:12:38.694 [Test worker] DEBUG o.s.w.r.r.m.a.RequestMappingHandlerMapping - 39 mappings in 'requestMappingHandlerMapping'
16:12:38.759 [Test worker] DEBUG o.s.w.r.r.m.a.ControllerMethodResolver - ControllerAdvice beans: none
16:12:38.810 [Test worker] DEBUG o.s.w.s.a.HttpWebHandlerAdapter - enableLoggingRequestDetails='false': form data and headers will be masked to prevent unsafe logging of potentially sensitive data
16:12:38.810 [Test worker] WARN  o.e.j.s.h.ContextHandler - Empty contextPath
16:12:38.811 [Test worker] INFO  o.e.j.s.h.ContextHandler - Started o.e.j.s.ServletContextHandler@4f97391{/,null,AVAILABLE}
16:12:38.811 [Test worker] DEBUG o.s.w.t.h.s.r.b.JettyHttpServer - Starting JettyHttpServer...
16:12:38.811 [Test worker] INFO  o.e.j.s.Server - jetty-9.4.31.v20200723; built: 2020-07-23T17:57:36.812Z; git: 450ba27947e13e66baa8cd1ce7e85a4461cacc1d; jvm 1.8.0_201-b09
16:12:38.827 [Test worker] INFO  o.e.j.s.AbstractConnector - Started ServerConnector@6bc435c3{HTTP/1.1, (http/1.1)}{0.0.0.0:56564}
16:12:38.827 [Test worker] INFO  o.e.j.s.Server - Started @126673ms
16:12:38.827 [Test worker] DEBUG o.s.w.t.h.s.r.b.JettyHttpServer - Server started on port 56564(0 millis).
16:12:38.828 [Test worker] DEBUG o.s.w.c.RestTemplate - HTTP POST http://localhost:56564/person-transform/person
16:12:38.829 [Test worker] DEBUG o.s.w.c.RestTemplate - Accept=[application/xml, text/xml, application/json, application/x-jackson-smile, application/*+xml, application/*+json]
16:12:38.830 [Test worker] DEBUG o.s.w.c.RestTemplate - Writing [Person{name='Robert'}] as "application/json"
16:12:38.832 [qtp1667149772-1682] DEBUG o.s.w.s.a.HttpWebHandlerAdapter - [8d237f3] HTTP POST "/person-transform/person"
16:12:38.832 [qtp1667149772-1682] DEBUG o.s.w.r.r.m.a.RequestMappingHandlerMapping - [8d237f3] Mapped to org.springframework.web.reactive.result.method.annotation.RequestMappingMessageConversionIntegrationTests$PersonTransformationController#transformPerson(Person)
16:12:38.833 [qtp1667149772-1682] DEBUG o.s.w.r.r.m.a.RequestBodyMethodArgumentResolver - [8d237f3] Content-Type:application/json;charset=UTF-8
16:12:38.833 [qtp1667149772-1682] DEBUG o.s.w.r.r.m.a.RequestBodyMethodArgumentResolver - [8d237f3] 0..1 [org.springframework.web.reactive.result.method.annotation.RequestMappingMessageConversionIntegrationTests$Person]
16:12:38.834 [qtp1667149772-1682] DEBUG o.s.h.c.j.Jackson2JsonDecoder - [8d237f3] Decoded [Person{name='Robert'}]
16:12:38.835 [qtp1667149772-1682] DEBUG o.s.w.r.r.m.a.ResponseBodyResultHandler - Using 'application/json' given [application/json] and supported [application/json, application/*+json, application/x-jackson-smile, application/*+x-jackson-smile, application/xml, text/xml, text/event-stream]
16:12:38.835 [qtp1667149772-1682] DEBUG o.s.w.r.r.m.a.ResponseBodyResultHandler - [8d237f3] 0..1 [org.springframework.web.reactive.result.method.annotation.RequestMappingMessageConversionIntegrationTests$Person]
16:12:38.835 [qtp1667149772-1682] DEBUG o.s.h.c.j.Jackson2JsonEncoder - [8d237f3] Encoding [Person{name='ROBERT'}]
16:12:38.836 [qtp1667149772-1682] DEBUG o.s.w.s.a.HttpWebHandlerAdapter - [8d237f3] Completed 200 OK
16:12:38.836 [Test worker] DEBUG o.s.w.c.RestTemplate - Response 200 OK
16:12:38.836 [Test worker] DEBUG o.s.w.c.RestTemplate - Reading to [org.springframework.web.reactive.result.method.annotation.RequestMappingMessageConversionIntegrationTests$Person]
16:12:38.837 [Test worker] DEBUG o.s.w.t.h.s.r.b.JettyHttpServer - Stopping JettyHttpServer...
16:12:38.837 [Test worker] INFO  o.e.j.s.h.ContextHandler - Stopped o.e.j.s.ServletContextHandler@4f97391{/,null,UNAVAILABLE}
16:12:38.839 [Test worker] INFO  o.e.j.s.AbstractConnector - Stopped ServerConnector@6bc435c3{HTTP/1.1, (http/1.1)}{0.0.0.0:0}
16:12:38.850 [Test worker] DEBUG o.s.w.t.h.s.r.b.JettyHttpServer - Server stopped (0 millis).
16:12:38.988 [Test worker] DEBUG o.s.w.r.r.m.a.RequestMappingHandlerMapping - 39 mappings in 'requestMappingHandlerMapping'
16:12:39.047 [Test worker] DEBUG o.s.w.r.r.m.a.ControllerMethodResolver - ControllerAdvice beans: none
16:12:39.081 [Test worker] DEBUG o.s.w.s.a.HttpWebHandlerAdapter - enableLoggingRequestDetails='false': form data and headers will be masked to prevent unsafe logging of potentially sensitive data
16:12:39.081 [Test worker] DEBUG o.s.w.t.h.s.r.b.ReactorHttpServer - Starting ReactorHttpServer...
16:12:39.090 [Test worker] DEBUG o.s.w.t.h.s.r.b.ReactorHttpServer - Server started on port 56579(0 millis).
16:12:39.090 [Test worker] DEBUG o.s.w.c.RestTemplate - HTTP POST http://localhost:56579/person-transform/person
16:12:39.091 [Test worker] DEBUG o.s.w.c.RestTemplate - Accept=[application/xml, text/xml, application/json, application/x-jackson-smile, application/*+xml, application/*+json]
16:12:39.092 [Test worker] DEBUG o.s.w.c.RestTemplate - Writing [Person{name='Robert'}] as "application/json"
16:12:39.095 [reactor-http-nio-12] DEBUG o.s.w.s.a.HttpWebHandlerAdapter - [06f3b80d-45] HTTP POST "/person-transform/person"
16:12:39.096 [reactor-http-nio-12] DEBUG o.s.w.r.r.m.a.RequestMappingHandlerMapping - [06f3b80d-45] Mapped to org.springframework.web.reactive.result.method.annotation.RequestMappingMessageConversionIntegrationTests$PersonTransformationController#transformPerson(Person)
16:12:39.096 [reactor-http-nio-12] DEBUG o.s.w.r.r.m.a.RequestBodyMethodArgumentResolver - [06f3b80d-45] Content-Type:application/json
16:12:39.097 [reactor-http-nio-12] DEBUG o.s.w.r.r.m.a.RequestBodyMethodArgumentResolver - [06f3b80d-45] 0..1 [org.springframework.web.reactive.result.method.annotation.RequestMappingMessageConversionIntegrationTests$Person]
16:12:39.097 [reactor-http-nio-12] DEBUG o.s.h.c.j.Jackson2JsonDecoder - [06f3b80d-45] Decoded [Person{name='Robert'}]
16:12:39.098 [reactor-http-nio-12] DEBUG o.s.w.r.r.m.a.ResponseBodyResultHandler - Using 'application/json' given [application/json] and supported [application/json, application/*+json, application/x-jackson-smile, application/*+x-jackson-smile, application/xml, text/xml, text/event-stream]
16:12:39.098 [reactor-http-nio-12] DEBUG o.s.w.r.r.m.a.ResponseBodyResultHandler - [06f3b80d-45] 0..1 [org.springframework.web.reactive.result.method.annotation.RequestMappingMessageConversionIntegrationTests$Person]
16:12:39.099 [reactor-http-nio-12] DEBUG o.s.h.c.j.Jackson2JsonEncoder - [06f3b80d-45] Encoding [Person{name='ROBERT'}]
16:12:39.100 [reactor-http-nio-12] DEBUG o.s.w.s.a.HttpWebHandlerAdapter - [06f3b80d-45] Completed 200 OK
16:12:39.104 [Test worker] DEBUG o.s.w.c.RestTemplate - Response 200 OK
16:12:39.104 [Test worker] DEBUG o.s.w.c.RestTemplate - Reading to [org.springframework.web.reactive.result.method.annotation.RequestMappingMessageConversionIntegrationTests$Person]
16:12:39.104 [Test worker] DEBUG o.s.w.t.h.s.r.b.ReactorHttpServer - Stopping ReactorHttpServer...
16:12:39.104 [Test worker] DEBUG o.s.w.t.h.s.r.b.ReactorHttpServer - Server stopped (0 millis).
16:12:39.196 [Test worker] DEBUG o.s.w.r.r.m.a.RequestMappingHandlerMapping - 39 mappings in 'requestMappingHandlerMapping'
16:12:39.303 [Test worker] DEBUG o.s.w.r.r.m.a.ControllerMethodResolver - ControllerAdvice beans: none
16:12:39.345 [Test worker] DEBUG o.s.w.s.a.HttpWebHandlerAdapter - enableLoggingRequestDetails='false': form data and headers will be masked to prevent unsafe logging of potentially sensitive data
16:12:39.346 [Test worker] DEBUG o.s.w.t.h.s.r.b.TomcatHttpServer - Starting TomcatHttpServer...
16:12:39.363 [Test worker] DEBUG o.s.w.t.h.s.r.b.TomcatHttpServer - Server started on port 56581(0 millis).
16:12:39.363 [Test worker] DEBUG o.s.w.c.RestTemplate - HTTP POST http://localhost:56581/person-transform/person
16:12:39.364 [Test worker] DEBUG o.s.w.c.RestTemplate - Accept=[application/xml, text/xml, application/json, application/x-jackson-smile, application/*+xml, application/*+json]
16:12:39.365 [Test worker] DEBUG o.s.w.c.RestTemplate - Writing [Person{name='Robert'}] as "application/json"
16:12:39.373 [http-nio-auto-44-exec-1] DEBUG o.s.w.s.a.HttpWebHandlerAdapter - [389982ac] HTTP POST "/person-transform/person"
16:12:39.373 [http-nio-auto-44-exec-1] DEBUG o.s.w.r.r.m.a.RequestMappingHandlerMapping - [389982ac] Mapped to org.springframework.web.reactive.result.method.annotation.RequestMappingMessageConversionIntegrationTests$PersonTransformationController#transformPerson(Person)
16:12:39.374 [http-nio-auto-44-exec-1] DEBUG o.s.w.r.r.m.a.RequestBodyMethodArgumentResolver - [389982ac] Content-Type:application/json
16:12:39.374 [http-nio-auto-44-exec-1] DEBUG o.s.w.r.r.m.a.RequestBodyMethodArgumentResolver - [389982ac] 0..1 [org.springframework.web.reactive.result.method.annotation.RequestMappingMessageConversionIntegrationTests$Person]
16:12:39.375 [http-nio-auto-44-exec-1] DEBUG o.s.h.c.j.Jackson2JsonDecoder - [389982ac] Decoded [Person{name='Robert'}]
16:12:39.376 [http-nio-auto-44-exec-1] DEBUG o.s.w.r.r.m.a.ResponseBodyResultHandler - Using 'application/json' given [application/json] and supported [application/json, application/*+json, application/x-jackson-smile, application/*+x-jackson-smile, application/xml, text/xml, text/event-stream]
16:12:39.376 [http-nio-auto-44-exec-1] DEBUG o.s.w.r.r.m.a.ResponseBodyResultHandler - [389982ac] 0..1 [org.springframework.web.reactive.result.method.annotation.RequestMappingMessageConversionIntegrationTests$Person]
16:12:39.376 [http-nio-auto-44-exec-1] DEBUG o.s.h.c.j.Jackson2JsonEncoder - [389982ac] Encoding [Person{name='ROBERT'}]
16:12:39.377 [http-nio-auto-44-exec-1] DEBUG o.s.w.s.a.HttpWebHandlerAdapter - [389982ac] Completed 200 OK
16:12:39.377 [Test worker] DEBUG o.s.w.c.RestTemplate - Response 200 OK
16:12:39.377 [Test worker] DEBUG o.s.w.c.RestTemplate - Reading to [org.springframework.web.reactive.result.method.annotation.RequestMappingMessageConversionIntegrationTests$Person]
16:12:39.378 [Test worker] DEBUG o.s.w.t.h.s.r.b.TomcatHttpServer - Stopping TomcatHttpServer...
16:12:39.388 [Test worker] DEBUG o.s.w.t.h.s.r.b.TomcatHttpServer - Server stopped (0 millis).
16:12:39.500 [Test worker] DEBUG o.s.w.r.r.m.a.RequestMappingHandlerMapping - 39 mappings in 'requestMappingHandlerMapping'
16:12:39.546 [Test worker] DEBUG o.s.w.r.r.m.a.ControllerMethodResolver - ControllerAdvice beans: none
16:12:39.592 [Test worker] DEBUG o.s.w.s.a.HttpWebHandlerAdapter - enableLoggingRequestDetails='false': form data and headers will be masked to prevent unsafe logging of potentially sensitive data
16:12:39.592 [Test worker] DEBUG o.s.w.t.h.s.r.b.UndertowHttpServer - Starting UndertowHttpServer...
16:12:39.592 [Test worker] INFO  i.undertow - starting server: Undertow - 2.0.32.Final
16:12:39.608 [Test worker] DEBUG o.s.w.t.h.s.r.b.UndertowHttpServer - Server started on port 56584(0 millis).
16:12:39.608 [Test worker] DEBUG o.s.w.c.RestTemplate - HTTP POST http://localhost:56584/person-transform/person
16:12:39.609 [Test worker] DEBUG o.s.w.c.RestTemplate - Accept=[application/xml, text/xml, application/json, application/x-jackson-smile, application/*+xml, application/*+json]
16:12:39.610 [Test worker] DEBUG o.s.w.c.RestTemplate - Writing [Person{name='Robert'}] as "application/json"
16:12:39.612 [XNIO-44 I/O-6] DEBUG o.s.w.s.a.HttpWebHandlerAdapter - [201c211a] HTTP POST "/person-transform/person"
16:12:39.612 [XNIO-44 I/O-6] DEBUG o.s.w.r.r.m.a.RequestMappingHandlerMapping - [201c211a] Mapped to org.springframework.web.reactive.result.method.annotation.RequestMappingMessageConversionIntegrationTests$PersonTransformationController#transformPerson(Person)
16:12:39.613 [XNIO-44 I/O-6] DEBUG o.s.w.r.r.m.a.RequestBodyMethodArgumentResolver - [201c211a] Content-Type:application/json
16:12:39.613 [XNIO-44 I/O-6] DEBUG o.s.w.r.r.m.a.RequestBodyMethodArgumentResolver - [201c211a] 0..1 [org.springframework.web.reactive.result.method.annotation.RequestMappingMessageConversionIntegrationTests$Person]
16:12:39.614 [XNIO-44 I/O-6] DEBUG o.s.h.c.j.Jackson2JsonDecoder - [201c211a] Decoded [Person{name='Robert'}]
16:12:39.615 [XNIO-44 I/O-6] DEBUG o.s.w.r.r.m.a.ResponseBodyResultHandler - Using 'application/json' given [application/json] and supported [application/json, application/*+json, application/x-jackson-smile, application/*+x-jackson-smile, application/xml, text/xml, text/event-stream]
16:12:39.615 [XNIO-44 I/O-6] DEBUG o.s.w.r.r.m.a.ResponseBodyResultHandler - [201c211a] 0..1 [org.springframework.web.reactive.result.method.annotation.RequestMappingMessageConversionIntegrationTests$Person]
16:12:39.615 [XNIO-44 I/O-6] DEBUG o.s.h.c.j.Jackson2JsonEncoder - [201c211a] Encoding [Person{name='ROBERT'}]
16:12:39.616 [XNIO-44 I/O-6] DEBUG o.s.w.s.a.HttpWebHandlerAdapter - [201c211a] Completed 200 OK
16:12:39.616 [Test worker] DEBUG o.s.w.c.RestTemplate - Response 200 OK
16:12:39.616 [Test worker] DEBUG o.s.w.c.RestTemplate - Reading to [org.springframework.web.reactive.result.method.annotation.RequestMappingMessageConversionIntegrationTests$Person]
16:12:39.616 [Test worker] DEBUG o.s.w.t.h.s.r.b.UndertowHttpServer - Stopping UndertowHttpServer...
16:12:39.616 [Test worker] INFO  i.undertow - stopping server: Undertow - 2.0.32.Final
16:12:39.617 [Test worker] DEBUG o.s.w.t.h.s.r.b.UndertowHttpServer - Server stopped (0 millis).
16:12:39.714 [Test worker] DEBUG o.s.w.r.r.m.a.RequestMappingHandlerMapping - 39 mappings in 'requestMappingHandlerMapping'
16:12:39.759 [Test worker] DEBUG o.s.w.r.r.m.a.ControllerMethodResolver - ControllerAdvice beans: none
16:12:39.822 [Test worker] DEBUG o.s.w.s.a.HttpWebHandlerAdapter - enableLoggingRequestDetails='false': form data and headers will be masked to prevent unsafe logging of potentially sensitive data
16:12:39.822 [Test worker] WARN  o.e.j.s.h.ContextHandler - Empty contextPath
16:12:39.824 [Test worker] INFO  o.e.j.s.h.ContextHandler - Started o.e.j.s.ServletContextHandler@2cc3682b{/,null,AVAILABLE}
16:12:39.824 [Test worker] DEBUG o.s.w.t.h.s.r.b.JettyHttpServer - Starting JettyHttpServer...
16:12:39.824 [Test worker] INFO  o.e.j.s.Server - jetty-9.4.31.v20200723; built: 2020-07-23T17:57:36.812Z; git: 450ba27947e13e66baa8cd1ce7e85a4461cacc1d; jvm 1.8.0_201-b09
16:12:39.839 [Test worker] INFO  o.e.j.s.AbstractConnector - Started ServerConnector@5f4216ac{HTTP/1.1, (http/1.1)}{0.0.0.0:56586}
16:12:39.839 [Test worker] INFO  o.e.j.s.Server - Started @127685ms
16:12:39.839 [Test worker] DEBUG o.s.w.t.h.s.r.b.JettyHttpServer - Server started on port 56586(0 millis).
16:12:39.839 [Test worker] DEBUG o.s.w.c.RestTemplate - HTTP POST http://localhost:56586/person-transform/mono
16:12:39.840 [Test worker] DEBUG o.s.w.c.RestTemplate - Accept=[application/xml, text/xml, application/json, application/x-jackson-smile, application/*+xml, application/*+json]
16:12:39.840 [Test worker] DEBUG o.s.w.c.RestTemplate - Writing [Person{name='Robert'}] as "application/xml"
16:12:39.846 [qtp343572058-1720] DEBUG o.s.w.s.a.HttpWebHandlerAdapter - [ff5dbeb] HTTP POST "/person-transform/mono"
16:12:39.846 [qtp343572058-1720] DEBUG o.s.w.r.r.m.a.RequestMappingHandlerMapping - [ff5dbeb] Mapped to org.springframework.web.reactive.result.method.annotation.RequestMappingMessageConversionIntegrationTests$PersonTransformationController#transformMono(Mono)
16:12:39.847 [qtp343572058-1720] DEBUG o.s.w.r.r.m.a.RequestBodyMethodArgumentResolver - [ff5dbeb] Content-Type:application/xml
16:12:39.847 [qtp343572058-1720] DEBUG o.s.w.r.r.m.a.RequestBodyMethodArgumentResolver - [ff5dbeb] 0..1 [org.springframework.web.reactive.result.method.annotation.RequestMappingMessageConversionIntegrationTests$Person]
16:12:39.849 [qtp343572058-1720] DEBUG o.s.w.r.r.m.a.ResponseBodyResultHandler - Using 'application/xml' given [application/xml] and supported [application/json, application/*+json, application/x-jackson-smile, application/*+x-jackson-smile, application/xml, text/xml, text/event-stream]
16:12:39.849 [qtp343572058-1720] DEBUG o.s.w.r.r.m.a.ResponseBodyResultHandler - [ff5dbeb] 0..1 [org.springframework.web.reactive.result.method.annotation.RequestMappingMessageConversionIntegrationTests$Person]
16:12:39.870 [qtp343572058-1720] DEBUG o.s.h.c.x.Jaxb2XmlEncoder - [ff5dbeb] Encoding [Person{name='ROBERT'}]
16:12:39.874 [qtp343572058-1720] DEBUG o.s.w.s.a.HttpWebHandlerAdapter - [ff5dbeb] Completed 200 OK
16:12:39.874 [Test worker] DEBUG o.s.w.c.RestTemplate - Response 200 OK
16:12:39.874 [Test worker] DEBUG o.s.w.c.RestTemplate - Reading to [org.springframework.web.reactive.result.method.annotation.RequestMappingMessageConversionIntegrationTests$Person] as "application/xml"
16:12:39.881 [Test worker] DEBUG o.s.w.t.h.s.r.b.JettyHttpServer - Stopping JettyHttpServer...
16:12:39.881 [Test worker] INFO  o.e.j.s.h.ContextHandler - Stopped o.e.j.s.ServletContextHandler@2cc3682b{/,null,UNAVAILABLE}
16:12:39.883 [Test worker] INFO  o.e.j.s.AbstractConnector - Stopped ServerConnector@5f4216ac{HTTP/1.1, (http/1.1)}{0.0.0.0:0}
16:12:39.894 [Test worker] DEBUG o.s.w.t.h.s.r.b.JettyHttpServer - Server stopped (0 millis).
16:12:39.974 [Test worker] DEBUG o.s.w.r.r.m.a.RequestMappingHandlerMapping - 39 mappings in 'requestMappingHandlerMapping'
16:12:40.011 [Test worker] DEBUG o.s.w.r.r.m.a.ControllerMethodResolver - ControllerAdvice beans: none
16:12:40.070 [Test worker] DEBUG o.s.w.s.a.HttpWebHandlerAdapter - enableLoggingRequestDetails='false': form data and headers will be masked to prevent unsafe logging of potentially sensitive data
16:12:40.070 [Test worker] DEBUG o.s.w.t.h.s.r.b.ReactorHttpServer - Starting ReactorHttpServer...
16:12:40.076 [Test worker] DEBUG o.s.w.t.h.s.r.b.ReactorHttpServer - Server started on port 56588(0 millis).
16:12:40.076 [Test worker] DEBUG o.s.w.c.RestTemplate - HTTP POST http://localhost:56588/person-transform/mono
16:12:40.078 [Test worker] DEBUG o.s.w.c.RestTemplate - Accept=[application/xml, text/xml, application/json, application/x-jackson-smile, application/*+xml, application/*+json]
16:12:40.078 [Test worker] DEBUG o.s.w.c.RestTemplate - Writing [Person{name='Robert'}] as "application/xml"
16:12:40.084 [reactor-http-nio-2] DEBUG o.s.w.s.a.HttpWebHandlerAdapter - [5185cc18-46] HTTP POST "/person-transform/mono"
16:12:40.084 [reactor-http-nio-2] DEBUG o.s.w.r.r.m.a.RequestMappingHandlerMapping - [5185cc18-46] Mapped to org.springframework.web.reactive.result.method.annotation.RequestMappingMessageConversionIntegrationTests$PersonTransformationController#transformMono(Mono)
16:12:40.085 [reactor-http-nio-2] DEBUG o.s.w.r.r.m.a.RequestBodyMethodArgumentResolver - [5185cc18-46] Content-Type:application/xml
16:12:40.085 [reactor-http-nio-2] DEBUG o.s.w.r.r.m.a.RequestBodyMethodArgumentResolver - [5185cc18-46] 0..1 [org.springframework.web.reactive.result.method.annotation.RequestMappingMessageConversionIntegrationTests$Person]
16:12:40.087 [reactor-http-nio-2] DEBUG o.s.w.r.r.m.a.ResponseBodyResultHandler - Using 'application/xml' given [application/xml] and supported [application/json, application/*+json, application/x-jackson-smile, application/*+x-jackson-smile, application/xml, text/xml, text/event-stream]
16:12:40.087 [reactor-http-nio-2] DEBUG o.s.w.r.r.m.a.ResponseBodyResultHandler - [5185cc18-46] 0..1 [org.springframework.web.reactive.result.method.annotation.RequestMappingMessageConversionIntegrationTests$Person]
16:12:40.091 [reactor-http-nio-2] DEBUG o.s.h.c.x.Jaxb2XmlEncoder - [5185cc18-46] Encoding [Person{name='ROBERT'}]
16:12:40.095 [Test worker] DEBUG o.s.w.c.RestTemplate - Response 200 OK
16:12:40.095 [reactor-http-nio-2] DEBUG o.s.w.s.a.HttpWebHandlerAdapter - [5185cc18-46] Completed 200 OK
16:12:40.096 [Test worker] DEBUG o.s.w.c.RestTemplate - Reading to [org.springframework.web.reactive.result.method.annotation.RequestMappingMessageConversionIntegrationTests$Person] as "application/xml"
16:12:40.098 [Test worker] DEBUG o.s.w.t.h.s.r.b.ReactorHttpServer - Stopping ReactorHttpServer...
16:12:40.098 [Test worker] DEBUG o.s.w.t.h.s.r.b.ReactorHttpServer - Server stopped (0 millis).
16:12:40.223 [Test worker] DEBUG o.s.w.r.r.m.a.RequestMappingHandlerMapping - 39 mappings in 'requestMappingHandlerMapping'
16:12:40.284 [Test worker] DEBUG o.s.w.r.r.m.a.ControllerMethodResolver - ControllerAdvice beans: none
16:12:40.324 [Test worker] DEBUG o.s.w.s.a.HttpWebHandlerAdapter - enableLoggingRequestDetails='false': form data and headers will be masked to prevent unsafe logging of potentially sensitive data
16:12:40.324 [Test worker] DEBUG o.s.w.t.h.s.r.b.TomcatHttpServer - Starting TomcatHttpServer...
16:12:40.343 [Test worker] DEBUG o.s.w.t.h.s.r.b.TomcatHttpServer - Server started on port 56591(0 millis).
16:12:40.343 [Test worker] DEBUG o.s.w.c.RestTemplate - HTTP POST http://localhost:56591/person-transform/mono
16:12:40.344 [Test worker] DEBUG o.s.w.c.RestTemplate - Accept=[application/xml, text/xml, application/json, application/x-jackson-smile, application/*+xml, application/*+json]
16:12:40.345 [Test worker] DEBUG o.s.w.c.RestTemplate - Writing [Person{name='Robert'}] as "application/xml"
16:12:40.352 [http-nio-auto-45-exec-1] DEBUG o.s.w.s.a.HttpWebHandlerAdapter - [4a96d60b] HTTP POST "/person-transform/mono"
16:12:40.353 [http-nio-auto-45-exec-1] DEBUG o.s.w.r.r.m.a.RequestMappingHandlerMapping - [4a96d60b] Mapped to org.springframework.web.reactive.result.method.annotation.RequestMappingMessageConversionIntegrationTests$PersonTransformationController#transformMono(Mono)
16:12:40.353 [http-nio-auto-45-exec-1] DEBUG o.s.w.r.r.m.a.RequestBodyMethodArgumentResolver - [4a96d60b] Content-Type:application/xml
16:12:40.354 [http-nio-auto-45-exec-1] DEBUG o.s.w.r.r.m.a.RequestBodyMethodArgumentResolver - [4a96d60b] 0..1 [org.springframework.web.reactive.result.method.annotation.RequestMappingMessageConversionIntegrationTests$Person]
16:12:40.355 [http-nio-auto-45-exec-1] DEBUG o.s.w.r.r.m.a.ResponseBodyResultHandler - Using 'application/xml' given [application/xml] and supported [application/json, application/*+json, application/x-jackson-smile, application/*+x-jackson-smile, application/xml, text/xml, text/event-stream]
16:12:40.355 [http-nio-auto-45-exec-1] DEBUG o.s.w.r.r.m.a.ResponseBodyResultHandler - [4a96d60b] 0..1 [org.springframework.web.reactive.result.method.annotation.RequestMappingMessageConversionIntegrationTests$Person]
16:12:40.358 [http-nio-auto-45-exec-1] DEBUG o.s.h.c.x.Jaxb2XmlEncoder - [4a96d60b] Encoding [Person{name='ROBERT'}]
16:12:40.362 [http-nio-auto-45-exec-1] DEBUG o.s.w.s.a.HttpWebHandlerAdapter - [4a96d60b] Completed 200 OK
16:12:40.362 [Test worker] DEBUG o.s.w.c.RestTemplate - Response 200 OK
16:12:40.362 [Test worker] DEBUG o.s.w.c.RestTemplate - Reading to [org.springframework.web.reactive.result.method.annotation.RequestMappingMessageConversionIntegrationTests$Person] as "application/xml"
16:12:40.364 [Test worker] DEBUG o.s.w.t.h.s.r.b.TomcatHttpServer - Stopping TomcatHttpServer...
16:12:40.379 [Test worker] DEBUG o.s.w.t.h.s.r.b.TomcatHttpServer - Server stopped (0 millis).
16:12:40.504 [Test worker] DEBUG o.s.w.r.r.m.a.RequestMappingHandlerMapping - 39 mappings in 'requestMappingHandlerMapping'
16:12:40.537 [Test worker] DEBUG o.s.w.r.r.m.a.ControllerMethodResolver - ControllerAdvice beans: none
16:12:40.583 [Test worker] DEBUG o.s.w.s.a.HttpWebHandlerAdapter - enableLoggingRequestDetails='false': form data and headers will be masked to prevent unsafe logging of potentially sensitive data
16:12:40.583 [Test worker] DEBUG o.s.w.t.h.s.r.b.UndertowHttpServer - Starting UndertowHttpServer...
16:12:40.583 [Test worker] INFO  i.undertow - starting server: Undertow - 2.0.32.Final
16:12:40.594 [Test worker] DEBUG o.s.w.t.h.s.r.b.UndertowHttpServer - Server started on port 56594(0 millis).
16:12:40.594 [Test worker] DEBUG o.s.w.c.RestTemplate - HTTP POST http://localhost:56594/person-transform/mono
16:12:40.596 [Test worker] DEBUG o.s.w.c.RestTemplate - Accept=[application/xml, text/xml, application/json, application/x-jackson-smile, application/*+xml, application/*+json]
16:12:40.596 [Test worker] DEBUG o.s.w.c.RestTemplate - Writing [Person{name='Robert'}] as "application/xml"
16:12:40.604 [XNIO-45 I/O-6] DEBUG o.s.w.s.a.HttpWebHandlerAdapter - [7603bd01] HTTP POST "/person-transform/mono"
16:12:40.604 [XNIO-45 I/O-6] DEBUG o.s.w.r.r.m.a.RequestMappingHandlerMapping - [7603bd01] Mapped to org.springframework.web.reactive.result.method.annotation.RequestMappingMessageConversionIntegrationTests$PersonTransformationController#transformMono(Mono)
16:12:40.605 [XNIO-45 I/O-6] DEBUG o.s.w.r.r.m.a.RequestBodyMethodArgumentResolver - [7603bd01] Content-Type:application/xml
16:12:40.605 [XNIO-45 I/O-6] DEBUG o.s.w.r.r.m.a.RequestBodyMethodArgumentResolver - [7603bd01] 0..1 [org.springframework.web.reactive.result.method.annotation.RequestMappingMessageConversionIntegrationTests$Person]
16:12:40.606 [XNIO-45 I/O-6] DEBUG o.s.w.r.r.m.a.ResponseBodyResultHandler - Using 'application/xml' given [application/xml] and supported [application/json, application/*+json, application/x-jackson-smile, application/*+x-jackson-smile, application/xml, text/xml, text/event-stream]
16:12:40.606 [XNIO-45 I/O-6] DEBUG o.s.w.r.r.m.a.ResponseBodyResultHandler - [7603bd01] 0..1 [org.springframework.web.reactive.result.method.annotation.RequestMappingMessageConversionIntegrationTests$Person]
16:12:40.610 [XNIO-45 I/O-6] DEBUG o.s.h.c.x.Jaxb2XmlEncoder - [7603bd01] Encoding [Person{name='ROBERT'}]
16:12:40.613 [XNIO-45 I/O-6] DEBUG o.s.w.s.a.HttpWebHandlerAdapter - [7603bd01] Completed 200 OK
16:12:40.614 [Test worker] DEBUG o.s.w.c.RestTemplate - Response 200 OK
16:12:40.614 [Test worker] DEBUG o.s.w.c.RestTemplate - Reading to [org.springframework.web.reactive.result.method.annotation.RequestMappingMessageConversionIntegrationTests$Person] as "application/xml"
16:12:40.615 [Test worker] DEBUG o.s.w.t.h.s.r.b.UndertowHttpServer - Stopping UndertowHttpServer...
16:12:40.615 [Test worker] INFO  i.undertow - stopping server: Undertow - 2.0.32.Final
16:12:40.621 [Test worker] DEBUG o.s.w.t.h.s.r.b.UndertowHttpServer - Server stopped (0 millis).
16:12:40.710 [Test worker] DEBUG o.s.w.r.r.m.a.RequestMappingHandlerMapping - 39 mappings in 'requestMappingHandlerMapping'
16:12:40.749 [Test worker] DEBUG o.s.w.r.r.m.a.ControllerMethodResolver - ControllerAdvice beans: none
16:12:40.806 [Test worker] DEBUG o.s.w.s.a.HttpWebHandlerAdapter - enableLoggingRequestDetails='false': form data and headers will be masked to prevent unsafe logging of potentially sensitive data
16:12:40.807 [Test worker] WARN  o.e.j.s.h.ContextHandler - Empty contextPath
16:12:40.808 [Test worker] INFO  o.e.j.s.h.ContextHandler - Started o.e.j.s.ServletContextHandler@39f0ba0e{/,null,AVAILABLE}
16:12:40.808 [Test worker] DEBUG o.s.w.t.h.s.r.b.JettyHttpServer - Starting JettyHttpServer...
16:12:40.808 [Test worker] INFO  o.e.j.s.Server - jetty-9.4.31.v20200723; built: 2020-07-23T17:57:36.812Z; git: 450ba27947e13e66baa8cd1ce7e85a4461cacc1d; jvm 1.8.0_201-b09
16:12:40.813 [Test worker] INFO  o.e.j.s.AbstractConnector - Started ServerConnector@2900ac31{HTTP/1.1, (http/1.1)}{0.0.0.0:56596}
16:12:40.814 [Test worker] INFO  o.e.j.s.Server - Started @128659ms
16:12:40.814 [Test worker] DEBUG o.s.w.t.h.s.r.b.JettyHttpServer - Server started on port 56596(0 millis).
16:12:40.814 [Test worker] DEBUG o.s.w.c.RestTemplate - HTTP GET http://localhost:56596/person-response/observable
16:12:40.814 [Test worker] DEBUG o.s.w.c.RestTemplate - Accept=[application/json, application/x-jackson-smile, application/*+json]
16:12:40.816 [qtp907323136-1758] DEBUG o.s.w.s.a.HttpWebHandlerAdapter - [4740af22] HTTP GET "/person-response/observable"
16:12:40.817 [qtp907323136-1758] DEBUG o.s.w.r.r.m.a.RequestMappingHandlerMapping - [4740af22] Mapped to org.springframework.web.reactive.result.method.annotation.RequestMappingMessageConversionIntegrationTests$PersonResponseBodyController#getObservable()
16:12:40.819 [qtp907323136-1758] DEBUG o.s.w.r.r.m.a.ResponseBodyResultHandler - Using 'application/json' given [application/json] and supported [application/json, application/*+json, application/x-jackson-smile, application/*+x-jackson-smile, application/xml, text/xml, text/event-stream]
16:12:40.819 [qtp907323136-1758] DEBUG o.s.w.r.r.m.a.ResponseBodyResultHandler - [4740af22] 0..N [org.springframework.web.reactive.result.method.annotation.RequestMappingMessageConversionIntegrationTests$Person]
16:12:40.823 [qtp907323136-1758] DEBUG o.s.h.c.j.Jackson2JsonEncoder - [4740af22] Encoding [[Person{name='Robert'}, Person{name='Marie'}]]
16:12:40.824 [qtp907323136-1758] DEBUG o.s.w.s.a.HttpWebHandlerAdapter - [4740af22] Completed 200 OK
16:12:40.824 [Test worker] DEBUG o.s.w.c.RestTemplate - Response 200 OK
16:12:40.825 [Test worker] DEBUG o.s.w.c.RestTemplate - Reading to [java.util.List<org.springframework.web.reactive.result.method.annotation.RequestMappingMessageConversionIntegrationTests$Person>]
16:12:40.826 [Test worker] DEBUG o.s.w.t.h.s.r.b.JettyHttpServer - Stopping JettyHttpServer...
16:12:40.826 [Test worker] INFO  o.e.j.s.h.ContextHandler - Stopped o.e.j.s.ServletContextHandler@39f0ba0e{/,null,UNAVAILABLE}
16:12:40.828 [Test worker] INFO  o.e.j.s.AbstractConnector - Stopped ServerConnector@2900ac31{HTTP/1.1, (http/1.1)}{0.0.0.0:0}
16:12:40.841 [Test worker] DEBUG o.s.w.t.h.s.r.b.JettyHttpServer - Server stopped (0 millis).
16:12:40.925 [Test worker] DEBUG o.s.w.r.r.m.a.RequestMappingHandlerMapping - 39 mappings in 'requestMappingHandlerMapping'
16:12:40.960 [Test worker] DEBUG o.s.w.r.r.m.a.ControllerMethodResolver - ControllerAdvice beans: none
16:12:40.991 [Test worker] DEBUG o.s.w.s.a.HttpWebHandlerAdapter - enableLoggingRequestDetails='false': form data and headers will be masked to prevent unsafe logging of potentially sensitive data
16:12:40.992 [Test worker] DEBUG o.s.w.t.h.s.r.b.ReactorHttpServer - Starting ReactorHttpServer...
16:12:40.998 [Test worker] DEBUG o.s.w.t.h.s.r.b.ReactorHttpServer - Server started on port 56598(0 millis).
16:12:40.998 [Test worker] DEBUG o.s.w.c.RestTemplate - HTTP GET http://localhost:56598/person-response/observable
16:12:40.998 [Test worker] DEBUG o.s.w.c.RestTemplate - Accept=[application/json, application/x-jackson-smile, application/*+json]
16:12:41.001 [reactor-http-nio-4] DEBUG o.s.w.s.a.HttpWebHandlerAdapter - [38439d3e-47] HTTP GET "/person-response/observable"
16:12:41.001 [reactor-http-nio-4] DEBUG o.s.w.r.r.m.a.RequestMappingHandlerMapping - [38439d3e-47] Mapped to org.springframework.web.reactive.result.method.annotation.RequestMappingMessageConversionIntegrationTests$PersonResponseBodyController#getObservable()
16:12:41.002 [reactor-http-nio-4] DEBUG o.s.w.r.r.m.a.ResponseBodyResultHandler - Using 'application/json' given [application/json] and supported [application/json, application/*+json, application/x-jackson-smile, application/*+x-jackson-smile, application/xml, text/xml, text/event-stream]
16:12:41.002 [reactor-http-nio-4] DEBUG o.s.w.r.r.m.a.ResponseBodyResultHandler - [38439d3e-47] 0..N [org.springframework.web.reactive.result.method.annotation.RequestMappingMessageConversionIntegrationTests$Person]
16:12:41.003 [reactor-http-nio-4] DEBUG o.s.h.c.j.Jackson2JsonEncoder - [38439d3e-47] Encoding [[Person{name='Robert'}, Person{name='Marie'}]]
16:12:41.005 [reactor-http-nio-4] DEBUG o.s.w.s.a.HttpWebHandlerAdapter - [38439d3e-47] Completed 200 OK
16:12:41.006 [Test worker] DEBUG o.s.w.c.RestTemplate - Response 200 OK
16:12:41.006 [Test worker] DEBUG o.s.w.c.RestTemplate - Reading to [java.util.List<org.springframework.web.reactive.result.method.annotation.RequestMappingMessageConversionIntegrationTests$Person>]
16:12:41.008 [Test worker] DEBUG o.s.w.t.h.s.r.b.ReactorHttpServer - Stopping ReactorHttpServer...
16:12:41.009 [Test worker] DEBUG o.s.w.t.h.s.r.b.ReactorHttpServer - Server stopped (0 millis).
16:12:41.100 [Test worker] DEBUG o.s.w.r.r.m.a.RequestMappingHandlerMapping - 39 mappings in 'requestMappingHandlerMapping'
16:12:41.145 [Test worker] DEBUG o.s.w.r.r.m.a.ControllerMethodResolver - ControllerAdvice beans: none
16:12:41.206 [Test worker] DEBUG o.s.w.s.a.HttpWebHandlerAdapter - enableLoggingRequestDetails='false': form data and headers will be masked to prevent unsafe logging of potentially sensitive data
16:12:41.206 [Test worker] DEBUG o.s.w.t.h.s.r.b.TomcatHttpServer - Starting TomcatHttpServer...
16:12:41.218 [Test worker] DEBUG o.s.w.t.h.s.r.b.TomcatHttpServer - Server started on port 56627(0 millis).
16:12:41.218 [Test worker] DEBUG o.s.w.c.RestTemplate - HTTP GET http://localhost:56627/person-response/observable
16:12:41.219 [Test worker] DEBUG o.s.w.c.RestTemplate - Accept=[application/json, application/x-jackson-smile, application/*+json]
16:12:41.224 [http-nio-auto-46-exec-1] DEBUG o.s.w.s.a.HttpWebHandlerAdapter - [6c73640e] HTTP GET "/person-response/observable"
16:12:41.224 [http-nio-auto-46-exec-1] DEBUG o.s.w.r.r.m.a.RequestMappingHandlerMapping - [6c73640e] Mapped to org.springframework.web.reactive.result.method.annotation.RequestMappingMessageConversionIntegrationTests$PersonResponseBodyController#getObservable()
16:12:41.225 [http-nio-auto-46-exec-1] DEBUG o.s.w.r.r.m.a.ResponseBodyResultHandler - Using 'application/json' given [application/json] and supported [application/json, application/*+json, application/x-jackson-smile, application/*+x-jackson-smile, application/xml, text/xml, text/event-stream]
16:12:41.225 [http-nio-auto-46-exec-1] DEBUG o.s.w.r.r.m.a.ResponseBodyResultHandler - [6c73640e] 0..N [org.springframework.web.reactive.result.method.annotation.RequestMappingMessageConversionIntegrationTests$Person]
16:12:41.226 [http-nio-auto-46-exec-1] DEBUG o.s.h.c.j.Jackson2JsonEncoder - [6c73640e] Encoding [[Person{name='Robert'}, Person{name='Marie'}]]
16:12:41.227 [http-nio-auto-46-exec-1] DEBUG o.s.w.s.a.HttpWebHandlerAdapter - [6c73640e] Completed 200 OK
16:12:41.227 [Test worker] DEBUG o.s.w.c.RestTemplate - Response 200 OK
16:12:41.227 [Test worker] DEBUG o.s.w.c.RestTemplate - Reading to [java.util.List<org.springframework.web.reactive.result.method.annotation.RequestMappingMessageConversionIntegrationTests$Person>]
16:12:41.228 [Test worker] DEBUG o.s.w.t.h.s.r.b.TomcatHttpServer - Stopping TomcatHttpServer...
16:12:41.265 [Test worker] DEBUG o.s.w.t.h.s.r.b.TomcatHttpServer - Server stopped (0 millis).
16:12:41.391 [Test worker] DEBUG o.s.w.r.r.m.a.RequestMappingHandlerMapping - 39 mappings in 'requestMappingHandlerMapping'
16:12:41.445 [Test worker] DEBUG o.s.w.r.r.m.a.ControllerMethodResolver - ControllerAdvice beans: none
16:12:41.477 [Test worker] DEBUG o.s.w.s.a.HttpWebHandlerAdapter - enableLoggingRequestDetails='false': form data and headers will be masked to prevent unsafe logging of potentially sensitive data
16:12:41.477 [Test worker] DEBUG o.s.w.t.h.s.r.b.UndertowHttpServer - Starting UndertowHttpServer...
16:12:41.477 [Test worker] INFO  i.undertow - starting server: Undertow - 2.0.32.Final
16:12:41.501 [Test worker] DEBUG o.s.w.t.h.s.r.b.UndertowHttpServer - Server started on port 56640(0 millis).
16:12:41.502 [Test worker] DEBUG o.s.w.c.RestTemplate - HTTP GET http://localhost:56640/person-response/observable
16:12:41.503 [Test worker] DEBUG o.s.w.c.RestTemplate - Accept=[application/json, application/x-jackson-smile, application/*+json]
16:12:41.509 [XNIO-46 I/O-6] DEBUG o.s.w.s.a.HttpWebHandlerAdapter - [57ec2b8c] HTTP GET "/person-response/observable"
16:12:41.510 [XNIO-46 I/O-6] DEBUG o.s.w.r.r.m.a.RequestMappingHandlerMapping - [57ec2b8c] Mapped to org.springframework.web.reactive.result.method.annotation.RequestMappingMessageConversionIntegrationTests$PersonResponseBodyController#getObservable()
16:12:41.511 [XNIO-46 I/O-6] DEBUG o.s.w.r.r.m.a.ResponseBodyResultHandler - Using 'application/json' given [application/json] and supported [application/json, application/*+json, application/x-jackson-smile, application/*+x-jackson-smile, application/xml, text/xml, text/event-stream]
16:12:41.511 [XNIO-46 I/O-6] DEBUG o.s.w.r.r.m.a.ResponseBodyResultHandler - [57ec2b8c] 0..N [org.springframework.web.reactive.result.method.annotation.RequestMappingMessageConversionIntegrationTests$Person]
16:12:41.511 [XNIO-46 I/O-6] DEBUG o.s.h.c.j.Jackson2JsonEncoder - [57ec2b8c] Encoding [[Person{name='Robert'}, Person{name='Marie'}]]
16:12:41.512 [XNIO-46 I/O-6] DEBUG o.s.w.s.a.HttpWebHandlerAdapter - [57ec2b8c] Completed 200 OK
16:12:41.513 [Test worker] DEBUG o.s.w.c.RestTemplate - Response 200 OK
16:12:41.513 [Test worker] DEBUG o.s.w.c.RestTemplate - Reading to [java.util.List<org.springframework.web.reactive.result.method.annotation.RequestMappingMessageConversionIntegrationTests$Person>]
16:12:41.514 [Test worker] DEBUG o.s.w.t.h.s.r.b.UndertowHttpServer - Stopping UndertowHttpServer...
16:12:41.514 [Test worker] INFO  i.undertow - stopping server: Undertow - 2.0.32.Final
16:12:41.515 [Test worker] DEBUG o.s.w.t.h.s.r.b.UndertowHttpServer - Server stopped (0 millis).
16:12:41.600 [Test worker] DEBUG o.s.w.r.r.m.a.RequestMappingHandlerMapping - 39 mappings in 'requestMappingHandlerMapping'
16:12:41.632 [Test worker] DEBUG o.s.w.r.r.m.a.ControllerMethodResolver - ControllerAdvice beans: none
16:12:41.671 [Test worker] DEBUG o.s.w.s.a.HttpWebHandlerAdapter - enableLoggingRequestDetails='false': form data and headers will be masked to prevent unsafe logging of potentially sensitive data
16:12:41.672 [Test worker] WARN  o.e.j.s.h.ContextHandler - Empty contextPath
16:12:41.672 [Test worker] INFO  o.e.j.s.h.ContextHandler - Started o.e.j.s.ServletContextHandler@2ca9eacb{/,null,AVAILABLE}
16:12:41.672 [Test worker] DEBUG o.s.w.t.h.s.r.b.JettyHttpServer - Starting JettyHttpServer...
16:12:41.672 [Test worker] INFO  o.e.j.s.Server - jetty-9.4.31.v20200723; built: 2020-07-23T17:57:36.812Z; git: 450ba27947e13e66baa8cd1ce7e85a4461cacc1d; jvm 1.8.0_201-b09
16:12:41.686 [Test worker] INFO  o.e.j.s.AbstractConnector - Started ServerConnector@38e65a86{HTTP/1.1, (http/1.1)}{0.0.0.0:56642}
16:12:41.686 [Test worker] INFO  o.e.j.s.Server - Started @129532ms
16:12:41.686 [Test worker] DEBUG o.s.w.t.h.s.r.b.JettyHttpServer - Server started on port 56642(0 millis).
16:12:41.686 [Test worker] DEBUG o.s.w.c.RestTemplate - HTTP POST http://localhost:56642/person-transform/rxjava2-single
16:12:41.687 [Test worker] DEBUG o.s.w.c.RestTemplate - Accept=[application/xml, text/xml, application/json, application/x-jackson-smile, application/*+xml, application/*+json]
16:12:41.687 [Test worker] DEBUG o.s.w.c.RestTemplate - Writing [Person{name='Robert'}] as "application/json"
16:12:41.692 [qtp812817597-1796] DEBUG o.s.w.s.a.HttpWebHandlerAdapter - [6f1ed4fa] HTTP POST "/person-transform/rxjava2-single"
16:12:41.692 [qtp812817597-1796] DEBUG o.s.w.r.r.m.a.RequestMappingHandlerMapping - [6f1ed4fa] Mapped to org.springframework.web.reactive.result.method.annotation.RequestMappingMessageConversionIntegrationTests$PersonTransformationController#transformRxJava2Single(Single)
16:12:41.693 [qtp812817597-1796] DEBUG o.s.w.r.r.m.a.RequestBodyMethodArgumentResolver - [6f1ed4fa] Content-Type:application/json;charset=UTF-8
16:12:41.693 [qtp812817597-1796] DEBUG o.s.w.r.r.m.a.RequestBodyMethodArgumentResolver - [6f1ed4fa] 0..1 [org.springframework.web.reactive.result.method.annotation.RequestMappingMessageConversionIntegrationTests$Person]
16:12:41.695 [qtp812817597-1796] DEBUG o.s.w.r.r.m.a.ResponseBodyResultHandler - Using 'application/json' given [application/json] and supported [application/json, application/*+json, application/x-jackson-smile, application/*+x-jackson-smile, application/xml, text/xml, text/event-stream]
16:12:41.695 [qtp812817597-1796] DEBUG o.s.w.r.r.m.a.ResponseBodyResultHandler - [6f1ed4fa] 0..1 [org.springframework.web.reactive.result.method.annotation.RequestMappingMessageConversionIntegrationTests$Person]
16:12:41.697 [qtp812817597-1796] DEBUG o.s.h.c.j.Jackson2JsonDecoder - [6f1ed4fa] Decoded [Person{name='Robert'}]
16:12:41.697 [qtp812817597-1796] DEBUG o.s.h.c.j.Jackson2JsonEncoder - [6f1ed4fa] Encoding [Person{name='ROBERT'}]
16:12:41.698 [qtp812817597-1796] DEBUG o.s.w.s.a.HttpWebHandlerAdapter - [6f1ed4fa] Completed 200 OK
16:12:41.698 [Test worker] DEBUG o.s.w.c.RestTemplate - Response 200 OK
16:12:41.699 [Test worker] DEBUG o.s.w.c.RestTemplate - Reading to [org.springframework.web.reactive.result.method.annotation.RequestMappingMessageConversionIntegrationTests$Person]
16:12:41.699 [Test worker] DEBUG o.s.w.t.h.s.r.b.JettyHttpServer - Stopping JettyHttpServer...
16:12:41.699 [Test worker] INFO  o.e.j.s.h.ContextHandler - Stopped o.e.j.s.ServletContextHandler@2ca9eacb{/,null,UNAVAILABLE}
16:12:41.701 [Test worker] INFO  o.e.j.s.AbstractConnector - Stopped ServerConnector@38e65a86{HTTP/1.1, (http/1.1)}{0.0.0.0:0}
16:12:41.712 [Test worker] DEBUG o.s.w.t.h.s.r.b.JettyHttpServer - Server stopped (0 millis).
16:12:41.807 [Test worker] DEBUG o.s.w.r.r.m.a.RequestMappingHandlerMapping - 39 mappings in 'requestMappingHandlerMapping'
16:12:41.860 [Test worker] DEBUG o.s.w.r.r.m.a.ControllerMethodResolver - ControllerAdvice beans: none
16:12:41.908 [Test worker] DEBUG o.s.w.s.a.HttpWebHandlerAdapter - enableLoggingRequestDetails='false': form data and headers will be masked to prevent unsafe logging of potentially sensitive data
16:12:41.908 [Test worker] DEBUG o.s.w.t.h.s.r.b.ReactorHttpServer - Starting ReactorHttpServer...
16:12:41.909 [Test worker] DEBUG o.s.w.t.h.s.r.b.ReactorHttpServer - Server started on port 56644(0 millis).
16:12:41.909 [Test worker] DEBUG o.s.w.c.RestTemplate - HTTP POST http://localhost:56644/person-transform/rxjava2-single
16:12:41.910 [Test worker] DEBUG o.s.w.c.RestTemplate - Accept=[application/xml, text/xml, application/json, application/x-jackson-smile, application/*+xml, application/*+json]
16:12:41.911 [Test worker] DEBUG o.s.w.c.RestTemplate - Writing [Person{name='Robert'}] as "application/json"
16:12:41.913 [reactor-http-nio-6] DEBUG o.s.w.s.a.HttpWebHandlerAdapter - [3c13db48-48] HTTP POST "/person-transform/rxjava2-single"
16:12:41.913 [reactor-http-nio-6] DEBUG o.s.w.r.r.m.a.RequestMappingHandlerMapping - [3c13db48-48] Mapped to org.springframework.web.reactive.result.method.annotation.RequestMappingMessageConversionIntegrationTests$PersonTransformationController#transformRxJava2Single(Single)
16:12:41.913 [reactor-http-nio-6] DEBUG o.s.w.r.r.m.a.RequestBodyMethodArgumentResolver - [3c13db48-48] Content-Type:application/json
16:12:41.914 [reactor-http-nio-6] DEBUG o.s.w.r.r.m.a.RequestBodyMethodArgumentResolver - [3c13db48-48] 0..1 [org.springframework.web.reactive.result.method.annotation.RequestMappingMessageConversionIntegrationTests$Person]
16:12:41.915 [reactor-http-nio-6] DEBUG o.s.w.r.r.m.a.ResponseBodyResultHandler - Using 'application/json' given [application/json] and supported [application/json, application/*+json, application/x-jackson-smile, application/*+x-jackson-smile, application/xml, text/xml, text/event-stream]
16:12:41.915 [reactor-http-nio-6] DEBUG o.s.w.r.r.m.a.ResponseBodyResultHandler - [3c13db48-48] 0..1 [org.springframework.web.reactive.result.method.annotation.RequestMappingMessageConversionIntegrationTests$Person]
16:12:41.916 [reactor-http-nio-6] DEBUG o.s.h.c.j.Jackson2JsonDecoder - [3c13db48-48] Decoded [Person{name='Robert'}]
16:12:41.916 [reactor-http-nio-6] DEBUG o.s.h.c.j.Jackson2JsonEncoder - [3c13db48-48] Encoding [Person{name='ROBERT'}]
16:12:41.917 [reactor-http-nio-6] DEBUG o.s.w.s.a.HttpWebHandlerAdapter - [3c13db48-48] Completed 200 OK
16:12:41.918 [Test worker] DEBUG o.s.w.c.RestTemplate - Response 200 OK
16:12:41.918 [Test worker] DEBUG o.s.w.c.RestTemplate - Reading to [org.springframework.web.reactive.result.method.annotation.RequestMappingMessageConversionIntegrationTests$Person]
16:12:41.918 [Test worker] DEBUG o.s.w.t.h.s.r.b.ReactorHttpServer - Stopping ReactorHttpServer...
16:12:41.918 [Test worker] DEBUG o.s.w.t.h.s.r.b.ReactorHttpServer - Server stopped (0 millis).
16:12:42.032 [Test worker] DEBUG o.s.w.r.r.m.a.RequestMappingHandlerMapping - 39 mappings in 'requestMappingHandlerMapping'
16:12:42.081 [Test worker] DEBUG o.s.w.r.r.m.a.ControllerMethodResolver - ControllerAdvice beans: none
16:12:42.118 [Test worker] DEBUG o.s.w.s.a.HttpWebHandlerAdapter - enableLoggingRequestDetails='false': form data and headers will be masked to prevent unsafe logging of potentially sensitive data
16:12:42.119 [Test worker] DEBUG o.s.w.t.h.s.r.b.TomcatHttpServer - Starting TomcatHttpServer...
16:12:42.165 [Test worker] DEBUG o.s.w.t.h.s.r.b.TomcatHttpServer - Server started on port 56646(0 millis).
16:12:42.165 [Test worker] DEBUG o.s.w.c.RestTemplate - HTTP POST http://localhost:56646/person-transform/rxjava2-single
16:12:42.166 [Test worker] DEBUG o.s.w.c.RestTemplate - Accept=[application/xml, text/xml, application/json, application/x-jackson-smile, application/*+xml, application/*+json]
16:12:42.166 [Test worker] DEBUG o.s.w.c.RestTemplate - Writing [Person{name='Robert'}] as "application/json"
16:12:42.170 [http-nio-auto-47-exec-1] DEBUG o.s.w.s.a.HttpWebHandlerAdapter - [39aff19c] HTTP POST "/person-transform/rxjava2-single"
16:12:42.171 [http-nio-auto-47-exec-1] DEBUG o.s.w.r.r.m.a.RequestMappingHandlerMapping - [39aff19c] Mapped to org.springframework.web.reactive.result.method.annotation.RequestMappingMessageConversionIntegrationTests$PersonTransformationController#transformRxJava2Single(Single)
16:12:42.171 [http-nio-auto-47-exec-1] DEBUG o.s.w.r.r.m.a.RequestBodyMethodArgumentResolver - [39aff19c] Content-Type:application/json
16:12:42.171 [http-nio-auto-47-exec-1] DEBUG o.s.w.r.r.m.a.RequestBodyMethodArgumentResolver - [39aff19c] 0..1 [org.springframework.web.reactive.result.method.annotation.RequestMappingMessageConversionIntegrationTests$Person]
16:12:42.172 [http-nio-auto-47-exec-1] DEBUG o.s.w.r.r.m.a.ResponseBodyResultHandler - Using 'application/json' given [application/json] and supported [application/json, application/*+json, application/x-jackson-smile, application/*+x-jackson-smile, application/xml, text/xml, text/event-stream]
16:12:42.172 [http-nio-auto-47-exec-1] DEBUG o.s.w.r.r.m.a.ResponseBodyResultHandler - [39aff19c] 0..1 [org.springframework.web.reactive.result.method.annotation.RequestMappingMessageConversionIntegrationTests$Person]
16:12:42.173 [http-nio-auto-47-exec-1] DEBUG o.s.h.c.j.Jackson2JsonDecoder - [39aff19c] Decoded [Person{name='Robert'}]
16:12:42.173 [http-nio-auto-47-exec-1] DEBUG o.s.h.c.j.Jackson2JsonEncoder - [39aff19c] Encoding [Person{name='ROBERT'}]
16:12:42.174 [http-nio-auto-47-exec-1] DEBUG o.s.w.s.a.HttpWebHandlerAdapter - [39aff19c] Completed 200 OK
16:12:42.175 [Test worker] DEBUG o.s.w.c.RestTemplate - Response 200 OK
16:12:42.175 [Test worker] DEBUG o.s.w.c.RestTemplate - Reading to [org.springframework.web.reactive.result.method.annotation.RequestMappingMessageConversionIntegrationTests$Person]
16:12:42.175 [Test worker] DEBUG o.s.w.t.h.s.r.b.TomcatHttpServer - Stopping TomcatHttpServer...
16:12:42.185 [Test worker] DEBUG o.s.w.t.h.s.r.b.TomcatHttpServer - Server stopped (0 millis).
16:12:42.327 [Test worker] DEBUG o.s.w.r.r.m.a.RequestMappingHandlerMapping - 39 mappings in 'requestMappingHandlerMapping'
16:12:42.380 [Test worker] DEBUG o.s.w.r.r.m.a.ControllerMethodResolver - ControllerAdvice beans: none
16:12:42.419 [Test worker] DEBUG o.s.w.s.a.HttpWebHandlerAdapter - enableLoggingRequestDetails='false': form data and headers will be masked to prevent unsafe logging of potentially sensitive data
16:12:42.419 [Test worker] DEBUG o.s.w.t.h.s.r.b.UndertowHttpServer - Starting UndertowHttpServer...
16:12:42.419 [Test worker] INFO  i.undertow - starting server: Undertow - 2.0.32.Final
16:12:42.430 [Test worker] DEBUG o.s.w.t.h.s.r.b.UndertowHttpServer - Server started on port 56650(0 millis).
16:12:42.430 [Test worker] DEBUG o.s.w.c.RestTemplate - HTTP POST http://localhost:56650/person-transform/rxjava2-single
16:12:42.433 [Test worker] DEBUG o.s.w.c.RestTemplate - Accept=[application/xml, text/xml, application/json, application/x-jackson-smile, application/*+xml, application/*+json]
16:12:42.434 [Test worker] DEBUG o.s.w.c.RestTemplate - Writing [Person{name='Robert'}] as "application/json"
16:12:42.436 [XNIO-47 I/O-6] DEBUG o.s.w.s.a.HttpWebHandlerAdapter - [481bcb6f] HTTP POST "/person-transform/rxjava2-single"
16:12:42.436 [XNIO-47 I/O-6] DEBUG o.s.w.r.r.m.a.RequestMappingHandlerMapping - [481bcb6f] Mapped to org.springframework.web.reactive.result.method.annotation.RequestMappingMessageConversionIntegrationTests$PersonTransformationController#transformRxJava2Single(Single)
16:12:42.437 [XNIO-47 I/O-6] DEBUG o.s.w.r.r.m.a.RequestBodyMethodArgumentResolver - [481bcb6f] Content-Type:application/json
16:12:42.437 [XNIO-47 I/O-6] DEBUG o.s.w.r.r.m.a.RequestBodyMethodArgumentResolver - [481bcb6f] 0..1 [org.springframework.web.reactive.result.method.annotation.RequestMappingMessageConversionIntegrationTests$Person]
16:12:42.438 [XNIO-47 I/O-6] DEBUG o.s.w.r.r.m.a.ResponseBodyResultHandler - Using 'application/json' given [application/json] and supported [application/json, application/*+json, application/x-jackson-smile, application/*+x-jackson-smile, application/xml, text/xml, text/event-stream]
16:12:42.438 [XNIO-47 I/O-6] DEBUG o.s.w.r.r.m.a.ResponseBodyResultHandler - [481bcb6f] 0..1 [org.springframework.web.reactive.result.method.annotation.RequestMappingMessageConversionIntegrationTests$Person]
16:12:42.439 [XNIO-47 I/O-6] DEBUG o.s.h.c.j.Jackson2JsonDecoder - [481bcb6f] Decoded [Person{name='Robert'}]
16:12:42.439 [XNIO-47 I/O-6] DEBUG o.s.h.c.j.Jackson2JsonEncoder - [481bcb6f] Encoding [Person{name='ROBERT'}]
16:12:42.440 [XNIO-47 I/O-6] DEBUG o.s.w.s.a.HttpWebHandlerAdapter - [481bcb6f] Completed 200 OK
16:12:42.440 [Test worker] DEBUG o.s.w.c.RestTemplate - Response 200 OK
16:12:42.440 [Test worker] DEBUG o.s.w.c.RestTemplate - Reading to [org.springframework.web.reactive.result.method.annotation.RequestMappingMessageConversionIntegrationTests$Person]
16:12:42.441 [Test worker] DEBUG o.s.w.t.h.s.r.b.UndertowHttpServer - Stopping UndertowHttpServer...
16:12:42.441 [Test worker] INFO  i.undertow - stopping server: Undertow - 2.0.32.Final
16:12:42.442 [Test worker] DEBUG o.s.w.t.h.s.r.b.UndertowHttpServer - Server stopped (0 millis).
16:12:42.541 [Test worker] DEBUG o.s.w.r.r.m.a.RequestMappingHandlerMapping - 39 mappings in 'requestMappingHandlerMapping'
16:12:42.596 [Test worker] DEBUG o.s.w.r.r.m.a.ControllerMethodResolver - ControllerAdvice beans: none
16:12:42.636 [Test worker] DEBUG o.s.w.s.a.HttpWebHandlerAdapter - enableLoggingRequestDetails='false': form data and headers will be masked to prevent unsafe logging of potentially sensitive data
16:12:42.636 [Test worker] WARN  o.e.j.s.h.ContextHandler - Empty contextPath
16:12:42.637 [Test worker] INFO  o.e.j.s.h.ContextHandler - Started o.e.j.s.ServletContextHandler@41d8ff30{/,null,AVAILABLE}
16:12:42.637 [Test worker] DEBUG o.s.w.t.h.s.r.b.JettyHttpServer - Starting JettyHttpServer...
16:12:42.637 [Test worker] INFO  o.e.j.s.Server - jetty-9.4.31.v20200723; built: 2020-07-23T17:57:36.812Z; git: 450ba27947e13e66baa8cd1ce7e85a4461cacc1d; jvm 1.8.0_201-b09
16:12:42.640 [Test worker] INFO  o.e.j.s.AbstractConnector - Started ServerConnector@1ed9413a{HTTP/1.1, (http/1.1)}{0.0.0.0:56652}
16:12:42.640 [Test worker] INFO  o.e.j.s.Server - Started @130486ms
16:12:42.641 [Test worker] DEBUG o.s.w.t.h.s.r.b.JettyHttpServer - Server started on port 56652(0 millis).
16:12:42.641 [Test worker] DEBUG o.s.w.c.RestTemplate - HTTP POST http://localhost:56652/person-transform/publisher
16:12:42.641 [Test worker] DEBUG o.s.w.c.RestTemplate - Accept=[application/json, application/x-jackson-smile, application/*+json]
16:12:42.641 [Test worker] DEBUG o.s.w.c.RestTemplate - Writing [[Person{name='Robert'}, Person{name='Marie'}]] as "application/json"
16:12:42.644 [qtp222255501-1834] DEBUG o.s.w.s.a.HttpWebHandlerAdapter - [647132c8] HTTP POST "/person-transform/publisher"
16:12:42.644 [qtp222255501-1834] DEBUG o.s.w.r.r.m.a.RequestMappingHandlerMapping - [647132c8] Mapped to org.springframework.web.reactive.result.method.annotation.RequestMappingMessageConversionIntegrationTests$PersonTransformationController#transformPublisher(Publisher)
16:12:42.645 [qtp222255501-1834] DEBUG o.s.w.r.r.m.a.RequestBodyMethodArgumentResolver - [647132c8] Content-Type:application/json;charset=UTF-8
16:12:42.645 [qtp222255501-1834] DEBUG o.s.w.r.r.m.a.RequestBodyMethodArgumentResolver - [647132c8] 0..N [org.springframework.web.reactive.result.method.annotation.RequestMappingMessageConversionIntegrationTests$Person]
16:12:42.647 [qtp222255501-1834] DEBUG o.s.w.r.r.m.a.ResponseBodyResultHandler - Using 'application/json' given [application/json] and supported [application/json, application/*+json, application/x-jackson-smile, application/*+x-jackson-smile, application/xml, text/xml, text/event-stream]
16:12:42.647 [qtp222255501-1834] DEBUG o.s.w.r.r.m.a.ResponseBodyResultHandler - [647132c8] 0..N [org.springframework.web.reactive.result.method.annotation.RequestMappingMessageConversionIntegrationTests$Person]
16:12:42.647 [qtp222255501-1834] DEBUG o.s.h.c.j.Jackson2JsonDecoder - [647132c8] Decoded [Person{name='Robert'}]
16:12:42.647 [qtp222255501-1834] DEBUG o.s.h.c.j.Jackson2JsonDecoder - [647132c8] Decoded [Person{name='Marie'}]
16:12:42.648 [qtp222255501-1834] DEBUG o.s.h.c.j.Jackson2JsonEncoder - [647132c8] Encoding [[Person{name='ROBERT'}, Person{name='MARIE'}]]
16:12:42.648 [qtp222255501-1834] DEBUG o.s.w.s.a.HttpWebHandlerAdapter - [647132c8] Completed 200 OK
16:12:42.648 [Test worker] DEBUG o.s.w.c.RestTemplate - Response 200 OK
16:12:42.648 [Test worker] DEBUG o.s.w.c.RestTemplate - Reading to [java.util.List<org.springframework.web.reactive.result.method.annotation.RequestMappingMessageConversionIntegrationTests$Person>]
16:12:42.649 [Test worker] DEBUG o.s.w.t.h.s.r.b.JettyHttpServer - Stopping JettyHttpServer...
16:12:42.649 [Test worker] INFO  o.e.j.s.h.ContextHandler - Stopped o.e.j.s.ServletContextHandler@41d8ff30{/,null,UNAVAILABLE}
16:12:42.651 [Test worker] INFO  o.e.j.s.AbstractConnector - Stopped ServerConnector@1ed9413a{HTTP/1.1, (http/1.1)}{0.0.0.0:0}
16:12:42.661 [Test worker] DEBUG o.s.w.t.h.s.r.b.JettyHttpServer - Server stopped (0 millis).
16:12:42.734 [Test worker] DEBUG o.s.w.r.r.m.a.RequestMappingHandlerMapping - 39 mappings in 'requestMappingHandlerMapping'
16:12:42.762 [Test worker] DEBUG o.s.w.r.r.m.a.ControllerMethodResolver - ControllerAdvice beans: none
16:12:42.798 [Test worker] DEBUG o.s.w.s.a.HttpWebHandlerAdapter - enableLoggingRequestDetails='false': form data and headers will be masked to prevent unsafe logging of potentially sensitive data
16:12:42.798 [Test worker] DEBUG o.s.w.t.h.s.r.b.ReactorHttpServer - Starting ReactorHttpServer...
16:12:42.803 [Test worker] DEBUG o.s.w.t.h.s.r.b.ReactorHttpServer - Server started on port 56654(0 millis).
16:12:42.804 [Test worker] DEBUG o.s.w.c.RestTemplate - HTTP POST http://localhost:56654/person-transform/publisher
16:12:42.804 [Test worker] DEBUG o.s.w.c.RestTemplate - Accept=[application/json, application/x-jackson-smile, application/*+json]
16:12:42.804 [Test worker] DEBUG o.s.w.c.RestTemplate - Writing [[Person{name='Robert'}, Person{name='Marie'}]] as "application/json"
16:12:42.810 [reactor-http-nio-8] DEBUG o.s.w.s.a.HttpWebHandlerAdapter - [a843b8dd-49] HTTP POST "/person-transform/publisher"
16:12:42.810 [reactor-http-nio-8] DEBUG o.s.w.r.r.m.a.RequestMappingHandlerMapping - [a843b8dd-49] Mapped to org.springframework.web.reactive.result.method.annotation.RequestMappingMessageConversionIntegrationTests$PersonTransformationController#transformPublisher(Publisher)
16:12:42.811 [reactor-http-nio-8] DEBUG o.s.w.r.r.m.a.RequestBodyMethodArgumentResolver - [a843b8dd-49] Content-Type:application/json
16:12:42.812 [reactor-http-nio-8] DEBUG o.s.w.r.r.m.a.RequestBodyMethodArgumentResolver - [a843b8dd-49] 0..N [org.springframework.web.reactive.result.method.annotation.RequestMappingMessageConversionIntegrationTests$Person]
16:12:42.813 [reactor-http-nio-8] DEBUG o.s.w.r.r.m.a.ResponseBodyResultHandler - Using 'application/json' given [application/json] and supported [application/json, application/*+json, application/x-jackson-smile, application/*+x-jackson-smile, application/xml, text/xml, text/event-stream]
16:12:42.813 [reactor-http-nio-8] DEBUG o.s.w.r.r.m.a.ResponseBodyResultHandler - [a843b8dd-49] 0..N [org.springframework.web.reactive.result.method.annotation.RequestMappingMessageConversionIntegrationTests$Person]
16:12:42.814 [reactor-http-nio-8] DEBUG o.s.h.c.j.Jackson2JsonDecoder - [a843b8dd-49] Decoded [Person{name='Robert'}]
16:12:42.814 [reactor-http-nio-8] DEBUG o.s.h.c.j.Jackson2JsonDecoder - [a843b8dd-49] Decoded [Person{name='Marie'}]
16:12:42.814 [reactor-http-nio-8] DEBUG o.s.h.c.j.Jackson2JsonEncoder - [a843b8dd-49] Encoding [[Person{name='ROBERT'}, Person{name='MARIE'}]]
16:12:42.816 [reactor-http-nio-8] DEBUG o.s.w.s.a.HttpWebHandlerAdapter - [a843b8dd-49] Completed 200 OK
16:12:42.817 [Test worker] DEBUG o.s.w.c.RestTemplate - Response 200 OK
16:12:42.817 [Test worker] DEBUG o.s.w.c.RestTemplate - Reading to [java.util.List<org.springframework.web.reactive.result.method.annotation.RequestMappingMessageConversionIntegrationTests$Person>]
16:12:42.819 [Test worker] DEBUG o.s.w.t.h.s.r.b.ReactorHttpServer - Stopping ReactorHttpServer...
16:12:42.819 [Test worker] DEBUG o.s.w.t.h.s.r.b.ReactorHttpServer - Server stopped (0 millis).
16:12:42.917 [Test worker] DEBUG o.s.w.r.r.m.a.RequestMappingHandlerMapping - 39 mappings in 'requestMappingHandlerMapping'
16:12:42.946 [Test worker] DEBUG o.s.w.r.r.m.a.ControllerMethodResolver - ControllerAdvice beans: none
16:12:42.997 [Test worker] DEBUG o.s.w.s.a.HttpWebHandlerAdapter - enableLoggingRequestDetails='false': form data and headers will be masked to prevent unsafe logging of potentially sensitive data
16:12:42.998 [Test worker] DEBUG o.s.w.t.h.s.r.b.TomcatHttpServer - Starting TomcatHttpServer...
16:12:43.020 [Test worker] DEBUG o.s.w.t.h.s.r.b.TomcatHttpServer - Server started on port 56656(0 millis).
16:12:43.021 [Test worker] DEBUG o.s.w.c.RestTemplate - HTTP POST http://localhost:56656/person-transform/publisher
16:12:43.021 [Test worker] DEBUG o.s.w.c.RestTemplate - Accept=[application/json, application/x-jackson-smile, application/*+json]
16:12:43.021 [Test worker] DEBUG o.s.w.c.RestTemplate - Writing [[Person{name='Robert'}, Person{name='Marie'}]] as "application/json"
16:12:43.025 [http-nio-auto-48-exec-1] DEBUG o.s.w.s.a.HttpWebHandlerAdapter - [6e3f63e1] HTTP POST "/person-transform/publisher"
16:12:43.026 [http-nio-auto-48-exec-1] DEBUG o.s.w.r.r.m.a.RequestMappingHandlerMapping - [6e3f63e1] Mapped to org.springframework.web.reactive.result.method.annotation.RequestMappingMessageConversionIntegrationTests$PersonTransformationController#transformPublisher(Publisher)
16:12:43.026 [http-nio-auto-48-exec-1] DEBUG o.s.w.r.r.m.a.RequestBodyMethodArgumentResolver - [6e3f63e1] Content-Type:application/json
16:12:43.027 [http-nio-auto-48-exec-1] DEBUG o.s.w.r.r.m.a.RequestBodyMethodArgumentResolver - [6e3f63e1] 0..N [org.springframework.web.reactive.result.method.annotation.RequestMappingMessageConversionIntegrationTests$Person]
16:12:43.027 [http-nio-auto-48-exec-1] DEBUG o.s.w.r.r.m.a.ResponseBodyResultHandler - Using 'application/json' given [application/json] and supported [application/json, application/*+json, application/x-jackson-smile, application/*+x-jackson-smile, application/xml, text/xml, text/event-stream]
16:12:43.028 [http-nio-auto-48-exec-1] DEBUG o.s.w.r.r.m.a.ResponseBodyResultHandler - [6e3f63e1] 0..N [org.springframework.web.reactive.result.method.annotation.RequestMappingMessageConversionIntegrationTests$Person]
16:12:43.028 [http-nio-auto-48-exec-1] DEBUG o.s.h.c.j.Jackson2JsonDecoder - [6e3f63e1] Decoded [Person{name='Robert'}]
16:12:43.028 [http-nio-auto-48-exec-1] DEBUG o.s.h.c.j.Jackson2JsonDecoder - [6e3f63e1] Decoded [Person{name='Marie'}]
16:12:43.028 [http-nio-auto-48-exec-1] DEBUG o.s.h.c.j.Jackson2JsonEncoder - [6e3f63e1] Encoding [[Person{name='ROBERT'}, Person{name='MARIE'}]]
16:12:43.029 [http-nio-auto-48-exec-1] DEBUG o.s.w.s.a.HttpWebHandlerAdapter - [6e3f63e1] Completed 200 OK
16:12:43.030 [Test worker] DEBUG o.s.w.c.RestTemplate - Response 200 OK
16:12:43.030 [Test worker] DEBUG o.s.w.c.RestTemplate - Reading to [java.util.List<org.springframework.web.reactive.result.method.annotation.RequestMappingMessageConversionIntegrationTests$Person>]
16:12:43.031 [Test worker] DEBUG o.s.w.t.h.s.r.b.TomcatHttpServer - Stopping TomcatHttpServer...
16:12:43.044 [Test worker] DEBUG o.s.w.t.h.s.r.b.TomcatHttpServer - Server stopped (0 millis).
16:12:43.176 [Test worker] DEBUG o.s.w.r.r.m.a.RequestMappingHandlerMapping - 39 mappings in 'requestMappingHandlerMapping'
16:12:43.235 [Test worker] DEBUG o.s.w.r.r.m.a.ControllerMethodResolver - ControllerAdvice beans: none
16:12:43.286 [Test worker] DEBUG o.s.w.s.a.HttpWebHandlerAdapter - enableLoggingRequestDetails='false': form data and headers will be masked to prevent unsafe logging of potentially sensitive data
16:12:43.286 [Test worker] DEBUG o.s.w.t.h.s.r.b.UndertowHttpServer - Starting UndertowHttpServer...
16:12:43.287 [Test worker] INFO  i.undertow - starting server: Undertow - 2.0.32.Final
16:12:43.294 [Test worker] DEBUG o.s.w.t.h.s.r.b.UndertowHttpServer - Server started on port 56659(0 millis).
16:12:43.294 [Test worker] DEBUG o.s.w.c.RestTemplate - HTTP POST http://localhost:56659/person-transform/publisher
16:12:43.294 [Test worker] DEBUG o.s.w.c.RestTemplate - Accept=[application/json, application/x-jackson-smile, application/*+json]
16:12:43.294 [Test worker] DEBUG o.s.w.c.RestTemplate - Writing [[Person{name='Robert'}, Person{name='Marie'}]] as "application/json"
16:12:43.297 [XNIO-48 I/O-6] DEBUG o.s.w.s.a.HttpWebHandlerAdapter - [4e94ee30] HTTP POST "/person-transform/publisher"
16:12:43.297 [XNIO-48 I/O-6] DEBUG o.s.w.r.r.m.a.RequestMappingHandlerMapping - [4e94ee30] Mapped to org.springframework.web.reactive.result.method.annotation.RequestMappingMessageConversionIntegrationTests$PersonTransformationController#transformPublisher(Publisher)
16:12:43.298 [XNIO-48 I/O-6] DEBUG o.s.w.r.r.m.a.RequestBodyMethodArgumentResolver - [4e94ee30] Content-Type:application/json
16:12:43.298 [XNIO-48 I/O-6] DEBUG o.s.w.r.r.m.a.RequestBodyMethodArgumentResolver - [4e94ee30] 0..N [org.springframework.web.reactive.result.method.annotation.RequestMappingMessageConversionIntegrationTests$Person]
16:12:43.299 [XNIO-48 I/O-6] DEBUG o.s.w.r.r.m.a.ResponseBodyResultHandler - Using 'application/json' given [application/json] and supported [application/json, application/*+json, application/x-jackson-smile, application/*+x-jackson-smile, application/xml, text/xml, text/event-stream]
16:12:43.299 [XNIO-48 I/O-6] DEBUG o.s.w.r.r.m.a.ResponseBodyResultHandler - [4e94ee30] 0..N [org.springframework.web.reactive.result.method.annotation.RequestMappingMessageConversionIntegrationTests$Person]
16:12:43.300 [XNIO-48 I/O-6] DEBUG o.s.h.c.j.Jackson2JsonDecoder - [4e94ee30] Decoded [Person{name='Robert'}]
16:12:43.300 [XNIO-48 I/O-6] DEBUG o.s.h.c.j.Jackson2JsonDecoder - [4e94ee30] Decoded [Person{name='Marie'}]
16:12:43.300 [XNIO-48 I/O-6] DEBUG o.s.h.c.j.Jackson2JsonEncoder - [4e94ee30] Encoding [[Person{name='ROBERT'}, Person{name='MARIE'}]]
16:12:43.301 [XNIO-48 I/O-6] DEBUG o.s.w.s.a.HttpWebHandlerAdapter - [4e94ee30] Completed 200 OK
16:12:43.301 [Test worker] DEBUG o.s.w.c.RestTemplate - Response 200 OK
16:12:43.302 [Test worker] DEBUG o.s.w.c.RestTemplate - Reading to [java.util.List<org.springframework.web.reactive.result.method.annotation.RequestMappingMessageConversionIntegrationTests$Person>]
16:12:43.302 [Test worker] DEBUG o.s.w.t.h.s.r.b.UndertowHttpServer - Stopping UndertowHttpServer...
16:12:43.303 [Test worker] INFO  i.undertow - stopping server: Undertow - 2.0.32.Final
16:12:43.307 [Test worker] DEBUG o.s.w.t.h.s.r.b.UndertowHttpServer - Server stopped (0 millis).
16:12:43.467 [Test worker] DEBUG o.s.w.r.r.m.a.RequestMappingHandlerMapping - 39 mappings in 'requestMappingHandlerMapping'
16:12:43.545 [Test worker] DEBUG o.s.w.r.r.m.a.ControllerMethodResolver - ControllerAdvice beans: none
16:12:43.611 [Test worker] DEBUG o.s.w.s.a.HttpWebHandlerAdapter - enableLoggingRequestDetails='false': form data and headers will be masked to prevent unsafe logging of potentially sensitive data
16:12:43.611 [Test worker] WARN  o.e.j.s.h.ContextHandler - Empty contextPath
16:12:43.612 [Test worker] INFO  o.e.j.s.h.ContextHandler - Started o.e.j.s.ServletContextHandler@2836e84e{/,null,AVAILABLE}
16:12:43.612 [Test worker] DEBUG o.s.w.t.h.s.r.b.JettyHttpServer - Starting JettyHttpServer...
16:12:43.612 [Test worker] INFO  o.e.j.s.Server - jetty-9.4.31.v20200723; built: 2020-07-23T17:57:36.812Z; git: 450ba27947e13e66baa8cd1ce7e85a4461cacc1d; jvm 1.8.0_201-b09
16:12:43.621 [Test worker] INFO  o.e.j.s.AbstractConnector - Started ServerConnector@4da0b849{HTTP/1.1, (http/1.1)}{0.0.0.0:56736}
16:12:43.622 [Test worker] INFO  o.e.j.s.Server - Started @131467ms
16:12:43.622 [Test worker] DEBUG o.s.w.t.h.s.r.b.JettyHttpServer - Server started on port 56736(0 millis).
16:12:43.623 [Test worker] DEBUG o.s.w.c.RestTemplate - HTTP POST http://localhost:56736/person-create/observable
16:12:43.624 [Test worker] DEBUG o.s.w.c.RestTemplate - Accept=[application/json, application/x-jackson-smile, application/*+json]
16:12:43.624 [Test worker] DEBUG o.s.w.c.RestTemplate - Writing [[Person{name='Robert'}, Person{name='Marie'}]] as "application/json"
16:12:43.627 [qtp209433010-1872] DEBUG o.s.w.s.a.HttpWebHandlerAdapter - [67fddbb4] HTTP POST "/person-create/observable"
16:12:43.628 [qtp209433010-1872] DEBUG o.s.w.r.r.m.a.RequestMappingHandlerMapping - [67fddbb4] Mapped to org.springframework.web.reactive.result.method.annotation.RequestMappingMessageConversionIntegrationTests$PersonCreateController#createWithObservable(Observable)
16:12:43.628 [qtp209433010-1872] DEBUG o.s.w.r.r.m.a.RequestBodyMethodArgumentResolver - [67fddbb4] Content-Type:application/json;charset=UTF-8
16:12:43.629 [qtp209433010-1872] DEBUG o.s.w.r.r.m.a.RequestBodyMethodArgumentResolver - [67fddbb4] 0..N [org.springframework.web.reactive.result.method.annotation.RequestMappingMessageConversionIntegrationTests$Person]
16:12:43.630 [qtp209433010-1872] DEBUG o.s.h.c.j.Jackson2JsonDecoder - [67fddbb4] Decoded [Person{name='Robert'}]
16:12:43.630 [qtp209433010-1872] DEBUG o.s.h.c.j.Jackson2JsonDecoder - [67fddbb4] Decoded [Person{name='Marie'}]
16:12:43.630 [qtp209433010-1872] DEBUG o.s.w.s.a.HttpWebHandlerAdapter - [67fddbb4] Completed 200 OK
16:12:43.631 [Test worker] DEBUG o.s.w.c.RestTemplate - Response 200 OK
16:12:43.631 [Test worker] DEBUG o.s.w.t.h.s.r.b.JettyHttpServer - Stopping JettyHttpServer...
16:12:43.631 [Test worker] INFO  o.e.j.s.h.ContextHandler - Stopped o.e.j.s.ServletContextHandler@2836e84e{/,null,UNAVAILABLE}
16:12:43.633 [Test worker] INFO  o.e.j.s.AbstractConnector - Stopped ServerConnector@4da0b849{HTTP/1.1, (http/1.1)}{0.0.0.0:0}
16:12:43.644 [Test worker] DEBUG o.s.w.t.h.s.r.b.JettyHttpServer - Server stopped (0 millis).
16:12:43.760 [Test worker] DEBUG o.s.w.r.r.m.a.RequestMappingHandlerMapping - 39 mappings in 'requestMappingHandlerMapping'
16:12:43.799 [Test worker] DEBUG o.s.w.r.r.m.a.ControllerMethodResolver - ControllerAdvice beans: none
16:12:43.852 [Test worker] DEBUG o.s.w.s.a.HttpWebHandlerAdapter - enableLoggingRequestDetails='false': form data and headers will be masked to prevent unsafe logging of potentially sensitive data
16:12:43.852 [Test worker] DEBUG o.s.w.t.h.s.r.b.ReactorHttpServer - Starting ReactorHttpServer...
16:12:43.856 [Test worker] DEBUG o.s.w.t.h.s.r.b.ReactorHttpServer - Server started on port 56740(0 millis).
16:12:43.856 [Test worker] DEBUG o.s.w.c.RestTemplate - HTTP POST http://localhost:56740/person-create/observable
16:12:43.857 [Test worker] DEBUG o.s.w.c.RestTemplate - Accept=[application/json, application/x-jackson-smile, application/*+json]
16:12:43.857 [Test worker] DEBUG o.s.w.c.RestTemplate - Writing [[Person{name='Robert'}, Person{name='Marie'}]] as "application/json"
16:12:43.859 [reactor-http-nio-10] DEBUG o.s.w.s.a.HttpWebHandlerAdapter - [cb989675-50] HTTP POST "/person-create/observable"
16:12:43.860 [reactor-http-nio-10] DEBUG o.s.w.r.r.m.a.RequestMappingHandlerMapping - [cb989675-50] Mapped to org.springframework.web.reactive.result.method.annotation.RequestMappingMessageConversionIntegrationTests$PersonCreateController#createWithObservable(Observable)
16:12:43.860 [reactor-http-nio-10] DEBUG o.s.w.r.r.m.a.RequestBodyMethodArgumentResolver - [cb989675-50] Content-Type:application/json
16:12:43.861 [reactor-http-nio-10] DEBUG o.s.w.r.r.m.a.RequestBodyMethodArgumentResolver - [cb989675-50] 0..N [org.springframework.web.reactive.result.method.annotation.RequestMappingMessageConversionIntegrationTests$Person]
16:12:43.862 [reactor-http-nio-10] DEBUG o.s.h.c.j.Jackson2JsonDecoder - [cb989675-50] Decoded [Person{name='Robert'}]
16:12:43.862 [reactor-http-nio-10] DEBUG o.s.h.c.j.Jackson2JsonDecoder - [cb989675-50] Decoded [Person{name='Marie'}]
16:12:43.862 [reactor-http-nio-10] DEBUG o.s.w.s.a.HttpWebHandlerAdapter - [cb989675-50] Completed 200 OK
16:12:43.863 [Test worker] DEBUG o.s.w.c.RestTemplate - Response 200 OK
16:12:43.863 [Test worker] DEBUG o.s.w.t.h.s.r.b.ReactorHttpServer - Stopping ReactorHttpServer...
16:12:43.864 [Test worker] DEBUG o.s.w.t.h.s.r.b.ReactorHttpServer - Server stopped (0 millis).
16:12:43.962 [Test worker] DEBUG o.s.w.r.r.m.a.RequestMappingHandlerMapping - 39 mappings in 'requestMappingHandlerMapping'
16:12:44.005 [Test worker] DEBUG o.s.w.r.r.m.a.ControllerMethodResolver - ControllerAdvice beans: none
16:12:44.065 [Test worker] DEBUG o.s.w.s.a.HttpWebHandlerAdapter - enableLoggingRequestDetails='false': form data and headers will be masked to prevent unsafe logging of potentially sensitive data
16:12:44.065 [Test worker] DEBUG o.s.w.t.h.s.r.b.TomcatHttpServer - Starting TomcatHttpServer...
16:12:44.081 [Test worker] DEBUG o.s.w.t.h.s.r.b.TomcatHttpServer - Server started on port 56742(0 millis).
16:12:44.081 [Test worker] DEBUG o.s.w.c.RestTemplate - HTTP POST http://localhost:56742/person-create/observable
16:12:44.081 [Test worker] DEBUG o.s.w.c.RestTemplate - Accept=[application/json, application/x-jackson-smile, application/*+json]
16:12:44.081 [Test worker] DEBUG o.s.w.c.RestTemplate - Writing [[Person{name='Robert'}, Person{name='Marie'}]] as "application/json"
16:12:44.088 [http-nio-auto-49-exec-1] DEBUG o.s.w.s.a.HttpWebHandlerAdapter - [63a320d9] HTTP POST "/person-create/observable"
16:12:44.088 [http-nio-auto-49-exec-1] DEBUG o.s.w.r.r.m.a.RequestMappingHandlerMapping - [63a320d9] Mapped to org.springframework.web.reactive.result.method.annotation.RequestMappingMessageConversionIntegrationTests$PersonCreateController#createWithObservable(Observable)
16:12:44.089 [http-nio-auto-49-exec-1] DEBUG o.s.w.r.r.m.a.RequestBodyMethodArgumentResolver - [63a320d9] Content-Type:application/json
16:12:44.090 [http-nio-auto-49-exec-1] DEBUG o.s.w.r.r.m.a.RequestBodyMethodArgumentResolver - [63a320d9] 0..N [org.springframework.web.reactive.result.method.annotation.RequestMappingMessageConversionIntegrationTests$Person]
16:12:44.091 [http-nio-auto-49-exec-1] DEBUG o.s.h.c.j.Jackson2JsonDecoder - [63a320d9] Decoded [Person{name='Robert'}]
16:12:44.091 [http-nio-auto-49-exec-1] DEBUG o.s.h.c.j.Jackson2JsonDecoder - [63a320d9] Decoded [Person{name='Marie'}]
16:12:44.091 [http-nio-auto-49-exec-1] DEBUG o.s.w.s.a.HttpWebHandlerAdapter - [63a320d9] Completed 200 OK
16:12:44.093 [Test worker] DEBUG o.s.w.c.RestTemplate - Response 200 OK
16:12:44.093 [Test worker] DEBUG o.s.w.t.h.s.r.b.TomcatHttpServer - Stopping TomcatHttpServer...
16:12:44.108 [Test worker] DEBUG o.s.w.t.h.s.r.b.TomcatHttpServer - Server stopped (0 millis).
16:12:44.297 [Test worker] DEBUG o.s.w.r.r.m.a.RequestMappingHandlerMapping - 39 mappings in 'requestMappingHandlerMapping'
16:12:44.339 [Test worker] DEBUG o.s.w.r.r.m.a.ControllerMethodResolver - ControllerAdvice beans: none
16:12:44.392 [Test worker] DEBUG o.s.w.s.a.HttpWebHandlerAdapter - enableLoggingRequestDetails='false': form data and headers will be masked to prevent unsafe logging of potentially sensitive data
16:12:44.392 [Test worker] DEBUG o.s.w.t.h.s.r.b.UndertowHttpServer - Starting UndertowHttpServer...
16:12:44.393 [Test worker] INFO  i.undertow - starting server: Undertow - 2.0.32.Final
16:12:44.410 [Test worker] DEBUG o.s.w.t.h.s.r.b.UndertowHttpServer - Server started on port 56745(0 millis).
16:12:44.410 [Test worker] DEBUG o.s.w.c.RestTemplate - HTTP POST http://localhost:56745/person-create/observable
16:12:44.410 [Test worker] DEBUG o.s.w.c.RestTemplate - Accept=[application/json, application/x-jackson-smile, application/*+json]
16:12:44.411 [Test worker] DEBUG o.s.w.c.RestTemplate - Writing [[Person{name='Robert'}, Person{name='Marie'}]] as "application/json"
16:12:44.413 [XNIO-49 I/O-6] DEBUG o.s.w.s.a.HttpWebHandlerAdapter - [271304f0] HTTP POST "/person-create/observable"
16:12:44.413 [XNIO-49 I/O-6] DEBUG o.s.w.r.r.m.a.RequestMappingHandlerMapping - [271304f0] Mapped to org.springframework.web.reactive.result.method.annotation.RequestMappingMessageConversionIntegrationTests$PersonCreateController#createWithObservable(Observable)
16:12:44.414 [XNIO-49 I/O-6] DEBUG o.s.w.r.r.m.a.RequestBodyMethodArgumentResolver - [271304f0] Content-Type:application/json
16:12:44.414 [XNIO-49 I/O-6] DEBUG o.s.w.r.r.m.a.RequestBodyMethodArgumentResolver - [271304f0] 0..N [org.springframework.web.reactive.result.method.annotation.RequestMappingMessageConversionIntegrationTests$Person]
16:12:44.415 [XNIO-49 I/O-6] DEBUG o.s.h.c.j.Jackson2JsonDecoder - [271304f0] Decoded [Person{name='Robert'}]
16:12:44.415 [XNIO-49 I/O-6] DEBUG o.s.h.c.j.Jackson2JsonDecoder - [271304f0] Decoded [Person{name='Marie'}]
16:12:44.415 [XNIO-49 I/O-6] DEBUG o.s.w.s.a.HttpWebHandlerAdapter - [271304f0] Completed 200 OK
16:12:44.417 [Test worker] DEBUG o.s.w.c.RestTemplate - Response 200 OK
16:12:44.417 [Test worker] DEBUG o.s.w.t.h.s.r.b.UndertowHttpServer - Stopping UndertowHttpServer...
16:12:44.417 [Test worker] INFO  i.undertow - stopping server: Undertow - 2.0.32.Final
16:12:44.418 [Test worker] DEBUG o.s.w.t.h.s.r.b.UndertowHttpServer - Server stopped (0 millis).
16:12:44.508 [Test worker] DEBUG o.s.w.r.r.m.a.RequestMappingHandlerMapping - 39 mappings in 'requestMappingHandlerMapping'
16:12:44.552 [Test worker] DEBUG o.s.w.r.r.m.a.ControllerMethodResolver - ControllerAdvice beans: none
16:12:44.592 [Test worker] DEBUG o.s.w.s.a.HttpWebHandlerAdapter - enableLoggingRequestDetails='false': form data and headers will be masked to prevent unsafe logging of potentially sensitive data
16:12:44.592 [Test worker] WARN  o.e.j.s.h.ContextHandler - Empty contextPath
16:12:44.593 [Test worker] INFO  o.e.j.s.h.ContextHandler - Started o.e.j.s.ServletContextHandler@4ee385ad{/,null,AVAILABLE}
16:12:44.593 [Test worker] DEBUG o.s.w.t.h.s.r.b.JettyHttpServer - Starting JettyHttpServer...
16:12:44.593 [Test worker] INFO  o.e.j.s.Server - jetty-9.4.31.v20200723; built: 2020-07-23T17:57:36.812Z; git: 450ba27947e13e66baa8cd1ce7e85a4461cacc1d; jvm 1.8.0_201-b09
16:12:44.608 [Test worker] INFO  o.e.j.s.AbstractConnector - Started ServerConnector@49afef5b{HTTP/1.1, (http/1.1)}{0.0.0.0:56747}
16:12:44.608 [Test worker] INFO  o.e.j.s.Server - Started @132454ms
16:12:44.608 [Test worker] DEBUG o.s.w.t.h.s.r.b.JettyHttpServer - Server started on port 56747(0 millis).
16:12:44.608 [Test worker] DEBUG o.s.w.c.RestTemplate - HTTP POST http://localhost:56747/person-create/mono
16:12:44.608 [Test worker] DEBUG o.s.w.c.RestTemplate - Accept=[application/json, application/x-jackson-smile, application/*+json]
16:12:44.609 [Test worker] DEBUG o.s.w.c.RestTemplate - Writing [Person{name='Robert'}] as "application/json"
16:12:44.611 [qtp2093232373-1910] DEBUG o.s.w.s.a.HttpWebHandlerAdapter - [3d5bae86] HTTP POST "/person-create/mono"
16:12:44.611 [qtp2093232373-1910] DEBUG o.s.w.r.r.m.a.RequestMappingHandlerMapping - [3d5bae86] Mapped to org.springframework.web.reactive.result.method.annotation.RequestMappingMessageConversionIntegrationTests$PersonCreateController#createWithMono(Mono)
16:12:44.611 [qtp2093232373-1910] DEBUG o.s.w.r.r.m.a.RequestBodyMethodArgumentResolver - [3d5bae86] Content-Type:application/json;charset=UTF-8
16:12:44.612 [qtp2093232373-1910] DEBUG o.s.w.r.r.m.a.RequestBodyMethodArgumentResolver - [3d5bae86] 0..1 [org.springframework.web.reactive.result.method.annotation.RequestMappingMessageConversionIntegrationTests$Person]
16:12:44.613 [qtp2093232373-1910] DEBUG o.s.h.c.j.Jackson2JsonDecoder - [3d5bae86] Decoded [Person{name='Robert'}]
16:12:44.613 [qtp2093232373-1910] DEBUG o.s.w.s.a.HttpWebHandlerAdapter - [3d5bae86] Completed 200 OK
16:12:44.614 [Test worker] DEBUG o.s.w.c.RestTemplate - Response 200 OK
16:12:44.614 [Test worker] DEBUG o.s.w.t.h.s.r.b.JettyHttpServer - Stopping JettyHttpServer...
16:12:44.614 [Test worker] INFO  o.e.j.s.h.ContextHandler - Stopped o.e.j.s.ServletContextHandler@4ee385ad{/,null,UNAVAILABLE}
16:12:44.616 [Test worker] INFO  o.e.j.s.AbstractConnector - Stopped ServerConnector@49afef5b{HTTP/1.1, (http/1.1)}{0.0.0.0:0}
16:12:44.626 [Test worker] DEBUG o.s.w.t.h.s.r.b.JettyHttpServer - Server stopped (0 millis).
16:12:44.711 [Test worker] DEBUG o.s.w.r.r.m.a.RequestMappingHandlerMapping - 39 mappings in 'requestMappingHandlerMapping'
16:12:44.760 [Test worker] DEBUG o.s.w.r.r.m.a.ControllerMethodResolver - ControllerAdvice beans: none
16:12:44.830 [Test worker] DEBUG o.s.w.s.a.HttpWebHandlerAdapter - enableLoggingRequestDetails='false': form data and headers will be masked to prevent unsafe logging of potentially sensitive data
16:12:44.830 [Test worker] DEBUG o.s.w.t.h.s.r.b.ReactorHttpServer - Starting ReactorHttpServer...
16:12:44.831 [Test worker] DEBUG o.s.w.t.h.s.r.b.ReactorHttpServer - Server started on port 56749(0 millis).
16:12:44.832 [Test worker] DEBUG o.s.w.c.RestTemplate - HTTP POST http://localhost:56749/person-create/mono
16:12:44.832 [Test worker] DEBUG o.s.w.c.RestTemplate - Accept=[application/json, application/x-jackson-smile, application/*+json]
16:12:44.832 [Test worker] DEBUG o.s.w.c.RestTemplate - Writing [Person{name='Robert'}] as "application/json"
16:12:44.834 [reactor-http-nio-12] DEBUG o.s.w.s.a.HttpWebHandlerAdapter - [a8f09cee-51] HTTP POST "/person-create/mono"
16:12:44.835 [reactor-http-nio-12] DEBUG o.s.w.r.r.m.a.RequestMappingHandlerMapping - [a8f09cee-51] Mapped to org.springframework.web.reactive.result.method.annotation.RequestMappingMessageConversionIntegrationTests$PersonCreateController#createWithMono(Mono)
16:12:44.835 [reactor-http-nio-12] DEBUG o.s.w.r.r.m.a.RequestBodyMethodArgumentResolver - [a8f09cee-51] Content-Type:application/json
16:12:44.836 [reactor-http-nio-12] DEBUG o.s.w.r.r.m.a.RequestBodyMethodArgumentResolver - [a8f09cee-51] 0..1 [org.springframework.web.reactive.result.method.annotation.RequestMappingMessageConversionIntegrationTests$Person]
16:12:44.837 [reactor-http-nio-12] DEBUG o.s.h.c.j.Jackson2JsonDecoder - [a8f09cee-51] Decoded [Person{name='Robert'}]
16:12:44.837 [reactor-http-nio-12] DEBUG o.s.w.s.a.HttpWebHandlerAdapter - [a8f09cee-51] Completed 200 OK
16:12:44.838 [Test worker] DEBUG o.s.w.c.RestTemplate - Response 200 OK
16:12:44.838 [Test worker] DEBUG o.s.w.t.h.s.r.b.ReactorHttpServer - Stopping ReactorHttpServer...
16:12:44.840 [Test worker] DEBUG o.s.w.t.h.s.r.b.ReactorHttpServer - Server stopped (0 millis).
16:12:44.963 [Test worker] DEBUG o.s.w.r.r.m.a.RequestMappingHandlerMapping - 39 mappings in 'requestMappingHandlerMapping'
16:12:45.029 [Test worker] DEBUG o.s.w.r.r.m.a.ControllerMethodResolver - ControllerAdvice beans: none
16:12:45.093 [Test worker] DEBUG o.s.w.s.a.HttpWebHandlerAdapter - enableLoggingRequestDetails='false': form data and headers will be masked to prevent unsafe logging of potentially sensitive data
16:12:45.094 [Test worker] DEBUG o.s.w.t.h.s.r.b.TomcatHttpServer - Starting TomcatHttpServer...
16:12:45.148 [Test worker] DEBUG o.s.w.t.h.s.r.b.TomcatHttpServer - Server started on port 56751(0 millis).
16:12:45.148 [Test worker] DEBUG o.s.w.c.RestTemplate - HTTP POST http://localhost:56751/person-create/mono
16:12:45.148 [Test worker] DEBUG o.s.w.c.RestTemplate - Accept=[application/json, application/x-jackson-smile, application/*+json]
16:12:45.148 [Test worker] DEBUG o.s.w.c.RestTemplate - Writing [Person{name='Robert'}] as "application/json"
16:12:45.152 [http-nio-auto-50-exec-1] DEBUG o.s.w.s.a.HttpWebHandlerAdapter - [2278b137] HTTP POST "/person-create/mono"
16:12:45.152 [http-nio-auto-50-exec-1] DEBUG o.s.w.r.r.m.a.RequestMappingHandlerMapping - [2278b137] Mapped to org.springframework.web.reactive.result.method.annotation.RequestMappingMessageConversionIntegrationTests$PersonCreateController#createWithMono(Mono)
16:12:45.153 [http-nio-auto-50-exec-1] DEBUG o.s.w.r.r.m.a.RequestBodyMethodArgumentResolver - [2278b137] Content-Type:application/json
16:12:45.153 [http-nio-auto-50-exec-1] DEBUG o.s.w.r.r.m.a.RequestBodyMethodArgumentResolver - [2278b137] 0..1 [org.springframework.web.reactive.result.method.annotation.RequestMappingMessageConversionIntegrationTests$Person]
16:12:45.154 [http-nio-auto-50-exec-1] DEBUG o.s.h.c.j.Jackson2JsonDecoder - [2278b137] Decoded [Person{name='Robert'}]
16:12:45.154 [http-nio-auto-50-exec-1] DEBUG o.s.w.s.a.HttpWebHandlerAdapter - [2278b137] Completed 200 OK
16:12:45.155 [Test worker] DEBUG o.s.w.c.RestTemplate - Response 200 OK
16:12:45.155 [Test worker] DEBUG o.s.w.t.h.s.r.b.TomcatHttpServer - Stopping TomcatHttpServer...
16:12:45.165 [Test worker] DEBUG o.s.w.t.h.s.r.b.TomcatHttpServer - Server stopped (0 millis).
16:12:45.335 [Test worker] DEBUG o.s.w.r.r.m.a.RequestMappingHandlerMapping - 39 mappings in 'requestMappingHandlerMapping'
16:12:45.379 [Test worker] DEBUG o.s.w.r.r.m.a.ControllerMethodResolver - ControllerAdvice beans: none
16:12:45.434 [Test worker] DEBUG o.s.w.s.a.HttpWebHandlerAdapter - enableLoggingRequestDetails='false': form data and headers will be masked to prevent unsafe logging of potentially sensitive data
16:12:45.434 [Test worker] DEBUG o.s.w.t.h.s.r.b.UndertowHttpServer - Starting UndertowHttpServer...
16:12:45.434 [Test worker] INFO  i.undertow - starting server: Undertow - 2.0.32.Final
16:12:45.451 [Test worker] DEBUG o.s.w.t.h.s.r.b.UndertowHttpServer - Server started on port 56754(0 millis).
16:12:45.451 [Test worker] DEBUG o.s.w.c.RestTemplate - HTTP POST http://localhost:56754/person-create/mono
16:12:45.452 [Test worker] DEBUG o.s.w.c.RestTemplate - Accept=[application/json, application/x-jackson-smile, application/*+json]
16:12:45.452 [Test worker] DEBUG o.s.w.c.RestTemplate - Writing [Person{name='Robert'}] as "application/json"
16:12:45.455 [XNIO-50 I/O-6] DEBUG o.s.w.s.a.HttpWebHandlerAdapter - [66e7cf7c] HTTP POST "/person-create/mono"
16:12:45.456 [XNIO-50 I/O-6] DEBUG o.s.w.r.r.m.a.RequestMappingHandlerMapping - [66e7cf7c] Mapped to org.springframework.web.reactive.result.method.annotation.RequestMappingMessageConversionIntegrationTests$PersonCreateController#createWithMono(Mono)
16:12:45.456 [XNIO-50 I/O-6] DEBUG o.s.w.r.r.m.a.RequestBodyMethodArgumentResolver - [66e7cf7c] Content-Type:application/json
16:12:45.457 [XNIO-50 I/O-6] DEBUG o.s.w.r.r.m.a.RequestBodyMethodArgumentResolver - [66e7cf7c] 0..1 [org.springframework.web.reactive.result.method.annotation.RequestMappingMessageConversionIntegrationTests$Person]
16:12:45.458 [XNIO-50 I/O-6] DEBUG o.s.h.c.j.Jackson2JsonDecoder - [66e7cf7c] Decoded [Person{name='Robert'}]
16:12:45.458 [XNIO-50 I/O-6] DEBUG o.s.w.s.a.HttpWebHandlerAdapter - [66e7cf7c] Completed 200 OK
16:12:45.458 [Test worker] DEBUG o.s.w.c.RestTemplate - Response 200 OK
16:12:45.459 [Test worker] DEBUG o.s.w.t.h.s.r.b.UndertowHttpServer - Stopping UndertowHttpServer...
16:12:45.459 [Test worker] INFO  i.undertow - stopping server: Undertow - 2.0.32.Final
16:12:45.460 [Test worker] DEBUG o.s.w.t.h.s.r.b.UndertowHttpServer - Server stopped (0 millis).
16:12:45.596 [Test worker] DEBUG o.s.w.r.r.m.a.RequestMappingHandlerMapping - 39 mappings in 'requestMappingHandlerMapping'
16:12:45.666 [Test worker] DEBUG o.s.w.r.r.m.a.ControllerMethodResolver - ControllerAdvice beans: none
16:12:45.712 [Test worker] DEBUG o.s.w.s.a.HttpWebHandlerAdapter - enableLoggingRequestDetails='false': form data and headers will be masked to prevent unsafe logging of potentially sensitive data
16:12:45.714 [Test worker] WARN  o.e.j.s.h.ContextHandler - Empty contextPath
16:12:45.714 [Test worker] INFO  o.e.j.s.h.ContextHandler - Started o.e.j.s.ServletContextHandler@2476e50f{/,null,AVAILABLE}
16:12:45.715 [Test worker] DEBUG o.s.w.t.h.s.r.b.JettyHttpServer - Starting JettyHttpServer...
16:12:45.715 [Test worker] INFO  o.e.j.s.Server - jetty-9.4.31.v20200723; built: 2020-07-23T17:57:36.812Z; git: 450ba27947e13e66baa8cd1ce7e85a4461cacc1d; jvm 1.8.0_201-b09
16:12:45.719 [Test worker] INFO  o.e.j.s.AbstractConnector - Started ServerConnector@1c25ef1c{HTTP/1.1, (http/1.1)}{0.0.0.0:56757}
16:12:45.720 [Test worker] INFO  o.e.j.s.Server - Started @133566ms
16:12:45.720 [Test worker] DEBUG o.s.w.t.h.s.r.b.JettyHttpServer - Server started on port 56757(0 millis).
16:12:45.720 [Test worker] DEBUG o.s.w.c.RestTemplate - HTTP GET http://localhost:56757/person-response/person
16:12:45.721 [Test worker] DEBUG o.s.w.c.RestTemplate - Accept=[application/xml, text/xml, application/json, application/x-jackson-smile, application/*+xml, application/*+json]
16:12:45.723 [qtp1088602429-1948] DEBUG o.s.w.s.a.HttpWebHandlerAdapter - [65c6af2d] HTTP GET "/person-response/person"
16:12:45.724 [qtp1088602429-1948] DEBUG o.s.w.r.r.m.a.RequestMappingHandlerMapping - [65c6af2d] Mapped to org.springframework.web.reactive.result.method.annotation.RequestMappingMessageConversionIntegrationTests$PersonResponseBodyController#getPerson()
16:12:45.725 [qtp1088602429-1948] DEBUG o.s.w.r.r.m.a.ResponseBodyResultHandler - Using 'application/json' given [application/json] and supported [application/json, application/*+json, application/x-jackson-smile, application/*+x-jackson-smile, application/xml, text/xml, text/event-stream]
16:12:45.725 [qtp1088602429-1948] DEBUG o.s.w.r.r.m.a.ResponseBodyResultHandler - [65c6af2d] 0..1 [org.springframework.web.reactive.result.method.annotation.RequestMappingMessageConversionIntegrationTests$Person]
16:12:45.725 [qtp1088602429-1948] DEBUG o.s.h.c.j.Jackson2JsonEncoder - [65c6af2d] Encoding [Person{name='Robert'}]
16:12:45.726 [Test worker] DEBUG o.s.w.c.RestTemplate - Response 200 OK
16:12:45.726 [qtp1088602429-1948] DEBUG o.s.w.s.a.HttpWebHandlerAdapter - [65c6af2d] Completed 200 OK
16:12:45.726 [Test worker] DEBUG o.s.w.c.RestTemplate - Reading to [org.springframework.web.reactive.result.method.annotation.RequestMappingMessageConversionIntegrationTests$Person]
16:12:45.727 [Test worker] DEBUG o.s.w.t.h.s.r.b.JettyHttpServer - Stopping JettyHttpServer...
16:12:45.727 [Test worker] INFO  o.e.j.s.h.ContextHandler - Stopped o.e.j.s.ServletContextHandler@2476e50f{/,null,UNAVAILABLE}
16:12:45.728 [Test worker] INFO  o.e.j.s.AbstractConnector - Stopped ServerConnector@1c25ef1c{HTTP/1.1, (http/1.1)}{0.0.0.0:0}
16:12:45.739 [Test worker] DEBUG o.s.w.t.h.s.r.b.JettyHttpServer - Server stopped (0 millis).
16:12:45.857 [Test worker] DEBUG o.s.w.r.r.m.a.RequestMappingHandlerMapping - 39 mappings in 'requestMappingHandlerMapping'
16:12:45.914 [Test worker] DEBUG o.s.w.r.r.m.a.ControllerMethodResolver - ControllerAdvice beans: none
16:12:45.970 [Test worker] DEBUG o.s.w.s.a.HttpWebHandlerAdapter - enableLoggingRequestDetails='false': form data and headers will be masked to prevent unsafe logging of potentially sensitive data
16:12:45.970 [Test worker] DEBUG o.s.w.t.h.s.r.b.ReactorHttpServer - Starting ReactorHttpServer...
16:12:45.971 [Test worker] DEBUG o.s.w.t.h.s.r.b.ReactorHttpServer - Server started on port 56760(0 millis).
16:12:45.972 [Test worker] DEBUG o.s.w.c.RestTemplate - HTTP GET http://localhost:56760/person-response/person
16:12:45.973 [Test worker] DEBUG o.s.w.c.RestTemplate - Accept=[application/xml, text/xml, application/json, application/x-jackson-smile, application/*+xml, application/*+json]
16:12:45.974 [reactor-http-nio-2] DEBUG o.s.w.s.a.HttpWebHandlerAdapter - [9f828af9-52] HTTP GET "/person-response/person"
16:12:45.975 [reactor-http-nio-2] DEBUG o.s.w.r.r.m.a.RequestMappingHandlerMapping - [9f828af9-52] Mapped to org.springframework.web.reactive.result.method.annotation.RequestMappingMessageConversionIntegrationTests$PersonResponseBodyController#getPerson()
16:12:45.976 [reactor-http-nio-2] DEBUG o.s.w.r.r.m.a.ResponseBodyResultHandler - Using 'application/json' given [application/json] and supported [application/json, application/*+json, application/x-jackson-smile, application/*+x-jackson-smile, application/xml, text/xml, text/event-stream]
16:12:45.976 [reactor-http-nio-2] DEBUG o.s.w.r.r.m.a.ResponseBodyResultHandler - [9f828af9-52] 0..1 [org.springframework.web.reactive.result.method.annotation.RequestMappingMessageConversionIntegrationTests$Person]
16:12:45.976 [reactor-http-nio-2] DEBUG o.s.h.c.j.Jackson2JsonEncoder - [9f828af9-52] Encoding [Person{name='Robert'}]
16:12:45.978 [reactor-http-nio-2] DEBUG o.s.w.s.a.HttpWebHandlerAdapter - [9f828af9-52] Completed 200 OK
16:12:45.978 [Test worker] DEBUG o.s.w.c.RestTemplate - Response 200 OK
16:12:45.978 [Test worker] DEBUG o.s.w.c.RestTemplate - Reading to [org.springframework.web.reactive.result.method.annotation.RequestMappingMessageConversionIntegrationTests$Person]
16:12:45.979 [Test worker] DEBUG o.s.w.t.h.s.r.b.ReactorHttpServer - Stopping ReactorHttpServer...
16:12:45.979 [Test worker] DEBUG o.s.w.t.h.s.r.b.ReactorHttpServer - Server stopped (0 millis).
16:12:46.081 [Test worker] DEBUG o.s.w.r.r.m.a.RequestMappingHandlerMapping - 39 mappings in 'requestMappingHandlerMapping'
16:12:46.134 [Test worker] DEBUG o.s.w.r.r.m.a.ControllerMethodResolver - ControllerAdvice beans: none
16:12:46.200 [Test worker] DEBUG o.s.w.s.a.HttpWebHandlerAdapter - enableLoggingRequestDetails='false': form data and headers will be masked to prevent unsafe logging of potentially sensitive data
16:12:46.201 [Test worker] DEBUG o.s.w.t.h.s.r.b.TomcatHttpServer - Starting TomcatHttpServer...
16:12:46.218 [Test worker] DEBUG o.s.w.t.h.s.r.b.TomcatHttpServer - Server started on port 56762(0 millis).
16:12:46.218 [Test worker] DEBUG o.s.w.c.RestTemplate - HTTP GET http://localhost:56762/person-response/person
16:12:46.220 [Test worker] DEBUG o.s.w.c.RestTemplate - Accept=[application/xml, text/xml, application/json, application/x-jackson-smile, application/*+xml, application/*+json]
16:12:46.223 [http-nio-auto-51-exec-1] DEBUG o.s.w.s.a.HttpWebHandlerAdapter - [3c887d7f] HTTP GET "/person-response/person"
16:12:46.223 [http-nio-auto-51-exec-1] DEBUG o.s.w.r.r.m.a.RequestMappingHandlerMapping - [3c887d7f] Mapped to org.springframework.web.reactive.result.method.annotation.RequestMappingMessageConversionIntegrationTests$PersonResponseBodyController#getPerson()
16:12:46.224 [http-nio-auto-51-exec-1] DEBUG o.s.w.r.r.m.a.ResponseBodyResultHandler - Using 'application/json' given [application/json] and supported [application/json, application/*+json, application/x-jackson-smile, application/*+x-jackson-smile, application/xml, text/xml, text/event-stream]
16:12:46.225 [http-nio-auto-51-exec-1] DEBUG o.s.w.r.r.m.a.ResponseBodyResultHandler - [3c887d7f] 0..1 [org.springframework.web.reactive.result.method.annotation.RequestMappingMessageConversionIntegrationTests$Person]
16:12:46.225 [http-nio-auto-51-exec-1] DEBUG o.s.h.c.j.Jackson2JsonEncoder - [3c887d7f] Encoding [Person{name='Robert'}]
16:12:46.226 [http-nio-auto-51-exec-1] DEBUG o.s.w.s.a.HttpWebHandlerAdapter - [3c887d7f] Completed 200 OK
16:12:46.226 [Test worker] DEBUG o.s.w.c.RestTemplate - Response 200 OK
16:12:46.226 [Test worker] DEBUG o.s.w.c.RestTemplate - Reading to [org.springframework.web.reactive.result.method.annotation.RequestMappingMessageConversionIntegrationTests$Person]
16:12:46.227 [Test worker] DEBUG o.s.w.t.h.s.r.b.TomcatHttpServer - Stopping TomcatHttpServer...
16:12:46.243 [Test worker] DEBUG o.s.w.t.h.s.r.b.TomcatHttpServer - Server stopped (0 millis).
16:12:46.390 [Test worker] DEBUG o.s.w.r.r.m.a.RequestMappingHandlerMapping - 39 mappings in 'requestMappingHandlerMapping'
16:12:46.438 [Test worker] DEBUG o.s.w.r.r.m.a.ControllerMethodResolver - ControllerAdvice beans: none
16:12:46.486 [Test worker] DEBUG o.s.w.s.a.HttpWebHandlerAdapter - enableLoggingRequestDetails='false': form data and headers will be masked to prevent unsafe logging of potentially sensitive data
16:12:46.486 [Test worker] DEBUG o.s.w.t.h.s.r.b.UndertowHttpServer - Starting UndertowHttpServer...
16:12:46.486 [Test worker] INFO  i.undertow - starting server: Undertow - 2.0.32.Final
16:12:46.507 [Test worker] DEBUG o.s.w.t.h.s.r.b.UndertowHttpServer - Server started on port 56765(0 millis).
16:12:46.507 [Test worker] DEBUG o.s.w.c.RestTemplate - HTTP GET http://localhost:56765/person-response/person
16:12:46.509 [Test worker] DEBUG o.s.w.c.RestTemplate - Accept=[application/xml, text/xml, application/json, application/x-jackson-smile, application/*+xml, application/*+json]
16:12:46.511 [XNIO-51 I/O-6] DEBUG o.s.w.s.a.HttpWebHandlerAdapter - [4163e182] HTTP GET "/person-response/person"
16:12:46.511 [XNIO-51 I/O-6] DEBUG o.s.w.r.r.m.a.RequestMappingHandlerMapping - [4163e182] Mapped to org.springframework.web.reactive.result.method.annotation.RequestMappingMessageConversionIntegrationTests$PersonResponseBodyController#getPerson()
16:12:46.512 [XNIO-51 I/O-6] DEBUG o.s.w.r.r.m.a.ResponseBodyResultHandler - Using 'application/json' given [application/json] and supported [application/json, application/*+json, application/x-jackson-smile, application/*+x-jackson-smile, application/xml, text/xml, text/event-stream]
16:12:46.512 [XNIO-51 I/O-6] DEBUG o.s.w.r.r.m.a.ResponseBodyResultHandler - [4163e182] 0..1 [org.springframework.web.reactive.result.method.annotation.RequestMappingMessageConversionIntegrationTests$Person]
16:12:46.513 [XNIO-51 I/O-6] DEBUG o.s.h.c.j.Jackson2JsonEncoder - [4163e182] Encoding [Person{name='Robert'}]
16:12:46.513 [XNIO-51 I/O-6] DEBUG o.s.w.s.a.HttpWebHandlerAdapter - [4163e182] Completed 200 OK
16:12:46.513 [Test worker] DEBUG o.s.w.c.RestTemplate - Response 200 OK
16:12:46.513 [Test worker] DEBUG o.s.w.c.RestTemplate - Reading to [org.springframework.web.reactive.result.method.annotation.RequestMappingMessageConversionIntegrationTests$Person]
16:12:46.514 [Test worker] DEBUG o.s.w.t.h.s.r.b.UndertowHttpServer - Stopping UndertowHttpServer...
16:12:46.514 [Test worker] INFO  i.undertow - stopping server: Undertow - 2.0.32.Final
16:12:46.515 [Test worker] DEBUG o.s.w.t.h.s.r.b.UndertowHttpServer - Server stopped (0 millis).
16:12:46.637 [Test worker] DEBUG o.s.w.r.r.m.a.RequestMappingHandlerMapping - 39 mappings in 'requestMappingHandlerMapping'
16:12:46.679 [Test worker] DEBUG o.s.w.r.r.m.a.ControllerMethodResolver - ControllerAdvice beans: none
16:12:46.731 [Test worker] DEBUG o.s.w.s.a.HttpWebHandlerAdapter - enableLoggingRequestDetails='false': form data and headers will be masked to prevent unsafe logging of potentially sensitive data
16:12:46.732 [Test worker] WARN  o.e.j.s.h.ContextHandler - Empty contextPath
16:12:46.732 [Test worker] INFO  o.e.j.s.h.ContextHandler - Started o.e.j.s.ServletContextHandler@6841c501{/,null,AVAILABLE}
16:12:46.747 [Test worker] DEBUG o.s.w.t.h.s.r.b.JettyHttpServer - Starting JettyHttpServer...
16:12:46.747 [Test worker] INFO  o.e.j.s.Server - jetty-9.4.31.v20200723; built: 2020-07-23T17:57:36.812Z; git: 450ba27947e13e66baa8cd1ce7e85a4461cacc1d; jvm 1.8.0_201-b09
16:12:46.761 [Test worker] INFO  o.e.j.s.AbstractConnector - Started ServerConnector@46cd815a{HTTP/1.1, (http/1.1)}{0.0.0.0:56767}
16:12:46.761 [Test worker] INFO  o.e.j.s.Server - Started @134607ms
16:12:46.761 [Test worker] DEBUG o.s.w.t.h.s.r.b.JettyHttpServer - Server started on port 56767(0 millis).
16:12:46.761 [Test worker] DEBUG o.s.w.c.RestTemplate - HTTP POST http://localhost:56767/person-create/rxjava2-single
16:12:46.761 [Test worker] DEBUG o.s.w.c.RestTemplate - Accept=[application/json, application/x-jackson-smile, application/*+json]
16:12:46.762 [Test worker] DEBUG o.s.w.c.RestTemplate - Writing [Person{name='Robert'}] as "application/json"
16:12:46.764 [qtp934710045-1986] DEBUG o.s.w.s.a.HttpWebHandlerAdapter - [786bb561] HTTP POST "/person-create/rxjava2-single"
16:12:46.764 [qtp934710045-1986] DEBUG o.s.w.r.r.m.a.RequestMappingHandlerMapping - [786bb561] Mapped to org.springframework.web.reactive.result.method.annotation.RequestMappingMessageConversionIntegrationTests$PersonCreateController#createWithRxJava2Single(Single)
16:12:46.765 [qtp934710045-1986] DEBUG o.s.w.r.r.m.a.RequestBodyMethodArgumentResolver - [786bb561] Content-Type:application/json;charset=UTF-8
16:12:46.765 [qtp934710045-1986] DEBUG o.s.w.r.r.m.a.RequestBodyMethodArgumentResolver - [786bb561] 0..1 [org.springframework.web.reactive.result.method.annotation.RequestMappingMessageConversionIntegrationTests$Person]
16:12:46.767 [qtp934710045-1986] DEBUG o.s.h.c.j.Jackson2JsonDecoder - [786bb561] Decoded [Person{name='Robert'}]
16:12:46.767 [qtp934710045-1986] DEBUG o.s.w.s.a.HttpWebHandlerAdapter - [786bb561] Completed 200 OK
16:12:46.770 [Test worker] DEBUG o.s.w.c.RestTemplate - Response 200 OK
16:12:46.771 [Test worker] DEBUG o.s.w.t.h.s.r.b.JettyHttpServer - Stopping JettyHttpServer...
16:12:46.771 [Test worker] INFO  o.e.j.s.h.ContextHandler - Stopped o.e.j.s.ServletContextHandler@6841c501{/,null,UNAVAILABLE}
16:12:46.774 [Test worker] INFO  o.e.j.s.AbstractConnector - Stopped ServerConnector@46cd815a{HTTP/1.1, (http/1.1)}{0.0.0.0:0}
16:12:46.785 [Test worker] DEBUG o.s.w.t.h.s.r.b.JettyHttpServer - Server stopped (0 millis).
16:12:46.886 [Test worker] DEBUG o.s.w.r.r.m.a.RequestMappingHandlerMapping - 39 mappings in 'requestMappingHandlerMapping'
16:12:46.936 [Test worker] DEBUG o.s.w.r.r.m.a.ControllerMethodResolver - ControllerAdvice beans: none
16:12:46.981 [Test worker] DEBUG o.s.w.s.a.HttpWebHandlerAdapter - enableLoggingRequestDetails='false': form data and headers will be masked to prevent unsafe logging of potentially sensitive data
16:12:46.981 [Test worker] DEBUG o.s.w.t.h.s.r.b.ReactorHttpServer - Starting ReactorHttpServer...
16:12:46.985 [Test worker] DEBUG o.s.w.t.h.s.r.b.ReactorHttpServer - Server started on port 56769(0 millis).
16:12:46.985 [Test worker] DEBUG o.s.w.c.RestTemplate - HTTP POST http://localhost:56769/person-create/rxjava2-single
16:12:46.985 [Test worker] DEBUG o.s.w.c.RestTemplate - Accept=[application/json, application/x-jackson-smile, application/*+json]
16:12:46.986 [Test worker] DEBUG o.s.w.c.RestTemplate - Writing [Person{name='Robert'}] as "application/json"
16:12:46.988 [reactor-http-nio-4] DEBUG o.s.w.s.a.HttpWebHandlerAdapter - [27fee24c-53] HTTP POST "/person-create/rxjava2-single"
16:12:46.988 [reactor-http-nio-4] DEBUG o.s.w.r.r.m.a.RequestMappingHandlerMapping - [27fee24c-53] Mapped to org.springframework.web.reactive.result.method.annotation.RequestMappingMessageConversionIntegrationTests$PersonCreateController#createWithRxJava2Single(Single)
16:12:46.989 [reactor-http-nio-4] DEBUG o.s.w.r.r.m.a.RequestBodyMethodArgumentResolver - [27fee24c-53] Content-Type:application/json
16:12:46.989 [reactor-http-nio-4] DEBUG o.s.w.r.r.m.a.RequestBodyMethodArgumentResolver - [27fee24c-53] 0..1 [org.springframework.web.reactive.result.method.annotation.RequestMappingMessageConversionIntegrationTests$Person]
16:12:46.990 [reactor-http-nio-4] DEBUG o.s.h.c.j.Jackson2JsonDecoder - [27fee24c-53] Decoded [Person{name='Robert'}]
16:12:46.990 [reactor-http-nio-4] DEBUG o.s.w.s.a.HttpWebHandlerAdapter - [27fee24c-53] Completed 200 OK
16:12:46.993 [Test worker] DEBUG o.s.w.c.RestTemplate - Response 200 OK
16:12:46.994 [Test worker] DEBUG o.s.w.t.h.s.r.b.ReactorHttpServer - Stopping ReactorHttpServer...
16:12:46.994 [Test worker] DEBUG o.s.w.t.h.s.r.b.ReactorHttpServer - Server stopped (0 millis).
16:12:47.112 [Test worker] DEBUG o.s.w.r.r.m.a.RequestMappingHandlerMapping - 39 mappings in 'requestMappingHandlerMapping'
16:12:47.154 [Test worker] DEBUG o.s.w.r.r.m.a.ControllerMethodResolver - ControllerAdvice beans: none
16:12:47.205 [Test worker] DEBUG o.s.w.s.a.HttpWebHandlerAdapter - enableLoggingRequestDetails='false': form data and headers will be masked to prevent unsafe logging of potentially sensitive data
16:12:47.205 [Test worker] DEBUG o.s.w.t.h.s.r.b.TomcatHttpServer - Starting TomcatHttpServer...
16:12:47.221 [Test worker] DEBUG o.s.w.t.h.s.r.b.TomcatHttpServer - Server started on port 56771(0 millis).
16:12:47.221 [Test worker] DEBUG o.s.w.c.RestTemplate - HTTP POST http://localhost:56771/person-create/rxjava2-single
16:12:47.221 [Test worker] DEBUG o.s.w.c.RestTemplate - Accept=[application/json, application/x-jackson-smile, application/*+json]
16:12:47.222 [Test worker] DEBUG o.s.w.c.RestTemplate - Writing [Person{name='Robert'}] as "application/json"
16:12:47.225 [http-nio-auto-52-exec-1] DEBUG o.s.w.s.a.HttpWebHandlerAdapter - [6b10ea49] HTTP POST "/person-create/rxjava2-single"
16:12:47.226 [http-nio-auto-52-exec-1] DEBUG o.s.w.r.r.m.a.RequestMappingHandlerMapping - [6b10ea49] Mapped to org.springframework.web.reactive.result.method.annotation.RequestMappingMessageConversionIntegrationTests$PersonCreateController#createWithRxJava2Single(Single)
16:12:47.226 [http-nio-auto-52-exec-1] DEBUG o.s.w.r.r.m.a.RequestBodyMethodArgumentResolver - [6b10ea49] Content-Type:application/json
16:12:47.227 [http-nio-auto-52-exec-1] DEBUG o.s.w.r.r.m.a.RequestBodyMethodArgumentResolver - [6b10ea49] 0..1 [org.springframework.web.reactive.result.method.annotation.RequestMappingMessageConversionIntegrationTests$Person]
16:12:47.228 [http-nio-auto-52-exec-1] DEBUG o.s.h.c.j.Jackson2JsonDecoder - [6b10ea49] Decoded [Person{name='Robert'}]
16:12:47.228 [http-nio-auto-52-exec-1] DEBUG o.s.w.s.a.HttpWebHandlerAdapter - [6b10ea49] Completed 200 OK
16:12:47.229 [Test worker] DEBUG o.s.w.c.RestTemplate - Response 200 OK
16:12:47.229 [Test worker] DEBUG o.s.w.t.h.s.r.b.TomcatHttpServer - Stopping TomcatHttpServer...
16:12:47.246 [Test worker] DEBUG o.s.w.t.h.s.r.b.TomcatHttpServer - Server stopped (0 millis).
16:12:47.400 [Test worker] DEBUG o.s.w.r.r.m.a.RequestMappingHandlerMapping - 39 mappings in 'requestMappingHandlerMapping'
16:12:47.457 [Test worker] DEBUG o.s.w.r.r.m.a.ControllerMethodResolver - ControllerAdvice beans: none
16:12:47.497 [Test worker] DEBUG o.s.w.s.a.HttpWebHandlerAdapter - enableLoggingRequestDetails='false': form data and headers will be masked to prevent unsafe logging of potentially sensitive data
16:12:47.497 [Test worker] DEBUG o.s.w.t.h.s.r.b.UndertowHttpServer - Starting UndertowHttpServer...
16:12:47.497 [Test worker] INFO  i.undertow - starting server: Undertow - 2.0.32.Final
16:12:47.513 [Test worker] DEBUG o.s.w.t.h.s.r.b.UndertowHttpServer - Server started on port 56774(0 millis).
16:12:47.513 [Test worker] DEBUG o.s.w.c.RestTemplate - HTTP POST http://localhost:56774/person-create/rxjava2-single
16:12:47.513 [Test worker] DEBUG o.s.w.c.RestTemplate - Accept=[application/json, application/x-jackson-smile, application/*+json]
16:12:47.514 [Test worker] DEBUG o.s.w.c.RestTemplate - Writing [Person{name='Robert'}] as "application/json"
16:12:47.516 [XNIO-52 I/O-6] DEBUG o.s.w.s.a.HttpWebHandlerAdapter - [24424b4e] HTTP POST "/person-create/rxjava2-single"
16:12:47.516 [XNIO-52 I/O-6] DEBUG o.s.w.r.r.m.a.RequestMappingHandlerMapping - [24424b4e] Mapped to org.springframework.web.reactive.result.method.annotation.RequestMappingMessageConversionIntegrationTests$PersonCreateController#createWithRxJava2Single(Single)
16:12:47.517 [XNIO-52 I/O-6] DEBUG o.s.w.r.r.m.a.RequestBodyMethodArgumentResolver - [24424b4e] Content-Type:application/json
16:12:47.517 [XNIO-52 I/O-6] DEBUG o.s.w.r.r.m.a.RequestBodyMethodArgumentResolver - [24424b4e] 0..1 [org.springframework.web.reactive.result.method.annotation.RequestMappingMessageConversionIntegrationTests$Person]
16:12:47.518 [XNIO-52 I/O-6] DEBUG o.s.h.c.j.Jackson2JsonDecoder - [24424b4e] Decoded [Person{name='Robert'}]
16:12:47.518 [XNIO-52 I/O-6] DEBUG o.s.w.s.a.HttpWebHandlerAdapter - [24424b4e] Completed 200 OK
16:12:47.519 [Test worker] DEBUG o.s.w.c.RestTemplate - Response 200 OK
16:12:47.519 [Test worker] DEBUG o.s.w.t.h.s.r.b.UndertowHttpServer - Stopping UndertowHttpServer...
16:12:47.519 [Test worker] INFO  i.undertow - stopping server: Undertow - 2.0.32.Final
16:12:47.520 [Test worker] DEBUG o.s.w.t.h.s.r.b.UndertowHttpServer - Server stopped (0 millis).
]]></system-out>
  <system-err><![CDATA[]]></system-err>
</testsuite>
