<?xml version="1.0" encoding="UTF-8"?>
<testsuite name="org.springframework.web.reactive.result.view.ViewResolutionResultHandlerTests" tests="9" skipped="0" failures="0" errors="0" timestamp="2021-06-20T08:11:36" hostname="gankangdembp" time="3.121">
  <properties/>
  <testcase name="supports()" classname="org.springframework.web.reactive.result.view.ViewResolutionResultHandlerTests" time="2.669"/>
  <testcase name="contentNegotiationWith406()" classname="org.springframework.web.reactive.result.view.ViewResolutionResultHandlerTests" time="0.121"/>
  <testcase name="defaultViewName()" classname="org.springframework.web.reactive.result.view.ViewResolutionResultHandlerTests" time="0.152"/>
  <testcase name="unresolvedViewName()" classname="org.springframework.web.reactive.result.view.ViewResolutionResultHandlerTests" time="0.025"/>
  <testcase name="contentNegotiationWithRedirect()" classname="org.springframework.web.reactive.result.view.ViewResolutionResultHandlerTests" time="0.027"/>
  <testcase name="contentNegotiation()" classname="org.springframework.web.reactive.result.view.ViewResolutionResultHandlerTests" time="0.024"/>
  <testcase name="handleWithMultipleResolvers()" classname="org.springframework.web.reactive.result.view.ViewResolutionResultHandlerTests" time="0.004"/>
  <testcase name="handleReturnValueTypes()" classname="org.springframework.web.reactive.result.view.ViewResolutionResultHandlerTests" time="0.093"/>
  <testcase name="viewResolverOrder()" classname="org.springframework.web.reactive.result.view.ViewResolutionResultHandlerTests" time="0.001"/>
  <system-out><![CDATA[16:11:39.614 [Test worker] DEBUG o.s.w.r.r.v.ViewResolutionResultHandler - [2f3bae8] No match for [application/json], supported: [text/html]
16:11:39.618 [Test worker] DEBUG o.s.w.r.r.v.ViewResolutionResultHandler - Using 'text/html' given [*/*] and supported [text/html]
16:11:39.621 [Test worker] DEBUG o.s.w.r.r.v.ViewResolutionResultHandler - Using 'text/html' given [*/*] and supported [text/html]
16:11:39.637 [Test worker] DEBUG o.s.w.r.r.v.ViewResolutionResultHandler - Using 'text/html' given [*/*] and supported [text/html]
16:11:39.643 [Test worker] DEBUG o.s.w.r.r.v.ViewResolutionResultHandler - Using 'text/html' given [*/*] and supported [text/html]
16:11:39.647 [Test worker] DEBUG o.s.w.r.r.v.ViewResolutionResultHandler - Using 'text/html' given [*/*] and supported [text/html]
16:11:39.648 [Test worker] DEBUG o.s.w.r.r.v.ViewResolutionResultHandler - Using 'text/html' given [*/*] and supported [text/html]
16:11:39.671 [Test worker] DEBUG o.s.w.r.r.v.ViewResolutionResultHandler - Using 'text/html' given [*/*] and supported [text/html]
16:11:39.674 [Test worker] DEBUG o.s.w.r.r.v.ViewResolutionResultHandler - Using 'text/html' given [*/*] and supported [text/html]
16:11:39.685 [Test worker] DEBUG o.s.w.r.r.v.ViewResolutionResultHandler - Using 'text/html' given [*/*] and supported [text/html]
16:11:39.764 [Test worker] DEBUG o.s.w.r.r.v.ViewResolutionResultHandler - Using 'text/html' given [*/*] and supported [text/html]
16:11:39.765 [Test worker] DEBUG o.s.w.r.r.v.ViewResolutionResultHandler - Using 'text/html' given [*/*] and supported [text/html]
16:11:39.767 [Test worker] DEBUG o.s.w.r.r.v.ViewResolutionResultHandler - Using 'text/html' given [*/*] and supported [text/html]
16:11:39.818 [Test worker] DEBUG o.s.w.r.r.v.RedirectView - [3be79d14] View name 'redirect:/', model {}
16:11:39.840 [Test worker] DEBUG o.s.w.r.r.v.ViewResolutionResultHandler - Using 'application/json' given [application/json] and supported [text/html, application/json]
16:11:39.847 [Test worker] DEBUG o.s.w.r.r.v.ViewResolutionResultHandler - Using 'text/html' given [*/*] and supported [text/html]
16:11:39.852 [Test worker] DEBUG o.s.w.r.r.v.ViewResolutionResultHandler - Using 'text/html' given [*/*] and supported [text/html]
16:11:39.855 [Test worker] DEBUG o.s.w.r.r.v.ViewResolutionResultHandler - Using 'text/html' given [*/*] and supported [text/html]
16:11:39.860 [Test worker] DEBUG o.s.w.r.r.v.ViewResolutionResultHandler - Using 'text/html' given [*/*] and supported [text/html]
16:11:39.862 [Test worker] DEBUG o.s.w.r.r.v.ViewResolutionResultHandler - Using 'text/html' given [*/*] and supported [text/html]
16:11:39.864 [Test worker] DEBUG o.s.w.r.r.v.ViewResolutionResultHandler - Using 'text/html' given [*/*] and supported [text/html]
16:11:39.866 [Test worker] DEBUG o.s.w.r.r.v.ViewResolutionResultHandler - Using 'text/html' given [*/*] and supported [text/html]
16:11:39.907 [Test worker] DEBUG o.s.w.r.r.v.ViewResolutionResultHandler - Using 'text/html' given [*/*] and supported [text/html]
16:11:39.911 [Test worker] DEBUG o.s.w.r.r.v.ViewResolutionResultHandler - Using 'text/html' given [*/*] and supported [text/html]
16:11:39.916 [Test worker] DEBUG o.s.w.r.r.v.ViewResolutionResultHandler - Using 'text/html' given [*/*] and supported [text/html]
16:11:39.918 [Test worker] DEBUG o.s.w.r.r.v.ViewResolutionResultHandler - Using 'text/html' given [*/*] and supported [text/html]
16:11:39.942 [Test worker] DEBUG o.s.w.r.r.v.ViewResolutionResultHandler - Using 'text/html' given [*/*] and supported [text/html]
]]></system-out>
  <system-err><![CDATA[]]></system-err>
</testsuite>
