<?xml version="1.0" encoding="UTF-8"?>
<testsuite name="org.springframework.web.reactive.result.method.annotation.RequestMappingExceptionHandlingIntegrationTests" tests="24" skipped="0" failures="0" errors="0" timestamp="2020-05-29T13:59:52" hostname="bamboo-18" time="11.642">
  <properties/>
  <testcase name="errorBeforeFirstItem(HttpServer)[1]" classname="org.springframework.web.reactive.result.method.annotation.RequestMappingExceptionHandlingIntegrationTests" time="1.403"/>
  <testcase name="errorBeforeFirstItem(HttpServer)[2]" classname="org.springframework.web.reactive.result.method.annotation.RequestMappingExceptionHandlingIntegrationTests" time="1.309"/>
  <testcase name="errorBeforeFirstItem(HttpServer)[3]" classname="org.springframework.web.reactive.result.method.annotation.RequestMappingExceptionHandlingIntegrationTests" time="1.488"/>
  <testcase name="errorBeforeFirstItem(HttpServer)[4]" classname="org.springframework.web.reactive.result.method.annotation.RequestMappingExceptionHandlingIntegrationTests" time="0.529"/>
  <testcase name="thrownExceptionWithCauseToHandle(HttpServer)[1]" classname="org.springframework.web.reactive.result.method.annotation.RequestMappingExceptionHandlingIntegrationTests" time="0.271"/>
  <testcase name="thrownExceptionWithCauseToHandle(HttpServer)[2]" classname="org.springframework.web.reactive.result.method.annotation.RequestMappingExceptionHandlingIntegrationTests" time="0.208"/>
  <testcase name="thrownExceptionWithCauseToHandle(HttpServer)[3]" classname="org.springframework.web.reactive.result.method.annotation.RequestMappingExceptionHandlingIntegrationTests" time="0.368"/>
  <testcase name="thrownExceptionWithCauseToHandle(HttpServer)[4]" classname="org.springframework.web.reactive.result.method.annotation.RequestMappingExceptionHandlingIntegrationTests" time="0.222"/>
  <testcase name="exceptionFromMethodWithProducesCondition(HttpServer)[1]" classname="org.springframework.web.reactive.result.method.annotation.RequestMappingExceptionHandlingIntegrationTests" time="0.28"/>
  <testcase name="exceptionFromMethodWithProducesCondition(HttpServer)[2]" classname="org.springframework.web.reactive.result.method.annotation.RequestMappingExceptionHandlingIntegrationTests" time="0.157"/>
  <testcase name="exceptionFromMethodWithProducesCondition(HttpServer)[3]" classname="org.springframework.web.reactive.result.method.annotation.RequestMappingExceptionHandlingIntegrationTests" time="0.266"/>
  <testcase name="exceptionFromMethodWithProducesCondition(HttpServer)[4]" classname="org.springframework.web.reactive.result.method.annotation.RequestMappingExceptionHandlingIntegrationTests" time="0.203"/>
  <testcase name="thrownException(HttpServer)[1]" classname="org.springframework.web.reactive.result.method.annotation.RequestMappingExceptionHandlingIntegrationTests" time="0.283"/>
  <testcase name="thrownException(HttpServer)[2]" classname="org.springframework.web.reactive.result.method.annotation.RequestMappingExceptionHandlingIntegrationTests" time="0.089"/>
  <testcase name="thrownException(HttpServer)[3]" classname="org.springframework.web.reactive.result.method.annotation.RequestMappingExceptionHandlingIntegrationTests" time="0.37"/>
  <testcase name="thrownException(HttpServer)[4]" classname="org.springframework.web.reactive.result.method.annotation.RequestMappingExceptionHandlingIntegrationTests" time="0.228"/>
  <testcase name="exceptionAfterSeveralItems(HttpServer)[1]" classname="org.springframework.web.reactive.result.method.annotation.RequestMappingExceptionHandlingIntegrationTests" time="0.867"/>
  <testcase name="exceptionAfterSeveralItems(HttpServer)[2]" classname="org.springframework.web.reactive.result.method.annotation.RequestMappingExceptionHandlingIntegrationTests" time="0.983"/>
  <testcase name="exceptionAfterSeveralItems(HttpServer)[3]" classname="org.springframework.web.reactive.result.method.annotation.RequestMappingExceptionHandlingIntegrationTests" time="0.432"/>
  <testcase name="exceptionAfterSeveralItems(HttpServer)[4]" classname="org.springframework.web.reactive.result.method.annotation.RequestMappingExceptionHandlingIntegrationTests" time="0.43"/>
  <testcase name="thrownExceptionWithCause(HttpServer)[1]" classname="org.springframework.web.reactive.result.method.annotation.RequestMappingExceptionHandlingIntegrationTests" time="0.313"/>
  <testcase name="thrownExceptionWithCause(HttpServer)[2]" classname="org.springframework.web.reactive.result.method.annotation.RequestMappingExceptionHandlingIntegrationTests" time="0.088"/>
  <testcase name="thrownExceptionWithCause(HttpServer)[3]" classname="org.springframework.web.reactive.result.method.annotation.RequestMappingExceptionHandlingIntegrationTests" time="0.37"/>
  <testcase name="thrownExceptionWithCause(HttpServer)[4]" classname="org.springframework.web.reactive.result.method.annotation.RequestMappingExceptionHandlingIntegrationTests" time="0.145"/>
  <system-out><![CDATA[13:59:52.870 [Test worker] DEBUG o.s.w.r.r.m.a.RequestMappingHandlerMapping - 6 mappings in 'requestMappingHandlerMapping'
13:59:52.930 [Test worker] DEBUG o.s.w.r.r.m.a.ControllerMethodResolver - ControllerAdvice beans: none
13:59:52.976 [Test worker] DEBUG o.s.w.s.a.HttpWebHandlerAdapter - enableLoggingRequestDetails='false': form data and headers will be masked to prevent unsafe logging of potentially sensitive data
13:59:53.011 [Test worker] INFO  o.e.j.u.log - Logging initialized @13177ms to org.eclipse.jetty.util.log.Slf4jLog
13:59:53.093 [Test worker] WARN  o.e.j.s.h.ContextHandler - Empty contextPath
13:59:53.172 [Test worker] INFO  o.e.j.s.h.ContextHandler - Started o.e.j.s.ServletContextHandler@7ad2275d{/,null,AVAILABLE}
13:59:53.275 [Test worker] DEBUG o.s.w.t.h.s.r.b.JettyHttpServer - Starting JettyHttpServer...
13:59:53.283 [Test worker] INFO  o.e.j.s.Server - jetty-9.4.29.v20200521; built: 2020-05-21T17:20:40.598Z; git: 77c232aed8a45c818fd27232278d9f95a021095e; jvm 1.8.0_232-b09
13:59:53.425 [Test worker] INFO  o.e.j.s.AbstractConnector - Started ServerConnector@77a9d593{HTTP/1.1, (http/1.1)}{0.0.0.0:38839}
13:59:53.425 [Test worker] INFO  o.e.j.s.Server - Started @13592ms
13:59:53.425 [Test worker] DEBUG o.s.w.t.h.s.r.b.JettyHttpServer - Server started on port 38839(0 millis).
13:59:53.451 [Test worker] DEBUG o.s.w.c.RestTemplate - HTTP GET http://localhost:38839/mono-error
13:59:53.453 [Test worker] DEBUG o.s.w.c.RestTemplate - Accept=[text/plain, application/json, application/x-jackson-smile, application/*+json, */*]
13:59:53.737 [qtp1035903066-68] DEBUG o.s.w.s.a.HttpWebHandlerAdapter - [1544a761] HTTP GET "/mono-error"
13:59:53.783 [qtp1035903066-68] DEBUG o.s.w.r.r.m.a.RequestMappingHandlerMapping - [1544a761] Mapped to org.springframework.web.reactive.result.method.annotation.RequestMappingExceptionHandlingIntegrationTests$TestController#handleWithError()
13:59:53.821 [qtp1035903066-68] DEBUG o.s.w.r.r.m.a.ResponseBodyResultHandler - Using 'text/plain;charset=UTF-8' given [text/plain, application/json, application/x-jackson-smile, application/*+json, */*] and supported [text/plain;charset=UTF-8, text/event-stream, text/plain;charset=UTF-8, */*]
13:59:53.822 [qtp1035903066-68] DEBUG o.s.w.r.r.m.a.ResponseBodyResultHandler - [1544a761] 0..1 [java.lang.String]
13:59:53.836 [qtp1035903066-68] DEBUG o.s.w.r.r.m.a.RequestMappingHandlerAdapter - [1544a761] Using @ExceptionHandler org.springframework.web.reactive.result.method.annotation.RequestMappingExceptionHandlingIntegrationTests$TestController#handleArgumentException(IllegalArgumentException)
13:59:53.846 [qtp1035903066-68] DEBUG o.s.w.r.r.m.a.ResponseBodyResultHandler - Using 'text/plain;charset=UTF-8' given [text/plain, application/json, application/x-jackson-smile, application/*+json, */*] and supported [text/plain;charset=UTF-8, text/event-stream, text/plain;charset=UTF-8, */*]
13:59:53.851 [qtp1035903066-68] DEBUG o.s.w.r.r.m.a.ResponseBodyResultHandler - [1544a761] 0..1 [java.lang.String]
13:59:53.852 [qtp1035903066-68] DEBUG o.s.c.c.CharSequenceEncoder - [1544a761] Writing "Recovered from error: Argument"
13:59:53.887 [qtp1035903066-68] DEBUG o.s.w.s.a.HttpWebHandlerAdapter - [1544a761] Completed 200 OK
13:59:53.887 [Test worker] DEBUG o.s.w.c.RestTemplate - Response 200 OK
13:59:53.888 [Test worker] DEBUG o.s.w.c.RestTemplate - Reading to [java.lang.String] as "text/plain;charset=utf-8"
13:59:53.900 [Test worker] DEBUG o.s.w.t.h.s.r.b.JettyHttpServer - Stopping JettyHttpServer...
13:59:53.903 [Test worker] INFO  o.e.j.s.h.ContextHandler - Stopped o.e.j.s.ServletContextHandler@7ad2275d{/,null,UNAVAILABLE}
13:59:53.912 [Test worker] INFO  o.e.j.s.AbstractConnector - Stopped ServerConnector@77a9d593{HTTP/1.1, (http/1.1)}{0.0.0.0:0}
13:59:53.913 [Test worker] DEBUG o.s.w.t.h.s.r.b.JettyHttpServer - Server stopped (0 millis).
13:59:53.998 [Test worker] DEBUG o.s.w.r.r.m.a.RequestMappingHandlerMapping - 6 mappings in 'requestMappingHandlerMapping'
13:59:54.030 [Test worker] DEBUG o.s.w.r.r.m.a.ControllerMethodResolver - ControllerAdvice beans: none
13:59:54.043 [Test worker] DEBUG o.s.w.s.a.HttpWebHandlerAdapter - enableLoggingRequestDetails='false': form data and headers will be masked to prevent unsafe logging of potentially sensitive data
13:59:54.143 [Test worker] DEBUG o.s.w.t.h.s.r.b.ReactorHttpServer - Starting ReactorHttpServer...
13:59:55.019 [Test worker] DEBUG o.s.w.t.h.s.r.b.ReactorHttpServer - Server started on port 34679(0 millis).
13:59:55.020 [Test worker] DEBUG o.s.w.c.RestTemplate - HTTP GET http://localhost:34679/mono-error
13:59:55.023 [Test worker] DEBUG o.s.w.c.RestTemplate - Accept=[text/plain, application/json, application/x-jackson-smile, application/*+json, */*]
13:59:55.213 [reactor-http-epoll-2] DEBUG o.s.w.s.a.HttpWebHandlerAdapter - [13167847-1] HTTP GET "/mono-error"
13:59:55.225 [reactor-http-epoll-2] DEBUG o.s.w.r.r.m.a.RequestMappingHandlerMapping - [13167847-1] Mapped to org.springframework.web.reactive.result.method.annotation.RequestMappingExceptionHandlingIntegrationTests$TestController#handleWithError()
13:59:55.227 [reactor-http-epoll-2] DEBUG o.s.w.r.r.m.a.ResponseBodyResultHandler - Using 'text/plain;charset=UTF-8' given [text/plain, application/json, application/x-jackson-smile, application/*+json, */*] and supported [text/plain;charset=UTF-8, text/event-stream, text/plain;charset=UTF-8, */*]
13:59:55.227 [reactor-http-epoll-2] DEBUG o.s.w.r.r.m.a.ResponseBodyResultHandler - [13167847-1] 0..1 [java.lang.String]
13:59:55.228 [reactor-http-epoll-2] DEBUG o.s.w.r.r.m.a.RequestMappingHandlerAdapter - [13167847-1] Using @ExceptionHandler org.springframework.web.reactive.result.method.annotation.RequestMappingExceptionHandlingIntegrationTests$TestController#handleArgumentException(IllegalArgumentException)
13:59:55.228 [reactor-http-epoll-2] DEBUG o.s.w.r.r.m.a.ResponseBodyResultHandler - Using 'text/plain;charset=UTF-8' given [text/plain, application/json, application/x-jackson-smile, application/*+json, */*] and supported [text/plain;charset=UTF-8, text/event-stream, text/plain;charset=UTF-8, */*]
13:59:55.228 [reactor-http-epoll-2] DEBUG o.s.w.r.r.m.a.ResponseBodyResultHandler - [13167847-1] 0..1 [java.lang.String]
13:59:55.228 [reactor-http-epoll-2] DEBUG o.s.c.c.CharSequenceEncoder - [13167847-1] Writing "Recovered from error: Argument"
13:59:55.246 [Test worker] DEBUG o.s.w.c.RestTemplate - Response 200 OK
13:59:55.246 [Test worker] DEBUG o.s.w.c.RestTemplate - Reading to [java.lang.String] as "text/plain;charset=UTF-8"
13:59:55.246 [Test worker] DEBUG o.s.w.t.h.s.r.b.ReactorHttpServer - Stopping ReactorHttpServer...
13:59:55.248 [Test worker] DEBUG o.s.w.t.h.s.r.b.ReactorHttpServer - Server stopped (0 millis).
13:59:55.255 [reactor-http-epoll-2] DEBUG o.s.w.s.a.HttpWebHandlerAdapter - [13167847-1] Completed 200 OK
13:59:55.394 [Test worker] DEBUG o.s.w.r.r.m.a.RequestMappingHandlerMapping - 6 mappings in 'requestMappingHandlerMapping'
13:59:55.451 [Test worker] DEBUG o.s.w.r.r.m.a.ControllerMethodResolver - ControllerAdvice beans: none
13:59:55.485 [Test worker] DEBUG o.s.w.s.a.HttpWebHandlerAdapter - enableLoggingRequestDetails='false': form data and headers will be masked to prevent unsafe logging of potentially sensitive data
13:59:55.609 [Test worker] DEBUG o.s.w.t.h.s.r.b.TomcatHttpServer - Starting TomcatHttpServer...
13:59:56.583 [Test worker] DEBUG o.s.w.t.h.s.r.b.TomcatHttpServer - Server started on port 43735(0 millis).
13:59:56.584 [Test worker] DEBUG o.s.w.c.RestTemplate - HTTP GET http://localhost:43735/mono-error
13:59:56.584 [Test worker] DEBUG o.s.w.c.RestTemplate - Accept=[text/plain, application/json, application/x-jackson-smile, application/*+json, */*]
13:59:56.697 [http-nio-auto-1-exec-1] DEBUG o.s.w.s.a.HttpWebHandlerAdapter - [6157581] HTTP GET "/mono-error"
13:59:56.698 [http-nio-auto-1-exec-1] DEBUG o.s.w.r.r.m.a.RequestMappingHandlerMapping - [6157581] Mapped to org.springframework.web.reactive.result.method.annotation.RequestMappingExceptionHandlingIntegrationTests$TestController#handleWithError()
13:59:56.699 [http-nio-auto-1-exec-1] DEBUG o.s.w.r.r.m.a.ResponseBodyResultHandler - Using 'text/plain;charset=UTF-8' given [text/plain, application/json, application/x-jackson-smile, application/*+json, */*] and supported [text/plain;charset=UTF-8, text/event-stream, text/plain;charset=UTF-8, */*]
13:59:56.699 [http-nio-auto-1-exec-1] DEBUG o.s.w.r.r.m.a.ResponseBodyResultHandler - [6157581] 0..1 [java.lang.String]
13:59:56.700 [http-nio-auto-1-exec-1] DEBUG o.s.w.r.r.m.a.RequestMappingHandlerAdapter - [6157581] Using @ExceptionHandler org.springframework.web.reactive.result.method.annotation.RequestMappingExceptionHandlingIntegrationTests$TestController#handleArgumentException(IllegalArgumentException)
13:59:56.700 [http-nio-auto-1-exec-1] DEBUG o.s.w.r.r.m.a.ResponseBodyResultHandler - Using 'text/plain;charset=UTF-8' given [text/plain, application/json, application/x-jackson-smile, application/*+json, */*] and supported [text/plain;charset=UTF-8, text/event-stream, text/plain;charset=UTF-8, */*]
13:59:56.700 [http-nio-auto-1-exec-1] DEBUG o.s.w.r.r.m.a.ResponseBodyResultHandler - [6157581] 0..1 [java.lang.String]
13:59:56.701 [http-nio-auto-1-exec-1] DEBUG o.s.c.c.CharSequenceEncoder - [6157581] Writing "Recovered from error: Argument"
13:59:56.714 [http-nio-auto-1-exec-1] DEBUG o.s.w.s.a.HttpWebHandlerAdapter - [6157581] Completed 200 OK
13:59:56.714 [Test worker] DEBUG o.s.w.c.RestTemplate - Response 200 OK
13:59:56.714 [Test worker] DEBUG o.s.w.c.RestTemplate - Reading to [java.lang.String] as "text/plain;charset=UTF-8"
13:59:56.715 [Test worker] DEBUG o.s.w.t.h.s.r.b.TomcatHttpServer - Stopping TomcatHttpServer...
13:59:56.750 [Test worker] DEBUG o.s.w.t.h.s.r.b.TomcatHttpServer - Server stopped (0 millis).
13:59:56.867 [Test worker] DEBUG o.s.w.r.r.m.a.RequestMappingHandlerMapping - 6 mappings in 'requestMappingHandlerMapping'
13:59:56.881 [Test worker] DEBUG o.s.w.r.r.m.a.ControllerMethodResolver - ControllerAdvice beans: none
13:59:56.891 [Test worker] DEBUG o.s.w.s.a.HttpWebHandlerAdapter - enableLoggingRequestDetails='false': form data and headers will be masked to prevent unsafe logging of potentially sensitive data
13:59:56.897 [Test worker] DEBUG o.s.w.t.h.s.r.b.UndertowHttpServer - Starting UndertowHttpServer...
13:59:56.904 [Test worker] INFO  i.undertow - starting server: Undertow - 2.0.30.Final
13:59:56.951 [Test worker] INFO  o.xnio - XNIO version 3.3.8.Final
13:59:57.014 [Test worker] INFO  o.x.nio - XNIO NIO Implementation Version 3.3.8.Final
13:59:57.212 [Test worker] DEBUG o.s.w.t.h.s.r.b.UndertowHttpServer - Server started on port 44709(0 millis).
13:59:57.212 [Test worker] DEBUG o.s.w.c.RestTemplate - HTTP GET http://localhost:44709/mono-error
13:59:57.212 [Test worker] DEBUG o.s.w.c.RestTemplate - Accept=[text/plain, application/json, application/x-jackson-smile, application/*+json, */*]
13:59:57.301 [XNIO-1 I/O-2] DEBUG o.s.w.s.a.HttpWebHandlerAdapter - [6dc0a7b2] HTTP GET "/mono-error"
13:59:57.306 [XNIO-1 I/O-2] DEBUG o.s.w.r.r.m.a.RequestMappingHandlerMapping - [6dc0a7b2] Mapped to org.springframework.web.reactive.result.method.annotation.RequestMappingExceptionHandlingIntegrationTests$TestController#handleWithError()
13:59:57.307 [XNIO-1 I/O-2] DEBUG o.s.w.r.r.m.a.ResponseBodyResultHandler - Using 'text/plain;charset=UTF-8' given [text/plain, application/json, application/x-jackson-smile, application/*+json, */*] and supported [text/plain;charset=UTF-8, text/event-stream, text/plain;charset=UTF-8, */*]
13:59:57.307 [XNIO-1 I/O-2] DEBUG o.s.w.r.r.m.a.ResponseBodyResultHandler - [6dc0a7b2] 0..1 [java.lang.String]
13:59:57.307 [XNIO-1 I/O-2] DEBUG o.s.w.r.r.m.a.RequestMappingHandlerAdapter - [6dc0a7b2] Using @ExceptionHandler org.springframework.web.reactive.result.method.annotation.RequestMappingExceptionHandlingIntegrationTests$TestController#handleArgumentException(IllegalArgumentException)
13:59:57.308 [XNIO-1 I/O-2] DEBUG o.s.w.r.r.m.a.ResponseBodyResultHandler - Using 'text/plain;charset=UTF-8' given [text/plain, application/json, application/x-jackson-smile, application/*+json, */*] and supported [text/plain;charset=UTF-8, text/event-stream, text/plain;charset=UTF-8, */*]
13:59:57.308 [XNIO-1 I/O-2] DEBUG o.s.w.r.r.m.a.ResponseBodyResultHandler - [6dc0a7b2] 0..1 [java.lang.String]
13:59:57.308 [XNIO-1 I/O-2] DEBUG o.s.c.c.CharSequenceEncoder - [6dc0a7b2] Writing "Recovered from error: Argument"
13:59:57.325 [Test worker] DEBUG o.s.w.c.RestTemplate - Response 200 OK
13:59:57.325 [Test worker] DEBUG o.s.w.c.RestTemplate - Reading to [java.lang.String] as "text/plain;charset=UTF-8"
13:59:57.325 [Test worker] DEBUG o.s.w.t.h.s.r.b.UndertowHttpServer - Stopping UndertowHttpServer...
13:59:57.326 [XNIO-1 I/O-2] DEBUG o.s.w.s.a.HttpWebHandlerAdapter - [6dc0a7b2] Completed 200 OK
13:59:57.326 [Test worker] INFO  i.undertow - stopping server: Undertow - 2.0.30.Final
13:59:57.341 [Test worker] DEBUG o.s.w.t.h.s.r.b.UndertowHttpServer - Server stopped (0 millis).
13:59:57.438 [Test worker] DEBUG o.s.w.r.r.m.a.RequestMappingHandlerMapping - 6 mappings in 'requestMappingHandlerMapping'
13:59:57.460 [Test worker] DEBUG o.s.w.r.r.m.a.ControllerMethodResolver - ControllerAdvice beans: none
13:59:57.485 [Test worker] DEBUG o.s.w.s.a.HttpWebHandlerAdapter - enableLoggingRequestDetails='false': form data and headers will be masked to prevent unsafe logging of potentially sensitive data
13:59:57.485 [Test worker] WARN  o.e.j.s.h.ContextHandler - Empty contextPath
13:59:57.486 [Test worker] INFO  o.e.j.s.h.ContextHandler - Started o.e.j.s.ServletContextHandler@2c8095d{/,null,AVAILABLE}
13:59:57.486 [Test worker] DEBUG o.s.w.t.h.s.r.b.JettyHttpServer - Starting JettyHttpServer...
13:59:57.486 [Test worker] INFO  o.e.j.s.Server - jetty-9.4.29.v20200521; built: 2020-05-21T17:20:40.598Z; git: 77c232aed8a45c818fd27232278d9f95a021095e; jvm 1.8.0_232-b09
13:59:57.602 [Test worker] INFO  o.e.j.s.AbstractConnector - Started ServerConnector@4574d771{HTTP/1.1, (http/1.1)}{0.0.0.0:45493}
13:59:57.603 [Test worker] INFO  o.e.j.s.Server - Started @17769ms
13:59:57.603 [Test worker] DEBUG o.s.w.t.h.s.r.b.JettyHttpServer - Server started on port 45493(0 millis).
13:59:57.603 [Test worker] DEBUG o.s.w.c.RestTemplate - HTTP GET http://localhost:45493/thrown-exception-with-cause-to-handle
13:59:57.603 [Test worker] DEBUG o.s.w.c.RestTemplate - Accept=[text/plain, application/json, application/x-jackson-smile, application/*+json, */*]
13:59:57.621 [qtp57555691-100] DEBUG o.s.w.s.a.HttpWebHandlerAdapter - [332ec1ac] HTTP GET "/thrown-exception-with-cause-to-handle"
13:59:57.622 [qtp57555691-100] DEBUG o.s.w.r.r.m.a.RequestMappingHandlerMapping - [332ec1ac] Mapped to org.springframework.web.reactive.result.method.annotation.RequestMappingExceptionHandlingIntegrationTests$TestController#handleAndThrowExceptionWithCauseToHandle()
13:59:57.623 [qtp57555691-100] DEBUG o.s.w.r.r.m.a.RequestMappingHandlerAdapter - [332ec1ac] Using @ExceptionHandler org.springframework.web.reactive.result.method.annotation.RequestMappingExceptionHandlingIntegrationTests$TestController#handleArgumentException(IOException)
13:59:57.623 [qtp57555691-100] DEBUG o.s.w.r.r.m.a.ResponseBodyResultHandler - Using 'text/plain;charset=UTF-8' given [text/plain, application/json, application/x-jackson-smile, application/*+json, */*] and supported [text/plain;charset=UTF-8, text/event-stream, text/plain;charset=UTF-8, */*]
13:59:57.624 [qtp57555691-100] DEBUG o.s.w.r.r.m.a.ResponseBodyResultHandler - [332ec1ac] 0..1 [java.lang.String]
13:59:57.624 [qtp57555691-100] DEBUG o.s.c.c.CharSequenceEncoder - [332ec1ac] Writing "Recovered from error: IO"
13:59:57.624 [Test worker] DEBUG o.s.w.c.RestTemplate - Response 200 OK
13:59:57.624 [Test worker] DEBUG o.s.w.c.RestTemplate - Reading to [java.lang.String] as "text/plain;charset=utf-8"
13:59:57.625 [Test worker] DEBUG o.s.w.t.h.s.r.b.JettyHttpServer - Stopping JettyHttpServer...
13:59:57.625 [Test worker] INFO  o.e.j.s.h.ContextHandler - Stopped o.e.j.s.ServletContextHandler@2c8095d{/,null,UNAVAILABLE}
13:59:57.625 [qtp57555691-100] DEBUG o.s.w.s.a.HttpWebHandlerAdapter - [332ec1ac] Completed 200 OK
13:59:57.628 [Test worker] INFO  o.e.j.s.AbstractConnector - Stopped ServerConnector@4574d771{HTTP/1.1, (http/1.1)}{0.0.0.0:0}
13:59:57.629 [Test worker] DEBUG o.s.w.t.h.s.r.b.JettyHttpServer - Server stopped (0 millis).
13:59:57.695 [Test worker] DEBUG o.s.w.r.r.m.a.RequestMappingHandlerMapping - 6 mappings in 'requestMappingHandlerMapping'
13:59:57.737 [Test worker] DEBUG o.s.w.r.r.m.a.ControllerMethodResolver - ControllerAdvice beans: none
13:59:57.772 [Test worker] DEBUG o.s.w.s.a.HttpWebHandlerAdapter - enableLoggingRequestDetails='false': form data and headers will be masked to prevent unsafe logging of potentially sensitive data
13:59:57.773 [Test worker] DEBUG o.s.w.t.h.s.r.b.ReactorHttpServer - Starting ReactorHttpServer...
13:59:57.811 [Test worker] DEBUG o.s.w.t.h.s.r.b.ReactorHttpServer - Server started on port 33543(0 millis).
13:59:57.811 [Test worker] DEBUG o.s.w.c.RestTemplate - HTTP GET http://localhost:33543/thrown-exception-with-cause-to-handle
13:59:57.811 [Test worker] DEBUG o.s.w.c.RestTemplate - Accept=[text/plain, application/json, application/x-jackson-smile, application/*+json, */*]
13:59:57.840 [reactor-http-epoll-4] DEBUG o.s.w.s.a.HttpWebHandlerAdapter - [ae358906-2] HTTP GET "/thrown-exception-with-cause-to-handle"
13:59:57.841 [reactor-http-epoll-4] DEBUG o.s.w.r.r.m.a.RequestMappingHandlerMapping - [ae358906-2] Mapped to org.springframework.web.reactive.result.method.annotation.RequestMappingExceptionHandlingIntegrationTests$TestController#handleAndThrowExceptionWithCauseToHandle()
13:59:57.841 [reactor-http-epoll-4] DEBUG o.s.w.r.r.m.a.RequestMappingHandlerAdapter - [ae358906-2] Using @ExceptionHandler org.springframework.web.reactive.result.method.annotation.RequestMappingExceptionHandlingIntegrationTests$TestController#handleArgumentException(IOException)
13:59:57.842 [reactor-http-epoll-4] DEBUG o.s.w.r.r.m.a.ResponseBodyResultHandler - Using 'text/plain;charset=UTF-8' given [text/plain, application/json, application/x-jackson-smile, application/*+json, */*] and supported [text/plain;charset=UTF-8, text/event-stream, text/plain;charset=UTF-8, */*]
13:59:57.842 [reactor-http-epoll-4] DEBUG o.s.w.r.r.m.a.ResponseBodyResultHandler - [ae358906-2] 0..1 [java.lang.String]
13:59:57.842 [reactor-http-epoll-4] DEBUG o.s.c.c.CharSequenceEncoder - [ae358906-2] Writing "Recovered from error: IO"
13:59:57.843 [Test worker] DEBUG o.s.w.c.RestTemplate - Response 200 OK
13:59:57.843 [Test worker] DEBUG o.s.w.c.RestTemplate - Reading to [java.lang.String] as "text/plain;charset=UTF-8"
13:59:57.844 [Test worker] DEBUG o.s.w.t.h.s.r.b.ReactorHttpServer - Stopping ReactorHttpServer...
13:59:57.844 [Test worker] DEBUG o.s.w.t.h.s.r.b.ReactorHttpServer - Server stopped (0 millis).
13:59:57.853 [reactor-http-epoll-4] DEBUG o.s.w.s.a.HttpWebHandlerAdapter - [ae358906-2] Completed 200 OK
13:59:57.911 [Test worker] DEBUG o.s.w.r.r.m.a.RequestMappingHandlerMapping - 6 mappings in 'requestMappingHandlerMapping'
13:59:57.967 [Test worker] DEBUG o.s.w.r.r.m.a.ControllerMethodResolver - ControllerAdvice beans: none
13:59:57.995 [Test worker] DEBUG o.s.w.s.a.HttpWebHandlerAdapter - enableLoggingRequestDetails='false': form data and headers will be masked to prevent unsafe logging of potentially sensitive data
13:59:57.996 [Test worker] DEBUG o.s.w.t.h.s.r.b.TomcatHttpServer - Starting TomcatHttpServer...
13:59:58.166 [Test worker] DEBUG o.s.w.t.h.s.r.b.TomcatHttpServer - Server started on port 33087(0 millis).
13:59:58.167 [Test worker] DEBUG o.s.w.c.RestTemplate - HTTP GET http://localhost:33087/thrown-exception-with-cause-to-handle
13:59:58.167 [Test worker] DEBUG o.s.w.c.RestTemplate - Accept=[text/plain, application/json, application/x-jackson-smile, application/*+json, */*]
13:59:58.175 [http-nio-auto-2-exec-1] DEBUG o.s.w.s.a.HttpWebHandlerAdapter - [c89d8af] HTTP GET "/thrown-exception-with-cause-to-handle"
13:59:58.175 [http-nio-auto-2-exec-1] DEBUG o.s.w.r.r.m.a.RequestMappingHandlerMapping - [c89d8af] Mapped to org.springframework.web.reactive.result.method.annotation.RequestMappingExceptionHandlingIntegrationTests$TestController#handleAndThrowExceptionWithCauseToHandle()
13:59:58.176 [http-nio-auto-2-exec-1] DEBUG o.s.w.r.r.m.a.RequestMappingHandlerAdapter - [c89d8af] Using @ExceptionHandler org.springframework.web.reactive.result.method.annotation.RequestMappingExceptionHandlingIntegrationTests$TestController#handleArgumentException(IOException)
13:59:58.177 [http-nio-auto-2-exec-1] DEBUG o.s.w.r.r.m.a.ResponseBodyResultHandler - Using 'text/plain;charset=UTF-8' given [text/plain, application/json, application/x-jackson-smile, application/*+json, */*] and supported [text/plain;charset=UTF-8, text/event-stream, text/plain;charset=UTF-8, */*]
13:59:58.177 [http-nio-auto-2-exec-1] DEBUG o.s.w.r.r.m.a.ResponseBodyResultHandler - [c89d8af] 0..1 [java.lang.String]
13:59:58.177 [http-nio-auto-2-exec-1] DEBUG o.s.c.c.CharSequenceEncoder - [c89d8af] Writing "Recovered from error: IO"
13:59:58.190 [http-nio-auto-2-exec-1] DEBUG o.s.w.s.a.HttpWebHandlerAdapter - [c89d8af] Completed 200 OK
13:59:58.190 [Test worker] DEBUG o.s.w.c.RestTemplate - Response 200 OK
13:59:58.195 [Test worker] DEBUG o.s.w.c.RestTemplate - Reading to [java.lang.String] as "text/plain;charset=UTF-8"
13:59:58.195 [Test worker] DEBUG o.s.w.t.h.s.r.b.TomcatHttpServer - Stopping TomcatHttpServer...
13:59:58.219 [Test worker] DEBUG o.s.w.t.h.s.r.b.TomcatHttpServer - Server stopped (0 millis).
13:59:58.302 [Test worker] DEBUG o.s.w.r.r.m.a.RequestMappingHandlerMapping - 6 mappings in 'requestMappingHandlerMapping'
13:59:58.335 [Test worker] DEBUG o.s.w.r.r.m.a.ControllerMethodResolver - ControllerAdvice beans: none
13:59:58.384 [Test worker] DEBUG o.s.w.s.a.HttpWebHandlerAdapter - enableLoggingRequestDetails='false': form data and headers will be masked to prevent unsafe logging of potentially sensitive data
13:59:58.384 [Test worker] DEBUG o.s.w.t.h.s.r.b.UndertowHttpServer - Starting UndertowHttpServer...
13:59:58.384 [Test worker] INFO  i.undertow - starting server: Undertow - 2.0.30.Final
13:59:58.437 [Test worker] DEBUG o.s.w.t.h.s.r.b.UndertowHttpServer - Server started on port 33963(0 millis).
13:59:58.437 [Test worker] DEBUG o.s.w.c.RestTemplate - HTTP GET http://localhost:33963/thrown-exception-with-cause-to-handle
13:59:58.438 [Test worker] DEBUG o.s.w.c.RestTemplate - Accept=[text/plain, application/json, application/x-jackson-smile, application/*+json, */*]
13:59:58.441 [XNIO-2 I/O-2] DEBUG o.s.w.s.a.HttpWebHandlerAdapter - [2bf0ea41] HTTP GET "/thrown-exception-with-cause-to-handle"
13:59:58.441 [XNIO-2 I/O-2] DEBUG o.s.w.r.r.m.a.RequestMappingHandlerMapping - [2bf0ea41] Mapped to org.springframework.web.reactive.result.method.annotation.RequestMappingExceptionHandlingIntegrationTests$TestController#handleAndThrowExceptionWithCauseToHandle()
13:59:58.442 [XNIO-2 I/O-2] DEBUG o.s.w.r.r.m.a.RequestMappingHandlerAdapter - [2bf0ea41] Using @ExceptionHandler org.springframework.web.reactive.result.method.annotation.RequestMappingExceptionHandlingIntegrationTests$TestController#handleArgumentException(IOException)
13:59:58.442 [XNIO-2 I/O-2] DEBUG o.s.w.r.r.m.a.ResponseBodyResultHandler - Using 'text/plain;charset=UTF-8' given [text/plain, application/json, application/x-jackson-smile, application/*+json, */*] and supported [text/plain;charset=UTF-8, text/event-stream, text/plain;charset=UTF-8, */*]
13:59:58.442 [XNIO-2 I/O-2] DEBUG o.s.w.r.r.m.a.ResponseBodyResultHandler - [2bf0ea41] 0..1 [java.lang.String]
13:59:58.443 [XNIO-2 I/O-2] DEBUG o.s.c.c.CharSequenceEncoder - [2bf0ea41] Writing "Recovered from error: IO"
13:59:58.446 [XNIO-2 I/O-2] DEBUG o.s.w.s.a.HttpWebHandlerAdapter - [2bf0ea41] Completed 200 OK
13:59:58.446 [Test worker] DEBUG o.s.w.c.RestTemplate - Response 200 OK
13:59:58.446 [Test worker] DEBUG o.s.w.c.RestTemplate - Reading to [java.lang.String] as "text/plain;charset=UTF-8"
13:59:58.446 [Test worker] DEBUG o.s.w.t.h.s.r.b.UndertowHttpServer - Stopping UndertowHttpServer...
13:59:58.446 [Test worker] INFO  i.undertow - stopping server: Undertow - 2.0.30.Final
13:59:58.447 [Test worker] DEBUG o.s.w.t.h.s.r.b.UndertowHttpServer - Server stopped (0 millis).
13:59:58.539 [Test worker] DEBUG o.s.w.r.r.m.a.RequestMappingHandlerMapping - 6 mappings in 'requestMappingHandlerMapping'
13:59:58.560 [Test worker] DEBUG o.s.w.r.r.m.a.ControllerMethodResolver - ControllerAdvice beans: none
13:59:58.593 [Test worker] DEBUG o.s.w.s.a.HttpWebHandlerAdapter - enableLoggingRequestDetails='false': form data and headers will be masked to prevent unsafe logging of potentially sensitive data
13:59:58.594 [Test worker] WARN  o.e.j.s.h.ContextHandler - Empty contextPath
13:59:58.602 [Test worker] INFO  o.e.j.s.h.ContextHandler - Started o.e.j.s.ServletContextHandler@70588578{/,null,AVAILABLE}
13:59:58.603 [Test worker] DEBUG o.s.w.t.h.s.r.b.JettyHttpServer - Starting JettyHttpServer...
13:59:58.603 [Test worker] INFO  o.e.j.s.Server - jetty-9.4.29.v20200521; built: 2020-05-21T17:20:40.598Z; git: 77c232aed8a45c818fd27232278d9f95a021095e; jvm 1.8.0_232-b09
13:59:58.701 [Test worker] INFO  o.e.j.s.AbstractConnector - Started ServerConnector@52be2b14{HTTP/1.1, (http/1.1)}{0.0.0.0:35613}
13:59:58.701 [Test worker] INFO  o.e.j.s.Server - Started @18867ms
13:59:58.701 [Test worker] DEBUG o.s.w.t.h.s.r.b.JettyHttpServer - Server started on port 35613(0 millis).
13:59:58.703 [Test worker] DEBUG o.s.w.c.RestTemplate - HTTP GET http://localhost:35613/SPR-16318
13:59:58.703 [Test worker] DEBUG o.s.w.c.RestTemplate - Accept=[text/plain, application/json, application/x-jackson-smile, application/*+json, */*]
13:59:58.721 [qtp1183058569-131] DEBUG o.s.w.s.a.HttpWebHandlerAdapter - [75e04626] HTTP GET "/SPR-16318"
13:59:58.722 [qtp1183058569-131] DEBUG o.s.w.r.r.m.a.RequestMappingHandlerMapping - [75e04626] Mapped to org.springframework.web.reactive.result.method.annotation.RequestMappingExceptionHandlingIntegrationTests$TestController#handleTextPlain()
13:59:58.723 [qtp1183058569-131] DEBUG o.s.w.r.r.m.a.ResponseBodyResultHandler - Using 'text/plain' given [text/plain, application/problem+json] and supported [text/plain]
13:59:58.723 [qtp1183058569-131] DEBUG o.s.w.r.r.m.a.ResponseBodyResultHandler - [75e04626] 0..1 [java.lang.String]
13:59:58.723 [qtp1183058569-131] DEBUG o.s.w.r.r.m.a.RequestMappingHandlerAdapter - [75e04626] Using @ExceptionHandler org.springframework.web.reactive.result.method.annotation.RequestMappingExceptionHandlingIntegrationTests$TestController#handle(Spr16318Exception)
13:59:58.726 [qtp1183058569-131] DEBUG o.s.w.r.r.m.a.ResponseEntityResultHandler - Using 'application/problem+json' given [text/plain, application/problem+json] and supported [application/json, application/*+json, application/x-jackson-smile, application/*+x-jackson-smile, text/event-stream]
13:59:58.726 [qtp1183058569-131] DEBUG o.s.w.r.r.m.a.ResponseEntityResultHandler - [75e04626] 0..1 [java.util.Map<java.lang.String, java.lang.String>]
13:59:58.729 [qtp1183058569-131] DEBUG o.s.h.c.j.Jackson2JsonEncoder - [75e04626] Encoding [{reason=error}]
13:59:58.730 [Test worker] DEBUG o.s.w.c.RestTemplate - Response 500 INTERNAL_SERVER_ERROR
13:59:58.735 [qtp1183058569-131] DEBUG o.s.w.s.a.HttpWebHandlerAdapter - [75e04626] Completed 500 INTERNAL_SERVER_ERROR
13:59:58.735 [Test worker] DEBUG o.s.w.t.h.s.r.b.JettyHttpServer - Stopping JettyHttpServer...
13:59:58.735 [Test worker] INFO  o.e.j.s.h.ContextHandler - Stopped o.e.j.s.ServletContextHandler@70588578{/,null,UNAVAILABLE}
13:59:58.736 [Test worker] INFO  o.e.j.s.AbstractConnector - Stopped ServerConnector@52be2b14{HTTP/1.1, (http/1.1)}{0.0.0.0:0}
13:59:58.737 [Test worker] DEBUG o.s.w.t.h.s.r.b.JettyHttpServer - Server stopped (0 millis).
13:59:58.831 [Test worker] DEBUG o.s.w.r.r.m.a.RequestMappingHandlerMapping - 6 mappings in 'requestMappingHandlerMapping'
13:59:58.877 [Test worker] DEBUG o.s.w.r.r.m.a.ControllerMethodResolver - ControllerAdvice beans: none
13:59:58.901 [Test worker] DEBUG o.s.w.s.a.HttpWebHandlerAdapter - enableLoggingRequestDetails='false': form data and headers will be masked to prevent unsafe logging of potentially sensitive data
13:59:58.901 [Test worker] DEBUG o.s.w.t.h.s.r.b.ReactorHttpServer - Starting ReactorHttpServer...
13:59:58.903 [Test worker] DEBUG o.s.w.t.h.s.r.b.ReactorHttpServer - Server started on port 33347(0 millis).
13:59:58.903 [Test worker] DEBUG o.s.w.c.RestTemplate - HTTP GET http://localhost:33347/SPR-16318
13:59:58.903 [Test worker] DEBUG o.s.w.c.RestTemplate - Accept=[text/plain, application/json, application/x-jackson-smile, application/*+json, */*]
13:59:58.905 [reactor-http-epoll-2] DEBUG o.s.w.s.a.HttpWebHandlerAdapter - [caeac1ac-3] HTTP GET "/SPR-16318"
13:59:58.905 [reactor-http-epoll-2] DEBUG o.s.w.r.r.m.a.RequestMappingHandlerMapping - [caeac1ac-3] Mapped to org.springframework.web.reactive.result.method.annotation.RequestMappingExceptionHandlingIntegrationTests$TestController#handleTextPlain()
13:59:58.906 [reactor-http-epoll-2] DEBUG o.s.w.r.r.m.a.ResponseBodyResultHandler - Using 'text/plain' given [text/plain, application/problem+json] and supported [text/plain]
13:59:58.906 [reactor-http-epoll-2] DEBUG o.s.w.r.r.m.a.ResponseBodyResultHandler - [caeac1ac-3] 0..1 [java.lang.String]
13:59:58.907 [reactor-http-epoll-2] DEBUG o.s.w.r.r.m.a.RequestMappingHandlerAdapter - [caeac1ac-3] Using @ExceptionHandler org.springframework.web.reactive.result.method.annotation.RequestMappingExceptionHandlingIntegrationTests$TestController#handle(Spr16318Exception)
13:59:58.907 [reactor-http-epoll-2] DEBUG o.s.w.r.r.m.a.ResponseEntityResultHandler - Using 'application/problem+json' given [text/plain, application/problem+json] and supported [application/json, application/*+json, application/x-jackson-smile, application/*+x-jackson-smile, text/event-stream]
13:59:58.907 [reactor-http-epoll-2] DEBUG o.s.w.r.r.m.a.ResponseEntityResultHandler - [caeac1ac-3] 0..1 [java.util.Map<java.lang.String, java.lang.String>]
13:59:58.908 [reactor-http-epoll-2] DEBUG o.s.h.c.j.Jackson2JsonEncoder - [caeac1ac-3] Encoding [{reason=error}]
13:59:58.909 [reactor-http-epoll-2] DEBUG o.s.w.s.a.HttpWebHandlerAdapter - [caeac1ac-3] Completed 500 INTERNAL_SERVER_ERROR
13:59:58.909 [Test worker] DEBUG o.s.w.c.RestTemplate - Response 500 INTERNAL_SERVER_ERROR
13:59:58.910 [Test worker] DEBUG o.s.w.t.h.s.r.b.ReactorHttpServer - Stopping ReactorHttpServer...
13:59:58.910 [Test worker] DEBUG o.s.w.t.h.s.r.b.ReactorHttpServer - Server stopped (0 millis).
13:59:58.981 [Test worker] DEBUG o.s.w.r.r.m.a.RequestMappingHandlerMapping - 6 mappings in 'requestMappingHandlerMapping'
13:59:59.002 [Test worker] DEBUG o.s.w.r.r.m.a.ControllerMethodResolver - ControllerAdvice beans: none
13:59:59.011 [Test worker] DEBUG o.s.w.s.a.HttpWebHandlerAdapter - enableLoggingRequestDetails='false': form data and headers will be masked to prevent unsafe logging of potentially sensitive data
13:59:59.011 [Test worker] DEBUG o.s.w.t.h.s.r.b.TomcatHttpServer - Starting TomcatHttpServer...
13:59:59.157 [Test worker] DEBUG o.s.w.t.h.s.r.b.TomcatHttpServer - Server started on port 46369(0 millis).
13:59:59.157 [Test worker] DEBUG o.s.w.c.RestTemplate - HTTP GET http://localhost:46369/SPR-16318
13:59:59.157 [Test worker] DEBUG o.s.w.c.RestTemplate - Accept=[text/plain, application/json, application/x-jackson-smile, application/*+json, */*]
13:59:59.164 [http-nio-auto-3-exec-1] DEBUG o.s.w.s.a.HttpWebHandlerAdapter - [306f232c] HTTP GET "/SPR-16318"
13:59:59.164 [http-nio-auto-3-exec-1] DEBUG o.s.w.r.r.m.a.RequestMappingHandlerMapping - [306f232c] Mapped to org.springframework.web.reactive.result.method.annotation.RequestMappingExceptionHandlingIntegrationTests$TestController#handleTextPlain()
13:59:59.165 [http-nio-auto-3-exec-1] DEBUG o.s.w.r.r.m.a.ResponseBodyResultHandler - Using 'text/plain' given [text/plain, application/problem+json] and supported [text/plain]
13:59:59.165 [http-nio-auto-3-exec-1] DEBUG o.s.w.r.r.m.a.ResponseBodyResultHandler - [306f232c] 0..1 [java.lang.String]
13:59:59.166 [http-nio-auto-3-exec-1] DEBUG o.s.w.r.r.m.a.RequestMappingHandlerAdapter - [306f232c] Using @ExceptionHandler org.springframework.web.reactive.result.method.annotation.RequestMappingExceptionHandlingIntegrationTests$TestController#handle(Spr16318Exception)
13:59:59.166 [http-nio-auto-3-exec-1] DEBUG o.s.w.r.r.m.a.ResponseEntityResultHandler - Using 'application/problem+json' given [text/plain, application/problem+json] and supported [application/json, application/*+json, application/x-jackson-smile, application/*+x-jackson-smile, text/event-stream]
13:59:59.166 [http-nio-auto-3-exec-1] DEBUG o.s.w.r.r.m.a.ResponseEntityResultHandler - [306f232c] 0..1 [java.util.Map<java.lang.String, java.lang.String>]
13:59:59.167 [http-nio-auto-3-exec-1] DEBUG o.s.h.c.j.Jackson2JsonEncoder - [306f232c] Encoding [{reason=error}]
13:59:59.168 [http-nio-auto-3-exec-1] DEBUG o.s.w.s.a.HttpWebHandlerAdapter - [306f232c] Completed 500 INTERNAL_SERVER_ERROR
13:59:59.168 [Test worker] DEBUG o.s.w.c.RestTemplate - Response 500 INTERNAL_SERVER_ERROR
13:59:59.169 [Test worker] DEBUG o.s.w.t.h.s.r.b.TomcatHttpServer - Stopping TomcatHttpServer...
13:59:59.187 [Test worker] DEBUG o.s.w.t.h.s.r.b.TomcatHttpServer - Server stopped (0 millis).
13:59:59.282 [Test worker] DEBUG o.s.w.r.r.m.a.RequestMappingHandlerMapping - 6 mappings in 'requestMappingHandlerMapping'
13:59:59.312 [Test worker] DEBUG o.s.w.r.r.m.a.ControllerMethodResolver - ControllerAdvice beans: none
13:59:59.328 [Test worker] DEBUG o.s.w.s.a.HttpWebHandlerAdapter - enableLoggingRequestDetails='false': form data and headers will be masked to prevent unsafe logging of potentially sensitive data
13:59:59.328 [Test worker] DEBUG o.s.w.t.h.s.r.b.UndertowHttpServer - Starting UndertowHttpServer...
13:59:59.329 [Test worker] INFO  i.undertow - starting server: Undertow - 2.0.30.Final
13:59:59.392 [Test worker] DEBUG o.s.w.t.h.s.r.b.UndertowHttpServer - Server started on port 44281(0 millis).
13:59:59.392 [Test worker] DEBUG o.s.w.c.RestTemplate - HTTP GET http://localhost:44281/SPR-16318
13:59:59.392 [Test worker] DEBUG o.s.w.c.RestTemplate - Accept=[text/plain, application/json, application/x-jackson-smile, application/*+json, */*]
13:59:59.400 [XNIO-3 I/O-2] DEBUG o.s.w.s.a.HttpWebHandlerAdapter - [46c9bfa4] HTTP GET "/SPR-16318"
13:59:59.400 [XNIO-3 I/O-2] DEBUG o.s.w.r.r.m.a.RequestMappingHandlerMapping - [46c9bfa4] Mapped to org.springframework.web.reactive.result.method.annotation.RequestMappingExceptionHandlingIntegrationTests$TestController#handleTextPlain()
13:59:59.402 [XNIO-3 I/O-2] DEBUG o.s.w.r.r.m.a.ResponseBodyResultHandler - Using 'text/plain' given [text/plain, application/problem+json] and supported [text/plain]
13:59:59.402 [XNIO-3 I/O-2] DEBUG o.s.w.r.r.m.a.ResponseBodyResultHandler - [46c9bfa4] 0..1 [java.lang.String]
13:59:59.403 [XNIO-3 I/O-2] DEBUG o.s.w.r.r.m.a.RequestMappingHandlerAdapter - [46c9bfa4] Using @ExceptionHandler org.springframework.web.reactive.result.method.annotation.RequestMappingExceptionHandlingIntegrationTests$TestController#handle(Spr16318Exception)
13:59:59.403 [XNIO-3 I/O-2] DEBUG o.s.w.r.r.m.a.ResponseEntityResultHandler - Using 'application/problem+json' given [text/plain, application/problem+json] and supported [application/json, application/*+json, application/x-jackson-smile, application/*+x-jackson-smile, text/event-stream]
13:59:59.403 [XNIO-3 I/O-2] DEBUG o.s.w.r.r.m.a.ResponseEntityResultHandler - [46c9bfa4] 0..1 [java.util.Map<java.lang.String, java.lang.String>]
13:59:59.404 [XNIO-3 I/O-2] DEBUG o.s.h.c.j.Jackson2JsonEncoder - [46c9bfa4] Encoding [{reason=error}]
13:59:59.404 [XNIO-3 I/O-2] DEBUG o.s.w.s.a.HttpWebHandlerAdapter - [46c9bfa4] Completed 500 INTERNAL_SERVER_ERROR
13:59:59.404 [Test worker] DEBUG o.s.w.c.RestTemplate - Response 500 INTERNAL_SERVER_ERROR
13:59:59.405 [Test worker] DEBUG o.s.w.t.h.s.r.b.UndertowHttpServer - Stopping UndertowHttpServer...
13:59:59.405 [Test worker] INFO  i.undertow - stopping server: Undertow - 2.0.30.Final
13:59:59.407 [Test worker] DEBUG o.s.w.t.h.s.r.b.UndertowHttpServer - Server stopped (0 millis).
13:59:59.490 [Test worker] DEBUG o.s.w.r.r.m.a.RequestMappingHandlerMapping - 6 mappings in 'requestMappingHandlerMapping'
13:59:59.539 [Test worker] DEBUG o.s.w.r.r.m.a.ControllerMethodResolver - ControllerAdvice beans: none
13:59:59.576 [Test worker] DEBUG o.s.w.s.a.HttpWebHandlerAdapter - enableLoggingRequestDetails='false': form data and headers will be masked to prevent unsafe logging of potentially sensitive data
13:59:59.576 [Test worker] WARN  o.e.j.s.h.ContextHandler - Empty contextPath
13:59:59.576 [Test worker] INFO  o.e.j.s.h.ContextHandler - Started o.e.j.s.ServletContextHandler@2921b68f{/,null,AVAILABLE}
13:59:59.576 [Test worker] DEBUG o.s.w.t.h.s.r.b.JettyHttpServer - Starting JettyHttpServer...
13:59:59.576 [Test worker] INFO  o.e.j.s.Server - jetty-9.4.29.v20200521; built: 2020-05-21T17:20:40.598Z; git: 77c232aed8a45c818fd27232278d9f95a021095e; jvm 1.8.0_232-b09
13:59:59.678 [Test worker] INFO  o.e.j.s.AbstractConnector - Started ServerConnector@db1256a{HTTP/1.1, (http/1.1)}{0.0.0.0:38825}
13:59:59.678 [Test worker] INFO  o.e.j.s.Server - Started @19844ms
13:59:59.678 [Test worker] DEBUG o.s.w.t.h.s.r.b.JettyHttpServer - Server started on port 38825(0 millis).
13:59:59.678 [Test worker] DEBUG o.s.w.c.RestTemplate - HTTP GET http://localhost:38825/thrown-exception
13:59:59.678 [Test worker] DEBUG o.s.w.c.RestTemplate - Accept=[text/plain, application/json, application/x-jackson-smile, application/*+json, */*]
13:59:59.690 [qtp782464332-160] DEBUG o.s.w.s.a.HttpWebHandlerAdapter - [24de8f92] HTTP GET "/thrown-exception"
13:59:59.690 [qtp782464332-160] DEBUG o.s.w.r.r.m.a.RequestMappingHandlerMapping - [24de8f92] Mapped to org.springframework.web.reactive.result.method.annotation.RequestMappingExceptionHandlingIntegrationTests$TestController#handleAndThrowException()
13:59:59.692 [qtp782464332-160] DEBUG o.s.w.r.r.m.a.RequestMappingHandlerAdapter - [24de8f92] Using @ExceptionHandler org.springframework.web.reactive.result.method.annotation.RequestMappingExceptionHandlingIntegrationTests$TestController#handleStateException(IllegalStateException)
13:59:59.692 [qtp782464332-160] DEBUG o.s.w.r.r.m.a.ResponseEntityResultHandler - Using 'text/plain;charset=UTF-8' given [text/plain, application/json, application/x-jackson-smile, application/*+json, */*] and supported [text/plain;charset=UTF-8, text/event-stream, text/plain;charset=UTF-8, */*]
13:59:59.692 [qtp782464332-160] DEBUG o.s.w.r.r.m.a.ResponseEntityResultHandler - [24de8f92] 0..1 [java.lang.String]
13:59:59.692 [qtp782464332-160] DEBUG o.s.c.c.CharSequenceEncoder - [24de8f92] Writing "Recovered from error: State"
13:59:59.693 [qtp782464332-160] DEBUG o.s.w.s.a.HttpWebHandlerAdapter - [24de8f92] Completed 200 OK
13:59:59.693 [Test worker] DEBUG o.s.w.c.RestTemplate - Response 200 OK
13:59:59.693 [Test worker] DEBUG o.s.w.c.RestTemplate - Reading to [java.lang.String] as "text/plain;charset=utf-8"
13:59:59.693 [Test worker] DEBUG o.s.w.t.h.s.r.b.JettyHttpServer - Stopping JettyHttpServer...
13:59:59.694 [Test worker] INFO  o.e.j.s.h.ContextHandler - Stopped o.e.j.s.ServletContextHandler@2921b68f{/,null,UNAVAILABLE}
13:59:59.694 [Test worker] INFO  o.e.j.s.AbstractConnector - Stopped ServerConnector@db1256a{HTTP/1.1, (http/1.1)}{0.0.0.0:0}
13:59:59.703 [Test worker] DEBUG o.s.w.t.h.s.r.b.JettyHttpServer - Server stopped (0 millis).
13:59:59.742 [Test worker] DEBUG o.s.w.r.r.m.a.RequestMappingHandlerMapping - 6 mappings in 'requestMappingHandlerMapping'
13:59:59.756 [Test worker] DEBUG o.s.w.r.r.m.a.ControllerMethodResolver - ControllerAdvice beans: none
13:59:59.784 [Test worker] DEBUG o.s.w.s.a.HttpWebHandlerAdapter - enableLoggingRequestDetails='false': form data and headers will be masked to prevent unsafe logging of potentially sensitive data
13:59:59.789 [Test worker] DEBUG o.s.w.t.h.s.r.b.ReactorHttpServer - Starting ReactorHttpServer...
13:59:59.790 [Test worker] DEBUG o.s.w.t.h.s.r.b.ReactorHttpServer - Server started on port 38131(0 millis).
13:59:59.790 [Test worker] DEBUG o.s.w.c.RestTemplate - HTTP GET http://localhost:38131/thrown-exception
13:59:59.791 [Test worker] DEBUG o.s.w.c.RestTemplate - Accept=[text/plain, application/json, application/x-jackson-smile, application/*+json, */*]
13:59:59.797 [reactor-http-epoll-4] DEBUG o.s.w.s.a.HttpWebHandlerAdapter - [4d79fb5b-4] HTTP GET "/thrown-exception"
13:59:59.798 [reactor-http-epoll-4] DEBUG o.s.w.r.r.m.a.RequestMappingHandlerMapping - [4d79fb5b-4] Mapped to org.springframework.web.reactive.result.method.annotation.RequestMappingExceptionHandlingIntegrationTests$TestController#handleAndThrowException()
13:59:59.799 [reactor-http-epoll-4] DEBUG o.s.w.r.r.m.a.RequestMappingHandlerAdapter - [4d79fb5b-4] Using @ExceptionHandler org.springframework.web.reactive.result.method.annotation.RequestMappingExceptionHandlingIntegrationTests$TestController#handleStateException(IllegalStateException)
13:59:59.799 [reactor-http-epoll-4] DEBUG o.s.w.r.r.m.a.ResponseEntityResultHandler - Using 'text/plain;charset=UTF-8' given [text/plain, application/json, application/x-jackson-smile, application/*+json, */*] and supported [text/plain;charset=UTF-8, text/event-stream, text/plain;charset=UTF-8, */*]
13:59:59.799 [reactor-http-epoll-4] DEBUG o.s.w.r.r.m.a.ResponseEntityResultHandler - [4d79fb5b-4] 0..1 [java.lang.String]
13:59:59.799 [reactor-http-epoll-4] DEBUG o.s.c.c.CharSequenceEncoder - [4d79fb5b-4] Writing "Recovered from error: State"
13:59:59.800 [reactor-http-epoll-4] DEBUG o.s.w.s.a.HttpWebHandlerAdapter - [4d79fb5b-4] Completed 200 OK
13:59:59.800 [Test worker] DEBUG o.s.w.c.RestTemplate - Response 200 OK
13:59:59.801 [Test worker] DEBUG o.s.w.c.RestTemplate - Reading to [java.lang.String] as "text/plain;charset=UTF-8"
13:59:59.801 [Test worker] DEBUG o.s.w.t.h.s.r.b.ReactorHttpServer - Stopping ReactorHttpServer...
13:59:59.801 [Test worker] DEBUG o.s.w.t.h.s.r.b.ReactorHttpServer - Server stopped (0 millis).
13:59:59.872 [Test worker] DEBUG o.s.w.r.r.m.a.RequestMappingHandlerMapping - 6 mappings in 'requestMappingHandlerMapping'
13:59:59.885 [Test worker] DEBUG o.s.w.r.r.m.a.ControllerMethodResolver - ControllerAdvice beans: none
13:59:59.941 [Test worker] DEBUG o.s.w.s.a.HttpWebHandlerAdapter - enableLoggingRequestDetails='false': form data and headers will be masked to prevent unsafe logging of potentially sensitive data
13:59:59.950 [Test worker] DEBUG o.s.w.t.h.s.r.b.TomcatHttpServer - Starting TomcatHttpServer...
14:00:00.149 [Test worker] DEBUG o.s.w.t.h.s.r.b.TomcatHttpServer - Server started on port 35777(0 millis).
14:00:00.149 [Test worker] DEBUG o.s.w.c.RestTemplate - HTTP GET http://localhost:35777/thrown-exception
14:00:00.150 [Test worker] DEBUG o.s.w.c.RestTemplate - Accept=[text/plain, application/json, application/x-jackson-smile, application/*+json, */*]
14:00:00.153 [http-nio-auto-4-exec-1] DEBUG o.s.w.s.a.HttpWebHandlerAdapter - [10c54fe7] HTTP GET "/thrown-exception"
14:00:00.154 [http-nio-auto-4-exec-1] DEBUG o.s.w.r.r.m.a.RequestMappingHandlerMapping - [10c54fe7] Mapped to org.springframework.web.reactive.result.method.annotation.RequestMappingExceptionHandlingIntegrationTests$TestController#handleAndThrowException()
14:00:00.155 [http-nio-auto-4-exec-1] DEBUG o.s.w.r.r.m.a.RequestMappingHandlerAdapter - [10c54fe7] Using @ExceptionHandler org.springframework.web.reactive.result.method.annotation.RequestMappingExceptionHandlingIntegrationTests$TestController#handleStateException(IllegalStateException)
14:00:00.155 [http-nio-auto-4-exec-1] DEBUG o.s.w.r.r.m.a.ResponseEntityResultHandler - Using 'text/plain;charset=UTF-8' given [text/plain, application/json, application/x-jackson-smile, application/*+json, */*] and supported [text/plain;charset=UTF-8, text/event-stream, text/plain;charset=UTF-8, */*]
14:00:00.155 [http-nio-auto-4-exec-1] DEBUG o.s.w.r.r.m.a.ResponseEntityResultHandler - [10c54fe7] 0..1 [java.lang.String]
14:00:00.155 [http-nio-auto-4-exec-1] DEBUG o.s.c.c.CharSequenceEncoder - [10c54fe7] Writing "Recovered from error: State"
14:00:00.156 [http-nio-auto-4-exec-1] DEBUG o.s.w.s.a.HttpWebHandlerAdapter - [10c54fe7] Completed 200 OK
14:00:00.156 [Test worker] DEBUG o.s.w.c.RestTemplate - Response 200 OK
14:00:00.157 [Test worker] DEBUG o.s.w.c.RestTemplate - Reading to [java.lang.String] as "text/plain;charset=UTF-8"
14:00:00.157 [Test worker] DEBUG o.s.w.t.h.s.r.b.TomcatHttpServer - Stopping TomcatHttpServer...
14:00:00.178 [Test worker] DEBUG o.s.w.t.h.s.r.b.TomcatHttpServer - Server stopped (0 millis).
14:00:00.266 [Test worker] DEBUG o.s.w.r.r.m.a.RequestMappingHandlerMapping - 6 mappings in 'requestMappingHandlerMapping'
14:00:00.295 [Test worker] DEBUG o.s.w.r.r.m.a.ControllerMethodResolver - ControllerAdvice beans: none
14:00:00.326 [Test worker] DEBUG o.s.w.s.a.HttpWebHandlerAdapter - enableLoggingRequestDetails='false': form data and headers will be masked to prevent unsafe logging of potentially sensitive data
14:00:00.327 [Test worker] DEBUG o.s.w.t.h.s.r.b.UndertowHttpServer - Starting UndertowHttpServer...
14:00:00.329 [Test worker] INFO  i.undertow - starting server: Undertow - 2.0.30.Final
14:00:00.398 [Test worker] DEBUG o.s.w.t.h.s.r.b.UndertowHttpServer - Server started on port 43571(0 millis).
14:00:00.398 [Test worker] DEBUG o.s.w.c.RestTemplate - HTTP GET http://localhost:43571/thrown-exception
14:00:00.399 [Test worker] DEBUG o.s.w.c.RestTemplate - Accept=[text/plain, application/json, application/x-jackson-smile, application/*+json, */*]
14:00:00.405 [XNIO-4 I/O-2] DEBUG o.s.w.s.a.HttpWebHandlerAdapter - [4b35eae2] HTTP GET "/thrown-exception"
14:00:00.406 [XNIO-4 I/O-2] DEBUG o.s.w.r.r.m.a.RequestMappingHandlerMapping - [4b35eae2] Mapped to org.springframework.web.reactive.result.method.annotation.RequestMappingExceptionHandlingIntegrationTests$TestController#handleAndThrowException()
14:00:00.407 [XNIO-4 I/O-2] DEBUG o.s.w.r.r.m.a.RequestMappingHandlerAdapter - [4b35eae2] Using @ExceptionHandler org.springframework.web.reactive.result.method.annotation.RequestMappingExceptionHandlingIntegrationTests$TestController#handleStateException(IllegalStateException)
14:00:00.407 [XNIO-4 I/O-2] DEBUG o.s.w.r.r.m.a.ResponseEntityResultHandler - Using 'text/plain;charset=UTF-8' given [text/plain, application/json, application/x-jackson-smile, application/*+json, */*] and supported [text/plain;charset=UTF-8, text/event-stream, text/plain;charset=UTF-8, */*]
14:00:00.407 [XNIO-4 I/O-2] DEBUG o.s.w.r.r.m.a.ResponseEntityResultHandler - [4b35eae2] 0..1 [java.lang.String]
14:00:00.407 [XNIO-4 I/O-2] DEBUG o.s.c.c.CharSequenceEncoder - [4b35eae2] Writing "Recovered from error: State"
14:00:00.410 [Test worker] DEBUG o.s.w.c.RestTemplate - Response 200 OK
14:00:00.410 [Test worker] DEBUG o.s.w.c.RestTemplate - Reading to [java.lang.String] as "text/plain;charset=UTF-8"
14:00:00.411 [Test worker] DEBUG o.s.w.t.h.s.r.b.UndertowHttpServer - Stopping UndertowHttpServer...
14:00:00.411 [Test worker] INFO  i.undertow - stopping server: Undertow - 2.0.30.Final
14:00:00.412 [XNIO-4 I/O-2] DEBUG o.s.w.s.a.HttpWebHandlerAdapter - [4b35eae2] Completed 200 OK
14:00:00.417 [Test worker] DEBUG o.s.w.t.h.s.r.b.UndertowHttpServer - Server stopped (0 millis).
14:00:00.486 [Test worker] DEBUG o.s.w.r.r.m.a.RequestMappingHandlerMapping - 6 mappings in 'requestMappingHandlerMapping'
14:00:00.523 [Test worker] DEBUG o.s.w.r.r.m.a.ControllerMethodResolver - ControllerAdvice beans: none
14:00:00.564 [Test worker] DEBUG o.s.w.s.a.HttpWebHandlerAdapter - enableLoggingRequestDetails='false': form data and headers will be masked to prevent unsafe logging of potentially sensitive data
14:00:00.565 [Test worker] WARN  o.e.j.s.h.ContextHandler - Empty contextPath
14:00:00.566 [Test worker] INFO  o.e.j.s.h.ContextHandler - Started o.e.j.s.ServletContextHandler@5fdb770{/,null,AVAILABLE}
14:00:00.566 [Test worker] DEBUG o.s.w.t.h.s.r.b.JettyHttpServer - Starting JettyHttpServer...
14:00:00.568 [Test worker] INFO  o.e.j.s.Server - jetty-9.4.29.v20200521; built: 2020-05-21T17:20:40.598Z; git: 77c232aed8a45c818fd27232278d9f95a021095e; jvm 1.8.0_232-b09
14:00:00.679 [Test worker] INFO  o.e.j.s.AbstractConnector - Started ServerConnector@52a93b0a{HTTP/1.1, (http/1.1)}{0.0.0.0:38205}
14:00:00.679 [Test worker] INFO  o.e.j.s.Server - Started @20846ms
14:00:00.679 [Test worker] DEBUG o.s.w.t.h.s.r.b.JettyHttpServer - Server started on port 38205(0 millis).
14:00:00.680 [Test worker] DEBUG o.s.w.c.RestTemplate - HTTP GET http://localhost:38205/SPR-16051
14:00:00.680 [Test worker] DEBUG o.s.w.c.RestTemplate - Accept=[text/plain, application/json, application/x-jackson-smile, application/*+json, */*]
14:00:00.714 [qtp1005373580-189] DEBUG o.s.w.s.a.HttpWebHandlerAdapter - [df2e24d] HTTP GET "/SPR-16051"
14:00:00.715 [qtp1005373580-189] DEBUG o.s.w.r.r.m.a.RequestMappingHandlerMapping - [df2e24d] Mapped to org.springframework.web.reactive.result.method.annotation.RequestMappingExceptionHandlingIntegrationTests$TestController#errors()
14:00:00.716 [qtp1005373580-189] DEBUG o.s.w.r.r.m.a.ResponseBodyResultHandler - Using 'text/plain;charset=UTF-8' given [text/plain, application/json, application/x-jackson-smile, application/*+json, */*] and supported [text/plain;charset=UTF-8, text/event-stream, text/plain;charset=UTF-8, */*]
14:00:00.716 [qtp1005373580-189] DEBUG o.s.w.r.r.m.a.ResponseBodyResultHandler - [df2e24d] 0..N [java.lang.String]
14:00:00.719 [qtp1005373580-189] DEBUG o.s.c.c.CharSequenceEncoder - [df2e24d] Writing "1. foo bar"
14:00:00.720 [Test worker] DEBUG o.s.w.c.RestTemplate - Response 200 OK
14:00:00.721 [Test worker] DEBUG o.s.w.c.RestTemplate - Reading to [java.lang.String] as "text/plain;charset=utf-8"
14:00:00.722 [qtp1005373580-189] DEBUG o.s.c.c.CharSequenceEncoder - [df2e24d] Writing "2. foo bar"
14:00:00.723 [qtp1005373580-189] DEBUG o.s.c.c.CharSequenceEncoder - [df2e24d] Writing "3. foo bar"
14:00:00.723 [qtp1005373580-189] DEBUG o.s.c.c.CharSequenceEncoder - [df2e24d] Writing "4. foo bar"
14:00:00.723 [qtp1005373580-189] DEBUG o.s.c.c.CharSequenceEncoder - [df2e24d] Writing "5. foo bar"
14:00:00.724 [qtp1005373580-189] DEBUG o.s.c.c.CharSequenceEncoder - [df2e24d] Writing "6. foo bar"
14:00:00.725 [qtp1005373580-189] DEBUG o.s.c.c.CharSequenceEncoder - [df2e24d] Writing "7. foo bar"
14:00:00.727 [qtp1005373580-189] DEBUG o.s.c.c.CharSequenceEncoder - [df2e24d] Writing "8. foo bar"
14:00:00.727 [qtp1005373580-189] DEBUG o.s.c.c.CharSequenceEncoder - [df2e24d] Writing "9. foo bar"
14:00:00.728 [qtp1005373580-189] DEBUG o.s.c.c.CharSequenceEncoder - [df2e24d] Writing "10. foo bar"
14:00:00.728 [qtp1005373580-189] DEBUG o.s.c.c.CharSequenceEncoder - [df2e24d] Writing "11. foo bar"
14:00:00.728 [qtp1005373580-189] DEBUG o.s.c.c.CharSequenceEncoder - [df2e24d] Writing "12. foo bar"
14:00:00.729 [qtp1005373580-189] DEBUG o.s.c.c.CharSequenceEncoder - [df2e24d] Writing "13. foo bar"
14:00:00.729 [qtp1005373580-189] DEBUG o.s.c.c.CharSequenceEncoder - [df2e24d] Writing "14. foo bar"
14:00:00.729 [qtp1005373580-189] DEBUG o.s.c.c.CharSequenceEncoder - [df2e24d] Writing "15. foo bar"
14:00:00.729 [qtp1005373580-189] DEBUG o.s.c.c.CharSequenceEncoder - [df2e24d] Writing "16. foo bar"
14:00:00.730 [qtp1005373580-189] DEBUG o.s.c.c.CharSequenceEncoder - [df2e24d] Writing "17. foo bar"
14:00:00.730 [qtp1005373580-189] DEBUG o.s.c.c.CharSequenceEncoder - [df2e24d] Writing "18. foo bar"
14:00:00.732 [qtp1005373580-189] DEBUG o.s.c.c.CharSequenceEncoder - [df2e24d] Writing "19. foo bar"
14:00:00.732 [qtp1005373580-189] DEBUG o.s.c.c.CharSequenceEncoder - [df2e24d] Writing "20. foo bar"
14:00:00.733 [qtp1005373580-189] DEBUG o.s.c.c.CharSequenceEncoder - [df2e24d] Writing "21. foo bar"
14:00:00.733 [qtp1005373580-189] DEBUG o.s.c.c.CharSequenceEncoder - [df2e24d] Writing "22. foo bar"
14:00:00.733 [qtp1005373580-189] DEBUG o.s.c.c.CharSequenceEncoder - [df2e24d] Writing "23. foo bar"
14:00:00.734 [qtp1005373580-189] DEBUG o.s.c.c.CharSequenceEncoder - [df2e24d] Writing "24. foo bar"
14:00:00.734 [qtp1005373580-189] DEBUG o.s.c.c.CharSequenceEncoder - [df2e24d] Writing "25. foo bar"
14:00:00.735 [qtp1005373580-189] DEBUG o.s.c.c.CharSequenceEncoder - [df2e24d] Writing "26. foo bar"
14:00:00.739 [qtp1005373580-189] DEBUG o.s.c.c.CharSequenceEncoder - [df2e24d] Writing "27. foo bar"
14:00:00.741 [qtp1005373580-189] DEBUG o.s.c.c.CharSequenceEncoder - [df2e24d] Writing "28. foo bar"
14:00:00.742 [qtp1005373580-189] DEBUG o.s.c.c.CharSequenceEncoder - [df2e24d] Writing "29. foo bar"
14:00:00.742 [qtp1005373580-189] DEBUG o.s.c.c.CharSequenceEncoder - [df2e24d] Writing "30. foo bar"
14:00:00.742 [qtp1005373580-189] DEBUG o.s.c.c.CharSequenceEncoder - [df2e24d] Writing "31. foo bar"
14:00:00.742 [qtp1005373580-189] DEBUG o.s.c.c.CharSequenceEncoder - [df2e24d] Writing "32. foo bar"
14:00:00.743 [qtp1005373580-189] DEBUG o.s.c.c.CharSequenceEncoder - [df2e24d] Writing "33. foo bar"
14:00:00.743 [qtp1005373580-189] DEBUG o.s.c.c.CharSequenceEncoder - [df2e24d] Writing "34. foo bar"
14:00:00.743 [qtp1005373580-189] DEBUG o.s.c.c.CharSequenceEncoder - [df2e24d] Writing "35. foo bar"
14:00:00.745 [qtp1005373580-189] DEBUG o.s.c.c.CharSequenceEncoder - [df2e24d] Writing "36. foo bar"
14:00:00.746 [qtp1005373580-189] DEBUG o.s.c.c.CharSequenceEncoder - [df2e24d] Writing "37. foo bar"
14:00:00.746 [qtp1005373580-189] DEBUG o.s.c.c.CharSequenceEncoder - [df2e24d] Writing "38. foo bar"
14:00:00.746 [qtp1005373580-189] DEBUG o.s.c.c.CharSequenceEncoder - [df2e24d] Writing "39. foo bar"
14:00:00.746 [qtp1005373580-189] DEBUG o.s.c.c.CharSequenceEncoder - [df2e24d] Writing "40. foo bar"
14:00:00.747 [qtp1005373580-189] DEBUG o.s.c.c.CharSequenceEncoder - [df2e24d] Writing "41. foo bar"
14:00:00.753 [qtp1005373580-189] DEBUG o.s.c.c.CharSequenceEncoder - [df2e24d] Writing "42. foo bar"
14:00:00.753 [qtp1005373580-189] DEBUG o.s.c.c.CharSequenceEncoder - [df2e24d] Writing "43. foo bar"
14:00:00.758 [qtp1005373580-189] DEBUG o.s.c.c.CharSequenceEncoder - [df2e24d] Writing "44. foo bar"
14:00:00.759 [qtp1005373580-189] DEBUG o.s.c.c.CharSequenceEncoder - [df2e24d] Writing "45. foo bar"
14:00:00.759 [qtp1005373580-189] DEBUG o.s.c.c.CharSequenceEncoder - [df2e24d] Writing "46. foo bar"
14:00:00.761 [qtp1005373580-189] DEBUG o.s.c.c.CharSequenceEncoder - [df2e24d] Writing "47. foo bar"
14:00:00.765 [qtp1005373580-189] DEBUG o.s.c.c.CharSequenceEncoder - [df2e24d] Writing "48. foo bar"
14:00:00.765 [qtp1005373580-189] DEBUG o.s.c.c.CharSequenceEncoder - [df2e24d] Writing "49. foo bar"
14:00:00.766 [qtp1005373580-189] DEBUG o.s.c.c.CharSequenceEncoder - [df2e24d] Writing "50. foo bar"
14:00:00.766 [qtp1005373580-189] DEBUG o.s.c.c.CharSequenceEncoder - [df2e24d] Writing "51. foo bar"
14:00:00.767 [qtp1005373580-189] DEBUG o.s.c.c.CharSequenceEncoder - [df2e24d] Writing "52. foo bar"
14:00:00.767 [qtp1005373580-189] DEBUG o.s.c.c.CharSequenceEncoder - [df2e24d] Writing "53. foo bar"
14:00:00.767 [qtp1005373580-189] DEBUG o.s.c.c.CharSequenceEncoder - [df2e24d] Writing "54. foo bar"
14:00:00.768 [qtp1005373580-189] DEBUG o.s.c.c.CharSequenceEncoder - [df2e24d] Writing "55. foo bar"
14:00:00.768 [qtp1005373580-189] DEBUG o.s.c.c.CharSequenceEncoder - [df2e24d] Writing "56. foo bar"
14:00:00.768 [qtp1005373580-189] DEBUG o.s.c.c.CharSequenceEncoder - [df2e24d] Writing "57. foo bar"
14:00:00.769 [qtp1005373580-189] DEBUG o.s.c.c.CharSequenceEncoder - [df2e24d] Writing "58. foo bar"
14:00:00.769 [qtp1005373580-189] DEBUG o.s.c.c.CharSequenceEncoder - [df2e24d] Writing "59. foo bar"
14:00:00.769 [qtp1005373580-189] DEBUG o.s.c.c.CharSequenceEncoder - [df2e24d] Writing "60. foo bar"
14:00:00.771 [qtp1005373580-189] DEBUG o.s.c.c.CharSequenceEncoder - [df2e24d] Writing "61. foo bar"
14:00:00.781 [qtp1005373580-189] DEBUG o.s.c.c.CharSequenceEncoder - [df2e24d] Writing "62. foo bar"
14:00:00.785 [qtp1005373580-189] DEBUG o.s.c.c.CharSequenceEncoder - [df2e24d] Writing "63. foo bar"
14:00:00.785 [qtp1005373580-189] DEBUG o.s.c.c.CharSequenceEncoder - [df2e24d] Writing "64. foo bar"
14:00:00.789 [qtp1005373580-189] DEBUG o.s.c.c.CharSequenceEncoder - [df2e24d] Writing "65. foo bar"
14:00:00.790 [qtp1005373580-189] DEBUG o.s.c.c.CharSequenceEncoder - [df2e24d] Writing "66. foo bar"
14:00:00.790 [qtp1005373580-189] DEBUG o.s.c.c.CharSequenceEncoder - [df2e24d] Writing "67. foo bar"
14:00:00.794 [qtp1005373580-189] DEBUG o.s.c.c.CharSequenceEncoder - [df2e24d] Writing "68. foo bar"
14:00:00.795 [qtp1005373580-189] DEBUG o.s.c.c.CharSequenceEncoder - [df2e24d] Writing "69. foo bar"
14:00:00.798 [qtp1005373580-189] DEBUG o.s.c.c.CharSequenceEncoder - [df2e24d] Writing "70. foo bar"
14:00:00.799 [qtp1005373580-189] DEBUG o.s.c.c.CharSequenceEncoder - [df2e24d] Writing "71. foo bar"
14:00:00.799 [qtp1005373580-189] DEBUG o.s.c.c.CharSequenceEncoder - [df2e24d] Writing "72. foo bar"
14:00:00.799 [qtp1005373580-189] DEBUG o.s.c.c.CharSequenceEncoder - [df2e24d] Writing "73. foo bar"
14:00:00.799 [qtp1005373580-189] DEBUG o.s.c.c.CharSequenceEncoder - [df2e24d] Writing "74. foo bar"
14:00:00.800 [qtp1005373580-189] DEBUG o.s.c.c.CharSequenceEncoder - [df2e24d] Writing "75. foo bar"
14:00:00.801 [qtp1005373580-189] DEBUG o.s.c.c.CharSequenceEncoder - [df2e24d] Writing "76. foo bar"
14:00:00.802 [qtp1005373580-189] DEBUG o.s.c.c.CharSequenceEncoder - [df2e24d] Writing "77. foo bar"
14:00:00.809 [qtp1005373580-189] DEBUG o.s.c.c.CharSequenceEncoder - [df2e24d] Writing "78. foo bar"
14:00:00.809 [qtp1005373580-189] DEBUG o.s.c.c.CharSequenceEncoder - [df2e24d] Writing "79. foo bar"
14:00:00.810 [qtp1005373580-189] DEBUG o.s.c.c.CharSequenceEncoder - [df2e24d] Writing "80. foo bar"
14:00:00.818 [qtp1005373580-189] DEBUG o.s.c.c.CharSequenceEncoder - [df2e24d] Writing "81. foo bar"
14:00:00.821 [qtp1005373580-189] DEBUG o.s.c.c.CharSequenceEncoder - [df2e24d] Writing "82. foo bar"
14:00:00.828 [qtp1005373580-189] DEBUG o.s.c.c.CharSequenceEncoder - [df2e24d] Writing "83. foo bar"
14:00:00.828 [qtp1005373580-189] DEBUG o.s.c.c.CharSequenceEncoder - [df2e24d] Writing "84. foo bar"
14:00:00.829 [qtp1005373580-189] DEBUG o.s.c.c.CharSequenceEncoder - [df2e24d] Writing "85. foo bar"
14:00:00.830 [qtp1005373580-189] DEBUG o.s.c.c.CharSequenceEncoder - [df2e24d] Writing "86. foo bar"
14:00:00.830 [qtp1005373580-189] DEBUG o.s.c.c.CharSequenceEncoder - [df2e24d] Writing "87. foo bar"
14:00:00.830 [qtp1005373580-189] DEBUG o.s.c.c.CharSequenceEncoder - [df2e24d] Writing "88. foo bar"
14:00:00.830 [qtp1005373580-189] DEBUG o.s.c.c.CharSequenceEncoder - [df2e24d] Writing "89. foo bar"
14:00:00.831 [qtp1005373580-189] DEBUG o.s.c.c.CharSequenceEncoder - [df2e24d] Writing "90. foo bar"
14:00:00.831 [qtp1005373580-189] DEBUG o.s.c.c.CharSequenceEncoder - [df2e24d] Writing "91. foo bar"
14:00:00.831 [qtp1005373580-189] DEBUG o.s.c.c.CharSequenceEncoder - [df2e24d] Writing "92. foo bar"
14:00:00.833 [qtp1005373580-189] DEBUG o.s.c.c.CharSequenceEncoder - [df2e24d] Writing "93. foo bar"
14:00:00.838 [qtp1005373580-189] DEBUG o.s.c.c.CharSequenceEncoder - [df2e24d] Writing "94. foo bar"
14:00:00.838 [qtp1005373580-189] DEBUG o.s.c.c.CharSequenceEncoder - [df2e24d] Writing "95. foo bar"
14:00:00.838 [qtp1005373580-189] DEBUG o.s.c.c.CharSequenceEncoder - [df2e24d] Writing "96. foo bar"
14:00:00.839 [qtp1005373580-189] DEBUG o.s.c.c.CharSequenceEncoder - [df2e24d] Writing "97. foo bar"
14:00:00.839 [qtp1005373580-189] DEBUG o.s.c.c.CharSequenceEncoder - [df2e24d] Writing "98. foo bar"
14:00:00.841 [qtp1005373580-189] DEBUG o.s.c.c.CharSequenceEncoder - [df2e24d] Writing "99. foo bar"
14:00:00.844 [qtp1005373580-189] DEBUG o.s.c.c.CharSequenceEncoder - [df2e24d] Writing "100. foo bar"
14:00:00.844 [qtp1005373580-189] DEBUG o.s.c.c.CharSequenceEncoder - [df2e24d] Writing "101. foo bar"
14:00:00.845 [qtp1005373580-189] DEBUG o.s.c.c.CharSequenceEncoder - [df2e24d] Writing "102. foo bar"
14:00:00.845 [qtp1005373580-189] DEBUG o.s.c.c.CharSequenceEncoder - [df2e24d] Writing "103. foo bar"
14:00:00.845 [qtp1005373580-189] DEBUG o.s.c.c.CharSequenceEncoder - [df2e24d] Writing "104. foo bar"
14:00:00.846 [qtp1005373580-189] DEBUG o.s.c.c.CharSequenceEncoder - [df2e24d] Writing "105. foo bar"
14:00:00.850 [qtp1005373580-189] DEBUG o.s.c.c.CharSequenceEncoder - [df2e24d] Writing "106. foo bar"
14:00:00.850 [qtp1005373580-189] DEBUG o.s.c.c.CharSequenceEncoder - [df2e24d] Writing "107. foo bar"
14:00:00.854 [qtp1005373580-189] DEBUG o.s.c.c.CharSequenceEncoder - [df2e24d] Writing "108. foo bar"
14:00:00.855 [qtp1005373580-189] DEBUG o.s.c.c.CharSequenceEncoder - [df2e24d] Writing "109. foo bar"
14:00:00.855 [qtp1005373580-189] DEBUG o.s.c.c.CharSequenceEncoder - [df2e24d] Writing "110. foo bar"
14:00:00.855 [qtp1005373580-189] DEBUG o.s.c.c.CharSequenceEncoder - [df2e24d] Writing "111. foo bar"
14:00:00.857 [qtp1005373580-189] DEBUG o.s.c.c.CharSequenceEncoder - [df2e24d] Writing "112. foo bar"
14:00:00.857 [qtp1005373580-189] DEBUG o.s.c.c.CharSequenceEncoder - [df2e24d] Writing "113. foo bar"
14:00:00.858 [qtp1005373580-189] DEBUG o.s.c.c.CharSequenceEncoder - [df2e24d] Writing "114. foo bar"
14:00:00.858 [qtp1005373580-189] DEBUG o.s.c.c.CharSequenceEncoder - [df2e24d] Writing "115. foo bar"
14:00:00.858 [qtp1005373580-189] DEBUG o.s.c.c.CharSequenceEncoder - [df2e24d] Writing "116. foo bar"
14:00:00.858 [qtp1005373580-189] DEBUG o.s.c.c.CharSequenceEncoder - [df2e24d] Writing "117. foo bar"
14:00:00.859 [qtp1005373580-189] DEBUG o.s.c.c.CharSequenceEncoder - [df2e24d] Writing "118. foo bar"
14:00:00.859 [qtp1005373580-189] DEBUG o.s.c.c.CharSequenceEncoder - [df2e24d] Writing "119. foo bar"
14:00:00.859 [qtp1005373580-189] DEBUG o.s.c.c.CharSequenceEncoder - [df2e24d] Writing "120. foo bar"
14:00:00.861 [qtp1005373580-189] DEBUG o.s.c.c.CharSequenceEncoder - [df2e24d] Writing "121. foo bar"
14:00:00.869 [qtp1005373580-189] DEBUG o.s.c.c.CharSequenceEncoder - [df2e24d] Writing "122. foo bar"
14:00:00.869 [qtp1005373580-189] DEBUG o.s.c.c.CharSequenceEncoder - [df2e24d] Writing "123. foo bar"
14:00:00.870 [qtp1005373580-189] DEBUG o.s.c.c.CharSequenceEncoder - [df2e24d] Writing "124. foo bar"
14:00:00.871 [qtp1005373580-189] DEBUG o.s.c.c.CharSequenceEncoder - [df2e24d] Writing "125. foo bar"
14:00:00.871 [qtp1005373580-189] DEBUG o.s.c.c.CharSequenceEncoder - [df2e24d] Writing "126. foo bar"
14:00:00.871 [qtp1005373580-189] DEBUG o.s.c.c.CharSequenceEncoder - [df2e24d] Writing "127. foo bar"
14:00:00.872 [qtp1005373580-189] DEBUG o.s.c.c.CharSequenceEncoder - [df2e24d] Writing "128. foo bar"
14:00:00.872 [qtp1005373580-189] DEBUG o.s.c.c.CharSequenceEncoder - [df2e24d] Writing "129. foo bar"
14:00:00.874 [qtp1005373580-189] DEBUG o.s.c.c.CharSequenceEncoder - [df2e24d] Writing "130. foo bar"
14:00:00.876 [qtp1005373580-189] DEBUG o.s.c.c.CharSequenceEncoder - [df2e24d] Writing "131. foo bar"
14:00:00.876 [qtp1005373580-189] DEBUG o.s.c.c.CharSequenceEncoder - [df2e24d] Writing "132. foo bar"
14:00:00.877 [qtp1005373580-189] DEBUG o.s.c.c.CharSequenceEncoder - [df2e24d] Writing "133. foo bar"
14:00:00.877 [qtp1005373580-189] DEBUG o.s.c.c.CharSequenceEncoder - [df2e24d] Writing "134. foo bar"
14:00:00.877 [qtp1005373580-189] DEBUG o.s.c.c.CharSequenceEncoder - [df2e24d] Writing "135. foo bar"
14:00:00.877 [qtp1005373580-189] DEBUG o.s.c.c.CharSequenceEncoder - [df2e24d] Writing "136. foo bar"
14:00:00.879 [qtp1005373580-189] DEBUG o.s.c.c.CharSequenceEncoder - [df2e24d] Writing "137. foo bar"
14:00:00.880 [qtp1005373580-189] DEBUG o.s.c.c.CharSequenceEncoder - [df2e24d] Writing "138. foo bar"
14:00:00.886 [qtp1005373580-189] DEBUG o.s.c.c.CharSequenceEncoder - [df2e24d] Writing "139. foo bar"
14:00:00.887 [qtp1005373580-189] DEBUG o.s.c.c.CharSequenceEncoder - [df2e24d] Writing "140. foo bar"
14:00:00.887 [qtp1005373580-189] DEBUG o.s.c.c.CharSequenceEncoder - [df2e24d] Writing "141. foo bar"
14:00:00.888 [qtp1005373580-189] DEBUG o.s.c.c.CharSequenceEncoder - [df2e24d] Writing "142. foo bar"
14:00:00.888 [qtp1005373580-189] DEBUG o.s.c.c.CharSequenceEncoder - [df2e24d] Writing "143. foo bar"
14:00:00.888 [qtp1005373580-189] DEBUG o.s.c.c.CharSequenceEncoder - [df2e24d] Writing "144. foo bar"
14:00:00.889 [qtp1005373580-189] DEBUG o.s.c.c.CharSequenceEncoder - [df2e24d] Writing "145. foo bar"
14:00:00.897 [qtp1005373580-189] DEBUG o.s.c.c.CharSequenceEncoder - [df2e24d] Writing "146. foo bar"
14:00:00.897 [qtp1005373580-189] DEBUG o.s.c.c.CharSequenceEncoder - [df2e24d] Writing "147. foo bar"
14:00:00.898 [qtp1005373580-189] DEBUG o.s.c.c.CharSequenceEncoder - [df2e24d] Writing "148. foo bar"
14:00:00.899 [qtp1005373580-189] DEBUG o.s.c.c.CharSequenceEncoder - [df2e24d] Writing "149. foo bar"
14:00:00.899 [qtp1005373580-189] DEBUG o.s.c.c.CharSequenceEncoder - [df2e24d] Writing "150. foo bar"
14:00:00.900 [qtp1005373580-189] DEBUG o.s.c.c.CharSequenceEncoder - [df2e24d] Writing "151. foo bar"
14:00:00.901 [qtp1005373580-189] DEBUG o.s.c.c.CharSequenceEncoder - [df2e24d] Writing "152. foo bar"
14:00:00.902 [qtp1005373580-189] DEBUG o.s.c.c.CharSequenceEncoder - [df2e24d] Writing "153. foo bar"
14:00:00.902 [qtp1005373580-189] DEBUG o.s.c.c.CharSequenceEncoder - [df2e24d] Writing "154. foo bar"
14:00:00.902 [qtp1005373580-189] DEBUG o.s.c.c.CharSequenceEncoder - [df2e24d] Writing "155. foo bar"
14:00:00.902 [qtp1005373580-189] DEBUG o.s.c.c.CharSequenceEncoder - [df2e24d] Writing "156. foo bar"
14:00:00.903 [qtp1005373580-189] DEBUG o.s.c.c.CharSequenceEncoder - [df2e24d] Writing "157. foo bar"
14:00:00.903 [qtp1005373580-189] DEBUG o.s.c.c.CharSequenceEncoder - [df2e24d] Writing "158. foo bar"
14:00:00.903 [qtp1005373580-189] DEBUG o.s.c.c.CharSequenceEncoder - [df2e24d] Writing "159. foo bar"
14:00:00.903 [qtp1005373580-189] DEBUG o.s.c.c.CharSequenceEncoder - [df2e24d] Writing "160. foo bar"
14:00:00.904 [qtp1005373580-189] DEBUG o.s.c.c.CharSequenceEncoder - [df2e24d] Writing "161. foo bar"
14:00:00.904 [qtp1005373580-189] DEBUG o.s.c.c.CharSequenceEncoder - [df2e24d] Writing "162. foo bar"
14:00:00.906 [qtp1005373580-189] DEBUG o.s.c.c.CharSequenceEncoder - [df2e24d] Writing "163. foo bar"
14:00:00.906 [qtp1005373580-189] DEBUG o.s.c.c.CharSequenceEncoder - [df2e24d] Writing "164. foo bar"
14:00:00.907 [qtp1005373580-189] DEBUG o.s.c.c.CharSequenceEncoder - [df2e24d] Writing "165. foo bar"
14:00:00.907 [qtp1005373580-189] DEBUG o.s.c.c.CharSequenceEncoder - [df2e24d] Writing "166. foo bar"
14:00:00.907 [qtp1005373580-189] DEBUG o.s.c.c.CharSequenceEncoder - [df2e24d] Writing "167. foo bar"
14:00:00.907 [qtp1005373580-189] DEBUG o.s.c.c.CharSequenceEncoder - [df2e24d] Writing "168. foo bar"
14:00:00.908 [qtp1005373580-189] DEBUG o.s.c.c.CharSequenceEncoder - [df2e24d] Writing "169. foo bar"
14:00:00.908 [qtp1005373580-189] DEBUG o.s.c.c.CharSequenceEncoder - [df2e24d] Writing "170. foo bar"
14:00:00.908 [qtp1005373580-189] DEBUG o.s.c.c.CharSequenceEncoder - [df2e24d] Writing "171. foo bar"
14:00:00.908 [qtp1005373580-189] DEBUG o.s.c.c.CharSequenceEncoder - [df2e24d] Writing "172. foo bar"
14:00:00.909 [qtp1005373580-189] DEBUG o.s.c.c.CharSequenceEncoder - [df2e24d] Writing "173. foo bar"
14:00:00.909 [qtp1005373580-189] DEBUG o.s.c.c.CharSequenceEncoder - [df2e24d] Writing "174. foo bar"
14:00:00.910 [qtp1005373580-189] DEBUG o.s.c.c.CharSequenceEncoder - [df2e24d] Writing "175. foo bar"
14:00:00.910 [qtp1005373580-189] DEBUG o.s.c.c.CharSequenceEncoder - [df2e24d] Writing "176. foo bar"
14:00:00.911 [qtp1005373580-189] DEBUG o.s.c.c.CharSequenceEncoder - [df2e24d] Writing "177. foo bar"
14:00:00.911 [qtp1005373580-189] DEBUG o.s.c.c.CharSequenceEncoder - [df2e24d] Writing "178. foo bar"
14:00:00.911 [qtp1005373580-189] DEBUG o.s.c.c.CharSequenceEncoder - [df2e24d] Writing "179. foo bar"
14:00:00.911 [qtp1005373580-189] DEBUG o.s.c.c.CharSequenceEncoder - [df2e24d] Writing "180. foo bar"
14:00:00.912 [qtp1005373580-189] DEBUG o.s.c.c.CharSequenceEncoder - [df2e24d] Writing "181. foo bar"
14:00:00.915 [qtp1005373580-189] DEBUG o.s.c.c.CharSequenceEncoder - [df2e24d] Writing "182. foo bar"
14:00:00.915 [qtp1005373580-189] DEBUG o.s.c.c.CharSequenceEncoder - [df2e24d] Writing "183. foo bar"
14:00:00.916 [qtp1005373580-189] DEBUG o.s.c.c.CharSequenceEncoder - [df2e24d] Writing "184. foo bar"
14:00:00.917 [qtp1005373580-189] DEBUG o.s.c.c.CharSequenceEncoder - [df2e24d] Writing "185. foo bar"
14:00:00.918 [qtp1005373580-189] DEBUG o.s.c.c.CharSequenceEncoder - [df2e24d] Writing "186. foo bar"
14:00:00.918 [qtp1005373580-189] DEBUG o.s.c.c.CharSequenceEncoder - [df2e24d] Writing "187. foo bar"
14:00:00.922 [qtp1005373580-189] DEBUG o.s.c.c.CharSequenceEncoder - [df2e24d] Writing "188. foo bar"
14:00:00.922 [qtp1005373580-189] DEBUG o.s.c.c.CharSequenceEncoder - [df2e24d] Writing "189. foo bar"
14:00:00.925 [qtp1005373580-189] DEBUG o.s.c.c.CharSequenceEncoder - [df2e24d] Writing "190. foo bar"
14:00:00.925 [qtp1005373580-189] DEBUG o.s.c.c.CharSequenceEncoder - [df2e24d] Writing "191. foo bar"
14:00:00.926 [qtp1005373580-189] DEBUG o.s.c.c.CharSequenceEncoder - [df2e24d] Writing "192. foo bar"
14:00:00.926 [qtp1005373580-189] DEBUG o.s.c.c.CharSequenceEncoder - [df2e24d] Writing "193. foo bar"
14:00:00.929 [qtp1005373580-189] DEBUG o.s.c.c.CharSequenceEncoder - [df2e24d] Writing "194. foo bar"
14:00:00.936 [qtp1005373580-189] DEBUG o.s.c.c.CharSequenceEncoder - [df2e24d] Writing "195. foo bar"
14:00:00.937 [qtp1005373580-189] DEBUG o.s.c.c.CharSequenceEncoder - [df2e24d] Writing "196. foo bar"
14:00:00.940 [qtp1005373580-189] DEBUG o.s.c.c.CharSequenceEncoder - [df2e24d] Writing "197. foo bar"
14:00:00.940 [qtp1005373580-189] DEBUG o.s.c.c.CharSequenceEncoder - [df2e24d] Writing "198. foo bar"
14:00:00.940 [qtp1005373580-189] DEBUG o.s.c.c.CharSequenceEncoder - [df2e24d] Writing "199. foo bar"
14:00:00.940 [qtp1005373580-189] DEBUG o.s.c.c.CharSequenceEncoder - [df2e24d] Writing "200. foo bar"
14:00:00.941 [qtp1005373580-189] DEBUG o.s.c.c.CharSequenceEncoder - [df2e24d] Writing "201. foo bar"
14:00:00.941 [qtp1005373580-189] DEBUG o.s.c.c.CharSequenceEncoder - [df2e24d] Writing "202. foo bar"
14:00:00.941 [qtp1005373580-189] DEBUG o.s.c.c.CharSequenceEncoder - [df2e24d] Writing "203. foo bar"
14:00:00.941 [qtp1005373580-189] DEBUG o.s.c.c.CharSequenceEncoder - [df2e24d] Writing "204. foo bar"
14:00:00.945 [qtp1005373580-189] DEBUG o.s.c.c.CharSequenceEncoder - [df2e24d] Writing "205. foo bar"
14:00:00.945 [qtp1005373580-189] DEBUG o.s.c.c.CharSequenceEncoder - [df2e24d] Writing "206. foo bar"
14:00:00.946 [qtp1005373580-189] DEBUG o.s.c.c.CharSequenceEncoder - [df2e24d] Writing "207. foo bar"
14:00:00.946 [qtp1005373580-189] DEBUG o.s.c.c.CharSequenceEncoder - [df2e24d] Writing "208. foo bar"
14:00:00.946 [qtp1005373580-189] DEBUG o.s.c.c.CharSequenceEncoder - [df2e24d] Writing "209. foo bar"
14:00:00.946 [qtp1005373580-189] DEBUG o.s.c.c.CharSequenceEncoder - [df2e24d] Writing "210. foo bar"
14:00:00.947 [qtp1005373580-189] DEBUG o.s.c.c.CharSequenceEncoder - [df2e24d] Writing "211. foo bar"
14:00:00.947 [qtp1005373580-189] DEBUG o.s.c.c.CharSequenceEncoder - [df2e24d] Writing "212. foo bar"
14:00:00.949 [qtp1005373580-189] DEBUG o.s.c.c.CharSequenceEncoder - [df2e24d] Writing "213. foo bar"
14:00:00.949 [qtp1005373580-189] DEBUG o.s.c.c.CharSequenceEncoder - [df2e24d] Writing "214. foo bar"
14:00:00.950 [qtp1005373580-189] DEBUG o.s.c.c.CharSequenceEncoder - [df2e24d] Writing "215. foo bar"
14:00:00.950 [qtp1005373580-189] DEBUG o.s.c.c.CharSequenceEncoder - [df2e24d] Writing "216. foo bar"
14:00:00.950 [qtp1005373580-189] DEBUG o.s.c.c.CharSequenceEncoder - [df2e24d] Writing "217. foo bar"
14:00:00.950 [qtp1005373580-189] DEBUG o.s.c.c.CharSequenceEncoder - [df2e24d] Writing "218. foo bar"
14:00:00.951 [qtp1005373580-189] DEBUG o.s.c.c.CharSequenceEncoder - [df2e24d] Writing "219. foo bar"
14:00:00.951 [qtp1005373580-189] DEBUG o.s.c.c.CharSequenceEncoder - [df2e24d] Writing "220. foo bar"
14:00:00.951 [qtp1005373580-189] DEBUG o.s.c.c.CharSequenceEncoder - [df2e24d] Writing "221. foo bar"
14:00:00.951 [qtp1005373580-189] DEBUG o.s.c.c.CharSequenceEncoder - [df2e24d] Writing "222. foo bar"
14:00:00.951 [qtp1005373580-189] DEBUG o.s.c.c.CharSequenceEncoder - [df2e24d] Writing "223. foo bar"
14:00:00.952 [qtp1005373580-189] DEBUG o.s.c.c.CharSequenceEncoder - [df2e24d] Writing "224. foo bar"
14:00:00.952 [qtp1005373580-189] DEBUG o.s.c.c.CharSequenceEncoder - [df2e24d] Writing "225. foo bar"
14:00:00.952 [qtp1005373580-189] DEBUG o.s.c.c.CharSequenceEncoder - [df2e24d] Writing "226. foo bar"
14:00:00.952 [qtp1005373580-189] DEBUG o.s.c.c.CharSequenceEncoder - [df2e24d] Writing "227. foo bar"
14:00:00.955 [qtp1005373580-189] DEBUG o.s.c.c.CharSequenceEncoder - [df2e24d] Writing "228. foo bar"
14:00:00.956 [qtp1005373580-189] DEBUG o.s.c.c.CharSequenceEncoder - [df2e24d] Writing "229. foo bar"
14:00:00.956 [qtp1005373580-189] DEBUG o.s.c.c.CharSequenceEncoder - [df2e24d] Writing "230. foo bar"
14:00:00.957 [qtp1005373580-189] DEBUG o.s.c.c.CharSequenceEncoder - [df2e24d] Writing "231. foo bar"
14:00:00.958 [qtp1005373580-189] DEBUG o.s.c.c.CharSequenceEncoder - [df2e24d] Writing "232. foo bar"
14:00:00.958 [qtp1005373580-189] DEBUG o.s.c.c.CharSequenceEncoder - [df2e24d] Writing "233. foo bar"
14:00:00.958 [qtp1005373580-189] DEBUG o.s.c.c.CharSequenceEncoder - [df2e24d] Writing "234. foo bar"
14:00:00.958 [qtp1005373580-189] DEBUG o.s.c.c.CharSequenceEncoder - [df2e24d] Writing "235. foo bar"
14:00:00.958 [qtp1005373580-189] DEBUG o.s.c.c.CharSequenceEncoder - [df2e24d] Writing "236. foo bar"
14:00:00.959 [qtp1005373580-189] DEBUG o.s.c.c.CharSequenceEncoder - [df2e24d] Writing "237. foo bar"
14:00:00.961 [qtp1005373580-189] DEBUG o.s.c.c.CharSequenceEncoder - [df2e24d] Writing "238. foo bar"
14:00:00.965 [qtp1005373580-189] DEBUG o.s.c.c.CharSequenceEncoder - [df2e24d] Writing "239. foo bar"
14:00:00.966 [qtp1005373580-189] DEBUG o.s.c.c.CharSequenceEncoder - [df2e24d] Writing "240. foo bar"
14:00:00.966 [qtp1005373580-189] DEBUG o.s.c.c.CharSequenceEncoder - [df2e24d] Writing "241. foo bar"
14:00:00.966 [qtp1005373580-189] DEBUG o.s.c.c.CharSequenceEncoder - [df2e24d] Writing "242. foo bar"
14:00:00.967 [qtp1005373580-189] DEBUG o.s.c.c.CharSequenceEncoder - [df2e24d] Writing "243. foo bar"
14:00:00.967 [qtp1005373580-189] DEBUG o.s.c.c.CharSequenceEncoder - [df2e24d] Writing "244. foo bar"
14:00:00.969 [qtp1005373580-189] DEBUG o.s.c.c.CharSequenceEncoder - [df2e24d] Writing "245. foo bar"
14:00:00.970 [qtp1005373580-189] DEBUG o.s.c.c.CharSequenceEncoder - [df2e24d] Writing "246. foo bar"
14:00:00.970 [qtp1005373580-189] DEBUG o.s.c.c.CharSequenceEncoder - [df2e24d] Writing "247. foo bar"
14:00:00.970 [qtp1005373580-189] DEBUG o.s.c.c.CharSequenceEncoder - [df2e24d] Writing "248. foo bar"
14:00:00.970 [qtp1005373580-189] DEBUG o.s.c.c.CharSequenceEncoder - [df2e24d] Writing "249. foo bar"
14:00:00.971 [qtp1005373580-189] DEBUG o.s.c.c.CharSequenceEncoder - [df2e24d] Writing "250. foo bar"
14:00:00.971 [qtp1005373580-189] DEBUG o.s.c.c.CharSequenceEncoder - [df2e24d] Writing "251. foo bar"
14:00:00.974 [qtp1005373580-189] DEBUG o.s.c.c.CharSequenceEncoder - [df2e24d] Writing "252. foo bar"
14:00:00.974 [qtp1005373580-189] DEBUG o.s.c.c.CharSequenceEncoder - [df2e24d] Writing "253. foo bar"
14:00:00.974 [qtp1005373580-189] DEBUG o.s.c.c.CharSequenceEncoder - [df2e24d] Writing "254. foo bar"
14:00:00.975 [qtp1005373580-189] DEBUG o.s.c.c.CharSequenceEncoder - [df2e24d] Writing "255. foo bar"
14:00:00.975 [qtp1005373580-189] DEBUG o.s.c.c.CharSequenceEncoder - [df2e24d] Writing "256. foo bar"
14:00:00.977 [qtp1005373580-189] DEBUG o.s.c.c.CharSequenceEncoder - [df2e24d] Writing "257. foo bar"
14:00:00.978 [qtp1005373580-189] DEBUG o.s.c.c.CharSequenceEncoder - [df2e24d] Writing "258. foo bar"
14:00:00.978 [qtp1005373580-189] DEBUG o.s.c.c.CharSequenceEncoder - [df2e24d] Writing "259. foo bar"
14:00:00.978 [qtp1005373580-189] DEBUG o.s.c.c.CharSequenceEncoder - [df2e24d] Writing "260. foo bar"
14:00:00.981 [qtp1005373580-189] DEBUG o.s.c.c.CharSequenceEncoder - [df2e24d] Writing "261. foo bar"
14:00:00.981 [qtp1005373580-189] DEBUG o.s.c.c.CharSequenceEncoder - [df2e24d] Writing "262. foo bar"
14:00:00.982 [qtp1005373580-189] DEBUG o.s.c.c.CharSequenceEncoder - [df2e24d] Writing "263. foo bar"
14:00:00.982 [qtp1005373580-189] DEBUG o.s.c.c.CharSequenceEncoder - [df2e24d] Writing "264. foo bar"
14:00:00.982 [qtp1005373580-189] DEBUG o.s.c.c.CharSequenceEncoder - [df2e24d] Writing "265. foo bar"
14:00:00.982 [qtp1005373580-189] DEBUG o.s.c.c.CharSequenceEncoder - [df2e24d] Writing "266. foo bar"
14:00:00.983 [qtp1005373580-189] DEBUG o.s.c.c.CharSequenceEncoder - [df2e24d] Writing "267. foo bar"
14:00:00.985 [qtp1005373580-189] DEBUG o.s.c.c.CharSequenceEncoder - [df2e24d] Writing "268. foo bar"
14:00:00.988 [qtp1005373580-189] DEBUG o.s.c.c.CharSequenceEncoder - [df2e24d] Writing "269. foo bar"
14:00:00.988 [qtp1005373580-189] DEBUG o.s.c.c.CharSequenceEncoder - [df2e24d] Writing "270. foo bar"
14:00:00.989 [qtp1005373580-189] DEBUG o.s.c.c.CharSequenceEncoder - [df2e24d] Writing "271. foo bar"
14:00:00.989 [qtp1005373580-189] DEBUG o.s.c.c.CharSequenceEncoder - [df2e24d] Writing "272. foo bar"
14:00:00.989 [qtp1005373580-189] DEBUG o.s.c.c.CharSequenceEncoder - [df2e24d] Writing "273. foo bar"
14:00:00.989 [qtp1005373580-189] DEBUG o.s.c.c.CharSequenceEncoder - [df2e24d] Writing "274. foo bar"
14:00:00.990 [qtp1005373580-189] DEBUG o.s.c.c.CharSequenceEncoder - [df2e24d] Writing "275. foo bar"
14:00:00.990 [qtp1005373580-189] DEBUG o.s.c.c.CharSequenceEncoder - [df2e24d] Writing "276. foo bar"
14:00:00.990 [qtp1005373580-189] DEBUG o.s.c.c.CharSequenceEncoder - [df2e24d] Writing "277. foo bar"
14:00:00.990 [qtp1005373580-189] DEBUG o.s.c.c.CharSequenceEncoder - [df2e24d] Writing "278. foo bar"
14:00:00.991 [qtp1005373580-189] DEBUG o.s.c.c.CharSequenceEncoder - [df2e24d] Writing "279. foo bar"
14:00:00.991 [qtp1005373580-189] DEBUG o.s.c.c.CharSequenceEncoder - [df2e24d] Writing "280. foo bar"
14:00:00.991 [qtp1005373580-189] DEBUG o.s.c.c.CharSequenceEncoder - [df2e24d] Writing "281. foo bar"
14:00:00.991 [qtp1005373580-189] DEBUG o.s.c.c.CharSequenceEncoder - [df2e24d] Writing "282. foo bar"
14:00:00.991 [qtp1005373580-189] DEBUG o.s.c.c.CharSequenceEncoder - [df2e24d] Writing "283. foo bar"
14:00:00.993 [qtp1005373580-189] DEBUG o.s.c.c.CharSequenceEncoder - [df2e24d] Writing "284. foo bar"
14:00:00.993 [qtp1005373580-189] DEBUG o.s.c.c.CharSequenceEncoder - [df2e24d] Writing "285. foo bar"
14:00:00.996 [qtp1005373580-189] DEBUG o.s.c.c.CharSequenceEncoder - [df2e24d] Writing "286. foo bar"
14:00:00.996 [qtp1005373580-189] DEBUG o.s.c.c.CharSequenceEncoder - [df2e24d] Writing "287. foo bar"
14:00:00.996 [qtp1005373580-189] DEBUG o.s.c.c.CharSequenceEncoder - [df2e24d] Writing "288. foo bar"
14:00:00.996 [qtp1005373580-189] DEBUG o.s.c.c.CharSequenceEncoder - [df2e24d] Writing "289. foo bar"
14:00:00.997 [qtp1005373580-189] DEBUG o.s.c.c.CharSequenceEncoder - [df2e24d] Writing "290. foo bar"
14:00:00.997 [qtp1005373580-189] DEBUG o.s.c.c.CharSequenceEncoder - [df2e24d] Writing "291. foo bar"
14:00:00.997 [qtp1005373580-189] DEBUG o.s.c.c.CharSequenceEncoder - [df2e24d] Writing "292. foo bar"
14:00:00.997 [qtp1005373580-189] DEBUG o.s.c.c.CharSequenceEncoder - [df2e24d] Writing "293. foo bar"
14:00:00.998 [qtp1005373580-189] DEBUG o.s.c.c.CharSequenceEncoder - [df2e24d] Writing "294. foo bar"
14:00:00.998 [qtp1005373580-189] DEBUG o.s.c.c.CharSequenceEncoder - [df2e24d] Writing "295. foo bar"
14:00:00.998 [qtp1005373580-189] DEBUG o.s.c.c.CharSequenceEncoder - [df2e24d] Writing "296. foo bar"
14:00:00.998 [qtp1005373580-189] DEBUG o.s.c.c.CharSequenceEncoder - [df2e24d] Writing "297. foo bar"
14:00:00.999 [qtp1005373580-189] DEBUG o.s.c.c.CharSequenceEncoder - [df2e24d] Writing "298. foo bar"
14:00:01.001 [qtp1005373580-189] DEBUG o.s.c.c.CharSequenceEncoder - [df2e24d] Writing "299. foo bar"
14:00:01.001 [qtp1005373580-189] DEBUG o.s.c.c.CharSequenceEncoder - [df2e24d] Writing "300. foo bar"
14:00:01.001 [qtp1005373580-189] DEBUG o.s.c.c.CharSequenceEncoder - [df2e24d] Writing "301. foo bar"
14:00:01.001 [qtp1005373580-189] DEBUG o.s.c.c.CharSequenceEncoder - [df2e24d] Writing "302. foo bar"
14:00:01.002 [qtp1005373580-189] DEBUG o.s.c.c.CharSequenceEncoder - [df2e24d] Writing "303. foo bar"
14:00:01.002 [qtp1005373580-189] DEBUG o.s.c.c.CharSequenceEncoder - [df2e24d] Writing "304. foo bar"
14:00:01.003 [qtp1005373580-189] DEBUG o.s.c.c.CharSequenceEncoder - [df2e24d] Writing "305. foo bar"
14:00:01.003 [qtp1005373580-189] DEBUG o.s.c.c.CharSequenceEncoder - [df2e24d] Writing "306. foo bar"
14:00:01.009 [qtp1005373580-189] DEBUG o.s.c.c.CharSequenceEncoder - [df2e24d] Writing "307. foo bar"
14:00:01.009 [qtp1005373580-189] DEBUG o.s.c.c.CharSequenceEncoder - [df2e24d] Writing "308. foo bar"
14:00:01.009 [qtp1005373580-189] DEBUG o.s.c.c.CharSequenceEncoder - [df2e24d] Writing "309. foo bar"
14:00:01.010 [qtp1005373580-189] DEBUG o.s.c.c.CharSequenceEncoder - [df2e24d] Writing "310. foo bar"
14:00:01.010 [qtp1005373580-189] DEBUG o.s.c.c.CharSequenceEncoder - [df2e24d] Writing "311. foo bar"
14:00:01.011 [qtp1005373580-189] DEBUG o.s.c.c.CharSequenceEncoder - [df2e24d] Writing "312. foo bar"
14:00:01.012 [qtp1005373580-189] DEBUG o.s.c.c.CharSequenceEncoder - [df2e24d] Writing "313. foo bar"
14:00:01.012 [qtp1005373580-189] DEBUG o.s.c.c.CharSequenceEncoder - [df2e24d] Writing "314. foo bar"
14:00:01.019 [qtp1005373580-189] DEBUG o.s.c.c.CharSequenceEncoder - [df2e24d] Writing "315. foo bar"
14:00:01.020 [qtp1005373580-189] DEBUG o.s.c.c.CharSequenceEncoder - [df2e24d] Writing "316. foo bar"
14:00:01.020 [qtp1005373580-189] DEBUG o.s.c.c.CharSequenceEncoder - [df2e24d] Writing "317. foo bar"
14:00:01.020 [qtp1005373580-189] DEBUG o.s.c.c.CharSequenceEncoder - [df2e24d] Writing "318. foo bar"
14:00:01.020 [qtp1005373580-189] DEBUG o.s.c.c.CharSequenceEncoder - [df2e24d] Writing "319. foo bar"
14:00:01.021 [qtp1005373580-189] DEBUG o.s.c.c.CharSequenceEncoder - [df2e24d] Writing "320. foo bar"
14:00:01.021 [qtp1005373580-189] DEBUG o.s.c.c.CharSequenceEncoder - [df2e24d] Writing "321. foo bar"
14:00:01.022 [qtp1005373580-189] DEBUG o.s.c.c.CharSequenceEncoder - [df2e24d] Writing "322. foo bar"
14:00:01.028 [qtp1005373580-189] DEBUG o.s.c.c.CharSequenceEncoder - [df2e24d] Writing "323. foo bar"
14:00:01.028 [qtp1005373580-189] DEBUG o.s.c.c.CharSequenceEncoder - [df2e24d] Writing "324. foo bar"
14:00:01.029 [qtp1005373580-189] DEBUG o.s.c.c.CharSequenceEncoder - [df2e24d] Writing "325. foo bar"
14:00:01.029 [qtp1005373580-189] DEBUG o.s.c.c.CharSequenceEncoder - [df2e24d] Writing "326. foo bar"
14:00:01.029 [qtp1005373580-189] DEBUG o.s.c.c.CharSequenceEncoder - [df2e24d] Writing "327. foo bar"
14:00:01.029 [qtp1005373580-189] DEBUG o.s.c.c.CharSequenceEncoder - [df2e24d] Writing "328. foo bar"
14:00:01.029 [qtp1005373580-189] DEBUG o.s.c.c.CharSequenceEncoder - [df2e24d] Writing "329. foo bar"
14:00:01.030 [qtp1005373580-189] DEBUG o.s.c.c.CharSequenceEncoder - [df2e24d] Writing "330. foo bar"
14:00:01.030 [qtp1005373580-189] DEBUG o.s.c.c.CharSequenceEncoder - [df2e24d] Writing "331. foo bar"
14:00:01.030 [qtp1005373580-189] DEBUG o.s.c.c.CharSequenceEncoder - [df2e24d] Writing "332. foo bar"
14:00:01.030 [qtp1005373580-189] DEBUG o.s.c.c.CharSequenceEncoder - [df2e24d] Writing "333. foo bar"
14:00:01.031 [qtp1005373580-189] DEBUG o.s.c.c.CharSequenceEncoder - [df2e24d] Writing "334. foo bar"
14:00:01.031 [qtp1005373580-189] DEBUG o.s.c.c.CharSequenceEncoder - [df2e24d] Writing "335. foo bar"
14:00:01.031 [qtp1005373580-189] DEBUG o.s.c.c.CharSequenceEncoder - [df2e24d] Writing "336. foo bar"
14:00:01.031 [qtp1005373580-189] DEBUG o.s.c.c.CharSequenceEncoder - [df2e24d] Writing "337. foo bar"
14:00:01.037 [qtp1005373580-189] DEBUG o.s.c.c.CharSequenceEncoder - [df2e24d] Writing "338. foo bar"
14:00:01.038 [qtp1005373580-189] DEBUG o.s.c.c.CharSequenceEncoder - [df2e24d] Writing "339. foo bar"
14:00:01.038 [qtp1005373580-189] DEBUG o.s.c.c.CharSequenceEncoder - [df2e24d] Writing "340. foo bar"
14:00:01.038 [qtp1005373580-189] DEBUG o.s.c.c.CharSequenceEncoder - [df2e24d] Writing "341. foo bar"
14:00:01.038 [qtp1005373580-189] DEBUG o.s.c.c.CharSequenceEncoder - [df2e24d] Writing "342. foo bar"
14:00:01.039 [qtp1005373580-189] DEBUG o.s.c.c.CharSequenceEncoder - [df2e24d] Writing "343. foo bar"
14:00:01.039 [qtp1005373580-189] DEBUG o.s.c.c.CharSequenceEncoder - [df2e24d] Writing "344. foo bar"
14:00:01.039 [qtp1005373580-189] DEBUG o.s.c.c.CharSequenceEncoder - [df2e24d] Writing "345. foo bar"
14:00:01.039 [qtp1005373580-189] DEBUG o.s.c.c.CharSequenceEncoder - [df2e24d] Writing "346. foo bar"
14:00:01.039 [qtp1005373580-189] DEBUG o.s.c.c.CharSequenceEncoder - [df2e24d] Writing "347. foo bar"
14:00:01.040 [qtp1005373580-189] DEBUG o.s.c.c.CharSequenceEncoder - [df2e24d] Writing "348. foo bar"
14:00:01.040 [qtp1005373580-189] DEBUG o.s.c.c.CharSequenceEncoder - [df2e24d] Writing "349. foo bar"
14:00:01.040 [qtp1005373580-189] DEBUG o.s.c.c.CharSequenceEncoder - [df2e24d] Writing "350. foo bar"
14:00:01.040 [qtp1005373580-189] DEBUG o.s.c.c.CharSequenceEncoder - [df2e24d] Writing "351. foo bar"
14:00:01.040 [qtp1005373580-189] DEBUG o.s.c.c.CharSequenceEncoder - [df2e24d] Writing "352. foo bar"
14:00:01.041 [qtp1005373580-189] DEBUG o.s.c.c.CharSequenceEncoder - [df2e24d] Writing "353. foo bar"
14:00:01.041 [qtp1005373580-189] DEBUG o.s.c.c.CharSequenceEncoder - [df2e24d] Writing "354. foo bar"
14:00:01.041 [qtp1005373580-189] DEBUG o.s.c.c.CharSequenceEncoder - [df2e24d] Writing "355. foo bar"
14:00:01.041 [qtp1005373580-189] DEBUG o.s.c.c.CharSequenceEncoder - [df2e24d] Writing "356. foo bar"
14:00:01.042 [qtp1005373580-189] DEBUG o.s.c.c.CharSequenceEncoder - [df2e24d] Writing "357. foo bar"
14:00:01.042 [qtp1005373580-189] DEBUG o.s.c.c.CharSequenceEncoder - [df2e24d] Writing "358. foo bar"
14:00:01.042 [qtp1005373580-189] DEBUG o.s.c.c.CharSequenceEncoder - [df2e24d] Writing "359. foo bar"
14:00:01.042 [qtp1005373580-189] DEBUG o.s.c.c.CharSequenceEncoder - [df2e24d] Writing "360. foo bar"
14:00:01.042 [qtp1005373580-189] DEBUG o.s.c.c.CharSequenceEncoder - [df2e24d] Writing "361. foo bar"
14:00:01.043 [qtp1005373580-189] DEBUG o.s.c.c.CharSequenceEncoder - [df2e24d] Writing "362. foo bar"
14:00:01.043 [qtp1005373580-189] DEBUG o.s.c.c.CharSequenceEncoder - [df2e24d] Writing "363. foo bar"
14:00:01.043 [qtp1005373580-189] DEBUG o.s.c.c.CharSequenceEncoder - [df2e24d] Writing "364. foo bar"
14:00:01.043 [qtp1005373580-189] DEBUG o.s.c.c.CharSequenceEncoder - [df2e24d] Writing "365. foo bar"
14:00:01.043 [qtp1005373580-189] DEBUG o.s.c.c.CharSequenceEncoder - [df2e24d] Writing "366. foo bar"
14:00:01.044 [qtp1005373580-189] DEBUG o.s.c.c.CharSequenceEncoder - [df2e24d] Writing "367. foo bar"
14:00:01.044 [qtp1005373580-189] DEBUG o.s.c.c.CharSequenceEncoder - [df2e24d] Writing "368. foo bar"
14:00:01.044 [qtp1005373580-189] DEBUG o.s.c.c.CharSequenceEncoder - [df2e24d] Writing "369. foo bar"
14:00:01.045 [qtp1005373580-189] DEBUG o.s.c.c.CharSequenceEncoder - [df2e24d] Writing "370. foo bar"
14:00:01.045 [qtp1005373580-189] DEBUG o.s.c.c.CharSequenceEncoder - [df2e24d] Writing "371. foo bar"
14:00:01.045 [qtp1005373580-189] DEBUG o.s.c.c.CharSequenceEncoder - [df2e24d] Writing "372. foo bar"
14:00:01.047 [qtp1005373580-189] DEBUG o.s.c.c.CharSequenceEncoder - [df2e24d] Writing "373. foo bar"
14:00:01.047 [qtp1005373580-189] DEBUG o.s.c.c.CharSequenceEncoder - [df2e24d] Writing "374. foo bar"
14:00:01.048 [qtp1005373580-189] DEBUG o.s.c.c.CharSequenceEncoder - [df2e24d] Writing "375. foo bar"
14:00:01.048 [qtp1005373580-189] DEBUG o.s.c.c.CharSequenceEncoder - [df2e24d] Writing "376. foo bar"
14:00:01.048 [qtp1005373580-189] DEBUG o.s.c.c.CharSequenceEncoder - [df2e24d] Writing "377. foo bar"
14:00:01.048 [qtp1005373580-189] DEBUG o.s.c.c.CharSequenceEncoder - [df2e24d] Writing "378. foo bar"
14:00:01.049 [qtp1005373580-189] DEBUG o.s.c.c.CharSequenceEncoder - [df2e24d] Writing "379. foo bar"
14:00:01.049 [qtp1005373580-189] DEBUG o.s.c.c.CharSequenceEncoder - [df2e24d] Writing "380. foo bar"
14:00:01.049 [qtp1005373580-189] DEBUG o.s.c.c.CharSequenceEncoder - [df2e24d] Writing "381. foo bar"
14:00:01.049 [qtp1005373580-189] DEBUG o.s.c.c.CharSequenceEncoder - [df2e24d] Writing "382. foo bar"
14:00:01.049 [qtp1005373580-189] DEBUG o.s.c.c.CharSequenceEncoder - [df2e24d] Writing "383. foo bar"
14:00:01.050 [qtp1005373580-189] DEBUG o.s.c.c.CharSequenceEncoder - [df2e24d] Writing "384. foo bar"
14:00:01.051 [qtp1005373580-189] DEBUG o.s.c.c.CharSequenceEncoder - [df2e24d] Writing "385. foo bar"
14:00:01.052 [qtp1005373580-189] DEBUG o.s.c.c.CharSequenceEncoder - [df2e24d] Writing "386. foo bar"
14:00:01.052 [qtp1005373580-189] DEBUG o.s.c.c.CharSequenceEncoder - [df2e24d] Writing "387. foo bar"
14:00:01.053 [qtp1005373580-189] DEBUG o.s.c.c.CharSequenceEncoder - [df2e24d] Writing "388. foo bar"
14:00:01.053 [qtp1005373580-189] DEBUG o.s.c.c.CharSequenceEncoder - [df2e24d] Writing "389. foo bar"
14:00:01.053 [qtp1005373580-189] DEBUG o.s.c.c.CharSequenceEncoder - [df2e24d] Writing "390. foo bar"
14:00:01.057 [qtp1005373580-189] DEBUG o.s.c.c.CharSequenceEncoder - [df2e24d] Writing "391. foo bar"
14:00:01.057 [qtp1005373580-189] DEBUG o.s.c.c.CharSequenceEncoder - [df2e24d] Writing "392. foo bar"
14:00:01.058 [qtp1005373580-189] DEBUG o.s.c.c.CharSequenceEncoder - [df2e24d] Writing "393. foo bar"
14:00:01.058 [qtp1005373580-189] DEBUG o.s.c.c.CharSequenceEncoder - [df2e24d] Writing "394. foo bar"
14:00:01.060 [qtp1005373580-189] DEBUG o.s.c.c.CharSequenceEncoder - [df2e24d] Writing "395. foo bar"
14:00:01.060 [qtp1005373580-189] DEBUG o.s.c.c.CharSequenceEncoder - [df2e24d] Writing "396. foo bar"
14:00:01.061 [qtp1005373580-189] DEBUG o.s.c.c.CharSequenceEncoder - [df2e24d] Writing "397. foo bar"
14:00:01.061 [qtp1005373580-189] DEBUG o.s.c.c.CharSequenceEncoder - [df2e24d] Writing "398. foo bar"
14:00:01.062 [qtp1005373580-189] DEBUG o.s.c.c.CharSequenceEncoder - [df2e24d] Writing "399. foo bar"
14:00:01.062 [qtp1005373580-189] DEBUG o.s.c.c.CharSequenceEncoder - [df2e24d] Writing "400. foo bar"
14:00:01.062 [qtp1005373580-189] DEBUG o.s.c.c.CharSequenceEncoder - [df2e24d] Writing "401. foo bar"
14:00:01.062 [qtp1005373580-189] DEBUG o.s.c.c.CharSequenceEncoder - [df2e24d] Writing "402. foo bar"
14:00:01.062 [qtp1005373580-189] DEBUG o.s.c.c.CharSequenceEncoder - [df2e24d] Writing "403. foo bar"
14:00:01.063 [qtp1005373580-189] DEBUG o.s.c.c.CharSequenceEncoder - [df2e24d] Writing "404. foo bar"
14:00:01.063 [qtp1005373580-189] DEBUG o.s.c.c.CharSequenceEncoder - [df2e24d] Writing "405. foo bar"
14:00:01.063 [qtp1005373580-189] DEBUG o.s.c.c.CharSequenceEncoder - [df2e24d] Writing "406. foo bar"
14:00:01.063 [qtp1005373580-189] DEBUG o.s.c.c.CharSequenceEncoder - [df2e24d] Writing "407. foo bar"
14:00:01.063 [qtp1005373580-189] DEBUG o.s.c.c.CharSequenceEncoder - [df2e24d] Writing "408. foo bar"
14:00:01.064 [qtp1005373580-189] DEBUG o.s.c.c.CharSequenceEncoder - [df2e24d] Writing "409. foo bar"
14:00:01.064 [qtp1005373580-189] DEBUG o.s.c.c.CharSequenceEncoder - [df2e24d] Writing "410. foo bar"
14:00:01.065 [qtp1005373580-189] DEBUG o.s.c.c.CharSequenceEncoder - [df2e24d] Writing "411. foo bar"
14:00:01.065 [qtp1005373580-189] DEBUG o.s.c.c.CharSequenceEncoder - [df2e24d] Writing "412. foo bar"
14:00:01.065 [qtp1005373580-189] DEBUG o.s.c.c.CharSequenceEncoder - [df2e24d] Writing "413. foo bar"
14:00:01.065 [qtp1005373580-189] DEBUG o.s.c.c.CharSequenceEncoder - [df2e24d] Writing "414. foo bar"
14:00:01.065 [qtp1005373580-189] DEBUG o.s.c.c.CharSequenceEncoder - [df2e24d] Writing "415. foo bar"
14:00:01.066 [qtp1005373580-189] DEBUG o.s.c.c.CharSequenceEncoder - [df2e24d] Writing "416. foo bar"
14:00:01.066 [qtp1005373580-189] DEBUG o.s.c.c.CharSequenceEncoder - [df2e24d] Writing "417. foo bar"
14:00:01.066 [qtp1005373580-189] DEBUG o.s.c.c.CharSequenceEncoder - [df2e24d] Writing "418. foo bar"
14:00:01.066 [qtp1005373580-189] DEBUG o.s.c.c.CharSequenceEncoder - [df2e24d] Writing "419. foo bar"
14:00:01.066 [qtp1005373580-189] DEBUG o.s.c.c.CharSequenceEncoder - [df2e24d] Writing "420. foo bar"
14:00:01.069 [qtp1005373580-189] DEBUG o.s.c.c.CharSequenceEncoder - [df2e24d] Writing "421. foo bar"
14:00:01.069 [qtp1005373580-189] DEBUG o.s.c.c.CharSequenceEncoder - [df2e24d] Writing "422. foo bar"
14:00:01.070 [qtp1005373580-189] DEBUG o.s.c.c.CharSequenceEncoder - [df2e24d] Writing "423. foo bar"
14:00:01.070 [qtp1005373580-189] DEBUG o.s.c.c.CharSequenceEncoder - [df2e24d] Writing "424. foo bar"
14:00:01.070 [qtp1005373580-189] DEBUG o.s.c.c.CharSequenceEncoder - [df2e24d] Writing "425. foo bar"
14:00:01.070 [qtp1005373580-189] DEBUG o.s.c.c.CharSequenceEncoder - [df2e24d] Writing "426. foo bar"
14:00:01.070 [qtp1005373580-189] DEBUG o.s.c.c.CharSequenceEncoder - [df2e24d] Writing "427. foo bar"
14:00:01.071 [qtp1005373580-189] DEBUG o.s.c.c.CharSequenceEncoder - [df2e24d] Writing "428. foo bar"
14:00:01.071 [qtp1005373580-189] DEBUG o.s.c.c.CharSequenceEncoder - [df2e24d] Writing "429. foo bar"
14:00:01.071 [qtp1005373580-189] DEBUG o.s.c.c.CharSequenceEncoder - [df2e24d] Writing "430. foo bar"
14:00:01.071 [qtp1005373580-189] DEBUG o.s.c.c.CharSequenceEncoder - [df2e24d] Writing "431. foo bar"
14:00:01.072 [qtp1005373580-189] DEBUG o.s.c.c.CharSequenceEncoder - [df2e24d] Writing "432. foo bar"
14:00:01.072 [qtp1005373580-189] DEBUG o.s.c.c.CharSequenceEncoder - [df2e24d] Writing "433. foo bar"
14:00:01.072 [qtp1005373580-189] DEBUG o.s.c.c.CharSequenceEncoder - [df2e24d] Writing "434. foo bar"
14:00:01.072 [qtp1005373580-189] DEBUG o.s.c.c.CharSequenceEncoder - [df2e24d] Writing "435. foo bar"
14:00:01.073 [qtp1005373580-189] DEBUG o.s.c.c.CharSequenceEncoder - [df2e24d] Writing "436. foo bar"
14:00:01.073 [qtp1005373580-189] DEBUG o.s.c.c.CharSequenceEncoder - [df2e24d] Writing "437. foo bar"
14:00:01.074 [qtp1005373580-189] DEBUG o.s.c.c.CharSequenceEncoder - [df2e24d] Writing "438. foo bar"
14:00:01.074 [qtp1005373580-189] DEBUG o.s.c.c.CharSequenceEncoder - [df2e24d] Writing "439. foo bar"
14:00:01.074 [qtp1005373580-189] DEBUG o.s.c.c.CharSequenceEncoder - [df2e24d] Writing "440. foo bar"
14:00:01.077 [qtp1005373580-189] DEBUG o.s.c.c.CharSequenceEncoder - [df2e24d] Writing "441. foo bar"
14:00:01.077 [qtp1005373580-189] DEBUG o.s.c.c.CharSequenceEncoder - [df2e24d] Writing "442. foo bar"
14:00:01.079 [qtp1005373580-189] DEBUG o.s.c.c.CharSequenceEncoder - [df2e24d] Writing "443. foo bar"
14:00:01.079 [qtp1005373580-189] DEBUG o.s.c.c.CharSequenceEncoder - [df2e24d] Writing "444. foo bar"
14:00:01.079 [qtp1005373580-189] DEBUG o.s.c.c.CharSequenceEncoder - [df2e24d] Writing "445. foo bar"
14:00:01.080 [qtp1005373580-189] DEBUG o.s.c.c.CharSequenceEncoder - [df2e24d] Writing "446. foo bar"
14:00:01.081 [qtp1005373580-189] DEBUG o.s.c.c.CharSequenceEncoder - [df2e24d] Writing "447. foo bar"
14:00:01.081 [qtp1005373580-189] DEBUG o.s.c.c.CharSequenceEncoder - [df2e24d] Writing "448. foo bar"
14:00:01.081 [qtp1005373580-189] DEBUG o.s.c.c.CharSequenceEncoder - [df2e24d] Writing "449. foo bar"
14:00:01.082 [qtp1005373580-189] DEBUG o.s.c.c.CharSequenceEncoder - [df2e24d] Writing "450. foo bar"
14:00:01.082 [qtp1005373580-189] DEBUG o.s.c.c.CharSequenceEncoder - [df2e24d] Writing "451. foo bar"
14:00:01.083 [qtp1005373580-189] DEBUG o.s.c.c.CharSequenceEncoder - [df2e24d] Writing "452. foo bar"
14:00:01.083 [qtp1005373580-189] DEBUG o.s.c.c.CharSequenceEncoder - [df2e24d] Writing "453. foo bar"
14:00:01.083 [qtp1005373580-189] DEBUG o.s.c.c.CharSequenceEncoder - [df2e24d] Writing "454. foo bar"
14:00:01.083 [qtp1005373580-189] DEBUG o.s.c.c.CharSequenceEncoder - [df2e24d] Writing "455. foo bar"
14:00:01.083 [qtp1005373580-189] DEBUG o.s.c.c.CharSequenceEncoder - [df2e24d] Writing "456. foo bar"
14:00:01.084 [qtp1005373580-189] DEBUG o.s.c.c.CharSequenceEncoder - [df2e24d] Writing "457. foo bar"
14:00:01.084 [qtp1005373580-189] DEBUG o.s.c.c.CharSequenceEncoder - [df2e24d] Writing "458. foo bar"
14:00:01.084 [qtp1005373580-189] DEBUG o.s.c.c.CharSequenceEncoder - [df2e24d] Writing "459. foo bar"
14:00:01.084 [qtp1005373580-189] DEBUG o.s.c.c.CharSequenceEncoder - [df2e24d] Writing "460. foo bar"
14:00:01.084 [qtp1005373580-189] DEBUG o.s.c.c.CharSequenceEncoder - [df2e24d] Writing "461. foo bar"
14:00:01.085 [qtp1005373580-189] DEBUG o.s.c.c.CharSequenceEncoder - [df2e24d] Writing "462. foo bar"
14:00:01.085 [qtp1005373580-189] DEBUG o.s.c.c.CharSequenceEncoder - [df2e24d] Writing "463. foo bar"
14:00:01.085 [qtp1005373580-189] DEBUG o.s.c.c.CharSequenceEncoder - [df2e24d] Writing "464. foo bar"
14:00:01.093 [qtp1005373580-189] DEBUG o.s.c.c.CharSequenceEncoder - [df2e24d] Writing "465. foo bar"
14:00:01.093 [qtp1005373580-189] DEBUG o.s.c.c.CharSequenceEncoder - [df2e24d] Writing "466. foo bar"
14:00:01.094 [qtp1005373580-189] DEBUG o.s.c.c.CharSequenceEncoder - [df2e24d] Writing "467. foo bar"
14:00:01.094 [qtp1005373580-189] DEBUG o.s.c.c.CharSequenceEncoder - [df2e24d] Writing "468. foo bar"
14:00:01.095 [qtp1005373580-189] DEBUG o.s.c.c.CharSequenceEncoder - [df2e24d] Writing "469. foo bar"
14:00:01.095 [qtp1005373580-189] DEBUG o.s.c.c.CharSequenceEncoder - [df2e24d] Writing "470. foo bar"
14:00:01.096 [qtp1005373580-189] DEBUG o.s.c.c.CharSequenceEncoder - [df2e24d] Writing "471. foo bar"
14:00:01.096 [qtp1005373580-189] DEBUG o.s.c.c.CharSequenceEncoder - [df2e24d] Writing "472. foo bar"
14:00:01.097 [qtp1005373580-189] DEBUG o.s.c.c.CharSequenceEncoder - [df2e24d] Writing "473. foo bar"
14:00:01.097 [qtp1005373580-189] DEBUG o.s.c.c.CharSequenceEncoder - [df2e24d] Writing "474. foo bar"
14:00:01.097 [qtp1005373580-189] DEBUG o.s.c.c.CharSequenceEncoder - [df2e24d] Writing "475. foo bar"
14:00:01.097 [qtp1005373580-189] DEBUG o.s.c.c.CharSequenceEncoder - [df2e24d] Writing "476. foo bar"
14:00:01.097 [qtp1005373580-189] DEBUG o.s.c.c.CharSequenceEncoder - [df2e24d] Writing "477. foo bar"
14:00:01.098 [qtp1005373580-189] DEBUG o.s.c.c.CharSequenceEncoder - [df2e24d] Writing "478. foo bar"
14:00:01.098 [qtp1005373580-189] DEBUG o.s.c.c.CharSequenceEncoder - [df2e24d] Writing "479. foo bar"
14:00:01.098 [qtp1005373580-189] DEBUG o.s.c.c.CharSequenceEncoder - [df2e24d] Writing "480. foo bar"
14:00:01.099 [qtp1005373580-189] DEBUG o.s.c.c.CharSequenceEncoder - [df2e24d] Writing "481. foo bar"
14:00:01.100 [qtp1005373580-189] DEBUG o.s.c.c.CharSequenceEncoder - [df2e24d] Writing "482. foo bar"
14:00:01.100 [qtp1005373580-189] DEBUG o.s.c.c.CharSequenceEncoder - [df2e24d] Writing "483. foo bar"
14:00:01.100 [qtp1005373580-189] DEBUG o.s.c.c.CharSequenceEncoder - [df2e24d] Writing "484. foo bar"
14:00:01.101 [qtp1005373580-189] DEBUG o.s.c.c.CharSequenceEncoder - [df2e24d] Writing "485. foo bar"
14:00:01.101 [qtp1005373580-189] DEBUG o.s.c.c.CharSequenceEncoder - [df2e24d] Writing "486. foo bar"
14:00:01.101 [qtp1005373580-189] DEBUG o.s.c.c.CharSequenceEncoder - [df2e24d] Writing "487. foo bar"
14:00:01.102 [qtp1005373580-189] DEBUG o.s.c.c.CharSequenceEncoder - [df2e24d] Writing "488. foo bar"
14:00:01.105 [qtp1005373580-189] DEBUG o.s.c.c.CharSequenceEncoder - [df2e24d] Writing "489. foo bar"
14:00:01.105 [qtp1005373580-189] DEBUG o.s.c.c.CharSequenceEncoder - [df2e24d] Writing "490. foo bar"
14:00:01.105 [qtp1005373580-189] DEBUG o.s.c.c.CharSequenceEncoder - [df2e24d] Writing "491. foo bar"
14:00:01.106 [qtp1005373580-189] DEBUG o.s.c.c.CharSequenceEncoder - [df2e24d] Writing "492. foo bar"
14:00:01.106 [qtp1005373580-189] DEBUG o.s.c.c.CharSequenceEncoder - [df2e24d] Writing "493. foo bar"
14:00:01.106 [qtp1005373580-189] DEBUG o.s.c.c.CharSequenceEncoder - [df2e24d] Writing "494. foo bar"
14:00:01.106 [qtp1005373580-189] DEBUG o.s.c.c.CharSequenceEncoder - [df2e24d] Writing "495. foo bar"
14:00:01.107 [qtp1005373580-189] DEBUG o.s.c.c.CharSequenceEncoder - [df2e24d] Writing "496. foo bar"
14:00:01.107 [qtp1005373580-189] DEBUG o.s.c.c.CharSequenceEncoder - [df2e24d] Writing "497. foo bar"
14:00:01.108 [qtp1005373580-189] DEBUG o.s.c.c.CharSequenceEncoder - [df2e24d] Writing "498. foo bar"
14:00:01.108 [qtp1005373580-189] DEBUG o.s.c.c.CharSequenceEncoder - [df2e24d] Writing "499. foo bar"
14:00:01.109 [qtp1005373580-189] DEBUG o.s.c.c.CharSequenceEncoder - [df2e24d] Writing "500. foo bar"
14:00:01.109 [qtp1005373580-189] DEBUG o.s.c.c.CharSequenceEncoder - [df2e24d] Writing "501. foo bar"
14:00:01.112 [qtp1005373580-189] DEBUG o.s.c.c.CharSequenceEncoder - [df2e24d] Writing "502. foo bar"
14:00:01.112 [qtp1005373580-189] DEBUG o.s.c.c.CharSequenceEncoder - [df2e24d] Writing "503. foo bar"
14:00:01.112 [qtp1005373580-189] DEBUG o.s.c.c.CharSequenceEncoder - [df2e24d] Writing "504. foo bar"
14:00:01.112 [qtp1005373580-189] DEBUG o.s.c.c.CharSequenceEncoder - [df2e24d] Writing "505. foo bar"
14:00:01.113 [qtp1005373580-189] DEBUG o.s.c.c.CharSequenceEncoder - [df2e24d] Writing "506. foo bar"
14:00:01.113 [qtp1005373580-189] DEBUG o.s.c.c.CharSequenceEncoder - [df2e24d] Writing "507. foo bar"
14:00:01.113 [qtp1005373580-189] DEBUG o.s.c.c.CharSequenceEncoder - [df2e24d] Writing "508. foo bar"
14:00:01.113 [qtp1005373580-189] DEBUG o.s.c.c.CharSequenceEncoder - [df2e24d] Writing "509. foo bar"
14:00:01.113 [qtp1005373580-189] DEBUG o.s.c.c.CharSequenceEncoder - [df2e24d] Writing "510. foo bar"
14:00:01.113 [qtp1005373580-189] DEBUG o.s.c.c.CharSequenceEncoder - [df2e24d] Writing "511. foo bar"
14:00:01.114 [qtp1005373580-189] DEBUG o.s.c.c.CharSequenceEncoder - [df2e24d] Writing "512. foo bar"
14:00:01.114 [qtp1005373580-189] DEBUG o.s.c.c.CharSequenceEncoder - [df2e24d] Writing "513. foo bar"
14:00:01.114 [qtp1005373580-189] DEBUG o.s.c.c.CharSequenceEncoder - [df2e24d] Writing "514. foo bar"
14:00:01.114 [qtp1005373580-189] DEBUG o.s.c.c.CharSequenceEncoder - [df2e24d] Writing "515. foo bar"
14:00:01.115 [qtp1005373580-189] DEBUG o.s.c.c.CharSequenceEncoder - [df2e24d] Writing "516. foo bar"
14:00:01.115 [qtp1005373580-189] DEBUG o.s.c.c.CharSequenceEncoder - [df2e24d] Writing "517. foo bar"
14:00:01.115 [qtp1005373580-189] DEBUG o.s.c.c.CharSequenceEncoder - [df2e24d] Writing "518. foo bar"
14:00:01.115 [qtp1005373580-189] DEBUG o.s.c.c.CharSequenceEncoder - [df2e24d] Writing "519. foo bar"
14:00:01.115 [qtp1005373580-189] DEBUG o.s.c.c.CharSequenceEncoder - [df2e24d] Writing "520. foo bar"
14:00:01.116 [qtp1005373580-189] DEBUG o.s.c.c.CharSequenceEncoder - [df2e24d] Writing "521. foo bar"
14:00:01.116 [qtp1005373580-189] DEBUG o.s.c.c.CharSequenceEncoder - [df2e24d] Writing "522. foo bar"
14:00:01.116 [qtp1005373580-189] DEBUG o.s.c.c.CharSequenceEncoder - [df2e24d] Writing "523. foo bar"
14:00:01.116 [qtp1005373580-189] DEBUG o.s.c.c.CharSequenceEncoder - [df2e24d] Writing "524. foo bar"
14:00:01.116 [qtp1005373580-189] DEBUG o.s.c.c.CharSequenceEncoder - [df2e24d] Writing "525. foo bar"
14:00:01.116 [qtp1005373580-189] DEBUG o.s.c.c.CharSequenceEncoder - [df2e24d] Writing "526. foo bar"
14:00:01.116 [qtp1005373580-189] DEBUG o.s.c.c.CharSequenceEncoder - [df2e24d] Writing "527. foo bar"
14:00:01.117 [qtp1005373580-189] DEBUG o.s.c.c.CharSequenceEncoder - [df2e24d] Writing "528. foo bar"
14:00:01.121 [qtp1005373580-189] DEBUG o.s.c.c.CharSequenceEncoder - [df2e24d] Writing "529. foo bar"
14:00:01.121 [qtp1005373580-189] DEBUG o.s.c.c.CharSequenceEncoder - [df2e24d] Writing "530. foo bar"
14:00:01.121 [qtp1005373580-189] DEBUG o.s.c.c.CharSequenceEncoder - [df2e24d] Writing "531. foo bar"
14:00:01.122 [qtp1005373580-189] DEBUG o.s.c.c.CharSequenceEncoder - [df2e24d] Writing "532. foo bar"
14:00:01.122 [qtp1005373580-189] DEBUG o.s.c.c.CharSequenceEncoder - [df2e24d] Writing "533. foo bar"
14:00:01.126 [qtp1005373580-189] DEBUG o.s.c.c.CharSequenceEncoder - [df2e24d] Writing "534. foo bar"
14:00:01.127 [qtp1005373580-189] DEBUG o.s.c.c.CharSequenceEncoder - [df2e24d] Writing "535. foo bar"
14:00:01.127 [qtp1005373580-189] DEBUG o.s.c.c.CharSequenceEncoder - [df2e24d] Writing "536. foo bar"
14:00:01.127 [qtp1005373580-189] DEBUG o.s.c.c.CharSequenceEncoder - [df2e24d] Writing "537. foo bar"
14:00:01.127 [qtp1005373580-189] DEBUG o.s.c.c.CharSequenceEncoder - [df2e24d] Writing "538. foo bar"
14:00:01.127 [qtp1005373580-189] DEBUG o.s.c.c.CharSequenceEncoder - [df2e24d] Writing "539. foo bar"
14:00:01.128 [qtp1005373580-189] DEBUG o.s.c.c.CharSequenceEncoder - [df2e24d] Writing "540. foo bar"
14:00:01.128 [qtp1005373580-189] DEBUG o.s.c.c.CharSequenceEncoder - [df2e24d] Writing "541. foo bar"
14:00:01.128 [qtp1005373580-189] DEBUG o.s.c.c.CharSequenceEncoder - [df2e24d] Writing "542. foo bar"
14:00:01.128 [qtp1005373580-189] DEBUG o.s.c.c.CharSequenceEncoder - [df2e24d] Writing "543. foo bar"
14:00:01.128 [qtp1005373580-189] DEBUG o.s.c.c.CharSequenceEncoder - [df2e24d] Writing "544. foo bar"
14:00:01.129 [qtp1005373580-189] DEBUG o.s.c.c.CharSequenceEncoder - [df2e24d] Writing "545. foo bar"
14:00:01.129 [qtp1005373580-189] DEBUG o.s.c.c.CharSequenceEncoder - [df2e24d] Writing "546. foo bar"
14:00:01.129 [qtp1005373580-189] DEBUG o.s.c.c.CharSequenceEncoder - [df2e24d] Writing "547. foo bar"
14:00:01.129 [qtp1005373580-189] DEBUG o.s.c.c.CharSequenceEncoder - [df2e24d] Writing "548. foo bar"
14:00:01.129 [qtp1005373580-189] DEBUG o.s.c.c.CharSequenceEncoder - [df2e24d] Writing "549. foo bar"
14:00:01.129 [qtp1005373580-189] DEBUG o.s.c.c.CharSequenceEncoder - [df2e24d] Writing "550. foo bar"
14:00:01.130 [qtp1005373580-189] DEBUG o.s.c.c.CharSequenceEncoder - [df2e24d] Writing "551. foo bar"
14:00:01.130 [qtp1005373580-189] DEBUG o.s.c.c.CharSequenceEncoder - [df2e24d] Writing "552. foo bar"
14:00:01.130 [qtp1005373580-189] DEBUG o.s.c.c.CharSequenceEncoder - [df2e24d] Writing "553. foo bar"
14:00:01.130 [qtp1005373580-189] DEBUG o.s.c.c.CharSequenceEncoder - [df2e24d] Writing "554. foo bar"
14:00:01.130 [qtp1005373580-189] DEBUG o.s.c.c.CharSequenceEncoder - [df2e24d] Writing "555. foo bar"
14:00:01.130 [qtp1005373580-189] DEBUG o.s.c.c.CharSequenceEncoder - [df2e24d] Writing "556. foo bar"
14:00:01.130 [qtp1005373580-189] DEBUG o.s.c.c.CharSequenceEncoder - [df2e24d] Writing "557. foo bar"
14:00:01.131 [qtp1005373580-189] DEBUG o.s.c.c.CharSequenceEncoder - [df2e24d] Writing "558. foo bar"
14:00:01.131 [qtp1005373580-189] DEBUG o.s.c.c.CharSequenceEncoder - [df2e24d] Writing "559. foo bar"
14:00:01.131 [qtp1005373580-189] DEBUG o.s.c.c.CharSequenceEncoder - [df2e24d] Writing "560. foo bar"
14:00:01.131 [qtp1005373580-189] DEBUG o.s.c.c.CharSequenceEncoder - [df2e24d] Writing "561. foo bar"
14:00:01.131 [qtp1005373580-189] DEBUG o.s.c.c.CharSequenceEncoder - [df2e24d] Writing "562. foo bar"
14:00:01.131 [qtp1005373580-189] DEBUG o.s.c.c.CharSequenceEncoder - [df2e24d] Writing "563. foo bar"
14:00:01.132 [qtp1005373580-189] DEBUG o.s.c.c.CharSequenceEncoder - [df2e24d] Writing "564. foo bar"
14:00:01.132 [qtp1005373580-189] DEBUG o.s.c.c.CharSequenceEncoder - [df2e24d] Writing "565. foo bar"
14:00:01.132 [qtp1005373580-189] DEBUG o.s.c.c.CharSequenceEncoder - [df2e24d] Writing "566. foo bar"
14:00:01.132 [qtp1005373580-189] DEBUG o.s.c.c.CharSequenceEncoder - [df2e24d] Writing "567. foo bar"
14:00:01.132 [qtp1005373580-189] DEBUG o.s.c.c.CharSequenceEncoder - [df2e24d] Writing "568. foo bar"
14:00:01.132 [qtp1005373580-189] DEBUG o.s.c.c.CharSequenceEncoder - [df2e24d] Writing "569. foo bar"
14:00:01.133 [qtp1005373580-189] DEBUG o.s.c.c.CharSequenceEncoder - [df2e24d] Writing "570. foo bar"
14:00:01.133 [qtp1005373580-189] DEBUG o.s.c.c.CharSequenceEncoder - [df2e24d] Writing "571. foo bar"
14:00:01.133 [qtp1005373580-189] DEBUG o.s.c.c.CharSequenceEncoder - [df2e24d] Writing "572. foo bar"
14:00:01.133 [qtp1005373580-189] DEBUG o.s.c.c.CharSequenceEncoder - [df2e24d] Writing "573. foo bar"
14:00:01.133 [qtp1005373580-189] DEBUG o.s.c.c.CharSequenceEncoder - [df2e24d] Writing "574. foo bar"
14:00:01.133 [qtp1005373580-189] DEBUG o.s.c.c.CharSequenceEncoder - [df2e24d] Writing "575. foo bar"
14:00:01.135 [qtp1005373580-189] DEBUG o.s.c.c.CharSequenceEncoder - [df2e24d] Writing "576. foo bar"
14:00:01.135 [qtp1005373580-189] DEBUG o.s.c.c.CharSequenceEncoder - [df2e24d] Writing "577. foo bar"
14:00:01.135 [qtp1005373580-189] DEBUG o.s.c.c.CharSequenceEncoder - [df2e24d] Writing "578. foo bar"
14:00:01.135 [qtp1005373580-189] DEBUG o.s.c.c.CharSequenceEncoder - [df2e24d] Writing "579. foo bar"
14:00:01.135 [qtp1005373580-189] DEBUG o.s.c.c.CharSequenceEncoder - [df2e24d] Writing "580. foo bar"
14:00:01.136 [qtp1005373580-189] DEBUG o.s.c.c.CharSequenceEncoder - [df2e24d] Writing "581. foo bar"
14:00:01.136 [qtp1005373580-189] DEBUG o.s.c.c.CharSequenceEncoder - [df2e24d] Writing "582. foo bar"
14:00:01.137 [qtp1005373580-189] DEBUG o.s.c.c.CharSequenceEncoder - [df2e24d] Writing "583. foo bar"
14:00:01.137 [qtp1005373580-189] DEBUG o.s.c.c.CharSequenceEncoder - [df2e24d] Writing "584. foo bar"
14:00:01.137 [qtp1005373580-189] DEBUG o.s.c.c.CharSequenceEncoder - [df2e24d] Writing "585. foo bar"
14:00:01.137 [qtp1005373580-189] DEBUG o.s.c.c.CharSequenceEncoder - [df2e24d] Writing "586. foo bar"
14:00:01.137 [qtp1005373580-189] DEBUG o.s.c.c.CharSequenceEncoder - [df2e24d] Writing "587. foo bar"
14:00:01.140 [qtp1005373580-189] DEBUG o.s.c.c.CharSequenceEncoder - [df2e24d] Writing "588. foo bar"
14:00:01.140 [qtp1005373580-189] DEBUG o.s.c.c.CharSequenceEncoder - [df2e24d] Writing "589. foo bar"
14:00:01.140 [qtp1005373580-189] DEBUG o.s.c.c.CharSequenceEncoder - [df2e24d] Writing "590. foo bar"
14:00:01.140 [qtp1005373580-189] DEBUG o.s.c.c.CharSequenceEncoder - [df2e24d] Writing "591. foo bar"
14:00:01.141 [qtp1005373580-189] DEBUG o.s.c.c.CharSequenceEncoder - [df2e24d] Writing "592. foo bar"
14:00:01.141 [qtp1005373580-189] DEBUG o.s.c.c.CharSequenceEncoder - [df2e24d] Writing "593. foo bar"
14:00:01.141 [qtp1005373580-189] DEBUG o.s.c.c.CharSequenceEncoder - [df2e24d] Writing "594. foo bar"
14:00:01.141 [qtp1005373580-189] DEBUG o.s.c.c.CharSequenceEncoder - [df2e24d] Writing "595. foo bar"
14:00:01.142 [qtp1005373580-189] DEBUG o.s.c.c.CharSequenceEncoder - [df2e24d] Writing "596. foo bar"
14:00:01.142 [qtp1005373580-189] DEBUG o.s.c.c.CharSequenceEncoder - [df2e24d] Writing "597. foo bar"
14:00:01.142 [qtp1005373580-189] DEBUG o.s.c.c.CharSequenceEncoder - [df2e24d] Writing "598. foo bar"
14:00:01.143 [qtp1005373580-189] DEBUG o.s.c.c.CharSequenceEncoder - [df2e24d] Writing "599. foo bar"
14:00:01.143 [qtp1005373580-189] DEBUG o.s.c.c.CharSequenceEncoder - [df2e24d] Writing "600. foo bar"
14:00:01.143 [qtp1005373580-189] DEBUG o.s.c.c.CharSequenceEncoder - [df2e24d] Writing "601. foo bar"
14:00:01.143 [qtp1005373580-189] DEBUG o.s.c.c.CharSequenceEncoder - [df2e24d] Writing "602. foo bar"
14:00:01.143 [qtp1005373580-189] DEBUG o.s.c.c.CharSequenceEncoder - [df2e24d] Writing "603. foo bar"
14:00:01.143 [qtp1005373580-189] DEBUG o.s.c.c.CharSequenceEncoder - [df2e24d] Writing "604. foo bar"
14:00:01.143 [qtp1005373580-189] DEBUG o.s.c.c.CharSequenceEncoder - [df2e24d] Writing "605. foo bar"
14:00:01.144 [qtp1005373580-189] DEBUG o.s.c.c.CharSequenceEncoder - [df2e24d] Writing "606. foo bar"
14:00:01.144 [qtp1005373580-189] DEBUG o.s.c.c.CharSequenceEncoder - [df2e24d] Writing "607. foo bar"
14:00:01.144 [qtp1005373580-189] DEBUG o.s.c.c.CharSequenceEncoder - [df2e24d] Writing "608. foo bar"
14:00:01.144 [qtp1005373580-189] DEBUG o.s.c.c.CharSequenceEncoder - [df2e24d] Writing "609. foo bar"
14:00:01.144 [qtp1005373580-189] DEBUG o.s.c.c.CharSequenceEncoder - [df2e24d] Writing "610. foo bar"
14:00:01.144 [qtp1005373580-189] DEBUG o.s.c.c.CharSequenceEncoder - [df2e24d] Writing "611. foo bar"
14:00:01.145 [qtp1005373580-189] DEBUG o.s.c.c.CharSequenceEncoder - [df2e24d] Writing "612. foo bar"
14:00:01.145 [qtp1005373580-189] DEBUG o.s.c.c.CharSequenceEncoder - [df2e24d] Writing "613. foo bar"
14:00:01.145 [qtp1005373580-189] DEBUG o.s.c.c.CharSequenceEncoder - [df2e24d] Writing "614. foo bar"
14:00:01.145 [qtp1005373580-189] DEBUG o.s.c.c.CharSequenceEncoder - [df2e24d] Writing "615. foo bar"
14:00:01.148 [qtp1005373580-189] DEBUG o.s.c.c.CharSequenceEncoder - [df2e24d] Writing "616. foo bar"
14:00:01.148 [qtp1005373580-189] DEBUG o.s.c.c.CharSequenceEncoder - [df2e24d] Writing "617. foo bar"
14:00:01.148 [qtp1005373580-189] DEBUG o.s.c.c.CharSequenceEncoder - [df2e24d] Writing "618. foo bar"
14:00:01.148 [qtp1005373580-189] DEBUG o.s.c.c.CharSequenceEncoder - [df2e24d] Writing "619. foo bar"
14:00:01.148 [qtp1005373580-189] DEBUG o.s.c.c.CharSequenceEncoder - [df2e24d] Writing "620. foo bar"
14:00:01.149 [qtp1005373580-189] DEBUG o.s.c.c.CharSequenceEncoder - [df2e24d] Writing "621. foo bar"
14:00:01.149 [qtp1005373580-189] DEBUG o.s.c.c.CharSequenceEncoder - [df2e24d] Writing "622. foo bar"
14:00:01.149 [qtp1005373580-189] DEBUG o.s.c.c.CharSequenceEncoder - [df2e24d] Writing "623. foo bar"
14:00:01.149 [qtp1005373580-189] DEBUG o.s.c.c.CharSequenceEncoder - [df2e24d] Writing "624. foo bar"
14:00:01.149 [qtp1005373580-189] DEBUG o.s.c.c.CharSequenceEncoder - [df2e24d] Writing "625. foo bar"
14:00:01.149 [qtp1005373580-189] DEBUG o.s.c.c.CharSequenceEncoder - [df2e24d] Writing "626. foo bar"
14:00:01.150 [qtp1005373580-189] DEBUG o.s.c.c.CharSequenceEncoder - [df2e24d] Writing "627. foo bar"
14:00:01.150 [qtp1005373580-189] DEBUG o.s.c.c.CharSequenceEncoder - [df2e24d] Writing "628. foo bar"
14:00:01.154 [qtp1005373580-189] DEBUG o.s.c.c.CharSequenceEncoder - [df2e24d] Writing "629. foo bar"
14:00:01.154 [qtp1005373580-189] DEBUG o.s.c.c.CharSequenceEncoder - [df2e24d] Writing "630. foo bar"
14:00:01.154 [qtp1005373580-189] DEBUG o.s.c.c.CharSequenceEncoder - [df2e24d] Writing "631. foo bar"
14:00:01.154 [qtp1005373580-189] DEBUG o.s.c.c.CharSequenceEncoder - [df2e24d] Writing "632. foo bar"
14:00:01.157 [qtp1005373580-189] DEBUG o.s.c.c.CharSequenceEncoder - [df2e24d] Writing "633. foo bar"
14:00:01.157 [qtp1005373580-189] DEBUG o.s.c.c.CharSequenceEncoder - [df2e24d] Writing "634. foo bar"
14:00:01.157 [qtp1005373580-189] DEBUG o.s.c.c.CharSequenceEncoder - [df2e24d] Writing "635. foo bar"
14:00:01.158 [qtp1005373580-189] DEBUG o.s.c.c.CharSequenceEncoder - [df2e24d] Writing "636. foo bar"
14:00:01.158 [qtp1005373580-189] DEBUG o.s.c.c.CharSequenceEncoder - [df2e24d] Writing "637. foo bar"
14:00:01.158 [qtp1005373580-189] DEBUG o.s.c.c.CharSequenceEncoder - [df2e24d] Writing "638. foo bar"
14:00:01.161 [qtp1005373580-189] DEBUG o.s.c.c.CharSequenceEncoder - [df2e24d] Writing "639. foo bar"
14:00:01.161 [qtp1005373580-189] DEBUG o.s.c.c.CharSequenceEncoder - [df2e24d] Writing "640. foo bar"
14:00:01.162 [qtp1005373580-189] DEBUG o.s.c.c.CharSequenceEncoder - [df2e24d] Writing "641. foo bar"
14:00:01.162 [qtp1005373580-189] DEBUG o.s.c.c.CharSequenceEncoder - [df2e24d] Writing "642. foo bar"
14:00:01.162 [qtp1005373580-189] DEBUG o.s.c.c.CharSequenceEncoder - [df2e24d] Writing "643. foo bar"
14:00:01.162 [qtp1005373580-189] DEBUG o.s.c.c.CharSequenceEncoder - [df2e24d] Writing "644. foo bar"
14:00:01.162 [qtp1005373580-189] DEBUG o.s.c.c.CharSequenceEncoder - [df2e24d] Writing "645. foo bar"
14:00:01.162 [qtp1005373580-189] DEBUG o.s.c.c.CharSequenceEncoder - [df2e24d] Writing "646. foo bar"
14:00:01.162 [qtp1005373580-189] DEBUG o.s.c.c.CharSequenceEncoder - [df2e24d] Writing "647. foo bar"
14:00:01.163 [qtp1005373580-189] DEBUG o.s.c.c.CharSequenceEncoder - [df2e24d] Writing "648. foo bar"
14:00:01.163 [qtp1005373580-189] DEBUG o.s.c.c.CharSequenceEncoder - [df2e24d] Writing "649. foo bar"
14:00:01.163 [qtp1005373580-189] DEBUG o.s.c.c.CharSequenceEncoder - [df2e24d] Writing "650. foo bar"
14:00:01.163 [qtp1005373580-189] DEBUG o.s.c.c.CharSequenceEncoder - [df2e24d] Writing "651. foo bar"
14:00:01.163 [qtp1005373580-189] DEBUG o.s.c.c.CharSequenceEncoder - [df2e24d] Writing "652. foo bar"
14:00:01.163 [qtp1005373580-189] DEBUG o.s.c.c.CharSequenceEncoder - [df2e24d] Writing "653. foo bar"
14:00:01.163 [qtp1005373580-189] DEBUG o.s.c.c.CharSequenceEncoder - [df2e24d] Writing "654. foo bar"
14:00:01.164 [qtp1005373580-189] DEBUG o.s.c.c.CharSequenceEncoder - [df2e24d] Writing "655. foo bar"
14:00:01.164 [qtp1005373580-189] DEBUG o.s.c.c.CharSequenceEncoder - [df2e24d] Writing "656. foo bar"
14:00:01.164 [qtp1005373580-189] DEBUG o.s.c.c.CharSequenceEncoder - [df2e24d] Writing "657. foo bar"
14:00:01.164 [qtp1005373580-189] DEBUG o.s.c.c.CharSequenceEncoder - [df2e24d] Writing "658. foo bar"
14:00:01.164 [qtp1005373580-189] DEBUG o.s.c.c.CharSequenceEncoder - [df2e24d] Writing "659. foo bar"
14:00:01.165 [qtp1005373580-189] DEBUG o.s.c.c.CharSequenceEncoder - [df2e24d] Writing "660. foo bar"
14:00:01.165 [qtp1005373580-189] DEBUG o.s.c.c.CharSequenceEncoder - [df2e24d] Writing "661. foo bar"
14:00:01.165 [qtp1005373580-189] DEBUG o.s.c.c.CharSequenceEncoder - [df2e24d] Writing "662. foo bar"
14:00:01.169 [qtp1005373580-189] DEBUG o.s.c.c.CharSequenceEncoder - [df2e24d] Writing "663. foo bar"
14:00:01.169 [qtp1005373580-189] DEBUG o.s.c.c.CharSequenceEncoder - [df2e24d] Writing "664. foo bar"
14:00:01.170 [qtp1005373580-189] DEBUG o.s.c.c.CharSequenceEncoder - [df2e24d] Writing "665. foo bar"
14:00:01.170 [qtp1005373580-189] DEBUG o.s.c.c.CharSequenceEncoder - [df2e24d] Writing "666. foo bar"
14:00:01.170 [qtp1005373580-189] DEBUG o.s.c.c.CharSequenceEncoder - [df2e24d] Writing "667. foo bar"
14:00:01.170 [qtp1005373580-189] DEBUG o.s.c.c.CharSequenceEncoder - [df2e24d] Writing "668. foo bar"
14:00:01.170 [qtp1005373580-189] DEBUG o.s.c.c.CharSequenceEncoder - [df2e24d] Writing "669. foo bar"
14:00:01.170 [qtp1005373580-189] DEBUG o.s.c.c.CharSequenceEncoder - [df2e24d] Writing "670. foo bar"
14:00:01.170 [qtp1005373580-189] DEBUG o.s.c.c.CharSequenceEncoder - [df2e24d] Writing "671. foo bar"
14:00:01.171 [qtp1005373580-189] DEBUG o.s.c.c.CharSequenceEncoder - [df2e24d] Writing "672. foo bar"
14:00:01.171 [qtp1005373580-189] DEBUG o.s.c.c.CharSequenceEncoder - [df2e24d] Writing "673. foo bar"
14:00:01.171 [qtp1005373580-189] DEBUG o.s.c.c.CharSequenceEncoder - [df2e24d] Writing "674. foo bar"
14:00:01.171 [qtp1005373580-189] DEBUG o.s.c.c.CharSequenceEncoder - [df2e24d] Writing "675. foo bar"
14:00:01.171 [qtp1005373580-189] DEBUG o.s.c.c.CharSequenceEncoder - [df2e24d] Writing "676. foo bar"
14:00:01.171 [qtp1005373580-189] DEBUG o.s.c.c.CharSequenceEncoder - [df2e24d] Writing "677. foo bar"
14:00:01.171 [qtp1005373580-189] DEBUG o.s.c.c.CharSequenceEncoder - [df2e24d] Writing "678. foo bar"
14:00:01.172 [qtp1005373580-189] DEBUG o.s.c.c.CharSequenceEncoder - [df2e24d] Writing "679. foo bar"
14:00:01.172 [qtp1005373580-189] DEBUG o.s.c.c.CharSequenceEncoder - [df2e24d] Writing "680. foo bar"
14:00:01.172 [qtp1005373580-189] DEBUG o.s.c.c.CharSequenceEncoder - [df2e24d] Writing "681. foo bar"
14:00:01.172 [qtp1005373580-189] DEBUG o.s.c.c.CharSequenceEncoder - [df2e24d] Writing "682. foo bar"
14:00:01.172 [qtp1005373580-189] DEBUG o.s.c.c.CharSequenceEncoder - [df2e24d] Writing "683. foo bar"
14:00:01.174 [qtp1005373580-189] DEBUG o.s.c.c.CharSequenceEncoder - [df2e24d] Writing "684. foo bar"
14:00:01.174 [qtp1005373580-189] DEBUG o.s.c.c.CharSequenceEncoder - [df2e24d] Writing "685. foo bar"
14:00:01.174 [qtp1005373580-189] DEBUG o.s.c.c.CharSequenceEncoder - [df2e24d] Writing "686. foo bar"
14:00:01.175 [qtp1005373580-189] DEBUG o.s.c.c.CharSequenceEncoder - [df2e24d] Writing "687. foo bar"
14:00:01.175 [qtp1005373580-189] DEBUG o.s.c.c.CharSequenceEncoder - [df2e24d] Writing "688. foo bar"
14:00:01.175 [qtp1005373580-189] DEBUG o.s.c.c.CharSequenceEncoder - [df2e24d] Writing "689. foo bar"
14:00:01.175 [qtp1005373580-189] DEBUG o.s.c.c.CharSequenceEncoder - [df2e24d] Writing "690. foo bar"
14:00:01.175 [qtp1005373580-189] DEBUG o.s.c.c.CharSequenceEncoder - [df2e24d] Writing "691. foo bar"
14:00:01.175 [qtp1005373580-189] DEBUG o.s.c.c.CharSequenceEncoder - [df2e24d] Writing "692. foo bar"
14:00:01.175 [qtp1005373580-189] DEBUG o.s.c.c.CharSequenceEncoder - [df2e24d] Writing "693. foo bar"
14:00:01.176 [qtp1005373580-189] DEBUG o.s.c.c.CharSequenceEncoder - [df2e24d] Writing "694. foo bar"
14:00:01.176 [qtp1005373580-189] DEBUG o.s.c.c.CharSequenceEncoder - [df2e24d] Writing "695. foo bar"
14:00:01.176 [qtp1005373580-189] DEBUG o.s.c.c.CharSequenceEncoder - [df2e24d] Writing "696. foo bar"
14:00:01.176 [qtp1005373580-189] DEBUG o.s.c.c.CharSequenceEncoder - [df2e24d] Writing "697. foo bar"
14:00:01.176 [qtp1005373580-189] DEBUG o.s.c.c.CharSequenceEncoder - [df2e24d] Writing "698. foo bar"
14:00:01.176 [qtp1005373580-189] DEBUG o.s.c.c.CharSequenceEncoder - [df2e24d] Writing "699. foo bar"
14:00:01.177 [qtp1005373580-189] DEBUG o.s.c.c.CharSequenceEncoder - [df2e24d] Writing "700. foo bar"
14:00:01.177 [qtp1005373580-189] DEBUG o.s.c.c.CharSequenceEncoder - [df2e24d] Writing "701. foo bar"
14:00:01.177 [qtp1005373580-189] DEBUG o.s.c.c.CharSequenceEncoder - [df2e24d] Writing "702. foo bar"
14:00:01.177 [qtp1005373580-189] DEBUG o.s.c.c.CharSequenceEncoder - [df2e24d] Writing "703. foo bar"
14:00:01.177 [qtp1005373580-189] DEBUG o.s.c.c.CharSequenceEncoder - [df2e24d] Writing "704. foo bar"
14:00:01.177 [qtp1005373580-189] DEBUG o.s.c.c.CharSequenceEncoder - [df2e24d] Writing "705. foo bar"
14:00:01.177 [qtp1005373580-189] DEBUG o.s.c.c.CharSequenceEncoder - [df2e24d] Writing "706. foo bar"
14:00:01.178 [qtp1005373580-189] DEBUG o.s.c.c.CharSequenceEncoder - [df2e24d] Writing "707. foo bar"
14:00:01.178 [qtp1005373580-189] DEBUG o.s.c.c.CharSequenceEncoder - [df2e24d] Writing "708. foo bar"
14:00:01.178 [qtp1005373580-189] DEBUG o.s.c.c.CharSequenceEncoder - [df2e24d] Writing "709. foo bar"
14:00:01.178 [qtp1005373580-189] DEBUG o.s.c.c.CharSequenceEncoder - [df2e24d] Writing "710. foo bar"
14:00:01.178 [qtp1005373580-189] DEBUG o.s.c.c.CharSequenceEncoder - [df2e24d] Writing "711. foo bar"
14:00:01.178 [qtp1005373580-189] DEBUG o.s.c.c.CharSequenceEncoder - [df2e24d] Writing "712. foo bar"
14:00:01.178 [qtp1005373580-189] DEBUG o.s.c.c.CharSequenceEncoder - [df2e24d] Writing "713. foo bar"
14:00:01.180 [qtp1005373580-189] DEBUG o.s.c.c.CharSequenceEncoder - [df2e24d] Writing "714. foo bar"
14:00:01.180 [qtp1005373580-189] DEBUG o.s.c.c.CharSequenceEncoder - [df2e24d] Writing "715. foo bar"
14:00:01.181 [qtp1005373580-189] DEBUG o.s.c.c.CharSequenceEncoder - [df2e24d] Writing "716. foo bar"
14:00:01.181 [qtp1005373580-189] DEBUG o.s.c.c.CharSequenceEncoder - [df2e24d] Writing "717. foo bar"
14:00:01.181 [qtp1005373580-189] DEBUG o.s.c.c.CharSequenceEncoder - [df2e24d] Writing "718. foo bar"
14:00:01.182 [qtp1005373580-189] DEBUG o.s.c.c.CharSequenceEncoder - [df2e24d] Writing "719. foo bar"
14:00:01.182 [qtp1005373580-189] DEBUG o.s.c.c.CharSequenceEncoder - [df2e24d] Writing "720. foo bar"
14:00:01.183 [qtp1005373580-189] DEBUG o.s.c.c.CharSequenceEncoder - [df2e24d] Writing "721. foo bar"
14:00:01.183 [qtp1005373580-189] DEBUG o.s.c.c.CharSequenceEncoder - [df2e24d] Writing "722. foo bar"
14:00:01.183 [qtp1005373580-189] DEBUG o.s.c.c.CharSequenceEncoder - [df2e24d] Writing "723. foo bar"
14:00:01.183 [qtp1005373580-189] DEBUG o.s.c.c.CharSequenceEncoder - [df2e24d] Writing "724. foo bar"
14:00:01.185 [qtp1005373580-189] DEBUG o.s.c.c.CharSequenceEncoder - [df2e24d] Writing "725. foo bar"
14:00:01.185 [qtp1005373580-189] DEBUG o.s.c.c.CharSequenceEncoder - [df2e24d] Writing "726. foo bar"
14:00:01.185 [qtp1005373580-189] DEBUG o.s.c.c.CharSequenceEncoder - [df2e24d] Writing "727. foo bar"
14:00:01.185 [qtp1005373580-189] DEBUG o.s.c.c.CharSequenceEncoder - [df2e24d] Writing "728. foo bar"
14:00:01.185 [qtp1005373580-189] DEBUG o.s.c.c.CharSequenceEncoder - [df2e24d] Writing "729. foo bar"
14:00:01.186 [qtp1005373580-189] DEBUG o.s.c.c.CharSequenceEncoder - [df2e24d] Writing "730. foo bar"
14:00:01.186 [qtp1005373580-189] DEBUG o.s.c.c.CharSequenceEncoder - [df2e24d] Writing "731. foo bar"
14:00:01.186 [qtp1005373580-189] DEBUG o.s.c.c.CharSequenceEncoder - [df2e24d] Writing "732. foo bar"
14:00:01.186 [qtp1005373580-189] DEBUG o.s.c.c.CharSequenceEncoder - [df2e24d] Writing "733. foo bar"
14:00:01.186 [qtp1005373580-189] DEBUG o.s.c.c.CharSequenceEncoder - [df2e24d] Writing "734. foo bar"
14:00:01.186 [qtp1005373580-189] DEBUG o.s.c.c.CharSequenceEncoder - [df2e24d] Writing "735. foo bar"
14:00:01.188 [qtp1005373580-189] DEBUG o.s.c.c.CharSequenceEncoder - [df2e24d] Writing "736. foo bar"
14:00:01.189 [qtp1005373580-189] DEBUG o.s.c.c.CharSequenceEncoder - [df2e24d] Writing "737. foo bar"
14:00:01.189 [qtp1005373580-189] DEBUG o.s.c.c.CharSequenceEncoder - [df2e24d] Writing "738. foo bar"
14:00:01.189 [qtp1005373580-189] DEBUG o.s.c.c.CharSequenceEncoder - [df2e24d] Writing "739. foo bar"
14:00:01.190 [qtp1005373580-189] DEBUG o.s.c.c.CharSequenceEncoder - [df2e24d] Writing "740. foo bar"
14:00:01.190 [qtp1005373580-189] DEBUG o.s.c.c.CharSequenceEncoder - [df2e24d] Writing "741. foo bar"
14:00:01.190 [qtp1005373580-189] DEBUG o.s.c.c.CharSequenceEncoder - [df2e24d] Writing "742. foo bar"
14:00:01.193 [qtp1005373580-189] DEBUG o.s.c.c.CharSequenceEncoder - [df2e24d] Writing "743. foo bar"
14:00:01.193 [qtp1005373580-189] DEBUG o.s.c.c.CharSequenceEncoder - [df2e24d] Writing "744. foo bar"
14:00:01.194 [qtp1005373580-189] DEBUG o.s.c.c.CharSequenceEncoder - [df2e24d] Writing "745. foo bar"
14:00:01.194 [qtp1005373580-189] DEBUG o.s.c.c.CharSequenceEncoder - [df2e24d] Writing "746. foo bar"
14:00:01.194 [qtp1005373580-189] DEBUG o.s.c.c.CharSequenceEncoder - [df2e24d] Writing "747. foo bar"
14:00:01.194 [qtp1005373580-189] DEBUG o.s.c.c.CharSequenceEncoder - [df2e24d] Writing "748. foo bar"
14:00:01.194 [qtp1005373580-189] DEBUG o.s.c.c.CharSequenceEncoder - [df2e24d] Writing "749. foo bar"
14:00:01.194 [qtp1005373580-189] DEBUG o.s.c.c.CharSequenceEncoder - [df2e24d] Writing "750. foo bar"
14:00:01.194 [qtp1005373580-189] DEBUG o.s.c.c.CharSequenceEncoder - [df2e24d] Writing "751. foo bar"
14:00:01.195 [qtp1005373580-189] DEBUG o.s.c.c.CharSequenceEncoder - [df2e24d] Writing "752. foo bar"
14:00:01.195 [qtp1005373580-189] DEBUG o.s.c.c.CharSequenceEncoder - [df2e24d] Writing "753. foo bar"
14:00:01.195 [qtp1005373580-189] DEBUG o.s.c.c.CharSequenceEncoder - [df2e24d] Writing "754. foo bar"
14:00:01.195 [qtp1005373580-189] DEBUG o.s.c.c.CharSequenceEncoder - [df2e24d] Writing "755. foo bar"
14:00:01.195 [qtp1005373580-189] DEBUG o.s.c.c.CharSequenceEncoder - [df2e24d] Writing "756. foo bar"
14:00:01.196 [qtp1005373580-189] DEBUG o.s.c.c.CharSequenceEncoder - [df2e24d] Writing "757. foo bar"
14:00:01.196 [qtp1005373580-189] DEBUG o.s.c.c.CharSequenceEncoder - [df2e24d] Writing "758. foo bar"
14:00:01.196 [qtp1005373580-189] DEBUG o.s.c.c.CharSequenceEncoder - [df2e24d] Writing "759. foo bar"
14:00:01.196 [qtp1005373580-189] DEBUG o.s.c.c.CharSequenceEncoder - [df2e24d] Writing "760. foo bar"
14:00:01.196 [qtp1005373580-189] DEBUG o.s.c.c.CharSequenceEncoder - [df2e24d] Writing "761. foo bar"
14:00:01.196 [qtp1005373580-189] DEBUG o.s.c.c.CharSequenceEncoder - [df2e24d] Writing "762. foo bar"
14:00:01.196 [qtp1005373580-189] DEBUG o.s.c.c.CharSequenceEncoder - [df2e24d] Writing "763. foo bar"
14:00:01.197 [qtp1005373580-189] DEBUG o.s.c.c.CharSequenceEncoder - [df2e24d] Writing "764. foo bar"
14:00:01.197 [qtp1005373580-189] DEBUG o.s.c.c.CharSequenceEncoder - [df2e24d] Writing "765. foo bar"
14:00:01.198 [qtp1005373580-189] DEBUG o.s.c.c.CharSequenceEncoder - [df2e24d] Writing "766. foo bar"
14:00:01.198 [qtp1005373580-189] DEBUG o.s.c.c.CharSequenceEncoder - [df2e24d] Writing "767. foo bar"
14:00:01.199 [qtp1005373580-189] DEBUG o.s.c.c.CharSequenceEncoder - [df2e24d] Writing "768. foo bar"
14:00:01.200 [qtp1005373580-189] DEBUG o.s.c.c.CharSequenceEncoder - [df2e24d] Writing "769. foo bar"
14:00:01.202 [qtp1005373580-189] DEBUG o.s.c.c.CharSequenceEncoder - [df2e24d] Writing "770. foo bar"
14:00:01.202 [qtp1005373580-189] DEBUG o.s.c.c.CharSequenceEncoder - [df2e24d] Writing "771. foo bar"
14:00:01.202 [qtp1005373580-189] DEBUG o.s.c.c.CharSequenceEncoder - [df2e24d] Writing "772. foo bar"
14:00:01.202 [qtp1005373580-189] DEBUG o.s.c.c.CharSequenceEncoder - [df2e24d] Writing "773. foo bar"
14:00:01.203 [qtp1005373580-189] DEBUG o.s.c.c.CharSequenceEncoder - [df2e24d] Writing "774. foo bar"
14:00:01.203 [qtp1005373580-189] DEBUG o.s.c.c.CharSequenceEncoder - [df2e24d] Writing "775. foo bar"
14:00:01.203 [qtp1005373580-189] DEBUG o.s.c.c.CharSequenceEncoder - [df2e24d] Writing "776. foo bar"
14:00:01.203 [qtp1005373580-189] DEBUG o.s.c.c.CharSequenceEncoder - [df2e24d] Writing "777. foo bar"
14:00:01.203 [qtp1005373580-189] DEBUG o.s.c.c.CharSequenceEncoder - [df2e24d] Writing "778. foo bar"
14:00:01.203 [qtp1005373580-189] DEBUG o.s.c.c.CharSequenceEncoder - [df2e24d] Writing "779. foo bar"
14:00:01.203 [qtp1005373580-189] DEBUG o.s.c.c.CharSequenceEncoder - [df2e24d] Writing "780. foo bar"
14:00:01.203 [qtp1005373580-189] DEBUG o.s.c.c.CharSequenceEncoder - [df2e24d] Writing "781. foo bar"
14:00:01.204 [qtp1005373580-189] DEBUG o.s.c.c.CharSequenceEncoder - [df2e24d] Writing "782. foo bar"
14:00:01.204 [qtp1005373580-189] DEBUG o.s.c.c.CharSequenceEncoder - [df2e24d] Writing "783. foo bar"
14:00:01.204 [qtp1005373580-189] DEBUG o.s.c.c.CharSequenceEncoder - [df2e24d] Writing "784. foo bar"
14:00:01.213 [qtp1005373580-189] DEBUG o.s.c.c.CharSequenceEncoder - [df2e24d] Writing "785. foo bar"
14:00:01.213 [qtp1005373580-189] DEBUG o.s.c.c.CharSequenceEncoder - [df2e24d] Writing "786. foo bar"
14:00:01.213 [qtp1005373580-189] DEBUG o.s.c.c.CharSequenceEncoder - [df2e24d] Writing "787. foo bar"
14:00:01.213 [qtp1005373580-189] DEBUG o.s.c.c.CharSequenceEncoder - [df2e24d] Writing "788. foo bar"
14:00:01.216 [qtp1005373580-189] DEBUG o.s.c.c.CharSequenceEncoder - [df2e24d] Writing "789. foo bar"
14:00:01.216 [qtp1005373580-189] DEBUG o.s.c.c.CharSequenceEncoder - [df2e24d] Writing "790. foo bar"
14:00:01.216 [qtp1005373580-189] DEBUG o.s.c.c.CharSequenceEncoder - [df2e24d] Writing "791. foo bar"
14:00:01.216 [qtp1005373580-189] DEBUG o.s.c.c.CharSequenceEncoder - [df2e24d] Writing "792. foo bar"
14:00:01.216 [qtp1005373580-189] DEBUG o.s.c.c.CharSequenceEncoder - [df2e24d] Writing "793. foo bar"
14:00:01.216 [qtp1005373580-189] DEBUG o.s.c.c.CharSequenceEncoder - [df2e24d] Writing "794. foo bar"
14:00:01.216 [qtp1005373580-189] DEBUG o.s.c.c.CharSequenceEncoder - [df2e24d] Writing "795. foo bar"
14:00:01.216 [qtp1005373580-189] DEBUG o.s.c.c.CharSequenceEncoder - [df2e24d] Writing "796. foo bar"
14:00:01.217 [qtp1005373580-189] DEBUG o.s.c.c.CharSequenceEncoder - [df2e24d] Writing "797. foo bar"
14:00:01.218 [qtp1005373580-189] DEBUG o.s.c.c.CharSequenceEncoder - [df2e24d] Writing "798. foo bar"
14:00:01.218 [qtp1005373580-189] DEBUG o.s.c.c.CharSequenceEncoder - [df2e24d] Writing "799. foo bar"
14:00:01.218 [qtp1005373580-189] DEBUG o.s.c.c.CharSequenceEncoder - [df2e24d] Writing "800. foo bar"
14:00:01.218 [qtp1005373580-189] DEBUG o.s.c.c.CharSequenceEncoder - [df2e24d] Writing "801. foo bar"
14:00:01.220 [qtp1005373580-189] DEBUG o.s.c.c.CharSequenceEncoder - [df2e24d] Writing "802. foo bar"
14:00:01.221 [qtp1005373580-189] DEBUG o.s.c.c.CharSequenceEncoder - [df2e24d] Writing "803. foo bar"
14:00:01.221 [qtp1005373580-189] DEBUG o.s.c.c.CharSequenceEncoder - [df2e24d] Writing "804. foo bar"
14:00:01.221 [qtp1005373580-189] DEBUG o.s.c.c.CharSequenceEncoder - [df2e24d] Writing "805. foo bar"
14:00:01.223 [qtp1005373580-189] DEBUG o.s.c.c.CharSequenceEncoder - [df2e24d] Writing "806. foo bar"
14:00:01.223 [qtp1005373580-189] DEBUG o.s.c.c.CharSequenceEncoder - [df2e24d] Writing "807. foo bar"
14:00:01.224 [qtp1005373580-189] DEBUG o.s.c.c.CharSequenceEncoder - [df2e24d] Writing "808. foo bar"
14:00:01.224 [qtp1005373580-189] DEBUG o.s.c.c.CharSequenceEncoder - [df2e24d] Writing "809. foo bar"
14:00:01.224 [qtp1005373580-189] DEBUG o.s.c.c.CharSequenceEncoder - [df2e24d] Writing "810. foo bar"
14:00:01.224 [qtp1005373580-189] DEBUG o.s.c.c.CharSequenceEncoder - [df2e24d] Writing "811. foo bar"
14:00:01.224 [qtp1005373580-189] DEBUG o.s.c.c.CharSequenceEncoder - [df2e24d] Writing "812. foo bar"
14:00:01.224 [qtp1005373580-189] DEBUG o.s.c.c.CharSequenceEncoder - [df2e24d] Writing "813. foo bar"
14:00:01.224 [qtp1005373580-189] DEBUG o.s.c.c.CharSequenceEncoder - [df2e24d] Writing "814. foo bar"
14:00:01.225 [qtp1005373580-189] DEBUG o.s.c.c.CharSequenceEncoder - [df2e24d] Writing "815. foo bar"
14:00:01.225 [qtp1005373580-189] DEBUG o.s.c.c.CharSequenceEncoder - [df2e24d] Writing "816. foo bar"
14:00:01.225 [qtp1005373580-189] DEBUG o.s.c.c.CharSequenceEncoder - [df2e24d] Writing "817. foo bar"
14:00:01.226 [qtp1005373580-189] DEBUG o.s.c.c.CharSequenceEncoder - [df2e24d] Writing "818. foo bar"
14:00:01.226 [qtp1005373580-189] DEBUG o.s.c.c.CharSequenceEncoder - [df2e24d] Writing "819. foo bar"
14:00:01.226 [qtp1005373580-189] DEBUG o.s.c.c.CharSequenceEncoder - [df2e24d] Writing "820. foo bar"
14:00:01.226 [qtp1005373580-189] DEBUG o.s.c.c.CharSequenceEncoder - [df2e24d] Writing "821. foo bar"
14:00:01.226 [qtp1005373580-189] DEBUG o.s.c.c.CharSequenceEncoder - [df2e24d] Writing "822. foo bar"
14:00:01.226 [qtp1005373580-189] DEBUG o.s.c.c.CharSequenceEncoder - [df2e24d] Writing "823. foo bar"
14:00:01.226 [qtp1005373580-189] DEBUG o.s.c.c.CharSequenceEncoder - [df2e24d] Writing "824. foo bar"
14:00:01.229 [qtp1005373580-189] DEBUG o.s.c.c.CharSequenceEncoder - [df2e24d] Writing "825. foo bar"
14:00:01.229 [qtp1005373580-189] DEBUG o.s.c.c.CharSequenceEncoder - [df2e24d] Writing "826. foo bar"
14:00:01.229 [qtp1005373580-189] DEBUG o.s.c.c.CharSequenceEncoder - [df2e24d] Writing "827. foo bar"
14:00:01.230 [qtp1005373580-189] DEBUG o.s.c.c.CharSequenceEncoder - [df2e24d] Writing "828. foo bar"
14:00:01.230 [qtp1005373580-189] DEBUG o.s.c.c.CharSequenceEncoder - [df2e24d] Writing "829. foo bar"
14:00:01.230 [qtp1005373580-189] DEBUG o.s.c.c.CharSequenceEncoder - [df2e24d] Writing "830. foo bar"
14:00:01.230 [qtp1005373580-189] DEBUG o.s.c.c.CharSequenceEncoder - [df2e24d] Writing "831. foo bar"
14:00:01.230 [qtp1005373580-189] DEBUG o.s.c.c.CharSequenceEncoder - [df2e24d] Writing "832. foo bar"
14:00:01.230 [qtp1005373580-189] DEBUG o.s.c.c.CharSequenceEncoder - [df2e24d] Writing "833. foo bar"
14:00:01.230 [qtp1005373580-189] DEBUG o.s.c.c.CharSequenceEncoder - [df2e24d] Writing "834. foo bar"
14:00:01.230 [qtp1005373580-189] DEBUG o.s.c.c.CharSequenceEncoder - [df2e24d] Writing "835. foo bar"
14:00:01.230 [qtp1005373580-189] DEBUG o.s.c.c.CharSequenceEncoder - [df2e24d] Writing "836. foo bar"
14:00:01.231 [qtp1005373580-189] DEBUG o.s.c.c.CharSequenceEncoder - [df2e24d] Writing "837. foo bar"
14:00:01.231 [qtp1005373580-189] DEBUG o.s.c.c.CharSequenceEncoder - [df2e24d] Writing "838. foo bar"
14:00:01.231 [qtp1005373580-189] DEBUG o.s.c.c.CharSequenceEncoder - [df2e24d] Writing "839. foo bar"
14:00:01.232 [qtp1005373580-189] DEBUG o.s.c.c.CharSequenceEncoder - [df2e24d] Writing "840. foo bar"
14:00:01.232 [qtp1005373580-189] DEBUG o.s.c.c.CharSequenceEncoder - [df2e24d] Writing "841. foo bar"
14:00:01.232 [qtp1005373580-189] DEBUG o.s.c.c.CharSequenceEncoder - [df2e24d] Writing "842. foo bar"
14:00:01.232 [qtp1005373580-189] DEBUG o.s.c.c.CharSequenceEncoder - [df2e24d] Writing "843. foo bar"
14:00:01.232 [qtp1005373580-189] DEBUG o.s.c.c.CharSequenceEncoder - [df2e24d] Writing "844. foo bar"
14:00:01.232 [qtp1005373580-189] DEBUG o.s.c.c.CharSequenceEncoder - [df2e24d] Writing "845. foo bar"
14:00:01.232 [qtp1005373580-189] DEBUG o.s.c.c.CharSequenceEncoder - [df2e24d] Writing "846. foo bar"
14:00:01.232 [qtp1005373580-189] DEBUG o.s.c.c.CharSequenceEncoder - [df2e24d] Writing "847. foo bar"
14:00:01.233 [qtp1005373580-189] DEBUG o.s.c.c.CharSequenceEncoder - [df2e24d] Writing "848. foo bar"
14:00:01.233 [qtp1005373580-189] DEBUG o.s.c.c.CharSequenceEncoder - [df2e24d] Writing "849. foo bar"
14:00:01.233 [qtp1005373580-189] DEBUG o.s.c.c.CharSequenceEncoder - [df2e24d] Writing "850. foo bar"
14:00:01.233 [qtp1005373580-189] DEBUG o.s.c.c.CharSequenceEncoder - [df2e24d] Writing "851. foo bar"
14:00:01.233 [qtp1005373580-189] DEBUG o.s.c.c.CharSequenceEncoder - [df2e24d] Writing "852. foo bar"
14:00:01.233 [qtp1005373580-189] DEBUG o.s.c.c.CharSequenceEncoder - [df2e24d] Writing "853. foo bar"
14:00:01.233 [qtp1005373580-189] DEBUG o.s.c.c.CharSequenceEncoder - [df2e24d] Writing "854. foo bar"
14:00:01.233 [qtp1005373580-189] DEBUG o.s.c.c.CharSequenceEncoder - [df2e24d] Writing "855. foo bar"
14:00:01.233 [qtp1005373580-189] DEBUG o.s.c.c.CharSequenceEncoder - [df2e24d] Writing "856. foo bar"
14:00:01.234 [qtp1005373580-189] DEBUG o.s.c.c.CharSequenceEncoder - [df2e24d] Writing "857. foo bar"
14:00:01.234 [qtp1005373580-189] DEBUG o.s.c.c.CharSequenceEncoder - [df2e24d] Writing "858. foo bar"
14:00:01.234 [qtp1005373580-189] DEBUG o.s.c.c.CharSequenceEncoder - [df2e24d] Writing "859. foo bar"
14:00:01.234 [qtp1005373580-189] DEBUG o.s.c.c.CharSequenceEncoder - [df2e24d] Writing "860. foo bar"
14:00:01.234 [qtp1005373580-189] DEBUG o.s.c.c.CharSequenceEncoder - [df2e24d] Writing "861. foo bar"
14:00:01.234 [qtp1005373580-189] DEBUG o.s.c.c.CharSequenceEncoder - [df2e24d] Writing "862. foo bar"
14:00:01.234 [qtp1005373580-189] DEBUG o.s.c.c.CharSequenceEncoder - [df2e24d] Writing "863. foo bar"
14:00:01.234 [qtp1005373580-189] DEBUG o.s.c.c.CharSequenceEncoder - [df2e24d] Writing "864. foo bar"
14:00:01.234 [qtp1005373580-189] DEBUG o.s.c.c.CharSequenceEncoder - [df2e24d] Writing "865. foo bar"
14:00:01.235 [qtp1005373580-189] DEBUG o.s.c.c.CharSequenceEncoder - [df2e24d] Writing "866. foo bar"
14:00:01.235 [qtp1005373580-189] DEBUG o.s.c.c.CharSequenceEncoder - [df2e24d] Writing "867. foo bar"
14:00:01.235 [qtp1005373580-189] DEBUG o.s.c.c.CharSequenceEncoder - [df2e24d] Writing "868. foo bar"
14:00:01.235 [qtp1005373580-189] DEBUG o.s.c.c.CharSequenceEncoder - [df2e24d] Writing "869. foo bar"
14:00:01.235 [qtp1005373580-189] DEBUG o.s.c.c.CharSequenceEncoder - [df2e24d] Writing "870. foo bar"
14:00:01.235 [qtp1005373580-189] DEBUG o.s.c.c.CharSequenceEncoder - [df2e24d] Writing "871. foo bar"
14:00:01.235 [qtp1005373580-189] DEBUG o.s.c.c.CharSequenceEncoder - [df2e24d] Writing "872. foo bar"
14:00:01.235 [qtp1005373580-189] DEBUG o.s.c.c.CharSequenceEncoder - [df2e24d] Writing "873. foo bar"
14:00:01.235 [qtp1005373580-189] DEBUG o.s.c.c.CharSequenceEncoder - [df2e24d] Writing "874. foo bar"
14:00:01.236 [qtp1005373580-189] DEBUG o.s.c.c.CharSequenceEncoder - [df2e24d] Writing "875. foo bar"
14:00:01.236 [qtp1005373580-189] DEBUG o.s.c.c.CharSequenceEncoder - [df2e24d] Writing "876. foo bar"
14:00:01.236 [qtp1005373580-189] DEBUG o.s.c.c.CharSequenceEncoder - [df2e24d] Writing "877. foo bar"
14:00:01.236 [qtp1005373580-189] DEBUG o.s.c.c.CharSequenceEncoder - [df2e24d] Writing "878. foo bar"
14:00:01.236 [qtp1005373580-189] DEBUG o.s.c.c.CharSequenceEncoder - [df2e24d] Writing "879. foo bar"
14:00:01.237 [qtp1005373580-189] DEBUG o.s.c.c.CharSequenceEncoder - [df2e24d] Writing "880. foo bar"
14:00:01.240 [qtp1005373580-189] DEBUG o.s.c.c.CharSequenceEncoder - [df2e24d] Writing "881. foo bar"
14:00:01.240 [qtp1005373580-189] DEBUG o.s.c.c.CharSequenceEncoder - [df2e24d] Writing "882. foo bar"
14:00:01.240 [qtp1005373580-189] DEBUG o.s.c.c.CharSequenceEncoder - [df2e24d] Writing "883. foo bar"
14:00:01.240 [qtp1005373580-189] DEBUG o.s.c.c.CharSequenceEncoder - [df2e24d] Writing "884. foo bar"
14:00:01.240 [qtp1005373580-189] DEBUG o.s.c.c.CharSequenceEncoder - [df2e24d] Writing "885. foo bar"
14:00:01.240 [qtp1005373580-189] DEBUG o.s.c.c.CharSequenceEncoder - [df2e24d] Writing "886. foo bar"
14:00:01.241 [qtp1005373580-189] DEBUG o.s.c.c.CharSequenceEncoder - [df2e24d] Writing "887. foo bar"
14:00:01.241 [qtp1005373580-189] DEBUG o.s.c.c.CharSequenceEncoder - [df2e24d] Writing "888. foo bar"
14:00:01.242 [qtp1005373580-189] DEBUG o.s.c.c.CharSequenceEncoder - [df2e24d] Writing "889. foo bar"
14:00:01.242 [qtp1005373580-189] DEBUG o.s.c.c.CharSequenceEncoder - [df2e24d] Writing "890. foo bar"
14:00:01.242 [qtp1005373580-189] DEBUG o.s.c.c.CharSequenceEncoder - [df2e24d] Writing "891. foo bar"
14:00:01.242 [qtp1005373580-189] DEBUG o.s.c.c.CharSequenceEncoder - [df2e24d] Writing "892. foo bar"
14:00:01.242 [qtp1005373580-189] DEBUG o.s.c.c.CharSequenceEncoder - [df2e24d] Writing "893. foo bar"
14:00:01.242 [qtp1005373580-189] DEBUG o.s.c.c.CharSequenceEncoder - [df2e24d] Writing "894. foo bar"
14:00:01.245 [qtp1005373580-189] DEBUG o.s.c.c.CharSequenceEncoder - [df2e24d] Writing "895. foo bar"
14:00:01.245 [qtp1005373580-189] DEBUG o.s.c.c.CharSequenceEncoder - [df2e24d] Writing "896. foo bar"
14:00:01.245 [qtp1005373580-189] DEBUG o.s.c.c.CharSequenceEncoder - [df2e24d] Writing "897. foo bar"
14:00:01.246 [qtp1005373580-189] DEBUG o.s.c.c.CharSequenceEncoder - [df2e24d] Writing "898. foo bar"
14:00:01.246 [qtp1005373580-189] DEBUG o.s.c.c.CharSequenceEncoder - [df2e24d] Writing "899. foo bar"
14:00:01.246 [qtp1005373580-189] DEBUG o.s.c.c.CharSequenceEncoder - [df2e24d] Writing "900. foo bar"
14:00:01.246 [qtp1005373580-189] DEBUG o.s.c.c.CharSequenceEncoder - [df2e24d] Writing "901. foo bar"
14:00:01.246 [qtp1005373580-189] DEBUG o.s.c.c.CharSequenceEncoder - [df2e24d] Writing "902. foo bar"
14:00:01.246 [qtp1005373580-189] DEBUG o.s.c.c.CharSequenceEncoder - [df2e24d] Writing "903. foo bar"
14:00:01.246 [qtp1005373580-189] DEBUG o.s.c.c.CharSequenceEncoder - [df2e24d] Writing "904. foo bar"
14:00:01.246 [qtp1005373580-189] DEBUG o.s.c.c.CharSequenceEncoder - [df2e24d] Writing "905. foo bar"
14:00:01.246 [qtp1005373580-189] DEBUG o.s.c.c.CharSequenceEncoder - [df2e24d] Writing "906. foo bar"
14:00:01.247 [qtp1005373580-189] DEBUG o.s.c.c.CharSequenceEncoder - [df2e24d] Writing "907. foo bar"
14:00:01.247 [qtp1005373580-189] DEBUG o.s.c.c.CharSequenceEncoder - [df2e24d] Writing "908. foo bar"
14:00:01.247 [qtp1005373580-189] DEBUG o.s.c.c.CharSequenceEncoder - [df2e24d] Writing "909. foo bar"
14:00:01.247 [qtp1005373580-189] DEBUG o.s.c.c.CharSequenceEncoder - [df2e24d] Writing "910. foo bar"
14:00:01.247 [qtp1005373580-189] DEBUG o.s.c.c.CharSequenceEncoder - [df2e24d] Writing "911. foo bar"
14:00:01.247 [qtp1005373580-189] DEBUG o.s.c.c.CharSequenceEncoder - [df2e24d] Writing "912. foo bar"
14:00:01.247 [qtp1005373580-189] DEBUG o.s.c.c.CharSequenceEncoder - [df2e24d] Writing "913. foo bar"
14:00:01.247 [qtp1005373580-189] DEBUG o.s.c.c.CharSequenceEncoder - [df2e24d] Writing "914. foo bar"
14:00:01.247 [qtp1005373580-189] DEBUG o.s.c.c.CharSequenceEncoder - [df2e24d] Writing "915. foo bar"
14:00:01.248 [qtp1005373580-189] DEBUG o.s.c.c.CharSequenceEncoder - [df2e24d] Writing "916. foo bar"
14:00:01.248 [qtp1005373580-189] DEBUG o.s.c.c.CharSequenceEncoder - [df2e24d] Writing "917. foo bar"
14:00:01.248 [qtp1005373580-189] DEBUG o.s.c.c.CharSequenceEncoder - [df2e24d] Writing "918. foo bar"
14:00:01.248 [qtp1005373580-189] DEBUG o.s.c.c.CharSequenceEncoder - [df2e24d] Writing "919. foo bar"
14:00:01.248 [qtp1005373580-189] DEBUG o.s.c.c.CharSequenceEncoder - [df2e24d] Writing "920. foo bar"
14:00:01.248 [qtp1005373580-189] DEBUG o.s.c.c.CharSequenceEncoder - [df2e24d] Writing "921. foo bar"
14:00:01.248 [qtp1005373580-189] DEBUG o.s.c.c.CharSequenceEncoder - [df2e24d] Writing "922. foo bar"
14:00:01.249 [qtp1005373580-189] DEBUG o.s.c.c.CharSequenceEncoder - [df2e24d] Writing "923. foo bar"
14:00:01.249 [qtp1005373580-189] DEBUG o.s.c.c.CharSequenceEncoder - [df2e24d] Writing "924. foo bar"
14:00:01.249 [qtp1005373580-189] DEBUG o.s.c.c.CharSequenceEncoder - [df2e24d] Writing "925. foo bar"
14:00:01.249 [qtp1005373580-189] DEBUG o.s.c.c.CharSequenceEncoder - [df2e24d] Writing "926. foo bar"
14:00:01.249 [qtp1005373580-189] DEBUG o.s.c.c.CharSequenceEncoder - [df2e24d] Writing "927. foo bar"
14:00:01.249 [qtp1005373580-189] DEBUG o.s.c.c.CharSequenceEncoder - [df2e24d] Writing "928. foo bar"
14:00:01.249 [qtp1005373580-189] DEBUG o.s.c.c.CharSequenceEncoder - [df2e24d] Writing "929. foo bar"
14:00:01.250 [qtp1005373580-189] DEBUG o.s.c.c.CharSequenceEncoder - [df2e24d] Writing "930. foo bar"
14:00:01.250 [qtp1005373580-189] DEBUG o.s.c.c.CharSequenceEncoder - [df2e24d] Writing "931. foo bar"
14:00:01.250 [qtp1005373580-189] DEBUG o.s.c.c.CharSequenceEncoder - [df2e24d] Writing "932. foo bar"
14:00:01.250 [qtp1005373580-189] DEBUG o.s.c.c.CharSequenceEncoder - [df2e24d] Writing "933. foo bar"
14:00:01.250 [qtp1005373580-189] DEBUG o.s.c.c.CharSequenceEncoder - [df2e24d] Writing "934. foo bar"
14:00:01.250 [qtp1005373580-189] DEBUG o.s.c.c.CharSequenceEncoder - [df2e24d] Writing "935. foo bar"
14:00:01.250 [qtp1005373580-189] DEBUG o.s.c.c.CharSequenceEncoder - [df2e24d] Writing "936. foo bar"
14:00:01.250 [qtp1005373580-189] DEBUG o.s.c.c.CharSequenceEncoder - [df2e24d] Writing "937. foo bar"
14:00:01.250 [qtp1005373580-189] DEBUG o.s.c.c.CharSequenceEncoder - [df2e24d] Writing "938. foo bar"
14:00:01.251 [qtp1005373580-189] DEBUG o.s.c.c.CharSequenceEncoder - [df2e24d] Writing "939. foo bar"
14:00:01.251 [qtp1005373580-189] DEBUG o.s.c.c.CharSequenceEncoder - [df2e24d] Writing "940. foo bar"
14:00:01.251 [qtp1005373580-189] DEBUG o.s.c.c.CharSequenceEncoder - [df2e24d] Writing "941. foo bar"
14:00:01.251 [qtp1005373580-189] DEBUG o.s.c.c.CharSequenceEncoder - [df2e24d] Writing "942. foo bar"
14:00:01.251 [qtp1005373580-189] DEBUG o.s.c.c.CharSequenceEncoder - [df2e24d] Writing "943. foo bar"
14:00:01.251 [qtp1005373580-189] DEBUG o.s.c.c.CharSequenceEncoder - [df2e24d] Writing "944. foo bar"
14:00:01.251 [qtp1005373580-189] DEBUG o.s.c.c.CharSequenceEncoder - [df2e24d] Writing "945. foo bar"
14:00:01.251 [qtp1005373580-189] DEBUG o.s.c.c.CharSequenceEncoder - [df2e24d] Writing "946. foo bar"
14:00:01.251 [qtp1005373580-189] DEBUG o.s.c.c.CharSequenceEncoder - [df2e24d] Writing "947. foo bar"
14:00:01.252 [qtp1005373580-189] DEBUG o.s.c.c.CharSequenceEncoder - [df2e24d] Writing "948. foo bar"
14:00:01.252 [qtp1005373580-189] DEBUG o.s.c.c.CharSequenceEncoder - [df2e24d] Writing "949. foo bar"
14:00:01.253 [qtp1005373580-189] DEBUG o.s.c.c.CharSequenceEncoder - [df2e24d] Writing "950. foo bar"
14:00:01.253 [qtp1005373580-189] DEBUG o.s.c.c.CharSequenceEncoder - [df2e24d] Writing "951. foo bar"
14:00:01.253 [qtp1005373580-189] DEBUG o.s.c.c.CharSequenceEncoder - [df2e24d] Writing "952. foo bar"
14:00:01.253 [qtp1005373580-189] DEBUG o.s.c.c.CharSequenceEncoder - [df2e24d] Writing "953. foo bar"
14:00:01.254 [qtp1005373580-189] DEBUG o.s.c.c.CharSequenceEncoder - [df2e24d] Writing "954. foo bar"
14:00:01.254 [qtp1005373580-189] DEBUG o.s.c.c.CharSequenceEncoder - [df2e24d] Writing "955. foo bar"
14:00:01.254 [qtp1005373580-189] DEBUG o.s.c.c.CharSequenceEncoder - [df2e24d] Writing "956. foo bar"
14:00:01.254 [qtp1005373580-189] DEBUG o.s.c.c.CharSequenceEncoder - [df2e24d] Writing "957. foo bar"
14:00:01.254 [qtp1005373580-189] DEBUG o.s.c.c.CharSequenceEncoder - [df2e24d] Writing "958. foo bar"
14:00:01.254 [qtp1005373580-189] DEBUG o.s.c.c.CharSequenceEncoder - [df2e24d] Writing "959. foo bar"
14:00:01.254 [qtp1005373580-189] DEBUG o.s.c.c.CharSequenceEncoder - [df2e24d] Writing "960. foo bar"
14:00:01.254 [qtp1005373580-189] DEBUG o.s.c.c.CharSequenceEncoder - [df2e24d] Writing "961. foo bar"
14:00:01.255 [qtp1005373580-189] DEBUG o.s.c.c.CharSequenceEncoder - [df2e24d] Writing "962. foo bar"
14:00:01.255 [qtp1005373580-189] DEBUG o.s.c.c.CharSequenceEncoder - [df2e24d] Writing "963. foo bar"
14:00:01.255 [qtp1005373580-189] DEBUG o.s.c.c.CharSequenceEncoder - [df2e24d] Writing "964. foo bar"
14:00:01.255 [qtp1005373580-189] DEBUG o.s.c.c.CharSequenceEncoder - [df2e24d] Writing "965. foo bar"
14:00:01.255 [qtp1005373580-189] DEBUG o.s.c.c.CharSequenceEncoder - [df2e24d] Writing "966. foo bar"
14:00:01.255 [qtp1005373580-189] DEBUG o.s.c.c.CharSequenceEncoder - [df2e24d] Writing "967. foo bar"
14:00:01.255 [qtp1005373580-189] DEBUG o.s.c.c.CharSequenceEncoder - [df2e24d] Writing "968. foo bar"
14:00:01.255 [qtp1005373580-189] DEBUG o.s.c.c.CharSequenceEncoder - [df2e24d] Writing "969. foo bar"
14:00:01.255 [qtp1005373580-189] DEBUG o.s.c.c.CharSequenceEncoder - [df2e24d] Writing "970. foo bar"
14:00:01.255 [qtp1005373580-189] DEBUG o.s.c.c.CharSequenceEncoder - [df2e24d] Writing "971. foo bar"
14:00:01.256 [qtp1005373580-189] DEBUG o.s.c.c.CharSequenceEncoder - [df2e24d] Writing "972. foo bar"
14:00:01.256 [qtp1005373580-189] DEBUG o.s.c.c.CharSequenceEncoder - [df2e24d] Writing "973. foo bar"
14:00:01.256 [qtp1005373580-189] DEBUG o.s.c.c.CharSequenceEncoder - [df2e24d] Writing "974. foo bar"
14:00:01.256 [qtp1005373580-189] DEBUG o.s.c.c.CharSequenceEncoder - [df2e24d] Writing "975. foo bar"
14:00:01.256 [qtp1005373580-189] DEBUG o.s.c.c.CharSequenceEncoder - [df2e24d] Writing "976. foo bar"
14:00:01.260 [qtp1005373580-189] DEBUG o.s.c.c.CharSequenceEncoder - [df2e24d] Writing "977. foo bar"
14:00:01.260 [qtp1005373580-189] DEBUG o.s.c.c.CharSequenceEncoder - [df2e24d] Writing "978. foo bar"
14:00:01.260 [qtp1005373580-189] DEBUG o.s.c.c.CharSequenceEncoder - [df2e24d] Writing "979. foo bar"
14:00:01.260 [qtp1005373580-189] DEBUG o.s.c.c.CharSequenceEncoder - [df2e24d] Writing "980. foo bar"
14:00:01.260 [qtp1005373580-189] DEBUG o.s.c.c.CharSequenceEncoder - [df2e24d] Writing "981. foo bar"
14:00:01.260 [qtp1005373580-189] DEBUG o.s.c.c.CharSequenceEncoder - [df2e24d] Writing "982. foo bar"
14:00:01.260 [qtp1005373580-189] DEBUG o.s.c.c.CharSequenceEncoder - [df2e24d] Writing "983. foo bar"
14:00:01.260 [qtp1005373580-189] DEBUG o.s.c.c.CharSequenceEncoder - [df2e24d] Writing "984. foo bar"
14:00:01.261 [qtp1005373580-189] DEBUG o.s.c.c.CharSequenceEncoder - [df2e24d] Writing "985. foo bar"
14:00:01.261 [qtp1005373580-189] DEBUG o.s.c.c.CharSequenceEncoder - [df2e24d] Writing "986. foo bar"
14:00:01.261 [qtp1005373580-189] DEBUG o.s.c.c.CharSequenceEncoder - [df2e24d] Writing "987. foo bar"
14:00:01.261 [qtp1005373580-189] DEBUG o.s.c.c.CharSequenceEncoder - [df2e24d] Writing "988. foo bar"
14:00:01.261 [qtp1005373580-189] DEBUG o.s.c.c.CharSequenceEncoder - [df2e24d] Writing "989. foo bar"
14:00:01.261 [qtp1005373580-189] DEBUG o.s.c.c.CharSequenceEncoder - [df2e24d] Writing "990. foo bar"
14:00:01.261 [qtp1005373580-189] DEBUG o.s.c.c.CharSequenceEncoder - [df2e24d] Writing "991. foo bar"
14:00:01.262 [qtp1005373580-189] DEBUG o.s.c.c.CharSequenceEncoder - [df2e24d] Writing "992. foo bar"
14:00:01.262 [qtp1005373580-189] DEBUG o.s.c.c.CharSequenceEncoder - [df2e24d] Writing "993. foo bar"
14:00:01.262 [qtp1005373580-189] DEBUG o.s.c.c.CharSequenceEncoder - [df2e24d] Writing "994. foo bar"
14:00:01.262 [qtp1005373580-189] DEBUG o.s.c.c.CharSequenceEncoder - [df2e24d] Writing "995. foo bar"
14:00:01.262 [qtp1005373580-189] DEBUG o.s.c.c.CharSequenceEncoder - [df2e24d] Writing "996. foo bar"
14:00:01.262 [qtp1005373580-189] DEBUG o.s.c.c.CharSequenceEncoder - [df2e24d] Writing "997. foo bar"
14:00:01.262 [qtp1005373580-189] DEBUG o.s.c.c.CharSequenceEncoder - [df2e24d] Writing "998. foo bar"
14:00:01.262 [qtp1005373580-189] DEBUG o.s.c.c.CharSequenceEncoder - [df2e24d] Writing "999. foo bar"
14:00:01.264 [qtp1005373580-189] ERROR o.s.w.s.a.HttpWebHandlerAdapter - [df2e24d] Error [java.lang.RuntimeException: Random error] for HTTP GET "/SPR-16051", but ServerHttpResponse already committed (200 OK)
14:00:01.265 [qtp1005373580-189] WARN  o.e.j.s.HttpChannel - /SPR-16051
javax.servlet.ServletException: Failed to create response content
	at org.springframework.http.server.reactive.ServletHttpHandlerAdapter.service(ServletHttpHandlerAdapter.java:162) ~[spring-web-5.2.7.BUILD-SNAPSHOT.jar:5.2.7.BUILD-SNAPSHOT]
	at org.eclipse.jetty.servlet.ServletHolder.handle(ServletHolder.java:763) ~[jetty-servlet-9.4.29.v20200521.jar:9.4.29.v20200521]
	at org.eclipse.jetty.servlet.ServletHandler.doHandle(ServletHandler.java:551) ~[jetty-servlet-9.4.29.v20200521.jar:9.4.29.v20200521]
	at org.eclipse.jetty.server.handler.ScopedHandler.nextHandle(ScopedHandler.java:233) ~[jetty-server-9.4.29.v20200521.jar:9.4.29.v20200521]
	at org.eclipse.jetty.server.handler.ContextHandler.doHandle(ContextHandler.java:1369) ~[jetty-server-9.4.29.v20200521.jar:9.4.29.v20200521]
	at org.eclipse.jetty.server.handler.ScopedHandler.nextScope(ScopedHandler.java:188) ~[jetty-server-9.4.29.v20200521.jar:9.4.29.v20200521]
	at org.eclipse.jetty.servlet.ServletHandler.doScope(ServletHandler.java:489) ~[jetty-servlet-9.4.29.v20200521.jar:9.4.29.v20200521]
	at org.eclipse.jetty.server.handler.ScopedHandler.nextScope(ScopedHandler.java:186) ~[jetty-server-9.4.29.v20200521.jar:9.4.29.v20200521]
	at org.eclipse.jetty.server.handler.ContextHandler.doScope(ContextHandler.java:1284) ~[jetty-server-9.4.29.v20200521.jar:9.4.29.v20200521]
	at org.eclipse.jetty.server.handler.ScopedHandler.handle(ScopedHandler.java:141) ~[jetty-server-9.4.29.v20200521.jar:9.4.29.v20200521]
	at org.eclipse.jetty.server.handler.HandlerWrapper.handle(HandlerWrapper.java:127) ~[jetty-server-9.4.29.v20200521.jar:9.4.29.v20200521]
	at org.eclipse.jetty.server.Server.handleAsync(Server.java:544) ~[jetty-server-9.4.29.v20200521.jar:9.4.29.v20200521]
	at org.eclipse.jetty.server.HttpChannel.lambda$handle$2(HttpChannel.java:391) ~[jetty-server-9.4.29.v20200521.jar:9.4.29.v20200521]
	at org.eclipse.jetty.server.HttpChannel.dispatch(HttpChannel.java:556) ~[jetty-server-9.4.29.v20200521.jar:9.4.29.v20200521]
	at org.eclipse.jetty.server.HttpChannel.handle(HttpChannel.java:391) [jetty-server-9.4.29.v20200521.jar:9.4.29.v20200521]
	at org.eclipse.jetty.server.HttpConnection.onFillable(HttpConnection.java:273) [jetty-server-9.4.29.v20200521.jar:9.4.29.v20200521]
	at org.eclipse.jetty.io.AbstractConnection$ReadCallback.succeeded(AbstractConnection.java:311) [jetty-io-9.4.29.v20200521.jar:9.4.29.v20200521]
	at org.eclipse.jetty.io.FillInterest.fillable(FillInterest.java:103) [jetty-io-9.4.29.v20200521.jar:9.4.29.v20200521]
	at org.eclipse.jetty.io.ChannelEndPoint$1.run(ChannelEndPoint.java:104) [jetty-io-9.4.29.v20200521.jar:9.4.29.v20200521]
	at org.eclipse.jetty.util.thread.QueuedThreadPool.runJob(QueuedThreadPool.java:806) [jetty-util-9.4.29.v20200521.jar:9.4.29.v20200521]
	at org.eclipse.jetty.util.thread.QueuedThreadPool$Runner.run(QueuedThreadPool.java:938) [jetty-util-9.4.29.v20200521.jar:9.4.29.v20200521]
	at java.lang.Thread.run(Thread.java:748) [?:1.8.0_232]
Caused by: java.lang.RuntimeException: Random error
	at org.springframework.web.reactive.result.method.annotation.RequestMappingExceptionHandlingIntegrationTests$TestController.lambda$errors$0(RequestMappingExceptionHandlingIntegrationTests.java:154) ~[test/:?]
	Suppressed: reactor.core.publisher.FluxOnAssembly$OnAssemblyException: 
Error has been observed at the following site(s):
	|_ checkpoint ⇢ Handler org.springframework.web.reactive.result.method.annotation.RequestMappingExceptionHandlingIntegrationTests$TestController#errors() [DispatcherHandler]
	|_ checkpoint ⇢ HTTP GET "/SPR-16051" [ExceptionHandlingWebHandler]
Stack trace:
		at org.springframework.web.reactive.result.method.annotation.RequestMappingExceptionHandlingIntegrationTests$TestController.lambda$errors$0(RequestMappingExceptionHandlingIntegrationTests.java:154) ~[test/:?]
		at reactor.core.publisher.FluxMapFuseable$MapFuseableSubscriber.onNext(FluxMapFuseable.java:107) ~[reactor-core-3.3.5.RELEASE.jar:3.3.5.RELEASE]
		at reactor.core.publisher.FluxRange$RangeSubscription.slowPath(FluxRange.java:154) ~[reactor-core-3.3.5.RELEASE.jar:3.3.5.RELEASE]
		at reactor.core.publisher.FluxRange$RangeSubscription.request(FluxRange.java:109) ~[reactor-core-3.3.5.RELEASE.jar:3.3.5.RELEASE]
		at reactor.core.publisher.FluxMapFuseable$MapFuseableSubscriber.request(FluxMapFuseable.java:162) ~[reactor-core-3.3.5.RELEASE.jar:3.3.5.RELEASE]
		at reactor.core.publisher.FluxMapFuseable$MapFuseableSubscriber.request(FluxMapFuseable.java:162) ~[reactor-core-3.3.5.RELEASE.jar:3.3.5.RELEASE]
		at org.springframework.http.server.reactive.ChannelSendOperator$WriteBarrier.onSubscribe(ChannelSendOperator.java:166) ~[spring-web-5.2.7.BUILD-SNAPSHOT.jar:5.2.7.BUILD-SNAPSHOT]
		at reactor.core.publisher.FluxMapFuseable$MapFuseableSubscriber.onSubscribe(FluxMapFuseable.java:90) ~[reactor-core-3.3.5.RELEASE.jar:3.3.5.RELEASE]
		at reactor.core.publisher.FluxMapFuseable$MapFuseableSubscriber.onSubscribe(FluxMapFuseable.java:90) ~[reactor-core-3.3.5.RELEASE.jar:3.3.5.RELEASE]
		at reactor.core.publisher.FluxRange.subscribe(FluxRange.java:68) ~[reactor-core-3.3.5.RELEASE.jar:3.3.5.RELEASE]
		at reactor.core.publisher.InternalFluxOperator.subscribe(InternalFluxOperator.java:62) ~[reactor-core-3.3.5.RELEASE.jar:3.3.5.RELEASE]
		at org.springframework.http.server.reactive.ChannelSendOperator.subscribe(ChannelSendOperator.java:77) ~[spring-web-5.2.7.BUILD-SNAPSHOT.jar:5.2.7.BUILD-SNAPSHOT]
		at reactor.core.publisher.InternalMonoOperator.subscribe(InternalMonoOperator.java:64) ~[reactor-core-3.3.5.RELEASE.jar:3.3.5.RELEASE]
		at reactor.core.publisher.MonoFlatMap$FlatMapMain.onNext(MonoFlatMap.java:150) ~[reactor-core-3.3.5.RELEASE.jar:3.3.5.RELEASE]
		at reactor.core.publisher.Operators$MonoSubscriber.complete(Operators.java:1755) ~[reactor-core-3.3.5.RELEASE.jar:3.3.5.RELEASE]
		at reactor.core.publisher.MonoFlatMap$FlatMapInner.onNext(MonoFlatMap.java:241) ~[reactor-core-3.3.5.RELEASE.jar:3.3.5.RELEASE]
		at reactor.core.publisher.FluxOnErrorResume$ResumeSubscriber.onNext(FluxOnErrorResume.java:73) ~[reactor-core-3.3.5.RELEASE.jar:3.3.5.RELEASE]
		at reactor.core.publisher.FluxPeekFuseable$PeekFuseableSubscriber.onNext(FluxPeekFuseable.java:203) ~[reactor-core-3.3.5.RELEASE.jar:3.3.5.RELEASE]
		at reactor.core.publisher.FluxPeekFuseable$PeekFuseableSubscriber.onNext(FluxPeekFuseable.java:203) ~[reactor-core-3.3.5.RELEASE.jar:3.3.5.RELEASE]
		at reactor.core.publisher.Operators$MonoSubscriber.complete(Operators.java:1755) ~[reactor-core-3.3.5.RELEASE.jar:3.3.5.RELEASE]
		at reactor.core.publisher.MonoIgnoreThen$ThenAcceptInner.onNext(MonoIgnoreThen.java:296) ~[reactor-core-3.3.5.RELEASE.jar:3.3.5.RELEASE]
		at reactor.core.publisher.Operators$ScalarSubscription.request(Operators.java:2317) ~[reactor-core-3.3.5.RELEASE.jar:3.3.5.RELEASE]
		at reactor.core.publisher.MonoIgnoreThen$ThenAcceptInner.onSubscribe(MonoIgnoreThen.java:285) ~[reactor-core-3.3.5.RELEASE.jar:3.3.5.RELEASE]
		at reactor.core.publisher.FluxFlatMap.trySubscribeScalarMap(FluxFlatMap.java:191) ~[reactor-core-3.3.5.RELEASE.jar:3.3.5.RELEASE]
		at reactor.core.publisher.MonoFlatMap.subscribeOrReturn(MonoFlatMap.java:53) ~[reactor-core-3.3.5.RELEASE.jar:3.3.5.RELEASE]
		at reactor.core.publisher.InternalMonoOperator.subscribe(InternalMonoOperator.java:57) ~[reactor-core-3.3.5.RELEASE.jar:3.3.5.RELEASE]
		at reactor.core.publisher.MonoDefer.subscribe(MonoDefer.java:52) ~[reactor-core-3.3.5.RELEASE.jar:3.3.5.RELEASE]
		at reactor.core.publisher.MonoIgnoreThen$ThenIgnoreMain.drain(MonoIgnoreThen.java:153) ~[reactor-core-3.3.5.RELEASE.jar:3.3.5.RELEASE]
		at reactor.core.publisher.MonoIgnoreThen.subscribe(MonoIgnoreThen.java:56) ~[reactor-core-3.3.5.RELEASE.jar:3.3.5.RELEASE]
		at reactor.core.publisher.InternalMonoOperator.subscribe(InternalMonoOperator.java:64) ~[reactor-core-3.3.5.RELEASE.jar:3.3.5.RELEASE]
		at reactor.core.publisher.MonoFlatMap$FlatMapMain.onNext(MonoFlatMap.java:150) ~[reactor-core-3.3.5.RELEASE.jar:3.3.5.RELEASE]
		at reactor.core.publisher.FluxSwitchIfEmpty$SwitchIfEmptySubscriber.onNext(FluxSwitchIfEmpty.java:67) ~[reactor-core-3.3.5.RELEASE.jar:3.3.5.RELEASE]
		at reactor.core.publisher.MonoNext$NextSubscriber.onNext(MonoNext.java:76) ~[reactor-core-3.3.5.RELEASE.jar:3.3.5.RELEASE]
		at reactor.core.publisher.FluxConcatMap$ConcatMapImmediate.innerNext(FluxConcatMap.java:274) ~[reactor-core-3.3.5.RELEASE.jar:3.3.5.RELEASE]
		at reactor.core.publisher.FluxConcatMap$ConcatMapInner.onNext(FluxConcatMap.java:851) ~[reactor-core-3.3.5.RELEASE.jar:3.3.5.RELEASE]
		at reactor.core.publisher.FluxMapFuseable$MapFuseableSubscriber.onNext(FluxMapFuseable.java:121) ~[reactor-core-3.3.5.RELEASE.jar:3.3.5.RELEASE]
		at reactor.core.publisher.MonoPeekTerminal$MonoTerminalPeekSubscriber.onNext(MonoPeekTerminal.java:173) ~[reactor-core-3.3.5.RELEASE.jar:3.3.5.RELEASE]
		at reactor.core.publisher.Operators$ScalarSubscription.request(Operators.java:2317) ~[reactor-core-3.3.5.RELEASE.jar:3.3.5.RELEASE]
		at reactor.core.publisher.MonoPeekTerminal$MonoTerminalPeekSubscriber.request(MonoPeekTerminal.java:132) ~[reactor-core-3.3.5.RELEASE.jar:3.3.5.RELEASE]
		at reactor.core.publisher.FluxMapFuseable$MapFuseableSubscriber.request(FluxMapFuseable.java:162) ~[reactor-core-3.3.5.RELEASE.jar:3.3.5.RELEASE]
		at reactor.core.publisher.Operators$MultiSubscriptionSubscriber.set(Operators.java:2125) ~[reactor-core-3.3.5.RELEASE.jar:3.3.5.RELEASE]
		at reactor.core.publisher.Operators$MultiSubscriptionSubscriber.onSubscribe(Operators.java:1999) ~[reactor-core-3.3.5.RELEASE.jar:3.3.5.RELEASE]
		at reactor.core.publisher.FluxMapFuseable$MapFuseableSubscriber.onSubscribe(FluxMapFuseable.java:90) ~[reactor-core-3.3.5.RELEASE.jar:3.3.5.RELEASE]
		at reactor.core.publisher.MonoPeekTerminal$MonoTerminalPeekSubscriber.onSubscribe(MonoPeekTerminal.java:145) ~[reactor-core-3.3.5.RELEASE.jar:3.3.5.RELEASE]
		at reactor.core.publisher.MonoJust.subscribe(MonoJust.java:54) ~[reactor-core-3.3.5.RELEASE.jar:3.3.5.RELEASE]
		at reactor.core.publisher.Mono.subscribe(Mono.java:4218) ~[reactor-core-3.3.5.RELEASE.jar:3.3.5.RELEASE]
		at reactor.core.publisher.FluxConcatMap$ConcatMapImmediate.drain(FluxConcatMap.java:441) ~[reactor-core-3.3.5.RELEASE.jar:3.3.5.RELEASE]
		at reactor.core.publisher.FluxConcatMap$ConcatMapImmediate.onSubscribe(FluxConcatMap.java:211) ~[reactor-core-3.3.5.RELEASE.jar:3.3.5.RELEASE]
		at reactor.core.publisher.FluxIterable.subscribe(FluxIterable.java:161) ~[reactor-core-3.3.5.RELEASE.jar:3.3.5.RELEASE]
		at reactor.core.publisher.FluxIterable.subscribe(FluxIterable.java:86) ~[reactor-core-3.3.5.RELEASE.jar:3.3.5.RELEASE]
		at reactor.core.publisher.InternalMonoOperator.subscribe(InternalMonoOperator.java:64) ~[reactor-core-3.3.5.RELEASE.jar:3.3.5.RELEASE]
		at reactor.core.publisher.MonoDefer.subscribe(MonoDefer.java:52) ~[reactor-core-3.3.5.RELEASE.jar:3.3.5.RELEASE]
		at reactor.core.publisher.Mono.subscribe(Mono.java:4218) ~[reactor-core-3.3.5.RELEASE.jar:3.3.5.RELEASE]
		at reactor.core.publisher.MonoIgnoreThen$ThenIgnoreMain.drain(MonoIgnoreThen.java:172) ~[reactor-core-3.3.5.RELEASE.jar:3.3.5.RELEASE]
		at reactor.core.publisher.MonoIgnoreThen.subscribe(MonoIgnoreThen.java:56) ~[reactor-core-3.3.5.RELEASE.jar:3.3.5.RELEASE]
		at reactor.core.publisher.Mono.subscribe(Mono.java:4218) ~[reactor-core-3.3.5.RELEASE.jar:3.3.5.RELEASE]
		at org.springframework.http.server.reactive.ServletHttpHandlerAdapter.service(ServletHttpHandlerAdapter.java:192) ~[spring-web-5.2.7.BUILD-SNAPSHOT.jar:5.2.7.BUILD-SNAPSHOT]
		at org.eclipse.jetty.servlet.ServletHolder.handle(ServletHolder.java:763) ~[jetty-servlet-9.4.29.v20200521.jar:9.4.29.v20200521]
		at org.eclipse.jetty.servlet.ServletHandler.doHandle(ServletHandler.java:551) ~[jetty-servlet-9.4.29.v20200521.jar:9.4.29.v20200521]
		at org.eclipse.jetty.server.handler.ScopedHandler.nextHandle(ScopedHandler.java:233) ~[jetty-server-9.4.29.v20200521.jar:9.4.29.v20200521]
		at org.eclipse.jetty.server.handler.ContextHandler.doHandle(ContextHandler.java:1369) ~[jetty-server-9.4.29.v20200521.jar:9.4.29.v20200521]
		at org.eclipse.jetty.server.handler.ScopedHandler.nextScope(ScopedHandler.java:188) ~[jetty-server-9.4.29.v20200521.jar:9.4.29.v20200521]
		at org.eclipse.jetty.servlet.ServletHandler.doScope(ServletHandler.java:489) ~[jetty-servlet-9.4.29.v20200521.jar:9.4.29.v20200521]
		at org.eclipse.jetty.server.handler.ScopedHandler.nextScope(ScopedHandler.java:186) ~[jetty-server-9.4.29.v20200521.jar:9.4.29.v20200521]
		at org.eclipse.jetty.server.handler.ContextHandler.doScope(ContextHandler.java:1284) ~[jetty-server-9.4.29.v20200521.jar:9.4.29.v20200521]
		at org.eclipse.jetty.server.handler.ScopedHandler.handle(ScopedHandler.java:141) ~[jetty-server-9.4.29.v20200521.jar:9.4.29.v20200521]
		at org.eclipse.jetty.server.handler.HandlerWrapper.handle(HandlerWrapper.java:127) ~[jetty-server-9.4.29.v20200521.jar:9.4.29.v20200521]
		at org.eclipse.jetty.server.Server.handle(Server.java:501) ~[jetty-server-9.4.29.v20200521.jar:9.4.29.v20200521]
		at org.eclipse.jetty.server.HttpChannel.lambda$handle$1(HttpChannel.java:383) ~[jetty-server-9.4.29.v20200521.jar:9.4.29.v20200521]
		at org.eclipse.jetty.server.HttpChannel.dispatch(HttpChannel.java:556) ~[jetty-server-9.4.29.v20200521.jar:9.4.29.v20200521]
		at org.eclipse.jetty.server.HttpChannel.handle(HttpChannel.java:375) [jetty-server-9.4.29.v20200521.jar:9.4.29.v20200521]
		at org.eclipse.jetty.server.HttpConnection.onFillable(HttpConnection.java:273) [jetty-server-9.4.29.v20200521.jar:9.4.29.v20200521]
		at org.eclipse.jetty.io.AbstractConnection$ReadCallback.succeeded(AbstractConnection.java:311) [jetty-io-9.4.29.v20200521.jar:9.4.29.v20200521]
		at org.eclipse.jetty.io.FillInterest.fillable(FillInterest.java:103) [jetty-io-9.4.29.v20200521.jar:9.4.29.v20200521]
		at org.eclipse.jetty.io.ChannelEndPoint$1.run(ChannelEndPoint.java:104) [jetty-io-9.4.29.v20200521.jar:9.4.29.v20200521]
		at org.eclipse.jetty.util.thread.QueuedThreadPool.runJob(QueuedThreadPool.java:806) [jetty-util-9.4.29.v20200521.jar:9.4.29.v20200521]
		at org.eclipse.jetty.util.thread.QueuedThreadPool$Runner.run(QueuedThreadPool.java:938) [jetty-util-9.4.29.v20200521.jar:9.4.29.v20200521]
		at java.lang.Thread.run(Thread.java:748) [?:1.8.0_232]
14:00:01.290 [Test worker] DEBUG o.s.w.t.h.s.r.b.JettyHttpServer - Stopping JettyHttpServer...
14:00:01.290 [Test worker] INFO  o.e.j.s.h.ContextHandler - Stopped o.e.j.s.ServletContextHandler@5fdb770{/,null,UNAVAILABLE}
14:00:01.292 [Test worker] INFO  o.e.j.s.AbstractConnector - Stopped ServerConnector@52a93b0a{HTTP/1.1, (http/1.1)}{0.0.0.0:0}
14:00:01.292 [Test worker] DEBUG o.s.w.t.h.s.r.b.JettyHttpServer - Server stopped (0 millis).
14:00:01.356 [Test worker] DEBUG o.s.w.r.r.m.a.RequestMappingHandlerMapping - 6 mappings in 'requestMappingHandlerMapping'
14:00:01.383 [Test worker] DEBUG o.s.w.r.r.m.a.ControllerMethodResolver - ControllerAdvice beans: none
14:00:01.446 [Test worker] DEBUG o.s.w.s.a.HttpWebHandlerAdapter - enableLoggingRequestDetails='false': form data and headers will be masked to prevent unsafe logging of potentially sensitive data
14:00:01.447 [Test worker] DEBUG o.s.w.t.h.s.r.b.ReactorHttpServer - Starting ReactorHttpServer...
14:00:01.448 [Test worker] DEBUG o.s.w.t.h.s.r.b.ReactorHttpServer - Server started on port 33593(0 millis).
14:00:01.449 [Test worker] DEBUG o.s.w.c.RestTemplate - HTTP GET http://localhost:33593/SPR-16051
14:00:01.450 [Test worker] DEBUG o.s.w.c.RestTemplate - Accept=[text/plain, application/json, application/x-jackson-smile, application/*+json, */*]
14:00:01.451 [reactor-http-epoll-2] DEBUG o.s.w.s.a.HttpWebHandlerAdapter - [678dd1ce-5] HTTP GET "/SPR-16051"
14:00:01.452 [reactor-http-epoll-2] DEBUG o.s.w.r.r.m.a.RequestMappingHandlerMapping - [678dd1ce-5] Mapped to org.springframework.web.reactive.result.method.annotation.RequestMappingExceptionHandlingIntegrationTests$TestController#errors()
14:00:01.453 [reactor-http-epoll-2] DEBUG o.s.w.r.r.m.a.ResponseBodyResultHandler - Using 'text/plain;charset=UTF-8' given [text/plain, application/json, application/x-jackson-smile, application/*+json, */*] and supported [text/plain;charset=UTF-8, text/event-stream, text/plain;charset=UTF-8, */*]
14:00:01.453 [reactor-http-epoll-2] DEBUG o.s.w.r.r.m.a.ResponseBodyResultHandler - [678dd1ce-5] 0..N [java.lang.String]
14:00:01.455 [reactor-http-epoll-2] DEBUG o.s.c.c.CharSequenceEncoder - [678dd1ce-5] Writing "1. foo bar"
14:00:01.460 [Test worker] DEBUG o.s.w.c.RestTemplate - Response 200 OK
14:00:01.473 [reactor-http-epoll-2] DEBUG o.s.c.c.CharSequenceEncoder - [678dd1ce-5] Writing "2. foo bar"
14:00:01.473 [reactor-http-epoll-2] DEBUG o.s.c.c.CharSequenceEncoder - [678dd1ce-5] Writing "3. foo bar"
14:00:01.481 [reactor-http-epoll-2] DEBUG o.s.c.c.CharSequenceEncoder - [678dd1ce-5] Writing "4. foo bar"
14:00:01.482 [reactor-http-epoll-2] DEBUG o.s.c.c.CharSequenceEncoder - [678dd1ce-5] Writing "5. foo bar"
14:00:01.482 [reactor-http-epoll-2] DEBUG o.s.c.c.CharSequenceEncoder - [678dd1ce-5] Writing "6. foo bar"
14:00:01.482 [reactor-http-epoll-2] DEBUG o.s.c.c.CharSequenceEncoder - [678dd1ce-5] Writing "7. foo bar"
14:00:01.482 [reactor-http-epoll-2] DEBUG o.s.c.c.CharSequenceEncoder - [678dd1ce-5] Writing "8. foo bar"
14:00:01.483 [reactor-http-epoll-2] DEBUG o.s.c.c.CharSequenceEncoder - [678dd1ce-5] Writing "9. foo bar"
14:00:01.483 [reactor-http-epoll-2] DEBUG o.s.c.c.CharSequenceEncoder - [678dd1ce-5] Writing "10. foo bar"
14:00:01.483 [reactor-http-epoll-2] DEBUG o.s.c.c.CharSequenceEncoder - [678dd1ce-5] Writing "11. foo bar"
14:00:01.483 [reactor-http-epoll-2] DEBUG o.s.c.c.CharSequenceEncoder - [678dd1ce-5] Writing "12. foo bar"
14:00:01.484 [reactor-http-epoll-2] DEBUG o.s.c.c.CharSequenceEncoder - [678dd1ce-5] Writing "13. foo bar"
14:00:01.484 [reactor-http-epoll-2] DEBUG o.s.c.c.CharSequenceEncoder - [678dd1ce-5] Writing "14. foo bar"
14:00:01.484 [reactor-http-epoll-2] DEBUG o.s.c.c.CharSequenceEncoder - [678dd1ce-5] Writing "15. foo bar"
14:00:01.492 [reactor-http-epoll-2] DEBUG o.s.c.c.CharSequenceEncoder - [678dd1ce-5] Writing "16. foo bar"
14:00:01.492 [reactor-http-epoll-2] DEBUG o.s.c.c.CharSequenceEncoder - [678dd1ce-5] Writing "17. foo bar"
14:00:01.495 [reactor-http-epoll-2] DEBUG o.s.c.c.CharSequenceEncoder - [678dd1ce-5] Writing "18. foo bar"
14:00:01.495 [reactor-http-epoll-2] DEBUG o.s.c.c.CharSequenceEncoder - [678dd1ce-5] Writing "19. foo bar"
14:00:01.495 [reactor-http-epoll-2] DEBUG o.s.c.c.CharSequenceEncoder - [678dd1ce-5] Writing "20. foo bar"
14:00:01.495 [reactor-http-epoll-2] DEBUG o.s.c.c.CharSequenceEncoder - [678dd1ce-5] Writing "21. foo bar"
14:00:01.496 [reactor-http-epoll-2] DEBUG o.s.c.c.CharSequenceEncoder - [678dd1ce-5] Writing "22. foo bar"
14:00:01.496 [reactor-http-epoll-2] DEBUG o.s.c.c.CharSequenceEncoder - [678dd1ce-5] Writing "23. foo bar"
14:00:01.496 [reactor-http-epoll-2] DEBUG o.s.c.c.CharSequenceEncoder - [678dd1ce-5] Writing "24. foo bar"
14:00:01.496 [reactor-http-epoll-2] DEBUG o.s.c.c.CharSequenceEncoder - [678dd1ce-5] Writing "25. foo bar"
14:00:01.496 [reactor-http-epoll-2] DEBUG o.s.c.c.CharSequenceEncoder - [678dd1ce-5] Writing "26. foo bar"
14:00:01.497 [reactor-http-epoll-2] DEBUG o.s.c.c.CharSequenceEncoder - [678dd1ce-5] Writing "27. foo bar"
14:00:01.497 [reactor-http-epoll-2] DEBUG o.s.c.c.CharSequenceEncoder - [678dd1ce-5] Writing "28. foo bar"
14:00:01.509 [reactor-http-epoll-2] DEBUG o.s.c.c.CharSequenceEncoder - [678dd1ce-5] Writing "29. foo bar"
14:00:01.510 [reactor-http-epoll-2] DEBUG o.s.c.c.CharSequenceEncoder - [678dd1ce-5] Writing "30. foo bar"
14:00:01.510 [reactor-http-epoll-2] DEBUG o.s.c.c.CharSequenceEncoder - [678dd1ce-5] Writing "31. foo bar"
14:00:01.510 [reactor-http-epoll-2] DEBUG o.s.c.c.CharSequenceEncoder - [678dd1ce-5] Writing "32. foo bar"
14:00:01.511 [reactor-http-epoll-2] DEBUG o.s.c.c.CharSequenceEncoder - [678dd1ce-5] Writing "33. foo bar"
14:00:01.511 [reactor-http-epoll-2] DEBUG o.s.c.c.CharSequenceEncoder - [678dd1ce-5] Writing "34. foo bar"
14:00:01.511 [reactor-http-epoll-2] DEBUG o.s.c.c.CharSequenceEncoder - [678dd1ce-5] Writing "35. foo bar"
14:00:01.511 [reactor-http-epoll-2] DEBUG o.s.c.c.CharSequenceEncoder - [678dd1ce-5] Writing "36. foo bar"
14:00:01.511 [reactor-http-epoll-2] DEBUG o.s.c.c.CharSequenceEncoder - [678dd1ce-5] Writing "37. foo bar"
14:00:01.512 [reactor-http-epoll-2] DEBUG o.s.c.c.CharSequenceEncoder - [678dd1ce-5] Writing "38. foo bar"
14:00:01.512 [reactor-http-epoll-2] DEBUG o.s.c.c.CharSequenceEncoder - [678dd1ce-5] Writing "39. foo bar"
14:00:01.512 [reactor-http-epoll-2] DEBUG o.s.c.c.CharSequenceEncoder - [678dd1ce-5] Writing "40. foo bar"
14:00:01.512 [reactor-http-epoll-2] DEBUG o.s.c.c.CharSequenceEncoder - [678dd1ce-5] Writing "41. foo bar"
14:00:01.529 [reactor-http-epoll-2] DEBUG o.s.c.c.CharSequenceEncoder - [678dd1ce-5] Writing "42. foo bar"
14:00:01.530 [reactor-http-epoll-2] DEBUG o.s.c.c.CharSequenceEncoder - [678dd1ce-5] Writing "43. foo bar"
14:00:01.530 [reactor-http-epoll-2] DEBUG o.s.c.c.CharSequenceEncoder - [678dd1ce-5] Writing "44. foo bar"
14:00:01.530 [reactor-http-epoll-2] DEBUG o.s.c.c.CharSequenceEncoder - [678dd1ce-5] Writing "45. foo bar"
14:00:01.530 [reactor-http-epoll-2] DEBUG o.s.c.c.CharSequenceEncoder - [678dd1ce-5] Writing "46. foo bar"
14:00:01.531 [reactor-http-epoll-2] DEBUG o.s.c.c.CharSequenceEncoder - [678dd1ce-5] Writing "47. foo bar"
14:00:01.531 [reactor-http-epoll-2] DEBUG o.s.c.c.CharSequenceEncoder - [678dd1ce-5] Writing "48. foo bar"
14:00:01.531 [reactor-http-epoll-2] DEBUG o.s.c.c.CharSequenceEncoder - [678dd1ce-5] Writing "49. foo bar"
14:00:01.531 [reactor-http-epoll-2] DEBUG o.s.c.c.CharSequenceEncoder - [678dd1ce-5] Writing "50. foo bar"
14:00:01.532 [reactor-http-epoll-2] DEBUG o.s.c.c.CharSequenceEncoder - [678dd1ce-5] Writing "51. foo bar"
14:00:01.532 [reactor-http-epoll-2] DEBUG o.s.c.c.CharSequenceEncoder - [678dd1ce-5] Writing "52. foo bar"
14:00:01.532 [reactor-http-epoll-2] DEBUG o.s.c.c.CharSequenceEncoder - [678dd1ce-5] Writing "53. foo bar"
14:00:01.532 [reactor-http-epoll-2] DEBUG o.s.c.c.CharSequenceEncoder - [678dd1ce-5] Writing "54. foo bar"
14:00:01.533 [reactor-http-epoll-2] DEBUG o.s.c.c.CharSequenceEncoder - [678dd1ce-5] Writing "55. foo bar"
14:00:01.533 [reactor-http-epoll-2] DEBUG o.s.c.c.CharSequenceEncoder - [678dd1ce-5] Writing "56. foo bar"
14:00:01.533 [reactor-http-epoll-2] DEBUG o.s.c.c.CharSequenceEncoder - [678dd1ce-5] Writing "57. foo bar"
14:00:01.546 [reactor-http-epoll-2] DEBUG o.s.c.c.CharSequenceEncoder - [678dd1ce-5] Writing "58. foo bar"
14:00:01.546 [reactor-http-epoll-2] DEBUG o.s.c.c.CharSequenceEncoder - [678dd1ce-5] Writing "59. foo bar"
14:00:01.554 [reactor-http-epoll-2] DEBUG o.s.c.c.CharSequenceEncoder - [678dd1ce-5] Writing "60. foo bar"
14:00:01.555 [reactor-http-epoll-2] DEBUG o.s.c.c.CharSequenceEncoder - [678dd1ce-5] Writing "61. foo bar"
14:00:01.555 [reactor-http-epoll-2] DEBUG o.s.c.c.CharSequenceEncoder - [678dd1ce-5] Writing "62. foo bar"
14:00:01.555 [reactor-http-epoll-2] DEBUG o.s.c.c.CharSequenceEncoder - [678dd1ce-5] Writing "63. foo bar"
14:00:01.555 [reactor-http-epoll-2] DEBUG o.s.c.c.CharSequenceEncoder - [678dd1ce-5] Writing "64. foo bar"
14:00:01.556 [reactor-http-epoll-2] DEBUG o.s.c.c.CharSequenceEncoder - [678dd1ce-5] Writing "65. foo bar"
14:00:01.556 [reactor-http-epoll-2] DEBUG o.s.c.c.CharSequenceEncoder - [678dd1ce-5] Writing "66. foo bar"
14:00:01.556 [reactor-http-epoll-2] DEBUG o.s.c.c.CharSequenceEncoder - [678dd1ce-5] Writing "67. foo bar"
14:00:01.556 [reactor-http-epoll-2] DEBUG o.s.c.c.CharSequenceEncoder - [678dd1ce-5] Writing "68. foo bar"
14:00:01.556 [reactor-http-epoll-2] DEBUG o.s.c.c.CharSequenceEncoder - [678dd1ce-5] Writing "69. foo bar"
14:00:01.557 [reactor-http-epoll-2] DEBUG o.s.c.c.CharSequenceEncoder - [678dd1ce-5] Writing "70. foo bar"
14:00:01.557 [reactor-http-epoll-2] DEBUG o.s.c.c.CharSequenceEncoder - [678dd1ce-5] Writing "71. foo bar"
14:00:01.557 [reactor-http-epoll-2] DEBUG o.s.c.c.CharSequenceEncoder - [678dd1ce-5] Writing "72. foo bar"
14:00:01.557 [reactor-http-epoll-2] DEBUG o.s.c.c.CharSequenceEncoder - [678dd1ce-5] Writing "73. foo bar"
14:00:01.558 [reactor-http-epoll-2] DEBUG o.s.c.c.CharSequenceEncoder - [678dd1ce-5] Writing "74. foo bar"
14:00:01.558 [reactor-http-epoll-2] DEBUG o.s.c.c.CharSequenceEncoder - [678dd1ce-5] Writing "75. foo bar"
14:00:01.558 [reactor-http-epoll-2] DEBUG o.s.c.c.CharSequenceEncoder - [678dd1ce-5] Writing "76. foo bar"
14:00:01.558 [reactor-http-epoll-2] DEBUG o.s.c.c.CharSequenceEncoder - [678dd1ce-5] Writing "77. foo bar"
14:00:01.558 [reactor-http-epoll-2] DEBUG o.s.c.c.CharSequenceEncoder - [678dd1ce-5] Writing "78. foo bar"
14:00:01.559 [reactor-http-epoll-2] DEBUG o.s.c.c.CharSequenceEncoder - [678dd1ce-5] Writing "79. foo bar"
14:00:01.559 [reactor-http-epoll-2] DEBUG o.s.c.c.CharSequenceEncoder - [678dd1ce-5] Writing "80. foo bar"
14:00:01.559 [reactor-http-epoll-2] DEBUG o.s.c.c.CharSequenceEncoder - [678dd1ce-5] Writing "81. foo bar"
14:00:01.559 [reactor-http-epoll-2] DEBUG o.s.c.c.CharSequenceEncoder - [678dd1ce-5] Writing "82. foo bar"
14:00:01.559 [reactor-http-epoll-2] DEBUG o.s.c.c.CharSequenceEncoder - [678dd1ce-5] Writing "83. foo bar"
14:00:01.560 [reactor-http-epoll-2] DEBUG o.s.c.c.CharSequenceEncoder - [678dd1ce-5] Writing "84. foo bar"
14:00:01.560 [reactor-http-epoll-2] DEBUG o.s.c.c.CharSequenceEncoder - [678dd1ce-5] Writing "85. foo bar"
14:00:01.560 [reactor-http-epoll-2] DEBUG o.s.c.c.CharSequenceEncoder - [678dd1ce-5] Writing "86. foo bar"
14:00:01.560 [reactor-http-epoll-2] DEBUG o.s.c.c.CharSequenceEncoder - [678dd1ce-5] Writing "87. foo bar"
14:00:01.560 [reactor-http-epoll-2] DEBUG o.s.c.c.CharSequenceEncoder - [678dd1ce-5] Writing "88. foo bar"
14:00:01.561 [reactor-http-epoll-2] DEBUG o.s.c.c.CharSequenceEncoder - [678dd1ce-5] Writing "89. foo bar"
14:00:01.561 [reactor-http-epoll-2] DEBUG o.s.c.c.CharSequenceEncoder - [678dd1ce-5] Writing "90. foo bar"
14:00:01.561 [reactor-http-epoll-2] DEBUG o.s.c.c.CharSequenceEncoder - [678dd1ce-5] Writing "91. foo bar"
14:00:01.578 [reactor-http-epoll-2] DEBUG o.s.c.c.CharSequenceEncoder - [678dd1ce-5] Writing "92. foo bar"
14:00:01.578 [reactor-http-epoll-2] DEBUG o.s.c.c.CharSequenceEncoder - [678dd1ce-5] Writing "93. foo bar"
14:00:01.579 [reactor-http-epoll-2] DEBUG o.s.c.c.CharSequenceEncoder - [678dd1ce-5] Writing "94. foo bar"
14:00:01.600 [reactor-http-epoll-2] DEBUG o.s.c.c.CharSequenceEncoder - [678dd1ce-5] Writing "95. foo bar"
14:00:01.600 [reactor-http-epoll-2] DEBUG o.s.c.c.CharSequenceEncoder - [678dd1ce-5] Writing "96. foo bar"
14:00:01.601 [reactor-http-epoll-2] DEBUG o.s.c.c.CharSequenceEncoder - [678dd1ce-5] Writing "97. foo bar"
14:00:01.601 [reactor-http-epoll-2] DEBUG o.s.c.c.CharSequenceEncoder - [678dd1ce-5] Writing "98. foo bar"
14:00:01.601 [reactor-http-epoll-2] DEBUG o.s.c.c.CharSequenceEncoder - [678dd1ce-5] Writing "99. foo bar"
14:00:01.601 [reactor-http-epoll-2] DEBUG o.s.c.c.CharSequenceEncoder - [678dd1ce-5] Writing "100. foo bar"
14:00:01.601 [reactor-http-epoll-2] DEBUG o.s.c.c.CharSequenceEncoder - [678dd1ce-5] Writing "101. foo bar"
14:00:01.602 [reactor-http-epoll-2] DEBUG o.s.c.c.CharSequenceEncoder - [678dd1ce-5] Writing "102. foo bar"
14:00:01.602 [reactor-http-epoll-2] DEBUG o.s.c.c.CharSequenceEncoder - [678dd1ce-5] Writing "103. foo bar"
14:00:01.602 [reactor-http-epoll-2] DEBUG o.s.c.c.CharSequenceEncoder - [678dd1ce-5] Writing "104. foo bar"
14:00:01.602 [reactor-http-epoll-2] DEBUG o.s.c.c.CharSequenceEncoder - [678dd1ce-5] Writing "105. foo bar"
14:00:01.602 [reactor-http-epoll-2] DEBUG o.s.c.c.CharSequenceEncoder - [678dd1ce-5] Writing "106. foo bar"
14:00:01.602 [reactor-http-epoll-2] DEBUG o.s.c.c.CharSequenceEncoder - [678dd1ce-5] Writing "107. foo bar"
14:00:01.603 [reactor-http-epoll-2] DEBUG o.s.c.c.CharSequenceEncoder - [678dd1ce-5] Writing "108. foo bar"
14:00:01.603 [reactor-http-epoll-2] DEBUG o.s.c.c.CharSequenceEncoder - [678dd1ce-5] Writing "109. foo bar"
14:00:01.603 [reactor-http-epoll-2] DEBUG o.s.c.c.CharSequenceEncoder - [678dd1ce-5] Writing "110. foo bar"
14:00:01.612 [reactor-http-epoll-2] DEBUG o.s.c.c.CharSequenceEncoder - [678dd1ce-5] Writing "111. foo bar"
14:00:01.613 [reactor-http-epoll-2] DEBUG o.s.c.c.CharSequenceEncoder - [678dd1ce-5] Writing "112. foo bar"
14:00:01.613 [reactor-http-epoll-2] DEBUG o.s.c.c.CharSequenceEncoder - [678dd1ce-5] Writing "113. foo bar"
14:00:01.613 [reactor-http-epoll-2] DEBUG o.s.c.c.CharSequenceEncoder - [678dd1ce-5] Writing "114. foo bar"
14:00:01.613 [reactor-http-epoll-2] DEBUG o.s.c.c.CharSequenceEncoder - [678dd1ce-5] Writing "115. foo bar"
14:00:01.614 [reactor-http-epoll-2] DEBUG o.s.c.c.CharSequenceEncoder - [678dd1ce-5] Writing "116. foo bar"
14:00:01.614 [reactor-http-epoll-2] DEBUG o.s.c.c.CharSequenceEncoder - [678dd1ce-5] Writing "117. foo bar"
14:00:01.614 [reactor-http-epoll-2] DEBUG o.s.c.c.CharSequenceEncoder - [678dd1ce-5] Writing "118. foo bar"
14:00:01.614 [reactor-http-epoll-2] DEBUG o.s.c.c.CharSequenceEncoder - [678dd1ce-5] Writing "119. foo bar"
14:00:01.614 [reactor-http-epoll-2] DEBUG o.s.c.c.CharSequenceEncoder - [678dd1ce-5] Writing "120. foo bar"
14:00:01.615 [reactor-http-epoll-2] DEBUG o.s.c.c.CharSequenceEncoder - [678dd1ce-5] Writing "121. foo bar"
14:00:01.615 [reactor-http-epoll-2] DEBUG o.s.c.c.CharSequenceEncoder - [678dd1ce-5] Writing "122. foo bar"
14:00:01.615 [reactor-http-epoll-2] DEBUG o.s.c.c.CharSequenceEncoder - [678dd1ce-5] Writing "123. foo bar"
14:00:01.615 [reactor-http-epoll-2] DEBUG o.s.c.c.CharSequenceEncoder - [678dd1ce-5] Writing "124. foo bar"
14:00:01.615 [reactor-http-epoll-2] DEBUG o.s.c.c.CharSequenceEncoder - [678dd1ce-5] Writing "125. foo bar"
14:00:01.618 [reactor-http-epoll-2] DEBUG o.s.c.c.CharSequenceEncoder - [678dd1ce-5] Writing "126. foo bar"
14:00:01.619 [reactor-http-epoll-2] DEBUG o.s.c.c.CharSequenceEncoder - [678dd1ce-5] Writing "127. foo bar"
14:00:01.619 [reactor-http-epoll-2] DEBUG o.s.c.c.CharSequenceEncoder - [678dd1ce-5] Writing "128. foo bar"
14:00:01.639 [Test worker] DEBUG o.s.w.c.RestTemplate - Reading to [java.lang.String] as "text/plain;charset=UTF-8"
14:00:01.643 [reactor-http-epoll-2] DEBUG o.s.c.c.CharSequenceEncoder - [678dd1ce-5] Writing "129. foo bar"
14:00:01.643 [reactor-http-epoll-2] DEBUG o.s.c.c.CharSequenceEncoder - [678dd1ce-5] Writing "130. foo bar"
14:00:01.643 [reactor-http-epoll-2] DEBUG o.s.c.c.CharSequenceEncoder - [678dd1ce-5] Writing "131. foo bar"
14:00:01.643 [reactor-http-epoll-2] DEBUG o.s.c.c.CharSequenceEncoder - [678dd1ce-5] Writing "132. foo bar"
14:00:01.643 [reactor-http-epoll-2] DEBUG o.s.c.c.CharSequenceEncoder - [678dd1ce-5] Writing "133. foo bar"
14:00:01.643 [reactor-http-epoll-2] DEBUG o.s.c.c.CharSequenceEncoder - [678dd1ce-5] Writing "134. foo bar"
14:00:01.643 [reactor-http-epoll-2] DEBUG o.s.c.c.CharSequenceEncoder - [678dd1ce-5] Writing "135. foo bar"
14:00:01.643 [reactor-http-epoll-2] DEBUG o.s.c.c.CharSequenceEncoder - [678dd1ce-5] Writing "136. foo bar"
14:00:01.643 [reactor-http-epoll-2] DEBUG o.s.c.c.CharSequenceEncoder - [678dd1ce-5] Writing "137. foo bar"
14:00:01.643 [reactor-http-epoll-2] DEBUG o.s.c.c.CharSequenceEncoder - [678dd1ce-5] Writing "138. foo bar"
14:00:01.643 [reactor-http-epoll-2] DEBUG o.s.c.c.CharSequenceEncoder - [678dd1ce-5] Writing "139. foo bar"
14:00:01.643 [reactor-http-epoll-2] DEBUG o.s.c.c.CharSequenceEncoder - [678dd1ce-5] Writing "140. foo bar"
14:00:01.643 [reactor-http-epoll-2] DEBUG o.s.c.c.CharSequenceEncoder - [678dd1ce-5] Writing "141. foo bar"
14:00:01.643 [reactor-http-epoll-2] DEBUG o.s.c.c.CharSequenceEncoder - [678dd1ce-5] Writing "142. foo bar"
14:00:01.643 [reactor-http-epoll-2] DEBUG o.s.c.c.CharSequenceEncoder - [678dd1ce-5] Writing "143. foo bar"
14:00:01.643 [reactor-http-epoll-2] DEBUG o.s.c.c.CharSequenceEncoder - [678dd1ce-5] Writing "144. foo bar"
14:00:01.644 [reactor-http-epoll-2] DEBUG o.s.c.c.CharSequenceEncoder - [678dd1ce-5] Writing "145. foo bar"
14:00:01.644 [reactor-http-epoll-2] DEBUG o.s.c.c.CharSequenceEncoder - [678dd1ce-5] Writing "146. foo bar"
14:00:01.657 [reactor-http-epoll-2] DEBUG o.s.c.c.CharSequenceEncoder - [678dd1ce-5] Writing "147. foo bar"
14:00:01.657 [reactor-http-epoll-2] DEBUG o.s.c.c.CharSequenceEncoder - [678dd1ce-5] Writing "148. foo bar"
14:00:01.657 [reactor-http-epoll-2] DEBUG o.s.c.c.CharSequenceEncoder - [678dd1ce-5] Writing "149. foo bar"
14:00:01.657 [reactor-http-epoll-2] DEBUG o.s.c.c.CharSequenceEncoder - [678dd1ce-5] Writing "150. foo bar"
14:00:01.657 [reactor-http-epoll-2] DEBUG o.s.c.c.CharSequenceEncoder - [678dd1ce-5] Writing "151. foo bar"
14:00:01.657 [reactor-http-epoll-2] DEBUG o.s.c.c.CharSequenceEncoder - [678dd1ce-5] Writing "152. foo bar"
14:00:01.657 [reactor-http-epoll-2] DEBUG o.s.c.c.CharSequenceEncoder - [678dd1ce-5] Writing "153. foo bar"
14:00:01.657 [reactor-http-epoll-2] DEBUG o.s.c.c.CharSequenceEncoder - [678dd1ce-5] Writing "154. foo bar"
14:00:01.657 [reactor-http-epoll-2] DEBUG o.s.c.c.CharSequenceEncoder - [678dd1ce-5] Writing "155. foo bar"
14:00:01.657 [reactor-http-epoll-2] DEBUG o.s.c.c.CharSequenceEncoder - [678dd1ce-5] Writing "156. foo bar"
14:00:01.658 [reactor-http-epoll-2] DEBUG o.s.c.c.CharSequenceEncoder - [678dd1ce-5] Writing "157. foo bar"
14:00:01.658 [reactor-http-epoll-2] DEBUG o.s.c.c.CharSequenceEncoder - [678dd1ce-5] Writing "158. foo bar"
14:00:01.658 [reactor-http-epoll-2] DEBUG o.s.c.c.CharSequenceEncoder - [678dd1ce-5] Writing "159. foo bar"
14:00:01.658 [reactor-http-epoll-2] DEBUG o.s.c.c.CharSequenceEncoder - [678dd1ce-5] Writing "160. foo bar"
14:00:01.658 [reactor-http-epoll-2] DEBUG o.s.c.c.CharSequenceEncoder - [678dd1ce-5] Writing "161. foo bar"
14:00:01.658 [reactor-http-epoll-2] DEBUG o.s.c.c.CharSequenceEncoder - [678dd1ce-5] Writing "162. foo bar"
14:00:01.658 [reactor-http-epoll-2] DEBUG o.s.c.c.CharSequenceEncoder - [678dd1ce-5] Writing "163. foo bar"
14:00:01.658 [reactor-http-epoll-2] DEBUG o.s.c.c.CharSequenceEncoder - [678dd1ce-5] Writing "164. foo bar"
14:00:01.658 [reactor-http-epoll-2] DEBUG o.s.c.c.CharSequenceEncoder - [678dd1ce-5] Writing "165. foo bar"
14:00:01.658 [reactor-http-epoll-2] DEBUG o.s.c.c.CharSequenceEncoder - [678dd1ce-5] Writing "166. foo bar"
14:00:01.658 [reactor-http-epoll-2] DEBUG o.s.c.c.CharSequenceEncoder - [678dd1ce-5] Writing "167. foo bar"
14:00:01.658 [reactor-http-epoll-2] DEBUG o.s.c.c.CharSequenceEncoder - [678dd1ce-5] Writing "168. foo bar"
14:00:01.658 [reactor-http-epoll-2] DEBUG o.s.c.c.CharSequenceEncoder - [678dd1ce-5] Writing "169. foo bar"
14:00:01.658 [reactor-http-epoll-2] DEBUG o.s.c.c.CharSequenceEncoder - [678dd1ce-5] Writing "170. foo bar"
14:00:01.658 [reactor-http-epoll-2] DEBUG o.s.c.c.CharSequenceEncoder - [678dd1ce-5] Writing "171. foo bar"
14:00:01.658 [reactor-http-epoll-2] DEBUG o.s.c.c.CharSequenceEncoder - [678dd1ce-5] Writing "172. foo bar"
14:00:01.658 [reactor-http-epoll-2] DEBUG o.s.c.c.CharSequenceEncoder - [678dd1ce-5] Writing "173. foo bar"
14:00:01.658 [reactor-http-epoll-2] DEBUG o.s.c.c.CharSequenceEncoder - [678dd1ce-5] Writing "174. foo bar"
14:00:01.658 [reactor-http-epoll-2] DEBUG o.s.c.c.CharSequenceEncoder - [678dd1ce-5] Writing "175. foo bar"
14:00:01.658 [reactor-http-epoll-2] DEBUG o.s.c.c.CharSequenceEncoder - [678dd1ce-5] Writing "176. foo bar"
14:00:01.658 [reactor-http-epoll-2] DEBUG o.s.c.c.CharSequenceEncoder - [678dd1ce-5] Writing "177. foo bar"
14:00:01.658 [reactor-http-epoll-2] DEBUG o.s.c.c.CharSequenceEncoder - [678dd1ce-5] Writing "178. foo bar"
14:00:01.658 [reactor-http-epoll-2] DEBUG o.s.c.c.CharSequenceEncoder - [678dd1ce-5] Writing "179. foo bar"
14:00:01.658 [reactor-http-epoll-2] DEBUG o.s.c.c.CharSequenceEncoder - [678dd1ce-5] Writing "180. foo bar"
14:00:01.658 [reactor-http-epoll-2] DEBUG o.s.c.c.CharSequenceEncoder - [678dd1ce-5] Writing "181. foo bar"
14:00:01.658 [reactor-http-epoll-2] DEBUG o.s.c.c.CharSequenceEncoder - [678dd1ce-5] Writing "182. foo bar"
14:00:01.658 [reactor-http-epoll-2] DEBUG o.s.c.c.CharSequenceEncoder - [678dd1ce-5] Writing "183. foo bar"
14:00:01.658 [reactor-http-epoll-2] DEBUG o.s.c.c.CharSequenceEncoder - [678dd1ce-5] Writing "184. foo bar"
14:00:01.658 [reactor-http-epoll-2] DEBUG o.s.c.c.CharSequenceEncoder - [678dd1ce-5] Writing "185. foo bar"
14:00:01.658 [reactor-http-epoll-2] DEBUG o.s.c.c.CharSequenceEncoder - [678dd1ce-5] Writing "186. foo bar"
14:00:01.658 [reactor-http-epoll-2] DEBUG o.s.c.c.CharSequenceEncoder - [678dd1ce-5] Writing "187. foo bar"
14:00:01.658 [reactor-http-epoll-2] DEBUG o.s.c.c.CharSequenceEncoder - [678dd1ce-5] Writing "188. foo bar"
14:00:01.658 [reactor-http-epoll-2] DEBUG o.s.c.c.CharSequenceEncoder - [678dd1ce-5] Writing "189. foo bar"
14:00:01.659 [reactor-http-epoll-2] DEBUG o.s.c.c.CharSequenceEncoder - [678dd1ce-5] Writing "190. foo bar"
14:00:01.659 [reactor-http-epoll-2] DEBUG o.s.c.c.CharSequenceEncoder - [678dd1ce-5] Writing "191. foo bar"
14:00:01.659 [reactor-http-epoll-2] DEBUG o.s.c.c.CharSequenceEncoder - [678dd1ce-5] Writing "192. foo bar"
14:00:01.700 [reactor-http-epoll-2] DEBUG o.s.c.c.CharSequenceEncoder - [678dd1ce-5] Writing "193. foo bar"
14:00:01.700 [reactor-http-epoll-2] DEBUG o.s.c.c.CharSequenceEncoder - [678dd1ce-5] Writing "194. foo bar"
14:00:01.700 [reactor-http-epoll-2] DEBUG o.s.c.c.CharSequenceEncoder - [678dd1ce-5] Writing "195. foo bar"
14:00:01.700 [reactor-http-epoll-2] DEBUG o.s.c.c.CharSequenceEncoder - [678dd1ce-5] Writing "196. foo bar"
14:00:01.700 [reactor-http-epoll-2] DEBUG o.s.c.c.CharSequenceEncoder - [678dd1ce-5] Writing "197. foo bar"
14:00:01.700 [reactor-http-epoll-2] DEBUG o.s.c.c.CharSequenceEncoder - [678dd1ce-5] Writing "198. foo bar"
14:00:01.700 [reactor-http-epoll-2] DEBUG o.s.c.c.CharSequenceEncoder - [678dd1ce-5] Writing "199. foo bar"
14:00:01.700 [reactor-http-epoll-2] DEBUG o.s.c.c.CharSequenceEncoder - [678dd1ce-5] Writing "200. foo bar"
14:00:01.700 [reactor-http-epoll-2] DEBUG o.s.c.c.CharSequenceEncoder - [678dd1ce-5] Writing "201. foo bar"
14:00:01.700 [reactor-http-epoll-2] DEBUG o.s.c.c.CharSequenceEncoder - [678dd1ce-5] Writing "202. foo bar"
14:00:01.700 [reactor-http-epoll-2] DEBUG o.s.c.c.CharSequenceEncoder - [678dd1ce-5] Writing "203. foo bar"
14:00:01.700 [reactor-http-epoll-2] DEBUG o.s.c.c.CharSequenceEncoder - [678dd1ce-5] Writing "204. foo bar"
14:00:01.700 [reactor-http-epoll-2] DEBUG o.s.c.c.CharSequenceEncoder - [678dd1ce-5] Writing "205. foo bar"
14:00:01.700 [reactor-http-epoll-2] DEBUG o.s.c.c.CharSequenceEncoder - [678dd1ce-5] Writing "206. foo bar"
14:00:01.700 [reactor-http-epoll-2] DEBUG o.s.c.c.CharSequenceEncoder - [678dd1ce-5] Writing "207. foo bar"
14:00:01.700 [reactor-http-epoll-2] DEBUG o.s.c.c.CharSequenceEncoder - [678dd1ce-5] Writing "208. foo bar"
14:00:01.700 [reactor-http-epoll-2] DEBUG o.s.c.c.CharSequenceEncoder - [678dd1ce-5] Writing "209. foo bar"
14:00:01.700 [reactor-http-epoll-2] DEBUG o.s.c.c.CharSequenceEncoder - [678dd1ce-5] Writing "210. foo bar"
14:00:01.700 [reactor-http-epoll-2] DEBUG o.s.c.c.CharSequenceEncoder - [678dd1ce-5] Writing "211. foo bar"
14:00:01.700 [reactor-http-epoll-2] DEBUG o.s.c.c.CharSequenceEncoder - [678dd1ce-5] Writing "212. foo bar"
14:00:01.700 [reactor-http-epoll-2] DEBUG o.s.c.c.CharSequenceEncoder - [678dd1ce-5] Writing "213. foo bar"
14:00:01.700 [reactor-http-epoll-2] DEBUG o.s.c.c.CharSequenceEncoder - [678dd1ce-5] Writing "214. foo bar"
14:00:01.700 [reactor-http-epoll-2] DEBUG o.s.c.c.CharSequenceEncoder - [678dd1ce-5] Writing "215. foo bar"
14:00:01.700 [reactor-http-epoll-2] DEBUG o.s.c.c.CharSequenceEncoder - [678dd1ce-5] Writing "216. foo bar"
14:00:01.700 [reactor-http-epoll-2] DEBUG o.s.c.c.CharSequenceEncoder - [678dd1ce-5] Writing "217. foo bar"
14:00:01.700 [reactor-http-epoll-2] DEBUG o.s.c.c.CharSequenceEncoder - [678dd1ce-5] Writing "218. foo bar"
14:00:01.700 [reactor-http-epoll-2] DEBUG o.s.c.c.CharSequenceEncoder - [678dd1ce-5] Writing "219. foo bar"
14:00:01.701 [reactor-http-epoll-2] DEBUG o.s.c.c.CharSequenceEncoder - [678dd1ce-5] Writing "220. foo bar"
14:00:01.701 [reactor-http-epoll-2] DEBUG o.s.c.c.CharSequenceEncoder - [678dd1ce-5] Writing "221. foo bar"
14:00:01.701 [reactor-http-epoll-2] DEBUG o.s.c.c.CharSequenceEncoder - [678dd1ce-5] Writing "222. foo bar"
14:00:01.701 [reactor-http-epoll-2] DEBUG o.s.c.c.CharSequenceEncoder - [678dd1ce-5] Writing "223. foo bar"
14:00:01.701 [reactor-http-epoll-2] DEBUG o.s.c.c.CharSequenceEncoder - [678dd1ce-5] Writing "224. foo bar"
14:00:01.701 [reactor-http-epoll-2] DEBUG o.s.c.c.CharSequenceEncoder - [678dd1ce-5] Writing "225. foo bar"
14:00:01.701 [reactor-http-epoll-2] DEBUG o.s.c.c.CharSequenceEncoder - [678dd1ce-5] Writing "226. foo bar"
14:00:01.701 [reactor-http-epoll-2] DEBUG o.s.c.c.CharSequenceEncoder - [678dd1ce-5] Writing "227. foo bar"
14:00:01.701 [reactor-http-epoll-2] DEBUG o.s.c.c.CharSequenceEncoder - [678dd1ce-5] Writing "228. foo bar"
14:00:01.701 [reactor-http-epoll-2] DEBUG o.s.c.c.CharSequenceEncoder - [678dd1ce-5] Writing "229. foo bar"
14:00:01.701 [reactor-http-epoll-2] DEBUG o.s.c.c.CharSequenceEncoder - [678dd1ce-5] Writing "230. foo bar"
14:00:01.701 [reactor-http-epoll-2] DEBUG o.s.c.c.CharSequenceEncoder - [678dd1ce-5] Writing "231. foo bar"
14:00:01.701 [reactor-http-epoll-2] DEBUG o.s.c.c.CharSequenceEncoder - [678dd1ce-5] Writing "232. foo bar"
14:00:01.701 [reactor-http-epoll-2] DEBUG o.s.c.c.CharSequenceEncoder - [678dd1ce-5] Writing "233. foo bar"
14:00:01.701 [reactor-http-epoll-2] DEBUG o.s.c.c.CharSequenceEncoder - [678dd1ce-5] Writing "234. foo bar"
14:00:01.701 [reactor-http-epoll-2] DEBUG o.s.c.c.CharSequenceEncoder - [678dd1ce-5] Writing "235. foo bar"
14:00:01.701 [reactor-http-epoll-2] DEBUG o.s.c.c.CharSequenceEncoder - [678dd1ce-5] Writing "236. foo bar"
14:00:01.701 [reactor-http-epoll-2] DEBUG o.s.c.c.CharSequenceEncoder - [678dd1ce-5] Writing "237. foo bar"
14:00:01.701 [reactor-http-epoll-2] DEBUG o.s.c.c.CharSequenceEncoder - [678dd1ce-5] Writing "238. foo bar"
14:00:01.701 [reactor-http-epoll-2] DEBUG o.s.c.c.CharSequenceEncoder - [678dd1ce-5] Writing "239. foo bar"
14:00:01.732 [reactor-http-epoll-2] DEBUG o.s.c.c.CharSequenceEncoder - [678dd1ce-5] Writing "240. foo bar"
14:00:01.732 [reactor-http-epoll-2] DEBUG o.s.c.c.CharSequenceEncoder - [678dd1ce-5] Writing "241. foo bar"
14:00:01.732 [reactor-http-epoll-2] DEBUG o.s.c.c.CharSequenceEncoder - [678dd1ce-5] Writing "242. foo bar"
14:00:01.732 [reactor-http-epoll-2] DEBUG o.s.c.c.CharSequenceEncoder - [678dd1ce-5] Writing "243. foo bar"
14:00:01.732 [reactor-http-epoll-2] DEBUG o.s.c.c.CharSequenceEncoder - [678dd1ce-5] Writing "244. foo bar"
14:00:01.732 [reactor-http-epoll-2] DEBUG o.s.c.c.CharSequenceEncoder - [678dd1ce-5] Writing "245. foo bar"
14:00:01.732 [reactor-http-epoll-2] DEBUG o.s.c.c.CharSequenceEncoder - [678dd1ce-5] Writing "246. foo bar"
14:00:01.732 [reactor-http-epoll-2] DEBUG o.s.c.c.CharSequenceEncoder - [678dd1ce-5] Writing "247. foo bar"
14:00:01.732 [reactor-http-epoll-2] DEBUG o.s.c.c.CharSequenceEncoder - [678dd1ce-5] Writing "248. foo bar"
14:00:01.732 [reactor-http-epoll-2] DEBUG o.s.c.c.CharSequenceEncoder - [678dd1ce-5] Writing "249. foo bar"
14:00:01.733 [reactor-http-epoll-2] DEBUG o.s.c.c.CharSequenceEncoder - [678dd1ce-5] Writing "250. foo bar"
14:00:01.733 [reactor-http-epoll-2] DEBUG o.s.c.c.CharSequenceEncoder - [678dd1ce-5] Writing "251. foo bar"
14:00:01.733 [reactor-http-epoll-2] DEBUG o.s.c.c.CharSequenceEncoder - [678dd1ce-5] Writing "252. foo bar"
14:00:01.733 [reactor-http-epoll-2] DEBUG o.s.c.c.CharSequenceEncoder - [678dd1ce-5] Writing "253. foo bar"
14:00:01.733 [reactor-http-epoll-2] DEBUG o.s.c.c.CharSequenceEncoder - [678dd1ce-5] Writing "254. foo bar"
14:00:01.733 [reactor-http-epoll-2] DEBUG o.s.c.c.CharSequenceEncoder - [678dd1ce-5] Writing "255. foo bar"
14:00:01.733 [reactor-http-epoll-2] DEBUG o.s.c.c.CharSequenceEncoder - [678dd1ce-5] Writing "256. foo bar"
14:00:01.814 [reactor-http-epoll-2] DEBUG o.s.c.c.CharSequenceEncoder - [678dd1ce-5] Writing "257. foo bar"
14:00:01.814 [reactor-http-epoll-2] DEBUG o.s.c.c.CharSequenceEncoder - [678dd1ce-5] Writing "258. foo bar"
14:00:01.814 [reactor-http-epoll-2] DEBUG o.s.c.c.CharSequenceEncoder - [678dd1ce-5] Writing "259. foo bar"
14:00:01.814 [reactor-http-epoll-2] DEBUG o.s.c.c.CharSequenceEncoder - [678dd1ce-5] Writing "260. foo bar"
14:00:01.814 [reactor-http-epoll-2] DEBUG o.s.c.c.CharSequenceEncoder - [678dd1ce-5] Writing "261. foo bar"
14:00:01.814 [reactor-http-epoll-2] DEBUG o.s.c.c.CharSequenceEncoder - [678dd1ce-5] Writing "262. foo bar"
14:00:01.814 [reactor-http-epoll-2] DEBUG o.s.c.c.CharSequenceEncoder - [678dd1ce-5] Writing "263. foo bar"
14:00:01.814 [reactor-http-epoll-2] DEBUG o.s.c.c.CharSequenceEncoder - [678dd1ce-5] Writing "264. foo bar"
14:00:01.814 [reactor-http-epoll-2] DEBUG o.s.c.c.CharSequenceEncoder - [678dd1ce-5] Writing "265. foo bar"
14:00:01.814 [reactor-http-epoll-2] DEBUG o.s.c.c.CharSequenceEncoder - [678dd1ce-5] Writing "266. foo bar"
14:00:01.814 [reactor-http-epoll-2] DEBUG o.s.c.c.CharSequenceEncoder - [678dd1ce-5] Writing "267. foo bar"
14:00:01.815 [reactor-http-epoll-2] DEBUG o.s.c.c.CharSequenceEncoder - [678dd1ce-5] Writing "268. foo bar"
14:00:01.815 [reactor-http-epoll-2] DEBUG o.s.c.c.CharSequenceEncoder - [678dd1ce-5] Writing "269. foo bar"
14:00:01.815 [reactor-http-epoll-2] DEBUG o.s.c.c.CharSequenceEncoder - [678dd1ce-5] Writing "270. foo bar"
14:00:01.815 [reactor-http-epoll-2] DEBUG o.s.c.c.CharSequenceEncoder - [678dd1ce-5] Writing "271. foo bar"
14:00:01.815 [reactor-http-epoll-2] DEBUG o.s.c.c.CharSequenceEncoder - [678dd1ce-5] Writing "272. foo bar"
14:00:01.815 [reactor-http-epoll-2] DEBUG o.s.c.c.CharSequenceEncoder - [678dd1ce-5] Writing "273. foo bar"
14:00:01.815 [reactor-http-epoll-2] DEBUG o.s.c.c.CharSequenceEncoder - [678dd1ce-5] Writing "274. foo bar"
14:00:01.815 [reactor-http-epoll-2] DEBUG o.s.c.c.CharSequenceEncoder - [678dd1ce-5] Writing "275. foo bar"
14:00:01.815 [reactor-http-epoll-2] DEBUG o.s.c.c.CharSequenceEncoder - [678dd1ce-5] Writing "276. foo bar"
14:00:01.815 [reactor-http-epoll-2] DEBUG o.s.c.c.CharSequenceEncoder - [678dd1ce-5] Writing "277. foo bar"
14:00:01.815 [reactor-http-epoll-2] DEBUG o.s.c.c.CharSequenceEncoder - [678dd1ce-5] Writing "278. foo bar"
14:00:01.815 [reactor-http-epoll-2] DEBUG o.s.c.c.CharSequenceEncoder - [678dd1ce-5] Writing "279. foo bar"
14:00:01.815 [reactor-http-epoll-2] DEBUG o.s.c.c.CharSequenceEncoder - [678dd1ce-5] Writing "280. foo bar"
14:00:01.815 [reactor-http-epoll-2] DEBUG o.s.c.c.CharSequenceEncoder - [678dd1ce-5] Writing "281. foo bar"
14:00:01.815 [reactor-http-epoll-2] DEBUG o.s.c.c.CharSequenceEncoder - [678dd1ce-5] Writing "282. foo bar"
14:00:01.815 [reactor-http-epoll-2] DEBUG o.s.c.c.CharSequenceEncoder - [678dd1ce-5] Writing "283. foo bar"
14:00:01.815 [reactor-http-epoll-2] DEBUG o.s.c.c.CharSequenceEncoder - [678dd1ce-5] Writing "284. foo bar"
14:00:01.815 [reactor-http-epoll-2] DEBUG o.s.c.c.CharSequenceEncoder - [678dd1ce-5] Writing "285. foo bar"
14:00:01.815 [reactor-http-epoll-2] DEBUG o.s.c.c.CharSequenceEncoder - [678dd1ce-5] Writing "286. foo bar"
14:00:01.815 [reactor-http-epoll-2] DEBUG o.s.c.c.CharSequenceEncoder - [678dd1ce-5] Writing "287. foo bar"
14:00:01.815 [reactor-http-epoll-2] DEBUG o.s.c.c.CharSequenceEncoder - [678dd1ce-5] Writing "288. foo bar"
14:00:01.815 [reactor-http-epoll-2] DEBUG o.s.c.c.CharSequenceEncoder - [678dd1ce-5] Writing "289. foo bar"
14:00:01.815 [reactor-http-epoll-2] DEBUG o.s.c.c.CharSequenceEncoder - [678dd1ce-5] Writing "290. foo bar"
14:00:01.815 [reactor-http-epoll-2] DEBUG o.s.c.c.CharSequenceEncoder - [678dd1ce-5] Writing "291. foo bar"
14:00:01.815 [reactor-http-epoll-2] DEBUG o.s.c.c.CharSequenceEncoder - [678dd1ce-5] Writing "292. foo bar"
14:00:01.815 [reactor-http-epoll-2] DEBUG o.s.c.c.CharSequenceEncoder - [678dd1ce-5] Writing "293. foo bar"
14:00:01.815 [reactor-http-epoll-2] DEBUG o.s.c.c.CharSequenceEncoder - [678dd1ce-5] Writing "294. foo bar"
14:00:01.815 [reactor-http-epoll-2] DEBUG o.s.c.c.CharSequenceEncoder - [678dd1ce-5] Writing "295. foo bar"
14:00:01.815 [reactor-http-epoll-2] DEBUG o.s.c.c.CharSequenceEncoder - [678dd1ce-5] Writing "296. foo bar"
14:00:01.815 [reactor-http-epoll-2] DEBUG o.s.c.c.CharSequenceEncoder - [678dd1ce-5] Writing "297. foo bar"
14:00:01.815 [reactor-http-epoll-2] DEBUG o.s.c.c.CharSequenceEncoder - [678dd1ce-5] Writing "298. foo bar"
14:00:01.815 [reactor-http-epoll-2] DEBUG o.s.c.c.CharSequenceEncoder - [678dd1ce-5] Writing "299. foo bar"
14:00:01.815 [reactor-http-epoll-2] DEBUG o.s.c.c.CharSequenceEncoder - [678dd1ce-5] Writing "300. foo bar"
14:00:01.815 [reactor-http-epoll-2] DEBUG o.s.c.c.CharSequenceEncoder - [678dd1ce-5] Writing "301. foo bar"
14:00:01.815 [reactor-http-epoll-2] DEBUG o.s.c.c.CharSequenceEncoder - [678dd1ce-5] Writing "302. foo bar"
14:00:01.815 [reactor-http-epoll-2] DEBUG o.s.c.c.CharSequenceEncoder - [678dd1ce-5] Writing "303. foo bar"
14:00:01.815 [reactor-http-epoll-2] DEBUG o.s.c.c.CharSequenceEncoder - [678dd1ce-5] Writing "304. foo bar"
14:00:01.815 [reactor-http-epoll-2] DEBUG o.s.c.c.CharSequenceEncoder - [678dd1ce-5] Writing "305. foo bar"
14:00:01.815 [reactor-http-epoll-2] DEBUG o.s.c.c.CharSequenceEncoder - [678dd1ce-5] Writing "306. foo bar"
14:00:01.815 [reactor-http-epoll-2] DEBUG o.s.c.c.CharSequenceEncoder - [678dd1ce-5] Writing "307. foo bar"
14:00:01.815 [reactor-http-epoll-2] DEBUG o.s.c.c.CharSequenceEncoder - [678dd1ce-5] Writing "308. foo bar"
14:00:01.815 [reactor-http-epoll-2] DEBUG o.s.c.c.CharSequenceEncoder - [678dd1ce-5] Writing "309. foo bar"
14:00:01.815 [reactor-http-epoll-2] DEBUG o.s.c.c.CharSequenceEncoder - [678dd1ce-5] Writing "310. foo bar"
14:00:01.815 [reactor-http-epoll-2] DEBUG o.s.c.c.CharSequenceEncoder - [678dd1ce-5] Writing "311. foo bar"
14:00:01.815 [reactor-http-epoll-2] DEBUG o.s.c.c.CharSequenceEncoder - [678dd1ce-5] Writing "312. foo bar"
14:00:01.815 [reactor-http-epoll-2] DEBUG o.s.c.c.CharSequenceEncoder - [678dd1ce-5] Writing "313. foo bar"
14:00:01.815 [reactor-http-epoll-2] DEBUG o.s.c.c.CharSequenceEncoder - [678dd1ce-5] Writing "314. foo bar"
14:00:01.815 [reactor-http-epoll-2] DEBUG o.s.c.c.CharSequenceEncoder - [678dd1ce-5] Writing "315. foo bar"
14:00:01.815 [reactor-http-epoll-2] DEBUG o.s.c.c.CharSequenceEncoder - [678dd1ce-5] Writing "316. foo bar"
14:00:01.815 [reactor-http-epoll-2] DEBUG o.s.c.c.CharSequenceEncoder - [678dd1ce-5] Writing "317. foo bar"
14:00:01.815 [reactor-http-epoll-2] DEBUG o.s.c.c.CharSequenceEncoder - [678dd1ce-5] Writing "318. foo bar"
14:00:01.815 [reactor-http-epoll-2] DEBUG o.s.c.c.CharSequenceEncoder - [678dd1ce-5] Writing "319. foo bar"
14:00:01.815 [reactor-http-epoll-2] DEBUG o.s.c.c.CharSequenceEncoder - [678dd1ce-5] Writing "320. foo bar"
14:00:01.859 [reactor-http-epoll-2] DEBUG o.s.c.c.CharSequenceEncoder - [678dd1ce-5] Writing "321. foo bar"
14:00:01.859 [reactor-http-epoll-2] DEBUG o.s.c.c.CharSequenceEncoder - [678dd1ce-5] Writing "322. foo bar"
14:00:01.859 [reactor-http-epoll-2] DEBUG o.s.c.c.CharSequenceEncoder - [678dd1ce-5] Writing "323. foo bar"
14:00:01.859 [reactor-http-epoll-2] DEBUG o.s.c.c.CharSequenceEncoder - [678dd1ce-5] Writing "324. foo bar"
14:00:01.859 [reactor-http-epoll-2] DEBUG o.s.c.c.CharSequenceEncoder - [678dd1ce-5] Writing "325. foo bar"
14:00:01.859 [reactor-http-epoll-2] DEBUG o.s.c.c.CharSequenceEncoder - [678dd1ce-5] Writing "326. foo bar"
14:00:01.859 [reactor-http-epoll-2] DEBUG o.s.c.c.CharSequenceEncoder - [678dd1ce-5] Writing "327. foo bar"
14:00:01.859 [reactor-http-epoll-2] DEBUG o.s.c.c.CharSequenceEncoder - [678dd1ce-5] Writing "328. foo bar"
14:00:01.859 [reactor-http-epoll-2] DEBUG o.s.c.c.CharSequenceEncoder - [678dd1ce-5] Writing "329. foo bar"
14:00:01.859 [reactor-http-epoll-2] DEBUG o.s.c.c.CharSequenceEncoder - [678dd1ce-5] Writing "330. foo bar"
14:00:01.859 [reactor-http-epoll-2] DEBUG o.s.c.c.CharSequenceEncoder - [678dd1ce-5] Writing "331. foo bar"
14:00:01.860 [reactor-http-epoll-2] DEBUG o.s.c.c.CharSequenceEncoder - [678dd1ce-5] Writing "332. foo bar"
14:00:01.860 [reactor-http-epoll-2] DEBUG o.s.c.c.CharSequenceEncoder - [678dd1ce-5] Writing "333. foo bar"
14:00:01.860 [reactor-http-epoll-2] DEBUG o.s.c.c.CharSequenceEncoder - [678dd1ce-5] Writing "334. foo bar"
14:00:01.860 [reactor-http-epoll-2] DEBUG o.s.c.c.CharSequenceEncoder - [678dd1ce-5] Writing "335. foo bar"
14:00:01.860 [reactor-http-epoll-2] DEBUG o.s.c.c.CharSequenceEncoder - [678dd1ce-5] Writing "336. foo bar"
14:00:01.860 [reactor-http-epoll-2] DEBUG o.s.c.c.CharSequenceEncoder - [678dd1ce-5] Writing "337. foo bar"
14:00:01.860 [reactor-http-epoll-2] DEBUG o.s.c.c.CharSequenceEncoder - [678dd1ce-5] Writing "338. foo bar"
14:00:01.860 [reactor-http-epoll-2] DEBUG o.s.c.c.CharSequenceEncoder - [678dd1ce-5] Writing "339. foo bar"
14:00:01.860 [reactor-http-epoll-2] DEBUG o.s.c.c.CharSequenceEncoder - [678dd1ce-5] Writing "340. foo bar"
14:00:01.860 [reactor-http-epoll-2] DEBUG o.s.c.c.CharSequenceEncoder - [678dd1ce-5] Writing "341. foo bar"
14:00:01.860 [reactor-http-epoll-2] DEBUG o.s.c.c.CharSequenceEncoder - [678dd1ce-5] Writing "342. foo bar"
14:00:01.860 [reactor-http-epoll-2] DEBUG o.s.c.c.CharSequenceEncoder - [678dd1ce-5] Writing "343. foo bar"
14:00:01.860 [reactor-http-epoll-2] DEBUG o.s.c.c.CharSequenceEncoder - [678dd1ce-5] Writing "344. foo bar"
14:00:01.860 [reactor-http-epoll-2] DEBUG o.s.c.c.CharSequenceEncoder - [678dd1ce-5] Writing "345. foo bar"
14:00:01.860 [reactor-http-epoll-2] DEBUG o.s.c.c.CharSequenceEncoder - [678dd1ce-5] Writing "346. foo bar"
14:00:01.860 [reactor-http-epoll-2] DEBUG o.s.c.c.CharSequenceEncoder - [678dd1ce-5] Writing "347. foo bar"
14:00:01.860 [reactor-http-epoll-2] DEBUG o.s.c.c.CharSequenceEncoder - [678dd1ce-5] Writing "348. foo bar"
14:00:01.860 [reactor-http-epoll-2] DEBUG o.s.c.c.CharSequenceEncoder - [678dd1ce-5] Writing "349. foo bar"
14:00:01.860 [reactor-http-epoll-2] DEBUG o.s.c.c.CharSequenceEncoder - [678dd1ce-5] Writing "350. foo bar"
14:00:01.860 [reactor-http-epoll-2] DEBUG o.s.c.c.CharSequenceEncoder - [678dd1ce-5] Writing "351. foo bar"
14:00:01.860 [reactor-http-epoll-2] DEBUG o.s.c.c.CharSequenceEncoder - [678dd1ce-5] Writing "352. foo bar"
14:00:01.860 [reactor-http-epoll-2] DEBUG o.s.c.c.CharSequenceEncoder - [678dd1ce-5] Writing "353. foo bar"
14:00:01.860 [reactor-http-epoll-2] DEBUG o.s.c.c.CharSequenceEncoder - [678dd1ce-5] Writing "354. foo bar"
14:00:01.860 [reactor-http-epoll-2] DEBUG o.s.c.c.CharSequenceEncoder - [678dd1ce-5] Writing "355. foo bar"
14:00:01.860 [reactor-http-epoll-2] DEBUG o.s.c.c.CharSequenceEncoder - [678dd1ce-5] Writing "356. foo bar"
14:00:01.860 [reactor-http-epoll-2] DEBUG o.s.c.c.CharSequenceEncoder - [678dd1ce-5] Writing "357. foo bar"
14:00:01.860 [reactor-http-epoll-2] DEBUG o.s.c.c.CharSequenceEncoder - [678dd1ce-5] Writing "358. foo bar"
14:00:01.860 [reactor-http-epoll-2] DEBUG o.s.c.c.CharSequenceEncoder - [678dd1ce-5] Writing "359. foo bar"
14:00:01.860 [reactor-http-epoll-2] DEBUG o.s.c.c.CharSequenceEncoder - [678dd1ce-5] Writing "360. foo bar"
14:00:01.860 [reactor-http-epoll-2] DEBUG o.s.c.c.CharSequenceEncoder - [678dd1ce-5] Writing "361. foo bar"
14:00:01.860 [reactor-http-epoll-2] DEBUG o.s.c.c.CharSequenceEncoder - [678dd1ce-5] Writing "362. foo bar"
14:00:01.860 [reactor-http-epoll-2] DEBUG o.s.c.c.CharSequenceEncoder - [678dd1ce-5] Writing "363. foo bar"
14:00:01.860 [reactor-http-epoll-2] DEBUG o.s.c.c.CharSequenceEncoder - [678dd1ce-5] Writing "364. foo bar"
14:00:01.860 [reactor-http-epoll-2] DEBUG o.s.c.c.CharSequenceEncoder - [678dd1ce-5] Writing "365. foo bar"
14:00:01.860 [reactor-http-epoll-2] DEBUG o.s.c.c.CharSequenceEncoder - [678dd1ce-5] Writing "366. foo bar"
14:00:01.860 [reactor-http-epoll-2] DEBUG o.s.c.c.CharSequenceEncoder - [678dd1ce-5] Writing "367. foo bar"
14:00:01.860 [reactor-http-epoll-2] DEBUG o.s.c.c.CharSequenceEncoder - [678dd1ce-5] Writing "368. foo bar"
14:00:01.860 [reactor-http-epoll-2] DEBUG o.s.c.c.CharSequenceEncoder - [678dd1ce-5] Writing "369. foo bar"
14:00:01.860 [reactor-http-epoll-2] DEBUG o.s.c.c.CharSequenceEncoder - [678dd1ce-5] Writing "370. foo bar"
14:00:01.860 [reactor-http-epoll-2] DEBUG o.s.c.c.CharSequenceEncoder - [678dd1ce-5] Writing "371. foo bar"
14:00:01.860 [reactor-http-epoll-2] DEBUG o.s.c.c.CharSequenceEncoder - [678dd1ce-5] Writing "372. foo bar"
14:00:01.860 [reactor-http-epoll-2] DEBUG o.s.c.c.CharSequenceEncoder - [678dd1ce-5] Writing "373. foo bar"
14:00:01.860 [reactor-http-epoll-2] DEBUG o.s.c.c.CharSequenceEncoder - [678dd1ce-5] Writing "374. foo bar"
14:00:01.860 [reactor-http-epoll-2] DEBUG o.s.c.c.CharSequenceEncoder - [678dd1ce-5] Writing "375. foo bar"
14:00:01.860 [reactor-http-epoll-2] DEBUG o.s.c.c.CharSequenceEncoder - [678dd1ce-5] Writing "376. foo bar"
14:00:01.861 [reactor-http-epoll-2] DEBUG o.s.c.c.CharSequenceEncoder - [678dd1ce-5] Writing "377. foo bar"
14:00:01.861 [reactor-http-epoll-2] DEBUG o.s.c.c.CharSequenceEncoder - [678dd1ce-5] Writing "378. foo bar"
14:00:01.861 [reactor-http-epoll-2] DEBUG o.s.c.c.CharSequenceEncoder - [678dd1ce-5] Writing "379. foo bar"
14:00:01.861 [reactor-http-epoll-2] DEBUG o.s.c.c.CharSequenceEncoder - [678dd1ce-5] Writing "380. foo bar"
14:00:01.861 [reactor-http-epoll-2] DEBUG o.s.c.c.CharSequenceEncoder - [678dd1ce-5] Writing "381. foo bar"
14:00:01.861 [reactor-http-epoll-2] DEBUG o.s.c.c.CharSequenceEncoder - [678dd1ce-5] Writing "382. foo bar"
14:00:01.861 [reactor-http-epoll-2] DEBUG o.s.c.c.CharSequenceEncoder - [678dd1ce-5] Writing "383. foo bar"
14:00:01.861 [reactor-http-epoll-2] DEBUG o.s.c.c.CharSequenceEncoder - [678dd1ce-5] Writing "384. foo bar"
14:00:01.907 [reactor-http-epoll-2] DEBUG o.s.c.c.CharSequenceEncoder - [678dd1ce-5] Writing "385. foo bar"
14:00:01.907 [reactor-http-epoll-2] DEBUG o.s.c.c.CharSequenceEncoder - [678dd1ce-5] Writing "386. foo bar"
14:00:01.907 [reactor-http-epoll-2] DEBUG o.s.c.c.CharSequenceEncoder - [678dd1ce-5] Writing "387. foo bar"
14:00:01.907 [reactor-http-epoll-2] DEBUG o.s.c.c.CharSequenceEncoder - [678dd1ce-5] Writing "388. foo bar"
14:00:01.907 [reactor-http-epoll-2] DEBUG o.s.c.c.CharSequenceEncoder - [678dd1ce-5] Writing "389. foo bar"
14:00:01.907 [reactor-http-epoll-2] DEBUG o.s.c.c.CharSequenceEncoder - [678dd1ce-5] Writing "390. foo bar"
14:00:01.907 [reactor-http-epoll-2] DEBUG o.s.c.c.CharSequenceEncoder - [678dd1ce-5] Writing "391. foo bar"
14:00:01.907 [reactor-http-epoll-2] DEBUG o.s.c.c.CharSequenceEncoder - [678dd1ce-5] Writing "392. foo bar"
14:00:01.907 [reactor-http-epoll-2] DEBUG o.s.c.c.CharSequenceEncoder - [678dd1ce-5] Writing "393. foo bar"
14:00:01.907 [reactor-http-epoll-2] DEBUG o.s.c.c.CharSequenceEncoder - [678dd1ce-5] Writing "394. foo bar"
14:00:01.907 [reactor-http-epoll-2] DEBUG o.s.c.c.CharSequenceEncoder - [678dd1ce-5] Writing "395. foo bar"
14:00:01.907 [reactor-http-epoll-2] DEBUG o.s.c.c.CharSequenceEncoder - [678dd1ce-5] Writing "396. foo bar"
14:00:01.907 [reactor-http-epoll-2] DEBUG o.s.c.c.CharSequenceEncoder - [678dd1ce-5] Writing "397. foo bar"
14:00:01.907 [reactor-http-epoll-2] DEBUG o.s.c.c.CharSequenceEncoder - [678dd1ce-5] Writing "398. foo bar"
14:00:01.907 [reactor-http-epoll-2] DEBUG o.s.c.c.CharSequenceEncoder - [678dd1ce-5] Writing "399. foo bar"
14:00:01.907 [reactor-http-epoll-2] DEBUG o.s.c.c.CharSequenceEncoder - [678dd1ce-5] Writing "400. foo bar"
14:00:01.907 [reactor-http-epoll-2] DEBUG o.s.c.c.CharSequenceEncoder - [678dd1ce-5] Writing "401. foo bar"
14:00:01.907 [reactor-http-epoll-2] DEBUG o.s.c.c.CharSequenceEncoder - [678dd1ce-5] Writing "402. foo bar"
14:00:01.908 [reactor-http-epoll-2] DEBUG o.s.c.c.CharSequenceEncoder - [678dd1ce-5] Writing "403. foo bar"
14:00:01.908 [reactor-http-epoll-2] DEBUG o.s.c.c.CharSequenceEncoder - [678dd1ce-5] Writing "404. foo bar"
14:00:01.908 [reactor-http-epoll-2] DEBUG o.s.c.c.CharSequenceEncoder - [678dd1ce-5] Writing "405. foo bar"
14:00:01.908 [reactor-http-epoll-2] DEBUG o.s.c.c.CharSequenceEncoder - [678dd1ce-5] Writing "406. foo bar"
14:00:01.908 [reactor-http-epoll-2] DEBUG o.s.c.c.CharSequenceEncoder - [678dd1ce-5] Writing "407. foo bar"
14:00:01.908 [reactor-http-epoll-2] DEBUG o.s.c.c.CharSequenceEncoder - [678dd1ce-5] Writing "408. foo bar"
14:00:01.908 [reactor-http-epoll-2] DEBUG o.s.c.c.CharSequenceEncoder - [678dd1ce-5] Writing "409. foo bar"
14:00:01.908 [reactor-http-epoll-2] DEBUG o.s.c.c.CharSequenceEncoder - [678dd1ce-5] Writing "410. foo bar"
14:00:01.908 [reactor-http-epoll-2] DEBUG o.s.c.c.CharSequenceEncoder - [678dd1ce-5] Writing "411. foo bar"
14:00:01.908 [reactor-http-epoll-2] DEBUG o.s.c.c.CharSequenceEncoder - [678dd1ce-5] Writing "412. foo bar"
14:00:01.908 [reactor-http-epoll-2] DEBUG o.s.c.c.CharSequenceEncoder - [678dd1ce-5] Writing "413. foo bar"
14:00:01.908 [reactor-http-epoll-2] DEBUG o.s.c.c.CharSequenceEncoder - [678dd1ce-5] Writing "414. foo bar"
14:00:01.908 [reactor-http-epoll-2] DEBUG o.s.c.c.CharSequenceEncoder - [678dd1ce-5] Writing "415. foo bar"
14:00:01.908 [reactor-http-epoll-2] DEBUG o.s.c.c.CharSequenceEncoder - [678dd1ce-5] Writing "416. foo bar"
14:00:01.908 [reactor-http-epoll-2] DEBUG o.s.c.c.CharSequenceEncoder - [678dd1ce-5] Writing "417. foo bar"
14:00:01.908 [reactor-http-epoll-2] DEBUG o.s.c.c.CharSequenceEncoder - [678dd1ce-5] Writing "418. foo bar"
14:00:01.908 [reactor-http-epoll-2] DEBUG o.s.c.c.CharSequenceEncoder - [678dd1ce-5] Writing "419. foo bar"
14:00:01.908 [reactor-http-epoll-2] DEBUG o.s.c.c.CharSequenceEncoder - [678dd1ce-5] Writing "420. foo bar"
14:00:01.908 [reactor-http-epoll-2] DEBUG o.s.c.c.CharSequenceEncoder - [678dd1ce-5] Writing "421. foo bar"
14:00:01.908 [reactor-http-epoll-2] DEBUG o.s.c.c.CharSequenceEncoder - [678dd1ce-5] Writing "422. foo bar"
14:00:01.908 [reactor-http-epoll-2] DEBUG o.s.c.c.CharSequenceEncoder - [678dd1ce-5] Writing "423. foo bar"
14:00:01.908 [reactor-http-epoll-2] DEBUG o.s.c.c.CharSequenceEncoder - [678dd1ce-5] Writing "424. foo bar"
14:00:01.908 [reactor-http-epoll-2] DEBUG o.s.c.c.CharSequenceEncoder - [678dd1ce-5] Writing "425. foo bar"
14:00:01.908 [reactor-http-epoll-2] DEBUG o.s.c.c.CharSequenceEncoder - [678dd1ce-5] Writing "426. foo bar"
14:00:01.908 [reactor-http-epoll-2] DEBUG o.s.c.c.CharSequenceEncoder - [678dd1ce-5] Writing "427. foo bar"
14:00:01.908 [reactor-http-epoll-2] DEBUG o.s.c.c.CharSequenceEncoder - [678dd1ce-5] Writing "428. foo bar"
14:00:01.908 [reactor-http-epoll-2] DEBUG o.s.c.c.CharSequenceEncoder - [678dd1ce-5] Writing "429. foo bar"
14:00:01.908 [reactor-http-epoll-2] DEBUG o.s.c.c.CharSequenceEncoder - [678dd1ce-5] Writing "430. foo bar"
14:00:01.908 [reactor-http-epoll-2] DEBUG o.s.c.c.CharSequenceEncoder - [678dd1ce-5] Writing "431. foo bar"
14:00:01.908 [reactor-http-epoll-2] DEBUG o.s.c.c.CharSequenceEncoder - [678dd1ce-5] Writing "432. foo bar"
14:00:01.908 [reactor-http-epoll-2] DEBUG o.s.c.c.CharSequenceEncoder - [678dd1ce-5] Writing "433. foo bar"
14:00:01.908 [reactor-http-epoll-2] DEBUG o.s.c.c.CharSequenceEncoder - [678dd1ce-5] Writing "434. foo bar"
14:00:01.908 [reactor-http-epoll-2] DEBUG o.s.c.c.CharSequenceEncoder - [678dd1ce-5] Writing "435. foo bar"
14:00:01.908 [reactor-http-epoll-2] DEBUG o.s.c.c.CharSequenceEncoder - [678dd1ce-5] Writing "436. foo bar"
14:00:01.908 [reactor-http-epoll-2] DEBUG o.s.c.c.CharSequenceEncoder - [678dd1ce-5] Writing "437. foo bar"
14:00:01.908 [reactor-http-epoll-2] DEBUG o.s.c.c.CharSequenceEncoder - [678dd1ce-5] Writing "438. foo bar"
14:00:01.908 [reactor-http-epoll-2] DEBUG o.s.c.c.CharSequenceEncoder - [678dd1ce-5] Writing "439. foo bar"
14:00:01.908 [reactor-http-epoll-2] DEBUG o.s.c.c.CharSequenceEncoder - [678dd1ce-5] Writing "440. foo bar"
14:00:01.908 [reactor-http-epoll-2] DEBUG o.s.c.c.CharSequenceEncoder - [678dd1ce-5] Writing "441. foo bar"
14:00:01.908 [reactor-http-epoll-2] DEBUG o.s.c.c.CharSequenceEncoder - [678dd1ce-5] Writing "442. foo bar"
14:00:01.908 [reactor-http-epoll-2] DEBUG o.s.c.c.CharSequenceEncoder - [678dd1ce-5] Writing "443. foo bar"
14:00:01.908 [reactor-http-epoll-2] DEBUG o.s.c.c.CharSequenceEncoder - [678dd1ce-5] Writing "444. foo bar"
14:00:01.908 [reactor-http-epoll-2] DEBUG o.s.c.c.CharSequenceEncoder - [678dd1ce-5] Writing "445. foo bar"
14:00:01.908 [reactor-http-epoll-2] DEBUG o.s.c.c.CharSequenceEncoder - [678dd1ce-5] Writing "446. foo bar"
14:00:01.908 [reactor-http-epoll-2] DEBUG o.s.c.c.CharSequenceEncoder - [678dd1ce-5] Writing "447. foo bar"
14:00:01.908 [reactor-http-epoll-2] DEBUG o.s.c.c.CharSequenceEncoder - [678dd1ce-5] Writing "448. foo bar"
14:00:01.932 [reactor-http-epoll-2] DEBUG o.s.c.c.CharSequenceEncoder - [678dd1ce-5] Writing "449. foo bar"
14:00:01.933 [reactor-http-epoll-2] DEBUG o.s.c.c.CharSequenceEncoder - [678dd1ce-5] Writing "450. foo bar"
14:00:01.933 [reactor-http-epoll-2] DEBUG o.s.c.c.CharSequenceEncoder - [678dd1ce-5] Writing "451. foo bar"
14:00:01.933 [reactor-http-epoll-2] DEBUG o.s.c.c.CharSequenceEncoder - [678dd1ce-5] Writing "452. foo bar"
14:00:01.933 [reactor-http-epoll-2] DEBUG o.s.c.c.CharSequenceEncoder - [678dd1ce-5] Writing "453. foo bar"
14:00:01.933 [reactor-http-epoll-2] DEBUG o.s.c.c.CharSequenceEncoder - [678dd1ce-5] Writing "454. foo bar"
14:00:01.933 [reactor-http-epoll-2] DEBUG o.s.c.c.CharSequenceEncoder - [678dd1ce-5] Writing "455. foo bar"
14:00:01.933 [reactor-http-epoll-2] DEBUG o.s.c.c.CharSequenceEncoder - [678dd1ce-5] Writing "456. foo bar"
14:00:01.933 [reactor-http-epoll-2] DEBUG o.s.c.c.CharSequenceEncoder - [678dd1ce-5] Writing "457. foo bar"
14:00:01.933 [reactor-http-epoll-2] DEBUG o.s.c.c.CharSequenceEncoder - [678dd1ce-5] Writing "458. foo bar"
14:00:01.933 [reactor-http-epoll-2] DEBUG o.s.c.c.CharSequenceEncoder - [678dd1ce-5] Writing "459. foo bar"
14:00:01.933 [reactor-http-epoll-2] DEBUG o.s.c.c.CharSequenceEncoder - [678dd1ce-5] Writing "460. foo bar"
14:00:01.933 [reactor-http-epoll-2] DEBUG o.s.c.c.CharSequenceEncoder - [678dd1ce-5] Writing "461. foo bar"
14:00:01.933 [reactor-http-epoll-2] DEBUG o.s.c.c.CharSequenceEncoder - [678dd1ce-5] Writing "462. foo bar"
14:00:01.933 [reactor-http-epoll-2] DEBUG o.s.c.c.CharSequenceEncoder - [678dd1ce-5] Writing "463. foo bar"
14:00:01.933 [reactor-http-epoll-2] DEBUG o.s.c.c.CharSequenceEncoder - [678dd1ce-5] Writing "464. foo bar"
14:00:01.933 [reactor-http-epoll-2] DEBUG o.s.c.c.CharSequenceEncoder - [678dd1ce-5] Writing "465. foo bar"
14:00:01.933 [reactor-http-epoll-2] DEBUG o.s.c.c.CharSequenceEncoder - [678dd1ce-5] Writing "466. foo bar"
14:00:01.933 [reactor-http-epoll-2] DEBUG o.s.c.c.CharSequenceEncoder - [678dd1ce-5] Writing "467. foo bar"
14:00:01.933 [reactor-http-epoll-2] DEBUG o.s.c.c.CharSequenceEncoder - [678dd1ce-5] Writing "468. foo bar"
14:00:01.933 [reactor-http-epoll-2] DEBUG o.s.c.c.CharSequenceEncoder - [678dd1ce-5] Writing "469. foo bar"
14:00:01.933 [reactor-http-epoll-2] DEBUG o.s.c.c.CharSequenceEncoder - [678dd1ce-5] Writing "470. foo bar"
14:00:01.933 [reactor-http-epoll-2] DEBUG o.s.c.c.CharSequenceEncoder - [678dd1ce-5] Writing "471. foo bar"
14:00:01.933 [reactor-http-epoll-2] DEBUG o.s.c.c.CharSequenceEncoder - [678dd1ce-5] Writing "472. foo bar"
14:00:01.933 [reactor-http-epoll-2] DEBUG o.s.c.c.CharSequenceEncoder - [678dd1ce-5] Writing "473. foo bar"
14:00:01.933 [reactor-http-epoll-2] DEBUG o.s.c.c.CharSequenceEncoder - [678dd1ce-5] Writing "474. foo bar"
14:00:01.933 [reactor-http-epoll-2] DEBUG o.s.c.c.CharSequenceEncoder - [678dd1ce-5] Writing "475. foo bar"
14:00:01.933 [reactor-http-epoll-2] DEBUG o.s.c.c.CharSequenceEncoder - [678dd1ce-5] Writing "476. foo bar"
14:00:01.933 [reactor-http-epoll-2] DEBUG o.s.c.c.CharSequenceEncoder - [678dd1ce-5] Writing "477. foo bar"
14:00:01.933 [reactor-http-epoll-2] DEBUG o.s.c.c.CharSequenceEncoder - [678dd1ce-5] Writing "478. foo bar"
14:00:01.940 [reactor-http-epoll-2] DEBUG o.s.c.c.CharSequenceEncoder - [678dd1ce-5] Writing "479. foo bar"
14:00:01.940 [reactor-http-epoll-2] DEBUG o.s.c.c.CharSequenceEncoder - [678dd1ce-5] Writing "480. foo bar"
14:00:01.940 [reactor-http-epoll-2] DEBUG o.s.c.c.CharSequenceEncoder - [678dd1ce-5] Writing "481. foo bar"
14:00:01.940 [reactor-http-epoll-2] DEBUG o.s.c.c.CharSequenceEncoder - [678dd1ce-5] Writing "482. foo bar"
14:00:01.940 [reactor-http-epoll-2] DEBUG o.s.c.c.CharSequenceEncoder - [678dd1ce-5] Writing "483. foo bar"
14:00:01.940 [reactor-http-epoll-2] DEBUG o.s.c.c.CharSequenceEncoder - [678dd1ce-5] Writing "484. foo bar"
14:00:01.940 [reactor-http-epoll-2] DEBUG o.s.c.c.CharSequenceEncoder - [678dd1ce-5] Writing "485. foo bar"
14:00:01.940 [reactor-http-epoll-2] DEBUG o.s.c.c.CharSequenceEncoder - [678dd1ce-5] Writing "486. foo bar"
14:00:01.940 [reactor-http-epoll-2] DEBUG o.s.c.c.CharSequenceEncoder - [678dd1ce-5] Writing "487. foo bar"
14:00:01.940 [reactor-http-epoll-2] DEBUG o.s.c.c.CharSequenceEncoder - [678dd1ce-5] Writing "488. foo bar"
14:00:01.940 [reactor-http-epoll-2] DEBUG o.s.c.c.CharSequenceEncoder - [678dd1ce-5] Writing "489. foo bar"
14:00:01.940 [reactor-http-epoll-2] DEBUG o.s.c.c.CharSequenceEncoder - [678dd1ce-5] Writing "490. foo bar"
14:00:01.940 [reactor-http-epoll-2] DEBUG o.s.c.c.CharSequenceEncoder - [678dd1ce-5] Writing "491. foo bar"
14:00:01.940 [reactor-http-epoll-2] DEBUG o.s.c.c.CharSequenceEncoder - [678dd1ce-5] Writing "492. foo bar"
14:00:01.940 [reactor-http-epoll-2] DEBUG o.s.c.c.CharSequenceEncoder - [678dd1ce-5] Writing "493. foo bar"
14:00:01.940 [reactor-http-epoll-2] DEBUG o.s.c.c.CharSequenceEncoder - [678dd1ce-5] Writing "494. foo bar"
14:00:01.940 [reactor-http-epoll-2] DEBUG o.s.c.c.CharSequenceEncoder - [678dd1ce-5] Writing "495. foo bar"
14:00:01.940 [reactor-http-epoll-2] DEBUG o.s.c.c.CharSequenceEncoder - [678dd1ce-5] Writing "496. foo bar"
14:00:01.940 [reactor-http-epoll-2] DEBUG o.s.c.c.CharSequenceEncoder - [678dd1ce-5] Writing "497. foo bar"
14:00:01.940 [reactor-http-epoll-2] DEBUG o.s.c.c.CharSequenceEncoder - [678dd1ce-5] Writing "498. foo bar"
14:00:01.940 [reactor-http-epoll-2] DEBUG o.s.c.c.CharSequenceEncoder - [678dd1ce-5] Writing "499. foo bar"
14:00:01.940 [reactor-http-epoll-2] DEBUG o.s.c.c.CharSequenceEncoder - [678dd1ce-5] Writing "500. foo bar"
14:00:01.940 [reactor-http-epoll-2] DEBUG o.s.c.c.CharSequenceEncoder - [678dd1ce-5] Writing "501. foo bar"
14:00:01.940 [reactor-http-epoll-2] DEBUG o.s.c.c.CharSequenceEncoder - [678dd1ce-5] Writing "502. foo bar"
14:00:01.940 [reactor-http-epoll-2] DEBUG o.s.c.c.CharSequenceEncoder - [678dd1ce-5] Writing "503. foo bar"
14:00:01.940 [reactor-http-epoll-2] DEBUG o.s.c.c.CharSequenceEncoder - [678dd1ce-5] Writing "504. foo bar"
14:00:01.940 [reactor-http-epoll-2] DEBUG o.s.c.c.CharSequenceEncoder - [678dd1ce-5] Writing "505. foo bar"
14:00:01.940 [reactor-http-epoll-2] DEBUG o.s.c.c.CharSequenceEncoder - [678dd1ce-5] Writing "506. foo bar"
14:00:01.940 [reactor-http-epoll-2] DEBUG o.s.c.c.CharSequenceEncoder - [678dd1ce-5] Writing "507. foo bar"
14:00:01.940 [reactor-http-epoll-2] DEBUG o.s.c.c.CharSequenceEncoder - [678dd1ce-5] Writing "508. foo bar"
14:00:01.940 [reactor-http-epoll-2] DEBUG o.s.c.c.CharSequenceEncoder - [678dd1ce-5] Writing "509. foo bar"
14:00:01.940 [reactor-http-epoll-2] DEBUG o.s.c.c.CharSequenceEncoder - [678dd1ce-5] Writing "510. foo bar"
14:00:01.940 [reactor-http-epoll-2] DEBUG o.s.c.c.CharSequenceEncoder - [678dd1ce-5] Writing "511. foo bar"
14:00:01.940 [reactor-http-epoll-2] DEBUG o.s.c.c.CharSequenceEncoder - [678dd1ce-5] Writing "512. foo bar"
14:00:01.961 [reactor-http-epoll-2] DEBUG o.s.c.c.CharSequenceEncoder - [678dd1ce-5] Writing "513. foo bar"
14:00:01.961 [reactor-http-epoll-2] DEBUG o.s.c.c.CharSequenceEncoder - [678dd1ce-5] Writing "514. foo bar"
14:00:01.961 [reactor-http-epoll-2] DEBUG o.s.c.c.CharSequenceEncoder - [678dd1ce-5] Writing "515. foo bar"
14:00:01.961 [reactor-http-epoll-2] DEBUG o.s.c.c.CharSequenceEncoder - [678dd1ce-5] Writing "516. foo bar"
14:00:01.961 [reactor-http-epoll-2] DEBUG o.s.c.c.CharSequenceEncoder - [678dd1ce-5] Writing "517. foo bar"
14:00:01.961 [reactor-http-epoll-2] DEBUG o.s.c.c.CharSequenceEncoder - [678dd1ce-5] Writing "518. foo bar"
14:00:01.961 [reactor-http-epoll-2] DEBUG o.s.c.c.CharSequenceEncoder - [678dd1ce-5] Writing "519. foo bar"
14:00:01.961 [reactor-http-epoll-2] DEBUG o.s.c.c.CharSequenceEncoder - [678dd1ce-5] Writing "520. foo bar"
14:00:01.961 [reactor-http-epoll-2] DEBUG o.s.c.c.CharSequenceEncoder - [678dd1ce-5] Writing "521. foo bar"
14:00:01.961 [reactor-http-epoll-2] DEBUG o.s.c.c.CharSequenceEncoder - [678dd1ce-5] Writing "522. foo bar"
14:00:01.965 [reactor-http-epoll-2] DEBUG o.s.c.c.CharSequenceEncoder - [678dd1ce-5] Writing "523. foo bar"
14:00:01.965 [reactor-http-epoll-2] DEBUG o.s.c.c.CharSequenceEncoder - [678dd1ce-5] Writing "524. foo bar"
14:00:01.965 [reactor-http-epoll-2] DEBUG o.s.c.c.CharSequenceEncoder - [678dd1ce-5] Writing "525. foo bar"
14:00:01.965 [reactor-http-epoll-2] DEBUG o.s.c.c.CharSequenceEncoder - [678dd1ce-5] Writing "526. foo bar"
14:00:01.965 [reactor-http-epoll-2] DEBUG o.s.c.c.CharSequenceEncoder - [678dd1ce-5] Writing "527. foo bar"
14:00:01.965 [reactor-http-epoll-2] DEBUG o.s.c.c.CharSequenceEncoder - [678dd1ce-5] Writing "528. foo bar"
14:00:01.965 [reactor-http-epoll-2] DEBUG o.s.c.c.CharSequenceEncoder - [678dd1ce-5] Writing "529. foo bar"
14:00:01.965 [reactor-http-epoll-2] DEBUG o.s.c.c.CharSequenceEncoder - [678dd1ce-5] Writing "530. foo bar"
14:00:01.965 [reactor-http-epoll-2] DEBUG o.s.c.c.CharSequenceEncoder - [678dd1ce-5] Writing "531. foo bar"
14:00:01.965 [reactor-http-epoll-2] DEBUG o.s.c.c.CharSequenceEncoder - [678dd1ce-5] Writing "532. foo bar"
14:00:01.965 [reactor-http-epoll-2] DEBUG o.s.c.c.CharSequenceEncoder - [678dd1ce-5] Writing "533. foo bar"
14:00:01.965 [reactor-http-epoll-2] DEBUG o.s.c.c.CharSequenceEncoder - [678dd1ce-5] Writing "534. foo bar"
14:00:01.965 [reactor-http-epoll-2] DEBUG o.s.c.c.CharSequenceEncoder - [678dd1ce-5] Writing "535. foo bar"
14:00:01.965 [reactor-http-epoll-2] DEBUG o.s.c.c.CharSequenceEncoder - [678dd1ce-5] Writing "536. foo bar"
14:00:01.965 [reactor-http-epoll-2] DEBUG o.s.c.c.CharSequenceEncoder - [678dd1ce-5] Writing "537. foo bar"
14:00:01.965 [reactor-http-epoll-2] DEBUG o.s.c.c.CharSequenceEncoder - [678dd1ce-5] Writing "538. foo bar"
14:00:01.965 [reactor-http-epoll-2] DEBUG o.s.c.c.CharSequenceEncoder - [678dd1ce-5] Writing "539. foo bar"
14:00:01.965 [reactor-http-epoll-2] DEBUG o.s.c.c.CharSequenceEncoder - [678dd1ce-5] Writing "540. foo bar"
14:00:01.965 [reactor-http-epoll-2] DEBUG o.s.c.c.CharSequenceEncoder - [678dd1ce-5] Writing "541. foo bar"
14:00:01.965 [reactor-http-epoll-2] DEBUG o.s.c.c.CharSequenceEncoder - [678dd1ce-5] Writing "542. foo bar"
14:00:01.965 [reactor-http-epoll-2] DEBUG o.s.c.c.CharSequenceEncoder - [678dd1ce-5] Writing "543. foo bar"
14:00:01.965 [reactor-http-epoll-2] DEBUG o.s.c.c.CharSequenceEncoder - [678dd1ce-5] Writing "544. foo bar"
14:00:01.965 [reactor-http-epoll-2] DEBUG o.s.c.c.CharSequenceEncoder - [678dd1ce-5] Writing "545. foo bar"
14:00:01.966 [reactor-http-epoll-2] DEBUG o.s.c.c.CharSequenceEncoder - [678dd1ce-5] Writing "546. foo bar"
14:00:01.966 [reactor-http-epoll-2] DEBUG o.s.c.c.CharSequenceEncoder - [678dd1ce-5] Writing "547. foo bar"
14:00:01.966 [reactor-http-epoll-2] DEBUG o.s.c.c.CharSequenceEncoder - [678dd1ce-5] Writing "548. foo bar"
14:00:01.966 [reactor-http-epoll-2] DEBUG o.s.c.c.CharSequenceEncoder - [678dd1ce-5] Writing "549. foo bar"
14:00:01.966 [reactor-http-epoll-2] DEBUG o.s.c.c.CharSequenceEncoder - [678dd1ce-5] Writing "550. foo bar"
14:00:01.966 [reactor-http-epoll-2] DEBUG o.s.c.c.CharSequenceEncoder - [678dd1ce-5] Writing "551. foo bar"
14:00:01.966 [reactor-http-epoll-2] DEBUG o.s.c.c.CharSequenceEncoder - [678dd1ce-5] Writing "552. foo bar"
14:00:01.966 [reactor-http-epoll-2] DEBUG o.s.c.c.CharSequenceEncoder - [678dd1ce-5] Writing "553. foo bar"
14:00:01.966 [reactor-http-epoll-2] DEBUG o.s.c.c.CharSequenceEncoder - [678dd1ce-5] Writing "554. foo bar"
14:00:01.966 [reactor-http-epoll-2] DEBUG o.s.c.c.CharSequenceEncoder - [678dd1ce-5] Writing "555. foo bar"
14:00:01.966 [reactor-http-epoll-2] DEBUG o.s.c.c.CharSequenceEncoder - [678dd1ce-5] Writing "556. foo bar"
14:00:01.966 [reactor-http-epoll-2] DEBUG o.s.c.c.CharSequenceEncoder - [678dd1ce-5] Writing "557. foo bar"
14:00:01.966 [reactor-http-epoll-2] DEBUG o.s.c.c.CharSequenceEncoder - [678dd1ce-5] Writing "558. foo bar"
14:00:01.966 [reactor-http-epoll-2] DEBUG o.s.c.c.CharSequenceEncoder - [678dd1ce-5] Writing "559. foo bar"
14:00:01.966 [reactor-http-epoll-2] DEBUG o.s.c.c.CharSequenceEncoder - [678dd1ce-5] Writing "560. foo bar"
14:00:01.966 [reactor-http-epoll-2] DEBUG o.s.c.c.CharSequenceEncoder - [678dd1ce-5] Writing "561. foo bar"
14:00:01.966 [reactor-http-epoll-2] DEBUG o.s.c.c.CharSequenceEncoder - [678dd1ce-5] Writing "562. foo bar"
14:00:01.966 [reactor-http-epoll-2] DEBUG o.s.c.c.CharSequenceEncoder - [678dd1ce-5] Writing "563. foo bar"
14:00:01.966 [reactor-http-epoll-2] DEBUG o.s.c.c.CharSequenceEncoder - [678dd1ce-5] Writing "564. foo bar"
14:00:01.966 [reactor-http-epoll-2] DEBUG o.s.c.c.CharSequenceEncoder - [678dd1ce-5] Writing "565. foo bar"
14:00:01.966 [reactor-http-epoll-2] DEBUG o.s.c.c.CharSequenceEncoder - [678dd1ce-5] Writing "566. foo bar"
14:00:01.966 [reactor-http-epoll-2] DEBUG o.s.c.c.CharSequenceEncoder - [678dd1ce-5] Writing "567. foo bar"
14:00:01.966 [reactor-http-epoll-2] DEBUG o.s.c.c.CharSequenceEncoder - [678dd1ce-5] Writing "568. foo bar"
14:00:01.966 [reactor-http-epoll-2] DEBUG o.s.c.c.CharSequenceEncoder - [678dd1ce-5] Writing "569. foo bar"
14:00:01.966 [reactor-http-epoll-2] DEBUG o.s.c.c.CharSequenceEncoder - [678dd1ce-5] Writing "570. foo bar"
14:00:01.966 [reactor-http-epoll-2] DEBUG o.s.c.c.CharSequenceEncoder - [678dd1ce-5] Writing "571. foo bar"
14:00:01.966 [reactor-http-epoll-2] DEBUG o.s.c.c.CharSequenceEncoder - [678dd1ce-5] Writing "572. foo bar"
14:00:01.966 [reactor-http-epoll-2] DEBUG o.s.c.c.CharSequenceEncoder - [678dd1ce-5] Writing "573. foo bar"
14:00:01.966 [reactor-http-epoll-2] DEBUG o.s.c.c.CharSequenceEncoder - [678dd1ce-5] Writing "574. foo bar"
14:00:01.966 [reactor-http-epoll-2] DEBUG o.s.c.c.CharSequenceEncoder - [678dd1ce-5] Writing "575. foo bar"
14:00:01.966 [reactor-http-epoll-2] DEBUG o.s.c.c.CharSequenceEncoder - [678dd1ce-5] Writing "576. foo bar"
14:00:01.997 [reactor-http-epoll-2] DEBUG o.s.c.c.CharSequenceEncoder - [678dd1ce-5] Writing "577. foo bar"
14:00:02.001 [reactor-http-epoll-2] DEBUG o.s.c.c.CharSequenceEncoder - [678dd1ce-5] Writing "578. foo bar"
14:00:02.001 [reactor-http-epoll-2] DEBUG o.s.c.c.CharSequenceEncoder - [678dd1ce-5] Writing "579. foo bar"
14:00:02.001 [reactor-http-epoll-2] DEBUG o.s.c.c.CharSequenceEncoder - [678dd1ce-5] Writing "580. foo bar"
14:00:02.001 [reactor-http-epoll-2] DEBUG o.s.c.c.CharSequenceEncoder - [678dd1ce-5] Writing "581. foo bar"
14:00:02.001 [reactor-http-epoll-2] DEBUG o.s.c.c.CharSequenceEncoder - [678dd1ce-5] Writing "582. foo bar"
14:00:02.001 [reactor-http-epoll-2] DEBUG o.s.c.c.CharSequenceEncoder - [678dd1ce-5] Writing "583. foo bar"
14:00:02.001 [reactor-http-epoll-2] DEBUG o.s.c.c.CharSequenceEncoder - [678dd1ce-5] Writing "584. foo bar"
14:00:02.001 [reactor-http-epoll-2] DEBUG o.s.c.c.CharSequenceEncoder - [678dd1ce-5] Writing "585. foo bar"
14:00:02.001 [reactor-http-epoll-2] DEBUG o.s.c.c.CharSequenceEncoder - [678dd1ce-5] Writing "586. foo bar"
14:00:02.001 [reactor-http-epoll-2] DEBUG o.s.c.c.CharSequenceEncoder - [678dd1ce-5] Writing "587. foo bar"
14:00:02.001 [reactor-http-epoll-2] DEBUG o.s.c.c.CharSequenceEncoder - [678dd1ce-5] Writing "588. foo bar"
14:00:02.001 [reactor-http-epoll-2] DEBUG o.s.c.c.CharSequenceEncoder - [678dd1ce-5] Writing "589. foo bar"
14:00:02.001 [reactor-http-epoll-2] DEBUG o.s.c.c.CharSequenceEncoder - [678dd1ce-5] Writing "590. foo bar"
14:00:02.001 [reactor-http-epoll-2] DEBUG o.s.c.c.CharSequenceEncoder - [678dd1ce-5] Writing "591. foo bar"
14:00:02.001 [reactor-http-epoll-2] DEBUG o.s.c.c.CharSequenceEncoder - [678dd1ce-5] Writing "592. foo bar"
14:00:02.001 [reactor-http-epoll-2] DEBUG o.s.c.c.CharSequenceEncoder - [678dd1ce-5] Writing "593. foo bar"
14:00:02.001 [reactor-http-epoll-2] DEBUG o.s.c.c.CharSequenceEncoder - [678dd1ce-5] Writing "594. foo bar"
14:00:02.001 [reactor-http-epoll-2] DEBUG o.s.c.c.CharSequenceEncoder - [678dd1ce-5] Writing "595. foo bar"
14:00:02.001 [reactor-http-epoll-2] DEBUG o.s.c.c.CharSequenceEncoder - [678dd1ce-5] Writing "596. foo bar"
14:00:02.001 [reactor-http-epoll-2] DEBUG o.s.c.c.CharSequenceEncoder - [678dd1ce-5] Writing "597. foo bar"
14:00:02.001 [reactor-http-epoll-2] DEBUG o.s.c.c.CharSequenceEncoder - [678dd1ce-5] Writing "598. foo bar"
14:00:02.001 [reactor-http-epoll-2] DEBUG o.s.c.c.CharSequenceEncoder - [678dd1ce-5] Writing "599. foo bar"
14:00:02.001 [reactor-http-epoll-2] DEBUG o.s.c.c.CharSequenceEncoder - [678dd1ce-5] Writing "600. foo bar"
14:00:02.002 [reactor-http-epoll-2] DEBUG o.s.c.c.CharSequenceEncoder - [678dd1ce-5] Writing "601. foo bar"
14:00:02.002 [reactor-http-epoll-2] DEBUG o.s.c.c.CharSequenceEncoder - [678dd1ce-5] Writing "602. foo bar"
14:00:02.002 [reactor-http-epoll-2] DEBUG o.s.c.c.CharSequenceEncoder - [678dd1ce-5] Writing "603. foo bar"
14:00:02.002 [reactor-http-epoll-2] DEBUG o.s.c.c.CharSequenceEncoder - [678dd1ce-5] Writing "604. foo bar"
14:00:02.002 [reactor-http-epoll-2] DEBUG o.s.c.c.CharSequenceEncoder - [678dd1ce-5] Writing "605. foo bar"
14:00:02.002 [reactor-http-epoll-2] DEBUG o.s.c.c.CharSequenceEncoder - [678dd1ce-5] Writing "606. foo bar"
14:00:02.002 [reactor-http-epoll-2] DEBUG o.s.c.c.CharSequenceEncoder - [678dd1ce-5] Writing "607. foo bar"
14:00:02.002 [reactor-http-epoll-2] DEBUG o.s.c.c.CharSequenceEncoder - [678dd1ce-5] Writing "608. foo bar"
14:00:02.002 [reactor-http-epoll-2] DEBUG o.s.c.c.CharSequenceEncoder - [678dd1ce-5] Writing "609. foo bar"
14:00:02.002 [reactor-http-epoll-2] DEBUG o.s.c.c.CharSequenceEncoder - [678dd1ce-5] Writing "610. foo bar"
14:00:02.002 [reactor-http-epoll-2] DEBUG o.s.c.c.CharSequenceEncoder - [678dd1ce-5] Writing "611. foo bar"
14:00:02.002 [reactor-http-epoll-2] DEBUG o.s.c.c.CharSequenceEncoder - [678dd1ce-5] Writing "612. foo bar"
14:00:02.002 [reactor-http-epoll-2] DEBUG o.s.c.c.CharSequenceEncoder - [678dd1ce-5] Writing "613. foo bar"
14:00:02.002 [reactor-http-epoll-2] DEBUG o.s.c.c.CharSequenceEncoder - [678dd1ce-5] Writing "614. foo bar"
14:00:02.002 [reactor-http-epoll-2] DEBUG o.s.c.c.CharSequenceEncoder - [678dd1ce-5] Writing "615. foo bar"
14:00:02.002 [reactor-http-epoll-2] DEBUG o.s.c.c.CharSequenceEncoder - [678dd1ce-5] Writing "616. foo bar"
14:00:02.002 [reactor-http-epoll-2] DEBUG o.s.c.c.CharSequenceEncoder - [678dd1ce-5] Writing "617. foo bar"
14:00:02.002 [reactor-http-epoll-2] DEBUG o.s.c.c.CharSequenceEncoder - [678dd1ce-5] Writing "618. foo bar"
14:00:02.002 [reactor-http-epoll-2] DEBUG o.s.c.c.CharSequenceEncoder - [678dd1ce-5] Writing "619. foo bar"
14:00:02.002 [reactor-http-epoll-2] DEBUG o.s.c.c.CharSequenceEncoder - [678dd1ce-5] Writing "620. foo bar"
14:00:02.002 [reactor-http-epoll-2] DEBUG o.s.c.c.CharSequenceEncoder - [678dd1ce-5] Writing "621. foo bar"
14:00:02.002 [reactor-http-epoll-2] DEBUG o.s.c.c.CharSequenceEncoder - [678dd1ce-5] Writing "622. foo bar"
14:00:02.002 [reactor-http-epoll-2] DEBUG o.s.c.c.CharSequenceEncoder - [678dd1ce-5] Writing "623. foo bar"
14:00:02.002 [reactor-http-epoll-2] DEBUG o.s.c.c.CharSequenceEncoder - [678dd1ce-5] Writing "624. foo bar"
14:00:02.002 [reactor-http-epoll-2] DEBUG o.s.c.c.CharSequenceEncoder - [678dd1ce-5] Writing "625. foo bar"
14:00:02.002 [reactor-http-epoll-2] DEBUG o.s.c.c.CharSequenceEncoder - [678dd1ce-5] Writing "626. foo bar"
14:00:02.002 [reactor-http-epoll-2] DEBUG o.s.c.c.CharSequenceEncoder - [678dd1ce-5] Writing "627. foo bar"
14:00:02.002 [reactor-http-epoll-2] DEBUG o.s.c.c.CharSequenceEncoder - [678dd1ce-5] Writing "628. foo bar"
14:00:02.002 [reactor-http-epoll-2] DEBUG o.s.c.c.CharSequenceEncoder - [678dd1ce-5] Writing "629. foo bar"
14:00:02.002 [reactor-http-epoll-2] DEBUG o.s.c.c.CharSequenceEncoder - [678dd1ce-5] Writing "630. foo bar"
14:00:02.002 [reactor-http-epoll-2] DEBUG o.s.c.c.CharSequenceEncoder - [678dd1ce-5] Writing "631. foo bar"
14:00:02.002 [reactor-http-epoll-2] DEBUG o.s.c.c.CharSequenceEncoder - [678dd1ce-5] Writing "632. foo bar"
14:00:02.002 [reactor-http-epoll-2] DEBUG o.s.c.c.CharSequenceEncoder - [678dd1ce-5] Writing "633. foo bar"
14:00:02.002 [reactor-http-epoll-2] DEBUG o.s.c.c.CharSequenceEncoder - [678dd1ce-5] Writing "634. foo bar"
14:00:02.002 [reactor-http-epoll-2] DEBUG o.s.c.c.CharSequenceEncoder - [678dd1ce-5] Writing "635. foo bar"
14:00:02.002 [reactor-http-epoll-2] DEBUG o.s.c.c.CharSequenceEncoder - [678dd1ce-5] Writing "636. foo bar"
14:00:02.002 [reactor-http-epoll-2] DEBUG o.s.c.c.CharSequenceEncoder - [678dd1ce-5] Writing "637. foo bar"
14:00:02.002 [reactor-http-epoll-2] DEBUG o.s.c.c.CharSequenceEncoder - [678dd1ce-5] Writing "638. foo bar"
14:00:02.002 [reactor-http-epoll-2] DEBUG o.s.c.c.CharSequenceEncoder - [678dd1ce-5] Writing "639. foo bar"
14:00:02.002 [reactor-http-epoll-2] DEBUG o.s.c.c.CharSequenceEncoder - [678dd1ce-5] Writing "640. foo bar"
14:00:02.061 [reactor-http-epoll-2] DEBUG o.s.c.c.CharSequenceEncoder - [678dd1ce-5] Writing "641. foo bar"
14:00:02.061 [reactor-http-epoll-2] DEBUG o.s.c.c.CharSequenceEncoder - [678dd1ce-5] Writing "642. foo bar"
14:00:02.073 [reactor-http-epoll-2] DEBUG o.s.c.c.CharSequenceEncoder - [678dd1ce-5] Writing "643. foo bar"
14:00:02.079 [reactor-http-epoll-2] DEBUG o.s.c.c.CharSequenceEncoder - [678dd1ce-5] Writing "644. foo bar"
14:00:02.081 [reactor-http-epoll-2] DEBUG o.s.c.c.CharSequenceEncoder - [678dd1ce-5] Writing "645. foo bar"
14:00:02.081 [reactor-http-epoll-2] DEBUG o.s.c.c.CharSequenceEncoder - [678dd1ce-5] Writing "646. foo bar"
14:00:02.081 [reactor-http-epoll-2] DEBUG o.s.c.c.CharSequenceEncoder - [678dd1ce-5] Writing "647. foo bar"
14:00:02.081 [reactor-http-epoll-2] DEBUG o.s.c.c.CharSequenceEncoder - [678dd1ce-5] Writing "648. foo bar"
14:00:02.082 [reactor-http-epoll-2] DEBUG o.s.c.c.CharSequenceEncoder - [678dd1ce-5] Writing "649. foo bar"
14:00:02.082 [reactor-http-epoll-2] DEBUG o.s.c.c.CharSequenceEncoder - [678dd1ce-5] Writing "650. foo bar"
14:00:02.082 [reactor-http-epoll-2] DEBUG o.s.c.c.CharSequenceEncoder - [678dd1ce-5] Writing "651. foo bar"
14:00:02.082 [reactor-http-epoll-2] DEBUG o.s.c.c.CharSequenceEncoder - [678dd1ce-5] Writing "652. foo bar"
14:00:02.082 [reactor-http-epoll-2] DEBUG o.s.c.c.CharSequenceEncoder - [678dd1ce-5] Writing "653. foo bar"
14:00:02.082 [reactor-http-epoll-2] DEBUG o.s.c.c.CharSequenceEncoder - [678dd1ce-5] Writing "654. foo bar"
14:00:02.082 [reactor-http-epoll-2] DEBUG o.s.c.c.CharSequenceEncoder - [678dd1ce-5] Writing "655. foo bar"
14:00:02.082 [reactor-http-epoll-2] DEBUG o.s.c.c.CharSequenceEncoder - [678dd1ce-5] Writing "656. foo bar"
14:00:02.082 [reactor-http-epoll-2] DEBUG o.s.c.c.CharSequenceEncoder - [678dd1ce-5] Writing "657. foo bar"
14:00:02.082 [reactor-http-epoll-2] DEBUG o.s.c.c.CharSequenceEncoder - [678dd1ce-5] Writing "658. foo bar"
14:00:02.082 [reactor-http-epoll-2] DEBUG o.s.c.c.CharSequenceEncoder - [678dd1ce-5] Writing "659. foo bar"
14:00:02.082 [reactor-http-epoll-2] DEBUG o.s.c.c.CharSequenceEncoder - [678dd1ce-5] Writing "660. foo bar"
14:00:02.082 [reactor-http-epoll-2] DEBUG o.s.c.c.CharSequenceEncoder - [678dd1ce-5] Writing "661. foo bar"
14:00:02.082 [reactor-http-epoll-2] DEBUG o.s.c.c.CharSequenceEncoder - [678dd1ce-5] Writing "662. foo bar"
14:00:02.083 [reactor-http-epoll-2] DEBUG o.s.c.c.CharSequenceEncoder - [678dd1ce-5] Writing "663. foo bar"
14:00:02.083 [reactor-http-epoll-2] DEBUG o.s.c.c.CharSequenceEncoder - [678dd1ce-5] Writing "664. foo bar"
14:00:02.083 [reactor-http-epoll-2] DEBUG o.s.c.c.CharSequenceEncoder - [678dd1ce-5] Writing "665. foo bar"
14:00:02.085 [reactor-http-epoll-2] DEBUG o.s.c.c.CharSequenceEncoder - [678dd1ce-5] Writing "666. foo bar"
14:00:02.085 [reactor-http-epoll-2] DEBUG o.s.c.c.CharSequenceEncoder - [678dd1ce-5] Writing "667. foo bar"
14:00:02.085 [reactor-http-epoll-2] DEBUG o.s.c.c.CharSequenceEncoder - [678dd1ce-5] Writing "668. foo bar"
14:00:02.085 [reactor-http-epoll-2] DEBUG o.s.c.c.CharSequenceEncoder - [678dd1ce-5] Writing "669. foo bar"
14:00:02.085 [reactor-http-epoll-2] DEBUG o.s.c.c.CharSequenceEncoder - [678dd1ce-5] Writing "670. foo bar"
14:00:02.086 [reactor-http-epoll-2] DEBUG o.s.c.c.CharSequenceEncoder - [678dd1ce-5] Writing "671. foo bar"
14:00:02.086 [reactor-http-epoll-2] DEBUG o.s.c.c.CharSequenceEncoder - [678dd1ce-5] Writing "672. foo bar"
14:00:02.086 [reactor-http-epoll-2] DEBUG o.s.c.c.CharSequenceEncoder - [678dd1ce-5] Writing "673. foo bar"
14:00:02.086 [reactor-http-epoll-2] DEBUG o.s.c.c.CharSequenceEncoder - [678dd1ce-5] Writing "674. foo bar"
14:00:02.086 [reactor-http-epoll-2] DEBUG o.s.c.c.CharSequenceEncoder - [678dd1ce-5] Writing "675. foo bar"
14:00:02.086 [reactor-http-epoll-2] DEBUG o.s.c.c.CharSequenceEncoder - [678dd1ce-5] Writing "676. foo bar"
14:00:02.086 [reactor-http-epoll-2] DEBUG o.s.c.c.CharSequenceEncoder - [678dd1ce-5] Writing "677. foo bar"
14:00:02.087 [reactor-http-epoll-2] DEBUG o.s.c.c.CharSequenceEncoder - [678dd1ce-5] Writing "678. foo bar"
14:00:02.087 [reactor-http-epoll-2] DEBUG o.s.c.c.CharSequenceEncoder - [678dd1ce-5] Writing "679. foo bar"
14:00:02.087 [reactor-http-epoll-2] DEBUG o.s.c.c.CharSequenceEncoder - [678dd1ce-5] Writing "680. foo bar"
14:00:02.087 [reactor-http-epoll-2] DEBUG o.s.c.c.CharSequenceEncoder - [678dd1ce-5] Writing "681. foo bar"
14:00:02.087 [reactor-http-epoll-2] DEBUG o.s.c.c.CharSequenceEncoder - [678dd1ce-5] Writing "682. foo bar"
14:00:02.091 [reactor-http-epoll-2] DEBUG o.s.c.c.CharSequenceEncoder - [678dd1ce-5] Writing "683. foo bar"
14:00:02.091 [reactor-http-epoll-2] DEBUG o.s.c.c.CharSequenceEncoder - [678dd1ce-5] Writing "684. foo bar"
14:00:02.091 [reactor-http-epoll-2] DEBUG o.s.c.c.CharSequenceEncoder - [678dd1ce-5] Writing "685. foo bar"
14:00:02.091 [reactor-http-epoll-2] DEBUG o.s.c.c.CharSequenceEncoder - [678dd1ce-5] Writing "686. foo bar"
14:00:02.092 [reactor-http-epoll-2] DEBUG o.s.c.c.CharSequenceEncoder - [678dd1ce-5] Writing "687. foo bar"
14:00:02.092 [reactor-http-epoll-2] DEBUG o.s.c.c.CharSequenceEncoder - [678dd1ce-5] Writing "688. foo bar"
14:00:02.092 [reactor-http-epoll-2] DEBUG o.s.c.c.CharSequenceEncoder - [678dd1ce-5] Writing "689. foo bar"
14:00:02.092 [reactor-http-epoll-2] DEBUG o.s.c.c.CharSequenceEncoder - [678dd1ce-5] Writing "690. foo bar"
14:00:02.092 [reactor-http-epoll-2] DEBUG o.s.c.c.CharSequenceEncoder - [678dd1ce-5] Writing "691. foo bar"
14:00:02.092 [reactor-http-epoll-2] DEBUG o.s.c.c.CharSequenceEncoder - [678dd1ce-5] Writing "692. foo bar"
14:00:02.092 [reactor-http-epoll-2] DEBUG o.s.c.c.CharSequenceEncoder - [678dd1ce-5] Writing "693. foo bar"
14:00:02.092 [reactor-http-epoll-2] DEBUG o.s.c.c.CharSequenceEncoder - [678dd1ce-5] Writing "694. foo bar"
14:00:02.092 [reactor-http-epoll-2] DEBUG o.s.c.c.CharSequenceEncoder - [678dd1ce-5] Writing "695. foo bar"
14:00:02.092 [reactor-http-epoll-2] DEBUG o.s.c.c.CharSequenceEncoder - [678dd1ce-5] Writing "696. foo bar"
14:00:02.092 [reactor-http-epoll-2] DEBUG o.s.c.c.CharSequenceEncoder - [678dd1ce-5] Writing "697. foo bar"
14:00:02.092 [reactor-http-epoll-2] DEBUG o.s.c.c.CharSequenceEncoder - [678dd1ce-5] Writing "698. foo bar"
14:00:02.092 [reactor-http-epoll-2] DEBUG o.s.c.c.CharSequenceEncoder - [678dd1ce-5] Writing "699. foo bar"
14:00:02.093 [reactor-http-epoll-2] DEBUG o.s.c.c.CharSequenceEncoder - [678dd1ce-5] Writing "700. foo bar"
14:00:02.093 [reactor-http-epoll-2] DEBUG o.s.c.c.CharSequenceEncoder - [678dd1ce-5] Writing "701. foo bar"
14:00:02.093 [reactor-http-epoll-2] DEBUG o.s.c.c.CharSequenceEncoder - [678dd1ce-5] Writing "702. foo bar"
14:00:02.094 [reactor-http-epoll-2] DEBUG o.s.c.c.CharSequenceEncoder - [678dd1ce-5] Writing "703. foo bar"
14:00:02.094 [reactor-http-epoll-2] DEBUG o.s.c.c.CharSequenceEncoder - [678dd1ce-5] Writing "704. foo bar"
14:00:02.111 [reactor-http-epoll-2] DEBUG o.s.c.c.CharSequenceEncoder - [678dd1ce-5] Writing "705. foo bar"
14:00:02.111 [reactor-http-epoll-2] DEBUG o.s.c.c.CharSequenceEncoder - [678dd1ce-5] Writing "706. foo bar"
14:00:02.112 [reactor-http-epoll-2] DEBUG o.s.c.c.CharSequenceEncoder - [678dd1ce-5] Writing "707. foo bar"
14:00:02.112 [reactor-http-epoll-2] DEBUG o.s.c.c.CharSequenceEncoder - [678dd1ce-5] Writing "708. foo bar"
14:00:02.113 [reactor-http-epoll-2] DEBUG o.s.c.c.CharSequenceEncoder - [678dd1ce-5] Writing "709. foo bar"
14:00:02.114 [reactor-http-epoll-2] DEBUG o.s.c.c.CharSequenceEncoder - [678dd1ce-5] Writing "710. foo bar"
14:00:02.114 [reactor-http-epoll-2] DEBUG o.s.c.c.CharSequenceEncoder - [678dd1ce-5] Writing "711. foo bar"
14:00:02.114 [reactor-http-epoll-2] DEBUG o.s.c.c.CharSequenceEncoder - [678dd1ce-5] Writing "712. foo bar"
14:00:02.114 [reactor-http-epoll-2] DEBUG o.s.c.c.CharSequenceEncoder - [678dd1ce-5] Writing "713. foo bar"
14:00:02.114 [reactor-http-epoll-2] DEBUG o.s.c.c.CharSequenceEncoder - [678dd1ce-5] Writing "714. foo bar"
14:00:02.114 [reactor-http-epoll-2] DEBUG o.s.c.c.CharSequenceEncoder - [678dd1ce-5] Writing "715. foo bar"
14:00:02.114 [reactor-http-epoll-2] DEBUG o.s.c.c.CharSequenceEncoder - [678dd1ce-5] Writing "716. foo bar"
14:00:02.114 [reactor-http-epoll-2] DEBUG o.s.c.c.CharSequenceEncoder - [678dd1ce-5] Writing "717. foo bar"
14:00:02.114 [reactor-http-epoll-2] DEBUG o.s.c.c.CharSequenceEncoder - [678dd1ce-5] Writing "718. foo bar"
14:00:02.114 [reactor-http-epoll-2] DEBUG o.s.c.c.CharSequenceEncoder - [678dd1ce-5] Writing "719. foo bar"
14:00:02.114 [reactor-http-epoll-2] DEBUG o.s.c.c.CharSequenceEncoder - [678dd1ce-5] Writing "720. foo bar"
14:00:02.114 [reactor-http-epoll-2] DEBUG o.s.c.c.CharSequenceEncoder - [678dd1ce-5] Writing "721. foo bar"
14:00:02.114 [reactor-http-epoll-2] DEBUG o.s.c.c.CharSequenceEncoder - [678dd1ce-5] Writing "722. foo bar"
14:00:02.115 [reactor-http-epoll-2] DEBUG o.s.c.c.CharSequenceEncoder - [678dd1ce-5] Writing "723. foo bar"
14:00:02.115 [reactor-http-epoll-2] DEBUG o.s.c.c.CharSequenceEncoder - [678dd1ce-5] Writing "724. foo bar"
14:00:02.115 [reactor-http-epoll-2] DEBUG o.s.c.c.CharSequenceEncoder - [678dd1ce-5] Writing "725. foo bar"
14:00:02.115 [reactor-http-epoll-2] DEBUG o.s.c.c.CharSequenceEncoder - [678dd1ce-5] Writing "726. foo bar"
14:00:02.115 [reactor-http-epoll-2] DEBUG o.s.c.c.CharSequenceEncoder - [678dd1ce-5] Writing "727. foo bar"
14:00:02.115 [reactor-http-epoll-2] DEBUG o.s.c.c.CharSequenceEncoder - [678dd1ce-5] Writing "728. foo bar"
14:00:02.115 [reactor-http-epoll-2] DEBUG o.s.c.c.CharSequenceEncoder - [678dd1ce-5] Writing "729. foo bar"
14:00:02.115 [reactor-http-epoll-2] DEBUG o.s.c.c.CharSequenceEncoder - [678dd1ce-5] Writing "730. foo bar"
14:00:02.115 [reactor-http-epoll-2] DEBUG o.s.c.c.CharSequenceEncoder - [678dd1ce-5] Writing "731. foo bar"
14:00:02.115 [reactor-http-epoll-2] DEBUG o.s.c.c.CharSequenceEncoder - [678dd1ce-5] Writing "732. foo bar"
14:00:02.115 [reactor-http-epoll-2] DEBUG o.s.c.c.CharSequenceEncoder - [678dd1ce-5] Writing "733. foo bar"
14:00:02.115 [reactor-http-epoll-2] DEBUG o.s.c.c.CharSequenceEncoder - [678dd1ce-5] Writing "734. foo bar"
14:00:02.115 [reactor-http-epoll-2] DEBUG o.s.c.c.CharSequenceEncoder - [678dd1ce-5] Writing "735. foo bar"
14:00:02.116 [reactor-http-epoll-2] DEBUG o.s.c.c.CharSequenceEncoder - [678dd1ce-5] Writing "736. foo bar"
14:00:02.116 [reactor-http-epoll-2] DEBUG o.s.c.c.CharSequenceEncoder - [678dd1ce-5] Writing "737. foo bar"
14:00:02.116 [reactor-http-epoll-2] DEBUG o.s.c.c.CharSequenceEncoder - [678dd1ce-5] Writing "738. foo bar"
14:00:02.116 [reactor-http-epoll-2] DEBUG o.s.c.c.CharSequenceEncoder - [678dd1ce-5] Writing "739. foo bar"
14:00:02.116 [reactor-http-epoll-2] DEBUG o.s.c.c.CharSequenceEncoder - [678dd1ce-5] Writing "740. foo bar"
14:00:02.116 [reactor-http-epoll-2] DEBUG o.s.c.c.CharSequenceEncoder - [678dd1ce-5] Writing "741. foo bar"
14:00:02.116 [reactor-http-epoll-2] DEBUG o.s.c.c.CharSequenceEncoder - [678dd1ce-5] Writing "742. foo bar"
14:00:02.116 [reactor-http-epoll-2] DEBUG o.s.c.c.CharSequenceEncoder - [678dd1ce-5] Writing "743. foo bar"
14:00:02.116 [reactor-http-epoll-2] DEBUG o.s.c.c.CharSequenceEncoder - [678dd1ce-5] Writing "744. foo bar"
14:00:02.116 [reactor-http-epoll-2] DEBUG o.s.c.c.CharSequenceEncoder - [678dd1ce-5] Writing "745. foo bar"
14:00:02.116 [reactor-http-epoll-2] DEBUG o.s.c.c.CharSequenceEncoder - [678dd1ce-5] Writing "746. foo bar"
14:00:02.116 [reactor-http-epoll-2] DEBUG o.s.c.c.CharSequenceEncoder - [678dd1ce-5] Writing "747. foo bar"
14:00:02.116 [reactor-http-epoll-2] DEBUG o.s.c.c.CharSequenceEncoder - [678dd1ce-5] Writing "748. foo bar"
14:00:02.116 [reactor-http-epoll-2] DEBUG o.s.c.c.CharSequenceEncoder - [678dd1ce-5] Writing "749. foo bar"
14:00:02.116 [reactor-http-epoll-2] DEBUG o.s.c.c.CharSequenceEncoder - [678dd1ce-5] Writing "750. foo bar"
14:00:02.117 [reactor-http-epoll-2] DEBUG o.s.c.c.CharSequenceEncoder - [678dd1ce-5] Writing "751. foo bar"
14:00:02.117 [reactor-http-epoll-2] DEBUG o.s.c.c.CharSequenceEncoder - [678dd1ce-5] Writing "752. foo bar"
14:00:02.117 [reactor-http-epoll-2] DEBUG o.s.c.c.CharSequenceEncoder - [678dd1ce-5] Writing "753. foo bar"
14:00:02.127 [reactor-http-epoll-2] DEBUG o.s.c.c.CharSequenceEncoder - [678dd1ce-5] Writing "754. foo bar"
14:00:02.127 [reactor-http-epoll-2] DEBUG o.s.c.c.CharSequenceEncoder - [678dd1ce-5] Writing "755. foo bar"
14:00:02.127 [reactor-http-epoll-2] DEBUG o.s.c.c.CharSequenceEncoder - [678dd1ce-5] Writing "756. foo bar"
14:00:02.127 [reactor-http-epoll-2] DEBUG o.s.c.c.CharSequenceEncoder - [678dd1ce-5] Writing "757. foo bar"
14:00:02.128 [reactor-http-epoll-2] DEBUG o.s.c.c.CharSequenceEncoder - [678dd1ce-5] Writing "758. foo bar"
14:00:02.128 [reactor-http-epoll-2] DEBUG o.s.c.c.CharSequenceEncoder - [678dd1ce-5] Writing "759. foo bar"
14:00:02.128 [reactor-http-epoll-2] DEBUG o.s.c.c.CharSequenceEncoder - [678dd1ce-5] Writing "760. foo bar"
14:00:02.128 [reactor-http-epoll-2] DEBUG o.s.c.c.CharSequenceEncoder - [678dd1ce-5] Writing "761. foo bar"
14:00:02.128 [reactor-http-epoll-2] DEBUG o.s.c.c.CharSequenceEncoder - [678dd1ce-5] Writing "762. foo bar"
14:00:02.128 [reactor-http-epoll-2] DEBUG o.s.c.c.CharSequenceEncoder - [678dd1ce-5] Writing "763. foo bar"
14:00:02.128 [reactor-http-epoll-2] DEBUG o.s.c.c.CharSequenceEncoder - [678dd1ce-5] Writing "764. foo bar"
14:00:02.128 [reactor-http-epoll-2] DEBUG o.s.c.c.CharSequenceEncoder - [678dd1ce-5] Writing "765. foo bar"
14:00:02.128 [reactor-http-epoll-2] DEBUG o.s.c.c.CharSequenceEncoder - [678dd1ce-5] Writing "766. foo bar"
14:00:02.128 [reactor-http-epoll-2] DEBUG o.s.c.c.CharSequenceEncoder - [678dd1ce-5] Writing "767. foo bar"
14:00:02.128 [reactor-http-epoll-2] DEBUG o.s.c.c.CharSequenceEncoder - [678dd1ce-5] Writing "768. foo bar"
14:00:02.150 [reactor-http-epoll-2] DEBUG o.s.c.c.CharSequenceEncoder - [678dd1ce-5] Writing "769. foo bar"
14:00:02.151 [reactor-http-epoll-2] DEBUG o.s.c.c.CharSequenceEncoder - [678dd1ce-5] Writing "770. foo bar"
14:00:02.151 [reactor-http-epoll-2] DEBUG o.s.c.c.CharSequenceEncoder - [678dd1ce-5] Writing "771. foo bar"
14:00:02.154 [reactor-http-epoll-2] DEBUG o.s.c.c.CharSequenceEncoder - [678dd1ce-5] Writing "772. foo bar"
14:00:02.154 [reactor-http-epoll-2] DEBUG o.s.c.c.CharSequenceEncoder - [678dd1ce-5] Writing "773. foo bar"
14:00:02.154 [reactor-http-epoll-2] DEBUG o.s.c.c.CharSequenceEncoder - [678dd1ce-5] Writing "774. foo bar"
14:00:02.155 [reactor-http-epoll-2] DEBUG o.s.c.c.CharSequenceEncoder - [678dd1ce-5] Writing "775. foo bar"
14:00:02.156 [reactor-http-epoll-2] DEBUG o.s.c.c.CharSequenceEncoder - [678dd1ce-5] Writing "776. foo bar"
14:00:02.156 [reactor-http-epoll-2] DEBUG o.s.c.c.CharSequenceEncoder - [678dd1ce-5] Writing "777. foo bar"
14:00:02.159 [reactor-http-epoll-2] DEBUG o.s.c.c.CharSequenceEncoder - [678dd1ce-5] Writing "778. foo bar"
14:00:02.159 [reactor-http-epoll-2] DEBUG o.s.c.c.CharSequenceEncoder - [678dd1ce-5] Writing "779. foo bar"
14:00:02.159 [reactor-http-epoll-2] DEBUG o.s.c.c.CharSequenceEncoder - [678dd1ce-5] Writing "780. foo bar"
14:00:02.159 [reactor-http-epoll-2] DEBUG o.s.c.c.CharSequenceEncoder - [678dd1ce-5] Writing "781. foo bar"
14:00:02.159 [reactor-http-epoll-2] DEBUG o.s.c.c.CharSequenceEncoder - [678dd1ce-5] Writing "782. foo bar"
14:00:02.159 [reactor-http-epoll-2] DEBUG o.s.c.c.CharSequenceEncoder - [678dd1ce-5] Writing "783. foo bar"
14:00:02.159 [reactor-http-epoll-2] DEBUG o.s.c.c.CharSequenceEncoder - [678dd1ce-5] Writing "784. foo bar"
14:00:02.159 [reactor-http-epoll-2] DEBUG o.s.c.c.CharSequenceEncoder - [678dd1ce-5] Writing "785. foo bar"
14:00:02.159 [reactor-http-epoll-2] DEBUG o.s.c.c.CharSequenceEncoder - [678dd1ce-5] Writing "786. foo bar"
14:00:02.160 [reactor-http-epoll-2] DEBUG o.s.c.c.CharSequenceEncoder - [678dd1ce-5] Writing "787. foo bar"
14:00:02.160 [reactor-http-epoll-2] DEBUG o.s.c.c.CharSequenceEncoder - [678dd1ce-5] Writing "788. foo bar"
14:00:02.160 [reactor-http-epoll-2] DEBUG o.s.c.c.CharSequenceEncoder - [678dd1ce-5] Writing "789. foo bar"
14:00:02.160 [reactor-http-epoll-2] DEBUG o.s.c.c.CharSequenceEncoder - [678dd1ce-5] Writing "790. foo bar"
14:00:02.160 [reactor-http-epoll-2] DEBUG o.s.c.c.CharSequenceEncoder - [678dd1ce-5] Writing "791. foo bar"
14:00:02.160 [reactor-http-epoll-2] DEBUG o.s.c.c.CharSequenceEncoder - [678dd1ce-5] Writing "792. foo bar"
14:00:02.160 [reactor-http-epoll-2] DEBUG o.s.c.c.CharSequenceEncoder - [678dd1ce-5] Writing "793. foo bar"
14:00:02.160 [reactor-http-epoll-2] DEBUG o.s.c.c.CharSequenceEncoder - [678dd1ce-5] Writing "794. foo bar"
14:00:02.160 [reactor-http-epoll-2] DEBUG o.s.c.c.CharSequenceEncoder - [678dd1ce-5] Writing "795. foo bar"
14:00:02.160 [reactor-http-epoll-2] DEBUG o.s.c.c.CharSequenceEncoder - [678dd1ce-5] Writing "796. foo bar"
14:00:02.160 [reactor-http-epoll-2] DEBUG o.s.c.c.CharSequenceEncoder - [678dd1ce-5] Writing "797. foo bar"
14:00:02.160 [reactor-http-epoll-2] DEBUG o.s.c.c.CharSequenceEncoder - [678dd1ce-5] Writing "798. foo bar"
14:00:02.160 [reactor-http-epoll-2] DEBUG o.s.c.c.CharSequenceEncoder - [678dd1ce-5] Writing "799. foo bar"
14:00:02.161 [reactor-http-epoll-2] DEBUG o.s.c.c.CharSequenceEncoder - [678dd1ce-5] Writing "800. foo bar"
14:00:02.161 [reactor-http-epoll-2] DEBUG o.s.c.c.CharSequenceEncoder - [678dd1ce-5] Writing "801. foo bar"
14:00:02.161 [reactor-http-epoll-2] DEBUG o.s.c.c.CharSequenceEncoder - [678dd1ce-5] Writing "802. foo bar"
14:00:02.161 [reactor-http-epoll-2] DEBUG o.s.c.c.CharSequenceEncoder - [678dd1ce-5] Writing "803. foo bar"
14:00:02.161 [reactor-http-epoll-2] DEBUG o.s.c.c.CharSequenceEncoder - [678dd1ce-5] Writing "804. foo bar"
14:00:02.161 [reactor-http-epoll-2] DEBUG o.s.c.c.CharSequenceEncoder - [678dd1ce-5] Writing "805. foo bar"
14:00:02.161 [reactor-http-epoll-2] DEBUG o.s.c.c.CharSequenceEncoder - [678dd1ce-5] Writing "806. foo bar"
14:00:02.161 [reactor-http-epoll-2] DEBUG o.s.c.c.CharSequenceEncoder - [678dd1ce-5] Writing "807. foo bar"
14:00:02.161 [reactor-http-epoll-2] DEBUG o.s.c.c.CharSequenceEncoder - [678dd1ce-5] Writing "808. foo bar"
14:00:02.161 [reactor-http-epoll-2] DEBUG o.s.c.c.CharSequenceEncoder - [678dd1ce-5] Writing "809. foo bar"
14:00:02.161 [reactor-http-epoll-2] DEBUG o.s.c.c.CharSequenceEncoder - [678dd1ce-5] Writing "810. foo bar"
14:00:02.161 [reactor-http-epoll-2] DEBUG o.s.c.c.CharSequenceEncoder - [678dd1ce-5] Writing "811. foo bar"
14:00:02.161 [reactor-http-epoll-2] DEBUG o.s.c.c.CharSequenceEncoder - [678dd1ce-5] Writing "812. foo bar"
14:00:02.162 [reactor-http-epoll-2] DEBUG o.s.c.c.CharSequenceEncoder - [678dd1ce-5] Writing "813. foo bar"
14:00:02.162 [reactor-http-epoll-2] DEBUG o.s.c.c.CharSequenceEncoder - [678dd1ce-5] Writing "814. foo bar"
14:00:02.162 [reactor-http-epoll-2] DEBUG o.s.c.c.CharSequenceEncoder - [678dd1ce-5] Writing "815. foo bar"
14:00:02.162 [reactor-http-epoll-2] DEBUG o.s.c.c.CharSequenceEncoder - [678dd1ce-5] Writing "816. foo bar"
14:00:02.162 [reactor-http-epoll-2] DEBUG o.s.c.c.CharSequenceEncoder - [678dd1ce-5] Writing "817. foo bar"
14:00:02.162 [reactor-http-epoll-2] DEBUG o.s.c.c.CharSequenceEncoder - [678dd1ce-5] Writing "818. foo bar"
14:00:02.162 [reactor-http-epoll-2] DEBUG o.s.c.c.CharSequenceEncoder - [678dd1ce-5] Writing "819. foo bar"
14:00:02.162 [reactor-http-epoll-2] DEBUG o.s.c.c.CharSequenceEncoder - [678dd1ce-5] Writing "820. foo bar"
14:00:02.162 [reactor-http-epoll-2] DEBUG o.s.c.c.CharSequenceEncoder - [678dd1ce-5] Writing "821. foo bar"
14:00:02.166 [reactor-http-epoll-2] DEBUG o.s.c.c.CharSequenceEncoder - [678dd1ce-5] Writing "822. foo bar"
14:00:02.167 [reactor-http-epoll-2] DEBUG o.s.c.c.CharSequenceEncoder - [678dd1ce-5] Writing "823. foo bar"
14:00:02.167 [reactor-http-epoll-2] DEBUG o.s.c.c.CharSequenceEncoder - [678dd1ce-5] Writing "824. foo bar"
14:00:02.167 [reactor-http-epoll-2] DEBUG o.s.c.c.CharSequenceEncoder - [678dd1ce-5] Writing "825. foo bar"
14:00:02.167 [reactor-http-epoll-2] DEBUG o.s.c.c.CharSequenceEncoder - [678dd1ce-5] Writing "826. foo bar"
14:00:02.167 [reactor-http-epoll-2] DEBUG o.s.c.c.CharSequenceEncoder - [678dd1ce-5] Writing "827. foo bar"
14:00:02.168 [reactor-http-epoll-2] DEBUG o.s.c.c.CharSequenceEncoder - [678dd1ce-5] Writing "828. foo bar"
14:00:02.168 [reactor-http-epoll-2] DEBUG o.s.c.c.CharSequenceEncoder - [678dd1ce-5] Writing "829. foo bar"
14:00:02.168 [reactor-http-epoll-2] DEBUG o.s.c.c.CharSequenceEncoder - [678dd1ce-5] Writing "830. foo bar"
14:00:02.168 [reactor-http-epoll-2] DEBUG o.s.c.c.CharSequenceEncoder - [678dd1ce-5] Writing "831. foo bar"
14:00:02.168 [reactor-http-epoll-2] DEBUG o.s.c.c.CharSequenceEncoder - [678dd1ce-5] Writing "832. foo bar"
14:00:02.186 [reactor-http-epoll-2] DEBUG o.s.c.c.CharSequenceEncoder - [678dd1ce-5] Writing "833. foo bar"
14:00:02.186 [reactor-http-epoll-2] DEBUG o.s.c.c.CharSequenceEncoder - [678dd1ce-5] Writing "834. foo bar"
14:00:02.186 [reactor-http-epoll-2] DEBUG o.s.c.c.CharSequenceEncoder - [678dd1ce-5] Writing "835. foo bar"
14:00:02.187 [reactor-http-epoll-2] DEBUG o.s.c.c.CharSequenceEncoder - [678dd1ce-5] Writing "836. foo bar"
14:00:02.187 [reactor-http-epoll-2] DEBUG o.s.c.c.CharSequenceEncoder - [678dd1ce-5] Writing "837. foo bar"
14:00:02.187 [reactor-http-epoll-2] DEBUG o.s.c.c.CharSequenceEncoder - [678dd1ce-5] Writing "838. foo bar"
14:00:02.187 [reactor-http-epoll-2] DEBUG o.s.c.c.CharSequenceEncoder - [678dd1ce-5] Writing "839. foo bar"
14:00:02.187 [reactor-http-epoll-2] DEBUG o.s.c.c.CharSequenceEncoder - [678dd1ce-5] Writing "840. foo bar"
14:00:02.193 [reactor-http-epoll-2] DEBUG o.s.c.c.CharSequenceEncoder - [678dd1ce-5] Writing "841. foo bar"
14:00:02.193 [reactor-http-epoll-2] DEBUG o.s.c.c.CharSequenceEncoder - [678dd1ce-5] Writing "842. foo bar"
14:00:02.193 [reactor-http-epoll-2] DEBUG o.s.c.c.CharSequenceEncoder - [678dd1ce-5] Writing "843. foo bar"
14:00:02.196 [reactor-http-epoll-2] DEBUG o.s.c.c.CharSequenceEncoder - [678dd1ce-5] Writing "844. foo bar"
14:00:02.196 [reactor-http-epoll-2] DEBUG o.s.c.c.CharSequenceEncoder - [678dd1ce-5] Writing "845. foo bar"
14:00:02.196 [reactor-http-epoll-2] DEBUG o.s.c.c.CharSequenceEncoder - [678dd1ce-5] Writing "846. foo bar"
14:00:02.196 [reactor-http-epoll-2] DEBUG o.s.c.c.CharSequenceEncoder - [678dd1ce-5] Writing "847. foo bar"
14:00:02.196 [reactor-http-epoll-2] DEBUG o.s.c.c.CharSequenceEncoder - [678dd1ce-5] Writing "848. foo bar"
14:00:02.196 [reactor-http-epoll-2] DEBUG o.s.c.c.CharSequenceEncoder - [678dd1ce-5] Writing "849. foo bar"
14:00:02.196 [reactor-http-epoll-2] DEBUG o.s.c.c.CharSequenceEncoder - [678dd1ce-5] Writing "850. foo bar"
14:00:02.196 [reactor-http-epoll-2] DEBUG o.s.c.c.CharSequenceEncoder - [678dd1ce-5] Writing "851. foo bar"
14:00:02.196 [reactor-http-epoll-2] DEBUG o.s.c.c.CharSequenceEncoder - [678dd1ce-5] Writing "852. foo bar"
14:00:02.196 [reactor-http-epoll-2] DEBUG o.s.c.c.CharSequenceEncoder - [678dd1ce-5] Writing "853. foo bar"
14:00:02.196 [reactor-http-epoll-2] DEBUG o.s.c.c.CharSequenceEncoder - [678dd1ce-5] Writing "854. foo bar"
14:00:02.196 [reactor-http-epoll-2] DEBUG o.s.c.c.CharSequenceEncoder - [678dd1ce-5] Writing "855. foo bar"
14:00:02.197 [reactor-http-epoll-2] DEBUG o.s.c.c.CharSequenceEncoder - [678dd1ce-5] Writing "856. foo bar"
14:00:02.197 [reactor-http-epoll-2] DEBUG o.s.c.c.CharSequenceEncoder - [678dd1ce-5] Writing "857. foo bar"
14:00:02.198 [reactor-http-epoll-2] DEBUG o.s.c.c.CharSequenceEncoder - [678dd1ce-5] Writing "858. foo bar"
14:00:02.198 [reactor-http-epoll-2] DEBUG o.s.c.c.CharSequenceEncoder - [678dd1ce-5] Writing "859. foo bar"
14:00:02.198 [reactor-http-epoll-2] DEBUG o.s.c.c.CharSequenceEncoder - [678dd1ce-5] Writing "860. foo bar"
14:00:02.198 [reactor-http-epoll-2] DEBUG o.s.c.c.CharSequenceEncoder - [678dd1ce-5] Writing "861. foo bar"
14:00:02.198 [reactor-http-epoll-2] DEBUG o.s.c.c.CharSequenceEncoder - [678dd1ce-5] Writing "862. foo bar"
14:00:02.198 [reactor-http-epoll-2] DEBUG o.s.c.c.CharSequenceEncoder - [678dd1ce-5] Writing "863. foo bar"
14:00:02.198 [reactor-http-epoll-2] DEBUG o.s.c.c.CharSequenceEncoder - [678dd1ce-5] Writing "864. foo bar"
14:00:02.198 [reactor-http-epoll-2] DEBUG o.s.c.c.CharSequenceEncoder - [678dd1ce-5] Writing "865. foo bar"
14:00:02.198 [reactor-http-epoll-2] DEBUG o.s.c.c.CharSequenceEncoder - [678dd1ce-5] Writing "866. foo bar"
14:00:02.198 [reactor-http-epoll-2] DEBUG o.s.c.c.CharSequenceEncoder - [678dd1ce-5] Writing "867. foo bar"
14:00:02.198 [reactor-http-epoll-2] DEBUG o.s.c.c.CharSequenceEncoder - [678dd1ce-5] Writing "868. foo bar"
14:00:02.198 [reactor-http-epoll-2] DEBUG o.s.c.c.CharSequenceEncoder - [678dd1ce-5] Writing "869. foo bar"
14:00:02.199 [reactor-http-epoll-2] DEBUG o.s.c.c.CharSequenceEncoder - [678dd1ce-5] Writing "870. foo bar"
14:00:02.199 [reactor-http-epoll-2] DEBUG o.s.c.c.CharSequenceEncoder - [678dd1ce-5] Writing "871. foo bar"
14:00:02.199 [reactor-http-epoll-2] DEBUG o.s.c.c.CharSequenceEncoder - [678dd1ce-5] Writing "872. foo bar"
14:00:02.199 [reactor-http-epoll-2] DEBUG o.s.c.c.CharSequenceEncoder - [678dd1ce-5] Writing "873. foo bar"
14:00:02.199 [reactor-http-epoll-2] DEBUG o.s.c.c.CharSequenceEncoder - [678dd1ce-5] Writing "874. foo bar"
14:00:02.199 [reactor-http-epoll-2] DEBUG o.s.c.c.CharSequenceEncoder - [678dd1ce-5] Writing "875. foo bar"
14:00:02.199 [reactor-http-epoll-2] DEBUG o.s.c.c.CharSequenceEncoder - [678dd1ce-5] Writing "876. foo bar"
14:00:02.199 [reactor-http-epoll-2] DEBUG o.s.c.c.CharSequenceEncoder - [678dd1ce-5] Writing "877. foo bar"
14:00:02.199 [reactor-http-epoll-2] DEBUG o.s.c.c.CharSequenceEncoder - [678dd1ce-5] Writing "878. foo bar"
14:00:02.199 [reactor-http-epoll-2] DEBUG o.s.c.c.CharSequenceEncoder - [678dd1ce-5] Writing "879. foo bar"
14:00:02.199 [reactor-http-epoll-2] DEBUG o.s.c.c.CharSequenceEncoder - [678dd1ce-5] Writing "880. foo bar"
14:00:02.199 [reactor-http-epoll-2] DEBUG o.s.c.c.CharSequenceEncoder - [678dd1ce-5] Writing "881. foo bar"
14:00:02.199 [reactor-http-epoll-2] DEBUG o.s.c.c.CharSequenceEncoder - [678dd1ce-5] Writing "882. foo bar"
14:00:02.199 [reactor-http-epoll-2] DEBUG o.s.c.c.CharSequenceEncoder - [678dd1ce-5] Writing "883. foo bar"
14:00:02.200 [reactor-http-epoll-2] DEBUG o.s.c.c.CharSequenceEncoder - [678dd1ce-5] Writing "884. foo bar"
14:00:02.200 [reactor-http-epoll-2] DEBUG o.s.c.c.CharSequenceEncoder - [678dd1ce-5] Writing "885. foo bar"
14:00:02.200 [reactor-http-epoll-2] DEBUG o.s.c.c.CharSequenceEncoder - [678dd1ce-5] Writing "886. foo bar"
14:00:02.200 [reactor-http-epoll-2] DEBUG o.s.c.c.CharSequenceEncoder - [678dd1ce-5] Writing "887. foo bar"
14:00:02.200 [reactor-http-epoll-2] DEBUG o.s.c.c.CharSequenceEncoder - [678dd1ce-5] Writing "888. foo bar"
14:00:02.200 [reactor-http-epoll-2] DEBUG o.s.c.c.CharSequenceEncoder - [678dd1ce-5] Writing "889. foo bar"
14:00:02.200 [reactor-http-epoll-2] DEBUG o.s.c.c.CharSequenceEncoder - [678dd1ce-5] Writing "890. foo bar"
14:00:02.200 [reactor-http-epoll-2] DEBUG o.s.c.c.CharSequenceEncoder - [678dd1ce-5] Writing "891. foo bar"
14:00:02.200 [reactor-http-epoll-2] DEBUG o.s.c.c.CharSequenceEncoder - [678dd1ce-5] Writing "892. foo bar"
14:00:02.200 [reactor-http-epoll-2] DEBUG o.s.c.c.CharSequenceEncoder - [678dd1ce-5] Writing "893. foo bar"
14:00:02.200 [reactor-http-epoll-2] DEBUG o.s.c.c.CharSequenceEncoder - [678dd1ce-5] Writing "894. foo bar"
14:00:02.200 [reactor-http-epoll-2] DEBUG o.s.c.c.CharSequenceEncoder - [678dd1ce-5] Writing "895. foo bar"
14:00:02.200 [reactor-http-epoll-2] DEBUG o.s.c.c.CharSequenceEncoder - [678dd1ce-5] Writing "896. foo bar"
14:00:02.222 [reactor-http-epoll-2] DEBUG o.s.c.c.CharSequenceEncoder - [678dd1ce-5] Writing "897. foo bar"
14:00:02.223 [reactor-http-epoll-2] DEBUG o.s.c.c.CharSequenceEncoder - [678dd1ce-5] Writing "898. foo bar"
14:00:02.223 [reactor-http-epoll-2] DEBUG o.s.c.c.CharSequenceEncoder - [678dd1ce-5] Writing "899. foo bar"
14:00:02.223 [reactor-http-epoll-2] DEBUG o.s.c.c.CharSequenceEncoder - [678dd1ce-5] Writing "900. foo bar"
14:00:02.223 [reactor-http-epoll-2] DEBUG o.s.c.c.CharSequenceEncoder - [678dd1ce-5] Writing "901. foo bar"
14:00:02.223 [reactor-http-epoll-2] DEBUG o.s.c.c.CharSequenceEncoder - [678dd1ce-5] Writing "902. foo bar"
14:00:02.223 [reactor-http-epoll-2] DEBUG o.s.c.c.CharSequenceEncoder - [678dd1ce-5] Writing "903. foo bar"
14:00:02.223 [reactor-http-epoll-2] DEBUG o.s.c.c.CharSequenceEncoder - [678dd1ce-5] Writing "904. foo bar"
14:00:02.223 [reactor-http-epoll-2] DEBUG o.s.c.c.CharSequenceEncoder - [678dd1ce-5] Writing "905. foo bar"
14:00:02.223 [reactor-http-epoll-2] DEBUG o.s.c.c.CharSequenceEncoder - [678dd1ce-5] Writing "906. foo bar"
14:00:02.223 [reactor-http-epoll-2] DEBUG o.s.c.c.CharSequenceEncoder - [678dd1ce-5] Writing "907. foo bar"
14:00:02.223 [reactor-http-epoll-2] DEBUG o.s.c.c.CharSequenceEncoder - [678dd1ce-5] Writing "908. foo bar"
14:00:02.224 [reactor-http-epoll-2] DEBUG o.s.c.c.CharSequenceEncoder - [678dd1ce-5] Writing "909. foo bar"
14:00:02.224 [reactor-http-epoll-2] DEBUG o.s.c.c.CharSequenceEncoder - [678dd1ce-5] Writing "910. foo bar"
14:00:02.224 [reactor-http-epoll-2] DEBUG o.s.c.c.CharSequenceEncoder - [678dd1ce-5] Writing "911. foo bar"
14:00:02.224 [reactor-http-epoll-2] DEBUG o.s.c.c.CharSequenceEncoder - [678dd1ce-5] Writing "912. foo bar"
14:00:02.224 [reactor-http-epoll-2] DEBUG o.s.c.c.CharSequenceEncoder - [678dd1ce-5] Writing "913. foo bar"
14:00:02.224 [reactor-http-epoll-2] DEBUG o.s.c.c.CharSequenceEncoder - [678dd1ce-5] Writing "914. foo bar"
14:00:02.224 [reactor-http-epoll-2] DEBUG o.s.c.c.CharSequenceEncoder - [678dd1ce-5] Writing "915. foo bar"
14:00:02.224 [reactor-http-epoll-2] DEBUG o.s.c.c.CharSequenceEncoder - [678dd1ce-5] Writing "916. foo bar"
14:00:02.224 [reactor-http-epoll-2] DEBUG o.s.c.c.CharSequenceEncoder - [678dd1ce-5] Writing "917. foo bar"
14:00:02.224 [reactor-http-epoll-2] DEBUG o.s.c.c.CharSequenceEncoder - [678dd1ce-5] Writing "918. foo bar"
14:00:02.224 [reactor-http-epoll-2] DEBUG o.s.c.c.CharSequenceEncoder - [678dd1ce-5] Writing "919. foo bar"
14:00:02.224 [reactor-http-epoll-2] DEBUG o.s.c.c.CharSequenceEncoder - [678dd1ce-5] Writing "920. foo bar"
14:00:02.224 [reactor-http-epoll-2] DEBUG o.s.c.c.CharSequenceEncoder - [678dd1ce-5] Writing "921. foo bar"
14:00:02.224 [reactor-http-epoll-2] DEBUG o.s.c.c.CharSequenceEncoder - [678dd1ce-5] Writing "922. foo bar"
14:00:02.225 [reactor-http-epoll-2] DEBUG o.s.c.c.CharSequenceEncoder - [678dd1ce-5] Writing "923. foo bar"
14:00:02.225 [reactor-http-epoll-2] DEBUG o.s.c.c.CharSequenceEncoder - [678dd1ce-5] Writing "924. foo bar"
14:00:02.225 [reactor-http-epoll-2] DEBUG o.s.c.c.CharSequenceEncoder - [678dd1ce-5] Writing "925. foo bar"
14:00:02.225 [reactor-http-epoll-2] DEBUG o.s.c.c.CharSequenceEncoder - [678dd1ce-5] Writing "926. foo bar"
14:00:02.225 [reactor-http-epoll-2] DEBUG o.s.c.c.CharSequenceEncoder - [678dd1ce-5] Writing "927. foo bar"
14:00:02.225 [reactor-http-epoll-2] DEBUG o.s.c.c.CharSequenceEncoder - [678dd1ce-5] Writing "928. foo bar"
14:00:02.225 [reactor-http-epoll-2] DEBUG o.s.c.c.CharSequenceEncoder - [678dd1ce-5] Writing "929. foo bar"
14:00:02.225 [reactor-http-epoll-2] DEBUG o.s.c.c.CharSequenceEncoder - [678dd1ce-5] Writing "930. foo bar"
14:00:02.226 [reactor-http-epoll-2] DEBUG o.s.c.c.CharSequenceEncoder - [678dd1ce-5] Writing "931. foo bar"
14:00:02.226 [reactor-http-epoll-2] DEBUG o.s.c.c.CharSequenceEncoder - [678dd1ce-5] Writing "932. foo bar"
14:00:02.226 [reactor-http-epoll-2] DEBUG o.s.c.c.CharSequenceEncoder - [678dd1ce-5] Writing "933. foo bar"
14:00:02.226 [reactor-http-epoll-2] DEBUG o.s.c.c.CharSequenceEncoder - [678dd1ce-5] Writing "934. foo bar"
14:00:02.227 [reactor-http-epoll-2] DEBUG o.s.c.c.CharSequenceEncoder - [678dd1ce-5] Writing "935. foo bar"
14:00:02.227 [reactor-http-epoll-2] DEBUG o.s.c.c.CharSequenceEncoder - [678dd1ce-5] Writing "936. foo bar"
14:00:02.227 [reactor-http-epoll-2] DEBUG o.s.c.c.CharSequenceEncoder - [678dd1ce-5] Writing "937. foo bar"
14:00:02.227 [reactor-http-epoll-2] DEBUG o.s.c.c.CharSequenceEncoder - [678dd1ce-5] Writing "938. foo bar"
14:00:02.227 [reactor-http-epoll-2] DEBUG o.s.c.c.CharSequenceEncoder - [678dd1ce-5] Writing "939. foo bar"
14:00:02.227 [reactor-http-epoll-2] DEBUG o.s.c.c.CharSequenceEncoder - [678dd1ce-5] Writing "940. foo bar"
14:00:02.227 [reactor-http-epoll-2] DEBUG o.s.c.c.CharSequenceEncoder - [678dd1ce-5] Writing "941. foo bar"
14:00:02.227 [reactor-http-epoll-2] DEBUG o.s.c.c.CharSequenceEncoder - [678dd1ce-5] Writing "942. foo bar"
14:00:02.227 [reactor-http-epoll-2] DEBUG o.s.c.c.CharSequenceEncoder - [678dd1ce-5] Writing "943. foo bar"
14:00:02.227 [reactor-http-epoll-2] DEBUG o.s.c.c.CharSequenceEncoder - [678dd1ce-5] Writing "944. foo bar"
14:00:02.228 [reactor-http-epoll-2] DEBUG o.s.c.c.CharSequenceEncoder - [678dd1ce-5] Writing "945. foo bar"
14:00:02.228 [reactor-http-epoll-2] DEBUG o.s.c.c.CharSequenceEncoder - [678dd1ce-5] Writing "946. foo bar"
14:00:02.228 [reactor-http-epoll-2] DEBUG o.s.c.c.CharSequenceEncoder - [678dd1ce-5] Writing "947. foo bar"
14:00:02.228 [reactor-http-epoll-2] DEBUG o.s.c.c.CharSequenceEncoder - [678dd1ce-5] Writing "948. foo bar"
14:00:02.228 [reactor-http-epoll-2] DEBUG o.s.c.c.CharSequenceEncoder - [678dd1ce-5] Writing "949. foo bar"
14:00:02.229 [reactor-http-epoll-2] DEBUG o.s.c.c.CharSequenceEncoder - [678dd1ce-5] Writing "950. foo bar"
14:00:02.229 [reactor-http-epoll-2] DEBUG o.s.c.c.CharSequenceEncoder - [678dd1ce-5] Writing "951. foo bar"
14:00:02.229 [reactor-http-epoll-2] DEBUG o.s.c.c.CharSequenceEncoder - [678dd1ce-5] Writing "952. foo bar"
14:00:02.229 [reactor-http-epoll-2] DEBUG o.s.c.c.CharSequenceEncoder - [678dd1ce-5] Writing "953. foo bar"
14:00:02.229 [reactor-http-epoll-2] DEBUG o.s.c.c.CharSequenceEncoder - [678dd1ce-5] Writing "954. foo bar"
14:00:02.229 [reactor-http-epoll-2] DEBUG o.s.c.c.CharSequenceEncoder - [678dd1ce-5] Writing "955. foo bar"
14:00:02.229 [reactor-http-epoll-2] DEBUG o.s.c.c.CharSequenceEncoder - [678dd1ce-5] Writing "956. foo bar"
14:00:02.229 [reactor-http-epoll-2] DEBUG o.s.c.c.CharSequenceEncoder - [678dd1ce-5] Writing "957. foo bar"
14:00:02.229 [reactor-http-epoll-2] DEBUG o.s.c.c.CharSequenceEncoder - [678dd1ce-5] Writing "958. foo bar"
14:00:02.229 [reactor-http-epoll-2] DEBUG o.s.c.c.CharSequenceEncoder - [678dd1ce-5] Writing "959. foo bar"
14:00:02.229 [reactor-http-epoll-2] DEBUG o.s.c.c.CharSequenceEncoder - [678dd1ce-5] Writing "960. foo bar"
14:00:02.246 [reactor-http-epoll-2] DEBUG o.s.c.c.CharSequenceEncoder - [678dd1ce-5] Writing "961. foo bar"
14:00:02.247 [reactor-http-epoll-2] DEBUG o.s.c.c.CharSequenceEncoder - [678dd1ce-5] Writing "962. foo bar"
14:00:02.247 [reactor-http-epoll-2] DEBUG o.s.c.c.CharSequenceEncoder - [678dd1ce-5] Writing "963. foo bar"
14:00:02.247 [reactor-http-epoll-2] DEBUG o.s.c.c.CharSequenceEncoder - [678dd1ce-5] Writing "964. foo bar"
14:00:02.247 [reactor-http-epoll-2] DEBUG o.s.c.c.CharSequenceEncoder - [678dd1ce-5] Writing "965. foo bar"
14:00:02.247 [reactor-http-epoll-2] DEBUG o.s.c.c.CharSequenceEncoder - [678dd1ce-5] Writing "966. foo bar"
14:00:02.247 [reactor-http-epoll-2] DEBUG o.s.c.c.CharSequenceEncoder - [678dd1ce-5] Writing "967. foo bar"
14:00:02.250 [reactor-http-epoll-2] DEBUG o.s.c.c.CharSequenceEncoder - [678dd1ce-5] Writing "968. foo bar"
14:00:02.250 [reactor-http-epoll-2] DEBUG o.s.c.c.CharSequenceEncoder - [678dd1ce-5] Writing "969. foo bar"
14:00:02.250 [reactor-http-epoll-2] DEBUG o.s.c.c.CharSequenceEncoder - [678dd1ce-5] Writing "970. foo bar"
14:00:02.250 [reactor-http-epoll-2] DEBUG o.s.c.c.CharSequenceEncoder - [678dd1ce-5] Writing "971. foo bar"
14:00:02.250 [reactor-http-epoll-2] DEBUG o.s.c.c.CharSequenceEncoder - [678dd1ce-5] Writing "972. foo bar"
14:00:02.250 [reactor-http-epoll-2] DEBUG o.s.c.c.CharSequenceEncoder - [678dd1ce-5] Writing "973. foo bar"
14:00:02.250 [reactor-http-epoll-2] DEBUG o.s.c.c.CharSequenceEncoder - [678dd1ce-5] Writing "974. foo bar"
14:00:02.250 [reactor-http-epoll-2] DEBUG o.s.c.c.CharSequenceEncoder - [678dd1ce-5] Writing "975. foo bar"
14:00:02.250 [reactor-http-epoll-2] DEBUG o.s.c.c.CharSequenceEncoder - [678dd1ce-5] Writing "976. foo bar"
14:00:02.250 [reactor-http-epoll-2] DEBUG o.s.c.c.CharSequenceEncoder - [678dd1ce-5] Writing "977. foo bar"
14:00:02.250 [reactor-http-epoll-2] DEBUG o.s.c.c.CharSequenceEncoder - [678dd1ce-5] Writing "978. foo bar"
14:00:02.250 [reactor-http-epoll-2] DEBUG o.s.c.c.CharSequenceEncoder - [678dd1ce-5] Writing "979. foo bar"
14:00:02.251 [reactor-http-epoll-2] DEBUG o.s.c.c.CharSequenceEncoder - [678dd1ce-5] Writing "980. foo bar"
14:00:02.251 [reactor-http-epoll-2] DEBUG o.s.c.c.CharSequenceEncoder - [678dd1ce-5] Writing "981. foo bar"
14:00:02.251 [reactor-http-epoll-2] DEBUG o.s.c.c.CharSequenceEncoder - [678dd1ce-5] Writing "982. foo bar"
14:00:02.251 [reactor-http-epoll-2] DEBUG o.s.c.c.CharSequenceEncoder - [678dd1ce-5] Writing "983. foo bar"
14:00:02.251 [reactor-http-epoll-2] DEBUG o.s.c.c.CharSequenceEncoder - [678dd1ce-5] Writing "984. foo bar"
14:00:02.251 [reactor-http-epoll-2] DEBUG o.s.c.c.CharSequenceEncoder - [678dd1ce-5] Writing "985. foo bar"
14:00:02.251 [reactor-http-epoll-2] DEBUG o.s.c.c.CharSequenceEncoder - [678dd1ce-5] Writing "986. foo bar"
14:00:02.251 [reactor-http-epoll-2] DEBUG o.s.c.c.CharSequenceEncoder - [678dd1ce-5] Writing "987. foo bar"
14:00:02.251 [reactor-http-epoll-2] DEBUG o.s.c.c.CharSequenceEncoder - [678dd1ce-5] Writing "988. foo bar"
14:00:02.251 [reactor-http-epoll-2] DEBUG o.s.c.c.CharSequenceEncoder - [678dd1ce-5] Writing "989. foo bar"
14:00:02.251 [reactor-http-epoll-2] DEBUG o.s.c.c.CharSequenceEncoder - [678dd1ce-5] Writing "990. foo bar"
14:00:02.251 [reactor-http-epoll-2] DEBUG o.s.c.c.CharSequenceEncoder - [678dd1ce-5] Writing "991. foo bar"
14:00:02.252 [reactor-http-epoll-2] DEBUG o.s.c.c.CharSequenceEncoder - [678dd1ce-5] Writing "992. foo bar"
14:00:02.252 [reactor-http-epoll-2] DEBUG o.s.c.c.CharSequenceEncoder - [678dd1ce-5] Writing "993. foo bar"
14:00:02.252 [reactor-http-epoll-2] DEBUG o.s.c.c.CharSequenceEncoder - [678dd1ce-5] Writing "994. foo bar"
14:00:02.252 [reactor-http-epoll-2] DEBUG o.s.c.c.CharSequenceEncoder - [678dd1ce-5] Writing "995. foo bar"
14:00:02.253 [reactor-http-epoll-2] DEBUG o.s.c.c.CharSequenceEncoder - [678dd1ce-5] Writing "996. foo bar"
14:00:02.253 [reactor-http-epoll-2] DEBUG o.s.c.c.CharSequenceEncoder - [678dd1ce-5] Writing "997. foo bar"
14:00:02.253 [reactor-http-epoll-2] DEBUG o.s.c.c.CharSequenceEncoder - [678dd1ce-5] Writing "998. foo bar"
14:00:02.254 [reactor-http-epoll-2] DEBUG o.s.c.c.CharSequenceEncoder - [678dd1ce-5] Writing "999. foo bar"
14:00:02.273 [reactor-http-epoll-2] ERROR o.s.w.s.a.HttpWebHandlerAdapter - [678dd1ce-5] Error [java.lang.RuntimeException: Random error] for HTTP GET "/SPR-16051", but ServerHttpResponse already committed (200 OK)
14:00:02.275 [reactor-http-epoll-2] ERROR r.n.h.s.HttpServerOperations - [id: 0x678dd1ce, L:/127.0.0.1:33593 - R:/127.0.0.1:46030] Error finishing response. Closing connection
java.lang.RuntimeException: Random error
	at org.springframework.web.reactive.result.method.annotation.RequestMappingExceptionHandlingIntegrationTests$TestController.lambda$errors$0(RequestMappingExceptionHandlingIntegrationTests.java:154) ~[test/:?]
	Suppressed: reactor.core.publisher.FluxOnAssembly$OnAssemblyException: 
Error has been observed at the following site(s):
	|_ checkpoint ⇢ Handler org.springframework.web.reactive.result.method.annotation.RequestMappingExceptionHandlingIntegrationTests$TestController#errors() [DispatcherHandler]
	|_ checkpoint ⇢ HTTP GET "/SPR-16051" [ExceptionHandlingWebHandler]
Stack trace:
		at org.springframework.web.reactive.result.method.annotation.RequestMappingExceptionHandlingIntegrationTests$TestController.lambda$errors$0(RequestMappingExceptionHandlingIntegrationTests.java:154) ~[test/:?]
		at reactor.core.publisher.FluxMapFuseable$MapFuseableSubscriber.onNext(FluxMapFuseable.java:107) ~[reactor-core-3.3.5.RELEASE.jar:3.3.5.RELEASE]
		at reactor.core.publisher.FluxRange$RangeSubscription.slowPath(FluxRange.java:154) ~[reactor-core-3.3.5.RELEASE.jar:3.3.5.RELEASE]
		at reactor.core.publisher.FluxRange$RangeSubscription.request(FluxRange.java:109) ~[reactor-core-3.3.5.RELEASE.jar:3.3.5.RELEASE]
		at reactor.core.publisher.FluxMapFuseable$MapFuseableSubscriber.request(FluxMapFuseable.java:162) ~[reactor-core-3.3.5.RELEASE.jar:3.3.5.RELEASE]
		at reactor.core.publisher.FluxMapFuseable$MapFuseableSubscriber.request(FluxMapFuseable.java:162) ~[reactor-core-3.3.5.RELEASE.jar:3.3.5.RELEASE]
		at org.springframework.http.server.reactive.ChannelSendOperator$WriteBarrier.request(ChannelSendOperator.java:272) ~[spring-web-5.2.7.BUILD-SNAPSHOT.jar:5.2.7.BUILD-SNAPSHOT]
		at reactor.core.publisher.FluxMap$MapSubscriber.request(FluxMap.java:155) ~[reactor-core-3.3.5.RELEASE.jar:3.3.5.RELEASE]
		at reactor.netty.channel.MonoSendMany$SendManyInner.run(MonoSendMany.java:331) [reactor-netty-0.9.7.RELEASE.jar:0.9.7.RELEASE]
		at reactor.netty.channel.MonoSendMany$SendManyInner.trySchedule(MonoSendMany.java:383) [reactor-netty-0.9.7.RELEASE.jar:0.9.7.RELEASE]
		at reactor.netty.channel.MonoSendMany$SendManyInner.trySuccess(MonoSendMany.java:535) [reactor-netty-0.9.7.RELEASE.jar:0.9.7.RELEASE]
		at reactor.netty.channel.MonoSendMany$SendManyInner.trySuccess(MonoSendMany.java:94) [reactor-netty-0.9.7.RELEASE.jar:0.9.7.RELEASE]
		at io.netty.util.concurrent.PromiseCombiner.tryPromise(PromiseCombiner.java:170) [netty-common-4.1.50.Final.jar:4.1.50.Final]
		at io.netty.util.concurrent.PromiseCombiner.access$600(PromiseCombiner.java:35) [netty-common-4.1.50.Final.jar:4.1.50.Final]
		at io.netty.util.concurrent.PromiseCombiner$1.operationComplete0(PromiseCombiner.java:62) [netty-common-4.1.50.Final.jar:4.1.50.Final]
		at io.netty.util.concurrent.PromiseCombiner$1.operationComplete(PromiseCombiner.java:44) [netty-common-4.1.50.Final.jar:4.1.50.Final]
		at io.netty.util.concurrent.DefaultPromise.notifyListener0(DefaultPromise.java:577) [netty-common-4.1.50.Final.jar:4.1.50.Final]
		at io.netty.util.concurrent.DefaultPromise.notifyListenersNow(DefaultPromise.java:551) [netty-common-4.1.50.Final.jar:4.1.50.Final]
		at io.netty.util.concurrent.DefaultPromise.notifyListeners(DefaultPromise.java:490) [netty-common-4.1.50.Final.jar:4.1.50.Final]
		at io.netty.util.concurrent.DefaultPromise.setValue0(DefaultPromise.java:615) [netty-common-4.1.50.Final.jar:4.1.50.Final]
		at io.netty.util.concurrent.DefaultPromise.setSuccess0(DefaultPromise.java:604) [netty-common-4.1.50.Final.jar:4.1.50.Final]
		at io.netty.util.concurrent.DefaultPromise.trySuccess(DefaultPromise.java:104) [netty-common-4.1.50.Final.jar:4.1.50.Final]
		at io.netty.util.internal.PromiseNotificationUtil.trySuccess(PromiseNotificationUtil.java:48) [netty-common-4.1.50.Final.jar:4.1.50.Final]
		at io.netty.channel.ChannelOutboundBuffer.safeSuccess(ChannelOutboundBuffer.java:717) [netty-transport-4.1.50.Final.jar:4.1.50.Final]
		at io.netty.channel.ChannelOutboundBuffer.remove(ChannelOutboundBuffer.java:272) [netty-transport-4.1.50.Final.jar:4.1.50.Final]
		at io.netty.channel.ChannelOutboundBuffer.removeBytes(ChannelOutboundBuffer.java:352) [netty-transport-4.1.50.Final.jar:4.1.50.Final]
		at io.netty.channel.epoll.AbstractEpollStreamChannel.writeBytesMultiple(AbstractEpollStreamChannel.java:305) [netty-transport-native-epoll-4.1.50.Final-linux-x86_64.jar:4.1.50.Final]
		at io.netty.channel.epoll.AbstractEpollStreamChannel.doWriteMultiple(AbstractEpollStreamChannel.java:510) [netty-transport-native-epoll-4.1.50.Final-linux-x86_64.jar:4.1.50.Final]
		at io.netty.channel.epoll.AbstractEpollStreamChannel.doWrite(AbstractEpollStreamChannel.java:422) [netty-transport-native-epoll-4.1.50.Final-linux-x86_64.jar:4.1.50.Final]
		at io.netty.channel.AbstractChannel$AbstractUnsafe.flush0(AbstractChannel.java:930) [netty-transport-4.1.50.Final.jar:4.1.50.Final]
		at io.netty.channel.epoll.AbstractEpollChannel$AbstractEpollUnsafe.flush0(AbstractEpollChannel.java:519) [netty-transport-native-epoll-4.1.50.Final-linux-x86_64.jar:4.1.50.Final]
		at io.netty.channel.AbstractChannel$AbstractUnsafe.flush(AbstractChannel.java:897) [netty-transport-4.1.50.Final.jar:4.1.50.Final]
		at io.netty.channel.DefaultChannelPipeline$HeadContext.flush(DefaultChannelPipeline.java:1372) [netty-transport-4.1.50.Final.jar:4.1.50.Final]
		at io.netty.channel.AbstractChannelHandlerContext.invokeFlush0(AbstractChannelHandlerContext.java:750) [netty-transport-4.1.50.Final.jar:4.1.50.Final]
		at io.netty.channel.AbstractChannelHandlerContext.invokeFlush(AbstractChannelHandlerContext.java:742) [netty-transport-4.1.50.Final.jar:4.1.50.Final]
		at io.netty.channel.AbstractChannelHandlerContext.flush(AbstractChannelHandlerContext.java:728) [netty-transport-4.1.50.Final.jar:4.1.50.Final]
		at io.netty.channel.CombinedChannelDuplexHandler$DelegatingChannelHandlerContext.flush(CombinedChannelDuplexHandler.java:531) [netty-transport-4.1.50.Final.jar:4.1.50.Final]
		at io.netty.channel.ChannelOutboundHandlerAdapter.flush(ChannelOutboundHandlerAdapter.java:125) [netty-transport-4.1.50.Final.jar:4.1.50.Final]
		at io.netty.channel.CombinedChannelDuplexHandler.flush(CombinedChannelDuplexHandler.java:356) [netty-transport-4.1.50.Final.jar:4.1.50.Final]
		at io.netty.channel.AbstractChannelHandlerContext.invokeFlush0(AbstractChannelHandlerContext.java:750) [netty-transport-4.1.50.Final.jar:4.1.50.Final]
		at io.netty.channel.AbstractChannelHandlerContext.invokeFlush(AbstractChannelHandlerContext.java:742) [netty-transport-4.1.50.Final.jar:4.1.50.Final]
		at io.netty.channel.AbstractChannelHandlerContext.flush(AbstractChannelHandlerContext.java:728) [netty-transport-4.1.50.Final.jar:4.1.50.Final]
		at reactor.netty.channel.MonoSendMany$SendManyInner$AsyncFlush.run(MonoSendMany.java:633) [reactor-netty-0.9.7.RELEASE.jar:0.9.7.RELEASE]
		at io.netty.util.concurrent.AbstractEventExecutor.safeExecute(AbstractEventExecutor.java:164) [netty-common-4.1.50.Final.jar:4.1.50.Final]
		at io.netty.util.concurrent.SingleThreadEventExecutor.runAllTasks(SingleThreadEventExecutor.java:472) [netty-common-4.1.50.Final.jar:4.1.50.Final]
		at io.netty.channel.epoll.EpollEventLoop.run(EpollEventLoop.java:384) [netty-transport-native-epoll-4.1.50.Final-linux-x86_64.jar:4.1.50.Final]
		at io.netty.util.concurrent.SingleThreadEventExecutor$4.run(SingleThreadEventExecutor.java:989) [netty-common-4.1.50.Final.jar:4.1.50.Final]
		at io.netty.util.internal.ThreadExecutorMap$2.run(ThreadExecutorMap.java:74) [netty-common-4.1.50.Final.jar:4.1.50.Final]
		at io.netty.util.concurrent.FastThreadLocalRunnable.run(FastThreadLocalRunnable.java:30) [netty-common-4.1.50.Final.jar:4.1.50.Final]
		at java.lang.Thread.run(Thread.java:748) [?:1.8.0_232]
14:00:02.282 [Test worker] DEBUG o.s.w.t.h.s.r.b.ReactorHttpServer - Stopping ReactorHttpServer...
14:00:02.282 [Test worker] DEBUG o.s.w.t.h.s.r.b.ReactorHttpServer - Server stopped (0 millis).
14:00:02.362 [Test worker] DEBUG o.s.w.r.r.m.a.RequestMappingHandlerMapping - 6 mappings in 'requestMappingHandlerMapping'
14:00:02.430 [Test worker] DEBUG o.s.w.r.r.m.a.ControllerMethodResolver - ControllerAdvice beans: none
14:00:02.466 [Test worker] DEBUG o.s.w.s.a.HttpWebHandlerAdapter - enableLoggingRequestDetails='false': form data and headers will be masked to prevent unsafe logging of potentially sensitive data
14:00:02.475 [Test worker] DEBUG o.s.w.t.h.s.r.b.TomcatHttpServer - Starting TomcatHttpServer...
14:00:02.621 [Test worker] DEBUG o.s.w.t.h.s.r.b.TomcatHttpServer - Server started on port 33023(0 millis).
14:00:02.621 [Test worker] DEBUG o.s.w.c.RestTemplate - HTTP GET http://localhost:33023/SPR-16051
14:00:02.621 [Test worker] DEBUG o.s.w.c.RestTemplate - Accept=[text/plain, application/json, application/x-jackson-smile, application/*+json, */*]
14:00:02.627 [http-nio-auto-5-exec-1] DEBUG o.s.w.s.a.HttpWebHandlerAdapter - [6fb9d42f] HTTP GET "/SPR-16051"
14:00:02.627 [http-nio-auto-5-exec-1] DEBUG o.s.w.r.r.m.a.RequestMappingHandlerMapping - [6fb9d42f] Mapped to org.springframework.web.reactive.result.method.annotation.RequestMappingExceptionHandlingIntegrationTests$TestController#errors()
14:00:02.628 [http-nio-auto-5-exec-1] DEBUG o.s.w.r.r.m.a.ResponseBodyResultHandler - Using 'text/plain;charset=UTF-8' given [text/plain, application/json, application/x-jackson-smile, application/*+json, */*] and supported [text/plain;charset=UTF-8, text/event-stream, text/plain;charset=UTF-8, */*]
14:00:02.628 [http-nio-auto-5-exec-1] DEBUG o.s.w.r.r.m.a.ResponseBodyResultHandler - [6fb9d42f] 0..N [java.lang.String]
14:00:02.628 [http-nio-auto-5-exec-1] DEBUG o.s.c.c.CharSequenceEncoder - [6fb9d42f] Writing "1. foo bar"
14:00:02.629 [http-nio-auto-5-exec-1] DEBUG o.s.c.c.CharSequenceEncoder - [6fb9d42f] Writing "2. foo bar"
14:00:02.629 [http-nio-auto-5-exec-1] DEBUG o.s.c.c.CharSequenceEncoder - [6fb9d42f] Writing "3. foo bar"
14:00:02.629 [http-nio-auto-5-exec-1] DEBUG o.s.c.c.CharSequenceEncoder - [6fb9d42f] Writing "4. foo bar"
14:00:02.629 [http-nio-auto-5-exec-1] DEBUG o.s.c.c.CharSequenceEncoder - [6fb9d42f] Writing "5. foo bar"
14:00:02.629 [http-nio-auto-5-exec-1] DEBUG o.s.c.c.CharSequenceEncoder - [6fb9d42f] Writing "6. foo bar"
14:00:02.629 [http-nio-auto-5-exec-1] DEBUG o.s.c.c.CharSequenceEncoder - [6fb9d42f] Writing "7. foo bar"
14:00:02.629 [http-nio-auto-5-exec-1] DEBUG o.s.c.c.CharSequenceEncoder - [6fb9d42f] Writing "8. foo bar"
14:00:02.629 [http-nio-auto-5-exec-1] DEBUG o.s.c.c.CharSequenceEncoder - [6fb9d42f] Writing "9. foo bar"
14:00:02.629 [http-nio-auto-5-exec-1] DEBUG o.s.c.c.CharSequenceEncoder - [6fb9d42f] Writing "10. foo bar"
14:00:02.629 [http-nio-auto-5-exec-1] DEBUG o.s.c.c.CharSequenceEncoder - [6fb9d42f] Writing "11. foo bar"
14:00:02.629 [http-nio-auto-5-exec-1] DEBUG o.s.c.c.CharSequenceEncoder - [6fb9d42f] Writing "12. foo bar"
14:00:02.629 [http-nio-auto-5-exec-1] DEBUG o.s.c.c.CharSequenceEncoder - [6fb9d42f] Writing "13. foo bar"
14:00:02.629 [http-nio-auto-5-exec-1] DEBUG o.s.c.c.CharSequenceEncoder - [6fb9d42f] Writing "14. foo bar"
14:00:02.629 [http-nio-auto-5-exec-1] DEBUG o.s.c.c.CharSequenceEncoder - [6fb9d42f] Writing "15. foo bar"
14:00:02.629 [http-nio-auto-5-exec-1] DEBUG o.s.c.c.CharSequenceEncoder - [6fb9d42f] Writing "16. foo bar"
14:00:02.629 [http-nio-auto-5-exec-1] DEBUG o.s.c.c.CharSequenceEncoder - [6fb9d42f] Writing "17. foo bar"
14:00:02.629 [http-nio-auto-5-exec-1] DEBUG o.s.c.c.CharSequenceEncoder - [6fb9d42f] Writing "18. foo bar"
14:00:02.629 [http-nio-auto-5-exec-1] DEBUG o.s.c.c.CharSequenceEncoder - [6fb9d42f] Writing "19. foo bar"
14:00:02.629 [http-nio-auto-5-exec-1] DEBUG o.s.c.c.CharSequenceEncoder - [6fb9d42f] Writing "20. foo bar"
14:00:02.629 [http-nio-auto-5-exec-1] DEBUG o.s.c.c.CharSequenceEncoder - [6fb9d42f] Writing "21. foo bar"
14:00:02.629 [http-nio-auto-5-exec-1] DEBUG o.s.c.c.CharSequenceEncoder - [6fb9d42f] Writing "22. foo bar"
14:00:02.629 [http-nio-auto-5-exec-1] DEBUG o.s.c.c.CharSequenceEncoder - [6fb9d42f] Writing "23. foo bar"
14:00:02.629 [http-nio-auto-5-exec-1] DEBUG o.s.c.c.CharSequenceEncoder - [6fb9d42f] Writing "24. foo bar"
14:00:02.629 [http-nio-auto-5-exec-1] DEBUG o.s.c.c.CharSequenceEncoder - [6fb9d42f] Writing "25. foo bar"
14:00:02.629 [http-nio-auto-5-exec-1] DEBUG o.s.c.c.CharSequenceEncoder - [6fb9d42f] Writing "26. foo bar"
14:00:02.629 [http-nio-auto-5-exec-1] DEBUG o.s.c.c.CharSequenceEncoder - [6fb9d42f] Writing "27. foo bar"
14:00:02.629 [http-nio-auto-5-exec-1] DEBUG o.s.c.c.CharSequenceEncoder - [6fb9d42f] Writing "28. foo bar"
14:00:02.629 [http-nio-auto-5-exec-1] DEBUG o.s.c.c.CharSequenceEncoder - [6fb9d42f] Writing "29. foo bar"
14:00:02.629 [http-nio-auto-5-exec-1] DEBUG o.s.c.c.CharSequenceEncoder - [6fb9d42f] Writing "30. foo bar"
14:00:02.629 [http-nio-auto-5-exec-1] DEBUG o.s.c.c.CharSequenceEncoder - [6fb9d42f] Writing "31. foo bar"
14:00:02.629 [http-nio-auto-5-exec-1] DEBUG o.s.c.c.CharSequenceEncoder - [6fb9d42f] Writing "32. foo bar"
14:00:02.629 [http-nio-auto-5-exec-1] DEBUG o.s.c.c.CharSequenceEncoder - [6fb9d42f] Writing "33. foo bar"
14:00:02.629 [http-nio-auto-5-exec-1] DEBUG o.s.c.c.CharSequenceEncoder - [6fb9d42f] Writing "34. foo bar"
14:00:02.629 [http-nio-auto-5-exec-1] DEBUG o.s.c.c.CharSequenceEncoder - [6fb9d42f] Writing "35. foo bar"
14:00:02.629 [http-nio-auto-5-exec-1] DEBUG o.s.c.c.CharSequenceEncoder - [6fb9d42f] Writing "36. foo bar"
14:00:02.633 [http-nio-auto-5-exec-1] DEBUG o.s.c.c.CharSequenceEncoder - [6fb9d42f] Writing "37. foo bar"
14:00:02.633 [http-nio-auto-5-exec-1] DEBUG o.s.c.c.CharSequenceEncoder - [6fb9d42f] Writing "38. foo bar"
14:00:02.633 [http-nio-auto-5-exec-1] DEBUG o.s.c.c.CharSequenceEncoder - [6fb9d42f] Writing "39. foo bar"
14:00:02.633 [http-nio-auto-5-exec-1] DEBUG o.s.c.c.CharSequenceEncoder - [6fb9d42f] Writing "40. foo bar"
14:00:02.633 [http-nio-auto-5-exec-1] DEBUG o.s.c.c.CharSequenceEncoder - [6fb9d42f] Writing "41. foo bar"
14:00:02.633 [http-nio-auto-5-exec-1] DEBUG o.s.c.c.CharSequenceEncoder - [6fb9d42f] Writing "42. foo bar"
14:00:02.633 [http-nio-auto-5-exec-1] DEBUG o.s.c.c.CharSequenceEncoder - [6fb9d42f] Writing "43. foo bar"
14:00:02.633 [http-nio-auto-5-exec-1] DEBUG o.s.c.c.CharSequenceEncoder - [6fb9d42f] Writing "44. foo bar"
14:00:02.633 [http-nio-auto-5-exec-1] DEBUG o.s.c.c.CharSequenceEncoder - [6fb9d42f] Writing "45. foo bar"
14:00:02.633 [http-nio-auto-5-exec-1] DEBUG o.s.c.c.CharSequenceEncoder - [6fb9d42f] Writing "46. foo bar"
14:00:02.633 [http-nio-auto-5-exec-1] DEBUG o.s.c.c.CharSequenceEncoder - [6fb9d42f] Writing "47. foo bar"
14:00:02.633 [http-nio-auto-5-exec-1] DEBUG o.s.c.c.CharSequenceEncoder - [6fb9d42f] Writing "48. foo bar"
14:00:02.633 [http-nio-auto-5-exec-1] DEBUG o.s.c.c.CharSequenceEncoder - [6fb9d42f] Writing "49. foo bar"
14:00:02.633 [http-nio-auto-5-exec-1] DEBUG o.s.c.c.CharSequenceEncoder - [6fb9d42f] Writing "50. foo bar"
14:00:02.633 [http-nio-auto-5-exec-1] DEBUG o.s.c.c.CharSequenceEncoder - [6fb9d42f] Writing "51. foo bar"
14:00:02.634 [http-nio-auto-5-exec-1] DEBUG o.s.c.c.CharSequenceEncoder - [6fb9d42f] Writing "52. foo bar"
14:00:02.634 [http-nio-auto-5-exec-1] DEBUG o.s.c.c.CharSequenceEncoder - [6fb9d42f] Writing "53. foo bar"
14:00:02.634 [http-nio-auto-5-exec-1] DEBUG o.s.c.c.CharSequenceEncoder - [6fb9d42f] Writing "54. foo bar"
14:00:02.634 [http-nio-auto-5-exec-1] DEBUG o.s.c.c.CharSequenceEncoder - [6fb9d42f] Writing "55. foo bar"
14:00:02.634 [http-nio-auto-5-exec-1] DEBUG o.s.c.c.CharSequenceEncoder - [6fb9d42f] Writing "56. foo bar"
14:00:02.634 [http-nio-auto-5-exec-1] DEBUG o.s.c.c.CharSequenceEncoder - [6fb9d42f] Writing "57. foo bar"
14:00:02.634 [http-nio-auto-5-exec-1] DEBUG o.s.c.c.CharSequenceEncoder - [6fb9d42f] Writing "58. foo bar"
14:00:02.634 [http-nio-auto-5-exec-1] DEBUG o.s.c.c.CharSequenceEncoder - [6fb9d42f] Writing "59. foo bar"
14:00:02.634 [http-nio-auto-5-exec-1] DEBUG o.s.c.c.CharSequenceEncoder - [6fb9d42f] Writing "60. foo bar"
14:00:02.634 [http-nio-auto-5-exec-1] DEBUG o.s.c.c.CharSequenceEncoder - [6fb9d42f] Writing "61. foo bar"
14:00:02.634 [http-nio-auto-5-exec-1] DEBUG o.s.c.c.CharSequenceEncoder - [6fb9d42f] Writing "62. foo bar"
14:00:02.634 [http-nio-auto-5-exec-1] DEBUG o.s.c.c.CharSequenceEncoder - [6fb9d42f] Writing "63. foo bar"
14:00:02.634 [http-nio-auto-5-exec-1] DEBUG o.s.c.c.CharSequenceEncoder - [6fb9d42f] Writing "64. foo bar"
14:00:02.634 [http-nio-auto-5-exec-1] DEBUG o.s.c.c.CharSequenceEncoder - [6fb9d42f] Writing "65. foo bar"
14:00:02.634 [http-nio-auto-5-exec-1] DEBUG o.s.c.c.CharSequenceEncoder - [6fb9d42f] Writing "66. foo bar"
14:00:02.634 [http-nio-auto-5-exec-1] DEBUG o.s.c.c.CharSequenceEncoder - [6fb9d42f] Writing "67. foo bar"
14:00:02.634 [http-nio-auto-5-exec-1] DEBUG o.s.c.c.CharSequenceEncoder - [6fb9d42f] Writing "68. foo bar"
14:00:02.634 [http-nio-auto-5-exec-1] DEBUG o.s.c.c.CharSequenceEncoder - [6fb9d42f] Writing "69. foo bar"
14:00:02.634 [http-nio-auto-5-exec-1] DEBUG o.s.c.c.CharSequenceEncoder - [6fb9d42f] Writing "70. foo bar"
14:00:02.634 [http-nio-auto-5-exec-1] DEBUG o.s.c.c.CharSequenceEncoder - [6fb9d42f] Writing "71. foo bar"
14:00:02.634 [http-nio-auto-5-exec-1] DEBUG o.s.c.c.CharSequenceEncoder - [6fb9d42f] Writing "72. foo bar"
14:00:02.634 [http-nio-auto-5-exec-1] DEBUG o.s.c.c.CharSequenceEncoder - [6fb9d42f] Writing "73. foo bar"
14:00:02.634 [http-nio-auto-5-exec-1] DEBUG o.s.c.c.CharSequenceEncoder - [6fb9d42f] Writing "74. foo bar"
14:00:02.634 [http-nio-auto-5-exec-1] DEBUG o.s.c.c.CharSequenceEncoder - [6fb9d42f] Writing "75. foo bar"
14:00:02.634 [http-nio-auto-5-exec-1] DEBUG o.s.c.c.CharSequenceEncoder - [6fb9d42f] Writing "76. foo bar"
14:00:02.634 [http-nio-auto-5-exec-1] DEBUG o.s.c.c.CharSequenceEncoder - [6fb9d42f] Writing "77. foo bar"
14:00:02.634 [http-nio-auto-5-exec-1] DEBUG o.s.c.c.CharSequenceEncoder - [6fb9d42f] Writing "78. foo bar"
14:00:02.634 [http-nio-auto-5-exec-1] DEBUG o.s.c.c.CharSequenceEncoder - [6fb9d42f] Writing "79. foo bar"
14:00:02.634 [http-nio-auto-5-exec-1] DEBUG o.s.c.c.CharSequenceEncoder - [6fb9d42f] Writing "80. foo bar"
14:00:02.634 [http-nio-auto-5-exec-1] DEBUG o.s.c.c.CharSequenceEncoder - [6fb9d42f] Writing "81. foo bar"
14:00:02.634 [http-nio-auto-5-exec-1] DEBUG o.s.c.c.CharSequenceEncoder - [6fb9d42f] Writing "82. foo bar"
14:00:02.634 [http-nio-auto-5-exec-1] DEBUG o.s.c.c.CharSequenceEncoder - [6fb9d42f] Writing "83. foo bar"
14:00:02.634 [http-nio-auto-5-exec-1] DEBUG o.s.c.c.CharSequenceEncoder - [6fb9d42f] Writing "84. foo bar"
14:00:02.634 [http-nio-auto-5-exec-1] DEBUG o.s.c.c.CharSequenceEncoder - [6fb9d42f] Writing "85. foo bar"
14:00:02.634 [http-nio-auto-5-exec-1] DEBUG o.s.c.c.CharSequenceEncoder - [6fb9d42f] Writing "86. foo bar"
14:00:02.634 [http-nio-auto-5-exec-1] DEBUG o.s.c.c.CharSequenceEncoder - [6fb9d42f] Writing "87. foo bar"
14:00:02.634 [http-nio-auto-5-exec-1] DEBUG o.s.c.c.CharSequenceEncoder - [6fb9d42f] Writing "88. foo bar"
14:00:02.634 [http-nio-auto-5-exec-1] DEBUG o.s.c.c.CharSequenceEncoder - [6fb9d42f] Writing "89. foo bar"
14:00:02.634 [http-nio-auto-5-exec-1] DEBUG o.s.c.c.CharSequenceEncoder - [6fb9d42f] Writing "90. foo bar"
14:00:02.634 [http-nio-auto-5-exec-1] DEBUG o.s.c.c.CharSequenceEncoder - [6fb9d42f] Writing "91. foo bar"
14:00:02.634 [http-nio-auto-5-exec-1] DEBUG o.s.c.c.CharSequenceEncoder - [6fb9d42f] Writing "92. foo bar"
14:00:02.634 [http-nio-auto-5-exec-1] DEBUG o.s.c.c.CharSequenceEncoder - [6fb9d42f] Writing "93. foo bar"
14:00:02.634 [http-nio-auto-5-exec-1] DEBUG o.s.c.c.CharSequenceEncoder - [6fb9d42f] Writing "94. foo bar"
14:00:02.634 [http-nio-auto-5-exec-1] DEBUG o.s.c.c.CharSequenceEncoder - [6fb9d42f] Writing "95. foo bar"
14:00:02.634 [http-nio-auto-5-exec-1] DEBUG o.s.c.c.CharSequenceEncoder - [6fb9d42f] Writing "96. foo bar"
14:00:02.634 [http-nio-auto-5-exec-1] DEBUG o.s.c.c.CharSequenceEncoder - [6fb9d42f] Writing "97. foo bar"
14:00:02.634 [http-nio-auto-5-exec-1] DEBUG o.s.c.c.CharSequenceEncoder - [6fb9d42f] Writing "98. foo bar"
14:00:02.635 [http-nio-auto-5-exec-1] DEBUG o.s.c.c.CharSequenceEncoder - [6fb9d42f] Writing "99. foo bar"
14:00:02.635 [http-nio-auto-5-exec-1] DEBUG o.s.c.c.CharSequenceEncoder - [6fb9d42f] Writing "100. foo bar"
14:00:02.635 [http-nio-auto-5-exec-1] DEBUG o.s.c.c.CharSequenceEncoder - [6fb9d42f] Writing "101. foo bar"
14:00:02.635 [http-nio-auto-5-exec-1] DEBUG o.s.c.c.CharSequenceEncoder - [6fb9d42f] Writing "102. foo bar"
14:00:02.635 [http-nio-auto-5-exec-1] DEBUG o.s.c.c.CharSequenceEncoder - [6fb9d42f] Writing "103. foo bar"
14:00:02.635 [http-nio-auto-5-exec-1] DEBUG o.s.c.c.CharSequenceEncoder - [6fb9d42f] Writing "104. foo bar"
14:00:02.635 [http-nio-auto-5-exec-1] DEBUG o.s.c.c.CharSequenceEncoder - [6fb9d42f] Writing "105. foo bar"
14:00:02.635 [http-nio-auto-5-exec-1] DEBUG o.s.c.c.CharSequenceEncoder - [6fb9d42f] Writing "106. foo bar"
14:00:02.635 [http-nio-auto-5-exec-1] DEBUG o.s.c.c.CharSequenceEncoder - [6fb9d42f] Writing "107. foo bar"
14:00:02.635 [http-nio-auto-5-exec-1] DEBUG o.s.c.c.CharSequenceEncoder - [6fb9d42f] Writing "108. foo bar"
14:00:02.635 [http-nio-auto-5-exec-1] DEBUG o.s.c.c.CharSequenceEncoder - [6fb9d42f] Writing "109. foo bar"
14:00:02.635 [http-nio-auto-5-exec-1] DEBUG o.s.c.c.CharSequenceEncoder - [6fb9d42f] Writing "110. foo bar"
14:00:02.635 [http-nio-auto-5-exec-1] DEBUG o.s.c.c.CharSequenceEncoder - [6fb9d42f] Writing "111. foo bar"
14:00:02.635 [http-nio-auto-5-exec-1] DEBUG o.s.c.c.CharSequenceEncoder - [6fb9d42f] Writing "112. foo bar"
14:00:02.635 [http-nio-auto-5-exec-1] DEBUG o.s.c.c.CharSequenceEncoder - [6fb9d42f] Writing "113. foo bar"
14:00:02.635 [http-nio-auto-5-exec-1] DEBUG o.s.c.c.CharSequenceEncoder - [6fb9d42f] Writing "114. foo bar"
14:00:02.635 [http-nio-auto-5-exec-1] DEBUG o.s.c.c.CharSequenceEncoder - [6fb9d42f] Writing "115. foo bar"
14:00:02.635 [http-nio-auto-5-exec-1] DEBUG o.s.c.c.CharSequenceEncoder - [6fb9d42f] Writing "116. foo bar"
14:00:02.635 [http-nio-auto-5-exec-1] DEBUG o.s.c.c.CharSequenceEncoder - [6fb9d42f] Writing "117. foo bar"
14:00:02.635 [http-nio-auto-5-exec-1] DEBUG o.s.c.c.CharSequenceEncoder - [6fb9d42f] Writing "118. foo bar"
14:00:02.635 [http-nio-auto-5-exec-1] DEBUG o.s.c.c.CharSequenceEncoder - [6fb9d42f] Writing "119. foo bar"
14:00:02.635 [http-nio-auto-5-exec-1] DEBUG o.s.c.c.CharSequenceEncoder - [6fb9d42f] Writing "120. foo bar"
14:00:02.635 [http-nio-auto-5-exec-1] DEBUG o.s.c.c.CharSequenceEncoder - [6fb9d42f] Writing "121. foo bar"
14:00:02.635 [http-nio-auto-5-exec-1] DEBUG o.s.c.c.CharSequenceEncoder - [6fb9d42f] Writing "122. foo bar"
14:00:02.635 [http-nio-auto-5-exec-1] DEBUG o.s.c.c.CharSequenceEncoder - [6fb9d42f] Writing "123. foo bar"
14:00:02.635 [http-nio-auto-5-exec-1] DEBUG o.s.c.c.CharSequenceEncoder - [6fb9d42f] Writing "124. foo bar"
14:00:02.635 [http-nio-auto-5-exec-1] DEBUG o.s.c.c.CharSequenceEncoder - [6fb9d42f] Writing "125. foo bar"
14:00:02.635 [http-nio-auto-5-exec-1] DEBUG o.s.c.c.CharSequenceEncoder - [6fb9d42f] Writing "126. foo bar"
14:00:02.635 [http-nio-auto-5-exec-1] DEBUG o.s.c.c.CharSequenceEncoder - [6fb9d42f] Writing "127. foo bar"
14:00:02.635 [http-nio-auto-5-exec-1] DEBUG o.s.c.c.CharSequenceEncoder - [6fb9d42f] Writing "128. foo bar"
14:00:02.635 [http-nio-auto-5-exec-1] DEBUG o.s.c.c.CharSequenceEncoder - [6fb9d42f] Writing "129. foo bar"
14:00:02.635 [http-nio-auto-5-exec-1] DEBUG o.s.c.c.CharSequenceEncoder - [6fb9d42f] Writing "130. foo bar"
14:00:02.635 [http-nio-auto-5-exec-1] DEBUG o.s.c.c.CharSequenceEncoder - [6fb9d42f] Writing "131. foo bar"
14:00:02.635 [http-nio-auto-5-exec-1] DEBUG o.s.c.c.CharSequenceEncoder - [6fb9d42f] Writing "132. foo bar"
14:00:02.635 [http-nio-auto-5-exec-1] DEBUG o.s.c.c.CharSequenceEncoder - [6fb9d42f] Writing "133. foo bar"
14:00:02.635 [http-nio-auto-5-exec-1] DEBUG o.s.c.c.CharSequenceEncoder - [6fb9d42f] Writing "134. foo bar"
14:00:02.635 [http-nio-auto-5-exec-1] DEBUG o.s.c.c.CharSequenceEncoder - [6fb9d42f] Writing "135. foo bar"
14:00:02.635 [http-nio-auto-5-exec-1] DEBUG o.s.c.c.CharSequenceEncoder - [6fb9d42f] Writing "136. foo bar"
14:00:02.635 [http-nio-auto-5-exec-1] DEBUG o.s.c.c.CharSequenceEncoder - [6fb9d42f] Writing "137. foo bar"
14:00:02.635 [http-nio-auto-5-exec-1] DEBUG o.s.c.c.CharSequenceEncoder - [6fb9d42f] Writing "138. foo bar"
14:00:02.635 [http-nio-auto-5-exec-1] DEBUG o.s.c.c.CharSequenceEncoder - [6fb9d42f] Writing "139. foo bar"
14:00:02.635 [http-nio-auto-5-exec-1] DEBUG o.s.c.c.CharSequenceEncoder - [6fb9d42f] Writing "140. foo bar"
14:00:02.635 [http-nio-auto-5-exec-1] DEBUG o.s.c.c.CharSequenceEncoder - [6fb9d42f] Writing "141. foo bar"
14:00:02.635 [http-nio-auto-5-exec-1] DEBUG o.s.c.c.CharSequenceEncoder - [6fb9d42f] Writing "142. foo bar"
14:00:02.635 [http-nio-auto-5-exec-1] DEBUG o.s.c.c.CharSequenceEncoder - [6fb9d42f] Writing "143. foo bar"
14:00:02.635 [http-nio-auto-5-exec-1] DEBUG o.s.c.c.CharSequenceEncoder - [6fb9d42f] Writing "144. foo bar"
14:00:02.635 [http-nio-auto-5-exec-1] DEBUG o.s.c.c.CharSequenceEncoder - [6fb9d42f] Writing "145. foo bar"
14:00:02.635 [http-nio-auto-5-exec-1] DEBUG o.s.c.c.CharSequenceEncoder - [6fb9d42f] Writing "146. foo bar"
14:00:02.635 [http-nio-auto-5-exec-1] DEBUG o.s.c.c.CharSequenceEncoder - [6fb9d42f] Writing "147. foo bar"
14:00:02.635 [http-nio-auto-5-exec-1] DEBUG o.s.c.c.CharSequenceEncoder - [6fb9d42f] Writing "148. foo bar"
14:00:02.635 [http-nio-auto-5-exec-1] DEBUG o.s.c.c.CharSequenceEncoder - [6fb9d42f] Writing "149. foo bar"
14:00:02.635 [http-nio-auto-5-exec-1] DEBUG o.s.c.c.CharSequenceEncoder - [6fb9d42f] Writing "150. foo bar"
14:00:02.635 [http-nio-auto-5-exec-1] DEBUG o.s.c.c.CharSequenceEncoder - [6fb9d42f] Writing "151. foo bar"
14:00:02.635 [http-nio-auto-5-exec-1] DEBUG o.s.c.c.CharSequenceEncoder - [6fb9d42f] Writing "152. foo bar"
14:00:02.635 [http-nio-auto-5-exec-1] DEBUG o.s.c.c.CharSequenceEncoder - [6fb9d42f] Writing "153. foo bar"
14:00:02.635 [http-nio-auto-5-exec-1] DEBUG o.s.c.c.CharSequenceEncoder - [6fb9d42f] Writing "154. foo bar"
14:00:02.635 [http-nio-auto-5-exec-1] DEBUG o.s.c.c.CharSequenceEncoder - [6fb9d42f] Writing "155. foo bar"
14:00:02.635 [http-nio-auto-5-exec-1] DEBUG o.s.c.c.CharSequenceEncoder - [6fb9d42f] Writing "156. foo bar"
14:00:02.635 [http-nio-auto-5-exec-1] DEBUG o.s.c.c.CharSequenceEncoder - [6fb9d42f] Writing "157. foo bar"
14:00:02.635 [http-nio-auto-5-exec-1] DEBUG o.s.c.c.CharSequenceEncoder - [6fb9d42f] Writing "158. foo bar"
14:00:02.635 [http-nio-auto-5-exec-1] DEBUG o.s.c.c.CharSequenceEncoder - [6fb9d42f] Writing "159. foo bar"
14:00:02.636 [http-nio-auto-5-exec-1] DEBUG o.s.c.c.CharSequenceEncoder - [6fb9d42f] Writing "160. foo bar"
14:00:02.636 [http-nio-auto-5-exec-1] DEBUG o.s.c.c.CharSequenceEncoder - [6fb9d42f] Writing "161. foo bar"
14:00:02.636 [http-nio-auto-5-exec-1] DEBUG o.s.c.c.CharSequenceEncoder - [6fb9d42f] Writing "162. foo bar"
14:00:02.636 [http-nio-auto-5-exec-1] DEBUG o.s.c.c.CharSequenceEncoder - [6fb9d42f] Writing "163. foo bar"
14:00:02.636 [http-nio-auto-5-exec-1] DEBUG o.s.c.c.CharSequenceEncoder - [6fb9d42f] Writing "164. foo bar"
14:00:02.636 [http-nio-auto-5-exec-1] DEBUG o.s.c.c.CharSequenceEncoder - [6fb9d42f] Writing "165. foo bar"
14:00:02.636 [http-nio-auto-5-exec-1] DEBUG o.s.c.c.CharSequenceEncoder - [6fb9d42f] Writing "166. foo bar"
14:00:02.636 [http-nio-auto-5-exec-1] DEBUG o.s.c.c.CharSequenceEncoder - [6fb9d42f] Writing "167. foo bar"
14:00:02.636 [http-nio-auto-5-exec-1] DEBUG o.s.c.c.CharSequenceEncoder - [6fb9d42f] Writing "168. foo bar"
14:00:02.636 [http-nio-auto-5-exec-1] DEBUG o.s.c.c.CharSequenceEncoder - [6fb9d42f] Writing "169. foo bar"
14:00:02.636 [http-nio-auto-5-exec-1] DEBUG o.s.c.c.CharSequenceEncoder - [6fb9d42f] Writing "170. foo bar"
14:00:02.636 [http-nio-auto-5-exec-1] DEBUG o.s.c.c.CharSequenceEncoder - [6fb9d42f] Writing "171. foo bar"
14:00:02.636 [http-nio-auto-5-exec-1] DEBUG o.s.c.c.CharSequenceEncoder - [6fb9d42f] Writing "172. foo bar"
14:00:02.636 [http-nio-auto-5-exec-1] DEBUG o.s.c.c.CharSequenceEncoder - [6fb9d42f] Writing "173. foo bar"
14:00:02.636 [http-nio-auto-5-exec-1] DEBUG o.s.c.c.CharSequenceEncoder - [6fb9d42f] Writing "174. foo bar"
14:00:02.636 [http-nio-auto-5-exec-1] DEBUG o.s.c.c.CharSequenceEncoder - [6fb9d42f] Writing "175. foo bar"
14:00:02.636 [http-nio-auto-5-exec-1] DEBUG o.s.c.c.CharSequenceEncoder - [6fb9d42f] Writing "176. foo bar"
14:00:02.636 [http-nio-auto-5-exec-1] DEBUG o.s.c.c.CharSequenceEncoder - [6fb9d42f] Writing "177. foo bar"
14:00:02.636 [http-nio-auto-5-exec-1] DEBUG o.s.c.c.CharSequenceEncoder - [6fb9d42f] Writing "178. foo bar"
14:00:02.636 [http-nio-auto-5-exec-1] DEBUG o.s.c.c.CharSequenceEncoder - [6fb9d42f] Writing "179. foo bar"
14:00:02.642 [http-nio-auto-5-exec-1] DEBUG o.s.c.c.CharSequenceEncoder - [6fb9d42f] Writing "180. foo bar"
14:00:02.642 [http-nio-auto-5-exec-1] DEBUG o.s.c.c.CharSequenceEncoder - [6fb9d42f] Writing "181. foo bar"
14:00:02.642 [http-nio-auto-5-exec-1] DEBUG o.s.c.c.CharSequenceEncoder - [6fb9d42f] Writing "182. foo bar"
14:00:02.642 [http-nio-auto-5-exec-1] DEBUG o.s.c.c.CharSequenceEncoder - [6fb9d42f] Writing "183. foo bar"
14:00:02.642 [http-nio-auto-5-exec-1] DEBUG o.s.c.c.CharSequenceEncoder - [6fb9d42f] Writing "184. foo bar"
14:00:02.642 [http-nio-auto-5-exec-1] DEBUG o.s.c.c.CharSequenceEncoder - [6fb9d42f] Writing "185. foo bar"
14:00:02.642 [http-nio-auto-5-exec-1] DEBUG o.s.c.c.CharSequenceEncoder - [6fb9d42f] Writing "186. foo bar"
14:00:02.642 [http-nio-auto-5-exec-1] DEBUG o.s.c.c.CharSequenceEncoder - [6fb9d42f] Writing "187. foo bar"
14:00:02.642 [http-nio-auto-5-exec-1] DEBUG o.s.c.c.CharSequenceEncoder - [6fb9d42f] Writing "188. foo bar"
14:00:02.642 [http-nio-auto-5-exec-1] DEBUG o.s.c.c.CharSequenceEncoder - [6fb9d42f] Writing "189. foo bar"
14:00:02.642 [http-nio-auto-5-exec-1] DEBUG o.s.c.c.CharSequenceEncoder - [6fb9d42f] Writing "190. foo bar"
14:00:02.642 [http-nio-auto-5-exec-1] DEBUG o.s.c.c.CharSequenceEncoder - [6fb9d42f] Writing "191. foo bar"
14:00:02.642 [http-nio-auto-5-exec-1] DEBUG o.s.c.c.CharSequenceEncoder - [6fb9d42f] Writing "192. foo bar"
14:00:02.642 [http-nio-auto-5-exec-1] DEBUG o.s.c.c.CharSequenceEncoder - [6fb9d42f] Writing "193. foo bar"
14:00:02.642 [http-nio-auto-5-exec-1] DEBUG o.s.c.c.CharSequenceEncoder - [6fb9d42f] Writing "194. foo bar"
14:00:02.642 [http-nio-auto-5-exec-1] DEBUG o.s.c.c.CharSequenceEncoder - [6fb9d42f] Writing "195. foo bar"
14:00:02.643 [http-nio-auto-5-exec-1] DEBUG o.s.c.c.CharSequenceEncoder - [6fb9d42f] Writing "196. foo bar"
14:00:02.643 [http-nio-auto-5-exec-1] DEBUG o.s.c.c.CharSequenceEncoder - [6fb9d42f] Writing "197. foo bar"
14:00:02.643 [http-nio-auto-5-exec-1] DEBUG o.s.c.c.CharSequenceEncoder - [6fb9d42f] Writing "198. foo bar"
14:00:02.643 [http-nio-auto-5-exec-1] DEBUG o.s.c.c.CharSequenceEncoder - [6fb9d42f] Writing "199. foo bar"
14:00:02.643 [http-nio-auto-5-exec-1] DEBUG o.s.c.c.CharSequenceEncoder - [6fb9d42f] Writing "200. foo bar"
14:00:02.643 [http-nio-auto-5-exec-1] DEBUG o.s.c.c.CharSequenceEncoder - [6fb9d42f] Writing "201. foo bar"
14:00:02.643 [http-nio-auto-5-exec-1] DEBUG o.s.c.c.CharSequenceEncoder - [6fb9d42f] Writing "202. foo bar"
14:00:02.643 [http-nio-auto-5-exec-1] DEBUG o.s.c.c.CharSequenceEncoder - [6fb9d42f] Writing "203. foo bar"
14:00:02.643 [http-nio-auto-5-exec-1] DEBUG o.s.c.c.CharSequenceEncoder - [6fb9d42f] Writing "204. foo bar"
14:00:02.643 [http-nio-auto-5-exec-1] DEBUG o.s.c.c.CharSequenceEncoder - [6fb9d42f] Writing "205. foo bar"
14:00:02.643 [http-nio-auto-5-exec-1] DEBUG o.s.c.c.CharSequenceEncoder - [6fb9d42f] Writing "206. foo bar"
14:00:02.643 [http-nio-auto-5-exec-1] DEBUG o.s.c.c.CharSequenceEncoder - [6fb9d42f] Writing "207. foo bar"
14:00:02.643 [http-nio-auto-5-exec-1] DEBUG o.s.c.c.CharSequenceEncoder - [6fb9d42f] Writing "208. foo bar"
14:00:02.643 [http-nio-auto-5-exec-1] DEBUG o.s.c.c.CharSequenceEncoder - [6fb9d42f] Writing "209. foo bar"
14:00:02.643 [http-nio-auto-5-exec-1] DEBUG o.s.c.c.CharSequenceEncoder - [6fb9d42f] Writing "210. foo bar"
14:00:02.643 [http-nio-auto-5-exec-1] DEBUG o.s.c.c.CharSequenceEncoder - [6fb9d42f] Writing "211. foo bar"
14:00:02.643 [http-nio-auto-5-exec-1] DEBUG o.s.c.c.CharSequenceEncoder - [6fb9d42f] Writing "212. foo bar"
14:00:02.643 [http-nio-auto-5-exec-1] DEBUG o.s.c.c.CharSequenceEncoder - [6fb9d42f] Writing "213. foo bar"
14:00:02.643 [http-nio-auto-5-exec-1] DEBUG o.s.c.c.CharSequenceEncoder - [6fb9d42f] Writing "214. foo bar"
14:00:02.643 [http-nio-auto-5-exec-1] DEBUG o.s.c.c.CharSequenceEncoder - [6fb9d42f] Writing "215. foo bar"
14:00:02.643 [http-nio-auto-5-exec-1] DEBUG o.s.c.c.CharSequenceEncoder - [6fb9d42f] Writing "216. foo bar"
14:00:02.643 [http-nio-auto-5-exec-1] DEBUG o.s.c.c.CharSequenceEncoder - [6fb9d42f] Writing "217. foo bar"
14:00:02.643 [http-nio-auto-5-exec-1] DEBUG o.s.c.c.CharSequenceEncoder - [6fb9d42f] Writing "218. foo bar"
14:00:02.643 [http-nio-auto-5-exec-1] DEBUG o.s.c.c.CharSequenceEncoder - [6fb9d42f] Writing "219. foo bar"
14:00:02.643 [http-nio-auto-5-exec-1] DEBUG o.s.c.c.CharSequenceEncoder - [6fb9d42f] Writing "220. foo bar"
14:00:02.643 [http-nio-auto-5-exec-1] DEBUG o.s.c.c.CharSequenceEncoder - [6fb9d42f] Writing "221. foo bar"
14:00:02.643 [http-nio-auto-5-exec-1] DEBUG o.s.c.c.CharSequenceEncoder - [6fb9d42f] Writing "222. foo bar"
14:00:02.643 [http-nio-auto-5-exec-1] DEBUG o.s.c.c.CharSequenceEncoder - [6fb9d42f] Writing "223. foo bar"
14:00:02.643 [http-nio-auto-5-exec-1] DEBUG o.s.c.c.CharSequenceEncoder - [6fb9d42f] Writing "224. foo bar"
14:00:02.643 [http-nio-auto-5-exec-1] DEBUG o.s.c.c.CharSequenceEncoder - [6fb9d42f] Writing "225. foo bar"
14:00:02.643 [http-nio-auto-5-exec-1] DEBUG o.s.c.c.CharSequenceEncoder - [6fb9d42f] Writing "226. foo bar"
14:00:02.643 [http-nio-auto-5-exec-1] DEBUG o.s.c.c.CharSequenceEncoder - [6fb9d42f] Writing "227. foo bar"
14:00:02.643 [http-nio-auto-5-exec-1] DEBUG o.s.c.c.CharSequenceEncoder - [6fb9d42f] Writing "228. foo bar"
14:00:02.643 [http-nio-auto-5-exec-1] DEBUG o.s.c.c.CharSequenceEncoder - [6fb9d42f] Writing "229. foo bar"
14:00:02.643 [http-nio-auto-5-exec-1] DEBUG o.s.c.c.CharSequenceEncoder - [6fb9d42f] Writing "230. foo bar"
14:00:02.643 [http-nio-auto-5-exec-1] DEBUG o.s.c.c.CharSequenceEncoder - [6fb9d42f] Writing "231. foo bar"
14:00:02.643 [http-nio-auto-5-exec-1] DEBUG o.s.c.c.CharSequenceEncoder - [6fb9d42f] Writing "232. foo bar"
14:00:02.643 [http-nio-auto-5-exec-1] DEBUG o.s.c.c.CharSequenceEncoder - [6fb9d42f] Writing "233. foo bar"
14:00:02.643 [http-nio-auto-5-exec-1] DEBUG o.s.c.c.CharSequenceEncoder - [6fb9d42f] Writing "234. foo bar"
14:00:02.643 [http-nio-auto-5-exec-1] DEBUG o.s.c.c.CharSequenceEncoder - [6fb9d42f] Writing "235. foo bar"
14:00:02.643 [http-nio-auto-5-exec-1] DEBUG o.s.c.c.CharSequenceEncoder - [6fb9d42f] Writing "236. foo bar"
14:00:02.643 [http-nio-auto-5-exec-1] DEBUG o.s.c.c.CharSequenceEncoder - [6fb9d42f] Writing "237. foo bar"
14:00:02.643 [http-nio-auto-5-exec-1] DEBUG o.s.c.c.CharSequenceEncoder - [6fb9d42f] Writing "238. foo bar"
14:00:02.643 [http-nio-auto-5-exec-1] DEBUG o.s.c.c.CharSequenceEncoder - [6fb9d42f] Writing "239. foo bar"
14:00:02.643 [http-nio-auto-5-exec-1] DEBUG o.s.c.c.CharSequenceEncoder - [6fb9d42f] Writing "240. foo bar"
14:00:02.643 [http-nio-auto-5-exec-1] DEBUG o.s.c.c.CharSequenceEncoder - [6fb9d42f] Writing "241. foo bar"
14:00:02.643 [http-nio-auto-5-exec-1] DEBUG o.s.c.c.CharSequenceEncoder - [6fb9d42f] Writing "242. foo bar"
14:00:02.643 [http-nio-auto-5-exec-1] DEBUG o.s.c.c.CharSequenceEncoder - [6fb9d42f] Writing "243. foo bar"
14:00:02.643 [http-nio-auto-5-exec-1] DEBUG o.s.c.c.CharSequenceEncoder - [6fb9d42f] Writing "244. foo bar"
14:00:02.644 [http-nio-auto-5-exec-1] DEBUG o.s.c.c.CharSequenceEncoder - [6fb9d42f] Writing "245. foo bar"
14:00:02.644 [http-nio-auto-5-exec-1] DEBUG o.s.c.c.CharSequenceEncoder - [6fb9d42f] Writing "246. foo bar"
14:00:02.644 [http-nio-auto-5-exec-1] DEBUG o.s.c.c.CharSequenceEncoder - [6fb9d42f] Writing "247. foo bar"
14:00:02.644 [http-nio-auto-5-exec-1] DEBUG o.s.c.c.CharSequenceEncoder - [6fb9d42f] Writing "248. foo bar"
14:00:02.644 [http-nio-auto-5-exec-1] DEBUG o.s.c.c.CharSequenceEncoder - [6fb9d42f] Writing "249. foo bar"
14:00:02.644 [http-nio-auto-5-exec-1] DEBUG o.s.c.c.CharSequenceEncoder - [6fb9d42f] Writing "250. foo bar"
14:00:02.644 [http-nio-auto-5-exec-1] DEBUG o.s.c.c.CharSequenceEncoder - [6fb9d42f] Writing "251. foo bar"
14:00:02.644 [http-nio-auto-5-exec-1] DEBUG o.s.c.c.CharSequenceEncoder - [6fb9d42f] Writing "252. foo bar"
14:00:02.644 [http-nio-auto-5-exec-1] DEBUG o.s.c.c.CharSequenceEncoder - [6fb9d42f] Writing "253. foo bar"
14:00:02.644 [http-nio-auto-5-exec-1] DEBUG o.s.c.c.CharSequenceEncoder - [6fb9d42f] Writing "254. foo bar"
14:00:02.644 [http-nio-auto-5-exec-1] DEBUG o.s.c.c.CharSequenceEncoder - [6fb9d42f] Writing "255. foo bar"
14:00:02.644 [http-nio-auto-5-exec-1] DEBUG o.s.c.c.CharSequenceEncoder - [6fb9d42f] Writing "256. foo bar"
14:00:02.644 [http-nio-auto-5-exec-1] DEBUG o.s.c.c.CharSequenceEncoder - [6fb9d42f] Writing "257. foo bar"
14:00:02.644 [http-nio-auto-5-exec-1] DEBUG o.s.c.c.CharSequenceEncoder - [6fb9d42f] Writing "258. foo bar"
14:00:02.644 [http-nio-auto-5-exec-1] DEBUG o.s.c.c.CharSequenceEncoder - [6fb9d42f] Writing "259. foo bar"
14:00:02.644 [http-nio-auto-5-exec-1] DEBUG o.s.c.c.CharSequenceEncoder - [6fb9d42f] Writing "260. foo bar"
14:00:02.644 [http-nio-auto-5-exec-1] DEBUG o.s.c.c.CharSequenceEncoder - [6fb9d42f] Writing "261. foo bar"
14:00:02.644 [http-nio-auto-5-exec-1] DEBUG o.s.c.c.CharSequenceEncoder - [6fb9d42f] Writing "262. foo bar"
14:00:02.644 [http-nio-auto-5-exec-1] DEBUG o.s.c.c.CharSequenceEncoder - [6fb9d42f] Writing "263. foo bar"
14:00:02.644 [http-nio-auto-5-exec-1] DEBUG o.s.c.c.CharSequenceEncoder - [6fb9d42f] Writing "264. foo bar"
14:00:02.644 [http-nio-auto-5-exec-1] DEBUG o.s.c.c.CharSequenceEncoder - [6fb9d42f] Writing "265. foo bar"
14:00:02.644 [http-nio-auto-5-exec-1] DEBUG o.s.c.c.CharSequenceEncoder - [6fb9d42f] Writing "266. foo bar"
14:00:02.644 [http-nio-auto-5-exec-1] DEBUG o.s.c.c.CharSequenceEncoder - [6fb9d42f] Writing "267. foo bar"
14:00:02.644 [http-nio-auto-5-exec-1] DEBUG o.s.c.c.CharSequenceEncoder - [6fb9d42f] Writing "268. foo bar"
14:00:02.644 [http-nio-auto-5-exec-1] DEBUG o.s.c.c.CharSequenceEncoder - [6fb9d42f] Writing "269. foo bar"
14:00:02.644 [http-nio-auto-5-exec-1] DEBUG o.s.c.c.CharSequenceEncoder - [6fb9d42f] Writing "270. foo bar"
14:00:02.644 [http-nio-auto-5-exec-1] DEBUG o.s.c.c.CharSequenceEncoder - [6fb9d42f] Writing "271. foo bar"
14:00:02.644 [http-nio-auto-5-exec-1] DEBUG o.s.c.c.CharSequenceEncoder - [6fb9d42f] Writing "272. foo bar"
14:00:02.644 [http-nio-auto-5-exec-1] DEBUG o.s.c.c.CharSequenceEncoder - [6fb9d42f] Writing "273. foo bar"
14:00:02.644 [http-nio-auto-5-exec-1] DEBUG o.s.c.c.CharSequenceEncoder - [6fb9d42f] Writing "274. foo bar"
14:00:02.644 [http-nio-auto-5-exec-1] DEBUG o.s.c.c.CharSequenceEncoder - [6fb9d42f] Writing "275. foo bar"
14:00:02.644 [http-nio-auto-5-exec-1] DEBUG o.s.c.c.CharSequenceEncoder - [6fb9d42f] Writing "276. foo bar"
14:00:02.644 [http-nio-auto-5-exec-1] DEBUG o.s.c.c.CharSequenceEncoder - [6fb9d42f] Writing "277. foo bar"
14:00:02.644 [http-nio-auto-5-exec-1] DEBUG o.s.c.c.CharSequenceEncoder - [6fb9d42f] Writing "278. foo bar"
14:00:02.644 [http-nio-auto-5-exec-1] DEBUG o.s.c.c.CharSequenceEncoder - [6fb9d42f] Writing "279. foo bar"
14:00:02.644 [http-nio-auto-5-exec-1] DEBUG o.s.c.c.CharSequenceEncoder - [6fb9d42f] Writing "280. foo bar"
14:00:02.644 [http-nio-auto-5-exec-1] DEBUG o.s.c.c.CharSequenceEncoder - [6fb9d42f] Writing "281. foo bar"
14:00:02.644 [http-nio-auto-5-exec-1] DEBUG o.s.c.c.CharSequenceEncoder - [6fb9d42f] Writing "282. foo bar"
14:00:02.644 [http-nio-auto-5-exec-1] DEBUG o.s.c.c.CharSequenceEncoder - [6fb9d42f] Writing "283. foo bar"
14:00:02.644 [http-nio-auto-5-exec-1] DEBUG o.s.c.c.CharSequenceEncoder - [6fb9d42f] Writing "284. foo bar"
14:00:02.644 [http-nio-auto-5-exec-1] DEBUG o.s.c.c.CharSequenceEncoder - [6fb9d42f] Writing "285. foo bar"
14:00:02.644 [http-nio-auto-5-exec-1] DEBUG o.s.c.c.CharSequenceEncoder - [6fb9d42f] Writing "286. foo bar"
14:00:02.644 [http-nio-auto-5-exec-1] DEBUG o.s.c.c.CharSequenceEncoder - [6fb9d42f] Writing "287. foo bar"
14:00:02.644 [http-nio-auto-5-exec-1] DEBUG o.s.c.c.CharSequenceEncoder - [6fb9d42f] Writing "288. foo bar"
14:00:02.646 [http-nio-auto-5-exec-1] DEBUG o.s.c.c.CharSequenceEncoder - [6fb9d42f] Writing "289. foo bar"
14:00:02.646 [http-nio-auto-5-exec-1] DEBUG o.s.c.c.CharSequenceEncoder - [6fb9d42f] Writing "290. foo bar"
14:00:02.646 [http-nio-auto-5-exec-1] DEBUG o.s.c.c.CharSequenceEncoder - [6fb9d42f] Writing "291. foo bar"
14:00:02.646 [http-nio-auto-5-exec-1] DEBUG o.s.c.c.CharSequenceEncoder - [6fb9d42f] Writing "292. foo bar"
14:00:02.646 [http-nio-auto-5-exec-1] DEBUG o.s.c.c.CharSequenceEncoder - [6fb9d42f] Writing "293. foo bar"
14:00:02.646 [http-nio-auto-5-exec-1] DEBUG o.s.c.c.CharSequenceEncoder - [6fb9d42f] Writing "294. foo bar"
14:00:02.646 [http-nio-auto-5-exec-1] DEBUG o.s.c.c.CharSequenceEncoder - [6fb9d42f] Writing "295. foo bar"
14:00:02.646 [http-nio-auto-5-exec-1] DEBUG o.s.c.c.CharSequenceEncoder - [6fb9d42f] Writing "296. foo bar"
14:00:02.646 [http-nio-auto-5-exec-1] DEBUG o.s.c.c.CharSequenceEncoder - [6fb9d42f] Writing "297. foo bar"
14:00:02.646 [http-nio-auto-5-exec-1] DEBUG o.s.c.c.CharSequenceEncoder - [6fb9d42f] Writing "298. foo bar"
14:00:02.646 [http-nio-auto-5-exec-1] DEBUG o.s.c.c.CharSequenceEncoder - [6fb9d42f] Writing "299. foo bar"
14:00:02.646 [http-nio-auto-5-exec-1] DEBUG o.s.c.c.CharSequenceEncoder - [6fb9d42f] Writing "300. foo bar"
14:00:02.646 [http-nio-auto-5-exec-1] DEBUG o.s.c.c.CharSequenceEncoder - [6fb9d42f] Writing "301. foo bar"
14:00:02.646 [http-nio-auto-5-exec-1] DEBUG o.s.c.c.CharSequenceEncoder - [6fb9d42f] Writing "302. foo bar"
14:00:02.646 [http-nio-auto-5-exec-1] DEBUG o.s.c.c.CharSequenceEncoder - [6fb9d42f] Writing "303. foo bar"
14:00:02.646 [http-nio-auto-5-exec-1] DEBUG o.s.c.c.CharSequenceEncoder - [6fb9d42f] Writing "304. foo bar"
14:00:02.646 [http-nio-auto-5-exec-1] DEBUG o.s.c.c.CharSequenceEncoder - [6fb9d42f] Writing "305. foo bar"
14:00:02.646 [http-nio-auto-5-exec-1] DEBUG o.s.c.c.CharSequenceEncoder - [6fb9d42f] Writing "306. foo bar"
14:00:02.646 [http-nio-auto-5-exec-1] DEBUG o.s.c.c.CharSequenceEncoder - [6fb9d42f] Writing "307. foo bar"
14:00:02.646 [http-nio-auto-5-exec-1] DEBUG o.s.c.c.CharSequenceEncoder - [6fb9d42f] Writing "308. foo bar"
14:00:02.646 [http-nio-auto-5-exec-1] DEBUG o.s.c.c.CharSequenceEncoder - [6fb9d42f] Writing "309. foo bar"
14:00:02.646 [http-nio-auto-5-exec-1] DEBUG o.s.c.c.CharSequenceEncoder - [6fb9d42f] Writing "310. foo bar"
14:00:02.646 [http-nio-auto-5-exec-1] DEBUG o.s.c.c.CharSequenceEncoder - [6fb9d42f] Writing "311. foo bar"
14:00:02.646 [http-nio-auto-5-exec-1] DEBUG o.s.c.c.CharSequenceEncoder - [6fb9d42f] Writing "312. foo bar"
14:00:02.646 [http-nio-auto-5-exec-1] DEBUG o.s.c.c.CharSequenceEncoder - [6fb9d42f] Writing "313. foo bar"
14:00:02.646 [http-nio-auto-5-exec-1] DEBUG o.s.c.c.CharSequenceEncoder - [6fb9d42f] Writing "314. foo bar"
14:00:02.646 [http-nio-auto-5-exec-1] DEBUG o.s.c.c.CharSequenceEncoder - [6fb9d42f] Writing "315. foo bar"
14:00:02.646 [http-nio-auto-5-exec-1] DEBUG o.s.c.c.CharSequenceEncoder - [6fb9d42f] Writing "316. foo bar"
14:00:02.646 [http-nio-auto-5-exec-1] DEBUG o.s.c.c.CharSequenceEncoder - [6fb9d42f] Writing "317. foo bar"
14:00:02.646 [http-nio-auto-5-exec-1] DEBUG o.s.c.c.CharSequenceEncoder - [6fb9d42f] Writing "318. foo bar"
14:00:02.646 [http-nio-auto-5-exec-1] DEBUG o.s.c.c.CharSequenceEncoder - [6fb9d42f] Writing "319. foo bar"
14:00:02.646 [http-nio-auto-5-exec-1] DEBUG o.s.c.c.CharSequenceEncoder - [6fb9d42f] Writing "320. foo bar"
14:00:02.646 [http-nio-auto-5-exec-1] DEBUG o.s.c.c.CharSequenceEncoder - [6fb9d42f] Writing "321. foo bar"
14:00:02.646 [http-nio-auto-5-exec-1] DEBUG o.s.c.c.CharSequenceEncoder - [6fb9d42f] Writing "322. foo bar"
14:00:02.646 [http-nio-auto-5-exec-1] DEBUG o.s.c.c.CharSequenceEncoder - [6fb9d42f] Writing "323. foo bar"
14:00:02.646 [http-nio-auto-5-exec-1] DEBUG o.s.c.c.CharSequenceEncoder - [6fb9d42f] Writing "324. foo bar"
14:00:02.646 [http-nio-auto-5-exec-1] DEBUG o.s.c.c.CharSequenceEncoder - [6fb9d42f] Writing "325. foo bar"
14:00:02.646 [http-nio-auto-5-exec-1] DEBUG o.s.c.c.CharSequenceEncoder - [6fb9d42f] Writing "326. foo bar"
14:00:02.646 [http-nio-auto-5-exec-1] DEBUG o.s.c.c.CharSequenceEncoder - [6fb9d42f] Writing "327. foo bar"
14:00:02.646 [http-nio-auto-5-exec-1] DEBUG o.s.c.c.CharSequenceEncoder - [6fb9d42f] Writing "328. foo bar"
14:00:02.646 [http-nio-auto-5-exec-1] DEBUG o.s.c.c.CharSequenceEncoder - [6fb9d42f] Writing "329. foo bar"
14:00:02.646 [http-nio-auto-5-exec-1] DEBUG o.s.c.c.CharSequenceEncoder - [6fb9d42f] Writing "330. foo bar"
14:00:02.646 [http-nio-auto-5-exec-1] DEBUG o.s.c.c.CharSequenceEncoder - [6fb9d42f] Writing "331. foo bar"
14:00:02.646 [http-nio-auto-5-exec-1] DEBUG o.s.c.c.CharSequenceEncoder - [6fb9d42f] Writing "332. foo bar"
14:00:02.647 [http-nio-auto-5-exec-1] DEBUG o.s.c.c.CharSequenceEncoder - [6fb9d42f] Writing "333. foo bar"
14:00:02.647 [http-nio-auto-5-exec-1] DEBUG o.s.c.c.CharSequenceEncoder - [6fb9d42f] Writing "334. foo bar"
14:00:02.647 [http-nio-auto-5-exec-1] DEBUG o.s.c.c.CharSequenceEncoder - [6fb9d42f] Writing "335. foo bar"
14:00:02.647 [http-nio-auto-5-exec-1] DEBUG o.s.c.c.CharSequenceEncoder - [6fb9d42f] Writing "336. foo bar"
14:00:02.647 [http-nio-auto-5-exec-1] DEBUG o.s.c.c.CharSequenceEncoder - [6fb9d42f] Writing "337. foo bar"
14:00:02.647 [http-nio-auto-5-exec-1] DEBUG o.s.c.c.CharSequenceEncoder - [6fb9d42f] Writing "338. foo bar"
14:00:02.647 [http-nio-auto-5-exec-1] DEBUG o.s.c.c.CharSequenceEncoder - [6fb9d42f] Writing "339. foo bar"
14:00:02.647 [http-nio-auto-5-exec-1] DEBUG o.s.c.c.CharSequenceEncoder - [6fb9d42f] Writing "340. foo bar"
14:00:02.647 [http-nio-auto-5-exec-1] DEBUG o.s.c.c.CharSequenceEncoder - [6fb9d42f] Writing "341. foo bar"
14:00:02.647 [http-nio-auto-5-exec-1] DEBUG o.s.c.c.CharSequenceEncoder - [6fb9d42f] Writing "342. foo bar"
14:00:02.647 [http-nio-auto-5-exec-1] DEBUG o.s.c.c.CharSequenceEncoder - [6fb9d42f] Writing "343. foo bar"
14:00:02.647 [http-nio-auto-5-exec-1] DEBUG o.s.c.c.CharSequenceEncoder - [6fb9d42f] Writing "344. foo bar"
14:00:02.647 [http-nio-auto-5-exec-1] DEBUG o.s.c.c.CharSequenceEncoder - [6fb9d42f] Writing "345. foo bar"
14:00:02.649 [http-nio-auto-5-exec-1] DEBUG o.s.c.c.CharSequenceEncoder - [6fb9d42f] Writing "346. foo bar"
14:00:02.649 [http-nio-auto-5-exec-1] DEBUG o.s.c.c.CharSequenceEncoder - [6fb9d42f] Writing "347. foo bar"
14:00:02.649 [http-nio-auto-5-exec-1] DEBUG o.s.c.c.CharSequenceEncoder - [6fb9d42f] Writing "348. foo bar"
14:00:02.649 [http-nio-auto-5-exec-1] DEBUG o.s.c.c.CharSequenceEncoder - [6fb9d42f] Writing "349. foo bar"
14:00:02.649 [http-nio-auto-5-exec-1] DEBUG o.s.c.c.CharSequenceEncoder - [6fb9d42f] Writing "350. foo bar"
14:00:02.649 [http-nio-auto-5-exec-1] DEBUG o.s.c.c.CharSequenceEncoder - [6fb9d42f] Writing "351. foo bar"
14:00:02.649 [http-nio-auto-5-exec-1] DEBUG o.s.c.c.CharSequenceEncoder - [6fb9d42f] Writing "352. foo bar"
14:00:02.649 [http-nio-auto-5-exec-1] DEBUG o.s.c.c.CharSequenceEncoder - [6fb9d42f] Writing "353. foo bar"
14:00:02.649 [http-nio-auto-5-exec-1] DEBUG o.s.c.c.CharSequenceEncoder - [6fb9d42f] Writing "354. foo bar"
14:00:02.649 [http-nio-auto-5-exec-1] DEBUG o.s.c.c.CharSequenceEncoder - [6fb9d42f] Writing "355. foo bar"
14:00:02.649 [http-nio-auto-5-exec-1] DEBUG o.s.c.c.CharSequenceEncoder - [6fb9d42f] Writing "356. foo bar"
14:00:02.649 [http-nio-auto-5-exec-1] DEBUG o.s.c.c.CharSequenceEncoder - [6fb9d42f] Writing "357. foo bar"
14:00:02.649 [http-nio-auto-5-exec-1] DEBUG o.s.c.c.CharSequenceEncoder - [6fb9d42f] Writing "358. foo bar"
14:00:02.649 [http-nio-auto-5-exec-1] DEBUG o.s.c.c.CharSequenceEncoder - [6fb9d42f] Writing "359. foo bar"
14:00:02.649 [http-nio-auto-5-exec-1] DEBUG o.s.c.c.CharSequenceEncoder - [6fb9d42f] Writing "360. foo bar"
14:00:02.649 [http-nio-auto-5-exec-1] DEBUG o.s.c.c.CharSequenceEncoder - [6fb9d42f] Writing "361. foo bar"
14:00:02.649 [http-nio-auto-5-exec-1] DEBUG o.s.c.c.CharSequenceEncoder - [6fb9d42f] Writing "362. foo bar"
14:00:02.649 [http-nio-auto-5-exec-1] DEBUG o.s.c.c.CharSequenceEncoder - [6fb9d42f] Writing "363. foo bar"
14:00:02.649 [http-nio-auto-5-exec-1] DEBUG o.s.c.c.CharSequenceEncoder - [6fb9d42f] Writing "364. foo bar"
14:00:02.649 [http-nio-auto-5-exec-1] DEBUG o.s.c.c.CharSequenceEncoder - [6fb9d42f] Writing "365. foo bar"
14:00:02.649 [http-nio-auto-5-exec-1] DEBUG o.s.c.c.CharSequenceEncoder - [6fb9d42f] Writing "366. foo bar"
14:00:02.649 [http-nio-auto-5-exec-1] DEBUG o.s.c.c.CharSequenceEncoder - [6fb9d42f] Writing "367. foo bar"
14:00:02.649 [http-nio-auto-5-exec-1] DEBUG o.s.c.c.CharSequenceEncoder - [6fb9d42f] Writing "368. foo bar"
14:00:02.649 [http-nio-auto-5-exec-1] DEBUG o.s.c.c.CharSequenceEncoder - [6fb9d42f] Writing "369. foo bar"
14:00:02.649 [http-nio-auto-5-exec-1] DEBUG o.s.c.c.CharSequenceEncoder - [6fb9d42f] Writing "370. foo bar"
14:00:02.649 [http-nio-auto-5-exec-1] DEBUG o.s.c.c.CharSequenceEncoder - [6fb9d42f] Writing "371. foo bar"
14:00:02.649 [http-nio-auto-5-exec-1] DEBUG o.s.c.c.CharSequenceEncoder - [6fb9d42f] Writing "372. foo bar"
14:00:02.649 [http-nio-auto-5-exec-1] DEBUG o.s.c.c.CharSequenceEncoder - [6fb9d42f] Writing "373. foo bar"
14:00:02.649 [http-nio-auto-5-exec-1] DEBUG o.s.c.c.CharSequenceEncoder - [6fb9d42f] Writing "374. foo bar"
14:00:02.649 [http-nio-auto-5-exec-1] DEBUG o.s.c.c.CharSequenceEncoder - [6fb9d42f] Writing "375. foo bar"
14:00:02.649 [http-nio-auto-5-exec-1] DEBUG o.s.c.c.CharSequenceEncoder - [6fb9d42f] Writing "376. foo bar"
14:00:02.649 [http-nio-auto-5-exec-1] DEBUG o.s.c.c.CharSequenceEncoder - [6fb9d42f] Writing "377. foo bar"
14:00:02.650 [http-nio-auto-5-exec-1] DEBUG o.s.c.c.CharSequenceEncoder - [6fb9d42f] Writing "378. foo bar"
14:00:02.650 [http-nio-auto-5-exec-1] DEBUG o.s.c.c.CharSequenceEncoder - [6fb9d42f] Writing "379. foo bar"
14:00:02.650 [http-nio-auto-5-exec-1] DEBUG o.s.c.c.CharSequenceEncoder - [6fb9d42f] Writing "380. foo bar"
14:00:02.650 [http-nio-auto-5-exec-1] DEBUG o.s.c.c.CharSequenceEncoder - [6fb9d42f] Writing "381. foo bar"
14:00:02.650 [http-nio-auto-5-exec-1] DEBUG o.s.c.c.CharSequenceEncoder - [6fb9d42f] Writing "382. foo bar"
14:00:02.650 [http-nio-auto-5-exec-1] DEBUG o.s.c.c.CharSequenceEncoder - [6fb9d42f] Writing "383. foo bar"
14:00:02.650 [http-nio-auto-5-exec-1] DEBUG o.s.c.c.CharSequenceEncoder - [6fb9d42f] Writing "384. foo bar"
14:00:02.650 [http-nio-auto-5-exec-1] DEBUG o.s.c.c.CharSequenceEncoder - [6fb9d42f] Writing "385. foo bar"
14:00:02.650 [http-nio-auto-5-exec-1] DEBUG o.s.c.c.CharSequenceEncoder - [6fb9d42f] Writing "386. foo bar"
14:00:02.650 [http-nio-auto-5-exec-1] DEBUG o.s.c.c.CharSequenceEncoder - [6fb9d42f] Writing "387. foo bar"
14:00:02.650 [http-nio-auto-5-exec-1] DEBUG o.s.c.c.CharSequenceEncoder - [6fb9d42f] Writing "388. foo bar"
14:00:02.650 [http-nio-auto-5-exec-1] DEBUG o.s.c.c.CharSequenceEncoder - [6fb9d42f] Writing "389. foo bar"
14:00:02.650 [http-nio-auto-5-exec-1] DEBUG o.s.c.c.CharSequenceEncoder - [6fb9d42f] Writing "390. foo bar"
14:00:02.650 [http-nio-auto-5-exec-1] DEBUG o.s.c.c.CharSequenceEncoder - [6fb9d42f] Writing "391. foo bar"
14:00:02.650 [http-nio-auto-5-exec-1] DEBUG o.s.c.c.CharSequenceEncoder - [6fb9d42f] Writing "392. foo bar"
14:00:02.650 [http-nio-auto-5-exec-1] DEBUG o.s.c.c.CharSequenceEncoder - [6fb9d42f] Writing "393. foo bar"
14:00:02.650 [http-nio-auto-5-exec-1] DEBUG o.s.c.c.CharSequenceEncoder - [6fb9d42f] Writing "394. foo bar"
14:00:02.650 [http-nio-auto-5-exec-1] DEBUG o.s.c.c.CharSequenceEncoder - [6fb9d42f] Writing "395. foo bar"
14:00:02.650 [http-nio-auto-5-exec-1] DEBUG o.s.c.c.CharSequenceEncoder - [6fb9d42f] Writing "396. foo bar"
14:00:02.650 [http-nio-auto-5-exec-1] DEBUG o.s.c.c.CharSequenceEncoder - [6fb9d42f] Writing "397. foo bar"
14:00:02.650 [http-nio-auto-5-exec-1] DEBUG o.s.c.c.CharSequenceEncoder - [6fb9d42f] Writing "398. foo bar"
14:00:02.650 [http-nio-auto-5-exec-1] DEBUG o.s.c.c.CharSequenceEncoder - [6fb9d42f] Writing "399. foo bar"
14:00:02.650 [http-nio-auto-5-exec-1] DEBUG o.s.c.c.CharSequenceEncoder - [6fb9d42f] Writing "400. foo bar"
14:00:02.650 [http-nio-auto-5-exec-1] DEBUG o.s.c.c.CharSequenceEncoder - [6fb9d42f] Writing "401. foo bar"
14:00:02.650 [http-nio-auto-5-exec-1] DEBUG o.s.c.c.CharSequenceEncoder - [6fb9d42f] Writing "402. foo bar"
14:00:02.650 [http-nio-auto-5-exec-1] DEBUG o.s.c.c.CharSequenceEncoder - [6fb9d42f] Writing "403. foo bar"
14:00:02.650 [http-nio-auto-5-exec-1] DEBUG o.s.c.c.CharSequenceEncoder - [6fb9d42f] Writing "404. foo bar"
14:00:02.650 [http-nio-auto-5-exec-1] DEBUG o.s.c.c.CharSequenceEncoder - [6fb9d42f] Writing "405. foo bar"
14:00:02.650 [http-nio-auto-5-exec-1] DEBUG o.s.c.c.CharSequenceEncoder - [6fb9d42f] Writing "406. foo bar"
14:00:02.650 [http-nio-auto-5-exec-1] DEBUG o.s.c.c.CharSequenceEncoder - [6fb9d42f] Writing "407. foo bar"
14:00:02.650 [http-nio-auto-5-exec-1] DEBUG o.s.c.c.CharSequenceEncoder - [6fb9d42f] Writing "408. foo bar"
14:00:02.650 [http-nio-auto-5-exec-1] DEBUG o.s.c.c.CharSequenceEncoder - [6fb9d42f] Writing "409. foo bar"
14:00:02.650 [http-nio-auto-5-exec-1] DEBUG o.s.c.c.CharSequenceEncoder - [6fb9d42f] Writing "410. foo bar"
14:00:02.650 [http-nio-auto-5-exec-1] DEBUG o.s.c.c.CharSequenceEncoder - [6fb9d42f] Writing "411. foo bar"
14:00:02.650 [http-nio-auto-5-exec-1] DEBUG o.s.c.c.CharSequenceEncoder - [6fb9d42f] Writing "412. foo bar"
14:00:02.650 [http-nio-auto-5-exec-1] DEBUG o.s.c.c.CharSequenceEncoder - [6fb9d42f] Writing "413. foo bar"
14:00:02.650 [http-nio-auto-5-exec-1] DEBUG o.s.c.c.CharSequenceEncoder - [6fb9d42f] Writing "414. foo bar"
14:00:02.650 [http-nio-auto-5-exec-1] DEBUG o.s.c.c.CharSequenceEncoder - [6fb9d42f] Writing "415. foo bar"
14:00:02.650 [http-nio-auto-5-exec-1] DEBUG o.s.c.c.CharSequenceEncoder - [6fb9d42f] Writing "416. foo bar"
14:00:02.650 [http-nio-auto-5-exec-1] DEBUG o.s.c.c.CharSequenceEncoder - [6fb9d42f] Writing "417. foo bar"
14:00:02.650 [http-nio-auto-5-exec-1] DEBUG o.s.c.c.CharSequenceEncoder - [6fb9d42f] Writing "418. foo bar"
14:00:02.650 [http-nio-auto-5-exec-1] DEBUG o.s.c.c.CharSequenceEncoder - [6fb9d42f] Writing "419. foo bar"
14:00:02.650 [http-nio-auto-5-exec-1] DEBUG o.s.c.c.CharSequenceEncoder - [6fb9d42f] Writing "420. foo bar"
14:00:02.650 [http-nio-auto-5-exec-1] DEBUG o.s.c.c.CharSequenceEncoder - [6fb9d42f] Writing "421. foo bar"
14:00:02.650 [http-nio-auto-5-exec-1] DEBUG o.s.c.c.CharSequenceEncoder - [6fb9d42f] Writing "422. foo bar"
14:00:02.650 [http-nio-auto-5-exec-1] DEBUG o.s.c.c.CharSequenceEncoder - [6fb9d42f] Writing "423. foo bar"
14:00:02.650 [http-nio-auto-5-exec-1] DEBUG o.s.c.c.CharSequenceEncoder - [6fb9d42f] Writing "424. foo bar"
14:00:02.650 [http-nio-auto-5-exec-1] DEBUG o.s.c.c.CharSequenceEncoder - [6fb9d42f] Writing "425. foo bar"
14:00:02.650 [http-nio-auto-5-exec-1] DEBUG o.s.c.c.CharSequenceEncoder - [6fb9d42f] Writing "426. foo bar"
14:00:02.651 [http-nio-auto-5-exec-1] DEBUG o.s.c.c.CharSequenceEncoder - [6fb9d42f] Writing "427. foo bar"
14:00:02.651 [http-nio-auto-5-exec-1] DEBUG o.s.c.c.CharSequenceEncoder - [6fb9d42f] Writing "428. foo bar"
14:00:02.651 [http-nio-auto-5-exec-1] DEBUG o.s.c.c.CharSequenceEncoder - [6fb9d42f] Writing "429. foo bar"
14:00:02.652 [http-nio-auto-5-exec-1] DEBUG o.s.c.c.CharSequenceEncoder - [6fb9d42f] Writing "430. foo bar"
14:00:02.652 [http-nio-auto-5-exec-1] DEBUG o.s.c.c.CharSequenceEncoder - [6fb9d42f] Writing "431. foo bar"
14:00:02.652 [http-nio-auto-5-exec-1] DEBUG o.s.c.c.CharSequenceEncoder - [6fb9d42f] Writing "432. foo bar"
14:00:02.652 [http-nio-auto-5-exec-1] DEBUG o.s.c.c.CharSequenceEncoder - [6fb9d42f] Writing "433. foo bar"
14:00:02.652 [http-nio-auto-5-exec-1] DEBUG o.s.c.c.CharSequenceEncoder - [6fb9d42f] Writing "434. foo bar"
14:00:02.652 [http-nio-auto-5-exec-1] DEBUG o.s.c.c.CharSequenceEncoder - [6fb9d42f] Writing "435. foo bar"
14:00:02.652 [http-nio-auto-5-exec-1] DEBUG o.s.c.c.CharSequenceEncoder - [6fb9d42f] Writing "436. foo bar"
14:00:02.652 [http-nio-auto-5-exec-1] DEBUG o.s.c.c.CharSequenceEncoder - [6fb9d42f] Writing "437. foo bar"
14:00:02.652 [http-nio-auto-5-exec-1] DEBUG o.s.c.c.CharSequenceEncoder - [6fb9d42f] Writing "438. foo bar"
14:00:02.652 [http-nio-auto-5-exec-1] DEBUG o.s.c.c.CharSequenceEncoder - [6fb9d42f] Writing "439. foo bar"
14:00:02.652 [http-nio-auto-5-exec-1] DEBUG o.s.c.c.CharSequenceEncoder - [6fb9d42f] Writing "440. foo bar"
14:00:02.652 [http-nio-auto-5-exec-1] DEBUG o.s.c.c.CharSequenceEncoder - [6fb9d42f] Writing "441. foo bar"
14:00:02.652 [http-nio-auto-5-exec-1] DEBUG o.s.c.c.CharSequenceEncoder - [6fb9d42f] Writing "442. foo bar"
14:00:02.652 [http-nio-auto-5-exec-1] DEBUG o.s.c.c.CharSequenceEncoder - [6fb9d42f] Writing "443. foo bar"
14:00:02.652 [http-nio-auto-5-exec-1] DEBUG o.s.c.c.CharSequenceEncoder - [6fb9d42f] Writing "444. foo bar"
14:00:02.652 [http-nio-auto-5-exec-1] DEBUG o.s.c.c.CharSequenceEncoder - [6fb9d42f] Writing "445. foo bar"
14:00:02.652 [http-nio-auto-5-exec-1] DEBUG o.s.c.c.CharSequenceEncoder - [6fb9d42f] Writing "446. foo bar"
14:00:02.652 [http-nio-auto-5-exec-1] DEBUG o.s.c.c.CharSequenceEncoder - [6fb9d42f] Writing "447. foo bar"
14:00:02.652 [http-nio-auto-5-exec-1] DEBUG o.s.c.c.CharSequenceEncoder - [6fb9d42f] Writing "448. foo bar"
14:00:02.652 [http-nio-auto-5-exec-1] DEBUG o.s.c.c.CharSequenceEncoder - [6fb9d42f] Writing "449. foo bar"
14:00:02.652 [http-nio-auto-5-exec-1] DEBUG o.s.c.c.CharSequenceEncoder - [6fb9d42f] Writing "450. foo bar"
14:00:02.652 [http-nio-auto-5-exec-1] DEBUG o.s.c.c.CharSequenceEncoder - [6fb9d42f] Writing "451. foo bar"
14:00:02.652 [http-nio-auto-5-exec-1] DEBUG o.s.c.c.CharSequenceEncoder - [6fb9d42f] Writing "452. foo bar"
14:00:02.652 [http-nio-auto-5-exec-1] DEBUG o.s.c.c.CharSequenceEncoder - [6fb9d42f] Writing "453. foo bar"
14:00:02.652 [http-nio-auto-5-exec-1] DEBUG o.s.c.c.CharSequenceEncoder - [6fb9d42f] Writing "454. foo bar"
14:00:02.652 [http-nio-auto-5-exec-1] DEBUG o.s.c.c.CharSequenceEncoder - [6fb9d42f] Writing "455. foo bar"
14:00:02.652 [http-nio-auto-5-exec-1] DEBUG o.s.c.c.CharSequenceEncoder - [6fb9d42f] Writing "456. foo bar"
14:00:02.652 [http-nio-auto-5-exec-1] DEBUG o.s.c.c.CharSequenceEncoder - [6fb9d42f] Writing "457. foo bar"
14:00:02.652 [http-nio-auto-5-exec-1] DEBUG o.s.c.c.CharSequenceEncoder - [6fb9d42f] Writing "458. foo bar"
14:00:02.652 [http-nio-auto-5-exec-1] DEBUG o.s.c.c.CharSequenceEncoder - [6fb9d42f] Writing "459. foo bar"
14:00:02.652 [http-nio-auto-5-exec-1] DEBUG o.s.c.c.CharSequenceEncoder - [6fb9d42f] Writing "460. foo bar"
14:00:02.652 [http-nio-auto-5-exec-1] DEBUG o.s.c.c.CharSequenceEncoder - [6fb9d42f] Writing "461. foo bar"
14:00:02.652 [http-nio-auto-5-exec-1] DEBUG o.s.c.c.CharSequenceEncoder - [6fb9d42f] Writing "462. foo bar"
14:00:02.652 [http-nio-auto-5-exec-1] DEBUG o.s.c.c.CharSequenceEncoder - [6fb9d42f] Writing "463. foo bar"
14:00:02.652 [http-nio-auto-5-exec-1] DEBUG o.s.c.c.CharSequenceEncoder - [6fb9d42f] Writing "464. foo bar"
14:00:02.652 [http-nio-auto-5-exec-1] DEBUG o.s.c.c.CharSequenceEncoder - [6fb9d42f] Writing "465. foo bar"
14:00:02.652 [http-nio-auto-5-exec-1] DEBUG o.s.c.c.CharSequenceEncoder - [6fb9d42f] Writing "466. foo bar"
14:00:02.652 [http-nio-auto-5-exec-1] DEBUG o.s.c.c.CharSequenceEncoder - [6fb9d42f] Writing "467. foo bar"
14:00:02.652 [http-nio-auto-5-exec-1] DEBUG o.s.c.c.CharSequenceEncoder - [6fb9d42f] Writing "468. foo bar"
14:00:02.652 [http-nio-auto-5-exec-1] DEBUG o.s.c.c.CharSequenceEncoder - [6fb9d42f] Writing "469. foo bar"
14:00:02.653 [http-nio-auto-5-exec-1] DEBUG o.s.c.c.CharSequenceEncoder - [6fb9d42f] Writing "470. foo bar"
14:00:02.653 [http-nio-auto-5-exec-1] DEBUG o.s.c.c.CharSequenceEncoder - [6fb9d42f] Writing "471. foo bar"
14:00:02.653 [http-nio-auto-5-exec-1] DEBUG o.s.c.c.CharSequenceEncoder - [6fb9d42f] Writing "472. foo bar"
14:00:02.653 [http-nio-auto-5-exec-1] DEBUG o.s.c.c.CharSequenceEncoder - [6fb9d42f] Writing "473. foo bar"
14:00:02.653 [http-nio-auto-5-exec-1] DEBUG o.s.c.c.CharSequenceEncoder - [6fb9d42f] Writing "474. foo bar"
14:00:02.653 [http-nio-auto-5-exec-1] DEBUG o.s.c.c.CharSequenceEncoder - [6fb9d42f] Writing "475. foo bar"
14:00:02.653 [http-nio-auto-5-exec-1] DEBUG o.s.c.c.CharSequenceEncoder - [6fb9d42f] Writing "476. foo bar"
14:00:02.653 [http-nio-auto-5-exec-1] DEBUG o.s.c.c.CharSequenceEncoder - [6fb9d42f] Writing "477. foo bar"
14:00:02.653 [http-nio-auto-5-exec-1] DEBUG o.s.c.c.CharSequenceEncoder - [6fb9d42f] Writing "478. foo bar"
14:00:02.653 [http-nio-auto-5-exec-1] DEBUG o.s.c.c.CharSequenceEncoder - [6fb9d42f] Writing "479. foo bar"
14:00:02.653 [http-nio-auto-5-exec-1] DEBUG o.s.c.c.CharSequenceEncoder - [6fb9d42f] Writing "480. foo bar"
14:00:02.653 [http-nio-auto-5-exec-1] DEBUG o.s.c.c.CharSequenceEncoder - [6fb9d42f] Writing "481. foo bar"
14:00:02.653 [http-nio-auto-5-exec-1] DEBUG o.s.c.c.CharSequenceEncoder - [6fb9d42f] Writing "482. foo bar"
14:00:02.653 [http-nio-auto-5-exec-1] DEBUG o.s.c.c.CharSequenceEncoder - [6fb9d42f] Writing "483. foo bar"
14:00:02.653 [http-nio-auto-5-exec-1] DEBUG o.s.c.c.CharSequenceEncoder - [6fb9d42f] Writing "484. foo bar"
14:00:02.653 [http-nio-auto-5-exec-1] DEBUG o.s.c.c.CharSequenceEncoder - [6fb9d42f] Writing "485. foo bar"
14:00:02.653 [http-nio-auto-5-exec-1] DEBUG o.s.c.c.CharSequenceEncoder - [6fb9d42f] Writing "486. foo bar"
14:00:02.653 [http-nio-auto-5-exec-1] DEBUG o.s.c.c.CharSequenceEncoder - [6fb9d42f] Writing "487. foo bar"
14:00:02.653 [http-nio-auto-5-exec-1] DEBUG o.s.c.c.CharSequenceEncoder - [6fb9d42f] Writing "488. foo bar"
14:00:02.653 [http-nio-auto-5-exec-1] DEBUG o.s.c.c.CharSequenceEncoder - [6fb9d42f] Writing "489. foo bar"
14:00:02.653 [http-nio-auto-5-exec-1] DEBUG o.s.c.c.CharSequenceEncoder - [6fb9d42f] Writing "490. foo bar"
14:00:02.653 [http-nio-auto-5-exec-1] DEBUG o.s.c.c.CharSequenceEncoder - [6fb9d42f] Writing "491. foo bar"
14:00:02.653 [http-nio-auto-5-exec-1] DEBUG o.s.c.c.CharSequenceEncoder - [6fb9d42f] Writing "492. foo bar"
14:00:02.653 [http-nio-auto-5-exec-1] DEBUG o.s.c.c.CharSequenceEncoder - [6fb9d42f] Writing "493. foo bar"
14:00:02.653 [http-nio-auto-5-exec-1] DEBUG o.s.c.c.CharSequenceEncoder - [6fb9d42f] Writing "494. foo bar"
14:00:02.653 [http-nio-auto-5-exec-1] DEBUG o.s.c.c.CharSequenceEncoder - [6fb9d42f] Writing "495. foo bar"
14:00:02.653 [http-nio-auto-5-exec-1] DEBUG o.s.c.c.CharSequenceEncoder - [6fb9d42f] Writing "496. foo bar"
14:00:02.653 [http-nio-auto-5-exec-1] DEBUG o.s.c.c.CharSequenceEncoder - [6fb9d42f] Writing "497. foo bar"
14:00:02.654 [http-nio-auto-5-exec-1] DEBUG o.s.c.c.CharSequenceEncoder - [6fb9d42f] Writing "498. foo bar"
14:00:02.654 [http-nio-auto-5-exec-1] DEBUG o.s.c.c.CharSequenceEncoder - [6fb9d42f] Writing "499. foo bar"
14:00:02.654 [http-nio-auto-5-exec-1] DEBUG o.s.c.c.CharSequenceEncoder - [6fb9d42f] Writing "500. foo bar"
14:00:02.654 [http-nio-auto-5-exec-1] DEBUG o.s.c.c.CharSequenceEncoder - [6fb9d42f] Writing "501. foo bar"
14:00:02.654 [http-nio-auto-5-exec-1] DEBUG o.s.c.c.CharSequenceEncoder - [6fb9d42f] Writing "502. foo bar"
14:00:02.654 [http-nio-auto-5-exec-1] DEBUG o.s.c.c.CharSequenceEncoder - [6fb9d42f] Writing "503. foo bar"
14:00:02.654 [http-nio-auto-5-exec-1] DEBUG o.s.c.c.CharSequenceEncoder - [6fb9d42f] Writing "504. foo bar"
14:00:02.654 [http-nio-auto-5-exec-1] DEBUG o.s.c.c.CharSequenceEncoder - [6fb9d42f] Writing "505. foo bar"
14:00:02.654 [http-nio-auto-5-exec-1] DEBUG o.s.c.c.CharSequenceEncoder - [6fb9d42f] Writing "506. foo bar"
14:00:02.654 [http-nio-auto-5-exec-1] DEBUG o.s.c.c.CharSequenceEncoder - [6fb9d42f] Writing "507. foo bar"
14:00:02.654 [http-nio-auto-5-exec-1] DEBUG o.s.c.c.CharSequenceEncoder - [6fb9d42f] Writing "508. foo bar"
14:00:02.654 [http-nio-auto-5-exec-1] DEBUG o.s.c.c.CharSequenceEncoder - [6fb9d42f] Writing "509. foo bar"
14:00:02.654 [http-nio-auto-5-exec-1] DEBUG o.s.c.c.CharSequenceEncoder - [6fb9d42f] Writing "510. foo bar"
14:00:02.654 [http-nio-auto-5-exec-1] DEBUG o.s.c.c.CharSequenceEncoder - [6fb9d42f] Writing "511. foo bar"
14:00:02.654 [http-nio-auto-5-exec-1] DEBUG o.s.c.c.CharSequenceEncoder - [6fb9d42f] Writing "512. foo bar"
14:00:02.654 [http-nio-auto-5-exec-1] DEBUG o.s.c.c.CharSequenceEncoder - [6fb9d42f] Writing "513. foo bar"
14:00:02.654 [http-nio-auto-5-exec-1] DEBUG o.s.c.c.CharSequenceEncoder - [6fb9d42f] Writing "514. foo bar"
14:00:02.654 [http-nio-auto-5-exec-1] DEBUG o.s.c.c.CharSequenceEncoder - [6fb9d42f] Writing "515. foo bar"
14:00:02.654 [http-nio-auto-5-exec-1] DEBUG o.s.c.c.CharSequenceEncoder - [6fb9d42f] Writing "516. foo bar"
14:00:02.654 [http-nio-auto-5-exec-1] DEBUG o.s.c.c.CharSequenceEncoder - [6fb9d42f] Writing "517. foo bar"
14:00:02.654 [http-nio-auto-5-exec-1] DEBUG o.s.c.c.CharSequenceEncoder - [6fb9d42f] Writing "518. foo bar"
14:00:02.654 [http-nio-auto-5-exec-1] DEBUG o.s.c.c.CharSequenceEncoder - [6fb9d42f] Writing "519. foo bar"
14:00:02.654 [http-nio-auto-5-exec-1] DEBUG o.s.c.c.CharSequenceEncoder - [6fb9d42f] Writing "520. foo bar"
14:00:02.654 [http-nio-auto-5-exec-1] DEBUG o.s.c.c.CharSequenceEncoder - [6fb9d42f] Writing "521. foo bar"
14:00:02.654 [http-nio-auto-5-exec-1] DEBUG o.s.c.c.CharSequenceEncoder - [6fb9d42f] Writing "522. foo bar"
14:00:02.654 [http-nio-auto-5-exec-1] DEBUG o.s.c.c.CharSequenceEncoder - [6fb9d42f] Writing "523. foo bar"
14:00:02.654 [http-nio-auto-5-exec-1] DEBUG o.s.c.c.CharSequenceEncoder - [6fb9d42f] Writing "524. foo bar"
14:00:02.654 [http-nio-auto-5-exec-1] DEBUG o.s.c.c.CharSequenceEncoder - [6fb9d42f] Writing "525. foo bar"
14:00:02.654 [http-nio-auto-5-exec-1] DEBUG o.s.c.c.CharSequenceEncoder - [6fb9d42f] Writing "526. foo bar"
14:00:02.654 [http-nio-auto-5-exec-1] DEBUG o.s.c.c.CharSequenceEncoder - [6fb9d42f] Writing "527. foo bar"
14:00:02.654 [http-nio-auto-5-exec-1] DEBUG o.s.c.c.CharSequenceEncoder - [6fb9d42f] Writing "528. foo bar"
14:00:02.654 [http-nio-auto-5-exec-1] DEBUG o.s.c.c.CharSequenceEncoder - [6fb9d42f] Writing "529. foo bar"
14:00:02.654 [http-nio-auto-5-exec-1] DEBUG o.s.c.c.CharSequenceEncoder - [6fb9d42f] Writing "530. foo bar"
14:00:02.654 [http-nio-auto-5-exec-1] DEBUG o.s.c.c.CharSequenceEncoder - [6fb9d42f] Writing "531. foo bar"
14:00:02.654 [http-nio-auto-5-exec-1] DEBUG o.s.c.c.CharSequenceEncoder - [6fb9d42f] Writing "532. foo bar"
14:00:02.654 [http-nio-auto-5-exec-1] DEBUG o.s.c.c.CharSequenceEncoder - [6fb9d42f] Writing "533. foo bar"
14:00:02.654 [http-nio-auto-5-exec-1] DEBUG o.s.c.c.CharSequenceEncoder - [6fb9d42f] Writing "534. foo bar"
14:00:02.654 [http-nio-auto-5-exec-1] DEBUG o.s.c.c.CharSequenceEncoder - [6fb9d42f] Writing "535. foo bar"
14:00:02.654 [http-nio-auto-5-exec-1] DEBUG o.s.c.c.CharSequenceEncoder - [6fb9d42f] Writing "536. foo bar"
14:00:02.654 [http-nio-auto-5-exec-1] DEBUG o.s.c.c.CharSequenceEncoder - [6fb9d42f] Writing "537. foo bar"
14:00:02.654 [http-nio-auto-5-exec-1] DEBUG o.s.c.c.CharSequenceEncoder - [6fb9d42f] Writing "538. foo bar"
14:00:02.654 [http-nio-auto-5-exec-1] DEBUG o.s.c.c.CharSequenceEncoder - [6fb9d42f] Writing "539. foo bar"
14:00:02.654 [http-nio-auto-5-exec-1] DEBUG o.s.c.c.CharSequenceEncoder - [6fb9d42f] Writing "540. foo bar"
14:00:02.654 [http-nio-auto-5-exec-1] DEBUG o.s.c.c.CharSequenceEncoder - [6fb9d42f] Writing "541. foo bar"
14:00:02.654 [http-nio-auto-5-exec-1] DEBUG o.s.c.c.CharSequenceEncoder - [6fb9d42f] Writing "542. foo bar"
14:00:02.654 [http-nio-auto-5-exec-1] DEBUG o.s.c.c.CharSequenceEncoder - [6fb9d42f] Writing "543. foo bar"
14:00:02.654 [http-nio-auto-5-exec-1] DEBUG o.s.c.c.CharSequenceEncoder - [6fb9d42f] Writing "544. foo bar"
14:00:02.654 [http-nio-auto-5-exec-1] DEBUG o.s.c.c.CharSequenceEncoder - [6fb9d42f] Writing "545. foo bar"
14:00:02.654 [http-nio-auto-5-exec-1] DEBUG o.s.c.c.CharSequenceEncoder - [6fb9d42f] Writing "546. foo bar"
14:00:02.654 [http-nio-auto-5-exec-1] DEBUG o.s.c.c.CharSequenceEncoder - [6fb9d42f] Writing "547. foo bar"
14:00:02.655 [http-nio-auto-5-exec-1] DEBUG o.s.c.c.CharSequenceEncoder - [6fb9d42f] Writing "548. foo bar"
14:00:02.655 [http-nio-auto-5-exec-1] DEBUG o.s.c.c.CharSequenceEncoder - [6fb9d42f] Writing "549. foo bar"
14:00:02.655 [http-nio-auto-5-exec-1] DEBUG o.s.c.c.CharSequenceEncoder - [6fb9d42f] Writing "550. foo bar"
14:00:02.655 [http-nio-auto-5-exec-1] DEBUG o.s.c.c.CharSequenceEncoder - [6fb9d42f] Writing "551. foo bar"
14:00:02.655 [http-nio-auto-5-exec-1] DEBUG o.s.c.c.CharSequenceEncoder - [6fb9d42f] Writing "552. foo bar"
14:00:02.655 [http-nio-auto-5-exec-1] DEBUG o.s.c.c.CharSequenceEncoder - [6fb9d42f] Writing "553. foo bar"
14:00:02.655 [http-nio-auto-5-exec-1] DEBUG o.s.c.c.CharSequenceEncoder - [6fb9d42f] Writing "554. foo bar"
14:00:02.655 [http-nio-auto-5-exec-1] DEBUG o.s.c.c.CharSequenceEncoder - [6fb9d42f] Writing "555. foo bar"
14:00:02.655 [http-nio-auto-5-exec-1] DEBUG o.s.c.c.CharSequenceEncoder - [6fb9d42f] Writing "556. foo bar"
14:00:02.655 [http-nio-auto-5-exec-1] DEBUG o.s.c.c.CharSequenceEncoder - [6fb9d42f] Writing "557. foo bar"
14:00:02.655 [http-nio-auto-5-exec-1] DEBUG o.s.c.c.CharSequenceEncoder - [6fb9d42f] Writing "558. foo bar"
14:00:02.655 [http-nio-auto-5-exec-1] DEBUG o.s.c.c.CharSequenceEncoder - [6fb9d42f] Writing "559. foo bar"
14:00:02.655 [http-nio-auto-5-exec-1] DEBUG o.s.c.c.CharSequenceEncoder - [6fb9d42f] Writing "560. foo bar"
14:00:02.655 [http-nio-auto-5-exec-1] DEBUG o.s.c.c.CharSequenceEncoder - [6fb9d42f] Writing "561. foo bar"
14:00:02.655 [http-nio-auto-5-exec-1] DEBUG o.s.c.c.CharSequenceEncoder - [6fb9d42f] Writing "562. foo bar"
14:00:02.655 [http-nio-auto-5-exec-1] DEBUG o.s.c.c.CharSequenceEncoder - [6fb9d42f] Writing "563. foo bar"
14:00:02.655 [http-nio-auto-5-exec-1] DEBUG o.s.c.c.CharSequenceEncoder - [6fb9d42f] Writing "564. foo bar"
14:00:02.655 [http-nio-auto-5-exec-1] DEBUG o.s.c.c.CharSequenceEncoder - [6fb9d42f] Writing "565. foo bar"
14:00:02.655 [http-nio-auto-5-exec-1] DEBUG o.s.c.c.CharSequenceEncoder - [6fb9d42f] Writing "566. foo bar"
14:00:02.655 [http-nio-auto-5-exec-1] DEBUG o.s.c.c.CharSequenceEncoder - [6fb9d42f] Writing "567. foo bar"
14:00:02.655 [http-nio-auto-5-exec-1] DEBUG o.s.c.c.CharSequenceEncoder - [6fb9d42f] Writing "568. foo bar"
14:00:02.655 [http-nio-auto-5-exec-1] DEBUG o.s.c.c.CharSequenceEncoder - [6fb9d42f] Writing "569. foo bar"
14:00:02.655 [http-nio-auto-5-exec-1] DEBUG o.s.c.c.CharSequenceEncoder - [6fb9d42f] Writing "570. foo bar"
14:00:02.655 [http-nio-auto-5-exec-1] DEBUG o.s.c.c.CharSequenceEncoder - [6fb9d42f] Writing "571. foo bar"
14:00:02.655 [http-nio-auto-5-exec-1] DEBUG o.s.c.c.CharSequenceEncoder - [6fb9d42f] Writing "572. foo bar"
14:00:02.655 [http-nio-auto-5-exec-1] DEBUG o.s.c.c.CharSequenceEncoder - [6fb9d42f] Writing "573. foo bar"
14:00:02.655 [http-nio-auto-5-exec-1] DEBUG o.s.c.c.CharSequenceEncoder - [6fb9d42f] Writing "574. foo bar"
14:00:02.655 [http-nio-auto-5-exec-1] DEBUG o.s.c.c.CharSequenceEncoder - [6fb9d42f] Writing "575. foo bar"
14:00:02.655 [http-nio-auto-5-exec-1] DEBUG o.s.c.c.CharSequenceEncoder - [6fb9d42f] Writing "576. foo bar"
14:00:02.655 [http-nio-auto-5-exec-1] DEBUG o.s.c.c.CharSequenceEncoder - [6fb9d42f] Writing "577. foo bar"
14:00:02.655 [http-nio-auto-5-exec-1] DEBUG o.s.c.c.CharSequenceEncoder - [6fb9d42f] Writing "578. foo bar"
14:00:02.655 [http-nio-auto-5-exec-1] DEBUG o.s.c.c.CharSequenceEncoder - [6fb9d42f] Writing "579. foo bar"
14:00:02.655 [http-nio-auto-5-exec-1] DEBUG o.s.c.c.CharSequenceEncoder - [6fb9d42f] Writing "580. foo bar"
14:00:02.655 [http-nio-auto-5-exec-1] DEBUG o.s.c.c.CharSequenceEncoder - [6fb9d42f] Writing "581. foo bar"
14:00:02.655 [http-nio-auto-5-exec-1] DEBUG o.s.c.c.CharSequenceEncoder - [6fb9d42f] Writing "582. foo bar"
14:00:02.655 [http-nio-auto-5-exec-1] DEBUG o.s.c.c.CharSequenceEncoder - [6fb9d42f] Writing "583. foo bar"
14:00:02.655 [http-nio-auto-5-exec-1] DEBUG o.s.c.c.CharSequenceEncoder - [6fb9d42f] Writing "584. foo bar"
14:00:02.655 [http-nio-auto-5-exec-1] DEBUG o.s.c.c.CharSequenceEncoder - [6fb9d42f] Writing "585. foo bar"
14:00:02.655 [http-nio-auto-5-exec-1] DEBUG o.s.c.c.CharSequenceEncoder - [6fb9d42f] Writing "586. foo bar"
14:00:02.655 [http-nio-auto-5-exec-1] DEBUG o.s.c.c.CharSequenceEncoder - [6fb9d42f] Writing "587. foo bar"
14:00:02.655 [http-nio-auto-5-exec-1] DEBUG o.s.c.c.CharSequenceEncoder - [6fb9d42f] Writing "588. foo bar"
14:00:02.655 [http-nio-auto-5-exec-1] DEBUG o.s.c.c.CharSequenceEncoder - [6fb9d42f] Writing "589. foo bar"
14:00:02.655 [http-nio-auto-5-exec-1] DEBUG o.s.c.c.CharSequenceEncoder - [6fb9d42f] Writing "590. foo bar"
14:00:02.655 [http-nio-auto-5-exec-1] DEBUG o.s.c.c.CharSequenceEncoder - [6fb9d42f] Writing "591. foo bar"
14:00:02.655 [http-nio-auto-5-exec-1] DEBUG o.s.c.c.CharSequenceEncoder - [6fb9d42f] Writing "592. foo bar"
14:00:02.655 [http-nio-auto-5-exec-1] DEBUG o.s.c.c.CharSequenceEncoder - [6fb9d42f] Writing "593. foo bar"
14:00:02.655 [http-nio-auto-5-exec-1] DEBUG o.s.c.c.CharSequenceEncoder - [6fb9d42f] Writing "594. foo bar"
14:00:02.655 [http-nio-auto-5-exec-1] DEBUG o.s.c.c.CharSequenceEncoder - [6fb9d42f] Writing "595. foo bar"
14:00:02.655 [http-nio-auto-5-exec-1] DEBUG o.s.c.c.CharSequenceEncoder - [6fb9d42f] Writing "596. foo bar"
14:00:02.655 [http-nio-auto-5-exec-1] DEBUG o.s.c.c.CharSequenceEncoder - [6fb9d42f] Writing "597. foo bar"
14:00:02.655 [http-nio-auto-5-exec-1] DEBUG o.s.c.c.CharSequenceEncoder - [6fb9d42f] Writing "598. foo bar"
14:00:02.655 [http-nio-auto-5-exec-1] DEBUG o.s.c.c.CharSequenceEncoder - [6fb9d42f] Writing "599. foo bar"
14:00:02.655 [http-nio-auto-5-exec-1] DEBUG o.s.c.c.CharSequenceEncoder - [6fb9d42f] Writing "600. foo bar"
14:00:02.655 [http-nio-auto-5-exec-1] DEBUG o.s.c.c.CharSequenceEncoder - [6fb9d42f] Writing "601. foo bar"
14:00:02.655 [http-nio-auto-5-exec-1] DEBUG o.s.c.c.CharSequenceEncoder - [6fb9d42f] Writing "602. foo bar"
14:00:02.655 [http-nio-auto-5-exec-1] DEBUG o.s.c.c.CharSequenceEncoder - [6fb9d42f] Writing "603. foo bar"
14:00:02.656 [http-nio-auto-5-exec-1] DEBUG o.s.c.c.CharSequenceEncoder - [6fb9d42f] Writing "604. foo bar"
14:00:02.656 [http-nio-auto-5-exec-1] DEBUG o.s.c.c.CharSequenceEncoder - [6fb9d42f] Writing "605. foo bar"
14:00:02.656 [http-nio-auto-5-exec-1] DEBUG o.s.c.c.CharSequenceEncoder - [6fb9d42f] Writing "606. foo bar"
14:00:02.656 [http-nio-auto-5-exec-1] DEBUG o.s.c.c.CharSequenceEncoder - [6fb9d42f] Writing "607. foo bar"
14:00:02.656 [http-nio-auto-5-exec-1] DEBUG o.s.c.c.CharSequenceEncoder - [6fb9d42f] Writing "608. foo bar"
14:00:02.656 [http-nio-auto-5-exec-1] DEBUG o.s.c.c.CharSequenceEncoder - [6fb9d42f] Writing "609. foo bar"
14:00:02.656 [http-nio-auto-5-exec-1] DEBUG o.s.c.c.CharSequenceEncoder - [6fb9d42f] Writing "610. foo bar"
14:00:02.658 [http-nio-auto-5-exec-1] DEBUG o.s.c.c.CharSequenceEncoder - [6fb9d42f] Writing "611. foo bar"
14:00:02.658 [http-nio-auto-5-exec-1] DEBUG o.s.c.c.CharSequenceEncoder - [6fb9d42f] Writing "612. foo bar"
14:00:02.658 [http-nio-auto-5-exec-1] DEBUG o.s.c.c.CharSequenceEncoder - [6fb9d42f] Writing "613. foo bar"
14:00:02.659 [http-nio-auto-5-exec-1] DEBUG o.s.c.c.CharSequenceEncoder - [6fb9d42f] Writing "614. foo bar"
14:00:02.659 [http-nio-auto-5-exec-1] DEBUG o.s.c.c.CharSequenceEncoder - [6fb9d42f] Writing "615. foo bar"
14:00:02.659 [http-nio-auto-5-exec-1] DEBUG o.s.c.c.CharSequenceEncoder - [6fb9d42f] Writing "616. foo bar"
14:00:02.659 [http-nio-auto-5-exec-1] DEBUG o.s.c.c.CharSequenceEncoder - [6fb9d42f] Writing "617. foo bar"
14:00:02.659 [http-nio-auto-5-exec-1] DEBUG o.s.c.c.CharSequenceEncoder - [6fb9d42f] Writing "618. foo bar"
14:00:02.659 [http-nio-auto-5-exec-1] DEBUG o.s.c.c.CharSequenceEncoder - [6fb9d42f] Writing "619. foo bar"
14:00:02.659 [http-nio-auto-5-exec-1] DEBUG o.s.c.c.CharSequenceEncoder - [6fb9d42f] Writing "620. foo bar"
14:00:02.659 [http-nio-auto-5-exec-1] DEBUG o.s.c.c.CharSequenceEncoder - [6fb9d42f] Writing "621. foo bar"
14:00:02.659 [http-nio-auto-5-exec-1] DEBUG o.s.c.c.CharSequenceEncoder - [6fb9d42f] Writing "622. foo bar"
14:00:02.659 [http-nio-auto-5-exec-1] DEBUG o.s.c.c.CharSequenceEncoder - [6fb9d42f] Writing "623. foo bar"
14:00:02.659 [http-nio-auto-5-exec-1] DEBUG o.s.c.c.CharSequenceEncoder - [6fb9d42f] Writing "624. foo bar"
14:00:02.659 [http-nio-auto-5-exec-1] DEBUG o.s.c.c.CharSequenceEncoder - [6fb9d42f] Writing "625. foo bar"
14:00:02.659 [http-nio-auto-5-exec-1] DEBUG o.s.c.c.CharSequenceEncoder - [6fb9d42f] Writing "626. foo bar"
14:00:02.659 [http-nio-auto-5-exec-1] DEBUG o.s.c.c.CharSequenceEncoder - [6fb9d42f] Writing "627. foo bar"
14:00:02.659 [http-nio-auto-5-exec-1] DEBUG o.s.c.c.CharSequenceEncoder - [6fb9d42f] Writing "628. foo bar"
14:00:02.659 [http-nio-auto-5-exec-1] DEBUG o.s.c.c.CharSequenceEncoder - [6fb9d42f] Writing "629. foo bar"
14:00:02.659 [http-nio-auto-5-exec-1] DEBUG o.s.c.c.CharSequenceEncoder - [6fb9d42f] Writing "630. foo bar"
14:00:02.659 [http-nio-auto-5-exec-1] DEBUG o.s.c.c.CharSequenceEncoder - [6fb9d42f] Writing "631. foo bar"
14:00:02.659 [http-nio-auto-5-exec-1] DEBUG o.s.c.c.CharSequenceEncoder - [6fb9d42f] Writing "632. foo bar"
14:00:02.659 [http-nio-auto-5-exec-1] DEBUG o.s.c.c.CharSequenceEncoder - [6fb9d42f] Writing "633. foo bar"
14:00:02.659 [http-nio-auto-5-exec-1] DEBUG o.s.c.c.CharSequenceEncoder - [6fb9d42f] Writing "634. foo bar"
14:00:02.659 [http-nio-auto-5-exec-1] DEBUG o.s.c.c.CharSequenceEncoder - [6fb9d42f] Writing "635. foo bar"
14:00:02.659 [http-nio-auto-5-exec-1] DEBUG o.s.c.c.CharSequenceEncoder - [6fb9d42f] Writing "636. foo bar"
14:00:02.659 [http-nio-auto-5-exec-1] DEBUG o.s.c.c.CharSequenceEncoder - [6fb9d42f] Writing "637. foo bar"
14:00:02.659 [http-nio-auto-5-exec-1] DEBUG o.s.c.c.CharSequenceEncoder - [6fb9d42f] Writing "638. foo bar"
14:00:02.659 [http-nio-auto-5-exec-1] DEBUG o.s.c.c.CharSequenceEncoder - [6fb9d42f] Writing "639. foo bar"
14:00:02.659 [http-nio-auto-5-exec-1] DEBUG o.s.c.c.CharSequenceEncoder - [6fb9d42f] Writing "640. foo bar"
14:00:02.659 [http-nio-auto-5-exec-1] DEBUG o.s.c.c.CharSequenceEncoder - [6fb9d42f] Writing "641. foo bar"
14:00:02.659 [http-nio-auto-5-exec-1] DEBUG o.s.c.c.CharSequenceEncoder - [6fb9d42f] Writing "642. foo bar"
14:00:02.659 [http-nio-auto-5-exec-1] DEBUG o.s.c.c.CharSequenceEncoder - [6fb9d42f] Writing "643. foo bar"
14:00:02.659 [http-nio-auto-5-exec-1] DEBUG o.s.c.c.CharSequenceEncoder - [6fb9d42f] Writing "644. foo bar"
14:00:02.659 [http-nio-auto-5-exec-1] DEBUG o.s.c.c.CharSequenceEncoder - [6fb9d42f] Writing "645. foo bar"
14:00:02.659 [http-nio-auto-5-exec-1] DEBUG o.s.c.c.CharSequenceEncoder - [6fb9d42f] Writing "646. foo bar"
14:00:02.659 [http-nio-auto-5-exec-1] DEBUG o.s.c.c.CharSequenceEncoder - [6fb9d42f] Writing "647. foo bar"
14:00:02.659 [http-nio-auto-5-exec-1] DEBUG o.s.c.c.CharSequenceEncoder - [6fb9d42f] Writing "648. foo bar"
14:00:02.659 [http-nio-auto-5-exec-1] DEBUG o.s.c.c.CharSequenceEncoder - [6fb9d42f] Writing "649. foo bar"
14:00:02.659 [http-nio-auto-5-exec-1] DEBUG o.s.c.c.CharSequenceEncoder - [6fb9d42f] Writing "650. foo bar"
14:00:02.659 [http-nio-auto-5-exec-1] DEBUG o.s.c.c.CharSequenceEncoder - [6fb9d42f] Writing "651. foo bar"
14:00:02.659 [http-nio-auto-5-exec-1] DEBUG o.s.c.c.CharSequenceEncoder - [6fb9d42f] Writing "652. foo bar"
14:00:02.659 [http-nio-auto-5-exec-1] DEBUG o.s.c.c.CharSequenceEncoder - [6fb9d42f] Writing "653. foo bar"
14:00:02.659 [http-nio-auto-5-exec-1] DEBUG o.s.c.c.CharSequenceEncoder - [6fb9d42f] Writing "654. foo bar"
14:00:02.659 [http-nio-auto-5-exec-1] DEBUG o.s.c.c.CharSequenceEncoder - [6fb9d42f] Writing "655. foo bar"
14:00:02.659 [http-nio-auto-5-exec-1] DEBUG o.s.c.c.CharSequenceEncoder - [6fb9d42f] Writing "656. foo bar"
14:00:02.659 [http-nio-auto-5-exec-1] DEBUG o.s.c.c.CharSequenceEncoder - [6fb9d42f] Writing "657. foo bar"
14:00:02.659 [http-nio-auto-5-exec-1] DEBUG o.s.c.c.CharSequenceEncoder - [6fb9d42f] Writing "658. foo bar"
14:00:02.659 [http-nio-auto-5-exec-1] DEBUG o.s.c.c.CharSequenceEncoder - [6fb9d42f] Writing "659. foo bar"
14:00:02.659 [http-nio-auto-5-exec-1] DEBUG o.s.c.c.CharSequenceEncoder - [6fb9d42f] Writing "660. foo bar"
14:00:02.659 [http-nio-auto-5-exec-1] DEBUG o.s.c.c.CharSequenceEncoder - [6fb9d42f] Writing "661. foo bar"
14:00:02.659 [http-nio-auto-5-exec-1] DEBUG o.s.c.c.CharSequenceEncoder - [6fb9d42f] Writing "662. foo bar"
14:00:02.659 [http-nio-auto-5-exec-1] DEBUG o.s.c.c.CharSequenceEncoder - [6fb9d42f] Writing "663. foo bar"
14:00:02.659 [http-nio-auto-5-exec-1] DEBUG o.s.c.c.CharSequenceEncoder - [6fb9d42f] Writing "664. foo bar"
14:00:02.659 [http-nio-auto-5-exec-1] DEBUG o.s.c.c.CharSequenceEncoder - [6fb9d42f] Writing "665. foo bar"
14:00:02.659 [http-nio-auto-5-exec-1] DEBUG o.s.c.c.CharSequenceEncoder - [6fb9d42f] Writing "666. foo bar"
14:00:02.659 [http-nio-auto-5-exec-1] DEBUG o.s.c.c.CharSequenceEncoder - [6fb9d42f] Writing "667. foo bar"
14:00:02.659 [http-nio-auto-5-exec-1] DEBUG o.s.c.c.CharSequenceEncoder - [6fb9d42f] Writing "668. foo bar"
14:00:02.659 [http-nio-auto-5-exec-1] DEBUG o.s.c.c.CharSequenceEncoder - [6fb9d42f] Writing "669. foo bar"
14:00:02.659 [http-nio-auto-5-exec-1] DEBUG o.s.c.c.CharSequenceEncoder - [6fb9d42f] Writing "670. foo bar"
14:00:02.659 [http-nio-auto-5-exec-1] DEBUG o.s.c.c.CharSequenceEncoder - [6fb9d42f] Writing "671. foo bar"
14:00:02.659 [http-nio-auto-5-exec-1] DEBUG o.s.c.c.CharSequenceEncoder - [6fb9d42f] Writing "672. foo bar"
14:00:02.659 [http-nio-auto-5-exec-1] DEBUG o.s.c.c.CharSequenceEncoder - [6fb9d42f] Writing "673. foo bar"
14:00:02.659 [http-nio-auto-5-exec-1] DEBUG o.s.c.c.CharSequenceEncoder - [6fb9d42f] Writing "674. foo bar"
14:00:02.659 [http-nio-auto-5-exec-1] DEBUG o.s.c.c.CharSequenceEncoder - [6fb9d42f] Writing "675. foo bar"
14:00:02.660 [http-nio-auto-5-exec-1] DEBUG o.s.c.c.CharSequenceEncoder - [6fb9d42f] Writing "676. foo bar"
14:00:02.660 [http-nio-auto-5-exec-1] DEBUG o.s.c.c.CharSequenceEncoder - [6fb9d42f] Writing "677. foo bar"
14:00:02.660 [http-nio-auto-5-exec-1] DEBUG o.s.c.c.CharSequenceEncoder - [6fb9d42f] Writing "678. foo bar"
14:00:02.660 [http-nio-auto-5-exec-1] DEBUG o.s.c.c.CharSequenceEncoder - [6fb9d42f] Writing "679. foo bar"
14:00:02.660 [http-nio-auto-5-exec-1] DEBUG o.s.c.c.CharSequenceEncoder - [6fb9d42f] Writing "680. foo bar"
14:00:02.660 [http-nio-auto-5-exec-1] DEBUG o.s.c.c.CharSequenceEncoder - [6fb9d42f] Writing "681. foo bar"
14:00:02.660 [http-nio-auto-5-exec-1] DEBUG o.s.c.c.CharSequenceEncoder - [6fb9d42f] Writing "682. foo bar"
14:00:02.660 [http-nio-auto-5-exec-1] DEBUG o.s.c.c.CharSequenceEncoder - [6fb9d42f] Writing "683. foo bar"
14:00:02.660 [http-nio-auto-5-exec-1] DEBUG o.s.c.c.CharSequenceEncoder - [6fb9d42f] Writing "684. foo bar"
14:00:02.660 [http-nio-auto-5-exec-1] DEBUG o.s.c.c.CharSequenceEncoder - [6fb9d42f] Writing "685. foo bar"
14:00:02.660 [http-nio-auto-5-exec-1] DEBUG o.s.c.c.CharSequenceEncoder - [6fb9d42f] Writing "686. foo bar"
14:00:02.660 [http-nio-auto-5-exec-1] DEBUG o.s.c.c.CharSequenceEncoder - [6fb9d42f] Writing "687. foo bar"
14:00:02.660 [http-nio-auto-5-exec-1] DEBUG o.s.c.c.CharSequenceEncoder - [6fb9d42f] Writing "688. foo bar"
14:00:02.660 [http-nio-auto-5-exec-1] DEBUG o.s.c.c.CharSequenceEncoder - [6fb9d42f] Writing "689. foo bar"
14:00:02.660 [http-nio-auto-5-exec-1] DEBUG o.s.c.c.CharSequenceEncoder - [6fb9d42f] Writing "690. foo bar"
14:00:02.660 [http-nio-auto-5-exec-1] DEBUG o.s.c.c.CharSequenceEncoder - [6fb9d42f] Writing "691. foo bar"
14:00:02.660 [http-nio-auto-5-exec-1] DEBUG o.s.c.c.CharSequenceEncoder - [6fb9d42f] Writing "692. foo bar"
14:00:02.660 [http-nio-auto-5-exec-1] DEBUG o.s.c.c.CharSequenceEncoder - [6fb9d42f] Writing "693. foo bar"
14:00:02.660 [Test worker] DEBUG o.s.w.c.RestTemplate - Response 200 OK
14:00:02.662 [Test worker] DEBUG o.s.w.c.RestTemplate - Reading to [java.lang.String] as "text/plain;charset=UTF-8"
14:00:02.663 [http-nio-auto-5-exec-2] DEBUG o.s.c.c.CharSequenceEncoder - [6fb9d42f] Writing "694. foo bar"
14:00:02.664 [http-nio-auto-5-exec-2] DEBUG o.s.c.c.CharSequenceEncoder - [6fb9d42f] Writing "695. foo bar"
14:00:02.664 [http-nio-auto-5-exec-2] DEBUG o.s.c.c.CharSequenceEncoder - [6fb9d42f] Writing "696. foo bar"
14:00:02.664 [http-nio-auto-5-exec-2] DEBUG o.s.c.c.CharSequenceEncoder - [6fb9d42f] Writing "697. foo bar"
14:00:02.664 [http-nio-auto-5-exec-2] DEBUG o.s.c.c.CharSequenceEncoder - [6fb9d42f] Writing "698. foo bar"
14:00:02.664 [http-nio-auto-5-exec-2] DEBUG o.s.c.c.CharSequenceEncoder - [6fb9d42f] Writing "699. foo bar"
14:00:02.664 [http-nio-auto-5-exec-2] DEBUG o.s.c.c.CharSequenceEncoder - [6fb9d42f] Writing "700. foo bar"
14:00:02.664 [http-nio-auto-5-exec-2] DEBUG o.s.c.c.CharSequenceEncoder - [6fb9d42f] Writing "701. foo bar"
14:00:02.664 [http-nio-auto-5-exec-2] DEBUG o.s.c.c.CharSequenceEncoder - [6fb9d42f] Writing "702. foo bar"
14:00:02.664 [http-nio-auto-5-exec-2] DEBUG o.s.c.c.CharSequenceEncoder - [6fb9d42f] Writing "703. foo bar"
14:00:02.664 [http-nio-auto-5-exec-2] DEBUG o.s.c.c.CharSequenceEncoder - [6fb9d42f] Writing "704. foo bar"
14:00:02.664 [http-nio-auto-5-exec-2] DEBUG o.s.c.c.CharSequenceEncoder - [6fb9d42f] Writing "705. foo bar"
14:00:02.664 [http-nio-auto-5-exec-2] DEBUG o.s.c.c.CharSequenceEncoder - [6fb9d42f] Writing "706. foo bar"
14:00:02.664 [http-nio-auto-5-exec-2] DEBUG o.s.c.c.CharSequenceEncoder - [6fb9d42f] Writing "707. foo bar"
14:00:02.664 [http-nio-auto-5-exec-2] DEBUG o.s.c.c.CharSequenceEncoder - [6fb9d42f] Writing "708. foo bar"
14:00:02.664 [http-nio-auto-5-exec-2] DEBUG o.s.c.c.CharSequenceEncoder - [6fb9d42f] Writing "709. foo bar"
14:00:02.664 [http-nio-auto-5-exec-2] DEBUG o.s.c.c.CharSequenceEncoder - [6fb9d42f] Writing "710. foo bar"
14:00:02.664 [http-nio-auto-5-exec-2] DEBUG o.s.c.c.CharSequenceEncoder - [6fb9d42f] Writing "711. foo bar"
14:00:02.664 [http-nio-auto-5-exec-2] DEBUG o.s.c.c.CharSequenceEncoder - [6fb9d42f] Writing "712. foo bar"
14:00:02.664 [http-nio-auto-5-exec-2] DEBUG o.s.c.c.CharSequenceEncoder - [6fb9d42f] Writing "713. foo bar"
14:00:02.664 [http-nio-auto-5-exec-2] DEBUG o.s.c.c.CharSequenceEncoder - [6fb9d42f] Writing "714. foo bar"
14:00:02.664 [http-nio-auto-5-exec-2] DEBUG o.s.c.c.CharSequenceEncoder - [6fb9d42f] Writing "715. foo bar"
14:00:02.664 [http-nio-auto-5-exec-2] DEBUG o.s.c.c.CharSequenceEncoder - [6fb9d42f] Writing "716. foo bar"
14:00:02.664 [http-nio-auto-5-exec-2] DEBUG o.s.c.c.CharSequenceEncoder - [6fb9d42f] Writing "717. foo bar"
14:00:02.664 [http-nio-auto-5-exec-2] DEBUG o.s.c.c.CharSequenceEncoder - [6fb9d42f] Writing "718. foo bar"
14:00:02.664 [http-nio-auto-5-exec-2] DEBUG o.s.c.c.CharSequenceEncoder - [6fb9d42f] Writing "719. foo bar"
14:00:02.664 [http-nio-auto-5-exec-2] DEBUG o.s.c.c.CharSequenceEncoder - [6fb9d42f] Writing "720. foo bar"
14:00:02.664 [http-nio-auto-5-exec-2] DEBUG o.s.c.c.CharSequenceEncoder - [6fb9d42f] Writing "721. foo bar"
14:00:02.664 [http-nio-auto-5-exec-2] DEBUG o.s.c.c.CharSequenceEncoder - [6fb9d42f] Writing "722. foo bar"
14:00:02.664 [http-nio-auto-5-exec-2] DEBUG o.s.c.c.CharSequenceEncoder - [6fb9d42f] Writing "723. foo bar"
14:00:02.664 [http-nio-auto-5-exec-2] DEBUG o.s.c.c.CharSequenceEncoder - [6fb9d42f] Writing "724. foo bar"
14:00:02.664 [http-nio-auto-5-exec-2] DEBUG o.s.c.c.CharSequenceEncoder - [6fb9d42f] Writing "725. foo bar"
14:00:02.664 [http-nio-auto-5-exec-2] DEBUG o.s.c.c.CharSequenceEncoder - [6fb9d42f] Writing "726. foo bar"
14:00:02.664 [http-nio-auto-5-exec-2] DEBUG o.s.c.c.CharSequenceEncoder - [6fb9d42f] Writing "727. foo bar"
14:00:02.664 [http-nio-auto-5-exec-2] DEBUG o.s.c.c.CharSequenceEncoder - [6fb9d42f] Writing "728. foo bar"
14:00:02.665 [http-nio-auto-5-exec-2] DEBUG o.s.c.c.CharSequenceEncoder - [6fb9d42f] Writing "729. foo bar"
14:00:02.665 [http-nio-auto-5-exec-2] DEBUG o.s.c.c.CharSequenceEncoder - [6fb9d42f] Writing "730. foo bar"
14:00:02.665 [http-nio-auto-5-exec-2] DEBUG o.s.c.c.CharSequenceEncoder - [6fb9d42f] Writing "731. foo bar"
14:00:02.665 [http-nio-auto-5-exec-2] DEBUG o.s.c.c.CharSequenceEncoder - [6fb9d42f] Writing "732. foo bar"
14:00:02.665 [http-nio-auto-5-exec-2] DEBUG o.s.c.c.CharSequenceEncoder - [6fb9d42f] Writing "733. foo bar"
14:00:02.665 [http-nio-auto-5-exec-2] DEBUG o.s.c.c.CharSequenceEncoder - [6fb9d42f] Writing "734. foo bar"
14:00:02.665 [http-nio-auto-5-exec-2] DEBUG o.s.c.c.CharSequenceEncoder - [6fb9d42f] Writing "735. foo bar"
14:00:02.665 [http-nio-auto-5-exec-2] DEBUG o.s.c.c.CharSequenceEncoder - [6fb9d42f] Writing "736. foo bar"
14:00:02.665 [http-nio-auto-5-exec-2] DEBUG o.s.c.c.CharSequenceEncoder - [6fb9d42f] Writing "737. foo bar"
14:00:02.665 [http-nio-auto-5-exec-2] DEBUG o.s.c.c.CharSequenceEncoder - [6fb9d42f] Writing "738. foo bar"
14:00:02.665 [http-nio-auto-5-exec-2] DEBUG o.s.c.c.CharSequenceEncoder - [6fb9d42f] Writing "739. foo bar"
14:00:02.665 [http-nio-auto-5-exec-2] DEBUG o.s.c.c.CharSequenceEncoder - [6fb9d42f] Writing "740. foo bar"
14:00:02.665 [http-nio-auto-5-exec-2] DEBUG o.s.c.c.CharSequenceEncoder - [6fb9d42f] Writing "741. foo bar"
14:00:02.665 [http-nio-auto-5-exec-2] DEBUG o.s.c.c.CharSequenceEncoder - [6fb9d42f] Writing "742. foo bar"
14:00:02.665 [http-nio-auto-5-exec-2] DEBUG o.s.c.c.CharSequenceEncoder - [6fb9d42f] Writing "743. foo bar"
14:00:02.665 [http-nio-auto-5-exec-2] DEBUG o.s.c.c.CharSequenceEncoder - [6fb9d42f] Writing "744. foo bar"
14:00:02.665 [http-nio-auto-5-exec-2] DEBUG o.s.c.c.CharSequenceEncoder - [6fb9d42f] Writing "745. foo bar"
14:00:02.665 [http-nio-auto-5-exec-2] DEBUG o.s.c.c.CharSequenceEncoder - [6fb9d42f] Writing "746. foo bar"
14:00:02.665 [http-nio-auto-5-exec-2] DEBUG o.s.c.c.CharSequenceEncoder - [6fb9d42f] Writing "747. foo bar"
14:00:02.665 [http-nio-auto-5-exec-2] DEBUG o.s.c.c.CharSequenceEncoder - [6fb9d42f] Writing "748. foo bar"
14:00:02.665 [http-nio-auto-5-exec-2] DEBUG o.s.c.c.CharSequenceEncoder - [6fb9d42f] Writing "749. foo bar"
14:00:02.665 [http-nio-auto-5-exec-2] DEBUG o.s.c.c.CharSequenceEncoder - [6fb9d42f] Writing "750. foo bar"
14:00:02.665 [http-nio-auto-5-exec-2] DEBUG o.s.c.c.CharSequenceEncoder - [6fb9d42f] Writing "751. foo bar"
14:00:02.665 [http-nio-auto-5-exec-2] DEBUG o.s.c.c.CharSequenceEncoder - [6fb9d42f] Writing "752. foo bar"
14:00:02.665 [http-nio-auto-5-exec-2] DEBUG o.s.c.c.CharSequenceEncoder - [6fb9d42f] Writing "753. foo bar"
14:00:02.665 [http-nio-auto-5-exec-2] DEBUG o.s.c.c.CharSequenceEncoder - [6fb9d42f] Writing "754. foo bar"
14:00:02.665 [http-nio-auto-5-exec-2] DEBUG o.s.c.c.CharSequenceEncoder - [6fb9d42f] Writing "755. foo bar"
14:00:02.665 [http-nio-auto-5-exec-2] DEBUG o.s.c.c.CharSequenceEncoder - [6fb9d42f] Writing "756. foo bar"
14:00:02.665 [http-nio-auto-5-exec-2] DEBUG o.s.c.c.CharSequenceEncoder - [6fb9d42f] Writing "757. foo bar"
14:00:02.665 [http-nio-auto-5-exec-2] DEBUG o.s.c.c.CharSequenceEncoder - [6fb9d42f] Writing "758. foo bar"
14:00:02.665 [http-nio-auto-5-exec-2] DEBUG o.s.c.c.CharSequenceEncoder - [6fb9d42f] Writing "759. foo bar"
14:00:02.665 [http-nio-auto-5-exec-2] DEBUG o.s.c.c.CharSequenceEncoder - [6fb9d42f] Writing "760. foo bar"
14:00:02.665 [http-nio-auto-5-exec-2] DEBUG o.s.c.c.CharSequenceEncoder - [6fb9d42f] Writing "761. foo bar"
14:00:02.665 [http-nio-auto-5-exec-2] DEBUG o.s.c.c.CharSequenceEncoder - [6fb9d42f] Writing "762. foo bar"
14:00:02.665 [http-nio-auto-5-exec-2] DEBUG o.s.c.c.CharSequenceEncoder - [6fb9d42f] Writing "763. foo bar"
14:00:02.665 [http-nio-auto-5-exec-2] DEBUG o.s.c.c.CharSequenceEncoder - [6fb9d42f] Writing "764. foo bar"
14:00:02.665 [http-nio-auto-5-exec-2] DEBUG o.s.c.c.CharSequenceEncoder - [6fb9d42f] Writing "765. foo bar"
14:00:02.665 [http-nio-auto-5-exec-2] DEBUG o.s.c.c.CharSequenceEncoder - [6fb9d42f] Writing "766. foo bar"
14:00:02.665 [http-nio-auto-5-exec-2] DEBUG o.s.c.c.CharSequenceEncoder - [6fb9d42f] Writing "767. foo bar"
14:00:02.665 [http-nio-auto-5-exec-2] DEBUG o.s.c.c.CharSequenceEncoder - [6fb9d42f] Writing "768. foo bar"
14:00:02.665 [http-nio-auto-5-exec-2] DEBUG o.s.c.c.CharSequenceEncoder - [6fb9d42f] Writing "769. foo bar"
14:00:02.665 [http-nio-auto-5-exec-2] DEBUG o.s.c.c.CharSequenceEncoder - [6fb9d42f] Writing "770. foo bar"
14:00:02.665 [http-nio-auto-5-exec-2] DEBUG o.s.c.c.CharSequenceEncoder - [6fb9d42f] Writing "771. foo bar"
14:00:02.665 [http-nio-auto-5-exec-2] DEBUG o.s.c.c.CharSequenceEncoder - [6fb9d42f] Writing "772. foo bar"
14:00:02.665 [http-nio-auto-5-exec-2] DEBUG o.s.c.c.CharSequenceEncoder - [6fb9d42f] Writing "773. foo bar"
14:00:02.665 [http-nio-auto-5-exec-2] DEBUG o.s.c.c.CharSequenceEncoder - [6fb9d42f] Writing "774. foo bar"
14:00:02.665 [http-nio-auto-5-exec-2] DEBUG o.s.c.c.CharSequenceEncoder - [6fb9d42f] Writing "775. foo bar"
14:00:02.665 [http-nio-auto-5-exec-2] DEBUG o.s.c.c.CharSequenceEncoder - [6fb9d42f] Writing "776. foo bar"
14:00:02.665 [http-nio-auto-5-exec-2] DEBUG o.s.c.c.CharSequenceEncoder - [6fb9d42f] Writing "777. foo bar"
14:00:02.665 [http-nio-auto-5-exec-2] DEBUG o.s.c.c.CharSequenceEncoder - [6fb9d42f] Writing "778. foo bar"
14:00:02.665 [http-nio-auto-5-exec-2] DEBUG o.s.c.c.CharSequenceEncoder - [6fb9d42f] Writing "779. foo bar"
14:00:02.665 [http-nio-auto-5-exec-2] DEBUG o.s.c.c.CharSequenceEncoder - [6fb9d42f] Writing "780. foo bar"
14:00:02.665 [http-nio-auto-5-exec-2] DEBUG o.s.c.c.CharSequenceEncoder - [6fb9d42f] Writing "781. foo bar"
14:00:02.665 [http-nio-auto-5-exec-2] DEBUG o.s.c.c.CharSequenceEncoder - [6fb9d42f] Writing "782. foo bar"
14:00:02.665 [http-nio-auto-5-exec-2] DEBUG o.s.c.c.CharSequenceEncoder - [6fb9d42f] Writing "783. foo bar"
14:00:02.665 [http-nio-auto-5-exec-2] DEBUG o.s.c.c.CharSequenceEncoder - [6fb9d42f] Writing "784. foo bar"
14:00:02.665 [http-nio-auto-5-exec-2] DEBUG o.s.c.c.CharSequenceEncoder - [6fb9d42f] Writing "785. foo bar"
14:00:02.665 [http-nio-auto-5-exec-2] DEBUG o.s.c.c.CharSequenceEncoder - [6fb9d42f] Writing "786. foo bar"
14:00:02.666 [http-nio-auto-5-exec-2] DEBUG o.s.c.c.CharSequenceEncoder - [6fb9d42f] Writing "787. foo bar"
14:00:02.666 [http-nio-auto-5-exec-2] DEBUG o.s.c.c.CharSequenceEncoder - [6fb9d42f] Writing "788. foo bar"
14:00:02.666 [http-nio-auto-5-exec-2] DEBUG o.s.c.c.CharSequenceEncoder - [6fb9d42f] Writing "789. foo bar"
14:00:02.666 [http-nio-auto-5-exec-2] DEBUG o.s.c.c.CharSequenceEncoder - [6fb9d42f] Writing "790. foo bar"
14:00:02.666 [http-nio-auto-5-exec-2] DEBUG o.s.c.c.CharSequenceEncoder - [6fb9d42f] Writing "791. foo bar"
14:00:02.666 [http-nio-auto-5-exec-2] DEBUG o.s.c.c.CharSequenceEncoder - [6fb9d42f] Writing "792. foo bar"
14:00:02.666 [http-nio-auto-5-exec-2] DEBUG o.s.c.c.CharSequenceEncoder - [6fb9d42f] Writing "793. foo bar"
14:00:02.666 [http-nio-auto-5-exec-2] DEBUG o.s.c.c.CharSequenceEncoder - [6fb9d42f] Writing "794. foo bar"
14:00:02.666 [http-nio-auto-5-exec-2] DEBUG o.s.c.c.CharSequenceEncoder - [6fb9d42f] Writing "795. foo bar"
14:00:02.666 [http-nio-auto-5-exec-2] DEBUG o.s.c.c.CharSequenceEncoder - [6fb9d42f] Writing "796. foo bar"
14:00:02.666 [http-nio-auto-5-exec-2] DEBUG o.s.c.c.CharSequenceEncoder - [6fb9d42f] Writing "797. foo bar"
14:00:02.666 [http-nio-auto-5-exec-2] DEBUG o.s.c.c.CharSequenceEncoder - [6fb9d42f] Writing "798. foo bar"
14:00:02.666 [http-nio-auto-5-exec-2] DEBUG o.s.c.c.CharSequenceEncoder - [6fb9d42f] Writing "799. foo bar"
14:00:02.666 [http-nio-auto-5-exec-2] DEBUG o.s.c.c.CharSequenceEncoder - [6fb9d42f] Writing "800. foo bar"
14:00:02.666 [http-nio-auto-5-exec-2] DEBUG o.s.c.c.CharSequenceEncoder - [6fb9d42f] Writing "801. foo bar"
14:00:02.666 [http-nio-auto-5-exec-2] DEBUG o.s.c.c.CharSequenceEncoder - [6fb9d42f] Writing "802. foo bar"
14:00:02.666 [http-nio-auto-5-exec-2] DEBUG o.s.c.c.CharSequenceEncoder - [6fb9d42f] Writing "803. foo bar"
14:00:02.666 [http-nio-auto-5-exec-2] DEBUG o.s.c.c.CharSequenceEncoder - [6fb9d42f] Writing "804. foo bar"
14:00:02.666 [http-nio-auto-5-exec-2] DEBUG o.s.c.c.CharSequenceEncoder - [6fb9d42f] Writing "805. foo bar"
14:00:02.666 [http-nio-auto-5-exec-2] DEBUG o.s.c.c.CharSequenceEncoder - [6fb9d42f] Writing "806. foo bar"
14:00:02.666 [http-nio-auto-5-exec-2] DEBUG o.s.c.c.CharSequenceEncoder - [6fb9d42f] Writing "807. foo bar"
14:00:02.666 [http-nio-auto-5-exec-2] DEBUG o.s.c.c.CharSequenceEncoder - [6fb9d42f] Writing "808. foo bar"
14:00:02.666 [http-nio-auto-5-exec-2] DEBUG o.s.c.c.CharSequenceEncoder - [6fb9d42f] Writing "809. foo bar"
14:00:02.666 [http-nio-auto-5-exec-2] DEBUG o.s.c.c.CharSequenceEncoder - [6fb9d42f] Writing "810. foo bar"
14:00:02.666 [http-nio-auto-5-exec-2] DEBUG o.s.c.c.CharSequenceEncoder - [6fb9d42f] Writing "811. foo bar"
14:00:02.666 [http-nio-auto-5-exec-2] DEBUG o.s.c.c.CharSequenceEncoder - [6fb9d42f] Writing "812. foo bar"
14:00:02.666 [http-nio-auto-5-exec-2] DEBUG o.s.c.c.CharSequenceEncoder - [6fb9d42f] Writing "813. foo bar"
14:00:02.666 [http-nio-auto-5-exec-2] DEBUG o.s.c.c.CharSequenceEncoder - [6fb9d42f] Writing "814. foo bar"
14:00:02.666 [http-nio-auto-5-exec-2] DEBUG o.s.c.c.CharSequenceEncoder - [6fb9d42f] Writing "815. foo bar"
14:00:02.666 [http-nio-auto-5-exec-2] DEBUG o.s.c.c.CharSequenceEncoder - [6fb9d42f] Writing "816. foo bar"
14:00:02.666 [http-nio-auto-5-exec-2] DEBUG o.s.c.c.CharSequenceEncoder - [6fb9d42f] Writing "817. foo bar"
14:00:02.666 [http-nio-auto-5-exec-2] DEBUG o.s.c.c.CharSequenceEncoder - [6fb9d42f] Writing "818. foo bar"
14:00:02.666 [http-nio-auto-5-exec-2] DEBUG o.s.c.c.CharSequenceEncoder - [6fb9d42f] Writing "819. foo bar"
14:00:02.666 [http-nio-auto-5-exec-2] DEBUG o.s.c.c.CharSequenceEncoder - [6fb9d42f] Writing "820. foo bar"
14:00:02.666 [http-nio-auto-5-exec-2] DEBUG o.s.c.c.CharSequenceEncoder - [6fb9d42f] Writing "821. foo bar"
14:00:02.666 [http-nio-auto-5-exec-2] DEBUG o.s.c.c.CharSequenceEncoder - [6fb9d42f] Writing "822. foo bar"
14:00:02.666 [http-nio-auto-5-exec-2] DEBUG o.s.c.c.CharSequenceEncoder - [6fb9d42f] Writing "823. foo bar"
14:00:02.666 [http-nio-auto-5-exec-2] DEBUG o.s.c.c.CharSequenceEncoder - [6fb9d42f] Writing "824. foo bar"
14:00:02.666 [http-nio-auto-5-exec-2] DEBUG o.s.c.c.CharSequenceEncoder - [6fb9d42f] Writing "825. foo bar"
14:00:02.666 [http-nio-auto-5-exec-2] DEBUG o.s.c.c.CharSequenceEncoder - [6fb9d42f] Writing "826. foo bar"
14:00:02.666 [http-nio-auto-5-exec-2] DEBUG o.s.c.c.CharSequenceEncoder - [6fb9d42f] Writing "827. foo bar"
14:00:02.666 [http-nio-auto-5-exec-2] DEBUG o.s.c.c.CharSequenceEncoder - [6fb9d42f] Writing "828. foo bar"
14:00:02.666 [http-nio-auto-5-exec-2] DEBUG o.s.c.c.CharSequenceEncoder - [6fb9d42f] Writing "829. foo bar"
14:00:02.666 [http-nio-auto-5-exec-2] DEBUG o.s.c.c.CharSequenceEncoder - [6fb9d42f] Writing "830. foo bar"
14:00:02.666 [http-nio-auto-5-exec-2] DEBUG o.s.c.c.CharSequenceEncoder - [6fb9d42f] Writing "831. foo bar"
14:00:02.666 [http-nio-auto-5-exec-2] DEBUG o.s.c.c.CharSequenceEncoder - [6fb9d42f] Writing "832. foo bar"
14:00:02.666 [http-nio-auto-5-exec-2] DEBUG o.s.c.c.CharSequenceEncoder - [6fb9d42f] Writing "833. foo bar"
14:00:02.666 [http-nio-auto-5-exec-2] DEBUG o.s.c.c.CharSequenceEncoder - [6fb9d42f] Writing "834. foo bar"
14:00:02.666 [http-nio-auto-5-exec-2] DEBUG o.s.c.c.CharSequenceEncoder - [6fb9d42f] Writing "835. foo bar"
14:00:02.666 [http-nio-auto-5-exec-2] DEBUG o.s.c.c.CharSequenceEncoder - [6fb9d42f] Writing "836. foo bar"
14:00:02.666 [http-nio-auto-5-exec-2] DEBUG o.s.c.c.CharSequenceEncoder - [6fb9d42f] Writing "837. foo bar"
14:00:02.666 [http-nio-auto-5-exec-2] DEBUG o.s.c.c.CharSequenceEncoder - [6fb9d42f] Writing "838. foo bar"
14:00:02.666 [http-nio-auto-5-exec-2] DEBUG o.s.c.c.CharSequenceEncoder - [6fb9d42f] Writing "839. foo bar"
14:00:02.666 [http-nio-auto-5-exec-2] DEBUG o.s.c.c.CharSequenceEncoder - [6fb9d42f] Writing "840. foo bar"
14:00:02.666 [http-nio-auto-5-exec-2] DEBUG o.s.c.c.CharSequenceEncoder - [6fb9d42f] Writing "841. foo bar"
14:00:02.666 [http-nio-auto-5-exec-2] DEBUG o.s.c.c.CharSequenceEncoder - [6fb9d42f] Writing "842. foo bar"
14:00:02.666 [http-nio-auto-5-exec-2] DEBUG o.s.c.c.CharSequenceEncoder - [6fb9d42f] Writing "843. foo bar"
14:00:02.666 [http-nio-auto-5-exec-2] DEBUG o.s.c.c.CharSequenceEncoder - [6fb9d42f] Writing "844. foo bar"
14:00:02.666 [http-nio-auto-5-exec-2] DEBUG o.s.c.c.CharSequenceEncoder - [6fb9d42f] Writing "845. foo bar"
14:00:02.666 [http-nio-auto-5-exec-2] DEBUG o.s.c.c.CharSequenceEncoder - [6fb9d42f] Writing "846. foo bar"
14:00:02.667 [http-nio-auto-5-exec-2] DEBUG o.s.c.c.CharSequenceEncoder - [6fb9d42f] Writing "847. foo bar"
14:00:02.667 [http-nio-auto-5-exec-2] DEBUG o.s.c.c.CharSequenceEncoder - [6fb9d42f] Writing "848. foo bar"
14:00:02.667 [http-nio-auto-5-exec-2] DEBUG o.s.c.c.CharSequenceEncoder - [6fb9d42f] Writing "849. foo bar"
14:00:02.667 [http-nio-auto-5-exec-2] DEBUG o.s.c.c.CharSequenceEncoder - [6fb9d42f] Writing "850. foo bar"
14:00:02.667 [http-nio-auto-5-exec-2] DEBUG o.s.c.c.CharSequenceEncoder - [6fb9d42f] Writing "851. foo bar"
14:00:02.667 [http-nio-auto-5-exec-2] DEBUG o.s.c.c.CharSequenceEncoder - [6fb9d42f] Writing "852. foo bar"
14:00:02.667 [http-nio-auto-5-exec-2] DEBUG o.s.c.c.CharSequenceEncoder - [6fb9d42f] Writing "853. foo bar"
14:00:02.667 [http-nio-auto-5-exec-2] DEBUG o.s.c.c.CharSequenceEncoder - [6fb9d42f] Writing "854. foo bar"
14:00:02.667 [http-nio-auto-5-exec-2] DEBUG o.s.c.c.CharSequenceEncoder - [6fb9d42f] Writing "855. foo bar"
14:00:02.667 [http-nio-auto-5-exec-2] DEBUG o.s.c.c.CharSequenceEncoder - [6fb9d42f] Writing "856. foo bar"
14:00:02.667 [http-nio-auto-5-exec-2] DEBUG o.s.c.c.CharSequenceEncoder - [6fb9d42f] Writing "857. foo bar"
14:00:02.667 [http-nio-auto-5-exec-2] DEBUG o.s.c.c.CharSequenceEncoder - [6fb9d42f] Writing "858. foo bar"
14:00:02.667 [http-nio-auto-5-exec-2] DEBUG o.s.c.c.CharSequenceEncoder - [6fb9d42f] Writing "859. foo bar"
14:00:02.667 [http-nio-auto-5-exec-2] DEBUG o.s.c.c.CharSequenceEncoder - [6fb9d42f] Writing "860. foo bar"
14:00:02.667 [http-nio-auto-5-exec-2] DEBUG o.s.c.c.CharSequenceEncoder - [6fb9d42f] Writing "861. foo bar"
14:00:02.667 [http-nio-auto-5-exec-2] DEBUG o.s.c.c.CharSequenceEncoder - [6fb9d42f] Writing "862. foo bar"
14:00:02.667 [http-nio-auto-5-exec-2] DEBUG o.s.c.c.CharSequenceEncoder - [6fb9d42f] Writing "863. foo bar"
14:00:02.667 [http-nio-auto-5-exec-2] DEBUG o.s.c.c.CharSequenceEncoder - [6fb9d42f] Writing "864. foo bar"
14:00:02.667 [http-nio-auto-5-exec-2] DEBUG o.s.c.c.CharSequenceEncoder - [6fb9d42f] Writing "865. foo bar"
14:00:02.667 [http-nio-auto-5-exec-2] DEBUG o.s.c.c.CharSequenceEncoder - [6fb9d42f] Writing "866. foo bar"
14:00:02.667 [http-nio-auto-5-exec-2] DEBUG o.s.c.c.CharSequenceEncoder - [6fb9d42f] Writing "867. foo bar"
14:00:02.667 [http-nio-auto-5-exec-2] DEBUG o.s.c.c.CharSequenceEncoder - [6fb9d42f] Writing "868. foo bar"
14:00:02.667 [http-nio-auto-5-exec-2] DEBUG o.s.c.c.CharSequenceEncoder - [6fb9d42f] Writing "869. foo bar"
14:00:02.667 [http-nio-auto-5-exec-2] DEBUG o.s.c.c.CharSequenceEncoder - [6fb9d42f] Writing "870. foo bar"
14:00:02.667 [http-nio-auto-5-exec-2] DEBUG o.s.c.c.CharSequenceEncoder - [6fb9d42f] Writing "871. foo bar"
14:00:02.667 [http-nio-auto-5-exec-2] DEBUG o.s.c.c.CharSequenceEncoder - [6fb9d42f] Writing "872. foo bar"
14:00:02.667 [http-nio-auto-5-exec-2] DEBUG o.s.c.c.CharSequenceEncoder - [6fb9d42f] Writing "873. foo bar"
14:00:02.667 [http-nio-auto-5-exec-2] DEBUG o.s.c.c.CharSequenceEncoder - [6fb9d42f] Writing "874. foo bar"
14:00:02.667 [http-nio-auto-5-exec-2] DEBUG o.s.c.c.CharSequenceEncoder - [6fb9d42f] Writing "875. foo bar"
14:00:02.667 [http-nio-auto-5-exec-2] DEBUG o.s.c.c.CharSequenceEncoder - [6fb9d42f] Writing "876. foo bar"
14:00:02.667 [http-nio-auto-5-exec-2] DEBUG o.s.c.c.CharSequenceEncoder - [6fb9d42f] Writing "877. foo bar"
14:00:02.667 [http-nio-auto-5-exec-2] DEBUG o.s.c.c.CharSequenceEncoder - [6fb9d42f] Writing "878. foo bar"
14:00:02.667 [http-nio-auto-5-exec-2] DEBUG o.s.c.c.CharSequenceEncoder - [6fb9d42f] Writing "879. foo bar"
14:00:02.667 [http-nio-auto-5-exec-2] DEBUG o.s.c.c.CharSequenceEncoder - [6fb9d42f] Writing "880. foo bar"
14:00:02.667 [http-nio-auto-5-exec-2] DEBUG o.s.c.c.CharSequenceEncoder - [6fb9d42f] Writing "881. foo bar"
14:00:02.667 [http-nio-auto-5-exec-2] DEBUG o.s.c.c.CharSequenceEncoder - [6fb9d42f] Writing "882. foo bar"
14:00:02.667 [http-nio-auto-5-exec-2] DEBUG o.s.c.c.CharSequenceEncoder - [6fb9d42f] Writing "883. foo bar"
14:00:02.667 [http-nio-auto-5-exec-2] DEBUG o.s.c.c.CharSequenceEncoder - [6fb9d42f] Writing "884. foo bar"
14:00:02.667 [http-nio-auto-5-exec-2] DEBUG o.s.c.c.CharSequenceEncoder - [6fb9d42f] Writing "885. foo bar"
14:00:02.667 [http-nio-auto-5-exec-2] DEBUG o.s.c.c.CharSequenceEncoder - [6fb9d42f] Writing "886. foo bar"
14:00:02.667 [http-nio-auto-5-exec-2] DEBUG o.s.c.c.CharSequenceEncoder - [6fb9d42f] Writing "887. foo bar"
14:00:02.667 [http-nio-auto-5-exec-2] DEBUG o.s.c.c.CharSequenceEncoder - [6fb9d42f] Writing "888. foo bar"
14:00:02.667 [http-nio-auto-5-exec-2] DEBUG o.s.c.c.CharSequenceEncoder - [6fb9d42f] Writing "889. foo bar"
14:00:02.667 [http-nio-auto-5-exec-2] DEBUG o.s.c.c.CharSequenceEncoder - [6fb9d42f] Writing "890. foo bar"
14:00:02.667 [http-nio-auto-5-exec-2] DEBUG o.s.c.c.CharSequenceEncoder - [6fb9d42f] Writing "891. foo bar"
14:00:02.667 [http-nio-auto-5-exec-2] DEBUG o.s.c.c.CharSequenceEncoder - [6fb9d42f] Writing "892. foo bar"
14:00:02.667 [http-nio-auto-5-exec-2] DEBUG o.s.c.c.CharSequenceEncoder - [6fb9d42f] Writing "893. foo bar"
14:00:02.667 [http-nio-auto-5-exec-2] DEBUG o.s.c.c.CharSequenceEncoder - [6fb9d42f] Writing "894. foo bar"
14:00:02.667 [http-nio-auto-5-exec-2] DEBUG o.s.c.c.CharSequenceEncoder - [6fb9d42f] Writing "895. foo bar"
14:00:02.667 [http-nio-auto-5-exec-2] DEBUG o.s.c.c.CharSequenceEncoder - [6fb9d42f] Writing "896. foo bar"
14:00:02.667 [http-nio-auto-5-exec-2] DEBUG o.s.c.c.CharSequenceEncoder - [6fb9d42f] Writing "897. foo bar"
14:00:02.667 [http-nio-auto-5-exec-2] DEBUG o.s.c.c.CharSequenceEncoder - [6fb9d42f] Writing "898. foo bar"
14:00:02.667 [http-nio-auto-5-exec-2] DEBUG o.s.c.c.CharSequenceEncoder - [6fb9d42f] Writing "899. foo bar"
14:00:02.667 [http-nio-auto-5-exec-2] DEBUG o.s.c.c.CharSequenceEncoder - [6fb9d42f] Writing "900. foo bar"
14:00:02.667 [http-nio-auto-5-exec-2] DEBUG o.s.c.c.CharSequenceEncoder - [6fb9d42f] Writing "901. foo bar"
14:00:02.667 [http-nio-auto-5-exec-2] DEBUG o.s.c.c.CharSequenceEncoder - [6fb9d42f] Writing "902. foo bar"
14:00:02.667 [http-nio-auto-5-exec-2] DEBUG o.s.c.c.CharSequenceEncoder - [6fb9d42f] Writing "903. foo bar"
14:00:02.667 [http-nio-auto-5-exec-2] DEBUG o.s.c.c.CharSequenceEncoder - [6fb9d42f] Writing "904. foo bar"
14:00:02.667 [http-nio-auto-5-exec-2] DEBUG o.s.c.c.CharSequenceEncoder - [6fb9d42f] Writing "905. foo bar"
14:00:02.668 [http-nio-auto-5-exec-2] DEBUG o.s.c.c.CharSequenceEncoder - [6fb9d42f] Writing "906. foo bar"
14:00:02.668 [http-nio-auto-5-exec-2] DEBUG o.s.c.c.CharSequenceEncoder - [6fb9d42f] Writing "907. foo bar"
14:00:02.668 [http-nio-auto-5-exec-2] DEBUG o.s.c.c.CharSequenceEncoder - [6fb9d42f] Writing "908. foo bar"
14:00:02.668 [http-nio-auto-5-exec-2] DEBUG o.s.c.c.CharSequenceEncoder - [6fb9d42f] Writing "909. foo bar"
14:00:02.668 [http-nio-auto-5-exec-2] DEBUG o.s.c.c.CharSequenceEncoder - [6fb9d42f] Writing "910. foo bar"
14:00:02.668 [http-nio-auto-5-exec-2] DEBUG o.s.c.c.CharSequenceEncoder - [6fb9d42f] Writing "911. foo bar"
14:00:02.668 [http-nio-auto-5-exec-2] DEBUG o.s.c.c.CharSequenceEncoder - [6fb9d42f] Writing "912. foo bar"
14:00:02.668 [http-nio-auto-5-exec-2] DEBUG o.s.c.c.CharSequenceEncoder - [6fb9d42f] Writing "913. foo bar"
14:00:02.668 [http-nio-auto-5-exec-2] DEBUG o.s.c.c.CharSequenceEncoder - [6fb9d42f] Writing "914. foo bar"
14:00:02.668 [http-nio-auto-5-exec-2] DEBUG o.s.c.c.CharSequenceEncoder - [6fb9d42f] Writing "915. foo bar"
14:00:02.668 [http-nio-auto-5-exec-2] DEBUG o.s.c.c.CharSequenceEncoder - [6fb9d42f] Writing "916. foo bar"
14:00:02.668 [http-nio-auto-5-exec-2] DEBUG o.s.c.c.CharSequenceEncoder - [6fb9d42f] Writing "917. foo bar"
14:00:02.668 [http-nio-auto-5-exec-2] DEBUG o.s.c.c.CharSequenceEncoder - [6fb9d42f] Writing "918. foo bar"
14:00:02.668 [http-nio-auto-5-exec-2] DEBUG o.s.c.c.CharSequenceEncoder - [6fb9d42f] Writing "919. foo bar"
14:00:02.668 [http-nio-auto-5-exec-2] DEBUG o.s.c.c.CharSequenceEncoder - [6fb9d42f] Writing "920. foo bar"
14:00:02.668 [http-nio-auto-5-exec-2] DEBUG o.s.c.c.CharSequenceEncoder - [6fb9d42f] Writing "921. foo bar"
14:00:02.668 [http-nio-auto-5-exec-2] DEBUG o.s.c.c.CharSequenceEncoder - [6fb9d42f] Writing "922. foo bar"
14:00:02.668 [http-nio-auto-5-exec-2] DEBUG o.s.c.c.CharSequenceEncoder - [6fb9d42f] Writing "923. foo bar"
14:00:02.668 [http-nio-auto-5-exec-2] DEBUG o.s.c.c.CharSequenceEncoder - [6fb9d42f] Writing "924. foo bar"
14:00:02.668 [http-nio-auto-5-exec-2] DEBUG o.s.c.c.CharSequenceEncoder - [6fb9d42f] Writing "925. foo bar"
14:00:02.668 [http-nio-auto-5-exec-2] DEBUG o.s.c.c.CharSequenceEncoder - [6fb9d42f] Writing "926. foo bar"
14:00:02.668 [http-nio-auto-5-exec-2] DEBUG o.s.c.c.CharSequenceEncoder - [6fb9d42f] Writing "927. foo bar"
14:00:02.668 [http-nio-auto-5-exec-2] DEBUG o.s.c.c.CharSequenceEncoder - [6fb9d42f] Writing "928. foo bar"
14:00:02.668 [http-nio-auto-5-exec-2] DEBUG o.s.c.c.CharSequenceEncoder - [6fb9d42f] Writing "929. foo bar"
14:00:02.668 [http-nio-auto-5-exec-2] DEBUG o.s.c.c.CharSequenceEncoder - [6fb9d42f] Writing "930. foo bar"
14:00:02.668 [http-nio-auto-5-exec-2] DEBUG o.s.c.c.CharSequenceEncoder - [6fb9d42f] Writing "931. foo bar"
14:00:02.668 [http-nio-auto-5-exec-2] DEBUG o.s.c.c.CharSequenceEncoder - [6fb9d42f] Writing "932. foo bar"
14:00:02.668 [http-nio-auto-5-exec-2] DEBUG o.s.c.c.CharSequenceEncoder - [6fb9d42f] Writing "933. foo bar"
14:00:02.668 [http-nio-auto-5-exec-2] DEBUG o.s.c.c.CharSequenceEncoder - [6fb9d42f] Writing "934. foo bar"
14:00:02.668 [http-nio-auto-5-exec-2] DEBUG o.s.c.c.CharSequenceEncoder - [6fb9d42f] Writing "935. foo bar"
14:00:02.668 [http-nio-auto-5-exec-2] DEBUG o.s.c.c.CharSequenceEncoder - [6fb9d42f] Writing "936. foo bar"
14:00:02.668 [http-nio-auto-5-exec-2] DEBUG o.s.c.c.CharSequenceEncoder - [6fb9d42f] Writing "937. foo bar"
14:00:02.668 [http-nio-auto-5-exec-2] DEBUG o.s.c.c.CharSequenceEncoder - [6fb9d42f] Writing "938. foo bar"
14:00:02.669 [http-nio-auto-5-exec-2] DEBUG o.s.c.c.CharSequenceEncoder - [6fb9d42f] Writing "939. foo bar"
14:00:02.669 [http-nio-auto-5-exec-2] DEBUG o.s.c.c.CharSequenceEncoder - [6fb9d42f] Writing "940. foo bar"
14:00:02.669 [http-nio-auto-5-exec-2] DEBUG o.s.c.c.CharSequenceEncoder - [6fb9d42f] Writing "941. foo bar"
14:00:02.669 [http-nio-auto-5-exec-2] DEBUG o.s.c.c.CharSequenceEncoder - [6fb9d42f] Writing "942. foo bar"
14:00:02.669 [http-nio-auto-5-exec-2] DEBUG o.s.c.c.CharSequenceEncoder - [6fb9d42f] Writing "943. foo bar"
14:00:02.669 [http-nio-auto-5-exec-2] DEBUG o.s.c.c.CharSequenceEncoder - [6fb9d42f] Writing "944. foo bar"
14:00:02.669 [http-nio-auto-5-exec-2] DEBUG o.s.c.c.CharSequenceEncoder - [6fb9d42f] Writing "945. foo bar"
14:00:02.670 [http-nio-auto-5-exec-2] DEBUG o.s.c.c.CharSequenceEncoder - [6fb9d42f] Writing "946. foo bar"
14:00:02.670 [http-nio-auto-5-exec-2] DEBUG o.s.c.c.CharSequenceEncoder - [6fb9d42f] Writing "947. foo bar"
14:00:02.670 [http-nio-auto-5-exec-2] DEBUG o.s.c.c.CharSequenceEncoder - [6fb9d42f] Writing "948. foo bar"
14:00:02.670 [http-nio-auto-5-exec-2] DEBUG o.s.c.c.CharSequenceEncoder - [6fb9d42f] Writing "949. foo bar"
14:00:02.670 [http-nio-auto-5-exec-2] DEBUG o.s.c.c.CharSequenceEncoder - [6fb9d42f] Writing "950. foo bar"
14:00:02.670 [http-nio-auto-5-exec-2] DEBUG o.s.c.c.CharSequenceEncoder - [6fb9d42f] Writing "951. foo bar"
14:00:02.670 [http-nio-auto-5-exec-2] DEBUG o.s.c.c.CharSequenceEncoder - [6fb9d42f] Writing "952. foo bar"
14:00:02.670 [http-nio-auto-5-exec-2] DEBUG o.s.c.c.CharSequenceEncoder - [6fb9d42f] Writing "953. foo bar"
14:00:02.670 [http-nio-auto-5-exec-2] DEBUG o.s.c.c.CharSequenceEncoder - [6fb9d42f] Writing "954. foo bar"
14:00:02.670 [http-nio-auto-5-exec-2] DEBUG o.s.c.c.CharSequenceEncoder - [6fb9d42f] Writing "955. foo bar"
14:00:02.670 [http-nio-auto-5-exec-2] DEBUG o.s.c.c.CharSequenceEncoder - [6fb9d42f] Writing "956. foo bar"
14:00:02.670 [http-nio-auto-5-exec-2] DEBUG o.s.c.c.CharSequenceEncoder - [6fb9d42f] Writing "957. foo bar"
14:00:02.670 [http-nio-auto-5-exec-2] DEBUG o.s.c.c.CharSequenceEncoder - [6fb9d42f] Writing "958. foo bar"
14:00:02.671 [http-nio-auto-5-exec-2] DEBUG o.s.c.c.CharSequenceEncoder - [6fb9d42f] Writing "959. foo bar"
14:00:02.671 [http-nio-auto-5-exec-2] DEBUG o.s.c.c.CharSequenceEncoder - [6fb9d42f] Writing "960. foo bar"
14:00:02.671 [http-nio-auto-5-exec-2] DEBUG o.s.c.c.CharSequenceEncoder - [6fb9d42f] Writing "961. foo bar"
14:00:02.671 [http-nio-auto-5-exec-2] DEBUG o.s.c.c.CharSequenceEncoder - [6fb9d42f] Writing "962. foo bar"
14:00:02.671 [http-nio-auto-5-exec-2] DEBUG o.s.c.c.CharSequenceEncoder - [6fb9d42f] Writing "963. foo bar"
14:00:02.671 [http-nio-auto-5-exec-2] DEBUG o.s.c.c.CharSequenceEncoder - [6fb9d42f] Writing "964. foo bar"
14:00:02.671 [http-nio-auto-5-exec-2] DEBUG o.s.c.c.CharSequenceEncoder - [6fb9d42f] Writing "965. foo bar"
14:00:02.671 [http-nio-auto-5-exec-2] DEBUG o.s.c.c.CharSequenceEncoder - [6fb9d42f] Writing "966. foo bar"
14:00:02.671 [http-nio-auto-5-exec-2] DEBUG o.s.c.c.CharSequenceEncoder - [6fb9d42f] Writing "967. foo bar"
14:00:02.671 [http-nio-auto-5-exec-2] DEBUG o.s.c.c.CharSequenceEncoder - [6fb9d42f] Writing "968. foo bar"
14:00:02.671 [http-nio-auto-5-exec-2] DEBUG o.s.c.c.CharSequenceEncoder - [6fb9d42f] Writing "969. foo bar"
14:00:02.672 [http-nio-auto-5-exec-2] DEBUG o.s.c.c.CharSequenceEncoder - [6fb9d42f] Writing "970. foo bar"
14:00:02.672 [http-nio-auto-5-exec-2] DEBUG o.s.c.c.CharSequenceEncoder - [6fb9d42f] Writing "971. foo bar"
14:00:02.672 [http-nio-auto-5-exec-2] DEBUG o.s.c.c.CharSequenceEncoder - [6fb9d42f] Writing "972. foo bar"
14:00:02.672 [http-nio-auto-5-exec-2] DEBUG o.s.c.c.CharSequenceEncoder - [6fb9d42f] Writing "973. foo bar"
14:00:02.672 [http-nio-auto-5-exec-2] DEBUG o.s.c.c.CharSequenceEncoder - [6fb9d42f] Writing "974. foo bar"
14:00:02.672 [http-nio-auto-5-exec-2] DEBUG o.s.c.c.CharSequenceEncoder - [6fb9d42f] Writing "975. foo bar"
14:00:02.672 [http-nio-auto-5-exec-2] DEBUG o.s.c.c.CharSequenceEncoder - [6fb9d42f] Writing "976. foo bar"
14:00:02.673 [http-nio-auto-5-exec-2] DEBUG o.s.c.c.CharSequenceEncoder - [6fb9d42f] Writing "977. foo bar"
14:00:02.673 [http-nio-auto-5-exec-2] DEBUG o.s.c.c.CharSequenceEncoder - [6fb9d42f] Writing "978. foo bar"
14:00:02.673 [http-nio-auto-5-exec-2] DEBUG o.s.c.c.CharSequenceEncoder - [6fb9d42f] Writing "979. foo bar"
14:00:02.673 [http-nio-auto-5-exec-2] DEBUG o.s.c.c.CharSequenceEncoder - [6fb9d42f] Writing "980. foo bar"
14:00:02.673 [http-nio-auto-5-exec-2] DEBUG o.s.c.c.CharSequenceEncoder - [6fb9d42f] Writing "981. foo bar"
14:00:02.673 [http-nio-auto-5-exec-2] DEBUG o.s.c.c.CharSequenceEncoder - [6fb9d42f] Writing "982. foo bar"
14:00:02.673 [http-nio-auto-5-exec-2] DEBUG o.s.c.c.CharSequenceEncoder - [6fb9d42f] Writing "983. foo bar"
14:00:02.673 [http-nio-auto-5-exec-2] DEBUG o.s.c.c.CharSequenceEncoder - [6fb9d42f] Writing "984. foo bar"
14:00:02.673 [http-nio-auto-5-exec-2] DEBUG o.s.c.c.CharSequenceEncoder - [6fb9d42f] Writing "985. foo bar"
14:00:02.674 [http-nio-auto-5-exec-2] DEBUG o.s.c.c.CharSequenceEncoder - [6fb9d42f] Writing "986. foo bar"
14:00:02.674 [http-nio-auto-5-exec-2] DEBUG o.s.c.c.CharSequenceEncoder - [6fb9d42f] Writing "987. foo bar"
14:00:02.674 [http-nio-auto-5-exec-2] DEBUG o.s.c.c.CharSequenceEncoder - [6fb9d42f] Writing "988. foo bar"
14:00:02.674 [http-nio-auto-5-exec-2] DEBUG o.s.c.c.CharSequenceEncoder - [6fb9d42f] Writing "989. foo bar"
14:00:02.674 [http-nio-auto-5-exec-2] DEBUG o.s.c.c.CharSequenceEncoder - [6fb9d42f] Writing "990. foo bar"
14:00:02.674 [http-nio-auto-5-exec-2] DEBUG o.s.c.c.CharSequenceEncoder - [6fb9d42f] Writing "991. foo bar"
14:00:02.674 [http-nio-auto-5-exec-2] DEBUG o.s.c.c.CharSequenceEncoder - [6fb9d42f] Writing "992. foo bar"
14:00:02.674 [http-nio-auto-5-exec-2] DEBUG o.s.c.c.CharSequenceEncoder - [6fb9d42f] Writing "993. foo bar"
14:00:02.674 [http-nio-auto-5-exec-2] DEBUG o.s.c.c.CharSequenceEncoder - [6fb9d42f] Writing "994. foo bar"
14:00:02.674 [http-nio-auto-5-exec-2] DEBUG o.s.c.c.CharSequenceEncoder - [6fb9d42f] Writing "995. foo bar"
14:00:02.675 [http-nio-auto-5-exec-2] DEBUG o.s.c.c.CharSequenceEncoder - [6fb9d42f] Writing "996. foo bar"
14:00:02.675 [http-nio-auto-5-exec-2] DEBUG o.s.c.c.CharSequenceEncoder - [6fb9d42f] Writing "997. foo bar"
14:00:02.675 [http-nio-auto-5-exec-2] DEBUG o.s.c.c.CharSequenceEncoder - [6fb9d42f] Writing "998. foo bar"
14:00:02.675 [http-nio-auto-5-exec-2] DEBUG o.s.c.c.CharSequenceEncoder - [6fb9d42f] Writing "999. foo bar"
14:00:02.675 [http-nio-auto-5-exec-2] ERROR o.s.w.s.a.HttpWebHandlerAdapter - [6fb9d42f] Error [java.lang.RuntimeException: Random error] for HTTP GET "/SPR-16051", but ServerHttpResponse already committed (200 OK)
14:00:02.694 [http-nio-auto-5-exec-2] DEBUG o.s.h.s.r.ServletHttpHandlerAdapter - [6fb9d42f] Error notification: javax.servlet.ServletException: Failed to create response content
14:00:02.706 [Test worker] DEBUG o.s.w.t.h.s.r.b.TomcatHttpServer - Stopping TomcatHttpServer...
14:00:02.723 [Test worker] DEBUG o.s.w.t.h.s.r.b.TomcatHttpServer - Server stopped (0 millis).
14:00:02.817 [Test worker] DEBUG o.s.w.r.r.m.a.RequestMappingHandlerMapping - 6 mappings in 'requestMappingHandlerMapping'
14:00:02.833 [Test worker] DEBUG o.s.w.r.r.m.a.ControllerMethodResolver - ControllerAdvice beans: none
14:00:02.869 [Test worker] DEBUG o.s.w.s.a.HttpWebHandlerAdapter - enableLoggingRequestDetails='false': form data and headers will be masked to prevent unsafe logging of potentially sensitive data
14:00:02.869 [Test worker] DEBUG o.s.w.t.h.s.r.b.UndertowHttpServer - Starting UndertowHttpServer...
14:00:02.869 [Test worker] INFO  i.undertow - starting server: Undertow - 2.0.30.Final
14:00:02.933 [Test worker] DEBUG o.s.w.t.h.s.r.b.UndertowHttpServer - Server started on port 42299(0 millis).
14:00:02.935 [Test worker] DEBUG o.s.w.c.RestTemplate - HTTP GET http://localhost:42299/SPR-16051
14:00:02.935 [Test worker] DEBUG o.s.w.c.RestTemplate - Accept=[text/plain, application/json, application/x-jackson-smile, application/*+json, */*]
14:00:02.945 [XNIO-5 I/O-4] DEBUG o.s.w.s.a.HttpWebHandlerAdapter - [da6d36c] HTTP GET "/SPR-16051"
14:00:02.946 [XNIO-5 I/O-4] DEBUG o.s.w.r.r.m.a.RequestMappingHandlerMapping - [da6d36c] Mapped to org.springframework.web.reactive.result.method.annotation.RequestMappingExceptionHandlingIntegrationTests$TestController#errors()
14:00:02.947 [XNIO-5 I/O-4] DEBUG o.s.w.r.r.m.a.ResponseBodyResultHandler - Using 'text/plain;charset=UTF-8' given [text/plain, application/json, application/x-jackson-smile, application/*+json, */*] and supported [text/plain;charset=UTF-8, text/event-stream, text/plain;charset=UTF-8, */*]
14:00:02.947 [XNIO-5 I/O-4] DEBUG o.s.w.r.r.m.a.ResponseBodyResultHandler - [da6d36c] 0..N [java.lang.String]
14:00:02.947 [XNIO-5 I/O-4] DEBUG o.s.c.c.CharSequenceEncoder - [da6d36c] Writing "1. foo bar"
14:00:02.963 [XNIO-5 I/O-4] DEBUG o.s.c.c.CharSequenceEncoder - [da6d36c] Writing "2. foo bar"
14:00:02.963 [XNIO-5 I/O-4] DEBUG o.s.c.c.CharSequenceEncoder - [da6d36c] Writing "3. foo bar"
14:00:02.963 [Test worker] DEBUG o.s.w.c.RestTemplate - Response 200 OK
14:00:02.963 [XNIO-5 I/O-4] DEBUG o.s.c.c.CharSequenceEncoder - [da6d36c] Writing "4. foo bar"
14:00:02.963 [XNIO-5 I/O-4] DEBUG o.s.c.c.CharSequenceEncoder - [da6d36c] Writing "5. foo bar"
14:00:02.963 [XNIO-5 I/O-4] DEBUG o.s.c.c.CharSequenceEncoder - [da6d36c] Writing "6. foo bar"
14:00:02.963 [XNIO-5 I/O-4] DEBUG o.s.c.c.CharSequenceEncoder - [da6d36c] Writing "7. foo bar"
14:00:02.963 [XNIO-5 I/O-4] DEBUG o.s.c.c.CharSequenceEncoder - [da6d36c] Writing "8. foo bar"
14:00:02.963 [Test worker] DEBUG o.s.w.c.RestTemplate - Reading to [java.lang.String] as "text/plain;charset=UTF-8"
14:00:02.963 [XNIO-5 I/O-4] DEBUG o.s.c.c.CharSequenceEncoder - [da6d36c] Writing "9. foo bar"
14:00:02.963 [XNIO-5 I/O-4] DEBUG o.s.c.c.CharSequenceEncoder - [da6d36c] Writing "10. foo bar"
14:00:02.963 [XNIO-5 I/O-4] DEBUG o.s.c.c.CharSequenceEncoder - [da6d36c] Writing "11. foo bar"
14:00:02.963 [XNIO-5 I/O-4] DEBUG o.s.c.c.CharSequenceEncoder - [da6d36c] Writing "12. foo bar"
14:00:02.963 [XNIO-5 I/O-4] DEBUG o.s.c.c.CharSequenceEncoder - [da6d36c] Writing "13. foo bar"
14:00:02.963 [XNIO-5 I/O-4] DEBUG o.s.c.c.CharSequenceEncoder - [da6d36c] Writing "14. foo bar"
14:00:02.963 [XNIO-5 I/O-4] DEBUG o.s.c.c.CharSequenceEncoder - [da6d36c] Writing "15. foo bar"
14:00:02.963 [XNIO-5 I/O-4] DEBUG o.s.c.c.CharSequenceEncoder - [da6d36c] Writing "16. foo bar"
14:00:02.963 [XNIO-5 I/O-4] DEBUG o.s.c.c.CharSequenceEncoder - [da6d36c] Writing "17. foo bar"
14:00:02.964 [XNIO-5 I/O-4] DEBUG o.s.c.c.CharSequenceEncoder - [da6d36c] Writing "18. foo bar"
14:00:02.964 [XNIO-5 I/O-4] DEBUG o.s.c.c.CharSequenceEncoder - [da6d36c] Writing "19. foo bar"
14:00:02.964 [XNIO-5 I/O-4] DEBUG o.s.c.c.CharSequenceEncoder - [da6d36c] Writing "20. foo bar"
14:00:02.964 [XNIO-5 I/O-4] DEBUG o.s.c.c.CharSequenceEncoder - [da6d36c] Writing "21. foo bar"
14:00:02.964 [XNIO-5 I/O-4] DEBUG o.s.c.c.CharSequenceEncoder - [da6d36c] Writing "22. foo bar"
14:00:02.964 [XNIO-5 I/O-4] DEBUG o.s.c.c.CharSequenceEncoder - [da6d36c] Writing "23. foo bar"
14:00:02.964 [XNIO-5 I/O-4] DEBUG o.s.c.c.CharSequenceEncoder - [da6d36c] Writing "24. foo bar"
14:00:02.964 [XNIO-5 I/O-4] DEBUG o.s.c.c.CharSequenceEncoder - [da6d36c] Writing "25. foo bar"
14:00:02.964 [XNIO-5 I/O-4] DEBUG o.s.c.c.CharSequenceEncoder - [da6d36c] Writing "26. foo bar"
14:00:02.964 [XNIO-5 I/O-4] DEBUG o.s.c.c.CharSequenceEncoder - [da6d36c] Writing "27. foo bar"
14:00:02.964 [XNIO-5 I/O-4] DEBUG o.s.c.c.CharSequenceEncoder - [da6d36c] Writing "28. foo bar"
14:00:02.964 [XNIO-5 I/O-4] DEBUG o.s.c.c.CharSequenceEncoder - [da6d36c] Writing "29. foo bar"
14:00:02.964 [XNIO-5 I/O-4] DEBUG o.s.c.c.CharSequenceEncoder - [da6d36c] Writing "30. foo bar"
14:00:02.977 [XNIO-5 I/O-4] DEBUG o.s.c.c.CharSequenceEncoder - [da6d36c] Writing "31. foo bar"
14:00:02.978 [XNIO-5 I/O-4] DEBUG o.s.c.c.CharSequenceEncoder - [da6d36c] Writing "32. foo bar"
14:00:02.978 [XNIO-5 I/O-4] DEBUG o.s.c.c.CharSequenceEncoder - [da6d36c] Writing "33. foo bar"
14:00:02.978 [XNIO-5 I/O-4] DEBUG o.s.c.c.CharSequenceEncoder - [da6d36c] Writing "34. foo bar"
14:00:02.978 [XNIO-5 I/O-4] DEBUG o.s.c.c.CharSequenceEncoder - [da6d36c] Writing "35. foo bar"
14:00:02.986 [XNIO-5 I/O-4] DEBUG o.s.c.c.CharSequenceEncoder - [da6d36c] Writing "36. foo bar"
14:00:02.987 [XNIO-5 I/O-4] DEBUG o.s.c.c.CharSequenceEncoder - [da6d36c] Writing "37. foo bar"
14:00:02.987 [XNIO-5 I/O-4] DEBUG o.s.c.c.CharSequenceEncoder - [da6d36c] Writing "38. foo bar"
14:00:02.988 [XNIO-5 I/O-4] DEBUG o.s.c.c.CharSequenceEncoder - [da6d36c] Writing "39. foo bar"
14:00:02.989 [XNIO-5 I/O-4] DEBUG o.s.c.c.CharSequenceEncoder - [da6d36c] Writing "40. foo bar"
14:00:02.990 [XNIO-5 I/O-4] DEBUG o.s.c.c.CharSequenceEncoder - [da6d36c] Writing "41. foo bar"
14:00:02.991 [XNIO-5 I/O-4] DEBUG o.s.c.c.CharSequenceEncoder - [da6d36c] Writing "42. foo bar"
14:00:02.991 [XNIO-5 I/O-4] DEBUG o.s.c.c.CharSequenceEncoder - [da6d36c] Writing "43. foo bar"
14:00:02.991 [XNIO-5 I/O-4] DEBUG o.s.c.c.CharSequenceEncoder - [da6d36c] Writing "44. foo bar"
14:00:02.991 [XNIO-5 I/O-4] DEBUG o.s.c.c.CharSequenceEncoder - [da6d36c] Writing "45. foo bar"
14:00:02.991 [XNIO-5 I/O-4] DEBUG o.s.c.c.CharSequenceEncoder - [da6d36c] Writing "46. foo bar"
14:00:02.992 [XNIO-5 I/O-4] DEBUG o.s.c.c.CharSequenceEncoder - [da6d36c] Writing "47. foo bar"
14:00:02.994 [XNIO-5 I/O-4] DEBUG o.s.c.c.CharSequenceEncoder - [da6d36c] Writing "48. foo bar"
14:00:02.994 [XNIO-5 I/O-4] DEBUG o.s.c.c.CharSequenceEncoder - [da6d36c] Writing "49. foo bar"
14:00:02.995 [XNIO-5 I/O-4] DEBUG o.s.c.c.CharSequenceEncoder - [da6d36c] Writing "50. foo bar"
14:00:02.995 [XNIO-5 I/O-4] DEBUG o.s.c.c.CharSequenceEncoder - [da6d36c] Writing "51. foo bar"
14:00:02.995 [XNIO-5 I/O-4] DEBUG o.s.c.c.CharSequenceEncoder - [da6d36c] Writing "52. foo bar"
14:00:02.995 [XNIO-5 I/O-4] DEBUG o.s.c.c.CharSequenceEncoder - [da6d36c] Writing "53. foo bar"
14:00:02.995 [XNIO-5 I/O-4] DEBUG o.s.c.c.CharSequenceEncoder - [da6d36c] Writing "54. foo bar"
14:00:02.995 [XNIO-5 I/O-4] DEBUG o.s.c.c.CharSequenceEncoder - [da6d36c] Writing "55. foo bar"
14:00:02.995 [XNIO-5 I/O-4] DEBUG o.s.c.c.CharSequenceEncoder - [da6d36c] Writing "56. foo bar"
14:00:02.995 [XNIO-5 I/O-4] DEBUG o.s.c.c.CharSequenceEncoder - [da6d36c] Writing "57. foo bar"
14:00:02.995 [XNIO-5 I/O-4] DEBUG o.s.c.c.CharSequenceEncoder - [da6d36c] Writing "58. foo bar"
14:00:02.995 [XNIO-5 I/O-4] DEBUG o.s.c.c.CharSequenceEncoder - [da6d36c] Writing "59. foo bar"
14:00:02.995 [XNIO-5 I/O-4] DEBUG o.s.c.c.CharSequenceEncoder - [da6d36c] Writing "60. foo bar"
14:00:02.996 [XNIO-5 I/O-4] DEBUG o.s.c.c.CharSequenceEncoder - [da6d36c] Writing "61. foo bar"
14:00:02.996 [XNIO-5 I/O-4] DEBUG o.s.c.c.CharSequenceEncoder - [da6d36c] Writing "62. foo bar"
14:00:02.996 [XNIO-5 I/O-4] DEBUG o.s.c.c.CharSequenceEncoder - [da6d36c] Writing "63. foo bar"
14:00:02.996 [XNIO-5 I/O-4] DEBUG o.s.c.c.CharSequenceEncoder - [da6d36c] Writing "64. foo bar"
14:00:02.996 [XNIO-5 I/O-4] DEBUG o.s.c.c.CharSequenceEncoder - [da6d36c] Writing "65. foo bar"
14:00:02.996 [XNIO-5 I/O-4] DEBUG o.s.c.c.CharSequenceEncoder - [da6d36c] Writing "66. foo bar"
14:00:02.997 [XNIO-5 I/O-4] DEBUG o.s.c.c.CharSequenceEncoder - [da6d36c] Writing "67. foo bar"
14:00:02.997 [XNIO-5 I/O-4] DEBUG o.s.c.c.CharSequenceEncoder - [da6d36c] Writing "68. foo bar"
14:00:02.998 [XNIO-5 I/O-4] DEBUG o.s.c.c.CharSequenceEncoder - [da6d36c] Writing "69. foo bar"
14:00:02.998 [XNIO-5 I/O-4] DEBUG o.s.c.c.CharSequenceEncoder - [da6d36c] Writing "70. foo bar"
14:00:02.998 [XNIO-5 I/O-4] DEBUG o.s.c.c.CharSequenceEncoder - [da6d36c] Writing "71. foo bar"
14:00:02.998 [XNIO-5 I/O-4] DEBUG o.s.c.c.CharSequenceEncoder - [da6d36c] Writing "72. foo bar"
14:00:02.998 [XNIO-5 I/O-4] DEBUG o.s.c.c.CharSequenceEncoder - [da6d36c] Writing "73. foo bar"
14:00:02.998 [XNIO-5 I/O-4] DEBUG o.s.c.c.CharSequenceEncoder - [da6d36c] Writing "74. foo bar"
14:00:02.998 [XNIO-5 I/O-4] DEBUG o.s.c.c.CharSequenceEncoder - [da6d36c] Writing "75. foo bar"
14:00:02.998 [XNIO-5 I/O-4] DEBUG o.s.c.c.CharSequenceEncoder - [da6d36c] Writing "76. foo bar"
14:00:02.998 [XNIO-5 I/O-4] DEBUG o.s.c.c.CharSequenceEncoder - [da6d36c] Writing "77. foo bar"
14:00:02.998 [XNIO-5 I/O-4] DEBUG o.s.c.c.CharSequenceEncoder - [da6d36c] Writing "78. foo bar"
14:00:02.999 [XNIO-5 I/O-4] DEBUG o.s.c.c.CharSequenceEncoder - [da6d36c] Writing "79. foo bar"
14:00:02.999 [XNIO-5 I/O-4] DEBUG o.s.c.c.CharSequenceEncoder - [da6d36c] Writing "80. foo bar"
14:00:03.001 [XNIO-5 I/O-4] DEBUG o.s.c.c.CharSequenceEncoder - [da6d36c] Writing "81. foo bar"
14:00:03.004 [XNIO-5 I/O-4] DEBUG o.s.c.c.CharSequenceEncoder - [da6d36c] Writing "82. foo bar"
14:00:03.004 [XNIO-5 I/O-4] DEBUG o.s.c.c.CharSequenceEncoder - [da6d36c] Writing "83. foo bar"
14:00:03.004 [XNIO-5 I/O-4] DEBUG o.s.c.c.CharSequenceEncoder - [da6d36c] Writing "84. foo bar"
14:00:03.004 [XNIO-5 I/O-4] DEBUG o.s.c.c.CharSequenceEncoder - [da6d36c] Writing "85. foo bar"
14:00:03.004 [XNIO-5 I/O-4] DEBUG o.s.c.c.CharSequenceEncoder - [da6d36c] Writing "86. foo bar"
14:00:03.004 [XNIO-5 I/O-4] DEBUG o.s.c.c.CharSequenceEncoder - [da6d36c] Writing "87. foo bar"
14:00:03.004 [XNIO-5 I/O-4] DEBUG o.s.c.c.CharSequenceEncoder - [da6d36c] Writing "88. foo bar"
14:00:03.005 [XNIO-5 I/O-4] DEBUG o.s.c.c.CharSequenceEncoder - [da6d36c] Writing "89. foo bar"
14:00:03.005 [XNIO-5 I/O-4] DEBUG o.s.c.c.CharSequenceEncoder - [da6d36c] Writing "90. foo bar"
14:00:03.005 [XNIO-5 I/O-4] DEBUG o.s.c.c.CharSequenceEncoder - [da6d36c] Writing "91. foo bar"
14:00:03.005 [XNIO-5 I/O-4] DEBUG o.s.c.c.CharSequenceEncoder - [da6d36c] Writing "92. foo bar"
14:00:03.009 [XNIO-5 I/O-4] DEBUG o.s.c.c.CharSequenceEncoder - [da6d36c] Writing "93. foo bar"
14:00:03.009 [XNIO-5 I/O-4] DEBUG o.s.c.c.CharSequenceEncoder - [da6d36c] Writing "94. foo bar"
14:00:03.009 [XNIO-5 I/O-4] DEBUG o.s.c.c.CharSequenceEncoder - [da6d36c] Writing "95. foo bar"
14:00:03.009 [XNIO-5 I/O-4] DEBUG o.s.c.c.CharSequenceEncoder - [da6d36c] Writing "96. foo bar"
14:00:03.009 [XNIO-5 I/O-4] DEBUG o.s.c.c.CharSequenceEncoder - [da6d36c] Writing "97. foo bar"
14:00:03.009 [XNIO-5 I/O-4] DEBUG o.s.c.c.CharSequenceEncoder - [da6d36c] Writing "98. foo bar"
14:00:03.009 [XNIO-5 I/O-4] DEBUG o.s.c.c.CharSequenceEncoder - [da6d36c] Writing "99. foo bar"
14:00:03.010 [XNIO-5 I/O-4] DEBUG o.s.c.c.CharSequenceEncoder - [da6d36c] Writing "100. foo bar"
14:00:03.010 [XNIO-5 I/O-4] DEBUG o.s.c.c.CharSequenceEncoder - [da6d36c] Writing "101. foo bar"
14:00:03.010 [XNIO-5 I/O-4] DEBUG o.s.c.c.CharSequenceEncoder - [da6d36c] Writing "102. foo bar"
14:00:03.010 [XNIO-5 I/O-4] DEBUG o.s.c.c.CharSequenceEncoder - [da6d36c] Writing "103. foo bar"
14:00:03.010 [XNIO-5 I/O-4] DEBUG o.s.c.c.CharSequenceEncoder - [da6d36c] Writing "104. foo bar"
14:00:03.010 [XNIO-5 I/O-4] DEBUG o.s.c.c.CharSequenceEncoder - [da6d36c] Writing "105. foo bar"
14:00:03.010 [XNIO-5 I/O-4] DEBUG o.s.c.c.CharSequenceEncoder - [da6d36c] Writing "106. foo bar"
14:00:03.010 [XNIO-5 I/O-4] DEBUG o.s.c.c.CharSequenceEncoder - [da6d36c] Writing "107. foo bar"
14:00:03.010 [XNIO-5 I/O-4] DEBUG o.s.c.c.CharSequenceEncoder - [da6d36c] Writing "108. foo bar"
14:00:03.011 [XNIO-5 I/O-4] DEBUG o.s.c.c.CharSequenceEncoder - [da6d36c] Writing "109. foo bar"
14:00:03.011 [XNIO-5 I/O-4] DEBUG o.s.c.c.CharSequenceEncoder - [da6d36c] Writing "110. foo bar"
14:00:03.011 [XNIO-5 I/O-4] DEBUG o.s.c.c.CharSequenceEncoder - [da6d36c] Writing "111. foo bar"
14:00:03.011 [XNIO-5 I/O-4] DEBUG o.s.c.c.CharSequenceEncoder - [da6d36c] Writing "112. foo bar"
14:00:03.011 [XNIO-5 I/O-4] DEBUG o.s.c.c.CharSequenceEncoder - [da6d36c] Writing "113. foo bar"
14:00:03.011 [XNIO-5 I/O-4] DEBUG o.s.c.c.CharSequenceEncoder - [da6d36c] Writing "114. foo bar"
14:00:03.011 [XNIO-5 I/O-4] DEBUG o.s.c.c.CharSequenceEncoder - [da6d36c] Writing "115. foo bar"
14:00:03.013 [XNIO-5 I/O-4] DEBUG o.s.c.c.CharSequenceEncoder - [da6d36c] Writing "116. foo bar"
14:00:03.013 [XNIO-5 I/O-4] DEBUG o.s.c.c.CharSequenceEncoder - [da6d36c] Writing "117. foo bar"
14:00:03.013 [XNIO-5 I/O-4] DEBUG o.s.c.c.CharSequenceEncoder - [da6d36c] Writing "118. foo bar"
14:00:03.013 [XNIO-5 I/O-4] DEBUG o.s.c.c.CharSequenceEncoder - [da6d36c] Writing "119. foo bar"
14:00:03.013 [XNIO-5 I/O-4] DEBUG o.s.c.c.CharSequenceEncoder - [da6d36c] Writing "120. foo bar"
14:00:03.014 [XNIO-5 I/O-4] DEBUG o.s.c.c.CharSequenceEncoder - [da6d36c] Writing "121. foo bar"
14:00:03.014 [XNIO-5 I/O-4] DEBUG o.s.c.c.CharSequenceEncoder - [da6d36c] Writing "122. foo bar"
14:00:03.014 [XNIO-5 I/O-4] DEBUG o.s.c.c.CharSequenceEncoder - [da6d36c] Writing "123. foo bar"
14:00:03.014 [XNIO-5 I/O-4] DEBUG o.s.c.c.CharSequenceEncoder - [da6d36c] Writing "124. foo bar"
14:00:03.014 [XNIO-5 I/O-4] DEBUG o.s.c.c.CharSequenceEncoder - [da6d36c] Writing "125. foo bar"
14:00:03.014 [XNIO-5 I/O-4] DEBUG o.s.c.c.CharSequenceEncoder - [da6d36c] Writing "126. foo bar"
14:00:03.015 [XNIO-5 I/O-4] DEBUG o.s.c.c.CharSequenceEncoder - [da6d36c] Writing "127. foo bar"
14:00:03.016 [XNIO-5 I/O-4] DEBUG o.s.c.c.CharSequenceEncoder - [da6d36c] Writing "128. foo bar"
14:00:03.016 [XNIO-5 I/O-4] DEBUG o.s.c.c.CharSequenceEncoder - [da6d36c] Writing "129. foo bar"
14:00:03.016 [XNIO-5 I/O-4] DEBUG o.s.c.c.CharSequenceEncoder - [da6d36c] Writing "130. foo bar"
14:00:03.016 [XNIO-5 I/O-4] DEBUG o.s.c.c.CharSequenceEncoder - [da6d36c] Writing "131. foo bar"
14:00:03.016 [XNIO-5 I/O-4] DEBUG o.s.c.c.CharSequenceEncoder - [da6d36c] Writing "132. foo bar"
14:00:03.016 [XNIO-5 I/O-4] DEBUG o.s.c.c.CharSequenceEncoder - [da6d36c] Writing "133. foo bar"
14:00:03.017 [XNIO-5 I/O-4] DEBUG o.s.c.c.CharSequenceEncoder - [da6d36c] Writing "134. foo bar"
14:00:03.017 [XNIO-5 I/O-4] DEBUG o.s.c.c.CharSequenceEncoder - [da6d36c] Writing "135. foo bar"
14:00:03.017 [XNIO-5 I/O-4] DEBUG o.s.c.c.CharSequenceEncoder - [da6d36c] Writing "136. foo bar"
14:00:03.017 [XNIO-5 I/O-4] DEBUG o.s.c.c.CharSequenceEncoder - [da6d36c] Writing "137. foo bar"
14:00:03.017 [XNIO-5 I/O-4] DEBUG o.s.c.c.CharSequenceEncoder - [da6d36c] Writing "138. foo bar"
14:00:03.017 [XNIO-5 I/O-4] DEBUG o.s.c.c.CharSequenceEncoder - [da6d36c] Writing "139. foo bar"
14:00:03.017 [XNIO-5 I/O-4] DEBUG o.s.c.c.CharSequenceEncoder - [da6d36c] Writing "140. foo bar"
14:00:03.017 [XNIO-5 I/O-4] DEBUG o.s.c.c.CharSequenceEncoder - [da6d36c] Writing "141. foo bar"
14:00:03.017 [XNIO-5 I/O-4] DEBUG o.s.c.c.CharSequenceEncoder - [da6d36c] Writing "142. foo bar"
14:00:03.017 [XNIO-5 I/O-4] DEBUG o.s.c.c.CharSequenceEncoder - [da6d36c] Writing "143. foo bar"
14:00:03.017 [XNIO-5 I/O-4] DEBUG o.s.c.c.CharSequenceEncoder - [da6d36c] Writing "144. foo bar"
14:00:03.018 [XNIO-5 I/O-4] DEBUG o.s.c.c.CharSequenceEncoder - [da6d36c] Writing "145. foo bar"
14:00:03.018 [XNIO-5 I/O-4] DEBUG o.s.c.c.CharSequenceEncoder - [da6d36c] Writing "146. foo bar"
14:00:03.018 [XNIO-5 I/O-4] DEBUG o.s.c.c.CharSequenceEncoder - [da6d36c] Writing "147. foo bar"
14:00:03.018 [XNIO-5 I/O-4] DEBUG o.s.c.c.CharSequenceEncoder - [da6d36c] Writing "148. foo bar"
14:00:03.018 [XNIO-5 I/O-4] DEBUG o.s.c.c.CharSequenceEncoder - [da6d36c] Writing "149. foo bar"
14:00:03.018 [XNIO-5 I/O-4] DEBUG o.s.c.c.CharSequenceEncoder - [da6d36c] Writing "150. foo bar"
14:00:03.018 [XNIO-5 I/O-4] DEBUG o.s.c.c.CharSequenceEncoder - [da6d36c] Writing "151. foo bar"
14:00:03.020 [XNIO-5 I/O-4] DEBUG o.s.c.c.CharSequenceEncoder - [da6d36c] Writing "152. foo bar"
14:00:03.020 [XNIO-5 I/O-4] DEBUG o.s.c.c.CharSequenceEncoder - [da6d36c] Writing "153. foo bar"
14:00:03.020 [XNIO-5 I/O-4] DEBUG o.s.c.c.CharSequenceEncoder - [da6d36c] Writing "154. foo bar"
14:00:03.020 [XNIO-5 I/O-4] DEBUG o.s.c.c.CharSequenceEncoder - [da6d36c] Writing "155. foo bar"
14:00:03.020 [XNIO-5 I/O-4] DEBUG o.s.c.c.CharSequenceEncoder - [da6d36c] Writing "156. foo bar"
14:00:03.020 [XNIO-5 I/O-4] DEBUG o.s.c.c.CharSequenceEncoder - [da6d36c] Writing "157. foo bar"
14:00:03.020 [XNIO-5 I/O-4] DEBUG o.s.c.c.CharSequenceEncoder - [da6d36c] Writing "158. foo bar"
14:00:03.021 [XNIO-5 I/O-4] DEBUG o.s.c.c.CharSequenceEncoder - [da6d36c] Writing "159. foo bar"
14:00:03.021 [XNIO-5 I/O-4] DEBUG o.s.c.c.CharSequenceEncoder - [da6d36c] Writing "160. foo bar"
14:00:03.021 [XNIO-5 I/O-4] DEBUG o.s.c.c.CharSequenceEncoder - [da6d36c] Writing "161. foo bar"
14:00:03.021 [XNIO-5 I/O-4] DEBUG o.s.c.c.CharSequenceEncoder - [da6d36c] Writing "162. foo bar"
14:00:03.021 [XNIO-5 I/O-4] DEBUG o.s.c.c.CharSequenceEncoder - [da6d36c] Writing "163. foo bar"
14:00:03.021 [XNIO-5 I/O-4] DEBUG o.s.c.c.CharSequenceEncoder - [da6d36c] Writing "164. foo bar"
14:00:03.021 [XNIO-5 I/O-4] DEBUG o.s.c.c.CharSequenceEncoder - [da6d36c] Writing "165. foo bar"
14:00:03.021 [XNIO-5 I/O-4] DEBUG o.s.c.c.CharSequenceEncoder - [da6d36c] Writing "166. foo bar"
14:00:03.021 [XNIO-5 I/O-4] DEBUG o.s.c.c.CharSequenceEncoder - [da6d36c] Writing "167. foo bar"
14:00:03.021 [XNIO-5 I/O-4] DEBUG o.s.c.c.CharSequenceEncoder - [da6d36c] Writing "168. foo bar"
14:00:03.021 [XNIO-5 I/O-4] DEBUG o.s.c.c.CharSequenceEncoder - [da6d36c] Writing "169. foo bar"
14:00:03.022 [XNIO-5 I/O-4] DEBUG o.s.c.c.CharSequenceEncoder - [da6d36c] Writing "170. foo bar"
14:00:03.022 [XNIO-5 I/O-4] DEBUG o.s.c.c.CharSequenceEncoder - [da6d36c] Writing "171. foo bar"
14:00:03.022 [XNIO-5 I/O-4] DEBUG o.s.c.c.CharSequenceEncoder - [da6d36c] Writing "172. foo bar"
14:00:03.022 [XNIO-5 I/O-4] DEBUG o.s.c.c.CharSequenceEncoder - [da6d36c] Writing "173. foo bar"
14:00:03.022 [XNIO-5 I/O-4] DEBUG o.s.c.c.CharSequenceEncoder - [da6d36c] Writing "174. foo bar"
14:00:03.022 [XNIO-5 I/O-4] DEBUG o.s.c.c.CharSequenceEncoder - [da6d36c] Writing "175. foo bar"
14:00:03.022 [XNIO-5 I/O-4] DEBUG o.s.c.c.CharSequenceEncoder - [da6d36c] Writing "176. foo bar"
14:00:03.022 [XNIO-5 I/O-4] DEBUG o.s.c.c.CharSequenceEncoder - [da6d36c] Writing "177. foo bar"
14:00:03.022 [XNIO-5 I/O-4] DEBUG o.s.c.c.CharSequenceEncoder - [da6d36c] Writing "178. foo bar"
14:00:03.022 [XNIO-5 I/O-4] DEBUG o.s.c.c.CharSequenceEncoder - [da6d36c] Writing "179. foo bar"
14:00:03.022 [XNIO-5 I/O-4] DEBUG o.s.c.c.CharSequenceEncoder - [da6d36c] Writing "180. foo bar"
14:00:03.024 [XNIO-5 I/O-4] DEBUG o.s.c.c.CharSequenceEncoder - [da6d36c] Writing "181. foo bar"
14:00:03.024 [XNIO-5 I/O-4] DEBUG o.s.c.c.CharSequenceEncoder - [da6d36c] Writing "182. foo bar"
14:00:03.024 [XNIO-5 I/O-4] DEBUG o.s.c.c.CharSequenceEncoder - [da6d36c] Writing "183. foo bar"
14:00:03.024 [XNIO-5 I/O-4] DEBUG o.s.c.c.CharSequenceEncoder - [da6d36c] Writing "184. foo bar"
14:00:03.024 [XNIO-5 I/O-4] DEBUG o.s.c.c.CharSequenceEncoder - [da6d36c] Writing "185. foo bar"
14:00:03.024 [XNIO-5 I/O-4] DEBUG o.s.c.c.CharSequenceEncoder - [da6d36c] Writing "186. foo bar"
14:00:03.024 [XNIO-5 I/O-4] DEBUG o.s.c.c.CharSequenceEncoder - [da6d36c] Writing "187. foo bar"
14:00:03.025 [XNIO-5 I/O-4] DEBUG o.s.c.c.CharSequenceEncoder - [da6d36c] Writing "188. foo bar"
14:00:03.025 [XNIO-5 I/O-4] DEBUG o.s.c.c.CharSequenceEncoder - [da6d36c] Writing "189. foo bar"
14:00:03.025 [XNIO-5 I/O-4] DEBUG o.s.c.c.CharSequenceEncoder - [da6d36c] Writing "190. foo bar"
14:00:03.025 [XNIO-5 I/O-4] DEBUG o.s.c.c.CharSequenceEncoder - [da6d36c] Writing "191. foo bar"
14:00:03.025 [XNIO-5 I/O-4] DEBUG o.s.c.c.CharSequenceEncoder - [da6d36c] Writing "192. foo bar"
14:00:03.025 [XNIO-5 I/O-4] DEBUG o.s.c.c.CharSequenceEncoder - [da6d36c] Writing "193. foo bar"
14:00:03.025 [XNIO-5 I/O-4] DEBUG o.s.c.c.CharSequenceEncoder - [da6d36c] Writing "194. foo bar"
14:00:03.026 [XNIO-5 I/O-4] DEBUG o.s.c.c.CharSequenceEncoder - [da6d36c] Writing "195. foo bar"
14:00:03.026 [XNIO-5 I/O-4] DEBUG o.s.c.c.CharSequenceEncoder - [da6d36c] Writing "196. foo bar"
14:00:03.026 [XNIO-5 I/O-4] DEBUG o.s.c.c.CharSequenceEncoder - [da6d36c] Writing "197. foo bar"
14:00:03.026 [XNIO-5 I/O-4] DEBUG o.s.c.c.CharSequenceEncoder - [da6d36c] Writing "198. foo bar"
14:00:03.026 [XNIO-5 I/O-4] DEBUG o.s.c.c.CharSequenceEncoder - [da6d36c] Writing "199. foo bar"
14:00:03.033 [XNIO-5 I/O-4] DEBUG o.s.c.c.CharSequenceEncoder - [da6d36c] Writing "200. foo bar"
14:00:03.034 [XNIO-5 I/O-4] DEBUG o.s.c.c.CharSequenceEncoder - [da6d36c] Writing "201. foo bar"
14:00:03.034 [XNIO-5 I/O-4] DEBUG o.s.c.c.CharSequenceEncoder - [da6d36c] Writing "202. foo bar"
14:00:03.034 [XNIO-5 I/O-4] DEBUG o.s.c.c.CharSequenceEncoder - [da6d36c] Writing "203. foo bar"
14:00:03.034 [XNIO-5 I/O-4] DEBUG o.s.c.c.CharSequenceEncoder - [da6d36c] Writing "204. foo bar"
14:00:03.034 [XNIO-5 I/O-4] DEBUG o.s.c.c.CharSequenceEncoder - [da6d36c] Writing "205. foo bar"
14:00:03.034 [XNIO-5 I/O-4] DEBUG o.s.c.c.CharSequenceEncoder - [da6d36c] Writing "206. foo bar"
14:00:03.034 [XNIO-5 I/O-4] DEBUG o.s.c.c.CharSequenceEncoder - [da6d36c] Writing "207. foo bar"
14:00:03.036 [XNIO-5 I/O-4] DEBUG o.s.c.c.CharSequenceEncoder - [da6d36c] Writing "208. foo bar"
14:00:03.037 [XNIO-5 I/O-4] DEBUG o.s.c.c.CharSequenceEncoder - [da6d36c] Writing "209. foo bar"
14:00:03.037 [XNIO-5 I/O-4] DEBUG o.s.c.c.CharSequenceEncoder - [da6d36c] Writing "210. foo bar"
14:00:03.037 [XNIO-5 I/O-4] DEBUG o.s.c.c.CharSequenceEncoder - [da6d36c] Writing "211. foo bar"
14:00:03.037 [XNIO-5 I/O-4] DEBUG o.s.c.c.CharSequenceEncoder - [da6d36c] Writing "212. foo bar"
14:00:03.037 [XNIO-5 I/O-4] DEBUG o.s.c.c.CharSequenceEncoder - [da6d36c] Writing "213. foo bar"
14:00:03.037 [XNIO-5 I/O-4] DEBUG o.s.c.c.CharSequenceEncoder - [da6d36c] Writing "214. foo bar"
14:00:03.037 [XNIO-5 I/O-4] DEBUG o.s.c.c.CharSequenceEncoder - [da6d36c] Writing "215. foo bar"
14:00:03.037 [XNIO-5 I/O-4] DEBUG o.s.c.c.CharSequenceEncoder - [da6d36c] Writing "216. foo bar"
14:00:03.037 [XNIO-5 I/O-4] DEBUG o.s.c.c.CharSequenceEncoder - [da6d36c] Writing "217. foo bar"
14:00:03.037 [XNIO-5 I/O-4] DEBUG o.s.c.c.CharSequenceEncoder - [da6d36c] Writing "218. foo bar"
14:00:03.038 [XNIO-5 I/O-4] DEBUG o.s.c.c.CharSequenceEncoder - [da6d36c] Writing "219. foo bar"
14:00:03.038 [XNIO-5 I/O-4] DEBUG o.s.c.c.CharSequenceEncoder - [da6d36c] Writing "220. foo bar"
14:00:03.038 [XNIO-5 I/O-4] DEBUG o.s.c.c.CharSequenceEncoder - [da6d36c] Writing "221. foo bar"
14:00:03.038 [XNIO-5 I/O-4] DEBUG o.s.c.c.CharSequenceEncoder - [da6d36c] Writing "222. foo bar"
14:00:03.038 [XNIO-5 I/O-4] DEBUG o.s.c.c.CharSequenceEncoder - [da6d36c] Writing "223. foo bar"
14:00:03.038 [XNIO-5 I/O-4] DEBUG o.s.c.c.CharSequenceEncoder - [da6d36c] Writing "224. foo bar"
14:00:03.038 [XNIO-5 I/O-4] DEBUG o.s.c.c.CharSequenceEncoder - [da6d36c] Writing "225. foo bar"
14:00:03.038 [XNIO-5 I/O-4] DEBUG o.s.c.c.CharSequenceEncoder - [da6d36c] Writing "226. foo bar"
14:00:03.038 [XNIO-5 I/O-4] DEBUG o.s.c.c.CharSequenceEncoder - [da6d36c] Writing "227. foo bar"
14:00:03.038 [XNIO-5 I/O-4] DEBUG o.s.c.c.CharSequenceEncoder - [da6d36c] Writing "228. foo bar"
14:00:03.038 [XNIO-5 I/O-4] DEBUG o.s.c.c.CharSequenceEncoder - [da6d36c] Writing "229. foo bar"
14:00:03.039 [XNIO-5 I/O-4] DEBUG o.s.c.c.CharSequenceEncoder - [da6d36c] Writing "230. foo bar"
14:00:03.039 [XNIO-5 I/O-4] DEBUG o.s.c.c.CharSequenceEncoder - [da6d36c] Writing "231. foo bar"
14:00:03.039 [XNIO-5 I/O-4] DEBUG o.s.c.c.CharSequenceEncoder - [da6d36c] Writing "232. foo bar"
14:00:03.039 [XNIO-5 I/O-4] DEBUG o.s.c.c.CharSequenceEncoder - [da6d36c] Writing "233. foo bar"
14:00:03.039 [XNIO-5 I/O-4] DEBUG o.s.c.c.CharSequenceEncoder - [da6d36c] Writing "234. foo bar"
14:00:03.039 [XNIO-5 I/O-4] DEBUG o.s.c.c.CharSequenceEncoder - [da6d36c] Writing "235. foo bar"
14:00:03.039 [XNIO-5 I/O-4] DEBUG o.s.c.c.CharSequenceEncoder - [da6d36c] Writing "236. foo bar"
14:00:03.040 [XNIO-5 I/O-4] DEBUG o.s.c.c.CharSequenceEncoder - [da6d36c] Writing "237. foo bar"
14:00:03.040 [XNIO-5 I/O-4] DEBUG o.s.c.c.CharSequenceEncoder - [da6d36c] Writing "238. foo bar"
14:00:03.040 [XNIO-5 I/O-4] DEBUG o.s.c.c.CharSequenceEncoder - [da6d36c] Writing "239. foo bar"
14:00:03.040 [XNIO-5 I/O-4] DEBUG o.s.c.c.CharSequenceEncoder - [da6d36c] Writing "240. foo bar"
14:00:03.040 [XNIO-5 I/O-4] DEBUG o.s.c.c.CharSequenceEncoder - [da6d36c] Writing "241. foo bar"
14:00:03.040 [XNIO-5 I/O-4] DEBUG o.s.c.c.CharSequenceEncoder - [da6d36c] Writing "242. foo bar"
14:00:03.040 [XNIO-5 I/O-4] DEBUG o.s.c.c.CharSequenceEncoder - [da6d36c] Writing "243. foo bar"
14:00:03.041 [XNIO-5 I/O-4] DEBUG o.s.c.c.CharSequenceEncoder - [da6d36c] Writing "244. foo bar"
14:00:03.043 [XNIO-5 I/O-4] DEBUG o.s.c.c.CharSequenceEncoder - [da6d36c] Writing "245. foo bar"
14:00:03.043 [XNIO-5 I/O-4] DEBUG o.s.c.c.CharSequenceEncoder - [da6d36c] Writing "246. foo bar"
14:00:03.043 [XNIO-5 I/O-4] DEBUG o.s.c.c.CharSequenceEncoder - [da6d36c] Writing "247. foo bar"
14:00:03.043 [XNIO-5 I/O-4] DEBUG o.s.c.c.CharSequenceEncoder - [da6d36c] Writing "248. foo bar"
14:00:03.043 [XNIO-5 I/O-4] DEBUG o.s.c.c.CharSequenceEncoder - [da6d36c] Writing "249. foo bar"
14:00:03.044 [XNIO-5 I/O-4] DEBUG o.s.c.c.CharSequenceEncoder - [da6d36c] Writing "250. foo bar"
14:00:03.044 [XNIO-5 I/O-4] DEBUG o.s.c.c.CharSequenceEncoder - [da6d36c] Writing "251. foo bar"
14:00:03.044 [XNIO-5 I/O-4] DEBUG o.s.c.c.CharSequenceEncoder - [da6d36c] Writing "252. foo bar"
14:00:03.046 [XNIO-5 I/O-4] DEBUG o.s.c.c.CharSequenceEncoder - [da6d36c] Writing "253. foo bar"
14:00:03.046 [XNIO-5 I/O-4] DEBUG o.s.c.c.CharSequenceEncoder - [da6d36c] Writing "254. foo bar"
14:00:03.046 [XNIO-5 I/O-4] DEBUG o.s.c.c.CharSequenceEncoder - [da6d36c] Writing "255. foo bar"
14:00:03.046 [XNIO-5 I/O-4] DEBUG o.s.c.c.CharSequenceEncoder - [da6d36c] Writing "256. foo bar"
14:00:03.048 [XNIO-5 I/O-4] DEBUG o.s.c.c.CharSequenceEncoder - [da6d36c] Writing "257. foo bar"
14:00:03.048 [XNIO-5 I/O-4] DEBUG o.s.c.c.CharSequenceEncoder - [da6d36c] Writing "258. foo bar"
14:00:03.048 [XNIO-5 I/O-4] DEBUG o.s.c.c.CharSequenceEncoder - [da6d36c] Writing "259. foo bar"
14:00:03.048 [XNIO-5 I/O-4] DEBUG o.s.c.c.CharSequenceEncoder - [da6d36c] Writing "260. foo bar"
14:00:03.049 [XNIO-5 I/O-4] DEBUG o.s.c.c.CharSequenceEncoder - [da6d36c] Writing "261. foo bar"
14:00:03.049 [XNIO-5 I/O-4] DEBUG o.s.c.c.CharSequenceEncoder - [da6d36c] Writing "262. foo bar"
14:00:03.049 [XNIO-5 I/O-4] DEBUG o.s.c.c.CharSequenceEncoder - [da6d36c] Writing "263. foo bar"
14:00:03.049 [XNIO-5 I/O-4] DEBUG o.s.c.c.CharSequenceEncoder - [da6d36c] Writing "264. foo bar"
14:00:03.049 [XNIO-5 I/O-4] DEBUG o.s.c.c.CharSequenceEncoder - [da6d36c] Writing "265. foo bar"
14:00:03.049 [XNIO-5 I/O-4] DEBUG o.s.c.c.CharSequenceEncoder - [da6d36c] Writing "266. foo bar"
14:00:03.049 [XNIO-5 I/O-4] DEBUG o.s.c.c.CharSequenceEncoder - [da6d36c] Writing "267. foo bar"
14:00:03.049 [XNIO-5 I/O-4] DEBUG o.s.c.c.CharSequenceEncoder - [da6d36c] Writing "268. foo bar"
14:00:03.049 [XNIO-5 I/O-4] DEBUG o.s.c.c.CharSequenceEncoder - [da6d36c] Writing "269. foo bar"
14:00:03.049 [XNIO-5 I/O-4] DEBUG o.s.c.c.CharSequenceEncoder - [da6d36c] Writing "270. foo bar"
14:00:03.049 [XNIO-5 I/O-4] DEBUG o.s.c.c.CharSequenceEncoder - [da6d36c] Writing "271. foo bar"
14:00:03.050 [XNIO-5 I/O-4] DEBUG o.s.c.c.CharSequenceEncoder - [da6d36c] Writing "272. foo bar"
14:00:03.050 [XNIO-5 I/O-4] DEBUG o.s.c.c.CharSequenceEncoder - [da6d36c] Writing "273. foo bar"
14:00:03.050 [XNIO-5 I/O-4] DEBUG o.s.c.c.CharSequenceEncoder - [da6d36c] Writing "274. foo bar"
14:00:03.050 [XNIO-5 I/O-4] DEBUG o.s.c.c.CharSequenceEncoder - [da6d36c] Writing "275. foo bar"
14:00:03.050 [XNIO-5 I/O-4] DEBUG o.s.c.c.CharSequenceEncoder - [da6d36c] Writing "276. foo bar"
14:00:03.050 [XNIO-5 I/O-4] DEBUG o.s.c.c.CharSequenceEncoder - [da6d36c] Writing "277. foo bar"
14:00:03.050 [XNIO-5 I/O-4] DEBUG o.s.c.c.CharSequenceEncoder - [da6d36c] Writing "278. foo bar"
14:00:03.050 [XNIO-5 I/O-4] DEBUG o.s.c.c.CharSequenceEncoder - [da6d36c] Writing "279. foo bar"
14:00:03.050 [XNIO-5 I/O-4] DEBUG o.s.c.c.CharSequenceEncoder - [da6d36c] Writing "280. foo bar"
14:00:03.050 [XNIO-5 I/O-4] DEBUG o.s.c.c.CharSequenceEncoder - [da6d36c] Writing "281. foo bar"
14:00:03.050 [XNIO-5 I/O-4] DEBUG o.s.c.c.CharSequenceEncoder - [da6d36c] Writing "282. foo bar"
14:00:03.050 [XNIO-5 I/O-4] DEBUG o.s.c.c.CharSequenceEncoder - [da6d36c] Writing "283. foo bar"
14:00:03.051 [XNIO-5 I/O-4] DEBUG o.s.c.c.CharSequenceEncoder - [da6d36c] Writing "284. foo bar"
14:00:03.051 [XNIO-5 I/O-4] DEBUG o.s.c.c.CharSequenceEncoder - [da6d36c] Writing "285. foo bar"
14:00:03.051 [XNIO-5 I/O-4] DEBUG o.s.c.c.CharSequenceEncoder - [da6d36c] Writing "286. foo bar"
14:00:03.051 [XNIO-5 I/O-4] DEBUG o.s.c.c.CharSequenceEncoder - [da6d36c] Writing "287. foo bar"
14:00:03.051 [XNIO-5 I/O-4] DEBUG o.s.c.c.CharSequenceEncoder - [da6d36c] Writing "288. foo bar"
14:00:03.051 [XNIO-5 I/O-4] DEBUG o.s.c.c.CharSequenceEncoder - [da6d36c] Writing "289. foo bar"
14:00:03.051 [XNIO-5 I/O-4] DEBUG o.s.c.c.CharSequenceEncoder - [da6d36c] Writing "290. foo bar"
14:00:03.051 [XNIO-5 I/O-4] DEBUG o.s.c.c.CharSequenceEncoder - [da6d36c] Writing "291. foo bar"
14:00:03.051 [XNIO-5 I/O-4] DEBUG o.s.c.c.CharSequenceEncoder - [da6d36c] Writing "292. foo bar"
14:00:03.051 [XNIO-5 I/O-4] DEBUG o.s.c.c.CharSequenceEncoder - [da6d36c] Writing "293. foo bar"
14:00:03.051 [XNIO-5 I/O-4] DEBUG o.s.c.c.CharSequenceEncoder - [da6d36c] Writing "294. foo bar"
14:00:03.052 [XNIO-5 I/O-4] DEBUG o.s.c.c.CharSequenceEncoder - [da6d36c] Writing "295. foo bar"
14:00:03.052 [XNIO-5 I/O-4] DEBUG o.s.c.c.CharSequenceEncoder - [da6d36c] Writing "296. foo bar"
14:00:03.052 [XNIO-5 I/O-4] DEBUG o.s.c.c.CharSequenceEncoder - [da6d36c] Writing "297. foo bar"
14:00:03.052 [XNIO-5 I/O-4] DEBUG o.s.c.c.CharSequenceEncoder - [da6d36c] Writing "298. foo bar"
14:00:03.052 [XNIO-5 I/O-4] DEBUG o.s.c.c.CharSequenceEncoder - [da6d36c] Writing "299. foo bar"
14:00:03.052 [XNIO-5 I/O-4] DEBUG o.s.c.c.CharSequenceEncoder - [da6d36c] Writing "300. foo bar"
14:00:03.052 [XNIO-5 I/O-4] DEBUG o.s.c.c.CharSequenceEncoder - [da6d36c] Writing "301. foo bar"
14:00:03.052 [XNIO-5 I/O-4] DEBUG o.s.c.c.CharSequenceEncoder - [da6d36c] Writing "302. foo bar"
14:00:03.052 [XNIO-5 I/O-4] DEBUG o.s.c.c.CharSequenceEncoder - [da6d36c] Writing "303. foo bar"
14:00:03.052 [XNIO-5 I/O-4] DEBUG o.s.c.c.CharSequenceEncoder - [da6d36c] Writing "304. foo bar"
14:00:03.052 [XNIO-5 I/O-4] DEBUG o.s.c.c.CharSequenceEncoder - [da6d36c] Writing "305. foo bar"
14:00:03.052 [XNIO-5 I/O-4] DEBUG o.s.c.c.CharSequenceEncoder - [da6d36c] Writing "306. foo bar"
14:00:03.052 [XNIO-5 I/O-4] DEBUG o.s.c.c.CharSequenceEncoder - [da6d36c] Writing "307. foo bar"
14:00:03.053 [XNIO-5 I/O-4] DEBUG o.s.c.c.CharSequenceEncoder - [da6d36c] Writing "308. foo bar"
14:00:03.053 [XNIO-5 I/O-4] DEBUG o.s.c.c.CharSequenceEncoder - [da6d36c] Writing "309. foo bar"
14:00:03.053 [XNIO-5 I/O-4] DEBUG o.s.c.c.CharSequenceEncoder - [da6d36c] Writing "310. foo bar"
14:00:03.053 [XNIO-5 I/O-4] DEBUG o.s.c.c.CharSequenceEncoder - [da6d36c] Writing "311. foo bar"
14:00:03.053 [XNIO-5 I/O-4] DEBUG o.s.c.c.CharSequenceEncoder - [da6d36c] Writing "312. foo bar"
14:00:03.053 [XNIO-5 I/O-4] DEBUG o.s.c.c.CharSequenceEncoder - [da6d36c] Writing "313. foo bar"
14:00:03.053 [XNIO-5 I/O-4] DEBUG o.s.c.c.CharSequenceEncoder - [da6d36c] Writing "314. foo bar"
14:00:03.053 [XNIO-5 I/O-4] DEBUG o.s.c.c.CharSequenceEncoder - [da6d36c] Writing "315. foo bar"
14:00:03.053 [XNIO-5 I/O-4] DEBUG o.s.c.c.CharSequenceEncoder - [da6d36c] Writing "316. foo bar"
14:00:03.053 [XNIO-5 I/O-4] DEBUG o.s.c.c.CharSequenceEncoder - [da6d36c] Writing "317. foo bar"
14:00:03.053 [XNIO-5 I/O-4] DEBUG o.s.c.c.CharSequenceEncoder - [da6d36c] Writing "318. foo bar"
14:00:03.054 [XNIO-5 I/O-4] DEBUG o.s.c.c.CharSequenceEncoder - [da6d36c] Writing "319. foo bar"
14:00:03.054 [XNIO-5 I/O-4] DEBUG o.s.c.c.CharSequenceEncoder - [da6d36c] Writing "320. foo bar"
14:00:03.054 [XNIO-5 I/O-4] DEBUG o.s.c.c.CharSequenceEncoder - [da6d36c] Writing "321. foo bar"
14:00:03.054 [XNIO-5 I/O-4] DEBUG o.s.c.c.CharSequenceEncoder - [da6d36c] Writing "322. foo bar"
14:00:03.054 [XNIO-5 I/O-4] DEBUG o.s.c.c.CharSequenceEncoder - [da6d36c] Writing "323. foo bar"
14:00:03.054 [XNIO-5 I/O-4] DEBUG o.s.c.c.CharSequenceEncoder - [da6d36c] Writing "324. foo bar"
14:00:03.054 [XNIO-5 I/O-4] DEBUG o.s.c.c.CharSequenceEncoder - [da6d36c] Writing "325. foo bar"
14:00:03.054 [XNIO-5 I/O-4] DEBUG o.s.c.c.CharSequenceEncoder - [da6d36c] Writing "326. foo bar"
14:00:03.054 [XNIO-5 I/O-4] DEBUG o.s.c.c.CharSequenceEncoder - [da6d36c] Writing "327. foo bar"
14:00:03.054 [XNIO-5 I/O-4] DEBUG o.s.c.c.CharSequenceEncoder - [da6d36c] Writing "328. foo bar"
14:00:03.054 [XNIO-5 I/O-4] DEBUG o.s.c.c.CharSequenceEncoder - [da6d36c] Writing "329. foo bar"
14:00:03.055 [XNIO-5 I/O-4] DEBUG o.s.c.c.CharSequenceEncoder - [da6d36c] Writing "330. foo bar"
14:00:03.055 [XNIO-5 I/O-4] DEBUG o.s.c.c.CharSequenceEncoder - [da6d36c] Writing "331. foo bar"
14:00:03.055 [XNIO-5 I/O-4] DEBUG o.s.c.c.CharSequenceEncoder - [da6d36c] Writing "332. foo bar"
14:00:03.055 [XNIO-5 I/O-4] DEBUG o.s.c.c.CharSequenceEncoder - [da6d36c] Writing "333. foo bar"
14:00:03.055 [XNIO-5 I/O-4] DEBUG o.s.c.c.CharSequenceEncoder - [da6d36c] Writing "334. foo bar"
14:00:03.055 [XNIO-5 I/O-4] DEBUG o.s.c.c.CharSequenceEncoder - [da6d36c] Writing "335. foo bar"
14:00:03.055 [XNIO-5 I/O-4] DEBUG o.s.c.c.CharSequenceEncoder - [da6d36c] Writing "336. foo bar"
14:00:03.055 [XNIO-5 I/O-4] DEBUG o.s.c.c.CharSequenceEncoder - [da6d36c] Writing "337. foo bar"
14:00:03.055 [XNIO-5 I/O-4] DEBUG o.s.c.c.CharSequenceEncoder - [da6d36c] Writing "338. foo bar"
14:00:03.057 [XNIO-5 I/O-4] DEBUG o.s.c.c.CharSequenceEncoder - [da6d36c] Writing "339. foo bar"
14:00:03.057 [XNIO-5 I/O-4] DEBUG o.s.c.c.CharSequenceEncoder - [da6d36c] Writing "340. foo bar"
14:00:03.058 [XNIO-5 I/O-4] DEBUG o.s.c.c.CharSequenceEncoder - [da6d36c] Writing "341. foo bar"
14:00:03.058 [XNIO-5 I/O-4] DEBUG o.s.c.c.CharSequenceEncoder - [da6d36c] Writing "342. foo bar"
14:00:03.058 [XNIO-5 I/O-4] DEBUG o.s.c.c.CharSequenceEncoder - [da6d36c] Writing "343. foo bar"
14:00:03.058 [XNIO-5 I/O-4] DEBUG o.s.c.c.CharSequenceEncoder - [da6d36c] Writing "344. foo bar"
14:00:03.058 [XNIO-5 I/O-4] DEBUG o.s.c.c.CharSequenceEncoder - [da6d36c] Writing "345. foo bar"
14:00:03.058 [XNIO-5 I/O-4] DEBUG o.s.c.c.CharSequenceEncoder - [da6d36c] Writing "346. foo bar"
14:00:03.058 [XNIO-5 I/O-4] DEBUG o.s.c.c.CharSequenceEncoder - [da6d36c] Writing "347. foo bar"
14:00:03.058 [XNIO-5 I/O-4] DEBUG o.s.c.c.CharSequenceEncoder - [da6d36c] Writing "348. foo bar"
14:00:03.058 [XNIO-5 I/O-4] DEBUG o.s.c.c.CharSequenceEncoder - [da6d36c] Writing "349. foo bar"
14:00:03.058 [XNIO-5 I/O-4] DEBUG o.s.c.c.CharSequenceEncoder - [da6d36c] Writing "350. foo bar"
14:00:03.058 [XNIO-5 I/O-4] DEBUG o.s.c.c.CharSequenceEncoder - [da6d36c] Writing "351. foo bar"
14:00:03.058 [XNIO-5 I/O-4] DEBUG o.s.c.c.CharSequenceEncoder - [da6d36c] Writing "352. foo bar"
14:00:03.059 [XNIO-5 I/O-4] DEBUG o.s.c.c.CharSequenceEncoder - [da6d36c] Writing "353. foo bar"
14:00:03.059 [XNIO-5 I/O-4] DEBUG o.s.c.c.CharSequenceEncoder - [da6d36c] Writing "354. foo bar"
14:00:03.059 [XNIO-5 I/O-4] DEBUG o.s.c.c.CharSequenceEncoder - [da6d36c] Writing "355. foo bar"
14:00:03.060 [XNIO-5 I/O-4] DEBUG o.s.c.c.CharSequenceEncoder - [da6d36c] Writing "356. foo bar"
14:00:03.060 [XNIO-5 I/O-4] DEBUG o.s.c.c.CharSequenceEncoder - [da6d36c] Writing "357. foo bar"
14:00:03.060 [XNIO-5 I/O-4] DEBUG o.s.c.c.CharSequenceEncoder - [da6d36c] Writing "358. foo bar"
14:00:03.060 [XNIO-5 I/O-4] DEBUG o.s.c.c.CharSequenceEncoder - [da6d36c] Writing "359. foo bar"
14:00:03.060 [XNIO-5 I/O-4] DEBUG o.s.c.c.CharSequenceEncoder - [da6d36c] Writing "360. foo bar"
14:00:03.060 [XNIO-5 I/O-4] DEBUG o.s.c.c.CharSequenceEncoder - [da6d36c] Writing "361. foo bar"
14:00:03.060 [XNIO-5 I/O-4] DEBUG o.s.c.c.CharSequenceEncoder - [da6d36c] Writing "362. foo bar"
14:00:03.060 [XNIO-5 I/O-4] DEBUG o.s.c.c.CharSequenceEncoder - [da6d36c] Writing "363. foo bar"
14:00:03.060 [XNIO-5 I/O-4] DEBUG o.s.c.c.CharSequenceEncoder - [da6d36c] Writing "364. foo bar"
14:00:03.060 [XNIO-5 I/O-4] DEBUG o.s.c.c.CharSequenceEncoder - [da6d36c] Writing "365. foo bar"
14:00:03.060 [XNIO-5 I/O-4] DEBUG o.s.c.c.CharSequenceEncoder - [da6d36c] Writing "366. foo bar"
14:00:03.061 [XNIO-5 I/O-4] DEBUG o.s.c.c.CharSequenceEncoder - [da6d36c] Writing "367. foo bar"
14:00:03.061 [XNIO-5 I/O-4] DEBUG o.s.c.c.CharSequenceEncoder - [da6d36c] Writing "368. foo bar"
14:00:03.061 [XNIO-5 I/O-4] DEBUG o.s.c.c.CharSequenceEncoder - [da6d36c] Writing "369. foo bar"
14:00:03.061 [XNIO-5 I/O-4] DEBUG o.s.c.c.CharSequenceEncoder - [da6d36c] Writing "370. foo bar"
14:00:03.062 [XNIO-5 I/O-4] DEBUG o.s.c.c.CharSequenceEncoder - [da6d36c] Writing "371. foo bar"
14:00:03.062 [XNIO-5 I/O-4] DEBUG o.s.c.c.CharSequenceEncoder - [da6d36c] Writing "372. foo bar"
14:00:03.063 [XNIO-5 I/O-4] DEBUG o.s.c.c.CharSequenceEncoder - [da6d36c] Writing "373. foo bar"
14:00:03.063 [XNIO-5 I/O-4] DEBUG o.s.c.c.CharSequenceEncoder - [da6d36c] Writing "374. foo bar"
14:00:03.064 [XNIO-5 I/O-4] DEBUG o.s.c.c.CharSequenceEncoder - [da6d36c] Writing "375. foo bar"
14:00:03.064 [XNIO-5 I/O-4] DEBUG o.s.c.c.CharSequenceEncoder - [da6d36c] Writing "376. foo bar"
14:00:03.064 [XNIO-5 I/O-4] DEBUG o.s.c.c.CharSequenceEncoder - [da6d36c] Writing "377. foo bar"
14:00:03.064 [XNIO-5 I/O-4] DEBUG o.s.c.c.CharSequenceEncoder - [da6d36c] Writing "378. foo bar"
14:00:03.064 [XNIO-5 I/O-4] DEBUG o.s.c.c.CharSequenceEncoder - [da6d36c] Writing "379. foo bar"
14:00:03.066 [XNIO-5 I/O-4] DEBUG o.s.c.c.CharSequenceEncoder - [da6d36c] Writing "380. foo bar"
14:00:03.066 [XNIO-5 I/O-4] DEBUG o.s.c.c.CharSequenceEncoder - [da6d36c] Writing "381. foo bar"
14:00:03.067 [XNIO-5 I/O-4] DEBUG o.s.c.c.CharSequenceEncoder - [da6d36c] Writing "382. foo bar"
14:00:03.067 [XNIO-5 I/O-4] DEBUG o.s.c.c.CharSequenceEncoder - [da6d36c] Writing "383. foo bar"
14:00:03.069 [XNIO-5 I/O-4] DEBUG o.s.c.c.CharSequenceEncoder - [da6d36c] Writing "384. foo bar"
14:00:03.069 [XNIO-5 I/O-4] DEBUG o.s.c.c.CharSequenceEncoder - [da6d36c] Writing "385. foo bar"
14:00:03.069 [XNIO-5 I/O-4] DEBUG o.s.c.c.CharSequenceEncoder - [da6d36c] Writing "386. foo bar"
14:00:03.070 [XNIO-5 I/O-4] DEBUG o.s.c.c.CharSequenceEncoder - [da6d36c] Writing "387. foo bar"
14:00:03.070 [XNIO-5 I/O-4] DEBUG o.s.c.c.CharSequenceEncoder - [da6d36c] Writing "388. foo bar"
14:00:03.070 [XNIO-5 I/O-4] DEBUG o.s.c.c.CharSequenceEncoder - [da6d36c] Writing "389. foo bar"
14:00:03.070 [XNIO-5 I/O-4] DEBUG o.s.c.c.CharSequenceEncoder - [da6d36c] Writing "390. foo bar"
14:00:03.071 [XNIO-5 I/O-4] DEBUG o.s.c.c.CharSequenceEncoder - [da6d36c] Writing "391. foo bar"
14:00:03.071 [XNIO-5 I/O-4] DEBUG o.s.c.c.CharSequenceEncoder - [da6d36c] Writing "392. foo bar"
14:00:03.071 [XNIO-5 I/O-4] DEBUG o.s.c.c.CharSequenceEncoder - [da6d36c] Writing "393. foo bar"
14:00:03.071 [XNIO-5 I/O-4] DEBUG o.s.c.c.CharSequenceEncoder - [da6d36c] Writing "394. foo bar"
14:00:03.071 [XNIO-5 I/O-4] DEBUG o.s.c.c.CharSequenceEncoder - [da6d36c] Writing "395. foo bar"
14:00:03.071 [XNIO-5 I/O-4] DEBUG o.s.c.c.CharSequenceEncoder - [da6d36c] Writing "396. foo bar"
14:00:03.071 [XNIO-5 I/O-4] DEBUG o.s.c.c.CharSequenceEncoder - [da6d36c] Writing "397. foo bar"
14:00:03.071 [XNIO-5 I/O-4] DEBUG o.s.c.c.CharSequenceEncoder - [da6d36c] Writing "398. foo bar"
14:00:03.071 [XNIO-5 I/O-4] DEBUG o.s.c.c.CharSequenceEncoder - [da6d36c] Writing "399. foo bar"
14:00:03.071 [XNIO-5 I/O-4] DEBUG o.s.c.c.CharSequenceEncoder - [da6d36c] Writing "400. foo bar"
14:00:03.071 [XNIO-5 I/O-4] DEBUG o.s.c.c.CharSequenceEncoder - [da6d36c] Writing "401. foo bar"
14:00:03.071 [XNIO-5 I/O-4] DEBUG o.s.c.c.CharSequenceEncoder - [da6d36c] Writing "402. foo bar"
14:00:03.072 [XNIO-5 I/O-4] DEBUG o.s.c.c.CharSequenceEncoder - [da6d36c] Writing "403. foo bar"
14:00:03.073 [XNIO-5 I/O-4] DEBUG o.s.c.c.CharSequenceEncoder - [da6d36c] Writing "404. foo bar"
14:00:03.073 [XNIO-5 I/O-4] DEBUG o.s.c.c.CharSequenceEncoder - [da6d36c] Writing "405. foo bar"
14:00:03.073 [XNIO-5 I/O-4] DEBUG o.s.c.c.CharSequenceEncoder - [da6d36c] Writing "406. foo bar"
14:00:03.074 [XNIO-5 I/O-4] DEBUG o.s.c.c.CharSequenceEncoder - [da6d36c] Writing "407. foo bar"
14:00:03.074 [XNIO-5 I/O-4] DEBUG o.s.c.c.CharSequenceEncoder - [da6d36c] Writing "408. foo bar"
14:00:03.074 [XNIO-5 I/O-4] DEBUG o.s.c.c.CharSequenceEncoder - [da6d36c] Writing "409. foo bar"
14:00:03.074 [XNIO-5 I/O-4] DEBUG o.s.c.c.CharSequenceEncoder - [da6d36c] Writing "410. foo bar"
14:00:03.074 [XNIO-5 I/O-4] DEBUG o.s.c.c.CharSequenceEncoder - [da6d36c] Writing "411. foo bar"
14:00:03.074 [XNIO-5 I/O-4] DEBUG o.s.c.c.CharSequenceEncoder - [da6d36c] Writing "412. foo bar"
14:00:03.074 [XNIO-5 I/O-4] DEBUG o.s.c.c.CharSequenceEncoder - [da6d36c] Writing "413. foo bar"
14:00:03.074 [XNIO-5 I/O-4] DEBUG o.s.c.c.CharSequenceEncoder - [da6d36c] Writing "414. foo bar"
14:00:03.074 [XNIO-5 I/O-4] DEBUG o.s.c.c.CharSequenceEncoder - [da6d36c] Writing "415. foo bar"
14:00:03.074 [XNIO-5 I/O-4] DEBUG o.s.c.c.CharSequenceEncoder - [da6d36c] Writing "416. foo bar"
14:00:03.074 [XNIO-5 I/O-4] DEBUG o.s.c.c.CharSequenceEncoder - [da6d36c] Writing "417. foo bar"
14:00:03.074 [XNIO-5 I/O-4] DEBUG o.s.c.c.CharSequenceEncoder - [da6d36c] Writing "418. foo bar"
14:00:03.075 [XNIO-5 I/O-4] DEBUG o.s.c.c.CharSequenceEncoder - [da6d36c] Writing "419. foo bar"
14:00:03.075 [XNIO-5 I/O-4] DEBUG o.s.c.c.CharSequenceEncoder - [da6d36c] Writing "420. foo bar"
14:00:03.075 [XNIO-5 I/O-4] DEBUG o.s.c.c.CharSequenceEncoder - [da6d36c] Writing "421. foo bar"
14:00:03.075 [XNIO-5 I/O-4] DEBUG o.s.c.c.CharSequenceEncoder - [da6d36c] Writing "422. foo bar"
14:00:03.075 [XNIO-5 I/O-4] DEBUG o.s.c.c.CharSequenceEncoder - [da6d36c] Writing "423. foo bar"
14:00:03.075 [XNIO-5 I/O-4] DEBUG o.s.c.c.CharSequenceEncoder - [da6d36c] Writing "424. foo bar"
14:00:03.075 [XNIO-5 I/O-4] DEBUG o.s.c.c.CharSequenceEncoder - [da6d36c] Writing "425. foo bar"
14:00:03.075 [XNIO-5 I/O-4] DEBUG o.s.c.c.CharSequenceEncoder - [da6d36c] Writing "426. foo bar"
14:00:03.075 [XNIO-5 I/O-4] DEBUG o.s.c.c.CharSequenceEncoder - [da6d36c] Writing "427. foo bar"
14:00:03.075 [XNIO-5 I/O-4] DEBUG o.s.c.c.CharSequenceEncoder - [da6d36c] Writing "428. foo bar"
14:00:03.075 [XNIO-5 I/O-4] DEBUG o.s.c.c.CharSequenceEncoder - [da6d36c] Writing "429. foo bar"
14:00:03.075 [XNIO-5 I/O-4] DEBUG o.s.c.c.CharSequenceEncoder - [da6d36c] Writing "430. foo bar"
14:00:03.076 [XNIO-5 I/O-4] DEBUG o.s.c.c.CharSequenceEncoder - [da6d36c] Writing "431. foo bar"
14:00:03.078 [XNIO-5 I/O-4] DEBUG o.s.c.c.CharSequenceEncoder - [da6d36c] Writing "432. foo bar"
14:00:03.078 [XNIO-5 I/O-4] DEBUG o.s.c.c.CharSequenceEncoder - [da6d36c] Writing "433. foo bar"
14:00:03.078 [XNIO-5 I/O-4] DEBUG o.s.c.c.CharSequenceEncoder - [da6d36c] Writing "434. foo bar"
14:00:03.078 [XNIO-5 I/O-4] DEBUG o.s.c.c.CharSequenceEncoder - [da6d36c] Writing "435. foo bar"
14:00:03.078 [XNIO-5 I/O-4] DEBUG o.s.c.c.CharSequenceEncoder - [da6d36c] Writing "436. foo bar"
14:00:03.078 [XNIO-5 I/O-4] DEBUG o.s.c.c.CharSequenceEncoder - [da6d36c] Writing "437. foo bar"
14:00:03.078 [XNIO-5 I/O-4] DEBUG o.s.c.c.CharSequenceEncoder - [da6d36c] Writing "438. foo bar"
14:00:03.078 [XNIO-5 I/O-4] DEBUG o.s.c.c.CharSequenceEncoder - [da6d36c] Writing "439. foo bar"
14:00:03.078 [XNIO-5 I/O-4] DEBUG o.s.c.c.CharSequenceEncoder - [da6d36c] Writing "440. foo bar"
14:00:03.078 [XNIO-5 I/O-4] DEBUG o.s.c.c.CharSequenceEncoder - [da6d36c] Writing "441. foo bar"
14:00:03.079 [XNIO-5 I/O-4] DEBUG o.s.c.c.CharSequenceEncoder - [da6d36c] Writing "442. foo bar"
14:00:03.079 [XNIO-5 I/O-4] DEBUG o.s.c.c.CharSequenceEncoder - [da6d36c] Writing "443. foo bar"
14:00:03.079 [XNIO-5 I/O-4] DEBUG o.s.c.c.CharSequenceEncoder - [da6d36c] Writing "444. foo bar"
14:00:03.079 [XNIO-5 I/O-4] DEBUG o.s.c.c.CharSequenceEncoder - [da6d36c] Writing "445. foo bar"
14:00:03.079 [XNIO-5 I/O-4] DEBUG o.s.c.c.CharSequenceEncoder - [da6d36c] Writing "446. foo bar"
14:00:03.079 [XNIO-5 I/O-4] DEBUG o.s.c.c.CharSequenceEncoder - [da6d36c] Writing "447. foo bar"
14:00:03.079 [XNIO-5 I/O-4] DEBUG o.s.c.c.CharSequenceEncoder - [da6d36c] Writing "448. foo bar"
14:00:03.079 [XNIO-5 I/O-4] DEBUG o.s.c.c.CharSequenceEncoder - [da6d36c] Writing "449. foo bar"
14:00:03.079 [XNIO-5 I/O-4] DEBUG o.s.c.c.CharSequenceEncoder - [da6d36c] Writing "450. foo bar"
14:00:03.079 [XNIO-5 I/O-4] DEBUG o.s.c.c.CharSequenceEncoder - [da6d36c] Writing "451. foo bar"
14:00:03.079 [XNIO-5 I/O-4] DEBUG o.s.c.c.CharSequenceEncoder - [da6d36c] Writing "452. foo bar"
14:00:03.079 [XNIO-5 I/O-4] DEBUG o.s.c.c.CharSequenceEncoder - [da6d36c] Writing "453. foo bar"
14:00:03.080 [XNIO-5 I/O-4] DEBUG o.s.c.c.CharSequenceEncoder - [da6d36c] Writing "454. foo bar"
14:00:03.080 [XNIO-5 I/O-4] DEBUG o.s.c.c.CharSequenceEncoder - [da6d36c] Writing "455. foo bar"
14:00:03.080 [XNIO-5 I/O-4] DEBUG o.s.c.c.CharSequenceEncoder - [da6d36c] Writing "456. foo bar"
14:00:03.080 [XNIO-5 I/O-4] DEBUG o.s.c.c.CharSequenceEncoder - [da6d36c] Writing "457. foo bar"
14:00:03.080 [XNIO-5 I/O-4] DEBUG o.s.c.c.CharSequenceEncoder - [da6d36c] Writing "458. foo bar"
14:00:03.080 [XNIO-5 I/O-4] DEBUG o.s.c.c.CharSequenceEncoder - [da6d36c] Writing "459. foo bar"
14:00:03.080 [XNIO-5 I/O-4] DEBUG o.s.c.c.CharSequenceEncoder - [da6d36c] Writing "460. foo bar"
14:00:03.080 [XNIO-5 I/O-4] DEBUG o.s.c.c.CharSequenceEncoder - [da6d36c] Writing "461. foo bar"
14:00:03.080 [XNIO-5 I/O-4] DEBUG o.s.c.c.CharSequenceEncoder - [da6d36c] Writing "462. foo bar"
14:00:03.080 [XNIO-5 I/O-4] DEBUG o.s.c.c.CharSequenceEncoder - [da6d36c] Writing "463. foo bar"
14:00:03.080 [XNIO-5 I/O-4] DEBUG o.s.c.c.CharSequenceEncoder - [da6d36c] Writing "464. foo bar"
14:00:03.080 [XNIO-5 I/O-4] DEBUG o.s.c.c.CharSequenceEncoder - [da6d36c] Writing "465. foo bar"
14:00:03.081 [XNIO-5 I/O-4] DEBUG o.s.c.c.CharSequenceEncoder - [da6d36c] Writing "466. foo bar"
14:00:03.081 [XNIO-5 I/O-4] DEBUG o.s.c.c.CharSequenceEncoder - [da6d36c] Writing "467. foo bar"
14:00:03.081 [XNIO-5 I/O-4] DEBUG o.s.c.c.CharSequenceEncoder - [da6d36c] Writing "468. foo bar"
14:00:03.081 [XNIO-5 I/O-4] DEBUG o.s.c.c.CharSequenceEncoder - [da6d36c] Writing "469. foo bar"
14:00:03.081 [XNIO-5 I/O-4] DEBUG o.s.c.c.CharSequenceEncoder - [da6d36c] Writing "470. foo bar"
14:00:03.081 [XNIO-5 I/O-4] DEBUG o.s.c.c.CharSequenceEncoder - [da6d36c] Writing "471. foo bar"
14:00:03.081 [XNIO-5 I/O-4] DEBUG o.s.c.c.CharSequenceEncoder - [da6d36c] Writing "472. foo bar"
14:00:03.081 [XNIO-5 I/O-4] DEBUG o.s.c.c.CharSequenceEncoder - [da6d36c] Writing "473. foo bar"
14:00:03.082 [XNIO-5 I/O-4] DEBUG o.s.c.c.CharSequenceEncoder - [da6d36c] Writing "474. foo bar"
14:00:03.082 [XNIO-5 I/O-4] DEBUG o.s.c.c.CharSequenceEncoder - [da6d36c] Writing "475. foo bar"
14:00:03.082 [XNIO-5 I/O-4] DEBUG o.s.c.c.CharSequenceEncoder - [da6d36c] Writing "476. foo bar"
14:00:03.082 [XNIO-5 I/O-4] DEBUG o.s.c.c.CharSequenceEncoder - [da6d36c] Writing "477. foo bar"
14:00:03.082 [XNIO-5 I/O-4] DEBUG o.s.c.c.CharSequenceEncoder - [da6d36c] Writing "478. foo bar"
14:00:03.082 [XNIO-5 I/O-4] DEBUG o.s.c.c.CharSequenceEncoder - [da6d36c] Writing "479. foo bar"
14:00:03.082 [XNIO-5 I/O-4] DEBUG o.s.c.c.CharSequenceEncoder - [da6d36c] Writing "480. foo bar"
14:00:03.084 [XNIO-5 I/O-4] DEBUG o.s.c.c.CharSequenceEncoder - [da6d36c] Writing "481. foo bar"
14:00:03.084 [XNIO-5 I/O-4] DEBUG o.s.c.c.CharSequenceEncoder - [da6d36c] Writing "482. foo bar"
14:00:03.084 [XNIO-5 I/O-4] DEBUG o.s.c.c.CharSequenceEncoder - [da6d36c] Writing "483. foo bar"
14:00:03.084 [XNIO-5 I/O-4] DEBUG o.s.c.c.CharSequenceEncoder - [da6d36c] Writing "484. foo bar"
14:00:03.084 [XNIO-5 I/O-4] DEBUG o.s.c.c.CharSequenceEncoder - [da6d36c] Writing "485. foo bar"
14:00:03.085 [XNIO-5 I/O-4] DEBUG o.s.c.c.CharSequenceEncoder - [da6d36c] Writing "486. foo bar"
14:00:03.085 [XNIO-5 I/O-4] DEBUG o.s.c.c.CharSequenceEncoder - [da6d36c] Writing "487. foo bar"
14:00:03.085 [XNIO-5 I/O-4] DEBUG o.s.c.c.CharSequenceEncoder - [da6d36c] Writing "488. foo bar"
14:00:03.085 [XNIO-5 I/O-4] DEBUG o.s.c.c.CharSequenceEncoder - [da6d36c] Writing "489. foo bar"
14:00:03.085 [XNIO-5 I/O-4] DEBUG o.s.c.c.CharSequenceEncoder - [da6d36c] Writing "490. foo bar"
14:00:03.085 [XNIO-5 I/O-4] DEBUG o.s.c.c.CharSequenceEncoder - [da6d36c] Writing "491. foo bar"
14:00:03.085 [XNIO-5 I/O-4] DEBUG o.s.c.c.CharSequenceEncoder - [da6d36c] Writing "492. foo bar"
14:00:03.085 [XNIO-5 I/O-4] DEBUG o.s.c.c.CharSequenceEncoder - [da6d36c] Writing "493. foo bar"
14:00:03.085 [XNIO-5 I/O-4] DEBUG o.s.c.c.CharSequenceEncoder - [da6d36c] Writing "494. foo bar"
14:00:03.085 [XNIO-5 I/O-4] DEBUG o.s.c.c.CharSequenceEncoder - [da6d36c] Writing "495. foo bar"
14:00:03.085 [XNIO-5 I/O-4] DEBUG o.s.c.c.CharSequenceEncoder - [da6d36c] Writing "496. foo bar"
14:00:03.085 [XNIO-5 I/O-4] DEBUG o.s.c.c.CharSequenceEncoder - [da6d36c] Writing "497. foo bar"
14:00:03.086 [XNIO-5 I/O-4] DEBUG o.s.c.c.CharSequenceEncoder - [da6d36c] Writing "498. foo bar"
14:00:03.086 [XNIO-5 I/O-4] DEBUG o.s.c.c.CharSequenceEncoder - [da6d36c] Writing "499. foo bar"
14:00:03.086 [XNIO-5 I/O-4] DEBUG o.s.c.c.CharSequenceEncoder - [da6d36c] Writing "500. foo bar"
14:00:03.086 [XNIO-5 I/O-4] DEBUG o.s.c.c.CharSequenceEncoder - [da6d36c] Writing "501. foo bar"
14:00:03.086 [XNIO-5 I/O-4] DEBUG o.s.c.c.CharSequenceEncoder - [da6d36c] Writing "502. foo bar"
14:00:03.086 [XNIO-5 I/O-4] DEBUG o.s.c.c.CharSequenceEncoder - [da6d36c] Writing "503. foo bar"
14:00:03.086 [XNIO-5 I/O-4] DEBUG o.s.c.c.CharSequenceEncoder - [da6d36c] Writing "504. foo bar"
14:00:03.086 [XNIO-5 I/O-4] DEBUG o.s.c.c.CharSequenceEncoder - [da6d36c] Writing "505. foo bar"
14:00:03.086 [XNIO-5 I/O-4] DEBUG o.s.c.c.CharSequenceEncoder - [da6d36c] Writing "506. foo bar"
14:00:03.086 [XNIO-5 I/O-4] DEBUG o.s.c.c.CharSequenceEncoder - [da6d36c] Writing "507. foo bar"
14:00:03.087 [XNIO-5 I/O-4] DEBUG o.s.c.c.CharSequenceEncoder - [da6d36c] Writing "508. foo bar"
14:00:03.087 [XNIO-5 I/O-4] DEBUG o.s.c.c.CharSequenceEncoder - [da6d36c] Writing "509. foo bar"
14:00:03.087 [XNIO-5 I/O-4] DEBUG o.s.c.c.CharSequenceEncoder - [da6d36c] Writing "510. foo bar"
14:00:03.087 [XNIO-5 I/O-4] DEBUG o.s.c.c.CharSequenceEncoder - [da6d36c] Writing "511. foo bar"
14:00:03.087 [XNIO-5 I/O-4] DEBUG o.s.c.c.CharSequenceEncoder - [da6d36c] Writing "512. foo bar"
14:00:03.087 [XNIO-5 I/O-4] DEBUG o.s.c.c.CharSequenceEncoder - [da6d36c] Writing "513. foo bar"
14:00:03.087 [XNIO-5 I/O-4] DEBUG o.s.c.c.CharSequenceEncoder - [da6d36c] Writing "514. foo bar"
14:00:03.087 [XNIO-5 I/O-4] DEBUG o.s.c.c.CharSequenceEncoder - [da6d36c] Writing "515. foo bar"
14:00:03.087 [XNIO-5 I/O-4] DEBUG o.s.c.c.CharSequenceEncoder - [da6d36c] Writing "516. foo bar"
14:00:03.088 [XNIO-5 I/O-4] DEBUG o.s.c.c.CharSequenceEncoder - [da6d36c] Writing "517. foo bar"
14:00:03.088 [XNIO-5 I/O-4] DEBUG o.s.c.c.CharSequenceEncoder - [da6d36c] Writing "518. foo bar"
14:00:03.090 [XNIO-5 I/O-4] DEBUG o.s.c.c.CharSequenceEncoder - [da6d36c] Writing "519. foo bar"
14:00:03.090 [XNIO-5 I/O-4] DEBUG o.s.c.c.CharSequenceEncoder - [da6d36c] Writing "520. foo bar"
14:00:03.090 [XNIO-5 I/O-4] DEBUG o.s.c.c.CharSequenceEncoder - [da6d36c] Writing "521. foo bar"
14:00:03.090 [XNIO-5 I/O-4] DEBUG o.s.c.c.CharSequenceEncoder - [da6d36c] Writing "522. foo bar"
14:00:03.090 [XNIO-5 I/O-4] DEBUG o.s.c.c.CharSequenceEncoder - [da6d36c] Writing "523. foo bar"
14:00:03.090 [XNIO-5 I/O-4] DEBUG o.s.c.c.CharSequenceEncoder - [da6d36c] Writing "524. foo bar"
14:00:03.090 [XNIO-5 I/O-4] DEBUG o.s.c.c.CharSequenceEncoder - [da6d36c] Writing "525. foo bar"
14:00:03.090 [XNIO-5 I/O-4] DEBUG o.s.c.c.CharSequenceEncoder - [da6d36c] Writing "526. foo bar"
14:00:03.090 [XNIO-5 I/O-4] DEBUG o.s.c.c.CharSequenceEncoder - [da6d36c] Writing "527. foo bar"
14:00:03.090 [XNIO-5 I/O-4] DEBUG o.s.c.c.CharSequenceEncoder - [da6d36c] Writing "528. foo bar"
14:00:03.091 [XNIO-5 I/O-4] DEBUG o.s.c.c.CharSequenceEncoder - [da6d36c] Writing "529. foo bar"
14:00:03.091 [XNIO-5 I/O-4] DEBUG o.s.c.c.CharSequenceEncoder - [da6d36c] Writing "530. foo bar"
14:00:03.091 [XNIO-5 I/O-4] DEBUG o.s.c.c.CharSequenceEncoder - [da6d36c] Writing "531. foo bar"
14:00:03.091 [XNIO-5 I/O-4] DEBUG o.s.c.c.CharSequenceEncoder - [da6d36c] Writing "532. foo bar"
14:00:03.091 [XNIO-5 I/O-4] DEBUG o.s.c.c.CharSequenceEncoder - [da6d36c] Writing "533. foo bar"
14:00:03.091 [XNIO-5 I/O-4] DEBUG o.s.c.c.CharSequenceEncoder - [da6d36c] Writing "534. foo bar"
14:00:03.091 [XNIO-5 I/O-4] DEBUG o.s.c.c.CharSequenceEncoder - [da6d36c] Writing "535. foo bar"
14:00:03.091 [XNIO-5 I/O-4] DEBUG o.s.c.c.CharSequenceEncoder - [da6d36c] Writing "536. foo bar"
14:00:03.091 [XNIO-5 I/O-4] DEBUG o.s.c.c.CharSequenceEncoder - [da6d36c] Writing "537. foo bar"
14:00:03.091 [XNIO-5 I/O-4] DEBUG o.s.c.c.CharSequenceEncoder - [da6d36c] Writing "538. foo bar"
14:00:03.091 [XNIO-5 I/O-4] DEBUG o.s.c.c.CharSequenceEncoder - [da6d36c] Writing "539. foo bar"
14:00:03.091 [XNIO-5 I/O-4] DEBUG o.s.c.c.CharSequenceEncoder - [da6d36c] Writing "540. foo bar"
14:00:03.091 [XNIO-5 I/O-4] DEBUG o.s.c.c.CharSequenceEncoder - [da6d36c] Writing "541. foo bar"
14:00:03.092 [XNIO-5 I/O-4] DEBUG o.s.c.c.CharSequenceEncoder - [da6d36c] Writing "542. foo bar"
14:00:03.092 [XNIO-5 I/O-4] DEBUG o.s.c.c.CharSequenceEncoder - [da6d36c] Writing "543. foo bar"
14:00:03.094 [XNIO-5 I/O-4] DEBUG o.s.c.c.CharSequenceEncoder - [da6d36c] Writing "544. foo bar"
14:00:03.094 [XNIO-5 I/O-4] DEBUG o.s.c.c.CharSequenceEncoder - [da6d36c] Writing "545. foo bar"
14:00:03.094 [XNIO-5 I/O-4] DEBUG o.s.c.c.CharSequenceEncoder - [da6d36c] Writing "546. foo bar"
14:00:03.094 [XNIO-5 I/O-4] DEBUG o.s.c.c.CharSequenceEncoder - [da6d36c] Writing "547. foo bar"
14:00:03.094 [XNIO-5 I/O-4] DEBUG o.s.c.c.CharSequenceEncoder - [da6d36c] Writing "548. foo bar"
14:00:03.095 [XNIO-5 I/O-4] DEBUG o.s.c.c.CharSequenceEncoder - [da6d36c] Writing "549. foo bar"
14:00:03.095 [XNIO-5 I/O-4] DEBUG o.s.c.c.CharSequenceEncoder - [da6d36c] Writing "550. foo bar"
14:00:03.095 [XNIO-5 I/O-4] DEBUG o.s.c.c.CharSequenceEncoder - [da6d36c] Writing "551. foo bar"
14:00:03.095 [XNIO-5 I/O-4] DEBUG o.s.c.c.CharSequenceEncoder - [da6d36c] Writing "552. foo bar"
14:00:03.095 [XNIO-5 I/O-4] DEBUG o.s.c.c.CharSequenceEncoder - [da6d36c] Writing "553. foo bar"
14:00:03.095 [XNIO-5 I/O-4] DEBUG o.s.c.c.CharSequenceEncoder - [da6d36c] Writing "554. foo bar"
14:00:03.095 [XNIO-5 I/O-4] DEBUG o.s.c.c.CharSequenceEncoder - [da6d36c] Writing "555. foo bar"
14:00:03.095 [XNIO-5 I/O-4] DEBUG o.s.c.c.CharSequenceEncoder - [da6d36c] Writing "556. foo bar"
14:00:03.095 [XNIO-5 I/O-4] DEBUG o.s.c.c.CharSequenceEncoder - [da6d36c] Writing "557. foo bar"
14:00:03.095 [XNIO-5 I/O-4] DEBUG o.s.c.c.CharSequenceEncoder - [da6d36c] Writing "558. foo bar"
14:00:03.095 [XNIO-5 I/O-4] DEBUG o.s.c.c.CharSequenceEncoder - [da6d36c] Writing "559. foo bar"
14:00:03.095 [XNIO-5 I/O-4] DEBUG o.s.c.c.CharSequenceEncoder - [da6d36c] Writing "560. foo bar"
14:00:03.096 [XNIO-5 I/O-4] DEBUG o.s.c.c.CharSequenceEncoder - [da6d36c] Writing "561. foo bar"
14:00:03.096 [XNIO-5 I/O-4] DEBUG o.s.c.c.CharSequenceEncoder - [da6d36c] Writing "562. foo bar"
14:00:03.096 [XNIO-5 I/O-4] DEBUG o.s.c.c.CharSequenceEncoder - [da6d36c] Writing "563. foo bar"
14:00:03.096 [XNIO-5 I/O-4] DEBUG o.s.c.c.CharSequenceEncoder - [da6d36c] Writing "564. foo bar"
14:00:03.096 [XNIO-5 I/O-4] DEBUG o.s.c.c.CharSequenceEncoder - [da6d36c] Writing "565. foo bar"
14:00:03.096 [XNIO-5 I/O-4] DEBUG o.s.c.c.CharSequenceEncoder - [da6d36c] Writing "566. foo bar"
14:00:03.096 [XNIO-5 I/O-4] DEBUG o.s.c.c.CharSequenceEncoder - [da6d36c] Writing "567. foo bar"
14:00:03.096 [XNIO-5 I/O-4] DEBUG o.s.c.c.CharSequenceEncoder - [da6d36c] Writing "568. foo bar"
14:00:03.096 [XNIO-5 I/O-4] DEBUG o.s.c.c.CharSequenceEncoder - [da6d36c] Writing "569. foo bar"
14:00:03.096 [XNIO-5 I/O-4] DEBUG o.s.c.c.CharSequenceEncoder - [da6d36c] Writing "570. foo bar"
14:00:03.096 [XNIO-5 I/O-4] DEBUG o.s.c.c.CharSequenceEncoder - [da6d36c] Writing "571. foo bar"
14:00:03.096 [XNIO-5 I/O-4] DEBUG o.s.c.c.CharSequenceEncoder - [da6d36c] Writing "572. foo bar"
14:00:03.096 [XNIO-5 I/O-4] DEBUG o.s.c.c.CharSequenceEncoder - [da6d36c] Writing "573. foo bar"
14:00:03.097 [XNIO-5 I/O-4] DEBUG o.s.c.c.CharSequenceEncoder - [da6d36c] Writing "574. foo bar"
14:00:03.097 [XNIO-5 I/O-4] DEBUG o.s.c.c.CharSequenceEncoder - [da6d36c] Writing "575. foo bar"
14:00:03.097 [XNIO-5 I/O-4] DEBUG o.s.c.c.CharSequenceEncoder - [da6d36c] Writing "576. foo bar"
14:00:03.097 [XNIO-5 I/O-4] DEBUG o.s.c.c.CharSequenceEncoder - [da6d36c] Writing "577. foo bar"
14:00:03.097 [XNIO-5 I/O-4] DEBUG o.s.c.c.CharSequenceEncoder - [da6d36c] Writing "578. foo bar"
14:00:03.097 [XNIO-5 I/O-4] DEBUG o.s.c.c.CharSequenceEncoder - [da6d36c] Writing "579. foo bar"
14:00:03.097 [XNIO-5 I/O-4] DEBUG o.s.c.c.CharSequenceEncoder - [da6d36c] Writing "580. foo bar"
14:00:03.097 [XNIO-5 I/O-4] DEBUG o.s.c.c.CharSequenceEncoder - [da6d36c] Writing "581. foo bar"
14:00:03.097 [XNIO-5 I/O-4] DEBUG o.s.c.c.CharSequenceEncoder - [da6d36c] Writing "582. foo bar"
14:00:03.098 [XNIO-5 I/O-4] DEBUG o.s.c.c.CharSequenceEncoder - [da6d36c] Writing "583. foo bar"
14:00:03.098 [XNIO-5 I/O-4] DEBUG o.s.c.c.CharSequenceEncoder - [da6d36c] Writing "584. foo bar"
14:00:03.098 [XNIO-5 I/O-4] DEBUG o.s.c.c.CharSequenceEncoder - [da6d36c] Writing "585. foo bar"
14:00:03.098 [XNIO-5 I/O-4] DEBUG o.s.c.c.CharSequenceEncoder - [da6d36c] Writing "586. foo bar"
14:00:03.098 [XNIO-5 I/O-4] DEBUG o.s.c.c.CharSequenceEncoder - [da6d36c] Writing "587. foo bar"
14:00:03.098 [XNIO-5 I/O-4] DEBUG o.s.c.c.CharSequenceEncoder - [da6d36c] Writing "588. foo bar"
14:00:03.098 [XNIO-5 I/O-4] DEBUG o.s.c.c.CharSequenceEncoder - [da6d36c] Writing "589. foo bar"
14:00:03.098 [XNIO-5 I/O-4] DEBUG o.s.c.c.CharSequenceEncoder - [da6d36c] Writing "590. foo bar"
14:00:03.099 [XNIO-5 I/O-4] DEBUG o.s.c.c.CharSequenceEncoder - [da6d36c] Writing "591. foo bar"
14:00:03.099 [XNIO-5 I/O-4] DEBUG o.s.c.c.CharSequenceEncoder - [da6d36c] Writing "592. foo bar"
14:00:03.099 [XNIO-5 I/O-4] DEBUG o.s.c.c.CharSequenceEncoder - [da6d36c] Writing "593. foo bar"
14:00:03.099 [XNIO-5 I/O-4] DEBUG o.s.c.c.CharSequenceEncoder - [da6d36c] Writing "594. foo bar"
14:00:03.099 [XNIO-5 I/O-4] DEBUG o.s.c.c.CharSequenceEncoder - [da6d36c] Writing "595. foo bar"
14:00:03.100 [XNIO-5 I/O-4] DEBUG o.s.c.c.CharSequenceEncoder - [da6d36c] Writing "596. foo bar"
14:00:03.100 [XNIO-5 I/O-4] DEBUG o.s.c.c.CharSequenceEncoder - [da6d36c] Writing "597. foo bar"
14:00:03.100 [XNIO-5 I/O-4] DEBUG o.s.c.c.CharSequenceEncoder - [da6d36c] Writing "598. foo bar"
14:00:03.100 [XNIO-5 I/O-4] DEBUG o.s.c.c.CharSequenceEncoder - [da6d36c] Writing "599. foo bar"
14:00:03.100 [XNIO-5 I/O-4] DEBUG o.s.c.c.CharSequenceEncoder - [da6d36c] Writing "600. foo bar"
14:00:03.100 [XNIO-5 I/O-4] DEBUG o.s.c.c.CharSequenceEncoder - [da6d36c] Writing "601. foo bar"
14:00:03.100 [XNIO-5 I/O-4] DEBUG o.s.c.c.CharSequenceEncoder - [da6d36c] Writing "602. foo bar"
14:00:03.101 [XNIO-5 I/O-4] DEBUG o.s.c.c.CharSequenceEncoder - [da6d36c] Writing "603. foo bar"
14:00:03.102 [XNIO-5 I/O-4] DEBUG o.s.c.c.CharSequenceEncoder - [da6d36c] Writing "604. foo bar"
14:00:03.102 [XNIO-5 I/O-4] DEBUG o.s.c.c.CharSequenceEncoder - [da6d36c] Writing "605. foo bar"
14:00:03.102 [XNIO-5 I/O-4] DEBUG o.s.c.c.CharSequenceEncoder - [da6d36c] Writing "606. foo bar"
14:00:03.102 [XNIO-5 I/O-4] DEBUG o.s.c.c.CharSequenceEncoder - [da6d36c] Writing "607. foo bar"
14:00:03.102 [XNIO-5 I/O-4] DEBUG o.s.c.c.CharSequenceEncoder - [da6d36c] Writing "608. foo bar"
14:00:03.102 [XNIO-5 I/O-4] DEBUG o.s.c.c.CharSequenceEncoder - [da6d36c] Writing "609. foo bar"
14:00:03.102 [XNIO-5 I/O-4] DEBUG o.s.c.c.CharSequenceEncoder - [da6d36c] Writing "610. foo bar"
14:00:03.102 [XNIO-5 I/O-4] DEBUG o.s.c.c.CharSequenceEncoder - [da6d36c] Writing "611. foo bar"
14:00:03.102 [XNIO-5 I/O-4] DEBUG o.s.c.c.CharSequenceEncoder - [da6d36c] Writing "612. foo bar"
14:00:03.102 [XNIO-5 I/O-4] DEBUG o.s.c.c.CharSequenceEncoder - [da6d36c] Writing "613. foo bar"
14:00:03.103 [XNIO-5 I/O-4] DEBUG o.s.c.c.CharSequenceEncoder - [da6d36c] Writing "614. foo bar"
14:00:03.103 [XNIO-5 I/O-4] DEBUG o.s.c.c.CharSequenceEncoder - [da6d36c] Writing "615. foo bar"
14:00:03.103 [XNIO-5 I/O-4] DEBUG o.s.c.c.CharSequenceEncoder - [da6d36c] Writing "616. foo bar"
14:00:03.103 [XNIO-5 I/O-4] DEBUG o.s.c.c.CharSequenceEncoder - [da6d36c] Writing "617. foo bar"
14:00:03.103 [XNIO-5 I/O-4] DEBUG o.s.c.c.CharSequenceEncoder - [da6d36c] Writing "618. foo bar"
14:00:03.103 [XNIO-5 I/O-4] DEBUG o.s.c.c.CharSequenceEncoder - [da6d36c] Writing "619. foo bar"
14:00:03.103 [XNIO-5 I/O-4] DEBUG o.s.c.c.CharSequenceEncoder - [da6d36c] Writing "620. foo bar"
14:00:03.103 [XNIO-5 I/O-4] DEBUG o.s.c.c.CharSequenceEncoder - [da6d36c] Writing "621. foo bar"
14:00:03.103 [XNIO-5 I/O-4] DEBUG o.s.c.c.CharSequenceEncoder - [da6d36c] Writing "622. foo bar"
14:00:03.103 [XNIO-5 I/O-4] DEBUG o.s.c.c.CharSequenceEncoder - [da6d36c] Writing "623. foo bar"
14:00:03.103 [XNIO-5 I/O-4] DEBUG o.s.c.c.CharSequenceEncoder - [da6d36c] Writing "624. foo bar"
14:00:03.103 [XNIO-5 I/O-4] DEBUG o.s.c.c.CharSequenceEncoder - [da6d36c] Writing "625. foo bar"
14:00:03.104 [XNIO-5 I/O-4] DEBUG o.s.c.c.CharSequenceEncoder - [da6d36c] Writing "626. foo bar"
14:00:03.105 [XNIO-5 I/O-4] DEBUG o.s.c.c.CharSequenceEncoder - [da6d36c] Writing "627. foo bar"
14:00:03.105 [XNIO-5 I/O-4] DEBUG o.s.c.c.CharSequenceEncoder - [da6d36c] Writing "628. foo bar"
14:00:03.105 [XNIO-5 I/O-4] DEBUG o.s.c.c.CharSequenceEncoder - [da6d36c] Writing "629. foo bar"
14:00:03.105 [XNIO-5 I/O-4] DEBUG o.s.c.c.CharSequenceEncoder - [da6d36c] Writing "630. foo bar"
14:00:03.105 [XNIO-5 I/O-4] DEBUG o.s.c.c.CharSequenceEncoder - [da6d36c] Writing "631. foo bar"
14:00:03.105 [XNIO-5 I/O-4] DEBUG o.s.c.c.CharSequenceEncoder - [da6d36c] Writing "632. foo bar"
14:00:03.105 [XNIO-5 I/O-4] DEBUG o.s.c.c.CharSequenceEncoder - [da6d36c] Writing "633. foo bar"
14:00:03.105 [XNIO-5 I/O-4] DEBUG o.s.c.c.CharSequenceEncoder - [da6d36c] Writing "634. foo bar"
14:00:03.106 [XNIO-5 I/O-4] DEBUG o.s.c.c.CharSequenceEncoder - [da6d36c] Writing "635. foo bar"
14:00:03.106 [XNIO-5 I/O-4] DEBUG o.s.c.c.CharSequenceEncoder - [da6d36c] Writing "636. foo bar"
14:00:03.106 [XNIO-5 I/O-4] DEBUG o.s.c.c.CharSequenceEncoder - [da6d36c] Writing "637. foo bar"
14:00:03.106 [XNIO-5 I/O-4] DEBUG o.s.c.c.CharSequenceEncoder - [da6d36c] Writing "638. foo bar"
14:00:03.107 [XNIO-5 I/O-4] DEBUG o.s.c.c.CharSequenceEncoder - [da6d36c] Writing "639. foo bar"
14:00:03.107 [XNIO-5 I/O-4] DEBUG o.s.c.c.CharSequenceEncoder - [da6d36c] Writing "640. foo bar"
14:00:03.110 [XNIO-5 I/O-4] DEBUG o.s.c.c.CharSequenceEncoder - [da6d36c] Writing "641. foo bar"
14:00:03.110 [XNIO-5 I/O-4] DEBUG o.s.c.c.CharSequenceEncoder - [da6d36c] Writing "642. foo bar"
14:00:03.110 [XNIO-5 I/O-4] DEBUG o.s.c.c.CharSequenceEncoder - [da6d36c] Writing "643. foo bar"
14:00:03.110 [XNIO-5 I/O-4] DEBUG o.s.c.c.CharSequenceEncoder - [da6d36c] Writing "644. foo bar"
14:00:03.110 [XNIO-5 I/O-4] DEBUG o.s.c.c.CharSequenceEncoder - [da6d36c] Writing "645. foo bar"
14:00:03.110 [XNIO-5 I/O-4] DEBUG o.s.c.c.CharSequenceEncoder - [da6d36c] Writing "646. foo bar"
14:00:03.110 [XNIO-5 I/O-4] DEBUG o.s.c.c.CharSequenceEncoder - [da6d36c] Writing "647. foo bar"
14:00:03.110 [XNIO-5 I/O-4] DEBUG o.s.c.c.CharSequenceEncoder - [da6d36c] Writing "648. foo bar"
14:00:03.110 [XNIO-5 I/O-4] DEBUG o.s.c.c.CharSequenceEncoder - [da6d36c] Writing "649. foo bar"
14:00:03.111 [XNIO-5 I/O-4] DEBUG o.s.c.c.CharSequenceEncoder - [da6d36c] Writing "650. foo bar"
14:00:03.111 [XNIO-5 I/O-4] DEBUG o.s.c.c.CharSequenceEncoder - [da6d36c] Writing "651. foo bar"
14:00:03.111 [XNIO-5 I/O-4] DEBUG o.s.c.c.CharSequenceEncoder - [da6d36c] Writing "652. foo bar"
14:00:03.111 [XNIO-5 I/O-4] DEBUG o.s.c.c.CharSequenceEncoder - [da6d36c] Writing "653. foo bar"
14:00:03.111 [XNIO-5 I/O-4] DEBUG o.s.c.c.CharSequenceEncoder - [da6d36c] Writing "654. foo bar"
14:00:03.111 [XNIO-5 I/O-4] DEBUG o.s.c.c.CharSequenceEncoder - [da6d36c] Writing "655. foo bar"
14:00:03.111 [XNIO-5 I/O-4] DEBUG o.s.c.c.CharSequenceEncoder - [da6d36c] Writing "656. foo bar"
14:00:03.111 [XNIO-5 I/O-4] DEBUG o.s.c.c.CharSequenceEncoder - [da6d36c] Writing "657. foo bar"
14:00:03.113 [XNIO-5 I/O-4] DEBUG o.s.c.c.CharSequenceEncoder - [da6d36c] Writing "658. foo bar"
14:00:03.113 [XNIO-5 I/O-4] DEBUG o.s.c.c.CharSequenceEncoder - [da6d36c] Writing "659. foo bar"
14:00:03.114 [XNIO-5 I/O-4] DEBUG o.s.c.c.CharSequenceEncoder - [da6d36c] Writing "660. foo bar"
14:00:03.114 [XNIO-5 I/O-4] DEBUG o.s.c.c.CharSequenceEncoder - [da6d36c] Writing "661. foo bar"
14:00:03.114 [XNIO-5 I/O-4] DEBUG o.s.c.c.CharSequenceEncoder - [da6d36c] Writing "662. foo bar"
14:00:03.114 [XNIO-5 I/O-4] DEBUG o.s.c.c.CharSequenceEncoder - [da6d36c] Writing "663. foo bar"
14:00:03.114 [XNIO-5 I/O-4] DEBUG o.s.c.c.CharSequenceEncoder - [da6d36c] Writing "664. foo bar"
14:00:03.114 [XNIO-5 I/O-4] DEBUG o.s.c.c.CharSequenceEncoder - [da6d36c] Writing "665. foo bar"
14:00:03.114 [XNIO-5 I/O-4] DEBUG o.s.c.c.CharSequenceEncoder - [da6d36c] Writing "666. foo bar"
14:00:03.114 [XNIO-5 I/O-4] DEBUG o.s.c.c.CharSequenceEncoder - [da6d36c] Writing "667. foo bar"
14:00:03.114 [XNIO-5 I/O-4] DEBUG o.s.c.c.CharSequenceEncoder - [da6d36c] Writing "668. foo bar"
14:00:03.114 [XNIO-5 I/O-4] DEBUG o.s.c.c.CharSequenceEncoder - [da6d36c] Writing "669. foo bar"
14:00:03.114 [XNIO-5 I/O-4] DEBUG o.s.c.c.CharSequenceEncoder - [da6d36c] Writing "670. foo bar"
14:00:03.115 [XNIO-5 I/O-4] DEBUG o.s.c.c.CharSequenceEncoder - [da6d36c] Writing "671. foo bar"
14:00:03.115 [XNIO-5 I/O-4] DEBUG o.s.c.c.CharSequenceEncoder - [da6d36c] Writing "672. foo bar"
14:00:03.117 [XNIO-5 I/O-4] DEBUG o.s.c.c.CharSequenceEncoder - [da6d36c] Writing "673. foo bar"
14:00:03.117 [XNIO-5 I/O-4] DEBUG o.s.c.c.CharSequenceEncoder - [da6d36c] Writing "674. foo bar"
14:00:03.117 [XNIO-5 I/O-4] DEBUG o.s.c.c.CharSequenceEncoder - [da6d36c] Writing "675. foo bar"
14:00:03.117 [XNIO-5 I/O-4] DEBUG o.s.c.c.CharSequenceEncoder - [da6d36c] Writing "676. foo bar"
14:00:03.117 [XNIO-5 I/O-4] DEBUG o.s.c.c.CharSequenceEncoder - [da6d36c] Writing "677. foo bar"
14:00:03.117 [XNIO-5 I/O-4] DEBUG o.s.c.c.CharSequenceEncoder - [da6d36c] Writing "678. foo bar"
14:00:03.117 [XNIO-5 I/O-4] DEBUG o.s.c.c.CharSequenceEncoder - [da6d36c] Writing "679. foo bar"
14:00:03.117 [XNIO-5 I/O-4] DEBUG o.s.c.c.CharSequenceEncoder - [da6d36c] Writing "680. foo bar"
14:00:03.117 [XNIO-5 I/O-4] DEBUG o.s.c.c.CharSequenceEncoder - [da6d36c] Writing "681. foo bar"
14:00:03.117 [XNIO-5 I/O-4] DEBUG o.s.c.c.CharSequenceEncoder - [da6d36c] Writing "682. foo bar"
14:00:03.117 [XNIO-5 I/O-4] DEBUG o.s.c.c.CharSequenceEncoder - [da6d36c] Writing "683. foo bar"
14:00:03.117 [XNIO-5 I/O-4] DEBUG o.s.c.c.CharSequenceEncoder - [da6d36c] Writing "684. foo bar"
14:00:03.118 [XNIO-5 I/O-4] DEBUG o.s.c.c.CharSequenceEncoder - [da6d36c] Writing "685. foo bar"
14:00:03.118 [XNIO-5 I/O-4] DEBUG o.s.c.c.CharSequenceEncoder - [da6d36c] Writing "686. foo bar"
14:00:03.118 [XNIO-5 I/O-4] DEBUG o.s.c.c.CharSequenceEncoder - [da6d36c] Writing "687. foo bar"
14:00:03.118 [XNIO-5 I/O-4] DEBUG o.s.c.c.CharSequenceEncoder - [da6d36c] Writing "688. foo bar"
14:00:03.118 [XNIO-5 I/O-4] DEBUG o.s.c.c.CharSequenceEncoder - [da6d36c] Writing "689. foo bar"
14:00:03.118 [XNIO-5 I/O-4] DEBUG o.s.c.c.CharSequenceEncoder - [da6d36c] Writing "690. foo bar"
14:00:03.118 [XNIO-5 I/O-4] DEBUG o.s.c.c.CharSequenceEncoder - [da6d36c] Writing "691. foo bar"
14:00:03.118 [XNIO-5 I/O-4] DEBUG o.s.c.c.CharSequenceEncoder - [da6d36c] Writing "692. foo bar"
14:00:03.118 [XNIO-5 I/O-4] DEBUG o.s.c.c.CharSequenceEncoder - [da6d36c] Writing "693. foo bar"
14:00:03.118 [XNIO-5 I/O-4] DEBUG o.s.c.c.CharSequenceEncoder - [da6d36c] Writing "694. foo bar"
14:00:03.118 [XNIO-5 I/O-4] DEBUG o.s.c.c.CharSequenceEncoder - [da6d36c] Writing "695. foo bar"
14:00:03.119 [XNIO-5 I/O-4] DEBUG o.s.c.c.CharSequenceEncoder - [da6d36c] Writing "696. foo bar"
14:00:03.119 [XNIO-5 I/O-4] DEBUG o.s.c.c.CharSequenceEncoder - [da6d36c] Writing "697. foo bar"
14:00:03.119 [XNIO-5 I/O-4] DEBUG o.s.c.c.CharSequenceEncoder - [da6d36c] Writing "698. foo bar"
14:00:03.119 [XNIO-5 I/O-4] DEBUG o.s.c.c.CharSequenceEncoder - [da6d36c] Writing "699. foo bar"
14:00:03.119 [XNIO-5 I/O-4] DEBUG o.s.c.c.CharSequenceEncoder - [da6d36c] Writing "700. foo bar"
14:00:03.119 [XNIO-5 I/O-4] DEBUG o.s.c.c.CharSequenceEncoder - [da6d36c] Writing "701. foo bar"
14:00:03.119 [XNIO-5 I/O-4] DEBUG o.s.c.c.CharSequenceEncoder - [da6d36c] Writing "702. foo bar"
14:00:03.119 [XNIO-5 I/O-4] DEBUG o.s.c.c.CharSequenceEncoder - [da6d36c] Writing "703. foo bar"
14:00:03.119 [XNIO-5 I/O-4] DEBUG o.s.c.c.CharSequenceEncoder - [da6d36c] Writing "704. foo bar"
14:00:03.119 [XNIO-5 I/O-4] DEBUG o.s.c.c.CharSequenceEncoder - [da6d36c] Writing "705. foo bar"
14:00:03.119 [XNIO-5 I/O-4] DEBUG o.s.c.c.CharSequenceEncoder - [da6d36c] Writing "706. foo bar"
14:00:03.119 [XNIO-5 I/O-4] DEBUG o.s.c.c.CharSequenceEncoder - [da6d36c] Writing "707. foo bar"
14:00:03.119 [XNIO-5 I/O-4] DEBUG o.s.c.c.CharSequenceEncoder - [da6d36c] Writing "708. foo bar"
14:00:03.120 [XNIO-5 I/O-4] DEBUG o.s.c.c.CharSequenceEncoder - [da6d36c] Writing "709. foo bar"
14:00:03.120 [XNIO-5 I/O-4] DEBUG o.s.c.c.CharSequenceEncoder - [da6d36c] Writing "710. foo bar"
14:00:03.120 [XNIO-5 I/O-4] DEBUG o.s.c.c.CharSequenceEncoder - [da6d36c] Writing "711. foo bar"
14:00:03.120 [XNIO-5 I/O-4] DEBUG o.s.c.c.CharSequenceEncoder - [da6d36c] Writing "712. foo bar"
14:00:03.120 [XNIO-5 I/O-4] DEBUG o.s.c.c.CharSequenceEncoder - [da6d36c] Writing "713. foo bar"
14:00:03.120 [XNIO-5 I/O-4] DEBUG o.s.c.c.CharSequenceEncoder - [da6d36c] Writing "714. foo bar"
14:00:03.120 [XNIO-5 I/O-4] DEBUG o.s.c.c.CharSequenceEncoder - [da6d36c] Writing "715. foo bar"
14:00:03.120 [XNIO-5 I/O-4] DEBUG o.s.c.c.CharSequenceEncoder - [da6d36c] Writing "716. foo bar"
14:00:03.120 [XNIO-5 I/O-4] DEBUG o.s.c.c.CharSequenceEncoder - [da6d36c] Writing "717. foo bar"
14:00:03.121 [XNIO-5 I/O-4] DEBUG o.s.c.c.CharSequenceEncoder - [da6d36c] Writing "718. foo bar"
14:00:03.121 [XNIO-5 I/O-4] DEBUG o.s.c.c.CharSequenceEncoder - [da6d36c] Writing "719. foo bar"
14:00:03.121 [XNIO-5 I/O-4] DEBUG o.s.c.c.CharSequenceEncoder - [da6d36c] Writing "720. foo bar"
14:00:03.121 [XNIO-5 I/O-4] DEBUG o.s.c.c.CharSequenceEncoder - [da6d36c] Writing "721. foo bar"
14:00:03.126 [XNIO-5 I/O-4] DEBUG o.s.c.c.CharSequenceEncoder - [da6d36c] Writing "722. foo bar"
14:00:03.126 [XNIO-5 I/O-4] DEBUG o.s.c.c.CharSequenceEncoder - [da6d36c] Writing "723. foo bar"
14:00:03.126 [XNIO-5 I/O-4] DEBUG o.s.c.c.CharSequenceEncoder - [da6d36c] Writing "724. foo bar"
14:00:03.126 [XNIO-5 I/O-4] DEBUG o.s.c.c.CharSequenceEncoder - [da6d36c] Writing "725. foo bar"
14:00:03.126 [XNIO-5 I/O-4] DEBUG o.s.c.c.CharSequenceEncoder - [da6d36c] Writing "726. foo bar"
14:00:03.126 [XNIO-5 I/O-4] DEBUG o.s.c.c.CharSequenceEncoder - [da6d36c] Writing "727. foo bar"
14:00:03.126 [XNIO-5 I/O-4] DEBUG o.s.c.c.CharSequenceEncoder - [da6d36c] Writing "728. foo bar"
14:00:03.126 [XNIO-5 I/O-4] DEBUG o.s.c.c.CharSequenceEncoder - [da6d36c] Writing "729. foo bar"
14:00:03.126 [XNIO-5 I/O-4] DEBUG o.s.c.c.CharSequenceEncoder - [da6d36c] Writing "730. foo bar"
14:00:03.127 [XNIO-5 I/O-4] DEBUG o.s.c.c.CharSequenceEncoder - [da6d36c] Writing "731. foo bar"
14:00:03.127 [XNIO-5 I/O-4] DEBUG o.s.c.c.CharSequenceEncoder - [da6d36c] Writing "732. foo bar"
14:00:03.127 [XNIO-5 I/O-4] DEBUG o.s.c.c.CharSequenceEncoder - [da6d36c] Writing "733. foo bar"
14:00:03.127 [XNIO-5 I/O-4] DEBUG o.s.c.c.CharSequenceEncoder - [da6d36c] Writing "734. foo bar"
14:00:03.127 [XNIO-5 I/O-4] DEBUG o.s.c.c.CharSequenceEncoder - [da6d36c] Writing "735. foo bar"
14:00:03.127 [XNIO-5 I/O-4] DEBUG o.s.c.c.CharSequenceEncoder - [da6d36c] Writing "736. foo bar"
14:00:03.127 [XNIO-5 I/O-4] DEBUG o.s.c.c.CharSequenceEncoder - [da6d36c] Writing "737. foo bar"
14:00:03.127 [XNIO-5 I/O-4] DEBUG o.s.c.c.CharSequenceEncoder - [da6d36c] Writing "738. foo bar"
14:00:03.127 [XNIO-5 I/O-4] DEBUG o.s.c.c.CharSequenceEncoder - [da6d36c] Writing "739. foo bar"
14:00:03.127 [XNIO-5 I/O-4] DEBUG o.s.c.c.CharSequenceEncoder - [da6d36c] Writing "740. foo bar"
14:00:03.127 [XNIO-5 I/O-4] DEBUG o.s.c.c.CharSequenceEncoder - [da6d36c] Writing "741. foo bar"
14:00:03.127 [XNIO-5 I/O-4] DEBUG o.s.c.c.CharSequenceEncoder - [da6d36c] Writing "742. foo bar"
14:00:03.127 [XNIO-5 I/O-4] DEBUG o.s.c.c.CharSequenceEncoder - [da6d36c] Writing "743. foo bar"
14:00:03.128 [XNIO-5 I/O-4] DEBUG o.s.c.c.CharSequenceEncoder - [da6d36c] Writing "744. foo bar"
14:00:03.128 [XNIO-5 I/O-4] DEBUG o.s.c.c.CharSequenceEncoder - [da6d36c] Writing "745. foo bar"
14:00:03.128 [XNIO-5 I/O-4] DEBUG o.s.c.c.CharSequenceEncoder - [da6d36c] Writing "746. foo bar"
14:00:03.128 [XNIO-5 I/O-4] DEBUG o.s.c.c.CharSequenceEncoder - [da6d36c] Writing "747. foo bar"
14:00:03.128 [XNIO-5 I/O-4] DEBUG o.s.c.c.CharSequenceEncoder - [da6d36c] Writing "748. foo bar"
14:00:03.128 [XNIO-5 I/O-4] DEBUG o.s.c.c.CharSequenceEncoder - [da6d36c] Writing "749. foo bar"
14:00:03.128 [XNIO-5 I/O-4] DEBUG o.s.c.c.CharSequenceEncoder - [da6d36c] Writing "750. foo bar"
14:00:03.128 [XNIO-5 I/O-4] DEBUG o.s.c.c.CharSequenceEncoder - [da6d36c] Writing "751. foo bar"
14:00:03.128 [XNIO-5 I/O-4] DEBUG o.s.c.c.CharSequenceEncoder - [da6d36c] Writing "752. foo bar"
14:00:03.128 [XNIO-5 I/O-4] DEBUG o.s.c.c.CharSequenceEncoder - [da6d36c] Writing "753. foo bar"
14:00:03.128 [XNIO-5 I/O-4] DEBUG o.s.c.c.CharSequenceEncoder - [da6d36c] Writing "754. foo bar"
14:00:03.128 [XNIO-5 I/O-4] DEBUG o.s.c.c.CharSequenceEncoder - [da6d36c] Writing "755. foo bar"
14:00:03.129 [XNIO-5 I/O-4] DEBUG o.s.c.c.CharSequenceEncoder - [da6d36c] Writing "756. foo bar"
14:00:03.129 [XNIO-5 I/O-4] DEBUG o.s.c.c.CharSequenceEncoder - [da6d36c] Writing "757. foo bar"
14:00:03.129 [XNIO-5 I/O-4] DEBUG o.s.c.c.CharSequenceEncoder - [da6d36c] Writing "758. foo bar"
14:00:03.129 [XNIO-5 I/O-4] DEBUG o.s.c.c.CharSequenceEncoder - [da6d36c] Writing "759. foo bar"
14:00:03.129 [XNIO-5 I/O-4] DEBUG o.s.c.c.CharSequenceEncoder - [da6d36c] Writing "760. foo bar"
14:00:03.129 [XNIO-5 I/O-4] DEBUG o.s.c.c.CharSequenceEncoder - [da6d36c] Writing "761. foo bar"
14:00:03.129 [XNIO-5 I/O-4] DEBUG o.s.c.c.CharSequenceEncoder - [da6d36c] Writing "762. foo bar"
14:00:03.129 [XNIO-5 I/O-4] DEBUG o.s.c.c.CharSequenceEncoder - [da6d36c] Writing "763. foo bar"
14:00:03.129 [XNIO-5 I/O-4] DEBUG o.s.c.c.CharSequenceEncoder - [da6d36c] Writing "764. foo bar"
14:00:03.129 [XNIO-5 I/O-4] DEBUG o.s.c.c.CharSequenceEncoder - [da6d36c] Writing "765. foo bar"
14:00:03.129 [XNIO-5 I/O-4] DEBUG o.s.c.c.CharSequenceEncoder - [da6d36c] Writing "766. foo bar"
14:00:03.129 [XNIO-5 I/O-4] DEBUG o.s.c.c.CharSequenceEncoder - [da6d36c] Writing "767. foo bar"
14:00:03.130 [XNIO-5 I/O-4] DEBUG o.s.c.c.CharSequenceEncoder - [da6d36c] Writing "768. foo bar"
14:00:03.130 [XNIO-5 I/O-4] DEBUG o.s.c.c.CharSequenceEncoder - [da6d36c] Writing "769. foo bar"
14:00:03.130 [XNIO-5 I/O-4] DEBUG o.s.c.c.CharSequenceEncoder - [da6d36c] Writing "770. foo bar"
14:00:03.130 [XNIO-5 I/O-4] DEBUG o.s.c.c.CharSequenceEncoder - [da6d36c] Writing "771. foo bar"
14:00:03.130 [XNIO-5 I/O-4] DEBUG o.s.c.c.CharSequenceEncoder - [da6d36c] Writing "772. foo bar"
14:00:03.130 [XNIO-5 I/O-4] DEBUG o.s.c.c.CharSequenceEncoder - [da6d36c] Writing "773. foo bar"
14:00:03.130 [XNIO-5 I/O-4] DEBUG o.s.c.c.CharSequenceEncoder - [da6d36c] Writing "774. foo bar"
14:00:03.130 [XNIO-5 I/O-4] DEBUG o.s.c.c.CharSequenceEncoder - [da6d36c] Writing "775. foo bar"
14:00:03.130 [XNIO-5 I/O-4] DEBUG o.s.c.c.CharSequenceEncoder - [da6d36c] Writing "776. foo bar"
14:00:03.130 [XNIO-5 I/O-4] DEBUG o.s.c.c.CharSequenceEncoder - [da6d36c] Writing "777. foo bar"
14:00:03.130 [XNIO-5 I/O-4] DEBUG o.s.c.c.CharSequenceEncoder - [da6d36c] Writing "778. foo bar"
14:00:03.130 [XNIO-5 I/O-4] DEBUG o.s.c.c.CharSequenceEncoder - [da6d36c] Writing "779. foo bar"
14:00:03.130 [XNIO-5 I/O-4] DEBUG o.s.c.c.CharSequenceEncoder - [da6d36c] Writing "780. foo bar"
14:00:03.131 [XNIO-5 I/O-4] DEBUG o.s.c.c.CharSequenceEncoder - [da6d36c] Writing "781. foo bar"
14:00:03.131 [XNIO-5 I/O-4] DEBUG o.s.c.c.CharSequenceEncoder - [da6d36c] Writing "782. foo bar"
14:00:03.131 [XNIO-5 I/O-4] DEBUG o.s.c.c.CharSequenceEncoder - [da6d36c] Writing "783. foo bar"
14:00:03.131 [XNIO-5 I/O-4] DEBUG o.s.c.c.CharSequenceEncoder - [da6d36c] Writing "784. foo bar"
14:00:03.131 [XNIO-5 I/O-4] DEBUG o.s.c.c.CharSequenceEncoder - [da6d36c] Writing "785. foo bar"
14:00:03.131 [XNIO-5 I/O-4] DEBUG o.s.c.c.CharSequenceEncoder - [da6d36c] Writing "786. foo bar"
14:00:03.131 [XNIO-5 I/O-4] DEBUG o.s.c.c.CharSequenceEncoder - [da6d36c] Writing "787. foo bar"
14:00:03.131 [XNIO-5 I/O-4] DEBUG o.s.c.c.CharSequenceEncoder - [da6d36c] Writing "788. foo bar"
14:00:03.131 [XNIO-5 I/O-4] DEBUG o.s.c.c.CharSequenceEncoder - [da6d36c] Writing "789. foo bar"
14:00:03.131 [XNIO-5 I/O-4] DEBUG o.s.c.c.CharSequenceEncoder - [da6d36c] Writing "790. foo bar"
14:00:03.131 [XNIO-5 I/O-4] DEBUG o.s.c.c.CharSequenceEncoder - [da6d36c] Writing "791. foo bar"
14:00:03.131 [XNIO-5 I/O-4] DEBUG o.s.c.c.CharSequenceEncoder - [da6d36c] Writing "792. foo bar"
14:00:03.132 [XNIO-5 I/O-4] DEBUG o.s.c.c.CharSequenceEncoder - [da6d36c] Writing "793. foo bar"
14:00:03.132 [XNIO-5 I/O-4] DEBUG o.s.c.c.CharSequenceEncoder - [da6d36c] Writing "794. foo bar"
14:00:03.132 [XNIO-5 I/O-4] DEBUG o.s.c.c.CharSequenceEncoder - [da6d36c] Writing "795. foo bar"
14:00:03.132 [XNIO-5 I/O-4] DEBUG o.s.c.c.CharSequenceEncoder - [da6d36c] Writing "796. foo bar"
14:00:03.132 [XNIO-5 I/O-4] DEBUG o.s.c.c.CharSequenceEncoder - [da6d36c] Writing "797. foo bar"
14:00:03.132 [XNIO-5 I/O-4] DEBUG o.s.c.c.CharSequenceEncoder - [da6d36c] Writing "798. foo bar"
14:00:03.132 [XNIO-5 I/O-4] DEBUG o.s.c.c.CharSequenceEncoder - [da6d36c] Writing "799. foo bar"
14:00:03.132 [XNIO-5 I/O-4] DEBUG o.s.c.c.CharSequenceEncoder - [da6d36c] Writing "800. foo bar"
14:00:03.132 [XNIO-5 I/O-4] DEBUG o.s.c.c.CharSequenceEncoder - [da6d36c] Writing "801. foo bar"
14:00:03.132 [XNIO-5 I/O-4] DEBUG o.s.c.c.CharSequenceEncoder - [da6d36c] Writing "802. foo bar"
14:00:03.132 [XNIO-5 I/O-4] DEBUG o.s.c.c.CharSequenceEncoder - [da6d36c] Writing "803. foo bar"
14:00:03.132 [XNIO-5 I/O-4] DEBUG o.s.c.c.CharSequenceEncoder - [da6d36c] Writing "804. foo bar"
14:00:03.132 [XNIO-5 I/O-4] DEBUG o.s.c.c.CharSequenceEncoder - [da6d36c] Writing "805. foo bar"
14:00:03.133 [XNIO-5 I/O-4] DEBUG o.s.c.c.CharSequenceEncoder - [da6d36c] Writing "806. foo bar"
14:00:03.133 [XNIO-5 I/O-4] DEBUG o.s.c.c.CharSequenceEncoder - [da6d36c] Writing "807. foo bar"
14:00:03.133 [XNIO-5 I/O-4] DEBUG o.s.c.c.CharSequenceEncoder - [da6d36c] Writing "808. foo bar"
14:00:03.133 [XNIO-5 I/O-4] DEBUG o.s.c.c.CharSequenceEncoder - [da6d36c] Writing "809. foo bar"
14:00:03.133 [XNIO-5 I/O-4] DEBUG o.s.c.c.CharSequenceEncoder - [da6d36c] Writing "810. foo bar"
14:00:03.133 [XNIO-5 I/O-4] DEBUG o.s.c.c.CharSequenceEncoder - [da6d36c] Writing "811. foo bar"
14:00:03.133 [XNIO-5 I/O-4] DEBUG o.s.c.c.CharSequenceEncoder - [da6d36c] Writing "812. foo bar"
14:00:03.135 [XNIO-5 I/O-4] DEBUG o.s.c.c.CharSequenceEncoder - [da6d36c] Writing "813. foo bar"
14:00:03.135 [XNIO-5 I/O-4] DEBUG o.s.c.c.CharSequenceEncoder - [da6d36c] Writing "814. foo bar"
14:00:03.135 [XNIO-5 I/O-4] DEBUG o.s.c.c.CharSequenceEncoder - [da6d36c] Writing "815. foo bar"
14:00:03.135 [XNIO-5 I/O-4] DEBUG o.s.c.c.CharSequenceEncoder - [da6d36c] Writing "816. foo bar"
14:00:03.135 [XNIO-5 I/O-4] DEBUG o.s.c.c.CharSequenceEncoder - [da6d36c] Writing "817. foo bar"
14:00:03.135 [XNIO-5 I/O-4] DEBUG o.s.c.c.CharSequenceEncoder - [da6d36c] Writing "818. foo bar"
14:00:03.135 [XNIO-5 I/O-4] DEBUG o.s.c.c.CharSequenceEncoder - [da6d36c] Writing "819. foo bar"
14:00:03.135 [XNIO-5 I/O-4] DEBUG o.s.c.c.CharSequenceEncoder - [da6d36c] Writing "820. foo bar"
14:00:03.135 [XNIO-5 I/O-4] DEBUG o.s.c.c.CharSequenceEncoder - [da6d36c] Writing "821. foo bar"
14:00:03.135 [XNIO-5 I/O-4] DEBUG o.s.c.c.CharSequenceEncoder - [da6d36c] Writing "822. foo bar"
14:00:03.136 [XNIO-5 I/O-4] DEBUG o.s.c.c.CharSequenceEncoder - [da6d36c] Writing "823. foo bar"
14:00:03.136 [XNIO-5 I/O-4] DEBUG o.s.c.c.CharSequenceEncoder - [da6d36c] Writing "824. foo bar"
14:00:03.136 [XNIO-5 I/O-4] DEBUG o.s.c.c.CharSequenceEncoder - [da6d36c] Writing "825. foo bar"
14:00:03.136 [XNIO-5 I/O-4] DEBUG o.s.c.c.CharSequenceEncoder - [da6d36c] Writing "826. foo bar"
14:00:03.136 [XNIO-5 I/O-4] DEBUG o.s.c.c.CharSequenceEncoder - [da6d36c] Writing "827. foo bar"
14:00:03.136 [XNIO-5 I/O-4] DEBUG o.s.c.c.CharSequenceEncoder - [da6d36c] Writing "828. foo bar"
14:00:03.136 [XNIO-5 I/O-4] DEBUG o.s.c.c.CharSequenceEncoder - [da6d36c] Writing "829. foo bar"
14:00:03.136 [XNIO-5 I/O-4] DEBUG o.s.c.c.CharSequenceEncoder - [da6d36c] Writing "830. foo bar"
14:00:03.136 [XNIO-5 I/O-4] DEBUG o.s.c.c.CharSequenceEncoder - [da6d36c] Writing "831. foo bar"
14:00:03.136 [XNIO-5 I/O-4] DEBUG o.s.c.c.CharSequenceEncoder - [da6d36c] Writing "832. foo bar"
14:00:03.136 [XNIO-5 I/O-4] DEBUG o.s.c.c.CharSequenceEncoder - [da6d36c] Writing "833. foo bar"
14:00:03.136 [XNIO-5 I/O-4] DEBUG o.s.c.c.CharSequenceEncoder - [da6d36c] Writing "834. foo bar"
14:00:03.136 [XNIO-5 I/O-4] DEBUG o.s.c.c.CharSequenceEncoder - [da6d36c] Writing "835. foo bar"
14:00:03.137 [XNIO-5 I/O-4] DEBUG o.s.c.c.CharSequenceEncoder - [da6d36c] Writing "836. foo bar"
14:00:03.137 [XNIO-5 I/O-4] DEBUG o.s.c.c.CharSequenceEncoder - [da6d36c] Writing "837. foo bar"
14:00:03.137 [XNIO-5 I/O-4] DEBUG o.s.c.c.CharSequenceEncoder - [da6d36c] Writing "838. foo bar"
14:00:03.137 [XNIO-5 I/O-4] DEBUG o.s.c.c.CharSequenceEncoder - [da6d36c] Writing "839. foo bar"
14:00:03.137 [XNIO-5 I/O-4] DEBUG o.s.c.c.CharSequenceEncoder - [da6d36c] Writing "840. foo bar"
14:00:03.137 [XNIO-5 I/O-4] DEBUG o.s.c.c.CharSequenceEncoder - [da6d36c] Writing "841. foo bar"
14:00:03.137 [XNIO-5 I/O-4] DEBUG o.s.c.c.CharSequenceEncoder - [da6d36c] Writing "842. foo bar"
14:00:03.137 [XNIO-5 I/O-4] DEBUG o.s.c.c.CharSequenceEncoder - [da6d36c] Writing "843. foo bar"
14:00:03.137 [XNIO-5 I/O-4] DEBUG o.s.c.c.CharSequenceEncoder - [da6d36c] Writing "844. foo bar"
14:00:03.139 [XNIO-5 I/O-4] DEBUG o.s.c.c.CharSequenceEncoder - [da6d36c] Writing "845. foo bar"
14:00:03.139 [XNIO-5 I/O-4] DEBUG o.s.c.c.CharSequenceEncoder - [da6d36c] Writing "846. foo bar"
14:00:03.139 [XNIO-5 I/O-4] DEBUG o.s.c.c.CharSequenceEncoder - [da6d36c] Writing "847. foo bar"
14:00:03.139 [XNIO-5 I/O-4] DEBUG o.s.c.c.CharSequenceEncoder - [da6d36c] Writing "848. foo bar"
14:00:03.139 [XNIO-5 I/O-4] DEBUG o.s.c.c.CharSequenceEncoder - [da6d36c] Writing "849. foo bar"
14:00:03.139 [XNIO-5 I/O-4] DEBUG o.s.c.c.CharSequenceEncoder - [da6d36c] Writing "850. foo bar"
14:00:03.139 [XNIO-5 I/O-4] DEBUG o.s.c.c.CharSequenceEncoder - [da6d36c] Writing "851. foo bar"
14:00:03.139 [XNIO-5 I/O-4] DEBUG o.s.c.c.CharSequenceEncoder - [da6d36c] Writing "852. foo bar"
14:00:03.140 [XNIO-5 I/O-4] DEBUG o.s.c.c.CharSequenceEncoder - [da6d36c] Writing "853. foo bar"
14:00:03.140 [XNIO-5 I/O-4] DEBUG o.s.c.c.CharSequenceEncoder - [da6d36c] Writing "854. foo bar"
14:00:03.140 [XNIO-5 I/O-4] DEBUG o.s.c.c.CharSequenceEncoder - [da6d36c] Writing "855. foo bar"
14:00:03.140 [XNIO-5 I/O-4] DEBUG o.s.c.c.CharSequenceEncoder - [da6d36c] Writing "856. foo bar"
14:00:03.140 [XNIO-5 I/O-4] DEBUG o.s.c.c.CharSequenceEncoder - [da6d36c] Writing "857. foo bar"
14:00:03.140 [XNIO-5 I/O-4] DEBUG o.s.c.c.CharSequenceEncoder - [da6d36c] Writing "858. foo bar"
14:00:03.140 [XNIO-5 I/O-4] DEBUG o.s.c.c.CharSequenceEncoder - [da6d36c] Writing "859. foo bar"
14:00:03.140 [XNIO-5 I/O-4] DEBUG o.s.c.c.CharSequenceEncoder - [da6d36c] Writing "860. foo bar"
14:00:03.140 [XNIO-5 I/O-4] DEBUG o.s.c.c.CharSequenceEncoder - [da6d36c] Writing "861. foo bar"
14:00:03.140 [XNIO-5 I/O-4] DEBUG o.s.c.c.CharSequenceEncoder - [da6d36c] Writing "862. foo bar"
14:00:03.140 [XNIO-5 I/O-4] DEBUG o.s.c.c.CharSequenceEncoder - [da6d36c] Writing "863. foo bar"
14:00:03.140 [XNIO-5 I/O-4] DEBUG o.s.c.c.CharSequenceEncoder - [da6d36c] Writing "864. foo bar"
14:00:03.140 [XNIO-5 I/O-4] DEBUG o.s.c.c.CharSequenceEncoder - [da6d36c] Writing "865. foo bar"
14:00:03.141 [XNIO-5 I/O-4] DEBUG o.s.c.c.CharSequenceEncoder - [da6d36c] Writing "866. foo bar"
14:00:03.141 [XNIO-5 I/O-4] DEBUG o.s.c.c.CharSequenceEncoder - [da6d36c] Writing "867. foo bar"
14:00:03.141 [XNIO-5 I/O-4] DEBUG o.s.c.c.CharSequenceEncoder - [da6d36c] Writing "868. foo bar"
14:00:03.141 [XNIO-5 I/O-4] DEBUG o.s.c.c.CharSequenceEncoder - [da6d36c] Writing "869. foo bar"
14:00:03.141 [XNIO-5 I/O-4] DEBUG o.s.c.c.CharSequenceEncoder - [da6d36c] Writing "870. foo bar"
14:00:03.141 [XNIO-5 I/O-4] DEBUG o.s.c.c.CharSequenceEncoder - [da6d36c] Writing "871. foo bar"
14:00:03.141 [XNIO-5 I/O-4] DEBUG o.s.c.c.CharSequenceEncoder - [da6d36c] Writing "872. foo bar"
14:00:03.141 [XNIO-5 I/O-4] DEBUG o.s.c.c.CharSequenceEncoder - [da6d36c] Writing "873. foo bar"
14:00:03.141 [XNIO-5 I/O-4] DEBUG o.s.c.c.CharSequenceEncoder - [da6d36c] Writing "874. foo bar"
14:00:03.141 [XNIO-5 I/O-4] DEBUG o.s.c.c.CharSequenceEncoder - [da6d36c] Writing "875. foo bar"
14:00:03.141 [XNIO-5 I/O-4] DEBUG o.s.c.c.CharSequenceEncoder - [da6d36c] Writing "876. foo bar"
14:00:03.141 [XNIO-5 I/O-4] DEBUG o.s.c.c.CharSequenceEncoder - [da6d36c] Writing "877. foo bar"
14:00:03.141 [XNIO-5 I/O-4] DEBUG o.s.c.c.CharSequenceEncoder - [da6d36c] Writing "878. foo bar"
14:00:03.142 [XNIO-5 I/O-4] DEBUG o.s.c.c.CharSequenceEncoder - [da6d36c] Writing "879. foo bar"
14:00:03.142 [XNIO-5 I/O-4] DEBUG o.s.c.c.CharSequenceEncoder - [da6d36c] Writing "880. foo bar"
14:00:03.144 [XNIO-5 I/O-4] DEBUG o.s.c.c.CharSequenceEncoder - [da6d36c] Writing "881. foo bar"
14:00:03.144 [XNIO-5 I/O-4] DEBUG o.s.c.c.CharSequenceEncoder - [da6d36c] Writing "882. foo bar"
14:00:03.144 [XNIO-5 I/O-4] DEBUG o.s.c.c.CharSequenceEncoder - [da6d36c] Writing "883. foo bar"
14:00:03.144 [XNIO-5 I/O-4] DEBUG o.s.c.c.CharSequenceEncoder - [da6d36c] Writing "884. foo bar"
14:00:03.144 [XNIO-5 I/O-4] DEBUG o.s.c.c.CharSequenceEncoder - [da6d36c] Writing "885. foo bar"
14:00:03.145 [XNIO-5 I/O-4] DEBUG o.s.c.c.CharSequenceEncoder - [da6d36c] Writing "886. foo bar"
14:00:03.145 [XNIO-5 I/O-4] DEBUG o.s.c.c.CharSequenceEncoder - [da6d36c] Writing "887. foo bar"
14:00:03.145 [XNIO-5 I/O-4] DEBUG o.s.c.c.CharSequenceEncoder - [da6d36c] Writing "888. foo bar"
14:00:03.145 [XNIO-5 I/O-4] DEBUG o.s.c.c.CharSequenceEncoder - [da6d36c] Writing "889. foo bar"
14:00:03.145 [XNIO-5 I/O-4] DEBUG o.s.c.c.CharSequenceEncoder - [da6d36c] Writing "890. foo bar"
14:00:03.145 [XNIO-5 I/O-4] DEBUG o.s.c.c.CharSequenceEncoder - [da6d36c] Writing "891. foo bar"
14:00:03.145 [XNIO-5 I/O-4] DEBUG o.s.c.c.CharSequenceEncoder - [da6d36c] Writing "892. foo bar"
14:00:03.145 [XNIO-5 I/O-4] DEBUG o.s.c.c.CharSequenceEncoder - [da6d36c] Writing "893. foo bar"
14:00:03.145 [XNIO-5 I/O-4] DEBUG o.s.c.c.CharSequenceEncoder - [da6d36c] Writing "894. foo bar"
14:00:03.145 [XNIO-5 I/O-4] DEBUG o.s.c.c.CharSequenceEncoder - [da6d36c] Writing "895. foo bar"
14:00:03.145 [XNIO-5 I/O-4] DEBUG o.s.c.c.CharSequenceEncoder - [da6d36c] Writing "896. foo bar"
14:00:03.145 [XNIO-5 I/O-4] DEBUG o.s.c.c.CharSequenceEncoder - [da6d36c] Writing "897. foo bar"
14:00:03.146 [XNIO-5 I/O-4] DEBUG o.s.c.c.CharSequenceEncoder - [da6d36c] Writing "898. foo bar"
14:00:03.146 [XNIO-5 I/O-4] DEBUG o.s.c.c.CharSequenceEncoder - [da6d36c] Writing "899. foo bar"
14:00:03.146 [XNIO-5 I/O-4] DEBUG o.s.c.c.CharSequenceEncoder - [da6d36c] Writing "900. foo bar"
14:00:03.146 [XNIO-5 I/O-4] DEBUG o.s.c.c.CharSequenceEncoder - [da6d36c] Writing "901. foo bar"
14:00:03.146 [XNIO-5 I/O-4] DEBUG o.s.c.c.CharSequenceEncoder - [da6d36c] Writing "902. foo bar"
14:00:03.146 [XNIO-5 I/O-4] DEBUG o.s.c.c.CharSequenceEncoder - [da6d36c] Writing "903. foo bar"
14:00:03.146 [XNIO-5 I/O-4] DEBUG o.s.c.c.CharSequenceEncoder - [da6d36c] Writing "904. foo bar"
14:00:03.146 [XNIO-5 I/O-4] DEBUG o.s.c.c.CharSequenceEncoder - [da6d36c] Writing "905. foo bar"
14:00:03.146 [XNIO-5 I/O-4] DEBUG o.s.c.c.CharSequenceEncoder - [da6d36c] Writing "906. foo bar"
14:00:03.146 [XNIO-5 I/O-4] DEBUG o.s.c.c.CharSequenceEncoder - [da6d36c] Writing "907. foo bar"
14:00:03.146 [XNIO-5 I/O-4] DEBUG o.s.c.c.CharSequenceEncoder - [da6d36c] Writing "908. foo bar"
14:00:03.146 [XNIO-5 I/O-4] DEBUG o.s.c.c.CharSequenceEncoder - [da6d36c] Writing "909. foo bar"
14:00:03.146 [XNIO-5 I/O-4] DEBUG o.s.c.c.CharSequenceEncoder - [da6d36c] Writing "910. foo bar"
14:00:03.147 [XNIO-5 I/O-4] DEBUG o.s.c.c.CharSequenceEncoder - [da6d36c] Writing "911. foo bar"
14:00:03.147 [XNIO-5 I/O-4] DEBUG o.s.c.c.CharSequenceEncoder - [da6d36c] Writing "912. foo bar"
14:00:03.147 [XNIO-5 I/O-4] DEBUG o.s.c.c.CharSequenceEncoder - [da6d36c] Writing "913. foo bar"
14:00:03.147 [XNIO-5 I/O-4] DEBUG o.s.c.c.CharSequenceEncoder - [da6d36c] Writing "914. foo bar"
14:00:03.147 [XNIO-5 I/O-4] DEBUG o.s.c.c.CharSequenceEncoder - [da6d36c] Writing "915. foo bar"
14:00:03.147 [XNIO-5 I/O-4] DEBUG o.s.c.c.CharSequenceEncoder - [da6d36c] Writing "916. foo bar"
14:00:03.147 [XNIO-5 I/O-4] DEBUG o.s.c.c.CharSequenceEncoder - [da6d36c] Writing "917. foo bar"
14:00:03.147 [XNIO-5 I/O-4] DEBUG o.s.c.c.CharSequenceEncoder - [da6d36c] Writing "918. foo bar"
14:00:03.147 [XNIO-5 I/O-4] DEBUG o.s.c.c.CharSequenceEncoder - [da6d36c] Writing "919. foo bar"
14:00:03.147 [XNIO-5 I/O-4] DEBUG o.s.c.c.CharSequenceEncoder - [da6d36c] Writing "920. foo bar"
14:00:03.147 [XNIO-5 I/O-4] DEBUG o.s.c.c.CharSequenceEncoder - [da6d36c] Writing "921. foo bar"
14:00:03.147 [XNIO-5 I/O-4] DEBUG o.s.c.c.CharSequenceEncoder - [da6d36c] Writing "922. foo bar"
14:00:03.147 [XNIO-5 I/O-4] DEBUG o.s.c.c.CharSequenceEncoder - [da6d36c] Writing "923. foo bar"
14:00:03.148 [XNIO-5 I/O-4] DEBUG o.s.c.c.CharSequenceEncoder - [da6d36c] Writing "924. foo bar"
14:00:03.148 [XNIO-5 I/O-4] DEBUG o.s.c.c.CharSequenceEncoder - [da6d36c] Writing "925. foo bar"
14:00:03.148 [XNIO-5 I/O-4] DEBUG o.s.c.c.CharSequenceEncoder - [da6d36c] Writing "926. foo bar"
14:00:03.148 [XNIO-5 I/O-4] DEBUG o.s.c.c.CharSequenceEncoder - [da6d36c] Writing "927. foo bar"
14:00:03.148 [XNIO-5 I/O-4] DEBUG o.s.c.c.CharSequenceEncoder - [da6d36c] Writing "928. foo bar"
14:00:03.148 [XNIO-5 I/O-4] DEBUG o.s.c.c.CharSequenceEncoder - [da6d36c] Writing "929. foo bar"
14:00:03.148 [XNIO-5 I/O-4] DEBUG o.s.c.c.CharSequenceEncoder - [da6d36c] Writing "930. foo bar"
14:00:03.148 [XNIO-5 I/O-4] DEBUG o.s.c.c.CharSequenceEncoder - [da6d36c] Writing "931. foo bar"
14:00:03.148 [XNIO-5 I/O-4] DEBUG o.s.c.c.CharSequenceEncoder - [da6d36c] Writing "932. foo bar"
14:00:03.149 [XNIO-5 I/O-4] DEBUG o.s.c.c.CharSequenceEncoder - [da6d36c] Writing "933. foo bar"
14:00:03.149 [XNIO-5 I/O-4] DEBUG o.s.c.c.CharSequenceEncoder - [da6d36c] Writing "934. foo bar"
14:00:03.149 [XNIO-5 I/O-4] DEBUG o.s.c.c.CharSequenceEncoder - [da6d36c] Writing "935. foo bar"
14:00:03.149 [XNIO-5 I/O-4] DEBUG o.s.c.c.CharSequenceEncoder - [da6d36c] Writing "936. foo bar"
14:00:03.149 [XNIO-5 I/O-4] DEBUG o.s.c.c.CharSequenceEncoder - [da6d36c] Writing "937. foo bar"
14:00:03.149 [XNIO-5 I/O-4] DEBUG o.s.c.c.CharSequenceEncoder - [da6d36c] Writing "938. foo bar"
14:00:03.149 [XNIO-5 I/O-4] DEBUG o.s.c.c.CharSequenceEncoder - [da6d36c] Writing "939. foo bar"
14:00:03.149 [XNIO-5 I/O-4] DEBUG o.s.c.c.CharSequenceEncoder - [da6d36c] Writing "940. foo bar"
14:00:03.150 [XNIO-5 I/O-4] DEBUG o.s.c.c.CharSequenceEncoder - [da6d36c] Writing "941. foo bar"
14:00:03.150 [XNIO-5 I/O-4] DEBUG o.s.c.c.CharSequenceEncoder - [da6d36c] Writing "942. foo bar"
14:00:03.150 [XNIO-5 I/O-4] DEBUG o.s.c.c.CharSequenceEncoder - [da6d36c] Writing "943. foo bar"
14:00:03.150 [XNIO-5 I/O-4] DEBUG o.s.c.c.CharSequenceEncoder - [da6d36c] Writing "944. foo bar"
14:00:03.150 [XNIO-5 I/O-4] DEBUG o.s.c.c.CharSequenceEncoder - [da6d36c] Writing "945. foo bar"
14:00:03.150 [XNIO-5 I/O-4] DEBUG o.s.c.c.CharSequenceEncoder - [da6d36c] Writing "946. foo bar"
14:00:03.150 [XNIO-5 I/O-4] DEBUG o.s.c.c.CharSequenceEncoder - [da6d36c] Writing "947. foo bar"
14:00:03.150 [XNIO-5 I/O-4] DEBUG o.s.c.c.CharSequenceEncoder - [da6d36c] Writing "948. foo bar"
14:00:03.150 [XNIO-5 I/O-4] DEBUG o.s.c.c.CharSequenceEncoder - [da6d36c] Writing "949. foo bar"
14:00:03.150 [XNIO-5 I/O-4] DEBUG o.s.c.c.CharSequenceEncoder - [da6d36c] Writing "950. foo bar"
14:00:03.150 [XNIO-5 I/O-4] DEBUG o.s.c.c.CharSequenceEncoder - [da6d36c] Writing "951. foo bar"
14:00:03.153 [XNIO-5 I/O-4] DEBUG o.s.c.c.CharSequenceEncoder - [da6d36c] Writing "952. foo bar"
14:00:03.153 [XNIO-5 I/O-4] DEBUG o.s.c.c.CharSequenceEncoder - [da6d36c] Writing "953. foo bar"
14:00:03.153 [XNIO-5 I/O-4] DEBUG o.s.c.c.CharSequenceEncoder - [da6d36c] Writing "954. foo bar"
14:00:03.153 [XNIO-5 I/O-4] DEBUG o.s.c.c.CharSequenceEncoder - [da6d36c] Writing "955. foo bar"
14:00:03.154 [XNIO-5 I/O-4] DEBUG o.s.c.c.CharSequenceEncoder - [da6d36c] Writing "956. foo bar"
14:00:03.154 [XNIO-5 I/O-4] DEBUG o.s.c.c.CharSequenceEncoder - [da6d36c] Writing "957. foo bar"
14:00:03.154 [XNIO-5 I/O-4] DEBUG o.s.c.c.CharSequenceEncoder - [da6d36c] Writing "958. foo bar"
14:00:03.154 [XNIO-5 I/O-4] DEBUG o.s.c.c.CharSequenceEncoder - [da6d36c] Writing "959. foo bar"
14:00:03.154 [XNIO-5 I/O-4] DEBUG o.s.c.c.CharSequenceEncoder - [da6d36c] Writing "960. foo bar"
14:00:03.154 [XNIO-5 I/O-4] DEBUG o.s.c.c.CharSequenceEncoder - [da6d36c] Writing "961. foo bar"
14:00:03.154 [XNIO-5 I/O-4] DEBUG o.s.c.c.CharSequenceEncoder - [da6d36c] Writing "962. foo bar"
14:00:03.154 [XNIO-5 I/O-4] DEBUG o.s.c.c.CharSequenceEncoder - [da6d36c] Writing "963. foo bar"
14:00:03.154 [XNIO-5 I/O-4] DEBUG o.s.c.c.CharSequenceEncoder - [da6d36c] Writing "964. foo bar"
14:00:03.154 [XNIO-5 I/O-4] DEBUG o.s.c.c.CharSequenceEncoder - [da6d36c] Writing "965. foo bar"
14:00:03.154 [XNIO-5 I/O-4] DEBUG o.s.c.c.CharSequenceEncoder - [da6d36c] Writing "966. foo bar"
14:00:03.154 [XNIO-5 I/O-4] DEBUG o.s.c.c.CharSequenceEncoder - [da6d36c] Writing "967. foo bar"
14:00:03.155 [XNIO-5 I/O-4] DEBUG o.s.c.c.CharSequenceEncoder - [da6d36c] Writing "968. foo bar"
14:00:03.155 [XNIO-5 I/O-4] DEBUG o.s.c.c.CharSequenceEncoder - [da6d36c] Writing "969. foo bar"
14:00:03.155 [XNIO-5 I/O-4] DEBUG o.s.c.c.CharSequenceEncoder - [da6d36c] Writing "970. foo bar"
14:00:03.155 [XNIO-5 I/O-4] DEBUG o.s.c.c.CharSequenceEncoder - [da6d36c] Writing "971. foo bar"
14:00:03.155 [XNIO-5 I/O-4] DEBUG o.s.c.c.CharSequenceEncoder - [da6d36c] Writing "972. foo bar"
14:00:03.155 [XNIO-5 I/O-4] DEBUG o.s.c.c.CharSequenceEncoder - [da6d36c] Writing "973. foo bar"
14:00:03.155 [XNIO-5 I/O-4] DEBUG o.s.c.c.CharSequenceEncoder - [da6d36c] Writing "974. foo bar"
14:00:03.155 [XNIO-5 I/O-4] DEBUG o.s.c.c.CharSequenceEncoder - [da6d36c] Writing "975. foo bar"
14:00:03.155 [XNIO-5 I/O-4] DEBUG o.s.c.c.CharSequenceEncoder - [da6d36c] Writing "976. foo bar"
14:00:03.155 [XNIO-5 I/O-4] DEBUG o.s.c.c.CharSequenceEncoder - [da6d36c] Writing "977. foo bar"
14:00:03.155 [XNIO-5 I/O-4] DEBUG o.s.c.c.CharSequenceEncoder - [da6d36c] Writing "978. foo bar"
14:00:03.155 [XNIO-5 I/O-4] DEBUG o.s.c.c.CharSequenceEncoder - [da6d36c] Writing "979. foo bar"
14:00:03.156 [XNIO-5 I/O-4] DEBUG o.s.c.c.CharSequenceEncoder - [da6d36c] Writing "980. foo bar"
14:00:03.156 [XNIO-5 I/O-4] DEBUG o.s.c.c.CharSequenceEncoder - [da6d36c] Writing "981. foo bar"
14:00:03.156 [XNIO-5 I/O-4] DEBUG o.s.c.c.CharSequenceEncoder - [da6d36c] Writing "982. foo bar"
14:00:03.156 [XNIO-5 I/O-4] DEBUG o.s.c.c.CharSequenceEncoder - [da6d36c] Writing "983. foo bar"
14:00:03.156 [XNIO-5 I/O-4] DEBUG o.s.c.c.CharSequenceEncoder - [da6d36c] Writing "984. foo bar"
14:00:03.156 [XNIO-5 I/O-4] DEBUG o.s.c.c.CharSequenceEncoder - [da6d36c] Writing "985. foo bar"
14:00:03.156 [XNIO-5 I/O-4] DEBUG o.s.c.c.CharSequenceEncoder - [da6d36c] Writing "986. foo bar"
14:00:03.156 [XNIO-5 I/O-4] DEBUG o.s.c.c.CharSequenceEncoder - [da6d36c] Writing "987. foo bar"
14:00:03.157 [XNIO-5 I/O-4] DEBUG o.s.c.c.CharSequenceEncoder - [da6d36c] Writing "988. foo bar"
14:00:03.157 [XNIO-5 I/O-4] DEBUG o.s.c.c.CharSequenceEncoder - [da6d36c] Writing "989. foo bar"
14:00:03.158 [XNIO-5 I/O-4] DEBUG o.s.c.c.CharSequenceEncoder - [da6d36c] Writing "990. foo bar"
14:00:03.158 [XNIO-5 I/O-4] DEBUG o.s.c.c.CharSequenceEncoder - [da6d36c] Writing "991. foo bar"
14:00:03.158 [XNIO-5 I/O-4] DEBUG o.s.c.c.CharSequenceEncoder - [da6d36c] Writing "992. foo bar"
14:00:03.158 [XNIO-5 I/O-4] DEBUG o.s.c.c.CharSequenceEncoder - [da6d36c] Writing "993. foo bar"
14:00:03.158 [XNIO-5 I/O-4] DEBUG o.s.c.c.CharSequenceEncoder - [da6d36c] Writing "994. foo bar"
14:00:03.158 [XNIO-5 I/O-4] DEBUG o.s.c.c.CharSequenceEncoder - [da6d36c] Writing "995. foo bar"
14:00:03.158 [XNIO-5 I/O-4] DEBUG o.s.c.c.CharSequenceEncoder - [da6d36c] Writing "996. foo bar"
14:00:03.158 [XNIO-5 I/O-4] DEBUG o.s.c.c.CharSequenceEncoder - [da6d36c] Writing "997. foo bar"
14:00:03.159 [XNIO-5 I/O-4] DEBUG o.s.c.c.CharSequenceEncoder - [da6d36c] Writing "998. foo bar"
14:00:03.159 [XNIO-5 I/O-4] DEBUG o.s.c.c.CharSequenceEncoder - [da6d36c] Writing "999. foo bar"
14:00:03.159 [XNIO-5 I/O-4] ERROR o.s.w.s.a.HttpWebHandlerAdapter - [da6d36c] Error [java.lang.RuntimeException: Random error] for HTTP GET "/SPR-16051", but ServerHttpResponse already committed (200 OK)
14:00:03.159 [XNIO-5 I/O-4] DEBUG o.s.h.s.r.UndertowHttpHandlerAdapter - [da6d36c] Closing connection
14:00:03.160 [Test worker] DEBUG o.s.w.t.h.s.r.b.UndertowHttpServer - Stopping UndertowHttpServer...
14:00:03.160 [Test worker] INFO  i.undertow - stopping server: Undertow - 2.0.30.Final
14:00:03.162 [Test worker] DEBUG o.s.w.t.h.s.r.b.UndertowHttpServer - Server stopped (0 millis).
14:00:03.250 [Test worker] DEBUG o.s.w.r.r.m.a.RequestMappingHandlerMapping - 6 mappings in 'requestMappingHandlerMapping'
14:00:03.295 [Test worker] DEBUG o.s.w.r.r.m.a.ControllerMethodResolver - ControllerAdvice beans: none
14:00:03.351 [Test worker] DEBUG o.s.w.s.a.HttpWebHandlerAdapter - enableLoggingRequestDetails='false': form data and headers will be masked to prevent unsafe logging of potentially sensitive data
14:00:03.351 [Test worker] WARN  o.e.j.s.h.ContextHandler - Empty contextPath
14:00:03.352 [Test worker] INFO  o.e.j.s.h.ContextHandler - Started o.e.j.s.ServletContextHandler@219b2e91{/,null,AVAILABLE}
14:00:03.352 [Test worker] DEBUG o.s.w.t.h.s.r.b.JettyHttpServer - Starting JettyHttpServer...
14:00:03.352 [Test worker] INFO  o.e.j.s.Server - jetty-9.4.29.v20200521; built: 2020-05-21T17:20:40.598Z; git: 77c232aed8a45c818fd27232278d9f95a021095e; jvm 1.8.0_232-b09
14:00:03.433 [Test worker] INFO  o.e.j.s.AbstractConnector - Started ServerConnector@da3ea8{HTTP/1.1, (http/1.1)}{0.0.0.0:43391}
14:00:03.433 [Test worker] INFO  o.e.j.s.Server - Started @23599ms
14:00:03.433 [Test worker] DEBUG o.s.w.t.h.s.r.b.JettyHttpServer - Server started on port 43391(0 millis).
14:00:03.433 [Test worker] DEBUG o.s.w.c.RestTemplate - HTTP GET http://localhost:43391/thrown-exception-with-cause
14:00:03.433 [Test worker] DEBUG o.s.w.c.RestTemplate - Accept=[text/plain, application/json, application/x-jackson-smile, application/*+json, */*]
14:00:03.446 [qtp447989296-218] DEBUG o.s.w.s.a.HttpWebHandlerAdapter - [5b22463] HTTP GET "/thrown-exception-with-cause"
14:00:03.447 [qtp447989296-218] DEBUG o.s.w.r.r.m.a.RequestMappingHandlerMapping - [5b22463] Mapped to org.springframework.web.reactive.result.method.annotation.RequestMappingExceptionHandlingIntegrationTests$TestController#handleAndThrowExceptionWithCause()
14:00:03.458 [qtp447989296-218] DEBUG o.s.w.r.r.m.a.RequestMappingHandlerAdapter - [5b22463] Using @ExceptionHandler org.springframework.web.reactive.result.method.annotation.RequestMappingExceptionHandlingIntegrationTests$TestController#handleStateException(IllegalStateException)
14:00:03.459 [qtp447989296-218] DEBUG o.s.w.r.r.m.a.ResponseEntityResultHandler - Using 'text/plain;charset=UTF-8' given [text/plain, application/json, application/x-jackson-smile, application/*+json, */*] and supported [text/plain;charset=UTF-8, text/event-stream, text/plain;charset=UTF-8, */*]
14:00:03.459 [qtp447989296-218] DEBUG o.s.w.r.r.m.a.ResponseEntityResultHandler - [5b22463] 0..1 [java.lang.String]
14:00:03.459 [qtp447989296-218] DEBUG o.s.c.c.CharSequenceEncoder - [5b22463] Writing "Recovered from error: State"
14:00:03.462 [qtp447989296-218] DEBUG o.s.w.s.a.HttpWebHandlerAdapter - [5b22463] Completed 200 OK
14:00:03.468 [Test worker] DEBUG o.s.w.c.RestTemplate - Response 200 OK
14:00:03.468 [Test worker] DEBUG o.s.w.c.RestTemplate - Reading to [java.lang.String] as "text/plain;charset=utf-8"
14:00:03.469 [Test worker] DEBUG o.s.w.t.h.s.r.b.JettyHttpServer - Stopping JettyHttpServer...
14:00:03.469 [Test worker] INFO  o.e.j.s.h.ContextHandler - Stopped o.e.j.s.ServletContextHandler@219b2e91{/,null,UNAVAILABLE}
14:00:03.474 [Test worker] INFO  o.e.j.s.AbstractConnector - Stopped ServerConnector@da3ea8{HTTP/1.1, (http/1.1)}{0.0.0.0:0}
14:00:03.483 [Test worker] DEBUG o.s.w.t.h.s.r.b.JettyHttpServer - Server stopped (0 millis).
14:00:03.554 [Test worker] DEBUG o.s.w.r.r.m.a.RequestMappingHandlerMapping - 6 mappings in 'requestMappingHandlerMapping'
14:00:03.565 [Test worker] DEBUG o.s.w.r.r.m.a.ControllerMethodResolver - ControllerAdvice beans: none
14:00:03.577 [Test worker] DEBUG o.s.w.s.a.HttpWebHandlerAdapter - enableLoggingRequestDetails='false': form data and headers will be masked to prevent unsafe logging of potentially sensitive data
14:00:03.577 [Test worker] DEBUG o.s.w.t.h.s.r.b.ReactorHttpServer - Starting ReactorHttpServer...
14:00:03.589 [Test worker] DEBUG o.s.w.t.h.s.r.b.ReactorHttpServer - Server started on port 35145(0 millis).
14:00:03.589 [Test worker] DEBUG o.s.w.c.RestTemplate - HTTP GET http://localhost:35145/thrown-exception-with-cause
14:00:03.590 [Test worker] DEBUG o.s.w.c.RestTemplate - Accept=[text/plain, application/json, application/x-jackson-smile, application/*+json, */*]
14:00:03.594 [reactor-http-epoll-4] DEBUG o.s.w.s.a.HttpWebHandlerAdapter - [363d0402-6] HTTP GET "/thrown-exception-with-cause"
14:00:03.594 [reactor-http-epoll-4] DEBUG o.s.w.r.r.m.a.RequestMappingHandlerMapping - [363d0402-6] Mapped to org.springframework.web.reactive.result.method.annotation.RequestMappingExceptionHandlingIntegrationTests$TestController#handleAndThrowExceptionWithCause()
14:00:03.595 [reactor-http-epoll-4] DEBUG o.s.w.r.r.m.a.RequestMappingHandlerAdapter - [363d0402-6] Using @ExceptionHandler org.springframework.web.reactive.result.method.annotation.RequestMappingExceptionHandlingIntegrationTests$TestController#handleStateException(IllegalStateException)
14:00:03.595 [reactor-http-epoll-4] DEBUG o.s.w.r.r.m.a.ResponseEntityResultHandler - Using 'text/plain;charset=UTF-8' given [text/plain, application/json, application/x-jackson-smile, application/*+json, */*] and supported [text/plain;charset=UTF-8, text/event-stream, text/plain;charset=UTF-8, */*]
14:00:03.595 [reactor-http-epoll-4] DEBUG o.s.w.r.r.m.a.ResponseEntityResultHandler - [363d0402-6] 0..1 [java.lang.String]
14:00:03.596 [reactor-http-epoll-4] DEBUG o.s.c.c.CharSequenceEncoder - [363d0402-6] Writing "Recovered from error: State"
14:00:03.596 [reactor-http-epoll-4] DEBUG o.s.w.s.a.HttpWebHandlerAdapter - [363d0402-6] Completed 200 OK
14:00:03.596 [Test worker] DEBUG o.s.w.c.RestTemplate - Response 200 OK
14:00:03.597 [Test worker] DEBUG o.s.w.c.RestTemplate - Reading to [java.lang.String] as "text/plain;charset=UTF-8"
14:00:03.598 [Test worker] DEBUG o.s.w.t.h.s.r.b.ReactorHttpServer - Stopping ReactorHttpServer...
14:00:03.598 [Test worker] DEBUG o.s.w.t.h.s.r.b.ReactorHttpServer - Server stopped (0 millis).
14:00:03.688 [Test worker] DEBUG o.s.w.r.r.m.a.RequestMappingHandlerMapping - 6 mappings in 'requestMappingHandlerMapping'
14:00:03.716 [Test worker] DEBUG o.s.w.r.r.m.a.ControllerMethodResolver - ControllerAdvice beans: none
14:00:03.761 [Test worker] DEBUG o.s.w.s.a.HttpWebHandlerAdapter - enableLoggingRequestDetails='false': form data and headers will be masked to prevent unsafe logging of potentially sensitive data
14:00:03.761 [Test worker] DEBUG o.s.w.t.h.s.r.b.TomcatHttpServer - Starting TomcatHttpServer...
14:00:03.964 [Test worker] DEBUG o.s.w.t.h.s.r.b.TomcatHttpServer - Server started on port 43293(0 millis).
14:00:03.966 [Test worker] DEBUG o.s.w.c.RestTemplate - HTTP GET http://localhost:43293/thrown-exception-with-cause
14:00:03.967 [Test worker] DEBUG o.s.w.c.RestTemplate - Accept=[text/plain, application/json, application/x-jackson-smile, application/*+json, */*]
14:00:03.981 [http-nio-auto-6-exec-1] DEBUG o.s.w.s.a.HttpWebHandlerAdapter - [459a8a01] HTTP GET "/thrown-exception-with-cause"
14:00:03.982 [http-nio-auto-6-exec-1] DEBUG o.s.w.r.r.m.a.RequestMappingHandlerMapping - [459a8a01] Mapped to org.springframework.web.reactive.result.method.annotation.RequestMappingExceptionHandlingIntegrationTests$TestController#handleAndThrowExceptionWithCause()
14:00:03.982 [http-nio-auto-6-exec-1] DEBUG o.s.w.r.r.m.a.RequestMappingHandlerAdapter - [459a8a01] Using @ExceptionHandler org.springframework.web.reactive.result.method.annotation.RequestMappingExceptionHandlingIntegrationTests$TestController#handleStateException(IllegalStateException)
14:00:03.983 [http-nio-auto-6-exec-1] DEBUG o.s.w.r.r.m.a.ResponseEntityResultHandler - Using 'text/plain;charset=UTF-8' given [text/plain, application/json, application/x-jackson-smile, application/*+json, */*] and supported [text/plain;charset=UTF-8, text/event-stream, text/plain;charset=UTF-8, */*]
14:00:03.983 [http-nio-auto-6-exec-1] DEBUG o.s.w.r.r.m.a.ResponseEntityResultHandler - [459a8a01] 0..1 [java.lang.String]
14:00:03.983 [http-nio-auto-6-exec-1] DEBUG o.s.c.c.CharSequenceEncoder - [459a8a01] Writing "Recovered from error: State"
14:00:03.984 [http-nio-auto-6-exec-1] DEBUG o.s.w.s.a.HttpWebHandlerAdapter - [459a8a01] Completed 200 OK
14:00:03.984 [Test worker] DEBUG o.s.w.c.RestTemplate - Response 200 OK
14:00:03.984 [Test worker] DEBUG o.s.w.c.RestTemplate - Reading to [java.lang.String] as "text/plain;charset=UTF-8"
14:00:03.985 [Test worker] DEBUG o.s.w.t.h.s.r.b.TomcatHttpServer - Stopping TomcatHttpServer...
14:00:03.999 [Test worker] DEBUG o.s.w.t.h.s.r.b.TomcatHttpServer - Server stopped (0 millis).
14:00:04.057 [Test worker] DEBUG o.s.w.r.r.m.a.RequestMappingHandlerMapping - 6 mappings in 'requestMappingHandlerMapping'
14:00:04.078 [Test worker] DEBUG o.s.w.r.r.m.a.ControllerMethodResolver - ControllerAdvice beans: none
14:00:04.102 [Test worker] DEBUG o.s.w.s.a.HttpWebHandlerAdapter - enableLoggingRequestDetails='false': form data and headers will be masked to prevent unsafe logging of potentially sensitive data
14:00:04.102 [Test worker] DEBUG o.s.w.t.h.s.r.b.UndertowHttpServer - Starting UndertowHttpServer...
14:00:04.102 [Test worker] INFO  i.undertow - starting server: Undertow - 2.0.30.Final
14:00:04.144 [Test worker] DEBUG o.s.w.t.h.s.r.b.UndertowHttpServer - Server started on port 39947(0 millis).
14:00:04.144 [Test worker] DEBUG o.s.w.c.RestTemplate - HTTP GET http://localhost:39947/thrown-exception-with-cause
14:00:04.144 [Test worker] DEBUG o.s.w.c.RestTemplate - Accept=[text/plain, application/json, application/x-jackson-smile, application/*+json, */*]
14:00:04.147 [XNIO-6 I/O-2] DEBUG o.s.w.s.a.HttpWebHandlerAdapter - [e1d78b4] HTTP GET "/thrown-exception-with-cause"
14:00:04.147 [XNIO-6 I/O-2] DEBUG o.s.w.r.r.m.a.RequestMappingHandlerMapping - [e1d78b4] Mapped to org.springframework.web.reactive.result.method.annotation.RequestMappingExceptionHandlingIntegrationTests$TestController#handleAndThrowExceptionWithCause()
14:00:04.148 [XNIO-6 I/O-2] DEBUG o.s.w.r.r.m.a.RequestMappingHandlerAdapter - [e1d78b4] Using @ExceptionHandler org.springframework.web.reactive.result.method.annotation.RequestMappingExceptionHandlingIntegrationTests$TestController#handleStateException(IllegalStateException)
14:00:04.148 [XNIO-6 I/O-2] DEBUG o.s.w.r.r.m.a.ResponseEntityResultHandler - Using 'text/plain;charset=UTF-8' given [text/plain, application/json, application/x-jackson-smile, application/*+json, */*] and supported [text/plain;charset=UTF-8, text/event-stream, text/plain;charset=UTF-8, */*]
14:00:04.148 [XNIO-6 I/O-2] DEBUG o.s.w.r.r.m.a.ResponseEntityResultHandler - [e1d78b4] 0..1 [java.lang.String]
14:00:04.148 [XNIO-6 I/O-2] DEBUG o.s.c.c.CharSequenceEncoder - [e1d78b4] Writing "Recovered from error: State"
14:00:04.149 [XNIO-6 I/O-2] DEBUG o.s.w.s.a.HttpWebHandlerAdapter - [e1d78b4] Completed 200 OK
14:00:04.149 [Test worker] DEBUG o.s.w.c.RestTemplate - Response 200 OK
14:00:04.149 [Test worker] DEBUG o.s.w.c.RestTemplate - Reading to [java.lang.String] as "text/plain;charset=UTF-8"
14:00:04.149 [Test worker] DEBUG o.s.w.t.h.s.r.b.UndertowHttpServer - Stopping UndertowHttpServer...
14:00:04.149 [Test worker] INFO  i.undertow - stopping server: Undertow - 2.0.30.Final
14:00:04.152 [Test worker] DEBUG o.s.w.t.h.s.r.b.UndertowHttpServer - Server stopped (0 millis).
]]></system-out>
  <system-err><![CDATA[]]></system-err>
</testsuite>
