<?xml version="1.0" encoding="UTF-8"?>
<testsuite name="org.springframework.web.reactive.result.method.annotation.RequestMappingExceptionHandlingIntegrationTests" tests="24" skipped="0" failures="0" errors="0" timestamp="2021-06-20T08:11:01" hostname="gankangdembp" time="21.351">
  <properties/>
  <testcase name="errorBeforeFirstItem(HttpServer)[1]" classname="org.springframework.web.reactive.result.method.annotation.RequestMappingExceptionHandlingIntegrationTests" time="4.459"/>
  <testcase name="errorBeforeFirstItem(HttpServer)[2]" classname="org.springframework.web.reactive.result.method.annotation.RequestMappingExceptionHandlingIntegrationTests" time="1.661"/>
  <testcase name="errorBeforeFirstItem(HttpServer)[3]" classname="org.springframework.web.reactive.result.method.annotation.RequestMappingExceptionHandlingIntegrationTests" time="3.237"/>
  <testcase name="errorBeforeFirstItem(HttpServer)[4]" classname="org.springframework.web.reactive.result.method.annotation.RequestMappingExceptionHandlingIntegrationTests" time="1.297"/>
  <testcase name="thrownExceptionWithCauseToHandle(HttpServer)[1]" classname="org.springframework.web.reactive.result.method.annotation.RequestMappingExceptionHandlingIntegrationTests" time="0.406"/>
  <testcase name="thrownExceptionWithCauseToHandle(HttpServer)[2]" classname="org.springframework.web.reactive.result.method.annotation.RequestMappingExceptionHandlingIntegrationTests" time="0.385"/>
  <testcase name="thrownExceptionWithCauseToHandle(HttpServer)[3]" classname="org.springframework.web.reactive.result.method.annotation.RequestMappingExceptionHandlingIntegrationTests" time="0.498"/>
  <testcase name="thrownExceptionWithCauseToHandle(HttpServer)[4]" classname="org.springframework.web.reactive.result.method.annotation.RequestMappingExceptionHandlingIntegrationTests" time="0.426"/>
  <testcase name="exceptionFromMethodWithProducesCondition(HttpServer)[1]" classname="org.springframework.web.reactive.result.method.annotation.RequestMappingExceptionHandlingIntegrationTests" time="0.455"/>
  <testcase name="exceptionFromMethodWithProducesCondition(HttpServer)[2]" classname="org.springframework.web.reactive.result.method.annotation.RequestMappingExceptionHandlingIntegrationTests" time="0.444"/>
  <testcase name="exceptionFromMethodWithProducesCondition(HttpServer)[3]" classname="org.springframework.web.reactive.result.method.annotation.RequestMappingExceptionHandlingIntegrationTests" time="0.447"/>
  <testcase name="exceptionFromMethodWithProducesCondition(HttpServer)[4]" classname="org.springframework.web.reactive.result.method.annotation.RequestMappingExceptionHandlingIntegrationTests" time="0.437"/>
  <testcase name="thrownException(HttpServer)[1]" classname="org.springframework.web.reactive.result.method.annotation.RequestMappingExceptionHandlingIntegrationTests" time="0.402"/>
  <testcase name="thrownException(HttpServer)[2]" classname="org.springframework.web.reactive.result.method.annotation.RequestMappingExceptionHandlingIntegrationTests" time="0.369"/>
  <testcase name="thrownException(HttpServer)[3]" classname="org.springframework.web.reactive.result.method.annotation.RequestMappingExceptionHandlingIntegrationTests" time="0.419"/>
  <testcase name="thrownException(HttpServer)[4]" classname="org.springframework.web.reactive.result.method.annotation.RequestMappingExceptionHandlingIntegrationTests" time="0.438"/>
  <testcase name="exceptionAfterSeveralItems(HttpServer)[1]" classname="org.springframework.web.reactive.result.method.annotation.RequestMappingExceptionHandlingIntegrationTests" time="1.014"/>
  <testcase name="exceptionAfterSeveralItems(HttpServer)[2]" classname="org.springframework.web.reactive.result.method.annotation.RequestMappingExceptionHandlingIntegrationTests" time="1.414"/>
  <testcase name="exceptionAfterSeveralItems(HttpServer)[3]" classname="org.springframework.web.reactive.result.method.annotation.RequestMappingExceptionHandlingIntegrationTests" time="0.315"/>
  <testcase name="exceptionAfterSeveralItems(HttpServer)[4]" classname="org.springframework.web.reactive.result.method.annotation.RequestMappingExceptionHandlingIntegrationTests" time="0.514"/>
  <testcase name="thrownExceptionWithCause(HttpServer)[1]" classname="org.springframework.web.reactive.result.method.annotation.RequestMappingExceptionHandlingIntegrationTests" time="0.361"/>
  <testcase name="thrownExceptionWithCause(HttpServer)[2]" classname="org.springframework.web.reactive.result.method.annotation.RequestMappingExceptionHandlingIntegrationTests" time="0.336"/>
  <testcase name="thrownExceptionWithCause(HttpServer)[3]" classname="org.springframework.web.reactive.result.method.annotation.RequestMappingExceptionHandlingIntegrationTests" time="0.394"/>
  <testcase name="thrownExceptionWithCause(HttpServer)[4]" classname="org.springframework.web.reactive.result.method.annotation.RequestMappingExceptionHandlingIntegrationTests" time="0.381"/>
  <system-out><![CDATA[16:11:01.503 [Test worker] WARN  o.s.h.c.j.Jackson2ObjectMapperBuilder - For Jackson Kotlin classes support please add "com.fasterxml.jackson.module:jackson-module-kotlin" to the classpath
16:11:02.093 [Test worker] DEBUG o.s.w.r.r.m.a.RequestMappingHandlerMapping - 6 mappings in 'requestMappingHandlerMapping'
16:11:02.821 [Test worker] INFO  o.h.v.i.u.Version - HV000001: Hibernate Validator 6.1.7.Final
16:11:04.315 [Test worker] DEBUG o.s.w.r.r.m.a.ControllerMethodResolver - ControllerAdvice beans: none
16:11:04.554 [Test worker] DEBUG o.s.w.s.a.HttpWebHandlerAdapter - enableLoggingRequestDetails='false': form data and headers will be masked to prevent unsafe logging of potentially sensitive data
16:11:04.635 [Test worker] INFO  o.e.j.u.log - Logging initialized @32523ms to org.eclipse.jetty.util.log.Slf4jLog
16:11:04.813 [Test worker] WARN  o.e.j.s.h.ContextHandler - Empty contextPath
16:11:05.007 [Test worker] INFO  o.e.j.s.h.ContextHandler - Started o.e.j.s.ServletContextHandler@40df6c6d{/,null,AVAILABLE}
16:11:05.131 [Test worker] DEBUG o.s.w.t.h.s.r.b.JettyHttpServer - Starting JettyHttpServer...
16:11:05.201 [Test worker] INFO  o.e.j.s.Server - jetty-9.4.31.v20200723; built: 2020-07-23T17:57:36.812Z; git: 450ba27947e13e66baa8cd1ce7e85a4461cacc1d; jvm 1.8.0_201-b09
16:11:05.300 [Test worker] INFO  o.e.j.s.AbstractConnector - Started ServerConnector@7f41849d{HTTP/1.1, (http/1.1)}{0.0.0.0:54675}
16:11:05.301 [Test worker] INFO  o.e.j.s.Server - Started @33191ms
16:11:05.301 [Test worker] DEBUG o.s.w.t.h.s.r.b.JettyHttpServer - Server started on port 54675(0 millis).
16:11:05.323 [Test worker] DEBUG o.s.w.c.RestTemplate - HTTP GET http://localhost:54675/mono-error
16:11:05.393 [Test worker] DEBUG o.s.w.c.RestTemplate - Accept=[text/plain, application/json, application/x-jackson-smile, application/*+json, */*]
16:11:05.736 [qtp327592082-24] DEBUG o.s.w.s.a.HttpWebHandlerAdapter - [94eda49] HTTP GET "/mono-error"
16:11:05.773 [qtp327592082-24] DEBUG o.s.w.r.r.m.a.RequestMappingHandlerMapping - [94eda49] Mapped to org.springframework.web.reactive.result.method.annotation.RequestMappingExceptionHandlingIntegrationTests$TestController#handleWithError()
16:11:05.804 [qtp327592082-24] DEBUG o.s.w.r.r.m.a.ResponseBodyResultHandler - Using 'text/plain;charset=UTF-8' given [text/plain, application/json, application/x-jackson-smile, application/*+json, */*] and supported [text/plain;charset=UTF-8, text/event-stream, text/plain;charset=UTF-8, */*]
16:11:05.805 [qtp327592082-24] DEBUG o.s.w.r.r.m.a.ResponseBodyResultHandler - [94eda49] 0..1 [java.lang.String]
16:11:05.886 [qtp327592082-24] DEBUG o.s.w.r.r.m.a.RequestMappingHandlerAdapter - [94eda49] Using @ExceptionHandler org.springframework.web.reactive.result.method.annotation.RequestMappingExceptionHandlingIntegrationTests$TestController#handleArgumentException(IllegalArgumentException)
16:11:05.893 [qtp327592082-24] DEBUG o.s.w.r.r.m.a.ResponseBodyResultHandler - Using 'text/plain;charset=UTF-8' given [text/plain, application/json, application/x-jackson-smile, application/*+json, */*] and supported [text/plain;charset=UTF-8, text/event-stream, text/plain;charset=UTF-8, */*]
16:11:05.894 [qtp327592082-24] DEBUG o.s.w.r.r.m.a.ResponseBodyResultHandler - [94eda49] 0..1 [java.lang.String]
16:11:05.895 [qtp327592082-24] DEBUG o.s.c.c.CharSequenceEncoder - [94eda49] Writing "Recovered from error: Argument"
16:11:05.971 [qtp327592082-24] DEBUG o.s.w.s.a.HttpWebHandlerAdapter - [94eda49] Completed 200 OK
16:11:05.972 [Test worker] DEBUG o.s.w.c.RestTemplate - Response 200 OK
16:11:05.973 [Test worker] DEBUG o.s.w.c.RestTemplate - Reading to [java.lang.String] as "text/plain;charset=utf-8"
16:11:05.982 [Test worker] DEBUG o.s.w.t.h.s.r.b.JettyHttpServer - Stopping JettyHttpServer...
16:11:05.987 [Test worker] INFO  o.e.j.s.h.ContextHandler - Stopped o.e.j.s.ServletContextHandler@40df6c6d{/,null,UNAVAILABLE}
16:11:06.003 [Test worker] INFO  o.e.j.s.AbstractConnector - Stopped ServerConnector@7f41849d{HTTP/1.1, (http/1.1)}{0.0.0.0:0}
16:11:06.025 [Test worker] DEBUG o.s.w.t.h.s.r.b.JettyHttpServer - Server stopped (0 millis).
16:11:06.166 [Test worker] DEBUG o.s.w.r.r.m.a.RequestMappingHandlerMapping - 6 mappings in 'requestMappingHandlerMapping'
16:11:06.289 [Test worker] DEBUG o.s.w.r.r.m.a.ControllerMethodResolver - ControllerAdvice beans: none
16:11:06.405 [Test worker] DEBUG o.s.w.s.a.HttpWebHandlerAdapter - enableLoggingRequestDetails='false': form data and headers will be masked to prevent unsafe logging of potentially sensitive data
16:11:06.667 [Test worker] DEBUG o.s.w.t.h.s.r.b.ReactorHttpServer - Starting ReactorHttpServer...
16:11:07.441 [Test worker] DEBUG o.s.w.t.h.s.r.b.ReactorHttpServer - Server started on port 54681(0 millis).
16:11:07.442 [Test worker] DEBUG o.s.w.c.RestTemplate - HTTP GET http://localhost:54681/mono-error
16:11:07.442 [Test worker] DEBUG o.s.w.c.RestTemplate - Accept=[text/plain, application/json, application/x-jackson-smile, application/*+json, */*]
16:11:07.688 [reactor-http-nio-2] DEBUG o.s.w.s.a.HttpWebHandlerAdapter - [e53e784d-1] HTTP GET "/mono-error"
16:11:07.690 [reactor-http-nio-2] DEBUG o.s.w.r.r.m.a.RequestMappingHandlerMapping - [e53e784d-1] Mapped to org.springframework.web.reactive.result.method.annotation.RequestMappingExceptionHandlingIntegrationTests$TestController#handleWithError()
16:11:07.694 [reactor-http-nio-2] DEBUG o.s.w.r.r.m.a.ResponseBodyResultHandler - Using 'text/plain;charset=UTF-8' given [text/plain, application/json, application/x-jackson-smile, application/*+json, */*] and supported [text/plain;charset=UTF-8, text/event-stream, text/plain;charset=UTF-8, */*]
16:11:07.695 [reactor-http-nio-2] DEBUG o.s.w.r.r.m.a.ResponseBodyResultHandler - [e53e784d-1] 0..1 [java.lang.String]
16:11:07.697 [reactor-http-nio-2] DEBUG o.s.w.r.r.m.a.RequestMappingHandlerAdapter - [e53e784d-1] Using @ExceptionHandler org.springframework.web.reactive.result.method.annotation.RequestMappingExceptionHandlingIntegrationTests$TestController#handleArgumentException(IllegalArgumentException)
16:11:07.698 [reactor-http-nio-2] DEBUG o.s.w.r.r.m.a.ResponseBodyResultHandler - Using 'text/plain;charset=UTF-8' given [text/plain, application/json, application/x-jackson-smile, application/*+json, */*] and supported [text/plain;charset=UTF-8, text/event-stream, text/plain;charset=UTF-8, */*]
16:11:07.698 [reactor-http-nio-2] DEBUG o.s.w.r.r.m.a.ResponseBodyResultHandler - [e53e784d-1] 0..1 [java.lang.String]
16:11:07.699 [reactor-http-nio-2] DEBUG o.s.c.c.CharSequenceEncoder - [e53e784d-1] Writing "Recovered from error: Argument"
16:11:07.710 [Test worker] DEBUG o.s.w.c.RestTemplate - Response 200 OK
16:11:07.711 [Test worker] DEBUG o.s.w.c.RestTemplate - Reading to [java.lang.String] as "text/plain;charset=UTF-8"
16:11:07.712 [Test worker] DEBUG o.s.w.t.h.s.r.b.ReactorHttpServer - Stopping ReactorHttpServer...
16:11:07.714 [Test worker] DEBUG o.s.w.t.h.s.r.b.ReactorHttpServer - Server stopped (0 millis).
16:11:07.741 [reactor-http-nio-2] DEBUG o.s.w.s.a.HttpWebHandlerAdapter - [e53e784d-1] Completed 200 OK
16:11:07.802 [Test worker] DEBUG o.s.w.r.r.m.a.RequestMappingHandlerMapping - 6 mappings in 'requestMappingHandlerMapping'
16:11:07.897 [Test worker] DEBUG o.s.w.r.r.m.a.ControllerMethodResolver - ControllerAdvice beans: none
16:11:07.958 [Test worker] DEBUG o.s.w.s.a.HttpWebHandlerAdapter - enableLoggingRequestDetails='false': form data and headers will be masked to prevent unsafe logging of potentially sensitive data
16:11:08.360 [Test worker] DEBUG o.s.w.t.h.s.r.b.TomcatHttpServer - Starting TomcatHttpServer...
16:11:10.593 [Test worker] DEBUG o.s.w.t.h.s.r.b.TomcatHttpServer - Server started on port 54691(0 millis).
16:11:10.594 [Test worker] DEBUG o.s.w.c.RestTemplate - HTTP GET http://localhost:54691/mono-error
16:11:10.594 [Test worker] DEBUG o.s.w.c.RestTemplate - Accept=[text/plain, application/json, application/x-jackson-smile, application/*+json, */*]
16:11:10.860 [http-nio-auto-1-exec-1] DEBUG o.s.w.s.a.HttpWebHandlerAdapter - [67ea025f] HTTP GET "/mono-error"
16:11:10.861 [http-nio-auto-1-exec-1] DEBUG o.s.w.r.r.m.a.RequestMappingHandlerMapping - [67ea025f] Mapped to org.springframework.web.reactive.result.method.annotation.RequestMappingExceptionHandlingIntegrationTests$TestController#handleWithError()
16:11:10.864 [http-nio-auto-1-exec-1] DEBUG o.s.w.r.r.m.a.ResponseBodyResultHandler - Using 'text/plain;charset=UTF-8' given [text/plain, application/json, application/x-jackson-smile, application/*+json, */*] and supported [text/plain;charset=UTF-8, text/event-stream, text/plain;charset=UTF-8, */*]
16:11:10.864 [http-nio-auto-1-exec-1] DEBUG o.s.w.r.r.m.a.ResponseBodyResultHandler - [67ea025f] 0..1 [java.lang.String]
16:11:10.894 [http-nio-auto-1-exec-1] DEBUG o.s.w.r.r.m.a.RequestMappingHandlerAdapter - [67ea025f] Using @ExceptionHandler org.springframework.web.reactive.result.method.annotation.RequestMappingExceptionHandlingIntegrationTests$TestController#handleArgumentException(IllegalArgumentException)
16:11:10.895 [http-nio-auto-1-exec-1] DEBUG o.s.w.r.r.m.a.ResponseBodyResultHandler - Using 'text/plain;charset=UTF-8' given [text/plain, application/json, application/x-jackson-smile, application/*+json, */*] and supported [text/plain;charset=UTF-8, text/event-stream, text/plain;charset=UTF-8, */*]
16:11:10.895 [http-nio-auto-1-exec-1] DEBUG o.s.w.r.r.m.a.ResponseBodyResultHandler - [67ea025f] 0..1 [java.lang.String]
16:11:10.895 [http-nio-auto-1-exec-1] DEBUG o.s.c.c.CharSequenceEncoder - [67ea025f] Writing "Recovered from error: Argument"
16:11:10.902 [Test worker] DEBUG o.s.w.c.RestTemplate - Response 200 OK
16:11:10.903 [Test worker] DEBUG o.s.w.c.RestTemplate - Reading to [java.lang.String] as "text/plain;charset=UTF-8"
16:11:10.904 [Test worker] DEBUG o.s.w.t.h.s.r.b.TomcatHttpServer - Stopping TomcatHttpServer...
16:11:10.902 [http-nio-auto-1-exec-1] DEBUG o.s.w.s.a.HttpWebHandlerAdapter - [67ea025f] Completed 200 OK
16:11:10.966 [Test worker] DEBUG o.s.w.t.h.s.r.b.TomcatHttpServer - Server stopped (0 millis).
16:11:11.208 [Test worker] DEBUG o.s.w.r.r.m.a.RequestMappingHandlerMapping - 6 mappings in 'requestMappingHandlerMapping'
16:11:11.293 [Test worker] DEBUG o.s.w.r.r.m.a.ControllerMethodResolver - ControllerAdvice beans: none
16:11:11.430 [Test worker] DEBUG o.s.w.s.a.HttpWebHandlerAdapter - enableLoggingRequestDetails='false': form data and headers will be masked to prevent unsafe logging of potentially sensitive data
16:11:11.462 [Test worker] DEBUG o.s.w.t.h.s.r.b.UndertowHttpServer - Starting UndertowHttpServer...
16:11:11.525 [Test worker] INFO  i.undertow - starting server: Undertow - 2.0.32.Final
16:11:11.553 [Test worker] INFO  o.xnio - XNIO version 3.3.8.Final
16:11:11.707 [Test worker] INFO  o.x.nio - XNIO NIO Implementation Version 3.3.8.Final
16:11:12.176 [Test worker] DEBUG o.s.w.t.h.s.r.b.UndertowHttpServer - Server started on port 54697(0 millis).
16:11:12.176 [Test worker] DEBUG o.s.w.c.RestTemplate - HTTP GET http://localhost:54697/mono-error
16:11:12.177 [Test worker] DEBUG o.s.w.c.RestTemplate - Accept=[text/plain, application/json, application/x-jackson-smile, application/*+json, */*]
16:11:12.254 [XNIO-1 I/O-6] DEBUG o.s.w.s.a.HttpWebHandlerAdapter - [4494ccd8] HTTP GET "/mono-error"
16:11:12.255 [XNIO-1 I/O-6] DEBUG o.s.w.r.r.m.a.RequestMappingHandlerMapping - [4494ccd8] Mapped to org.springframework.web.reactive.result.method.annotation.RequestMappingExceptionHandlingIntegrationTests$TestController#handleWithError()
16:11:12.258 [XNIO-1 I/O-6] DEBUG o.s.w.r.r.m.a.ResponseBodyResultHandler - Using 'text/plain;charset=UTF-8' given [text/plain, application/json, application/x-jackson-smile, application/*+json, */*] and supported [text/plain;charset=UTF-8, text/event-stream, text/plain;charset=UTF-8, */*]
16:11:12.258 [XNIO-1 I/O-6] DEBUG o.s.w.r.r.m.a.ResponseBodyResultHandler - [4494ccd8] 0..1 [java.lang.String]
16:11:12.259 [XNIO-1 I/O-6] DEBUG o.s.w.r.r.m.a.RequestMappingHandlerAdapter - [4494ccd8] Using @ExceptionHandler org.springframework.web.reactive.result.method.annotation.RequestMappingExceptionHandlingIntegrationTests$TestController#handleArgumentException(IllegalArgumentException)
16:11:12.260 [XNIO-1 I/O-6] DEBUG o.s.w.r.r.m.a.ResponseBodyResultHandler - Using 'text/plain;charset=UTF-8' given [text/plain, application/json, application/x-jackson-smile, application/*+json, */*] and supported [text/plain;charset=UTF-8, text/event-stream, text/plain;charset=UTF-8, */*]
16:11:12.261 [XNIO-1 I/O-6] DEBUG o.s.w.r.r.m.a.ResponseBodyResultHandler - [4494ccd8] 0..1 [java.lang.String]
16:11:12.261 [XNIO-1 I/O-6] DEBUG o.s.c.c.CharSequenceEncoder - [4494ccd8] Writing "Recovered from error: Argument"
16:11:12.276 [Test worker] DEBUG o.s.w.c.RestTemplate - Response 200 OK
16:11:12.277 [Test worker] DEBUG o.s.w.c.RestTemplate - Reading to [java.lang.String] as "text/plain;charset=UTF-8"
16:11:12.277 [XNIO-1 I/O-6] DEBUG o.s.w.s.a.HttpWebHandlerAdapter - [4494ccd8] Completed 200 OK
16:11:12.277 [Test worker] DEBUG o.s.w.t.h.s.r.b.UndertowHttpServer - Stopping UndertowHttpServer...
16:11:12.278 [Test worker] INFO  i.undertow - stopping server: Undertow - 2.0.32.Final
16:11:12.284 [Test worker] DEBUG o.s.w.t.h.s.r.b.UndertowHttpServer - Server stopped (0 millis).
16:11:12.487 [Test worker] DEBUG o.s.w.r.r.m.a.RequestMappingHandlerMapping - 6 mappings in 'requestMappingHandlerMapping'
16:11:12.601 [Test worker] DEBUG o.s.w.r.r.m.a.ControllerMethodResolver - ControllerAdvice beans: none
16:11:12.679 [Test worker] DEBUG o.s.w.s.a.HttpWebHandlerAdapter - enableLoggingRequestDetails='false': form data and headers will be masked to prevent unsafe logging of potentially sensitive data
16:11:12.679 [Test worker] WARN  o.e.j.s.h.ContextHandler - Empty contextPath
16:11:12.680 [Test worker] INFO  o.e.j.s.h.ContextHandler - Started o.e.j.s.ServletContextHandler@4f55d680{/,null,AVAILABLE}
16:11:12.680 [Test worker] DEBUG o.s.w.t.h.s.r.b.JettyHttpServer - Starting JettyHttpServer...
16:11:12.680 [Test worker] INFO  o.e.j.s.Server - jetty-9.4.31.v20200723; built: 2020-07-23T17:57:36.812Z; git: 450ba27947e13e66baa8cd1ce7e85a4461cacc1d; jvm 1.8.0_201-b09
16:11:12.688 [Test worker] INFO  o.e.j.s.AbstractConnector - Started ServerConnector@37ff8b4b{HTTP/1.1, (http/1.1)}{0.0.0.0:54699}
16:11:12.689 [Test worker] INFO  o.e.j.s.Server - Started @40579ms
16:11:12.689 [Test worker] DEBUG o.s.w.t.h.s.r.b.JettyHttpServer - Server started on port 54699(0 millis).
16:11:12.689 [Test worker] DEBUG o.s.w.c.RestTemplate - HTTP GET http://localhost:54699/thrown-exception-with-cause-to-handle
16:11:12.690 [Test worker] DEBUG o.s.w.c.RestTemplate - Accept=[text/plain, application/json, application/x-jackson-smile, application/*+json, */*]
16:11:12.693 [qtp2101836588-67] DEBUG o.s.w.s.a.HttpWebHandlerAdapter - [4c77513a] HTTP GET "/thrown-exception-with-cause-to-handle"
16:11:12.694 [qtp2101836588-67] DEBUG o.s.w.r.r.m.a.RequestMappingHandlerMapping - [4c77513a] Mapped to org.springframework.web.reactive.result.method.annotation.RequestMappingExceptionHandlingIntegrationTests$TestController#handleAndThrowExceptionWithCauseToHandle()
16:11:12.696 [qtp2101836588-67] DEBUG o.s.w.r.r.m.a.RequestMappingHandlerAdapter - [4c77513a] Using @ExceptionHandler org.springframework.web.reactive.result.method.annotation.RequestMappingExceptionHandlingIntegrationTests$TestController#handleArgumentException(IOException)
16:11:12.697 [qtp2101836588-67] DEBUG o.s.w.r.r.m.a.ResponseBodyResultHandler - Using 'text/plain;charset=UTF-8' given [text/plain, application/json, application/x-jackson-smile, application/*+json, */*] and supported [text/plain;charset=UTF-8, text/event-stream, text/plain;charset=UTF-8, */*]
16:11:12.698 [qtp2101836588-67] DEBUG o.s.w.r.r.m.a.ResponseBodyResultHandler - [4c77513a] 0..1 [java.lang.String]
16:11:12.698 [qtp2101836588-67] DEBUG o.s.c.c.CharSequenceEncoder - [4c77513a] Writing "Recovered from error: IO"
16:11:12.699 [Test worker] DEBUG o.s.w.c.RestTemplate - Response 200 OK
16:11:12.699 [qtp2101836588-67] DEBUG o.s.w.s.a.HttpWebHandlerAdapter - [4c77513a] Completed 200 OK
16:11:12.700 [Test worker] DEBUG o.s.w.c.RestTemplate - Reading to [java.lang.String] as "text/plain;charset=utf-8"
16:11:12.701 [Test worker] DEBUG o.s.w.t.h.s.r.b.JettyHttpServer - Stopping JettyHttpServer...
16:11:12.701 [Test worker] INFO  o.e.j.s.h.ContextHandler - Stopped o.e.j.s.ServletContextHandler@4f55d680{/,null,UNAVAILABLE}
16:11:12.707 [Test worker] INFO  o.e.j.s.AbstractConnector - Stopped ServerConnector@37ff8b4b{HTTP/1.1, (http/1.1)}{0.0.0.0:0}
16:11:12.718 [Test worker] DEBUG o.s.w.t.h.s.r.b.JettyHttpServer - Server stopped (0 millis).
16:11:12.955 [Test worker] DEBUG o.s.w.r.r.m.a.RequestMappingHandlerMapping - 6 mappings in 'requestMappingHandlerMapping'
16:11:13.054 [Test worker] DEBUG o.s.w.r.r.m.a.ControllerMethodResolver - ControllerAdvice beans: none
16:11:13.130 [Test worker] DEBUG o.s.w.s.a.HttpWebHandlerAdapter - enableLoggingRequestDetails='false': form data and headers will be masked to prevent unsafe logging of potentially sensitive data
16:11:13.131 [Test worker] DEBUG o.s.w.t.h.s.r.b.ReactorHttpServer - Starting ReactorHttpServer...
16:11:13.133 [Test worker] DEBUG o.s.w.t.h.s.r.b.ReactorHttpServer - Server started on port 54703(0 millis).
16:11:13.134 [Test worker] DEBUG o.s.w.c.RestTemplate - HTTP GET http://localhost:54703/thrown-exception-with-cause-to-handle
16:11:13.134 [Test worker] DEBUG o.s.w.c.RestTemplate - Accept=[text/plain, application/json, application/x-jackson-smile, application/*+json, */*]
16:11:13.139 [reactor-http-nio-4] DEBUG o.s.w.s.a.HttpWebHandlerAdapter - [c89f8396-2] HTTP GET "/thrown-exception-with-cause-to-handle"
16:11:13.140 [reactor-http-nio-4] DEBUG o.s.w.r.r.m.a.RequestMappingHandlerMapping - [c89f8396-2] Mapped to org.springframework.web.reactive.result.method.annotation.RequestMappingExceptionHandlingIntegrationTests$TestController#handleAndThrowExceptionWithCauseToHandle()
16:11:13.142 [reactor-http-nio-4] DEBUG o.s.w.r.r.m.a.RequestMappingHandlerAdapter - [c89f8396-2] Using @ExceptionHandler org.springframework.web.reactive.result.method.annotation.RequestMappingExceptionHandlingIntegrationTests$TestController#handleArgumentException(IOException)
16:11:13.143 [reactor-http-nio-4] DEBUG o.s.w.r.r.m.a.ResponseBodyResultHandler - Using 'text/plain;charset=UTF-8' given [text/plain, application/json, application/x-jackson-smile, application/*+json, */*] and supported [text/plain;charset=UTF-8, text/event-stream, text/plain;charset=UTF-8, */*]
16:11:13.144 [reactor-http-nio-4] DEBUG o.s.w.r.r.m.a.ResponseBodyResultHandler - [c89f8396-2] 0..1 [java.lang.String]
16:11:13.144 [reactor-http-nio-4] DEBUG o.s.c.c.CharSequenceEncoder - [c89f8396-2] Writing "Recovered from error: IO"
16:11:13.147 [reactor-http-nio-4] DEBUG o.s.w.s.a.HttpWebHandlerAdapter - [c89f8396-2] Completed 200 OK
16:11:13.147 [Test worker] DEBUG o.s.w.c.RestTemplate - Response 200 OK
16:11:13.149 [Test worker] DEBUG o.s.w.c.RestTemplate - Reading to [java.lang.String] as "text/plain;charset=UTF-8"
16:11:13.151 [Test worker] DEBUG o.s.w.t.h.s.r.b.ReactorHttpServer - Stopping ReactorHttpServer...
16:11:13.151 [Test worker] DEBUG o.s.w.t.h.s.r.b.ReactorHttpServer - Server stopped (0 millis).
16:11:13.384 [Test worker] DEBUG o.s.w.r.r.m.a.RequestMappingHandlerMapping - 6 mappings in 'requestMappingHandlerMapping'
16:11:13.490 [Test worker] DEBUG o.s.w.r.r.m.a.ControllerMethodResolver - ControllerAdvice beans: none
16:11:13.600 [Test worker] DEBUG o.s.w.s.a.HttpWebHandlerAdapter - enableLoggingRequestDetails='false': form data and headers will be masked to prevent unsafe logging of potentially sensitive data
16:11:13.601 [Test worker] DEBUG o.s.w.t.h.s.r.b.TomcatHttpServer - Starting TomcatHttpServer...
16:11:13.659 [Test worker] DEBUG o.s.w.t.h.s.r.b.TomcatHttpServer - Server started on port 54705(0 millis).
16:11:13.660 [Test worker] DEBUG o.s.w.c.RestTemplate - HTTP GET http://localhost:54705/thrown-exception-with-cause-to-handle
16:11:13.661 [Test worker] DEBUG o.s.w.c.RestTemplate - Accept=[text/plain, application/json, application/x-jackson-smile, application/*+json, */*]
16:11:13.666 [http-nio-auto-2-exec-1] DEBUG o.s.w.s.a.HttpWebHandlerAdapter - [7ce27c20] HTTP GET "/thrown-exception-with-cause-to-handle"
16:11:13.667 [http-nio-auto-2-exec-1] DEBUG o.s.w.r.r.m.a.RequestMappingHandlerMapping - [7ce27c20] Mapped to org.springframework.web.reactive.result.method.annotation.RequestMappingExceptionHandlingIntegrationTests$TestController#handleAndThrowExceptionWithCauseToHandle()
16:11:13.668 [http-nio-auto-2-exec-1] DEBUG o.s.w.r.r.m.a.RequestMappingHandlerAdapter - [7ce27c20] Using @ExceptionHandler org.springframework.web.reactive.result.method.annotation.RequestMappingExceptionHandlingIntegrationTests$TestController#handleArgumentException(IOException)
16:11:13.669 [http-nio-auto-2-exec-1] DEBUG o.s.w.r.r.m.a.ResponseBodyResultHandler - Using 'text/plain;charset=UTF-8' given [text/plain, application/json, application/x-jackson-smile, application/*+json, */*] and supported [text/plain;charset=UTF-8, text/event-stream, text/plain;charset=UTF-8, */*]
16:11:13.670 [http-nio-auto-2-exec-1] DEBUG o.s.w.r.r.m.a.ResponseBodyResultHandler - [7ce27c20] 0..1 [java.lang.String]
16:11:13.670 [http-nio-auto-2-exec-1] DEBUG o.s.c.c.CharSequenceEncoder - [7ce27c20] Writing "Recovered from error: IO"
16:11:13.671 [http-nio-auto-2-exec-1] DEBUG o.s.w.s.a.HttpWebHandlerAdapter - [7ce27c20] Completed 200 OK
16:11:13.671 [Test worker] DEBUG o.s.w.c.RestTemplate - Response 200 OK
16:11:13.676 [Test worker] DEBUG o.s.w.c.RestTemplate - Reading to [java.lang.String] as "text/plain;charset=UTF-8"
16:11:13.678 [Test worker] DEBUG o.s.w.t.h.s.r.b.TomcatHttpServer - Stopping TomcatHttpServer...
16:11:13.696 [Test worker] DEBUG o.s.w.t.h.s.r.b.TomcatHttpServer - Server stopped (0 millis).
16:11:13.962 [Test worker] DEBUG o.s.w.r.r.m.a.RequestMappingHandlerMapping - 6 mappings in 'requestMappingHandlerMapping'
16:11:14.033 [Test worker] DEBUG o.s.w.r.r.m.a.ControllerMethodResolver - ControllerAdvice beans: none
16:11:14.135 [Test worker] DEBUG o.s.w.s.a.HttpWebHandlerAdapter - enableLoggingRequestDetails='false': form data and headers will be masked to prevent unsafe logging of potentially sensitive data
16:11:14.136 [Test worker] DEBUG o.s.w.t.h.s.r.b.UndertowHttpServer - Starting UndertowHttpServer...
16:11:14.136 [Test worker] INFO  i.undertow - starting server: Undertow - 2.0.32.Final
16:11:14.164 [Test worker] DEBUG o.s.w.t.h.s.r.b.UndertowHttpServer - Server started on port 54709(0 millis).
16:11:14.165 [Test worker] DEBUG o.s.w.c.RestTemplate - HTTP GET http://localhost:54709/thrown-exception-with-cause-to-handle
16:11:14.165 [Test worker] DEBUG o.s.w.c.RestTemplate - Accept=[text/plain, application/json, application/x-jackson-smile, application/*+json, */*]
16:11:14.168 [XNIO-2 I/O-6] DEBUG o.s.w.s.a.HttpWebHandlerAdapter - [7b195a75] HTTP GET "/thrown-exception-with-cause-to-handle"
16:11:14.168 [XNIO-2 I/O-6] DEBUG o.s.w.r.r.m.a.RequestMappingHandlerMapping - [7b195a75] Mapped to org.springframework.web.reactive.result.method.annotation.RequestMappingExceptionHandlingIntegrationTests$TestController#handleAndThrowExceptionWithCauseToHandle()
16:11:14.170 [XNIO-2 I/O-6] DEBUG o.s.w.r.r.m.a.RequestMappingHandlerAdapter - [7b195a75] Using @ExceptionHandler org.springframework.web.reactive.result.method.annotation.RequestMappingExceptionHandlingIntegrationTests$TestController#handleArgumentException(IOException)
16:11:14.171 [XNIO-2 I/O-6] DEBUG o.s.w.r.r.m.a.ResponseBodyResultHandler - Using 'text/plain;charset=UTF-8' given [text/plain, application/json, application/x-jackson-smile, application/*+json, */*] and supported [text/plain;charset=UTF-8, text/event-stream, text/plain;charset=UTF-8, */*]
16:11:14.171 [XNIO-2 I/O-6] DEBUG o.s.w.r.r.m.a.ResponseBodyResultHandler - [7b195a75] 0..1 [java.lang.String]
16:11:14.172 [XNIO-2 I/O-6] DEBUG o.s.c.c.CharSequenceEncoder - [7b195a75] Writing "Recovered from error: IO"
16:11:14.173 [XNIO-2 I/O-6] DEBUG o.s.w.s.a.HttpWebHandlerAdapter - [7b195a75] Completed 200 OK
16:11:14.173 [Test worker] DEBUG o.s.w.c.RestTemplate - Response 200 OK
16:11:14.173 [Test worker] DEBUG o.s.w.c.RestTemplate - Reading to [java.lang.String] as "text/plain;charset=UTF-8"
16:11:14.174 [Test worker] DEBUG o.s.w.t.h.s.r.b.UndertowHttpServer - Stopping UndertowHttpServer...
16:11:14.174 [Test worker] INFO  i.undertow - stopping server: Undertow - 2.0.32.Final
16:11:14.176 [Test worker] DEBUG o.s.w.t.h.s.r.b.UndertowHttpServer - Server stopped (0 millis).
16:11:14.390 [Test worker] DEBUG o.s.w.r.r.m.a.RequestMappingHandlerMapping - 6 mappings in 'requestMappingHandlerMapping'
16:11:14.495 [Test worker] DEBUG o.s.w.r.r.m.a.ControllerMethodResolver - ControllerAdvice beans: none
16:11:14.601 [Test worker] DEBUG o.s.w.s.a.HttpWebHandlerAdapter - enableLoggingRequestDetails='false': form data and headers will be masked to prevent unsafe logging of potentially sensitive data
16:11:14.601 [Test worker] WARN  o.e.j.s.h.ContextHandler - Empty contextPath
16:11:14.602 [Test worker] INFO  o.e.j.s.h.ContextHandler - Started o.e.j.s.ServletContextHandler@34615d12{/,null,AVAILABLE}
16:11:14.603 [Test worker] DEBUG o.s.w.t.h.s.r.b.JettyHttpServer - Starting JettyHttpServer...
16:11:14.603 [Test worker] INFO  o.e.j.s.Server - jetty-9.4.31.v20200723; built: 2020-07-23T17:57:36.812Z; git: 450ba27947e13e66baa8cd1ce7e85a4461cacc1d; jvm 1.8.0_201-b09
16:11:14.610 [Test worker] INFO  o.e.j.s.AbstractConnector - Started ServerConnector@30d28eb3{HTTP/1.1, (http/1.1)}{0.0.0.0:54712}
16:11:14.611 [Test worker] INFO  o.e.j.s.Server - Started @42501ms
16:11:14.611 [Test worker] DEBUG o.s.w.t.h.s.r.b.JettyHttpServer - Server started on port 54712(0 millis).
16:11:14.612 [Test worker] DEBUG o.s.w.c.RestTemplate - HTTP GET http://localhost:54712/SPR-16318
16:11:14.613 [Test worker] DEBUG o.s.w.c.RestTemplate - Accept=[text/plain, application/json, application/x-jackson-smile, application/*+json, */*]
16:11:14.617 [qtp34497217-107] DEBUG o.s.w.s.a.HttpWebHandlerAdapter - [7156122d] HTTP GET "/SPR-16318"
16:11:14.618 [qtp34497217-107] DEBUG o.s.w.r.r.m.a.RequestMappingHandlerMapping - [7156122d] Mapped to org.springframework.web.reactive.result.method.annotation.RequestMappingExceptionHandlingIntegrationTests$TestController#handleTextPlain()
16:11:14.620 [qtp34497217-107] DEBUG o.s.w.r.r.m.a.ResponseBodyResultHandler - Using 'text/plain' given [text/plain, application/problem+json] and supported [text/plain]
16:11:14.620 [qtp34497217-107] DEBUG o.s.w.r.r.m.a.ResponseBodyResultHandler - [7156122d] 0..1 [java.lang.String]
16:11:14.621 [qtp34497217-107] DEBUG o.s.w.r.r.m.a.RequestMappingHandlerAdapter - [7156122d] Using @ExceptionHandler org.springframework.web.reactive.result.method.annotation.RequestMappingExceptionHandlingIntegrationTests$TestController#handle(Spr16318Exception)
16:11:14.641 [qtp34497217-107] DEBUG o.s.w.r.r.m.a.ResponseEntityResultHandler - Using 'application/problem+json' given [text/plain, application/problem+json] and supported [application/json, application/*+json, application/x-jackson-smile, application/*+x-jackson-smile, text/event-stream]
16:11:14.641 [qtp34497217-107] DEBUG o.s.w.r.r.m.a.ResponseEntityResultHandler - [7156122d] 0..1 [java.util.Map<java.lang.String, java.lang.String>]
16:11:14.663 [qtp34497217-107] DEBUG o.s.h.c.j.Jackson2JsonEncoder - [7156122d] Encoding [{reason=error}]
16:11:14.675 [qtp34497217-107] DEBUG o.s.w.s.a.HttpWebHandlerAdapter - [7156122d] Completed 500 INTERNAL_SERVER_ERROR
16:11:14.675 [Test worker] DEBUG o.s.w.c.RestTemplate - Response 500 INTERNAL_SERVER_ERROR
16:11:14.682 [Test worker] DEBUG o.s.w.t.h.s.r.b.JettyHttpServer - Stopping JettyHttpServer...
16:11:14.682 [Test worker] INFO  o.e.j.s.h.ContextHandler - Stopped o.e.j.s.ServletContextHandler@34615d12{/,null,UNAVAILABLE}
16:11:14.685 [Test worker] INFO  o.e.j.s.AbstractConnector - Stopped ServerConnector@30d28eb3{HTTP/1.1, (http/1.1)}{0.0.0.0:0}
16:11:14.696 [Test worker] DEBUG o.s.w.t.h.s.r.b.JettyHttpServer - Server stopped (0 millis).
16:11:14.902 [Test worker] DEBUG o.s.w.r.r.m.a.RequestMappingHandlerMapping - 6 mappings in 'requestMappingHandlerMapping'
16:11:15.044 [Test worker] DEBUG o.s.w.r.r.m.a.ControllerMethodResolver - ControllerAdvice beans: none
16:11:15.152 [Test worker] DEBUG o.s.w.s.a.HttpWebHandlerAdapter - enableLoggingRequestDetails='false': form data and headers will be masked to prevent unsafe logging of potentially sensitive data
16:11:15.153 [Test worker] DEBUG o.s.w.t.h.s.r.b.ReactorHttpServer - Starting ReactorHttpServer...
16:11:15.155 [Test worker] DEBUG o.s.w.t.h.s.r.b.ReactorHttpServer - Server started on port 54716(0 millis).
16:11:15.156 [Test worker] DEBUG o.s.w.c.RestTemplate - HTTP GET http://localhost:54716/SPR-16318
16:11:15.157 [Test worker] DEBUG o.s.w.c.RestTemplate - Accept=[text/plain, application/json, application/x-jackson-smile, application/*+json, */*]
16:11:15.162 [reactor-http-nio-6] DEBUG o.s.w.s.a.HttpWebHandlerAdapter - [815c588c-3] HTTP GET "/SPR-16318"
16:11:15.163 [reactor-http-nio-6] DEBUG o.s.w.r.r.m.a.RequestMappingHandlerMapping - [815c588c-3] Mapped to org.springframework.web.reactive.result.method.annotation.RequestMappingExceptionHandlingIntegrationTests$TestController#handleTextPlain()
16:11:15.165 [reactor-http-nio-6] DEBUG o.s.w.r.r.m.a.ResponseBodyResultHandler - Using 'text/plain' given [text/plain, application/problem+json] and supported [text/plain]
16:11:15.165 [reactor-http-nio-6] DEBUG o.s.w.r.r.m.a.ResponseBodyResultHandler - [815c588c-3] 0..1 [java.lang.String]
16:11:15.166 [reactor-http-nio-6] DEBUG o.s.w.r.r.m.a.RequestMappingHandlerAdapter - [815c588c-3] Using @ExceptionHandler org.springframework.web.reactive.result.method.annotation.RequestMappingExceptionHandlingIntegrationTests$TestController#handle(Spr16318Exception)
16:11:15.167 [reactor-http-nio-6] DEBUG o.s.w.r.r.m.a.ResponseEntityResultHandler - Using 'application/problem+json' given [text/plain, application/problem+json] and supported [application/json, application/*+json, application/x-jackson-smile, application/*+x-jackson-smile, text/event-stream]
16:11:15.168 [reactor-http-nio-6] DEBUG o.s.w.r.r.m.a.ResponseEntityResultHandler - [815c588c-3] 0..1 [java.util.Map<java.lang.String, java.lang.String>]
16:11:15.169 [reactor-http-nio-6] DEBUG o.s.h.c.j.Jackson2JsonEncoder - [815c588c-3] Encoding [{reason=error}]
16:11:15.171 [reactor-http-nio-6] DEBUG o.s.w.s.a.HttpWebHandlerAdapter - [815c588c-3] Completed 500 INTERNAL_SERVER_ERROR
16:11:15.171 [Test worker] DEBUG o.s.w.c.RestTemplate - Response 500 INTERNAL_SERVER_ERROR
16:11:15.174 [Test worker] DEBUG o.s.w.t.h.s.r.b.ReactorHttpServer - Stopping ReactorHttpServer...
16:11:15.174 [Test worker] DEBUG o.s.w.t.h.s.r.b.ReactorHttpServer - Server stopped (0 millis).
16:11:15.369 [Test worker] DEBUG o.s.w.r.r.m.a.RequestMappingHandlerMapping - 6 mappings in 'requestMappingHandlerMapping'
16:11:15.486 [Test worker] DEBUG o.s.w.r.r.m.a.ControllerMethodResolver - ControllerAdvice beans: none
16:11:15.612 [Test worker] DEBUG o.s.w.s.a.HttpWebHandlerAdapter - enableLoggingRequestDetails='false': form data and headers will be masked to prevent unsafe logging of potentially sensitive data
16:11:15.613 [Test worker] DEBUG o.s.w.t.h.s.r.b.TomcatHttpServer - Starting TomcatHttpServer...
16:11:15.635 [Test worker] DEBUG o.s.w.t.h.s.r.b.TomcatHttpServer - Server started on port 54721(0 millis).
16:11:15.636 [Test worker] DEBUG o.s.w.c.RestTemplate - HTTP GET http://localhost:54721/SPR-16318
16:11:15.636 [Test worker] DEBUG o.s.w.c.RestTemplate - Accept=[text/plain, application/json, application/x-jackson-smile, application/*+json, */*]
16:11:15.655 [http-nio-auto-3-exec-1] DEBUG o.s.w.s.a.HttpWebHandlerAdapter - [1ad5e253] HTTP GET "/SPR-16318"
16:11:15.656 [http-nio-auto-3-exec-1] DEBUG o.s.w.r.r.m.a.RequestMappingHandlerMapping - [1ad5e253] Mapped to org.springframework.web.reactive.result.method.annotation.RequestMappingExceptionHandlingIntegrationTests$TestController#handleTextPlain()
16:11:15.657 [http-nio-auto-3-exec-1] DEBUG o.s.w.r.r.m.a.ResponseBodyResultHandler - Using 'text/plain' given [text/plain, application/problem+json] and supported [text/plain]
16:11:15.657 [http-nio-auto-3-exec-1] DEBUG o.s.w.r.r.m.a.ResponseBodyResultHandler - [1ad5e253] 0..1 [java.lang.String]
16:11:15.658 [http-nio-auto-3-exec-1] DEBUG o.s.w.r.r.m.a.RequestMappingHandlerAdapter - [1ad5e253] Using @ExceptionHandler org.springframework.web.reactive.result.method.annotation.RequestMappingExceptionHandlingIntegrationTests$TestController#handle(Spr16318Exception)
16:11:15.659 [http-nio-auto-3-exec-1] DEBUG o.s.w.r.r.m.a.ResponseEntityResultHandler - Using 'application/problem+json' given [text/plain, application/problem+json] and supported [application/json, application/*+json, application/x-jackson-smile, application/*+x-jackson-smile, text/event-stream]
16:11:15.660 [http-nio-auto-3-exec-1] DEBUG o.s.w.r.r.m.a.ResponseEntityResultHandler - [1ad5e253] 0..1 [java.util.Map<java.lang.String, java.lang.String>]
16:11:15.660 [http-nio-auto-3-exec-1] DEBUG o.s.h.c.j.Jackson2JsonEncoder - [1ad5e253] Encoding [{reason=error}]
16:11:15.663 [http-nio-auto-3-exec-1] DEBUG o.s.w.s.a.HttpWebHandlerAdapter - [1ad5e253] Completed 500 INTERNAL_SERVER_ERROR
16:11:15.665 [Test worker] DEBUG o.s.w.c.RestTemplate - Response 500 INTERNAL_SERVER_ERROR
16:11:15.666 [Test worker] DEBUG o.s.w.t.h.s.r.b.TomcatHttpServer - Stopping TomcatHttpServer...
16:11:15.686 [Test worker] DEBUG o.s.w.t.h.s.r.b.TomcatHttpServer - Server stopped (0 millis).
16:11:15.950 [Test worker] DEBUG o.s.w.r.r.m.a.RequestMappingHandlerMapping - 6 mappings in 'requestMappingHandlerMapping'
16:11:16.029 [Test worker] DEBUG o.s.w.r.r.m.a.ControllerMethodResolver - ControllerAdvice beans: none
16:11:16.142 [Test worker] DEBUG o.s.w.s.a.HttpWebHandlerAdapter - enableLoggingRequestDetails='false': form data and headers will be masked to prevent unsafe logging of potentially sensitive data
16:11:16.143 [Test worker] DEBUG o.s.w.t.h.s.r.b.UndertowHttpServer - Starting UndertowHttpServer...
16:11:16.143 [Test worker] INFO  i.undertow - starting server: Undertow - 2.0.32.Final
16:11:16.149 [Test worker] DEBUG o.s.w.t.h.s.r.b.UndertowHttpServer - Server started on port 54727(0 millis).
16:11:16.150 [Test worker] DEBUG o.s.w.c.RestTemplate - HTTP GET http://localhost:54727/SPR-16318
16:11:16.150 [Test worker] DEBUG o.s.w.c.RestTemplate - Accept=[text/plain, application/json, application/x-jackson-smile, application/*+json, */*]
16:11:16.153 [XNIO-3 I/O-6] DEBUG o.s.w.s.a.HttpWebHandlerAdapter - [6a2aad99] HTTP GET "/SPR-16318"
16:11:16.154 [XNIO-3 I/O-6] DEBUG o.s.w.r.r.m.a.RequestMappingHandlerMapping - [6a2aad99] Mapped to org.springframework.web.reactive.result.method.annotation.RequestMappingExceptionHandlingIntegrationTests$TestController#handleTextPlain()
16:11:16.155 [XNIO-3 I/O-6] DEBUG o.s.w.r.r.m.a.ResponseBodyResultHandler - Using 'text/plain' given [text/plain, application/problem+json] and supported [text/plain]
16:11:16.155 [XNIO-3 I/O-6] DEBUG o.s.w.r.r.m.a.ResponseBodyResultHandler - [6a2aad99] 0..1 [java.lang.String]
16:11:16.156 [XNIO-3 I/O-6] DEBUG o.s.w.r.r.m.a.RequestMappingHandlerAdapter - [6a2aad99] Using @ExceptionHandler org.springframework.web.reactive.result.method.annotation.RequestMappingExceptionHandlingIntegrationTests$TestController#handle(Spr16318Exception)
16:11:16.157 [XNIO-3 I/O-6] DEBUG o.s.w.r.r.m.a.ResponseEntityResultHandler - Using 'application/problem+json' given [text/plain, application/problem+json] and supported [application/json, application/*+json, application/x-jackson-smile, application/*+x-jackson-smile, text/event-stream]
16:11:16.157 [XNIO-3 I/O-6] DEBUG o.s.w.r.r.m.a.ResponseEntityResultHandler - [6a2aad99] 0..1 [java.util.Map<java.lang.String, java.lang.String>]
16:11:16.158 [XNIO-3 I/O-6] DEBUG o.s.h.c.j.Jackson2JsonEncoder - [6a2aad99] Encoding [{reason=error}]
16:11:16.159 [XNIO-3 I/O-6] DEBUG o.s.w.s.a.HttpWebHandlerAdapter - [6a2aad99] Completed 500 INTERNAL_SERVER_ERROR
16:11:16.160 [Test worker] DEBUG o.s.w.c.RestTemplate - Response 500 INTERNAL_SERVER_ERROR
16:11:16.161 [Test worker] DEBUG o.s.w.t.h.s.r.b.UndertowHttpServer - Stopping UndertowHttpServer...
16:11:16.161 [Test worker] INFO  i.undertow - stopping server: Undertow - 2.0.32.Final
16:11:16.166 [Test worker] DEBUG o.s.w.t.h.s.r.b.UndertowHttpServer - Server stopped (0 millis).
16:11:16.385 [Test worker] DEBUG o.s.w.r.r.m.a.RequestMappingHandlerMapping - 6 mappings in 'requestMappingHandlerMapping'
16:11:16.469 [Test worker] DEBUG o.s.w.r.r.m.a.ControllerMethodResolver - ControllerAdvice beans: none
16:11:16.585 [Test worker] DEBUG o.s.w.s.a.HttpWebHandlerAdapter - enableLoggingRequestDetails='false': form data and headers will be masked to prevent unsafe logging of potentially sensitive data
16:11:16.586 [Test worker] WARN  o.e.j.s.h.ContextHandler - Empty contextPath
16:11:16.586 [Test worker] INFO  o.e.j.s.h.ContextHandler - Started o.e.j.s.ServletContextHandler@3b5f2060{/,null,AVAILABLE}
16:11:16.587 [Test worker] DEBUG o.s.w.t.h.s.r.b.JettyHttpServer - Starting JettyHttpServer...
16:11:16.587 [Test worker] INFO  o.e.j.s.Server - jetty-9.4.31.v20200723; built: 2020-07-23T17:57:36.812Z; git: 450ba27947e13e66baa8cd1ce7e85a4461cacc1d; jvm 1.8.0_201-b09
16:11:16.596 [Test worker] INFO  o.e.j.s.AbstractConnector - Started ServerConnector@779c0579{HTTP/1.1, (http/1.1)}{0.0.0.0:54733}
16:11:16.597 [Test worker] INFO  o.e.j.s.Server - Started @44487ms
16:11:16.597 [Test worker] DEBUG o.s.w.t.h.s.r.b.JettyHttpServer - Server started on port 54733(0 millis).
16:11:16.597 [Test worker] DEBUG o.s.w.c.RestTemplate - HTTP GET http://localhost:54733/thrown-exception
16:11:16.598 [Test worker] DEBUG o.s.w.c.RestTemplate - Accept=[text/plain, application/json, application/x-jackson-smile, application/*+json, */*]
16:11:16.601 [qtp693091682-147] DEBUG o.s.w.s.a.HttpWebHandlerAdapter - [7259483e] HTTP GET "/thrown-exception"
16:11:16.602 [qtp693091682-147] DEBUG o.s.w.r.r.m.a.RequestMappingHandlerMapping - [7259483e] Mapped to org.springframework.web.reactive.result.method.annotation.RequestMappingExceptionHandlingIntegrationTests$TestController#handleAndThrowException()
16:11:16.603 [qtp693091682-147] DEBUG o.s.w.r.r.m.a.RequestMappingHandlerAdapter - [7259483e] Using @ExceptionHandler org.springframework.web.reactive.result.method.annotation.RequestMappingExceptionHandlingIntegrationTests$TestController#handleStateException(IllegalStateException)
16:11:16.604 [qtp693091682-147] DEBUG o.s.w.r.r.m.a.ResponseEntityResultHandler - Using 'text/plain;charset=UTF-8' given [text/plain, application/json, application/x-jackson-smile, application/*+json, */*] and supported [text/plain;charset=UTF-8, text/event-stream, text/plain;charset=UTF-8, */*]
16:11:16.604 [qtp693091682-147] DEBUG o.s.w.r.r.m.a.ResponseEntityResultHandler - [7259483e] 0..1 [java.lang.String]
16:11:16.605 [qtp693091682-147] DEBUG o.s.c.c.CharSequenceEncoder - [7259483e] Writing "Recovered from error: State"
16:11:16.606 [qtp693091682-147] DEBUG o.s.w.s.a.HttpWebHandlerAdapter - [7259483e] Completed 200 OK
16:11:16.606 [Test worker] DEBUG o.s.w.c.RestTemplate - Response 200 OK
16:11:16.606 [Test worker] DEBUG o.s.w.c.RestTemplate - Reading to [java.lang.String] as "text/plain;charset=utf-8"
16:11:16.607 [Test worker] DEBUG o.s.w.t.h.s.r.b.JettyHttpServer - Stopping JettyHttpServer...
16:11:16.607 [Test worker] INFO  o.e.j.s.h.ContextHandler - Stopped o.e.j.s.ServletContextHandler@3b5f2060{/,null,UNAVAILABLE}
16:11:16.609 [Test worker] INFO  o.e.j.s.AbstractConnector - Stopped ServerConnector@779c0579{HTTP/1.1, (http/1.1)}{0.0.0.0:0}
16:11:16.620 [Test worker] DEBUG o.s.w.t.h.s.r.b.JettyHttpServer - Server stopped (0 millis).
16:11:16.799 [Test worker] DEBUG o.s.w.r.r.m.a.RequestMappingHandlerMapping - 6 mappings in 'requestMappingHandlerMapping'
16:11:16.912 [Test worker] DEBUG o.s.w.r.r.m.a.ControllerMethodResolver - ControllerAdvice beans: none
16:11:17.002 [Test worker] DEBUG o.s.w.s.a.HttpWebHandlerAdapter - enableLoggingRequestDetails='false': form data and headers will be masked to prevent unsafe logging of potentially sensitive data
16:11:17.003 [Test worker] DEBUG o.s.w.t.h.s.r.b.ReactorHttpServer - Starting ReactorHttpServer...
16:11:17.021 [Test worker] DEBUG o.s.w.t.h.s.r.b.ReactorHttpServer - Server started on port 54738(0 millis).
16:11:17.022 [Test worker] DEBUG o.s.w.c.RestTemplate - HTTP GET http://localhost:54738/thrown-exception
16:11:17.022 [Test worker] DEBUG o.s.w.c.RestTemplate - Accept=[text/plain, application/json, application/x-jackson-smile, application/*+json, */*]
16:11:17.027 [reactor-http-nio-8] DEBUG o.s.w.s.a.HttpWebHandlerAdapter - [23869df6-4] HTTP GET "/thrown-exception"
16:11:17.028 [reactor-http-nio-8] DEBUG o.s.w.r.r.m.a.RequestMappingHandlerMapping - [23869df6-4] Mapped to org.springframework.web.reactive.result.method.annotation.RequestMappingExceptionHandlingIntegrationTests$TestController#handleAndThrowException()
16:11:17.030 [reactor-http-nio-8] DEBUG o.s.w.r.r.m.a.RequestMappingHandlerAdapter - [23869df6-4] Using @ExceptionHandler org.springframework.web.reactive.result.method.annotation.RequestMappingExceptionHandlingIntegrationTests$TestController#handleStateException(IllegalStateException)
16:11:17.031 [reactor-http-nio-8] DEBUG o.s.w.r.r.m.a.ResponseEntityResultHandler - Using 'text/plain;charset=UTF-8' given [text/plain, application/json, application/x-jackson-smile, application/*+json, */*] and supported [text/plain;charset=UTF-8, text/event-stream, text/plain;charset=UTF-8, */*]
16:11:17.031 [reactor-http-nio-8] DEBUG o.s.w.r.r.m.a.ResponseEntityResultHandler - [23869df6-4] 0..1 [java.lang.String]
16:11:17.031 [reactor-http-nio-8] DEBUG o.s.c.c.CharSequenceEncoder - [23869df6-4] Writing "Recovered from error: State"
16:11:17.033 [reactor-http-nio-8] DEBUG o.s.w.s.a.HttpWebHandlerAdapter - [23869df6-4] Completed 200 OK
16:11:17.033 [Test worker] DEBUG o.s.w.c.RestTemplate - Response 200 OK
16:11:17.033 [Test worker] DEBUG o.s.w.c.RestTemplate - Reading to [java.lang.String] as "text/plain;charset=UTF-8"
16:11:17.034 [Test worker] DEBUG o.s.w.t.h.s.r.b.ReactorHttpServer - Stopping ReactorHttpServer...
16:11:17.034 [Test worker] DEBUG o.s.w.t.h.s.r.b.ReactorHttpServer - Server stopped (0 millis).
16:11:17.226 [Test worker] DEBUG o.s.w.r.r.m.a.RequestMappingHandlerMapping - 6 mappings in 'requestMappingHandlerMapping'
16:11:17.318 [Test worker] DEBUG o.s.w.r.r.m.a.ControllerMethodResolver - ControllerAdvice beans: none
16:11:17.397 [Test worker] DEBUG o.s.w.s.a.HttpWebHandlerAdapter - enableLoggingRequestDetails='false': form data and headers will be masked to prevent unsafe logging of potentially sensitive data
16:11:17.398 [Test worker] DEBUG o.s.w.t.h.s.r.b.TomcatHttpServer - Starting TomcatHttpServer...
16:11:17.455 [Test worker] DEBUG o.s.w.t.h.s.r.b.TomcatHttpServer - Server started on port 54743(0 millis).
16:11:17.455 [Test worker] DEBUG o.s.w.c.RestTemplate - HTTP GET http://localhost:54743/thrown-exception
16:11:17.455 [Test worker] DEBUG o.s.w.c.RestTemplate - Accept=[text/plain, application/json, application/x-jackson-smile, application/*+json, */*]
16:11:17.460 [http-nio-auto-4-exec-1] DEBUG o.s.w.s.a.HttpWebHandlerAdapter - [2d759e2e] HTTP GET "/thrown-exception"
16:11:17.460 [http-nio-auto-4-exec-1] DEBUG o.s.w.r.r.m.a.RequestMappingHandlerMapping - [2d759e2e] Mapped to org.springframework.web.reactive.result.method.annotation.RequestMappingExceptionHandlingIntegrationTests$TestController#handleAndThrowException()
16:11:17.462 [http-nio-auto-4-exec-1] DEBUG o.s.w.r.r.m.a.RequestMappingHandlerAdapter - [2d759e2e] Using @ExceptionHandler org.springframework.web.reactive.result.method.annotation.RequestMappingExceptionHandlingIntegrationTests$TestController#handleStateException(IllegalStateException)
16:11:17.463 [http-nio-auto-4-exec-1] DEBUG o.s.w.r.r.m.a.ResponseEntityResultHandler - Using 'text/plain;charset=UTF-8' given [text/plain, application/json, application/x-jackson-smile, application/*+json, */*] and supported [text/plain;charset=UTF-8, text/event-stream, text/plain;charset=UTF-8, */*]
16:11:17.463 [http-nio-auto-4-exec-1] DEBUG o.s.w.r.r.m.a.ResponseEntityResultHandler - [2d759e2e] 0..1 [java.lang.String]
16:11:17.463 [http-nio-auto-4-exec-1] DEBUG o.s.c.c.CharSequenceEncoder - [2d759e2e] Writing "Recovered from error: State"
16:11:17.465 [http-nio-auto-4-exec-1] DEBUG o.s.w.s.a.HttpWebHandlerAdapter - [2d759e2e] Completed 200 OK
16:11:17.465 [Test worker] DEBUG o.s.w.c.RestTemplate - Response 200 OK
16:11:17.466 [Test worker] DEBUG o.s.w.c.RestTemplate - Reading to [java.lang.String] as "text/plain;charset=UTF-8"
16:11:17.466 [Test worker] DEBUG o.s.w.t.h.s.r.b.TomcatHttpServer - Stopping TomcatHttpServer...
16:11:17.481 [Test worker] DEBUG o.s.w.t.h.s.r.b.TomcatHttpServer - Server stopped (0 millis).
16:11:17.732 [Test worker] DEBUG o.s.w.r.r.m.a.RequestMappingHandlerMapping - 6 mappings in 'requestMappingHandlerMapping'
16:11:17.818 [Test worker] DEBUG o.s.w.r.r.m.a.ControllerMethodResolver - ControllerAdvice beans: none
16:11:17.903 [Test worker] DEBUG o.s.w.s.a.HttpWebHandlerAdapter - enableLoggingRequestDetails='false': form data and headers will be masked to prevent unsafe logging of potentially sensitive data
16:11:17.904 [Test worker] DEBUG o.s.w.t.h.s.r.b.UndertowHttpServer - Starting UndertowHttpServer...
16:11:17.904 [Test worker] INFO  i.undertow - starting server: Undertow - 2.0.32.Final
16:11:17.937 [Test worker] DEBUG o.s.w.t.h.s.r.b.UndertowHttpServer - Server started on port 54750(0 millis).
16:11:17.937 [Test worker] DEBUG o.s.w.c.RestTemplate - HTTP GET http://localhost:54750/thrown-exception
16:11:17.938 [Test worker] DEBUG o.s.w.c.RestTemplate - Accept=[text/plain, application/json, application/x-jackson-smile, application/*+json, */*]
16:11:17.940 [XNIO-4 I/O-6] DEBUG o.s.w.s.a.HttpWebHandlerAdapter - [66013641] HTTP GET "/thrown-exception"
16:11:17.940 [XNIO-4 I/O-6] DEBUG o.s.w.r.r.m.a.RequestMappingHandlerMapping - [66013641] Mapped to org.springframework.web.reactive.result.method.annotation.RequestMappingExceptionHandlingIntegrationTests$TestController#handleAndThrowException()
16:11:17.942 [XNIO-4 I/O-6] DEBUG o.s.w.r.r.m.a.RequestMappingHandlerAdapter - [66013641] Using @ExceptionHandler org.springframework.web.reactive.result.method.annotation.RequestMappingExceptionHandlingIntegrationTests$TestController#handleStateException(IllegalStateException)
16:11:17.943 [XNIO-4 I/O-6] DEBUG o.s.w.r.r.m.a.ResponseEntityResultHandler - Using 'text/plain;charset=UTF-8' given [text/plain, application/json, application/x-jackson-smile, application/*+json, */*] and supported [text/plain;charset=UTF-8, text/event-stream, text/plain;charset=UTF-8, */*]
16:11:17.943 [XNIO-4 I/O-6] DEBUG o.s.w.r.r.m.a.ResponseEntityResultHandler - [66013641] 0..1 [java.lang.String]
16:11:17.943 [XNIO-4 I/O-6] DEBUG o.s.c.c.CharSequenceEncoder - [66013641] Writing "Recovered from error: State"
16:11:17.944 [XNIO-4 I/O-6] DEBUG o.s.w.s.a.HttpWebHandlerAdapter - [66013641] Completed 200 OK
16:11:17.944 [Test worker] DEBUG o.s.w.c.RestTemplate - Response 200 OK
16:11:17.945 [Test worker] DEBUG o.s.w.c.RestTemplate - Reading to [java.lang.String] as "text/plain;charset=UTF-8"
16:11:17.946 [Test worker] DEBUG o.s.w.t.h.s.r.b.UndertowHttpServer - Stopping UndertowHttpServer...
16:11:17.946 [Test worker] INFO  i.undertow - stopping server: Undertow - 2.0.32.Final
16:11:17.954 [Test worker] DEBUG o.s.w.t.h.s.r.b.UndertowHttpServer - Server stopped (0 millis).
16:11:18.150 [Test worker] DEBUG o.s.w.r.r.m.a.RequestMappingHandlerMapping - 6 mappings in 'requestMappingHandlerMapping'
16:11:18.265 [Test worker] DEBUG o.s.w.r.r.m.a.ControllerMethodResolver - ControllerAdvice beans: none
16:11:18.354 [Test worker] DEBUG o.s.w.s.a.HttpWebHandlerAdapter - enableLoggingRequestDetails='false': form data and headers will be masked to prevent unsafe logging of potentially sensitive data
16:11:18.354 [Test worker] WARN  o.e.j.s.h.ContextHandler - Empty contextPath
16:11:18.355 [Test worker] INFO  o.e.j.s.h.ContextHandler - Started o.e.j.s.ServletContextHandler@724501f5{/,null,AVAILABLE}
16:11:18.355 [Test worker] DEBUG o.s.w.t.h.s.r.b.JettyHttpServer - Starting JettyHttpServer...
16:11:18.355 [Test worker] INFO  o.e.j.s.Server - jetty-9.4.31.v20200723; built: 2020-07-23T17:57:36.812Z; git: 450ba27947e13e66baa8cd1ce7e85a4461cacc1d; jvm 1.8.0_201-b09
16:11:18.363 [Test worker] INFO  o.e.j.s.AbstractConnector - Started ServerConnector@49128678{HTTP/1.1, (http/1.1)}{0.0.0.0:54755}
16:11:18.364 [Test worker] INFO  o.e.j.s.Server - Started @46254ms
16:11:18.364 [Test worker] DEBUG o.s.w.t.h.s.r.b.JettyHttpServer - Server started on port 54755(0 millis).
16:11:18.365 [Test worker] DEBUG o.s.w.c.RestTemplate - HTTP GET http://localhost:54755/SPR-16051
16:11:18.365 [Test worker] DEBUG o.s.w.c.RestTemplate - Accept=[text/plain, application/json, application/x-jackson-smile, application/*+json, */*]
16:11:18.368 [qtp1864083005-187] DEBUG o.s.w.s.a.HttpWebHandlerAdapter - [5ce20af9] HTTP GET "/SPR-16051"
16:11:18.369 [qtp1864083005-187] DEBUG o.s.w.r.r.m.a.RequestMappingHandlerMapping - [5ce20af9] Mapped to org.springframework.web.reactive.result.method.annotation.RequestMappingExceptionHandlingIntegrationTests$TestController#errors()
16:11:18.371 [qtp1864083005-187] DEBUG o.s.w.r.r.m.a.ResponseBodyResultHandler - Using 'text/plain;charset=UTF-8' given [text/plain, application/json, application/x-jackson-smile, application/*+json, */*] and supported [text/plain;charset=UTF-8, text/event-stream, text/plain;charset=UTF-8, */*]
16:11:18.372 [qtp1864083005-187] DEBUG o.s.w.r.r.m.a.ResponseBodyResultHandler - [5ce20af9] 0..N [java.lang.String]
16:11:18.379 [qtp1864083005-187] DEBUG o.s.c.c.CharSequenceEncoder - [5ce20af9] Writing "1. foo bar"
16:11:18.380 [qtp1864083005-187] DEBUG o.s.c.c.CharSequenceEncoder - [5ce20af9] Writing "2. foo bar"
16:11:18.381 [qtp1864083005-187] DEBUG o.s.c.c.CharSequenceEncoder - [5ce20af9] Writing "3. foo bar"
16:11:18.381 [qtp1864083005-187] DEBUG o.s.c.c.CharSequenceEncoder - [5ce20af9] Writing "4. foo bar"
16:11:18.381 [qtp1864083005-187] DEBUG o.s.c.c.CharSequenceEncoder - [5ce20af9] Writing "5. foo bar"
16:11:18.382 [qtp1864083005-187] DEBUG o.s.c.c.CharSequenceEncoder - [5ce20af9] Writing "6. foo bar"
16:11:18.382 [qtp1864083005-187] DEBUG o.s.c.c.CharSequenceEncoder - [5ce20af9] Writing "7. foo bar"
16:11:18.382 [qtp1864083005-187] DEBUG o.s.c.c.CharSequenceEncoder - [5ce20af9] Writing "8. foo bar"
16:11:18.382 [qtp1864083005-187] DEBUG o.s.c.c.CharSequenceEncoder - [5ce20af9] Writing "9. foo bar"
16:11:18.383 [qtp1864083005-187] DEBUG o.s.c.c.CharSequenceEncoder - [5ce20af9] Writing "10. foo bar"
16:11:18.383 [qtp1864083005-187] DEBUG o.s.c.c.CharSequenceEncoder - [5ce20af9] Writing "11. foo bar"
16:11:18.384 [qtp1864083005-187] DEBUG o.s.c.c.CharSequenceEncoder - [5ce20af9] Writing "12. foo bar"
16:11:18.384 [Test worker] DEBUG o.s.w.c.RestTemplate - Response 200 OK
16:11:18.384 [qtp1864083005-187] DEBUG o.s.c.c.CharSequenceEncoder - [5ce20af9] Writing "13. foo bar"
16:11:18.386 [qtp1864083005-187] DEBUG o.s.c.c.CharSequenceEncoder - [5ce20af9] Writing "14. foo bar"
16:11:18.387 [Test worker] DEBUG o.s.w.c.RestTemplate - Reading to [java.lang.String] as "text/plain;charset=utf-8"
16:11:18.387 [qtp1864083005-187] DEBUG o.s.c.c.CharSequenceEncoder - [5ce20af9] Writing "15. foo bar"
16:11:18.387 [qtp1864083005-187] DEBUG o.s.c.c.CharSequenceEncoder - [5ce20af9] Writing "16. foo bar"
16:11:18.388 [qtp1864083005-187] DEBUG o.s.c.c.CharSequenceEncoder - [5ce20af9] Writing "17. foo bar"
16:11:18.388 [qtp1864083005-187] DEBUG o.s.c.c.CharSequenceEncoder - [5ce20af9] Writing "18. foo bar"
16:11:18.388 [qtp1864083005-187] DEBUG o.s.c.c.CharSequenceEncoder - [5ce20af9] Writing "19. foo bar"
16:11:18.388 [qtp1864083005-187] DEBUG o.s.c.c.CharSequenceEncoder - [5ce20af9] Writing "20. foo bar"
16:11:18.389 [qtp1864083005-187] DEBUG o.s.c.c.CharSequenceEncoder - [5ce20af9] Writing "21. foo bar"
16:11:18.389 [qtp1864083005-187] DEBUG o.s.c.c.CharSequenceEncoder - [5ce20af9] Writing "22. foo bar"
16:11:18.389 [qtp1864083005-187] DEBUG o.s.c.c.CharSequenceEncoder - [5ce20af9] Writing "23. foo bar"
16:11:18.390 [qtp1864083005-187] DEBUG o.s.c.c.CharSequenceEncoder - [5ce20af9] Writing "24. foo bar"
16:11:18.390 [qtp1864083005-187] DEBUG o.s.c.c.CharSequenceEncoder - [5ce20af9] Writing "25. foo bar"
16:11:18.390 [qtp1864083005-187] DEBUG o.s.c.c.CharSequenceEncoder - [5ce20af9] Writing "26. foo bar"
16:11:18.391 [qtp1864083005-187] DEBUG o.s.c.c.CharSequenceEncoder - [5ce20af9] Writing "27. foo bar"
16:11:18.391 [qtp1864083005-187] DEBUG o.s.c.c.CharSequenceEncoder - [5ce20af9] Writing "28. foo bar"
16:11:18.391 [qtp1864083005-187] DEBUG o.s.c.c.CharSequenceEncoder - [5ce20af9] Writing "29. foo bar"
16:11:18.392 [qtp1864083005-187] DEBUG o.s.c.c.CharSequenceEncoder - [5ce20af9] Writing "30. foo bar"
16:11:18.392 [qtp1864083005-187] DEBUG o.s.c.c.CharSequenceEncoder - [5ce20af9] Writing "31. foo bar"
16:11:18.392 [qtp1864083005-187] DEBUG o.s.c.c.CharSequenceEncoder - [5ce20af9] Writing "32. foo bar"
16:11:18.393 [qtp1864083005-187] DEBUG o.s.c.c.CharSequenceEncoder - [5ce20af9] Writing "33. foo bar"
16:11:18.393 [qtp1864083005-187] DEBUG o.s.c.c.CharSequenceEncoder - [5ce20af9] Writing "34. foo bar"
16:11:18.393 [qtp1864083005-187] DEBUG o.s.c.c.CharSequenceEncoder - [5ce20af9] Writing "35. foo bar"
16:11:18.394 [qtp1864083005-187] DEBUG o.s.c.c.CharSequenceEncoder - [5ce20af9] Writing "36. foo bar"
16:11:18.394 [qtp1864083005-187] DEBUG o.s.c.c.CharSequenceEncoder - [5ce20af9] Writing "37. foo bar"
16:11:18.394 [qtp1864083005-187] DEBUG o.s.c.c.CharSequenceEncoder - [5ce20af9] Writing "38. foo bar"
16:11:18.395 [qtp1864083005-187] DEBUG o.s.c.c.CharSequenceEncoder - [5ce20af9] Writing "39. foo bar"
16:11:18.395 [qtp1864083005-187] DEBUG o.s.c.c.CharSequenceEncoder - [5ce20af9] Writing "40. foo bar"
16:11:18.395 [qtp1864083005-187] DEBUG o.s.c.c.CharSequenceEncoder - [5ce20af9] Writing "41. foo bar"
16:11:18.396 [qtp1864083005-187] DEBUG o.s.c.c.CharSequenceEncoder - [5ce20af9] Writing "42. foo bar"
16:11:18.396 [qtp1864083005-187] DEBUG o.s.c.c.CharSequenceEncoder - [5ce20af9] Writing "43. foo bar"
16:11:18.396 [qtp1864083005-187] DEBUG o.s.c.c.CharSequenceEncoder - [5ce20af9] Writing "44. foo bar"
16:11:18.397 [qtp1864083005-187] DEBUG o.s.c.c.CharSequenceEncoder - [5ce20af9] Writing "45. foo bar"
16:11:18.397 [qtp1864083005-187] DEBUG o.s.c.c.CharSequenceEncoder - [5ce20af9] Writing "46. foo bar"
16:11:18.397 [qtp1864083005-187] DEBUG o.s.c.c.CharSequenceEncoder - [5ce20af9] Writing "47. foo bar"
16:11:18.398 [qtp1864083005-187] DEBUG o.s.c.c.CharSequenceEncoder - [5ce20af9] Writing "48. foo bar"
16:11:18.398 [qtp1864083005-187] DEBUG o.s.c.c.CharSequenceEncoder - [5ce20af9] Writing "49. foo bar"
16:11:18.402 [qtp1864083005-187] DEBUG o.s.c.c.CharSequenceEncoder - [5ce20af9] Writing "50. foo bar"
16:11:18.402 [qtp1864083005-187] DEBUG o.s.c.c.CharSequenceEncoder - [5ce20af9] Writing "51. foo bar"
16:11:18.402 [qtp1864083005-187] DEBUG o.s.c.c.CharSequenceEncoder - [5ce20af9] Writing "52. foo bar"
16:11:18.403 [qtp1864083005-187] DEBUG o.s.c.c.CharSequenceEncoder - [5ce20af9] Writing "53. foo bar"
16:11:18.403 [qtp1864083005-187] DEBUG o.s.c.c.CharSequenceEncoder - [5ce20af9] Writing "54. foo bar"
16:11:18.403 [qtp1864083005-187] DEBUG o.s.c.c.CharSequenceEncoder - [5ce20af9] Writing "55. foo bar"
16:11:18.404 [qtp1864083005-187] DEBUG o.s.c.c.CharSequenceEncoder - [5ce20af9] Writing "56. foo bar"
16:11:18.404 [qtp1864083005-187] DEBUG o.s.c.c.CharSequenceEncoder - [5ce20af9] Writing "57. foo bar"
16:11:18.404 [qtp1864083005-187] DEBUG o.s.c.c.CharSequenceEncoder - [5ce20af9] Writing "58. foo bar"
16:11:18.405 [qtp1864083005-187] DEBUG o.s.c.c.CharSequenceEncoder - [5ce20af9] Writing "59. foo bar"
16:11:18.405 [qtp1864083005-187] DEBUG o.s.c.c.CharSequenceEncoder - [5ce20af9] Writing "60. foo bar"
16:11:18.405 [qtp1864083005-187] DEBUG o.s.c.c.CharSequenceEncoder - [5ce20af9] Writing "61. foo bar"
16:11:18.406 [qtp1864083005-187] DEBUG o.s.c.c.CharSequenceEncoder - [5ce20af9] Writing "62. foo bar"
16:11:18.406 [qtp1864083005-187] DEBUG o.s.c.c.CharSequenceEncoder - [5ce20af9] Writing "63. foo bar"
16:11:18.406 [qtp1864083005-187] DEBUG o.s.c.c.CharSequenceEncoder - [5ce20af9] Writing "64. foo bar"
16:11:18.407 [qtp1864083005-187] DEBUG o.s.c.c.CharSequenceEncoder - [5ce20af9] Writing "65. foo bar"
16:11:18.407 [qtp1864083005-187] DEBUG o.s.c.c.CharSequenceEncoder - [5ce20af9] Writing "66. foo bar"
16:11:18.408 [qtp1864083005-187] DEBUG o.s.c.c.CharSequenceEncoder - [5ce20af9] Writing "67. foo bar"
16:11:18.408 [qtp1864083005-187] DEBUG o.s.c.c.CharSequenceEncoder - [5ce20af9] Writing "68. foo bar"
16:11:18.408 [qtp1864083005-187] DEBUG o.s.c.c.CharSequenceEncoder - [5ce20af9] Writing "69. foo bar"
16:11:18.409 [qtp1864083005-187] DEBUG o.s.c.c.CharSequenceEncoder - [5ce20af9] Writing "70. foo bar"
16:11:18.409 [qtp1864083005-187] DEBUG o.s.c.c.CharSequenceEncoder - [5ce20af9] Writing "71. foo bar"
16:11:18.409 [qtp1864083005-187] DEBUG o.s.c.c.CharSequenceEncoder - [5ce20af9] Writing "72. foo bar"
16:11:18.410 [qtp1864083005-187] DEBUG o.s.c.c.CharSequenceEncoder - [5ce20af9] Writing "73. foo bar"
16:11:18.410 [qtp1864083005-187] DEBUG o.s.c.c.CharSequenceEncoder - [5ce20af9] Writing "74. foo bar"
16:11:18.410 [qtp1864083005-187] DEBUG o.s.c.c.CharSequenceEncoder - [5ce20af9] Writing "75. foo bar"
16:11:18.411 [qtp1864083005-187] DEBUG o.s.c.c.CharSequenceEncoder - [5ce20af9] Writing "76. foo bar"
16:11:18.411 [qtp1864083005-187] DEBUG o.s.c.c.CharSequenceEncoder - [5ce20af9] Writing "77. foo bar"
16:11:18.411 [qtp1864083005-187] DEBUG o.s.c.c.CharSequenceEncoder - [5ce20af9] Writing "78. foo bar"
16:11:18.412 [qtp1864083005-187] DEBUG o.s.c.c.CharSequenceEncoder - [5ce20af9] Writing "79. foo bar"
16:11:18.412 [qtp1864083005-187] DEBUG o.s.c.c.CharSequenceEncoder - [5ce20af9] Writing "80. foo bar"
16:11:18.412 [qtp1864083005-187] DEBUG o.s.c.c.CharSequenceEncoder - [5ce20af9] Writing "81. foo bar"
16:11:18.413 [qtp1864083005-187] DEBUG o.s.c.c.CharSequenceEncoder - [5ce20af9] Writing "82. foo bar"
16:11:18.413 [qtp1864083005-187] DEBUG o.s.c.c.CharSequenceEncoder - [5ce20af9] Writing "83. foo bar"
16:11:18.413 [qtp1864083005-187] DEBUG o.s.c.c.CharSequenceEncoder - [5ce20af9] Writing "84. foo bar"
16:11:18.414 [qtp1864083005-187] DEBUG o.s.c.c.CharSequenceEncoder - [5ce20af9] Writing "85. foo bar"
16:11:18.414 [qtp1864083005-187] DEBUG o.s.c.c.CharSequenceEncoder - [5ce20af9] Writing "86. foo bar"
16:11:18.414 [qtp1864083005-187] DEBUG o.s.c.c.CharSequenceEncoder - [5ce20af9] Writing "87. foo bar"
16:11:18.415 [qtp1864083005-187] DEBUG o.s.c.c.CharSequenceEncoder - [5ce20af9] Writing "88. foo bar"
16:11:18.415 [qtp1864083005-187] DEBUG o.s.c.c.CharSequenceEncoder - [5ce20af9] Writing "89. foo bar"
16:11:18.415 [qtp1864083005-187] DEBUG o.s.c.c.CharSequenceEncoder - [5ce20af9] Writing "90. foo bar"
16:11:18.416 [qtp1864083005-187] DEBUG o.s.c.c.CharSequenceEncoder - [5ce20af9] Writing "91. foo bar"
16:11:18.416 [qtp1864083005-187] DEBUG o.s.c.c.CharSequenceEncoder - [5ce20af9] Writing "92. foo bar"
16:11:18.416 [qtp1864083005-187] DEBUG o.s.c.c.CharSequenceEncoder - [5ce20af9] Writing "93. foo bar"
16:11:18.417 [qtp1864083005-187] DEBUG o.s.c.c.CharSequenceEncoder - [5ce20af9] Writing "94. foo bar"
16:11:18.417 [qtp1864083005-187] DEBUG o.s.c.c.CharSequenceEncoder - [5ce20af9] Writing "95. foo bar"
16:11:18.417 [qtp1864083005-187] DEBUG o.s.c.c.CharSequenceEncoder - [5ce20af9] Writing "96. foo bar"
16:11:18.417 [qtp1864083005-187] DEBUG o.s.c.c.CharSequenceEncoder - [5ce20af9] Writing "97. foo bar"
16:11:18.418 [qtp1864083005-187] DEBUG o.s.c.c.CharSequenceEncoder - [5ce20af9] Writing "98. foo bar"
16:11:18.418 [qtp1864083005-187] DEBUG o.s.c.c.CharSequenceEncoder - [5ce20af9] Writing "99. foo bar"
16:11:18.418 [qtp1864083005-187] DEBUG o.s.c.c.CharSequenceEncoder - [5ce20af9] Writing "100. foo bar"
16:11:18.419 [qtp1864083005-187] DEBUG o.s.c.c.CharSequenceEncoder - [5ce20af9] Writing "101. foo bar"
16:11:18.419 [qtp1864083005-187] DEBUG o.s.c.c.CharSequenceEncoder - [5ce20af9] Writing "102. foo bar"
16:11:18.419 [qtp1864083005-187] DEBUG o.s.c.c.CharSequenceEncoder - [5ce20af9] Writing "103. foo bar"
16:11:18.420 [qtp1864083005-187] DEBUG o.s.c.c.CharSequenceEncoder - [5ce20af9] Writing "104. foo bar"
16:11:18.420 [qtp1864083005-187] DEBUG o.s.c.c.CharSequenceEncoder - [5ce20af9] Writing "105. foo bar"
16:11:18.420 [qtp1864083005-187] DEBUG o.s.c.c.CharSequenceEncoder - [5ce20af9] Writing "106. foo bar"
16:11:18.421 [qtp1864083005-187] DEBUG o.s.c.c.CharSequenceEncoder - [5ce20af9] Writing "107. foo bar"
16:11:18.421 [qtp1864083005-187] DEBUG o.s.c.c.CharSequenceEncoder - [5ce20af9] Writing "108. foo bar"
16:11:18.421 [qtp1864083005-187] DEBUG o.s.c.c.CharSequenceEncoder - [5ce20af9] Writing "109. foo bar"
16:11:18.422 [qtp1864083005-187] DEBUG o.s.c.c.CharSequenceEncoder - [5ce20af9] Writing "110. foo bar"
16:11:18.422 [qtp1864083005-187] DEBUG o.s.c.c.CharSequenceEncoder - [5ce20af9] Writing "111. foo bar"
16:11:18.422 [qtp1864083005-187] DEBUG o.s.c.c.CharSequenceEncoder - [5ce20af9] Writing "112. foo bar"
16:11:18.423 [qtp1864083005-187] DEBUG o.s.c.c.CharSequenceEncoder - [5ce20af9] Writing "113. foo bar"
16:11:18.423 [qtp1864083005-187] DEBUG o.s.c.c.CharSequenceEncoder - [5ce20af9] Writing "114. foo bar"
16:11:18.423 [qtp1864083005-187] DEBUG o.s.c.c.CharSequenceEncoder - [5ce20af9] Writing "115. foo bar"
16:11:18.423 [qtp1864083005-187] DEBUG o.s.c.c.CharSequenceEncoder - [5ce20af9] Writing "116. foo bar"
16:11:18.424 [qtp1864083005-187] DEBUG o.s.c.c.CharSequenceEncoder - [5ce20af9] Writing "117. foo bar"
16:11:18.424 [qtp1864083005-187] DEBUG o.s.c.c.CharSequenceEncoder - [5ce20af9] Writing "118. foo bar"
16:11:18.425 [qtp1864083005-187] DEBUG o.s.c.c.CharSequenceEncoder - [5ce20af9] Writing "119. foo bar"
16:11:18.425 [qtp1864083005-187] DEBUG o.s.c.c.CharSequenceEncoder - [5ce20af9] Writing "120. foo bar"
16:11:18.426 [qtp1864083005-187] DEBUG o.s.c.c.CharSequenceEncoder - [5ce20af9] Writing "121. foo bar"
16:11:18.426 [qtp1864083005-187] DEBUG o.s.c.c.CharSequenceEncoder - [5ce20af9] Writing "122. foo bar"
16:11:18.426 [qtp1864083005-187] DEBUG o.s.c.c.CharSequenceEncoder - [5ce20af9] Writing "123. foo bar"
16:11:18.427 [qtp1864083005-187] DEBUG o.s.c.c.CharSequenceEncoder - [5ce20af9] Writing "124. foo bar"
16:11:18.427 [qtp1864083005-187] DEBUG o.s.c.c.CharSequenceEncoder - [5ce20af9] Writing "125. foo bar"
16:11:18.427 [qtp1864083005-187] DEBUG o.s.c.c.CharSequenceEncoder - [5ce20af9] Writing "126. foo bar"
16:11:18.428 [qtp1864083005-187] DEBUG o.s.c.c.CharSequenceEncoder - [5ce20af9] Writing "127. foo bar"
16:11:18.428 [qtp1864083005-187] DEBUG o.s.c.c.CharSequenceEncoder - [5ce20af9] Writing "128. foo bar"
16:11:18.428 [qtp1864083005-187] DEBUG o.s.c.c.CharSequenceEncoder - [5ce20af9] Writing "129. foo bar"
16:11:18.429 [qtp1864083005-187] DEBUG o.s.c.c.CharSequenceEncoder - [5ce20af9] Writing "130. foo bar"
16:11:18.429 [qtp1864083005-187] DEBUG o.s.c.c.CharSequenceEncoder - [5ce20af9] Writing "131. foo bar"
16:11:18.429 [qtp1864083005-187] DEBUG o.s.c.c.CharSequenceEncoder - [5ce20af9] Writing "132. foo bar"
16:11:18.430 [qtp1864083005-187] DEBUG o.s.c.c.CharSequenceEncoder - [5ce20af9] Writing "133. foo bar"
16:11:18.430 [qtp1864083005-187] DEBUG o.s.c.c.CharSequenceEncoder - [5ce20af9] Writing "134. foo bar"
16:11:18.430 [qtp1864083005-187] DEBUG o.s.c.c.CharSequenceEncoder - [5ce20af9] Writing "135. foo bar"
16:11:18.431 [qtp1864083005-187] DEBUG o.s.c.c.CharSequenceEncoder - [5ce20af9] Writing "136. foo bar"
16:11:18.431 [qtp1864083005-187] DEBUG o.s.c.c.CharSequenceEncoder - [5ce20af9] Writing "137. foo bar"
16:11:18.431 [qtp1864083005-187] DEBUG o.s.c.c.CharSequenceEncoder - [5ce20af9] Writing "138. foo bar"
16:11:18.431 [qtp1864083005-187] DEBUG o.s.c.c.CharSequenceEncoder - [5ce20af9] Writing "139. foo bar"
16:11:18.432 [qtp1864083005-187] DEBUG o.s.c.c.CharSequenceEncoder - [5ce20af9] Writing "140. foo bar"
16:11:18.433 [qtp1864083005-187] DEBUG o.s.c.c.CharSequenceEncoder - [5ce20af9] Writing "141. foo bar"
16:11:18.433 [qtp1864083005-187] DEBUG o.s.c.c.CharSequenceEncoder - [5ce20af9] Writing "142. foo bar"
16:11:18.433 [qtp1864083005-187] DEBUG o.s.c.c.CharSequenceEncoder - [5ce20af9] Writing "143. foo bar"
16:11:18.434 [qtp1864083005-187] DEBUG o.s.c.c.CharSequenceEncoder - [5ce20af9] Writing "144. foo bar"
16:11:18.434 [qtp1864083005-187] DEBUG o.s.c.c.CharSequenceEncoder - [5ce20af9] Writing "145. foo bar"
16:11:18.434 [qtp1864083005-187] DEBUG o.s.c.c.CharSequenceEncoder - [5ce20af9] Writing "146. foo bar"
16:11:18.435 [qtp1864083005-187] DEBUG o.s.c.c.CharSequenceEncoder - [5ce20af9] Writing "147. foo bar"
16:11:18.435 [qtp1864083005-187] DEBUG o.s.c.c.CharSequenceEncoder - [5ce20af9] Writing "148. foo bar"
16:11:18.435 [qtp1864083005-187] DEBUG o.s.c.c.CharSequenceEncoder - [5ce20af9] Writing "149. foo bar"
16:11:18.435 [qtp1864083005-187] DEBUG o.s.c.c.CharSequenceEncoder - [5ce20af9] Writing "150. foo bar"
16:11:18.436 [qtp1864083005-187] DEBUG o.s.c.c.CharSequenceEncoder - [5ce20af9] Writing "151. foo bar"
16:11:18.436 [qtp1864083005-187] DEBUG o.s.c.c.CharSequenceEncoder - [5ce20af9] Writing "152. foo bar"
16:11:18.436 [qtp1864083005-187] DEBUG o.s.c.c.CharSequenceEncoder - [5ce20af9] Writing "153. foo bar"
16:11:18.437 [qtp1864083005-187] DEBUG o.s.c.c.CharSequenceEncoder - [5ce20af9] Writing "154. foo bar"
16:11:18.437 [qtp1864083005-187] DEBUG o.s.c.c.CharSequenceEncoder - [5ce20af9] Writing "155. foo bar"
16:11:18.437 [qtp1864083005-187] DEBUG o.s.c.c.CharSequenceEncoder - [5ce20af9] Writing "156. foo bar"
16:11:18.438 [qtp1864083005-187] DEBUG o.s.c.c.CharSequenceEncoder - [5ce20af9] Writing "157. foo bar"
16:11:18.438 [qtp1864083005-187] DEBUG o.s.c.c.CharSequenceEncoder - [5ce20af9] Writing "158. foo bar"
16:11:18.438 [qtp1864083005-187] DEBUG o.s.c.c.CharSequenceEncoder - [5ce20af9] Writing "159. foo bar"
16:11:18.438 [qtp1864083005-187] DEBUG o.s.c.c.CharSequenceEncoder - [5ce20af9] Writing "160. foo bar"
16:11:18.439 [qtp1864083005-187] DEBUG o.s.c.c.CharSequenceEncoder - [5ce20af9] Writing "161. foo bar"
16:11:18.439 [qtp1864083005-187] DEBUG o.s.c.c.CharSequenceEncoder - [5ce20af9] Writing "162. foo bar"
16:11:18.439 [qtp1864083005-187] DEBUG o.s.c.c.CharSequenceEncoder - [5ce20af9] Writing "163. foo bar"
16:11:18.440 [qtp1864083005-187] DEBUG o.s.c.c.CharSequenceEncoder - [5ce20af9] Writing "164. foo bar"
16:11:18.440 [qtp1864083005-187] DEBUG o.s.c.c.CharSequenceEncoder - [5ce20af9] Writing "165. foo bar"
16:11:18.440 [qtp1864083005-187] DEBUG o.s.c.c.CharSequenceEncoder - [5ce20af9] Writing "166. foo bar"
16:11:18.441 [qtp1864083005-187] DEBUG o.s.c.c.CharSequenceEncoder - [5ce20af9] Writing "167. foo bar"
16:11:18.441 [qtp1864083005-187] DEBUG o.s.c.c.CharSequenceEncoder - [5ce20af9] Writing "168. foo bar"
16:11:18.441 [qtp1864083005-187] DEBUG o.s.c.c.CharSequenceEncoder - [5ce20af9] Writing "169. foo bar"
16:11:18.442 [qtp1864083005-187] DEBUG o.s.c.c.CharSequenceEncoder - [5ce20af9] Writing "170. foo bar"
16:11:18.442 [qtp1864083005-187] DEBUG o.s.c.c.CharSequenceEncoder - [5ce20af9] Writing "171. foo bar"
16:11:18.442 [qtp1864083005-187] DEBUG o.s.c.c.CharSequenceEncoder - [5ce20af9] Writing "172. foo bar"
16:11:18.443 [qtp1864083005-187] DEBUG o.s.c.c.CharSequenceEncoder - [5ce20af9] Writing "173. foo bar"
16:11:18.443 [qtp1864083005-187] DEBUG o.s.c.c.CharSequenceEncoder - [5ce20af9] Writing "174. foo bar"
16:11:18.443 [qtp1864083005-187] DEBUG o.s.c.c.CharSequenceEncoder - [5ce20af9] Writing "175. foo bar"
16:11:18.444 [qtp1864083005-187] DEBUG o.s.c.c.CharSequenceEncoder - [5ce20af9] Writing "176. foo bar"
16:11:18.444 [qtp1864083005-187] DEBUG o.s.c.c.CharSequenceEncoder - [5ce20af9] Writing "177. foo bar"
16:11:18.444 [qtp1864083005-187] DEBUG o.s.c.c.CharSequenceEncoder - [5ce20af9] Writing "178. foo bar"
16:11:18.445 [qtp1864083005-187] DEBUG o.s.c.c.CharSequenceEncoder - [5ce20af9] Writing "179. foo bar"
16:11:18.445 [qtp1864083005-187] DEBUG o.s.c.c.CharSequenceEncoder - [5ce20af9] Writing "180. foo bar"
16:11:18.446 [qtp1864083005-187] DEBUG o.s.c.c.CharSequenceEncoder - [5ce20af9] Writing "181. foo bar"
16:11:18.446 [qtp1864083005-187] DEBUG o.s.c.c.CharSequenceEncoder - [5ce20af9] Writing "182. foo bar"
16:11:18.446 [qtp1864083005-187] DEBUG o.s.c.c.CharSequenceEncoder - [5ce20af9] Writing "183. foo bar"
16:11:18.447 [qtp1864083005-187] DEBUG o.s.c.c.CharSequenceEncoder - [5ce20af9] Writing "184. foo bar"
16:11:18.447 [qtp1864083005-187] DEBUG o.s.c.c.CharSequenceEncoder - [5ce20af9] Writing "185. foo bar"
16:11:18.447 [qtp1864083005-187] DEBUG o.s.c.c.CharSequenceEncoder - [5ce20af9] Writing "186. foo bar"
16:11:18.447 [qtp1864083005-187] DEBUG o.s.c.c.CharSequenceEncoder - [5ce20af9] Writing "187. foo bar"
16:11:18.448 [qtp1864083005-187] DEBUG o.s.c.c.CharSequenceEncoder - [5ce20af9] Writing "188. foo bar"
16:11:18.448 [qtp1864083005-187] DEBUG o.s.c.c.CharSequenceEncoder - [5ce20af9] Writing "189. foo bar"
16:11:18.448 [qtp1864083005-187] DEBUG o.s.c.c.CharSequenceEncoder - [5ce20af9] Writing "190. foo bar"
16:11:18.449 [qtp1864083005-187] DEBUG o.s.c.c.CharSequenceEncoder - [5ce20af9] Writing "191. foo bar"
16:11:18.449 [qtp1864083005-187] DEBUG o.s.c.c.CharSequenceEncoder - [5ce20af9] Writing "192. foo bar"
16:11:18.449 [qtp1864083005-187] DEBUG o.s.c.c.CharSequenceEncoder - [5ce20af9] Writing "193. foo bar"
16:11:18.450 [qtp1864083005-187] DEBUG o.s.c.c.CharSequenceEncoder - [5ce20af9] Writing "194. foo bar"
16:11:18.450 [qtp1864083005-187] DEBUG o.s.c.c.CharSequenceEncoder - [5ce20af9] Writing "195. foo bar"
16:11:18.450 [qtp1864083005-187] DEBUG o.s.c.c.CharSequenceEncoder - [5ce20af9] Writing "196. foo bar"
16:11:18.450 [qtp1864083005-187] DEBUG o.s.c.c.CharSequenceEncoder - [5ce20af9] Writing "197. foo bar"
16:11:18.451 [qtp1864083005-187] DEBUG o.s.c.c.CharSequenceEncoder - [5ce20af9] Writing "198. foo bar"
16:11:18.451 [qtp1864083005-187] DEBUG o.s.c.c.CharSequenceEncoder - [5ce20af9] Writing "199. foo bar"
16:11:18.451 [qtp1864083005-187] DEBUG o.s.c.c.CharSequenceEncoder - [5ce20af9] Writing "200. foo bar"
16:11:18.452 [qtp1864083005-187] DEBUG o.s.c.c.CharSequenceEncoder - [5ce20af9] Writing "201. foo bar"
16:11:18.452 [qtp1864083005-187] DEBUG o.s.c.c.CharSequenceEncoder - [5ce20af9] Writing "202. foo bar"
16:11:18.452 [qtp1864083005-187] DEBUG o.s.c.c.CharSequenceEncoder - [5ce20af9] Writing "203. foo bar"
16:11:18.453 [qtp1864083005-187] DEBUG o.s.c.c.CharSequenceEncoder - [5ce20af9] Writing "204. foo bar"
16:11:18.453 [qtp1864083005-187] DEBUG o.s.c.c.CharSequenceEncoder - [5ce20af9] Writing "205. foo bar"
16:11:18.453 [qtp1864083005-187] DEBUG o.s.c.c.CharSequenceEncoder - [5ce20af9] Writing "206. foo bar"
16:11:18.453 [qtp1864083005-187] DEBUG o.s.c.c.CharSequenceEncoder - [5ce20af9] Writing "207. foo bar"
16:11:18.454 [qtp1864083005-187] DEBUG o.s.c.c.CharSequenceEncoder - [5ce20af9] Writing "208. foo bar"
16:11:18.454 [qtp1864083005-187] DEBUG o.s.c.c.CharSequenceEncoder - [5ce20af9] Writing "209. foo bar"
16:11:18.455 [qtp1864083005-187] DEBUG o.s.c.c.CharSequenceEncoder - [5ce20af9] Writing "210. foo bar"
16:11:18.455 [qtp1864083005-187] DEBUG o.s.c.c.CharSequenceEncoder - [5ce20af9] Writing "211. foo bar"
16:11:18.455 [qtp1864083005-187] DEBUG o.s.c.c.CharSequenceEncoder - [5ce20af9] Writing "212. foo bar"
16:11:18.456 [qtp1864083005-187] DEBUG o.s.c.c.CharSequenceEncoder - [5ce20af9] Writing "213. foo bar"
16:11:18.456 [qtp1864083005-187] DEBUG o.s.c.c.CharSequenceEncoder - [5ce20af9] Writing "214. foo bar"
16:11:18.456 [qtp1864083005-187] DEBUG o.s.c.c.CharSequenceEncoder - [5ce20af9] Writing "215. foo bar"
16:11:18.456 [qtp1864083005-187] DEBUG o.s.c.c.CharSequenceEncoder - [5ce20af9] Writing "216. foo bar"
16:11:18.457 [qtp1864083005-187] DEBUG o.s.c.c.CharSequenceEncoder - [5ce20af9] Writing "217. foo bar"
16:11:18.457 [qtp1864083005-187] DEBUG o.s.c.c.CharSequenceEncoder - [5ce20af9] Writing "218. foo bar"
16:11:18.457 [qtp1864083005-187] DEBUG o.s.c.c.CharSequenceEncoder - [5ce20af9] Writing "219. foo bar"
16:11:18.458 [qtp1864083005-187] DEBUG o.s.c.c.CharSequenceEncoder - [5ce20af9] Writing "220. foo bar"
16:11:18.458 [qtp1864083005-187] DEBUG o.s.c.c.CharSequenceEncoder - [5ce20af9] Writing "221. foo bar"
16:11:18.458 [qtp1864083005-187] DEBUG o.s.c.c.CharSequenceEncoder - [5ce20af9] Writing "222. foo bar"
16:11:18.459 [qtp1864083005-187] DEBUG o.s.c.c.CharSequenceEncoder - [5ce20af9] Writing "223. foo bar"
16:11:18.459 [qtp1864083005-187] DEBUG o.s.c.c.CharSequenceEncoder - [5ce20af9] Writing "224. foo bar"
16:11:18.459 [qtp1864083005-187] DEBUG o.s.c.c.CharSequenceEncoder - [5ce20af9] Writing "225. foo bar"
16:11:18.460 [qtp1864083005-187] DEBUG o.s.c.c.CharSequenceEncoder - [5ce20af9] Writing "226. foo bar"
16:11:18.460 [qtp1864083005-187] DEBUG o.s.c.c.CharSequenceEncoder - [5ce20af9] Writing "227. foo bar"
16:11:18.460 [qtp1864083005-187] DEBUG o.s.c.c.CharSequenceEncoder - [5ce20af9] Writing "228. foo bar"
16:11:18.461 [qtp1864083005-187] DEBUG o.s.c.c.CharSequenceEncoder - [5ce20af9] Writing "229. foo bar"
16:11:18.461 [qtp1864083005-187] DEBUG o.s.c.c.CharSequenceEncoder - [5ce20af9] Writing "230. foo bar"
16:11:18.462 [qtp1864083005-187] DEBUG o.s.c.c.CharSequenceEncoder - [5ce20af9] Writing "231. foo bar"
16:11:18.462 [qtp1864083005-187] DEBUG o.s.c.c.CharSequenceEncoder - [5ce20af9] Writing "232. foo bar"
16:11:18.462 [qtp1864083005-187] DEBUG o.s.c.c.CharSequenceEncoder - [5ce20af9] Writing "233. foo bar"
16:11:18.463 [qtp1864083005-187] DEBUG o.s.c.c.CharSequenceEncoder - [5ce20af9] Writing "234. foo bar"
16:11:18.463 [qtp1864083005-187] DEBUG o.s.c.c.CharSequenceEncoder - [5ce20af9] Writing "235. foo bar"
16:11:18.463 [qtp1864083005-187] DEBUG o.s.c.c.CharSequenceEncoder - [5ce20af9] Writing "236. foo bar"
16:11:18.464 [qtp1864083005-187] DEBUG o.s.c.c.CharSequenceEncoder - [5ce20af9] Writing "237. foo bar"
16:11:18.464 [qtp1864083005-187] DEBUG o.s.c.c.CharSequenceEncoder - [5ce20af9] Writing "238. foo bar"
16:11:18.464 [qtp1864083005-187] DEBUG o.s.c.c.CharSequenceEncoder - [5ce20af9] Writing "239. foo bar"
16:11:18.465 [qtp1864083005-187] DEBUG o.s.c.c.CharSequenceEncoder - [5ce20af9] Writing "240. foo bar"
16:11:18.465 [qtp1864083005-187] DEBUG o.s.c.c.CharSequenceEncoder - [5ce20af9] Writing "241. foo bar"
16:11:18.466 [qtp1864083005-187] DEBUG o.s.c.c.CharSequenceEncoder - [5ce20af9] Writing "242. foo bar"
16:11:18.466 [qtp1864083005-187] DEBUG o.s.c.c.CharSequenceEncoder - [5ce20af9] Writing "243. foo bar"
16:11:18.466 [qtp1864083005-187] DEBUG o.s.c.c.CharSequenceEncoder - [5ce20af9] Writing "244. foo bar"
16:11:18.467 [qtp1864083005-187] DEBUG o.s.c.c.CharSequenceEncoder - [5ce20af9] Writing "245. foo bar"
16:11:18.467 [qtp1864083005-187] DEBUG o.s.c.c.CharSequenceEncoder - [5ce20af9] Writing "246. foo bar"
16:11:18.468 [qtp1864083005-187] DEBUG o.s.c.c.CharSequenceEncoder - [5ce20af9] Writing "247. foo bar"
16:11:18.468 [qtp1864083005-187] DEBUG o.s.c.c.CharSequenceEncoder - [5ce20af9] Writing "248. foo bar"
16:11:18.469 [qtp1864083005-187] DEBUG o.s.c.c.CharSequenceEncoder - [5ce20af9] Writing "249. foo bar"
16:11:18.469 [qtp1864083005-187] DEBUG o.s.c.c.CharSequenceEncoder - [5ce20af9] Writing "250. foo bar"
16:11:18.470 [qtp1864083005-187] DEBUG o.s.c.c.CharSequenceEncoder - [5ce20af9] Writing "251. foo bar"
16:11:18.470 [qtp1864083005-187] DEBUG o.s.c.c.CharSequenceEncoder - [5ce20af9] Writing "252. foo bar"
16:11:18.471 [qtp1864083005-187] DEBUG o.s.c.c.CharSequenceEncoder - [5ce20af9] Writing "253. foo bar"
16:11:18.471 [qtp1864083005-187] DEBUG o.s.c.c.CharSequenceEncoder - [5ce20af9] Writing "254. foo bar"
16:11:18.471 [qtp1864083005-187] DEBUG o.s.c.c.CharSequenceEncoder - [5ce20af9] Writing "255. foo bar"
16:11:18.471 [qtp1864083005-187] DEBUG o.s.c.c.CharSequenceEncoder - [5ce20af9] Writing "256. foo bar"
16:11:18.472 [qtp1864083005-187] DEBUG o.s.c.c.CharSequenceEncoder - [5ce20af9] Writing "257. foo bar"
16:11:18.472 [qtp1864083005-187] DEBUG o.s.c.c.CharSequenceEncoder - [5ce20af9] Writing "258. foo bar"
16:11:18.472 [qtp1864083005-187] DEBUG o.s.c.c.CharSequenceEncoder - [5ce20af9] Writing "259. foo bar"
16:11:18.472 [qtp1864083005-187] DEBUG o.s.c.c.CharSequenceEncoder - [5ce20af9] Writing "260. foo bar"
16:11:18.473 [qtp1864083005-187] DEBUG o.s.c.c.CharSequenceEncoder - [5ce20af9] Writing "261. foo bar"
16:11:18.473 [qtp1864083005-187] DEBUG o.s.c.c.CharSequenceEncoder - [5ce20af9] Writing "262. foo bar"
16:11:18.473 [qtp1864083005-187] DEBUG o.s.c.c.CharSequenceEncoder - [5ce20af9] Writing "263. foo bar"
16:11:18.473 [qtp1864083005-187] DEBUG o.s.c.c.CharSequenceEncoder - [5ce20af9] Writing "264. foo bar"
16:11:18.474 [qtp1864083005-187] DEBUG o.s.c.c.CharSequenceEncoder - [5ce20af9] Writing "265. foo bar"
16:11:18.474 [qtp1864083005-187] DEBUG o.s.c.c.CharSequenceEncoder - [5ce20af9] Writing "266. foo bar"
16:11:18.474 [qtp1864083005-187] DEBUG o.s.c.c.CharSequenceEncoder - [5ce20af9] Writing "267. foo bar"
16:11:18.474 [qtp1864083005-187] DEBUG o.s.c.c.CharSequenceEncoder - [5ce20af9] Writing "268. foo bar"
16:11:18.475 [qtp1864083005-187] DEBUG o.s.c.c.CharSequenceEncoder - [5ce20af9] Writing "269. foo bar"
16:11:18.475 [qtp1864083005-187] DEBUG o.s.c.c.CharSequenceEncoder - [5ce20af9] Writing "270. foo bar"
16:11:18.475 [qtp1864083005-187] DEBUG o.s.c.c.CharSequenceEncoder - [5ce20af9] Writing "271. foo bar"
16:11:18.476 [qtp1864083005-187] DEBUG o.s.c.c.CharSequenceEncoder - [5ce20af9] Writing "272. foo bar"
16:11:18.476 [qtp1864083005-187] DEBUG o.s.c.c.CharSequenceEncoder - [5ce20af9] Writing "273. foo bar"
16:11:18.476 [qtp1864083005-187] DEBUG o.s.c.c.CharSequenceEncoder - [5ce20af9] Writing "274. foo bar"
16:11:18.476 [qtp1864083005-187] DEBUG o.s.c.c.CharSequenceEncoder - [5ce20af9] Writing "275. foo bar"
16:11:18.478 [qtp1864083005-187] DEBUG o.s.c.c.CharSequenceEncoder - [5ce20af9] Writing "276. foo bar"
16:11:18.479 [qtp1864083005-187] DEBUG o.s.c.c.CharSequenceEncoder - [5ce20af9] Writing "277. foo bar"
16:11:18.479 [qtp1864083005-187] DEBUG o.s.c.c.CharSequenceEncoder - [5ce20af9] Writing "278. foo bar"
16:11:18.479 [qtp1864083005-187] DEBUG o.s.c.c.CharSequenceEncoder - [5ce20af9] Writing "279. foo bar"
16:11:18.479 [qtp1864083005-187] DEBUG o.s.c.c.CharSequenceEncoder - [5ce20af9] Writing "280. foo bar"
16:11:18.480 [qtp1864083005-187] DEBUG o.s.c.c.CharSequenceEncoder - [5ce20af9] Writing "281. foo bar"
16:11:18.480 [qtp1864083005-187] DEBUG o.s.c.c.CharSequenceEncoder - [5ce20af9] Writing "282. foo bar"
16:11:18.480 [qtp1864083005-187] DEBUG o.s.c.c.CharSequenceEncoder - [5ce20af9] Writing "283. foo bar"
16:11:18.481 [qtp1864083005-187] DEBUG o.s.c.c.CharSequenceEncoder - [5ce20af9] Writing "284. foo bar"
16:11:18.481 [qtp1864083005-187] DEBUG o.s.c.c.CharSequenceEncoder - [5ce20af9] Writing "285. foo bar"
16:11:18.481 [qtp1864083005-187] DEBUG o.s.c.c.CharSequenceEncoder - [5ce20af9] Writing "286. foo bar"
16:11:18.482 [qtp1864083005-187] DEBUG o.s.c.c.CharSequenceEncoder - [5ce20af9] Writing "287. foo bar"
16:11:18.482 [qtp1864083005-187] DEBUG o.s.c.c.CharSequenceEncoder - [5ce20af9] Writing "288. foo bar"
16:11:18.482 [qtp1864083005-187] DEBUG o.s.c.c.CharSequenceEncoder - [5ce20af9] Writing "289. foo bar"
16:11:18.482 [qtp1864083005-187] DEBUG o.s.c.c.CharSequenceEncoder - [5ce20af9] Writing "290. foo bar"
16:11:18.483 [qtp1864083005-187] DEBUG o.s.c.c.CharSequenceEncoder - [5ce20af9] Writing "291. foo bar"
16:11:18.483 [qtp1864083005-187] DEBUG o.s.c.c.CharSequenceEncoder - [5ce20af9] Writing "292. foo bar"
16:11:18.483 [qtp1864083005-187] DEBUG o.s.c.c.CharSequenceEncoder - [5ce20af9] Writing "293. foo bar"
16:11:18.483 [qtp1864083005-187] DEBUG o.s.c.c.CharSequenceEncoder - [5ce20af9] Writing "294. foo bar"
16:11:18.484 [qtp1864083005-187] DEBUG o.s.c.c.CharSequenceEncoder - [5ce20af9] Writing "295. foo bar"
16:11:18.484 [qtp1864083005-187] DEBUG o.s.c.c.CharSequenceEncoder - [5ce20af9] Writing "296. foo bar"
16:11:18.484 [qtp1864083005-187] DEBUG o.s.c.c.CharSequenceEncoder - [5ce20af9] Writing "297. foo bar"
16:11:18.484 [qtp1864083005-187] DEBUG o.s.c.c.CharSequenceEncoder - [5ce20af9] Writing "298. foo bar"
16:11:18.485 [qtp1864083005-187] DEBUG o.s.c.c.CharSequenceEncoder - [5ce20af9] Writing "299. foo bar"
16:11:18.485 [qtp1864083005-187] DEBUG o.s.c.c.CharSequenceEncoder - [5ce20af9] Writing "300. foo bar"
16:11:18.485 [qtp1864083005-187] DEBUG o.s.c.c.CharSequenceEncoder - [5ce20af9] Writing "301. foo bar"
16:11:18.485 [qtp1864083005-187] DEBUG o.s.c.c.CharSequenceEncoder - [5ce20af9] Writing "302. foo bar"
16:11:18.486 [qtp1864083005-187] DEBUG o.s.c.c.CharSequenceEncoder - [5ce20af9] Writing "303. foo bar"
16:11:18.486 [qtp1864083005-187] DEBUG o.s.c.c.CharSequenceEncoder - [5ce20af9] Writing "304. foo bar"
16:11:18.486 [qtp1864083005-187] DEBUG o.s.c.c.CharSequenceEncoder - [5ce20af9] Writing "305. foo bar"
16:11:18.486 [qtp1864083005-187] DEBUG o.s.c.c.CharSequenceEncoder - [5ce20af9] Writing "306. foo bar"
16:11:18.487 [qtp1864083005-187] DEBUG o.s.c.c.CharSequenceEncoder - [5ce20af9] Writing "307. foo bar"
16:11:18.487 [qtp1864083005-187] DEBUG o.s.c.c.CharSequenceEncoder - [5ce20af9] Writing "308. foo bar"
16:11:18.487 [qtp1864083005-187] DEBUG o.s.c.c.CharSequenceEncoder - [5ce20af9] Writing "309. foo bar"
16:11:18.487 [qtp1864083005-187] DEBUG o.s.c.c.CharSequenceEncoder - [5ce20af9] Writing "310. foo bar"
16:11:18.488 [qtp1864083005-187] DEBUG o.s.c.c.CharSequenceEncoder - [5ce20af9] Writing "311. foo bar"
16:11:18.524 [qtp1864083005-187] DEBUG o.s.c.c.CharSequenceEncoder - [5ce20af9] Writing "312. foo bar"
16:11:18.524 [qtp1864083005-187] DEBUG o.s.c.c.CharSequenceEncoder - [5ce20af9] Writing "313. foo bar"
16:11:18.524 [qtp1864083005-187] DEBUG o.s.c.c.CharSequenceEncoder - [5ce20af9] Writing "314. foo bar"
16:11:18.527 [qtp1864083005-187] DEBUG o.s.c.c.CharSequenceEncoder - [5ce20af9] Writing "315. foo bar"
16:11:18.527 [qtp1864083005-187] DEBUG o.s.c.c.CharSequenceEncoder - [5ce20af9] Writing "316. foo bar"
16:11:18.528 [qtp1864083005-187] DEBUG o.s.c.c.CharSequenceEncoder - [5ce20af9] Writing "317. foo bar"
16:11:18.528 [qtp1864083005-187] DEBUG o.s.c.c.CharSequenceEncoder - [5ce20af9] Writing "318. foo bar"
16:11:18.529 [qtp1864083005-187] DEBUG o.s.c.c.CharSequenceEncoder - [5ce20af9] Writing "319. foo bar"
16:11:18.529 [qtp1864083005-187] DEBUG o.s.c.c.CharSequenceEncoder - [5ce20af9] Writing "320. foo bar"
16:11:18.529 [qtp1864083005-187] DEBUG o.s.c.c.CharSequenceEncoder - [5ce20af9] Writing "321. foo bar"
16:11:18.529 [qtp1864083005-187] DEBUG o.s.c.c.CharSequenceEncoder - [5ce20af9] Writing "322. foo bar"
16:11:18.530 [qtp1864083005-187] DEBUG o.s.c.c.CharSequenceEncoder - [5ce20af9] Writing "323. foo bar"
16:11:18.530 [qtp1864083005-187] DEBUG o.s.c.c.CharSequenceEncoder - [5ce20af9] Writing "324. foo bar"
16:11:18.530 [qtp1864083005-187] DEBUG o.s.c.c.CharSequenceEncoder - [5ce20af9] Writing "325. foo bar"
16:11:18.530 [qtp1864083005-187] DEBUG o.s.c.c.CharSequenceEncoder - [5ce20af9] Writing "326. foo bar"
16:11:18.531 [qtp1864083005-187] DEBUG o.s.c.c.CharSequenceEncoder - [5ce20af9] Writing "327. foo bar"
16:11:18.531 [qtp1864083005-187] DEBUG o.s.c.c.CharSequenceEncoder - [5ce20af9] Writing "328. foo bar"
16:11:18.531 [qtp1864083005-187] DEBUG o.s.c.c.CharSequenceEncoder - [5ce20af9] Writing "329. foo bar"
16:11:18.531 [qtp1864083005-187] DEBUG o.s.c.c.CharSequenceEncoder - [5ce20af9] Writing "330. foo bar"
16:11:18.532 [qtp1864083005-187] DEBUG o.s.c.c.CharSequenceEncoder - [5ce20af9] Writing "331. foo bar"
16:11:18.532 [qtp1864083005-187] DEBUG o.s.c.c.CharSequenceEncoder - [5ce20af9] Writing "332. foo bar"
16:11:18.532 [qtp1864083005-187] DEBUG o.s.c.c.CharSequenceEncoder - [5ce20af9] Writing "333. foo bar"
16:11:18.532 [qtp1864083005-187] DEBUG o.s.c.c.CharSequenceEncoder - [5ce20af9] Writing "334. foo bar"
16:11:18.533 [qtp1864083005-187] DEBUG o.s.c.c.CharSequenceEncoder - [5ce20af9] Writing "335. foo bar"
16:11:18.533 [qtp1864083005-187] DEBUG o.s.c.c.CharSequenceEncoder - [5ce20af9] Writing "336. foo bar"
16:11:18.533 [qtp1864083005-187] DEBUG o.s.c.c.CharSequenceEncoder - [5ce20af9] Writing "337. foo bar"
16:11:18.534 [qtp1864083005-187] DEBUG o.s.c.c.CharSequenceEncoder - [5ce20af9] Writing "338. foo bar"
16:11:18.534 [qtp1864083005-187] DEBUG o.s.c.c.CharSequenceEncoder - [5ce20af9] Writing "339. foo bar"
16:11:18.534 [qtp1864083005-187] DEBUG o.s.c.c.CharSequenceEncoder - [5ce20af9] Writing "340. foo bar"
16:11:18.534 [qtp1864083005-187] DEBUG o.s.c.c.CharSequenceEncoder - [5ce20af9] Writing "341. foo bar"
16:11:18.535 [qtp1864083005-187] DEBUG o.s.c.c.CharSequenceEncoder - [5ce20af9] Writing "342. foo bar"
16:11:18.535 [qtp1864083005-187] DEBUG o.s.c.c.CharSequenceEncoder - [5ce20af9] Writing "343. foo bar"
16:11:18.535 [qtp1864083005-187] DEBUG o.s.c.c.CharSequenceEncoder - [5ce20af9] Writing "344. foo bar"
16:11:18.535 [qtp1864083005-187] DEBUG o.s.c.c.CharSequenceEncoder - [5ce20af9] Writing "345. foo bar"
16:11:18.536 [qtp1864083005-187] DEBUG o.s.c.c.CharSequenceEncoder - [5ce20af9] Writing "346. foo bar"
16:11:18.536 [qtp1864083005-187] DEBUG o.s.c.c.CharSequenceEncoder - [5ce20af9] Writing "347. foo bar"
16:11:18.536 [qtp1864083005-187] DEBUG o.s.c.c.CharSequenceEncoder - [5ce20af9] Writing "348. foo bar"
16:11:18.536 [qtp1864083005-187] DEBUG o.s.c.c.CharSequenceEncoder - [5ce20af9] Writing "349. foo bar"
16:11:18.537 [qtp1864083005-187] DEBUG o.s.c.c.CharSequenceEncoder - [5ce20af9] Writing "350. foo bar"
16:11:18.537 [qtp1864083005-187] DEBUG o.s.c.c.CharSequenceEncoder - [5ce20af9] Writing "351. foo bar"
16:11:18.537 [qtp1864083005-187] DEBUG o.s.c.c.CharSequenceEncoder - [5ce20af9] Writing "352. foo bar"
16:11:18.537 [qtp1864083005-187] DEBUG o.s.c.c.CharSequenceEncoder - [5ce20af9] Writing "353. foo bar"
16:11:18.538 [qtp1864083005-187] DEBUG o.s.c.c.CharSequenceEncoder - [5ce20af9] Writing "354. foo bar"
16:11:18.538 [qtp1864083005-187] DEBUG o.s.c.c.CharSequenceEncoder - [5ce20af9] Writing "355. foo bar"
16:11:18.555 [qtp1864083005-187] DEBUG o.s.c.c.CharSequenceEncoder - [5ce20af9] Writing "356. foo bar"
16:11:18.555 [qtp1864083005-187] DEBUG o.s.c.c.CharSequenceEncoder - [5ce20af9] Writing "357. foo bar"
16:11:18.555 [qtp1864083005-187] DEBUG o.s.c.c.CharSequenceEncoder - [5ce20af9] Writing "358. foo bar"
16:11:18.556 [qtp1864083005-187] DEBUG o.s.c.c.CharSequenceEncoder - [5ce20af9] Writing "359. foo bar"
16:11:18.556 [qtp1864083005-187] DEBUG o.s.c.c.CharSequenceEncoder - [5ce20af9] Writing "360. foo bar"
16:11:18.556 [qtp1864083005-187] DEBUG o.s.c.c.CharSequenceEncoder - [5ce20af9] Writing "361. foo bar"
16:11:18.556 [qtp1864083005-187] DEBUG o.s.c.c.CharSequenceEncoder - [5ce20af9] Writing "362. foo bar"
16:11:18.557 [qtp1864083005-187] DEBUG o.s.c.c.CharSequenceEncoder - [5ce20af9] Writing "363. foo bar"
16:11:18.557 [qtp1864083005-187] DEBUG o.s.c.c.CharSequenceEncoder - [5ce20af9] Writing "364. foo bar"
16:11:18.557 [qtp1864083005-187] DEBUG o.s.c.c.CharSequenceEncoder - [5ce20af9] Writing "365. foo bar"
16:11:18.557 [qtp1864083005-187] DEBUG o.s.c.c.CharSequenceEncoder - [5ce20af9] Writing "366. foo bar"
16:11:18.558 [qtp1864083005-187] DEBUG o.s.c.c.CharSequenceEncoder - [5ce20af9] Writing "367. foo bar"
16:11:18.558 [qtp1864083005-187] DEBUG o.s.c.c.CharSequenceEncoder - [5ce20af9] Writing "368. foo bar"
16:11:18.558 [qtp1864083005-187] DEBUG o.s.c.c.CharSequenceEncoder - [5ce20af9] Writing "369. foo bar"
16:11:18.558 [qtp1864083005-187] DEBUG o.s.c.c.CharSequenceEncoder - [5ce20af9] Writing "370. foo bar"
16:11:18.559 [qtp1864083005-187] DEBUG o.s.c.c.CharSequenceEncoder - [5ce20af9] Writing "371. foo bar"
16:11:18.559 [qtp1864083005-187] DEBUG o.s.c.c.CharSequenceEncoder - [5ce20af9] Writing "372. foo bar"
16:11:18.559 [qtp1864083005-187] DEBUG o.s.c.c.CharSequenceEncoder - [5ce20af9] Writing "373. foo bar"
16:11:18.559 [qtp1864083005-187] DEBUG o.s.c.c.CharSequenceEncoder - [5ce20af9] Writing "374. foo bar"
16:11:18.559 [qtp1864083005-187] DEBUG o.s.c.c.CharSequenceEncoder - [5ce20af9] Writing "375. foo bar"
16:11:18.560 [qtp1864083005-187] DEBUG o.s.c.c.CharSequenceEncoder - [5ce20af9] Writing "376. foo bar"
16:11:18.560 [qtp1864083005-187] DEBUG o.s.c.c.CharSequenceEncoder - [5ce20af9] Writing "377. foo bar"
16:11:18.560 [qtp1864083005-187] DEBUG o.s.c.c.CharSequenceEncoder - [5ce20af9] Writing "378. foo bar"
16:11:18.560 [qtp1864083005-187] DEBUG o.s.c.c.CharSequenceEncoder - [5ce20af9] Writing "379. foo bar"
16:11:18.561 [qtp1864083005-187] DEBUG o.s.c.c.CharSequenceEncoder - [5ce20af9] Writing "380. foo bar"
16:11:18.561 [qtp1864083005-187] DEBUG o.s.c.c.CharSequenceEncoder - [5ce20af9] Writing "381. foo bar"
16:11:18.561 [qtp1864083005-187] DEBUG o.s.c.c.CharSequenceEncoder - [5ce20af9] Writing "382. foo bar"
16:11:18.561 [qtp1864083005-187] DEBUG o.s.c.c.CharSequenceEncoder - [5ce20af9] Writing "383. foo bar"
16:11:18.562 [qtp1864083005-187] DEBUG o.s.c.c.CharSequenceEncoder - [5ce20af9] Writing "384. foo bar"
16:11:18.562 [qtp1864083005-187] DEBUG o.s.c.c.CharSequenceEncoder - [5ce20af9] Writing "385. foo bar"
16:11:18.562 [qtp1864083005-187] DEBUG o.s.c.c.CharSequenceEncoder - [5ce20af9] Writing "386. foo bar"
16:11:18.563 [qtp1864083005-187] DEBUG o.s.c.c.CharSequenceEncoder - [5ce20af9] Writing "387. foo bar"
16:11:18.563 [qtp1864083005-187] DEBUG o.s.c.c.CharSequenceEncoder - [5ce20af9] Writing "388. foo bar"
16:11:18.563 [qtp1864083005-187] DEBUG o.s.c.c.CharSequenceEncoder - [5ce20af9] Writing "389. foo bar"
16:11:18.564 [qtp1864083005-187] DEBUG o.s.c.c.CharSequenceEncoder - [5ce20af9] Writing "390. foo bar"
16:11:18.564 [qtp1864083005-187] DEBUG o.s.c.c.CharSequenceEncoder - [5ce20af9] Writing "391. foo bar"
16:11:18.564 [qtp1864083005-187] DEBUG o.s.c.c.CharSequenceEncoder - [5ce20af9] Writing "392. foo bar"
16:11:18.564 [qtp1864083005-187] DEBUG o.s.c.c.CharSequenceEncoder - [5ce20af9] Writing "393. foo bar"
16:11:18.588 [qtp1864083005-187] DEBUG o.s.c.c.CharSequenceEncoder - [5ce20af9] Writing "394. foo bar"
16:11:18.589 [qtp1864083005-187] DEBUG o.s.c.c.CharSequenceEncoder - [5ce20af9] Writing "395. foo bar"
16:11:18.589 [qtp1864083005-187] DEBUG o.s.c.c.CharSequenceEncoder - [5ce20af9] Writing "396. foo bar"
16:11:18.589 [qtp1864083005-187] DEBUG o.s.c.c.CharSequenceEncoder - [5ce20af9] Writing "397. foo bar"
16:11:18.589 [qtp1864083005-187] DEBUG o.s.c.c.CharSequenceEncoder - [5ce20af9] Writing "398. foo bar"
16:11:18.590 [qtp1864083005-187] DEBUG o.s.c.c.CharSequenceEncoder - [5ce20af9] Writing "399. foo bar"
16:11:18.590 [qtp1864083005-187] DEBUG o.s.c.c.CharSequenceEncoder - [5ce20af9] Writing "400. foo bar"
16:11:18.590 [qtp1864083005-187] DEBUG o.s.c.c.CharSequenceEncoder - [5ce20af9] Writing "401. foo bar"
16:11:18.590 [qtp1864083005-187] DEBUG o.s.c.c.CharSequenceEncoder - [5ce20af9] Writing "402. foo bar"
16:11:18.591 [qtp1864083005-187] DEBUG o.s.c.c.CharSequenceEncoder - [5ce20af9] Writing "403. foo bar"
16:11:18.591 [qtp1864083005-187] DEBUG o.s.c.c.CharSequenceEncoder - [5ce20af9] Writing "404. foo bar"
16:11:18.591 [qtp1864083005-187] DEBUG o.s.c.c.CharSequenceEncoder - [5ce20af9] Writing "405. foo bar"
16:11:18.591 [qtp1864083005-187] DEBUG o.s.c.c.CharSequenceEncoder - [5ce20af9] Writing "406. foo bar"
16:11:18.592 [qtp1864083005-187] DEBUG o.s.c.c.CharSequenceEncoder - [5ce20af9] Writing "407. foo bar"
16:11:18.592 [qtp1864083005-187] DEBUG o.s.c.c.CharSequenceEncoder - [5ce20af9] Writing "408. foo bar"
16:11:18.592 [qtp1864083005-187] DEBUG o.s.c.c.CharSequenceEncoder - [5ce20af9] Writing "409. foo bar"
16:11:18.592 [qtp1864083005-187] DEBUG o.s.c.c.CharSequenceEncoder - [5ce20af9] Writing "410. foo bar"
16:11:18.592 [qtp1864083005-187] DEBUG o.s.c.c.CharSequenceEncoder - [5ce20af9] Writing "411. foo bar"
16:11:18.593 [qtp1864083005-187] DEBUG o.s.c.c.CharSequenceEncoder - [5ce20af9] Writing "412. foo bar"
16:11:18.593 [qtp1864083005-187] DEBUG o.s.c.c.CharSequenceEncoder - [5ce20af9] Writing "413. foo bar"
16:11:18.593 [qtp1864083005-187] DEBUG o.s.c.c.CharSequenceEncoder - [5ce20af9] Writing "414. foo bar"
16:11:18.593 [qtp1864083005-187] DEBUG o.s.c.c.CharSequenceEncoder - [5ce20af9] Writing "415. foo bar"
16:11:18.594 [qtp1864083005-187] DEBUG o.s.c.c.CharSequenceEncoder - [5ce20af9] Writing "416. foo bar"
16:11:18.594 [qtp1864083005-187] DEBUG o.s.c.c.CharSequenceEncoder - [5ce20af9] Writing "417. foo bar"
16:11:18.594 [qtp1864083005-187] DEBUG o.s.c.c.CharSequenceEncoder - [5ce20af9] Writing "418. foo bar"
16:11:18.594 [qtp1864083005-187] DEBUG o.s.c.c.CharSequenceEncoder - [5ce20af9] Writing "419. foo bar"
16:11:18.595 [qtp1864083005-187] DEBUG o.s.c.c.CharSequenceEncoder - [5ce20af9] Writing "420. foo bar"
16:11:18.595 [qtp1864083005-187] DEBUG o.s.c.c.CharSequenceEncoder - [5ce20af9] Writing "421. foo bar"
16:11:18.595 [qtp1864083005-187] DEBUG o.s.c.c.CharSequenceEncoder - [5ce20af9] Writing "422. foo bar"
16:11:18.595 [qtp1864083005-187] DEBUG o.s.c.c.CharSequenceEncoder - [5ce20af9] Writing "423. foo bar"
16:11:18.596 [qtp1864083005-187] DEBUG o.s.c.c.CharSequenceEncoder - [5ce20af9] Writing "424. foo bar"
16:11:18.596 [qtp1864083005-187] DEBUG o.s.c.c.CharSequenceEncoder - [5ce20af9] Writing "425. foo bar"
16:11:18.596 [qtp1864083005-187] DEBUG o.s.c.c.CharSequenceEncoder - [5ce20af9] Writing "426. foo bar"
16:11:18.596 [qtp1864083005-187] DEBUG o.s.c.c.CharSequenceEncoder - [5ce20af9] Writing "427. foo bar"
16:11:18.596 [qtp1864083005-187] DEBUG o.s.c.c.CharSequenceEncoder - [5ce20af9] Writing "428. foo bar"
16:11:18.597 [qtp1864083005-187] DEBUG o.s.c.c.CharSequenceEncoder - [5ce20af9] Writing "429. foo bar"
16:11:18.597 [qtp1864083005-187] DEBUG o.s.c.c.CharSequenceEncoder - [5ce20af9] Writing "430. foo bar"
16:11:18.597 [qtp1864083005-187] DEBUG o.s.c.c.CharSequenceEncoder - [5ce20af9] Writing "431. foo bar"
16:11:18.597 [qtp1864083005-187] DEBUG o.s.c.c.CharSequenceEncoder - [5ce20af9] Writing "432. foo bar"
16:11:18.637 [qtp1864083005-187] DEBUG o.s.c.c.CharSequenceEncoder - [5ce20af9] Writing "433. foo bar"
16:11:18.637 [qtp1864083005-187] DEBUG o.s.c.c.CharSequenceEncoder - [5ce20af9] Writing "434. foo bar"
16:11:18.638 [qtp1864083005-187] DEBUG o.s.c.c.CharSequenceEncoder - [5ce20af9] Writing "435. foo bar"
16:11:18.638 [qtp1864083005-187] DEBUG o.s.c.c.CharSequenceEncoder - [5ce20af9] Writing "436. foo bar"
16:11:18.639 [qtp1864083005-187] DEBUG o.s.c.c.CharSequenceEncoder - [5ce20af9] Writing "437. foo bar"
16:11:18.639 [qtp1864083005-187] DEBUG o.s.c.c.CharSequenceEncoder - [5ce20af9] Writing "438. foo bar"
16:11:18.639 [qtp1864083005-187] DEBUG o.s.c.c.CharSequenceEncoder - [5ce20af9] Writing "439. foo bar"
16:11:18.648 [qtp1864083005-187] DEBUG o.s.c.c.CharSequenceEncoder - [5ce20af9] Writing "440. foo bar"
16:11:18.649 [qtp1864083005-187] DEBUG o.s.c.c.CharSequenceEncoder - [5ce20af9] Writing "441. foo bar"
16:11:18.649 [qtp1864083005-187] DEBUG o.s.c.c.CharSequenceEncoder - [5ce20af9] Writing "442. foo bar"
16:11:18.649 [qtp1864083005-187] DEBUG o.s.c.c.CharSequenceEncoder - [5ce20af9] Writing "443. foo bar"
16:11:18.649 [qtp1864083005-187] DEBUG o.s.c.c.CharSequenceEncoder - [5ce20af9] Writing "444. foo bar"
16:11:18.650 [qtp1864083005-187] DEBUG o.s.c.c.CharSequenceEncoder - [5ce20af9] Writing "445. foo bar"
16:11:18.650 [qtp1864083005-187] DEBUG o.s.c.c.CharSequenceEncoder - [5ce20af9] Writing "446. foo bar"
16:11:18.650 [qtp1864083005-187] DEBUG o.s.c.c.CharSequenceEncoder - [5ce20af9] Writing "447. foo bar"
16:11:18.650 [qtp1864083005-187] DEBUG o.s.c.c.CharSequenceEncoder - [5ce20af9] Writing "448. foo bar"
16:11:18.651 [qtp1864083005-187] DEBUG o.s.c.c.CharSequenceEncoder - [5ce20af9] Writing "449. foo bar"
16:11:18.651 [qtp1864083005-187] DEBUG o.s.c.c.CharSequenceEncoder - [5ce20af9] Writing "450. foo bar"
16:11:18.651 [qtp1864083005-187] DEBUG o.s.c.c.CharSequenceEncoder - [5ce20af9] Writing "451. foo bar"
16:11:18.651 [qtp1864083005-187] DEBUG o.s.c.c.CharSequenceEncoder - [5ce20af9] Writing "452. foo bar"
16:11:18.652 [qtp1864083005-187] DEBUG o.s.c.c.CharSequenceEncoder - [5ce20af9] Writing "453. foo bar"
16:11:18.652 [qtp1864083005-187] DEBUG o.s.c.c.CharSequenceEncoder - [5ce20af9] Writing "454. foo bar"
16:11:18.653 [qtp1864083005-187] DEBUG o.s.c.c.CharSequenceEncoder - [5ce20af9] Writing "455. foo bar"
16:11:18.653 [qtp1864083005-187] DEBUG o.s.c.c.CharSequenceEncoder - [5ce20af9] Writing "456. foo bar"
16:11:18.653 [qtp1864083005-187] DEBUG o.s.c.c.CharSequenceEncoder - [5ce20af9] Writing "457. foo bar"
16:11:18.653 [qtp1864083005-187] DEBUG o.s.c.c.CharSequenceEncoder - [5ce20af9] Writing "458. foo bar"
16:11:18.654 [qtp1864083005-187] DEBUG o.s.c.c.CharSequenceEncoder - [5ce20af9] Writing "459. foo bar"
16:11:18.654 [qtp1864083005-187] DEBUG o.s.c.c.CharSequenceEncoder - [5ce20af9] Writing "460. foo bar"
16:11:18.654 [qtp1864083005-187] DEBUG o.s.c.c.CharSequenceEncoder - [5ce20af9] Writing "461. foo bar"
16:11:18.654 [qtp1864083005-187] DEBUG o.s.c.c.CharSequenceEncoder - [5ce20af9] Writing "462. foo bar"
16:11:18.655 [qtp1864083005-187] DEBUG o.s.c.c.CharSequenceEncoder - [5ce20af9] Writing "463. foo bar"
16:11:18.655 [qtp1864083005-187] DEBUG o.s.c.c.CharSequenceEncoder - [5ce20af9] Writing "464. foo bar"
16:11:18.655 [qtp1864083005-187] DEBUG o.s.c.c.CharSequenceEncoder - [5ce20af9] Writing "465. foo bar"
16:11:18.656 [qtp1864083005-187] DEBUG o.s.c.c.CharSequenceEncoder - [5ce20af9] Writing "466. foo bar"
16:11:18.656 [qtp1864083005-187] DEBUG o.s.c.c.CharSequenceEncoder - [5ce20af9] Writing "467. foo bar"
16:11:18.656 [qtp1864083005-187] DEBUG o.s.c.c.CharSequenceEncoder - [5ce20af9] Writing "468. foo bar"
16:11:18.657 [qtp1864083005-187] DEBUG o.s.c.c.CharSequenceEncoder - [5ce20af9] Writing "469. foo bar"
16:11:18.673 [qtp1864083005-187] DEBUG o.s.c.c.CharSequenceEncoder - [5ce20af9] Writing "470. foo bar"
16:11:18.674 [qtp1864083005-187] DEBUG o.s.c.c.CharSequenceEncoder - [5ce20af9] Writing "471. foo bar"
16:11:18.674 [qtp1864083005-187] DEBUG o.s.c.c.CharSequenceEncoder - [5ce20af9] Writing "472. foo bar"
16:11:18.675 [qtp1864083005-187] DEBUG o.s.c.c.CharSequenceEncoder - [5ce20af9] Writing "473. foo bar"
16:11:18.675 [qtp1864083005-187] DEBUG o.s.c.c.CharSequenceEncoder - [5ce20af9] Writing "474. foo bar"
16:11:18.675 [qtp1864083005-187] DEBUG o.s.c.c.CharSequenceEncoder - [5ce20af9] Writing "475. foo bar"
16:11:18.675 [qtp1864083005-187] DEBUG o.s.c.c.CharSequenceEncoder - [5ce20af9] Writing "476. foo bar"
16:11:18.676 [qtp1864083005-187] DEBUG o.s.c.c.CharSequenceEncoder - [5ce20af9] Writing "477. foo bar"
16:11:18.676 [qtp1864083005-187] DEBUG o.s.c.c.CharSequenceEncoder - [5ce20af9] Writing "478. foo bar"
16:11:18.676 [qtp1864083005-187] DEBUG o.s.c.c.CharSequenceEncoder - [5ce20af9] Writing "479. foo bar"
16:11:18.676 [qtp1864083005-187] DEBUG o.s.c.c.CharSequenceEncoder - [5ce20af9] Writing "480. foo bar"
16:11:18.676 [qtp1864083005-187] DEBUG o.s.c.c.CharSequenceEncoder - [5ce20af9] Writing "481. foo bar"
16:11:18.677 [qtp1864083005-187] DEBUG o.s.c.c.CharSequenceEncoder - [5ce20af9] Writing "482. foo bar"
16:11:18.677 [qtp1864083005-187] DEBUG o.s.c.c.CharSequenceEncoder - [5ce20af9] Writing "483. foo bar"
16:11:18.677 [qtp1864083005-187] DEBUG o.s.c.c.CharSequenceEncoder - [5ce20af9] Writing "484. foo bar"
16:11:18.677 [qtp1864083005-187] DEBUG o.s.c.c.CharSequenceEncoder - [5ce20af9] Writing "485. foo bar"
16:11:18.677 [qtp1864083005-187] DEBUG o.s.c.c.CharSequenceEncoder - [5ce20af9] Writing "486. foo bar"
16:11:18.678 [qtp1864083005-187] DEBUG o.s.c.c.CharSequenceEncoder - [5ce20af9] Writing "487. foo bar"
16:11:18.678 [qtp1864083005-187] DEBUG o.s.c.c.CharSequenceEncoder - [5ce20af9] Writing "488. foo bar"
16:11:18.678 [qtp1864083005-187] DEBUG o.s.c.c.CharSequenceEncoder - [5ce20af9] Writing "489. foo bar"
16:11:18.678 [qtp1864083005-187] DEBUG o.s.c.c.CharSequenceEncoder - [5ce20af9] Writing "490. foo bar"
16:11:18.678 [qtp1864083005-187] DEBUG o.s.c.c.CharSequenceEncoder - [5ce20af9] Writing "491. foo bar"
16:11:18.679 [qtp1864083005-187] DEBUG o.s.c.c.CharSequenceEncoder - [5ce20af9] Writing "492. foo bar"
16:11:18.679 [qtp1864083005-187] DEBUG o.s.c.c.CharSequenceEncoder - [5ce20af9] Writing "493. foo bar"
16:11:18.679 [qtp1864083005-187] DEBUG o.s.c.c.CharSequenceEncoder - [5ce20af9] Writing "494. foo bar"
16:11:18.679 [qtp1864083005-187] DEBUG o.s.c.c.CharSequenceEncoder - [5ce20af9] Writing "495. foo bar"
16:11:18.679 [qtp1864083005-187] DEBUG o.s.c.c.CharSequenceEncoder - [5ce20af9] Writing "496. foo bar"
16:11:18.680 [qtp1864083005-187] DEBUG o.s.c.c.CharSequenceEncoder - [5ce20af9] Writing "497. foo bar"
16:11:18.680 [qtp1864083005-187] DEBUG o.s.c.c.CharSequenceEncoder - [5ce20af9] Writing "498. foo bar"
16:11:18.680 [qtp1864083005-187] DEBUG o.s.c.c.CharSequenceEncoder - [5ce20af9] Writing "499. foo bar"
16:11:18.680 [qtp1864083005-187] DEBUG o.s.c.c.CharSequenceEncoder - [5ce20af9] Writing "500. foo bar"
16:11:18.681 [qtp1864083005-187] DEBUG o.s.c.c.CharSequenceEncoder - [5ce20af9] Writing "501. foo bar"
16:11:18.681 [qtp1864083005-187] DEBUG o.s.c.c.CharSequenceEncoder - [5ce20af9] Writing "502. foo bar"
16:11:18.681 [qtp1864083005-187] DEBUG o.s.c.c.CharSequenceEncoder - [5ce20af9] Writing "503. foo bar"
16:11:18.682 [qtp1864083005-187] DEBUG o.s.c.c.CharSequenceEncoder - [5ce20af9] Writing "504. foo bar"
16:11:18.682 [qtp1864083005-187] DEBUG o.s.c.c.CharSequenceEncoder - [5ce20af9] Writing "505. foo bar"
16:11:18.682 [qtp1864083005-187] DEBUG o.s.c.c.CharSequenceEncoder - [5ce20af9] Writing "506. foo bar"
16:11:18.683 [qtp1864083005-187] DEBUG o.s.c.c.CharSequenceEncoder - [5ce20af9] Writing "507. foo bar"
16:11:18.683 [qtp1864083005-187] DEBUG o.s.c.c.CharSequenceEncoder - [5ce20af9] Writing "508. foo bar"
16:11:18.683 [qtp1864083005-187] DEBUG o.s.c.c.CharSequenceEncoder - [5ce20af9] Writing "509. foo bar"
16:11:18.683 [qtp1864083005-187] DEBUG o.s.c.c.CharSequenceEncoder - [5ce20af9] Writing "510. foo bar"
16:11:18.684 [qtp1864083005-187] DEBUG o.s.c.c.CharSequenceEncoder - [5ce20af9] Writing "511. foo bar"
16:11:18.684 [qtp1864083005-187] DEBUG o.s.c.c.CharSequenceEncoder - [5ce20af9] Writing "512. foo bar"
16:11:18.684 [qtp1864083005-187] DEBUG o.s.c.c.CharSequenceEncoder - [5ce20af9] Writing "513. foo bar"
16:11:18.685 [qtp1864083005-187] DEBUG o.s.c.c.CharSequenceEncoder - [5ce20af9] Writing "514. foo bar"
16:11:18.685 [qtp1864083005-187] DEBUG o.s.c.c.CharSequenceEncoder - [5ce20af9] Writing "515. foo bar"
16:11:18.685 [qtp1864083005-187] DEBUG o.s.c.c.CharSequenceEncoder - [5ce20af9] Writing "516. foo bar"
16:11:18.685 [qtp1864083005-187] DEBUG o.s.c.c.CharSequenceEncoder - [5ce20af9] Writing "517. foo bar"
16:11:18.686 [qtp1864083005-187] DEBUG o.s.c.c.CharSequenceEncoder - [5ce20af9] Writing "518. foo bar"
16:11:18.686 [qtp1864083005-187] DEBUG o.s.c.c.CharSequenceEncoder - [5ce20af9] Writing "519. foo bar"
16:11:18.686 [qtp1864083005-187] DEBUG o.s.c.c.CharSequenceEncoder - [5ce20af9] Writing "520. foo bar"
16:11:18.686 [qtp1864083005-187] DEBUG o.s.c.c.CharSequenceEncoder - [5ce20af9] Writing "521. foo bar"
16:11:18.686 [qtp1864083005-187] DEBUG o.s.c.c.CharSequenceEncoder - [5ce20af9] Writing "522. foo bar"
16:11:18.686 [qtp1864083005-187] DEBUG o.s.c.c.CharSequenceEncoder - [5ce20af9] Writing "523. foo bar"
16:11:18.687 [qtp1864083005-187] DEBUG o.s.c.c.CharSequenceEncoder - [5ce20af9] Writing "524. foo bar"
16:11:18.687 [qtp1864083005-187] DEBUG o.s.c.c.CharSequenceEncoder - [5ce20af9] Writing "525. foo bar"
16:11:18.687 [qtp1864083005-187] DEBUG o.s.c.c.CharSequenceEncoder - [5ce20af9] Writing "526. foo bar"
16:11:18.687 [qtp1864083005-187] DEBUG o.s.c.c.CharSequenceEncoder - [5ce20af9] Writing "527. foo bar"
16:11:18.688 [qtp1864083005-187] DEBUG o.s.c.c.CharSequenceEncoder - [5ce20af9] Writing "528. foo bar"
16:11:18.688 [qtp1864083005-187] DEBUG o.s.c.c.CharSequenceEncoder - [5ce20af9] Writing "529. foo bar"
16:11:18.688 [qtp1864083005-187] DEBUG o.s.c.c.CharSequenceEncoder - [5ce20af9] Writing "530. foo bar"
16:11:18.688 [qtp1864083005-187] DEBUG o.s.c.c.CharSequenceEncoder - [5ce20af9] Writing "531. foo bar"
16:11:18.688 [qtp1864083005-187] DEBUG o.s.c.c.CharSequenceEncoder - [5ce20af9] Writing "532. foo bar"
16:11:18.689 [qtp1864083005-187] DEBUG o.s.c.c.CharSequenceEncoder - [5ce20af9] Writing "533. foo bar"
16:11:18.689 [qtp1864083005-187] DEBUG o.s.c.c.CharSequenceEncoder - [5ce20af9] Writing "534. foo bar"
16:11:18.689 [qtp1864083005-187] DEBUG o.s.c.c.CharSequenceEncoder - [5ce20af9] Writing "535. foo bar"
16:11:18.689 [qtp1864083005-187] DEBUG o.s.c.c.CharSequenceEncoder - [5ce20af9] Writing "536. foo bar"
16:11:18.689 [qtp1864083005-187] DEBUG o.s.c.c.CharSequenceEncoder - [5ce20af9] Writing "537. foo bar"
16:11:18.689 [qtp1864083005-187] DEBUG o.s.c.c.CharSequenceEncoder - [5ce20af9] Writing "538. foo bar"
16:11:18.690 [qtp1864083005-187] DEBUG o.s.c.c.CharSequenceEncoder - [5ce20af9] Writing "539. foo bar"
16:11:18.690 [qtp1864083005-187] DEBUG o.s.c.c.CharSequenceEncoder - [5ce20af9] Writing "540. foo bar"
16:11:18.690 [qtp1864083005-187] DEBUG o.s.c.c.CharSequenceEncoder - [5ce20af9] Writing "541. foo bar"
16:11:18.690 [qtp1864083005-187] DEBUG o.s.c.c.CharSequenceEncoder - [5ce20af9] Writing "542. foo bar"
16:11:18.690 [qtp1864083005-187] DEBUG o.s.c.c.CharSequenceEncoder - [5ce20af9] Writing "543. foo bar"
16:11:18.691 [qtp1864083005-187] DEBUG o.s.c.c.CharSequenceEncoder - [5ce20af9] Writing "544. foo bar"
16:11:18.691 [qtp1864083005-187] DEBUG o.s.c.c.CharSequenceEncoder - [5ce20af9] Writing "545. foo bar"
16:11:18.691 [qtp1864083005-187] DEBUG o.s.c.c.CharSequenceEncoder - [5ce20af9] Writing "546. foo bar"
16:11:18.691 [qtp1864083005-187] DEBUG o.s.c.c.CharSequenceEncoder - [5ce20af9] Writing "547. foo bar"
16:11:18.692 [qtp1864083005-187] DEBUG o.s.c.c.CharSequenceEncoder - [5ce20af9] Writing "548. foo bar"
16:11:18.693 [qtp1864083005-187] DEBUG o.s.c.c.CharSequenceEncoder - [5ce20af9] Writing "549. foo bar"
16:11:18.693 [qtp1864083005-187] DEBUG o.s.c.c.CharSequenceEncoder - [5ce20af9] Writing "550. foo bar"
16:11:18.693 [qtp1864083005-187] DEBUG o.s.c.c.CharSequenceEncoder - [5ce20af9] Writing "551. foo bar"
16:11:18.693 [qtp1864083005-187] DEBUG o.s.c.c.CharSequenceEncoder - [5ce20af9] Writing "552. foo bar"
16:11:18.693 [qtp1864083005-187] DEBUG o.s.c.c.CharSequenceEncoder - [5ce20af9] Writing "553. foo bar"
16:11:18.693 [qtp1864083005-187] DEBUG o.s.c.c.CharSequenceEncoder - [5ce20af9] Writing "554. foo bar"
16:11:18.694 [qtp1864083005-187] DEBUG o.s.c.c.CharSequenceEncoder - [5ce20af9] Writing "555. foo bar"
16:11:18.694 [qtp1864083005-187] DEBUG o.s.c.c.CharSequenceEncoder - [5ce20af9] Writing "556. foo bar"
16:11:18.694 [qtp1864083005-187] DEBUG o.s.c.c.CharSequenceEncoder - [5ce20af9] Writing "557. foo bar"
16:11:18.694 [qtp1864083005-187] DEBUG o.s.c.c.CharSequenceEncoder - [5ce20af9] Writing "558. foo bar"
16:11:18.695 [qtp1864083005-187] DEBUG o.s.c.c.CharSequenceEncoder - [5ce20af9] Writing "559. foo bar"
16:11:18.695 [qtp1864083005-187] DEBUG o.s.c.c.CharSequenceEncoder - [5ce20af9] Writing "560. foo bar"
16:11:18.695 [qtp1864083005-187] DEBUG o.s.c.c.CharSequenceEncoder - [5ce20af9] Writing "561. foo bar"
16:11:18.695 [qtp1864083005-187] DEBUG o.s.c.c.CharSequenceEncoder - [5ce20af9] Writing "562. foo bar"
16:11:18.695 [qtp1864083005-187] DEBUG o.s.c.c.CharSequenceEncoder - [5ce20af9] Writing "563. foo bar"
16:11:18.696 [qtp1864083005-187] DEBUG o.s.c.c.CharSequenceEncoder - [5ce20af9] Writing "564. foo bar"
16:11:18.696 [qtp1864083005-187] DEBUG o.s.c.c.CharSequenceEncoder - [5ce20af9] Writing "565. foo bar"
16:11:18.696 [qtp1864083005-187] DEBUG o.s.c.c.CharSequenceEncoder - [5ce20af9] Writing "566. foo bar"
16:11:18.696 [qtp1864083005-187] DEBUG o.s.c.c.CharSequenceEncoder - [5ce20af9] Writing "567. foo bar"
16:11:18.696 [qtp1864083005-187] DEBUG o.s.c.c.CharSequenceEncoder - [5ce20af9] Writing "568. foo bar"
16:11:18.697 [qtp1864083005-187] DEBUG o.s.c.c.CharSequenceEncoder - [5ce20af9] Writing "569. foo bar"
16:11:18.697 [qtp1864083005-187] DEBUG o.s.c.c.CharSequenceEncoder - [5ce20af9] Writing "570. foo bar"
16:11:18.697 [qtp1864083005-187] DEBUG o.s.c.c.CharSequenceEncoder - [5ce20af9] Writing "571. foo bar"
16:11:18.697 [qtp1864083005-187] DEBUG o.s.c.c.CharSequenceEncoder - [5ce20af9] Writing "572. foo bar"
16:11:18.697 [qtp1864083005-187] DEBUG o.s.c.c.CharSequenceEncoder - [5ce20af9] Writing "573. foo bar"
16:11:18.698 [qtp1864083005-187] DEBUG o.s.c.c.CharSequenceEncoder - [5ce20af9] Writing "574. foo bar"
16:11:18.698 [qtp1864083005-187] DEBUG o.s.c.c.CharSequenceEncoder - [5ce20af9] Writing "575. foo bar"
16:11:18.698 [qtp1864083005-187] DEBUG o.s.c.c.CharSequenceEncoder - [5ce20af9] Writing "576. foo bar"
16:11:18.735 [qtp1864083005-187] DEBUG o.s.c.c.CharSequenceEncoder - [5ce20af9] Writing "577. foo bar"
16:11:18.736 [qtp1864083005-187] DEBUG o.s.c.c.CharSequenceEncoder - [5ce20af9] Writing "578. foo bar"
16:11:18.736 [qtp1864083005-187] DEBUG o.s.c.c.CharSequenceEncoder - [5ce20af9] Writing "579. foo bar"
16:11:18.736 [qtp1864083005-187] DEBUG o.s.c.c.CharSequenceEncoder - [5ce20af9] Writing "580. foo bar"
16:11:18.737 [qtp1864083005-187] DEBUG o.s.c.c.CharSequenceEncoder - [5ce20af9] Writing "581. foo bar"
16:11:18.737 [qtp1864083005-187] DEBUG o.s.c.c.CharSequenceEncoder - [5ce20af9] Writing "582. foo bar"
16:11:18.738 [qtp1864083005-187] DEBUG o.s.c.c.CharSequenceEncoder - [5ce20af9] Writing "583. foo bar"
16:11:18.738 [qtp1864083005-187] DEBUG o.s.c.c.CharSequenceEncoder - [5ce20af9] Writing "584. foo bar"
16:11:18.738 [qtp1864083005-187] DEBUG o.s.c.c.CharSequenceEncoder - [5ce20af9] Writing "585. foo bar"
16:11:18.740 [qtp1864083005-187] DEBUG o.s.c.c.CharSequenceEncoder - [5ce20af9] Writing "586. foo bar"
16:11:18.741 [qtp1864083005-187] DEBUG o.s.c.c.CharSequenceEncoder - [5ce20af9] Writing "587. foo bar"
16:11:18.741 [qtp1864083005-187] DEBUG o.s.c.c.CharSequenceEncoder - [5ce20af9] Writing "588. foo bar"
16:11:18.741 [qtp1864083005-187] DEBUG o.s.c.c.CharSequenceEncoder - [5ce20af9] Writing "589. foo bar"
16:11:18.741 [qtp1864083005-187] DEBUG o.s.c.c.CharSequenceEncoder - [5ce20af9] Writing "590. foo bar"
16:11:18.741 [qtp1864083005-187] DEBUG o.s.c.c.CharSequenceEncoder - [5ce20af9] Writing "591. foo bar"
16:11:18.741 [qtp1864083005-187] DEBUG o.s.c.c.CharSequenceEncoder - [5ce20af9] Writing "592. foo bar"
16:11:18.742 [qtp1864083005-187] DEBUG o.s.c.c.CharSequenceEncoder - [5ce20af9] Writing "593. foo bar"
16:11:18.742 [qtp1864083005-187] DEBUG o.s.c.c.CharSequenceEncoder - [5ce20af9] Writing "594. foo bar"
16:11:18.742 [qtp1864083005-187] DEBUG o.s.c.c.CharSequenceEncoder - [5ce20af9] Writing "595. foo bar"
16:11:18.742 [qtp1864083005-187] DEBUG o.s.c.c.CharSequenceEncoder - [5ce20af9] Writing "596. foo bar"
16:11:18.742 [qtp1864083005-187] DEBUG o.s.c.c.CharSequenceEncoder - [5ce20af9] Writing "597. foo bar"
16:11:18.742 [qtp1864083005-187] DEBUG o.s.c.c.CharSequenceEncoder - [5ce20af9] Writing "598. foo bar"
16:11:18.743 [qtp1864083005-187] DEBUG o.s.c.c.CharSequenceEncoder - [5ce20af9] Writing "599. foo bar"
16:11:18.743 [qtp1864083005-187] DEBUG o.s.c.c.CharSequenceEncoder - [5ce20af9] Writing "600. foo bar"
16:11:18.743 [qtp1864083005-187] DEBUG o.s.c.c.CharSequenceEncoder - [5ce20af9] Writing "601. foo bar"
16:11:18.743 [qtp1864083005-187] DEBUG o.s.c.c.CharSequenceEncoder - [5ce20af9] Writing "602. foo bar"
16:11:18.743 [qtp1864083005-187] DEBUG o.s.c.c.CharSequenceEncoder - [5ce20af9] Writing "603. foo bar"
16:11:18.743 [qtp1864083005-187] DEBUG o.s.c.c.CharSequenceEncoder - [5ce20af9] Writing "604. foo bar"
16:11:18.744 [qtp1864083005-187] DEBUG o.s.c.c.CharSequenceEncoder - [5ce20af9] Writing "605. foo bar"
16:11:18.744 [qtp1864083005-187] DEBUG o.s.c.c.CharSequenceEncoder - [5ce20af9] Writing "606. foo bar"
16:11:18.744 [qtp1864083005-187] DEBUG o.s.c.c.CharSequenceEncoder - [5ce20af9] Writing "607. foo bar"
16:11:18.744 [qtp1864083005-187] DEBUG o.s.c.c.CharSequenceEncoder - [5ce20af9] Writing "608. foo bar"
16:11:18.744 [qtp1864083005-187] DEBUG o.s.c.c.CharSequenceEncoder - [5ce20af9] Writing "609. foo bar"
16:11:18.744 [qtp1864083005-187] DEBUG o.s.c.c.CharSequenceEncoder - [5ce20af9] Writing "610. foo bar"
16:11:18.745 [qtp1864083005-187] DEBUG o.s.c.c.CharSequenceEncoder - [5ce20af9] Writing "611. foo bar"
16:11:18.745 [qtp1864083005-187] DEBUG o.s.c.c.CharSequenceEncoder - [5ce20af9] Writing "612. foo bar"
16:11:18.745 [qtp1864083005-187] DEBUG o.s.c.c.CharSequenceEncoder - [5ce20af9] Writing "613. foo bar"
16:11:18.745 [qtp1864083005-187] DEBUG o.s.c.c.CharSequenceEncoder - [5ce20af9] Writing "614. foo bar"
16:11:18.745 [qtp1864083005-187] DEBUG o.s.c.c.CharSequenceEncoder - [5ce20af9] Writing "615. foo bar"
16:11:18.745 [qtp1864083005-187] DEBUG o.s.c.c.CharSequenceEncoder - [5ce20af9] Writing "616. foo bar"
16:11:18.746 [qtp1864083005-187] DEBUG o.s.c.c.CharSequenceEncoder - [5ce20af9] Writing "617. foo bar"
16:11:18.746 [qtp1864083005-187] DEBUG o.s.c.c.CharSequenceEncoder - [5ce20af9] Writing "618. foo bar"
16:11:18.746 [qtp1864083005-187] DEBUG o.s.c.c.CharSequenceEncoder - [5ce20af9] Writing "619. foo bar"
16:11:18.746 [qtp1864083005-187] DEBUG o.s.c.c.CharSequenceEncoder - [5ce20af9] Writing "620. foo bar"
16:11:18.746 [qtp1864083005-187] DEBUG o.s.c.c.CharSequenceEncoder - [5ce20af9] Writing "621. foo bar"
16:11:18.746 [qtp1864083005-187] DEBUG o.s.c.c.CharSequenceEncoder - [5ce20af9] Writing "622. foo bar"
16:11:18.747 [qtp1864083005-187] DEBUG o.s.c.c.CharSequenceEncoder - [5ce20af9] Writing "623. foo bar"
16:11:18.747 [qtp1864083005-187] DEBUG o.s.c.c.CharSequenceEncoder - [5ce20af9] Writing "624. foo bar"
16:11:18.747 [qtp1864083005-187] DEBUG o.s.c.c.CharSequenceEncoder - [5ce20af9] Writing "625. foo bar"
16:11:18.747 [qtp1864083005-187] DEBUG o.s.c.c.CharSequenceEncoder - [5ce20af9] Writing "626. foo bar"
16:11:18.747 [qtp1864083005-187] DEBUG o.s.c.c.CharSequenceEncoder - [5ce20af9] Writing "627. foo bar"
16:11:18.748 [qtp1864083005-187] DEBUG o.s.c.c.CharSequenceEncoder - [5ce20af9] Writing "628. foo bar"
16:11:18.754 [qtp1864083005-187] DEBUG o.s.c.c.CharSequenceEncoder - [5ce20af9] Writing "629. foo bar"
16:11:18.755 [qtp1864083005-187] DEBUG o.s.c.c.CharSequenceEncoder - [5ce20af9] Writing "630. foo bar"
16:11:18.755 [qtp1864083005-187] DEBUG o.s.c.c.CharSequenceEncoder - [5ce20af9] Writing "631. foo bar"
16:11:18.755 [qtp1864083005-187] DEBUG o.s.c.c.CharSequenceEncoder - [5ce20af9] Writing "632. foo bar"
16:11:18.755 [qtp1864083005-187] DEBUG o.s.c.c.CharSequenceEncoder - [5ce20af9] Writing "633. foo bar"
16:11:18.755 [qtp1864083005-187] DEBUG o.s.c.c.CharSequenceEncoder - [5ce20af9] Writing "634. foo bar"
16:11:18.756 [qtp1864083005-187] DEBUG o.s.c.c.CharSequenceEncoder - [5ce20af9] Writing "635. foo bar"
16:11:18.756 [qtp1864083005-187] DEBUG o.s.c.c.CharSequenceEncoder - [5ce20af9] Writing "636. foo bar"
16:11:18.756 [qtp1864083005-187] DEBUG o.s.c.c.CharSequenceEncoder - [5ce20af9] Writing "637. foo bar"
16:11:18.756 [qtp1864083005-187] DEBUG o.s.c.c.CharSequenceEncoder - [5ce20af9] Writing "638. foo bar"
16:11:18.756 [qtp1864083005-187] DEBUG o.s.c.c.CharSequenceEncoder - [5ce20af9] Writing "639. foo bar"
16:11:18.756 [qtp1864083005-187] DEBUG o.s.c.c.CharSequenceEncoder - [5ce20af9] Writing "640. foo bar"
16:11:18.757 [qtp1864083005-187] DEBUG o.s.c.c.CharSequenceEncoder - [5ce20af9] Writing "641. foo bar"
16:11:18.757 [qtp1864083005-187] DEBUG o.s.c.c.CharSequenceEncoder - [5ce20af9] Writing "642. foo bar"
16:11:18.757 [qtp1864083005-187] DEBUG o.s.c.c.CharSequenceEncoder - [5ce20af9] Writing "643. foo bar"
16:11:18.757 [qtp1864083005-187] DEBUG o.s.c.c.CharSequenceEncoder - [5ce20af9] Writing "644. foo bar"
16:11:18.757 [qtp1864083005-187] DEBUG o.s.c.c.CharSequenceEncoder - [5ce20af9] Writing "645. foo bar"
16:11:18.757 [qtp1864083005-187] DEBUG o.s.c.c.CharSequenceEncoder - [5ce20af9] Writing "646. foo bar"
16:11:18.758 [qtp1864083005-187] DEBUG o.s.c.c.CharSequenceEncoder - [5ce20af9] Writing "647. foo bar"
16:11:18.758 [qtp1864083005-187] DEBUG o.s.c.c.CharSequenceEncoder - [5ce20af9] Writing "648. foo bar"
16:11:18.758 [qtp1864083005-187] DEBUG o.s.c.c.CharSequenceEncoder - [5ce20af9] Writing "649. foo bar"
16:11:18.758 [qtp1864083005-187] DEBUG o.s.c.c.CharSequenceEncoder - [5ce20af9] Writing "650. foo bar"
16:11:18.758 [qtp1864083005-187] DEBUG o.s.c.c.CharSequenceEncoder - [5ce20af9] Writing "651. foo bar"
16:11:18.758 [qtp1864083005-187] DEBUG o.s.c.c.CharSequenceEncoder - [5ce20af9] Writing "652. foo bar"
16:11:18.759 [qtp1864083005-187] DEBUG o.s.c.c.CharSequenceEncoder - [5ce20af9] Writing "653. foo bar"
16:11:18.759 [qtp1864083005-187] DEBUG o.s.c.c.CharSequenceEncoder - [5ce20af9] Writing "654. foo bar"
16:11:18.759 [qtp1864083005-187] DEBUG o.s.c.c.CharSequenceEncoder - [5ce20af9] Writing "655. foo bar"
16:11:18.759 [qtp1864083005-187] DEBUG o.s.c.c.CharSequenceEncoder - [5ce20af9] Writing "656. foo bar"
16:11:18.759 [qtp1864083005-187] DEBUG o.s.c.c.CharSequenceEncoder - [5ce20af9] Writing "657. foo bar"
16:11:18.759 [qtp1864083005-187] DEBUG o.s.c.c.CharSequenceEncoder - [5ce20af9] Writing "658. foo bar"
16:11:18.760 [qtp1864083005-187] DEBUG o.s.c.c.CharSequenceEncoder - [5ce20af9] Writing "659. foo bar"
16:11:18.760 [qtp1864083005-187] DEBUG o.s.c.c.CharSequenceEncoder - [5ce20af9] Writing "660. foo bar"
16:11:18.760 [qtp1864083005-187] DEBUG o.s.c.c.CharSequenceEncoder - [5ce20af9] Writing "661. foo bar"
16:11:18.761 [qtp1864083005-187] DEBUG o.s.c.c.CharSequenceEncoder - [5ce20af9] Writing "662. foo bar"
16:11:18.761 [qtp1864083005-187] DEBUG o.s.c.c.CharSequenceEncoder - [5ce20af9] Writing "663. foo bar"
16:11:18.761 [qtp1864083005-187] DEBUG o.s.c.c.CharSequenceEncoder - [5ce20af9] Writing "664. foo bar"
16:11:18.761 [qtp1864083005-187] DEBUG o.s.c.c.CharSequenceEncoder - [5ce20af9] Writing "665. foo bar"
16:11:18.761 [qtp1864083005-187] DEBUG o.s.c.c.CharSequenceEncoder - [5ce20af9] Writing "666. foo bar"
16:11:18.761 [qtp1864083005-187] DEBUG o.s.c.c.CharSequenceEncoder - [5ce20af9] Writing "667. foo bar"
16:11:18.762 [qtp1864083005-187] DEBUG o.s.c.c.CharSequenceEncoder - [5ce20af9] Writing "668. foo bar"
16:11:18.762 [qtp1864083005-187] DEBUG o.s.c.c.CharSequenceEncoder - [5ce20af9] Writing "669. foo bar"
16:11:18.762 [qtp1864083005-187] DEBUG o.s.c.c.CharSequenceEncoder - [5ce20af9] Writing "670. foo bar"
16:11:18.762 [qtp1864083005-187] DEBUG o.s.c.c.CharSequenceEncoder - [5ce20af9] Writing "671. foo bar"
16:11:18.762 [qtp1864083005-187] DEBUG o.s.c.c.CharSequenceEncoder - [5ce20af9] Writing "672. foo bar"
16:11:18.763 [qtp1864083005-187] DEBUG o.s.c.c.CharSequenceEncoder - [5ce20af9] Writing "673. foo bar"
16:11:18.763 [qtp1864083005-187] DEBUG o.s.c.c.CharSequenceEncoder - [5ce20af9] Writing "674. foo bar"
16:11:18.763 [qtp1864083005-187] DEBUG o.s.c.c.CharSequenceEncoder - [5ce20af9] Writing "675. foo bar"
16:11:18.763 [qtp1864083005-187] DEBUG o.s.c.c.CharSequenceEncoder - [5ce20af9] Writing "676. foo bar"
16:11:18.763 [qtp1864083005-187] DEBUG o.s.c.c.CharSequenceEncoder - [5ce20af9] Writing "677. foo bar"
16:11:18.764 [qtp1864083005-187] DEBUG o.s.c.c.CharSequenceEncoder - [5ce20af9] Writing "678. foo bar"
16:11:18.764 [qtp1864083005-187] DEBUG o.s.c.c.CharSequenceEncoder - [5ce20af9] Writing "679. foo bar"
16:11:18.764 [qtp1864083005-187] DEBUG o.s.c.c.CharSequenceEncoder - [5ce20af9] Writing "680. foo bar"
16:11:18.764 [qtp1864083005-187] DEBUG o.s.c.c.CharSequenceEncoder - [5ce20af9] Writing "681. foo bar"
16:11:18.788 [qtp1864083005-187] DEBUG o.s.c.c.CharSequenceEncoder - [5ce20af9] Writing "682. foo bar"
16:11:18.789 [qtp1864083005-187] DEBUG o.s.c.c.CharSequenceEncoder - [5ce20af9] Writing "683. foo bar"
16:11:18.789 [qtp1864083005-187] DEBUG o.s.c.c.CharSequenceEncoder - [5ce20af9] Writing "684. foo bar"
16:11:18.789 [qtp1864083005-187] DEBUG o.s.c.c.CharSequenceEncoder - [5ce20af9] Writing "685. foo bar"
16:11:18.789 [qtp1864083005-187] DEBUG o.s.c.c.CharSequenceEncoder - [5ce20af9] Writing "686. foo bar"
16:11:18.790 [qtp1864083005-187] DEBUG o.s.c.c.CharSequenceEncoder - [5ce20af9] Writing "687. foo bar"
16:11:18.790 [qtp1864083005-187] DEBUG o.s.c.c.CharSequenceEncoder - [5ce20af9] Writing "688. foo bar"
16:11:18.790 [qtp1864083005-187] DEBUG o.s.c.c.CharSequenceEncoder - [5ce20af9] Writing "689. foo bar"
16:11:18.790 [qtp1864083005-187] DEBUG o.s.c.c.CharSequenceEncoder - [5ce20af9] Writing "690. foo bar"
16:11:18.790 [qtp1864083005-187] DEBUG o.s.c.c.CharSequenceEncoder - [5ce20af9] Writing "691. foo bar"
16:11:18.790 [qtp1864083005-187] DEBUG o.s.c.c.CharSequenceEncoder - [5ce20af9] Writing "692. foo bar"
16:11:18.791 [qtp1864083005-187] DEBUG o.s.c.c.CharSequenceEncoder - [5ce20af9] Writing "693. foo bar"
16:11:18.791 [qtp1864083005-187] DEBUG o.s.c.c.CharSequenceEncoder - [5ce20af9] Writing "694. foo bar"
16:11:18.791 [qtp1864083005-187] DEBUG o.s.c.c.CharSequenceEncoder - [5ce20af9] Writing "695. foo bar"
16:11:18.791 [qtp1864083005-187] DEBUG o.s.c.c.CharSequenceEncoder - [5ce20af9] Writing "696. foo bar"
16:11:18.791 [qtp1864083005-187] DEBUG o.s.c.c.CharSequenceEncoder - [5ce20af9] Writing "697. foo bar"
16:11:18.791 [qtp1864083005-187] DEBUG o.s.c.c.CharSequenceEncoder - [5ce20af9] Writing "698. foo bar"
16:11:18.793 [qtp1864083005-187] DEBUG o.s.c.c.CharSequenceEncoder - [5ce20af9] Writing "699. foo bar"
16:11:18.794 [qtp1864083005-187] DEBUG o.s.c.c.CharSequenceEncoder - [5ce20af9] Writing "700. foo bar"
16:11:18.794 [qtp1864083005-187] DEBUG o.s.c.c.CharSequenceEncoder - [5ce20af9] Writing "701. foo bar"
16:11:18.794 [qtp1864083005-187] DEBUG o.s.c.c.CharSequenceEncoder - [5ce20af9] Writing "702. foo bar"
16:11:18.795 [qtp1864083005-187] DEBUG o.s.c.c.CharSequenceEncoder - [5ce20af9] Writing "703. foo bar"
16:11:18.795 [qtp1864083005-187] DEBUG o.s.c.c.CharSequenceEncoder - [5ce20af9] Writing "704. foo bar"
16:11:18.795 [qtp1864083005-187] DEBUG o.s.c.c.CharSequenceEncoder - [5ce20af9] Writing "705. foo bar"
16:11:18.795 [qtp1864083005-187] DEBUG o.s.c.c.CharSequenceEncoder - [5ce20af9] Writing "706. foo bar"
16:11:18.796 [qtp1864083005-187] DEBUG o.s.c.c.CharSequenceEncoder - [5ce20af9] Writing "707. foo bar"
16:11:18.796 [qtp1864083005-187] DEBUG o.s.c.c.CharSequenceEncoder - [5ce20af9] Writing "708. foo bar"
16:11:18.796 [qtp1864083005-187] DEBUG o.s.c.c.CharSequenceEncoder - [5ce20af9] Writing "709. foo bar"
16:11:18.796 [qtp1864083005-187] DEBUG o.s.c.c.CharSequenceEncoder - [5ce20af9] Writing "710. foo bar"
16:11:18.796 [qtp1864083005-187] DEBUG o.s.c.c.CharSequenceEncoder - [5ce20af9] Writing "711. foo bar"
16:11:18.797 [qtp1864083005-187] DEBUG o.s.c.c.CharSequenceEncoder - [5ce20af9] Writing "712. foo bar"
16:11:18.797 [qtp1864083005-187] DEBUG o.s.c.c.CharSequenceEncoder - [5ce20af9] Writing "713. foo bar"
16:11:18.797 [qtp1864083005-187] DEBUG o.s.c.c.CharSequenceEncoder - [5ce20af9] Writing "714. foo bar"
16:11:18.797 [qtp1864083005-187] DEBUG o.s.c.c.CharSequenceEncoder - [5ce20af9] Writing "715. foo bar"
16:11:18.797 [qtp1864083005-187] DEBUG o.s.c.c.CharSequenceEncoder - [5ce20af9] Writing "716. foo bar"
16:11:18.798 [qtp1864083005-187] DEBUG o.s.c.c.CharSequenceEncoder - [5ce20af9] Writing "717. foo bar"
16:11:18.798 [qtp1864083005-187] DEBUG o.s.c.c.CharSequenceEncoder - [5ce20af9] Writing "718. foo bar"
16:11:18.798 [qtp1864083005-187] DEBUG o.s.c.c.CharSequenceEncoder - [5ce20af9] Writing "719. foo bar"
16:11:18.798 [qtp1864083005-187] DEBUG o.s.c.c.CharSequenceEncoder - [5ce20af9] Writing "720. foo bar"
16:11:18.799 [qtp1864083005-187] DEBUG o.s.c.c.CharSequenceEncoder - [5ce20af9] Writing "721. foo bar"
16:11:18.799 [qtp1864083005-187] DEBUG o.s.c.c.CharSequenceEncoder - [5ce20af9] Writing "722. foo bar"
16:11:18.799 [qtp1864083005-187] DEBUG o.s.c.c.CharSequenceEncoder - [5ce20af9] Writing "723. foo bar"
16:11:18.800 [qtp1864083005-187] DEBUG o.s.c.c.CharSequenceEncoder - [5ce20af9] Writing "724. foo bar"
16:11:18.800 [qtp1864083005-187] DEBUG o.s.c.c.CharSequenceEncoder - [5ce20af9] Writing "725. foo bar"
16:11:18.800 [qtp1864083005-187] DEBUG o.s.c.c.CharSequenceEncoder - [5ce20af9] Writing "726. foo bar"
16:11:18.800 [qtp1864083005-187] DEBUG o.s.c.c.CharSequenceEncoder - [5ce20af9] Writing "727. foo bar"
16:11:18.800 [qtp1864083005-187] DEBUG o.s.c.c.CharSequenceEncoder - [5ce20af9] Writing "728. foo bar"
16:11:18.801 [qtp1864083005-187] DEBUG o.s.c.c.CharSequenceEncoder - [5ce20af9] Writing "729. foo bar"
16:11:18.801 [qtp1864083005-187] DEBUG o.s.c.c.CharSequenceEncoder - [5ce20af9] Writing "730. foo bar"
16:11:18.801 [qtp1864083005-187] DEBUG o.s.c.c.CharSequenceEncoder - [5ce20af9] Writing "731. foo bar"
16:11:18.802 [qtp1864083005-187] DEBUG o.s.c.c.CharSequenceEncoder - [5ce20af9] Writing "732. foo bar"
16:11:18.802 [qtp1864083005-187] DEBUG o.s.c.c.CharSequenceEncoder - [5ce20af9] Writing "733. foo bar"
16:11:18.802 [qtp1864083005-187] DEBUG o.s.c.c.CharSequenceEncoder - [5ce20af9] Writing "734. foo bar"
16:11:18.802 [qtp1864083005-187] DEBUG o.s.c.c.CharSequenceEncoder - [5ce20af9] Writing "735. foo bar"
16:11:18.802 [qtp1864083005-187] DEBUG o.s.c.c.CharSequenceEncoder - [5ce20af9] Writing "736. foo bar"
16:11:18.803 [qtp1864083005-187] DEBUG o.s.c.c.CharSequenceEncoder - [5ce20af9] Writing "737. foo bar"
16:11:18.803 [qtp1864083005-187] DEBUG o.s.c.c.CharSequenceEncoder - [5ce20af9] Writing "738. foo bar"
16:11:18.803 [qtp1864083005-187] DEBUG o.s.c.c.CharSequenceEncoder - [5ce20af9] Writing "739. foo bar"
16:11:18.803 [qtp1864083005-187] DEBUG o.s.c.c.CharSequenceEncoder - [5ce20af9] Writing "740. foo bar"
16:11:18.803 [qtp1864083005-187] DEBUG o.s.c.c.CharSequenceEncoder - [5ce20af9] Writing "741. foo bar"
16:11:18.804 [qtp1864083005-187] DEBUG o.s.c.c.CharSequenceEncoder - [5ce20af9] Writing "742. foo bar"
16:11:18.804 [qtp1864083005-187] DEBUG o.s.c.c.CharSequenceEncoder - [5ce20af9] Writing "743. foo bar"
16:11:18.804 [qtp1864083005-187] DEBUG o.s.c.c.CharSequenceEncoder - [5ce20af9] Writing "744. foo bar"
16:11:18.804 [qtp1864083005-187] DEBUG o.s.c.c.CharSequenceEncoder - [5ce20af9] Writing "745. foo bar"
16:11:18.804 [qtp1864083005-187] DEBUG o.s.c.c.CharSequenceEncoder - [5ce20af9] Writing "746. foo bar"
16:11:18.804 [qtp1864083005-187] DEBUG o.s.c.c.CharSequenceEncoder - [5ce20af9] Writing "747. foo bar"
16:11:18.804 [qtp1864083005-187] DEBUG o.s.c.c.CharSequenceEncoder - [5ce20af9] Writing "748. foo bar"
16:11:18.805 [qtp1864083005-187] DEBUG o.s.c.c.CharSequenceEncoder - [5ce20af9] Writing "749. foo bar"
16:11:18.805 [qtp1864083005-187] DEBUG o.s.c.c.CharSequenceEncoder - [5ce20af9] Writing "750. foo bar"
16:11:18.805 [qtp1864083005-187] DEBUG o.s.c.c.CharSequenceEncoder - [5ce20af9] Writing "751. foo bar"
16:11:18.805 [qtp1864083005-187] DEBUG o.s.c.c.CharSequenceEncoder - [5ce20af9] Writing "752. foo bar"
16:11:18.805 [qtp1864083005-187] DEBUG o.s.c.c.CharSequenceEncoder - [5ce20af9] Writing "753. foo bar"
16:11:18.805 [qtp1864083005-187] DEBUG o.s.c.c.CharSequenceEncoder - [5ce20af9] Writing "754. foo bar"
16:11:18.806 [qtp1864083005-187] DEBUG o.s.c.c.CharSequenceEncoder - [5ce20af9] Writing "755. foo bar"
16:11:18.806 [qtp1864083005-187] DEBUG o.s.c.c.CharSequenceEncoder - [5ce20af9] Writing "756. foo bar"
16:11:18.806 [qtp1864083005-187] DEBUG o.s.c.c.CharSequenceEncoder - [5ce20af9] Writing "757. foo bar"
16:11:18.806 [qtp1864083005-187] DEBUG o.s.c.c.CharSequenceEncoder - [5ce20af9] Writing "758. foo bar"
16:11:18.806 [qtp1864083005-187] DEBUG o.s.c.c.CharSequenceEncoder - [5ce20af9] Writing "759. foo bar"
16:11:18.807 [qtp1864083005-187] DEBUG o.s.c.c.CharSequenceEncoder - [5ce20af9] Writing "760. foo bar"
16:11:18.807 [qtp1864083005-187] DEBUG o.s.c.c.CharSequenceEncoder - [5ce20af9] Writing "761. foo bar"
16:11:18.807 [qtp1864083005-187] DEBUG o.s.c.c.CharSequenceEncoder - [5ce20af9] Writing "762. foo bar"
16:11:18.807 [qtp1864083005-187] DEBUG o.s.c.c.CharSequenceEncoder - [5ce20af9] Writing "763. foo bar"
16:11:18.808 [qtp1864083005-187] DEBUG o.s.c.c.CharSequenceEncoder - [5ce20af9] Writing "764. foo bar"
16:11:18.808 [qtp1864083005-187] DEBUG o.s.c.c.CharSequenceEncoder - [5ce20af9] Writing "765. foo bar"
16:11:18.808 [qtp1864083005-187] DEBUG o.s.c.c.CharSequenceEncoder - [5ce20af9] Writing "766. foo bar"
16:11:18.808 [qtp1864083005-187] DEBUG o.s.c.c.CharSequenceEncoder - [5ce20af9] Writing "767. foo bar"
16:11:18.808 [qtp1864083005-187] DEBUG o.s.c.c.CharSequenceEncoder - [5ce20af9] Writing "768. foo bar"
16:11:18.808 [qtp1864083005-187] DEBUG o.s.c.c.CharSequenceEncoder - [5ce20af9] Writing "769. foo bar"
16:11:18.809 [qtp1864083005-187] DEBUG o.s.c.c.CharSequenceEncoder - [5ce20af9] Writing "770. foo bar"
16:11:18.809 [qtp1864083005-187] DEBUG o.s.c.c.CharSequenceEncoder - [5ce20af9] Writing "771. foo bar"
16:11:18.809 [qtp1864083005-187] DEBUG o.s.c.c.CharSequenceEncoder - [5ce20af9] Writing "772. foo bar"
16:11:18.810 [qtp1864083005-187] DEBUG o.s.c.c.CharSequenceEncoder - [5ce20af9] Writing "773. foo bar"
16:11:18.810 [qtp1864083005-187] DEBUG o.s.c.c.CharSequenceEncoder - [5ce20af9] Writing "774. foo bar"
16:11:18.810 [qtp1864083005-187] DEBUG o.s.c.c.CharSequenceEncoder - [5ce20af9] Writing "775. foo bar"
16:11:18.810 [qtp1864083005-187] DEBUG o.s.c.c.CharSequenceEncoder - [5ce20af9] Writing "776. foo bar"
16:11:18.810 [qtp1864083005-187] DEBUG o.s.c.c.CharSequenceEncoder - [5ce20af9] Writing "777. foo bar"
16:11:18.810 [qtp1864083005-187] DEBUG o.s.c.c.CharSequenceEncoder - [5ce20af9] Writing "778. foo bar"
16:11:18.811 [qtp1864083005-187] DEBUG o.s.c.c.CharSequenceEncoder - [5ce20af9] Writing "779. foo bar"
16:11:18.811 [qtp1864083005-187] DEBUG o.s.c.c.CharSequenceEncoder - [5ce20af9] Writing "780. foo bar"
16:11:18.811 [qtp1864083005-187] DEBUG o.s.c.c.CharSequenceEncoder - [5ce20af9] Writing "781. foo bar"
16:11:18.811 [qtp1864083005-187] DEBUG o.s.c.c.CharSequenceEncoder - [5ce20af9] Writing "782. foo bar"
16:11:18.811 [qtp1864083005-187] DEBUG o.s.c.c.CharSequenceEncoder - [5ce20af9] Writing "783. foo bar"
16:11:18.811 [qtp1864083005-187] DEBUG o.s.c.c.CharSequenceEncoder - [5ce20af9] Writing "784. foo bar"
16:11:18.812 [qtp1864083005-187] DEBUG o.s.c.c.CharSequenceEncoder - [5ce20af9] Writing "785. foo bar"
16:11:18.812 [qtp1864083005-187] DEBUG o.s.c.c.CharSequenceEncoder - [5ce20af9] Writing "786. foo bar"
16:11:18.812 [qtp1864083005-187] DEBUG o.s.c.c.CharSequenceEncoder - [5ce20af9] Writing "787. foo bar"
16:11:18.812 [qtp1864083005-187] DEBUG o.s.c.c.CharSequenceEncoder - [5ce20af9] Writing "788. foo bar"
16:11:18.844 [qtp1864083005-187] DEBUG o.s.c.c.CharSequenceEncoder - [5ce20af9] Writing "789. foo bar"
16:11:18.845 [qtp1864083005-187] DEBUG o.s.c.c.CharSequenceEncoder - [5ce20af9] Writing "790. foo bar"
16:11:18.846 [qtp1864083005-187] DEBUG o.s.c.c.CharSequenceEncoder - [5ce20af9] Writing "791. foo bar"
16:11:18.846 [qtp1864083005-187] DEBUG o.s.c.c.CharSequenceEncoder - [5ce20af9] Writing "792. foo bar"
16:11:18.846 [qtp1864083005-187] DEBUG o.s.c.c.CharSequenceEncoder - [5ce20af9] Writing "793. foo bar"
16:11:18.846 [qtp1864083005-187] DEBUG o.s.c.c.CharSequenceEncoder - [5ce20af9] Writing "794. foo bar"
16:11:18.846 [qtp1864083005-187] DEBUG o.s.c.c.CharSequenceEncoder - [5ce20af9] Writing "795. foo bar"
16:11:18.846 [qtp1864083005-187] DEBUG o.s.c.c.CharSequenceEncoder - [5ce20af9] Writing "796. foo bar"
16:11:18.847 [qtp1864083005-187] DEBUG o.s.c.c.CharSequenceEncoder - [5ce20af9] Writing "797. foo bar"
16:11:18.847 [qtp1864083005-187] DEBUG o.s.c.c.CharSequenceEncoder - [5ce20af9] Writing "798. foo bar"
16:11:18.847 [qtp1864083005-187] DEBUG o.s.c.c.CharSequenceEncoder - [5ce20af9] Writing "799. foo bar"
16:11:18.847 [qtp1864083005-187] DEBUG o.s.c.c.CharSequenceEncoder - [5ce20af9] Writing "800. foo bar"
16:11:18.847 [qtp1864083005-187] DEBUG o.s.c.c.CharSequenceEncoder - [5ce20af9] Writing "801. foo bar"
16:11:18.847 [qtp1864083005-187] DEBUG o.s.c.c.CharSequenceEncoder - [5ce20af9] Writing "802. foo bar"
16:11:18.847 [qtp1864083005-187] DEBUG o.s.c.c.CharSequenceEncoder - [5ce20af9] Writing "803. foo bar"
16:11:18.848 [qtp1864083005-187] DEBUG o.s.c.c.CharSequenceEncoder - [5ce20af9] Writing "804. foo bar"
16:11:18.848 [qtp1864083005-187] DEBUG o.s.c.c.CharSequenceEncoder - [5ce20af9] Writing "805. foo bar"
16:11:18.848 [qtp1864083005-187] DEBUG o.s.c.c.CharSequenceEncoder - [5ce20af9] Writing "806. foo bar"
16:11:18.848 [qtp1864083005-187] DEBUG o.s.c.c.CharSequenceEncoder - [5ce20af9] Writing "807. foo bar"
16:11:18.849 [qtp1864083005-187] DEBUG o.s.c.c.CharSequenceEncoder - [5ce20af9] Writing "808. foo bar"
16:11:18.850 [qtp1864083005-187] DEBUG o.s.c.c.CharSequenceEncoder - [5ce20af9] Writing "809. foo bar"
16:11:18.850 [qtp1864083005-187] DEBUG o.s.c.c.CharSequenceEncoder - [5ce20af9] Writing "810. foo bar"
16:11:18.850 [qtp1864083005-187] DEBUG o.s.c.c.CharSequenceEncoder - [5ce20af9] Writing "811. foo bar"
16:11:18.850 [qtp1864083005-187] DEBUG o.s.c.c.CharSequenceEncoder - [5ce20af9] Writing "812. foo bar"
16:11:18.850 [qtp1864083005-187] DEBUG o.s.c.c.CharSequenceEncoder - [5ce20af9] Writing "813. foo bar"
16:11:18.851 [qtp1864083005-187] DEBUG o.s.c.c.CharSequenceEncoder - [5ce20af9] Writing "814. foo bar"
16:11:18.851 [qtp1864083005-187] DEBUG o.s.c.c.CharSequenceEncoder - [5ce20af9] Writing "815. foo bar"
16:11:18.851 [qtp1864083005-187] DEBUG o.s.c.c.CharSequenceEncoder - [5ce20af9] Writing "816. foo bar"
16:11:18.851 [qtp1864083005-187] DEBUG o.s.c.c.CharSequenceEncoder - [5ce20af9] Writing "817. foo bar"
16:11:18.851 [qtp1864083005-187] DEBUG o.s.c.c.CharSequenceEncoder - [5ce20af9] Writing "818. foo bar"
16:11:18.851 [qtp1864083005-187] DEBUG o.s.c.c.CharSequenceEncoder - [5ce20af9] Writing "819. foo bar"
16:11:18.851 [qtp1864083005-187] DEBUG o.s.c.c.CharSequenceEncoder - [5ce20af9] Writing "820. foo bar"
16:11:18.852 [qtp1864083005-187] DEBUG o.s.c.c.CharSequenceEncoder - [5ce20af9] Writing "821. foo bar"
16:11:18.852 [qtp1864083005-187] DEBUG o.s.c.c.CharSequenceEncoder - [5ce20af9] Writing "822. foo bar"
16:11:18.852 [qtp1864083005-187] DEBUG o.s.c.c.CharSequenceEncoder - [5ce20af9] Writing "823. foo bar"
16:11:18.852 [qtp1864083005-187] DEBUG o.s.c.c.CharSequenceEncoder - [5ce20af9] Writing "824. foo bar"
16:11:18.852 [qtp1864083005-187] DEBUG o.s.c.c.CharSequenceEncoder - [5ce20af9] Writing "825. foo bar"
16:11:18.852 [qtp1864083005-187] DEBUG o.s.c.c.CharSequenceEncoder - [5ce20af9] Writing "826. foo bar"
16:11:18.852 [qtp1864083005-187] DEBUG o.s.c.c.CharSequenceEncoder - [5ce20af9] Writing "827. foo bar"
16:11:18.853 [qtp1864083005-187] DEBUG o.s.c.c.CharSequenceEncoder - [5ce20af9] Writing "828. foo bar"
16:11:18.853 [qtp1864083005-187] DEBUG o.s.c.c.CharSequenceEncoder - [5ce20af9] Writing "829. foo bar"
16:11:18.853 [qtp1864083005-187] DEBUG o.s.c.c.CharSequenceEncoder - [5ce20af9] Writing "830. foo bar"
16:11:18.853 [qtp1864083005-187] DEBUG o.s.c.c.CharSequenceEncoder - [5ce20af9] Writing "831. foo bar"
16:11:18.853 [qtp1864083005-187] DEBUG o.s.c.c.CharSequenceEncoder - [5ce20af9] Writing "832. foo bar"
16:11:18.853 [qtp1864083005-187] DEBUG o.s.c.c.CharSequenceEncoder - [5ce20af9] Writing "833. foo bar"
16:11:18.853 [qtp1864083005-187] DEBUG o.s.c.c.CharSequenceEncoder - [5ce20af9] Writing "834. foo bar"
16:11:18.854 [qtp1864083005-187] DEBUG o.s.c.c.CharSequenceEncoder - [5ce20af9] Writing "835. foo bar"
16:11:18.854 [qtp1864083005-187] DEBUG o.s.c.c.CharSequenceEncoder - [5ce20af9] Writing "836. foo bar"
16:11:18.854 [qtp1864083005-187] DEBUG o.s.c.c.CharSequenceEncoder - [5ce20af9] Writing "837. foo bar"
16:11:18.854 [qtp1864083005-187] DEBUG o.s.c.c.CharSequenceEncoder - [5ce20af9] Writing "838. foo bar"
16:11:18.854 [qtp1864083005-187] DEBUG o.s.c.c.CharSequenceEncoder - [5ce20af9] Writing "839. foo bar"
16:11:18.854 [qtp1864083005-187] DEBUG o.s.c.c.CharSequenceEncoder - [5ce20af9] Writing "840. foo bar"
16:11:18.854 [qtp1864083005-187] DEBUG o.s.c.c.CharSequenceEncoder - [5ce20af9] Writing "841. foo bar"
16:11:18.855 [qtp1864083005-187] DEBUG o.s.c.c.CharSequenceEncoder - [5ce20af9] Writing "842. foo bar"
16:11:18.855 [qtp1864083005-187] DEBUG o.s.c.c.CharSequenceEncoder - [5ce20af9] Writing "843. foo bar"
16:11:18.855 [qtp1864083005-187] DEBUG o.s.c.c.CharSequenceEncoder - [5ce20af9] Writing "844. foo bar"
16:11:18.855 [qtp1864083005-187] DEBUG o.s.c.c.CharSequenceEncoder - [5ce20af9] Writing "845. foo bar"
16:11:18.855 [qtp1864083005-187] DEBUG o.s.c.c.CharSequenceEncoder - [5ce20af9] Writing "846. foo bar"
16:11:18.855 [qtp1864083005-187] DEBUG o.s.c.c.CharSequenceEncoder - [5ce20af9] Writing "847. foo bar"
16:11:18.855 [qtp1864083005-187] DEBUG o.s.c.c.CharSequenceEncoder - [5ce20af9] Writing "848. foo bar"
16:11:18.873 [qtp1864083005-187] DEBUG o.s.c.c.CharSequenceEncoder - [5ce20af9] Writing "849. foo bar"
16:11:18.873 [qtp1864083005-187] DEBUG o.s.c.c.CharSequenceEncoder - [5ce20af9] Writing "850. foo bar"
16:11:18.874 [qtp1864083005-187] DEBUG o.s.c.c.CharSequenceEncoder - [5ce20af9] Writing "851. foo bar"
16:11:18.874 [qtp1864083005-187] DEBUG o.s.c.c.CharSequenceEncoder - [5ce20af9] Writing "852. foo bar"
16:11:18.874 [qtp1864083005-187] DEBUG o.s.c.c.CharSequenceEncoder - [5ce20af9] Writing "853. foo bar"
16:11:18.874 [qtp1864083005-187] DEBUG o.s.c.c.CharSequenceEncoder - [5ce20af9] Writing "854. foo bar"
16:11:18.874 [qtp1864083005-187] DEBUG o.s.c.c.CharSequenceEncoder - [5ce20af9] Writing "855. foo bar"
16:11:18.874 [qtp1864083005-187] DEBUG o.s.c.c.CharSequenceEncoder - [5ce20af9] Writing "856. foo bar"
16:11:18.874 [qtp1864083005-187] DEBUG o.s.c.c.CharSequenceEncoder - [5ce20af9] Writing "857. foo bar"
16:11:18.875 [qtp1864083005-187] DEBUG o.s.c.c.CharSequenceEncoder - [5ce20af9] Writing "858. foo bar"
16:11:18.875 [qtp1864083005-187] DEBUG o.s.c.c.CharSequenceEncoder - [5ce20af9] Writing "859. foo bar"
16:11:18.875 [qtp1864083005-187] DEBUG o.s.c.c.CharSequenceEncoder - [5ce20af9] Writing "860. foo bar"
16:11:18.875 [qtp1864083005-187] DEBUG o.s.c.c.CharSequenceEncoder - [5ce20af9] Writing "861. foo bar"
16:11:18.875 [qtp1864083005-187] DEBUG o.s.c.c.CharSequenceEncoder - [5ce20af9] Writing "862. foo bar"
16:11:18.875 [qtp1864083005-187] DEBUG o.s.c.c.CharSequenceEncoder - [5ce20af9] Writing "863. foo bar"
16:11:18.876 [qtp1864083005-187] DEBUG o.s.c.c.CharSequenceEncoder - [5ce20af9] Writing "864. foo bar"
16:11:18.876 [qtp1864083005-187] DEBUG o.s.c.c.CharSequenceEncoder - [5ce20af9] Writing "865. foo bar"
16:11:18.876 [qtp1864083005-187] DEBUG o.s.c.c.CharSequenceEncoder - [5ce20af9] Writing "866. foo bar"
16:11:18.876 [qtp1864083005-187] DEBUG o.s.c.c.CharSequenceEncoder - [5ce20af9] Writing "867. foo bar"
16:11:18.876 [qtp1864083005-187] DEBUG o.s.c.c.CharSequenceEncoder - [5ce20af9] Writing "868. foo bar"
16:11:18.876 [qtp1864083005-187] DEBUG o.s.c.c.CharSequenceEncoder - [5ce20af9] Writing "869. foo bar"
16:11:18.876 [qtp1864083005-187] DEBUG o.s.c.c.CharSequenceEncoder - [5ce20af9] Writing "870. foo bar"
16:11:18.877 [qtp1864083005-187] DEBUG o.s.c.c.CharSequenceEncoder - [5ce20af9] Writing "871. foo bar"
16:11:18.877 [qtp1864083005-187] DEBUG o.s.c.c.CharSequenceEncoder - [5ce20af9] Writing "872. foo bar"
16:11:18.877 [qtp1864083005-187] DEBUG o.s.c.c.CharSequenceEncoder - [5ce20af9] Writing "873. foo bar"
16:11:18.877 [qtp1864083005-187] DEBUG o.s.c.c.CharSequenceEncoder - [5ce20af9] Writing "874. foo bar"
16:11:18.877 [qtp1864083005-187] DEBUG o.s.c.c.CharSequenceEncoder - [5ce20af9] Writing "875. foo bar"
16:11:18.877 [qtp1864083005-187] DEBUG o.s.c.c.CharSequenceEncoder - [5ce20af9] Writing "876. foo bar"
16:11:18.877 [qtp1864083005-187] DEBUG o.s.c.c.CharSequenceEncoder - [5ce20af9] Writing "877. foo bar"
16:11:18.878 [qtp1864083005-187] DEBUG o.s.c.c.CharSequenceEncoder - [5ce20af9] Writing "878. foo bar"
16:11:18.878 [qtp1864083005-187] DEBUG o.s.c.c.CharSequenceEncoder - [5ce20af9] Writing "879. foo bar"
16:11:18.878 [qtp1864083005-187] DEBUG o.s.c.c.CharSequenceEncoder - [5ce20af9] Writing "880. foo bar"
16:11:18.878 [qtp1864083005-187] DEBUG o.s.c.c.CharSequenceEncoder - [5ce20af9] Writing "881. foo bar"
16:11:18.878 [qtp1864083005-187] DEBUG o.s.c.c.CharSequenceEncoder - [5ce20af9] Writing "882. foo bar"
16:11:18.878 [qtp1864083005-187] DEBUG o.s.c.c.CharSequenceEncoder - [5ce20af9] Writing "883. foo bar"
16:11:18.879 [qtp1864083005-187] DEBUG o.s.c.c.CharSequenceEncoder - [5ce20af9] Writing "884. foo bar"
16:11:18.879 [qtp1864083005-187] DEBUG o.s.c.c.CharSequenceEncoder - [5ce20af9] Writing "885. foo bar"
16:11:18.879 [qtp1864083005-187] DEBUG o.s.c.c.CharSequenceEncoder - [5ce20af9] Writing "886. foo bar"
16:11:18.889 [qtp1864083005-187] DEBUG o.s.c.c.CharSequenceEncoder - [5ce20af9] Writing "887. foo bar"
16:11:18.890 [qtp1864083005-187] DEBUG o.s.c.c.CharSequenceEncoder - [5ce20af9] Writing "888. foo bar"
16:11:18.890 [qtp1864083005-187] DEBUG o.s.c.c.CharSequenceEncoder - [5ce20af9] Writing "889. foo bar"
16:11:18.890 [qtp1864083005-187] DEBUG o.s.c.c.CharSequenceEncoder - [5ce20af9] Writing "890. foo bar"
16:11:18.890 [qtp1864083005-187] DEBUG o.s.c.c.CharSequenceEncoder - [5ce20af9] Writing "891. foo bar"
16:11:18.890 [qtp1864083005-187] DEBUG o.s.c.c.CharSequenceEncoder - [5ce20af9] Writing "892. foo bar"
16:11:18.890 [qtp1864083005-187] DEBUG o.s.c.c.CharSequenceEncoder - [5ce20af9] Writing "893. foo bar"
16:11:18.891 [qtp1864083005-187] DEBUG o.s.c.c.CharSequenceEncoder - [5ce20af9] Writing "894. foo bar"
16:11:18.891 [qtp1864083005-187] DEBUG o.s.c.c.CharSequenceEncoder - [5ce20af9] Writing "895. foo bar"
16:11:18.891 [qtp1864083005-187] DEBUG o.s.c.c.CharSequenceEncoder - [5ce20af9] Writing "896. foo bar"
16:11:18.891 [qtp1864083005-187] DEBUG o.s.c.c.CharSequenceEncoder - [5ce20af9] Writing "897. foo bar"
16:11:18.891 [qtp1864083005-187] DEBUG o.s.c.c.CharSequenceEncoder - [5ce20af9] Writing "898. foo bar"
16:11:18.891 [qtp1864083005-187] DEBUG o.s.c.c.CharSequenceEncoder - [5ce20af9] Writing "899. foo bar"
16:11:18.900 [qtp1864083005-187] DEBUG o.s.c.c.CharSequenceEncoder - [5ce20af9] Writing "900. foo bar"
16:11:18.901 [qtp1864083005-187] DEBUG o.s.c.c.CharSequenceEncoder - [5ce20af9] Writing "901. foo bar"
16:11:18.901 [qtp1864083005-187] DEBUG o.s.c.c.CharSequenceEncoder - [5ce20af9] Writing "902. foo bar"
16:11:18.901 [qtp1864083005-187] DEBUG o.s.c.c.CharSequenceEncoder - [5ce20af9] Writing "903. foo bar"
16:11:18.901 [qtp1864083005-187] DEBUG o.s.c.c.CharSequenceEncoder - [5ce20af9] Writing "904. foo bar"
16:11:18.902 [qtp1864083005-187] DEBUG o.s.c.c.CharSequenceEncoder - [5ce20af9] Writing "905. foo bar"
16:11:18.902 [qtp1864083005-187] DEBUG o.s.c.c.CharSequenceEncoder - [5ce20af9] Writing "906. foo bar"
16:11:18.902 [qtp1864083005-187] DEBUG o.s.c.c.CharSequenceEncoder - [5ce20af9] Writing "907. foo bar"
16:11:18.902 [qtp1864083005-187] DEBUG o.s.c.c.CharSequenceEncoder - [5ce20af9] Writing "908. foo bar"
16:11:18.902 [qtp1864083005-187] DEBUG o.s.c.c.CharSequenceEncoder - [5ce20af9] Writing "909. foo bar"
16:11:18.902 [qtp1864083005-187] DEBUG o.s.c.c.CharSequenceEncoder - [5ce20af9] Writing "910. foo bar"
16:11:18.902 [qtp1864083005-187] DEBUG o.s.c.c.CharSequenceEncoder - [5ce20af9] Writing "911. foo bar"
16:11:18.902 [qtp1864083005-187] DEBUG o.s.c.c.CharSequenceEncoder - [5ce20af9] Writing "912. foo bar"
16:11:18.902 [qtp1864083005-187] DEBUG o.s.c.c.CharSequenceEncoder - [5ce20af9] Writing "913. foo bar"
16:11:18.903 [qtp1864083005-187] DEBUG o.s.c.c.CharSequenceEncoder - [5ce20af9] Writing "914. foo bar"
16:11:18.903 [qtp1864083005-187] DEBUG o.s.c.c.CharSequenceEncoder - [5ce20af9] Writing "915. foo bar"
16:11:18.903 [qtp1864083005-187] DEBUG o.s.c.c.CharSequenceEncoder - [5ce20af9] Writing "916. foo bar"
16:11:18.903 [qtp1864083005-187] DEBUG o.s.c.c.CharSequenceEncoder - [5ce20af9] Writing "917. foo bar"
16:11:18.903 [qtp1864083005-187] DEBUG o.s.c.c.CharSequenceEncoder - [5ce20af9] Writing "918. foo bar"
16:11:18.903 [qtp1864083005-187] DEBUG o.s.c.c.CharSequenceEncoder - [5ce20af9] Writing "919. foo bar"
16:11:18.903 [qtp1864083005-187] DEBUG o.s.c.c.CharSequenceEncoder - [5ce20af9] Writing "920. foo bar"
16:11:18.903 [qtp1864083005-187] DEBUG o.s.c.c.CharSequenceEncoder - [5ce20af9] Writing "921. foo bar"
16:11:18.904 [qtp1864083005-187] DEBUG o.s.c.c.CharSequenceEncoder - [5ce20af9] Writing "922. foo bar"
16:11:18.904 [qtp1864083005-187] DEBUG o.s.c.c.CharSequenceEncoder - [5ce20af9] Writing "923. foo bar"
16:11:18.904 [qtp1864083005-187] DEBUG o.s.c.c.CharSequenceEncoder - [5ce20af9] Writing "924. foo bar"
16:11:18.904 [qtp1864083005-187] DEBUG o.s.c.c.CharSequenceEncoder - [5ce20af9] Writing "925. foo bar"
16:11:18.904 [qtp1864083005-187] DEBUG o.s.c.c.CharSequenceEncoder - [5ce20af9] Writing "926. foo bar"
16:11:18.904 [qtp1864083005-187] DEBUG o.s.c.c.CharSequenceEncoder - [5ce20af9] Writing "927. foo bar"
16:11:18.904 [qtp1864083005-187] DEBUG o.s.c.c.CharSequenceEncoder - [5ce20af9] Writing "928. foo bar"
16:11:18.905 [qtp1864083005-187] DEBUG o.s.c.c.CharSequenceEncoder - [5ce20af9] Writing "929. foo bar"
16:11:18.905 [qtp1864083005-187] DEBUG o.s.c.c.CharSequenceEncoder - [5ce20af9] Writing "930. foo bar"
16:11:18.905 [qtp1864083005-187] DEBUG o.s.c.c.CharSequenceEncoder - [5ce20af9] Writing "931. foo bar"
16:11:18.905 [qtp1864083005-187] DEBUG o.s.c.c.CharSequenceEncoder - [5ce20af9] Writing "932. foo bar"
16:11:18.905 [qtp1864083005-187] DEBUG o.s.c.c.CharSequenceEncoder - [5ce20af9] Writing "933. foo bar"
16:11:18.905 [qtp1864083005-187] DEBUG o.s.c.c.CharSequenceEncoder - [5ce20af9] Writing "934. foo bar"
16:11:18.905 [qtp1864083005-187] DEBUG o.s.c.c.CharSequenceEncoder - [5ce20af9] Writing "935. foo bar"
16:11:18.905 [qtp1864083005-187] DEBUG o.s.c.c.CharSequenceEncoder - [5ce20af9] Writing "936. foo bar"
16:11:18.905 [qtp1864083005-187] DEBUG o.s.c.c.CharSequenceEncoder - [5ce20af9] Writing "937. foo bar"
16:11:18.906 [qtp1864083005-187] DEBUG o.s.c.c.CharSequenceEncoder - [5ce20af9] Writing "938. foo bar"
16:11:18.906 [qtp1864083005-187] DEBUG o.s.c.c.CharSequenceEncoder - [5ce20af9] Writing "939. foo bar"
16:11:18.906 [qtp1864083005-187] DEBUG o.s.c.c.CharSequenceEncoder - [5ce20af9] Writing "940. foo bar"
16:11:18.906 [qtp1864083005-187] DEBUG o.s.c.c.CharSequenceEncoder - [5ce20af9] Writing "941. foo bar"
16:11:18.906 [qtp1864083005-187] DEBUG o.s.c.c.CharSequenceEncoder - [5ce20af9] Writing "942. foo bar"
16:11:18.906 [qtp1864083005-187] DEBUG o.s.c.c.CharSequenceEncoder - [5ce20af9] Writing "943. foo bar"
16:11:18.906 [qtp1864083005-187] DEBUG o.s.c.c.CharSequenceEncoder - [5ce20af9] Writing "944. foo bar"
16:11:18.906 [qtp1864083005-187] DEBUG o.s.c.c.CharSequenceEncoder - [5ce20af9] Writing "945. foo bar"
16:11:18.907 [qtp1864083005-187] DEBUG o.s.c.c.CharSequenceEncoder - [5ce20af9] Writing "946. foo bar"
16:11:18.907 [qtp1864083005-187] DEBUG o.s.c.c.CharSequenceEncoder - [5ce20af9] Writing "947. foo bar"
16:11:18.907 [qtp1864083005-187] DEBUG o.s.c.c.CharSequenceEncoder - [5ce20af9] Writing "948. foo bar"
16:11:18.907 [qtp1864083005-187] DEBUG o.s.c.c.CharSequenceEncoder - [5ce20af9] Writing "949. foo bar"
16:11:18.907 [qtp1864083005-187] DEBUG o.s.c.c.CharSequenceEncoder - [5ce20af9] Writing "950. foo bar"
16:11:18.907 [qtp1864083005-187] DEBUG o.s.c.c.CharSequenceEncoder - [5ce20af9] Writing "951. foo bar"
16:11:18.907 [qtp1864083005-187] DEBUG o.s.c.c.CharSequenceEncoder - [5ce20af9] Writing "952. foo bar"
16:11:18.907 [qtp1864083005-187] DEBUG o.s.c.c.CharSequenceEncoder - [5ce20af9] Writing "953. foo bar"
16:11:18.908 [qtp1864083005-187] DEBUG o.s.c.c.CharSequenceEncoder - [5ce20af9] Writing "954. foo bar"
16:11:18.908 [qtp1864083005-187] DEBUG o.s.c.c.CharSequenceEncoder - [5ce20af9] Writing "955. foo bar"
16:11:18.927 [qtp1864083005-187] DEBUG o.s.c.c.CharSequenceEncoder - [5ce20af9] Writing "956. foo bar"
16:11:18.928 [qtp1864083005-187] DEBUG o.s.c.c.CharSequenceEncoder - [5ce20af9] Writing "957. foo bar"
16:11:18.928 [qtp1864083005-187] DEBUG o.s.c.c.CharSequenceEncoder - [5ce20af9] Writing "958. foo bar"
16:11:18.928 [qtp1864083005-187] DEBUG o.s.c.c.CharSequenceEncoder - [5ce20af9] Writing "959. foo bar"
16:11:18.928 [qtp1864083005-187] DEBUG o.s.c.c.CharSequenceEncoder - [5ce20af9] Writing "960. foo bar"
16:11:18.928 [qtp1864083005-187] DEBUG o.s.c.c.CharSequenceEncoder - [5ce20af9] Writing "961. foo bar"
16:11:18.928 [qtp1864083005-187] DEBUG o.s.c.c.CharSequenceEncoder - [5ce20af9] Writing "962. foo bar"
16:11:18.928 [qtp1864083005-187] DEBUG o.s.c.c.CharSequenceEncoder - [5ce20af9] Writing "963. foo bar"
16:11:18.929 [qtp1864083005-187] DEBUG o.s.c.c.CharSequenceEncoder - [5ce20af9] Writing "964. foo bar"
16:11:18.929 [qtp1864083005-187] DEBUG o.s.c.c.CharSequenceEncoder - [5ce20af9] Writing "965. foo bar"
16:11:18.929 [qtp1864083005-187] DEBUG o.s.c.c.CharSequenceEncoder - [5ce20af9] Writing "966. foo bar"
16:11:18.929 [qtp1864083005-187] DEBUG o.s.c.c.CharSequenceEncoder - [5ce20af9] Writing "967. foo bar"
16:11:18.929 [qtp1864083005-187] DEBUG o.s.c.c.CharSequenceEncoder - [5ce20af9] Writing "968. foo bar"
16:11:18.929 [qtp1864083005-187] DEBUG o.s.c.c.CharSequenceEncoder - [5ce20af9] Writing "969. foo bar"
16:11:18.929 [qtp1864083005-187] DEBUG o.s.c.c.CharSequenceEncoder - [5ce20af9] Writing "970. foo bar"
16:11:18.929 [qtp1864083005-187] DEBUG o.s.c.c.CharSequenceEncoder - [5ce20af9] Writing "971. foo bar"
16:11:18.930 [qtp1864083005-187] DEBUG o.s.c.c.CharSequenceEncoder - [5ce20af9] Writing "972. foo bar"
16:11:18.930 [qtp1864083005-187] DEBUG o.s.c.c.CharSequenceEncoder - [5ce20af9] Writing "973. foo bar"
16:11:18.930 [qtp1864083005-187] DEBUG o.s.c.c.CharSequenceEncoder - [5ce20af9] Writing "974. foo bar"
16:11:18.930 [qtp1864083005-187] DEBUG o.s.c.c.CharSequenceEncoder - [5ce20af9] Writing "975. foo bar"
16:11:18.930 [qtp1864083005-187] DEBUG o.s.c.c.CharSequenceEncoder - [5ce20af9] Writing "976. foo bar"
16:11:18.930 [qtp1864083005-187] DEBUG o.s.c.c.CharSequenceEncoder - [5ce20af9] Writing "977. foo bar"
16:11:18.930 [qtp1864083005-187] DEBUG o.s.c.c.CharSequenceEncoder - [5ce20af9] Writing "978. foo bar"
16:11:18.930 [qtp1864083005-187] DEBUG o.s.c.c.CharSequenceEncoder - [5ce20af9] Writing "979. foo bar"
16:11:18.931 [qtp1864083005-187] DEBUG o.s.c.c.CharSequenceEncoder - [5ce20af9] Writing "980. foo bar"
16:11:18.931 [qtp1864083005-187] DEBUG o.s.c.c.CharSequenceEncoder - [5ce20af9] Writing "981. foo bar"
16:11:18.931 [qtp1864083005-187] DEBUG o.s.c.c.CharSequenceEncoder - [5ce20af9] Writing "982. foo bar"
16:11:18.931 [qtp1864083005-187] DEBUG o.s.c.c.CharSequenceEncoder - [5ce20af9] Writing "983. foo bar"
16:11:18.931 [qtp1864083005-187] DEBUG o.s.c.c.CharSequenceEncoder - [5ce20af9] Writing "984. foo bar"
16:11:18.931 [qtp1864083005-187] DEBUG o.s.c.c.CharSequenceEncoder - [5ce20af9] Writing "985. foo bar"
16:11:18.931 [qtp1864083005-187] DEBUG o.s.c.c.CharSequenceEncoder - [5ce20af9] Writing "986. foo bar"
16:11:18.932 [qtp1864083005-187] DEBUG o.s.c.c.CharSequenceEncoder - [5ce20af9] Writing "987. foo bar"
16:11:18.932 [qtp1864083005-187] DEBUG o.s.c.c.CharSequenceEncoder - [5ce20af9] Writing "988. foo bar"
16:11:18.932 [qtp1864083005-187] DEBUG o.s.c.c.CharSequenceEncoder - [5ce20af9] Writing "989. foo bar"
16:11:18.932 [qtp1864083005-187] DEBUG o.s.c.c.CharSequenceEncoder - [5ce20af9] Writing "990. foo bar"
16:11:18.932 [qtp1864083005-187] DEBUG o.s.c.c.CharSequenceEncoder - [5ce20af9] Writing "991. foo bar"
16:11:18.932 [qtp1864083005-187] DEBUG o.s.c.c.CharSequenceEncoder - [5ce20af9] Writing "992. foo bar"
16:11:18.932 [qtp1864083005-187] DEBUG o.s.c.c.CharSequenceEncoder - [5ce20af9] Writing "993. foo bar"
16:11:18.932 [qtp1864083005-187] DEBUG o.s.c.c.CharSequenceEncoder - [5ce20af9] Writing "994. foo bar"
16:11:18.932 [qtp1864083005-187] DEBUG o.s.c.c.CharSequenceEncoder - [5ce20af9] Writing "995. foo bar"
16:11:18.933 [qtp1864083005-187] DEBUG o.s.c.c.CharSequenceEncoder - [5ce20af9] Writing "996. foo bar"
16:11:18.933 [qtp1864083005-187] DEBUG o.s.c.c.CharSequenceEncoder - [5ce20af9] Writing "997. foo bar"
16:11:18.933 [qtp1864083005-187] DEBUG o.s.c.c.CharSequenceEncoder - [5ce20af9] Writing "998. foo bar"
16:11:18.933 [qtp1864083005-187] DEBUG o.s.c.c.CharSequenceEncoder - [5ce20af9] Writing "999. foo bar"
16:11:18.936 [qtp1864083005-187] ERROR o.s.w.s.a.HttpWebHandlerAdapter - [5ce20af9] Error [java.lang.RuntimeException: Random error] for HTTP GET "/SPR-16051", but ServerHttpResponse already committed (200 OK)
16:11:18.957 [qtp1864083005-187] WARN  o.e.j.s.HttpChannel - /SPR-16051
javax.servlet.ServletException: Failed to create response content
	at org.springframework.http.server.reactive.ServletHttpHandlerAdapter.service(ServletHttpHandlerAdapter.java:162) ~[spring-web-5.2.16.BUILD-SNAPSHOT.jar:5.2.16.BUILD-SNAPSHOT]
	at org.eclipse.jetty.servlet.ServletHolder.handle(ServletHolder.java:763) ~[jetty-servlet-9.4.31.v20200723.jar:9.4.31.v20200723]
	at org.eclipse.jetty.servlet.ServletHandler.doHandle(ServletHandler.java:569) ~[jetty-servlet-9.4.31.v20200723.jar:9.4.31.v20200723]
	at org.eclipse.jetty.server.handler.ScopedHandler.nextHandle(ScopedHandler.java:233) ~[jetty-server-9.4.31.v20200723.jar:9.4.31.v20200723]
	at org.eclipse.jetty.server.handler.ContextHandler.doHandle(ContextHandler.java:1377) ~[jetty-server-9.4.31.v20200723.jar:9.4.31.v20200723]
	at org.eclipse.jetty.server.handler.ScopedHandler.nextScope(ScopedHandler.java:188) ~[jetty-server-9.4.31.v20200723.jar:9.4.31.v20200723]
	at org.eclipse.jetty.servlet.ServletHandler.doScope(ServletHandler.java:507) ~[jetty-servlet-9.4.31.v20200723.jar:9.4.31.v20200723]
	at org.eclipse.jetty.server.handler.ScopedHandler.nextScope(ScopedHandler.java:186) ~[jetty-server-9.4.31.v20200723.jar:9.4.31.v20200723]
	at org.eclipse.jetty.server.handler.ContextHandler.doScope(ContextHandler.java:1292) ~[jetty-server-9.4.31.v20200723.jar:9.4.31.v20200723]
	at org.eclipse.jetty.server.handler.ScopedHandler.handle(ScopedHandler.java:141) ~[jetty-server-9.4.31.v20200723.jar:9.4.31.v20200723]
	at org.eclipse.jetty.server.handler.HandlerWrapper.handle(HandlerWrapper.java:127) ~[jetty-server-9.4.31.v20200723.jar:9.4.31.v20200723]
	at org.eclipse.jetty.server.Server.handleAsync(Server.java:544) ~[jetty-server-9.4.31.v20200723.jar:9.4.31.v20200723]
	at org.eclipse.jetty.server.HttpChannel.lambda$handle$2(HttpChannel.java:391) ~[jetty-server-9.4.31.v20200723.jar:9.4.31.v20200723]
	at org.eclipse.jetty.server.HttpChannel.dispatch(HttpChannel.java:556) ~[jetty-server-9.4.31.v20200723.jar:9.4.31.v20200723]
	at org.eclipse.jetty.server.HttpChannel.handle(HttpChannel.java:391) [jetty-server-9.4.31.v20200723.jar:9.4.31.v20200723]
	at org.eclipse.jetty.server.HttpConnection.onFillable(HttpConnection.java:273) [jetty-server-9.4.31.v20200723.jar:9.4.31.v20200723]
	at org.eclipse.jetty.io.AbstractConnection$ReadCallback.succeeded(AbstractConnection.java:311) [jetty-io-9.4.31.v20200723.jar:9.4.31.v20200723]
	at org.eclipse.jetty.io.FillInterest.fillable(FillInterest.java:105) [jetty-io-9.4.31.v20200723.jar:9.4.31.v20200723]
	at org.eclipse.jetty.io.ChannelEndPoint$1.run(ChannelEndPoint.java:104) [jetty-io-9.4.31.v20200723.jar:9.4.31.v20200723]
	at org.eclipse.jetty.util.thread.QueuedThreadPool.runJob(QueuedThreadPool.java:806) [jetty-util-9.4.31.v20200723.jar:9.4.31.v20200723]
	at org.eclipse.jetty.util.thread.QueuedThreadPool$Runner.run(QueuedThreadPool.java:938) [jetty-util-9.4.31.v20200723.jar:9.4.31.v20200723]
	at java.lang.Thread.run(Thread.java:748) [?:1.8.0_201]
Caused by: java.lang.RuntimeException: Random error
	at org.springframework.web.reactive.result.method.annotation.RequestMappingExceptionHandlingIntegrationTests$TestController.lambda$errors$0(RequestMappingExceptionHandlingIntegrationTests.java:154) ~[test/:?]
	Suppressed: reactor.core.publisher.FluxOnAssembly$OnAssemblyException: 
Error has been observed at the following site(s):
	|_ checkpoint ⇢ Handler org.springframework.web.reactive.result.method.annotation.RequestMappingExceptionHandlingIntegrationTests$TestController#errors() [DispatcherHandler]
	|_ checkpoint ⇢ HTTP GET "/SPR-16051" [ExceptionHandlingWebHandler]
Stack trace:
		at org.springframework.web.reactive.result.method.annotation.RequestMappingExceptionHandlingIntegrationTests$TestController.lambda$errors$0(RequestMappingExceptionHandlingIntegrationTests.java:154) ~[test/:?]
		at reactor.core.publisher.FluxMapFuseable$MapFuseableSubscriber.onNext(FluxMapFuseable.java:107) ~[reactor-core-3.3.17.RELEASE.jar:3.3.17.RELEASE]
		at reactor.core.publisher.FluxRange$RangeSubscription.slowPath(FluxRange.java:154) ~[reactor-core-3.3.17.RELEASE.jar:3.3.17.RELEASE]
		at reactor.core.publisher.FluxRange$RangeSubscription.request(FluxRange.java:109) ~[reactor-core-3.3.17.RELEASE.jar:3.3.17.RELEASE]
		at reactor.core.publisher.FluxMapFuseable$MapFuseableSubscriber.request(FluxMapFuseable.java:162) ~[reactor-core-3.3.17.RELEASE.jar:3.3.17.RELEASE]
		at reactor.core.publisher.FluxMapFuseable$MapFuseableSubscriber.request(FluxMapFuseable.java:162) ~[reactor-core-3.3.17.RELEASE.jar:3.3.17.RELEASE]
		at org.springframework.http.server.reactive.ChannelSendOperator$WriteBarrier.onSubscribe(ChannelSendOperator.java:166) ~[spring-web-5.2.16.BUILD-SNAPSHOT.jar:5.2.16.BUILD-SNAPSHOT]
		at reactor.core.publisher.FluxMapFuseable$MapFuseableSubscriber.onSubscribe(FluxMapFuseable.java:90) ~[reactor-core-3.3.17.RELEASE.jar:3.3.17.RELEASE]
		at reactor.core.publisher.FluxMapFuseable$MapFuseableSubscriber.onSubscribe(FluxMapFuseable.java:90) ~[reactor-core-3.3.17.RELEASE.jar:3.3.17.RELEASE]
		at reactor.core.publisher.FluxRange.subscribe(FluxRange.java:68) ~[reactor-core-3.3.17.RELEASE.jar:3.3.17.RELEASE]
		at reactor.core.publisher.InternalFluxOperator.subscribe(InternalFluxOperator.java:62) ~[reactor-core-3.3.17.RELEASE.jar:3.3.17.RELEASE]
		at org.springframework.http.server.reactive.ChannelSendOperator.subscribe(ChannelSendOperator.java:77) ~[spring-web-5.2.16.BUILD-SNAPSHOT.jar:5.2.16.BUILD-SNAPSHOT]
		at reactor.core.publisher.InternalMonoOperator.subscribe(InternalMonoOperator.java:64) ~[reactor-core-3.3.17.RELEASE.jar:3.3.17.RELEASE]
		at reactor.core.publisher.MonoFlatMap$FlatMapMain.onNext(MonoFlatMap.java:150) ~[reactor-core-3.3.17.RELEASE.jar:3.3.17.RELEASE]
		at reactor.core.publisher.Operators$MonoSubscriber.complete(Operators.java:1812) ~[reactor-core-3.3.17.RELEASE.jar:3.3.17.RELEASE]
		at reactor.core.publisher.MonoFlatMap$FlatMapInner.onNext(MonoFlatMap.java:241) ~[reactor-core-3.3.17.RELEASE.jar:3.3.17.RELEASE]
		at reactor.core.publisher.FluxOnErrorResume$ResumeSubscriber.onNext(FluxOnErrorResume.java:73) ~[reactor-core-3.3.17.RELEASE.jar:3.3.17.RELEASE]
		at reactor.core.publisher.FluxPeek$PeekSubscriber.onNext(FluxPeek.java:192) ~[reactor-core-3.3.17.RELEASE.jar:3.3.17.RELEASE]
		at reactor.core.publisher.FluxPeek$PeekSubscriber.onNext(FluxPeek.java:192) ~[reactor-core-3.3.17.RELEASE.jar:3.3.17.RELEASE]
		at reactor.core.publisher.MonoIgnoreThen$ThenIgnoreMain.complete(MonoIgnoreThen.java:282) ~[reactor-core-3.3.17.RELEASE.jar:3.3.17.RELEASE]
		at reactor.core.publisher.MonoIgnoreThen$ThenIgnoreMain.onNext(MonoIgnoreThen.java:185) ~[reactor-core-3.3.17.RELEASE.jar:3.3.17.RELEASE]
		at reactor.core.publisher.Operators$ScalarSubscription.request(Operators.java:2393) ~[reactor-core-3.3.17.RELEASE.jar:3.3.17.RELEASE]
		at reactor.core.publisher.MonoIgnoreThen$ThenIgnoreMain.onSubscribe(MonoIgnoreThen.java:132) ~[reactor-core-3.3.17.RELEASE.jar:3.3.17.RELEASE]
		at reactor.core.publisher.FluxFlatMap.trySubscribeScalarMap(FluxFlatMap.java:192) ~[reactor-core-3.3.17.RELEASE.jar:3.3.17.RELEASE]
		at reactor.core.publisher.MonoFlatMap.subscribeOrReturn(MonoFlatMap.java:53) ~[reactor-core-3.3.17.RELEASE.jar:3.3.17.RELEASE]
		at reactor.core.publisher.InternalMonoOperator.subscribe(InternalMonoOperator.java:57) ~[reactor-core-3.3.17.RELEASE.jar:3.3.17.RELEASE]
		at reactor.core.publisher.MonoDefer.subscribe(MonoDefer.java:52) ~[reactor-core-3.3.17.RELEASE.jar:3.3.17.RELEASE]
		at reactor.core.publisher.MonoIgnoreThen$ThenIgnoreMain.subscribeNext(MonoIgnoreThen.java:234) ~[reactor-core-3.3.17.RELEASE.jar:3.3.17.RELEASE]
		at reactor.core.publisher.MonoIgnoreThen$ThenIgnoreMain.onComplete(MonoIgnoreThen.java:201) ~[reactor-core-3.3.17.RELEASE.jar:3.3.17.RELEASE]
		at reactor.core.publisher.MonoFlatMap$FlatMapMain.onComplete(MonoFlatMap.java:174) ~[reactor-core-3.3.17.RELEASE.jar:3.3.17.RELEASE]
		at reactor.core.publisher.Operators.complete(Operators.java:135) ~[reactor-core-3.3.17.RELEASE.jar:3.3.17.RELEASE]
		at reactor.core.publisher.MonoZip.subscribe(MonoZip.java:120) ~[reactor-core-3.3.17.RELEASE.jar:3.3.17.RELEASE]
		at reactor.core.publisher.Mono.subscribe(Mono.java:4252) ~[reactor-core-3.3.17.RELEASE.jar:3.3.17.RELEASE]
		at reactor.core.publisher.MonoIgnoreThen$ThenIgnoreMain.subscribeNext(MonoIgnoreThen.java:253) ~[reactor-core-3.3.17.RELEASE.jar:3.3.17.RELEASE]
		at reactor.core.publisher.MonoIgnoreThen.subscribe(MonoIgnoreThen.java:51) ~[reactor-core-3.3.17.RELEASE.jar:3.3.17.RELEASE]
		at reactor.core.publisher.InternalMonoOperator.subscribe(InternalMonoOperator.java:64) ~[reactor-core-3.3.17.RELEASE.jar:3.3.17.RELEASE]
		at reactor.core.publisher.MonoFlatMap$FlatMapMain.onNext(MonoFlatMap.java:150) ~[reactor-core-3.3.17.RELEASE.jar:3.3.17.RELEASE]
		at reactor.core.publisher.FluxSwitchIfEmpty$SwitchIfEmptySubscriber.onNext(FluxSwitchIfEmpty.java:67) ~[reactor-core-3.3.17.RELEASE.jar:3.3.17.RELEASE]
		at reactor.core.publisher.MonoNext$NextSubscriber.onNext(MonoNext.java:76) ~[reactor-core-3.3.17.RELEASE.jar:3.3.17.RELEASE]
		at reactor.core.publisher.FluxConcatMap$ConcatMapImmediate.innerNext(FluxConcatMap.java:274) ~[reactor-core-3.3.17.RELEASE.jar:3.3.17.RELEASE]
		at reactor.core.publisher.FluxConcatMap$ConcatMapInner.onNext(FluxConcatMap.java:851) ~[reactor-core-3.3.17.RELEASE.jar:3.3.17.RELEASE]
		at reactor.core.publisher.FluxMapFuseable$MapFuseableSubscriber.onNext(FluxMapFuseable.java:121) ~[reactor-core-3.3.17.RELEASE.jar:3.3.17.RELEASE]
		at reactor.core.publisher.MonoPeekTerminal$MonoTerminalPeekSubscriber.onNext(MonoPeekTerminal.java:173) ~[reactor-core-3.3.17.RELEASE.jar:3.3.17.RELEASE]
		at reactor.core.publisher.Operators$ScalarSubscription.request(Operators.java:2393) ~[reactor-core-3.3.17.RELEASE.jar:3.3.17.RELEASE]
		at reactor.core.publisher.MonoPeekTerminal$MonoTerminalPeekSubscriber.request(MonoPeekTerminal.java:132) ~[reactor-core-3.3.17.RELEASE.jar:3.3.17.RELEASE]
		at reactor.core.publisher.FluxMapFuseable$MapFuseableSubscriber.request(FluxMapFuseable.java:162) ~[reactor-core-3.3.17.RELEASE.jar:3.3.17.RELEASE]
		at reactor.core.publisher.Operators$MultiSubscriptionSubscriber.set(Operators.java:2190) ~[reactor-core-3.3.17.RELEASE.jar:3.3.17.RELEASE]
		at reactor.core.publisher.Operators$MultiSubscriptionSubscriber.onSubscribe(Operators.java:2064) ~[reactor-core-3.3.17.RELEASE.jar:3.3.17.RELEASE]
		at reactor.core.publisher.FluxMapFuseable$MapFuseableSubscriber.onSubscribe(FluxMapFuseable.java:90) ~[reactor-core-3.3.17.RELEASE.jar:3.3.17.RELEASE]
		at reactor.core.publisher.MonoPeekTerminal$MonoTerminalPeekSubscriber.onSubscribe(MonoPeekTerminal.java:145) ~[reactor-core-3.3.17.RELEASE.jar:3.3.17.RELEASE]
		at reactor.core.publisher.MonoJust.subscribe(MonoJust.java:54) ~[reactor-core-3.3.17.RELEASE.jar:3.3.17.RELEASE]
		at reactor.core.publisher.Mono.subscribe(Mono.java:4252) ~[reactor-core-3.3.17.RELEASE.jar:3.3.17.RELEASE]
		at reactor.core.publisher.FluxConcatMap$ConcatMapImmediate.drain(FluxConcatMap.java:441) ~[reactor-core-3.3.17.RELEASE.jar:3.3.17.RELEASE]
		at reactor.core.publisher.FluxConcatMap$ConcatMapImmediate.onSubscribe(FluxConcatMap.java:211) ~[reactor-core-3.3.17.RELEASE.jar:3.3.17.RELEASE]
		at reactor.core.publisher.FluxIterable.subscribe(FluxIterable.java:161) ~[reactor-core-3.3.17.RELEASE.jar:3.3.17.RELEASE]
		at reactor.core.publisher.FluxIterable.subscribe(FluxIterable.java:86) ~[reactor-core-3.3.17.RELEASE.jar:3.3.17.RELEASE]
		at reactor.core.publisher.InternalMonoOperator.subscribe(InternalMonoOperator.java:64) ~[reactor-core-3.3.17.RELEASE.jar:3.3.17.RELEASE]
		at reactor.core.publisher.MonoDefer.subscribe(MonoDefer.java:52) ~[reactor-core-3.3.17.RELEASE.jar:3.3.17.RELEASE]
		at reactor.core.publisher.Mono.subscribe(Mono.java:4252) ~[reactor-core-3.3.17.RELEASE.jar:3.3.17.RELEASE]
		at reactor.core.publisher.MonoIgnoreThen$ThenIgnoreMain.subscribeNext(MonoIgnoreThen.java:253) ~[reactor-core-3.3.17.RELEASE.jar:3.3.17.RELEASE]
		at reactor.core.publisher.MonoIgnoreThen.subscribe(MonoIgnoreThen.java:51) ~[reactor-core-3.3.17.RELEASE.jar:3.3.17.RELEASE]
		at reactor.core.publisher.Mono.subscribe(Mono.java:4252) ~[reactor-core-3.3.17.RELEASE.jar:3.3.17.RELEASE]
		at org.springframework.http.server.reactive.ServletHttpHandlerAdapter.service(ServletHttpHandlerAdapter.java:192) ~[spring-web-5.2.16.BUILD-SNAPSHOT.jar:5.2.16.BUILD-SNAPSHOT]
		at org.eclipse.jetty.servlet.ServletHolder.handle(ServletHolder.java:763) ~[jetty-servlet-9.4.31.v20200723.jar:9.4.31.v20200723]
		at org.eclipse.jetty.servlet.ServletHandler.doHandle(ServletHandler.java:569) ~[jetty-servlet-9.4.31.v20200723.jar:9.4.31.v20200723]
		at org.eclipse.jetty.server.handler.ScopedHandler.nextHandle(ScopedHandler.java:233) ~[jetty-server-9.4.31.v20200723.jar:9.4.31.v20200723]
		at org.eclipse.jetty.server.handler.ContextHandler.doHandle(ContextHandler.java:1377) ~[jetty-server-9.4.31.v20200723.jar:9.4.31.v20200723]
		at org.eclipse.jetty.server.handler.ScopedHandler.nextScope(ScopedHandler.java:188) ~[jetty-server-9.4.31.v20200723.jar:9.4.31.v20200723]
		at org.eclipse.jetty.servlet.ServletHandler.doScope(ServletHandler.java:507) ~[jetty-servlet-9.4.31.v20200723.jar:9.4.31.v20200723]
		at org.eclipse.jetty.server.handler.ScopedHandler.nextScope(ScopedHandler.java:186) ~[jetty-server-9.4.31.v20200723.jar:9.4.31.v20200723]
		at org.eclipse.jetty.server.handler.ContextHandler.doScope(ContextHandler.java:1292) ~[jetty-server-9.4.31.v20200723.jar:9.4.31.v20200723]
		at org.eclipse.jetty.server.handler.ScopedHandler.handle(ScopedHandler.java:141) ~[jetty-server-9.4.31.v20200723.jar:9.4.31.v20200723]
		at org.eclipse.jetty.server.handler.HandlerWrapper.handle(HandlerWrapper.java:127) ~[jetty-server-9.4.31.v20200723.jar:9.4.31.v20200723]
		at org.eclipse.jetty.server.Server.handle(Server.java:501) ~[jetty-server-9.4.31.v20200723.jar:9.4.31.v20200723]
		at org.eclipse.jetty.server.HttpChannel.lambda$handle$1(HttpChannel.java:383) ~[jetty-server-9.4.31.v20200723.jar:9.4.31.v20200723]
		at org.eclipse.jetty.server.HttpChannel.dispatch(HttpChannel.java:556) ~[jetty-server-9.4.31.v20200723.jar:9.4.31.v20200723]
		at org.eclipse.jetty.server.HttpChannel.handle(HttpChannel.java:375) [jetty-server-9.4.31.v20200723.jar:9.4.31.v20200723]
		at org.eclipse.jetty.server.HttpConnection.onFillable(HttpConnection.java:273) [jetty-server-9.4.31.v20200723.jar:9.4.31.v20200723]
		at org.eclipse.jetty.io.AbstractConnection$ReadCallback.succeeded(AbstractConnection.java:311) [jetty-io-9.4.31.v20200723.jar:9.4.31.v20200723]
		at org.eclipse.jetty.io.FillInterest.fillable(FillInterest.java:105) [jetty-io-9.4.31.v20200723.jar:9.4.31.v20200723]
		at org.eclipse.jetty.io.ChannelEndPoint$1.run(ChannelEndPoint.java:104) [jetty-io-9.4.31.v20200723.jar:9.4.31.v20200723]
		at org.eclipse.jetty.util.thread.QueuedThreadPool.runJob(QueuedThreadPool.java:806) [jetty-util-9.4.31.v20200723.jar:9.4.31.v20200723]
		at org.eclipse.jetty.util.thread.QueuedThreadPool$Runner.run(QueuedThreadPool.java:938) [jetty-util-9.4.31.v20200723.jar:9.4.31.v20200723]
		at java.lang.Thread.run(Thread.java:748) [?:1.8.0_201]
16:11:18.988 [Test worker] DEBUG o.s.w.t.h.s.r.b.JettyHttpServer - Stopping JettyHttpServer...
16:11:18.988 [Test worker] INFO  o.e.j.s.h.ContextHandler - Stopped o.e.j.s.ServletContextHandler@724501f5{/,null,UNAVAILABLE}
16:11:18.990 [Test worker] INFO  o.e.j.s.AbstractConnector - Stopped ServerConnector@49128678{HTTP/1.1, (http/1.1)}{0.0.0.0:0}
16:11:19.001 [Test worker] DEBUG o.s.w.t.h.s.r.b.JettyHttpServer - Server stopped (0 millis).
16:11:19.069 [Test worker] DEBUG o.s.w.r.r.m.a.RequestMappingHandlerMapping - 6 mappings in 'requestMappingHandlerMapping'
16:11:19.124 [Test worker] DEBUG o.s.w.r.r.m.a.ControllerMethodResolver - ControllerAdvice beans: none
16:11:19.195 [Test worker] DEBUG o.s.w.s.a.HttpWebHandlerAdapter - enableLoggingRequestDetails='false': form data and headers will be masked to prevent unsafe logging of potentially sensitive data
16:11:19.195 [Test worker] DEBUG o.s.w.t.h.s.r.b.ReactorHttpServer - Starting ReactorHttpServer...
16:11:19.197 [Test worker] DEBUG o.s.w.t.h.s.r.b.ReactorHttpServer - Server started on port 54765(0 millis).
16:11:19.198 [Test worker] DEBUG o.s.w.c.RestTemplate - HTTP GET http://localhost:54765/SPR-16051
16:11:19.198 [Test worker] DEBUG o.s.w.c.RestTemplate - Accept=[text/plain, application/json, application/x-jackson-smile, application/*+json, */*]
16:11:19.207 [reactor-http-nio-10] DEBUG o.s.w.s.a.HttpWebHandlerAdapter - [fcf4d191-5] HTTP GET "/SPR-16051"
16:11:19.207 [reactor-http-nio-10] DEBUG o.s.w.r.r.m.a.RequestMappingHandlerMapping - [fcf4d191-5] Mapped to org.springframework.web.reactive.result.method.annotation.RequestMappingExceptionHandlingIntegrationTests$TestController#errors()
16:11:19.209 [reactor-http-nio-10] DEBUG o.s.w.r.r.m.a.ResponseBodyResultHandler - Using 'text/plain;charset=UTF-8' given [text/plain, application/json, application/x-jackson-smile, application/*+json, */*] and supported [text/plain;charset=UTF-8, text/event-stream, text/plain;charset=UTF-8, */*]
16:11:19.209 [reactor-http-nio-10] DEBUG o.s.w.r.r.m.a.ResponseBodyResultHandler - [fcf4d191-5] 0..N [java.lang.String]
16:11:19.209 [reactor-http-nio-10] DEBUG o.s.c.c.CharSequenceEncoder - [fcf4d191-5] Writing "1. foo bar"
16:11:19.219 [Test worker] DEBUG o.s.w.c.RestTemplate - Response 200 OK
16:11:19.234 [reactor-http-nio-10] DEBUG o.s.c.c.CharSequenceEncoder - [fcf4d191-5] Writing "2. foo bar"
16:11:19.235 [reactor-http-nio-10] DEBUG o.s.c.c.CharSequenceEncoder - [fcf4d191-5] Writing "3. foo bar"
16:11:19.236 [reactor-http-nio-10] DEBUG o.s.c.c.CharSequenceEncoder - [fcf4d191-5] Writing "4. foo bar"
16:11:19.237 [reactor-http-nio-10] DEBUG o.s.c.c.CharSequenceEncoder - [fcf4d191-5] Writing "5. foo bar"
16:11:19.237 [reactor-http-nio-10] DEBUG o.s.c.c.CharSequenceEncoder - [fcf4d191-5] Writing "6. foo bar"
16:11:19.238 [reactor-http-nio-10] DEBUG o.s.c.c.CharSequenceEncoder - [fcf4d191-5] Writing "7. foo bar"
16:11:19.238 [reactor-http-nio-10] DEBUG o.s.c.c.CharSequenceEncoder - [fcf4d191-5] Writing "8. foo bar"
16:11:19.239 [reactor-http-nio-10] DEBUG o.s.c.c.CharSequenceEncoder - [fcf4d191-5] Writing "9. foo bar"
16:11:19.240 [reactor-http-nio-10] DEBUG o.s.c.c.CharSequenceEncoder - [fcf4d191-5] Writing "10. foo bar"
16:11:19.241 [reactor-http-nio-10] DEBUG o.s.c.c.CharSequenceEncoder - [fcf4d191-5] Writing "11. foo bar"
16:11:19.241 [reactor-http-nio-10] DEBUG o.s.c.c.CharSequenceEncoder - [fcf4d191-5] Writing "12. foo bar"
16:11:19.242 [reactor-http-nio-10] DEBUG o.s.c.c.CharSequenceEncoder - [fcf4d191-5] Writing "13. foo bar"
16:11:19.243 [reactor-http-nio-10] DEBUG o.s.c.c.CharSequenceEncoder - [fcf4d191-5] Writing "14. foo bar"
16:11:19.244 [reactor-http-nio-10] DEBUG o.s.c.c.CharSequenceEncoder - [fcf4d191-5] Writing "15. foo bar"
16:11:19.244 [reactor-http-nio-10] DEBUG o.s.c.c.CharSequenceEncoder - [fcf4d191-5] Writing "16. foo bar"
16:11:19.245 [reactor-http-nio-10] DEBUG o.s.c.c.CharSequenceEncoder - [fcf4d191-5] Writing "17. foo bar"
16:11:19.246 [reactor-http-nio-10] DEBUG o.s.c.c.CharSequenceEncoder - [fcf4d191-5] Writing "18. foo bar"
16:11:19.247 [reactor-http-nio-10] DEBUG o.s.c.c.CharSequenceEncoder - [fcf4d191-5] Writing "19. foo bar"
16:11:19.247 [reactor-http-nio-10] DEBUG o.s.c.c.CharSequenceEncoder - [fcf4d191-5] Writing "20. foo bar"
16:11:19.248 [reactor-http-nio-10] DEBUG o.s.c.c.CharSequenceEncoder - [fcf4d191-5] Writing "21. foo bar"
16:11:19.249 [reactor-http-nio-10] DEBUG o.s.c.c.CharSequenceEncoder - [fcf4d191-5] Writing "22. foo bar"
16:11:19.249 [reactor-http-nio-10] DEBUG o.s.c.c.CharSequenceEncoder - [fcf4d191-5] Writing "23. foo bar"
16:11:19.250 [reactor-http-nio-10] DEBUG o.s.c.c.CharSequenceEncoder - [fcf4d191-5] Writing "24. foo bar"
16:11:19.251 [reactor-http-nio-10] DEBUG o.s.c.c.CharSequenceEncoder - [fcf4d191-5] Writing "25. foo bar"
16:11:19.251 [reactor-http-nio-10] DEBUG o.s.c.c.CharSequenceEncoder - [fcf4d191-5] Writing "26. foo bar"
16:11:19.252 [reactor-http-nio-10] DEBUG o.s.c.c.CharSequenceEncoder - [fcf4d191-5] Writing "27. foo bar"
16:11:19.253 [reactor-http-nio-10] DEBUG o.s.c.c.CharSequenceEncoder - [fcf4d191-5] Writing "28. foo bar"
16:11:19.254 [reactor-http-nio-10] DEBUG o.s.c.c.CharSequenceEncoder - [fcf4d191-5] Writing "29. foo bar"
16:11:19.255 [reactor-http-nio-10] DEBUG o.s.c.c.CharSequenceEncoder - [fcf4d191-5] Writing "30. foo bar"
16:11:19.255 [reactor-http-nio-10] DEBUG o.s.c.c.CharSequenceEncoder - [fcf4d191-5] Writing "31. foo bar"
16:11:19.256 [reactor-http-nio-10] DEBUG o.s.c.c.CharSequenceEncoder - [fcf4d191-5] Writing "32. foo bar"
16:11:19.257 [reactor-http-nio-10] DEBUG o.s.c.c.CharSequenceEncoder - [fcf4d191-5] Writing "33. foo bar"
16:11:19.258 [reactor-http-nio-10] DEBUG o.s.c.c.CharSequenceEncoder - [fcf4d191-5] Writing "34. foo bar"
16:11:19.259 [reactor-http-nio-10] DEBUG o.s.c.c.CharSequenceEncoder - [fcf4d191-5] Writing "35. foo bar"
16:11:19.259 [reactor-http-nio-10] DEBUG o.s.c.c.CharSequenceEncoder - [fcf4d191-5] Writing "36. foo bar"
16:11:19.260 [reactor-http-nio-10] DEBUG o.s.c.c.CharSequenceEncoder - [fcf4d191-5] Writing "37. foo bar"
16:11:19.261 [reactor-http-nio-10] DEBUG o.s.c.c.CharSequenceEncoder - [fcf4d191-5] Writing "38. foo bar"
16:11:19.261 [reactor-http-nio-10] DEBUG o.s.c.c.CharSequenceEncoder - [fcf4d191-5] Writing "39. foo bar"
16:11:19.262 [reactor-http-nio-10] DEBUG o.s.c.c.CharSequenceEncoder - [fcf4d191-5] Writing "40. foo bar"
16:11:19.263 [reactor-http-nio-10] DEBUG o.s.c.c.CharSequenceEncoder - [fcf4d191-5] Writing "41. foo bar"
16:11:19.263 [reactor-http-nio-10] DEBUG o.s.c.c.CharSequenceEncoder - [fcf4d191-5] Writing "42. foo bar"
16:11:19.264 [reactor-http-nio-10] DEBUG o.s.c.c.CharSequenceEncoder - [fcf4d191-5] Writing "43. foo bar"
16:11:19.265 [reactor-http-nio-10] DEBUG o.s.c.c.CharSequenceEncoder - [fcf4d191-5] Writing "44. foo bar"
16:11:19.266 [reactor-http-nio-10] DEBUG o.s.c.c.CharSequenceEncoder - [fcf4d191-5] Writing "45. foo bar"
16:11:19.267 [reactor-http-nio-10] DEBUG o.s.c.c.CharSequenceEncoder - [fcf4d191-5] Writing "46. foo bar"
16:11:19.268 [reactor-http-nio-10] DEBUG o.s.c.c.CharSequenceEncoder - [fcf4d191-5] Writing "47. foo bar"
16:11:19.268 [reactor-http-nio-10] DEBUG o.s.c.c.CharSequenceEncoder - [fcf4d191-5] Writing "48. foo bar"
16:11:19.269 [reactor-http-nio-10] DEBUG o.s.c.c.CharSequenceEncoder - [fcf4d191-5] Writing "49. foo bar"
16:11:19.270 [reactor-http-nio-10] DEBUG o.s.c.c.CharSequenceEncoder - [fcf4d191-5] Writing "50. foo bar"
16:11:19.270 [reactor-http-nio-10] DEBUG o.s.c.c.CharSequenceEncoder - [fcf4d191-5] Writing "51. foo bar"
16:11:19.271 [reactor-http-nio-10] DEBUG o.s.c.c.CharSequenceEncoder - [fcf4d191-5] Writing "52. foo bar"
16:11:19.272 [reactor-http-nio-10] DEBUG o.s.c.c.CharSequenceEncoder - [fcf4d191-5] Writing "53. foo bar"
16:11:19.272 [reactor-http-nio-10] DEBUG o.s.c.c.CharSequenceEncoder - [fcf4d191-5] Writing "54. foo bar"
16:11:19.273 [reactor-http-nio-10] DEBUG o.s.c.c.CharSequenceEncoder - [fcf4d191-5] Writing "55. foo bar"
16:11:19.274 [reactor-http-nio-10] DEBUG o.s.c.c.CharSequenceEncoder - [fcf4d191-5] Writing "56. foo bar"
16:11:19.275 [reactor-http-nio-10] DEBUG o.s.c.c.CharSequenceEncoder - [fcf4d191-5] Writing "57. foo bar"
16:11:19.275 [reactor-http-nio-10] DEBUG o.s.c.c.CharSequenceEncoder - [fcf4d191-5] Writing "58. foo bar"
16:11:19.276 [reactor-http-nio-10] DEBUG o.s.c.c.CharSequenceEncoder - [fcf4d191-5] Writing "59. foo bar"
16:11:19.277 [reactor-http-nio-10] DEBUG o.s.c.c.CharSequenceEncoder - [fcf4d191-5] Writing "60. foo bar"
16:11:19.278 [reactor-http-nio-10] DEBUG o.s.c.c.CharSequenceEncoder - [fcf4d191-5] Writing "61. foo bar"
16:11:19.279 [reactor-http-nio-10] DEBUG o.s.c.c.CharSequenceEncoder - [fcf4d191-5] Writing "62. foo bar"
16:11:19.279 [reactor-http-nio-10] DEBUG o.s.c.c.CharSequenceEncoder - [fcf4d191-5] Writing "63. foo bar"
16:11:19.280 [reactor-http-nio-10] DEBUG o.s.c.c.CharSequenceEncoder - [fcf4d191-5] Writing "64. foo bar"
16:11:19.280 [reactor-http-nio-10] DEBUG o.s.c.c.CharSequenceEncoder - [fcf4d191-5] Writing "65. foo bar"
16:11:19.281 [reactor-http-nio-10] DEBUG o.s.c.c.CharSequenceEncoder - [fcf4d191-5] Writing "66. foo bar"
16:11:19.282 [reactor-http-nio-10] DEBUG o.s.c.c.CharSequenceEncoder - [fcf4d191-5] Writing "67. foo bar"
16:11:19.282 [reactor-http-nio-10] DEBUG o.s.c.c.CharSequenceEncoder - [fcf4d191-5] Writing "68. foo bar"
16:11:19.283 [reactor-http-nio-10] DEBUG o.s.c.c.CharSequenceEncoder - [fcf4d191-5] Writing "69. foo bar"
16:11:19.284 [reactor-http-nio-10] DEBUG o.s.c.c.CharSequenceEncoder - [fcf4d191-5] Writing "70. foo bar"
16:11:19.284 [reactor-http-nio-10] DEBUG o.s.c.c.CharSequenceEncoder - [fcf4d191-5] Writing "71. foo bar"
16:11:19.285 [reactor-http-nio-10] DEBUG o.s.c.c.CharSequenceEncoder - [fcf4d191-5] Writing "72. foo bar"
16:11:19.285 [reactor-http-nio-10] DEBUG o.s.c.c.CharSequenceEncoder - [fcf4d191-5] Writing "73. foo bar"
16:11:19.286 [reactor-http-nio-10] DEBUG o.s.c.c.CharSequenceEncoder - [fcf4d191-5] Writing "74. foo bar"
16:11:19.287 [reactor-http-nio-10] DEBUG o.s.c.c.CharSequenceEncoder - [fcf4d191-5] Writing "75. foo bar"
16:11:19.288 [reactor-http-nio-10] DEBUG o.s.c.c.CharSequenceEncoder - [fcf4d191-5] Writing "76. foo bar"
16:11:19.288 [reactor-http-nio-10] DEBUG o.s.c.c.CharSequenceEncoder - [fcf4d191-5] Writing "77. foo bar"
16:11:19.289 [reactor-http-nio-10] DEBUG o.s.c.c.CharSequenceEncoder - [fcf4d191-5] Writing "78. foo bar"
16:11:19.290 [reactor-http-nio-10] DEBUG o.s.c.c.CharSequenceEncoder - [fcf4d191-5] Writing "79. foo bar"
16:11:19.290 [reactor-http-nio-10] DEBUG o.s.c.c.CharSequenceEncoder - [fcf4d191-5] Writing "80. foo bar"
16:11:19.291 [reactor-http-nio-10] DEBUG o.s.c.c.CharSequenceEncoder - [fcf4d191-5] Writing "81. foo bar"
16:11:19.292 [reactor-http-nio-10] DEBUG o.s.c.c.CharSequenceEncoder - [fcf4d191-5] Writing "82. foo bar"
16:11:19.292 [reactor-http-nio-10] DEBUG o.s.c.c.CharSequenceEncoder - [fcf4d191-5] Writing "83. foo bar"
16:11:19.293 [reactor-http-nio-10] DEBUG o.s.c.c.CharSequenceEncoder - [fcf4d191-5] Writing "84. foo bar"
16:11:19.293 [reactor-http-nio-10] DEBUG o.s.c.c.CharSequenceEncoder - [fcf4d191-5] Writing "85. foo bar"
16:11:19.294 [reactor-http-nio-10] DEBUG o.s.c.c.CharSequenceEncoder - [fcf4d191-5] Writing "86. foo bar"
16:11:19.295 [reactor-http-nio-10] DEBUG o.s.c.c.CharSequenceEncoder - [fcf4d191-5] Writing "87. foo bar"
16:11:19.295 [reactor-http-nio-10] DEBUG o.s.c.c.CharSequenceEncoder - [fcf4d191-5] Writing "88. foo bar"
16:11:19.296 [reactor-http-nio-10] DEBUG o.s.c.c.CharSequenceEncoder - [fcf4d191-5] Writing "89. foo bar"
16:11:19.297 [reactor-http-nio-10] DEBUG o.s.c.c.CharSequenceEncoder - [fcf4d191-5] Writing "90. foo bar"
16:11:19.298 [reactor-http-nio-10] DEBUG o.s.c.c.CharSequenceEncoder - [fcf4d191-5] Writing "91. foo bar"
16:11:19.298 [reactor-http-nio-10] DEBUG o.s.c.c.CharSequenceEncoder - [fcf4d191-5] Writing "92. foo bar"
16:11:19.299 [reactor-http-nio-10] DEBUG o.s.c.c.CharSequenceEncoder - [fcf4d191-5] Writing "93. foo bar"
16:11:19.299 [reactor-http-nio-10] DEBUG o.s.c.c.CharSequenceEncoder - [fcf4d191-5] Writing "94. foo bar"
16:11:19.300 [reactor-http-nio-10] DEBUG o.s.c.c.CharSequenceEncoder - [fcf4d191-5] Writing "95. foo bar"
16:11:19.301 [reactor-http-nio-10] DEBUG o.s.c.c.CharSequenceEncoder - [fcf4d191-5] Writing "96. foo bar"
16:11:19.301 [reactor-http-nio-10] DEBUG o.s.c.c.CharSequenceEncoder - [fcf4d191-5] Writing "97. foo bar"
16:11:19.303 [reactor-http-nio-10] DEBUG o.s.c.c.CharSequenceEncoder - [fcf4d191-5] Writing "98. foo bar"
16:11:19.303 [reactor-http-nio-10] DEBUG o.s.c.c.CharSequenceEncoder - [fcf4d191-5] Writing "99. foo bar"
16:11:19.304 [reactor-http-nio-10] DEBUG o.s.c.c.CharSequenceEncoder - [fcf4d191-5] Writing "100. foo bar"
16:11:19.305 [reactor-http-nio-10] DEBUG o.s.c.c.CharSequenceEncoder - [fcf4d191-5] Writing "101. foo bar"
16:11:19.305 [reactor-http-nio-10] DEBUG o.s.c.c.CharSequenceEncoder - [fcf4d191-5] Writing "102. foo bar"
16:11:19.306 [reactor-http-nio-10] DEBUG o.s.c.c.CharSequenceEncoder - [fcf4d191-5] Writing "103. foo bar"
16:11:19.307 [reactor-http-nio-10] DEBUG o.s.c.c.CharSequenceEncoder - [fcf4d191-5] Writing "104. foo bar"
16:11:19.307 [reactor-http-nio-10] DEBUG o.s.c.c.CharSequenceEncoder - [fcf4d191-5] Writing "105. foo bar"
16:11:19.308 [reactor-http-nio-10] DEBUG o.s.c.c.CharSequenceEncoder - [fcf4d191-5] Writing "106. foo bar"
16:11:19.309 [reactor-http-nio-10] DEBUG o.s.c.c.CharSequenceEncoder - [fcf4d191-5] Writing "107. foo bar"
16:11:19.309 [reactor-http-nio-10] DEBUG o.s.c.c.CharSequenceEncoder - [fcf4d191-5] Writing "108. foo bar"
16:11:19.310 [reactor-http-nio-10] DEBUG o.s.c.c.CharSequenceEncoder - [fcf4d191-5] Writing "109. foo bar"
16:11:19.311 [reactor-http-nio-10] DEBUG o.s.c.c.CharSequenceEncoder - [fcf4d191-5] Writing "110. foo bar"
16:11:19.312 [reactor-http-nio-10] DEBUG o.s.c.c.CharSequenceEncoder - [fcf4d191-5] Writing "111. foo bar"
16:11:19.312 [reactor-http-nio-10] DEBUG o.s.c.c.CharSequenceEncoder - [fcf4d191-5] Writing "112. foo bar"
16:11:19.313 [reactor-http-nio-10] DEBUG o.s.c.c.CharSequenceEncoder - [fcf4d191-5] Writing "113. foo bar"
16:11:19.314 [reactor-http-nio-10] DEBUG o.s.c.c.CharSequenceEncoder - [fcf4d191-5] Writing "114. foo bar"
16:11:19.314 [reactor-http-nio-10] DEBUG o.s.c.c.CharSequenceEncoder - [fcf4d191-5] Writing "115. foo bar"
16:11:19.315 [reactor-http-nio-10] DEBUG o.s.c.c.CharSequenceEncoder - [fcf4d191-5] Writing "116. foo bar"
16:11:19.315 [reactor-http-nio-10] DEBUG o.s.c.c.CharSequenceEncoder - [fcf4d191-5] Writing "117. foo bar"
16:11:19.316 [reactor-http-nio-10] DEBUG o.s.c.c.CharSequenceEncoder - [fcf4d191-5] Writing "118. foo bar"
16:11:19.317 [reactor-http-nio-10] DEBUG o.s.c.c.CharSequenceEncoder - [fcf4d191-5] Writing "119. foo bar"
16:11:19.317 [reactor-http-nio-10] DEBUG o.s.c.c.CharSequenceEncoder - [fcf4d191-5] Writing "120. foo bar"
16:11:19.318 [reactor-http-nio-10] DEBUG o.s.c.c.CharSequenceEncoder - [fcf4d191-5] Writing "121. foo bar"
16:11:19.319 [reactor-http-nio-10] DEBUG o.s.c.c.CharSequenceEncoder - [fcf4d191-5] Writing "122. foo bar"
16:11:19.320 [reactor-http-nio-10] DEBUG o.s.c.c.CharSequenceEncoder - [fcf4d191-5] Writing "123. foo bar"
16:11:19.340 [reactor-http-nio-10] DEBUG o.s.c.c.CharSequenceEncoder - [fcf4d191-5] Writing "124. foo bar"
16:11:19.343 [reactor-http-nio-10] DEBUG o.s.c.c.CharSequenceEncoder - [fcf4d191-5] Writing "125. foo bar"
16:11:19.343 [reactor-http-nio-10] DEBUG o.s.c.c.CharSequenceEncoder - [fcf4d191-5] Writing "126. foo bar"
16:11:19.344 [reactor-http-nio-10] DEBUG o.s.c.c.CharSequenceEncoder - [fcf4d191-5] Writing "127. foo bar"
16:11:19.345 [reactor-http-nio-10] DEBUG o.s.c.c.CharSequenceEncoder - [fcf4d191-5] Writing "128. foo bar"
16:11:19.381 [Test worker] DEBUG o.s.w.c.RestTemplate - Reading to [java.lang.String] as "text/plain;charset=UTF-8"
16:11:19.387 [reactor-http-nio-10] DEBUG o.s.c.c.CharSequenceEncoder - [fcf4d191-5] Writing "129. foo bar"
16:11:19.387 [reactor-http-nio-10] DEBUG o.s.c.c.CharSequenceEncoder - [fcf4d191-5] Writing "130. foo bar"
16:11:19.388 [reactor-http-nio-10] DEBUG o.s.c.c.CharSequenceEncoder - [fcf4d191-5] Writing "131. foo bar"
16:11:19.388 [reactor-http-nio-10] DEBUG o.s.c.c.CharSequenceEncoder - [fcf4d191-5] Writing "132. foo bar"
16:11:19.388 [reactor-http-nio-10] DEBUG o.s.c.c.CharSequenceEncoder - [fcf4d191-5] Writing "133. foo bar"
16:11:19.388 [reactor-http-nio-10] DEBUG o.s.c.c.CharSequenceEncoder - [fcf4d191-5] Writing "134. foo bar"
16:11:19.388 [reactor-http-nio-10] DEBUG o.s.c.c.CharSequenceEncoder - [fcf4d191-5] Writing "135. foo bar"
16:11:19.388 [reactor-http-nio-10] DEBUG o.s.c.c.CharSequenceEncoder - [fcf4d191-5] Writing "136. foo bar"
16:11:19.388 [reactor-http-nio-10] DEBUG o.s.c.c.CharSequenceEncoder - [fcf4d191-5] Writing "137. foo bar"
16:11:19.388 [reactor-http-nio-10] DEBUG o.s.c.c.CharSequenceEncoder - [fcf4d191-5] Writing "138. foo bar"
16:11:19.389 [reactor-http-nio-10] DEBUG o.s.c.c.CharSequenceEncoder - [fcf4d191-5] Writing "139. foo bar"
16:11:19.389 [reactor-http-nio-10] DEBUG o.s.c.c.CharSequenceEncoder - [fcf4d191-5] Writing "140. foo bar"
16:11:19.389 [reactor-http-nio-10] DEBUG o.s.c.c.CharSequenceEncoder - [fcf4d191-5] Writing "141. foo bar"
16:11:19.389 [reactor-http-nio-10] DEBUG o.s.c.c.CharSequenceEncoder - [fcf4d191-5] Writing "142. foo bar"
16:11:19.389 [reactor-http-nio-10] DEBUG o.s.c.c.CharSequenceEncoder - [fcf4d191-5] Writing "143. foo bar"
16:11:19.389 [reactor-http-nio-10] DEBUG o.s.c.c.CharSequenceEncoder - [fcf4d191-5] Writing "144. foo bar"
16:11:19.389 [reactor-http-nio-10] DEBUG o.s.c.c.CharSequenceEncoder - [fcf4d191-5] Writing "145. foo bar"
16:11:19.389 [reactor-http-nio-10] DEBUG o.s.c.c.CharSequenceEncoder - [fcf4d191-5] Writing "146. foo bar"
16:11:19.389 [reactor-http-nio-10] DEBUG o.s.c.c.CharSequenceEncoder - [fcf4d191-5] Writing "147. foo bar"
16:11:19.390 [reactor-http-nio-10] DEBUG o.s.c.c.CharSequenceEncoder - [fcf4d191-5] Writing "148. foo bar"
16:11:19.390 [reactor-http-nio-10] DEBUG o.s.c.c.CharSequenceEncoder - [fcf4d191-5] Writing "149. foo bar"
16:11:19.390 [reactor-http-nio-10] DEBUG o.s.c.c.CharSequenceEncoder - [fcf4d191-5] Writing "150. foo bar"
16:11:19.390 [reactor-http-nio-10] DEBUG o.s.c.c.CharSequenceEncoder - [fcf4d191-5] Writing "151. foo bar"
16:11:19.390 [reactor-http-nio-10] DEBUG o.s.c.c.CharSequenceEncoder - [fcf4d191-5] Writing "152. foo bar"
16:11:19.390 [reactor-http-nio-10] DEBUG o.s.c.c.CharSequenceEncoder - [fcf4d191-5] Writing "153. foo bar"
16:11:19.390 [reactor-http-nio-10] DEBUG o.s.c.c.CharSequenceEncoder - [fcf4d191-5] Writing "154. foo bar"
16:11:19.390 [reactor-http-nio-10] DEBUG o.s.c.c.CharSequenceEncoder - [fcf4d191-5] Writing "155. foo bar"
16:11:19.390 [reactor-http-nio-10] DEBUG o.s.c.c.CharSequenceEncoder - [fcf4d191-5] Writing "156. foo bar"
16:11:19.390 [reactor-http-nio-10] DEBUG o.s.c.c.CharSequenceEncoder - [fcf4d191-5] Writing "157. foo bar"
16:11:19.391 [reactor-http-nio-10] DEBUG o.s.c.c.CharSequenceEncoder - [fcf4d191-5] Writing "158. foo bar"
16:11:19.391 [reactor-http-nio-10] DEBUG o.s.c.c.CharSequenceEncoder - [fcf4d191-5] Writing "159. foo bar"
16:11:19.391 [reactor-http-nio-10] DEBUG o.s.c.c.CharSequenceEncoder - [fcf4d191-5] Writing "160. foo bar"
16:11:19.391 [reactor-http-nio-10] DEBUG o.s.c.c.CharSequenceEncoder - [fcf4d191-5] Writing "161. foo bar"
16:11:19.391 [reactor-http-nio-10] DEBUG o.s.c.c.CharSequenceEncoder - [fcf4d191-5] Writing "162. foo bar"
16:11:19.391 [reactor-http-nio-10] DEBUG o.s.c.c.CharSequenceEncoder - [fcf4d191-5] Writing "163. foo bar"
16:11:19.391 [reactor-http-nio-10] DEBUG o.s.c.c.CharSequenceEncoder - [fcf4d191-5] Writing "164. foo bar"
16:11:19.391 [reactor-http-nio-10] DEBUG o.s.c.c.CharSequenceEncoder - [fcf4d191-5] Writing "165. foo bar"
16:11:19.392 [reactor-http-nio-10] DEBUG o.s.c.c.CharSequenceEncoder - [fcf4d191-5] Writing "166. foo bar"
16:11:19.392 [reactor-http-nio-10] DEBUG o.s.c.c.CharSequenceEncoder - [fcf4d191-5] Writing "167. foo bar"
16:11:19.392 [reactor-http-nio-10] DEBUG o.s.c.c.CharSequenceEncoder - [fcf4d191-5] Writing "168. foo bar"
16:11:19.392 [reactor-http-nio-10] DEBUG o.s.c.c.CharSequenceEncoder - [fcf4d191-5] Writing "169. foo bar"
16:11:19.393 [reactor-http-nio-10] DEBUG o.s.c.c.CharSequenceEncoder - [fcf4d191-5] Writing "170. foo bar"
16:11:19.393 [reactor-http-nio-10] DEBUG o.s.c.c.CharSequenceEncoder - [fcf4d191-5] Writing "171. foo bar"
16:11:19.393 [reactor-http-nio-10] DEBUG o.s.c.c.CharSequenceEncoder - [fcf4d191-5] Writing "172. foo bar"
16:11:19.393 [reactor-http-nio-10] DEBUG o.s.c.c.CharSequenceEncoder - [fcf4d191-5] Writing "173. foo bar"
16:11:19.393 [reactor-http-nio-10] DEBUG o.s.c.c.CharSequenceEncoder - [fcf4d191-5] Writing "174. foo bar"
16:11:19.393 [reactor-http-nio-10] DEBUG o.s.c.c.CharSequenceEncoder - [fcf4d191-5] Writing "175. foo bar"
16:11:19.393 [reactor-http-nio-10] DEBUG o.s.c.c.CharSequenceEncoder - [fcf4d191-5] Writing "176. foo bar"
16:11:19.394 [reactor-http-nio-10] DEBUG o.s.c.c.CharSequenceEncoder - [fcf4d191-5] Writing "177. foo bar"
16:11:19.394 [reactor-http-nio-10] DEBUG o.s.c.c.CharSequenceEncoder - [fcf4d191-5] Writing "178. foo bar"
16:11:19.394 [reactor-http-nio-10] DEBUG o.s.c.c.CharSequenceEncoder - [fcf4d191-5] Writing "179. foo bar"
16:11:19.394 [reactor-http-nio-10] DEBUG o.s.c.c.CharSequenceEncoder - [fcf4d191-5] Writing "180. foo bar"
16:11:19.394 [reactor-http-nio-10] DEBUG o.s.c.c.CharSequenceEncoder - [fcf4d191-5] Writing "181. foo bar"
16:11:19.394 [reactor-http-nio-10] DEBUG o.s.c.c.CharSequenceEncoder - [fcf4d191-5] Writing "182. foo bar"
16:11:19.395 [reactor-http-nio-10] DEBUG o.s.c.c.CharSequenceEncoder - [fcf4d191-5] Writing "183. foo bar"
16:11:19.395 [reactor-http-nio-10] DEBUG o.s.c.c.CharSequenceEncoder - [fcf4d191-5] Writing "184. foo bar"
16:11:19.395 [reactor-http-nio-10] DEBUG o.s.c.c.CharSequenceEncoder - [fcf4d191-5] Writing "185. foo bar"
16:11:19.395 [reactor-http-nio-10] DEBUG o.s.c.c.CharSequenceEncoder - [fcf4d191-5] Writing "186. foo bar"
16:11:19.395 [reactor-http-nio-10] DEBUG o.s.c.c.CharSequenceEncoder - [fcf4d191-5] Writing "187. foo bar"
16:11:19.396 [reactor-http-nio-10] DEBUG o.s.c.c.CharSequenceEncoder - [fcf4d191-5] Writing "188. foo bar"
16:11:19.396 [reactor-http-nio-10] DEBUG o.s.c.c.CharSequenceEncoder - [fcf4d191-5] Writing "189. foo bar"
16:11:19.396 [reactor-http-nio-10] DEBUG o.s.c.c.CharSequenceEncoder - [fcf4d191-5] Writing "190. foo bar"
16:11:19.396 [reactor-http-nio-10] DEBUG o.s.c.c.CharSequenceEncoder - [fcf4d191-5] Writing "191. foo bar"
16:11:19.396 [reactor-http-nio-10] DEBUG o.s.c.c.CharSequenceEncoder - [fcf4d191-5] Writing "192. foo bar"
16:11:19.484 [reactor-http-nio-10] DEBUG o.s.c.c.CharSequenceEncoder - [fcf4d191-5] Writing "193. foo bar"
16:11:19.484 [reactor-http-nio-10] DEBUG o.s.c.c.CharSequenceEncoder - [fcf4d191-5] Writing "194. foo bar"
16:11:19.485 [reactor-http-nio-10] DEBUG o.s.c.c.CharSequenceEncoder - [fcf4d191-5] Writing "195. foo bar"
16:11:19.485 [reactor-http-nio-10] DEBUG o.s.c.c.CharSequenceEncoder - [fcf4d191-5] Writing "196. foo bar"
16:11:19.485 [reactor-http-nio-10] DEBUG o.s.c.c.CharSequenceEncoder - [fcf4d191-5] Writing "197. foo bar"
16:11:19.485 [reactor-http-nio-10] DEBUG o.s.c.c.CharSequenceEncoder - [fcf4d191-5] Writing "198. foo bar"
16:11:19.485 [reactor-http-nio-10] DEBUG o.s.c.c.CharSequenceEncoder - [fcf4d191-5] Writing "199. foo bar"
16:11:19.485 [reactor-http-nio-10] DEBUG o.s.c.c.CharSequenceEncoder - [fcf4d191-5] Writing "200. foo bar"
16:11:19.485 [reactor-http-nio-10] DEBUG o.s.c.c.CharSequenceEncoder - [fcf4d191-5] Writing "201. foo bar"
16:11:19.485 [reactor-http-nio-10] DEBUG o.s.c.c.CharSequenceEncoder - [fcf4d191-5] Writing "202. foo bar"
16:11:19.485 [reactor-http-nio-10] DEBUG o.s.c.c.CharSequenceEncoder - [fcf4d191-5] Writing "203. foo bar"
16:11:19.486 [reactor-http-nio-10] DEBUG o.s.c.c.CharSequenceEncoder - [fcf4d191-5] Writing "204. foo bar"
16:11:19.486 [reactor-http-nio-10] DEBUG o.s.c.c.CharSequenceEncoder - [fcf4d191-5] Writing "205. foo bar"
16:11:19.486 [reactor-http-nio-10] DEBUG o.s.c.c.CharSequenceEncoder - [fcf4d191-5] Writing "206. foo bar"
16:11:19.486 [reactor-http-nio-10] DEBUG o.s.c.c.CharSequenceEncoder - [fcf4d191-5] Writing "207. foo bar"
16:11:19.486 [reactor-http-nio-10] DEBUG o.s.c.c.CharSequenceEncoder - [fcf4d191-5] Writing "208. foo bar"
16:11:19.486 [reactor-http-nio-10] DEBUG o.s.c.c.CharSequenceEncoder - [fcf4d191-5] Writing "209. foo bar"
16:11:19.486 [reactor-http-nio-10] DEBUG o.s.c.c.CharSequenceEncoder - [fcf4d191-5] Writing "210. foo bar"
16:11:19.486 [reactor-http-nio-10] DEBUG o.s.c.c.CharSequenceEncoder - [fcf4d191-5] Writing "211. foo bar"
16:11:19.486 [reactor-http-nio-10] DEBUG o.s.c.c.CharSequenceEncoder - [fcf4d191-5] Writing "212. foo bar"
16:11:19.487 [reactor-http-nio-10] DEBUG o.s.c.c.CharSequenceEncoder - [fcf4d191-5] Writing "213. foo bar"
16:11:19.487 [reactor-http-nio-10] DEBUG o.s.c.c.CharSequenceEncoder - [fcf4d191-5] Writing "214. foo bar"
16:11:19.487 [reactor-http-nio-10] DEBUG o.s.c.c.CharSequenceEncoder - [fcf4d191-5] Writing "215. foo bar"
16:11:19.487 [reactor-http-nio-10] DEBUG o.s.c.c.CharSequenceEncoder - [fcf4d191-5] Writing "216. foo bar"
16:11:19.487 [reactor-http-nio-10] DEBUG o.s.c.c.CharSequenceEncoder - [fcf4d191-5] Writing "217. foo bar"
16:11:19.487 [reactor-http-nio-10] DEBUG o.s.c.c.CharSequenceEncoder - [fcf4d191-5] Writing "218. foo bar"
16:11:19.487 [reactor-http-nio-10] DEBUG o.s.c.c.CharSequenceEncoder - [fcf4d191-5] Writing "219. foo bar"
16:11:19.487 [reactor-http-nio-10] DEBUG o.s.c.c.CharSequenceEncoder - [fcf4d191-5] Writing "220. foo bar"
16:11:19.487 [reactor-http-nio-10] DEBUG o.s.c.c.CharSequenceEncoder - [fcf4d191-5] Writing "221. foo bar"
16:11:19.488 [reactor-http-nio-10] DEBUG o.s.c.c.CharSequenceEncoder - [fcf4d191-5] Writing "222. foo bar"
16:11:19.488 [reactor-http-nio-10] DEBUG o.s.c.c.CharSequenceEncoder - [fcf4d191-5] Writing "223. foo bar"
16:11:19.488 [reactor-http-nio-10] DEBUG o.s.c.c.CharSequenceEncoder - [fcf4d191-5] Writing "224. foo bar"
16:11:19.488 [reactor-http-nio-10] DEBUG o.s.c.c.CharSequenceEncoder - [fcf4d191-5] Writing "225. foo bar"
16:11:19.488 [reactor-http-nio-10] DEBUG o.s.c.c.CharSequenceEncoder - [fcf4d191-5] Writing "226. foo bar"
16:11:19.488 [reactor-http-nio-10] DEBUG o.s.c.c.CharSequenceEncoder - [fcf4d191-5] Writing "227. foo bar"
16:11:19.488 [reactor-http-nio-10] DEBUG o.s.c.c.CharSequenceEncoder - [fcf4d191-5] Writing "228. foo bar"
16:11:19.488 [reactor-http-nio-10] DEBUG o.s.c.c.CharSequenceEncoder - [fcf4d191-5] Writing "229. foo bar"
16:11:19.488 [reactor-http-nio-10] DEBUG o.s.c.c.CharSequenceEncoder - [fcf4d191-5] Writing "230. foo bar"
16:11:19.488 [reactor-http-nio-10] DEBUG o.s.c.c.CharSequenceEncoder - [fcf4d191-5] Writing "231. foo bar"
16:11:19.489 [reactor-http-nio-10] DEBUG o.s.c.c.CharSequenceEncoder - [fcf4d191-5] Writing "232. foo bar"
16:11:19.489 [reactor-http-nio-10] DEBUG o.s.c.c.CharSequenceEncoder - [fcf4d191-5] Writing "233. foo bar"
16:11:19.489 [reactor-http-nio-10] DEBUG o.s.c.c.CharSequenceEncoder - [fcf4d191-5] Writing "234. foo bar"
16:11:19.489 [reactor-http-nio-10] DEBUG o.s.c.c.CharSequenceEncoder - [fcf4d191-5] Writing "235. foo bar"
16:11:19.489 [reactor-http-nio-10] DEBUG o.s.c.c.CharSequenceEncoder - [fcf4d191-5] Writing "236. foo bar"
16:11:19.489 [reactor-http-nio-10] DEBUG o.s.c.c.CharSequenceEncoder - [fcf4d191-5] Writing "237. foo bar"
16:11:19.489 [reactor-http-nio-10] DEBUG o.s.c.c.CharSequenceEncoder - [fcf4d191-5] Writing "238. foo bar"
16:11:19.489 [reactor-http-nio-10] DEBUG o.s.c.c.CharSequenceEncoder - [fcf4d191-5] Writing "239. foo bar"
16:11:19.489 [reactor-http-nio-10] DEBUG o.s.c.c.CharSequenceEncoder - [fcf4d191-5] Writing "240. foo bar"
16:11:19.489 [reactor-http-nio-10] DEBUG o.s.c.c.CharSequenceEncoder - [fcf4d191-5] Writing "241. foo bar"
16:11:19.490 [reactor-http-nio-10] DEBUG o.s.c.c.CharSequenceEncoder - [fcf4d191-5] Writing "242. foo bar"
16:11:19.490 [reactor-http-nio-10] DEBUG o.s.c.c.CharSequenceEncoder - [fcf4d191-5] Writing "243. foo bar"
16:11:19.490 [reactor-http-nio-10] DEBUG o.s.c.c.CharSequenceEncoder - [fcf4d191-5] Writing "244. foo bar"
16:11:19.490 [reactor-http-nio-10] DEBUG o.s.c.c.CharSequenceEncoder - [fcf4d191-5] Writing "245. foo bar"
16:11:19.490 [reactor-http-nio-10] DEBUG o.s.c.c.CharSequenceEncoder - [fcf4d191-5] Writing "246. foo bar"
16:11:19.490 [reactor-http-nio-10] DEBUG o.s.c.c.CharSequenceEncoder - [fcf4d191-5] Writing "247. foo bar"
16:11:19.490 [reactor-http-nio-10] DEBUG o.s.c.c.CharSequenceEncoder - [fcf4d191-5] Writing "248. foo bar"
16:11:19.490 [reactor-http-nio-10] DEBUG o.s.c.c.CharSequenceEncoder - [fcf4d191-5] Writing "249. foo bar"
16:11:19.490 [reactor-http-nio-10] DEBUG o.s.c.c.CharSequenceEncoder - [fcf4d191-5] Writing "250. foo bar"
16:11:19.491 [reactor-http-nio-10] DEBUG o.s.c.c.CharSequenceEncoder - [fcf4d191-5] Writing "251. foo bar"
16:11:19.491 [reactor-http-nio-10] DEBUG o.s.c.c.CharSequenceEncoder - [fcf4d191-5] Writing "252. foo bar"
16:11:19.491 [reactor-http-nio-10] DEBUG o.s.c.c.CharSequenceEncoder - [fcf4d191-5] Writing "253. foo bar"
16:11:19.491 [reactor-http-nio-10] DEBUG o.s.c.c.CharSequenceEncoder - [fcf4d191-5] Writing "254. foo bar"
16:11:19.508 [reactor-http-nio-10] DEBUG o.s.c.c.CharSequenceEncoder - [fcf4d191-5] Writing "255. foo bar"
16:11:19.509 [reactor-http-nio-10] DEBUG o.s.c.c.CharSequenceEncoder - [fcf4d191-5] Writing "256. foo bar"
16:11:19.579 [reactor-http-nio-10] DEBUG o.s.c.c.CharSequenceEncoder - [fcf4d191-5] Writing "257. foo bar"
16:11:19.579 [reactor-http-nio-10] DEBUG o.s.c.c.CharSequenceEncoder - [fcf4d191-5] Writing "258. foo bar"
16:11:19.579 [reactor-http-nio-10] DEBUG o.s.c.c.CharSequenceEncoder - [fcf4d191-5] Writing "259. foo bar"
16:11:19.579 [reactor-http-nio-10] DEBUG o.s.c.c.CharSequenceEncoder - [fcf4d191-5] Writing "260. foo bar"
16:11:19.580 [reactor-http-nio-10] DEBUG o.s.c.c.CharSequenceEncoder - [fcf4d191-5] Writing "261. foo bar"
16:11:19.580 [reactor-http-nio-10] DEBUG o.s.c.c.CharSequenceEncoder - [fcf4d191-5] Writing "262. foo bar"
16:11:19.580 [reactor-http-nio-10] DEBUG o.s.c.c.CharSequenceEncoder - [fcf4d191-5] Writing "263. foo bar"
16:11:19.580 [reactor-http-nio-10] DEBUG o.s.c.c.CharSequenceEncoder - [fcf4d191-5] Writing "264. foo bar"
16:11:19.580 [reactor-http-nio-10] DEBUG o.s.c.c.CharSequenceEncoder - [fcf4d191-5] Writing "265. foo bar"
16:11:19.580 [reactor-http-nio-10] DEBUG o.s.c.c.CharSequenceEncoder - [fcf4d191-5] Writing "266. foo bar"
16:11:19.580 [reactor-http-nio-10] DEBUG o.s.c.c.CharSequenceEncoder - [fcf4d191-5] Writing "267. foo bar"
16:11:19.580 [reactor-http-nio-10] DEBUG o.s.c.c.CharSequenceEncoder - [fcf4d191-5] Writing "268. foo bar"
16:11:19.580 [reactor-http-nio-10] DEBUG o.s.c.c.CharSequenceEncoder - [fcf4d191-5] Writing "269. foo bar"
16:11:19.580 [reactor-http-nio-10] DEBUG o.s.c.c.CharSequenceEncoder - [fcf4d191-5] Writing "270. foo bar"
16:11:19.581 [reactor-http-nio-10] DEBUG o.s.c.c.CharSequenceEncoder - [fcf4d191-5] Writing "271. foo bar"
16:11:19.581 [reactor-http-nio-10] DEBUG o.s.c.c.CharSequenceEncoder - [fcf4d191-5] Writing "272. foo bar"
16:11:19.581 [reactor-http-nio-10] DEBUG o.s.c.c.CharSequenceEncoder - [fcf4d191-5] Writing "273. foo bar"
16:11:19.581 [reactor-http-nio-10] DEBUG o.s.c.c.CharSequenceEncoder - [fcf4d191-5] Writing "274. foo bar"
16:11:19.581 [reactor-http-nio-10] DEBUG o.s.c.c.CharSequenceEncoder - [fcf4d191-5] Writing "275. foo bar"
16:11:19.581 [reactor-http-nio-10] DEBUG o.s.c.c.CharSequenceEncoder - [fcf4d191-5] Writing "276. foo bar"
16:11:19.581 [reactor-http-nio-10] DEBUG o.s.c.c.CharSequenceEncoder - [fcf4d191-5] Writing "277. foo bar"
16:11:19.581 [reactor-http-nio-10] DEBUG o.s.c.c.CharSequenceEncoder - [fcf4d191-5] Writing "278. foo bar"
16:11:19.581 [reactor-http-nio-10] DEBUG o.s.c.c.CharSequenceEncoder - [fcf4d191-5] Writing "279. foo bar"
16:11:19.581 [reactor-http-nio-10] DEBUG o.s.c.c.CharSequenceEncoder - [fcf4d191-5] Writing "280. foo bar"
16:11:19.581 [reactor-http-nio-10] DEBUG o.s.c.c.CharSequenceEncoder - [fcf4d191-5] Writing "281. foo bar"
16:11:19.582 [reactor-http-nio-10] DEBUG o.s.c.c.CharSequenceEncoder - [fcf4d191-5] Writing "282. foo bar"
16:11:19.582 [reactor-http-nio-10] DEBUG o.s.c.c.CharSequenceEncoder - [fcf4d191-5] Writing "283. foo bar"
16:11:19.582 [reactor-http-nio-10] DEBUG o.s.c.c.CharSequenceEncoder - [fcf4d191-5] Writing "284. foo bar"
16:11:19.582 [reactor-http-nio-10] DEBUG o.s.c.c.CharSequenceEncoder - [fcf4d191-5] Writing "285. foo bar"
16:11:19.582 [reactor-http-nio-10] DEBUG o.s.c.c.CharSequenceEncoder - [fcf4d191-5] Writing "286. foo bar"
16:11:19.582 [reactor-http-nio-10] DEBUG o.s.c.c.CharSequenceEncoder - [fcf4d191-5] Writing "287. foo bar"
16:11:19.582 [reactor-http-nio-10] DEBUG o.s.c.c.CharSequenceEncoder - [fcf4d191-5] Writing "288. foo bar"
16:11:19.582 [reactor-http-nio-10] DEBUG o.s.c.c.CharSequenceEncoder - [fcf4d191-5] Writing "289. foo bar"
16:11:19.582 [reactor-http-nio-10] DEBUG o.s.c.c.CharSequenceEncoder - [fcf4d191-5] Writing "290. foo bar"
16:11:19.582 [reactor-http-nio-10] DEBUG o.s.c.c.CharSequenceEncoder - [fcf4d191-5] Writing "291. foo bar"
16:11:19.582 [reactor-http-nio-10] DEBUG o.s.c.c.CharSequenceEncoder - [fcf4d191-5] Writing "292. foo bar"
16:11:19.583 [reactor-http-nio-10] DEBUG o.s.c.c.CharSequenceEncoder - [fcf4d191-5] Writing "293. foo bar"
16:11:19.583 [reactor-http-nio-10] DEBUG o.s.c.c.CharSequenceEncoder - [fcf4d191-5] Writing "294. foo bar"
16:11:19.583 [reactor-http-nio-10] DEBUG o.s.c.c.CharSequenceEncoder - [fcf4d191-5] Writing "295. foo bar"
16:11:19.583 [reactor-http-nio-10] DEBUG o.s.c.c.CharSequenceEncoder - [fcf4d191-5] Writing "296. foo bar"
16:11:19.583 [reactor-http-nio-10] DEBUG o.s.c.c.CharSequenceEncoder - [fcf4d191-5] Writing "297. foo bar"
16:11:19.583 [reactor-http-nio-10] DEBUG o.s.c.c.CharSequenceEncoder - [fcf4d191-5] Writing "298. foo bar"
16:11:19.583 [reactor-http-nio-10] DEBUG o.s.c.c.CharSequenceEncoder - [fcf4d191-5] Writing "299. foo bar"
16:11:19.583 [reactor-http-nio-10] DEBUG o.s.c.c.CharSequenceEncoder - [fcf4d191-5] Writing "300. foo bar"
16:11:19.583 [reactor-http-nio-10] DEBUG o.s.c.c.CharSequenceEncoder - [fcf4d191-5] Writing "301. foo bar"
16:11:19.583 [reactor-http-nio-10] DEBUG o.s.c.c.CharSequenceEncoder - [fcf4d191-5] Writing "302. foo bar"
16:11:19.584 [reactor-http-nio-10] DEBUG o.s.c.c.CharSequenceEncoder - [fcf4d191-5] Writing "303. foo bar"
16:11:19.584 [reactor-http-nio-10] DEBUG o.s.c.c.CharSequenceEncoder - [fcf4d191-5] Writing "304. foo bar"
16:11:19.598 [reactor-http-nio-10] DEBUG o.s.c.c.CharSequenceEncoder - [fcf4d191-5] Writing "305. foo bar"
16:11:19.598 [reactor-http-nio-10] DEBUG o.s.c.c.CharSequenceEncoder - [fcf4d191-5] Writing "306. foo bar"
16:11:19.598 [reactor-http-nio-10] DEBUG o.s.c.c.CharSequenceEncoder - [fcf4d191-5] Writing "307. foo bar"
16:11:19.598 [reactor-http-nio-10] DEBUG o.s.c.c.CharSequenceEncoder - [fcf4d191-5] Writing "308. foo bar"
16:11:19.598 [reactor-http-nio-10] DEBUG o.s.c.c.CharSequenceEncoder - [fcf4d191-5] Writing "309. foo bar"
16:11:19.598 [reactor-http-nio-10] DEBUG o.s.c.c.CharSequenceEncoder - [fcf4d191-5] Writing "310. foo bar"
16:11:19.598 [reactor-http-nio-10] DEBUG o.s.c.c.CharSequenceEncoder - [fcf4d191-5] Writing "311. foo bar"
16:11:19.598 [reactor-http-nio-10] DEBUG o.s.c.c.CharSequenceEncoder - [fcf4d191-5] Writing "312. foo bar"
16:11:19.599 [reactor-http-nio-10] DEBUG o.s.c.c.CharSequenceEncoder - [fcf4d191-5] Writing "313. foo bar"
16:11:19.599 [reactor-http-nio-10] DEBUG o.s.c.c.CharSequenceEncoder - [fcf4d191-5] Writing "314. foo bar"
16:11:19.599 [reactor-http-nio-10] DEBUG o.s.c.c.CharSequenceEncoder - [fcf4d191-5] Writing "315. foo bar"
16:11:19.599 [reactor-http-nio-10] DEBUG o.s.c.c.CharSequenceEncoder - [fcf4d191-5] Writing "316. foo bar"
16:11:19.601 [reactor-http-nio-10] DEBUG o.s.c.c.CharSequenceEncoder - [fcf4d191-5] Writing "317. foo bar"
16:11:19.601 [reactor-http-nio-10] DEBUG o.s.c.c.CharSequenceEncoder - [fcf4d191-5] Writing "318. foo bar"
16:11:19.601 [reactor-http-nio-10] DEBUG o.s.c.c.CharSequenceEncoder - [fcf4d191-5] Writing "319. foo bar"
16:11:19.601 [reactor-http-nio-10] DEBUG o.s.c.c.CharSequenceEncoder - [fcf4d191-5] Writing "320. foo bar"
16:11:19.660 [reactor-http-nio-10] DEBUG o.s.c.c.CharSequenceEncoder - [fcf4d191-5] Writing "321. foo bar"
16:11:19.661 [reactor-http-nio-10] DEBUG o.s.c.c.CharSequenceEncoder - [fcf4d191-5] Writing "322. foo bar"
16:11:19.661 [reactor-http-nio-10] DEBUG o.s.c.c.CharSequenceEncoder - [fcf4d191-5] Writing "323. foo bar"
16:11:19.661 [reactor-http-nio-10] DEBUG o.s.c.c.CharSequenceEncoder - [fcf4d191-5] Writing "324. foo bar"
16:11:19.661 [reactor-http-nio-10] DEBUG o.s.c.c.CharSequenceEncoder - [fcf4d191-5] Writing "325. foo bar"
16:11:19.661 [reactor-http-nio-10] DEBUG o.s.c.c.CharSequenceEncoder - [fcf4d191-5] Writing "326. foo bar"
16:11:19.661 [reactor-http-nio-10] DEBUG o.s.c.c.CharSequenceEncoder - [fcf4d191-5] Writing "327. foo bar"
16:11:19.661 [reactor-http-nio-10] DEBUG o.s.c.c.CharSequenceEncoder - [fcf4d191-5] Writing "328. foo bar"
16:11:19.661 [reactor-http-nio-10] DEBUG o.s.c.c.CharSequenceEncoder - [fcf4d191-5] Writing "329. foo bar"
16:11:19.661 [reactor-http-nio-10] DEBUG o.s.c.c.CharSequenceEncoder - [fcf4d191-5] Writing "330. foo bar"
16:11:19.661 [reactor-http-nio-10] DEBUG o.s.c.c.CharSequenceEncoder - [fcf4d191-5] Writing "331. foo bar"
16:11:19.661 [reactor-http-nio-10] DEBUG o.s.c.c.CharSequenceEncoder - [fcf4d191-5] Writing "332. foo bar"
16:11:19.661 [reactor-http-nio-10] DEBUG o.s.c.c.CharSequenceEncoder - [fcf4d191-5] Writing "333. foo bar"
16:11:19.662 [reactor-http-nio-10] DEBUG o.s.c.c.CharSequenceEncoder - [fcf4d191-5] Writing "334. foo bar"
16:11:19.662 [reactor-http-nio-10] DEBUG o.s.c.c.CharSequenceEncoder - [fcf4d191-5] Writing "335. foo bar"
16:11:19.662 [reactor-http-nio-10] DEBUG o.s.c.c.CharSequenceEncoder - [fcf4d191-5] Writing "336. foo bar"
16:11:19.662 [reactor-http-nio-10] DEBUG o.s.c.c.CharSequenceEncoder - [fcf4d191-5] Writing "337. foo bar"
16:11:19.662 [reactor-http-nio-10] DEBUG o.s.c.c.CharSequenceEncoder - [fcf4d191-5] Writing "338. foo bar"
16:11:19.662 [reactor-http-nio-10] DEBUG o.s.c.c.CharSequenceEncoder - [fcf4d191-5] Writing "339. foo bar"
16:11:19.662 [reactor-http-nio-10] DEBUG o.s.c.c.CharSequenceEncoder - [fcf4d191-5] Writing "340. foo bar"
16:11:19.662 [reactor-http-nio-10] DEBUG o.s.c.c.CharSequenceEncoder - [fcf4d191-5] Writing "341. foo bar"
16:11:19.662 [reactor-http-nio-10] DEBUG o.s.c.c.CharSequenceEncoder - [fcf4d191-5] Writing "342. foo bar"
16:11:19.662 [reactor-http-nio-10] DEBUG o.s.c.c.CharSequenceEncoder - [fcf4d191-5] Writing "343. foo bar"
16:11:19.663 [reactor-http-nio-10] DEBUG o.s.c.c.CharSequenceEncoder - [fcf4d191-5] Writing "344. foo bar"
16:11:19.663 [reactor-http-nio-10] DEBUG o.s.c.c.CharSequenceEncoder - [fcf4d191-5] Writing "345. foo bar"
16:11:19.663 [reactor-http-nio-10] DEBUG o.s.c.c.CharSequenceEncoder - [fcf4d191-5] Writing "346. foo bar"
16:11:19.663 [reactor-http-nio-10] DEBUG o.s.c.c.CharSequenceEncoder - [fcf4d191-5] Writing "347. foo bar"
16:11:19.663 [reactor-http-nio-10] DEBUG o.s.c.c.CharSequenceEncoder - [fcf4d191-5] Writing "348. foo bar"
16:11:19.663 [reactor-http-nio-10] DEBUG o.s.c.c.CharSequenceEncoder - [fcf4d191-5] Writing "349. foo bar"
16:11:19.663 [reactor-http-nio-10] DEBUG o.s.c.c.CharSequenceEncoder - [fcf4d191-5] Writing "350. foo bar"
16:11:19.663 [reactor-http-nio-10] DEBUG o.s.c.c.CharSequenceEncoder - [fcf4d191-5] Writing "351. foo bar"
16:11:19.663 [reactor-http-nio-10] DEBUG o.s.c.c.CharSequenceEncoder - [fcf4d191-5] Writing "352. foo bar"
16:11:19.663 [reactor-http-nio-10] DEBUG o.s.c.c.CharSequenceEncoder - [fcf4d191-5] Writing "353. foo bar"
16:11:19.663 [reactor-http-nio-10] DEBUG o.s.c.c.CharSequenceEncoder - [fcf4d191-5] Writing "354. foo bar"
16:11:19.664 [reactor-http-nio-10] DEBUG o.s.c.c.CharSequenceEncoder - [fcf4d191-5] Writing "355. foo bar"
16:11:19.664 [reactor-http-nio-10] DEBUG o.s.c.c.CharSequenceEncoder - [fcf4d191-5] Writing "356. foo bar"
16:11:19.664 [reactor-http-nio-10] DEBUG o.s.c.c.CharSequenceEncoder - [fcf4d191-5] Writing "357. foo bar"
16:11:19.664 [reactor-http-nio-10] DEBUG o.s.c.c.CharSequenceEncoder - [fcf4d191-5] Writing "358. foo bar"
16:11:19.664 [reactor-http-nio-10] DEBUG o.s.c.c.CharSequenceEncoder - [fcf4d191-5] Writing "359. foo bar"
16:11:19.664 [reactor-http-nio-10] DEBUG o.s.c.c.CharSequenceEncoder - [fcf4d191-5] Writing "360. foo bar"
16:11:19.664 [reactor-http-nio-10] DEBUG o.s.c.c.CharSequenceEncoder - [fcf4d191-5] Writing "361. foo bar"
16:11:19.664 [reactor-http-nio-10] DEBUG o.s.c.c.CharSequenceEncoder - [fcf4d191-5] Writing "362. foo bar"
16:11:19.664 [reactor-http-nio-10] DEBUG o.s.c.c.CharSequenceEncoder - [fcf4d191-5] Writing "363. foo bar"
16:11:19.664 [reactor-http-nio-10] DEBUG o.s.c.c.CharSequenceEncoder - [fcf4d191-5] Writing "364. foo bar"
16:11:19.664 [reactor-http-nio-10] DEBUG o.s.c.c.CharSequenceEncoder - [fcf4d191-5] Writing "365. foo bar"
16:11:19.664 [reactor-http-nio-10] DEBUG o.s.c.c.CharSequenceEncoder - [fcf4d191-5] Writing "366. foo bar"
16:11:19.665 [reactor-http-nio-10] DEBUG o.s.c.c.CharSequenceEncoder - [fcf4d191-5] Writing "367. foo bar"
16:11:19.665 [reactor-http-nio-10] DEBUG o.s.c.c.CharSequenceEncoder - [fcf4d191-5] Writing "368. foo bar"
16:11:19.665 [reactor-http-nio-10] DEBUG o.s.c.c.CharSequenceEncoder - [fcf4d191-5] Writing "369. foo bar"
16:11:19.665 [reactor-http-nio-10] DEBUG o.s.c.c.CharSequenceEncoder - [fcf4d191-5] Writing "370. foo bar"
16:11:19.665 [reactor-http-nio-10] DEBUG o.s.c.c.CharSequenceEncoder - [fcf4d191-5] Writing "371. foo bar"
16:11:19.665 [reactor-http-nio-10] DEBUG o.s.c.c.CharSequenceEncoder - [fcf4d191-5] Writing "372. foo bar"
16:11:19.665 [reactor-http-nio-10] DEBUG o.s.c.c.CharSequenceEncoder - [fcf4d191-5] Writing "373. foo bar"
16:11:19.665 [reactor-http-nio-10] DEBUG o.s.c.c.CharSequenceEncoder - [fcf4d191-5] Writing "374. foo bar"
16:11:19.665 [reactor-http-nio-10] DEBUG o.s.c.c.CharSequenceEncoder - [fcf4d191-5] Writing "375. foo bar"
16:11:19.665 [reactor-http-nio-10] DEBUG o.s.c.c.CharSequenceEncoder - [fcf4d191-5] Writing "376. foo bar"
16:11:19.665 [reactor-http-nio-10] DEBUG o.s.c.c.CharSequenceEncoder - [fcf4d191-5] Writing "377. foo bar"
16:11:19.665 [reactor-http-nio-10] DEBUG o.s.c.c.CharSequenceEncoder - [fcf4d191-5] Writing "378. foo bar"
16:11:19.665 [reactor-http-nio-10] DEBUG o.s.c.c.CharSequenceEncoder - [fcf4d191-5] Writing "379. foo bar"
16:11:19.665 [reactor-http-nio-10] DEBUG o.s.c.c.CharSequenceEncoder - [fcf4d191-5] Writing "380. foo bar"
16:11:19.666 [reactor-http-nio-10] DEBUG o.s.c.c.CharSequenceEncoder - [fcf4d191-5] Writing "381. foo bar"
16:11:19.666 [reactor-http-nio-10] DEBUG o.s.c.c.CharSequenceEncoder - [fcf4d191-5] Writing "382. foo bar"
16:11:19.666 [reactor-http-nio-10] DEBUG o.s.c.c.CharSequenceEncoder - [fcf4d191-5] Writing "383. foo bar"
16:11:19.666 [reactor-http-nio-10] DEBUG o.s.c.c.CharSequenceEncoder - [fcf4d191-5] Writing "384. foo bar"
16:11:19.726 [reactor-http-nio-10] DEBUG o.s.c.c.CharSequenceEncoder - [fcf4d191-5] Writing "385. foo bar"
16:11:19.726 [reactor-http-nio-10] DEBUG o.s.c.c.CharSequenceEncoder - [fcf4d191-5] Writing "386. foo bar"
16:11:19.727 [reactor-http-nio-10] DEBUG o.s.c.c.CharSequenceEncoder - [fcf4d191-5] Writing "387. foo bar"
16:11:19.727 [reactor-http-nio-10] DEBUG o.s.c.c.CharSequenceEncoder - [fcf4d191-5] Writing "388. foo bar"
16:11:19.727 [reactor-http-nio-10] DEBUG o.s.c.c.CharSequenceEncoder - [fcf4d191-5] Writing "389. foo bar"
16:11:19.727 [reactor-http-nio-10] DEBUG o.s.c.c.CharSequenceEncoder - [fcf4d191-5] Writing "390. foo bar"
16:11:19.727 [reactor-http-nio-10] DEBUG o.s.c.c.CharSequenceEncoder - [fcf4d191-5] Writing "391. foo bar"
16:11:19.727 [reactor-http-nio-10] DEBUG o.s.c.c.CharSequenceEncoder - [fcf4d191-5] Writing "392. foo bar"
16:11:19.727 [reactor-http-nio-10] DEBUG o.s.c.c.CharSequenceEncoder - [fcf4d191-5] Writing "393. foo bar"
16:11:19.727 [reactor-http-nio-10] DEBUG o.s.c.c.CharSequenceEncoder - [fcf4d191-5] Writing "394. foo bar"
16:11:19.727 [reactor-http-nio-10] DEBUG o.s.c.c.CharSequenceEncoder - [fcf4d191-5] Writing "395. foo bar"
16:11:19.727 [reactor-http-nio-10] DEBUG o.s.c.c.CharSequenceEncoder - [fcf4d191-5] Writing "396. foo bar"
16:11:19.727 [reactor-http-nio-10] DEBUG o.s.c.c.CharSequenceEncoder - [fcf4d191-5] Writing "397. foo bar"
16:11:19.727 [reactor-http-nio-10] DEBUG o.s.c.c.CharSequenceEncoder - [fcf4d191-5] Writing "398. foo bar"
16:11:19.728 [reactor-http-nio-10] DEBUG o.s.c.c.CharSequenceEncoder - [fcf4d191-5] Writing "399. foo bar"
16:11:19.728 [reactor-http-nio-10] DEBUG o.s.c.c.CharSequenceEncoder - [fcf4d191-5] Writing "400. foo bar"
16:11:19.728 [reactor-http-nio-10] DEBUG o.s.c.c.CharSequenceEncoder - [fcf4d191-5] Writing "401. foo bar"
16:11:19.728 [reactor-http-nio-10] DEBUG o.s.c.c.CharSequenceEncoder - [fcf4d191-5] Writing "402. foo bar"
16:11:19.728 [reactor-http-nio-10] DEBUG o.s.c.c.CharSequenceEncoder - [fcf4d191-5] Writing "403. foo bar"
16:11:19.728 [reactor-http-nio-10] DEBUG o.s.c.c.CharSequenceEncoder - [fcf4d191-5] Writing "404. foo bar"
16:11:19.728 [reactor-http-nio-10] DEBUG o.s.c.c.CharSequenceEncoder - [fcf4d191-5] Writing "405. foo bar"
16:11:19.728 [reactor-http-nio-10] DEBUG o.s.c.c.CharSequenceEncoder - [fcf4d191-5] Writing "406. foo bar"
16:11:19.728 [reactor-http-nio-10] DEBUG o.s.c.c.CharSequenceEncoder - [fcf4d191-5] Writing "407. foo bar"
16:11:19.728 [reactor-http-nio-10] DEBUG o.s.c.c.CharSequenceEncoder - [fcf4d191-5] Writing "408. foo bar"
16:11:19.728 [reactor-http-nio-10] DEBUG o.s.c.c.CharSequenceEncoder - [fcf4d191-5] Writing "409. foo bar"
16:11:19.728 [reactor-http-nio-10] DEBUG o.s.c.c.CharSequenceEncoder - [fcf4d191-5] Writing "410. foo bar"
16:11:19.728 [reactor-http-nio-10] DEBUG o.s.c.c.CharSequenceEncoder - [fcf4d191-5] Writing "411. foo bar"
16:11:19.729 [reactor-http-nio-10] DEBUG o.s.c.c.CharSequenceEncoder - [fcf4d191-5] Writing "412. foo bar"
16:11:19.729 [reactor-http-nio-10] DEBUG o.s.c.c.CharSequenceEncoder - [fcf4d191-5] Writing "413. foo bar"
16:11:19.729 [reactor-http-nio-10] DEBUG o.s.c.c.CharSequenceEncoder - [fcf4d191-5] Writing "414. foo bar"
16:11:19.729 [reactor-http-nio-10] DEBUG o.s.c.c.CharSequenceEncoder - [fcf4d191-5] Writing "415. foo bar"
16:11:19.729 [reactor-http-nio-10] DEBUG o.s.c.c.CharSequenceEncoder - [fcf4d191-5] Writing "416. foo bar"
16:11:19.729 [reactor-http-nio-10] DEBUG o.s.c.c.CharSequenceEncoder - [fcf4d191-5] Writing "417. foo bar"
16:11:19.729 [reactor-http-nio-10] DEBUG o.s.c.c.CharSequenceEncoder - [fcf4d191-5] Writing "418. foo bar"
16:11:19.729 [reactor-http-nio-10] DEBUG o.s.c.c.CharSequenceEncoder - [fcf4d191-5] Writing "419. foo bar"
16:11:19.729 [reactor-http-nio-10] DEBUG o.s.c.c.CharSequenceEncoder - [fcf4d191-5] Writing "420. foo bar"
16:11:19.729 [reactor-http-nio-10] DEBUG o.s.c.c.CharSequenceEncoder - [fcf4d191-5] Writing "421. foo bar"
16:11:19.729 [reactor-http-nio-10] DEBUG o.s.c.c.CharSequenceEncoder - [fcf4d191-5] Writing "422. foo bar"
16:11:19.729 [reactor-http-nio-10] DEBUG o.s.c.c.CharSequenceEncoder - [fcf4d191-5] Writing "423. foo bar"
16:11:19.729 [reactor-http-nio-10] DEBUG o.s.c.c.CharSequenceEncoder - [fcf4d191-5] Writing "424. foo bar"
16:11:19.729 [reactor-http-nio-10] DEBUG o.s.c.c.CharSequenceEncoder - [fcf4d191-5] Writing "425. foo bar"
16:11:19.730 [reactor-http-nio-10] DEBUG o.s.c.c.CharSequenceEncoder - [fcf4d191-5] Writing "426. foo bar"
16:11:19.730 [reactor-http-nio-10] DEBUG o.s.c.c.CharSequenceEncoder - [fcf4d191-5] Writing "427. foo bar"
16:11:19.730 [reactor-http-nio-10] DEBUG o.s.c.c.CharSequenceEncoder - [fcf4d191-5] Writing "428. foo bar"
16:11:19.730 [reactor-http-nio-10] DEBUG o.s.c.c.CharSequenceEncoder - [fcf4d191-5] Writing "429. foo bar"
16:11:19.730 [reactor-http-nio-10] DEBUG o.s.c.c.CharSequenceEncoder - [fcf4d191-5] Writing "430. foo bar"
16:11:19.730 [reactor-http-nio-10] DEBUG o.s.c.c.CharSequenceEncoder - [fcf4d191-5] Writing "431. foo bar"
16:11:19.730 [reactor-http-nio-10] DEBUG o.s.c.c.CharSequenceEncoder - [fcf4d191-5] Writing "432. foo bar"
16:11:19.730 [reactor-http-nio-10] DEBUG o.s.c.c.CharSequenceEncoder - [fcf4d191-5] Writing "433. foo bar"
16:11:19.730 [reactor-http-nio-10] DEBUG o.s.c.c.CharSequenceEncoder - [fcf4d191-5] Writing "434. foo bar"
16:11:19.730 [reactor-http-nio-10] DEBUG o.s.c.c.CharSequenceEncoder - [fcf4d191-5] Writing "435. foo bar"
16:11:19.730 [reactor-http-nio-10] DEBUG o.s.c.c.CharSequenceEncoder - [fcf4d191-5] Writing "436. foo bar"
16:11:19.730 [reactor-http-nio-10] DEBUG o.s.c.c.CharSequenceEncoder - [fcf4d191-5] Writing "437. foo bar"
16:11:19.730 [reactor-http-nio-10] DEBUG o.s.c.c.CharSequenceEncoder - [fcf4d191-5] Writing "438. foo bar"
16:11:19.731 [reactor-http-nio-10] DEBUG o.s.c.c.CharSequenceEncoder - [fcf4d191-5] Writing "439. foo bar"
16:11:19.731 [reactor-http-nio-10] DEBUG o.s.c.c.CharSequenceEncoder - [fcf4d191-5] Writing "440. foo bar"
16:11:19.731 [reactor-http-nio-10] DEBUG o.s.c.c.CharSequenceEncoder - [fcf4d191-5] Writing "441. foo bar"
16:11:19.731 [reactor-http-nio-10] DEBUG o.s.c.c.CharSequenceEncoder - [fcf4d191-5] Writing "442. foo bar"
16:11:19.731 [reactor-http-nio-10] DEBUG o.s.c.c.CharSequenceEncoder - [fcf4d191-5] Writing "443. foo bar"
16:11:19.731 [reactor-http-nio-10] DEBUG o.s.c.c.CharSequenceEncoder - [fcf4d191-5] Writing "444. foo bar"
16:11:19.731 [reactor-http-nio-10] DEBUG o.s.c.c.CharSequenceEncoder - [fcf4d191-5] Writing "445. foo bar"
16:11:19.731 [reactor-http-nio-10] DEBUG o.s.c.c.CharSequenceEncoder - [fcf4d191-5] Writing "446. foo bar"
16:11:19.731 [reactor-http-nio-10] DEBUG o.s.c.c.CharSequenceEncoder - [fcf4d191-5] Writing "447. foo bar"
16:11:19.731 [reactor-http-nio-10] DEBUG o.s.c.c.CharSequenceEncoder - [fcf4d191-5] Writing "448. foo bar"
16:11:19.802 [reactor-http-nio-10] DEBUG o.s.c.c.CharSequenceEncoder - [fcf4d191-5] Writing "449. foo bar"
16:11:19.802 [reactor-http-nio-10] DEBUG o.s.c.c.CharSequenceEncoder - [fcf4d191-5] Writing "450. foo bar"
16:11:19.802 [reactor-http-nio-10] DEBUG o.s.c.c.CharSequenceEncoder - [fcf4d191-5] Writing "451. foo bar"
16:11:19.802 [reactor-http-nio-10] DEBUG o.s.c.c.CharSequenceEncoder - [fcf4d191-5] Writing "452. foo bar"
16:11:19.802 [reactor-http-nio-10] DEBUG o.s.c.c.CharSequenceEncoder - [fcf4d191-5] Writing "453. foo bar"
16:11:19.802 [reactor-http-nio-10] DEBUG o.s.c.c.CharSequenceEncoder - [fcf4d191-5] Writing "454. foo bar"
16:11:19.802 [reactor-http-nio-10] DEBUG o.s.c.c.CharSequenceEncoder - [fcf4d191-5] Writing "455. foo bar"
16:11:19.802 [reactor-http-nio-10] DEBUG o.s.c.c.CharSequenceEncoder - [fcf4d191-5] Writing "456. foo bar"
16:11:19.802 [reactor-http-nio-10] DEBUG o.s.c.c.CharSequenceEncoder - [fcf4d191-5] Writing "457. foo bar"
16:11:19.802 [reactor-http-nio-10] DEBUG o.s.c.c.CharSequenceEncoder - [fcf4d191-5] Writing "458. foo bar"
16:11:19.802 [reactor-http-nio-10] DEBUG o.s.c.c.CharSequenceEncoder - [fcf4d191-5] Writing "459. foo bar"
16:11:19.803 [reactor-http-nio-10] DEBUG o.s.c.c.CharSequenceEncoder - [fcf4d191-5] Writing "460. foo bar"
16:11:19.803 [reactor-http-nio-10] DEBUG o.s.c.c.CharSequenceEncoder - [fcf4d191-5] Writing "461. foo bar"
16:11:19.803 [reactor-http-nio-10] DEBUG o.s.c.c.CharSequenceEncoder - [fcf4d191-5] Writing "462. foo bar"
16:11:19.803 [reactor-http-nio-10] DEBUG o.s.c.c.CharSequenceEncoder - [fcf4d191-5] Writing "463. foo bar"
16:11:19.803 [reactor-http-nio-10] DEBUG o.s.c.c.CharSequenceEncoder - [fcf4d191-5] Writing "464. foo bar"
16:11:19.803 [reactor-http-nio-10] DEBUG o.s.c.c.CharSequenceEncoder - [fcf4d191-5] Writing "465. foo bar"
16:11:19.803 [reactor-http-nio-10] DEBUG o.s.c.c.CharSequenceEncoder - [fcf4d191-5] Writing "466. foo bar"
16:11:19.803 [reactor-http-nio-10] DEBUG o.s.c.c.CharSequenceEncoder - [fcf4d191-5] Writing "467. foo bar"
16:11:19.803 [reactor-http-nio-10] DEBUG o.s.c.c.CharSequenceEncoder - [fcf4d191-5] Writing "468. foo bar"
16:11:19.803 [reactor-http-nio-10] DEBUG o.s.c.c.CharSequenceEncoder - [fcf4d191-5] Writing "469. foo bar"
16:11:19.828 [reactor-http-nio-10] DEBUG o.s.c.c.CharSequenceEncoder - [fcf4d191-5] Writing "470. foo bar"
16:11:19.828 [reactor-http-nio-10] DEBUG o.s.c.c.CharSequenceEncoder - [fcf4d191-5] Writing "471. foo bar"
16:11:19.828 [reactor-http-nio-10] DEBUG o.s.c.c.CharSequenceEncoder - [fcf4d191-5] Writing "472. foo bar"
16:11:19.828 [reactor-http-nio-10] DEBUG o.s.c.c.CharSequenceEncoder - [fcf4d191-5] Writing "473. foo bar"
16:11:19.828 [reactor-http-nio-10] DEBUG o.s.c.c.CharSequenceEncoder - [fcf4d191-5] Writing "474. foo bar"
16:11:19.828 [reactor-http-nio-10] DEBUG o.s.c.c.CharSequenceEncoder - [fcf4d191-5] Writing "475. foo bar"
16:11:19.828 [reactor-http-nio-10] DEBUG o.s.c.c.CharSequenceEncoder - [fcf4d191-5] Writing "476. foo bar"
16:11:19.828 [reactor-http-nio-10] DEBUG o.s.c.c.CharSequenceEncoder - [fcf4d191-5] Writing "477. foo bar"
16:11:19.828 [reactor-http-nio-10] DEBUG o.s.c.c.CharSequenceEncoder - [fcf4d191-5] Writing "478. foo bar"
16:11:19.828 [reactor-http-nio-10] DEBUG o.s.c.c.CharSequenceEncoder - [fcf4d191-5] Writing "479. foo bar"
16:11:19.829 [reactor-http-nio-10] DEBUG o.s.c.c.CharSequenceEncoder - [fcf4d191-5] Writing "480. foo bar"
16:11:19.829 [reactor-http-nio-10] DEBUG o.s.c.c.CharSequenceEncoder - [fcf4d191-5] Writing "481. foo bar"
16:11:19.829 [reactor-http-nio-10] DEBUG o.s.c.c.CharSequenceEncoder - [fcf4d191-5] Writing "482. foo bar"
16:11:19.829 [reactor-http-nio-10] DEBUG o.s.c.c.CharSequenceEncoder - [fcf4d191-5] Writing "483. foo bar"
16:11:19.829 [reactor-http-nio-10] DEBUG o.s.c.c.CharSequenceEncoder - [fcf4d191-5] Writing "484. foo bar"
16:11:19.829 [reactor-http-nio-10] DEBUG o.s.c.c.CharSequenceEncoder - [fcf4d191-5] Writing "485. foo bar"
16:11:19.829 [reactor-http-nio-10] DEBUG o.s.c.c.CharSequenceEncoder - [fcf4d191-5] Writing "486. foo bar"
16:11:19.829 [reactor-http-nio-10] DEBUG o.s.c.c.CharSequenceEncoder - [fcf4d191-5] Writing "487. foo bar"
16:11:19.829 [reactor-http-nio-10] DEBUG o.s.c.c.CharSequenceEncoder - [fcf4d191-5] Writing "488. foo bar"
16:11:19.829 [reactor-http-nio-10] DEBUG o.s.c.c.CharSequenceEncoder - [fcf4d191-5] Writing "489. foo bar"
16:11:19.829 [reactor-http-nio-10] DEBUG o.s.c.c.CharSequenceEncoder - [fcf4d191-5] Writing "490. foo bar"
16:11:19.829 [reactor-http-nio-10] DEBUG o.s.c.c.CharSequenceEncoder - [fcf4d191-5] Writing "491. foo bar"
16:11:19.829 [reactor-http-nio-10] DEBUG o.s.c.c.CharSequenceEncoder - [fcf4d191-5] Writing "492. foo bar"
16:11:19.829 [reactor-http-nio-10] DEBUG o.s.c.c.CharSequenceEncoder - [fcf4d191-5] Writing "493. foo bar"
16:11:19.829 [reactor-http-nio-10] DEBUG o.s.c.c.CharSequenceEncoder - [fcf4d191-5] Writing "494. foo bar"
16:11:19.829 [reactor-http-nio-10] DEBUG o.s.c.c.CharSequenceEncoder - [fcf4d191-5] Writing "495. foo bar"
16:11:19.830 [reactor-http-nio-10] DEBUG o.s.c.c.CharSequenceEncoder - [fcf4d191-5] Writing "496. foo bar"
16:11:19.830 [reactor-http-nio-10] DEBUG o.s.c.c.CharSequenceEncoder - [fcf4d191-5] Writing "497. foo bar"
16:11:19.830 [reactor-http-nio-10] DEBUG o.s.c.c.CharSequenceEncoder - [fcf4d191-5] Writing "498. foo bar"
16:11:19.830 [reactor-http-nio-10] DEBUG o.s.c.c.CharSequenceEncoder - [fcf4d191-5] Writing "499. foo bar"
16:11:19.830 [reactor-http-nio-10] DEBUG o.s.c.c.CharSequenceEncoder - [fcf4d191-5] Writing "500. foo bar"
16:11:19.830 [reactor-http-nio-10] DEBUG o.s.c.c.CharSequenceEncoder - [fcf4d191-5] Writing "501. foo bar"
16:11:19.830 [reactor-http-nio-10] DEBUG o.s.c.c.CharSequenceEncoder - [fcf4d191-5] Writing "502. foo bar"
16:11:19.830 [reactor-http-nio-10] DEBUG o.s.c.c.CharSequenceEncoder - [fcf4d191-5] Writing "503. foo bar"
16:11:19.830 [reactor-http-nio-10] DEBUG o.s.c.c.CharSequenceEncoder - [fcf4d191-5] Writing "504. foo bar"
16:11:19.830 [reactor-http-nio-10] DEBUG o.s.c.c.CharSequenceEncoder - [fcf4d191-5] Writing "505. foo bar"
16:11:19.830 [reactor-http-nio-10] DEBUG o.s.c.c.CharSequenceEncoder - [fcf4d191-5] Writing "506. foo bar"
16:11:19.830 [reactor-http-nio-10] DEBUG o.s.c.c.CharSequenceEncoder - [fcf4d191-5] Writing "507. foo bar"
16:11:19.830 [reactor-http-nio-10] DEBUG o.s.c.c.CharSequenceEncoder - [fcf4d191-5] Writing "508. foo bar"
16:11:19.830 [reactor-http-nio-10] DEBUG o.s.c.c.CharSequenceEncoder - [fcf4d191-5] Writing "509. foo bar"
16:11:19.830 [reactor-http-nio-10] DEBUG o.s.c.c.CharSequenceEncoder - [fcf4d191-5] Writing "510. foo bar"
16:11:19.830 [reactor-http-nio-10] DEBUG o.s.c.c.CharSequenceEncoder - [fcf4d191-5] Writing "511. foo bar"
16:11:19.831 [reactor-http-nio-10] DEBUG o.s.c.c.CharSequenceEncoder - [fcf4d191-5] Writing "512. foo bar"
16:11:19.867 [reactor-http-nio-10] DEBUG o.s.c.c.CharSequenceEncoder - [fcf4d191-5] Writing "513. foo bar"
16:11:19.867 [reactor-http-nio-10] DEBUG o.s.c.c.CharSequenceEncoder - [fcf4d191-5] Writing "514. foo bar"
16:11:19.867 [reactor-http-nio-10] DEBUG o.s.c.c.CharSequenceEncoder - [fcf4d191-5] Writing "515. foo bar"
16:11:19.867 [reactor-http-nio-10] DEBUG o.s.c.c.CharSequenceEncoder - [fcf4d191-5] Writing "516. foo bar"
16:11:19.867 [reactor-http-nio-10] DEBUG o.s.c.c.CharSequenceEncoder - [fcf4d191-5] Writing "517. foo bar"
16:11:19.867 [reactor-http-nio-10] DEBUG o.s.c.c.CharSequenceEncoder - [fcf4d191-5] Writing "518. foo bar"
16:11:19.867 [reactor-http-nio-10] DEBUG o.s.c.c.CharSequenceEncoder - [fcf4d191-5] Writing "519. foo bar"
16:11:19.867 [reactor-http-nio-10] DEBUG o.s.c.c.CharSequenceEncoder - [fcf4d191-5] Writing "520. foo bar"
16:11:19.867 [reactor-http-nio-10] DEBUG o.s.c.c.CharSequenceEncoder - [fcf4d191-5] Writing "521. foo bar"
16:11:19.867 [reactor-http-nio-10] DEBUG o.s.c.c.CharSequenceEncoder - [fcf4d191-5] Writing "522. foo bar"
16:11:19.867 [reactor-http-nio-10] DEBUG o.s.c.c.CharSequenceEncoder - [fcf4d191-5] Writing "523. foo bar"
16:11:19.868 [reactor-http-nio-10] DEBUG o.s.c.c.CharSequenceEncoder - [fcf4d191-5] Writing "524. foo bar"
16:11:19.868 [reactor-http-nio-10] DEBUG o.s.c.c.CharSequenceEncoder - [fcf4d191-5] Writing "525. foo bar"
16:11:19.868 [reactor-http-nio-10] DEBUG o.s.c.c.CharSequenceEncoder - [fcf4d191-5] Writing "526. foo bar"
16:11:19.868 [reactor-http-nio-10] DEBUG o.s.c.c.CharSequenceEncoder - [fcf4d191-5] Writing "527. foo bar"
16:11:19.868 [reactor-http-nio-10] DEBUG o.s.c.c.CharSequenceEncoder - [fcf4d191-5] Writing "528. foo bar"
16:11:19.868 [reactor-http-nio-10] DEBUG o.s.c.c.CharSequenceEncoder - [fcf4d191-5] Writing "529. foo bar"
16:11:19.868 [reactor-http-nio-10] DEBUG o.s.c.c.CharSequenceEncoder - [fcf4d191-5] Writing "530. foo bar"
16:11:19.868 [reactor-http-nio-10] DEBUG o.s.c.c.CharSequenceEncoder - [fcf4d191-5] Writing "531. foo bar"
16:11:19.868 [reactor-http-nio-10] DEBUG o.s.c.c.CharSequenceEncoder - [fcf4d191-5] Writing "532. foo bar"
16:11:19.868 [reactor-http-nio-10] DEBUG o.s.c.c.CharSequenceEncoder - [fcf4d191-5] Writing "533. foo bar"
16:11:19.868 [reactor-http-nio-10] DEBUG o.s.c.c.CharSequenceEncoder - [fcf4d191-5] Writing "534. foo bar"
16:11:19.868 [reactor-http-nio-10] DEBUG o.s.c.c.CharSequenceEncoder - [fcf4d191-5] Writing "535. foo bar"
16:11:19.868 [reactor-http-nio-10] DEBUG o.s.c.c.CharSequenceEncoder - [fcf4d191-5] Writing "536. foo bar"
16:11:19.868 [reactor-http-nio-10] DEBUG o.s.c.c.CharSequenceEncoder - [fcf4d191-5] Writing "537. foo bar"
16:11:19.868 [reactor-http-nio-10] DEBUG o.s.c.c.CharSequenceEncoder - [fcf4d191-5] Writing "538. foo bar"
16:11:19.868 [reactor-http-nio-10] DEBUG o.s.c.c.CharSequenceEncoder - [fcf4d191-5] Writing "539. foo bar"
16:11:19.868 [reactor-http-nio-10] DEBUG o.s.c.c.CharSequenceEncoder - [fcf4d191-5] Writing "540. foo bar"
16:11:19.868 [reactor-http-nio-10] DEBUG o.s.c.c.CharSequenceEncoder - [fcf4d191-5] Writing "541. foo bar"
16:11:19.868 [reactor-http-nio-10] DEBUG o.s.c.c.CharSequenceEncoder - [fcf4d191-5] Writing "542. foo bar"
16:11:19.869 [reactor-http-nio-10] DEBUG o.s.c.c.CharSequenceEncoder - [fcf4d191-5] Writing "543. foo bar"
16:11:19.869 [reactor-http-nio-10] DEBUG o.s.c.c.CharSequenceEncoder - [fcf4d191-5] Writing "544. foo bar"
16:11:19.869 [reactor-http-nio-10] DEBUG o.s.c.c.CharSequenceEncoder - [fcf4d191-5] Writing "545. foo bar"
16:11:19.869 [reactor-http-nio-10] DEBUG o.s.c.c.CharSequenceEncoder - [fcf4d191-5] Writing "546. foo bar"
16:11:19.869 [reactor-http-nio-10] DEBUG o.s.c.c.CharSequenceEncoder - [fcf4d191-5] Writing "547. foo bar"
16:11:19.869 [reactor-http-nio-10] DEBUG o.s.c.c.CharSequenceEncoder - [fcf4d191-5] Writing "548. foo bar"
16:11:19.869 [reactor-http-nio-10] DEBUG o.s.c.c.CharSequenceEncoder - [fcf4d191-5] Writing "549. foo bar"
16:11:19.869 [reactor-http-nio-10] DEBUG o.s.c.c.CharSequenceEncoder - [fcf4d191-5] Writing "550. foo bar"
16:11:19.869 [reactor-http-nio-10] DEBUG o.s.c.c.CharSequenceEncoder - [fcf4d191-5] Writing "551. foo bar"
16:11:19.869 [reactor-http-nio-10] DEBUG o.s.c.c.CharSequenceEncoder - [fcf4d191-5] Writing "552. foo bar"
16:11:19.869 [reactor-http-nio-10] DEBUG o.s.c.c.CharSequenceEncoder - [fcf4d191-5] Writing "553. foo bar"
16:11:19.869 [reactor-http-nio-10] DEBUG o.s.c.c.CharSequenceEncoder - [fcf4d191-5] Writing "554. foo bar"
16:11:19.869 [reactor-http-nio-10] DEBUG o.s.c.c.CharSequenceEncoder - [fcf4d191-5] Writing "555. foo bar"
16:11:19.869 [reactor-http-nio-10] DEBUG o.s.c.c.CharSequenceEncoder - [fcf4d191-5] Writing "556. foo bar"
16:11:19.869 [reactor-http-nio-10] DEBUG o.s.c.c.CharSequenceEncoder - [fcf4d191-5] Writing "557. foo bar"
16:11:19.869 [reactor-http-nio-10] DEBUG o.s.c.c.CharSequenceEncoder - [fcf4d191-5] Writing "558. foo bar"
16:11:19.869 [reactor-http-nio-10] DEBUG o.s.c.c.CharSequenceEncoder - [fcf4d191-5] Writing "559. foo bar"
16:11:19.869 [reactor-http-nio-10] DEBUG o.s.c.c.CharSequenceEncoder - [fcf4d191-5] Writing "560. foo bar"
16:11:19.869 [reactor-http-nio-10] DEBUG o.s.c.c.CharSequenceEncoder - [fcf4d191-5] Writing "561. foo bar"
16:11:19.869 [reactor-http-nio-10] DEBUG o.s.c.c.CharSequenceEncoder - [fcf4d191-5] Writing "562. foo bar"
16:11:19.870 [reactor-http-nio-10] DEBUG o.s.c.c.CharSequenceEncoder - [fcf4d191-5] Writing "563. foo bar"
16:11:19.870 [reactor-http-nio-10] DEBUG o.s.c.c.CharSequenceEncoder - [fcf4d191-5] Writing "564. foo bar"
16:11:19.870 [reactor-http-nio-10] DEBUG o.s.c.c.CharSequenceEncoder - [fcf4d191-5] Writing "565. foo bar"
16:11:19.870 [reactor-http-nio-10] DEBUG o.s.c.c.CharSequenceEncoder - [fcf4d191-5] Writing "566. foo bar"
16:11:19.870 [reactor-http-nio-10] DEBUG o.s.c.c.CharSequenceEncoder - [fcf4d191-5] Writing "567. foo bar"
16:11:19.870 [reactor-http-nio-10] DEBUG o.s.c.c.CharSequenceEncoder - [fcf4d191-5] Writing "568. foo bar"
16:11:19.870 [reactor-http-nio-10] DEBUG o.s.c.c.CharSequenceEncoder - [fcf4d191-5] Writing "569. foo bar"
16:11:19.870 [reactor-http-nio-10] DEBUG o.s.c.c.CharSequenceEncoder - [fcf4d191-5] Writing "570. foo bar"
16:11:19.870 [reactor-http-nio-10] DEBUG o.s.c.c.CharSequenceEncoder - [fcf4d191-5] Writing "571. foo bar"
16:11:19.870 [reactor-http-nio-10] DEBUG o.s.c.c.CharSequenceEncoder - [fcf4d191-5] Writing "572. foo bar"
16:11:19.870 [reactor-http-nio-10] DEBUG o.s.c.c.CharSequenceEncoder - [fcf4d191-5] Writing "573. foo bar"
16:11:19.870 [reactor-http-nio-10] DEBUG o.s.c.c.CharSequenceEncoder - [fcf4d191-5] Writing "574. foo bar"
16:11:19.870 [reactor-http-nio-10] DEBUG o.s.c.c.CharSequenceEncoder - [fcf4d191-5] Writing "575. foo bar"
16:11:19.870 [reactor-http-nio-10] DEBUG o.s.c.c.CharSequenceEncoder - [fcf4d191-5] Writing "576. foo bar"
16:11:19.913 [reactor-http-nio-10] DEBUG o.s.c.c.CharSequenceEncoder - [fcf4d191-5] Writing "577. foo bar"
16:11:19.913 [reactor-http-nio-10] DEBUG o.s.c.c.CharSequenceEncoder - [fcf4d191-5] Writing "578. foo bar"
16:11:19.913 [reactor-http-nio-10] DEBUG o.s.c.c.CharSequenceEncoder - [fcf4d191-5] Writing "579. foo bar"
16:11:19.913 [reactor-http-nio-10] DEBUG o.s.c.c.CharSequenceEncoder - [fcf4d191-5] Writing "580. foo bar"
16:11:19.913 [reactor-http-nio-10] DEBUG o.s.c.c.CharSequenceEncoder - [fcf4d191-5] Writing "581. foo bar"
16:11:19.913 [reactor-http-nio-10] DEBUG o.s.c.c.CharSequenceEncoder - [fcf4d191-5] Writing "582. foo bar"
16:11:19.913 [reactor-http-nio-10] DEBUG o.s.c.c.CharSequenceEncoder - [fcf4d191-5] Writing "583. foo bar"
16:11:19.913 [reactor-http-nio-10] DEBUG o.s.c.c.CharSequenceEncoder - [fcf4d191-5] Writing "584. foo bar"
16:11:19.913 [reactor-http-nio-10] DEBUG o.s.c.c.CharSequenceEncoder - [fcf4d191-5] Writing "585. foo bar"
16:11:19.913 [reactor-http-nio-10] DEBUG o.s.c.c.CharSequenceEncoder - [fcf4d191-5] Writing "586. foo bar"
16:11:19.913 [reactor-http-nio-10] DEBUG o.s.c.c.CharSequenceEncoder - [fcf4d191-5] Writing "587. foo bar"
16:11:19.913 [reactor-http-nio-10] DEBUG o.s.c.c.CharSequenceEncoder - [fcf4d191-5] Writing "588. foo bar"
16:11:19.913 [reactor-http-nio-10] DEBUG o.s.c.c.CharSequenceEncoder - [fcf4d191-5] Writing "589. foo bar"
16:11:19.913 [reactor-http-nio-10] DEBUG o.s.c.c.CharSequenceEncoder - [fcf4d191-5] Writing "590. foo bar"
16:11:19.913 [reactor-http-nio-10] DEBUG o.s.c.c.CharSequenceEncoder - [fcf4d191-5] Writing "591. foo bar"
16:11:19.914 [reactor-http-nio-10] DEBUG o.s.c.c.CharSequenceEncoder - [fcf4d191-5] Writing "592. foo bar"
16:11:19.914 [reactor-http-nio-10] DEBUG o.s.c.c.CharSequenceEncoder - [fcf4d191-5] Writing "593. foo bar"
16:11:19.914 [reactor-http-nio-10] DEBUG o.s.c.c.CharSequenceEncoder - [fcf4d191-5] Writing "594. foo bar"
16:11:19.914 [reactor-http-nio-10] DEBUG o.s.c.c.CharSequenceEncoder - [fcf4d191-5] Writing "595. foo bar"
16:11:19.914 [reactor-http-nio-10] DEBUG o.s.c.c.CharSequenceEncoder - [fcf4d191-5] Writing "596. foo bar"
16:11:19.914 [reactor-http-nio-10] DEBUG o.s.c.c.CharSequenceEncoder - [fcf4d191-5] Writing "597. foo bar"
16:11:19.914 [reactor-http-nio-10] DEBUG o.s.c.c.CharSequenceEncoder - [fcf4d191-5] Writing "598. foo bar"
16:11:19.914 [reactor-http-nio-10] DEBUG o.s.c.c.CharSequenceEncoder - [fcf4d191-5] Writing "599. foo bar"
16:11:19.914 [reactor-http-nio-10] DEBUG o.s.c.c.CharSequenceEncoder - [fcf4d191-5] Writing "600. foo bar"
16:11:19.914 [reactor-http-nio-10] DEBUG o.s.c.c.CharSequenceEncoder - [fcf4d191-5] Writing "601. foo bar"
16:11:19.914 [reactor-http-nio-10] DEBUG o.s.c.c.CharSequenceEncoder - [fcf4d191-5] Writing "602. foo bar"
16:11:19.914 [reactor-http-nio-10] DEBUG o.s.c.c.CharSequenceEncoder - [fcf4d191-5] Writing "603. foo bar"
16:11:19.914 [reactor-http-nio-10] DEBUG o.s.c.c.CharSequenceEncoder - [fcf4d191-5] Writing "604. foo bar"
16:11:19.914 [reactor-http-nio-10] DEBUG o.s.c.c.CharSequenceEncoder - [fcf4d191-5] Writing "605. foo bar"
16:11:19.914 [reactor-http-nio-10] DEBUG o.s.c.c.CharSequenceEncoder - [fcf4d191-5] Writing "606. foo bar"
16:11:19.914 [reactor-http-nio-10] DEBUG o.s.c.c.CharSequenceEncoder - [fcf4d191-5] Writing "607. foo bar"
16:11:19.914 [reactor-http-nio-10] DEBUG o.s.c.c.CharSequenceEncoder - [fcf4d191-5] Writing "608. foo bar"
16:11:19.915 [reactor-http-nio-10] DEBUG o.s.c.c.CharSequenceEncoder - [fcf4d191-5] Writing "609. foo bar"
16:11:19.915 [reactor-http-nio-10] DEBUG o.s.c.c.CharSequenceEncoder - [fcf4d191-5] Writing "610. foo bar"
16:11:19.915 [reactor-http-nio-10] DEBUG o.s.c.c.CharSequenceEncoder - [fcf4d191-5] Writing "611. foo bar"
16:11:19.915 [reactor-http-nio-10] DEBUG o.s.c.c.CharSequenceEncoder - [fcf4d191-5] Writing "612. foo bar"
16:11:19.915 [reactor-http-nio-10] DEBUG o.s.c.c.CharSequenceEncoder - [fcf4d191-5] Writing "613. foo bar"
16:11:19.915 [reactor-http-nio-10] DEBUG o.s.c.c.CharSequenceEncoder - [fcf4d191-5] Writing "614. foo bar"
16:11:19.915 [reactor-http-nio-10] DEBUG o.s.c.c.CharSequenceEncoder - [fcf4d191-5] Writing "615. foo bar"
16:11:19.915 [reactor-http-nio-10] DEBUG o.s.c.c.CharSequenceEncoder - [fcf4d191-5] Writing "616. foo bar"
16:11:19.915 [reactor-http-nio-10] DEBUG o.s.c.c.CharSequenceEncoder - [fcf4d191-5] Writing "617. foo bar"
16:11:19.915 [reactor-http-nio-10] DEBUG o.s.c.c.CharSequenceEncoder - [fcf4d191-5] Writing "618. foo bar"
16:11:19.915 [reactor-http-nio-10] DEBUG o.s.c.c.CharSequenceEncoder - [fcf4d191-5] Writing "619. foo bar"
16:11:19.915 [reactor-http-nio-10] DEBUG o.s.c.c.CharSequenceEncoder - [fcf4d191-5] Writing "620. foo bar"
16:11:19.915 [reactor-http-nio-10] DEBUG o.s.c.c.CharSequenceEncoder - [fcf4d191-5] Writing "621. foo bar"
16:11:19.915 [reactor-http-nio-10] DEBUG o.s.c.c.CharSequenceEncoder - [fcf4d191-5] Writing "622. foo bar"
16:11:19.915 [reactor-http-nio-10] DEBUG o.s.c.c.CharSequenceEncoder - [fcf4d191-5] Writing "623. foo bar"
16:11:19.916 [reactor-http-nio-10] DEBUG o.s.c.c.CharSequenceEncoder - [fcf4d191-5] Writing "624. foo bar"
16:11:19.916 [reactor-http-nio-10] DEBUG o.s.c.c.CharSequenceEncoder - [fcf4d191-5] Writing "625. foo bar"
16:11:19.916 [reactor-http-nio-10] DEBUG o.s.c.c.CharSequenceEncoder - [fcf4d191-5] Writing "626. foo bar"
16:11:19.916 [reactor-http-nio-10] DEBUG o.s.c.c.CharSequenceEncoder - [fcf4d191-5] Writing "627. foo bar"
16:11:19.916 [reactor-http-nio-10] DEBUG o.s.c.c.CharSequenceEncoder - [fcf4d191-5] Writing "628. foo bar"
16:11:19.916 [reactor-http-nio-10] DEBUG o.s.c.c.CharSequenceEncoder - [fcf4d191-5] Writing "629. foo bar"
16:11:19.916 [reactor-http-nio-10] DEBUG o.s.c.c.CharSequenceEncoder - [fcf4d191-5] Writing "630. foo bar"
16:11:19.916 [reactor-http-nio-10] DEBUG o.s.c.c.CharSequenceEncoder - [fcf4d191-5] Writing "631. foo bar"
16:11:19.916 [reactor-http-nio-10] DEBUG o.s.c.c.CharSequenceEncoder - [fcf4d191-5] Writing "632. foo bar"
16:11:19.916 [reactor-http-nio-10] DEBUG o.s.c.c.CharSequenceEncoder - [fcf4d191-5] Writing "633. foo bar"
16:11:19.916 [reactor-http-nio-10] DEBUG o.s.c.c.CharSequenceEncoder - [fcf4d191-5] Writing "634. foo bar"
16:11:19.916 [reactor-http-nio-10] DEBUG o.s.c.c.CharSequenceEncoder - [fcf4d191-5] Writing "635. foo bar"
16:11:19.916 [reactor-http-nio-10] DEBUG o.s.c.c.CharSequenceEncoder - [fcf4d191-5] Writing "636. foo bar"
16:11:19.916 [reactor-http-nio-10] DEBUG o.s.c.c.CharSequenceEncoder - [fcf4d191-5] Writing "637. foo bar"
16:11:19.917 [reactor-http-nio-10] DEBUG o.s.c.c.CharSequenceEncoder - [fcf4d191-5] Writing "638. foo bar"
16:11:19.917 [reactor-http-nio-10] DEBUG o.s.c.c.CharSequenceEncoder - [fcf4d191-5] Writing "639. foo bar"
16:11:19.917 [reactor-http-nio-10] DEBUG o.s.c.c.CharSequenceEncoder - [fcf4d191-5] Writing "640. foo bar"
16:11:20.003 [reactor-http-nio-10] DEBUG o.s.c.c.CharSequenceEncoder - [fcf4d191-5] Writing "641. foo bar"
16:11:20.003 [reactor-http-nio-10] DEBUG o.s.c.c.CharSequenceEncoder - [fcf4d191-5] Writing "642. foo bar"
16:11:20.004 [reactor-http-nio-10] DEBUG o.s.c.c.CharSequenceEncoder - [fcf4d191-5] Writing "643. foo bar"
16:11:20.004 [reactor-http-nio-10] DEBUG o.s.c.c.CharSequenceEncoder - [fcf4d191-5] Writing "644. foo bar"
16:11:20.004 [reactor-http-nio-10] DEBUG o.s.c.c.CharSequenceEncoder - [fcf4d191-5] Writing "645. foo bar"
16:11:20.004 [reactor-http-nio-10] DEBUG o.s.c.c.CharSequenceEncoder - [fcf4d191-5] Writing "646. foo bar"
16:11:20.004 [reactor-http-nio-10] DEBUG o.s.c.c.CharSequenceEncoder - [fcf4d191-5] Writing "647. foo bar"
16:11:20.004 [reactor-http-nio-10] DEBUG o.s.c.c.CharSequenceEncoder - [fcf4d191-5] Writing "648. foo bar"
16:11:20.004 [reactor-http-nio-10] DEBUG o.s.c.c.CharSequenceEncoder - [fcf4d191-5] Writing "649. foo bar"
16:11:20.004 [reactor-http-nio-10] DEBUG o.s.c.c.CharSequenceEncoder - [fcf4d191-5] Writing "650. foo bar"
16:11:20.004 [reactor-http-nio-10] DEBUG o.s.c.c.CharSequenceEncoder - [fcf4d191-5] Writing "651. foo bar"
16:11:20.004 [reactor-http-nio-10] DEBUG o.s.c.c.CharSequenceEncoder - [fcf4d191-5] Writing "652. foo bar"
16:11:20.004 [reactor-http-nio-10] DEBUG o.s.c.c.CharSequenceEncoder - [fcf4d191-5] Writing "653. foo bar"
16:11:20.004 [reactor-http-nio-10] DEBUG o.s.c.c.CharSequenceEncoder - [fcf4d191-5] Writing "654. foo bar"
16:11:20.004 [reactor-http-nio-10] DEBUG o.s.c.c.CharSequenceEncoder - [fcf4d191-5] Writing "655. foo bar"
16:11:20.004 [reactor-http-nio-10] DEBUG o.s.c.c.CharSequenceEncoder - [fcf4d191-5] Writing "656. foo bar"
16:11:20.004 [reactor-http-nio-10] DEBUG o.s.c.c.CharSequenceEncoder - [fcf4d191-5] Writing "657. foo bar"
16:11:20.004 [reactor-http-nio-10] DEBUG o.s.c.c.CharSequenceEncoder - [fcf4d191-5] Writing "658. foo bar"
16:11:20.004 [reactor-http-nio-10] DEBUG o.s.c.c.CharSequenceEncoder - [fcf4d191-5] Writing "659. foo bar"
16:11:20.004 [reactor-http-nio-10] DEBUG o.s.c.c.CharSequenceEncoder - [fcf4d191-5] Writing "660. foo bar"
16:11:20.004 [reactor-http-nio-10] DEBUG o.s.c.c.CharSequenceEncoder - [fcf4d191-5] Writing "661. foo bar"
16:11:20.005 [reactor-http-nio-10] DEBUG o.s.c.c.CharSequenceEncoder - [fcf4d191-5] Writing "662. foo bar"
16:11:20.005 [reactor-http-nio-10] DEBUG o.s.c.c.CharSequenceEncoder - [fcf4d191-5] Writing "663. foo bar"
16:11:20.005 [reactor-http-nio-10] DEBUG o.s.c.c.CharSequenceEncoder - [fcf4d191-5] Writing "664. foo bar"
16:11:20.005 [reactor-http-nio-10] DEBUG o.s.c.c.CharSequenceEncoder - [fcf4d191-5] Writing "665. foo bar"
16:11:20.005 [reactor-http-nio-10] DEBUG o.s.c.c.CharSequenceEncoder - [fcf4d191-5] Writing "666. foo bar"
16:11:20.005 [reactor-http-nio-10] DEBUG o.s.c.c.CharSequenceEncoder - [fcf4d191-5] Writing "667. foo bar"
16:11:20.005 [reactor-http-nio-10] DEBUG o.s.c.c.CharSequenceEncoder - [fcf4d191-5] Writing "668. foo bar"
16:11:20.005 [reactor-http-nio-10] DEBUG o.s.c.c.CharSequenceEncoder - [fcf4d191-5] Writing "669. foo bar"
16:11:20.005 [reactor-http-nio-10] DEBUG o.s.c.c.CharSequenceEncoder - [fcf4d191-5] Writing "670. foo bar"
16:11:20.005 [reactor-http-nio-10] DEBUG o.s.c.c.CharSequenceEncoder - [fcf4d191-5] Writing "671. foo bar"
16:11:20.005 [reactor-http-nio-10] DEBUG o.s.c.c.CharSequenceEncoder - [fcf4d191-5] Writing "672. foo bar"
16:11:20.005 [reactor-http-nio-10] DEBUG o.s.c.c.CharSequenceEncoder - [fcf4d191-5] Writing "673. foo bar"
16:11:20.020 [reactor-http-nio-10] DEBUG o.s.c.c.CharSequenceEncoder - [fcf4d191-5] Writing "674. foo bar"
16:11:20.021 [reactor-http-nio-10] DEBUG o.s.c.c.CharSequenceEncoder - [fcf4d191-5] Writing "675. foo bar"
16:11:20.021 [reactor-http-nio-10] DEBUG o.s.c.c.CharSequenceEncoder - [fcf4d191-5] Writing "676. foo bar"
16:11:20.021 [reactor-http-nio-10] DEBUG o.s.c.c.CharSequenceEncoder - [fcf4d191-5] Writing "677. foo bar"
16:11:20.021 [reactor-http-nio-10] DEBUG o.s.c.c.CharSequenceEncoder - [fcf4d191-5] Writing "678. foo bar"
16:11:20.021 [reactor-http-nio-10] DEBUG o.s.c.c.CharSequenceEncoder - [fcf4d191-5] Writing "679. foo bar"
16:11:20.021 [reactor-http-nio-10] DEBUG o.s.c.c.CharSequenceEncoder - [fcf4d191-5] Writing "680. foo bar"
16:11:20.021 [reactor-http-nio-10] DEBUG o.s.c.c.CharSequenceEncoder - [fcf4d191-5] Writing "681. foo bar"
16:11:20.021 [reactor-http-nio-10] DEBUG o.s.c.c.CharSequenceEncoder - [fcf4d191-5] Writing "682. foo bar"
16:11:20.021 [reactor-http-nio-10] DEBUG o.s.c.c.CharSequenceEncoder - [fcf4d191-5] Writing "683. foo bar"
16:11:20.021 [reactor-http-nio-10] DEBUG o.s.c.c.CharSequenceEncoder - [fcf4d191-5] Writing "684. foo bar"
16:11:20.021 [reactor-http-nio-10] DEBUG o.s.c.c.CharSequenceEncoder - [fcf4d191-5] Writing "685. foo bar"
16:11:20.021 [reactor-http-nio-10] DEBUG o.s.c.c.CharSequenceEncoder - [fcf4d191-5] Writing "686. foo bar"
16:11:20.021 [reactor-http-nio-10] DEBUG o.s.c.c.CharSequenceEncoder - [fcf4d191-5] Writing "687. foo bar"
16:11:20.021 [reactor-http-nio-10] DEBUG o.s.c.c.CharSequenceEncoder - [fcf4d191-5] Writing "688. foo bar"
16:11:20.021 [reactor-http-nio-10] DEBUG o.s.c.c.CharSequenceEncoder - [fcf4d191-5] Writing "689. foo bar"
16:11:20.021 [reactor-http-nio-10] DEBUG o.s.c.c.CharSequenceEncoder - [fcf4d191-5] Writing "690. foo bar"
16:11:20.021 [reactor-http-nio-10] DEBUG o.s.c.c.CharSequenceEncoder - [fcf4d191-5] Writing "691. foo bar"
16:11:20.021 [reactor-http-nio-10] DEBUG o.s.c.c.CharSequenceEncoder - [fcf4d191-5] Writing "692. foo bar"
16:11:20.022 [reactor-http-nio-10] DEBUG o.s.c.c.CharSequenceEncoder - [fcf4d191-5] Writing "693. foo bar"
16:11:20.022 [reactor-http-nio-10] DEBUG o.s.c.c.CharSequenceEncoder - [fcf4d191-5] Writing "694. foo bar"
16:11:20.022 [reactor-http-nio-10] DEBUG o.s.c.c.CharSequenceEncoder - [fcf4d191-5] Writing "695. foo bar"
16:11:20.022 [reactor-http-nio-10] DEBUG o.s.c.c.CharSequenceEncoder - [fcf4d191-5] Writing "696. foo bar"
16:11:20.022 [reactor-http-nio-10] DEBUG o.s.c.c.CharSequenceEncoder - [fcf4d191-5] Writing "697. foo bar"
16:11:20.022 [reactor-http-nio-10] DEBUG o.s.c.c.CharSequenceEncoder - [fcf4d191-5] Writing "698. foo bar"
16:11:20.022 [reactor-http-nio-10] DEBUG o.s.c.c.CharSequenceEncoder - [fcf4d191-5] Writing "699. foo bar"
16:11:20.022 [reactor-http-nio-10] DEBUG o.s.c.c.CharSequenceEncoder - [fcf4d191-5] Writing "700. foo bar"
16:11:20.022 [reactor-http-nio-10] DEBUG o.s.c.c.CharSequenceEncoder - [fcf4d191-5] Writing "701. foo bar"
16:11:20.022 [reactor-http-nio-10] DEBUG o.s.c.c.CharSequenceEncoder - [fcf4d191-5] Writing "702. foo bar"
16:11:20.022 [reactor-http-nio-10] DEBUG o.s.c.c.CharSequenceEncoder - [fcf4d191-5] Writing "703. foo bar"
16:11:20.022 [reactor-http-nio-10] DEBUG o.s.c.c.CharSequenceEncoder - [fcf4d191-5] Writing "704. foo bar"
16:11:20.062 [reactor-http-nio-10] DEBUG o.s.c.c.CharSequenceEncoder - [fcf4d191-5] Writing "705. foo bar"
16:11:20.062 [reactor-http-nio-10] DEBUG o.s.c.c.CharSequenceEncoder - [fcf4d191-5] Writing "706. foo bar"
16:11:20.062 [reactor-http-nio-10] DEBUG o.s.c.c.CharSequenceEncoder - [fcf4d191-5] Writing "707. foo bar"
16:11:20.062 [reactor-http-nio-10] DEBUG o.s.c.c.CharSequenceEncoder - [fcf4d191-5] Writing "708. foo bar"
16:11:20.062 [reactor-http-nio-10] DEBUG o.s.c.c.CharSequenceEncoder - [fcf4d191-5] Writing "709. foo bar"
16:11:20.062 [reactor-http-nio-10] DEBUG o.s.c.c.CharSequenceEncoder - [fcf4d191-5] Writing "710. foo bar"
16:11:20.062 [reactor-http-nio-10] DEBUG o.s.c.c.CharSequenceEncoder - [fcf4d191-5] Writing "711. foo bar"
16:11:20.063 [reactor-http-nio-10] DEBUG o.s.c.c.CharSequenceEncoder - [fcf4d191-5] Writing "712. foo bar"
16:11:20.063 [reactor-http-nio-10] DEBUG o.s.c.c.CharSequenceEncoder - [fcf4d191-5] Writing "713. foo bar"
16:11:20.063 [reactor-http-nio-10] DEBUG o.s.c.c.CharSequenceEncoder - [fcf4d191-5] Writing "714. foo bar"
16:11:20.063 [reactor-http-nio-10] DEBUG o.s.c.c.CharSequenceEncoder - [fcf4d191-5] Writing "715. foo bar"
16:11:20.063 [reactor-http-nio-10] DEBUG o.s.c.c.CharSequenceEncoder - [fcf4d191-5] Writing "716. foo bar"
16:11:20.063 [reactor-http-nio-10] DEBUG o.s.c.c.CharSequenceEncoder - [fcf4d191-5] Writing "717. foo bar"
16:11:20.063 [reactor-http-nio-10] DEBUG o.s.c.c.CharSequenceEncoder - [fcf4d191-5] Writing "718. foo bar"
16:11:20.063 [reactor-http-nio-10] DEBUG o.s.c.c.CharSequenceEncoder - [fcf4d191-5] Writing "719. foo bar"
16:11:20.063 [reactor-http-nio-10] DEBUG o.s.c.c.CharSequenceEncoder - [fcf4d191-5] Writing "720. foo bar"
16:11:20.063 [reactor-http-nio-10] DEBUG o.s.c.c.CharSequenceEncoder - [fcf4d191-5] Writing "721. foo bar"
16:11:20.063 [reactor-http-nio-10] DEBUG o.s.c.c.CharSequenceEncoder - [fcf4d191-5] Writing "722. foo bar"
16:11:20.063 [reactor-http-nio-10] DEBUG o.s.c.c.CharSequenceEncoder - [fcf4d191-5] Writing "723. foo bar"
16:11:20.063 [reactor-http-nio-10] DEBUG o.s.c.c.CharSequenceEncoder - [fcf4d191-5] Writing "724. foo bar"
16:11:20.063 [reactor-http-nio-10] DEBUG o.s.c.c.CharSequenceEncoder - [fcf4d191-5] Writing "725. foo bar"
16:11:20.063 [reactor-http-nio-10] DEBUG o.s.c.c.CharSequenceEncoder - [fcf4d191-5] Writing "726. foo bar"
16:11:20.063 [reactor-http-nio-10] DEBUG o.s.c.c.CharSequenceEncoder - [fcf4d191-5] Writing "727. foo bar"
16:11:20.064 [reactor-http-nio-10] DEBUG o.s.c.c.CharSequenceEncoder - [fcf4d191-5] Writing "728. foo bar"
16:11:20.064 [reactor-http-nio-10] DEBUG o.s.c.c.CharSequenceEncoder - [fcf4d191-5] Writing "729. foo bar"
16:11:20.064 [reactor-http-nio-10] DEBUG o.s.c.c.CharSequenceEncoder - [fcf4d191-5] Writing "730. foo bar"
16:11:20.064 [reactor-http-nio-10] DEBUG o.s.c.c.CharSequenceEncoder - [fcf4d191-5] Writing "731. foo bar"
16:11:20.064 [reactor-http-nio-10] DEBUG o.s.c.c.CharSequenceEncoder - [fcf4d191-5] Writing "732. foo bar"
16:11:20.064 [reactor-http-nio-10] DEBUG o.s.c.c.CharSequenceEncoder - [fcf4d191-5] Writing "733. foo bar"
16:11:20.064 [reactor-http-nio-10] DEBUG o.s.c.c.CharSequenceEncoder - [fcf4d191-5] Writing "734. foo bar"
16:11:20.064 [reactor-http-nio-10] DEBUG o.s.c.c.CharSequenceEncoder - [fcf4d191-5] Writing "735. foo bar"
16:11:20.064 [reactor-http-nio-10] DEBUG o.s.c.c.CharSequenceEncoder - [fcf4d191-5] Writing "736. foo bar"
16:11:20.064 [reactor-http-nio-10] DEBUG o.s.c.c.CharSequenceEncoder - [fcf4d191-5] Writing "737. foo bar"
16:11:20.064 [reactor-http-nio-10] DEBUG o.s.c.c.CharSequenceEncoder - [fcf4d191-5] Writing "738. foo bar"
16:11:20.064 [reactor-http-nio-10] DEBUG o.s.c.c.CharSequenceEncoder - [fcf4d191-5] Writing "739. foo bar"
16:11:20.064 [reactor-http-nio-10] DEBUG o.s.c.c.CharSequenceEncoder - [fcf4d191-5] Writing "740. foo bar"
16:11:20.064 [reactor-http-nio-10] DEBUG o.s.c.c.CharSequenceEncoder - [fcf4d191-5] Writing "741. foo bar"
16:11:20.064 [reactor-http-nio-10] DEBUG o.s.c.c.CharSequenceEncoder - [fcf4d191-5] Writing "742. foo bar"
16:11:20.064 [reactor-http-nio-10] DEBUG o.s.c.c.CharSequenceEncoder - [fcf4d191-5] Writing "743. foo bar"
16:11:20.064 [reactor-http-nio-10] DEBUG o.s.c.c.CharSequenceEncoder - [fcf4d191-5] Writing "744. foo bar"
16:11:20.064 [reactor-http-nio-10] DEBUG o.s.c.c.CharSequenceEncoder - [fcf4d191-5] Writing "745. foo bar"
16:11:20.065 [reactor-http-nio-10] DEBUG o.s.c.c.CharSequenceEncoder - [fcf4d191-5] Writing "746. foo bar"
16:11:20.065 [reactor-http-nio-10] DEBUG o.s.c.c.CharSequenceEncoder - [fcf4d191-5] Writing "747. foo bar"
16:11:20.065 [reactor-http-nio-10] DEBUG o.s.c.c.CharSequenceEncoder - [fcf4d191-5] Writing "748. foo bar"
16:11:20.065 [reactor-http-nio-10] DEBUG o.s.c.c.CharSequenceEncoder - [fcf4d191-5] Writing "749. foo bar"
16:11:20.065 [reactor-http-nio-10] DEBUG o.s.c.c.CharSequenceEncoder - [fcf4d191-5] Writing "750. foo bar"
16:11:20.065 [reactor-http-nio-10] DEBUG o.s.c.c.CharSequenceEncoder - [fcf4d191-5] Writing "751. foo bar"
16:11:20.065 [reactor-http-nio-10] DEBUG o.s.c.c.CharSequenceEncoder - [fcf4d191-5] Writing "752. foo bar"
16:11:20.065 [reactor-http-nio-10] DEBUG o.s.c.c.CharSequenceEncoder - [fcf4d191-5] Writing "753. foo bar"
16:11:20.065 [reactor-http-nio-10] DEBUG o.s.c.c.CharSequenceEncoder - [fcf4d191-5] Writing "754. foo bar"
16:11:20.065 [reactor-http-nio-10] DEBUG o.s.c.c.CharSequenceEncoder - [fcf4d191-5] Writing "755. foo bar"
16:11:20.065 [reactor-http-nio-10] DEBUG o.s.c.c.CharSequenceEncoder - [fcf4d191-5] Writing "756. foo bar"
16:11:20.065 [reactor-http-nio-10] DEBUG o.s.c.c.CharSequenceEncoder - [fcf4d191-5] Writing "757. foo bar"
16:11:20.065 [reactor-http-nio-10] DEBUG o.s.c.c.CharSequenceEncoder - [fcf4d191-5] Writing "758. foo bar"
16:11:20.065 [reactor-http-nio-10] DEBUG o.s.c.c.CharSequenceEncoder - [fcf4d191-5] Writing "759. foo bar"
16:11:20.065 [reactor-http-nio-10] DEBUG o.s.c.c.CharSequenceEncoder - [fcf4d191-5] Writing "760. foo bar"
16:11:20.066 [reactor-http-nio-10] DEBUG o.s.c.c.CharSequenceEncoder - [fcf4d191-5] Writing "761. foo bar"
16:11:20.066 [reactor-http-nio-10] DEBUG o.s.c.c.CharSequenceEncoder - [fcf4d191-5] Writing "762. foo bar"
16:11:20.066 [reactor-http-nio-10] DEBUG o.s.c.c.CharSequenceEncoder - [fcf4d191-5] Writing "763. foo bar"
16:11:20.066 [reactor-http-nio-10] DEBUG o.s.c.c.CharSequenceEncoder - [fcf4d191-5] Writing "764. foo bar"
16:11:20.066 [reactor-http-nio-10] DEBUG o.s.c.c.CharSequenceEncoder - [fcf4d191-5] Writing "765. foo bar"
16:11:20.066 [reactor-http-nio-10] DEBUG o.s.c.c.CharSequenceEncoder - [fcf4d191-5] Writing "766. foo bar"
16:11:20.066 [reactor-http-nio-10] DEBUG o.s.c.c.CharSequenceEncoder - [fcf4d191-5] Writing "767. foo bar"
16:11:20.066 [reactor-http-nio-10] DEBUG o.s.c.c.CharSequenceEncoder - [fcf4d191-5] Writing "768. foo bar"
16:11:20.158 [reactor-http-nio-10] DEBUG o.s.c.c.CharSequenceEncoder - [fcf4d191-5] Writing "769. foo bar"
16:11:20.158 [reactor-http-nio-10] DEBUG o.s.c.c.CharSequenceEncoder - [fcf4d191-5] Writing "770. foo bar"
16:11:20.158 [reactor-http-nio-10] DEBUG o.s.c.c.CharSequenceEncoder - [fcf4d191-5] Writing "771. foo bar"
16:11:20.159 [reactor-http-nio-10] DEBUG o.s.c.c.CharSequenceEncoder - [fcf4d191-5] Writing "772. foo bar"
16:11:20.159 [reactor-http-nio-10] DEBUG o.s.c.c.CharSequenceEncoder - [fcf4d191-5] Writing "773. foo bar"
16:11:20.159 [reactor-http-nio-10] DEBUG o.s.c.c.CharSequenceEncoder - [fcf4d191-5] Writing "774. foo bar"
16:11:20.159 [reactor-http-nio-10] DEBUG o.s.c.c.CharSequenceEncoder - [fcf4d191-5] Writing "775. foo bar"
16:11:20.159 [reactor-http-nio-10] DEBUG o.s.c.c.CharSequenceEncoder - [fcf4d191-5] Writing "776. foo bar"
16:11:20.159 [reactor-http-nio-10] DEBUG o.s.c.c.CharSequenceEncoder - [fcf4d191-5] Writing "777. foo bar"
16:11:20.159 [reactor-http-nio-10] DEBUG o.s.c.c.CharSequenceEncoder - [fcf4d191-5] Writing "778. foo bar"
16:11:20.159 [reactor-http-nio-10] DEBUG o.s.c.c.CharSequenceEncoder - [fcf4d191-5] Writing "779. foo bar"
16:11:20.159 [reactor-http-nio-10] DEBUG o.s.c.c.CharSequenceEncoder - [fcf4d191-5] Writing "780. foo bar"
16:11:20.159 [reactor-http-nio-10] DEBUG o.s.c.c.CharSequenceEncoder - [fcf4d191-5] Writing "781. foo bar"
16:11:20.159 [reactor-http-nio-10] DEBUG o.s.c.c.CharSequenceEncoder - [fcf4d191-5] Writing "782. foo bar"
16:11:20.159 [reactor-http-nio-10] DEBUG o.s.c.c.CharSequenceEncoder - [fcf4d191-5] Writing "783. foo bar"
16:11:20.159 [reactor-http-nio-10] DEBUG o.s.c.c.CharSequenceEncoder - [fcf4d191-5] Writing "784. foo bar"
16:11:20.159 [reactor-http-nio-10] DEBUG o.s.c.c.CharSequenceEncoder - [fcf4d191-5] Writing "785. foo bar"
16:11:20.159 [reactor-http-nio-10] DEBUG o.s.c.c.CharSequenceEncoder - [fcf4d191-5] Writing "786. foo bar"
16:11:20.160 [reactor-http-nio-10] DEBUG o.s.c.c.CharSequenceEncoder - [fcf4d191-5] Writing "787. foo bar"
16:11:20.160 [reactor-http-nio-10] DEBUG o.s.c.c.CharSequenceEncoder - [fcf4d191-5] Writing "788. foo bar"
16:11:20.160 [reactor-http-nio-10] DEBUG o.s.c.c.CharSequenceEncoder - [fcf4d191-5] Writing "789. foo bar"
16:11:20.160 [reactor-http-nio-10] DEBUG o.s.c.c.CharSequenceEncoder - [fcf4d191-5] Writing "790. foo bar"
16:11:20.160 [reactor-http-nio-10] DEBUG o.s.c.c.CharSequenceEncoder - [fcf4d191-5] Writing "791. foo bar"
16:11:20.160 [reactor-http-nio-10] DEBUG o.s.c.c.CharSequenceEncoder - [fcf4d191-5] Writing "792. foo bar"
16:11:20.160 [reactor-http-nio-10] DEBUG o.s.c.c.CharSequenceEncoder - [fcf4d191-5] Writing "793. foo bar"
16:11:20.160 [reactor-http-nio-10] DEBUG o.s.c.c.CharSequenceEncoder - [fcf4d191-5] Writing "794. foo bar"
16:11:20.160 [reactor-http-nio-10] DEBUG o.s.c.c.CharSequenceEncoder - [fcf4d191-5] Writing "795. foo bar"
16:11:20.160 [reactor-http-nio-10] DEBUG o.s.c.c.CharSequenceEncoder - [fcf4d191-5] Writing "796. foo bar"
16:11:20.160 [reactor-http-nio-10] DEBUG o.s.c.c.CharSequenceEncoder - [fcf4d191-5] Writing "797. foo bar"
16:11:20.160 [reactor-http-nio-10] DEBUG o.s.c.c.CharSequenceEncoder - [fcf4d191-5] Writing "798. foo bar"
16:11:20.160 [reactor-http-nio-10] DEBUG o.s.c.c.CharSequenceEncoder - [fcf4d191-5] Writing "799. foo bar"
16:11:20.160 [reactor-http-nio-10] DEBUG o.s.c.c.CharSequenceEncoder - [fcf4d191-5] Writing "800. foo bar"
16:11:20.160 [reactor-http-nio-10] DEBUG o.s.c.c.CharSequenceEncoder - [fcf4d191-5] Writing "801. foo bar"
16:11:20.161 [reactor-http-nio-10] DEBUG o.s.c.c.CharSequenceEncoder - [fcf4d191-5] Writing "802. foo bar"
16:11:20.161 [reactor-http-nio-10] DEBUG o.s.c.c.CharSequenceEncoder - [fcf4d191-5] Writing "803. foo bar"
16:11:20.161 [reactor-http-nio-10] DEBUG o.s.c.c.CharSequenceEncoder - [fcf4d191-5] Writing "804. foo bar"
16:11:20.161 [reactor-http-nio-10] DEBUG o.s.c.c.CharSequenceEncoder - [fcf4d191-5] Writing "805. foo bar"
16:11:20.161 [reactor-http-nio-10] DEBUG o.s.c.c.CharSequenceEncoder - [fcf4d191-5] Writing "806. foo bar"
16:11:20.161 [reactor-http-nio-10] DEBUG o.s.c.c.CharSequenceEncoder - [fcf4d191-5] Writing "807. foo bar"
16:11:20.161 [reactor-http-nio-10] DEBUG o.s.c.c.CharSequenceEncoder - [fcf4d191-5] Writing "808. foo bar"
16:11:20.161 [reactor-http-nio-10] DEBUG o.s.c.c.CharSequenceEncoder - [fcf4d191-5] Writing "809. foo bar"
16:11:20.161 [reactor-http-nio-10] DEBUG o.s.c.c.CharSequenceEncoder - [fcf4d191-5] Writing "810. foo bar"
16:11:20.161 [reactor-http-nio-10] DEBUG o.s.c.c.CharSequenceEncoder - [fcf4d191-5] Writing "811. foo bar"
16:11:20.161 [reactor-http-nio-10] DEBUG o.s.c.c.CharSequenceEncoder - [fcf4d191-5] Writing "812. foo bar"
16:11:20.161 [reactor-http-nio-10] DEBUG o.s.c.c.CharSequenceEncoder - [fcf4d191-5] Writing "813. foo bar"
16:11:20.161 [reactor-http-nio-10] DEBUG o.s.c.c.CharSequenceEncoder - [fcf4d191-5] Writing "814. foo bar"
16:11:20.161 [reactor-http-nio-10] DEBUG o.s.c.c.CharSequenceEncoder - [fcf4d191-5] Writing "815. foo bar"
16:11:20.162 [reactor-http-nio-10] DEBUG o.s.c.c.CharSequenceEncoder - [fcf4d191-5] Writing "816. foo bar"
16:11:20.162 [reactor-http-nio-10] DEBUG o.s.c.c.CharSequenceEncoder - [fcf4d191-5] Writing "817. foo bar"
16:11:20.162 [reactor-http-nio-10] DEBUG o.s.c.c.CharSequenceEncoder - [fcf4d191-5] Writing "818. foo bar"
16:11:20.162 [reactor-http-nio-10] DEBUG o.s.c.c.CharSequenceEncoder - [fcf4d191-5] Writing "819. foo bar"
16:11:20.162 [reactor-http-nio-10] DEBUG o.s.c.c.CharSequenceEncoder - [fcf4d191-5] Writing "820. foo bar"
16:11:20.162 [reactor-http-nio-10] DEBUG o.s.c.c.CharSequenceEncoder - [fcf4d191-5] Writing "821. foo bar"
16:11:20.162 [reactor-http-nio-10] DEBUG o.s.c.c.CharSequenceEncoder - [fcf4d191-5] Writing "822. foo bar"
16:11:20.162 [reactor-http-nio-10] DEBUG o.s.c.c.CharSequenceEncoder - [fcf4d191-5] Writing "823. foo bar"
16:11:20.162 [reactor-http-nio-10] DEBUG o.s.c.c.CharSequenceEncoder - [fcf4d191-5] Writing "824. foo bar"
16:11:20.162 [reactor-http-nio-10] DEBUG o.s.c.c.CharSequenceEncoder - [fcf4d191-5] Writing "825. foo bar"
16:11:20.162 [reactor-http-nio-10] DEBUG o.s.c.c.CharSequenceEncoder - [fcf4d191-5] Writing "826. foo bar"
16:11:20.162 [reactor-http-nio-10] DEBUG o.s.c.c.CharSequenceEncoder - [fcf4d191-5] Writing "827. foo bar"
16:11:20.162 [reactor-http-nio-10] DEBUG o.s.c.c.CharSequenceEncoder - [fcf4d191-5] Writing "828. foo bar"
16:11:20.162 [reactor-http-nio-10] DEBUG o.s.c.c.CharSequenceEncoder - [fcf4d191-5] Writing "829. foo bar"
16:11:20.162 [reactor-http-nio-10] DEBUG o.s.c.c.CharSequenceEncoder - [fcf4d191-5] Writing "830. foo bar"
16:11:20.162 [reactor-http-nio-10] DEBUG o.s.c.c.CharSequenceEncoder - [fcf4d191-5] Writing "831. foo bar"
16:11:20.162 [reactor-http-nio-10] DEBUG o.s.c.c.CharSequenceEncoder - [fcf4d191-5] Writing "832. foo bar"
16:11:20.228 [reactor-http-nio-10] DEBUG o.s.c.c.CharSequenceEncoder - [fcf4d191-5] Writing "833. foo bar"
16:11:20.228 [reactor-http-nio-10] DEBUG o.s.c.c.CharSequenceEncoder - [fcf4d191-5] Writing "834. foo bar"
16:11:20.229 [reactor-http-nio-10] DEBUG o.s.c.c.CharSequenceEncoder - [fcf4d191-5] Writing "835. foo bar"
16:11:20.229 [reactor-http-nio-10] DEBUG o.s.c.c.CharSequenceEncoder - [fcf4d191-5] Writing "836. foo bar"
16:11:20.229 [reactor-http-nio-10] DEBUG o.s.c.c.CharSequenceEncoder - [fcf4d191-5] Writing "837. foo bar"
16:11:20.229 [reactor-http-nio-10] DEBUG o.s.c.c.CharSequenceEncoder - [fcf4d191-5] Writing "838. foo bar"
16:11:20.229 [reactor-http-nio-10] DEBUG o.s.c.c.CharSequenceEncoder - [fcf4d191-5] Writing "839. foo bar"
16:11:20.230 [reactor-http-nio-10] DEBUG o.s.c.c.CharSequenceEncoder - [fcf4d191-5] Writing "840. foo bar"
16:11:20.230 [reactor-http-nio-10] DEBUG o.s.c.c.CharSequenceEncoder - [fcf4d191-5] Writing "841. foo bar"
16:11:20.230 [reactor-http-nio-10] DEBUG o.s.c.c.CharSequenceEncoder - [fcf4d191-5] Writing "842. foo bar"
16:11:20.230 [reactor-http-nio-10] DEBUG o.s.c.c.CharSequenceEncoder - [fcf4d191-5] Writing "843. foo bar"
16:11:20.230 [reactor-http-nio-10] DEBUG o.s.c.c.CharSequenceEncoder - [fcf4d191-5] Writing "844. foo bar"
16:11:20.230 [reactor-http-nio-10] DEBUG o.s.c.c.CharSequenceEncoder - [fcf4d191-5] Writing "845. foo bar"
16:11:20.230 [reactor-http-nio-10] DEBUG o.s.c.c.CharSequenceEncoder - [fcf4d191-5] Writing "846. foo bar"
16:11:20.230 [reactor-http-nio-10] DEBUG o.s.c.c.CharSequenceEncoder - [fcf4d191-5] Writing "847. foo bar"
16:11:20.230 [reactor-http-nio-10] DEBUG o.s.c.c.CharSequenceEncoder - [fcf4d191-5] Writing "848. foo bar"
16:11:20.230 [reactor-http-nio-10] DEBUG o.s.c.c.CharSequenceEncoder - [fcf4d191-5] Writing "849. foo bar"
16:11:20.230 [reactor-http-nio-10] DEBUG o.s.c.c.CharSequenceEncoder - [fcf4d191-5] Writing "850. foo bar"
16:11:20.230 [reactor-http-nio-10] DEBUG o.s.c.c.CharSequenceEncoder - [fcf4d191-5] Writing "851. foo bar"
16:11:20.232 [reactor-http-nio-10] DEBUG o.s.c.c.CharSequenceEncoder - [fcf4d191-5] Writing "852. foo bar"
16:11:20.232 [reactor-http-nio-10] DEBUG o.s.c.c.CharSequenceEncoder - [fcf4d191-5] Writing "853. foo bar"
16:11:20.232 [reactor-http-nio-10] DEBUG o.s.c.c.CharSequenceEncoder - [fcf4d191-5] Writing "854. foo bar"
16:11:20.235 [reactor-http-nio-10] DEBUG o.s.c.c.CharSequenceEncoder - [fcf4d191-5] Writing "855. foo bar"
16:11:20.235 [reactor-http-nio-10] DEBUG o.s.c.c.CharSequenceEncoder - [fcf4d191-5] Writing "856. foo bar"
16:11:20.235 [reactor-http-nio-10] DEBUG o.s.c.c.CharSequenceEncoder - [fcf4d191-5] Writing "857. foo bar"
16:11:20.235 [reactor-http-nio-10] DEBUG o.s.c.c.CharSequenceEncoder - [fcf4d191-5] Writing "858. foo bar"
16:11:20.235 [reactor-http-nio-10] DEBUG o.s.c.c.CharSequenceEncoder - [fcf4d191-5] Writing "859. foo bar"
16:11:20.235 [reactor-http-nio-10] DEBUG o.s.c.c.CharSequenceEncoder - [fcf4d191-5] Writing "860. foo bar"
16:11:20.235 [reactor-http-nio-10] DEBUG o.s.c.c.CharSequenceEncoder - [fcf4d191-5] Writing "861. foo bar"
16:11:20.235 [reactor-http-nio-10] DEBUG o.s.c.c.CharSequenceEncoder - [fcf4d191-5] Writing "862. foo bar"
16:11:20.235 [reactor-http-nio-10] DEBUG o.s.c.c.CharSequenceEncoder - [fcf4d191-5] Writing "863. foo bar"
16:11:20.235 [reactor-http-nio-10] DEBUG o.s.c.c.CharSequenceEncoder - [fcf4d191-5] Writing "864. foo bar"
16:11:20.235 [reactor-http-nio-10] DEBUG o.s.c.c.CharSequenceEncoder - [fcf4d191-5] Writing "865. foo bar"
16:11:20.235 [reactor-http-nio-10] DEBUG o.s.c.c.CharSequenceEncoder - [fcf4d191-5] Writing "866. foo bar"
16:11:20.235 [reactor-http-nio-10] DEBUG o.s.c.c.CharSequenceEncoder - [fcf4d191-5] Writing "867. foo bar"
16:11:20.235 [reactor-http-nio-10] DEBUG o.s.c.c.CharSequenceEncoder - [fcf4d191-5] Writing "868. foo bar"
16:11:20.235 [reactor-http-nio-10] DEBUG o.s.c.c.CharSequenceEncoder - [fcf4d191-5] Writing "869. foo bar"
16:11:20.236 [reactor-http-nio-10] DEBUG o.s.c.c.CharSequenceEncoder - [fcf4d191-5] Writing "870. foo bar"
16:11:20.236 [reactor-http-nio-10] DEBUG o.s.c.c.CharSequenceEncoder - [fcf4d191-5] Writing "871. foo bar"
16:11:20.236 [reactor-http-nio-10] DEBUG o.s.c.c.CharSequenceEncoder - [fcf4d191-5] Writing "872. foo bar"
16:11:20.236 [reactor-http-nio-10] DEBUG o.s.c.c.CharSequenceEncoder - [fcf4d191-5] Writing "873. foo bar"
16:11:20.236 [reactor-http-nio-10] DEBUG o.s.c.c.CharSequenceEncoder - [fcf4d191-5] Writing "874. foo bar"
16:11:20.236 [reactor-http-nio-10] DEBUG o.s.c.c.CharSequenceEncoder - [fcf4d191-5] Writing "875. foo bar"
16:11:20.236 [reactor-http-nio-10] DEBUG o.s.c.c.CharSequenceEncoder - [fcf4d191-5] Writing "876. foo bar"
16:11:20.236 [reactor-http-nio-10] DEBUG o.s.c.c.CharSequenceEncoder - [fcf4d191-5] Writing "877. foo bar"
16:11:20.236 [reactor-http-nio-10] DEBUG o.s.c.c.CharSequenceEncoder - [fcf4d191-5] Writing "878. foo bar"
16:11:20.236 [reactor-http-nio-10] DEBUG o.s.c.c.CharSequenceEncoder - [fcf4d191-5] Writing "879. foo bar"
16:11:20.236 [reactor-http-nio-10] DEBUG o.s.c.c.CharSequenceEncoder - [fcf4d191-5] Writing "880. foo bar"
16:11:20.236 [reactor-http-nio-10] DEBUG o.s.c.c.CharSequenceEncoder - [fcf4d191-5] Writing "881. foo bar"
16:11:20.236 [reactor-http-nio-10] DEBUG o.s.c.c.CharSequenceEncoder - [fcf4d191-5] Writing "882. foo bar"
16:11:20.236 [reactor-http-nio-10] DEBUG o.s.c.c.CharSequenceEncoder - [fcf4d191-5] Writing "883. foo bar"
16:11:20.236 [reactor-http-nio-10] DEBUG o.s.c.c.CharSequenceEncoder - [fcf4d191-5] Writing "884. foo bar"
16:11:20.236 [reactor-http-nio-10] DEBUG o.s.c.c.CharSequenceEncoder - [fcf4d191-5] Writing "885. foo bar"
16:11:20.236 [reactor-http-nio-10] DEBUG o.s.c.c.CharSequenceEncoder - [fcf4d191-5] Writing "886. foo bar"
16:11:20.237 [reactor-http-nio-10] DEBUG o.s.c.c.CharSequenceEncoder - [fcf4d191-5] Writing "887. foo bar"
16:11:20.237 [reactor-http-nio-10] DEBUG o.s.c.c.CharSequenceEncoder - [fcf4d191-5] Writing "888. foo bar"
16:11:20.237 [reactor-http-nio-10] DEBUG o.s.c.c.CharSequenceEncoder - [fcf4d191-5] Writing "889. foo bar"
16:11:20.237 [reactor-http-nio-10] DEBUG o.s.c.c.CharSequenceEncoder - [fcf4d191-5] Writing "890. foo bar"
16:11:20.237 [reactor-http-nio-10] DEBUG o.s.c.c.CharSequenceEncoder - [fcf4d191-5] Writing "891. foo bar"
16:11:20.237 [reactor-http-nio-10] DEBUG o.s.c.c.CharSequenceEncoder - [fcf4d191-5] Writing "892. foo bar"
16:11:20.237 [reactor-http-nio-10] DEBUG o.s.c.c.CharSequenceEncoder - [fcf4d191-5] Writing "893. foo bar"
16:11:20.237 [reactor-http-nio-10] DEBUG o.s.c.c.CharSequenceEncoder - [fcf4d191-5] Writing "894. foo bar"
16:11:20.237 [reactor-http-nio-10] DEBUG o.s.c.c.CharSequenceEncoder - [fcf4d191-5] Writing "895. foo bar"
16:11:20.237 [reactor-http-nio-10] DEBUG o.s.c.c.CharSequenceEncoder - [fcf4d191-5] Writing "896. foo bar"
16:11:20.311 [reactor-http-nio-10] DEBUG o.s.c.c.CharSequenceEncoder - [fcf4d191-5] Writing "897. foo bar"
16:11:20.312 [reactor-http-nio-10] DEBUG o.s.c.c.CharSequenceEncoder - [fcf4d191-5] Writing "898. foo bar"
16:11:20.312 [reactor-http-nio-10] DEBUG o.s.c.c.CharSequenceEncoder - [fcf4d191-5] Writing "899. foo bar"
16:11:20.312 [reactor-http-nio-10] DEBUG o.s.c.c.CharSequenceEncoder - [fcf4d191-5] Writing "900. foo bar"
16:11:20.312 [reactor-http-nio-10] DEBUG o.s.c.c.CharSequenceEncoder - [fcf4d191-5] Writing "901. foo bar"
16:11:20.312 [reactor-http-nio-10] DEBUG o.s.c.c.CharSequenceEncoder - [fcf4d191-5] Writing "902. foo bar"
16:11:20.312 [reactor-http-nio-10] DEBUG o.s.c.c.CharSequenceEncoder - [fcf4d191-5] Writing "903. foo bar"
16:11:20.312 [reactor-http-nio-10] DEBUG o.s.c.c.CharSequenceEncoder - [fcf4d191-5] Writing "904. foo bar"
16:11:20.312 [reactor-http-nio-10] DEBUG o.s.c.c.CharSequenceEncoder - [fcf4d191-5] Writing "905. foo bar"
16:11:20.312 [reactor-http-nio-10] DEBUG o.s.c.c.CharSequenceEncoder - [fcf4d191-5] Writing "906. foo bar"
16:11:20.312 [reactor-http-nio-10] DEBUG o.s.c.c.CharSequenceEncoder - [fcf4d191-5] Writing "907. foo bar"
16:11:20.312 [reactor-http-nio-10] DEBUG o.s.c.c.CharSequenceEncoder - [fcf4d191-5] Writing "908. foo bar"
16:11:20.312 [reactor-http-nio-10] DEBUG o.s.c.c.CharSequenceEncoder - [fcf4d191-5] Writing "909. foo bar"
16:11:20.312 [reactor-http-nio-10] DEBUG o.s.c.c.CharSequenceEncoder - [fcf4d191-5] Writing "910. foo bar"
16:11:20.312 [reactor-http-nio-10] DEBUG o.s.c.c.CharSequenceEncoder - [fcf4d191-5] Writing "911. foo bar"
16:11:20.312 [reactor-http-nio-10] DEBUG o.s.c.c.CharSequenceEncoder - [fcf4d191-5] Writing "912. foo bar"
16:11:20.312 [reactor-http-nio-10] DEBUG o.s.c.c.CharSequenceEncoder - [fcf4d191-5] Writing "913. foo bar"
16:11:20.313 [reactor-http-nio-10] DEBUG o.s.c.c.CharSequenceEncoder - [fcf4d191-5] Writing "914. foo bar"
16:11:20.313 [reactor-http-nio-10] DEBUG o.s.c.c.CharSequenceEncoder - [fcf4d191-5] Writing "915. foo bar"
16:11:20.313 [reactor-http-nio-10] DEBUG o.s.c.c.CharSequenceEncoder - [fcf4d191-5] Writing "916. foo bar"
16:11:20.313 [reactor-http-nio-10] DEBUG o.s.c.c.CharSequenceEncoder - [fcf4d191-5] Writing "917. foo bar"
16:11:20.313 [reactor-http-nio-10] DEBUG o.s.c.c.CharSequenceEncoder - [fcf4d191-5] Writing "918. foo bar"
16:11:20.313 [reactor-http-nio-10] DEBUG o.s.c.c.CharSequenceEncoder - [fcf4d191-5] Writing "919. foo bar"
16:11:20.313 [reactor-http-nio-10] DEBUG o.s.c.c.CharSequenceEncoder - [fcf4d191-5] Writing "920. foo bar"
16:11:20.313 [reactor-http-nio-10] DEBUG o.s.c.c.CharSequenceEncoder - [fcf4d191-5] Writing "921. foo bar"
16:11:20.313 [reactor-http-nio-10] DEBUG o.s.c.c.CharSequenceEncoder - [fcf4d191-5] Writing "922. foo bar"
16:11:20.313 [reactor-http-nio-10] DEBUG o.s.c.c.CharSequenceEncoder - [fcf4d191-5] Writing "923. foo bar"
16:11:20.313 [reactor-http-nio-10] DEBUG o.s.c.c.CharSequenceEncoder - [fcf4d191-5] Writing "924. foo bar"
16:11:20.313 [reactor-http-nio-10] DEBUG o.s.c.c.CharSequenceEncoder - [fcf4d191-5] Writing "925. foo bar"
16:11:20.313 [reactor-http-nio-10] DEBUG o.s.c.c.CharSequenceEncoder - [fcf4d191-5] Writing "926. foo bar"
16:11:20.313 [reactor-http-nio-10] DEBUG o.s.c.c.CharSequenceEncoder - [fcf4d191-5] Writing "927. foo bar"
16:11:20.313 [reactor-http-nio-10] DEBUG o.s.c.c.CharSequenceEncoder - [fcf4d191-5] Writing "928. foo bar"
16:11:20.313 [reactor-http-nio-10] DEBUG o.s.c.c.CharSequenceEncoder - [fcf4d191-5] Writing "929. foo bar"
16:11:20.313 [reactor-http-nio-10] DEBUG o.s.c.c.CharSequenceEncoder - [fcf4d191-5] Writing "930. foo bar"
16:11:20.313 [reactor-http-nio-10] DEBUG o.s.c.c.CharSequenceEncoder - [fcf4d191-5] Writing "931. foo bar"
16:11:20.313 [reactor-http-nio-10] DEBUG o.s.c.c.CharSequenceEncoder - [fcf4d191-5] Writing "932. foo bar"
16:11:20.313 [reactor-http-nio-10] DEBUG o.s.c.c.CharSequenceEncoder - [fcf4d191-5] Writing "933. foo bar"
16:11:20.313 [reactor-http-nio-10] DEBUG o.s.c.c.CharSequenceEncoder - [fcf4d191-5] Writing "934. foo bar"
16:11:20.314 [reactor-http-nio-10] DEBUG o.s.c.c.CharSequenceEncoder - [fcf4d191-5] Writing "935. foo bar"
16:11:20.314 [reactor-http-nio-10] DEBUG o.s.c.c.CharSequenceEncoder - [fcf4d191-5] Writing "936. foo bar"
16:11:20.314 [reactor-http-nio-10] DEBUG o.s.c.c.CharSequenceEncoder - [fcf4d191-5] Writing "937. foo bar"
16:11:20.314 [reactor-http-nio-10] DEBUG o.s.c.c.CharSequenceEncoder - [fcf4d191-5] Writing "938. foo bar"
16:11:20.314 [reactor-http-nio-10] DEBUG o.s.c.c.CharSequenceEncoder - [fcf4d191-5] Writing "939. foo bar"
16:11:20.314 [reactor-http-nio-10] DEBUG o.s.c.c.CharSequenceEncoder - [fcf4d191-5] Writing "940. foo bar"
16:11:20.314 [reactor-http-nio-10] DEBUG o.s.c.c.CharSequenceEncoder - [fcf4d191-5] Writing "941. foo bar"
16:11:20.314 [reactor-http-nio-10] DEBUG o.s.c.c.CharSequenceEncoder - [fcf4d191-5] Writing "942. foo bar"
16:11:20.314 [reactor-http-nio-10] DEBUG o.s.c.c.CharSequenceEncoder - [fcf4d191-5] Writing "943. foo bar"
16:11:20.314 [reactor-http-nio-10] DEBUG o.s.c.c.CharSequenceEncoder - [fcf4d191-5] Writing "944. foo bar"
16:11:20.314 [reactor-http-nio-10] DEBUG o.s.c.c.CharSequenceEncoder - [fcf4d191-5] Writing "945. foo bar"
16:11:20.314 [reactor-http-nio-10] DEBUG o.s.c.c.CharSequenceEncoder - [fcf4d191-5] Writing "946. foo bar"
16:11:20.314 [reactor-http-nio-10] DEBUG o.s.c.c.CharSequenceEncoder - [fcf4d191-5] Writing "947. foo bar"
16:11:20.314 [reactor-http-nio-10] DEBUG o.s.c.c.CharSequenceEncoder - [fcf4d191-5] Writing "948. foo bar"
16:11:20.314 [reactor-http-nio-10] DEBUG o.s.c.c.CharSequenceEncoder - [fcf4d191-5] Writing "949. foo bar"
16:11:20.314 [reactor-http-nio-10] DEBUG o.s.c.c.CharSequenceEncoder - [fcf4d191-5] Writing "950. foo bar"
16:11:20.314 [reactor-http-nio-10] DEBUG o.s.c.c.CharSequenceEncoder - [fcf4d191-5] Writing "951. foo bar"
16:11:20.314 [reactor-http-nio-10] DEBUG o.s.c.c.CharSequenceEncoder - [fcf4d191-5] Writing "952. foo bar"
16:11:20.314 [reactor-http-nio-10] DEBUG o.s.c.c.CharSequenceEncoder - [fcf4d191-5] Writing "953. foo bar"
16:11:20.314 [reactor-http-nio-10] DEBUG o.s.c.c.CharSequenceEncoder - [fcf4d191-5] Writing "954. foo bar"
16:11:20.314 [reactor-http-nio-10] DEBUG o.s.c.c.CharSequenceEncoder - [fcf4d191-5] Writing "955. foo bar"
16:11:20.314 [reactor-http-nio-10] DEBUG o.s.c.c.CharSequenceEncoder - [fcf4d191-5] Writing "956. foo bar"
16:11:20.314 [reactor-http-nio-10] DEBUG o.s.c.c.CharSequenceEncoder - [fcf4d191-5] Writing "957. foo bar"
16:11:20.314 [reactor-http-nio-10] DEBUG o.s.c.c.CharSequenceEncoder - [fcf4d191-5] Writing "958. foo bar"
16:11:20.315 [reactor-http-nio-10] DEBUG o.s.c.c.CharSequenceEncoder - [fcf4d191-5] Writing "959. foo bar"
16:11:20.315 [reactor-http-nio-10] DEBUG o.s.c.c.CharSequenceEncoder - [fcf4d191-5] Writing "960. foo bar"
16:11:20.379 [reactor-http-nio-10] DEBUG o.s.c.c.CharSequenceEncoder - [fcf4d191-5] Writing "961. foo bar"
16:11:20.379 [reactor-http-nio-10] DEBUG o.s.c.c.CharSequenceEncoder - [fcf4d191-5] Writing "962. foo bar"
16:11:20.379 [reactor-http-nio-10] DEBUG o.s.c.c.CharSequenceEncoder - [fcf4d191-5] Writing "963. foo bar"
16:11:20.380 [reactor-http-nio-10] DEBUG o.s.c.c.CharSequenceEncoder - [fcf4d191-5] Writing "964. foo bar"
16:11:20.380 [reactor-http-nio-10] DEBUG o.s.c.c.CharSequenceEncoder - [fcf4d191-5] Writing "965. foo bar"
16:11:20.380 [reactor-http-nio-10] DEBUG o.s.c.c.CharSequenceEncoder - [fcf4d191-5] Writing "966. foo bar"
16:11:20.380 [reactor-http-nio-10] DEBUG o.s.c.c.CharSequenceEncoder - [fcf4d191-5] Writing "967. foo bar"
16:11:20.380 [reactor-http-nio-10] DEBUG o.s.c.c.CharSequenceEncoder - [fcf4d191-5] Writing "968. foo bar"
16:11:20.380 [reactor-http-nio-10] DEBUG o.s.c.c.CharSequenceEncoder - [fcf4d191-5] Writing "969. foo bar"
16:11:20.380 [reactor-http-nio-10] DEBUG o.s.c.c.CharSequenceEncoder - [fcf4d191-5] Writing "970. foo bar"
16:11:20.380 [reactor-http-nio-10] DEBUG o.s.c.c.CharSequenceEncoder - [fcf4d191-5] Writing "971. foo bar"
16:11:20.380 [reactor-http-nio-10] DEBUG o.s.c.c.CharSequenceEncoder - [fcf4d191-5] Writing "972. foo bar"
16:11:20.380 [reactor-http-nio-10] DEBUG o.s.c.c.CharSequenceEncoder - [fcf4d191-5] Writing "973. foo bar"
16:11:20.380 [reactor-http-nio-10] DEBUG o.s.c.c.CharSequenceEncoder - [fcf4d191-5] Writing "974. foo bar"
16:11:20.380 [reactor-http-nio-10] DEBUG o.s.c.c.CharSequenceEncoder - [fcf4d191-5] Writing "975. foo bar"
16:11:20.380 [reactor-http-nio-10] DEBUG o.s.c.c.CharSequenceEncoder - [fcf4d191-5] Writing "976. foo bar"
16:11:20.380 [reactor-http-nio-10] DEBUG o.s.c.c.CharSequenceEncoder - [fcf4d191-5] Writing "977. foo bar"
16:11:20.381 [reactor-http-nio-10] DEBUG o.s.c.c.CharSequenceEncoder - [fcf4d191-5] Writing "978. foo bar"
16:11:20.381 [reactor-http-nio-10] DEBUG o.s.c.c.CharSequenceEncoder - [fcf4d191-5] Writing "979. foo bar"
16:11:20.381 [reactor-http-nio-10] DEBUG o.s.c.c.CharSequenceEncoder - [fcf4d191-5] Writing "980. foo bar"
16:11:20.381 [reactor-http-nio-10] DEBUG o.s.c.c.CharSequenceEncoder - [fcf4d191-5] Writing "981. foo bar"
16:11:20.381 [reactor-http-nio-10] DEBUG o.s.c.c.CharSequenceEncoder - [fcf4d191-5] Writing "982. foo bar"
16:11:20.381 [reactor-http-nio-10] DEBUG o.s.c.c.CharSequenceEncoder - [fcf4d191-5] Writing "983. foo bar"
16:11:20.381 [reactor-http-nio-10] DEBUG o.s.c.c.CharSequenceEncoder - [fcf4d191-5] Writing "984. foo bar"
16:11:20.381 [reactor-http-nio-10] DEBUG o.s.c.c.CharSequenceEncoder - [fcf4d191-5] Writing "985. foo bar"
16:11:20.381 [reactor-http-nio-10] DEBUG o.s.c.c.CharSequenceEncoder - [fcf4d191-5] Writing "986. foo bar"
16:11:20.381 [reactor-http-nio-10] DEBUG o.s.c.c.CharSequenceEncoder - [fcf4d191-5] Writing "987. foo bar"
16:11:20.381 [reactor-http-nio-10] DEBUG o.s.c.c.CharSequenceEncoder - [fcf4d191-5] Writing "988. foo bar"
16:11:20.381 [reactor-http-nio-10] DEBUG o.s.c.c.CharSequenceEncoder - [fcf4d191-5] Writing "989. foo bar"
16:11:20.383 [reactor-http-nio-10] DEBUG o.s.c.c.CharSequenceEncoder - [fcf4d191-5] Writing "990. foo bar"
16:11:20.384 [reactor-http-nio-10] DEBUG o.s.c.c.CharSequenceEncoder - [fcf4d191-5] Writing "991. foo bar"
16:11:20.384 [reactor-http-nio-10] DEBUG o.s.c.c.CharSequenceEncoder - [fcf4d191-5] Writing "992. foo bar"
16:11:20.384 [reactor-http-nio-10] DEBUG o.s.c.c.CharSequenceEncoder - [fcf4d191-5] Writing "993. foo bar"
16:11:20.384 [reactor-http-nio-10] DEBUG o.s.c.c.CharSequenceEncoder - [fcf4d191-5] Writing "994. foo bar"
16:11:20.384 [reactor-http-nio-10] DEBUG o.s.c.c.CharSequenceEncoder - [fcf4d191-5] Writing "995. foo bar"
16:11:20.384 [reactor-http-nio-10] DEBUG o.s.c.c.CharSequenceEncoder - [fcf4d191-5] Writing "996. foo bar"
16:11:20.384 [reactor-http-nio-10] DEBUG o.s.c.c.CharSequenceEncoder - [fcf4d191-5] Writing "997. foo bar"
16:11:20.384 [reactor-http-nio-10] DEBUG o.s.c.c.CharSequenceEncoder - [fcf4d191-5] Writing "998. foo bar"
16:11:20.384 [reactor-http-nio-10] DEBUG o.s.c.c.CharSequenceEncoder - [fcf4d191-5] Writing "999. foo bar"
16:11:20.409 [reactor-http-nio-10] ERROR o.s.w.s.a.HttpWebHandlerAdapter - [fcf4d191-5] Error [java.lang.RuntimeException: Random error] for HTTP GET "/SPR-16051", but ServerHttpResponse already committed (200 OK)
16:11:20.409 [reactor-http-nio-10] ERROR r.n.h.s.HttpServerOperations - [id: 0xfcf4d191, L:/127.0.0.1:54765 - R:/127.0.0.1:54766] Error finishing response. Closing connection
java.lang.RuntimeException: Random error
	at org.springframework.web.reactive.result.method.annotation.RequestMappingExceptionHandlingIntegrationTests$TestController.lambda$errors$0(RequestMappingExceptionHandlingIntegrationTests.java:154) ~[test/:?]
	Suppressed: reactor.core.publisher.FluxOnAssembly$OnAssemblyException: 
Error has been observed at the following site(s):
	|_ checkpoint ⇢ Handler org.springframework.web.reactive.result.method.annotation.RequestMappingExceptionHandlingIntegrationTests$TestController#errors() [DispatcherHandler]
	|_ checkpoint ⇢ HTTP GET "/SPR-16051" [ExceptionHandlingWebHandler]
Stack trace:
		at org.springframework.web.reactive.result.method.annotation.RequestMappingExceptionHandlingIntegrationTests$TestController.lambda$errors$0(RequestMappingExceptionHandlingIntegrationTests.java:154) ~[test/:?]
		at reactor.core.publisher.FluxMapFuseable$MapFuseableSubscriber.onNext(FluxMapFuseable.java:107) ~[reactor-core-3.3.17.RELEASE.jar:3.3.17.RELEASE]
		at reactor.core.publisher.FluxRange$RangeSubscription.slowPath(FluxRange.java:154) ~[reactor-core-3.3.17.RELEASE.jar:3.3.17.RELEASE]
		at reactor.core.publisher.FluxRange$RangeSubscription.request(FluxRange.java:109) ~[reactor-core-3.3.17.RELEASE.jar:3.3.17.RELEASE]
		at reactor.core.publisher.FluxMapFuseable$MapFuseableSubscriber.request(FluxMapFuseable.java:162) ~[reactor-core-3.3.17.RELEASE.jar:3.3.17.RELEASE]
		at reactor.core.publisher.FluxMapFuseable$MapFuseableSubscriber.request(FluxMapFuseable.java:162) ~[reactor-core-3.3.17.RELEASE.jar:3.3.17.RELEASE]
		at org.springframework.http.server.reactive.ChannelSendOperator$WriteBarrier.request(ChannelSendOperator.java:272) ~[spring-web-5.2.16.BUILD-SNAPSHOT.jar:5.2.16.BUILD-SNAPSHOT]
		at reactor.core.publisher.FluxMap$MapSubscriber.request(FluxMap.java:155) ~[reactor-core-3.3.17.RELEASE.jar:3.3.17.RELEASE]
		at reactor.netty.channel.MonoSendMany$SendManyInner.run(MonoSendMany.java:356) [reactor-netty-0.9.20.RELEASE.jar:0.9.20.RELEASE]
		at reactor.netty.channel.MonoSendMany$SendManyInner.trySchedule(MonoSendMany.java:419) [reactor-netty-0.9.20.RELEASE.jar:0.9.20.RELEASE]
		at reactor.netty.channel.MonoSendMany$SendManyInner.trySuccess(MonoSendMany.java:570) [reactor-netty-0.9.20.RELEASE.jar:0.9.20.RELEASE]
		at reactor.netty.channel.MonoSendMany$SendManyInner.trySuccess(MonoSendMany.java:114) [reactor-netty-0.9.20.RELEASE.jar:0.9.20.RELEASE]
		at io.netty.util.concurrent.PromiseCombiner.tryPromise(PromiseCombiner.java:170) [netty-common-4.1.51.Final.jar:4.1.51.Final]
		at io.netty.util.concurrent.PromiseCombiner.access$600(PromiseCombiner.java:35) [netty-common-4.1.51.Final.jar:4.1.51.Final]
		at io.netty.util.concurrent.PromiseCombiner$1.operationComplete0(PromiseCombiner.java:62) [netty-common-4.1.51.Final.jar:4.1.51.Final]
		at io.netty.util.concurrent.PromiseCombiner$1.operationComplete(PromiseCombiner.java:44) [netty-common-4.1.51.Final.jar:4.1.51.Final]
		at io.netty.util.concurrent.DefaultPromise.notifyListener0(DefaultPromise.java:577) [netty-common-4.1.51.Final.jar:4.1.51.Final]
		at io.netty.util.concurrent.DefaultPromise.notifyListenersNow(DefaultPromise.java:551) [netty-common-4.1.51.Final.jar:4.1.51.Final]
		at io.netty.util.concurrent.DefaultPromise.notifyListeners(DefaultPromise.java:490) [netty-common-4.1.51.Final.jar:4.1.51.Final]
		at io.netty.util.concurrent.DefaultPromise.setValue0(DefaultPromise.java:615) [netty-common-4.1.51.Final.jar:4.1.51.Final]
		at io.netty.util.concurrent.DefaultPromise.setSuccess0(DefaultPromise.java:604) [netty-common-4.1.51.Final.jar:4.1.51.Final]
		at io.netty.util.concurrent.DefaultPromise.trySuccess(DefaultPromise.java:104) [netty-common-4.1.51.Final.jar:4.1.51.Final]
		at io.netty.util.internal.PromiseNotificationUtil.trySuccess(PromiseNotificationUtil.java:48) [netty-common-4.1.51.Final.jar:4.1.51.Final]
		at io.netty.channel.ChannelOutboundBuffer.safeSuccess(ChannelOutboundBuffer.java:717) [netty-transport-4.1.51.Final.jar:4.1.51.Final]
		at io.netty.channel.ChannelOutboundBuffer.remove(ChannelOutboundBuffer.java:272) [netty-transport-4.1.51.Final.jar:4.1.51.Final]
		at io.netty.channel.ChannelOutboundBuffer.removeBytes(ChannelOutboundBuffer.java:352) [netty-transport-4.1.51.Final.jar:4.1.51.Final]
		at io.netty.channel.socket.nio.NioSocketChannel.doWrite(NioSocketChannel.java:431) [netty-transport-4.1.51.Final.jar:4.1.51.Final]
		at io.netty.channel.AbstractChannel$AbstractUnsafe.flush0(AbstractChannel.java:930) [netty-transport-4.1.51.Final.jar:4.1.51.Final]
		at io.netty.channel.nio.AbstractNioChannel$AbstractNioUnsafe.flush0(AbstractNioChannel.java:354) [netty-transport-4.1.51.Final.jar:4.1.51.Final]
		at io.netty.channel.AbstractChannel$AbstractUnsafe.flush(AbstractChannel.java:897) [netty-transport-4.1.51.Final.jar:4.1.51.Final]
		at io.netty.channel.DefaultChannelPipeline$HeadContext.flush(DefaultChannelPipeline.java:1372) [netty-transport-4.1.51.Final.jar:4.1.51.Final]
		at io.netty.channel.AbstractChannelHandlerContext.invokeFlush0(AbstractChannelHandlerContext.java:750) [netty-transport-4.1.51.Final.jar:4.1.51.Final]
		at io.netty.channel.AbstractChannelHandlerContext.invokeFlush(AbstractChannelHandlerContext.java:742) [netty-transport-4.1.51.Final.jar:4.1.51.Final]
		at io.netty.channel.AbstractChannelHandlerContext.flush(AbstractChannelHandlerContext.java:728) [netty-transport-4.1.51.Final.jar:4.1.51.Final]
		at io.netty.channel.CombinedChannelDuplexHandler$DelegatingChannelHandlerContext.flush(CombinedChannelDuplexHandler.java:531) [netty-transport-4.1.51.Final.jar:4.1.51.Final]
		at io.netty.channel.ChannelOutboundHandlerAdapter.flush(ChannelOutboundHandlerAdapter.java:125) [netty-transport-4.1.51.Final.jar:4.1.51.Final]
		at io.netty.channel.CombinedChannelDuplexHandler.flush(CombinedChannelDuplexHandler.java:356) [netty-transport-4.1.51.Final.jar:4.1.51.Final]
		at io.netty.channel.AbstractChannelHandlerContext.invokeFlush0(AbstractChannelHandlerContext.java:750) [netty-transport-4.1.51.Final.jar:4.1.51.Final]
		at io.netty.channel.AbstractChannelHandlerContext.invokeFlush(AbstractChannelHandlerContext.java:742) [netty-transport-4.1.51.Final.jar:4.1.51.Final]
		at io.netty.channel.AbstractChannelHandlerContext.flush(AbstractChannelHandlerContext.java:728) [netty-transport-4.1.51.Final.jar:4.1.51.Final]
		at reactor.netty.channel.MonoSendMany$SendManyInner$AsyncFlush.run(MonoSendMany.java:758) [reactor-netty-0.9.20.RELEASE.jar:0.9.20.RELEASE]
		at io.netty.util.concurrent.AbstractEventExecutor.safeExecute(AbstractEventExecutor.java:164) [netty-common-4.1.51.Final.jar:4.1.51.Final]
		at io.netty.util.concurrent.SingleThreadEventExecutor.runAllTasks(SingleThreadEventExecutor.java:472) [netty-common-4.1.51.Final.jar:4.1.51.Final]
		at io.netty.channel.nio.NioEventLoop.run(NioEventLoop.java:497) [netty-transport-4.1.51.Final.jar:4.1.51.Final]
		at io.netty.util.concurrent.SingleThreadEventExecutor$4.run(SingleThreadEventExecutor.java:989) [netty-common-4.1.51.Final.jar:4.1.51.Final]
		at io.netty.util.internal.ThreadExecutorMap$2.run(ThreadExecutorMap.java:74) [netty-common-4.1.51.Final.jar:4.1.51.Final]
		at io.netty.util.concurrent.FastThreadLocalRunnable.run(FastThreadLocalRunnable.java:30) [netty-common-4.1.51.Final.jar:4.1.51.Final]
		at java.lang.Thread.run(Thread.java:748) [?:1.8.0_201]
16:11:20.432 [Test worker] DEBUG o.s.w.t.h.s.r.b.ReactorHttpServer - Stopping ReactorHttpServer...
16:11:20.432 [Test worker] DEBUG o.s.w.t.h.s.r.b.ReactorHttpServer - Server stopped (0 millis).
16:11:20.499 [Test worker] DEBUG o.s.w.r.r.m.a.RequestMappingHandlerMapping - 6 mappings in 'requestMappingHandlerMapping'
16:11:20.530 [Test worker] DEBUG o.s.w.r.r.m.a.ControllerMethodResolver - ControllerAdvice beans: none
16:11:20.634 [Test worker] DEBUG o.s.w.s.a.HttpWebHandlerAdapter - enableLoggingRequestDetails='false': form data and headers will be masked to prevent unsafe logging of potentially sensitive data
16:11:20.634 [Test worker] DEBUG o.s.w.t.h.s.r.b.TomcatHttpServer - Starting TomcatHttpServer...
16:11:20.668 [Test worker] DEBUG o.s.w.t.h.s.r.b.TomcatHttpServer - Server started on port 54784(0 millis).
16:11:20.668 [Test worker] DEBUG o.s.w.c.RestTemplate - HTTP GET http://localhost:54784/SPR-16051
16:11:20.669 [Test worker] DEBUG o.s.w.c.RestTemplate - Accept=[text/plain, application/json, application/x-jackson-smile, application/*+json, */*]
16:11:20.677 [http-nio-auto-5-exec-1] DEBUG o.s.w.s.a.HttpWebHandlerAdapter - [2f9e8c1f] HTTP GET "/SPR-16051"
16:11:20.678 [http-nio-auto-5-exec-1] DEBUG o.s.w.r.r.m.a.RequestMappingHandlerMapping - [2f9e8c1f] Mapped to org.springframework.web.reactive.result.method.annotation.RequestMappingExceptionHandlingIntegrationTests$TestController#errors()
16:11:20.679 [http-nio-auto-5-exec-1] DEBUG o.s.w.r.r.m.a.ResponseBodyResultHandler - Using 'text/plain;charset=UTF-8' given [text/plain, application/json, application/x-jackson-smile, application/*+json, */*] and supported [text/plain;charset=UTF-8, text/event-stream, text/plain;charset=UTF-8, */*]
16:11:20.679 [http-nio-auto-5-exec-1] DEBUG o.s.w.r.r.m.a.ResponseBodyResultHandler - [2f9e8c1f] 0..N [java.lang.String]
16:11:20.679 [http-nio-auto-5-exec-1] DEBUG o.s.c.c.CharSequenceEncoder - [2f9e8c1f] Writing "1. foo bar"
16:11:20.680 [http-nio-auto-5-exec-1] DEBUG o.s.c.c.CharSequenceEncoder - [2f9e8c1f] Writing "2. foo bar"
16:11:20.680 [http-nio-auto-5-exec-1] DEBUG o.s.c.c.CharSequenceEncoder - [2f9e8c1f] Writing "3. foo bar"
16:11:20.680 [http-nio-auto-5-exec-1] DEBUG o.s.c.c.CharSequenceEncoder - [2f9e8c1f] Writing "4. foo bar"
16:11:20.680 [http-nio-auto-5-exec-1] DEBUG o.s.c.c.CharSequenceEncoder - [2f9e8c1f] Writing "5. foo bar"
16:11:20.680 [http-nio-auto-5-exec-1] DEBUG o.s.c.c.CharSequenceEncoder - [2f9e8c1f] Writing "6. foo bar"
16:11:20.680 [http-nio-auto-5-exec-1] DEBUG o.s.c.c.CharSequenceEncoder - [2f9e8c1f] Writing "7. foo bar"
16:11:20.680 [http-nio-auto-5-exec-1] DEBUG o.s.c.c.CharSequenceEncoder - [2f9e8c1f] Writing "8. foo bar"
16:11:20.681 [http-nio-auto-5-exec-1] DEBUG o.s.c.c.CharSequenceEncoder - [2f9e8c1f] Writing "9. foo bar"
16:11:20.681 [http-nio-auto-5-exec-1] DEBUG o.s.c.c.CharSequenceEncoder - [2f9e8c1f] Writing "10. foo bar"
16:11:20.681 [http-nio-auto-5-exec-1] DEBUG o.s.c.c.CharSequenceEncoder - [2f9e8c1f] Writing "11. foo bar"
16:11:20.681 [http-nio-auto-5-exec-1] DEBUG o.s.c.c.CharSequenceEncoder - [2f9e8c1f] Writing "12. foo bar"
16:11:20.681 [http-nio-auto-5-exec-1] DEBUG o.s.c.c.CharSequenceEncoder - [2f9e8c1f] Writing "13. foo bar"
16:11:20.681 [http-nio-auto-5-exec-1] DEBUG o.s.c.c.CharSequenceEncoder - [2f9e8c1f] Writing "14. foo bar"
16:11:20.681 [http-nio-auto-5-exec-1] DEBUG o.s.c.c.CharSequenceEncoder - [2f9e8c1f] Writing "15. foo bar"
16:11:20.681 [http-nio-auto-5-exec-1] DEBUG o.s.c.c.CharSequenceEncoder - [2f9e8c1f] Writing "16. foo bar"
16:11:20.681 [http-nio-auto-5-exec-1] DEBUG o.s.c.c.CharSequenceEncoder - [2f9e8c1f] Writing "17. foo bar"
16:11:20.681 [http-nio-auto-5-exec-1] DEBUG o.s.c.c.CharSequenceEncoder - [2f9e8c1f] Writing "18. foo bar"
16:11:20.681 [http-nio-auto-5-exec-1] DEBUG o.s.c.c.CharSequenceEncoder - [2f9e8c1f] Writing "19. foo bar"
16:11:20.681 [http-nio-auto-5-exec-1] DEBUG o.s.c.c.CharSequenceEncoder - [2f9e8c1f] Writing "20. foo bar"
16:11:20.681 [http-nio-auto-5-exec-1] DEBUG o.s.c.c.CharSequenceEncoder - [2f9e8c1f] Writing "21. foo bar"
16:11:20.681 [http-nio-auto-5-exec-1] DEBUG o.s.c.c.CharSequenceEncoder - [2f9e8c1f] Writing "22. foo bar"
16:11:20.681 [http-nio-auto-5-exec-1] DEBUG o.s.c.c.CharSequenceEncoder - [2f9e8c1f] Writing "23. foo bar"
16:11:20.681 [http-nio-auto-5-exec-1] DEBUG o.s.c.c.CharSequenceEncoder - [2f9e8c1f] Writing "24. foo bar"
16:11:20.682 [http-nio-auto-5-exec-1] DEBUG o.s.c.c.CharSequenceEncoder - [2f9e8c1f] Writing "25. foo bar"
16:11:20.682 [http-nio-auto-5-exec-1] DEBUG o.s.c.c.CharSequenceEncoder - [2f9e8c1f] Writing "26. foo bar"
16:11:20.682 [http-nio-auto-5-exec-1] DEBUG o.s.c.c.CharSequenceEncoder - [2f9e8c1f] Writing "27. foo bar"
16:11:20.682 [http-nio-auto-5-exec-1] DEBUG o.s.c.c.CharSequenceEncoder - [2f9e8c1f] Writing "28. foo bar"
16:11:20.682 [http-nio-auto-5-exec-1] DEBUG o.s.c.c.CharSequenceEncoder - [2f9e8c1f] Writing "29. foo bar"
16:11:20.682 [http-nio-auto-5-exec-1] DEBUG o.s.c.c.CharSequenceEncoder - [2f9e8c1f] Writing "30. foo bar"
16:11:20.682 [http-nio-auto-5-exec-1] DEBUG o.s.c.c.CharSequenceEncoder - [2f9e8c1f] Writing "31. foo bar"
16:11:20.682 [http-nio-auto-5-exec-1] DEBUG o.s.c.c.CharSequenceEncoder - [2f9e8c1f] Writing "32. foo bar"
16:11:20.682 [http-nio-auto-5-exec-1] DEBUG o.s.c.c.CharSequenceEncoder - [2f9e8c1f] Writing "33. foo bar"
16:11:20.682 [http-nio-auto-5-exec-1] DEBUG o.s.c.c.CharSequenceEncoder - [2f9e8c1f] Writing "34. foo bar"
16:11:20.682 [http-nio-auto-5-exec-1] DEBUG o.s.c.c.CharSequenceEncoder - [2f9e8c1f] Writing "35. foo bar"
16:11:20.682 [http-nio-auto-5-exec-1] DEBUG o.s.c.c.CharSequenceEncoder - [2f9e8c1f] Writing "36. foo bar"
16:11:20.682 [http-nio-auto-5-exec-1] DEBUG o.s.c.c.CharSequenceEncoder - [2f9e8c1f] Writing "37. foo bar"
16:11:20.682 [http-nio-auto-5-exec-1] DEBUG o.s.c.c.CharSequenceEncoder - [2f9e8c1f] Writing "38. foo bar"
16:11:20.682 [http-nio-auto-5-exec-1] DEBUG o.s.c.c.CharSequenceEncoder - [2f9e8c1f] Writing "39. foo bar"
16:11:20.683 [http-nio-auto-5-exec-1] DEBUG o.s.c.c.CharSequenceEncoder - [2f9e8c1f] Writing "40. foo bar"
16:11:20.683 [http-nio-auto-5-exec-1] DEBUG o.s.c.c.CharSequenceEncoder - [2f9e8c1f] Writing "41. foo bar"
16:11:20.683 [http-nio-auto-5-exec-1] DEBUG o.s.c.c.CharSequenceEncoder - [2f9e8c1f] Writing "42. foo bar"
16:11:20.683 [http-nio-auto-5-exec-1] DEBUG o.s.c.c.CharSequenceEncoder - [2f9e8c1f] Writing "43. foo bar"
16:11:20.683 [http-nio-auto-5-exec-1] DEBUG o.s.c.c.CharSequenceEncoder - [2f9e8c1f] Writing "44. foo bar"
16:11:20.683 [http-nio-auto-5-exec-1] DEBUG o.s.c.c.CharSequenceEncoder - [2f9e8c1f] Writing "45. foo bar"
16:11:20.683 [http-nio-auto-5-exec-1] DEBUG o.s.c.c.CharSequenceEncoder - [2f9e8c1f] Writing "46. foo bar"
16:11:20.683 [http-nio-auto-5-exec-1] DEBUG o.s.c.c.CharSequenceEncoder - [2f9e8c1f] Writing "47. foo bar"
16:11:20.683 [http-nio-auto-5-exec-1] DEBUG o.s.c.c.CharSequenceEncoder - [2f9e8c1f] Writing "48. foo bar"
16:11:20.683 [http-nio-auto-5-exec-1] DEBUG o.s.c.c.CharSequenceEncoder - [2f9e8c1f] Writing "49. foo bar"
16:11:20.683 [http-nio-auto-5-exec-1] DEBUG o.s.c.c.CharSequenceEncoder - [2f9e8c1f] Writing "50. foo bar"
16:11:20.683 [http-nio-auto-5-exec-1] DEBUG o.s.c.c.CharSequenceEncoder - [2f9e8c1f] Writing "51. foo bar"
16:11:20.683 [http-nio-auto-5-exec-1] DEBUG o.s.c.c.CharSequenceEncoder - [2f9e8c1f] Writing "52. foo bar"
16:11:20.684 [http-nio-auto-5-exec-1] DEBUG o.s.c.c.CharSequenceEncoder - [2f9e8c1f] Writing "53. foo bar"
16:11:20.684 [http-nio-auto-5-exec-1] DEBUG o.s.c.c.CharSequenceEncoder - [2f9e8c1f] Writing "54. foo bar"
16:11:20.684 [http-nio-auto-5-exec-1] DEBUG o.s.c.c.CharSequenceEncoder - [2f9e8c1f] Writing "55. foo bar"
16:11:20.684 [http-nio-auto-5-exec-1] DEBUG o.s.c.c.CharSequenceEncoder - [2f9e8c1f] Writing "56. foo bar"
16:11:20.684 [http-nio-auto-5-exec-1] DEBUG o.s.c.c.CharSequenceEncoder - [2f9e8c1f] Writing "57. foo bar"
16:11:20.684 [http-nio-auto-5-exec-1] DEBUG o.s.c.c.CharSequenceEncoder - [2f9e8c1f] Writing "58. foo bar"
16:11:20.684 [http-nio-auto-5-exec-1] DEBUG o.s.c.c.CharSequenceEncoder - [2f9e8c1f] Writing "59. foo bar"
16:11:20.684 [http-nio-auto-5-exec-1] DEBUG o.s.c.c.CharSequenceEncoder - [2f9e8c1f] Writing "60. foo bar"
16:11:20.684 [http-nio-auto-5-exec-1] DEBUG o.s.c.c.CharSequenceEncoder - [2f9e8c1f] Writing "61. foo bar"
16:11:20.684 [http-nio-auto-5-exec-1] DEBUG o.s.c.c.CharSequenceEncoder - [2f9e8c1f] Writing "62. foo bar"
16:11:20.684 [http-nio-auto-5-exec-1] DEBUG o.s.c.c.CharSequenceEncoder - [2f9e8c1f] Writing "63. foo bar"
16:11:20.684 [http-nio-auto-5-exec-1] DEBUG o.s.c.c.CharSequenceEncoder - [2f9e8c1f] Writing "64. foo bar"
16:11:20.684 [http-nio-auto-5-exec-1] DEBUG o.s.c.c.CharSequenceEncoder - [2f9e8c1f] Writing "65. foo bar"
16:11:20.684 [http-nio-auto-5-exec-1] DEBUG o.s.c.c.CharSequenceEncoder - [2f9e8c1f] Writing "66. foo bar"
16:11:20.684 [http-nio-auto-5-exec-1] DEBUG o.s.c.c.CharSequenceEncoder - [2f9e8c1f] Writing "67. foo bar"
16:11:20.685 [http-nio-auto-5-exec-1] DEBUG o.s.c.c.CharSequenceEncoder - [2f9e8c1f] Writing "68. foo bar"
16:11:20.685 [http-nio-auto-5-exec-1] DEBUG o.s.c.c.CharSequenceEncoder - [2f9e8c1f] Writing "69. foo bar"
16:11:20.685 [http-nio-auto-5-exec-1] DEBUG o.s.c.c.CharSequenceEncoder - [2f9e8c1f] Writing "70. foo bar"
16:11:20.685 [http-nio-auto-5-exec-1] DEBUG o.s.c.c.CharSequenceEncoder - [2f9e8c1f] Writing "71. foo bar"
16:11:20.685 [http-nio-auto-5-exec-1] DEBUG o.s.c.c.CharSequenceEncoder - [2f9e8c1f] Writing "72. foo bar"
16:11:20.685 [http-nio-auto-5-exec-1] DEBUG o.s.c.c.CharSequenceEncoder - [2f9e8c1f] Writing "73. foo bar"
16:11:20.685 [http-nio-auto-5-exec-1] DEBUG o.s.c.c.CharSequenceEncoder - [2f9e8c1f] Writing "74. foo bar"
16:11:20.685 [http-nio-auto-5-exec-1] DEBUG o.s.c.c.CharSequenceEncoder - [2f9e8c1f] Writing "75. foo bar"
16:11:20.685 [http-nio-auto-5-exec-1] DEBUG o.s.c.c.CharSequenceEncoder - [2f9e8c1f] Writing "76. foo bar"
16:11:20.685 [http-nio-auto-5-exec-1] DEBUG o.s.c.c.CharSequenceEncoder - [2f9e8c1f] Writing "77. foo bar"
16:11:20.685 [http-nio-auto-5-exec-1] DEBUG o.s.c.c.CharSequenceEncoder - [2f9e8c1f] Writing "78. foo bar"
16:11:20.685 [http-nio-auto-5-exec-1] DEBUG o.s.c.c.CharSequenceEncoder - [2f9e8c1f] Writing "79. foo bar"
16:11:20.685 [http-nio-auto-5-exec-1] DEBUG o.s.c.c.CharSequenceEncoder - [2f9e8c1f] Writing "80. foo bar"
16:11:20.686 [http-nio-auto-5-exec-1] DEBUG o.s.c.c.CharSequenceEncoder - [2f9e8c1f] Writing "81. foo bar"
16:11:20.686 [http-nio-auto-5-exec-1] DEBUG o.s.c.c.CharSequenceEncoder - [2f9e8c1f] Writing "82. foo bar"
16:11:20.686 [http-nio-auto-5-exec-1] DEBUG o.s.c.c.CharSequenceEncoder - [2f9e8c1f] Writing "83. foo bar"
16:11:20.686 [http-nio-auto-5-exec-1] DEBUG o.s.c.c.CharSequenceEncoder - [2f9e8c1f] Writing "84. foo bar"
16:11:20.686 [http-nio-auto-5-exec-1] DEBUG o.s.c.c.CharSequenceEncoder - [2f9e8c1f] Writing "85. foo bar"
16:11:20.686 [http-nio-auto-5-exec-1] DEBUG o.s.c.c.CharSequenceEncoder - [2f9e8c1f] Writing "86. foo bar"
16:11:20.686 [http-nio-auto-5-exec-1] DEBUG o.s.c.c.CharSequenceEncoder - [2f9e8c1f] Writing "87. foo bar"
16:11:20.686 [http-nio-auto-5-exec-1] DEBUG o.s.c.c.CharSequenceEncoder - [2f9e8c1f] Writing "88. foo bar"
16:11:20.686 [http-nio-auto-5-exec-1] DEBUG o.s.c.c.CharSequenceEncoder - [2f9e8c1f] Writing "89. foo bar"
16:11:20.686 [http-nio-auto-5-exec-1] DEBUG o.s.c.c.CharSequenceEncoder - [2f9e8c1f] Writing "90. foo bar"
16:11:20.686 [http-nio-auto-5-exec-1] DEBUG o.s.c.c.CharSequenceEncoder - [2f9e8c1f] Writing "91. foo bar"
16:11:20.686 [http-nio-auto-5-exec-1] DEBUG o.s.c.c.CharSequenceEncoder - [2f9e8c1f] Writing "92. foo bar"
16:11:20.686 [http-nio-auto-5-exec-1] DEBUG o.s.c.c.CharSequenceEncoder - [2f9e8c1f] Writing "93. foo bar"
16:11:20.686 [http-nio-auto-5-exec-1] DEBUG o.s.c.c.CharSequenceEncoder - [2f9e8c1f] Writing "94. foo bar"
16:11:20.686 [http-nio-auto-5-exec-1] DEBUG o.s.c.c.CharSequenceEncoder - [2f9e8c1f] Writing "95. foo bar"
16:11:20.686 [http-nio-auto-5-exec-1] DEBUG o.s.c.c.CharSequenceEncoder - [2f9e8c1f] Writing "96. foo bar"
16:11:20.687 [http-nio-auto-5-exec-1] DEBUG o.s.c.c.CharSequenceEncoder - [2f9e8c1f] Writing "97. foo bar"
16:11:20.687 [http-nio-auto-5-exec-1] DEBUG o.s.c.c.CharSequenceEncoder - [2f9e8c1f] Writing "98. foo bar"
16:11:20.687 [http-nio-auto-5-exec-1] DEBUG o.s.c.c.CharSequenceEncoder - [2f9e8c1f] Writing "99. foo bar"
16:11:20.687 [http-nio-auto-5-exec-1] DEBUG o.s.c.c.CharSequenceEncoder - [2f9e8c1f] Writing "100. foo bar"
16:11:20.687 [http-nio-auto-5-exec-1] DEBUG o.s.c.c.CharSequenceEncoder - [2f9e8c1f] Writing "101. foo bar"
16:11:20.687 [http-nio-auto-5-exec-1] DEBUG o.s.c.c.CharSequenceEncoder - [2f9e8c1f] Writing "102. foo bar"
16:11:20.687 [http-nio-auto-5-exec-1] DEBUG o.s.c.c.CharSequenceEncoder - [2f9e8c1f] Writing "103. foo bar"
16:11:20.687 [http-nio-auto-5-exec-1] DEBUG o.s.c.c.CharSequenceEncoder - [2f9e8c1f] Writing "104. foo bar"
16:11:20.687 [http-nio-auto-5-exec-1] DEBUG o.s.c.c.CharSequenceEncoder - [2f9e8c1f] Writing "105. foo bar"
16:11:20.687 [http-nio-auto-5-exec-1] DEBUG o.s.c.c.CharSequenceEncoder - [2f9e8c1f] Writing "106. foo bar"
16:11:20.687 [http-nio-auto-5-exec-1] DEBUG o.s.c.c.CharSequenceEncoder - [2f9e8c1f] Writing "107. foo bar"
16:11:20.687 [http-nio-auto-5-exec-1] DEBUG o.s.c.c.CharSequenceEncoder - [2f9e8c1f] Writing "108. foo bar"
16:11:20.687 [http-nio-auto-5-exec-1] DEBUG o.s.c.c.CharSequenceEncoder - [2f9e8c1f] Writing "109. foo bar"
16:11:20.687 [http-nio-auto-5-exec-1] DEBUG o.s.c.c.CharSequenceEncoder - [2f9e8c1f] Writing "110. foo bar"
16:11:20.687 [http-nio-auto-5-exec-1] DEBUG o.s.c.c.CharSequenceEncoder - [2f9e8c1f] Writing "111. foo bar"
16:11:20.688 [http-nio-auto-5-exec-1] DEBUG o.s.c.c.CharSequenceEncoder - [2f9e8c1f] Writing "112. foo bar"
16:11:20.688 [http-nio-auto-5-exec-1] DEBUG o.s.c.c.CharSequenceEncoder - [2f9e8c1f] Writing "113. foo bar"
16:11:20.688 [http-nio-auto-5-exec-1] DEBUG o.s.c.c.CharSequenceEncoder - [2f9e8c1f] Writing "114. foo bar"
16:11:20.688 [http-nio-auto-5-exec-1] DEBUG o.s.c.c.CharSequenceEncoder - [2f9e8c1f] Writing "115. foo bar"
16:11:20.688 [http-nio-auto-5-exec-1] DEBUG o.s.c.c.CharSequenceEncoder - [2f9e8c1f] Writing "116. foo bar"
16:11:20.688 [http-nio-auto-5-exec-1] DEBUG o.s.c.c.CharSequenceEncoder - [2f9e8c1f] Writing "117. foo bar"
16:11:20.688 [http-nio-auto-5-exec-1] DEBUG o.s.c.c.CharSequenceEncoder - [2f9e8c1f] Writing "118. foo bar"
16:11:20.688 [http-nio-auto-5-exec-1] DEBUG o.s.c.c.CharSequenceEncoder - [2f9e8c1f] Writing "119. foo bar"
16:11:20.688 [http-nio-auto-5-exec-1] DEBUG o.s.c.c.CharSequenceEncoder - [2f9e8c1f] Writing "120. foo bar"
16:11:20.688 [http-nio-auto-5-exec-1] DEBUG o.s.c.c.CharSequenceEncoder - [2f9e8c1f] Writing "121. foo bar"
16:11:20.688 [http-nio-auto-5-exec-1] DEBUG o.s.c.c.CharSequenceEncoder - [2f9e8c1f] Writing "122. foo bar"
16:11:20.688 [http-nio-auto-5-exec-1] DEBUG o.s.c.c.CharSequenceEncoder - [2f9e8c1f] Writing "123. foo bar"
16:11:20.689 [http-nio-auto-5-exec-1] DEBUG o.s.c.c.CharSequenceEncoder - [2f9e8c1f] Writing "124. foo bar"
16:11:20.689 [http-nio-auto-5-exec-1] DEBUG o.s.c.c.CharSequenceEncoder - [2f9e8c1f] Writing "125. foo bar"
16:11:20.689 [http-nio-auto-5-exec-1] DEBUG o.s.c.c.CharSequenceEncoder - [2f9e8c1f] Writing "126. foo bar"
16:11:20.689 [http-nio-auto-5-exec-1] DEBUG o.s.c.c.CharSequenceEncoder - [2f9e8c1f] Writing "127. foo bar"
16:11:20.689 [http-nio-auto-5-exec-1] DEBUG o.s.c.c.CharSequenceEncoder - [2f9e8c1f] Writing "128. foo bar"
16:11:20.689 [http-nio-auto-5-exec-1] DEBUG o.s.c.c.CharSequenceEncoder - [2f9e8c1f] Writing "129. foo bar"
16:11:20.689 [http-nio-auto-5-exec-1] DEBUG o.s.c.c.CharSequenceEncoder - [2f9e8c1f] Writing "130. foo bar"
16:11:20.689 [http-nio-auto-5-exec-1] DEBUG o.s.c.c.CharSequenceEncoder - [2f9e8c1f] Writing "131. foo bar"
16:11:20.689 [http-nio-auto-5-exec-1] DEBUG o.s.c.c.CharSequenceEncoder - [2f9e8c1f] Writing "132. foo bar"
16:11:20.689 [http-nio-auto-5-exec-1] DEBUG o.s.c.c.CharSequenceEncoder - [2f9e8c1f] Writing "133. foo bar"
16:11:20.689 [http-nio-auto-5-exec-1] DEBUG o.s.c.c.CharSequenceEncoder - [2f9e8c1f] Writing "134. foo bar"
16:11:20.689 [http-nio-auto-5-exec-1] DEBUG o.s.c.c.CharSequenceEncoder - [2f9e8c1f] Writing "135. foo bar"
16:11:20.689 [http-nio-auto-5-exec-1] DEBUG o.s.c.c.CharSequenceEncoder - [2f9e8c1f] Writing "136. foo bar"
16:11:20.689 [http-nio-auto-5-exec-1] DEBUG o.s.c.c.CharSequenceEncoder - [2f9e8c1f] Writing "137. foo bar"
16:11:20.689 [http-nio-auto-5-exec-1] DEBUG o.s.c.c.CharSequenceEncoder - [2f9e8c1f] Writing "138. foo bar"
16:11:20.689 [http-nio-auto-5-exec-1] DEBUG o.s.c.c.CharSequenceEncoder - [2f9e8c1f] Writing "139. foo bar"
16:11:20.689 [http-nio-auto-5-exec-1] DEBUG o.s.c.c.CharSequenceEncoder - [2f9e8c1f] Writing "140. foo bar"
16:11:20.689 [http-nio-auto-5-exec-1] DEBUG o.s.c.c.CharSequenceEncoder - [2f9e8c1f] Writing "141. foo bar"
16:11:20.690 [http-nio-auto-5-exec-1] DEBUG o.s.c.c.CharSequenceEncoder - [2f9e8c1f] Writing "142. foo bar"
16:11:20.690 [http-nio-auto-5-exec-1] DEBUG o.s.c.c.CharSequenceEncoder - [2f9e8c1f] Writing "143. foo bar"
16:11:20.690 [http-nio-auto-5-exec-1] DEBUG o.s.c.c.CharSequenceEncoder - [2f9e8c1f] Writing "144. foo bar"
16:11:20.690 [http-nio-auto-5-exec-1] DEBUG o.s.c.c.CharSequenceEncoder - [2f9e8c1f] Writing "145. foo bar"
16:11:20.690 [http-nio-auto-5-exec-1] DEBUG o.s.c.c.CharSequenceEncoder - [2f9e8c1f] Writing "146. foo bar"
16:11:20.690 [http-nio-auto-5-exec-1] DEBUG o.s.c.c.CharSequenceEncoder - [2f9e8c1f] Writing "147. foo bar"
16:11:20.690 [http-nio-auto-5-exec-1] DEBUG o.s.c.c.CharSequenceEncoder - [2f9e8c1f] Writing "148. foo bar"
16:11:20.690 [http-nio-auto-5-exec-1] DEBUG o.s.c.c.CharSequenceEncoder - [2f9e8c1f] Writing "149. foo bar"
16:11:20.690 [http-nio-auto-5-exec-1] DEBUG o.s.c.c.CharSequenceEncoder - [2f9e8c1f] Writing "150. foo bar"
16:11:20.690 [http-nio-auto-5-exec-1] DEBUG o.s.c.c.CharSequenceEncoder - [2f9e8c1f] Writing "151. foo bar"
16:11:20.690 [http-nio-auto-5-exec-1] DEBUG o.s.c.c.CharSequenceEncoder - [2f9e8c1f] Writing "152. foo bar"
16:11:20.690 [http-nio-auto-5-exec-1] DEBUG o.s.c.c.CharSequenceEncoder - [2f9e8c1f] Writing "153. foo bar"
16:11:20.690 [http-nio-auto-5-exec-1] DEBUG o.s.c.c.CharSequenceEncoder - [2f9e8c1f] Writing "154. foo bar"
16:11:20.690 [http-nio-auto-5-exec-1] DEBUG o.s.c.c.CharSequenceEncoder - [2f9e8c1f] Writing "155. foo bar"
16:11:20.690 [http-nio-auto-5-exec-1] DEBUG o.s.c.c.CharSequenceEncoder - [2f9e8c1f] Writing "156. foo bar"
16:11:20.690 [http-nio-auto-5-exec-1] DEBUG o.s.c.c.CharSequenceEncoder - [2f9e8c1f] Writing "157. foo bar"
16:11:20.690 [http-nio-auto-5-exec-1] DEBUG o.s.c.c.CharSequenceEncoder - [2f9e8c1f] Writing "158. foo bar"
16:11:20.690 [http-nio-auto-5-exec-1] DEBUG o.s.c.c.CharSequenceEncoder - [2f9e8c1f] Writing "159. foo bar"
16:11:20.691 [http-nio-auto-5-exec-1] DEBUG o.s.c.c.CharSequenceEncoder - [2f9e8c1f] Writing "160. foo bar"
16:11:20.691 [http-nio-auto-5-exec-1] DEBUG o.s.c.c.CharSequenceEncoder - [2f9e8c1f] Writing "161. foo bar"
16:11:20.691 [http-nio-auto-5-exec-1] DEBUG o.s.c.c.CharSequenceEncoder - [2f9e8c1f] Writing "162. foo bar"
16:11:20.691 [http-nio-auto-5-exec-1] DEBUG o.s.c.c.CharSequenceEncoder - [2f9e8c1f] Writing "163. foo bar"
16:11:20.691 [http-nio-auto-5-exec-1] DEBUG o.s.c.c.CharSequenceEncoder - [2f9e8c1f] Writing "164. foo bar"
16:11:20.691 [http-nio-auto-5-exec-1] DEBUG o.s.c.c.CharSequenceEncoder - [2f9e8c1f] Writing "165. foo bar"
16:11:20.691 [http-nio-auto-5-exec-1] DEBUG o.s.c.c.CharSequenceEncoder - [2f9e8c1f] Writing "166. foo bar"
16:11:20.691 [http-nio-auto-5-exec-1] DEBUG o.s.c.c.CharSequenceEncoder - [2f9e8c1f] Writing "167. foo bar"
16:11:20.691 [http-nio-auto-5-exec-1] DEBUG o.s.c.c.CharSequenceEncoder - [2f9e8c1f] Writing "168. foo bar"
16:11:20.691 [http-nio-auto-5-exec-1] DEBUG o.s.c.c.CharSequenceEncoder - [2f9e8c1f] Writing "169. foo bar"
16:11:20.691 [http-nio-auto-5-exec-1] DEBUG o.s.c.c.CharSequenceEncoder - [2f9e8c1f] Writing "170. foo bar"
16:11:20.691 [http-nio-auto-5-exec-1] DEBUG o.s.c.c.CharSequenceEncoder - [2f9e8c1f] Writing "171. foo bar"
16:11:20.691 [http-nio-auto-5-exec-1] DEBUG o.s.c.c.CharSequenceEncoder - [2f9e8c1f] Writing "172. foo bar"
16:11:20.691 [http-nio-auto-5-exec-1] DEBUG o.s.c.c.CharSequenceEncoder - [2f9e8c1f] Writing "173. foo bar"
16:11:20.691 [http-nio-auto-5-exec-1] DEBUG o.s.c.c.CharSequenceEncoder - [2f9e8c1f] Writing "174. foo bar"
16:11:20.691 [http-nio-auto-5-exec-1] DEBUG o.s.c.c.CharSequenceEncoder - [2f9e8c1f] Writing "175. foo bar"
16:11:20.691 [http-nio-auto-5-exec-1] DEBUG o.s.c.c.CharSequenceEncoder - [2f9e8c1f] Writing "176. foo bar"
16:11:20.691 [http-nio-auto-5-exec-1] DEBUG o.s.c.c.CharSequenceEncoder - [2f9e8c1f] Writing "177. foo bar"
16:11:20.692 [http-nio-auto-5-exec-1] DEBUG o.s.c.c.CharSequenceEncoder - [2f9e8c1f] Writing "178. foo bar"
16:11:20.692 [http-nio-auto-5-exec-1] DEBUG o.s.c.c.CharSequenceEncoder - [2f9e8c1f] Writing "179. foo bar"
16:11:20.692 [http-nio-auto-5-exec-1] DEBUG o.s.c.c.CharSequenceEncoder - [2f9e8c1f] Writing "180. foo bar"
16:11:20.692 [http-nio-auto-5-exec-1] DEBUG o.s.c.c.CharSequenceEncoder - [2f9e8c1f] Writing "181. foo bar"
16:11:20.692 [http-nio-auto-5-exec-1] DEBUG o.s.c.c.CharSequenceEncoder - [2f9e8c1f] Writing "182. foo bar"
16:11:20.692 [http-nio-auto-5-exec-1] DEBUG o.s.c.c.CharSequenceEncoder - [2f9e8c1f] Writing "183. foo bar"
16:11:20.692 [http-nio-auto-5-exec-1] DEBUG o.s.c.c.CharSequenceEncoder - [2f9e8c1f] Writing "184. foo bar"
16:11:20.692 [http-nio-auto-5-exec-1] DEBUG o.s.c.c.CharSequenceEncoder - [2f9e8c1f] Writing "185. foo bar"
16:11:20.692 [http-nio-auto-5-exec-1] DEBUG o.s.c.c.CharSequenceEncoder - [2f9e8c1f] Writing "186. foo bar"
16:11:20.692 [http-nio-auto-5-exec-1] DEBUG o.s.c.c.CharSequenceEncoder - [2f9e8c1f] Writing "187. foo bar"
16:11:20.692 [http-nio-auto-5-exec-1] DEBUG o.s.c.c.CharSequenceEncoder - [2f9e8c1f] Writing "188. foo bar"
16:11:20.692 [http-nio-auto-5-exec-1] DEBUG o.s.c.c.CharSequenceEncoder - [2f9e8c1f] Writing "189. foo bar"
16:11:20.692 [http-nio-auto-5-exec-1] DEBUG o.s.c.c.CharSequenceEncoder - [2f9e8c1f] Writing "190. foo bar"
16:11:20.692 [http-nio-auto-5-exec-1] DEBUG o.s.c.c.CharSequenceEncoder - [2f9e8c1f] Writing "191. foo bar"
16:11:20.692 [http-nio-auto-5-exec-1] DEBUG o.s.c.c.CharSequenceEncoder - [2f9e8c1f] Writing "192. foo bar"
16:11:20.692 [http-nio-auto-5-exec-1] DEBUG o.s.c.c.CharSequenceEncoder - [2f9e8c1f] Writing "193. foo bar"
16:11:20.692 [http-nio-auto-5-exec-1] DEBUG o.s.c.c.CharSequenceEncoder - [2f9e8c1f] Writing "194. foo bar"
16:11:20.693 [http-nio-auto-5-exec-1] DEBUG o.s.c.c.CharSequenceEncoder - [2f9e8c1f] Writing "195. foo bar"
16:11:20.693 [http-nio-auto-5-exec-1] DEBUG o.s.c.c.CharSequenceEncoder - [2f9e8c1f] Writing "196. foo bar"
16:11:20.693 [http-nio-auto-5-exec-1] DEBUG o.s.c.c.CharSequenceEncoder - [2f9e8c1f] Writing "197. foo bar"
16:11:20.693 [http-nio-auto-5-exec-1] DEBUG o.s.c.c.CharSequenceEncoder - [2f9e8c1f] Writing "198. foo bar"
16:11:20.693 [http-nio-auto-5-exec-1] DEBUG o.s.c.c.CharSequenceEncoder - [2f9e8c1f] Writing "199. foo bar"
16:11:20.693 [http-nio-auto-5-exec-1] DEBUG o.s.c.c.CharSequenceEncoder - [2f9e8c1f] Writing "200. foo bar"
16:11:20.693 [http-nio-auto-5-exec-1] DEBUG o.s.c.c.CharSequenceEncoder - [2f9e8c1f] Writing "201. foo bar"
16:11:20.693 [http-nio-auto-5-exec-1] DEBUG o.s.c.c.CharSequenceEncoder - [2f9e8c1f] Writing "202. foo bar"
16:11:20.693 [http-nio-auto-5-exec-1] DEBUG o.s.c.c.CharSequenceEncoder - [2f9e8c1f] Writing "203. foo bar"
16:11:20.693 [http-nio-auto-5-exec-1] DEBUG o.s.c.c.CharSequenceEncoder - [2f9e8c1f] Writing "204. foo bar"
16:11:20.693 [http-nio-auto-5-exec-1] DEBUG o.s.c.c.CharSequenceEncoder - [2f9e8c1f] Writing "205. foo bar"
16:11:20.693 [http-nio-auto-5-exec-1] DEBUG o.s.c.c.CharSequenceEncoder - [2f9e8c1f] Writing "206. foo bar"
16:11:20.693 [http-nio-auto-5-exec-1] DEBUG o.s.c.c.CharSequenceEncoder - [2f9e8c1f] Writing "207. foo bar"
16:11:20.693 [http-nio-auto-5-exec-1] DEBUG o.s.c.c.CharSequenceEncoder - [2f9e8c1f] Writing "208. foo bar"
16:11:20.693 [http-nio-auto-5-exec-1] DEBUG o.s.c.c.CharSequenceEncoder - [2f9e8c1f] Writing "209. foo bar"
16:11:20.693 [http-nio-auto-5-exec-1] DEBUG o.s.c.c.CharSequenceEncoder - [2f9e8c1f] Writing "210. foo bar"
16:11:20.693 [http-nio-auto-5-exec-1] DEBUG o.s.c.c.CharSequenceEncoder - [2f9e8c1f] Writing "211. foo bar"
16:11:20.693 [http-nio-auto-5-exec-1] DEBUG o.s.c.c.CharSequenceEncoder - [2f9e8c1f] Writing "212. foo bar"
16:11:20.693 [http-nio-auto-5-exec-1] DEBUG o.s.c.c.CharSequenceEncoder - [2f9e8c1f] Writing "213. foo bar"
16:11:20.694 [http-nio-auto-5-exec-1] DEBUG o.s.c.c.CharSequenceEncoder - [2f9e8c1f] Writing "214. foo bar"
16:11:20.694 [http-nio-auto-5-exec-1] DEBUG o.s.c.c.CharSequenceEncoder - [2f9e8c1f] Writing "215. foo bar"
16:11:20.694 [http-nio-auto-5-exec-1] DEBUG o.s.c.c.CharSequenceEncoder - [2f9e8c1f] Writing "216. foo bar"
16:11:20.694 [http-nio-auto-5-exec-1] DEBUG o.s.c.c.CharSequenceEncoder - [2f9e8c1f] Writing "217. foo bar"
16:11:20.694 [http-nio-auto-5-exec-1] DEBUG o.s.c.c.CharSequenceEncoder - [2f9e8c1f] Writing "218. foo bar"
16:11:20.694 [http-nio-auto-5-exec-1] DEBUG o.s.c.c.CharSequenceEncoder - [2f9e8c1f] Writing "219. foo bar"
16:11:20.694 [http-nio-auto-5-exec-1] DEBUG o.s.c.c.CharSequenceEncoder - [2f9e8c1f] Writing "220. foo bar"
16:11:20.694 [http-nio-auto-5-exec-1] DEBUG o.s.c.c.CharSequenceEncoder - [2f9e8c1f] Writing "221. foo bar"
16:11:20.694 [http-nio-auto-5-exec-1] DEBUG o.s.c.c.CharSequenceEncoder - [2f9e8c1f] Writing "222. foo bar"
16:11:20.694 [http-nio-auto-5-exec-1] DEBUG o.s.c.c.CharSequenceEncoder - [2f9e8c1f] Writing "223. foo bar"
16:11:20.694 [http-nio-auto-5-exec-1] DEBUG o.s.c.c.CharSequenceEncoder - [2f9e8c1f] Writing "224. foo bar"
16:11:20.694 [http-nio-auto-5-exec-1] DEBUG o.s.c.c.CharSequenceEncoder - [2f9e8c1f] Writing "225. foo bar"
16:11:20.694 [http-nio-auto-5-exec-1] DEBUG o.s.c.c.CharSequenceEncoder - [2f9e8c1f] Writing "226. foo bar"
16:11:20.694 [http-nio-auto-5-exec-1] DEBUG o.s.c.c.CharSequenceEncoder - [2f9e8c1f] Writing "227. foo bar"
16:11:20.695 [http-nio-auto-5-exec-1] DEBUG o.s.c.c.CharSequenceEncoder - [2f9e8c1f] Writing "228. foo bar"
16:11:20.695 [http-nio-auto-5-exec-1] DEBUG o.s.c.c.CharSequenceEncoder - [2f9e8c1f] Writing "229. foo bar"
16:11:20.695 [http-nio-auto-5-exec-1] DEBUG o.s.c.c.CharSequenceEncoder - [2f9e8c1f] Writing "230. foo bar"
16:11:20.695 [http-nio-auto-5-exec-1] DEBUG o.s.c.c.CharSequenceEncoder - [2f9e8c1f] Writing "231. foo bar"
16:11:20.695 [http-nio-auto-5-exec-1] DEBUG o.s.c.c.CharSequenceEncoder - [2f9e8c1f] Writing "232. foo bar"
16:11:20.695 [http-nio-auto-5-exec-1] DEBUG o.s.c.c.CharSequenceEncoder - [2f9e8c1f] Writing "233. foo bar"
16:11:20.695 [http-nio-auto-5-exec-1] DEBUG o.s.c.c.CharSequenceEncoder - [2f9e8c1f] Writing "234. foo bar"
16:11:20.695 [http-nio-auto-5-exec-1] DEBUG o.s.c.c.CharSequenceEncoder - [2f9e8c1f] Writing "235. foo bar"
16:11:20.695 [http-nio-auto-5-exec-1] DEBUG o.s.c.c.CharSequenceEncoder - [2f9e8c1f] Writing "236. foo bar"
16:11:20.695 [http-nio-auto-5-exec-1] DEBUG o.s.c.c.CharSequenceEncoder - [2f9e8c1f] Writing "237. foo bar"
16:11:20.695 [http-nio-auto-5-exec-1] DEBUG o.s.c.c.CharSequenceEncoder - [2f9e8c1f] Writing "238. foo bar"
16:11:20.695 [http-nio-auto-5-exec-1] DEBUG o.s.c.c.CharSequenceEncoder - [2f9e8c1f] Writing "239. foo bar"
16:11:20.695 [http-nio-auto-5-exec-1] DEBUG o.s.c.c.CharSequenceEncoder - [2f9e8c1f] Writing "240. foo bar"
16:11:20.695 [http-nio-auto-5-exec-1] DEBUG o.s.c.c.CharSequenceEncoder - [2f9e8c1f] Writing "241. foo bar"
16:11:20.696 [http-nio-auto-5-exec-1] DEBUG o.s.c.c.CharSequenceEncoder - [2f9e8c1f] Writing "242. foo bar"
16:11:20.696 [http-nio-auto-5-exec-1] DEBUG o.s.c.c.CharSequenceEncoder - [2f9e8c1f] Writing "243. foo bar"
16:11:20.696 [http-nio-auto-5-exec-1] DEBUG o.s.c.c.CharSequenceEncoder - [2f9e8c1f] Writing "244. foo bar"
16:11:20.696 [http-nio-auto-5-exec-1] DEBUG o.s.c.c.CharSequenceEncoder - [2f9e8c1f] Writing "245. foo bar"
16:11:20.696 [http-nio-auto-5-exec-1] DEBUG o.s.c.c.CharSequenceEncoder - [2f9e8c1f] Writing "246. foo bar"
16:11:20.696 [http-nio-auto-5-exec-1] DEBUG o.s.c.c.CharSequenceEncoder - [2f9e8c1f] Writing "247. foo bar"
16:11:20.696 [http-nio-auto-5-exec-1] DEBUG o.s.c.c.CharSequenceEncoder - [2f9e8c1f] Writing "248. foo bar"
16:11:20.696 [http-nio-auto-5-exec-1] DEBUG o.s.c.c.CharSequenceEncoder - [2f9e8c1f] Writing "249. foo bar"
16:11:20.696 [http-nio-auto-5-exec-1] DEBUG o.s.c.c.CharSequenceEncoder - [2f9e8c1f] Writing "250. foo bar"
16:11:20.696 [http-nio-auto-5-exec-1] DEBUG o.s.c.c.CharSequenceEncoder - [2f9e8c1f] Writing "251. foo bar"
16:11:20.696 [http-nio-auto-5-exec-1] DEBUG o.s.c.c.CharSequenceEncoder - [2f9e8c1f] Writing "252. foo bar"
16:11:20.696 [http-nio-auto-5-exec-1] DEBUG o.s.c.c.CharSequenceEncoder - [2f9e8c1f] Writing "253. foo bar"
16:11:20.696 [http-nio-auto-5-exec-1] DEBUG o.s.c.c.CharSequenceEncoder - [2f9e8c1f] Writing "254. foo bar"
16:11:20.697 [http-nio-auto-5-exec-1] DEBUG o.s.c.c.CharSequenceEncoder - [2f9e8c1f] Writing "255. foo bar"
16:11:20.697 [http-nio-auto-5-exec-1] DEBUG o.s.c.c.CharSequenceEncoder - [2f9e8c1f] Writing "256. foo bar"
16:11:20.697 [http-nio-auto-5-exec-1] DEBUG o.s.c.c.CharSequenceEncoder - [2f9e8c1f] Writing "257. foo bar"
16:11:20.697 [http-nio-auto-5-exec-1] DEBUG o.s.c.c.CharSequenceEncoder - [2f9e8c1f] Writing "258. foo bar"
16:11:20.697 [http-nio-auto-5-exec-1] DEBUG o.s.c.c.CharSequenceEncoder - [2f9e8c1f] Writing "259. foo bar"
16:11:20.697 [http-nio-auto-5-exec-1] DEBUG o.s.c.c.CharSequenceEncoder - [2f9e8c1f] Writing "260. foo bar"
16:11:20.697 [http-nio-auto-5-exec-1] DEBUG o.s.c.c.CharSequenceEncoder - [2f9e8c1f] Writing "261. foo bar"
16:11:20.697 [http-nio-auto-5-exec-1] DEBUG o.s.c.c.CharSequenceEncoder - [2f9e8c1f] Writing "262. foo bar"
16:11:20.697 [http-nio-auto-5-exec-1] DEBUG o.s.c.c.CharSequenceEncoder - [2f9e8c1f] Writing "263. foo bar"
16:11:20.697 [http-nio-auto-5-exec-1] DEBUG o.s.c.c.CharSequenceEncoder - [2f9e8c1f] Writing "264. foo bar"
16:11:20.697 [http-nio-auto-5-exec-1] DEBUG o.s.c.c.CharSequenceEncoder - [2f9e8c1f] Writing "265. foo bar"
16:11:20.697 [http-nio-auto-5-exec-1] DEBUG o.s.c.c.CharSequenceEncoder - [2f9e8c1f] Writing "266. foo bar"
16:11:20.698 [http-nio-auto-5-exec-1] DEBUG o.s.c.c.CharSequenceEncoder - [2f9e8c1f] Writing "267. foo bar"
16:11:20.698 [http-nio-auto-5-exec-1] DEBUG o.s.c.c.CharSequenceEncoder - [2f9e8c1f] Writing "268. foo bar"
16:11:20.698 [http-nio-auto-5-exec-1] DEBUG o.s.c.c.CharSequenceEncoder - [2f9e8c1f] Writing "269. foo bar"
16:11:20.698 [http-nio-auto-5-exec-1] DEBUG o.s.c.c.CharSequenceEncoder - [2f9e8c1f] Writing "270. foo bar"
16:11:20.698 [http-nio-auto-5-exec-1] DEBUG o.s.c.c.CharSequenceEncoder - [2f9e8c1f] Writing "271. foo bar"
16:11:20.698 [http-nio-auto-5-exec-1] DEBUG o.s.c.c.CharSequenceEncoder - [2f9e8c1f] Writing "272. foo bar"
16:11:20.698 [http-nio-auto-5-exec-1] DEBUG o.s.c.c.CharSequenceEncoder - [2f9e8c1f] Writing "273. foo bar"
16:11:20.698 [http-nio-auto-5-exec-1] DEBUG o.s.c.c.CharSequenceEncoder - [2f9e8c1f] Writing "274. foo bar"
16:11:20.698 [http-nio-auto-5-exec-1] DEBUG o.s.c.c.CharSequenceEncoder - [2f9e8c1f] Writing "275. foo bar"
16:11:20.698 [http-nio-auto-5-exec-1] DEBUG o.s.c.c.CharSequenceEncoder - [2f9e8c1f] Writing "276. foo bar"
16:11:20.698 [http-nio-auto-5-exec-1] DEBUG o.s.c.c.CharSequenceEncoder - [2f9e8c1f] Writing "277. foo bar"
16:11:20.698 [http-nio-auto-5-exec-1] DEBUG o.s.c.c.CharSequenceEncoder - [2f9e8c1f] Writing "278. foo bar"
16:11:20.698 [http-nio-auto-5-exec-1] DEBUG o.s.c.c.CharSequenceEncoder - [2f9e8c1f] Writing "279. foo bar"
16:11:20.698 [http-nio-auto-5-exec-1] DEBUG o.s.c.c.CharSequenceEncoder - [2f9e8c1f] Writing "280. foo bar"
16:11:20.698 [http-nio-auto-5-exec-1] DEBUG o.s.c.c.CharSequenceEncoder - [2f9e8c1f] Writing "281. foo bar"
16:11:20.699 [http-nio-auto-5-exec-1] DEBUG o.s.c.c.CharSequenceEncoder - [2f9e8c1f] Writing "282. foo bar"
16:11:20.699 [http-nio-auto-5-exec-1] DEBUG o.s.c.c.CharSequenceEncoder - [2f9e8c1f] Writing "283. foo bar"
16:11:20.699 [http-nio-auto-5-exec-1] DEBUG o.s.c.c.CharSequenceEncoder - [2f9e8c1f] Writing "284. foo bar"
16:11:20.699 [http-nio-auto-5-exec-1] DEBUG o.s.c.c.CharSequenceEncoder - [2f9e8c1f] Writing "285. foo bar"
16:11:20.699 [http-nio-auto-5-exec-1] DEBUG o.s.c.c.CharSequenceEncoder - [2f9e8c1f] Writing "286. foo bar"
16:11:20.699 [http-nio-auto-5-exec-1] DEBUG o.s.c.c.CharSequenceEncoder - [2f9e8c1f] Writing "287. foo bar"
16:11:20.699 [http-nio-auto-5-exec-1] DEBUG o.s.c.c.CharSequenceEncoder - [2f9e8c1f] Writing "288. foo bar"
16:11:20.699 [http-nio-auto-5-exec-1] DEBUG o.s.c.c.CharSequenceEncoder - [2f9e8c1f] Writing "289. foo bar"
16:11:20.699 [http-nio-auto-5-exec-1] DEBUG o.s.c.c.CharSequenceEncoder - [2f9e8c1f] Writing "290. foo bar"
16:11:20.699 [http-nio-auto-5-exec-1] DEBUG o.s.c.c.CharSequenceEncoder - [2f9e8c1f] Writing "291. foo bar"
16:11:20.699 [http-nio-auto-5-exec-1] DEBUG o.s.c.c.CharSequenceEncoder - [2f9e8c1f] Writing "292. foo bar"
16:11:20.699 [http-nio-auto-5-exec-1] DEBUG o.s.c.c.CharSequenceEncoder - [2f9e8c1f] Writing "293. foo bar"
16:11:20.699 [http-nio-auto-5-exec-1] DEBUG o.s.c.c.CharSequenceEncoder - [2f9e8c1f] Writing "294. foo bar"
16:11:20.699 [http-nio-auto-5-exec-1] DEBUG o.s.c.c.CharSequenceEncoder - [2f9e8c1f] Writing "295. foo bar"
16:11:20.699 [http-nio-auto-5-exec-1] DEBUG o.s.c.c.CharSequenceEncoder - [2f9e8c1f] Writing "296. foo bar"
16:11:20.699 [http-nio-auto-5-exec-1] DEBUG o.s.c.c.CharSequenceEncoder - [2f9e8c1f] Writing "297. foo bar"
16:11:20.700 [http-nio-auto-5-exec-1] DEBUG o.s.c.c.CharSequenceEncoder - [2f9e8c1f] Writing "298. foo bar"
16:11:20.700 [http-nio-auto-5-exec-1] DEBUG o.s.c.c.CharSequenceEncoder - [2f9e8c1f] Writing "299. foo bar"
16:11:20.700 [http-nio-auto-5-exec-1] DEBUG o.s.c.c.CharSequenceEncoder - [2f9e8c1f] Writing "300. foo bar"
16:11:20.700 [http-nio-auto-5-exec-1] DEBUG o.s.c.c.CharSequenceEncoder - [2f9e8c1f] Writing "301. foo bar"
16:11:20.700 [http-nio-auto-5-exec-1] DEBUG o.s.c.c.CharSequenceEncoder - [2f9e8c1f] Writing "302. foo bar"
16:11:20.700 [http-nio-auto-5-exec-1] DEBUG o.s.c.c.CharSequenceEncoder - [2f9e8c1f] Writing "303. foo bar"
16:11:20.700 [http-nio-auto-5-exec-1] DEBUG o.s.c.c.CharSequenceEncoder - [2f9e8c1f] Writing "304. foo bar"
16:11:20.700 [http-nio-auto-5-exec-1] DEBUG o.s.c.c.CharSequenceEncoder - [2f9e8c1f] Writing "305. foo bar"
16:11:20.700 [http-nio-auto-5-exec-1] DEBUG o.s.c.c.CharSequenceEncoder - [2f9e8c1f] Writing "306. foo bar"
16:11:20.700 [http-nio-auto-5-exec-1] DEBUG o.s.c.c.CharSequenceEncoder - [2f9e8c1f] Writing "307. foo bar"
16:11:20.700 [http-nio-auto-5-exec-1] DEBUG o.s.c.c.CharSequenceEncoder - [2f9e8c1f] Writing "308. foo bar"
16:11:20.700 [http-nio-auto-5-exec-1] DEBUG o.s.c.c.CharSequenceEncoder - [2f9e8c1f] Writing "309. foo bar"
16:11:20.700 [http-nio-auto-5-exec-1] DEBUG o.s.c.c.CharSequenceEncoder - [2f9e8c1f] Writing "310. foo bar"
16:11:20.700 [http-nio-auto-5-exec-1] DEBUG o.s.c.c.CharSequenceEncoder - [2f9e8c1f] Writing "311. foo bar"
16:11:20.700 [http-nio-auto-5-exec-1] DEBUG o.s.c.c.CharSequenceEncoder - [2f9e8c1f] Writing "312. foo bar"
16:11:20.700 [http-nio-auto-5-exec-1] DEBUG o.s.c.c.CharSequenceEncoder - [2f9e8c1f] Writing "313. foo bar"
16:11:20.700 [http-nio-auto-5-exec-1] DEBUG o.s.c.c.CharSequenceEncoder - [2f9e8c1f] Writing "314. foo bar"
16:11:20.700 [http-nio-auto-5-exec-1] DEBUG o.s.c.c.CharSequenceEncoder - [2f9e8c1f] Writing "315. foo bar"
16:11:20.701 [http-nio-auto-5-exec-1] DEBUG o.s.c.c.CharSequenceEncoder - [2f9e8c1f] Writing "316. foo bar"
16:11:20.701 [http-nio-auto-5-exec-1] DEBUG o.s.c.c.CharSequenceEncoder - [2f9e8c1f] Writing "317. foo bar"
16:11:20.701 [http-nio-auto-5-exec-1] DEBUG o.s.c.c.CharSequenceEncoder - [2f9e8c1f] Writing "318. foo bar"
16:11:20.701 [http-nio-auto-5-exec-1] DEBUG o.s.c.c.CharSequenceEncoder - [2f9e8c1f] Writing "319. foo bar"
16:11:20.701 [http-nio-auto-5-exec-1] DEBUG o.s.c.c.CharSequenceEncoder - [2f9e8c1f] Writing "320. foo bar"
16:11:20.701 [http-nio-auto-5-exec-1] DEBUG o.s.c.c.CharSequenceEncoder - [2f9e8c1f] Writing "321. foo bar"
16:11:20.701 [http-nio-auto-5-exec-1] DEBUG o.s.c.c.CharSequenceEncoder - [2f9e8c1f] Writing "322. foo bar"
16:11:20.701 [http-nio-auto-5-exec-1] DEBUG o.s.c.c.CharSequenceEncoder - [2f9e8c1f] Writing "323. foo bar"
16:11:20.701 [http-nio-auto-5-exec-1] DEBUG o.s.c.c.CharSequenceEncoder - [2f9e8c1f] Writing "324. foo bar"
16:11:20.701 [http-nio-auto-5-exec-1] DEBUG o.s.c.c.CharSequenceEncoder - [2f9e8c1f] Writing "325. foo bar"
16:11:20.701 [http-nio-auto-5-exec-1] DEBUG o.s.c.c.CharSequenceEncoder - [2f9e8c1f] Writing "326. foo bar"
16:11:20.701 [http-nio-auto-5-exec-1] DEBUG o.s.c.c.CharSequenceEncoder - [2f9e8c1f] Writing "327. foo bar"
16:11:20.701 [http-nio-auto-5-exec-1] DEBUG o.s.c.c.CharSequenceEncoder - [2f9e8c1f] Writing "328. foo bar"
16:11:20.701 [http-nio-auto-5-exec-1] DEBUG o.s.c.c.CharSequenceEncoder - [2f9e8c1f] Writing "329. foo bar"
16:11:20.701 [http-nio-auto-5-exec-1] DEBUG o.s.c.c.CharSequenceEncoder - [2f9e8c1f] Writing "330. foo bar"
16:11:20.701 [http-nio-auto-5-exec-1] DEBUG o.s.c.c.CharSequenceEncoder - [2f9e8c1f] Writing "331. foo bar"
16:11:20.701 [http-nio-auto-5-exec-1] DEBUG o.s.c.c.CharSequenceEncoder - [2f9e8c1f] Writing "332. foo bar"
16:11:20.702 [http-nio-auto-5-exec-1] DEBUG o.s.c.c.CharSequenceEncoder - [2f9e8c1f] Writing "333. foo bar"
16:11:20.702 [http-nio-auto-5-exec-1] DEBUG o.s.c.c.CharSequenceEncoder - [2f9e8c1f] Writing "334. foo bar"
16:11:20.702 [http-nio-auto-5-exec-1] DEBUG o.s.c.c.CharSequenceEncoder - [2f9e8c1f] Writing "335. foo bar"
16:11:20.702 [http-nio-auto-5-exec-1] DEBUG o.s.c.c.CharSequenceEncoder - [2f9e8c1f] Writing "336. foo bar"
16:11:20.702 [http-nio-auto-5-exec-1] DEBUG o.s.c.c.CharSequenceEncoder - [2f9e8c1f] Writing "337. foo bar"
16:11:20.702 [http-nio-auto-5-exec-1] DEBUG o.s.c.c.CharSequenceEncoder - [2f9e8c1f] Writing "338. foo bar"
16:11:20.702 [http-nio-auto-5-exec-1] DEBUG o.s.c.c.CharSequenceEncoder - [2f9e8c1f] Writing "339. foo bar"
16:11:20.702 [http-nio-auto-5-exec-1] DEBUG o.s.c.c.CharSequenceEncoder - [2f9e8c1f] Writing "340. foo bar"
16:11:20.702 [http-nio-auto-5-exec-1] DEBUG o.s.c.c.CharSequenceEncoder - [2f9e8c1f] Writing "341. foo bar"
16:11:20.702 [http-nio-auto-5-exec-1] DEBUG o.s.c.c.CharSequenceEncoder - [2f9e8c1f] Writing "342. foo bar"
16:11:20.702 [http-nio-auto-5-exec-1] DEBUG o.s.c.c.CharSequenceEncoder - [2f9e8c1f] Writing "343. foo bar"
16:11:20.702 [http-nio-auto-5-exec-1] DEBUG o.s.c.c.CharSequenceEncoder - [2f9e8c1f] Writing "344. foo bar"
16:11:20.702 [http-nio-auto-5-exec-1] DEBUG o.s.c.c.CharSequenceEncoder - [2f9e8c1f] Writing "345. foo bar"
16:11:20.702 [http-nio-auto-5-exec-1] DEBUG o.s.c.c.CharSequenceEncoder - [2f9e8c1f] Writing "346. foo bar"
16:11:20.702 [http-nio-auto-5-exec-1] DEBUG o.s.c.c.CharSequenceEncoder - [2f9e8c1f] Writing "347. foo bar"
16:11:20.702 [http-nio-auto-5-exec-1] DEBUG o.s.c.c.CharSequenceEncoder - [2f9e8c1f] Writing "348. foo bar"
16:11:20.702 [http-nio-auto-5-exec-1] DEBUG o.s.c.c.CharSequenceEncoder - [2f9e8c1f] Writing "349. foo bar"
16:11:20.702 [http-nio-auto-5-exec-1] DEBUG o.s.c.c.CharSequenceEncoder - [2f9e8c1f] Writing "350. foo bar"
16:11:20.703 [http-nio-auto-5-exec-1] DEBUG o.s.c.c.CharSequenceEncoder - [2f9e8c1f] Writing "351. foo bar"
16:11:20.703 [http-nio-auto-5-exec-1] DEBUG o.s.c.c.CharSequenceEncoder - [2f9e8c1f] Writing "352. foo bar"
16:11:20.703 [http-nio-auto-5-exec-1] DEBUG o.s.c.c.CharSequenceEncoder - [2f9e8c1f] Writing "353. foo bar"
16:11:20.703 [http-nio-auto-5-exec-1] DEBUG o.s.c.c.CharSequenceEncoder - [2f9e8c1f] Writing "354. foo bar"
16:11:20.703 [http-nio-auto-5-exec-1] DEBUG o.s.c.c.CharSequenceEncoder - [2f9e8c1f] Writing "355. foo bar"
16:11:20.703 [http-nio-auto-5-exec-1] DEBUG o.s.c.c.CharSequenceEncoder - [2f9e8c1f] Writing "356. foo bar"
16:11:20.703 [http-nio-auto-5-exec-1] DEBUG o.s.c.c.CharSequenceEncoder - [2f9e8c1f] Writing "357. foo bar"
16:11:20.703 [http-nio-auto-5-exec-1] DEBUG o.s.c.c.CharSequenceEncoder - [2f9e8c1f] Writing "358. foo bar"
16:11:20.703 [http-nio-auto-5-exec-1] DEBUG o.s.c.c.CharSequenceEncoder - [2f9e8c1f] Writing "359. foo bar"
16:11:20.703 [http-nio-auto-5-exec-1] DEBUG o.s.c.c.CharSequenceEncoder - [2f9e8c1f] Writing "360. foo bar"
16:11:20.703 [http-nio-auto-5-exec-1] DEBUG o.s.c.c.CharSequenceEncoder - [2f9e8c1f] Writing "361. foo bar"
16:11:20.703 [http-nio-auto-5-exec-1] DEBUG o.s.c.c.CharSequenceEncoder - [2f9e8c1f] Writing "362. foo bar"
16:11:20.703 [http-nio-auto-5-exec-1] DEBUG o.s.c.c.CharSequenceEncoder - [2f9e8c1f] Writing "363. foo bar"
16:11:20.703 [http-nio-auto-5-exec-1] DEBUG o.s.c.c.CharSequenceEncoder - [2f9e8c1f] Writing "364. foo bar"
16:11:20.703 [http-nio-auto-5-exec-1] DEBUG o.s.c.c.CharSequenceEncoder - [2f9e8c1f] Writing "365. foo bar"
16:11:20.703 [http-nio-auto-5-exec-1] DEBUG o.s.c.c.CharSequenceEncoder - [2f9e8c1f] Writing "366. foo bar"
16:11:20.703 [http-nio-auto-5-exec-1] DEBUG o.s.c.c.CharSequenceEncoder - [2f9e8c1f] Writing "367. foo bar"
16:11:20.703 [http-nio-auto-5-exec-1] DEBUG o.s.c.c.CharSequenceEncoder - [2f9e8c1f] Writing "368. foo bar"
16:11:20.704 [http-nio-auto-5-exec-1] DEBUG o.s.c.c.CharSequenceEncoder - [2f9e8c1f] Writing "369. foo bar"
16:11:20.704 [http-nio-auto-5-exec-1] DEBUG o.s.c.c.CharSequenceEncoder - [2f9e8c1f] Writing "370. foo bar"
16:11:20.704 [http-nio-auto-5-exec-1] DEBUG o.s.c.c.CharSequenceEncoder - [2f9e8c1f] Writing "371. foo bar"
16:11:20.704 [http-nio-auto-5-exec-1] DEBUG o.s.c.c.CharSequenceEncoder - [2f9e8c1f] Writing "372. foo bar"
16:11:20.704 [http-nio-auto-5-exec-1] DEBUG o.s.c.c.CharSequenceEncoder - [2f9e8c1f] Writing "373. foo bar"
16:11:20.704 [http-nio-auto-5-exec-1] DEBUG o.s.c.c.CharSequenceEncoder - [2f9e8c1f] Writing "374. foo bar"
16:11:20.704 [http-nio-auto-5-exec-1] DEBUG o.s.c.c.CharSequenceEncoder - [2f9e8c1f] Writing "375. foo bar"
16:11:20.704 [http-nio-auto-5-exec-1] DEBUG o.s.c.c.CharSequenceEncoder - [2f9e8c1f] Writing "376. foo bar"
16:11:20.704 [http-nio-auto-5-exec-1] DEBUG o.s.c.c.CharSequenceEncoder - [2f9e8c1f] Writing "377. foo bar"
16:11:20.704 [http-nio-auto-5-exec-1] DEBUG o.s.c.c.CharSequenceEncoder - [2f9e8c1f] Writing "378. foo bar"
16:11:20.704 [http-nio-auto-5-exec-1] DEBUG o.s.c.c.CharSequenceEncoder - [2f9e8c1f] Writing "379. foo bar"
16:11:20.704 [http-nio-auto-5-exec-1] DEBUG o.s.c.c.CharSequenceEncoder - [2f9e8c1f] Writing "380. foo bar"
16:11:20.704 [http-nio-auto-5-exec-1] DEBUG o.s.c.c.CharSequenceEncoder - [2f9e8c1f] Writing "381. foo bar"
16:11:20.704 [http-nio-auto-5-exec-1] DEBUG o.s.c.c.CharSequenceEncoder - [2f9e8c1f] Writing "382. foo bar"
16:11:20.705 [http-nio-auto-5-exec-1] DEBUG o.s.c.c.CharSequenceEncoder - [2f9e8c1f] Writing "383. foo bar"
16:11:20.705 [http-nio-auto-5-exec-1] DEBUG o.s.c.c.CharSequenceEncoder - [2f9e8c1f] Writing "384. foo bar"
16:11:20.705 [http-nio-auto-5-exec-1] DEBUG o.s.c.c.CharSequenceEncoder - [2f9e8c1f] Writing "385. foo bar"
16:11:20.705 [http-nio-auto-5-exec-1] DEBUG o.s.c.c.CharSequenceEncoder - [2f9e8c1f] Writing "386. foo bar"
16:11:20.705 [http-nio-auto-5-exec-1] DEBUG o.s.c.c.CharSequenceEncoder - [2f9e8c1f] Writing "387. foo bar"
16:11:20.705 [http-nio-auto-5-exec-1] DEBUG o.s.c.c.CharSequenceEncoder - [2f9e8c1f] Writing "388. foo bar"
16:11:20.705 [http-nio-auto-5-exec-1] DEBUG o.s.c.c.CharSequenceEncoder - [2f9e8c1f] Writing "389. foo bar"
16:11:20.705 [http-nio-auto-5-exec-1] DEBUG o.s.c.c.CharSequenceEncoder - [2f9e8c1f] Writing "390. foo bar"
16:11:20.705 [http-nio-auto-5-exec-1] DEBUG o.s.c.c.CharSequenceEncoder - [2f9e8c1f] Writing "391. foo bar"
16:11:20.705 [http-nio-auto-5-exec-1] DEBUG o.s.c.c.CharSequenceEncoder - [2f9e8c1f] Writing "392. foo bar"
16:11:20.705 [http-nio-auto-5-exec-1] DEBUG o.s.c.c.CharSequenceEncoder - [2f9e8c1f] Writing "393. foo bar"
16:11:20.705 [http-nio-auto-5-exec-1] DEBUG o.s.c.c.CharSequenceEncoder - [2f9e8c1f] Writing "394. foo bar"
16:11:20.705 [http-nio-auto-5-exec-1] DEBUG o.s.c.c.CharSequenceEncoder - [2f9e8c1f] Writing "395. foo bar"
16:11:20.705 [http-nio-auto-5-exec-1] DEBUG o.s.c.c.CharSequenceEncoder - [2f9e8c1f] Writing "396. foo bar"
16:11:20.705 [http-nio-auto-5-exec-1] DEBUG o.s.c.c.CharSequenceEncoder - [2f9e8c1f] Writing "397. foo bar"
16:11:20.705 [http-nio-auto-5-exec-1] DEBUG o.s.c.c.CharSequenceEncoder - [2f9e8c1f] Writing "398. foo bar"
16:11:20.705 [http-nio-auto-5-exec-1] DEBUG o.s.c.c.CharSequenceEncoder - [2f9e8c1f] Writing "399. foo bar"
16:11:20.706 [http-nio-auto-5-exec-1] DEBUG o.s.c.c.CharSequenceEncoder - [2f9e8c1f] Writing "400. foo bar"
16:11:20.706 [http-nio-auto-5-exec-1] DEBUG o.s.c.c.CharSequenceEncoder - [2f9e8c1f] Writing "401. foo bar"
16:11:20.706 [http-nio-auto-5-exec-1] DEBUG o.s.c.c.CharSequenceEncoder - [2f9e8c1f] Writing "402. foo bar"
16:11:20.706 [http-nio-auto-5-exec-1] DEBUG o.s.c.c.CharSequenceEncoder - [2f9e8c1f] Writing "403. foo bar"
16:11:20.706 [http-nio-auto-5-exec-1] DEBUG o.s.c.c.CharSequenceEncoder - [2f9e8c1f] Writing "404. foo bar"
16:11:20.706 [http-nio-auto-5-exec-1] DEBUG o.s.c.c.CharSequenceEncoder - [2f9e8c1f] Writing "405. foo bar"
16:11:20.706 [http-nio-auto-5-exec-1] DEBUG o.s.c.c.CharSequenceEncoder - [2f9e8c1f] Writing "406. foo bar"
16:11:20.706 [http-nio-auto-5-exec-1] DEBUG o.s.c.c.CharSequenceEncoder - [2f9e8c1f] Writing "407. foo bar"
16:11:20.706 [http-nio-auto-5-exec-1] DEBUG o.s.c.c.CharSequenceEncoder - [2f9e8c1f] Writing "408. foo bar"
16:11:20.706 [http-nio-auto-5-exec-1] DEBUG o.s.c.c.CharSequenceEncoder - [2f9e8c1f] Writing "409. foo bar"
16:11:20.706 [http-nio-auto-5-exec-1] DEBUG o.s.c.c.CharSequenceEncoder - [2f9e8c1f] Writing "410. foo bar"
16:11:20.706 [http-nio-auto-5-exec-1] DEBUG o.s.c.c.CharSequenceEncoder - [2f9e8c1f] Writing "411. foo bar"
16:11:20.706 [http-nio-auto-5-exec-1] DEBUG o.s.c.c.CharSequenceEncoder - [2f9e8c1f] Writing "412. foo bar"
16:11:20.706 [http-nio-auto-5-exec-1] DEBUG o.s.c.c.CharSequenceEncoder - [2f9e8c1f] Writing "413. foo bar"
16:11:20.706 [http-nio-auto-5-exec-1] DEBUG o.s.c.c.CharSequenceEncoder - [2f9e8c1f] Writing "414. foo bar"
16:11:20.706 [http-nio-auto-5-exec-1] DEBUG o.s.c.c.CharSequenceEncoder - [2f9e8c1f] Writing "415. foo bar"
16:11:20.706 [http-nio-auto-5-exec-1] DEBUG o.s.c.c.CharSequenceEncoder - [2f9e8c1f] Writing "416. foo bar"
16:11:20.706 [http-nio-auto-5-exec-1] DEBUG o.s.c.c.CharSequenceEncoder - [2f9e8c1f] Writing "417. foo bar"
16:11:20.706 [http-nio-auto-5-exec-1] DEBUG o.s.c.c.CharSequenceEncoder - [2f9e8c1f] Writing "418. foo bar"
16:11:20.706 [http-nio-auto-5-exec-1] DEBUG o.s.c.c.CharSequenceEncoder - [2f9e8c1f] Writing "419. foo bar"
16:11:20.707 [http-nio-auto-5-exec-1] DEBUG o.s.c.c.CharSequenceEncoder - [2f9e8c1f] Writing "420. foo bar"
16:11:20.707 [http-nio-auto-5-exec-1] DEBUG o.s.c.c.CharSequenceEncoder - [2f9e8c1f] Writing "421. foo bar"
16:11:20.707 [http-nio-auto-5-exec-1] DEBUG o.s.c.c.CharSequenceEncoder - [2f9e8c1f] Writing "422. foo bar"
16:11:20.707 [http-nio-auto-5-exec-1] DEBUG o.s.c.c.CharSequenceEncoder - [2f9e8c1f] Writing "423. foo bar"
16:11:20.707 [http-nio-auto-5-exec-1] DEBUG o.s.c.c.CharSequenceEncoder - [2f9e8c1f] Writing "424. foo bar"
16:11:20.707 [http-nio-auto-5-exec-1] DEBUG o.s.c.c.CharSequenceEncoder - [2f9e8c1f] Writing "425. foo bar"
16:11:20.707 [http-nio-auto-5-exec-1] DEBUG o.s.c.c.CharSequenceEncoder - [2f9e8c1f] Writing "426. foo bar"
16:11:20.707 [http-nio-auto-5-exec-1] DEBUG o.s.c.c.CharSequenceEncoder - [2f9e8c1f] Writing "427. foo bar"
16:11:20.707 [http-nio-auto-5-exec-1] DEBUG o.s.c.c.CharSequenceEncoder - [2f9e8c1f] Writing "428. foo bar"
16:11:20.707 [http-nio-auto-5-exec-1] DEBUG o.s.c.c.CharSequenceEncoder - [2f9e8c1f] Writing "429. foo bar"
16:11:20.707 [http-nio-auto-5-exec-1] DEBUG o.s.c.c.CharSequenceEncoder - [2f9e8c1f] Writing "430. foo bar"
16:11:20.707 [http-nio-auto-5-exec-1] DEBUG o.s.c.c.CharSequenceEncoder - [2f9e8c1f] Writing "431. foo bar"
16:11:20.707 [http-nio-auto-5-exec-1] DEBUG o.s.c.c.CharSequenceEncoder - [2f9e8c1f] Writing "432. foo bar"
16:11:20.707 [http-nio-auto-5-exec-1] DEBUG o.s.c.c.CharSequenceEncoder - [2f9e8c1f] Writing "433. foo bar"
16:11:20.707 [http-nio-auto-5-exec-1] DEBUG o.s.c.c.CharSequenceEncoder - [2f9e8c1f] Writing "434. foo bar"
16:11:20.707 [http-nio-auto-5-exec-1] DEBUG o.s.c.c.CharSequenceEncoder - [2f9e8c1f] Writing "435. foo bar"
16:11:20.707 [http-nio-auto-5-exec-1] DEBUG o.s.c.c.CharSequenceEncoder - [2f9e8c1f] Writing "436. foo bar"
16:11:20.707 [http-nio-auto-5-exec-1] DEBUG o.s.c.c.CharSequenceEncoder - [2f9e8c1f] Writing "437. foo bar"
16:11:20.708 [http-nio-auto-5-exec-1] DEBUG o.s.c.c.CharSequenceEncoder - [2f9e8c1f] Writing "438. foo bar"
16:11:20.708 [http-nio-auto-5-exec-1] DEBUG o.s.c.c.CharSequenceEncoder - [2f9e8c1f] Writing "439. foo bar"
16:11:20.708 [http-nio-auto-5-exec-1] DEBUG o.s.c.c.CharSequenceEncoder - [2f9e8c1f] Writing "440. foo bar"
16:11:20.708 [http-nio-auto-5-exec-1] DEBUG o.s.c.c.CharSequenceEncoder - [2f9e8c1f] Writing "441. foo bar"
16:11:20.708 [http-nio-auto-5-exec-1] DEBUG o.s.c.c.CharSequenceEncoder - [2f9e8c1f] Writing "442. foo bar"
16:11:20.708 [http-nio-auto-5-exec-1] DEBUG o.s.c.c.CharSequenceEncoder - [2f9e8c1f] Writing "443. foo bar"
16:11:20.708 [http-nio-auto-5-exec-1] DEBUG o.s.c.c.CharSequenceEncoder - [2f9e8c1f] Writing "444. foo bar"
16:11:20.708 [http-nio-auto-5-exec-1] DEBUG o.s.c.c.CharSequenceEncoder - [2f9e8c1f] Writing "445. foo bar"
16:11:20.708 [http-nio-auto-5-exec-1] DEBUG o.s.c.c.CharSequenceEncoder - [2f9e8c1f] Writing "446. foo bar"
16:11:20.708 [http-nio-auto-5-exec-1] DEBUG o.s.c.c.CharSequenceEncoder - [2f9e8c1f] Writing "447. foo bar"
16:11:20.708 [http-nio-auto-5-exec-1] DEBUG o.s.c.c.CharSequenceEncoder - [2f9e8c1f] Writing "448. foo bar"
16:11:20.708 [http-nio-auto-5-exec-1] DEBUG o.s.c.c.CharSequenceEncoder - [2f9e8c1f] Writing "449. foo bar"
16:11:20.708 [http-nio-auto-5-exec-1] DEBUG o.s.c.c.CharSequenceEncoder - [2f9e8c1f] Writing "450. foo bar"
16:11:20.708 [http-nio-auto-5-exec-1] DEBUG o.s.c.c.CharSequenceEncoder - [2f9e8c1f] Writing "451. foo bar"
16:11:20.708 [http-nio-auto-5-exec-1] DEBUG o.s.c.c.CharSequenceEncoder - [2f9e8c1f] Writing "452. foo bar"
16:11:20.708 [http-nio-auto-5-exec-1] DEBUG o.s.c.c.CharSequenceEncoder - [2f9e8c1f] Writing "453. foo bar"
16:11:20.708 [http-nio-auto-5-exec-1] DEBUG o.s.c.c.CharSequenceEncoder - [2f9e8c1f] Writing "454. foo bar"
16:11:20.708 [http-nio-auto-5-exec-1] DEBUG o.s.c.c.CharSequenceEncoder - [2f9e8c1f] Writing "455. foo bar"
16:11:20.708 [http-nio-auto-5-exec-1] DEBUG o.s.c.c.CharSequenceEncoder - [2f9e8c1f] Writing "456. foo bar"
16:11:20.708 [http-nio-auto-5-exec-1] DEBUG o.s.c.c.CharSequenceEncoder - [2f9e8c1f] Writing "457. foo bar"
16:11:20.709 [http-nio-auto-5-exec-1] DEBUG o.s.c.c.CharSequenceEncoder - [2f9e8c1f] Writing "458. foo bar"
16:11:20.709 [http-nio-auto-5-exec-1] DEBUG o.s.c.c.CharSequenceEncoder - [2f9e8c1f] Writing "459. foo bar"
16:11:20.709 [http-nio-auto-5-exec-1] DEBUG o.s.c.c.CharSequenceEncoder - [2f9e8c1f] Writing "460. foo bar"
16:11:20.709 [http-nio-auto-5-exec-1] DEBUG o.s.c.c.CharSequenceEncoder - [2f9e8c1f] Writing "461. foo bar"
16:11:20.709 [http-nio-auto-5-exec-1] DEBUG o.s.c.c.CharSequenceEncoder - [2f9e8c1f] Writing "462. foo bar"
16:11:20.709 [http-nio-auto-5-exec-1] DEBUG o.s.c.c.CharSequenceEncoder - [2f9e8c1f] Writing "463. foo bar"
16:11:20.709 [http-nio-auto-5-exec-1] DEBUG o.s.c.c.CharSequenceEncoder - [2f9e8c1f] Writing "464. foo bar"
16:11:20.709 [http-nio-auto-5-exec-1] DEBUG o.s.c.c.CharSequenceEncoder - [2f9e8c1f] Writing "465. foo bar"
16:11:20.709 [http-nio-auto-5-exec-1] DEBUG o.s.c.c.CharSequenceEncoder - [2f9e8c1f] Writing "466. foo bar"
16:11:20.709 [http-nio-auto-5-exec-1] DEBUG o.s.c.c.CharSequenceEncoder - [2f9e8c1f] Writing "467. foo bar"
16:11:20.709 [http-nio-auto-5-exec-1] DEBUG o.s.c.c.CharSequenceEncoder - [2f9e8c1f] Writing "468. foo bar"
16:11:20.709 [http-nio-auto-5-exec-1] DEBUG o.s.c.c.CharSequenceEncoder - [2f9e8c1f] Writing "469. foo bar"
16:11:20.709 [http-nio-auto-5-exec-1] DEBUG o.s.c.c.CharSequenceEncoder - [2f9e8c1f] Writing "470. foo bar"
16:11:20.709 [http-nio-auto-5-exec-1] DEBUG o.s.c.c.CharSequenceEncoder - [2f9e8c1f] Writing "471. foo bar"
16:11:20.709 [http-nio-auto-5-exec-1] DEBUG o.s.c.c.CharSequenceEncoder - [2f9e8c1f] Writing "472. foo bar"
16:11:20.709 [http-nio-auto-5-exec-1] DEBUG o.s.c.c.CharSequenceEncoder - [2f9e8c1f] Writing "473. foo bar"
16:11:20.709 [http-nio-auto-5-exec-1] DEBUG o.s.c.c.CharSequenceEncoder - [2f9e8c1f] Writing "474. foo bar"
16:11:20.709 [http-nio-auto-5-exec-1] DEBUG o.s.c.c.CharSequenceEncoder - [2f9e8c1f] Writing "475. foo bar"
16:11:20.709 [http-nio-auto-5-exec-1] DEBUG o.s.c.c.CharSequenceEncoder - [2f9e8c1f] Writing "476. foo bar"
16:11:20.709 [http-nio-auto-5-exec-1] DEBUG o.s.c.c.CharSequenceEncoder - [2f9e8c1f] Writing "477. foo bar"
16:11:20.709 [http-nio-auto-5-exec-1] DEBUG o.s.c.c.CharSequenceEncoder - [2f9e8c1f] Writing "478. foo bar"
16:11:20.710 [http-nio-auto-5-exec-1] DEBUG o.s.c.c.CharSequenceEncoder - [2f9e8c1f] Writing "479. foo bar"
16:11:20.710 [http-nio-auto-5-exec-1] DEBUG o.s.c.c.CharSequenceEncoder - [2f9e8c1f] Writing "480. foo bar"
16:11:20.710 [http-nio-auto-5-exec-1] DEBUG o.s.c.c.CharSequenceEncoder - [2f9e8c1f] Writing "481. foo bar"
16:11:20.710 [http-nio-auto-5-exec-1] DEBUG o.s.c.c.CharSequenceEncoder - [2f9e8c1f] Writing "482. foo bar"
16:11:20.710 [http-nio-auto-5-exec-1] DEBUG o.s.c.c.CharSequenceEncoder - [2f9e8c1f] Writing "483. foo bar"
16:11:20.710 [http-nio-auto-5-exec-1] DEBUG o.s.c.c.CharSequenceEncoder - [2f9e8c1f] Writing "484. foo bar"
16:11:20.710 [http-nio-auto-5-exec-1] DEBUG o.s.c.c.CharSequenceEncoder - [2f9e8c1f] Writing "485. foo bar"
16:11:20.710 [http-nio-auto-5-exec-1] DEBUG o.s.c.c.CharSequenceEncoder - [2f9e8c1f] Writing "486. foo bar"
16:11:20.710 [http-nio-auto-5-exec-1] DEBUG o.s.c.c.CharSequenceEncoder - [2f9e8c1f] Writing "487. foo bar"
16:11:20.710 [http-nio-auto-5-exec-1] DEBUG o.s.c.c.CharSequenceEncoder - [2f9e8c1f] Writing "488. foo bar"
16:11:20.710 [http-nio-auto-5-exec-1] DEBUG o.s.c.c.CharSequenceEncoder - [2f9e8c1f] Writing "489. foo bar"
16:11:20.710 [http-nio-auto-5-exec-1] DEBUG o.s.c.c.CharSequenceEncoder - [2f9e8c1f] Writing "490. foo bar"
16:11:20.710 [http-nio-auto-5-exec-1] DEBUG o.s.c.c.CharSequenceEncoder - [2f9e8c1f] Writing "491. foo bar"
16:11:20.710 [http-nio-auto-5-exec-1] DEBUG o.s.c.c.CharSequenceEncoder - [2f9e8c1f] Writing "492. foo bar"
16:11:20.710 [http-nio-auto-5-exec-1] DEBUG o.s.c.c.CharSequenceEncoder - [2f9e8c1f] Writing "493. foo bar"
16:11:20.710 [http-nio-auto-5-exec-1] DEBUG o.s.c.c.CharSequenceEncoder - [2f9e8c1f] Writing "494. foo bar"
16:11:20.710 [http-nio-auto-5-exec-1] DEBUG o.s.c.c.CharSequenceEncoder - [2f9e8c1f] Writing "495. foo bar"
16:11:20.710 [http-nio-auto-5-exec-1] DEBUG o.s.c.c.CharSequenceEncoder - [2f9e8c1f] Writing "496. foo bar"
16:11:20.710 [http-nio-auto-5-exec-1] DEBUG o.s.c.c.CharSequenceEncoder - [2f9e8c1f] Writing "497. foo bar"
16:11:20.711 [http-nio-auto-5-exec-1] DEBUG o.s.c.c.CharSequenceEncoder - [2f9e8c1f] Writing "498. foo bar"
16:11:20.711 [http-nio-auto-5-exec-1] DEBUG o.s.c.c.CharSequenceEncoder - [2f9e8c1f] Writing "499. foo bar"
16:11:20.711 [http-nio-auto-5-exec-1] DEBUG o.s.c.c.CharSequenceEncoder - [2f9e8c1f] Writing "500. foo bar"
16:11:20.711 [http-nio-auto-5-exec-1] DEBUG o.s.c.c.CharSequenceEncoder - [2f9e8c1f] Writing "501. foo bar"
16:11:20.711 [http-nio-auto-5-exec-1] DEBUG o.s.c.c.CharSequenceEncoder - [2f9e8c1f] Writing "502. foo bar"
16:11:20.711 [http-nio-auto-5-exec-1] DEBUG o.s.c.c.CharSequenceEncoder - [2f9e8c1f] Writing "503. foo bar"
16:11:20.711 [http-nio-auto-5-exec-1] DEBUG o.s.c.c.CharSequenceEncoder - [2f9e8c1f] Writing "504. foo bar"
16:11:20.711 [http-nio-auto-5-exec-1] DEBUG o.s.c.c.CharSequenceEncoder - [2f9e8c1f] Writing "505. foo bar"
16:11:20.711 [http-nio-auto-5-exec-1] DEBUG o.s.c.c.CharSequenceEncoder - [2f9e8c1f] Writing "506. foo bar"
16:11:20.711 [http-nio-auto-5-exec-1] DEBUG o.s.c.c.CharSequenceEncoder - [2f9e8c1f] Writing "507. foo bar"
16:11:20.711 [http-nio-auto-5-exec-1] DEBUG o.s.c.c.CharSequenceEncoder - [2f9e8c1f] Writing "508. foo bar"
16:11:20.711 [http-nio-auto-5-exec-1] DEBUG o.s.c.c.CharSequenceEncoder - [2f9e8c1f] Writing "509. foo bar"
16:11:20.711 [http-nio-auto-5-exec-1] DEBUG o.s.c.c.CharSequenceEncoder - [2f9e8c1f] Writing "510. foo bar"
16:11:20.711 [http-nio-auto-5-exec-1] DEBUG o.s.c.c.CharSequenceEncoder - [2f9e8c1f] Writing "511. foo bar"
16:11:20.711 [http-nio-auto-5-exec-1] DEBUG o.s.c.c.CharSequenceEncoder - [2f9e8c1f] Writing "512. foo bar"
16:11:20.712 [http-nio-auto-5-exec-1] DEBUG o.s.c.c.CharSequenceEncoder - [2f9e8c1f] Writing "513. foo bar"
16:11:20.712 [http-nio-auto-5-exec-1] DEBUG o.s.c.c.CharSequenceEncoder - [2f9e8c1f] Writing "514. foo bar"
16:11:20.712 [http-nio-auto-5-exec-1] DEBUG o.s.c.c.CharSequenceEncoder - [2f9e8c1f] Writing "515. foo bar"
16:11:20.712 [http-nio-auto-5-exec-1] DEBUG o.s.c.c.CharSequenceEncoder - [2f9e8c1f] Writing "516. foo bar"
16:11:20.712 [http-nio-auto-5-exec-1] DEBUG o.s.c.c.CharSequenceEncoder - [2f9e8c1f] Writing "517. foo bar"
16:11:20.712 [http-nio-auto-5-exec-1] DEBUG o.s.c.c.CharSequenceEncoder - [2f9e8c1f] Writing "518. foo bar"
16:11:20.712 [http-nio-auto-5-exec-1] DEBUG o.s.c.c.CharSequenceEncoder - [2f9e8c1f] Writing "519. foo bar"
16:11:20.712 [http-nio-auto-5-exec-1] DEBUG o.s.c.c.CharSequenceEncoder - [2f9e8c1f] Writing "520. foo bar"
16:11:20.712 [http-nio-auto-5-exec-1] DEBUG o.s.c.c.CharSequenceEncoder - [2f9e8c1f] Writing "521. foo bar"
16:11:20.712 [http-nio-auto-5-exec-1] DEBUG o.s.c.c.CharSequenceEncoder - [2f9e8c1f] Writing "522. foo bar"
16:11:20.712 [http-nio-auto-5-exec-1] DEBUG o.s.c.c.CharSequenceEncoder - [2f9e8c1f] Writing "523. foo bar"
16:11:20.712 [http-nio-auto-5-exec-1] DEBUG o.s.c.c.CharSequenceEncoder - [2f9e8c1f] Writing "524. foo bar"
16:11:20.712 [http-nio-auto-5-exec-1] DEBUG o.s.c.c.CharSequenceEncoder - [2f9e8c1f] Writing "525. foo bar"
16:11:20.712 [http-nio-auto-5-exec-1] DEBUG o.s.c.c.CharSequenceEncoder - [2f9e8c1f] Writing "526. foo bar"
16:11:20.712 [http-nio-auto-5-exec-1] DEBUG o.s.c.c.CharSequenceEncoder - [2f9e8c1f] Writing "527. foo bar"
16:11:20.712 [http-nio-auto-5-exec-1] DEBUG o.s.c.c.CharSequenceEncoder - [2f9e8c1f] Writing "528. foo bar"
16:11:20.712 [http-nio-auto-5-exec-1] DEBUG o.s.c.c.CharSequenceEncoder - [2f9e8c1f] Writing "529. foo bar"
16:11:20.712 [http-nio-auto-5-exec-1] DEBUG o.s.c.c.CharSequenceEncoder - [2f9e8c1f] Writing "530. foo bar"
16:11:20.712 [http-nio-auto-5-exec-1] DEBUG o.s.c.c.CharSequenceEncoder - [2f9e8c1f] Writing "531. foo bar"
16:11:20.712 [http-nio-auto-5-exec-1] DEBUG o.s.c.c.CharSequenceEncoder - [2f9e8c1f] Writing "532. foo bar"
16:11:20.713 [http-nio-auto-5-exec-1] DEBUG o.s.c.c.CharSequenceEncoder - [2f9e8c1f] Writing "533. foo bar"
16:11:20.713 [http-nio-auto-5-exec-1] DEBUG o.s.c.c.CharSequenceEncoder - [2f9e8c1f] Writing "534. foo bar"
16:11:20.713 [http-nio-auto-5-exec-1] DEBUG o.s.c.c.CharSequenceEncoder - [2f9e8c1f] Writing "535. foo bar"
16:11:20.713 [http-nio-auto-5-exec-1] DEBUG o.s.c.c.CharSequenceEncoder - [2f9e8c1f] Writing "536. foo bar"
16:11:20.713 [http-nio-auto-5-exec-1] DEBUG o.s.c.c.CharSequenceEncoder - [2f9e8c1f] Writing "537. foo bar"
16:11:20.713 [http-nio-auto-5-exec-1] DEBUG o.s.c.c.CharSequenceEncoder - [2f9e8c1f] Writing "538. foo bar"
16:11:20.713 [http-nio-auto-5-exec-1] DEBUG o.s.c.c.CharSequenceEncoder - [2f9e8c1f] Writing "539. foo bar"
16:11:20.713 [http-nio-auto-5-exec-1] DEBUG o.s.c.c.CharSequenceEncoder - [2f9e8c1f] Writing "540. foo bar"
16:11:20.713 [http-nio-auto-5-exec-1] DEBUG o.s.c.c.CharSequenceEncoder - [2f9e8c1f] Writing "541. foo bar"
16:11:20.713 [http-nio-auto-5-exec-1] DEBUG o.s.c.c.CharSequenceEncoder - [2f9e8c1f] Writing "542. foo bar"
16:11:20.713 [http-nio-auto-5-exec-1] DEBUG o.s.c.c.CharSequenceEncoder - [2f9e8c1f] Writing "543. foo bar"
16:11:20.713 [http-nio-auto-5-exec-1] DEBUG o.s.c.c.CharSequenceEncoder - [2f9e8c1f] Writing "544. foo bar"
16:11:20.713 [http-nio-auto-5-exec-1] DEBUG o.s.c.c.CharSequenceEncoder - [2f9e8c1f] Writing "545. foo bar"
16:11:20.713 [http-nio-auto-5-exec-1] DEBUG o.s.c.c.CharSequenceEncoder - [2f9e8c1f] Writing "546. foo bar"
16:11:20.713 [http-nio-auto-5-exec-1] DEBUG o.s.c.c.CharSequenceEncoder - [2f9e8c1f] Writing "547. foo bar"
16:11:20.713 [http-nio-auto-5-exec-1] DEBUG o.s.c.c.CharSequenceEncoder - [2f9e8c1f] Writing "548. foo bar"
16:11:20.713 [http-nio-auto-5-exec-1] DEBUG o.s.c.c.CharSequenceEncoder - [2f9e8c1f] Writing "549. foo bar"
16:11:20.713 [http-nio-auto-5-exec-1] DEBUG o.s.c.c.CharSequenceEncoder - [2f9e8c1f] Writing "550. foo bar"
16:11:20.713 [http-nio-auto-5-exec-1] DEBUG o.s.c.c.CharSequenceEncoder - [2f9e8c1f] Writing "551. foo bar"
16:11:20.713 [http-nio-auto-5-exec-1] DEBUG o.s.c.c.CharSequenceEncoder - [2f9e8c1f] Writing "552. foo bar"
16:11:20.713 [http-nio-auto-5-exec-1] DEBUG o.s.c.c.CharSequenceEncoder - [2f9e8c1f] Writing "553. foo bar"
16:11:20.713 [http-nio-auto-5-exec-1] DEBUG o.s.c.c.CharSequenceEncoder - [2f9e8c1f] Writing "554. foo bar"
16:11:20.714 [http-nio-auto-5-exec-1] DEBUG o.s.c.c.CharSequenceEncoder - [2f9e8c1f] Writing "555. foo bar"
16:11:20.714 [http-nio-auto-5-exec-1] DEBUG o.s.c.c.CharSequenceEncoder - [2f9e8c1f] Writing "556. foo bar"
16:11:20.714 [http-nio-auto-5-exec-1] DEBUG o.s.c.c.CharSequenceEncoder - [2f9e8c1f] Writing "557. foo bar"
16:11:20.714 [http-nio-auto-5-exec-1] DEBUG o.s.c.c.CharSequenceEncoder - [2f9e8c1f] Writing "558. foo bar"
16:11:20.714 [http-nio-auto-5-exec-1] DEBUG o.s.c.c.CharSequenceEncoder - [2f9e8c1f] Writing "559. foo bar"
16:11:20.714 [http-nio-auto-5-exec-1] DEBUG o.s.c.c.CharSequenceEncoder - [2f9e8c1f] Writing "560. foo bar"
16:11:20.714 [http-nio-auto-5-exec-1] DEBUG o.s.c.c.CharSequenceEncoder - [2f9e8c1f] Writing "561. foo bar"
16:11:20.714 [http-nio-auto-5-exec-1] DEBUG o.s.c.c.CharSequenceEncoder - [2f9e8c1f] Writing "562. foo bar"
16:11:20.714 [http-nio-auto-5-exec-1] DEBUG o.s.c.c.CharSequenceEncoder - [2f9e8c1f] Writing "563. foo bar"
16:11:20.714 [http-nio-auto-5-exec-1] DEBUG o.s.c.c.CharSequenceEncoder - [2f9e8c1f] Writing "564. foo bar"
16:11:20.714 [http-nio-auto-5-exec-1] DEBUG o.s.c.c.CharSequenceEncoder - [2f9e8c1f] Writing "565. foo bar"
16:11:20.714 [http-nio-auto-5-exec-1] DEBUG o.s.c.c.CharSequenceEncoder - [2f9e8c1f] Writing "566. foo bar"
16:11:20.714 [http-nio-auto-5-exec-1] DEBUG o.s.c.c.CharSequenceEncoder - [2f9e8c1f] Writing "567. foo bar"
16:11:20.714 [http-nio-auto-5-exec-1] DEBUG o.s.c.c.CharSequenceEncoder - [2f9e8c1f] Writing "568. foo bar"
16:11:20.714 [http-nio-auto-5-exec-1] DEBUG o.s.c.c.CharSequenceEncoder - [2f9e8c1f] Writing "569. foo bar"
16:11:20.714 [http-nio-auto-5-exec-1] DEBUG o.s.c.c.CharSequenceEncoder - [2f9e8c1f] Writing "570. foo bar"
16:11:20.714 [http-nio-auto-5-exec-1] DEBUG o.s.c.c.CharSequenceEncoder - [2f9e8c1f] Writing "571. foo bar"
16:11:20.714 [http-nio-auto-5-exec-1] DEBUG o.s.c.c.CharSequenceEncoder - [2f9e8c1f] Writing "572. foo bar"
16:11:20.714 [http-nio-auto-5-exec-1] DEBUG o.s.c.c.CharSequenceEncoder - [2f9e8c1f] Writing "573. foo bar"
16:11:20.714 [http-nio-auto-5-exec-1] DEBUG o.s.c.c.CharSequenceEncoder - [2f9e8c1f] Writing "574. foo bar"
16:11:20.714 [http-nio-auto-5-exec-1] DEBUG o.s.c.c.CharSequenceEncoder - [2f9e8c1f] Writing "575. foo bar"
16:11:20.714 [http-nio-auto-5-exec-1] DEBUG o.s.c.c.CharSequenceEncoder - [2f9e8c1f] Writing "576. foo bar"
16:11:20.714 [http-nio-auto-5-exec-1] DEBUG o.s.c.c.CharSequenceEncoder - [2f9e8c1f] Writing "577. foo bar"
16:11:20.714 [http-nio-auto-5-exec-1] DEBUG o.s.c.c.CharSequenceEncoder - [2f9e8c1f] Writing "578. foo bar"
16:11:20.714 [http-nio-auto-5-exec-1] DEBUG o.s.c.c.CharSequenceEncoder - [2f9e8c1f] Writing "579. foo bar"
16:11:20.714 [http-nio-auto-5-exec-1] DEBUG o.s.c.c.CharSequenceEncoder - [2f9e8c1f] Writing "580. foo bar"
16:11:20.715 [http-nio-auto-5-exec-1] DEBUG o.s.c.c.CharSequenceEncoder - [2f9e8c1f] Writing "581. foo bar"
16:11:20.715 [http-nio-auto-5-exec-1] DEBUG o.s.c.c.CharSequenceEncoder - [2f9e8c1f] Writing "582. foo bar"
16:11:20.715 [http-nio-auto-5-exec-1] DEBUG o.s.c.c.CharSequenceEncoder - [2f9e8c1f] Writing "583. foo bar"
16:11:20.715 [http-nio-auto-5-exec-1] DEBUG o.s.c.c.CharSequenceEncoder - [2f9e8c1f] Writing "584. foo bar"
16:11:20.715 [http-nio-auto-5-exec-1] DEBUG o.s.c.c.CharSequenceEncoder - [2f9e8c1f] Writing "585. foo bar"
16:11:20.715 [http-nio-auto-5-exec-1] DEBUG o.s.c.c.CharSequenceEncoder - [2f9e8c1f] Writing "586. foo bar"
16:11:20.715 [http-nio-auto-5-exec-1] DEBUG o.s.c.c.CharSequenceEncoder - [2f9e8c1f] Writing "587. foo bar"
16:11:20.715 [http-nio-auto-5-exec-1] DEBUG o.s.c.c.CharSequenceEncoder - [2f9e8c1f] Writing "588. foo bar"
16:11:20.715 [http-nio-auto-5-exec-1] DEBUG o.s.c.c.CharSequenceEncoder - [2f9e8c1f] Writing "589. foo bar"
16:11:20.715 [http-nio-auto-5-exec-1] DEBUG o.s.c.c.CharSequenceEncoder - [2f9e8c1f] Writing "590. foo bar"
16:11:20.715 [http-nio-auto-5-exec-1] DEBUG o.s.c.c.CharSequenceEncoder - [2f9e8c1f] Writing "591. foo bar"
16:11:20.715 [http-nio-auto-5-exec-1] DEBUG o.s.c.c.CharSequenceEncoder - [2f9e8c1f] Writing "592. foo bar"
16:11:20.715 [http-nio-auto-5-exec-1] DEBUG o.s.c.c.CharSequenceEncoder - [2f9e8c1f] Writing "593. foo bar"
16:11:20.715 [http-nio-auto-5-exec-1] DEBUG o.s.c.c.CharSequenceEncoder - [2f9e8c1f] Writing "594. foo bar"
16:11:20.715 [http-nio-auto-5-exec-1] DEBUG o.s.c.c.CharSequenceEncoder - [2f9e8c1f] Writing "595. foo bar"
16:11:20.715 [http-nio-auto-5-exec-1] DEBUG o.s.c.c.CharSequenceEncoder - [2f9e8c1f] Writing "596. foo bar"
16:11:20.715 [http-nio-auto-5-exec-1] DEBUG o.s.c.c.CharSequenceEncoder - [2f9e8c1f] Writing "597. foo bar"
16:11:20.715 [http-nio-auto-5-exec-1] DEBUG o.s.c.c.CharSequenceEncoder - [2f9e8c1f] Writing "598. foo bar"
16:11:20.715 [http-nio-auto-5-exec-1] DEBUG o.s.c.c.CharSequenceEncoder - [2f9e8c1f] Writing "599. foo bar"
16:11:20.715 [http-nio-auto-5-exec-1] DEBUG o.s.c.c.CharSequenceEncoder - [2f9e8c1f] Writing "600. foo bar"
16:11:20.715 [http-nio-auto-5-exec-1] DEBUG o.s.c.c.CharSequenceEncoder - [2f9e8c1f] Writing "601. foo bar"
16:11:20.716 [http-nio-auto-5-exec-1] DEBUG o.s.c.c.CharSequenceEncoder - [2f9e8c1f] Writing "602. foo bar"
16:11:20.716 [http-nio-auto-5-exec-1] DEBUG o.s.c.c.CharSequenceEncoder - [2f9e8c1f] Writing "603. foo bar"
16:11:20.716 [http-nio-auto-5-exec-1] DEBUG o.s.c.c.CharSequenceEncoder - [2f9e8c1f] Writing "604. foo bar"
16:11:20.716 [http-nio-auto-5-exec-1] DEBUG o.s.c.c.CharSequenceEncoder - [2f9e8c1f] Writing "605. foo bar"
16:11:20.716 [http-nio-auto-5-exec-1] DEBUG o.s.c.c.CharSequenceEncoder - [2f9e8c1f] Writing "606. foo bar"
16:11:20.716 [http-nio-auto-5-exec-1] DEBUG o.s.c.c.CharSequenceEncoder - [2f9e8c1f] Writing "607. foo bar"
16:11:20.716 [http-nio-auto-5-exec-1] DEBUG o.s.c.c.CharSequenceEncoder - [2f9e8c1f] Writing "608. foo bar"
16:11:20.716 [http-nio-auto-5-exec-1] DEBUG o.s.c.c.CharSequenceEncoder - [2f9e8c1f] Writing "609. foo bar"
16:11:20.716 [http-nio-auto-5-exec-1] DEBUG o.s.c.c.CharSequenceEncoder - [2f9e8c1f] Writing "610. foo bar"
16:11:20.716 [http-nio-auto-5-exec-1] DEBUG o.s.c.c.CharSequenceEncoder - [2f9e8c1f] Writing "611. foo bar"
16:11:20.716 [http-nio-auto-5-exec-1] DEBUG o.s.c.c.CharSequenceEncoder - [2f9e8c1f] Writing "612. foo bar"
16:11:20.716 [http-nio-auto-5-exec-1] DEBUG o.s.c.c.CharSequenceEncoder - [2f9e8c1f] Writing "613. foo bar"
16:11:20.716 [http-nio-auto-5-exec-1] DEBUG o.s.c.c.CharSequenceEncoder - [2f9e8c1f] Writing "614. foo bar"
16:11:20.716 [http-nio-auto-5-exec-1] DEBUG o.s.c.c.CharSequenceEncoder - [2f9e8c1f] Writing "615. foo bar"
16:11:20.716 [http-nio-auto-5-exec-1] DEBUG o.s.c.c.CharSequenceEncoder - [2f9e8c1f] Writing "616. foo bar"
16:11:20.716 [http-nio-auto-5-exec-1] DEBUG o.s.c.c.CharSequenceEncoder - [2f9e8c1f] Writing "617. foo bar"
16:11:20.716 [http-nio-auto-5-exec-1] DEBUG o.s.c.c.CharSequenceEncoder - [2f9e8c1f] Writing "618. foo bar"
16:11:20.716 [http-nio-auto-5-exec-1] DEBUG o.s.c.c.CharSequenceEncoder - [2f9e8c1f] Writing "619. foo bar"
16:11:20.716 [http-nio-auto-5-exec-1] DEBUG o.s.c.c.CharSequenceEncoder - [2f9e8c1f] Writing "620. foo bar"
16:11:20.716 [http-nio-auto-5-exec-1] DEBUG o.s.c.c.CharSequenceEncoder - [2f9e8c1f] Writing "621. foo bar"
16:11:20.716 [http-nio-auto-5-exec-1] DEBUG o.s.c.c.CharSequenceEncoder - [2f9e8c1f] Writing "622. foo bar"
16:11:20.717 [http-nio-auto-5-exec-1] DEBUG o.s.c.c.CharSequenceEncoder - [2f9e8c1f] Writing "623. foo bar"
16:11:20.717 [http-nio-auto-5-exec-1] DEBUG o.s.c.c.CharSequenceEncoder - [2f9e8c1f] Writing "624. foo bar"
16:11:20.717 [http-nio-auto-5-exec-1] DEBUG o.s.c.c.CharSequenceEncoder - [2f9e8c1f] Writing "625. foo bar"
16:11:20.717 [http-nio-auto-5-exec-1] DEBUG o.s.c.c.CharSequenceEncoder - [2f9e8c1f] Writing "626. foo bar"
16:11:20.717 [http-nio-auto-5-exec-1] DEBUG o.s.c.c.CharSequenceEncoder - [2f9e8c1f] Writing "627. foo bar"
16:11:20.717 [http-nio-auto-5-exec-1] DEBUG o.s.c.c.CharSequenceEncoder - [2f9e8c1f] Writing "628. foo bar"
16:11:20.717 [http-nio-auto-5-exec-1] DEBUG o.s.c.c.CharSequenceEncoder - [2f9e8c1f] Writing "629. foo bar"
16:11:20.717 [http-nio-auto-5-exec-1] DEBUG o.s.c.c.CharSequenceEncoder - [2f9e8c1f] Writing "630. foo bar"
16:11:20.717 [http-nio-auto-5-exec-1] DEBUG o.s.c.c.CharSequenceEncoder - [2f9e8c1f] Writing "631. foo bar"
16:11:20.717 [http-nio-auto-5-exec-1] DEBUG o.s.c.c.CharSequenceEncoder - [2f9e8c1f] Writing "632. foo bar"
16:11:20.717 [http-nio-auto-5-exec-1] DEBUG o.s.c.c.CharSequenceEncoder - [2f9e8c1f] Writing "633. foo bar"
16:11:20.717 [http-nio-auto-5-exec-1] DEBUG o.s.c.c.CharSequenceEncoder - [2f9e8c1f] Writing "634. foo bar"
16:11:20.717 [http-nio-auto-5-exec-1] DEBUG o.s.c.c.CharSequenceEncoder - [2f9e8c1f] Writing "635. foo bar"
16:11:20.718 [http-nio-auto-5-exec-1] DEBUG o.s.c.c.CharSequenceEncoder - [2f9e8c1f] Writing "636. foo bar"
16:11:20.718 [http-nio-auto-5-exec-1] DEBUG o.s.c.c.CharSequenceEncoder - [2f9e8c1f] Writing "637. foo bar"
16:11:20.718 [http-nio-auto-5-exec-1] DEBUG o.s.c.c.CharSequenceEncoder - [2f9e8c1f] Writing "638. foo bar"
16:11:20.718 [http-nio-auto-5-exec-1] DEBUG o.s.c.c.CharSequenceEncoder - [2f9e8c1f] Writing "639. foo bar"
16:11:20.718 [http-nio-auto-5-exec-1] DEBUG o.s.c.c.CharSequenceEncoder - [2f9e8c1f] Writing "640. foo bar"
16:11:20.718 [http-nio-auto-5-exec-1] DEBUG o.s.c.c.CharSequenceEncoder - [2f9e8c1f] Writing "641. foo bar"
16:11:20.718 [http-nio-auto-5-exec-1] DEBUG o.s.c.c.CharSequenceEncoder - [2f9e8c1f] Writing "642. foo bar"
16:11:20.718 [http-nio-auto-5-exec-1] DEBUG o.s.c.c.CharSequenceEncoder - [2f9e8c1f] Writing "643. foo bar"
16:11:20.718 [http-nio-auto-5-exec-1] DEBUG o.s.c.c.CharSequenceEncoder - [2f9e8c1f] Writing "644. foo bar"
16:11:20.718 [http-nio-auto-5-exec-1] DEBUG o.s.c.c.CharSequenceEncoder - [2f9e8c1f] Writing "645. foo bar"
16:11:20.718 [http-nio-auto-5-exec-1] DEBUG o.s.c.c.CharSequenceEncoder - [2f9e8c1f] Writing "646. foo bar"
16:11:20.718 [http-nio-auto-5-exec-1] DEBUG o.s.c.c.CharSequenceEncoder - [2f9e8c1f] Writing "647. foo bar"
16:11:20.718 [http-nio-auto-5-exec-1] DEBUG o.s.c.c.CharSequenceEncoder - [2f9e8c1f] Writing "648. foo bar"
16:11:20.719 [http-nio-auto-5-exec-1] DEBUG o.s.c.c.CharSequenceEncoder - [2f9e8c1f] Writing "649. foo bar"
16:11:20.719 [http-nio-auto-5-exec-1] DEBUG o.s.c.c.CharSequenceEncoder - [2f9e8c1f] Writing "650. foo bar"
16:11:20.719 [http-nio-auto-5-exec-1] DEBUG o.s.c.c.CharSequenceEncoder - [2f9e8c1f] Writing "651. foo bar"
16:11:20.719 [http-nio-auto-5-exec-1] DEBUG o.s.c.c.CharSequenceEncoder - [2f9e8c1f] Writing "652. foo bar"
16:11:20.719 [http-nio-auto-5-exec-1] DEBUG o.s.c.c.CharSequenceEncoder - [2f9e8c1f] Writing "653. foo bar"
16:11:20.719 [http-nio-auto-5-exec-1] DEBUG o.s.c.c.CharSequenceEncoder - [2f9e8c1f] Writing "654. foo bar"
16:11:20.719 [http-nio-auto-5-exec-1] DEBUG o.s.c.c.CharSequenceEncoder - [2f9e8c1f] Writing "655. foo bar"
16:11:20.719 [http-nio-auto-5-exec-1] DEBUG o.s.c.c.CharSequenceEncoder - [2f9e8c1f] Writing "656. foo bar"
16:11:20.719 [http-nio-auto-5-exec-1] DEBUG o.s.c.c.CharSequenceEncoder - [2f9e8c1f] Writing "657. foo bar"
16:11:20.719 [http-nio-auto-5-exec-1] DEBUG o.s.c.c.CharSequenceEncoder - [2f9e8c1f] Writing "658. foo bar"
16:11:20.719 [http-nio-auto-5-exec-1] DEBUG o.s.c.c.CharSequenceEncoder - [2f9e8c1f] Writing "659. foo bar"
16:11:20.719 [http-nio-auto-5-exec-1] DEBUG o.s.c.c.CharSequenceEncoder - [2f9e8c1f] Writing "660. foo bar"
16:11:20.719 [http-nio-auto-5-exec-1] DEBUG o.s.c.c.CharSequenceEncoder - [2f9e8c1f] Writing "661. foo bar"
16:11:20.719 [http-nio-auto-5-exec-1] DEBUG o.s.c.c.CharSequenceEncoder - [2f9e8c1f] Writing "662. foo bar"
16:11:20.719 [http-nio-auto-5-exec-1] DEBUG o.s.c.c.CharSequenceEncoder - [2f9e8c1f] Writing "663. foo bar"
16:11:20.719 [http-nio-auto-5-exec-1] DEBUG o.s.c.c.CharSequenceEncoder - [2f9e8c1f] Writing "664. foo bar"
16:11:20.719 [http-nio-auto-5-exec-1] DEBUG o.s.c.c.CharSequenceEncoder - [2f9e8c1f] Writing "665. foo bar"
16:11:20.719 [http-nio-auto-5-exec-1] DEBUG o.s.c.c.CharSequenceEncoder - [2f9e8c1f] Writing "666. foo bar"
16:11:20.719 [http-nio-auto-5-exec-1] DEBUG o.s.c.c.CharSequenceEncoder - [2f9e8c1f] Writing "667. foo bar"
16:11:20.720 [http-nio-auto-5-exec-1] DEBUG o.s.c.c.CharSequenceEncoder - [2f9e8c1f] Writing "668. foo bar"
16:11:20.720 [http-nio-auto-5-exec-1] DEBUG o.s.c.c.CharSequenceEncoder - [2f9e8c1f] Writing "669. foo bar"
16:11:20.720 [http-nio-auto-5-exec-1] DEBUG o.s.c.c.CharSequenceEncoder - [2f9e8c1f] Writing "670. foo bar"
16:11:20.720 [http-nio-auto-5-exec-1] DEBUG o.s.c.c.CharSequenceEncoder - [2f9e8c1f] Writing "671. foo bar"
16:11:20.720 [http-nio-auto-5-exec-1] DEBUG o.s.c.c.CharSequenceEncoder - [2f9e8c1f] Writing "672. foo bar"
16:11:20.720 [http-nio-auto-5-exec-1] DEBUG o.s.c.c.CharSequenceEncoder - [2f9e8c1f] Writing "673. foo bar"
16:11:20.720 [http-nio-auto-5-exec-1] DEBUG o.s.c.c.CharSequenceEncoder - [2f9e8c1f] Writing "674. foo bar"
16:11:20.720 [http-nio-auto-5-exec-1] DEBUG o.s.c.c.CharSequenceEncoder - [2f9e8c1f] Writing "675. foo bar"
16:11:20.720 [http-nio-auto-5-exec-1] DEBUG o.s.c.c.CharSequenceEncoder - [2f9e8c1f] Writing "676. foo bar"
16:11:20.720 [http-nio-auto-5-exec-1] DEBUG o.s.c.c.CharSequenceEncoder - [2f9e8c1f] Writing "677. foo bar"
16:11:20.720 [http-nio-auto-5-exec-1] DEBUG o.s.c.c.CharSequenceEncoder - [2f9e8c1f] Writing "678. foo bar"
16:11:20.720 [http-nio-auto-5-exec-1] DEBUG o.s.c.c.CharSequenceEncoder - [2f9e8c1f] Writing "679. foo bar"
16:11:20.720 [http-nio-auto-5-exec-1] DEBUG o.s.c.c.CharSequenceEncoder - [2f9e8c1f] Writing "680. foo bar"
16:11:20.720 [http-nio-auto-5-exec-1] DEBUG o.s.c.c.CharSequenceEncoder - [2f9e8c1f] Writing "681. foo bar"
16:11:20.720 [http-nio-auto-5-exec-1] DEBUG o.s.c.c.CharSequenceEncoder - [2f9e8c1f] Writing "682. foo bar"
16:11:20.720 [http-nio-auto-5-exec-1] DEBUG o.s.c.c.CharSequenceEncoder - [2f9e8c1f] Writing "683. foo bar"
16:11:20.720 [http-nio-auto-5-exec-1] DEBUG o.s.c.c.CharSequenceEncoder - [2f9e8c1f] Writing "684. foo bar"
16:11:20.720 [http-nio-auto-5-exec-1] DEBUG o.s.c.c.CharSequenceEncoder - [2f9e8c1f] Writing "685. foo bar"
16:11:20.720 [http-nio-auto-5-exec-1] DEBUG o.s.c.c.CharSequenceEncoder - [2f9e8c1f] Writing "686. foo bar"
16:11:20.720 [http-nio-auto-5-exec-1] DEBUG o.s.c.c.CharSequenceEncoder - [2f9e8c1f] Writing "687. foo bar"
16:11:20.720 [http-nio-auto-5-exec-1] DEBUG o.s.c.c.CharSequenceEncoder - [2f9e8c1f] Writing "688. foo bar"
16:11:20.720 [http-nio-auto-5-exec-1] DEBUG o.s.c.c.CharSequenceEncoder - [2f9e8c1f] Writing "689. foo bar"
16:11:20.721 [http-nio-auto-5-exec-1] DEBUG o.s.c.c.CharSequenceEncoder - [2f9e8c1f] Writing "690. foo bar"
16:11:20.721 [http-nio-auto-5-exec-1] DEBUG o.s.c.c.CharSequenceEncoder - [2f9e8c1f] Writing "691. foo bar"
16:11:20.721 [http-nio-auto-5-exec-1] DEBUG o.s.c.c.CharSequenceEncoder - [2f9e8c1f] Writing "692. foo bar"
16:11:20.721 [http-nio-auto-5-exec-1] DEBUG o.s.c.c.CharSequenceEncoder - [2f9e8c1f] Writing "693. foo bar"
16:11:20.722 [Test worker] DEBUG o.s.w.c.RestTemplate - Response 200 OK
16:11:20.724 [Test worker] DEBUG o.s.w.c.RestTemplate - Reading to [java.lang.String] as "text/plain;charset=UTF-8"
16:11:20.724 [http-nio-auto-5-exec-2] DEBUG o.s.c.c.CharSequenceEncoder - [2f9e8c1f] Writing "694. foo bar"
16:11:20.724 [http-nio-auto-5-exec-2] DEBUG o.s.c.c.CharSequenceEncoder - [2f9e8c1f] Writing "695. foo bar"
16:11:20.724 [http-nio-auto-5-exec-2] DEBUG o.s.c.c.CharSequenceEncoder - [2f9e8c1f] Writing "696. foo bar"
16:11:20.724 [http-nio-auto-5-exec-2] DEBUG o.s.c.c.CharSequenceEncoder - [2f9e8c1f] Writing "697. foo bar"
16:11:20.724 [http-nio-auto-5-exec-2] DEBUG o.s.c.c.CharSequenceEncoder - [2f9e8c1f] Writing "698. foo bar"
16:11:20.724 [http-nio-auto-5-exec-2] DEBUG o.s.c.c.CharSequenceEncoder - [2f9e8c1f] Writing "699. foo bar"
16:11:20.724 [http-nio-auto-5-exec-2] DEBUG o.s.c.c.CharSequenceEncoder - [2f9e8c1f] Writing "700. foo bar"
16:11:20.724 [http-nio-auto-5-exec-2] DEBUG o.s.c.c.CharSequenceEncoder - [2f9e8c1f] Writing "701. foo bar"
16:11:20.725 [http-nio-auto-5-exec-2] DEBUG o.s.c.c.CharSequenceEncoder - [2f9e8c1f] Writing "702. foo bar"
16:11:20.725 [http-nio-auto-5-exec-2] DEBUG o.s.c.c.CharSequenceEncoder - [2f9e8c1f] Writing "703. foo bar"
16:11:20.725 [http-nio-auto-5-exec-2] DEBUG o.s.c.c.CharSequenceEncoder - [2f9e8c1f] Writing "704. foo bar"
16:11:20.725 [http-nio-auto-5-exec-2] DEBUG o.s.c.c.CharSequenceEncoder - [2f9e8c1f] Writing "705. foo bar"
16:11:20.725 [http-nio-auto-5-exec-2] DEBUG o.s.c.c.CharSequenceEncoder - [2f9e8c1f] Writing "706. foo bar"
16:11:20.725 [http-nio-auto-5-exec-2] DEBUG o.s.c.c.CharSequenceEncoder - [2f9e8c1f] Writing "707. foo bar"
16:11:20.725 [http-nio-auto-5-exec-2] DEBUG o.s.c.c.CharSequenceEncoder - [2f9e8c1f] Writing "708. foo bar"
16:11:20.725 [http-nio-auto-5-exec-2] DEBUG o.s.c.c.CharSequenceEncoder - [2f9e8c1f] Writing "709. foo bar"
16:11:20.725 [http-nio-auto-5-exec-2] DEBUG o.s.c.c.CharSequenceEncoder - [2f9e8c1f] Writing "710. foo bar"
16:11:20.725 [http-nio-auto-5-exec-2] DEBUG o.s.c.c.CharSequenceEncoder - [2f9e8c1f] Writing "711. foo bar"
16:11:20.725 [http-nio-auto-5-exec-2] DEBUG o.s.c.c.CharSequenceEncoder - [2f9e8c1f] Writing "712. foo bar"
16:11:20.725 [http-nio-auto-5-exec-2] DEBUG o.s.c.c.CharSequenceEncoder - [2f9e8c1f] Writing "713. foo bar"
16:11:20.725 [http-nio-auto-5-exec-2] DEBUG o.s.c.c.CharSequenceEncoder - [2f9e8c1f] Writing "714. foo bar"
16:11:20.725 [http-nio-auto-5-exec-2] DEBUG o.s.c.c.CharSequenceEncoder - [2f9e8c1f] Writing "715. foo bar"
16:11:20.725 [http-nio-auto-5-exec-2] DEBUG o.s.c.c.CharSequenceEncoder - [2f9e8c1f] Writing "716. foo bar"
16:11:20.725 [http-nio-auto-5-exec-2] DEBUG o.s.c.c.CharSequenceEncoder - [2f9e8c1f] Writing "717. foo bar"
16:11:20.725 [http-nio-auto-5-exec-2] DEBUG o.s.c.c.CharSequenceEncoder - [2f9e8c1f] Writing "718. foo bar"
16:11:20.725 [http-nio-auto-5-exec-2] DEBUG o.s.c.c.CharSequenceEncoder - [2f9e8c1f] Writing "719. foo bar"
16:11:20.725 [http-nio-auto-5-exec-2] DEBUG o.s.c.c.CharSequenceEncoder - [2f9e8c1f] Writing "720. foo bar"
16:11:20.725 [http-nio-auto-5-exec-2] DEBUG o.s.c.c.CharSequenceEncoder - [2f9e8c1f] Writing "721. foo bar"
16:11:20.725 [http-nio-auto-5-exec-2] DEBUG o.s.c.c.CharSequenceEncoder - [2f9e8c1f] Writing "722. foo bar"
16:11:20.725 [http-nio-auto-5-exec-2] DEBUG o.s.c.c.CharSequenceEncoder - [2f9e8c1f] Writing "723. foo bar"
16:11:20.725 [http-nio-auto-5-exec-2] DEBUG o.s.c.c.CharSequenceEncoder - [2f9e8c1f] Writing "724. foo bar"
16:11:20.725 [http-nio-auto-5-exec-2] DEBUG o.s.c.c.CharSequenceEncoder - [2f9e8c1f] Writing "725. foo bar"
16:11:20.725 [http-nio-auto-5-exec-2] DEBUG o.s.c.c.CharSequenceEncoder - [2f9e8c1f] Writing "726. foo bar"
16:11:20.725 [http-nio-auto-5-exec-2] DEBUG o.s.c.c.CharSequenceEncoder - [2f9e8c1f] Writing "727. foo bar"
16:11:20.725 [http-nio-auto-5-exec-2] DEBUG o.s.c.c.CharSequenceEncoder - [2f9e8c1f] Writing "728. foo bar"
16:11:20.725 [http-nio-auto-5-exec-2] DEBUG o.s.c.c.CharSequenceEncoder - [2f9e8c1f] Writing "729. foo bar"
16:11:20.725 [http-nio-auto-5-exec-2] DEBUG o.s.c.c.CharSequenceEncoder - [2f9e8c1f] Writing "730. foo bar"
16:11:20.726 [http-nio-auto-5-exec-2] DEBUG o.s.c.c.CharSequenceEncoder - [2f9e8c1f] Writing "731. foo bar"
16:11:20.726 [http-nio-auto-5-exec-2] DEBUG o.s.c.c.CharSequenceEncoder - [2f9e8c1f] Writing "732. foo bar"
16:11:20.726 [http-nio-auto-5-exec-2] DEBUG o.s.c.c.CharSequenceEncoder - [2f9e8c1f] Writing "733. foo bar"
16:11:20.726 [http-nio-auto-5-exec-2] DEBUG o.s.c.c.CharSequenceEncoder - [2f9e8c1f] Writing "734. foo bar"
16:11:20.726 [http-nio-auto-5-exec-2] DEBUG o.s.c.c.CharSequenceEncoder - [2f9e8c1f] Writing "735. foo bar"
16:11:20.726 [http-nio-auto-5-exec-2] DEBUG o.s.c.c.CharSequenceEncoder - [2f9e8c1f] Writing "736. foo bar"
16:11:20.726 [http-nio-auto-5-exec-2] DEBUG o.s.c.c.CharSequenceEncoder - [2f9e8c1f] Writing "737. foo bar"
16:11:20.726 [http-nio-auto-5-exec-2] DEBUG o.s.c.c.CharSequenceEncoder - [2f9e8c1f] Writing "738. foo bar"
16:11:20.726 [http-nio-auto-5-exec-2] DEBUG o.s.c.c.CharSequenceEncoder - [2f9e8c1f] Writing "739. foo bar"
16:11:20.726 [http-nio-auto-5-exec-2] DEBUG o.s.c.c.CharSequenceEncoder - [2f9e8c1f] Writing "740. foo bar"
16:11:20.726 [http-nio-auto-5-exec-2] DEBUG o.s.c.c.CharSequenceEncoder - [2f9e8c1f] Writing "741. foo bar"
16:11:20.726 [http-nio-auto-5-exec-2] DEBUG o.s.c.c.CharSequenceEncoder - [2f9e8c1f] Writing "742. foo bar"
16:11:20.726 [http-nio-auto-5-exec-2] DEBUG o.s.c.c.CharSequenceEncoder - [2f9e8c1f] Writing "743. foo bar"
16:11:20.726 [http-nio-auto-5-exec-2] DEBUG o.s.c.c.CharSequenceEncoder - [2f9e8c1f] Writing "744. foo bar"
16:11:20.726 [http-nio-auto-5-exec-2] DEBUG o.s.c.c.CharSequenceEncoder - [2f9e8c1f] Writing "745. foo bar"
16:11:20.726 [http-nio-auto-5-exec-2] DEBUG o.s.c.c.CharSequenceEncoder - [2f9e8c1f] Writing "746. foo bar"
16:11:20.726 [http-nio-auto-5-exec-2] DEBUG o.s.c.c.CharSequenceEncoder - [2f9e8c1f] Writing "747. foo bar"
16:11:20.726 [http-nio-auto-5-exec-2] DEBUG o.s.c.c.CharSequenceEncoder - [2f9e8c1f] Writing "748. foo bar"
16:11:20.726 [http-nio-auto-5-exec-2] DEBUG o.s.c.c.CharSequenceEncoder - [2f9e8c1f] Writing "749. foo bar"
16:11:20.726 [http-nio-auto-5-exec-2] DEBUG o.s.c.c.CharSequenceEncoder - [2f9e8c1f] Writing "750. foo bar"
16:11:20.726 [http-nio-auto-5-exec-2] DEBUG o.s.c.c.CharSequenceEncoder - [2f9e8c1f] Writing "751. foo bar"
16:11:20.726 [http-nio-auto-5-exec-2] DEBUG o.s.c.c.CharSequenceEncoder - [2f9e8c1f] Writing "752. foo bar"
16:11:20.726 [http-nio-auto-5-exec-2] DEBUG o.s.c.c.CharSequenceEncoder - [2f9e8c1f] Writing "753. foo bar"
16:11:20.726 [http-nio-auto-5-exec-2] DEBUG o.s.c.c.CharSequenceEncoder - [2f9e8c1f] Writing "754. foo bar"
16:11:20.726 [http-nio-auto-5-exec-2] DEBUG o.s.c.c.CharSequenceEncoder - [2f9e8c1f] Writing "755. foo bar"
16:11:20.726 [http-nio-auto-5-exec-2] DEBUG o.s.c.c.CharSequenceEncoder - [2f9e8c1f] Writing "756. foo bar"
16:11:20.726 [http-nio-auto-5-exec-2] DEBUG o.s.c.c.CharSequenceEncoder - [2f9e8c1f] Writing "757. foo bar"
16:11:20.726 [http-nio-auto-5-exec-2] DEBUG o.s.c.c.CharSequenceEncoder - [2f9e8c1f] Writing "758. foo bar"
16:11:20.726 [http-nio-auto-5-exec-2] DEBUG o.s.c.c.CharSequenceEncoder - [2f9e8c1f] Writing "759. foo bar"
16:11:20.727 [http-nio-auto-5-exec-2] DEBUG o.s.c.c.CharSequenceEncoder - [2f9e8c1f] Writing "760. foo bar"
16:11:20.727 [http-nio-auto-5-exec-2] DEBUG o.s.c.c.CharSequenceEncoder - [2f9e8c1f] Writing "761. foo bar"
16:11:20.727 [http-nio-auto-5-exec-2] DEBUG o.s.c.c.CharSequenceEncoder - [2f9e8c1f] Writing "762. foo bar"
16:11:20.727 [http-nio-auto-5-exec-2] DEBUG o.s.c.c.CharSequenceEncoder - [2f9e8c1f] Writing "763. foo bar"
16:11:20.727 [http-nio-auto-5-exec-2] DEBUG o.s.c.c.CharSequenceEncoder - [2f9e8c1f] Writing "764. foo bar"
16:11:20.727 [http-nio-auto-5-exec-2] DEBUG o.s.c.c.CharSequenceEncoder - [2f9e8c1f] Writing "765. foo bar"
16:11:20.727 [http-nio-auto-5-exec-2] DEBUG o.s.c.c.CharSequenceEncoder - [2f9e8c1f] Writing "766. foo bar"
16:11:20.727 [http-nio-auto-5-exec-2] DEBUG o.s.c.c.CharSequenceEncoder - [2f9e8c1f] Writing "767. foo bar"
16:11:20.727 [http-nio-auto-5-exec-2] DEBUG o.s.c.c.CharSequenceEncoder - [2f9e8c1f] Writing "768. foo bar"
16:11:20.727 [http-nio-auto-5-exec-2] DEBUG o.s.c.c.CharSequenceEncoder - [2f9e8c1f] Writing "769. foo bar"
16:11:20.727 [http-nio-auto-5-exec-2] DEBUG o.s.c.c.CharSequenceEncoder - [2f9e8c1f] Writing "770. foo bar"
16:11:20.727 [http-nio-auto-5-exec-2] DEBUG o.s.c.c.CharSequenceEncoder - [2f9e8c1f] Writing "771. foo bar"
16:11:20.727 [http-nio-auto-5-exec-2] DEBUG o.s.c.c.CharSequenceEncoder - [2f9e8c1f] Writing "772. foo bar"
16:11:20.727 [http-nio-auto-5-exec-2] DEBUG o.s.c.c.CharSequenceEncoder - [2f9e8c1f] Writing "773. foo bar"
16:11:20.727 [http-nio-auto-5-exec-2] DEBUG o.s.c.c.CharSequenceEncoder - [2f9e8c1f] Writing "774. foo bar"
16:11:20.727 [http-nio-auto-5-exec-2] DEBUG o.s.c.c.CharSequenceEncoder - [2f9e8c1f] Writing "775. foo bar"
16:11:20.727 [http-nio-auto-5-exec-2] DEBUG o.s.c.c.CharSequenceEncoder - [2f9e8c1f] Writing "776. foo bar"
16:11:20.727 [http-nio-auto-5-exec-2] DEBUG o.s.c.c.CharSequenceEncoder - [2f9e8c1f] Writing "777. foo bar"
16:11:20.727 [http-nio-auto-5-exec-2] DEBUG o.s.c.c.CharSequenceEncoder - [2f9e8c1f] Writing "778. foo bar"
16:11:20.727 [http-nio-auto-5-exec-2] DEBUG o.s.c.c.CharSequenceEncoder - [2f9e8c1f] Writing "779. foo bar"
16:11:20.727 [http-nio-auto-5-exec-2] DEBUG o.s.c.c.CharSequenceEncoder - [2f9e8c1f] Writing "780. foo bar"
16:11:20.727 [http-nio-auto-5-exec-2] DEBUG o.s.c.c.CharSequenceEncoder - [2f9e8c1f] Writing "781. foo bar"
16:11:20.727 [http-nio-auto-5-exec-2] DEBUG o.s.c.c.CharSequenceEncoder - [2f9e8c1f] Writing "782. foo bar"
16:11:20.727 [http-nio-auto-5-exec-2] DEBUG o.s.c.c.CharSequenceEncoder - [2f9e8c1f] Writing "783. foo bar"
16:11:20.727 [http-nio-auto-5-exec-2] DEBUG o.s.c.c.CharSequenceEncoder - [2f9e8c1f] Writing "784. foo bar"
16:11:20.727 [http-nio-auto-5-exec-2] DEBUG o.s.c.c.CharSequenceEncoder - [2f9e8c1f] Writing "785. foo bar"
16:11:20.727 [http-nio-auto-5-exec-2] DEBUG o.s.c.c.CharSequenceEncoder - [2f9e8c1f] Writing "786. foo bar"
16:11:20.727 [http-nio-auto-5-exec-2] DEBUG o.s.c.c.CharSequenceEncoder - [2f9e8c1f] Writing "787. foo bar"
16:11:20.727 [http-nio-auto-5-exec-2] DEBUG o.s.c.c.CharSequenceEncoder - [2f9e8c1f] Writing "788. foo bar"
16:11:20.728 [http-nio-auto-5-exec-2] DEBUG o.s.c.c.CharSequenceEncoder - [2f9e8c1f] Writing "789. foo bar"
16:11:20.728 [http-nio-auto-5-exec-2] DEBUG o.s.c.c.CharSequenceEncoder - [2f9e8c1f] Writing "790. foo bar"
16:11:20.728 [http-nio-auto-5-exec-2] DEBUG o.s.c.c.CharSequenceEncoder - [2f9e8c1f] Writing "791. foo bar"
16:11:20.728 [http-nio-auto-5-exec-2] DEBUG o.s.c.c.CharSequenceEncoder - [2f9e8c1f] Writing "792. foo bar"
16:11:20.728 [http-nio-auto-5-exec-2] DEBUG o.s.c.c.CharSequenceEncoder - [2f9e8c1f] Writing "793. foo bar"
16:11:20.728 [http-nio-auto-5-exec-2] DEBUG o.s.c.c.CharSequenceEncoder - [2f9e8c1f] Writing "794. foo bar"
16:11:20.728 [http-nio-auto-5-exec-2] DEBUG o.s.c.c.CharSequenceEncoder - [2f9e8c1f] Writing "795. foo bar"
16:11:20.728 [http-nio-auto-5-exec-2] DEBUG o.s.c.c.CharSequenceEncoder - [2f9e8c1f] Writing "796. foo bar"
16:11:20.728 [http-nio-auto-5-exec-2] DEBUG o.s.c.c.CharSequenceEncoder - [2f9e8c1f] Writing "797. foo bar"
16:11:20.728 [http-nio-auto-5-exec-2] DEBUG o.s.c.c.CharSequenceEncoder - [2f9e8c1f] Writing "798. foo bar"
16:11:20.728 [http-nio-auto-5-exec-2] DEBUG o.s.c.c.CharSequenceEncoder - [2f9e8c1f] Writing "799. foo bar"
16:11:20.728 [http-nio-auto-5-exec-2] DEBUG o.s.c.c.CharSequenceEncoder - [2f9e8c1f] Writing "800. foo bar"
16:11:20.728 [http-nio-auto-5-exec-2] DEBUG o.s.c.c.CharSequenceEncoder - [2f9e8c1f] Writing "801. foo bar"
16:11:20.728 [http-nio-auto-5-exec-2] DEBUG o.s.c.c.CharSequenceEncoder - [2f9e8c1f] Writing "802. foo bar"
16:11:20.728 [http-nio-auto-5-exec-2] DEBUG o.s.c.c.CharSequenceEncoder - [2f9e8c1f] Writing "803. foo bar"
16:11:20.728 [http-nio-auto-5-exec-2] DEBUG o.s.c.c.CharSequenceEncoder - [2f9e8c1f] Writing "804. foo bar"
16:11:20.728 [http-nio-auto-5-exec-2] DEBUG o.s.c.c.CharSequenceEncoder - [2f9e8c1f] Writing "805. foo bar"
16:11:20.728 [http-nio-auto-5-exec-2] DEBUG o.s.c.c.CharSequenceEncoder - [2f9e8c1f] Writing "806. foo bar"
16:11:20.728 [http-nio-auto-5-exec-2] DEBUG o.s.c.c.CharSequenceEncoder - [2f9e8c1f] Writing "807. foo bar"
16:11:20.728 [http-nio-auto-5-exec-2] DEBUG o.s.c.c.CharSequenceEncoder - [2f9e8c1f] Writing "808. foo bar"
16:11:20.728 [http-nio-auto-5-exec-2] DEBUG o.s.c.c.CharSequenceEncoder - [2f9e8c1f] Writing "809. foo bar"
16:11:20.728 [http-nio-auto-5-exec-2] DEBUG o.s.c.c.CharSequenceEncoder - [2f9e8c1f] Writing "810. foo bar"
16:11:20.728 [http-nio-auto-5-exec-2] DEBUG o.s.c.c.CharSequenceEncoder - [2f9e8c1f] Writing "811. foo bar"
16:11:20.728 [http-nio-auto-5-exec-2] DEBUG o.s.c.c.CharSequenceEncoder - [2f9e8c1f] Writing "812. foo bar"
16:11:20.728 [http-nio-auto-5-exec-2] DEBUG o.s.c.c.CharSequenceEncoder - [2f9e8c1f] Writing "813. foo bar"
16:11:20.728 [http-nio-auto-5-exec-2] DEBUG o.s.c.c.CharSequenceEncoder - [2f9e8c1f] Writing "814. foo bar"
16:11:20.728 [http-nio-auto-5-exec-2] DEBUG o.s.c.c.CharSequenceEncoder - [2f9e8c1f] Writing "815. foo bar"
16:11:20.728 [http-nio-auto-5-exec-2] DEBUG o.s.c.c.CharSequenceEncoder - [2f9e8c1f] Writing "816. foo bar"
16:11:20.729 [http-nio-auto-5-exec-2] DEBUG o.s.c.c.CharSequenceEncoder - [2f9e8c1f] Writing "817. foo bar"
16:11:20.729 [http-nio-auto-5-exec-2] DEBUG o.s.c.c.CharSequenceEncoder - [2f9e8c1f] Writing "818. foo bar"
16:11:20.729 [http-nio-auto-5-exec-2] DEBUG o.s.c.c.CharSequenceEncoder - [2f9e8c1f] Writing "819. foo bar"
16:11:20.729 [http-nio-auto-5-exec-2] DEBUG o.s.c.c.CharSequenceEncoder - [2f9e8c1f] Writing "820. foo bar"
16:11:20.729 [http-nio-auto-5-exec-2] DEBUG o.s.c.c.CharSequenceEncoder - [2f9e8c1f] Writing "821. foo bar"
16:11:20.729 [http-nio-auto-5-exec-2] DEBUG o.s.c.c.CharSequenceEncoder - [2f9e8c1f] Writing "822. foo bar"
16:11:20.729 [http-nio-auto-5-exec-2] DEBUG o.s.c.c.CharSequenceEncoder - [2f9e8c1f] Writing "823. foo bar"
16:11:20.729 [http-nio-auto-5-exec-2] DEBUG o.s.c.c.CharSequenceEncoder - [2f9e8c1f] Writing "824. foo bar"
16:11:20.729 [http-nio-auto-5-exec-2] DEBUG o.s.c.c.CharSequenceEncoder - [2f9e8c1f] Writing "825. foo bar"
16:11:20.729 [http-nio-auto-5-exec-2] DEBUG o.s.c.c.CharSequenceEncoder - [2f9e8c1f] Writing "826. foo bar"
16:11:20.729 [http-nio-auto-5-exec-2] DEBUG o.s.c.c.CharSequenceEncoder - [2f9e8c1f] Writing "827. foo bar"
16:11:20.729 [http-nio-auto-5-exec-2] DEBUG o.s.c.c.CharSequenceEncoder - [2f9e8c1f] Writing "828. foo bar"
16:11:20.729 [http-nio-auto-5-exec-2] DEBUG o.s.c.c.CharSequenceEncoder - [2f9e8c1f] Writing "829. foo bar"
16:11:20.729 [http-nio-auto-5-exec-2] DEBUG o.s.c.c.CharSequenceEncoder - [2f9e8c1f] Writing "830. foo bar"
16:11:20.729 [http-nio-auto-5-exec-2] DEBUG o.s.c.c.CharSequenceEncoder - [2f9e8c1f] Writing "831. foo bar"
16:11:20.729 [http-nio-auto-5-exec-2] DEBUG o.s.c.c.CharSequenceEncoder - [2f9e8c1f] Writing "832. foo bar"
16:11:20.729 [http-nio-auto-5-exec-2] DEBUG o.s.c.c.CharSequenceEncoder - [2f9e8c1f] Writing "833. foo bar"
16:11:20.729 [http-nio-auto-5-exec-2] DEBUG o.s.c.c.CharSequenceEncoder - [2f9e8c1f] Writing "834. foo bar"
16:11:20.729 [http-nio-auto-5-exec-2] DEBUG o.s.c.c.CharSequenceEncoder - [2f9e8c1f] Writing "835. foo bar"
16:11:20.729 [http-nio-auto-5-exec-2] DEBUG o.s.c.c.CharSequenceEncoder - [2f9e8c1f] Writing "836. foo bar"
16:11:20.729 [http-nio-auto-5-exec-2] DEBUG o.s.c.c.CharSequenceEncoder - [2f9e8c1f] Writing "837. foo bar"
16:11:20.729 [http-nio-auto-5-exec-2] DEBUG o.s.c.c.CharSequenceEncoder - [2f9e8c1f] Writing "838. foo bar"
16:11:20.729 [http-nio-auto-5-exec-2] DEBUG o.s.c.c.CharSequenceEncoder - [2f9e8c1f] Writing "839. foo bar"
16:11:20.729 [http-nio-auto-5-exec-2] DEBUG o.s.c.c.CharSequenceEncoder - [2f9e8c1f] Writing "840. foo bar"
16:11:20.729 [http-nio-auto-5-exec-2] DEBUG o.s.c.c.CharSequenceEncoder - [2f9e8c1f] Writing "841. foo bar"
16:11:20.729 [http-nio-auto-5-exec-2] DEBUG o.s.c.c.CharSequenceEncoder - [2f9e8c1f] Writing "842. foo bar"
16:11:20.729 [http-nio-auto-5-exec-2] DEBUG o.s.c.c.CharSequenceEncoder - [2f9e8c1f] Writing "843. foo bar"
16:11:20.729 [http-nio-auto-5-exec-2] DEBUG o.s.c.c.CharSequenceEncoder - [2f9e8c1f] Writing "844. foo bar"
16:11:20.729 [http-nio-auto-5-exec-2] DEBUG o.s.c.c.CharSequenceEncoder - [2f9e8c1f] Writing "845. foo bar"
16:11:20.730 [http-nio-auto-5-exec-2] DEBUG o.s.c.c.CharSequenceEncoder - [2f9e8c1f] Writing "846. foo bar"
16:11:20.730 [http-nio-auto-5-exec-2] DEBUG o.s.c.c.CharSequenceEncoder - [2f9e8c1f] Writing "847. foo bar"
16:11:20.730 [http-nio-auto-5-exec-2] DEBUG o.s.c.c.CharSequenceEncoder - [2f9e8c1f] Writing "848. foo bar"
16:11:20.730 [http-nio-auto-5-exec-2] DEBUG o.s.c.c.CharSequenceEncoder - [2f9e8c1f] Writing "849. foo bar"
16:11:20.730 [http-nio-auto-5-exec-2] DEBUG o.s.c.c.CharSequenceEncoder - [2f9e8c1f] Writing "850. foo bar"
16:11:20.730 [http-nio-auto-5-exec-2] DEBUG o.s.c.c.CharSequenceEncoder - [2f9e8c1f] Writing "851. foo bar"
16:11:20.730 [http-nio-auto-5-exec-2] DEBUG o.s.c.c.CharSequenceEncoder - [2f9e8c1f] Writing "852. foo bar"
16:11:20.730 [http-nio-auto-5-exec-2] DEBUG o.s.c.c.CharSequenceEncoder - [2f9e8c1f] Writing "853. foo bar"
16:11:20.730 [http-nio-auto-5-exec-2] DEBUG o.s.c.c.CharSequenceEncoder - [2f9e8c1f] Writing "854. foo bar"
16:11:20.730 [http-nio-auto-5-exec-2] DEBUG o.s.c.c.CharSequenceEncoder - [2f9e8c1f] Writing "855. foo bar"
16:11:20.730 [http-nio-auto-5-exec-2] DEBUG o.s.c.c.CharSequenceEncoder - [2f9e8c1f] Writing "856. foo bar"
16:11:20.730 [http-nio-auto-5-exec-2] DEBUG o.s.c.c.CharSequenceEncoder - [2f9e8c1f] Writing "857. foo bar"
16:11:20.730 [http-nio-auto-5-exec-2] DEBUG o.s.c.c.CharSequenceEncoder - [2f9e8c1f] Writing "858. foo bar"
16:11:20.730 [http-nio-auto-5-exec-2] DEBUG o.s.c.c.CharSequenceEncoder - [2f9e8c1f] Writing "859. foo bar"
16:11:20.730 [http-nio-auto-5-exec-2] DEBUG o.s.c.c.CharSequenceEncoder - [2f9e8c1f] Writing "860. foo bar"
16:11:20.730 [http-nio-auto-5-exec-2] DEBUG o.s.c.c.CharSequenceEncoder - [2f9e8c1f] Writing "861. foo bar"
16:11:20.730 [http-nio-auto-5-exec-2] DEBUG o.s.c.c.CharSequenceEncoder - [2f9e8c1f] Writing "862. foo bar"
16:11:20.730 [http-nio-auto-5-exec-2] DEBUG o.s.c.c.CharSequenceEncoder - [2f9e8c1f] Writing "863. foo bar"
16:11:20.730 [http-nio-auto-5-exec-2] DEBUG o.s.c.c.CharSequenceEncoder - [2f9e8c1f] Writing "864. foo bar"
16:11:20.730 [http-nio-auto-5-exec-2] DEBUG o.s.c.c.CharSequenceEncoder - [2f9e8c1f] Writing "865. foo bar"
16:11:20.730 [http-nio-auto-5-exec-2] DEBUG o.s.c.c.CharSequenceEncoder - [2f9e8c1f] Writing "866. foo bar"
16:11:20.730 [http-nio-auto-5-exec-2] DEBUG o.s.c.c.CharSequenceEncoder - [2f9e8c1f] Writing "867. foo bar"
16:11:20.730 [http-nio-auto-5-exec-2] DEBUG o.s.c.c.CharSequenceEncoder - [2f9e8c1f] Writing "868. foo bar"
16:11:20.730 [http-nio-auto-5-exec-2] DEBUG o.s.c.c.CharSequenceEncoder - [2f9e8c1f] Writing "869. foo bar"
16:11:20.730 [http-nio-auto-5-exec-2] DEBUG o.s.c.c.CharSequenceEncoder - [2f9e8c1f] Writing "870. foo bar"
16:11:20.730 [http-nio-auto-5-exec-2] DEBUG o.s.c.c.CharSequenceEncoder - [2f9e8c1f] Writing "871. foo bar"
16:11:20.730 [http-nio-auto-5-exec-2] DEBUG o.s.c.c.CharSequenceEncoder - [2f9e8c1f] Writing "872. foo bar"
16:11:20.730 [http-nio-auto-5-exec-2] DEBUG o.s.c.c.CharSequenceEncoder - [2f9e8c1f] Writing "873. foo bar"
16:11:20.730 [http-nio-auto-5-exec-2] DEBUG o.s.c.c.CharSequenceEncoder - [2f9e8c1f] Writing "874. foo bar"
16:11:20.731 [http-nio-auto-5-exec-2] DEBUG o.s.c.c.CharSequenceEncoder - [2f9e8c1f] Writing "875. foo bar"
16:11:20.731 [http-nio-auto-5-exec-2] DEBUG o.s.c.c.CharSequenceEncoder - [2f9e8c1f] Writing "876. foo bar"
16:11:20.731 [http-nio-auto-5-exec-2] DEBUG o.s.c.c.CharSequenceEncoder - [2f9e8c1f] Writing "877. foo bar"
16:11:20.731 [http-nio-auto-5-exec-2] DEBUG o.s.c.c.CharSequenceEncoder - [2f9e8c1f] Writing "878. foo bar"
16:11:20.731 [http-nio-auto-5-exec-2] DEBUG o.s.c.c.CharSequenceEncoder - [2f9e8c1f] Writing "879. foo bar"
16:11:20.731 [http-nio-auto-5-exec-2] DEBUG o.s.c.c.CharSequenceEncoder - [2f9e8c1f] Writing "880. foo bar"
16:11:20.731 [http-nio-auto-5-exec-2] DEBUG o.s.c.c.CharSequenceEncoder - [2f9e8c1f] Writing "881. foo bar"
16:11:20.731 [http-nio-auto-5-exec-2] DEBUG o.s.c.c.CharSequenceEncoder - [2f9e8c1f] Writing "882. foo bar"
16:11:20.731 [http-nio-auto-5-exec-2] DEBUG o.s.c.c.CharSequenceEncoder - [2f9e8c1f] Writing "883. foo bar"
16:11:20.731 [http-nio-auto-5-exec-2] DEBUG o.s.c.c.CharSequenceEncoder - [2f9e8c1f] Writing "884. foo bar"
16:11:20.731 [http-nio-auto-5-exec-2] DEBUG o.s.c.c.CharSequenceEncoder - [2f9e8c1f] Writing "885. foo bar"
16:11:20.731 [http-nio-auto-5-exec-2] DEBUG o.s.c.c.CharSequenceEncoder - [2f9e8c1f] Writing "886. foo bar"
16:11:20.731 [http-nio-auto-5-exec-2] DEBUG o.s.c.c.CharSequenceEncoder - [2f9e8c1f] Writing "887. foo bar"
16:11:20.731 [http-nio-auto-5-exec-2] DEBUG o.s.c.c.CharSequenceEncoder - [2f9e8c1f] Writing "888. foo bar"
16:11:20.731 [http-nio-auto-5-exec-2] DEBUG o.s.c.c.CharSequenceEncoder - [2f9e8c1f] Writing "889. foo bar"
16:11:20.731 [http-nio-auto-5-exec-2] DEBUG o.s.c.c.CharSequenceEncoder - [2f9e8c1f] Writing "890. foo bar"
16:11:20.731 [http-nio-auto-5-exec-2] DEBUG o.s.c.c.CharSequenceEncoder - [2f9e8c1f] Writing "891. foo bar"
16:11:20.731 [http-nio-auto-5-exec-2] DEBUG o.s.c.c.CharSequenceEncoder - [2f9e8c1f] Writing "892. foo bar"
16:11:20.731 [http-nio-auto-5-exec-2] DEBUG o.s.c.c.CharSequenceEncoder - [2f9e8c1f] Writing "893. foo bar"
16:11:20.731 [http-nio-auto-5-exec-2] DEBUG o.s.c.c.CharSequenceEncoder - [2f9e8c1f] Writing "894. foo bar"
16:11:20.731 [http-nio-auto-5-exec-2] DEBUG o.s.c.c.CharSequenceEncoder - [2f9e8c1f] Writing "895. foo bar"
16:11:20.731 [http-nio-auto-5-exec-2] DEBUG o.s.c.c.CharSequenceEncoder - [2f9e8c1f] Writing "896. foo bar"
16:11:20.731 [http-nio-auto-5-exec-2] DEBUG o.s.c.c.CharSequenceEncoder - [2f9e8c1f] Writing "897. foo bar"
16:11:20.731 [http-nio-auto-5-exec-2] DEBUG o.s.c.c.CharSequenceEncoder - [2f9e8c1f] Writing "898. foo bar"
16:11:20.731 [http-nio-auto-5-exec-2] DEBUG o.s.c.c.CharSequenceEncoder - [2f9e8c1f] Writing "899. foo bar"
16:11:20.731 [http-nio-auto-5-exec-2] DEBUG o.s.c.c.CharSequenceEncoder - [2f9e8c1f] Writing "900. foo bar"
16:11:20.731 [http-nio-auto-5-exec-2] DEBUG o.s.c.c.CharSequenceEncoder - [2f9e8c1f] Writing "901. foo bar"
16:11:20.731 [http-nio-auto-5-exec-2] DEBUG o.s.c.c.CharSequenceEncoder - [2f9e8c1f] Writing "902. foo bar"
16:11:20.731 [http-nio-auto-5-exec-2] DEBUG o.s.c.c.CharSequenceEncoder - [2f9e8c1f] Writing "903. foo bar"
16:11:20.732 [http-nio-auto-5-exec-2] DEBUG o.s.c.c.CharSequenceEncoder - [2f9e8c1f] Writing "904. foo bar"
16:11:20.732 [http-nio-auto-5-exec-2] DEBUG o.s.c.c.CharSequenceEncoder - [2f9e8c1f] Writing "905. foo bar"
16:11:20.732 [http-nio-auto-5-exec-2] DEBUG o.s.c.c.CharSequenceEncoder - [2f9e8c1f] Writing "906. foo bar"
16:11:20.732 [http-nio-auto-5-exec-2] DEBUG o.s.c.c.CharSequenceEncoder - [2f9e8c1f] Writing "907. foo bar"
16:11:20.732 [http-nio-auto-5-exec-2] DEBUG o.s.c.c.CharSequenceEncoder - [2f9e8c1f] Writing "908. foo bar"
16:11:20.732 [http-nio-auto-5-exec-2] DEBUG o.s.c.c.CharSequenceEncoder - [2f9e8c1f] Writing "909. foo bar"
16:11:20.732 [http-nio-auto-5-exec-2] DEBUG o.s.c.c.CharSequenceEncoder - [2f9e8c1f] Writing "910. foo bar"
16:11:20.732 [http-nio-auto-5-exec-2] DEBUG o.s.c.c.CharSequenceEncoder - [2f9e8c1f] Writing "911. foo bar"
16:11:20.732 [http-nio-auto-5-exec-2] DEBUG o.s.c.c.CharSequenceEncoder - [2f9e8c1f] Writing "912. foo bar"
16:11:20.732 [http-nio-auto-5-exec-2] DEBUG o.s.c.c.CharSequenceEncoder - [2f9e8c1f] Writing "913. foo bar"
16:11:20.732 [http-nio-auto-5-exec-2] DEBUG o.s.c.c.CharSequenceEncoder - [2f9e8c1f] Writing "914. foo bar"
16:11:20.732 [http-nio-auto-5-exec-2] DEBUG o.s.c.c.CharSequenceEncoder - [2f9e8c1f] Writing "915. foo bar"
16:11:20.732 [http-nio-auto-5-exec-2] DEBUG o.s.c.c.CharSequenceEncoder - [2f9e8c1f] Writing "916. foo bar"
16:11:20.732 [http-nio-auto-5-exec-2] DEBUG o.s.c.c.CharSequenceEncoder - [2f9e8c1f] Writing "917. foo bar"
16:11:20.732 [http-nio-auto-5-exec-2] DEBUG o.s.c.c.CharSequenceEncoder - [2f9e8c1f] Writing "918. foo bar"
16:11:20.732 [http-nio-auto-5-exec-2] DEBUG o.s.c.c.CharSequenceEncoder - [2f9e8c1f] Writing "919. foo bar"
16:11:20.732 [http-nio-auto-5-exec-2] DEBUG o.s.c.c.CharSequenceEncoder - [2f9e8c1f] Writing "920. foo bar"
16:11:20.732 [http-nio-auto-5-exec-2] DEBUG o.s.c.c.CharSequenceEncoder - [2f9e8c1f] Writing "921. foo bar"
16:11:20.732 [http-nio-auto-5-exec-2] DEBUG o.s.c.c.CharSequenceEncoder - [2f9e8c1f] Writing "922. foo bar"
16:11:20.732 [http-nio-auto-5-exec-2] DEBUG o.s.c.c.CharSequenceEncoder - [2f9e8c1f] Writing "923. foo bar"
16:11:20.732 [http-nio-auto-5-exec-2] DEBUG o.s.c.c.CharSequenceEncoder - [2f9e8c1f] Writing "924. foo bar"
16:11:20.732 [http-nio-auto-5-exec-2] DEBUG o.s.c.c.CharSequenceEncoder - [2f9e8c1f] Writing "925. foo bar"
16:11:20.732 [http-nio-auto-5-exec-2] DEBUG o.s.c.c.CharSequenceEncoder - [2f9e8c1f] Writing "926. foo bar"
16:11:20.732 [http-nio-auto-5-exec-2] DEBUG o.s.c.c.CharSequenceEncoder - [2f9e8c1f] Writing "927. foo bar"
16:11:20.732 [http-nio-auto-5-exec-2] DEBUG o.s.c.c.CharSequenceEncoder - [2f9e8c1f] Writing "928. foo bar"
16:11:20.732 [http-nio-auto-5-exec-2] DEBUG o.s.c.c.CharSequenceEncoder - [2f9e8c1f] Writing "929. foo bar"
16:11:20.732 [http-nio-auto-5-exec-2] DEBUG o.s.c.c.CharSequenceEncoder - [2f9e8c1f] Writing "930. foo bar"
16:11:20.732 [http-nio-auto-5-exec-2] DEBUG o.s.c.c.CharSequenceEncoder - [2f9e8c1f] Writing "931. foo bar"
16:11:20.732 [http-nio-auto-5-exec-2] DEBUG o.s.c.c.CharSequenceEncoder - [2f9e8c1f] Writing "932. foo bar"
16:11:20.733 [http-nio-auto-5-exec-2] DEBUG o.s.c.c.CharSequenceEncoder - [2f9e8c1f] Writing "933. foo bar"
16:11:20.733 [http-nio-auto-5-exec-2] DEBUG o.s.c.c.CharSequenceEncoder - [2f9e8c1f] Writing "934. foo bar"
16:11:20.733 [http-nio-auto-5-exec-2] DEBUG o.s.c.c.CharSequenceEncoder - [2f9e8c1f] Writing "935. foo bar"
16:11:20.733 [http-nio-auto-5-exec-2] DEBUG o.s.c.c.CharSequenceEncoder - [2f9e8c1f] Writing "936. foo bar"
16:11:20.733 [http-nio-auto-5-exec-2] DEBUG o.s.c.c.CharSequenceEncoder - [2f9e8c1f] Writing "937. foo bar"
16:11:20.733 [http-nio-auto-5-exec-2] DEBUG o.s.c.c.CharSequenceEncoder - [2f9e8c1f] Writing "938. foo bar"
16:11:20.733 [http-nio-auto-5-exec-2] DEBUG o.s.c.c.CharSequenceEncoder - [2f9e8c1f] Writing "939. foo bar"
16:11:20.733 [http-nio-auto-5-exec-2] DEBUG o.s.c.c.CharSequenceEncoder - [2f9e8c1f] Writing "940. foo bar"
16:11:20.733 [http-nio-auto-5-exec-2] DEBUG o.s.c.c.CharSequenceEncoder - [2f9e8c1f] Writing "941. foo bar"
16:11:20.733 [http-nio-auto-5-exec-2] DEBUG o.s.c.c.CharSequenceEncoder - [2f9e8c1f] Writing "942. foo bar"
16:11:20.733 [http-nio-auto-5-exec-2] DEBUG o.s.c.c.CharSequenceEncoder - [2f9e8c1f] Writing "943. foo bar"
16:11:20.733 [http-nio-auto-5-exec-2] DEBUG o.s.c.c.CharSequenceEncoder - [2f9e8c1f] Writing "944. foo bar"
16:11:20.733 [http-nio-auto-5-exec-2] DEBUG o.s.c.c.CharSequenceEncoder - [2f9e8c1f] Writing "945. foo bar"
16:11:20.733 [http-nio-auto-5-exec-2] DEBUG o.s.c.c.CharSequenceEncoder - [2f9e8c1f] Writing "946. foo bar"
16:11:20.733 [http-nio-auto-5-exec-2] DEBUG o.s.c.c.CharSequenceEncoder - [2f9e8c1f] Writing "947. foo bar"
16:11:20.733 [http-nio-auto-5-exec-2] DEBUG o.s.c.c.CharSequenceEncoder - [2f9e8c1f] Writing "948. foo bar"
16:11:20.733 [http-nio-auto-5-exec-2] DEBUG o.s.c.c.CharSequenceEncoder - [2f9e8c1f] Writing "949. foo bar"
16:11:20.733 [http-nio-auto-5-exec-2] DEBUG o.s.c.c.CharSequenceEncoder - [2f9e8c1f] Writing "950. foo bar"
16:11:20.733 [http-nio-auto-5-exec-2] DEBUG o.s.c.c.CharSequenceEncoder - [2f9e8c1f] Writing "951. foo bar"
16:11:20.733 [http-nio-auto-5-exec-2] DEBUG o.s.c.c.CharSequenceEncoder - [2f9e8c1f] Writing "952. foo bar"
16:11:20.733 [http-nio-auto-5-exec-2] DEBUG o.s.c.c.CharSequenceEncoder - [2f9e8c1f] Writing "953. foo bar"
16:11:20.733 [http-nio-auto-5-exec-2] DEBUG o.s.c.c.CharSequenceEncoder - [2f9e8c1f] Writing "954. foo bar"
16:11:20.733 [http-nio-auto-5-exec-2] DEBUG o.s.c.c.CharSequenceEncoder - [2f9e8c1f] Writing "955. foo bar"
16:11:20.733 [http-nio-auto-5-exec-2] DEBUG o.s.c.c.CharSequenceEncoder - [2f9e8c1f] Writing "956. foo bar"
16:11:20.733 [http-nio-auto-5-exec-2] DEBUG o.s.c.c.CharSequenceEncoder - [2f9e8c1f] Writing "957. foo bar"
16:11:20.733 [http-nio-auto-5-exec-2] DEBUG o.s.c.c.CharSequenceEncoder - [2f9e8c1f] Writing "958. foo bar"
16:11:20.733 [http-nio-auto-5-exec-2] DEBUG o.s.c.c.CharSequenceEncoder - [2f9e8c1f] Writing "959. foo bar"
16:11:20.733 [http-nio-auto-5-exec-2] DEBUG o.s.c.c.CharSequenceEncoder - [2f9e8c1f] Writing "960. foo bar"
16:11:20.733 [http-nio-auto-5-exec-2] DEBUG o.s.c.c.CharSequenceEncoder - [2f9e8c1f] Writing "961. foo bar"
16:11:20.733 [http-nio-auto-5-exec-2] DEBUG o.s.c.c.CharSequenceEncoder - [2f9e8c1f] Writing "962. foo bar"
16:11:20.734 [http-nio-auto-5-exec-2] DEBUG o.s.c.c.CharSequenceEncoder - [2f9e8c1f] Writing "963. foo bar"
16:11:20.734 [http-nio-auto-5-exec-2] DEBUG o.s.c.c.CharSequenceEncoder - [2f9e8c1f] Writing "964. foo bar"
16:11:20.734 [http-nio-auto-5-exec-2] DEBUG o.s.c.c.CharSequenceEncoder - [2f9e8c1f] Writing "965. foo bar"
16:11:20.734 [http-nio-auto-5-exec-2] DEBUG o.s.c.c.CharSequenceEncoder - [2f9e8c1f] Writing "966. foo bar"
16:11:20.734 [http-nio-auto-5-exec-2] DEBUG o.s.c.c.CharSequenceEncoder - [2f9e8c1f] Writing "967. foo bar"
16:11:20.734 [http-nio-auto-5-exec-2] DEBUG o.s.c.c.CharSequenceEncoder - [2f9e8c1f] Writing "968. foo bar"
16:11:20.734 [http-nio-auto-5-exec-2] DEBUG o.s.c.c.CharSequenceEncoder - [2f9e8c1f] Writing "969. foo bar"
16:11:20.734 [http-nio-auto-5-exec-2] DEBUG o.s.c.c.CharSequenceEncoder - [2f9e8c1f] Writing "970. foo bar"
16:11:20.734 [http-nio-auto-5-exec-2] DEBUG o.s.c.c.CharSequenceEncoder - [2f9e8c1f] Writing "971. foo bar"
16:11:20.734 [http-nio-auto-5-exec-2] DEBUG o.s.c.c.CharSequenceEncoder - [2f9e8c1f] Writing "972. foo bar"
16:11:20.734 [http-nio-auto-5-exec-2] DEBUG o.s.c.c.CharSequenceEncoder - [2f9e8c1f] Writing "973. foo bar"
16:11:20.734 [http-nio-auto-5-exec-2] DEBUG o.s.c.c.CharSequenceEncoder - [2f9e8c1f] Writing "974. foo bar"
16:11:20.734 [http-nio-auto-5-exec-2] DEBUG o.s.c.c.CharSequenceEncoder - [2f9e8c1f] Writing "975. foo bar"
16:11:20.734 [http-nio-auto-5-exec-2] DEBUG o.s.c.c.CharSequenceEncoder - [2f9e8c1f] Writing "976. foo bar"
16:11:20.734 [http-nio-auto-5-exec-2] DEBUG o.s.c.c.CharSequenceEncoder - [2f9e8c1f] Writing "977. foo bar"
16:11:20.734 [http-nio-auto-5-exec-2] DEBUG o.s.c.c.CharSequenceEncoder - [2f9e8c1f] Writing "978. foo bar"
16:11:20.734 [http-nio-auto-5-exec-2] DEBUG o.s.c.c.CharSequenceEncoder - [2f9e8c1f] Writing "979. foo bar"
16:11:20.734 [http-nio-auto-5-exec-2] DEBUG o.s.c.c.CharSequenceEncoder - [2f9e8c1f] Writing "980. foo bar"
16:11:20.734 [http-nio-auto-5-exec-2] DEBUG o.s.c.c.CharSequenceEncoder - [2f9e8c1f] Writing "981. foo bar"
16:11:20.734 [http-nio-auto-5-exec-2] DEBUG o.s.c.c.CharSequenceEncoder - [2f9e8c1f] Writing "982. foo bar"
16:11:20.734 [http-nio-auto-5-exec-2] DEBUG o.s.c.c.CharSequenceEncoder - [2f9e8c1f] Writing "983. foo bar"
16:11:20.734 [http-nio-auto-5-exec-2] DEBUG o.s.c.c.CharSequenceEncoder - [2f9e8c1f] Writing "984. foo bar"
16:11:20.734 [http-nio-auto-5-exec-2] DEBUG o.s.c.c.CharSequenceEncoder - [2f9e8c1f] Writing "985. foo bar"
16:11:20.734 [http-nio-auto-5-exec-2] DEBUG o.s.c.c.CharSequenceEncoder - [2f9e8c1f] Writing "986. foo bar"
16:11:20.734 [http-nio-auto-5-exec-2] DEBUG o.s.c.c.CharSequenceEncoder - [2f9e8c1f] Writing "987. foo bar"
16:11:20.734 [http-nio-auto-5-exec-2] DEBUG o.s.c.c.CharSequenceEncoder - [2f9e8c1f] Writing "988. foo bar"
16:11:20.734 [http-nio-auto-5-exec-2] DEBUG o.s.c.c.CharSequenceEncoder - [2f9e8c1f] Writing "989. foo bar"
16:11:20.734 [http-nio-auto-5-exec-2] DEBUG o.s.c.c.CharSequenceEncoder - [2f9e8c1f] Writing "990. foo bar"
16:11:20.734 [http-nio-auto-5-exec-2] DEBUG o.s.c.c.CharSequenceEncoder - [2f9e8c1f] Writing "991. foo bar"
16:11:20.734 [http-nio-auto-5-exec-2] DEBUG o.s.c.c.CharSequenceEncoder - [2f9e8c1f] Writing "992. foo bar"
16:11:20.735 [http-nio-auto-5-exec-2] DEBUG o.s.c.c.CharSequenceEncoder - [2f9e8c1f] Writing "993. foo bar"
16:11:20.735 [http-nio-auto-5-exec-2] DEBUG o.s.c.c.CharSequenceEncoder - [2f9e8c1f] Writing "994. foo bar"
16:11:20.735 [http-nio-auto-5-exec-2] DEBUG o.s.c.c.CharSequenceEncoder - [2f9e8c1f] Writing "995. foo bar"
16:11:20.735 [http-nio-auto-5-exec-2] DEBUG o.s.c.c.CharSequenceEncoder - [2f9e8c1f] Writing "996. foo bar"
16:11:20.735 [http-nio-auto-5-exec-2] DEBUG o.s.c.c.CharSequenceEncoder - [2f9e8c1f] Writing "997. foo bar"
16:11:20.735 [http-nio-auto-5-exec-2] DEBUG o.s.c.c.CharSequenceEncoder - [2f9e8c1f] Writing "998. foo bar"
16:11:20.735 [http-nio-auto-5-exec-2] DEBUG o.s.c.c.CharSequenceEncoder - [2f9e8c1f] Writing "999. foo bar"
16:11:20.735 [http-nio-auto-5-exec-2] ERROR o.s.w.s.a.HttpWebHandlerAdapter - [2f9e8c1f] Error [java.lang.RuntimeException: Random error] for HTTP GET "/SPR-16051", but ServerHttpResponse already committed (200 OK)
16:11:20.745 [http-nio-auto-5-exec-2] DEBUG o.s.h.s.r.ServletHttpHandlerAdapter - [2f9e8c1f] Error notification: javax.servlet.ServletException: Failed to create response content
16:11:20.748 [Test worker] DEBUG o.s.w.t.h.s.r.b.TomcatHttpServer - Stopping TomcatHttpServer...
16:11:20.765 [Test worker] DEBUG o.s.w.t.h.s.r.b.TomcatHttpServer - Server stopped (0 millis).
16:11:20.963 [Test worker] DEBUG o.s.w.r.r.m.a.RequestMappingHandlerMapping - 6 mappings in 'requestMappingHandlerMapping'
16:11:21.072 [Test worker] DEBUG o.s.w.r.r.m.a.ControllerMethodResolver - ControllerAdvice beans: none
16:11:21.172 [Test worker] DEBUG o.s.w.s.a.HttpWebHandlerAdapter - enableLoggingRequestDetails='false': form data and headers will be masked to prevent unsafe logging of potentially sensitive data
16:11:21.172 [Test worker] DEBUG o.s.w.t.h.s.r.b.UndertowHttpServer - Starting UndertowHttpServer...
16:11:21.172 [Test worker] INFO  i.undertow - starting server: Undertow - 2.0.32.Final
16:11:21.180 [Test worker] DEBUG o.s.w.t.h.s.r.b.UndertowHttpServer - Server started on port 54795(0 millis).
16:11:21.180 [Test worker] DEBUG o.s.w.c.RestTemplate - HTTP GET http://localhost:54795/SPR-16051
16:11:21.181 [Test worker] DEBUG o.s.w.c.RestTemplate - Accept=[text/plain, application/json, application/x-jackson-smile, application/*+json, */*]
16:11:21.183 [XNIO-5 I/O-6] DEBUG o.s.w.s.a.HttpWebHandlerAdapter - [7c209b57] HTTP GET "/SPR-16051"
16:11:21.183 [XNIO-5 I/O-6] DEBUG o.s.w.r.r.m.a.RequestMappingHandlerMapping - [7c209b57] Mapped to org.springframework.web.reactive.result.method.annotation.RequestMappingExceptionHandlingIntegrationTests$TestController#errors()
16:11:21.185 [XNIO-5 I/O-6] DEBUG o.s.w.r.r.m.a.ResponseBodyResultHandler - Using 'text/plain;charset=UTF-8' given [text/plain, application/json, application/x-jackson-smile, application/*+json, */*] and supported [text/plain;charset=UTF-8, text/event-stream, text/plain;charset=UTF-8, */*]
16:11:21.185 [XNIO-5 I/O-6] DEBUG o.s.w.r.r.m.a.ResponseBodyResultHandler - [7c209b57] 0..N [java.lang.String]
16:11:21.185 [XNIO-5 I/O-6] DEBUG o.s.c.c.CharSequenceEncoder - [7c209b57] Writing "1. foo bar"
16:11:21.195 [XNIO-5 I/O-6] DEBUG o.s.c.c.CharSequenceEncoder - [7c209b57] Writing "2. foo bar"
16:11:21.195 [XNIO-5 I/O-6] DEBUG o.s.c.c.CharSequenceEncoder - [7c209b57] Writing "3. foo bar"
16:11:21.196 [XNIO-5 I/O-6] DEBUG o.s.c.c.CharSequenceEncoder - [7c209b57] Writing "4. foo bar"
16:11:21.196 [XNIO-5 I/O-6] DEBUG o.s.c.c.CharSequenceEncoder - [7c209b57] Writing "5. foo bar"
16:11:21.196 [XNIO-5 I/O-6] DEBUG o.s.c.c.CharSequenceEncoder - [7c209b57] Writing "6. foo bar"
16:11:21.196 [XNIO-5 I/O-6] DEBUG o.s.c.c.CharSequenceEncoder - [7c209b57] Writing "7. foo bar"
16:11:21.196 [XNIO-5 I/O-6] DEBUG o.s.c.c.CharSequenceEncoder - [7c209b57] Writing "8. foo bar"
16:11:21.196 [XNIO-5 I/O-6] DEBUG o.s.c.c.CharSequenceEncoder - [7c209b57] Writing "9. foo bar"
16:11:21.196 [Test worker] DEBUG o.s.w.c.RestTemplate - Response 200 OK
16:11:21.196 [XNIO-5 I/O-6] DEBUG o.s.c.c.CharSequenceEncoder - [7c209b57] Writing "10. foo bar"
16:11:21.196 [XNIO-5 I/O-6] DEBUG o.s.c.c.CharSequenceEncoder - [7c209b57] Writing "11. foo bar"
16:11:21.197 [Test worker] DEBUG o.s.w.c.RestTemplate - Reading to [java.lang.String] as "text/plain;charset=UTF-8"
16:11:21.197 [XNIO-5 I/O-6] DEBUG o.s.c.c.CharSequenceEncoder - [7c209b57] Writing "12. foo bar"
16:11:21.197 [XNIO-5 I/O-6] DEBUG o.s.c.c.CharSequenceEncoder - [7c209b57] Writing "13. foo bar"
16:11:21.197 [XNIO-5 I/O-6] DEBUG o.s.c.c.CharSequenceEncoder - [7c209b57] Writing "14. foo bar"
16:11:21.197 [XNIO-5 I/O-6] DEBUG o.s.c.c.CharSequenceEncoder - [7c209b57] Writing "15. foo bar"
16:11:21.197 [XNIO-5 I/O-6] DEBUG o.s.c.c.CharSequenceEncoder - [7c209b57] Writing "16. foo bar"
16:11:21.197 [XNIO-5 I/O-6] DEBUG o.s.c.c.CharSequenceEncoder - [7c209b57] Writing "17. foo bar"
16:11:21.197 [XNIO-5 I/O-6] DEBUG o.s.c.c.CharSequenceEncoder - [7c209b57] Writing "18. foo bar"
16:11:21.197 [XNIO-5 I/O-6] DEBUG o.s.c.c.CharSequenceEncoder - [7c209b57] Writing "19. foo bar"
16:11:21.197 [XNIO-5 I/O-6] DEBUG o.s.c.c.CharSequenceEncoder - [7c209b57] Writing "20. foo bar"
16:11:21.197 [XNIO-5 I/O-6] DEBUG o.s.c.c.CharSequenceEncoder - [7c209b57] Writing "21. foo bar"
16:11:21.197 [XNIO-5 I/O-6] DEBUG o.s.c.c.CharSequenceEncoder - [7c209b57] Writing "22. foo bar"
16:11:21.197 [XNIO-5 I/O-6] DEBUG o.s.c.c.CharSequenceEncoder - [7c209b57] Writing "23. foo bar"
16:11:21.198 [XNIO-5 I/O-6] DEBUG o.s.c.c.CharSequenceEncoder - [7c209b57] Writing "24. foo bar"
16:11:21.198 [XNIO-5 I/O-6] DEBUG o.s.c.c.CharSequenceEncoder - [7c209b57] Writing "25. foo bar"
16:11:21.198 [XNIO-5 I/O-6] DEBUG o.s.c.c.CharSequenceEncoder - [7c209b57] Writing "26. foo bar"
16:11:21.198 [XNIO-5 I/O-6] DEBUG o.s.c.c.CharSequenceEncoder - [7c209b57] Writing "27. foo bar"
16:11:21.198 [XNIO-5 I/O-6] DEBUG o.s.c.c.CharSequenceEncoder - [7c209b57] Writing "28. foo bar"
16:11:21.198 [XNIO-5 I/O-6] DEBUG o.s.c.c.CharSequenceEncoder - [7c209b57] Writing "29. foo bar"
16:11:21.198 [XNIO-5 I/O-6] DEBUG o.s.c.c.CharSequenceEncoder - [7c209b57] Writing "30. foo bar"
16:11:21.198 [XNIO-5 I/O-6] DEBUG o.s.c.c.CharSequenceEncoder - [7c209b57] Writing "31. foo bar"
16:11:21.198 [XNIO-5 I/O-6] DEBUG o.s.c.c.CharSequenceEncoder - [7c209b57] Writing "32. foo bar"
16:11:21.199 [XNIO-5 I/O-6] DEBUG o.s.c.c.CharSequenceEncoder - [7c209b57] Writing "33. foo bar"
16:11:21.199 [XNIO-5 I/O-6] DEBUG o.s.c.c.CharSequenceEncoder - [7c209b57] Writing "34. foo bar"
16:11:21.199 [XNIO-5 I/O-6] DEBUG o.s.c.c.CharSequenceEncoder - [7c209b57] Writing "35. foo bar"
16:11:21.199 [XNIO-5 I/O-6] DEBUG o.s.c.c.CharSequenceEncoder - [7c209b57] Writing "36. foo bar"
16:11:21.199 [XNIO-5 I/O-6] DEBUG o.s.c.c.CharSequenceEncoder - [7c209b57] Writing "37. foo bar"
16:11:21.199 [XNIO-5 I/O-6] DEBUG o.s.c.c.CharSequenceEncoder - [7c209b57] Writing "38. foo bar"
16:11:21.199 [XNIO-5 I/O-6] DEBUG o.s.c.c.CharSequenceEncoder - [7c209b57] Writing "39. foo bar"
16:11:21.199 [XNIO-5 I/O-6] DEBUG o.s.c.c.CharSequenceEncoder - [7c209b57] Writing "40. foo bar"
16:11:21.199 [XNIO-5 I/O-6] DEBUG o.s.c.c.CharSequenceEncoder - [7c209b57] Writing "41. foo bar"
16:11:21.199 [XNIO-5 I/O-6] DEBUG o.s.c.c.CharSequenceEncoder - [7c209b57] Writing "42. foo bar"
16:11:21.199 [XNIO-5 I/O-6] DEBUG o.s.c.c.CharSequenceEncoder - [7c209b57] Writing "43. foo bar"
16:11:21.200 [XNIO-5 I/O-6] DEBUG o.s.c.c.CharSequenceEncoder - [7c209b57] Writing "44. foo bar"
16:11:21.200 [XNIO-5 I/O-6] DEBUG o.s.c.c.CharSequenceEncoder - [7c209b57] Writing "45. foo bar"
16:11:21.200 [XNIO-5 I/O-6] DEBUG o.s.c.c.CharSequenceEncoder - [7c209b57] Writing "46. foo bar"
16:11:21.200 [XNIO-5 I/O-6] DEBUG o.s.c.c.CharSequenceEncoder - [7c209b57] Writing "47. foo bar"
16:11:21.200 [XNIO-5 I/O-6] DEBUG o.s.c.c.CharSequenceEncoder - [7c209b57] Writing "48. foo bar"
16:11:21.200 [XNIO-5 I/O-6] DEBUG o.s.c.c.CharSequenceEncoder - [7c209b57] Writing "49. foo bar"
16:11:21.200 [XNIO-5 I/O-6] DEBUG o.s.c.c.CharSequenceEncoder - [7c209b57] Writing "50. foo bar"
16:11:21.200 [XNIO-5 I/O-6] DEBUG o.s.c.c.CharSequenceEncoder - [7c209b57] Writing "51. foo bar"
16:11:21.200 [XNIO-5 I/O-6] DEBUG o.s.c.c.CharSequenceEncoder - [7c209b57] Writing "52. foo bar"
16:11:21.200 [XNIO-5 I/O-6] DEBUG o.s.c.c.CharSequenceEncoder - [7c209b57] Writing "53. foo bar"
16:11:21.200 [XNIO-5 I/O-6] DEBUG o.s.c.c.CharSequenceEncoder - [7c209b57] Writing "54. foo bar"
16:11:21.200 [XNIO-5 I/O-6] DEBUG o.s.c.c.CharSequenceEncoder - [7c209b57] Writing "55. foo bar"
16:11:21.200 [XNIO-5 I/O-6] DEBUG o.s.c.c.CharSequenceEncoder - [7c209b57] Writing "56. foo bar"
16:11:21.201 [XNIO-5 I/O-6] DEBUG o.s.c.c.CharSequenceEncoder - [7c209b57] Writing "57. foo bar"
16:11:21.201 [XNIO-5 I/O-6] DEBUG o.s.c.c.CharSequenceEncoder - [7c209b57] Writing "58. foo bar"
16:11:21.201 [XNIO-5 I/O-6] DEBUG o.s.c.c.CharSequenceEncoder - [7c209b57] Writing "59. foo bar"
16:11:21.201 [XNIO-5 I/O-6] DEBUG o.s.c.c.CharSequenceEncoder - [7c209b57] Writing "60. foo bar"
16:11:21.201 [XNIO-5 I/O-6] DEBUG o.s.c.c.CharSequenceEncoder - [7c209b57] Writing "61. foo bar"
16:11:21.201 [XNIO-5 I/O-6] DEBUG o.s.c.c.CharSequenceEncoder - [7c209b57] Writing "62. foo bar"
16:11:21.201 [XNIO-5 I/O-6] DEBUG o.s.c.c.CharSequenceEncoder - [7c209b57] Writing "63. foo bar"
16:11:21.201 [XNIO-5 I/O-6] DEBUG o.s.c.c.CharSequenceEncoder - [7c209b57] Writing "64. foo bar"
16:11:21.201 [XNIO-5 I/O-6] DEBUG o.s.c.c.CharSequenceEncoder - [7c209b57] Writing "65. foo bar"
16:11:21.201 [XNIO-5 I/O-6] DEBUG o.s.c.c.CharSequenceEncoder - [7c209b57] Writing "66. foo bar"
16:11:21.201 [XNIO-5 I/O-6] DEBUG o.s.c.c.CharSequenceEncoder - [7c209b57] Writing "67. foo bar"
16:11:21.201 [XNIO-5 I/O-6] DEBUG o.s.c.c.CharSequenceEncoder - [7c209b57] Writing "68. foo bar"
16:11:21.202 [XNIO-5 I/O-6] DEBUG o.s.c.c.CharSequenceEncoder - [7c209b57] Writing "69. foo bar"
16:11:21.202 [XNIO-5 I/O-6] DEBUG o.s.c.c.CharSequenceEncoder - [7c209b57] Writing "70. foo bar"
16:11:21.202 [XNIO-5 I/O-6] DEBUG o.s.c.c.CharSequenceEncoder - [7c209b57] Writing "71. foo bar"
16:11:21.202 [XNIO-5 I/O-6] DEBUG o.s.c.c.CharSequenceEncoder - [7c209b57] Writing "72. foo bar"
16:11:21.202 [XNIO-5 I/O-6] DEBUG o.s.c.c.CharSequenceEncoder - [7c209b57] Writing "73. foo bar"
16:11:21.202 [XNIO-5 I/O-6] DEBUG o.s.c.c.CharSequenceEncoder - [7c209b57] Writing "74. foo bar"
16:11:21.202 [XNIO-5 I/O-6] DEBUG o.s.c.c.CharSequenceEncoder - [7c209b57] Writing "75. foo bar"
16:11:21.202 [XNIO-5 I/O-6] DEBUG o.s.c.c.CharSequenceEncoder - [7c209b57] Writing "76. foo bar"
16:11:21.202 [XNIO-5 I/O-6] DEBUG o.s.c.c.CharSequenceEncoder - [7c209b57] Writing "77. foo bar"
16:11:21.202 [XNIO-5 I/O-6] DEBUG o.s.c.c.CharSequenceEncoder - [7c209b57] Writing "78. foo bar"
16:11:21.202 [XNIO-5 I/O-6] DEBUG o.s.c.c.CharSequenceEncoder - [7c209b57] Writing "79. foo bar"
16:11:21.203 [XNIO-5 I/O-6] DEBUG o.s.c.c.CharSequenceEncoder - [7c209b57] Writing "80. foo bar"
16:11:21.203 [XNIO-5 I/O-6] DEBUG o.s.c.c.CharSequenceEncoder - [7c209b57] Writing "81. foo bar"
16:11:21.203 [XNIO-5 I/O-6] DEBUG o.s.c.c.CharSequenceEncoder - [7c209b57] Writing "82. foo bar"
16:11:21.203 [XNIO-5 I/O-6] DEBUG o.s.c.c.CharSequenceEncoder - [7c209b57] Writing "83. foo bar"
16:11:21.203 [XNIO-5 I/O-6] DEBUG o.s.c.c.CharSequenceEncoder - [7c209b57] Writing "84. foo bar"
16:11:21.203 [XNIO-5 I/O-6] DEBUG o.s.c.c.CharSequenceEncoder - [7c209b57] Writing "85. foo bar"
16:11:21.203 [XNIO-5 I/O-6] DEBUG o.s.c.c.CharSequenceEncoder - [7c209b57] Writing "86. foo bar"
16:11:21.203 [XNIO-5 I/O-6] DEBUG o.s.c.c.CharSequenceEncoder - [7c209b57] Writing "87. foo bar"
16:11:21.203 [XNIO-5 I/O-6] DEBUG o.s.c.c.CharSequenceEncoder - [7c209b57] Writing "88. foo bar"
16:11:21.203 [XNIO-5 I/O-6] DEBUG o.s.c.c.CharSequenceEncoder - [7c209b57] Writing "89. foo bar"
16:11:21.203 [XNIO-5 I/O-6] DEBUG o.s.c.c.CharSequenceEncoder - [7c209b57] Writing "90. foo bar"
16:11:21.204 [XNIO-5 I/O-6] DEBUG o.s.c.c.CharSequenceEncoder - [7c209b57] Writing "91. foo bar"
16:11:21.204 [XNIO-5 I/O-6] DEBUG o.s.c.c.CharSequenceEncoder - [7c209b57] Writing "92. foo bar"
16:11:21.204 [XNIO-5 I/O-6] DEBUG o.s.c.c.CharSequenceEncoder - [7c209b57] Writing "93. foo bar"
16:11:21.204 [XNIO-5 I/O-6] DEBUG o.s.c.c.CharSequenceEncoder - [7c209b57] Writing "94. foo bar"
16:11:21.204 [XNIO-5 I/O-6] DEBUG o.s.c.c.CharSequenceEncoder - [7c209b57] Writing "95. foo bar"
16:11:21.204 [XNIO-5 I/O-6] DEBUG o.s.c.c.CharSequenceEncoder - [7c209b57] Writing "96. foo bar"
16:11:21.204 [XNIO-5 I/O-6] DEBUG o.s.c.c.CharSequenceEncoder - [7c209b57] Writing "97. foo bar"
16:11:21.204 [XNIO-5 I/O-6] DEBUG o.s.c.c.CharSequenceEncoder - [7c209b57] Writing "98. foo bar"
16:11:21.204 [XNIO-5 I/O-6] DEBUG o.s.c.c.CharSequenceEncoder - [7c209b57] Writing "99. foo bar"
16:11:21.204 [XNIO-5 I/O-6] DEBUG o.s.c.c.CharSequenceEncoder - [7c209b57] Writing "100. foo bar"
16:11:21.204 [XNIO-5 I/O-6] DEBUG o.s.c.c.CharSequenceEncoder - [7c209b57] Writing "101. foo bar"
16:11:21.204 [XNIO-5 I/O-6] DEBUG o.s.c.c.CharSequenceEncoder - [7c209b57] Writing "102. foo bar"
16:11:21.204 [XNIO-5 I/O-6] DEBUG o.s.c.c.CharSequenceEncoder - [7c209b57] Writing "103. foo bar"
16:11:21.205 [XNIO-5 I/O-6] DEBUG o.s.c.c.CharSequenceEncoder - [7c209b57] Writing "104. foo bar"
16:11:21.205 [XNIO-5 I/O-6] DEBUG o.s.c.c.CharSequenceEncoder - [7c209b57] Writing "105. foo bar"
16:11:21.205 [XNIO-5 I/O-6] DEBUG o.s.c.c.CharSequenceEncoder - [7c209b57] Writing "106. foo bar"
16:11:21.205 [XNIO-5 I/O-6] DEBUG o.s.c.c.CharSequenceEncoder - [7c209b57] Writing "107. foo bar"
16:11:21.205 [XNIO-5 I/O-6] DEBUG o.s.c.c.CharSequenceEncoder - [7c209b57] Writing "108. foo bar"
16:11:21.205 [XNIO-5 I/O-6] DEBUG o.s.c.c.CharSequenceEncoder - [7c209b57] Writing "109. foo bar"
16:11:21.205 [XNIO-5 I/O-6] DEBUG o.s.c.c.CharSequenceEncoder - [7c209b57] Writing "110. foo bar"
16:11:21.205 [XNIO-5 I/O-6] DEBUG o.s.c.c.CharSequenceEncoder - [7c209b57] Writing "111. foo bar"
16:11:21.205 [XNIO-5 I/O-6] DEBUG o.s.c.c.CharSequenceEncoder - [7c209b57] Writing "112. foo bar"
16:11:21.205 [XNIO-5 I/O-6] DEBUG o.s.c.c.CharSequenceEncoder - [7c209b57] Writing "113. foo bar"
16:11:21.205 [XNIO-5 I/O-6] DEBUG o.s.c.c.CharSequenceEncoder - [7c209b57] Writing "114. foo bar"
16:11:21.205 [XNIO-5 I/O-6] DEBUG o.s.c.c.CharSequenceEncoder - [7c209b57] Writing "115. foo bar"
16:11:21.206 [XNIO-5 I/O-6] DEBUG o.s.c.c.CharSequenceEncoder - [7c209b57] Writing "116. foo bar"
16:11:21.206 [XNIO-5 I/O-6] DEBUG o.s.c.c.CharSequenceEncoder - [7c209b57] Writing "117. foo bar"
16:11:21.206 [XNIO-5 I/O-6] DEBUG o.s.c.c.CharSequenceEncoder - [7c209b57] Writing "118. foo bar"
16:11:21.206 [XNIO-5 I/O-6] DEBUG o.s.c.c.CharSequenceEncoder - [7c209b57] Writing "119. foo bar"
16:11:21.206 [XNIO-5 I/O-6] DEBUG o.s.c.c.CharSequenceEncoder - [7c209b57] Writing "120. foo bar"
16:11:21.206 [XNIO-5 I/O-6] DEBUG o.s.c.c.CharSequenceEncoder - [7c209b57] Writing "121. foo bar"
16:11:21.206 [XNIO-5 I/O-6] DEBUG o.s.c.c.CharSequenceEncoder - [7c209b57] Writing "122. foo bar"
16:11:21.206 [XNIO-5 I/O-6] DEBUG o.s.c.c.CharSequenceEncoder - [7c209b57] Writing "123. foo bar"
16:11:21.206 [XNIO-5 I/O-6] DEBUG o.s.c.c.CharSequenceEncoder - [7c209b57] Writing "124. foo bar"
16:11:21.206 [XNIO-5 I/O-6] DEBUG o.s.c.c.CharSequenceEncoder - [7c209b57] Writing "125. foo bar"
16:11:21.206 [XNIO-5 I/O-6] DEBUG o.s.c.c.CharSequenceEncoder - [7c209b57] Writing "126. foo bar"
16:11:21.206 [XNIO-5 I/O-6] DEBUG o.s.c.c.CharSequenceEncoder - [7c209b57] Writing "127. foo bar"
16:11:21.207 [XNIO-5 I/O-6] DEBUG o.s.c.c.CharSequenceEncoder - [7c209b57] Writing "128. foo bar"
16:11:21.207 [XNIO-5 I/O-6] DEBUG o.s.c.c.CharSequenceEncoder - [7c209b57] Writing "129. foo bar"
16:11:21.207 [XNIO-5 I/O-6] DEBUG o.s.c.c.CharSequenceEncoder - [7c209b57] Writing "130. foo bar"
16:11:21.207 [XNIO-5 I/O-6] DEBUG o.s.c.c.CharSequenceEncoder - [7c209b57] Writing "131. foo bar"
16:11:21.207 [XNIO-5 I/O-6] DEBUG o.s.c.c.CharSequenceEncoder - [7c209b57] Writing "132. foo bar"
16:11:21.207 [XNIO-5 I/O-6] DEBUG o.s.c.c.CharSequenceEncoder - [7c209b57] Writing "133. foo bar"
16:11:21.207 [XNIO-5 I/O-6] DEBUG o.s.c.c.CharSequenceEncoder - [7c209b57] Writing "134. foo bar"
16:11:21.207 [XNIO-5 I/O-6] DEBUG o.s.c.c.CharSequenceEncoder - [7c209b57] Writing "135. foo bar"
16:11:21.207 [XNIO-5 I/O-6] DEBUG o.s.c.c.CharSequenceEncoder - [7c209b57] Writing "136. foo bar"
16:11:21.207 [XNIO-5 I/O-6] DEBUG o.s.c.c.CharSequenceEncoder - [7c209b57] Writing "137. foo bar"
16:11:21.207 [XNIO-5 I/O-6] DEBUG o.s.c.c.CharSequenceEncoder - [7c209b57] Writing "138. foo bar"
16:11:21.207 [XNIO-5 I/O-6] DEBUG o.s.c.c.CharSequenceEncoder - [7c209b57] Writing "139. foo bar"
16:11:21.208 [XNIO-5 I/O-6] DEBUG o.s.c.c.CharSequenceEncoder - [7c209b57] Writing "140. foo bar"
16:11:21.208 [XNIO-5 I/O-6] DEBUG o.s.c.c.CharSequenceEncoder - [7c209b57] Writing "141. foo bar"
16:11:21.208 [XNIO-5 I/O-6] DEBUG o.s.c.c.CharSequenceEncoder - [7c209b57] Writing "142. foo bar"
16:11:21.208 [XNIO-5 I/O-6] DEBUG o.s.c.c.CharSequenceEncoder - [7c209b57] Writing "143. foo bar"
16:11:21.208 [XNIO-5 I/O-6] DEBUG o.s.c.c.CharSequenceEncoder - [7c209b57] Writing "144. foo bar"
16:11:21.208 [XNIO-5 I/O-6] DEBUG o.s.c.c.CharSequenceEncoder - [7c209b57] Writing "145. foo bar"
16:11:21.208 [XNIO-5 I/O-6] DEBUG o.s.c.c.CharSequenceEncoder - [7c209b57] Writing "146. foo bar"
16:11:21.208 [XNIO-5 I/O-6] DEBUG o.s.c.c.CharSequenceEncoder - [7c209b57] Writing "147. foo bar"
16:11:21.208 [XNIO-5 I/O-6] DEBUG o.s.c.c.CharSequenceEncoder - [7c209b57] Writing "148. foo bar"
16:11:21.208 [XNIO-5 I/O-6] DEBUG o.s.c.c.CharSequenceEncoder - [7c209b57] Writing "149. foo bar"
16:11:21.208 [XNIO-5 I/O-6] DEBUG o.s.c.c.CharSequenceEncoder - [7c209b57] Writing "150. foo bar"
16:11:21.208 [XNIO-5 I/O-6] DEBUG o.s.c.c.CharSequenceEncoder - [7c209b57] Writing "151. foo bar"
16:11:21.209 [XNIO-5 I/O-6] DEBUG o.s.c.c.CharSequenceEncoder - [7c209b57] Writing "152. foo bar"
16:11:21.209 [XNIO-5 I/O-6] DEBUG o.s.c.c.CharSequenceEncoder - [7c209b57] Writing "153. foo bar"
16:11:21.209 [XNIO-5 I/O-6] DEBUG o.s.c.c.CharSequenceEncoder - [7c209b57] Writing "154. foo bar"
16:11:21.209 [XNIO-5 I/O-6] DEBUG o.s.c.c.CharSequenceEncoder - [7c209b57] Writing "155. foo bar"
16:11:21.209 [XNIO-5 I/O-6] DEBUG o.s.c.c.CharSequenceEncoder - [7c209b57] Writing "156. foo bar"
16:11:21.209 [XNIO-5 I/O-6] DEBUG o.s.c.c.CharSequenceEncoder - [7c209b57] Writing "157. foo bar"
16:11:21.209 [XNIO-5 I/O-6] DEBUG o.s.c.c.CharSequenceEncoder - [7c209b57] Writing "158. foo bar"
16:11:21.209 [XNIO-5 I/O-6] DEBUG o.s.c.c.CharSequenceEncoder - [7c209b57] Writing "159. foo bar"
16:11:21.209 [XNIO-5 I/O-6] DEBUG o.s.c.c.CharSequenceEncoder - [7c209b57] Writing "160. foo bar"
16:11:21.209 [XNIO-5 I/O-6] DEBUG o.s.c.c.CharSequenceEncoder - [7c209b57] Writing "161. foo bar"
16:11:21.209 [XNIO-5 I/O-6] DEBUG o.s.c.c.CharSequenceEncoder - [7c209b57] Writing "162. foo bar"
16:11:21.210 [XNIO-5 I/O-6] DEBUG o.s.c.c.CharSequenceEncoder - [7c209b57] Writing "163. foo bar"
16:11:21.210 [XNIO-5 I/O-6] DEBUG o.s.c.c.CharSequenceEncoder - [7c209b57] Writing "164. foo bar"
16:11:21.210 [XNIO-5 I/O-6] DEBUG o.s.c.c.CharSequenceEncoder - [7c209b57] Writing "165. foo bar"
16:11:21.210 [XNIO-5 I/O-6] DEBUG o.s.c.c.CharSequenceEncoder - [7c209b57] Writing "166. foo bar"
16:11:21.210 [XNIO-5 I/O-6] DEBUG o.s.c.c.CharSequenceEncoder - [7c209b57] Writing "167. foo bar"
16:11:21.210 [XNIO-5 I/O-6] DEBUG o.s.c.c.CharSequenceEncoder - [7c209b57] Writing "168. foo bar"
16:11:21.210 [XNIO-5 I/O-6] DEBUG o.s.c.c.CharSequenceEncoder - [7c209b57] Writing "169. foo bar"
16:11:21.210 [XNIO-5 I/O-6] DEBUG o.s.c.c.CharSequenceEncoder - [7c209b57] Writing "170. foo bar"
16:11:21.210 [XNIO-5 I/O-6] DEBUG o.s.c.c.CharSequenceEncoder - [7c209b57] Writing "171. foo bar"
16:11:21.211 [XNIO-5 I/O-6] DEBUG o.s.c.c.CharSequenceEncoder - [7c209b57] Writing "172. foo bar"
16:11:21.211 [XNIO-5 I/O-6] DEBUG o.s.c.c.CharSequenceEncoder - [7c209b57] Writing "173. foo bar"
16:11:21.211 [XNIO-5 I/O-6] DEBUG o.s.c.c.CharSequenceEncoder - [7c209b57] Writing "174. foo bar"
16:11:21.211 [XNIO-5 I/O-6] DEBUG o.s.c.c.CharSequenceEncoder - [7c209b57] Writing "175. foo bar"
16:11:21.211 [XNIO-5 I/O-6] DEBUG o.s.c.c.CharSequenceEncoder - [7c209b57] Writing "176. foo bar"
16:11:21.211 [XNIO-5 I/O-6] DEBUG o.s.c.c.CharSequenceEncoder - [7c209b57] Writing "177. foo bar"
16:11:21.211 [XNIO-5 I/O-6] DEBUG o.s.c.c.CharSequenceEncoder - [7c209b57] Writing "178. foo bar"
16:11:21.211 [XNIO-5 I/O-6] DEBUG o.s.c.c.CharSequenceEncoder - [7c209b57] Writing "179. foo bar"
16:11:21.211 [XNIO-5 I/O-6] DEBUG o.s.c.c.CharSequenceEncoder - [7c209b57] Writing "180. foo bar"
16:11:21.211 [XNIO-5 I/O-6] DEBUG o.s.c.c.CharSequenceEncoder - [7c209b57] Writing "181. foo bar"
16:11:21.211 [XNIO-5 I/O-6] DEBUG o.s.c.c.CharSequenceEncoder - [7c209b57] Writing "182. foo bar"
16:11:21.212 [XNIO-5 I/O-6] DEBUG o.s.c.c.CharSequenceEncoder - [7c209b57] Writing "183. foo bar"
16:11:21.212 [XNIO-5 I/O-6] DEBUG o.s.c.c.CharSequenceEncoder - [7c209b57] Writing "184. foo bar"
16:11:21.212 [XNIO-5 I/O-6] DEBUG o.s.c.c.CharSequenceEncoder - [7c209b57] Writing "185. foo bar"
16:11:21.212 [XNIO-5 I/O-6] DEBUG o.s.c.c.CharSequenceEncoder - [7c209b57] Writing "186. foo bar"
16:11:21.212 [XNIO-5 I/O-6] DEBUG o.s.c.c.CharSequenceEncoder - [7c209b57] Writing "187. foo bar"
16:11:21.212 [XNIO-5 I/O-6] DEBUG o.s.c.c.CharSequenceEncoder - [7c209b57] Writing "188. foo bar"
16:11:21.212 [XNIO-5 I/O-6] DEBUG o.s.c.c.CharSequenceEncoder - [7c209b57] Writing "189. foo bar"
16:11:21.212 [XNIO-5 I/O-6] DEBUG o.s.c.c.CharSequenceEncoder - [7c209b57] Writing "190. foo bar"
16:11:21.212 [XNIO-5 I/O-6] DEBUG o.s.c.c.CharSequenceEncoder - [7c209b57] Writing "191. foo bar"
16:11:21.212 [XNIO-5 I/O-6] DEBUG o.s.c.c.CharSequenceEncoder - [7c209b57] Writing "192. foo bar"
16:11:21.213 [XNIO-5 I/O-6] DEBUG o.s.c.c.CharSequenceEncoder - [7c209b57] Writing "193. foo bar"
16:11:21.213 [XNIO-5 I/O-6] DEBUG o.s.c.c.CharSequenceEncoder - [7c209b57] Writing "194. foo bar"
16:11:21.213 [XNIO-5 I/O-6] DEBUG o.s.c.c.CharSequenceEncoder - [7c209b57] Writing "195. foo bar"
16:11:21.213 [XNIO-5 I/O-6] DEBUG o.s.c.c.CharSequenceEncoder - [7c209b57] Writing "196. foo bar"
16:11:21.213 [XNIO-5 I/O-6] DEBUG o.s.c.c.CharSequenceEncoder - [7c209b57] Writing "197. foo bar"
16:11:21.213 [XNIO-5 I/O-6] DEBUG o.s.c.c.CharSequenceEncoder - [7c209b57] Writing "198. foo bar"
16:11:21.213 [XNIO-5 I/O-6] DEBUG o.s.c.c.CharSequenceEncoder - [7c209b57] Writing "199. foo bar"
16:11:21.213 [XNIO-5 I/O-6] DEBUG o.s.c.c.CharSequenceEncoder - [7c209b57] Writing "200. foo bar"
16:11:21.213 [XNIO-5 I/O-6] DEBUG o.s.c.c.CharSequenceEncoder - [7c209b57] Writing "201. foo bar"
16:11:21.213 [XNIO-5 I/O-6] DEBUG o.s.c.c.CharSequenceEncoder - [7c209b57] Writing "202. foo bar"
16:11:21.213 [XNIO-5 I/O-6] DEBUG o.s.c.c.CharSequenceEncoder - [7c209b57] Writing "203. foo bar"
16:11:21.214 [XNIO-5 I/O-6] DEBUG o.s.c.c.CharSequenceEncoder - [7c209b57] Writing "204. foo bar"
16:11:21.214 [XNIO-5 I/O-6] DEBUG o.s.c.c.CharSequenceEncoder - [7c209b57] Writing "205. foo bar"
16:11:21.214 [XNIO-5 I/O-6] DEBUG o.s.c.c.CharSequenceEncoder - [7c209b57] Writing "206. foo bar"
16:11:21.214 [XNIO-5 I/O-6] DEBUG o.s.c.c.CharSequenceEncoder - [7c209b57] Writing "207. foo bar"
16:11:21.214 [XNIO-5 I/O-6] DEBUG o.s.c.c.CharSequenceEncoder - [7c209b57] Writing "208. foo bar"
16:11:21.214 [XNIO-5 I/O-6] DEBUG o.s.c.c.CharSequenceEncoder - [7c209b57] Writing "209. foo bar"
16:11:21.214 [XNIO-5 I/O-6] DEBUG o.s.c.c.CharSequenceEncoder - [7c209b57] Writing "210. foo bar"
16:11:21.214 [XNIO-5 I/O-6] DEBUG o.s.c.c.CharSequenceEncoder - [7c209b57] Writing "211. foo bar"
16:11:21.214 [XNIO-5 I/O-6] DEBUG o.s.c.c.CharSequenceEncoder - [7c209b57] Writing "212. foo bar"
16:11:21.214 [XNIO-5 I/O-6] DEBUG o.s.c.c.CharSequenceEncoder - [7c209b57] Writing "213. foo bar"
16:11:21.214 [XNIO-5 I/O-6] DEBUG o.s.c.c.CharSequenceEncoder - [7c209b57] Writing "214. foo bar"
16:11:21.215 [XNIO-5 I/O-6] DEBUG o.s.c.c.CharSequenceEncoder - [7c209b57] Writing "215. foo bar"
16:11:21.215 [XNIO-5 I/O-6] DEBUG o.s.c.c.CharSequenceEncoder - [7c209b57] Writing "216. foo bar"
16:11:21.215 [XNIO-5 I/O-6] DEBUG o.s.c.c.CharSequenceEncoder - [7c209b57] Writing "217. foo bar"
16:11:21.215 [XNIO-5 I/O-6] DEBUG o.s.c.c.CharSequenceEncoder - [7c209b57] Writing "218. foo bar"
16:11:21.215 [XNIO-5 I/O-6] DEBUG o.s.c.c.CharSequenceEncoder - [7c209b57] Writing "219. foo bar"
16:11:21.215 [XNIO-5 I/O-6] DEBUG o.s.c.c.CharSequenceEncoder - [7c209b57] Writing "220. foo bar"
16:11:21.215 [XNIO-5 I/O-6] DEBUG o.s.c.c.CharSequenceEncoder - [7c209b57] Writing "221. foo bar"
16:11:21.215 [XNIO-5 I/O-6] DEBUG o.s.c.c.CharSequenceEncoder - [7c209b57] Writing "222. foo bar"
16:11:21.215 [XNIO-5 I/O-6] DEBUG o.s.c.c.CharSequenceEncoder - [7c209b57] Writing "223. foo bar"
16:11:21.215 [XNIO-5 I/O-6] DEBUG o.s.c.c.CharSequenceEncoder - [7c209b57] Writing "224. foo bar"
16:11:21.215 [XNIO-5 I/O-6] DEBUG o.s.c.c.CharSequenceEncoder - [7c209b57] Writing "225. foo bar"
16:11:21.216 [XNIO-5 I/O-6] DEBUG o.s.c.c.CharSequenceEncoder - [7c209b57] Writing "226. foo bar"
16:11:21.216 [XNIO-5 I/O-6] DEBUG o.s.c.c.CharSequenceEncoder - [7c209b57] Writing "227. foo bar"
16:11:21.216 [XNIO-5 I/O-6] DEBUG o.s.c.c.CharSequenceEncoder - [7c209b57] Writing "228. foo bar"
16:11:21.216 [XNIO-5 I/O-6] DEBUG o.s.c.c.CharSequenceEncoder - [7c209b57] Writing "229. foo bar"
16:11:21.216 [XNIO-5 I/O-6] DEBUG o.s.c.c.CharSequenceEncoder - [7c209b57] Writing "230. foo bar"
16:11:21.216 [XNIO-5 I/O-6] DEBUG o.s.c.c.CharSequenceEncoder - [7c209b57] Writing "231. foo bar"
16:11:21.216 [XNIO-5 I/O-6] DEBUG o.s.c.c.CharSequenceEncoder - [7c209b57] Writing "232. foo bar"
16:11:21.216 [XNIO-5 I/O-6] DEBUG o.s.c.c.CharSequenceEncoder - [7c209b57] Writing "233. foo bar"
16:11:21.216 [XNIO-5 I/O-6] DEBUG o.s.c.c.CharSequenceEncoder - [7c209b57] Writing "234. foo bar"
16:11:21.216 [XNIO-5 I/O-6] DEBUG o.s.c.c.CharSequenceEncoder - [7c209b57] Writing "235. foo bar"
16:11:21.216 [XNIO-5 I/O-6] DEBUG o.s.c.c.CharSequenceEncoder - [7c209b57] Writing "236. foo bar"
16:11:21.217 [XNIO-5 I/O-6] DEBUG o.s.c.c.CharSequenceEncoder - [7c209b57] Writing "237. foo bar"
16:11:21.217 [XNIO-5 I/O-6] DEBUG o.s.c.c.CharSequenceEncoder - [7c209b57] Writing "238. foo bar"
16:11:21.217 [XNIO-5 I/O-6] DEBUG o.s.c.c.CharSequenceEncoder - [7c209b57] Writing "239. foo bar"
16:11:21.217 [XNIO-5 I/O-6] DEBUG o.s.c.c.CharSequenceEncoder - [7c209b57] Writing "240. foo bar"
16:11:21.217 [XNIO-5 I/O-6] DEBUG o.s.c.c.CharSequenceEncoder - [7c209b57] Writing "241. foo bar"
16:11:21.217 [XNIO-5 I/O-6] DEBUG o.s.c.c.CharSequenceEncoder - [7c209b57] Writing "242. foo bar"
16:11:21.217 [XNIO-5 I/O-6] DEBUG o.s.c.c.CharSequenceEncoder - [7c209b57] Writing "243. foo bar"
16:11:21.217 [XNIO-5 I/O-6] DEBUG o.s.c.c.CharSequenceEncoder - [7c209b57] Writing "244. foo bar"
16:11:21.217 [XNIO-5 I/O-6] DEBUG o.s.c.c.CharSequenceEncoder - [7c209b57] Writing "245. foo bar"
16:11:21.218 [XNIO-5 I/O-6] DEBUG o.s.c.c.CharSequenceEncoder - [7c209b57] Writing "246. foo bar"
16:11:21.218 [XNIO-5 I/O-6] DEBUG o.s.c.c.CharSequenceEncoder - [7c209b57] Writing "247. foo bar"
16:11:21.218 [XNIO-5 I/O-6] DEBUG o.s.c.c.CharSequenceEncoder - [7c209b57] Writing "248. foo bar"
16:11:21.218 [XNIO-5 I/O-6] DEBUG o.s.c.c.CharSequenceEncoder - [7c209b57] Writing "249. foo bar"
16:11:21.218 [XNIO-5 I/O-6] DEBUG o.s.c.c.CharSequenceEncoder - [7c209b57] Writing "250. foo bar"
16:11:21.218 [XNIO-5 I/O-6] DEBUG o.s.c.c.CharSequenceEncoder - [7c209b57] Writing "251. foo bar"
16:11:21.218 [XNIO-5 I/O-6] DEBUG o.s.c.c.CharSequenceEncoder - [7c209b57] Writing "252. foo bar"
16:11:21.218 [XNIO-5 I/O-6] DEBUG o.s.c.c.CharSequenceEncoder - [7c209b57] Writing "253. foo bar"
16:11:21.218 [XNIO-5 I/O-6] DEBUG o.s.c.c.CharSequenceEncoder - [7c209b57] Writing "254. foo bar"
16:11:21.219 [XNIO-5 I/O-6] DEBUG o.s.c.c.CharSequenceEncoder - [7c209b57] Writing "255. foo bar"
16:11:21.219 [XNIO-5 I/O-6] DEBUG o.s.c.c.CharSequenceEncoder - [7c209b57] Writing "256. foo bar"
16:11:21.219 [XNIO-5 I/O-6] DEBUG o.s.c.c.CharSequenceEncoder - [7c209b57] Writing "257. foo bar"
16:11:21.219 [XNIO-5 I/O-6] DEBUG o.s.c.c.CharSequenceEncoder - [7c209b57] Writing "258. foo bar"
16:11:21.219 [XNIO-5 I/O-6] DEBUG o.s.c.c.CharSequenceEncoder - [7c209b57] Writing "259. foo bar"
16:11:21.219 [XNIO-5 I/O-6] DEBUG o.s.c.c.CharSequenceEncoder - [7c209b57] Writing "260. foo bar"
16:11:21.219 [XNIO-5 I/O-6] DEBUG o.s.c.c.CharSequenceEncoder - [7c209b57] Writing "261. foo bar"
16:11:21.219 [XNIO-5 I/O-6] DEBUG o.s.c.c.CharSequenceEncoder - [7c209b57] Writing "262. foo bar"
16:11:21.219 [XNIO-5 I/O-6] DEBUG o.s.c.c.CharSequenceEncoder - [7c209b57] Writing "263. foo bar"
16:11:21.220 [XNIO-5 I/O-6] DEBUG o.s.c.c.CharSequenceEncoder - [7c209b57] Writing "264. foo bar"
16:11:21.220 [XNIO-5 I/O-6] DEBUG o.s.c.c.CharSequenceEncoder - [7c209b57] Writing "265. foo bar"
16:11:21.220 [XNIO-5 I/O-6] DEBUG o.s.c.c.CharSequenceEncoder - [7c209b57] Writing "266. foo bar"
16:11:21.220 [XNIO-5 I/O-6] DEBUG o.s.c.c.CharSequenceEncoder - [7c209b57] Writing "267. foo bar"
16:11:21.220 [XNIO-5 I/O-6] DEBUG o.s.c.c.CharSequenceEncoder - [7c209b57] Writing "268. foo bar"
16:11:21.220 [XNIO-5 I/O-6] DEBUG o.s.c.c.CharSequenceEncoder - [7c209b57] Writing "269. foo bar"
16:11:21.220 [XNIO-5 I/O-6] DEBUG o.s.c.c.CharSequenceEncoder - [7c209b57] Writing "270. foo bar"
16:11:21.220 [XNIO-5 I/O-6] DEBUG o.s.c.c.CharSequenceEncoder - [7c209b57] Writing "271. foo bar"
16:11:21.220 [XNIO-5 I/O-6] DEBUG o.s.c.c.CharSequenceEncoder - [7c209b57] Writing "272. foo bar"
16:11:21.220 [XNIO-5 I/O-6] DEBUG o.s.c.c.CharSequenceEncoder - [7c209b57] Writing "273. foo bar"
16:11:21.220 [XNIO-5 I/O-6] DEBUG o.s.c.c.CharSequenceEncoder - [7c209b57] Writing "274. foo bar"
16:11:21.221 [XNIO-5 I/O-6] DEBUG o.s.c.c.CharSequenceEncoder - [7c209b57] Writing "275. foo bar"
16:11:21.221 [XNIO-5 I/O-6] DEBUG o.s.c.c.CharSequenceEncoder - [7c209b57] Writing "276. foo bar"
16:11:21.221 [XNIO-5 I/O-6] DEBUG o.s.c.c.CharSequenceEncoder - [7c209b57] Writing "277. foo bar"
16:11:21.221 [XNIO-5 I/O-6] DEBUG o.s.c.c.CharSequenceEncoder - [7c209b57] Writing "278. foo bar"
16:11:21.221 [XNIO-5 I/O-6] DEBUG o.s.c.c.CharSequenceEncoder - [7c209b57] Writing "279. foo bar"
16:11:21.221 [XNIO-5 I/O-6] DEBUG o.s.c.c.CharSequenceEncoder - [7c209b57] Writing "280. foo bar"
16:11:21.221 [XNIO-5 I/O-6] DEBUG o.s.c.c.CharSequenceEncoder - [7c209b57] Writing "281. foo bar"
16:11:21.221 [XNIO-5 I/O-6] DEBUG o.s.c.c.CharSequenceEncoder - [7c209b57] Writing "282. foo bar"
16:11:21.221 [XNIO-5 I/O-6] DEBUG o.s.c.c.CharSequenceEncoder - [7c209b57] Writing "283. foo bar"
16:11:21.221 [XNIO-5 I/O-6] DEBUG o.s.c.c.CharSequenceEncoder - [7c209b57] Writing "284. foo bar"
16:11:21.222 [XNIO-5 I/O-6] DEBUG o.s.c.c.CharSequenceEncoder - [7c209b57] Writing "285. foo bar"
16:11:21.222 [XNIO-5 I/O-6] DEBUG o.s.c.c.CharSequenceEncoder - [7c209b57] Writing "286. foo bar"
16:11:21.222 [XNIO-5 I/O-6] DEBUG o.s.c.c.CharSequenceEncoder - [7c209b57] Writing "287. foo bar"
16:11:21.222 [XNIO-5 I/O-6] DEBUG o.s.c.c.CharSequenceEncoder - [7c209b57] Writing "288. foo bar"
16:11:21.222 [XNIO-5 I/O-6] DEBUG o.s.c.c.CharSequenceEncoder - [7c209b57] Writing "289. foo bar"
16:11:21.222 [XNIO-5 I/O-6] DEBUG o.s.c.c.CharSequenceEncoder - [7c209b57] Writing "290. foo bar"
16:11:21.222 [XNIO-5 I/O-6] DEBUG o.s.c.c.CharSequenceEncoder - [7c209b57] Writing "291. foo bar"
16:11:21.222 [XNIO-5 I/O-6] DEBUG o.s.c.c.CharSequenceEncoder - [7c209b57] Writing "292. foo bar"
16:11:21.222 [XNIO-5 I/O-6] DEBUG o.s.c.c.CharSequenceEncoder - [7c209b57] Writing "293. foo bar"
16:11:21.222 [XNIO-5 I/O-6] DEBUG o.s.c.c.CharSequenceEncoder - [7c209b57] Writing "294. foo bar"
16:11:21.222 [XNIO-5 I/O-6] DEBUG o.s.c.c.CharSequenceEncoder - [7c209b57] Writing "295. foo bar"
16:11:21.222 [XNIO-5 I/O-6] DEBUG o.s.c.c.CharSequenceEncoder - [7c209b57] Writing "296. foo bar"
16:11:21.223 [XNIO-5 I/O-6] DEBUG o.s.c.c.CharSequenceEncoder - [7c209b57] Writing "297. foo bar"
16:11:21.223 [XNIO-5 I/O-6] DEBUG o.s.c.c.CharSequenceEncoder - [7c209b57] Writing "298. foo bar"
16:11:21.223 [XNIO-5 I/O-6] DEBUG o.s.c.c.CharSequenceEncoder - [7c209b57] Writing "299. foo bar"
16:11:21.223 [XNIO-5 I/O-6] DEBUG o.s.c.c.CharSequenceEncoder - [7c209b57] Writing "300. foo bar"
16:11:21.223 [XNIO-5 I/O-6] DEBUG o.s.c.c.CharSequenceEncoder - [7c209b57] Writing "301. foo bar"
16:11:21.223 [XNIO-5 I/O-6] DEBUG o.s.c.c.CharSequenceEncoder - [7c209b57] Writing "302. foo bar"
16:11:21.223 [XNIO-5 I/O-6] DEBUG o.s.c.c.CharSequenceEncoder - [7c209b57] Writing "303. foo bar"
16:11:21.223 [XNIO-5 I/O-6] DEBUG o.s.c.c.CharSequenceEncoder - [7c209b57] Writing "304. foo bar"
16:11:21.223 [XNIO-5 I/O-6] DEBUG o.s.c.c.CharSequenceEncoder - [7c209b57] Writing "305. foo bar"
16:11:21.223 [XNIO-5 I/O-6] DEBUG o.s.c.c.CharSequenceEncoder - [7c209b57] Writing "306. foo bar"
16:11:21.223 [XNIO-5 I/O-6] DEBUG o.s.c.c.CharSequenceEncoder - [7c209b57] Writing "307. foo bar"
16:11:21.224 [XNIO-5 I/O-6] DEBUG o.s.c.c.CharSequenceEncoder - [7c209b57] Writing "308. foo bar"
16:11:21.224 [XNIO-5 I/O-6] DEBUG o.s.c.c.CharSequenceEncoder - [7c209b57] Writing "309. foo bar"
16:11:21.224 [XNIO-5 I/O-6] DEBUG o.s.c.c.CharSequenceEncoder - [7c209b57] Writing "310. foo bar"
16:11:21.224 [XNIO-5 I/O-6] DEBUG o.s.c.c.CharSequenceEncoder - [7c209b57] Writing "311. foo bar"
16:11:21.224 [XNIO-5 I/O-6] DEBUG o.s.c.c.CharSequenceEncoder - [7c209b57] Writing "312. foo bar"
16:11:21.224 [XNIO-5 I/O-6] DEBUG o.s.c.c.CharSequenceEncoder - [7c209b57] Writing "313. foo bar"
16:11:21.224 [XNIO-5 I/O-6] DEBUG o.s.c.c.CharSequenceEncoder - [7c209b57] Writing "314. foo bar"
16:11:21.224 [XNIO-5 I/O-6] DEBUG o.s.c.c.CharSequenceEncoder - [7c209b57] Writing "315. foo bar"
16:11:21.224 [XNIO-5 I/O-6] DEBUG o.s.c.c.CharSequenceEncoder - [7c209b57] Writing "316. foo bar"
16:11:21.224 [XNIO-5 I/O-6] DEBUG o.s.c.c.CharSequenceEncoder - [7c209b57] Writing "317. foo bar"
16:11:21.224 [XNIO-5 I/O-6] DEBUG o.s.c.c.CharSequenceEncoder - [7c209b57] Writing "318. foo bar"
16:11:21.224 [XNIO-5 I/O-6] DEBUG o.s.c.c.CharSequenceEncoder - [7c209b57] Writing "319. foo bar"
16:11:21.225 [XNIO-5 I/O-6] DEBUG o.s.c.c.CharSequenceEncoder - [7c209b57] Writing "320. foo bar"
16:11:21.225 [XNIO-5 I/O-6] DEBUG o.s.c.c.CharSequenceEncoder - [7c209b57] Writing "321. foo bar"
16:11:21.225 [XNIO-5 I/O-6] DEBUG o.s.c.c.CharSequenceEncoder - [7c209b57] Writing "322. foo bar"
16:11:21.225 [XNIO-5 I/O-6] DEBUG o.s.c.c.CharSequenceEncoder - [7c209b57] Writing "323. foo bar"
16:11:21.225 [XNIO-5 I/O-6] DEBUG o.s.c.c.CharSequenceEncoder - [7c209b57] Writing "324. foo bar"
16:11:21.225 [XNIO-5 I/O-6] DEBUG o.s.c.c.CharSequenceEncoder - [7c209b57] Writing "325. foo bar"
16:11:21.225 [XNIO-5 I/O-6] DEBUG o.s.c.c.CharSequenceEncoder - [7c209b57] Writing "326. foo bar"
16:11:21.225 [XNIO-5 I/O-6] DEBUG o.s.c.c.CharSequenceEncoder - [7c209b57] Writing "327. foo bar"
16:11:21.225 [XNIO-5 I/O-6] DEBUG o.s.c.c.CharSequenceEncoder - [7c209b57] Writing "328. foo bar"
16:11:21.225 [XNIO-5 I/O-6] DEBUG o.s.c.c.CharSequenceEncoder - [7c209b57] Writing "329. foo bar"
16:11:21.226 [XNIO-5 I/O-6] DEBUG o.s.c.c.CharSequenceEncoder - [7c209b57] Writing "330. foo bar"
16:11:21.226 [XNIO-5 I/O-6] DEBUG o.s.c.c.CharSequenceEncoder - [7c209b57] Writing "331. foo bar"
16:11:21.226 [XNIO-5 I/O-6] DEBUG o.s.c.c.CharSequenceEncoder - [7c209b57] Writing "332. foo bar"
16:11:21.226 [XNIO-5 I/O-6] DEBUG o.s.c.c.CharSequenceEncoder - [7c209b57] Writing "333. foo bar"
16:11:21.226 [XNIO-5 I/O-6] DEBUG o.s.c.c.CharSequenceEncoder - [7c209b57] Writing "334. foo bar"
16:11:21.226 [XNIO-5 I/O-6] DEBUG o.s.c.c.CharSequenceEncoder - [7c209b57] Writing "335. foo bar"
16:11:21.226 [XNIO-5 I/O-6] DEBUG o.s.c.c.CharSequenceEncoder - [7c209b57] Writing "336. foo bar"
16:11:21.226 [XNIO-5 I/O-6] DEBUG o.s.c.c.CharSequenceEncoder - [7c209b57] Writing "337. foo bar"
16:11:21.226 [XNIO-5 I/O-6] DEBUG o.s.c.c.CharSequenceEncoder - [7c209b57] Writing "338. foo bar"
16:11:21.226 [XNIO-5 I/O-6] DEBUG o.s.c.c.CharSequenceEncoder - [7c209b57] Writing "339. foo bar"
16:11:21.227 [XNIO-5 I/O-6] DEBUG o.s.c.c.CharSequenceEncoder - [7c209b57] Writing "340. foo bar"
16:11:21.227 [XNIO-5 I/O-6] DEBUG o.s.c.c.CharSequenceEncoder - [7c209b57] Writing "341. foo bar"
16:11:21.227 [XNIO-5 I/O-6] DEBUG o.s.c.c.CharSequenceEncoder - [7c209b57] Writing "342. foo bar"
16:11:21.227 [XNIO-5 I/O-6] DEBUG o.s.c.c.CharSequenceEncoder - [7c209b57] Writing "343. foo bar"
16:11:21.227 [XNIO-5 I/O-6] DEBUG o.s.c.c.CharSequenceEncoder - [7c209b57] Writing "344. foo bar"
16:11:21.227 [XNIO-5 I/O-6] DEBUG o.s.c.c.CharSequenceEncoder - [7c209b57] Writing "345. foo bar"
16:11:21.227 [XNIO-5 I/O-6] DEBUG o.s.c.c.CharSequenceEncoder - [7c209b57] Writing "346. foo bar"
16:11:21.227 [XNIO-5 I/O-6] DEBUG o.s.c.c.CharSequenceEncoder - [7c209b57] Writing "347. foo bar"
16:11:21.227 [XNIO-5 I/O-6] DEBUG o.s.c.c.CharSequenceEncoder - [7c209b57] Writing "348. foo bar"
16:11:21.227 [XNIO-5 I/O-6] DEBUG o.s.c.c.CharSequenceEncoder - [7c209b57] Writing "349. foo bar"
16:11:21.228 [XNIO-5 I/O-6] DEBUG o.s.c.c.CharSequenceEncoder - [7c209b57] Writing "350. foo bar"
16:11:21.228 [XNIO-5 I/O-6] DEBUG o.s.c.c.CharSequenceEncoder - [7c209b57] Writing "351. foo bar"
16:11:21.228 [XNIO-5 I/O-6] DEBUG o.s.c.c.CharSequenceEncoder - [7c209b57] Writing "352. foo bar"
16:11:21.228 [XNIO-5 I/O-6] DEBUG o.s.c.c.CharSequenceEncoder - [7c209b57] Writing "353. foo bar"
16:11:21.228 [XNIO-5 I/O-6] DEBUG o.s.c.c.CharSequenceEncoder - [7c209b57] Writing "354. foo bar"
16:11:21.228 [XNIO-5 I/O-6] DEBUG o.s.c.c.CharSequenceEncoder - [7c209b57] Writing "355. foo bar"
16:11:21.228 [XNIO-5 I/O-6] DEBUG o.s.c.c.CharSequenceEncoder - [7c209b57] Writing "356. foo bar"
16:11:21.228 [XNIO-5 I/O-6] DEBUG o.s.c.c.CharSequenceEncoder - [7c209b57] Writing "357. foo bar"
16:11:21.228 [XNIO-5 I/O-6] DEBUG o.s.c.c.CharSequenceEncoder - [7c209b57] Writing "358. foo bar"
16:11:21.228 [XNIO-5 I/O-6] DEBUG o.s.c.c.CharSequenceEncoder - [7c209b57] Writing "359. foo bar"
16:11:21.228 [XNIO-5 I/O-6] DEBUG o.s.c.c.CharSequenceEncoder - [7c209b57] Writing "360. foo bar"
16:11:21.228 [XNIO-5 I/O-6] DEBUG o.s.c.c.CharSequenceEncoder - [7c209b57] Writing "361. foo bar"
16:11:21.228 [XNIO-5 I/O-6] DEBUG o.s.c.c.CharSequenceEncoder - [7c209b57] Writing "362. foo bar"
16:11:21.229 [XNIO-5 I/O-6] DEBUG o.s.c.c.CharSequenceEncoder - [7c209b57] Writing "363. foo bar"
16:11:21.229 [XNIO-5 I/O-6] DEBUG o.s.c.c.CharSequenceEncoder - [7c209b57] Writing "364. foo bar"
16:11:21.229 [XNIO-5 I/O-6] DEBUG o.s.c.c.CharSequenceEncoder - [7c209b57] Writing "365. foo bar"
16:11:21.229 [XNIO-5 I/O-6] DEBUG o.s.c.c.CharSequenceEncoder - [7c209b57] Writing "366. foo bar"
16:11:21.229 [XNIO-5 I/O-6] DEBUG o.s.c.c.CharSequenceEncoder - [7c209b57] Writing "367. foo bar"
16:11:21.229 [XNIO-5 I/O-6] DEBUG o.s.c.c.CharSequenceEncoder - [7c209b57] Writing "368. foo bar"
16:11:21.229 [XNIO-5 I/O-6] DEBUG o.s.c.c.CharSequenceEncoder - [7c209b57] Writing "369. foo bar"
16:11:21.229 [XNIO-5 I/O-6] DEBUG o.s.c.c.CharSequenceEncoder - [7c209b57] Writing "370. foo bar"
16:11:21.229 [XNIO-5 I/O-6] DEBUG o.s.c.c.CharSequenceEncoder - [7c209b57] Writing "371. foo bar"
16:11:21.229 [XNIO-5 I/O-6] DEBUG o.s.c.c.CharSequenceEncoder - [7c209b57] Writing "372. foo bar"
16:11:21.229 [XNIO-5 I/O-6] DEBUG o.s.c.c.CharSequenceEncoder - [7c209b57] Writing "373. foo bar"
16:11:21.229 [XNIO-5 I/O-6] DEBUG o.s.c.c.CharSequenceEncoder - [7c209b57] Writing "374. foo bar"
16:11:21.229 [XNIO-5 I/O-6] DEBUG o.s.c.c.CharSequenceEncoder - [7c209b57] Writing "375. foo bar"
16:11:21.229 [XNIO-5 I/O-6] DEBUG o.s.c.c.CharSequenceEncoder - [7c209b57] Writing "376. foo bar"
16:11:21.230 [XNIO-5 I/O-6] DEBUG o.s.c.c.CharSequenceEncoder - [7c209b57] Writing "377. foo bar"
16:11:21.230 [XNIO-5 I/O-6] DEBUG o.s.c.c.CharSequenceEncoder - [7c209b57] Writing "378. foo bar"
16:11:21.230 [XNIO-5 I/O-6] DEBUG o.s.c.c.CharSequenceEncoder - [7c209b57] Writing "379. foo bar"
16:11:21.230 [XNIO-5 I/O-6] DEBUG o.s.c.c.CharSequenceEncoder - [7c209b57] Writing "380. foo bar"
16:11:21.230 [XNIO-5 I/O-6] DEBUG o.s.c.c.CharSequenceEncoder - [7c209b57] Writing "381. foo bar"
16:11:21.230 [XNIO-5 I/O-6] DEBUG o.s.c.c.CharSequenceEncoder - [7c209b57] Writing "382. foo bar"
16:11:21.230 [XNIO-5 I/O-6] DEBUG o.s.c.c.CharSequenceEncoder - [7c209b57] Writing "383. foo bar"
16:11:21.230 [XNIO-5 I/O-6] DEBUG o.s.c.c.CharSequenceEncoder - [7c209b57] Writing "384. foo bar"
16:11:21.230 [XNIO-5 I/O-6] DEBUG o.s.c.c.CharSequenceEncoder - [7c209b57] Writing "385. foo bar"
16:11:21.230 [XNIO-5 I/O-6] DEBUG o.s.c.c.CharSequenceEncoder - [7c209b57] Writing "386. foo bar"
16:11:21.230 [XNIO-5 I/O-6] DEBUG o.s.c.c.CharSequenceEncoder - [7c209b57] Writing "387. foo bar"
16:11:21.231 [XNIO-5 I/O-6] DEBUG o.s.c.c.CharSequenceEncoder - [7c209b57] Writing "388. foo bar"
16:11:21.231 [XNIO-5 I/O-6] DEBUG o.s.c.c.CharSequenceEncoder - [7c209b57] Writing "389. foo bar"
16:11:21.231 [XNIO-5 I/O-6] DEBUG o.s.c.c.CharSequenceEncoder - [7c209b57] Writing "390. foo bar"
16:11:21.231 [XNIO-5 I/O-6] DEBUG o.s.c.c.CharSequenceEncoder - [7c209b57] Writing "391. foo bar"
16:11:21.231 [XNIO-5 I/O-6] DEBUG o.s.c.c.CharSequenceEncoder - [7c209b57] Writing "392. foo bar"
16:11:21.231 [XNIO-5 I/O-6] DEBUG o.s.c.c.CharSequenceEncoder - [7c209b57] Writing "393. foo bar"
16:11:21.231 [XNIO-5 I/O-6] DEBUG o.s.c.c.CharSequenceEncoder - [7c209b57] Writing "394. foo bar"
16:11:21.231 [XNIO-5 I/O-6] DEBUG o.s.c.c.CharSequenceEncoder - [7c209b57] Writing "395. foo bar"
16:11:21.231 [XNIO-5 I/O-6] DEBUG o.s.c.c.CharSequenceEncoder - [7c209b57] Writing "396. foo bar"
16:11:21.231 [XNIO-5 I/O-6] DEBUG o.s.c.c.CharSequenceEncoder - [7c209b57] Writing "397. foo bar"
16:11:21.231 [XNIO-5 I/O-6] DEBUG o.s.c.c.CharSequenceEncoder - [7c209b57] Writing "398. foo bar"
16:11:21.231 [XNIO-5 I/O-6] DEBUG o.s.c.c.CharSequenceEncoder - [7c209b57] Writing "399. foo bar"
16:11:21.231 [XNIO-5 I/O-6] DEBUG o.s.c.c.CharSequenceEncoder - [7c209b57] Writing "400. foo bar"
16:11:21.232 [XNIO-5 I/O-6] DEBUG o.s.c.c.CharSequenceEncoder - [7c209b57] Writing "401. foo bar"
16:11:21.232 [XNIO-5 I/O-6] DEBUG o.s.c.c.CharSequenceEncoder - [7c209b57] Writing "402. foo bar"
16:11:21.232 [XNIO-5 I/O-6] DEBUG o.s.c.c.CharSequenceEncoder - [7c209b57] Writing "403. foo bar"
16:11:21.232 [XNIO-5 I/O-6] DEBUG o.s.c.c.CharSequenceEncoder - [7c209b57] Writing "404. foo bar"
16:11:21.232 [XNIO-5 I/O-6] DEBUG o.s.c.c.CharSequenceEncoder - [7c209b57] Writing "405. foo bar"
16:11:21.232 [XNIO-5 I/O-6] DEBUG o.s.c.c.CharSequenceEncoder - [7c209b57] Writing "406. foo bar"
16:11:21.232 [XNIO-5 I/O-6] DEBUG o.s.c.c.CharSequenceEncoder - [7c209b57] Writing "407. foo bar"
16:11:21.232 [XNIO-5 I/O-6] DEBUG o.s.c.c.CharSequenceEncoder - [7c209b57] Writing "408. foo bar"
16:11:21.232 [XNIO-5 I/O-6] DEBUG o.s.c.c.CharSequenceEncoder - [7c209b57] Writing "409. foo bar"
16:11:21.232 [XNIO-5 I/O-6] DEBUG o.s.c.c.CharSequenceEncoder - [7c209b57] Writing "410. foo bar"
16:11:21.232 [XNIO-5 I/O-6] DEBUG o.s.c.c.CharSequenceEncoder - [7c209b57] Writing "411. foo bar"
16:11:21.232 [XNIO-5 I/O-6] DEBUG o.s.c.c.CharSequenceEncoder - [7c209b57] Writing "412. foo bar"
16:11:21.232 [XNIO-5 I/O-6] DEBUG o.s.c.c.CharSequenceEncoder - [7c209b57] Writing "413. foo bar"
16:11:21.232 [XNIO-5 I/O-6] DEBUG o.s.c.c.CharSequenceEncoder - [7c209b57] Writing "414. foo bar"
16:11:21.233 [XNIO-5 I/O-6] DEBUG o.s.c.c.CharSequenceEncoder - [7c209b57] Writing "415. foo bar"
16:11:21.233 [XNIO-5 I/O-6] DEBUG o.s.c.c.CharSequenceEncoder - [7c209b57] Writing "416. foo bar"
16:11:21.233 [XNIO-5 I/O-6] DEBUG o.s.c.c.CharSequenceEncoder - [7c209b57] Writing "417. foo bar"
16:11:21.233 [XNIO-5 I/O-6] DEBUG o.s.c.c.CharSequenceEncoder - [7c209b57] Writing "418. foo bar"
16:11:21.233 [XNIO-5 I/O-6] DEBUG o.s.c.c.CharSequenceEncoder - [7c209b57] Writing "419. foo bar"
16:11:21.233 [XNIO-5 I/O-6] DEBUG o.s.c.c.CharSequenceEncoder - [7c209b57] Writing "420. foo bar"
16:11:21.233 [XNIO-5 I/O-6] DEBUG o.s.c.c.CharSequenceEncoder - [7c209b57] Writing "421. foo bar"
16:11:21.233 [XNIO-5 I/O-6] DEBUG o.s.c.c.CharSequenceEncoder - [7c209b57] Writing "422. foo bar"
16:11:21.233 [XNIO-5 I/O-6] DEBUG o.s.c.c.CharSequenceEncoder - [7c209b57] Writing "423. foo bar"
16:11:21.234 [XNIO-5 I/O-6] DEBUG o.s.c.c.CharSequenceEncoder - [7c209b57] Writing "424. foo bar"
16:11:21.234 [XNIO-5 I/O-6] DEBUG o.s.c.c.CharSequenceEncoder - [7c209b57] Writing "425. foo bar"
16:11:21.234 [XNIO-5 I/O-6] DEBUG o.s.c.c.CharSequenceEncoder - [7c209b57] Writing "426. foo bar"
16:11:21.234 [XNIO-5 I/O-6] DEBUG o.s.c.c.CharSequenceEncoder - [7c209b57] Writing "427. foo bar"
16:11:21.234 [XNIO-5 I/O-6] DEBUG o.s.c.c.CharSequenceEncoder - [7c209b57] Writing "428. foo bar"
16:11:21.234 [XNIO-5 I/O-6] DEBUG o.s.c.c.CharSequenceEncoder - [7c209b57] Writing "429. foo bar"
16:11:21.234 [XNIO-5 I/O-6] DEBUG o.s.c.c.CharSequenceEncoder - [7c209b57] Writing "430. foo bar"
16:11:21.234 [XNIO-5 I/O-6] DEBUG o.s.c.c.CharSequenceEncoder - [7c209b57] Writing "431. foo bar"
16:11:21.234 [XNIO-5 I/O-6] DEBUG o.s.c.c.CharSequenceEncoder - [7c209b57] Writing "432. foo bar"
16:11:21.234 [XNIO-5 I/O-6] DEBUG o.s.c.c.CharSequenceEncoder - [7c209b57] Writing "433. foo bar"
16:11:21.234 [XNIO-5 I/O-6] DEBUG o.s.c.c.CharSequenceEncoder - [7c209b57] Writing "434. foo bar"
16:11:21.234 [XNIO-5 I/O-6] DEBUG o.s.c.c.CharSequenceEncoder - [7c209b57] Writing "435. foo bar"
16:11:21.234 [XNIO-5 I/O-6] DEBUG o.s.c.c.CharSequenceEncoder - [7c209b57] Writing "436. foo bar"
16:11:21.234 [XNIO-5 I/O-6] DEBUG o.s.c.c.CharSequenceEncoder - [7c209b57] Writing "437. foo bar"
16:11:21.234 [XNIO-5 I/O-6] DEBUG o.s.c.c.CharSequenceEncoder - [7c209b57] Writing "438. foo bar"
16:11:21.235 [XNIO-5 I/O-6] DEBUG o.s.c.c.CharSequenceEncoder - [7c209b57] Writing "439. foo bar"
16:11:21.235 [XNIO-5 I/O-6] DEBUG o.s.c.c.CharSequenceEncoder - [7c209b57] Writing "440. foo bar"
16:11:21.235 [XNIO-5 I/O-6] DEBUG o.s.c.c.CharSequenceEncoder - [7c209b57] Writing "441. foo bar"
16:11:21.235 [XNIO-5 I/O-6] DEBUG o.s.c.c.CharSequenceEncoder - [7c209b57] Writing "442. foo bar"
16:11:21.235 [XNIO-5 I/O-6] DEBUG o.s.c.c.CharSequenceEncoder - [7c209b57] Writing "443. foo bar"
16:11:21.235 [XNIO-5 I/O-6] DEBUG o.s.c.c.CharSequenceEncoder - [7c209b57] Writing "444. foo bar"
16:11:21.235 [XNIO-5 I/O-6] DEBUG o.s.c.c.CharSequenceEncoder - [7c209b57] Writing "445. foo bar"
16:11:21.235 [XNIO-5 I/O-6] DEBUG o.s.c.c.CharSequenceEncoder - [7c209b57] Writing "446. foo bar"
16:11:21.235 [XNIO-5 I/O-6] DEBUG o.s.c.c.CharSequenceEncoder - [7c209b57] Writing "447. foo bar"
16:11:21.235 [XNIO-5 I/O-6] DEBUG o.s.c.c.CharSequenceEncoder - [7c209b57] Writing "448. foo bar"
16:11:21.235 [XNIO-5 I/O-6] DEBUG o.s.c.c.CharSequenceEncoder - [7c209b57] Writing "449. foo bar"
16:11:21.235 [XNIO-5 I/O-6] DEBUG o.s.c.c.CharSequenceEncoder - [7c209b57] Writing "450. foo bar"
16:11:21.235 [XNIO-5 I/O-6] DEBUG o.s.c.c.CharSequenceEncoder - [7c209b57] Writing "451. foo bar"
16:11:21.235 [XNIO-5 I/O-6] DEBUG o.s.c.c.CharSequenceEncoder - [7c209b57] Writing "452. foo bar"
16:11:21.236 [XNIO-5 I/O-6] DEBUG o.s.c.c.CharSequenceEncoder - [7c209b57] Writing "453. foo bar"
16:11:21.236 [XNIO-5 I/O-6] DEBUG o.s.c.c.CharSequenceEncoder - [7c209b57] Writing "454. foo bar"
16:11:21.236 [XNIO-5 I/O-6] DEBUG o.s.c.c.CharSequenceEncoder - [7c209b57] Writing "455. foo bar"
16:11:21.236 [XNIO-5 I/O-6] DEBUG o.s.c.c.CharSequenceEncoder - [7c209b57] Writing "456. foo bar"
16:11:21.236 [XNIO-5 I/O-6] DEBUG o.s.c.c.CharSequenceEncoder - [7c209b57] Writing "457. foo bar"
16:11:21.236 [XNIO-5 I/O-6] DEBUG o.s.c.c.CharSequenceEncoder - [7c209b57] Writing "458. foo bar"
16:11:21.236 [XNIO-5 I/O-6] DEBUG o.s.c.c.CharSequenceEncoder - [7c209b57] Writing "459. foo bar"
16:11:21.236 [XNIO-5 I/O-6] DEBUG o.s.c.c.CharSequenceEncoder - [7c209b57] Writing "460. foo bar"
16:11:21.236 [XNIO-5 I/O-6] DEBUG o.s.c.c.CharSequenceEncoder - [7c209b57] Writing "461. foo bar"
16:11:21.236 [XNIO-5 I/O-6] DEBUG o.s.c.c.CharSequenceEncoder - [7c209b57] Writing "462. foo bar"
16:11:21.236 [XNIO-5 I/O-6] DEBUG o.s.c.c.CharSequenceEncoder - [7c209b57] Writing "463. foo bar"
16:11:21.236 [XNIO-5 I/O-6] DEBUG o.s.c.c.CharSequenceEncoder - [7c209b57] Writing "464. foo bar"
16:11:21.236 [XNIO-5 I/O-6] DEBUG o.s.c.c.CharSequenceEncoder - [7c209b57] Writing "465. foo bar"
16:11:21.236 [XNIO-5 I/O-6] DEBUG o.s.c.c.CharSequenceEncoder - [7c209b57] Writing "466. foo bar"
16:11:21.236 [XNIO-5 I/O-6] DEBUG o.s.c.c.CharSequenceEncoder - [7c209b57] Writing "467. foo bar"
16:11:21.237 [XNIO-5 I/O-6] DEBUG o.s.c.c.CharSequenceEncoder - [7c209b57] Writing "468. foo bar"
16:11:21.237 [XNIO-5 I/O-6] DEBUG o.s.c.c.CharSequenceEncoder - [7c209b57] Writing "469. foo bar"
16:11:21.237 [XNIO-5 I/O-6] DEBUG o.s.c.c.CharSequenceEncoder - [7c209b57] Writing "470. foo bar"
16:11:21.237 [XNIO-5 I/O-6] DEBUG o.s.c.c.CharSequenceEncoder - [7c209b57] Writing "471. foo bar"
16:11:21.237 [XNIO-5 I/O-6] DEBUG o.s.c.c.CharSequenceEncoder - [7c209b57] Writing "472. foo bar"
16:11:21.237 [XNIO-5 I/O-6] DEBUG o.s.c.c.CharSequenceEncoder - [7c209b57] Writing "473. foo bar"
16:11:21.237 [XNIO-5 I/O-6] DEBUG o.s.c.c.CharSequenceEncoder - [7c209b57] Writing "474. foo bar"
16:11:21.237 [XNIO-5 I/O-6] DEBUG o.s.c.c.CharSequenceEncoder - [7c209b57] Writing "475. foo bar"
16:11:21.237 [XNIO-5 I/O-6] DEBUG o.s.c.c.CharSequenceEncoder - [7c209b57] Writing "476. foo bar"
16:11:21.237 [XNIO-5 I/O-6] DEBUG o.s.c.c.CharSequenceEncoder - [7c209b57] Writing "477. foo bar"
16:11:21.237 [XNIO-5 I/O-6] DEBUG o.s.c.c.CharSequenceEncoder - [7c209b57] Writing "478. foo bar"
16:11:21.237 [XNIO-5 I/O-6] DEBUG o.s.c.c.CharSequenceEncoder - [7c209b57] Writing "479. foo bar"
16:11:21.237 [XNIO-5 I/O-6] DEBUG o.s.c.c.CharSequenceEncoder - [7c209b57] Writing "480. foo bar"
16:11:21.237 [XNIO-5 I/O-6] DEBUG o.s.c.c.CharSequenceEncoder - [7c209b57] Writing "481. foo bar"
16:11:21.237 [XNIO-5 I/O-6] DEBUG o.s.c.c.CharSequenceEncoder - [7c209b57] Writing "482. foo bar"
16:11:21.238 [XNIO-5 I/O-6] DEBUG o.s.c.c.CharSequenceEncoder - [7c209b57] Writing "483. foo bar"
16:11:21.238 [XNIO-5 I/O-6] DEBUG o.s.c.c.CharSequenceEncoder - [7c209b57] Writing "484. foo bar"
16:11:21.238 [XNIO-5 I/O-6] DEBUG o.s.c.c.CharSequenceEncoder - [7c209b57] Writing "485. foo bar"
16:11:21.238 [XNIO-5 I/O-6] DEBUG o.s.c.c.CharSequenceEncoder - [7c209b57] Writing "486. foo bar"
16:11:21.238 [XNIO-5 I/O-6] DEBUG o.s.c.c.CharSequenceEncoder - [7c209b57] Writing "487. foo bar"
16:11:21.238 [XNIO-5 I/O-6] DEBUG o.s.c.c.CharSequenceEncoder - [7c209b57] Writing "488. foo bar"
16:11:21.238 [XNIO-5 I/O-6] DEBUG o.s.c.c.CharSequenceEncoder - [7c209b57] Writing "489. foo bar"
16:11:21.238 [XNIO-5 I/O-6] DEBUG o.s.c.c.CharSequenceEncoder - [7c209b57] Writing "490. foo bar"
16:11:21.238 [XNIO-5 I/O-6] DEBUG o.s.c.c.CharSequenceEncoder - [7c209b57] Writing "491. foo bar"
16:11:21.238 [XNIO-5 I/O-6] DEBUG o.s.c.c.CharSequenceEncoder - [7c209b57] Writing "492. foo bar"
16:11:21.238 [XNIO-5 I/O-6] DEBUG o.s.c.c.CharSequenceEncoder - [7c209b57] Writing "493. foo bar"
16:11:21.238 [XNIO-5 I/O-6] DEBUG o.s.c.c.CharSequenceEncoder - [7c209b57] Writing "494. foo bar"
16:11:21.238 [XNIO-5 I/O-6] DEBUG o.s.c.c.CharSequenceEncoder - [7c209b57] Writing "495. foo bar"
16:11:21.238 [XNIO-5 I/O-6] DEBUG o.s.c.c.CharSequenceEncoder - [7c209b57] Writing "496. foo bar"
16:11:21.238 [XNIO-5 I/O-6] DEBUG o.s.c.c.CharSequenceEncoder - [7c209b57] Writing "497. foo bar"
16:11:21.239 [XNIO-5 I/O-6] DEBUG o.s.c.c.CharSequenceEncoder - [7c209b57] Writing "498. foo bar"
16:11:21.239 [XNIO-5 I/O-6] DEBUG o.s.c.c.CharSequenceEncoder - [7c209b57] Writing "499. foo bar"
16:11:21.239 [XNIO-5 I/O-6] DEBUG o.s.c.c.CharSequenceEncoder - [7c209b57] Writing "500. foo bar"
16:11:21.239 [XNIO-5 I/O-6] DEBUG o.s.c.c.CharSequenceEncoder - [7c209b57] Writing "501. foo bar"
16:11:21.239 [XNIO-5 I/O-6] DEBUG o.s.c.c.CharSequenceEncoder - [7c209b57] Writing "502. foo bar"
16:11:21.239 [XNIO-5 I/O-6] DEBUG o.s.c.c.CharSequenceEncoder - [7c209b57] Writing "503. foo bar"
16:11:21.239 [XNIO-5 I/O-6] DEBUG o.s.c.c.CharSequenceEncoder - [7c209b57] Writing "504. foo bar"
16:11:21.239 [XNIO-5 I/O-6] DEBUG o.s.c.c.CharSequenceEncoder - [7c209b57] Writing "505. foo bar"
16:11:21.239 [XNIO-5 I/O-6] DEBUG o.s.c.c.CharSequenceEncoder - [7c209b57] Writing "506. foo bar"
16:11:21.239 [XNIO-5 I/O-6] DEBUG o.s.c.c.CharSequenceEncoder - [7c209b57] Writing "507. foo bar"
16:11:21.239 [XNIO-5 I/O-6] DEBUG o.s.c.c.CharSequenceEncoder - [7c209b57] Writing "508. foo bar"
16:11:21.239 [XNIO-5 I/O-6] DEBUG o.s.c.c.CharSequenceEncoder - [7c209b57] Writing "509. foo bar"
16:11:21.239 [XNIO-5 I/O-6] DEBUG o.s.c.c.CharSequenceEncoder - [7c209b57] Writing "510. foo bar"
16:11:21.240 [XNIO-5 I/O-6] DEBUG o.s.c.c.CharSequenceEncoder - [7c209b57] Writing "511. foo bar"
16:11:21.240 [XNIO-5 I/O-6] DEBUG o.s.c.c.CharSequenceEncoder - [7c209b57] Writing "512. foo bar"
16:11:21.240 [XNIO-5 I/O-6] DEBUG o.s.c.c.CharSequenceEncoder - [7c209b57] Writing "513. foo bar"
16:11:21.240 [XNIO-5 I/O-6] DEBUG o.s.c.c.CharSequenceEncoder - [7c209b57] Writing "514. foo bar"
16:11:21.240 [XNIO-5 I/O-6] DEBUG o.s.c.c.CharSequenceEncoder - [7c209b57] Writing "515. foo bar"
16:11:21.240 [XNIO-5 I/O-6] DEBUG o.s.c.c.CharSequenceEncoder - [7c209b57] Writing "516. foo bar"
16:11:21.240 [XNIO-5 I/O-6] DEBUG o.s.c.c.CharSequenceEncoder - [7c209b57] Writing "517. foo bar"
16:11:21.240 [XNIO-5 I/O-6] DEBUG o.s.c.c.CharSequenceEncoder - [7c209b57] Writing "518. foo bar"
16:11:21.240 [XNIO-5 I/O-6] DEBUG o.s.c.c.CharSequenceEncoder - [7c209b57] Writing "519. foo bar"
16:11:21.240 [XNIO-5 I/O-6] DEBUG o.s.c.c.CharSequenceEncoder - [7c209b57] Writing "520. foo bar"
16:11:21.240 [XNIO-5 I/O-6] DEBUG o.s.c.c.CharSequenceEncoder - [7c209b57] Writing "521. foo bar"
16:11:21.240 [XNIO-5 I/O-6] DEBUG o.s.c.c.CharSequenceEncoder - [7c209b57] Writing "522. foo bar"
16:11:21.240 [XNIO-5 I/O-6] DEBUG o.s.c.c.CharSequenceEncoder - [7c209b57] Writing "523. foo bar"
16:11:21.241 [XNIO-5 I/O-6] DEBUG o.s.c.c.CharSequenceEncoder - [7c209b57] Writing "524. foo bar"
16:11:21.241 [XNIO-5 I/O-6] DEBUG o.s.c.c.CharSequenceEncoder - [7c209b57] Writing "525. foo bar"
16:11:21.241 [XNIO-5 I/O-6] DEBUG o.s.c.c.CharSequenceEncoder - [7c209b57] Writing "526. foo bar"
16:11:21.241 [XNIO-5 I/O-6] DEBUG o.s.c.c.CharSequenceEncoder - [7c209b57] Writing "527. foo bar"
16:11:21.241 [XNIO-5 I/O-6] DEBUG o.s.c.c.CharSequenceEncoder - [7c209b57] Writing "528. foo bar"
16:11:21.241 [XNIO-5 I/O-6] DEBUG o.s.c.c.CharSequenceEncoder - [7c209b57] Writing "529. foo bar"
16:11:21.241 [XNIO-5 I/O-6] DEBUG o.s.c.c.CharSequenceEncoder - [7c209b57] Writing "530. foo bar"
16:11:21.241 [XNIO-5 I/O-6] DEBUG o.s.c.c.CharSequenceEncoder - [7c209b57] Writing "531. foo bar"
16:11:21.241 [XNIO-5 I/O-6] DEBUG o.s.c.c.CharSequenceEncoder - [7c209b57] Writing "532. foo bar"
16:11:21.242 [XNIO-5 I/O-6] DEBUG o.s.c.c.CharSequenceEncoder - [7c209b57] Writing "533. foo bar"
16:11:21.242 [XNIO-5 I/O-6] DEBUG o.s.c.c.CharSequenceEncoder - [7c209b57] Writing "534. foo bar"
16:11:21.242 [XNIO-5 I/O-6] DEBUG o.s.c.c.CharSequenceEncoder - [7c209b57] Writing "535. foo bar"
16:11:21.242 [XNIO-5 I/O-6] DEBUG o.s.c.c.CharSequenceEncoder - [7c209b57] Writing "536. foo bar"
16:11:21.242 [XNIO-5 I/O-6] DEBUG o.s.c.c.CharSequenceEncoder - [7c209b57] Writing "537. foo bar"
16:11:21.242 [XNIO-5 I/O-6] DEBUG o.s.c.c.CharSequenceEncoder - [7c209b57] Writing "538. foo bar"
16:11:21.242 [XNIO-5 I/O-6] DEBUG o.s.c.c.CharSequenceEncoder - [7c209b57] Writing "539. foo bar"
16:11:21.242 [XNIO-5 I/O-6] DEBUG o.s.c.c.CharSequenceEncoder - [7c209b57] Writing "540. foo bar"
16:11:21.242 [XNIO-5 I/O-6] DEBUG o.s.c.c.CharSequenceEncoder - [7c209b57] Writing "541. foo bar"
16:11:21.243 [XNIO-5 I/O-6] DEBUG o.s.c.c.CharSequenceEncoder - [7c209b57] Writing "542. foo bar"
16:11:21.243 [XNIO-5 I/O-6] DEBUG o.s.c.c.CharSequenceEncoder - [7c209b57] Writing "543. foo bar"
16:11:21.243 [XNIO-5 I/O-6] DEBUG o.s.c.c.CharSequenceEncoder - [7c209b57] Writing "544. foo bar"
16:11:21.243 [XNIO-5 I/O-6] DEBUG o.s.c.c.CharSequenceEncoder - [7c209b57] Writing "545. foo bar"
16:11:21.243 [XNIO-5 I/O-6] DEBUG o.s.c.c.CharSequenceEncoder - [7c209b57] Writing "546. foo bar"
16:11:21.243 [XNIO-5 I/O-6] DEBUG o.s.c.c.CharSequenceEncoder - [7c209b57] Writing "547. foo bar"
16:11:21.243 [XNIO-5 I/O-6] DEBUG o.s.c.c.CharSequenceEncoder - [7c209b57] Writing "548. foo bar"
16:11:21.243 [XNIO-5 I/O-6] DEBUG o.s.c.c.CharSequenceEncoder - [7c209b57] Writing "549. foo bar"
16:11:21.243 [XNIO-5 I/O-6] DEBUG o.s.c.c.CharSequenceEncoder - [7c209b57] Writing "550. foo bar"
16:11:21.243 [XNIO-5 I/O-6] DEBUG o.s.c.c.CharSequenceEncoder - [7c209b57] Writing "551. foo bar"
16:11:21.244 [XNIO-5 I/O-6] DEBUG o.s.c.c.CharSequenceEncoder - [7c209b57] Writing "552. foo bar"
16:11:21.244 [XNIO-5 I/O-6] DEBUG o.s.c.c.CharSequenceEncoder - [7c209b57] Writing "553. foo bar"
16:11:21.244 [XNIO-5 I/O-6] DEBUG o.s.c.c.CharSequenceEncoder - [7c209b57] Writing "554. foo bar"
16:11:21.244 [XNIO-5 I/O-6] DEBUG o.s.c.c.CharSequenceEncoder - [7c209b57] Writing "555. foo bar"
16:11:21.244 [XNIO-5 I/O-6] DEBUG o.s.c.c.CharSequenceEncoder - [7c209b57] Writing "556. foo bar"
16:11:21.244 [XNIO-5 I/O-6] DEBUG o.s.c.c.CharSequenceEncoder - [7c209b57] Writing "557. foo bar"
16:11:21.244 [XNIO-5 I/O-6] DEBUG o.s.c.c.CharSequenceEncoder - [7c209b57] Writing "558. foo bar"
16:11:21.244 [XNIO-5 I/O-6] DEBUG o.s.c.c.CharSequenceEncoder - [7c209b57] Writing "559. foo bar"
16:11:21.244 [XNIO-5 I/O-6] DEBUG o.s.c.c.CharSequenceEncoder - [7c209b57] Writing "560. foo bar"
16:11:21.244 [XNIO-5 I/O-6] DEBUG o.s.c.c.CharSequenceEncoder - [7c209b57] Writing "561. foo bar"
16:11:21.244 [XNIO-5 I/O-6] DEBUG o.s.c.c.CharSequenceEncoder - [7c209b57] Writing "562. foo bar"
16:11:21.244 [XNIO-5 I/O-6] DEBUG o.s.c.c.CharSequenceEncoder - [7c209b57] Writing "563. foo bar"
16:11:21.244 [XNIO-5 I/O-6] DEBUG o.s.c.c.CharSequenceEncoder - [7c209b57] Writing "564. foo bar"
16:11:21.245 [XNIO-5 I/O-6] DEBUG o.s.c.c.CharSequenceEncoder - [7c209b57] Writing "565. foo bar"
16:11:21.245 [XNIO-5 I/O-6] DEBUG o.s.c.c.CharSequenceEncoder - [7c209b57] Writing "566. foo bar"
16:11:21.245 [XNIO-5 I/O-6] DEBUG o.s.c.c.CharSequenceEncoder - [7c209b57] Writing "567. foo bar"
16:11:21.245 [XNIO-5 I/O-6] DEBUG o.s.c.c.CharSequenceEncoder - [7c209b57] Writing "568. foo bar"
16:11:21.245 [XNIO-5 I/O-6] DEBUG o.s.c.c.CharSequenceEncoder - [7c209b57] Writing "569. foo bar"
16:11:21.245 [XNIO-5 I/O-6] DEBUG o.s.c.c.CharSequenceEncoder - [7c209b57] Writing "570. foo bar"
16:11:21.245 [XNIO-5 I/O-6] DEBUG o.s.c.c.CharSequenceEncoder - [7c209b57] Writing "571. foo bar"
16:11:21.245 [XNIO-5 I/O-6] DEBUG o.s.c.c.CharSequenceEncoder - [7c209b57] Writing "572. foo bar"
16:11:21.245 [XNIO-5 I/O-6] DEBUG o.s.c.c.CharSequenceEncoder - [7c209b57] Writing "573. foo bar"
16:11:21.245 [XNIO-5 I/O-6] DEBUG o.s.c.c.CharSequenceEncoder - [7c209b57] Writing "574. foo bar"
16:11:21.246 [XNIO-5 I/O-6] DEBUG o.s.c.c.CharSequenceEncoder - [7c209b57] Writing "575. foo bar"
16:11:21.246 [XNIO-5 I/O-6] DEBUG o.s.c.c.CharSequenceEncoder - [7c209b57] Writing "576. foo bar"
16:11:21.246 [XNIO-5 I/O-6] DEBUG o.s.c.c.CharSequenceEncoder - [7c209b57] Writing "577. foo bar"
16:11:21.246 [XNIO-5 I/O-6] DEBUG o.s.c.c.CharSequenceEncoder - [7c209b57] Writing "578. foo bar"
16:11:21.246 [XNIO-5 I/O-6] DEBUG o.s.c.c.CharSequenceEncoder - [7c209b57] Writing "579. foo bar"
16:11:21.246 [XNIO-5 I/O-6] DEBUG o.s.c.c.CharSequenceEncoder - [7c209b57] Writing "580. foo bar"
16:11:21.246 [XNIO-5 I/O-6] DEBUG o.s.c.c.CharSequenceEncoder - [7c209b57] Writing "581. foo bar"
16:11:21.247 [XNIO-5 I/O-6] DEBUG o.s.c.c.CharSequenceEncoder - [7c209b57] Writing "582. foo bar"
16:11:21.247 [XNIO-5 I/O-6] DEBUG o.s.c.c.CharSequenceEncoder - [7c209b57] Writing "583. foo bar"
16:11:21.247 [XNIO-5 I/O-6] DEBUG o.s.c.c.CharSequenceEncoder - [7c209b57] Writing "584. foo bar"
16:11:21.247 [XNIO-5 I/O-6] DEBUG o.s.c.c.CharSequenceEncoder - [7c209b57] Writing "585. foo bar"
16:11:21.247 [XNIO-5 I/O-6] DEBUG o.s.c.c.CharSequenceEncoder - [7c209b57] Writing "586. foo bar"
16:11:21.247 [XNIO-5 I/O-6] DEBUG o.s.c.c.CharSequenceEncoder - [7c209b57] Writing "587. foo bar"
16:11:21.247 [XNIO-5 I/O-6] DEBUG o.s.c.c.CharSequenceEncoder - [7c209b57] Writing "588. foo bar"
16:11:21.247 [XNIO-5 I/O-6] DEBUG o.s.c.c.CharSequenceEncoder - [7c209b57] Writing "589. foo bar"
16:11:21.247 [XNIO-5 I/O-6] DEBUG o.s.c.c.CharSequenceEncoder - [7c209b57] Writing "590. foo bar"
16:11:21.247 [XNIO-5 I/O-6] DEBUG o.s.c.c.CharSequenceEncoder - [7c209b57] Writing "591. foo bar"
16:11:21.247 [XNIO-5 I/O-6] DEBUG o.s.c.c.CharSequenceEncoder - [7c209b57] Writing "592. foo bar"
16:11:21.248 [XNIO-5 I/O-6] DEBUG o.s.c.c.CharSequenceEncoder - [7c209b57] Writing "593. foo bar"
16:11:21.248 [XNIO-5 I/O-6] DEBUG o.s.c.c.CharSequenceEncoder - [7c209b57] Writing "594. foo bar"
16:11:21.248 [XNIO-5 I/O-6] DEBUG o.s.c.c.CharSequenceEncoder - [7c209b57] Writing "595. foo bar"
16:11:21.248 [XNIO-5 I/O-6] DEBUG o.s.c.c.CharSequenceEncoder - [7c209b57] Writing "596. foo bar"
16:11:21.248 [XNIO-5 I/O-6] DEBUG o.s.c.c.CharSequenceEncoder - [7c209b57] Writing "597. foo bar"
16:11:21.248 [XNIO-5 I/O-6] DEBUG o.s.c.c.CharSequenceEncoder - [7c209b57] Writing "598. foo bar"
16:11:21.248 [XNIO-5 I/O-6] DEBUG o.s.c.c.CharSequenceEncoder - [7c209b57] Writing "599. foo bar"
16:11:21.248 [XNIO-5 I/O-6] DEBUG o.s.c.c.CharSequenceEncoder - [7c209b57] Writing "600. foo bar"
16:11:21.248 [XNIO-5 I/O-6] DEBUG o.s.c.c.CharSequenceEncoder - [7c209b57] Writing "601. foo bar"
16:11:21.248 [XNIO-5 I/O-6] DEBUG o.s.c.c.CharSequenceEncoder - [7c209b57] Writing "602. foo bar"
16:11:21.248 [XNIO-5 I/O-6] DEBUG o.s.c.c.CharSequenceEncoder - [7c209b57] Writing "603. foo bar"
16:11:21.248 [XNIO-5 I/O-6] DEBUG o.s.c.c.CharSequenceEncoder - [7c209b57] Writing "604. foo bar"
16:11:21.248 [XNIO-5 I/O-6] DEBUG o.s.c.c.CharSequenceEncoder - [7c209b57] Writing "605. foo bar"
16:11:21.249 [XNIO-5 I/O-6] DEBUG o.s.c.c.CharSequenceEncoder - [7c209b57] Writing "606. foo bar"
16:11:21.249 [XNIO-5 I/O-6] DEBUG o.s.c.c.CharSequenceEncoder - [7c209b57] Writing "607. foo bar"
16:11:21.249 [XNIO-5 I/O-6] DEBUG o.s.c.c.CharSequenceEncoder - [7c209b57] Writing "608. foo bar"
16:11:21.249 [XNIO-5 I/O-6] DEBUG o.s.c.c.CharSequenceEncoder - [7c209b57] Writing "609. foo bar"
16:11:21.249 [XNIO-5 I/O-6] DEBUG o.s.c.c.CharSequenceEncoder - [7c209b57] Writing "610. foo bar"
16:11:21.249 [XNIO-5 I/O-6] DEBUG o.s.c.c.CharSequenceEncoder - [7c209b57] Writing "611. foo bar"
16:11:21.249 [XNIO-5 I/O-6] DEBUG o.s.c.c.CharSequenceEncoder - [7c209b57] Writing "612. foo bar"
16:11:21.249 [XNIO-5 I/O-6] DEBUG o.s.c.c.CharSequenceEncoder - [7c209b57] Writing "613. foo bar"
16:11:21.249 [XNIO-5 I/O-6] DEBUG o.s.c.c.CharSequenceEncoder - [7c209b57] Writing "614. foo bar"
16:11:21.249 [XNIO-5 I/O-6] DEBUG o.s.c.c.CharSequenceEncoder - [7c209b57] Writing "615. foo bar"
16:11:21.249 [XNIO-5 I/O-6] DEBUG o.s.c.c.CharSequenceEncoder - [7c209b57] Writing "616. foo bar"
16:11:21.250 [XNIO-5 I/O-6] DEBUG o.s.c.c.CharSequenceEncoder - [7c209b57] Writing "617. foo bar"
16:11:21.250 [XNIO-5 I/O-6] DEBUG o.s.c.c.CharSequenceEncoder - [7c209b57] Writing "618. foo bar"
16:11:21.250 [XNIO-5 I/O-6] DEBUG o.s.c.c.CharSequenceEncoder - [7c209b57] Writing "619. foo bar"
16:11:21.250 [XNIO-5 I/O-6] DEBUG o.s.c.c.CharSequenceEncoder - [7c209b57] Writing "620. foo bar"
16:11:21.250 [XNIO-5 I/O-6] DEBUG o.s.c.c.CharSequenceEncoder - [7c209b57] Writing "621. foo bar"
16:11:21.250 [XNIO-5 I/O-6] DEBUG o.s.c.c.CharSequenceEncoder - [7c209b57] Writing "622. foo bar"
16:11:21.250 [XNIO-5 I/O-6] DEBUG o.s.c.c.CharSequenceEncoder - [7c209b57] Writing "623. foo bar"
16:11:21.250 [XNIO-5 I/O-6] DEBUG o.s.c.c.CharSequenceEncoder - [7c209b57] Writing "624. foo bar"
16:11:21.250 [XNIO-5 I/O-6] DEBUG o.s.c.c.CharSequenceEncoder - [7c209b57] Writing "625. foo bar"
16:11:21.250 [XNIO-5 I/O-6] DEBUG o.s.c.c.CharSequenceEncoder - [7c209b57] Writing "626. foo bar"
16:11:21.250 [XNIO-5 I/O-6] DEBUG o.s.c.c.CharSequenceEncoder - [7c209b57] Writing "627. foo bar"
16:11:21.250 [XNIO-5 I/O-6] DEBUG o.s.c.c.CharSequenceEncoder - [7c209b57] Writing "628. foo bar"
16:11:21.251 [XNIO-5 I/O-6] DEBUG o.s.c.c.CharSequenceEncoder - [7c209b57] Writing "629. foo bar"
16:11:21.251 [XNIO-5 I/O-6] DEBUG o.s.c.c.CharSequenceEncoder - [7c209b57] Writing "630. foo bar"
16:11:21.251 [XNIO-5 I/O-6] DEBUG o.s.c.c.CharSequenceEncoder - [7c209b57] Writing "631. foo bar"
16:11:21.251 [XNIO-5 I/O-6] DEBUG o.s.c.c.CharSequenceEncoder - [7c209b57] Writing "632. foo bar"
16:11:21.251 [XNIO-5 I/O-6] DEBUG o.s.c.c.CharSequenceEncoder - [7c209b57] Writing "633. foo bar"
16:11:21.251 [XNIO-5 I/O-6] DEBUG o.s.c.c.CharSequenceEncoder - [7c209b57] Writing "634. foo bar"
16:11:21.251 [XNIO-5 I/O-6] DEBUG o.s.c.c.CharSequenceEncoder - [7c209b57] Writing "635. foo bar"
16:11:21.251 [XNIO-5 I/O-6] DEBUG o.s.c.c.CharSequenceEncoder - [7c209b57] Writing "636. foo bar"
16:11:21.251 [XNIO-5 I/O-6] DEBUG o.s.c.c.CharSequenceEncoder - [7c209b57] Writing "637. foo bar"
16:11:21.251 [XNIO-5 I/O-6] DEBUG o.s.c.c.CharSequenceEncoder - [7c209b57] Writing "638. foo bar"
16:11:21.251 [XNIO-5 I/O-6] DEBUG o.s.c.c.CharSequenceEncoder - [7c209b57] Writing "639. foo bar"
16:11:21.251 [XNIO-5 I/O-6] DEBUG o.s.c.c.CharSequenceEncoder - [7c209b57] Writing "640. foo bar"
16:11:21.251 [XNIO-5 I/O-6] DEBUG o.s.c.c.CharSequenceEncoder - [7c209b57] Writing "641. foo bar"
16:11:21.252 [XNIO-5 I/O-6] DEBUG o.s.c.c.CharSequenceEncoder - [7c209b57] Writing "642. foo bar"
16:11:21.252 [XNIO-5 I/O-6] DEBUG o.s.c.c.CharSequenceEncoder - [7c209b57] Writing "643. foo bar"
16:11:21.252 [XNIO-5 I/O-6] DEBUG o.s.c.c.CharSequenceEncoder - [7c209b57] Writing "644. foo bar"
16:11:21.252 [XNIO-5 I/O-6] DEBUG o.s.c.c.CharSequenceEncoder - [7c209b57] Writing "645. foo bar"
16:11:21.252 [XNIO-5 I/O-6] DEBUG o.s.c.c.CharSequenceEncoder - [7c209b57] Writing "646. foo bar"
16:11:21.252 [XNIO-5 I/O-6] DEBUG o.s.c.c.CharSequenceEncoder - [7c209b57] Writing "647. foo bar"
16:11:21.252 [XNIO-5 I/O-6] DEBUG o.s.c.c.CharSequenceEncoder - [7c209b57] Writing "648. foo bar"
16:11:21.252 [XNIO-5 I/O-6] DEBUG o.s.c.c.CharSequenceEncoder - [7c209b57] Writing "649. foo bar"
16:11:21.252 [XNIO-5 I/O-6] DEBUG o.s.c.c.CharSequenceEncoder - [7c209b57] Writing "650. foo bar"
16:11:21.252 [XNIO-5 I/O-6] DEBUG o.s.c.c.CharSequenceEncoder - [7c209b57] Writing "651. foo bar"
16:11:21.252 [XNIO-5 I/O-6] DEBUG o.s.c.c.CharSequenceEncoder - [7c209b57] Writing "652. foo bar"
16:11:21.252 [XNIO-5 I/O-6] DEBUG o.s.c.c.CharSequenceEncoder - [7c209b57] Writing "653. foo bar"
16:11:21.252 [XNIO-5 I/O-6] DEBUG o.s.c.c.CharSequenceEncoder - [7c209b57] Writing "654. foo bar"
16:11:21.253 [XNIO-5 I/O-6] DEBUG o.s.c.c.CharSequenceEncoder - [7c209b57] Writing "655. foo bar"
16:11:21.253 [XNIO-5 I/O-6] DEBUG o.s.c.c.CharSequenceEncoder - [7c209b57] Writing "656. foo bar"
16:11:21.253 [XNIO-5 I/O-6] DEBUG o.s.c.c.CharSequenceEncoder - [7c209b57] Writing "657. foo bar"
16:11:21.253 [XNIO-5 I/O-6] DEBUG o.s.c.c.CharSequenceEncoder - [7c209b57] Writing "658. foo bar"
16:11:21.253 [XNIO-5 I/O-6] DEBUG o.s.c.c.CharSequenceEncoder - [7c209b57] Writing "659. foo bar"
16:11:21.253 [XNIO-5 I/O-6] DEBUG o.s.c.c.CharSequenceEncoder - [7c209b57] Writing "660. foo bar"
16:11:21.253 [XNIO-5 I/O-6] DEBUG o.s.c.c.CharSequenceEncoder - [7c209b57] Writing "661. foo bar"
16:11:21.253 [XNIO-5 I/O-6] DEBUG o.s.c.c.CharSequenceEncoder - [7c209b57] Writing "662. foo bar"
16:11:21.253 [XNIO-5 I/O-6] DEBUG o.s.c.c.CharSequenceEncoder - [7c209b57] Writing "663. foo bar"
16:11:21.253 [XNIO-5 I/O-6] DEBUG o.s.c.c.CharSequenceEncoder - [7c209b57] Writing "664. foo bar"
16:11:21.253 [XNIO-5 I/O-6] DEBUG o.s.c.c.CharSequenceEncoder - [7c209b57] Writing "665. foo bar"
16:11:21.253 [XNIO-5 I/O-6] DEBUG o.s.c.c.CharSequenceEncoder - [7c209b57] Writing "666. foo bar"
16:11:21.253 [XNIO-5 I/O-6] DEBUG o.s.c.c.CharSequenceEncoder - [7c209b57] Writing "667. foo bar"
16:11:21.253 [XNIO-5 I/O-6] DEBUG o.s.c.c.CharSequenceEncoder - [7c209b57] Writing "668. foo bar"
16:11:21.253 [XNIO-5 I/O-6] DEBUG o.s.c.c.CharSequenceEncoder - [7c209b57] Writing "669. foo bar"
16:11:21.253 [XNIO-5 I/O-6] DEBUG o.s.c.c.CharSequenceEncoder - [7c209b57] Writing "670. foo bar"
16:11:21.254 [XNIO-5 I/O-6] DEBUG o.s.c.c.CharSequenceEncoder - [7c209b57] Writing "671. foo bar"
16:11:21.254 [XNIO-5 I/O-6] DEBUG o.s.c.c.CharSequenceEncoder - [7c209b57] Writing "672. foo bar"
16:11:21.254 [XNIO-5 I/O-6] DEBUG o.s.c.c.CharSequenceEncoder - [7c209b57] Writing "673. foo bar"
16:11:21.254 [XNIO-5 I/O-6] DEBUG o.s.c.c.CharSequenceEncoder - [7c209b57] Writing "674. foo bar"
16:11:21.254 [XNIO-5 I/O-6] DEBUG o.s.c.c.CharSequenceEncoder - [7c209b57] Writing "675. foo bar"
16:11:21.254 [XNIO-5 I/O-6] DEBUG o.s.c.c.CharSequenceEncoder - [7c209b57] Writing "676. foo bar"
16:11:21.254 [XNIO-5 I/O-6] DEBUG o.s.c.c.CharSequenceEncoder - [7c209b57] Writing "677. foo bar"
16:11:21.254 [XNIO-5 I/O-6] DEBUG o.s.c.c.CharSequenceEncoder - [7c209b57] Writing "678. foo bar"
16:11:21.254 [XNIO-5 I/O-6] DEBUG o.s.c.c.CharSequenceEncoder - [7c209b57] Writing "679. foo bar"
16:11:21.254 [XNIO-5 I/O-6] DEBUG o.s.c.c.CharSequenceEncoder - [7c209b57] Writing "680. foo bar"
16:11:21.254 [XNIO-5 I/O-6] DEBUG o.s.c.c.CharSequenceEncoder - [7c209b57] Writing "681. foo bar"
16:11:21.254 [XNIO-5 I/O-6] DEBUG o.s.c.c.CharSequenceEncoder - [7c209b57] Writing "682. foo bar"
16:11:21.254 [XNIO-5 I/O-6] DEBUG o.s.c.c.CharSequenceEncoder - [7c209b57] Writing "683. foo bar"
16:11:21.255 [XNIO-5 I/O-6] DEBUG o.s.c.c.CharSequenceEncoder - [7c209b57] Writing "684. foo bar"
16:11:21.255 [XNIO-5 I/O-6] DEBUG o.s.c.c.CharSequenceEncoder - [7c209b57] Writing "685. foo bar"
16:11:21.255 [XNIO-5 I/O-6] DEBUG o.s.c.c.CharSequenceEncoder - [7c209b57] Writing "686. foo bar"
16:11:21.255 [XNIO-5 I/O-6] DEBUG o.s.c.c.CharSequenceEncoder - [7c209b57] Writing "687. foo bar"
16:11:21.255 [XNIO-5 I/O-6] DEBUG o.s.c.c.CharSequenceEncoder - [7c209b57] Writing "688. foo bar"
16:11:21.255 [XNIO-5 I/O-6] DEBUG o.s.c.c.CharSequenceEncoder - [7c209b57] Writing "689. foo bar"
16:11:21.255 [XNIO-5 I/O-6] DEBUG o.s.c.c.CharSequenceEncoder - [7c209b57] Writing "690. foo bar"
16:11:21.255 [XNIO-5 I/O-6] DEBUG o.s.c.c.CharSequenceEncoder - [7c209b57] Writing "691. foo bar"
16:11:21.255 [XNIO-5 I/O-6] DEBUG o.s.c.c.CharSequenceEncoder - [7c209b57] Writing "692. foo bar"
16:11:21.255 [XNIO-5 I/O-6] DEBUG o.s.c.c.CharSequenceEncoder - [7c209b57] Writing "693. foo bar"
16:11:21.255 [XNIO-5 I/O-6] DEBUG o.s.c.c.CharSequenceEncoder - [7c209b57] Writing "694. foo bar"
16:11:21.255 [XNIO-5 I/O-6] DEBUG o.s.c.c.CharSequenceEncoder - [7c209b57] Writing "695. foo bar"
16:11:21.255 [XNIO-5 I/O-6] DEBUG o.s.c.c.CharSequenceEncoder - [7c209b57] Writing "696. foo bar"
16:11:21.255 [XNIO-5 I/O-6] DEBUG o.s.c.c.CharSequenceEncoder - [7c209b57] Writing "697. foo bar"
16:11:21.256 [XNIO-5 I/O-6] DEBUG o.s.c.c.CharSequenceEncoder - [7c209b57] Writing "698. foo bar"
16:11:21.256 [XNIO-5 I/O-6] DEBUG o.s.c.c.CharSequenceEncoder - [7c209b57] Writing "699. foo bar"
16:11:21.256 [XNIO-5 I/O-6] DEBUG o.s.c.c.CharSequenceEncoder - [7c209b57] Writing "700. foo bar"
16:11:21.256 [XNIO-5 I/O-6] DEBUG o.s.c.c.CharSequenceEncoder - [7c209b57] Writing "701. foo bar"
16:11:21.256 [XNIO-5 I/O-6] DEBUG o.s.c.c.CharSequenceEncoder - [7c209b57] Writing "702. foo bar"
16:11:21.256 [XNIO-5 I/O-6] DEBUG o.s.c.c.CharSequenceEncoder - [7c209b57] Writing "703. foo bar"
16:11:21.256 [XNIO-5 I/O-6] DEBUG o.s.c.c.CharSequenceEncoder - [7c209b57] Writing "704. foo bar"
16:11:21.256 [XNIO-5 I/O-6] DEBUG o.s.c.c.CharSequenceEncoder - [7c209b57] Writing "705. foo bar"
16:11:21.256 [XNIO-5 I/O-6] DEBUG o.s.c.c.CharSequenceEncoder - [7c209b57] Writing "706. foo bar"
16:11:21.256 [XNIO-5 I/O-6] DEBUG o.s.c.c.CharSequenceEncoder - [7c209b57] Writing "707. foo bar"
16:11:21.256 [XNIO-5 I/O-6] DEBUG o.s.c.c.CharSequenceEncoder - [7c209b57] Writing "708. foo bar"
16:11:21.256 [XNIO-5 I/O-6] DEBUG o.s.c.c.CharSequenceEncoder - [7c209b57] Writing "709. foo bar"
16:11:21.256 [XNIO-5 I/O-6] DEBUG o.s.c.c.CharSequenceEncoder - [7c209b57] Writing "710. foo bar"
16:11:21.256 [XNIO-5 I/O-6] DEBUG o.s.c.c.CharSequenceEncoder - [7c209b57] Writing "711. foo bar"
16:11:21.256 [XNIO-5 I/O-6] DEBUG o.s.c.c.CharSequenceEncoder - [7c209b57] Writing "712. foo bar"
16:11:21.257 [XNIO-5 I/O-6] DEBUG o.s.c.c.CharSequenceEncoder - [7c209b57] Writing "713. foo bar"
16:11:21.257 [XNIO-5 I/O-6] DEBUG o.s.c.c.CharSequenceEncoder - [7c209b57] Writing "714. foo bar"
16:11:21.257 [XNIO-5 I/O-6] DEBUG o.s.c.c.CharSequenceEncoder - [7c209b57] Writing "715. foo bar"
16:11:21.257 [XNIO-5 I/O-6] DEBUG o.s.c.c.CharSequenceEncoder - [7c209b57] Writing "716. foo bar"
16:11:21.257 [XNIO-5 I/O-6] DEBUG o.s.c.c.CharSequenceEncoder - [7c209b57] Writing "717. foo bar"
16:11:21.257 [XNIO-5 I/O-6] DEBUG o.s.c.c.CharSequenceEncoder - [7c209b57] Writing "718. foo bar"
16:11:21.257 [XNIO-5 I/O-6] DEBUG o.s.c.c.CharSequenceEncoder - [7c209b57] Writing "719. foo bar"
16:11:21.257 [XNIO-5 I/O-6] DEBUG o.s.c.c.CharSequenceEncoder - [7c209b57] Writing "720. foo bar"
16:11:21.257 [XNIO-5 I/O-6] DEBUG o.s.c.c.CharSequenceEncoder - [7c209b57] Writing "721. foo bar"
16:11:21.257 [XNIO-5 I/O-6] DEBUG o.s.c.c.CharSequenceEncoder - [7c209b57] Writing "722. foo bar"
16:11:21.257 [XNIO-5 I/O-6] DEBUG o.s.c.c.CharSequenceEncoder - [7c209b57] Writing "723. foo bar"
16:11:21.257 [XNIO-5 I/O-6] DEBUG o.s.c.c.CharSequenceEncoder - [7c209b57] Writing "724. foo bar"
16:11:21.257 [XNIO-5 I/O-6] DEBUG o.s.c.c.CharSequenceEncoder - [7c209b57] Writing "725. foo bar"
16:11:21.257 [XNIO-5 I/O-6] DEBUG o.s.c.c.CharSequenceEncoder - [7c209b57] Writing "726. foo bar"
16:11:21.257 [XNIO-5 I/O-6] DEBUG o.s.c.c.CharSequenceEncoder - [7c209b57] Writing "727. foo bar"
16:11:21.258 [XNIO-5 I/O-6] DEBUG o.s.c.c.CharSequenceEncoder - [7c209b57] Writing "728. foo bar"
16:11:21.258 [XNIO-5 I/O-6] DEBUG o.s.c.c.CharSequenceEncoder - [7c209b57] Writing "729. foo bar"
16:11:21.258 [XNIO-5 I/O-6] DEBUG o.s.c.c.CharSequenceEncoder - [7c209b57] Writing "730. foo bar"
16:11:21.258 [XNIO-5 I/O-6] DEBUG o.s.c.c.CharSequenceEncoder - [7c209b57] Writing "731. foo bar"
16:11:21.258 [XNIO-5 I/O-6] DEBUG o.s.c.c.CharSequenceEncoder - [7c209b57] Writing "732. foo bar"
16:11:21.258 [XNIO-5 I/O-6] DEBUG o.s.c.c.CharSequenceEncoder - [7c209b57] Writing "733. foo bar"
16:11:21.258 [XNIO-5 I/O-6] DEBUG o.s.c.c.CharSequenceEncoder - [7c209b57] Writing "734. foo bar"
16:11:21.258 [XNIO-5 I/O-6] DEBUG o.s.c.c.CharSequenceEncoder - [7c209b57] Writing "735. foo bar"
16:11:21.258 [XNIO-5 I/O-6] DEBUG o.s.c.c.CharSequenceEncoder - [7c209b57] Writing "736. foo bar"
16:11:21.258 [XNIO-5 I/O-6] DEBUG o.s.c.c.CharSequenceEncoder - [7c209b57] Writing "737. foo bar"
16:11:21.258 [XNIO-5 I/O-6] DEBUG o.s.c.c.CharSequenceEncoder - [7c209b57] Writing "738. foo bar"
16:11:21.259 [XNIO-5 I/O-6] DEBUG o.s.c.c.CharSequenceEncoder - [7c209b57] Writing "739. foo bar"
16:11:21.259 [XNIO-5 I/O-6] DEBUG o.s.c.c.CharSequenceEncoder - [7c209b57] Writing "740. foo bar"
16:11:21.259 [XNIO-5 I/O-6] DEBUG o.s.c.c.CharSequenceEncoder - [7c209b57] Writing "741. foo bar"
16:11:21.259 [XNIO-5 I/O-6] DEBUG o.s.c.c.CharSequenceEncoder - [7c209b57] Writing "742. foo bar"
16:11:21.259 [XNIO-5 I/O-6] DEBUG o.s.c.c.CharSequenceEncoder - [7c209b57] Writing "743. foo bar"
16:11:21.259 [XNIO-5 I/O-6] DEBUG o.s.c.c.CharSequenceEncoder - [7c209b57] Writing "744. foo bar"
16:11:21.259 [XNIO-5 I/O-6] DEBUG o.s.c.c.CharSequenceEncoder - [7c209b57] Writing "745. foo bar"
16:11:21.259 [XNIO-5 I/O-6] DEBUG o.s.c.c.CharSequenceEncoder - [7c209b57] Writing "746. foo bar"
16:11:21.259 [XNIO-5 I/O-6] DEBUG o.s.c.c.CharSequenceEncoder - [7c209b57] Writing "747. foo bar"
16:11:21.259 [XNIO-5 I/O-6] DEBUG o.s.c.c.CharSequenceEncoder - [7c209b57] Writing "748. foo bar"
16:11:21.259 [XNIO-5 I/O-6] DEBUG o.s.c.c.CharSequenceEncoder - [7c209b57] Writing "749. foo bar"
16:11:21.259 [XNIO-5 I/O-6] DEBUG o.s.c.c.CharSequenceEncoder - [7c209b57] Writing "750. foo bar"
16:11:21.260 [XNIO-5 I/O-6] DEBUG o.s.c.c.CharSequenceEncoder - [7c209b57] Writing "751. foo bar"
16:11:21.260 [XNIO-5 I/O-6] DEBUG o.s.c.c.CharSequenceEncoder - [7c209b57] Writing "752. foo bar"
16:11:21.260 [XNIO-5 I/O-6] DEBUG o.s.c.c.CharSequenceEncoder - [7c209b57] Writing "753. foo bar"
16:11:21.260 [XNIO-5 I/O-6] DEBUG o.s.c.c.CharSequenceEncoder - [7c209b57] Writing "754. foo bar"
16:11:21.260 [XNIO-5 I/O-6] DEBUG o.s.c.c.CharSequenceEncoder - [7c209b57] Writing "755. foo bar"
16:11:21.260 [XNIO-5 I/O-6] DEBUG o.s.c.c.CharSequenceEncoder - [7c209b57] Writing "756. foo bar"
16:11:21.260 [XNIO-5 I/O-6] DEBUG o.s.c.c.CharSequenceEncoder - [7c209b57] Writing "757. foo bar"
16:11:21.260 [XNIO-5 I/O-6] DEBUG o.s.c.c.CharSequenceEncoder - [7c209b57] Writing "758. foo bar"
16:11:21.260 [XNIO-5 I/O-6] DEBUG o.s.c.c.CharSequenceEncoder - [7c209b57] Writing "759. foo bar"
16:11:21.260 [XNIO-5 I/O-6] DEBUG o.s.c.c.CharSequenceEncoder - [7c209b57] Writing "760. foo bar"
16:11:21.260 [XNIO-5 I/O-6] DEBUG o.s.c.c.CharSequenceEncoder - [7c209b57] Writing "761. foo bar"
16:11:21.260 [XNIO-5 I/O-6] DEBUG o.s.c.c.CharSequenceEncoder - [7c209b57] Writing "762. foo bar"
16:11:21.260 [XNIO-5 I/O-6] DEBUG o.s.c.c.CharSequenceEncoder - [7c209b57] Writing "763. foo bar"
16:11:21.260 [XNIO-5 I/O-6] DEBUG o.s.c.c.CharSequenceEncoder - [7c209b57] Writing "764. foo bar"
16:11:21.261 [XNIO-5 I/O-6] DEBUG o.s.c.c.CharSequenceEncoder - [7c209b57] Writing "765. foo bar"
16:11:21.261 [XNIO-5 I/O-6] DEBUG o.s.c.c.CharSequenceEncoder - [7c209b57] Writing "766. foo bar"
16:11:21.261 [XNIO-5 I/O-6] DEBUG o.s.c.c.CharSequenceEncoder - [7c209b57] Writing "767. foo bar"
16:11:21.261 [XNIO-5 I/O-6] DEBUG o.s.c.c.CharSequenceEncoder - [7c209b57] Writing "768. foo bar"
16:11:21.261 [XNIO-5 I/O-6] DEBUG o.s.c.c.CharSequenceEncoder - [7c209b57] Writing "769. foo bar"
16:11:21.261 [XNIO-5 I/O-6] DEBUG o.s.c.c.CharSequenceEncoder - [7c209b57] Writing "770. foo bar"
16:11:21.261 [XNIO-5 I/O-6] DEBUG o.s.c.c.CharSequenceEncoder - [7c209b57] Writing "771. foo bar"
16:11:21.261 [XNIO-5 I/O-6] DEBUG o.s.c.c.CharSequenceEncoder - [7c209b57] Writing "772. foo bar"
16:11:21.261 [XNIO-5 I/O-6] DEBUG o.s.c.c.CharSequenceEncoder - [7c209b57] Writing "773. foo bar"
16:11:21.261 [XNIO-5 I/O-6] DEBUG o.s.c.c.CharSequenceEncoder - [7c209b57] Writing "774. foo bar"
16:11:21.261 [XNIO-5 I/O-6] DEBUG o.s.c.c.CharSequenceEncoder - [7c209b57] Writing "775. foo bar"
16:11:21.261 [XNIO-5 I/O-6] DEBUG o.s.c.c.CharSequenceEncoder - [7c209b57] Writing "776. foo bar"
16:11:21.261 [XNIO-5 I/O-6] DEBUG o.s.c.c.CharSequenceEncoder - [7c209b57] Writing "777. foo bar"
16:11:21.261 [XNIO-5 I/O-6] DEBUG o.s.c.c.CharSequenceEncoder - [7c209b57] Writing "778. foo bar"
16:11:21.261 [XNIO-5 I/O-6] DEBUG o.s.c.c.CharSequenceEncoder - [7c209b57] Writing "779. foo bar"
16:11:21.262 [XNIO-5 I/O-6] DEBUG o.s.c.c.CharSequenceEncoder - [7c209b57] Writing "780. foo bar"
16:11:21.262 [XNIO-5 I/O-6] DEBUG o.s.c.c.CharSequenceEncoder - [7c209b57] Writing "781. foo bar"
16:11:21.262 [XNIO-5 I/O-6] DEBUG o.s.c.c.CharSequenceEncoder - [7c209b57] Writing "782. foo bar"
16:11:21.262 [XNIO-5 I/O-6] DEBUG o.s.c.c.CharSequenceEncoder - [7c209b57] Writing "783. foo bar"
16:11:21.262 [XNIO-5 I/O-6] DEBUG o.s.c.c.CharSequenceEncoder - [7c209b57] Writing "784. foo bar"
16:11:21.262 [XNIO-5 I/O-6] DEBUG o.s.c.c.CharSequenceEncoder - [7c209b57] Writing "785. foo bar"
16:11:21.262 [XNIO-5 I/O-6] DEBUG o.s.c.c.CharSequenceEncoder - [7c209b57] Writing "786. foo bar"
16:11:21.262 [XNIO-5 I/O-6] DEBUG o.s.c.c.CharSequenceEncoder - [7c209b57] Writing "787. foo bar"
16:11:21.262 [XNIO-5 I/O-6] DEBUG o.s.c.c.CharSequenceEncoder - [7c209b57] Writing "788. foo bar"
16:11:21.262 [XNIO-5 I/O-6] DEBUG o.s.c.c.CharSequenceEncoder - [7c209b57] Writing "789. foo bar"
16:11:21.262 [XNIO-5 I/O-6] DEBUG o.s.c.c.CharSequenceEncoder - [7c209b57] Writing "790. foo bar"
16:11:21.262 [XNIO-5 I/O-6] DEBUG o.s.c.c.CharSequenceEncoder - [7c209b57] Writing "791. foo bar"
16:11:21.262 [XNIO-5 I/O-6] DEBUG o.s.c.c.CharSequenceEncoder - [7c209b57] Writing "792. foo bar"
16:11:21.262 [XNIO-5 I/O-6] DEBUG o.s.c.c.CharSequenceEncoder - [7c209b57] Writing "793. foo bar"
16:11:21.263 [XNIO-5 I/O-6] DEBUG o.s.c.c.CharSequenceEncoder - [7c209b57] Writing "794. foo bar"
16:11:21.263 [XNIO-5 I/O-6] DEBUG o.s.c.c.CharSequenceEncoder - [7c209b57] Writing "795. foo bar"
16:11:21.263 [XNIO-5 I/O-6] DEBUG o.s.c.c.CharSequenceEncoder - [7c209b57] Writing "796. foo bar"
16:11:21.263 [XNIO-5 I/O-6] DEBUG o.s.c.c.CharSequenceEncoder - [7c209b57] Writing "797. foo bar"
16:11:21.263 [XNIO-5 I/O-6] DEBUG o.s.c.c.CharSequenceEncoder - [7c209b57] Writing "798. foo bar"
16:11:21.263 [XNIO-5 I/O-6] DEBUG o.s.c.c.CharSequenceEncoder - [7c209b57] Writing "799. foo bar"
16:11:21.263 [XNIO-5 I/O-6] DEBUG o.s.c.c.CharSequenceEncoder - [7c209b57] Writing "800. foo bar"
16:11:21.263 [XNIO-5 I/O-6] DEBUG o.s.c.c.CharSequenceEncoder - [7c209b57] Writing "801. foo bar"
16:11:21.263 [XNIO-5 I/O-6] DEBUG o.s.c.c.CharSequenceEncoder - [7c209b57] Writing "802. foo bar"
16:11:21.263 [XNIO-5 I/O-6] DEBUG o.s.c.c.CharSequenceEncoder - [7c209b57] Writing "803. foo bar"
16:11:21.263 [XNIO-5 I/O-6] DEBUG o.s.c.c.CharSequenceEncoder - [7c209b57] Writing "804. foo bar"
16:11:21.263 [XNIO-5 I/O-6] DEBUG o.s.c.c.CharSequenceEncoder - [7c209b57] Writing "805. foo bar"
16:11:21.263 [XNIO-5 I/O-6] DEBUG o.s.c.c.CharSequenceEncoder - [7c209b57] Writing "806. foo bar"
16:11:21.263 [XNIO-5 I/O-6] DEBUG o.s.c.c.CharSequenceEncoder - [7c209b57] Writing "807. foo bar"
16:11:21.264 [XNIO-5 I/O-6] DEBUG o.s.c.c.CharSequenceEncoder - [7c209b57] Writing "808. foo bar"
16:11:21.264 [XNIO-5 I/O-6] DEBUG o.s.c.c.CharSequenceEncoder - [7c209b57] Writing "809. foo bar"
16:11:21.264 [XNIO-5 I/O-6] DEBUG o.s.c.c.CharSequenceEncoder - [7c209b57] Writing "810. foo bar"
16:11:21.264 [XNIO-5 I/O-6] DEBUG o.s.c.c.CharSequenceEncoder - [7c209b57] Writing "811. foo bar"
16:11:21.264 [XNIO-5 I/O-6] DEBUG o.s.c.c.CharSequenceEncoder - [7c209b57] Writing "812. foo bar"
16:11:21.264 [XNIO-5 I/O-6] DEBUG o.s.c.c.CharSequenceEncoder - [7c209b57] Writing "813. foo bar"
16:11:21.264 [XNIO-5 I/O-6] DEBUG o.s.c.c.CharSequenceEncoder - [7c209b57] Writing "814. foo bar"
16:11:21.264 [XNIO-5 I/O-6] DEBUG o.s.c.c.CharSequenceEncoder - [7c209b57] Writing "815. foo bar"
16:11:21.264 [XNIO-5 I/O-6] DEBUG o.s.c.c.CharSequenceEncoder - [7c209b57] Writing "816. foo bar"
16:11:21.264 [XNIO-5 I/O-6] DEBUG o.s.c.c.CharSequenceEncoder - [7c209b57] Writing "817. foo bar"
16:11:21.264 [XNIO-5 I/O-6] DEBUG o.s.c.c.CharSequenceEncoder - [7c209b57] Writing "818. foo bar"
16:11:21.264 [XNIO-5 I/O-6] DEBUG o.s.c.c.CharSequenceEncoder - [7c209b57] Writing "819. foo bar"
16:11:21.265 [XNIO-5 I/O-6] DEBUG o.s.c.c.CharSequenceEncoder - [7c209b57] Writing "820. foo bar"
16:11:21.265 [XNIO-5 I/O-6] DEBUG o.s.c.c.CharSequenceEncoder - [7c209b57] Writing "821. foo bar"
16:11:21.265 [XNIO-5 I/O-6] DEBUG o.s.c.c.CharSequenceEncoder - [7c209b57] Writing "822. foo bar"
16:11:21.265 [XNIO-5 I/O-6] DEBUG o.s.c.c.CharSequenceEncoder - [7c209b57] Writing "823. foo bar"
16:11:21.265 [XNIO-5 I/O-6] DEBUG o.s.c.c.CharSequenceEncoder - [7c209b57] Writing "824. foo bar"
16:11:21.265 [XNIO-5 I/O-6] DEBUG o.s.c.c.CharSequenceEncoder - [7c209b57] Writing "825. foo bar"
16:11:21.265 [XNIO-5 I/O-6] DEBUG o.s.c.c.CharSequenceEncoder - [7c209b57] Writing "826. foo bar"
16:11:21.265 [XNIO-5 I/O-6] DEBUG o.s.c.c.CharSequenceEncoder - [7c209b57] Writing "827. foo bar"
16:11:21.265 [XNIO-5 I/O-6] DEBUG o.s.c.c.CharSequenceEncoder - [7c209b57] Writing "828. foo bar"
16:11:21.265 [XNIO-5 I/O-6] DEBUG o.s.c.c.CharSequenceEncoder - [7c209b57] Writing "829. foo bar"
16:11:21.265 [XNIO-5 I/O-6] DEBUG o.s.c.c.CharSequenceEncoder - [7c209b57] Writing "830. foo bar"
16:11:21.265 [XNIO-5 I/O-6] DEBUG o.s.c.c.CharSequenceEncoder - [7c209b57] Writing "831. foo bar"
16:11:21.266 [XNIO-5 I/O-6] DEBUG o.s.c.c.CharSequenceEncoder - [7c209b57] Writing "832. foo bar"
16:11:21.266 [XNIO-5 I/O-6] DEBUG o.s.c.c.CharSequenceEncoder - [7c209b57] Writing "833. foo bar"
16:11:21.266 [XNIO-5 I/O-6] DEBUG o.s.c.c.CharSequenceEncoder - [7c209b57] Writing "834. foo bar"
16:11:21.266 [XNIO-5 I/O-6] DEBUG o.s.c.c.CharSequenceEncoder - [7c209b57] Writing "835. foo bar"
16:11:21.266 [XNIO-5 I/O-6] DEBUG o.s.c.c.CharSequenceEncoder - [7c209b57] Writing "836. foo bar"
16:11:21.266 [XNIO-5 I/O-6] DEBUG o.s.c.c.CharSequenceEncoder - [7c209b57] Writing "837. foo bar"
16:11:21.266 [XNIO-5 I/O-6] DEBUG o.s.c.c.CharSequenceEncoder - [7c209b57] Writing "838. foo bar"
16:11:21.267 [XNIO-5 I/O-6] DEBUG o.s.c.c.CharSequenceEncoder - [7c209b57] Writing "839. foo bar"
16:11:21.267 [XNIO-5 I/O-6] DEBUG o.s.c.c.CharSequenceEncoder - [7c209b57] Writing "840. foo bar"
16:11:21.267 [XNIO-5 I/O-6] DEBUG o.s.c.c.CharSequenceEncoder - [7c209b57] Writing "841. foo bar"
16:11:21.267 [XNIO-5 I/O-6] DEBUG o.s.c.c.CharSequenceEncoder - [7c209b57] Writing "842. foo bar"
16:11:21.267 [XNIO-5 I/O-6] DEBUG o.s.c.c.CharSequenceEncoder - [7c209b57] Writing "843. foo bar"
16:11:21.267 [XNIO-5 I/O-6] DEBUG o.s.c.c.CharSequenceEncoder - [7c209b57] Writing "844. foo bar"
16:11:21.267 [XNIO-5 I/O-6] DEBUG o.s.c.c.CharSequenceEncoder - [7c209b57] Writing "845. foo bar"
16:11:21.267 [XNIO-5 I/O-6] DEBUG o.s.c.c.CharSequenceEncoder - [7c209b57] Writing "846. foo bar"
16:11:21.267 [XNIO-5 I/O-6] DEBUG o.s.c.c.CharSequenceEncoder - [7c209b57] Writing "847. foo bar"
16:11:21.267 [XNIO-5 I/O-6] DEBUG o.s.c.c.CharSequenceEncoder - [7c209b57] Writing "848. foo bar"
16:11:21.268 [XNIO-5 I/O-6] DEBUG o.s.c.c.CharSequenceEncoder - [7c209b57] Writing "849. foo bar"
16:11:21.268 [XNIO-5 I/O-6] DEBUG o.s.c.c.CharSequenceEncoder - [7c209b57] Writing "850. foo bar"
16:11:21.268 [XNIO-5 I/O-6] DEBUG o.s.c.c.CharSequenceEncoder - [7c209b57] Writing "851. foo bar"
16:11:21.268 [XNIO-5 I/O-6] DEBUG o.s.c.c.CharSequenceEncoder - [7c209b57] Writing "852. foo bar"
16:11:21.268 [XNIO-5 I/O-6] DEBUG o.s.c.c.CharSequenceEncoder - [7c209b57] Writing "853. foo bar"
16:11:21.268 [XNIO-5 I/O-6] DEBUG o.s.c.c.CharSequenceEncoder - [7c209b57] Writing "854. foo bar"
16:11:21.268 [XNIO-5 I/O-6] DEBUG o.s.c.c.CharSequenceEncoder - [7c209b57] Writing "855. foo bar"
16:11:21.268 [XNIO-5 I/O-6] DEBUG o.s.c.c.CharSequenceEncoder - [7c209b57] Writing "856. foo bar"
16:11:21.268 [XNIO-5 I/O-6] DEBUG o.s.c.c.CharSequenceEncoder - [7c209b57] Writing "857. foo bar"
16:11:21.268 [XNIO-5 I/O-6] DEBUG o.s.c.c.CharSequenceEncoder - [7c209b57] Writing "858. foo bar"
16:11:21.268 [XNIO-5 I/O-6] DEBUG o.s.c.c.CharSequenceEncoder - [7c209b57] Writing "859. foo bar"
16:11:21.269 [XNIO-5 I/O-6] DEBUG o.s.c.c.CharSequenceEncoder - [7c209b57] Writing "860. foo bar"
16:11:21.269 [XNIO-5 I/O-6] DEBUG o.s.c.c.CharSequenceEncoder - [7c209b57] Writing "861. foo bar"
16:11:21.269 [XNIO-5 I/O-6] DEBUG o.s.c.c.CharSequenceEncoder - [7c209b57] Writing "862. foo bar"
16:11:21.269 [XNIO-5 I/O-6] DEBUG o.s.c.c.CharSequenceEncoder - [7c209b57] Writing "863. foo bar"
16:11:21.269 [XNIO-5 I/O-6] DEBUG o.s.c.c.CharSequenceEncoder - [7c209b57] Writing "864. foo bar"
16:11:21.269 [XNIO-5 I/O-6] DEBUG o.s.c.c.CharSequenceEncoder - [7c209b57] Writing "865. foo bar"
16:11:21.269 [XNIO-5 I/O-6] DEBUG o.s.c.c.CharSequenceEncoder - [7c209b57] Writing "866. foo bar"
16:11:21.269 [XNIO-5 I/O-6] DEBUG o.s.c.c.CharSequenceEncoder - [7c209b57] Writing "867. foo bar"
16:11:21.269 [XNIO-5 I/O-6] DEBUG o.s.c.c.CharSequenceEncoder - [7c209b57] Writing "868. foo bar"
16:11:21.269 [XNIO-5 I/O-6] DEBUG o.s.c.c.CharSequenceEncoder - [7c209b57] Writing "869. foo bar"
16:11:21.269 [XNIO-5 I/O-6] DEBUG o.s.c.c.CharSequenceEncoder - [7c209b57] Writing "870. foo bar"
16:11:21.270 [XNIO-5 I/O-6] DEBUG o.s.c.c.CharSequenceEncoder - [7c209b57] Writing "871. foo bar"
16:11:21.270 [XNIO-5 I/O-6] DEBUG o.s.c.c.CharSequenceEncoder - [7c209b57] Writing "872. foo bar"
16:11:21.270 [XNIO-5 I/O-6] DEBUG o.s.c.c.CharSequenceEncoder - [7c209b57] Writing "873. foo bar"
16:11:21.270 [XNIO-5 I/O-6] DEBUG o.s.c.c.CharSequenceEncoder - [7c209b57] Writing "874. foo bar"
16:11:21.270 [XNIO-5 I/O-6] DEBUG o.s.c.c.CharSequenceEncoder - [7c209b57] Writing "875. foo bar"
16:11:21.270 [XNIO-5 I/O-6] DEBUG o.s.c.c.CharSequenceEncoder - [7c209b57] Writing "876. foo bar"
16:11:21.270 [XNIO-5 I/O-6] DEBUG o.s.c.c.CharSequenceEncoder - [7c209b57] Writing "877. foo bar"
16:11:21.270 [XNIO-5 I/O-6] DEBUG o.s.c.c.CharSequenceEncoder - [7c209b57] Writing "878. foo bar"
16:11:21.270 [XNIO-5 I/O-6] DEBUG o.s.c.c.CharSequenceEncoder - [7c209b57] Writing "879. foo bar"
16:11:21.270 [XNIO-5 I/O-6] DEBUG o.s.c.c.CharSequenceEncoder - [7c209b57] Writing "880. foo bar"
16:11:21.270 [XNIO-5 I/O-6] DEBUG o.s.c.c.CharSequenceEncoder - [7c209b57] Writing "881. foo bar"
16:11:21.271 [XNIO-5 I/O-6] DEBUG o.s.c.c.CharSequenceEncoder - [7c209b57] Writing "882. foo bar"
16:11:21.271 [XNIO-5 I/O-6] DEBUG o.s.c.c.CharSequenceEncoder - [7c209b57] Writing "883. foo bar"
16:11:21.271 [XNIO-5 I/O-6] DEBUG o.s.c.c.CharSequenceEncoder - [7c209b57] Writing "884. foo bar"
16:11:21.271 [XNIO-5 I/O-6] DEBUG o.s.c.c.CharSequenceEncoder - [7c209b57] Writing "885. foo bar"
16:11:21.271 [XNIO-5 I/O-6] DEBUG o.s.c.c.CharSequenceEncoder - [7c209b57] Writing "886. foo bar"
16:11:21.271 [XNIO-5 I/O-6] DEBUG o.s.c.c.CharSequenceEncoder - [7c209b57] Writing "887. foo bar"
16:11:21.271 [XNIO-5 I/O-6] DEBUG o.s.c.c.CharSequenceEncoder - [7c209b57] Writing "888. foo bar"
16:11:21.271 [XNIO-5 I/O-6] DEBUG o.s.c.c.CharSequenceEncoder - [7c209b57] Writing "889. foo bar"
16:11:21.271 [XNIO-5 I/O-6] DEBUG o.s.c.c.CharSequenceEncoder - [7c209b57] Writing "890. foo bar"
16:11:21.271 [XNIO-5 I/O-6] DEBUG o.s.c.c.CharSequenceEncoder - [7c209b57] Writing "891. foo bar"
16:11:21.272 [XNIO-5 I/O-6] DEBUG o.s.c.c.CharSequenceEncoder - [7c209b57] Writing "892. foo bar"
16:11:21.272 [XNIO-5 I/O-6] DEBUG o.s.c.c.CharSequenceEncoder - [7c209b57] Writing "893. foo bar"
16:11:21.272 [XNIO-5 I/O-6] DEBUG o.s.c.c.CharSequenceEncoder - [7c209b57] Writing "894. foo bar"
16:11:21.272 [XNIO-5 I/O-6] DEBUG o.s.c.c.CharSequenceEncoder - [7c209b57] Writing "895. foo bar"
16:11:21.272 [XNIO-5 I/O-6] DEBUG o.s.c.c.CharSequenceEncoder - [7c209b57] Writing "896. foo bar"
16:11:21.272 [XNIO-5 I/O-6] DEBUG o.s.c.c.CharSequenceEncoder - [7c209b57] Writing "897. foo bar"
16:11:21.272 [XNIO-5 I/O-6] DEBUG o.s.c.c.CharSequenceEncoder - [7c209b57] Writing "898. foo bar"
16:11:21.272 [XNIO-5 I/O-6] DEBUG o.s.c.c.CharSequenceEncoder - [7c209b57] Writing "899. foo bar"
16:11:21.272 [XNIO-5 I/O-6] DEBUG o.s.c.c.CharSequenceEncoder - [7c209b57] Writing "900. foo bar"
16:11:21.272 [XNIO-5 I/O-6] DEBUG o.s.c.c.CharSequenceEncoder - [7c209b57] Writing "901. foo bar"
16:11:21.272 [XNIO-5 I/O-6] DEBUG o.s.c.c.CharSequenceEncoder - [7c209b57] Writing "902. foo bar"
16:11:21.273 [XNIO-5 I/O-6] DEBUG o.s.c.c.CharSequenceEncoder - [7c209b57] Writing "903. foo bar"
16:11:21.273 [XNIO-5 I/O-6] DEBUG o.s.c.c.CharSequenceEncoder - [7c209b57] Writing "904. foo bar"
16:11:21.273 [XNIO-5 I/O-6] DEBUG o.s.c.c.CharSequenceEncoder - [7c209b57] Writing "905. foo bar"
16:11:21.273 [XNIO-5 I/O-6] DEBUG o.s.c.c.CharSequenceEncoder - [7c209b57] Writing "906. foo bar"
16:11:21.273 [XNIO-5 I/O-6] DEBUG o.s.c.c.CharSequenceEncoder - [7c209b57] Writing "907. foo bar"
16:11:21.273 [XNIO-5 I/O-6] DEBUG o.s.c.c.CharSequenceEncoder - [7c209b57] Writing "908. foo bar"
16:11:21.273 [XNIO-5 I/O-6] DEBUG o.s.c.c.CharSequenceEncoder - [7c209b57] Writing "909. foo bar"
16:11:21.273 [XNIO-5 I/O-6] DEBUG o.s.c.c.CharSequenceEncoder - [7c209b57] Writing "910. foo bar"
16:11:21.273 [XNIO-5 I/O-6] DEBUG o.s.c.c.CharSequenceEncoder - [7c209b57] Writing "911. foo bar"
16:11:21.273 [XNIO-5 I/O-6] DEBUG o.s.c.c.CharSequenceEncoder - [7c209b57] Writing "912. foo bar"
16:11:21.273 [XNIO-5 I/O-6] DEBUG o.s.c.c.CharSequenceEncoder - [7c209b57] Writing "913. foo bar"
16:11:21.273 [XNIO-5 I/O-6] DEBUG o.s.c.c.CharSequenceEncoder - [7c209b57] Writing "914. foo bar"
16:11:21.273 [XNIO-5 I/O-6] DEBUG o.s.c.c.CharSequenceEncoder - [7c209b57] Writing "915. foo bar"
16:11:21.274 [XNIO-5 I/O-6] DEBUG o.s.c.c.CharSequenceEncoder - [7c209b57] Writing "916. foo bar"
16:11:21.274 [XNIO-5 I/O-6] DEBUG o.s.c.c.CharSequenceEncoder - [7c209b57] Writing "917. foo bar"
16:11:21.274 [XNIO-5 I/O-6] DEBUG o.s.c.c.CharSequenceEncoder - [7c209b57] Writing "918. foo bar"
16:11:21.274 [XNIO-5 I/O-6] DEBUG o.s.c.c.CharSequenceEncoder - [7c209b57] Writing "919. foo bar"
16:11:21.274 [XNIO-5 I/O-6] DEBUG o.s.c.c.CharSequenceEncoder - [7c209b57] Writing "920. foo bar"
16:11:21.274 [XNIO-5 I/O-6] DEBUG o.s.c.c.CharSequenceEncoder - [7c209b57] Writing "921. foo bar"
16:11:21.274 [XNIO-5 I/O-6] DEBUG o.s.c.c.CharSequenceEncoder - [7c209b57] Writing "922. foo bar"
16:11:21.274 [XNIO-5 I/O-6] DEBUG o.s.c.c.CharSequenceEncoder - [7c209b57] Writing "923. foo bar"
16:11:21.274 [XNIO-5 I/O-6] DEBUG o.s.c.c.CharSequenceEncoder - [7c209b57] Writing "924. foo bar"
16:11:21.275 [XNIO-5 I/O-6] DEBUG o.s.c.c.CharSequenceEncoder - [7c209b57] Writing "925. foo bar"
16:11:21.275 [XNIO-5 I/O-6] DEBUG o.s.c.c.CharSequenceEncoder - [7c209b57] Writing "926. foo bar"
16:11:21.275 [XNIO-5 I/O-6] DEBUG o.s.c.c.CharSequenceEncoder - [7c209b57] Writing "927. foo bar"
16:11:21.275 [XNIO-5 I/O-6] DEBUG o.s.c.c.CharSequenceEncoder - [7c209b57] Writing "928. foo bar"
16:11:21.275 [XNIO-5 I/O-6] DEBUG o.s.c.c.CharSequenceEncoder - [7c209b57] Writing "929. foo bar"
16:11:21.275 [XNIO-5 I/O-6] DEBUG o.s.c.c.CharSequenceEncoder - [7c209b57] Writing "930. foo bar"
16:11:21.275 [XNIO-5 I/O-6] DEBUG o.s.c.c.CharSequenceEncoder - [7c209b57] Writing "931. foo bar"
16:11:21.275 [XNIO-5 I/O-6] DEBUG o.s.c.c.CharSequenceEncoder - [7c209b57] Writing "932. foo bar"
16:11:21.275 [XNIO-5 I/O-6] DEBUG o.s.c.c.CharSequenceEncoder - [7c209b57] Writing "933. foo bar"
16:11:21.275 [XNIO-5 I/O-6] DEBUG o.s.c.c.CharSequenceEncoder - [7c209b57] Writing "934. foo bar"
16:11:21.275 [XNIO-5 I/O-6] DEBUG o.s.c.c.CharSequenceEncoder - [7c209b57] Writing "935. foo bar"
16:11:21.275 [XNIO-5 I/O-6] DEBUG o.s.c.c.CharSequenceEncoder - [7c209b57] Writing "936. foo bar"
16:11:21.275 [XNIO-5 I/O-6] DEBUG o.s.c.c.CharSequenceEncoder - [7c209b57] Writing "937. foo bar"
16:11:21.275 [XNIO-5 I/O-6] DEBUG o.s.c.c.CharSequenceEncoder - [7c209b57] Writing "938. foo bar"
16:11:21.275 [XNIO-5 I/O-6] DEBUG o.s.c.c.CharSequenceEncoder - [7c209b57] Writing "939. foo bar"
16:11:21.276 [XNIO-5 I/O-6] DEBUG o.s.c.c.CharSequenceEncoder - [7c209b57] Writing "940. foo bar"
16:11:21.276 [XNIO-5 I/O-6] DEBUG o.s.c.c.CharSequenceEncoder - [7c209b57] Writing "941. foo bar"
16:11:21.276 [XNIO-5 I/O-6] DEBUG o.s.c.c.CharSequenceEncoder - [7c209b57] Writing "942. foo bar"
16:11:21.276 [XNIO-5 I/O-6] DEBUG o.s.c.c.CharSequenceEncoder - [7c209b57] Writing "943. foo bar"
16:11:21.276 [XNIO-5 I/O-6] DEBUG o.s.c.c.CharSequenceEncoder - [7c209b57] Writing "944. foo bar"
16:11:21.276 [XNIO-5 I/O-6] DEBUG o.s.c.c.CharSequenceEncoder - [7c209b57] Writing "945. foo bar"
16:11:21.276 [XNIO-5 I/O-6] DEBUG o.s.c.c.CharSequenceEncoder - [7c209b57] Writing "946. foo bar"
16:11:21.276 [XNIO-5 I/O-6] DEBUG o.s.c.c.CharSequenceEncoder - [7c209b57] Writing "947. foo bar"
16:11:21.276 [XNIO-5 I/O-6] DEBUG o.s.c.c.CharSequenceEncoder - [7c209b57] Writing "948. foo bar"
16:11:21.276 [XNIO-5 I/O-6] DEBUG o.s.c.c.CharSequenceEncoder - [7c209b57] Writing "949. foo bar"
16:11:21.276 [XNIO-5 I/O-6] DEBUG o.s.c.c.CharSequenceEncoder - [7c209b57] Writing "950. foo bar"
16:11:21.276 [XNIO-5 I/O-6] DEBUG o.s.c.c.CharSequenceEncoder - [7c209b57] Writing "951. foo bar"
16:11:21.276 [XNIO-5 I/O-6] DEBUG o.s.c.c.CharSequenceEncoder - [7c209b57] Writing "952. foo bar"
16:11:21.277 [XNIO-5 I/O-6] DEBUG o.s.c.c.CharSequenceEncoder - [7c209b57] Writing "953. foo bar"
16:11:21.277 [XNIO-5 I/O-6] DEBUG o.s.c.c.CharSequenceEncoder - [7c209b57] Writing "954. foo bar"
16:11:21.277 [XNIO-5 I/O-6] DEBUG o.s.c.c.CharSequenceEncoder - [7c209b57] Writing "955. foo bar"
16:11:21.277 [XNIO-5 I/O-6] DEBUG o.s.c.c.CharSequenceEncoder - [7c209b57] Writing "956. foo bar"
16:11:21.277 [XNIO-5 I/O-6] DEBUG o.s.c.c.CharSequenceEncoder - [7c209b57] Writing "957. foo bar"
16:11:21.277 [XNIO-5 I/O-6] DEBUG o.s.c.c.CharSequenceEncoder - [7c209b57] Writing "958. foo bar"
16:11:21.277 [XNIO-5 I/O-6] DEBUG o.s.c.c.CharSequenceEncoder - [7c209b57] Writing "959. foo bar"
16:11:21.277 [XNIO-5 I/O-6] DEBUG o.s.c.c.CharSequenceEncoder - [7c209b57] Writing "960. foo bar"
16:11:21.277 [XNIO-5 I/O-6] DEBUG o.s.c.c.CharSequenceEncoder - [7c209b57] Writing "961. foo bar"
16:11:21.277 [XNIO-5 I/O-6] DEBUG o.s.c.c.CharSequenceEncoder - [7c209b57] Writing "962. foo bar"
16:11:21.277 [XNIO-5 I/O-6] DEBUG o.s.c.c.CharSequenceEncoder - [7c209b57] Writing "963. foo bar"
16:11:21.278 [XNIO-5 I/O-6] DEBUG o.s.c.c.CharSequenceEncoder - [7c209b57] Writing "964. foo bar"
16:11:21.278 [XNIO-5 I/O-6] DEBUG o.s.c.c.CharSequenceEncoder - [7c209b57] Writing "965. foo bar"
16:11:21.278 [XNIO-5 I/O-6] DEBUG o.s.c.c.CharSequenceEncoder - [7c209b57] Writing "966. foo bar"
16:11:21.278 [XNIO-5 I/O-6] DEBUG o.s.c.c.CharSequenceEncoder - [7c209b57] Writing "967. foo bar"
16:11:21.278 [XNIO-5 I/O-6] DEBUG o.s.c.c.CharSequenceEncoder - [7c209b57] Writing "968. foo bar"
16:11:21.278 [XNIO-5 I/O-6] DEBUG o.s.c.c.CharSequenceEncoder - [7c209b57] Writing "969. foo bar"
16:11:21.278 [XNIO-5 I/O-6] DEBUG o.s.c.c.CharSequenceEncoder - [7c209b57] Writing "970. foo bar"
16:11:21.278 [XNIO-5 I/O-6] DEBUG o.s.c.c.CharSequenceEncoder - [7c209b57] Writing "971. foo bar"
16:11:21.278 [XNIO-5 I/O-6] DEBUG o.s.c.c.CharSequenceEncoder - [7c209b57] Writing "972. foo bar"
16:11:21.278 [XNIO-5 I/O-6] DEBUG o.s.c.c.CharSequenceEncoder - [7c209b57] Writing "973. foo bar"
16:11:21.278 [XNIO-5 I/O-6] DEBUG o.s.c.c.CharSequenceEncoder - [7c209b57] Writing "974. foo bar"
16:11:21.278 [XNIO-5 I/O-6] DEBUG o.s.c.c.CharSequenceEncoder - [7c209b57] Writing "975. foo bar"
16:11:21.278 [XNIO-5 I/O-6] DEBUG o.s.c.c.CharSequenceEncoder - [7c209b57] Writing "976. foo bar"
16:11:21.278 [XNIO-5 I/O-6] DEBUG o.s.c.c.CharSequenceEncoder - [7c209b57] Writing "977. foo bar"
16:11:21.278 [XNIO-5 I/O-6] DEBUG o.s.c.c.CharSequenceEncoder - [7c209b57] Writing "978. foo bar"
16:11:21.279 [XNIO-5 I/O-6] DEBUG o.s.c.c.CharSequenceEncoder - [7c209b57] Writing "979. foo bar"
16:11:21.279 [XNIO-5 I/O-6] DEBUG o.s.c.c.CharSequenceEncoder - [7c209b57] Writing "980. foo bar"
16:11:21.279 [XNIO-5 I/O-6] DEBUG o.s.c.c.CharSequenceEncoder - [7c209b57] Writing "981. foo bar"
16:11:21.279 [XNIO-5 I/O-6] DEBUG o.s.c.c.CharSequenceEncoder - [7c209b57] Writing "982. foo bar"
16:11:21.279 [XNIO-5 I/O-6] DEBUG o.s.c.c.CharSequenceEncoder - [7c209b57] Writing "983. foo bar"
16:11:21.279 [XNIO-5 I/O-6] DEBUG o.s.c.c.CharSequenceEncoder - [7c209b57] Writing "984. foo bar"
16:11:21.279 [XNIO-5 I/O-6] DEBUG o.s.c.c.CharSequenceEncoder - [7c209b57] Writing "985. foo bar"
16:11:21.279 [XNIO-5 I/O-6] DEBUG o.s.c.c.CharSequenceEncoder - [7c209b57] Writing "986. foo bar"
16:11:21.279 [XNIO-5 I/O-6] DEBUG o.s.c.c.CharSequenceEncoder - [7c209b57] Writing "987. foo bar"
16:11:21.279 [XNIO-5 I/O-6] DEBUG o.s.c.c.CharSequenceEncoder - [7c209b57] Writing "988. foo bar"
16:11:21.279 [XNIO-5 I/O-6] DEBUG o.s.c.c.CharSequenceEncoder - [7c209b57] Writing "989. foo bar"
16:11:21.279 [XNIO-5 I/O-6] DEBUG o.s.c.c.CharSequenceEncoder - [7c209b57] Writing "990. foo bar"
16:11:21.279 [XNIO-5 I/O-6] DEBUG o.s.c.c.CharSequenceEncoder - [7c209b57] Writing "991. foo bar"
16:11:21.279 [XNIO-5 I/O-6] DEBUG o.s.c.c.CharSequenceEncoder - [7c209b57] Writing "992. foo bar"
16:11:21.279 [XNIO-5 I/O-6] DEBUG o.s.c.c.CharSequenceEncoder - [7c209b57] Writing "993. foo bar"
16:11:21.279 [XNIO-5 I/O-6] DEBUG o.s.c.c.CharSequenceEncoder - [7c209b57] Writing "994. foo bar"
16:11:21.280 [XNIO-5 I/O-6] DEBUG o.s.c.c.CharSequenceEncoder - [7c209b57] Writing "995. foo bar"
16:11:21.280 [XNIO-5 I/O-6] DEBUG o.s.c.c.CharSequenceEncoder - [7c209b57] Writing "996. foo bar"
16:11:21.280 [XNIO-5 I/O-6] DEBUG o.s.c.c.CharSequenceEncoder - [7c209b57] Writing "997. foo bar"
16:11:21.280 [XNIO-5 I/O-6] DEBUG o.s.c.c.CharSequenceEncoder - [7c209b57] Writing "998. foo bar"
16:11:21.280 [XNIO-5 I/O-6] DEBUG o.s.c.c.CharSequenceEncoder - [7c209b57] Writing "999. foo bar"
16:11:21.281 [XNIO-5 I/O-6] ERROR o.s.w.s.a.HttpWebHandlerAdapter - [7c209b57] Error [java.lang.RuntimeException: Random error] for HTTP GET "/SPR-16051", but ServerHttpResponse already committed (200 OK)
16:11:21.281 [XNIO-5 I/O-6] DEBUG o.s.h.s.r.UndertowHttpHandlerAdapter - [7c209b57] Closing connection
16:11:21.295 [Test worker] DEBUG o.s.w.t.h.s.r.b.UndertowHttpServer - Stopping UndertowHttpServer...
16:11:21.295 [Test worker] INFO  i.undertow - stopping server: Undertow - 2.0.32.Final
16:11:21.297 [Test worker] DEBUG o.s.w.t.h.s.r.b.UndertowHttpServer - Server stopped (0 millis).
16:11:21.488 [Test worker] DEBUG o.s.w.r.r.m.a.RequestMappingHandlerMapping - 6 mappings in 'requestMappingHandlerMapping'
16:11:21.582 [Test worker] DEBUG o.s.w.r.r.m.a.ControllerMethodResolver - ControllerAdvice beans: none
16:11:21.652 [Test worker] DEBUG o.s.w.s.a.HttpWebHandlerAdapter - enableLoggingRequestDetails='false': form data and headers will be masked to prevent unsafe logging of potentially sensitive data
16:11:21.652 [Test worker] WARN  o.e.j.s.h.ContextHandler - Empty contextPath
16:11:21.662 [Test worker] INFO  o.e.j.s.h.ContextHandler - Started o.e.j.s.ServletContextHandler@666ea686{/,null,AVAILABLE}
16:11:21.662 [Test worker] DEBUG o.s.w.t.h.s.r.b.JettyHttpServer - Starting JettyHttpServer...
16:11:21.662 [Test worker] INFO  o.e.j.s.Server - jetty-9.4.31.v20200723; built: 2020-07-23T17:57:36.812Z; git: 450ba27947e13e66baa8cd1ce7e85a4461cacc1d; jvm 1.8.0_201-b09
16:11:21.675 [Test worker] INFO  o.e.j.s.AbstractConnector - Started ServerConnector@1afdce4b{HTTP/1.1, (http/1.1)}{0.0.0.0:54801}
16:11:21.675 [Test worker] INFO  o.e.j.s.Server - Started @49566ms
16:11:21.675 [Test worker] DEBUG o.s.w.t.h.s.r.b.JettyHttpServer - Server started on port 54801(0 millis).
16:11:21.675 [Test worker] DEBUG o.s.w.c.RestTemplate - HTTP GET http://localhost:54801/thrown-exception-with-cause
16:11:21.676 [Test worker] DEBUG o.s.w.c.RestTemplate - Accept=[text/plain, application/json, application/x-jackson-smile, application/*+json, */*]
16:11:21.678 [qtp387722783-228] DEBUG o.s.w.s.a.HttpWebHandlerAdapter - [6e78aaa7] HTTP GET "/thrown-exception-with-cause"
16:11:21.679 [qtp387722783-228] DEBUG o.s.w.r.r.m.a.RequestMappingHandlerMapping - [6e78aaa7] Mapped to org.springframework.web.reactive.result.method.annotation.RequestMappingExceptionHandlingIntegrationTests$TestController#handleAndThrowExceptionWithCause()
16:11:21.680 [qtp387722783-228] DEBUG o.s.w.r.r.m.a.RequestMappingHandlerAdapter - [6e78aaa7] Using @ExceptionHandler org.springframework.web.reactive.result.method.annotation.RequestMappingExceptionHandlingIntegrationTests$TestController#handleStateException(IllegalStateException)
16:11:21.681 [qtp387722783-228] DEBUG o.s.w.r.r.m.a.ResponseEntityResultHandler - Using 'text/plain;charset=UTF-8' given [text/plain, application/json, application/x-jackson-smile, application/*+json, */*] and supported [text/plain;charset=UTF-8, text/event-stream, text/plain;charset=UTF-8, */*]
16:11:21.681 [qtp387722783-228] DEBUG o.s.w.r.r.m.a.ResponseEntityResultHandler - [6e78aaa7] 0..1 [java.lang.String]
16:11:21.681 [qtp387722783-228] DEBUG o.s.c.c.CharSequenceEncoder - [6e78aaa7] Writing "Recovered from error: State"
16:11:21.682 [Test worker] DEBUG o.s.w.c.RestTemplate - Response 200 OK
16:11:21.682 [qtp387722783-228] DEBUG o.s.w.s.a.HttpWebHandlerAdapter - [6e78aaa7] Completed 200 OK
16:11:21.683 [Test worker] DEBUG o.s.w.c.RestTemplate - Reading to [java.lang.String] as "text/plain;charset=utf-8"
16:11:21.683 [Test worker] DEBUG o.s.w.t.h.s.r.b.JettyHttpServer - Stopping JettyHttpServer...
16:11:21.683 [Test worker] INFO  o.e.j.s.h.ContextHandler - Stopped o.e.j.s.ServletContextHandler@666ea686{/,null,UNAVAILABLE}
16:11:21.686 [Test worker] INFO  o.e.j.s.AbstractConnector - Stopped ServerConnector@1afdce4b{HTTP/1.1, (http/1.1)}{0.0.0.0:0}
16:11:21.697 [Test worker] DEBUG o.s.w.t.h.s.r.b.JettyHttpServer - Server stopped (0 millis).
16:11:21.871 [Test worker] DEBUG o.s.w.r.r.m.a.RequestMappingHandlerMapping - 6 mappings in 'requestMappingHandlerMapping'
16:11:21.964 [Test worker] DEBUG o.s.w.r.r.m.a.ControllerMethodResolver - ControllerAdvice beans: none
16:11:22.050 [Test worker] DEBUG o.s.w.s.a.HttpWebHandlerAdapter - enableLoggingRequestDetails='false': form data and headers will be masked to prevent unsafe logging of potentially sensitive data
16:11:22.050 [Test worker] DEBUG o.s.w.t.h.s.r.b.ReactorHttpServer - Starting ReactorHttpServer...
16:11:22.057 [Test worker] DEBUG o.s.w.t.h.s.r.b.ReactorHttpServer - Server started on port 54806(0 millis).
16:11:22.057 [Test worker] DEBUG o.s.w.c.RestTemplate - HTTP GET http://localhost:54806/thrown-exception-with-cause
16:11:22.057 [Test worker] DEBUG o.s.w.c.RestTemplate - Accept=[text/plain, application/json, application/x-jackson-smile, application/*+json, */*]
16:11:22.062 [reactor-http-nio-12] DEBUG o.s.w.s.a.HttpWebHandlerAdapter - [ba49fce3-6] HTTP GET "/thrown-exception-with-cause"
16:11:22.063 [reactor-http-nio-12] DEBUG o.s.w.r.r.m.a.RequestMappingHandlerMapping - [ba49fce3-6] Mapped to org.springframework.web.reactive.result.method.annotation.RequestMappingExceptionHandlingIntegrationTests$TestController#handleAndThrowExceptionWithCause()
16:11:22.064 [reactor-http-nio-12] DEBUG o.s.w.r.r.m.a.RequestMappingHandlerAdapter - [ba49fce3-6] Using @ExceptionHandler org.springframework.web.reactive.result.method.annotation.RequestMappingExceptionHandlingIntegrationTests$TestController#handleStateException(IllegalStateException)
16:11:22.065 [reactor-http-nio-12] DEBUG o.s.w.r.r.m.a.ResponseEntityResultHandler - Using 'text/plain;charset=UTF-8' given [text/plain, application/json, application/x-jackson-smile, application/*+json, */*] and supported [text/plain;charset=UTF-8, text/event-stream, text/plain;charset=UTF-8, */*]
16:11:22.065 [reactor-http-nio-12] DEBUG o.s.w.r.r.m.a.ResponseEntityResultHandler - [ba49fce3-6] 0..1 [java.lang.String]
16:11:22.065 [reactor-http-nio-12] DEBUG o.s.c.c.CharSequenceEncoder - [ba49fce3-6] Writing "Recovered from error: State"
16:11:22.068 [reactor-http-nio-12] DEBUG o.s.w.s.a.HttpWebHandlerAdapter - [ba49fce3-6] Completed 200 OK
16:11:22.069 [Test worker] DEBUG o.s.w.c.RestTemplate - Response 200 OK
16:11:22.069 [Test worker] DEBUG o.s.w.c.RestTemplate - Reading to [java.lang.String] as "text/plain;charset=UTF-8"
16:11:22.069 [Test worker] DEBUG o.s.w.t.h.s.r.b.ReactorHttpServer - Stopping ReactorHttpServer...
16:11:22.070 [Test worker] DEBUG o.s.w.t.h.s.r.b.ReactorHttpServer - Server stopped (0 millis).
16:11:22.276 [Test worker] DEBUG o.s.w.r.r.m.a.RequestMappingHandlerMapping - 6 mappings in 'requestMappingHandlerMapping'
16:11:22.357 [Test worker] DEBUG o.s.w.r.r.m.a.ControllerMethodResolver - ControllerAdvice beans: none
16:11:22.441 [Test worker] DEBUG o.s.w.s.a.HttpWebHandlerAdapter - enableLoggingRequestDetails='false': form data and headers will be masked to prevent unsafe logging of potentially sensitive data
16:11:22.441 [Test worker] DEBUG o.s.w.t.h.s.r.b.TomcatHttpServer - Starting TomcatHttpServer...
16:11:22.476 [Test worker] DEBUG o.s.w.t.h.s.r.b.TomcatHttpServer - Server started on port 54810(0 millis).
16:11:22.476 [Test worker] DEBUG o.s.w.c.RestTemplate - HTTP GET http://localhost:54810/thrown-exception-with-cause
16:11:22.476 [Test worker] DEBUG o.s.w.c.RestTemplate - Accept=[text/plain, application/json, application/x-jackson-smile, application/*+json, */*]
16:11:22.481 [http-nio-auto-6-exec-1] DEBUG o.s.w.s.a.HttpWebHandlerAdapter - [11d9bc13] HTTP GET "/thrown-exception-with-cause"
16:11:22.481 [http-nio-auto-6-exec-1] DEBUG o.s.w.r.r.m.a.RequestMappingHandlerMapping - [11d9bc13] Mapped to org.springframework.web.reactive.result.method.annotation.RequestMappingExceptionHandlingIntegrationTests$TestController#handleAndThrowExceptionWithCause()
16:11:22.483 [http-nio-auto-6-exec-1] DEBUG o.s.w.r.r.m.a.RequestMappingHandlerAdapter - [11d9bc13] Using @ExceptionHandler org.springframework.web.reactive.result.method.annotation.RequestMappingExceptionHandlingIntegrationTests$TestController#handleStateException(IllegalStateException)
16:11:22.484 [http-nio-auto-6-exec-1] DEBUG o.s.w.r.r.m.a.ResponseEntityResultHandler - Using 'text/plain;charset=UTF-8' given [text/plain, application/json, application/x-jackson-smile, application/*+json, */*] and supported [text/plain;charset=UTF-8, text/event-stream, text/plain;charset=UTF-8, */*]
16:11:22.484 [http-nio-auto-6-exec-1] DEBUG o.s.w.r.r.m.a.ResponseEntityResultHandler - [11d9bc13] 0..1 [java.lang.String]
16:11:22.484 [http-nio-auto-6-exec-1] DEBUG o.s.c.c.CharSequenceEncoder - [11d9bc13] Writing "Recovered from error: State"
16:11:22.485 [http-nio-auto-6-exec-1] DEBUG o.s.w.s.a.HttpWebHandlerAdapter - [11d9bc13] Completed 200 OK
16:11:22.485 [Test worker] DEBUG o.s.w.c.RestTemplate - Response 200 OK
16:11:22.486 [Test worker] DEBUG o.s.w.c.RestTemplate - Reading to [java.lang.String] as "text/plain;charset=UTF-8"
16:11:22.486 [Test worker] DEBUG o.s.w.t.h.s.r.b.TomcatHttpServer - Stopping TomcatHttpServer...
16:11:22.503 [Test worker] DEBUG o.s.w.t.h.s.r.b.TomcatHttpServer - Server stopped (0 millis).
16:11:22.710 [Test worker] DEBUG o.s.w.r.r.m.a.RequestMappingHandlerMapping - 6 mappings in 'requestMappingHandlerMapping'
16:11:22.806 [Test worker] DEBUG o.s.w.r.r.m.a.ControllerMethodResolver - ControllerAdvice beans: none
16:11:22.868 [Test worker] DEBUG o.s.w.s.a.HttpWebHandlerAdapter - enableLoggingRequestDetails='false': form data and headers will be masked to prevent unsafe logging of potentially sensitive data
16:11:22.893 [Test worker] DEBUG o.s.w.t.h.s.r.b.UndertowHttpServer - Starting UndertowHttpServer...
16:11:22.893 [Test worker] INFO  i.undertow - starting server: Undertow - 2.0.32.Final
16:11:22.910 [Test worker] DEBUG o.s.w.t.h.s.r.b.UndertowHttpServer - Server started on port 54817(0 millis).
16:11:22.910 [Test worker] DEBUG o.s.w.c.RestTemplate - HTTP GET http://localhost:54817/thrown-exception-with-cause
16:11:22.910 [Test worker] DEBUG o.s.w.c.RestTemplate - Accept=[text/plain, application/json, application/x-jackson-smile, application/*+json, */*]
16:11:22.912 [XNIO-6 I/O-6] DEBUG o.s.w.s.a.HttpWebHandlerAdapter - [109644fc] HTTP GET "/thrown-exception-with-cause"
16:11:22.913 [XNIO-6 I/O-6] DEBUG o.s.w.r.r.m.a.RequestMappingHandlerMapping - [109644fc] Mapped to org.springframework.web.reactive.result.method.annotation.RequestMappingExceptionHandlingIntegrationTests$TestController#handleAndThrowExceptionWithCause()
16:11:22.914 [XNIO-6 I/O-6] DEBUG o.s.w.r.r.m.a.RequestMappingHandlerAdapter - [109644fc] Using @ExceptionHandler org.springframework.web.reactive.result.method.annotation.RequestMappingExceptionHandlingIntegrationTests$TestController#handleStateException(IllegalStateException)
16:11:22.915 [XNIO-6 I/O-6] DEBUG o.s.w.r.r.m.a.ResponseEntityResultHandler - Using 'text/plain;charset=UTF-8' given [text/plain, application/json, application/x-jackson-smile, application/*+json, */*] and supported [text/plain;charset=UTF-8, text/event-stream, text/plain;charset=UTF-8, */*]
16:11:22.915 [XNIO-6 I/O-6] DEBUG o.s.w.r.r.m.a.ResponseEntityResultHandler - [109644fc] 0..1 [java.lang.String]
16:11:22.915 [XNIO-6 I/O-6] DEBUG o.s.c.c.CharSequenceEncoder - [109644fc] Writing "Recovered from error: State"
16:11:22.916 [XNIO-6 I/O-6] DEBUG o.s.w.s.a.HttpWebHandlerAdapter - [109644fc] Completed 200 OK
16:11:22.916 [Test worker] DEBUG o.s.w.c.RestTemplate - Response 200 OK
16:11:22.916 [Test worker] DEBUG o.s.w.c.RestTemplate - Reading to [java.lang.String] as "text/plain;charset=UTF-8"
16:11:22.916 [Test worker] DEBUG o.s.w.t.h.s.r.b.UndertowHttpServer - Stopping UndertowHttpServer...
16:11:22.917 [Test worker] INFO  i.undertow - stopping server: Undertow - 2.0.32.Final
16:11:22.918 [Test worker] DEBUG o.s.w.t.h.s.r.b.UndertowHttpServer - Server stopped (0 millis).
]]></system-out>
  <system-err><![CDATA[]]></system-err>
</testsuite>
