<?xml version="1.0" encoding="UTF-8"?>
<testsuite name="org.springframework.web.reactive.function.server.ResourceHandlerFunctionTests" tests="3" skipped="0" failures="0" errors="0" timestamp="2021-06-20T08:12:48" hostname="gankangdembp" time="0.546">
  <properties/>
  <testcase name="options()" classname="org.springframework.web.reactive.function.server.ResourceHandlerFunctionTests" time="0.095"/>
  <testcase name="get()" classname="org.springframework.web.reactive.function.server.ResourceHandlerFunctionTests" time="0.096"/>
  <testcase name="head()" classname="org.springframework.web.reactive.function.server.ResourceHandlerFunctionTests" time="0.354"/>
  <system-out><![CDATA[16:12:48.356 [Test worker] DEBUG o.s.h.c.ResourceHttpMessageWriter - [3da87e4f] Resource associated with 'text/plain'
16:12:48.357 [Test worker] DEBUG o.s.c.c.ResourceEncoder - [3da87e4f] Writing [class path resource [org/springframework/web/reactive/function/server/response.txt]]
16:12:48.713 [Test worker] DEBUG o.s.h.c.ResourceHttpMessageWriter - [30b3dfc4] Resource associated with 'text/plain'
16:12:48.713 [Test worker] DEBUG o.s.c.c.ResourceEncoder - [30b3dfc4] Writing [org.springframework.web.reactive.function.server.ResourceHandlerFunction$HeadMethodResource@679f0517]
]]></system-out>
  <system-err><![CDATA[]]></system-err>
</testsuite>
