<?xml version="1.0" encoding="UTF-8"?>
<testsuite name="org.springframework.web.reactive.result.method.annotation.ProtobufIntegrationTests" tests="20" skipped="0" failures="0" errors="0" timestamp="2021-06-20T08:11:23" hostname="gankangdembp" time="10.284">
  <properties/>
  <testcase name="defaultInstance(HttpServer)[1]" classname="org.springframework.web.reactive.result.method.annotation.ProtobufIntegrationTests" time="1.549"/>
  <testcase name="defaultInstance(HttpServer)[2]" classname="org.springframework.web.reactive.result.method.annotation.ProtobufIntegrationTests" time="0.386"/>
  <testcase name="defaultInstance(HttpServer)[3]" classname="org.springframework.web.reactive.result.method.annotation.ProtobufIntegrationTests" time="0.427"/>
  <testcase name="defaultInstance(HttpServer)[4]" classname="org.springframework.web.reactive.result.method.annotation.ProtobufIntegrationTests" time="0.407"/>
  <testcase name="values(HttpServer)[1]" classname="org.springframework.web.reactive.result.method.annotation.ProtobufIntegrationTests" time="0.512"/>
  <testcase name="values(HttpServer)[2]" classname="org.springframework.web.reactive.result.method.annotation.ProtobufIntegrationTests" time="0.329"/>
  <testcase name="values(HttpServer)[3]" classname="org.springframework.web.reactive.result.method.annotation.ProtobufIntegrationTests" time="0.362"/>
  <testcase name="values(HttpServer)[4]" classname="org.springframework.web.reactive.result.method.annotation.ProtobufIntegrationTests" time="0.365"/>
  <testcase name="streaming(HttpServer)[1]" classname="org.springframework.web.reactive.result.method.annotation.ProtobufIntegrationTests" time="0.478"/>
  <testcase name="streaming(HttpServer)[2]" classname="org.springframework.web.reactive.result.method.annotation.ProtobufIntegrationTests" time="0.445"/>
  <testcase name="streaming(HttpServer)[3]" classname="org.springframework.web.reactive.result.method.annotation.ProtobufIntegrationTests" time="0.638"/>
  <testcase name="streaming(HttpServer)[4]" classname="org.springframework.web.reactive.result.method.annotation.ProtobufIntegrationTests" time="0.369"/>
  <testcase name="empty(HttpServer)[1]" classname="org.springframework.web.reactive.result.method.annotation.ProtobufIntegrationTests" time="0.369"/>
  <testcase name="empty(HttpServer)[2]" classname="org.springframework.web.reactive.result.method.annotation.ProtobufIntegrationTests" time="0.357"/>
  <testcase name="empty(HttpServer)[3]" classname="org.springframework.web.reactive.result.method.annotation.ProtobufIntegrationTests" time="0.379"/>
  <testcase name="empty(HttpServer)[4]" classname="org.springframework.web.reactive.result.method.annotation.ProtobufIntegrationTests" time="0.49"/>
  <testcase name="value(HttpServer)[1]" classname="org.springframework.web.reactive.result.method.annotation.ProtobufIntegrationTests" time="0.425"/>
  <testcase name="value(HttpServer)[2]" classname="org.springframework.web.reactive.result.method.annotation.ProtobufIntegrationTests" time="0.389"/>
  <testcase name="value(HttpServer)[3]" classname="org.springframework.web.reactive.result.method.annotation.ProtobufIntegrationTests" time="0.452"/>
  <testcase name="value(HttpServer)[4]" classname="org.springframework.web.reactive.result.method.annotation.ProtobufIntegrationTests" time="0.466"/>
  <system-out><![CDATA[16:11:23.179 [Test worker] DEBUG o.s.w.r.r.m.a.RequestMappingHandlerMapping - 5 mappings in 'requestMappingHandlerMapping'
16:11:23.270 [Test worker] DEBUG o.s.w.r.r.m.a.ControllerMethodResolver - ControllerAdvice beans: none
16:11:23.334 [Test worker] DEBUG o.s.w.s.a.HttpWebHandlerAdapter - enableLoggingRequestDetails='false': form data and headers will be masked to prevent unsafe logging of potentially sensitive data
16:11:23.334 [Test worker] WARN  o.e.j.s.h.ContextHandler - Empty contextPath
16:11:23.335 [Test worker] INFO  o.e.j.s.h.ContextHandler - Started o.e.j.s.ServletContextHandler@2f3147fe{/,null,AVAILABLE}
16:11:23.335 [Test worker] DEBUG o.s.w.t.h.s.r.b.JettyHttpServer - Starting JettyHttpServer...
16:11:23.335 [Test worker] INFO  o.e.j.s.Server - jetty-9.4.31.v20200723; built: 2020-07-23T17:57:36.812Z; git: 450ba27947e13e66baa8cd1ce7e85a4461cacc1d; jvm 1.8.0_201-b09
16:11:23.344 [Test worker] INFO  o.e.j.s.AbstractConnector - Started ServerConnector@2ba9504{HTTP/1.1, (http/1.1)}{0.0.0.0:54821}
16:11:23.344 [Test worker] INFO  o.e.j.s.Server - Started @51235ms
16:11:23.344 [Test worker] DEBUG o.s.w.t.h.s.r.b.JettyHttpServer - Server started on port 54821(0 millis).
16:11:23.787 [Test worker] DEBUG o.s.w.r.f.c.ExchangeFunctions - [6035c1ef] HTTP GET http://localhost:54821/default-instance
16:11:23.942 [qtp1689270182-268] DEBUG o.s.w.s.a.HttpWebHandlerAdapter - [7943a701] HTTP GET "/default-instance"
16:11:23.944 [qtp1689270182-268] DEBUG o.s.w.r.r.m.a.RequestMappingHandlerMapping - [7943a701] Mapped to org.springframework.web.reactive.result.method.annotation.ProtobufIntegrationTests$ProtobufController#defaultInstance()
16:11:24.294 [qtp1689270182-268] DEBUG o.s.w.r.r.m.a.ResponseBodyResultHandler - Using 'application/x-protobuf' given [*/*] and supported [application/x-protobuf, application/octet-stream, application/json, application/*+json, application/x-jackson-smile, application/*+x-jackson-smile, text/event-stream]
16:11:24.294 [qtp1689270182-268] DEBUG o.s.w.r.r.m.a.ResponseBodyResultHandler - [7943a701] 0..1 [org.springframework.web.reactive.protobuf.Msg]
16:11:24.536 [qtp1689270182-268] DEBUG o.s.w.s.a.HttpWebHandlerAdapter - [7943a701] Completed 200 OK
16:11:24.565 [reactor-http-nio-1] DEBUG o.s.w.r.f.c.ExchangeFunctions - [6035c1ef] Response 200 OK
16:11:24.588 [Test worker] DEBUG o.s.w.t.h.s.r.b.JettyHttpServer - Stopping JettyHttpServer...
16:11:24.589 [Test worker] INFO  o.e.j.s.h.ContextHandler - Stopped o.e.j.s.ServletContextHandler@2f3147fe{/,null,UNAVAILABLE}
16:11:24.599 [Test worker] INFO  o.e.j.s.AbstractConnector - Stopped ServerConnector@2ba9504{HTTP/1.1, (http/1.1)}{0.0.0.0:0}
16:11:24.610 [Test worker] DEBUG o.s.w.t.h.s.r.b.JettyHttpServer - Server stopped (0 millis).
16:11:24.761 [Test worker] DEBUG o.s.w.r.r.m.a.RequestMappingHandlerMapping - 5 mappings in 'requestMappingHandlerMapping'
16:11:24.851 [Test worker] DEBUG o.s.w.r.r.m.a.ControllerMethodResolver - ControllerAdvice beans: none
16:11:24.925 [Test worker] DEBUG o.s.w.s.a.HttpWebHandlerAdapter - enableLoggingRequestDetails='false': form data and headers will be masked to prevent unsafe logging of potentially sensitive data
16:11:24.925 [Test worker] DEBUG o.s.w.t.h.s.r.b.ReactorHttpServer - Starting ReactorHttpServer...
16:11:24.928 [Test worker] DEBUG o.s.w.t.h.s.r.b.ReactorHttpServer - Server started on port 54838(0 millis).
16:11:24.929 [Test worker] DEBUG o.s.w.r.f.c.ExchangeFunctions - [4f36ebd] HTTP GET http://localhost:54838/default-instance
16:11:24.937 [reactor-http-nio-4] DEBUG o.s.w.s.a.HttpWebHandlerAdapter - [ca9fd43e-7] HTTP GET "/default-instance"
16:11:24.937 [reactor-http-nio-4] DEBUG o.s.w.r.r.m.a.RequestMappingHandlerMapping - [ca9fd43e-7] Mapped to org.springframework.web.reactive.result.method.annotation.ProtobufIntegrationTests$ProtobufController#defaultInstance()
16:11:24.982 [reactor-http-nio-4] DEBUG o.s.w.r.r.m.a.ResponseBodyResultHandler - Using 'application/x-protobuf' given [*/*] and supported [application/x-protobuf, application/octet-stream, application/json, application/*+json, application/x-jackson-smile, application/*+x-jackson-smile, text/event-stream]
16:11:24.982 [reactor-http-nio-4] DEBUG o.s.w.r.r.m.a.ResponseBodyResultHandler - [ca9fd43e-7] 0..1 [org.springframework.web.reactive.protobuf.Msg]
16:11:25.019 [reactor-http-nio-4] DEBUG o.s.w.s.a.HttpWebHandlerAdapter - [ca9fd43e-7] Completed 200 OK
16:11:25.020 [reactor-http-nio-3] DEBUG o.s.w.r.f.c.ExchangeFunctions - [4f36ebd] Response 200 OK
16:11:25.021 [Test worker] DEBUG o.s.w.t.h.s.r.b.ReactorHttpServer - Stopping ReactorHttpServer...
16:11:25.025 [Test worker] DEBUG o.s.w.t.h.s.r.b.ReactorHttpServer - Server stopped (0 millis).
16:11:25.174 [Test worker] DEBUG o.s.w.r.r.m.a.RequestMappingHandlerMapping - 5 mappings in 'requestMappingHandlerMapping'
16:11:25.238 [Test worker] DEBUG o.s.w.r.r.m.a.ControllerMethodResolver - ControllerAdvice beans: none
16:11:25.322 [Test worker] DEBUG o.s.w.s.a.HttpWebHandlerAdapter - enableLoggingRequestDetails='false': form data and headers will be masked to prevent unsafe logging of potentially sensitive data
16:11:25.323 [Test worker] DEBUG o.s.w.t.h.s.r.b.TomcatHttpServer - Starting TomcatHttpServer...
16:11:25.336 [Test worker] DEBUG o.s.w.t.h.s.r.b.TomcatHttpServer - Server started on port 54846(0 millis).
16:11:25.337 [Test worker] DEBUG o.s.w.r.f.c.ExchangeFunctions - [55fcfb5d] HTTP GET http://localhost:54846/default-instance
16:11:25.346 [http-nio-auto-7-exec-1] DEBUG o.s.w.s.a.HttpWebHandlerAdapter - [3785848d] HTTP GET "/default-instance"
16:11:25.346 [http-nio-auto-7-exec-1] DEBUG o.s.w.r.r.m.a.RequestMappingHandlerMapping - [3785848d] Mapped to org.springframework.web.reactive.result.method.annotation.ProtobufIntegrationTests$ProtobufController#defaultInstance()
16:11:25.388 [http-nio-auto-7-exec-1] DEBUG o.s.w.r.r.m.a.ResponseBodyResultHandler - Using 'application/x-protobuf' given [*/*] and supported [application/x-protobuf, application/octet-stream, application/json, application/*+json, application/x-jackson-smile, application/*+x-jackson-smile, text/event-stream]
16:11:25.388 [http-nio-auto-7-exec-1] DEBUG o.s.w.r.r.m.a.ResponseBodyResultHandler - [3785848d] 0..1 [org.springframework.web.reactive.protobuf.Msg]
16:11:25.389 [http-nio-auto-7-exec-1] DEBUG o.s.w.s.a.HttpWebHandlerAdapter - [3785848d] Completed 200 OK
16:11:25.456 [reactor-http-nio-5] DEBUG o.s.w.r.f.c.ExchangeFunctions - [55fcfb5d] Response 200 OK
16:11:25.457 [Test worker] DEBUG o.s.w.t.h.s.r.b.TomcatHttpServer - Stopping TomcatHttpServer...
16:11:25.491 [Test worker] DEBUG o.s.w.t.h.s.r.b.TomcatHttpServer - Server stopped (0 millis).
16:11:25.668 [Test worker] DEBUG o.s.w.r.r.m.a.RequestMappingHandlerMapping - 5 mappings in 'requestMappingHandlerMapping'
16:11:25.756 [Test worker] DEBUG o.s.w.r.r.m.a.ControllerMethodResolver - ControllerAdvice beans: none
16:11:25.846 [Test worker] DEBUG o.s.w.s.a.HttpWebHandlerAdapter - enableLoggingRequestDetails='false': form data and headers will be masked to prevent unsafe logging of potentially sensitive data
16:11:25.847 [Test worker] DEBUG o.s.w.t.h.s.r.b.UndertowHttpServer - Starting UndertowHttpServer...
16:11:25.847 [Test worker] INFO  i.undertow - starting server: Undertow - 2.0.32.Final
16:11:25.853 [Test worker] DEBUG o.s.w.t.h.s.r.b.UndertowHttpServer - Server started on port 54854(0 millis).
16:11:25.854 [Test worker] DEBUG o.s.w.r.f.c.ExchangeFunctions - [8abb89b] HTTP GET http://localhost:54854/default-instance
16:11:25.860 [XNIO-7 I/O-6] DEBUG o.s.w.s.a.HttpWebHandlerAdapter - [34def692] HTTP GET "/default-instance"
16:11:25.861 [XNIO-7 I/O-6] DEBUG o.s.w.r.r.m.a.RequestMappingHandlerMapping - [34def692] Mapped to org.springframework.web.reactive.result.method.annotation.ProtobufIntegrationTests$ProtobufController#defaultInstance()
16:11:25.891 [XNIO-7 I/O-6] DEBUG o.s.w.r.r.m.a.ResponseBodyResultHandler - Using 'application/x-protobuf' given [*/*] and supported [application/x-protobuf, application/octet-stream, application/json, application/*+json, application/x-jackson-smile, application/*+x-jackson-smile, text/event-stream]
16:11:25.891 [XNIO-7 I/O-6] DEBUG o.s.w.r.r.m.a.ResponseBodyResultHandler - [34def692] 0..1 [org.springframework.web.reactive.protobuf.Msg]
16:11:25.892 [XNIO-7 I/O-6] DEBUG o.s.w.s.a.HttpWebHandlerAdapter - [34def692] Completed 200 OK
16:11:25.906 [reactor-http-nio-6] DEBUG o.s.w.r.f.c.ExchangeFunctions - [8abb89b] Response 200 OK
16:11:25.916 [Test worker] DEBUG o.s.w.t.h.s.r.b.UndertowHttpServer - Stopping UndertowHttpServer...
16:11:25.916 [Test worker] INFO  i.undertow - stopping server: Undertow - 2.0.32.Final
16:11:25.921 [Test worker] DEBUG o.s.w.t.h.s.r.b.UndertowHttpServer - Server stopped (0 millis).
16:11:26.096 [Test worker] DEBUG o.s.w.r.r.m.a.RequestMappingHandlerMapping - 5 mappings in 'requestMappingHandlerMapping'
16:11:26.188 [Test worker] DEBUG o.s.w.r.r.m.a.ControllerMethodResolver - ControllerAdvice beans: none
16:11:26.285 [Test worker] DEBUG o.s.w.s.a.HttpWebHandlerAdapter - enableLoggingRequestDetails='false': form data and headers will be masked to prevent unsafe logging of potentially sensitive data
16:11:26.286 [Test worker] WARN  o.e.j.s.h.ContextHandler - Empty contextPath
16:11:26.287 [Test worker] INFO  o.e.j.s.h.ContextHandler - Started o.e.j.s.ServletContextHandler@cc5a02c{/,null,AVAILABLE}
16:11:26.287 [Test worker] DEBUG o.s.w.t.h.s.r.b.JettyHttpServer - Starting JettyHttpServer...
16:11:26.287 [Test worker] INFO  o.e.j.s.Server - jetty-9.4.31.v20200723; built: 2020-07-23T17:57:36.812Z; git: 450ba27947e13e66baa8cd1ce7e85a4461cacc1d; jvm 1.8.0_201-b09
16:11:26.296 [Test worker] INFO  o.e.j.s.AbstractConnector - Started ServerConnector@55e9829b{HTTP/1.1, (http/1.1)}{0.0.0.0:54862}
16:11:26.296 [Test worker] INFO  o.e.j.s.Server - Started @54186ms
16:11:26.296 [Test worker] DEBUG o.s.w.t.h.s.r.b.JettyHttpServer - Server started on port 54862(0 millis).
16:11:26.376 [Test worker] DEBUG o.s.w.r.f.c.ExchangeFunctions - [6d0775f4] HTTP GET http://localhost:54862/messages
16:11:26.381 [qtp1141514894-306] DEBUG o.s.w.s.a.HttpWebHandlerAdapter - [5aaf5083] HTTP GET "/messages"
16:11:26.382 [qtp1141514894-306] DEBUG o.s.w.r.r.m.a.RequestMappingHandlerMapping - [5aaf5083] Mapped to org.springframework.web.reactive.result.method.annotation.ProtobufIntegrationTests$ProtobufController#messages()
16:11:26.407 [qtp1141514894-306] DEBUG o.s.w.r.r.m.a.ResponseBodyResultHandler - Using 'application/x-protobuf' given [*/*] and supported [application/x-protobuf, application/octet-stream, application/json, application/*+json, application/x-jackson-smile, application/*+x-jackson-smile, text/event-stream]
16:11:26.408 [qtp1141514894-306] DEBUG o.s.w.r.r.m.a.ResponseBodyResultHandler - [5aaf5083] 0..N [org.springframework.web.reactive.protobuf.Msg]
16:11:26.412 [qtp1141514894-306] DEBUG o.s.w.s.a.HttpWebHandlerAdapter - [5aaf5083] Completed 200 OK
16:11:26.429 [reactor-http-nio-7] DEBUG o.s.w.r.f.c.ExchangeFunctions - [6d0775f4] Response 200 OK
16:11:26.452 [Test worker] DEBUG o.s.w.t.h.s.r.b.JettyHttpServer - Stopping JettyHttpServer...
16:11:26.452 [Test worker] INFO  o.e.j.s.h.ContextHandler - Stopped o.e.j.s.ServletContextHandler@cc5a02c{/,null,UNAVAILABLE}
16:11:26.454 [Test worker] INFO  o.e.j.s.AbstractConnector - Stopped ServerConnector@55e9829b{HTTP/1.1, (http/1.1)}{0.0.0.0:0}
16:11:26.465 [Test worker] DEBUG o.s.w.t.h.s.r.b.JettyHttpServer - Server stopped (0 millis).
16:11:26.643 [Test worker] DEBUG o.s.w.r.r.m.a.RequestMappingHandlerMapping - 5 mappings in 'requestMappingHandlerMapping'
16:11:26.724 [Test worker] DEBUG o.s.w.r.r.m.a.ControllerMethodResolver - ControllerAdvice beans: none
16:11:26.787 [Test worker] DEBUG o.s.w.s.a.HttpWebHandlerAdapter - enableLoggingRequestDetails='false': form data and headers will be masked to prevent unsafe logging of potentially sensitive data
16:11:26.787 [Test worker] DEBUG o.s.w.t.h.s.r.b.ReactorHttpServer - Starting ReactorHttpServer...
16:11:26.792 [Test worker] DEBUG o.s.w.t.h.s.r.b.ReactorHttpServer - Server started on port 54869(0 millis).
16:11:26.794 [Test worker] DEBUG o.s.w.r.f.c.ExchangeFunctions - [5490b68a] HTTP GET http://localhost:54869/messages
16:11:26.802 [reactor-http-nio-10] DEBUG o.s.w.s.a.HttpWebHandlerAdapter - [e5f93162-8] HTTP GET "/messages"
16:11:26.803 [reactor-http-nio-10] DEBUG o.s.w.r.r.m.a.RequestMappingHandlerMapping - [e5f93162-8] Mapped to org.springframework.web.reactive.result.method.annotation.ProtobufIntegrationTests$ProtobufController#messages()
16:11:26.825 [reactor-http-nio-10] DEBUG o.s.w.r.r.m.a.ResponseBodyResultHandler - Using 'application/x-protobuf' given [*/*] and supported [application/x-protobuf, application/octet-stream, application/json, application/*+json, application/x-jackson-smile, application/*+x-jackson-smile, text/event-stream]
16:11:26.825 [reactor-http-nio-10] DEBUG o.s.w.r.r.m.a.ResponseBodyResultHandler - [e5f93162-8] 0..N [org.springframework.web.reactive.protobuf.Msg]
16:11:26.835 [reactor-http-nio-9] DEBUG o.s.w.r.f.c.ExchangeFunctions - [5490b68a] Response 200 OK
16:11:26.840 [reactor-http-nio-10] DEBUG o.s.w.s.a.HttpWebHandlerAdapter - [e5f93162-8] Completed 200 OK
16:11:26.843 [Test worker] DEBUG o.s.w.t.h.s.r.b.ReactorHttpServer - Stopping ReactorHttpServer...
16:11:26.844 [Test worker] DEBUG o.s.w.t.h.s.r.b.ReactorHttpServer - Server stopped (0 millis).
16:11:26.990 [Test worker] DEBUG o.s.w.r.r.m.a.RequestMappingHandlerMapping - 5 mappings in 'requestMappingHandlerMapping'
16:11:27.091 [Test worker] DEBUG o.s.w.r.r.m.a.ControllerMethodResolver - ControllerAdvice beans: none
16:11:27.157 [Test worker] DEBUG o.s.w.s.a.HttpWebHandlerAdapter - enableLoggingRequestDetails='false': form data and headers will be masked to prevent unsafe logging of potentially sensitive data
16:11:27.158 [Test worker] DEBUG o.s.w.t.h.s.r.b.TomcatHttpServer - Starting TomcatHttpServer...
16:11:27.185 [Test worker] DEBUG o.s.w.t.h.s.r.b.TomcatHttpServer - Server started on port 54878(0 millis).
16:11:27.187 [Test worker] DEBUG o.s.w.r.f.c.ExchangeFunctions - [3f68330d] HTTP GET http://localhost:54878/messages
16:11:27.195 [http-nio-auto-8-exec-1] DEBUG o.s.w.s.a.HttpWebHandlerAdapter - [3bfe30dd] HTTP GET "/messages"
16:11:27.196 [http-nio-auto-8-exec-1] DEBUG o.s.w.r.r.m.a.RequestMappingHandlerMapping - [3bfe30dd] Mapped to org.springframework.web.reactive.result.method.annotation.ProtobufIntegrationTests$ProtobufController#messages()
16:11:27.219 [http-nio-auto-8-exec-1] DEBUG o.s.w.r.r.m.a.ResponseBodyResultHandler - Using 'application/x-protobuf' given [*/*] and supported [application/x-protobuf, application/octet-stream, application/json, application/*+json, application/x-jackson-smile, application/*+x-jackson-smile, text/event-stream]
16:11:27.219 [http-nio-auto-8-exec-1] DEBUG o.s.w.r.r.m.a.ResponseBodyResultHandler - [3bfe30dd] 0..N [org.springframework.web.reactive.protobuf.Msg]
16:11:27.220 [http-nio-auto-8-exec-1] DEBUG o.s.w.s.a.HttpWebHandlerAdapter - [3bfe30dd] Completed 200 OK
16:11:27.221 [reactor-http-nio-11] DEBUG o.s.w.r.f.c.ExchangeFunctions - [3f68330d] Response 200 OK
16:11:27.226 [Test worker] DEBUG o.s.w.t.h.s.r.b.TomcatHttpServer - Stopping TomcatHttpServer...
16:11:27.244 [Test worker] DEBUG o.s.w.t.h.s.r.b.TomcatHttpServer - Server stopped (0 millis).
16:11:27.464 [Test worker] DEBUG o.s.w.r.r.m.a.RequestMappingHandlerMapping - 5 mappings in 'requestMappingHandlerMapping'
16:11:27.562 [Test worker] DEBUG o.s.w.r.r.m.a.ControllerMethodResolver - ControllerAdvice beans: none
16:11:27.624 [Test worker] DEBUG o.s.w.s.a.HttpWebHandlerAdapter - enableLoggingRequestDetails='false': form data and headers will be masked to prevent unsafe logging of potentially sensitive data
16:11:27.624 [Test worker] DEBUG o.s.w.t.h.s.r.b.UndertowHttpServer - Starting UndertowHttpServer...
16:11:27.624 [Test worker] INFO  i.undertow - starting server: Undertow - 2.0.32.Final
16:11:27.633 [Test worker] DEBUG o.s.w.t.h.s.r.b.UndertowHttpServer - Server started on port 54885(0 millis).
16:11:27.635 [Test worker] DEBUG o.s.w.r.f.c.ExchangeFunctions - [4a148232] HTTP GET http://localhost:54885/messages
16:11:27.641 [XNIO-8 I/O-6] DEBUG o.s.w.s.a.HttpWebHandlerAdapter - [28b4ab18] HTTP GET "/messages"
16:11:27.641 [XNIO-8 I/O-6] DEBUG o.s.w.r.r.m.a.RequestMappingHandlerMapping - [28b4ab18] Mapped to org.springframework.web.reactive.result.method.annotation.ProtobufIntegrationTests$ProtobufController#messages()
16:11:27.659 [XNIO-8 I/O-6] DEBUG o.s.w.r.r.m.a.ResponseBodyResultHandler - Using 'application/x-protobuf' given [*/*] and supported [application/x-protobuf, application/octet-stream, application/json, application/*+json, application/x-jackson-smile, application/*+x-jackson-smile, text/event-stream]
16:11:27.659 [XNIO-8 I/O-6] DEBUG o.s.w.r.r.m.a.ResponseBodyResultHandler - [28b4ab18] 0..N [org.springframework.web.reactive.protobuf.Msg]
16:11:27.660 [XNIO-8 I/O-6] DEBUG o.s.w.s.a.HttpWebHandlerAdapter - [28b4ab18] Completed 200 OK
16:11:27.682 [reactor-http-nio-12] DEBUG o.s.w.r.f.c.ExchangeFunctions - [4a148232] Response 200 OK
16:11:27.689 [Test worker] DEBUG o.s.w.t.h.s.r.b.UndertowHttpServer - Stopping UndertowHttpServer...
16:11:27.689 [Test worker] INFO  i.undertow - stopping server: Undertow - 2.0.32.Final
16:11:27.692 [Test worker] DEBUG o.s.w.t.h.s.r.b.UndertowHttpServer - Server stopped (0 millis).
16:11:27.866 [Test worker] DEBUG o.s.w.r.r.m.a.RequestMappingHandlerMapping - 5 mappings in 'requestMappingHandlerMapping'
16:11:27.963 [Test worker] DEBUG o.s.w.r.r.m.a.ControllerMethodResolver - ControllerAdvice beans: none
16:11:28.022 [Test worker] DEBUG o.s.w.s.a.HttpWebHandlerAdapter - enableLoggingRequestDetails='false': form data and headers will be masked to prevent unsafe logging of potentially sensitive data
16:11:28.022 [Test worker] WARN  o.e.j.s.h.ContextHandler - Empty contextPath
16:11:28.037 [Test worker] INFO  o.e.j.s.h.ContextHandler - Started o.e.j.s.ServletContextHandler@15f1f26a{/,null,AVAILABLE}
16:11:28.037 [Test worker] DEBUG o.s.w.t.h.s.r.b.JettyHttpServer - Starting JettyHttpServer...
16:11:28.037 [Test worker] INFO  o.e.j.s.Server - jetty-9.4.31.v20200723; built: 2020-07-23T17:57:36.812Z; git: 450ba27947e13e66baa8cd1ce7e85a4461cacc1d; jvm 1.8.0_201-b09
16:11:28.051 [Test worker] INFO  o.e.j.s.AbstractConnector - Started ServerConnector@46f6fd07{HTTP/1.1, (http/1.1)}{0.0.0.0:54889}
16:11:28.051 [Test worker] INFO  o.e.j.s.Server - Started @55942ms
16:11:28.051 [Test worker] DEBUG o.s.w.t.h.s.r.b.JettyHttpServer - Server started on port 54889(0 millis).
16:11:28.054 [Test worker] DEBUG o.s.w.r.f.c.ExchangeFunctions - [7e08317d] HTTP GET http://localhost:54889/message-stream
16:11:28.060 [qtp1002889780-344] DEBUG o.s.w.s.a.HttpWebHandlerAdapter - [55c65b69] HTTP GET "/message-stream"
16:11:28.060 [qtp1002889780-344] DEBUG o.s.w.r.r.m.a.RequestMappingHandlerMapping - [55c65b69] Mapped to org.springframework.web.reactive.result.method.annotation.ProtobufIntegrationTests$ProtobufController#messageStream()
16:11:28.062 [qtp1002889780-344] DEBUG o.s.w.r.r.m.a.ResponseBodyResultHandler - Using 'application/x-protobuf;delimited=true' given [*/*] and supported [application/x-protobuf;delimited=true]
16:11:28.062 [qtp1002889780-344] DEBUG o.s.w.r.r.m.a.ResponseBodyResultHandler - [55c65b69] 0..N [org.springframework.web.reactive.protobuf.Msg]
16:11:28.141 [reactor-http-nio-1] DEBUG o.s.w.r.f.c.ExchangeFunctions - [7e08317d] Response 200 OK
16:11:28.174 [reactor-http-nio-1] DEBUG o.s.w.r.f.c.ExchangeFunctions - [7e08317d] Cancel signal (to close connection)
16:11:28.177 [Test worker] DEBUG o.s.w.t.h.s.r.b.JettyHttpServer - Stopping JettyHttpServer...
16:11:28.190 [Test worker] INFO  o.e.j.s.h.ContextHandler - Stopped o.e.j.s.ServletContextHandler@15f1f26a{/,null,UNAVAILABLE}
16:11:28.199 [Test worker] INFO  o.e.j.s.AbstractConnector - Stopped ServerConnector@46f6fd07{HTTP/1.1, (http/1.1)}{0.0.0.0:0}
16:11:28.209 [Test worker] DEBUG o.s.w.t.h.s.r.b.JettyHttpServer - Server stopped (0 millis).
16:11:28.368 [Test worker] DEBUG o.s.w.r.r.m.a.RequestMappingHandlerMapping - 5 mappings in 'requestMappingHandlerMapping'
16:11:28.439 [Test worker] DEBUG o.s.w.r.r.m.a.ControllerMethodResolver - ControllerAdvice beans: none
16:11:28.526 [Test worker] DEBUG o.s.w.s.a.HttpWebHandlerAdapter - enableLoggingRequestDetails='false': form data and headers will be masked to prevent unsafe logging of potentially sensitive data
16:11:28.526 [Test worker] DEBUG o.s.w.t.h.s.r.b.ReactorHttpServer - Starting ReactorHttpServer...
16:11:28.528 [Test worker] DEBUG o.s.w.t.h.s.r.b.ReactorHttpServer - Server started on port 54893(0 millis).
16:11:28.530 [Test worker] DEBUG o.s.w.r.f.c.ExchangeFunctions - [4923a787] HTTP GET http://localhost:54893/message-stream
16:11:28.548 [reactor-http-nio-4] DEBUG o.s.w.s.a.HttpWebHandlerAdapter - [dc2b817e-9] HTTP GET "/message-stream"
16:11:28.549 [reactor-http-nio-4] DEBUG o.s.w.r.r.m.a.RequestMappingHandlerMapping - [dc2b817e-9] Mapped to org.springframework.web.reactive.result.method.annotation.ProtobufIntegrationTests$ProtobufController#messageStream()
16:11:28.550 [reactor-http-nio-4] DEBUG o.s.w.r.r.m.a.ResponseBodyResultHandler - Using 'application/x-protobuf;delimited=true' given [*/*] and supported [application/x-protobuf;delimited=true]
16:11:28.550 [reactor-http-nio-4] DEBUG o.s.w.r.r.m.a.ResponseBodyResultHandler - [dc2b817e-9] 0..N [org.springframework.web.reactive.protobuf.Msg]
16:11:28.609 [reactor-http-nio-3] DEBUG o.s.w.r.f.c.ExchangeFunctions - [4923a787] Response 200 OK
16:11:28.672 [reactor-http-nio-3] DEBUG o.s.w.r.f.c.ExchangeFunctions - [4923a787] Cancel signal (to close connection)
16:11:28.673 [reactor-http-nio-4] DEBUG o.s.w.s.a.HttpWebHandlerAdapter - [dc2b817e-9] Completed 200 OK
16:11:28.673 [Test worker] DEBUG o.s.w.t.h.s.r.b.ReactorHttpServer - Stopping ReactorHttpServer...
16:11:28.673 [Test worker] DEBUG o.s.w.t.h.s.r.b.ReactorHttpServer - Server stopped (0 millis).
16:11:28.881 [Test worker] DEBUG o.s.w.r.r.m.a.RequestMappingHandlerMapping - 5 mappings in 'requestMappingHandlerMapping'
16:11:28.975 [Test worker] DEBUG o.s.w.r.r.m.a.ControllerMethodResolver - ControllerAdvice beans: none
16:11:29.049 [Test worker] DEBUG o.s.w.s.a.HttpWebHandlerAdapter - enableLoggingRequestDetails='false': form data and headers will be masked to prevent unsafe logging of potentially sensitive data
16:11:29.050 [Test worker] DEBUG o.s.w.t.h.s.r.b.TomcatHttpServer - Starting TomcatHttpServer...
16:11:29.084 [Test worker] DEBUG o.s.w.t.h.s.r.b.TomcatHttpServer - Server started on port 54898(0 millis).
16:11:29.085 [Test worker] DEBUG o.s.w.r.f.c.ExchangeFunctions - [3616a996] HTTP GET http://localhost:54898/message-stream
16:11:29.093 [http-nio-auto-9-exec-1] DEBUG o.s.w.s.a.HttpWebHandlerAdapter - [614fde48] HTTP GET "/message-stream"
16:11:29.094 [http-nio-auto-9-exec-1] DEBUG o.s.w.r.r.m.a.RequestMappingHandlerMapping - [614fde48] Mapped to org.springframework.web.reactive.result.method.annotation.ProtobufIntegrationTests$ProtobufController#messageStream()
16:11:29.095 [http-nio-auto-9-exec-1] DEBUG o.s.w.r.r.m.a.ResponseBodyResultHandler - Using 'application/x-protobuf;delimited=true' given [*/*] and supported [application/x-protobuf;delimited=true]
16:11:29.095 [http-nio-auto-9-exec-1] DEBUG o.s.w.r.r.m.a.ResponseBodyResultHandler - [614fde48] 0..N [org.springframework.web.reactive.protobuf.Msg]
16:11:29.165 [reactor-http-nio-5] DEBUG o.s.w.r.f.c.ExchangeFunctions - [3616a996] Response 200 OK
16:11:29.198 [reactor-http-nio-5] DEBUG o.s.w.r.f.c.ExchangeFunctions - [3616a996] Cancel signal (to close connection)
16:11:29.199 [Test worker] DEBUG o.s.w.t.h.s.r.b.TomcatHttpServer - Stopping TomcatHttpServer...
16:11:29.299 [http-nio-auto-9-exec-2] DEBUG o.s.w.s.DisconnectedClient - [614fde48] Client went away: java.io.IOException: Broken pipe (stacktrace at TRACE level for 'org.springframework.web.server.DisconnectedClient')
16:11:29.299 [http-nio-auto-9-exec-2] DEBUG o.s.h.s.r.ServletHttpHandlerAdapter - [614fde48] Error notification: java.io.IOException: Broken pipe
16:11:29.337 [Test worker] DEBUG o.s.w.t.h.s.r.b.TomcatHttpServer - Server stopped (0 millis).
16:11:29.445 [Test worker] DEBUG o.s.w.r.r.m.a.RequestMappingHandlerMapping - 5 mappings in 'requestMappingHandlerMapping'
16:11:29.530 [Test worker] DEBUG o.s.w.r.r.m.a.ControllerMethodResolver - ControllerAdvice beans: none
16:11:29.603 [Test worker] DEBUG o.s.w.s.a.HttpWebHandlerAdapter - enableLoggingRequestDetails='false': form data and headers will be masked to prevent unsafe logging of potentially sensitive data
16:11:29.603 [Test worker] DEBUG o.s.w.t.h.s.r.b.UndertowHttpServer - Starting UndertowHttpServer...
16:11:29.603 [Test worker] INFO  i.undertow - starting server: Undertow - 2.0.32.Final
16:11:29.611 [Test worker] DEBUG o.s.w.t.h.s.r.b.UndertowHttpServer - Server started on port 54905(0 millis).
16:11:29.612 [Test worker] DEBUG o.s.w.r.f.c.ExchangeFunctions - [6c74f600] HTTP GET http://localhost:54905/message-stream
16:11:29.617 [XNIO-9 I/O-6] DEBUG o.s.w.s.a.HttpWebHandlerAdapter - [79cf8488] HTTP GET "/message-stream"
16:11:29.618 [XNIO-9 I/O-6] DEBUG o.s.w.r.r.m.a.RequestMappingHandlerMapping - [79cf8488] Mapped to org.springframework.web.reactive.result.method.annotation.ProtobufIntegrationTests$ProtobufController#messageStream()
16:11:29.619 [XNIO-9 I/O-6] DEBUG o.s.w.r.r.m.a.ResponseBodyResultHandler - Using 'application/x-protobuf;delimited=true' given [*/*] and supported [application/x-protobuf;delimited=true]
16:11:29.619 [XNIO-9 I/O-6] DEBUG o.s.w.r.r.m.a.ResponseBodyResultHandler - [79cf8488] 0..N [org.springframework.web.reactive.protobuf.Msg]
16:11:29.694 [reactor-http-nio-6] DEBUG o.s.w.r.f.c.ExchangeFunctions - [6c74f600] Response 200 OK
16:11:29.721 [reactor-http-nio-6] DEBUG o.s.w.r.f.c.ExchangeFunctions - [6c74f600] Cancel signal (to close connection)
16:11:29.722 [Test worker] DEBUG o.s.w.t.h.s.r.b.UndertowHttpServer - Stopping UndertowHttpServer...
16:11:29.722 [Test worker] INFO  i.undertow - stopping server: Undertow - 2.0.32.Final
16:11:29.724 [Test worker] DEBUG o.s.w.t.h.s.r.b.UndertowHttpServer - Server stopped (0 millis).
16:11:29.889 [Test worker] DEBUG o.s.w.r.r.m.a.RequestMappingHandlerMapping - 5 mappings in 'requestMappingHandlerMapping'
16:11:29.985 [Test worker] DEBUG o.s.w.r.r.m.a.ControllerMethodResolver - ControllerAdvice beans: none
16:11:30.073 [Test worker] DEBUG o.s.w.s.a.HttpWebHandlerAdapter - enableLoggingRequestDetails='false': form data and headers will be masked to prevent unsafe logging of potentially sensitive data
16:11:30.074 [Test worker] WARN  o.e.j.s.h.ContextHandler - Empty contextPath
16:11:30.074 [Test worker] INFO  o.e.j.s.h.ContextHandler - Started o.e.j.s.ServletContextHandler@16796eca{/,null,AVAILABLE}
16:11:30.074 [Test worker] DEBUG o.s.w.t.h.s.r.b.JettyHttpServer - Starting JettyHttpServer...
16:11:30.074 [Test worker] INFO  o.e.j.s.Server - jetty-9.4.31.v20200723; built: 2020-07-23T17:57:36.812Z; git: 450ba27947e13e66baa8cd1ce7e85a4461cacc1d; jvm 1.8.0_201-b09
16:11:30.084 [Test worker] INFO  o.e.j.s.AbstractConnector - Started ServerConnector@1ba56795{HTTP/1.1, (http/1.1)}{0.0.0.0:54913}
16:11:30.084 [Test worker] INFO  o.e.j.s.Server - Started @57975ms
16:11:30.085 [Test worker] DEBUG o.s.w.t.h.s.r.b.JettyHttpServer - Server started on port 54913(0 millis).
16:11:30.086 [Test worker] DEBUG o.s.w.r.f.c.ExchangeFunctions - [30b4eef2] HTTP GET http://localhost:54913/empty
16:11:30.091 [qtp1053685227-386] DEBUG o.s.w.s.a.HttpWebHandlerAdapter - [14ec35ca] HTTP GET "/empty"
16:11:30.092 [qtp1053685227-386] DEBUG o.s.w.r.r.m.a.RequestMappingHandlerMapping - [14ec35ca] Mapped to org.springframework.web.reactive.result.method.annotation.ProtobufIntegrationTests$ProtobufController#empty()
16:11:30.110 [qtp1053685227-386] DEBUG o.s.w.r.r.m.a.ResponseBodyResultHandler - Using 'application/x-protobuf' given [*/*] and supported [application/x-protobuf, application/octet-stream, application/json, application/*+json, application/x-jackson-smile, application/*+x-jackson-smile, text/event-stream]
16:11:30.110 [qtp1053685227-386] DEBUG o.s.w.r.r.m.a.ResponseBodyResultHandler - [14ec35ca] 0..1 [org.springframework.web.reactive.protobuf.Msg]
16:11:30.111 [qtp1053685227-386] DEBUG o.s.w.s.a.HttpWebHandlerAdapter - [14ec35ca] Completed 200 OK
16:11:30.123 [reactor-http-nio-7] DEBUG o.s.w.r.f.c.ExchangeFunctions - [30b4eef2] Response 200 OK
16:11:30.124 [Test worker] DEBUG o.s.w.t.h.s.r.b.JettyHttpServer - Stopping JettyHttpServer...
16:11:30.125 [Test worker] INFO  o.e.j.s.h.ContextHandler - Stopped o.e.j.s.ServletContextHandler@16796eca{/,null,UNAVAILABLE}
16:11:30.127 [Test worker] INFO  o.e.j.s.AbstractConnector - Stopped ServerConnector@1ba56795{HTTP/1.1, (http/1.1)}{0.0.0.0:0}
16:11:30.138 [Test worker] DEBUG o.s.w.t.h.s.r.b.JettyHttpServer - Server stopped (0 millis).
16:11:30.291 [Test worker] DEBUG o.s.w.r.r.m.a.RequestMappingHandlerMapping - 5 mappings in 'requestMappingHandlerMapping'
16:11:30.376 [Test worker] DEBUG o.s.w.r.r.m.a.ControllerMethodResolver - ControllerAdvice beans: none
16:11:30.452 [Test worker] DEBUG o.s.w.s.a.HttpWebHandlerAdapter - enableLoggingRequestDetails='false': form data and headers will be masked to prevent unsafe logging of potentially sensitive data
16:11:30.452 [Test worker] DEBUG o.s.w.t.h.s.r.b.ReactorHttpServer - Starting ReactorHttpServer...
16:11:30.480 [Test worker] DEBUG o.s.w.t.h.s.r.b.ReactorHttpServer - Server started on port 54920(0 millis).
16:11:30.481 [Test worker] DEBUG o.s.w.r.f.c.ExchangeFunctions - [5c98276b] HTTP GET http://localhost:54920/empty
16:11:30.487 [reactor-http-nio-10] DEBUG o.s.w.s.a.HttpWebHandlerAdapter - [a5a43650-10] HTTP GET "/empty"
16:11:30.487 [reactor-http-nio-10] DEBUG o.s.w.r.r.m.a.RequestMappingHandlerMapping - [a5a43650-10] Mapped to org.springframework.web.reactive.result.method.annotation.ProtobufIntegrationTests$ProtobufController#empty()
16:11:30.505 [reactor-http-nio-10] DEBUG o.s.w.r.r.m.a.ResponseBodyResultHandler - Using 'application/x-protobuf' given [*/*] and supported [application/x-protobuf, application/octet-stream, application/json, application/*+json, application/x-jackson-smile, application/*+x-jackson-smile, text/event-stream]
16:11:30.505 [reactor-http-nio-10] DEBUG o.s.w.r.r.m.a.ResponseBodyResultHandler - [a5a43650-10] 0..1 [org.springframework.web.reactive.protobuf.Msg]
16:11:30.505 [reactor-http-nio-10] DEBUG o.s.w.s.a.HttpWebHandlerAdapter - [a5a43650-10] Completed 200 OK
16:11:30.519 [reactor-http-nio-9] DEBUG o.s.w.r.f.c.ExchangeFunctions - [5c98276b] Response 200 OK
16:11:30.520 [Test worker] DEBUG o.s.w.t.h.s.r.b.ReactorHttpServer - Stopping ReactorHttpServer...
16:11:30.520 [Test worker] DEBUG o.s.w.t.h.s.r.b.ReactorHttpServer - Server stopped (0 millis).
16:11:30.668 [Test worker] DEBUG o.s.w.r.r.m.a.RequestMappingHandlerMapping - 5 mappings in 'requestMappingHandlerMapping'
16:11:30.746 [Test worker] DEBUG o.s.w.r.r.m.a.ControllerMethodResolver - ControllerAdvice beans: none
16:11:30.801 [Test worker] DEBUG o.s.w.s.a.HttpWebHandlerAdapter - enableLoggingRequestDetails='false': form data and headers will be masked to prevent unsafe logging of potentially sensitive data
16:11:30.802 [Test worker] DEBUG o.s.w.t.h.s.r.b.TomcatHttpServer - Starting TomcatHttpServer...
16:11:30.833 [Test worker] DEBUG o.s.w.t.h.s.r.b.TomcatHttpServer - Server started on port 54924(0 millis).
16:11:30.835 [Test worker] DEBUG o.s.w.r.f.c.ExchangeFunctions - [2791316d] HTTP GET http://localhost:54924/empty
16:11:30.843 [http-nio-auto-10-exec-1] DEBUG o.s.w.s.a.HttpWebHandlerAdapter - [5b39ab7a] HTTP GET "/empty"
16:11:30.843 [http-nio-auto-10-exec-1] DEBUG o.s.w.r.r.m.a.RequestMappingHandlerMapping - [5b39ab7a] Mapped to org.springframework.web.reactive.result.method.annotation.ProtobufIntegrationTests$ProtobufController#empty()
16:11:30.860 [http-nio-auto-10-exec-1] DEBUG o.s.w.r.r.m.a.ResponseBodyResultHandler - Using 'application/x-protobuf' given [*/*] and supported [application/x-protobuf, application/octet-stream, application/json, application/*+json, application/x-jackson-smile, application/*+x-jackson-smile, text/event-stream]
16:11:30.860 [http-nio-auto-10-exec-1] DEBUG o.s.w.r.r.m.a.ResponseBodyResultHandler - [5b39ab7a] 0..1 [org.springframework.web.reactive.protobuf.Msg]
16:11:30.861 [http-nio-auto-10-exec-1] DEBUG o.s.w.s.a.HttpWebHandlerAdapter - [5b39ab7a] Completed 200 OK
16:11:30.900 [reactor-http-nio-11] DEBUG o.s.w.r.f.c.ExchangeFunctions - [2791316d] Response 200 OK
16:11:30.901 [Test worker] DEBUG o.s.w.t.h.s.r.b.TomcatHttpServer - Stopping TomcatHttpServer...
16:11:30.927 [Test worker] DEBUG o.s.w.t.h.s.r.b.TomcatHttpServer - Server stopped (0 millis).
16:11:31.164 [Test worker] DEBUG o.s.w.r.r.m.a.RequestMappingHandlerMapping - 5 mappings in 'requestMappingHandlerMapping'
16:11:31.266 [Test worker] DEBUG o.s.w.r.r.m.a.ControllerMethodResolver - ControllerAdvice beans: none
16:11:31.377 [Test worker] DEBUG o.s.w.s.a.HttpWebHandlerAdapter - enableLoggingRequestDetails='false': form data and headers will be masked to prevent unsafe logging of potentially sensitive data
16:11:31.377 [Test worker] DEBUG o.s.w.t.h.s.r.b.UndertowHttpServer - Starting UndertowHttpServer...
16:11:31.378 [Test worker] INFO  i.undertow - starting server: Undertow - 2.0.32.Final
16:11:31.391 [Test worker] DEBUG o.s.w.t.h.s.r.b.UndertowHttpServer - Server started on port 54935(0 millis).
16:11:31.392 [Test worker] DEBUG o.s.w.r.f.c.ExchangeFunctions - [407e994c] HTTP GET http://localhost:54935/empty
16:11:31.397 [XNIO-10 I/O-6] DEBUG o.s.w.s.a.HttpWebHandlerAdapter - [441de103] HTTP GET "/empty"
16:11:31.398 [XNIO-10 I/O-6] DEBUG o.s.w.r.r.m.a.RequestMappingHandlerMapping - [441de103] Mapped to org.springframework.web.reactive.result.method.annotation.ProtobufIntegrationTests$ProtobufController#empty()
16:11:31.414 [XNIO-10 I/O-6] DEBUG o.s.w.r.r.m.a.ResponseBodyResultHandler - Using 'application/x-protobuf' given [*/*] and supported [application/x-protobuf, application/octet-stream, application/json, application/*+json, application/x-jackson-smile, application/*+x-jackson-smile, text/event-stream]
16:11:31.414 [XNIO-10 I/O-6] DEBUG o.s.w.r.r.m.a.ResponseBodyResultHandler - [441de103] 0..1 [org.springframework.web.reactive.protobuf.Msg]
16:11:31.415 [XNIO-10 I/O-6] DEBUG o.s.w.s.a.HttpWebHandlerAdapter - [441de103] Completed 200 OK
16:11:31.442 [reactor-http-nio-12] DEBUG o.s.w.r.f.c.ExchangeFunctions - [407e994c] Response 200 OK
16:11:31.443 [Test worker] DEBUG o.s.w.t.h.s.r.b.UndertowHttpServer - Stopping UndertowHttpServer...
16:11:31.443 [Test worker] INFO  i.undertow - stopping server: Undertow - 2.0.32.Final
16:11:31.446 [Test worker] DEBUG o.s.w.t.h.s.r.b.UndertowHttpServer - Server stopped (0 millis).
16:11:31.628 [Test worker] DEBUG o.s.w.r.r.m.a.RequestMappingHandlerMapping - 5 mappings in 'requestMappingHandlerMapping'
16:11:31.714 [Test worker] DEBUG o.s.w.r.r.m.a.ControllerMethodResolver - ControllerAdvice beans: none
16:11:31.816 [Test worker] DEBUG o.s.w.s.a.HttpWebHandlerAdapter - enableLoggingRequestDetails='false': form data and headers will be masked to prevent unsafe logging of potentially sensitive data
16:11:31.816 [Test worker] WARN  o.e.j.s.h.ContextHandler - Empty contextPath
16:11:31.816 [Test worker] INFO  o.e.j.s.h.ContextHandler - Started o.e.j.s.ServletContextHandler@2b5365{/,null,AVAILABLE}
16:11:31.817 [Test worker] DEBUG o.s.w.t.h.s.r.b.JettyHttpServer - Starting JettyHttpServer...
16:11:31.817 [Test worker] INFO  o.e.j.s.Server - jetty-9.4.31.v20200723; built: 2020-07-23T17:57:36.812Z; git: 450ba27947e13e66baa8cd1ce7e85a4461cacc1d; jvm 1.8.0_201-b09
16:11:31.821 [Test worker] INFO  o.e.j.s.AbstractConnector - Started ServerConnector@1d8f83d1{HTTP/1.1, (http/1.1)}{0.0.0.0:54952}
16:11:31.821 [Test worker] INFO  o.e.j.s.Server - Started @59712ms
16:11:31.821 [Test worker] DEBUG o.s.w.t.h.s.r.b.JettyHttpServer - Server started on port 54952(0 millis).
16:11:31.823 [Test worker] DEBUG o.s.w.r.f.c.ExchangeFunctions - [1257c435] HTTP GET http://localhost:54952/message
16:11:31.829 [qtp1415104038-424] DEBUG o.s.w.s.a.HttpWebHandlerAdapter - [134abc80] HTTP GET "/message"
16:11:31.830 [qtp1415104038-424] DEBUG o.s.w.r.r.m.a.RequestMappingHandlerMapping - [134abc80] Mapped to org.springframework.web.reactive.result.method.annotation.ProtobufIntegrationTests$ProtobufController#message()
16:11:31.847 [qtp1415104038-424] DEBUG o.s.w.r.r.m.a.ResponseBodyResultHandler - Using 'application/x-protobuf' given [*/*] and supported [application/x-protobuf, application/octet-stream, application/json, application/*+json, application/x-jackson-smile, application/*+x-jackson-smile, text/event-stream]
16:11:31.847 [qtp1415104038-424] DEBUG o.s.w.r.r.m.a.ResponseBodyResultHandler - [134abc80] 0..1 [org.springframework.web.reactive.protobuf.Msg]
16:11:31.848 [qtp1415104038-424] DEBUG o.s.w.s.a.HttpWebHandlerAdapter - [134abc80] Completed 200 OK
16:11:31.885 [reactor-http-nio-1] DEBUG o.s.w.r.f.c.ExchangeFunctions - [1257c435] Response 200 OK
16:11:31.891 [Test worker] DEBUG o.s.w.t.h.s.r.b.JettyHttpServer - Stopping JettyHttpServer...
16:11:31.892 [Test worker] INFO  o.e.j.s.h.ContextHandler - Stopped o.e.j.s.ServletContextHandler@2b5365{/,null,UNAVAILABLE}
16:11:31.895 [Test worker] INFO  o.e.j.s.AbstractConnector - Stopped ServerConnector@1d8f83d1{HTTP/1.1, (http/1.1)}{0.0.0.0:0}
16:11:31.906 [Test worker] DEBUG o.s.w.t.h.s.r.b.JettyHttpServer - Server stopped (0 millis).
16:11:32.072 [Test worker] DEBUG o.s.w.r.r.m.a.RequestMappingHandlerMapping - 5 mappings in 'requestMappingHandlerMapping'
16:11:32.181 [Test worker] DEBUG o.s.w.r.r.m.a.ControllerMethodResolver - ControllerAdvice beans: none
16:11:32.268 [Test worker] DEBUG o.s.w.s.a.HttpWebHandlerAdapter - enableLoggingRequestDetails='false': form data and headers will be masked to prevent unsafe logging of potentially sensitive data
16:11:32.268 [Test worker] DEBUG o.s.w.t.h.s.r.b.ReactorHttpServer - Starting ReactorHttpServer...
16:11:32.282 [Test worker] DEBUG o.s.w.t.h.s.r.b.ReactorHttpServer - Server started on port 54974(0 millis).
16:11:32.283 [Test worker] DEBUG o.s.w.r.f.c.ExchangeFunctions - [20f2e27a] HTTP GET http://localhost:54974/message
16:11:32.300 [reactor-http-nio-4] DEBUG o.s.w.s.a.HttpWebHandlerAdapter - [0b060afc-11] HTTP GET "/message"
16:11:32.301 [reactor-http-nio-4] DEBUG o.s.w.r.r.m.a.RequestMappingHandlerMapping - [0b060afc-11] Mapped to org.springframework.web.reactive.result.method.annotation.ProtobufIntegrationTests$ProtobufController#message()
16:11:32.316 [reactor-http-nio-4] DEBUG o.s.w.r.r.m.a.ResponseBodyResultHandler - Using 'application/x-protobuf' given [*/*] and supported [application/x-protobuf, application/octet-stream, application/json, application/*+json, application/x-jackson-smile, application/*+x-jackson-smile, text/event-stream]
16:11:32.317 [reactor-http-nio-4] DEBUG o.s.w.r.r.m.a.ResponseBodyResultHandler - [0b060afc-11] 0..1 [org.springframework.web.reactive.protobuf.Msg]
16:11:32.319 [reactor-http-nio-4] DEBUG o.s.w.s.a.HttpWebHandlerAdapter - [0b060afc-11] Completed 200 OK
16:11:32.331 [reactor-http-nio-3] DEBUG o.s.w.r.f.c.ExchangeFunctions - [20f2e27a] Response 200 OK
16:11:32.333 [Test worker] DEBUG o.s.w.t.h.s.r.b.ReactorHttpServer - Stopping ReactorHttpServer...
16:11:32.333 [Test worker] DEBUG o.s.w.t.h.s.r.b.ReactorHttpServer - Server stopped (0 millis).
16:11:32.503 [Test worker] DEBUG o.s.w.r.r.m.a.RequestMappingHandlerMapping - 5 mappings in 'requestMappingHandlerMapping'
16:11:32.616 [Test worker] DEBUG o.s.w.r.r.m.a.ControllerMethodResolver - ControllerAdvice beans: none
16:11:32.708 [Test worker] DEBUG o.s.w.s.a.HttpWebHandlerAdapter - enableLoggingRequestDetails='false': form data and headers will be masked to prevent unsafe logging of potentially sensitive data
16:11:32.709 [Test worker] DEBUG o.s.w.t.h.s.r.b.TomcatHttpServer - Starting TomcatHttpServer...
16:11:32.743 [Test worker] DEBUG o.s.w.t.h.s.r.b.TomcatHttpServer - Server started on port 54989(0 millis).
16:11:32.745 [Test worker] DEBUG o.s.w.r.f.c.ExchangeFunctions - [4bcc793e] HTTP GET http://localhost:54989/message
16:11:32.752 [http-nio-auto-11-exec-1] DEBUG o.s.w.s.a.HttpWebHandlerAdapter - [232c2f37] HTTP GET "/message"
16:11:32.752 [http-nio-auto-11-exec-1] DEBUG o.s.w.r.r.m.a.RequestMappingHandlerMapping - [232c2f37] Mapped to org.springframework.web.reactive.result.method.annotation.ProtobufIntegrationTests$ProtobufController#message()
16:11:32.767 [http-nio-auto-11-exec-1] DEBUG o.s.w.r.r.m.a.ResponseBodyResultHandler - Using 'application/x-protobuf' given [*/*] and supported [application/x-protobuf, application/octet-stream, application/json, application/*+json, application/x-jackson-smile, application/*+x-jackson-smile, text/event-stream]
16:11:32.767 [http-nio-auto-11-exec-1] DEBUG o.s.w.r.r.m.a.ResponseBodyResultHandler - [232c2f37] 0..1 [org.springframework.web.reactive.protobuf.Msg]
16:11:32.768 [http-nio-auto-11-exec-1] DEBUG o.s.w.s.a.HttpWebHandlerAdapter - [232c2f37] Completed 200 OK
16:11:32.810 [reactor-http-nio-5] DEBUG o.s.w.r.f.c.ExchangeFunctions - [4bcc793e] Response 200 OK
16:11:32.812 [Test worker] DEBUG o.s.w.t.h.s.r.b.TomcatHttpServer - Stopping TomcatHttpServer...
16:11:32.830 [Test worker] DEBUG o.s.w.t.h.s.r.b.TomcatHttpServer - Server stopped (0 millis).
16:11:33.064 [Test worker] DEBUG o.s.w.r.r.m.a.RequestMappingHandlerMapping - 5 mappings in 'requestMappingHandlerMapping'
16:11:33.184 [Test worker] DEBUG o.s.w.r.r.m.a.ControllerMethodResolver - ControllerAdvice beans: none
16:11:33.279 [Test worker] DEBUG o.s.w.s.a.HttpWebHandlerAdapter - enableLoggingRequestDetails='false': form data and headers will be masked to prevent unsafe logging of potentially sensitive data
16:11:33.280 [Test worker] DEBUG o.s.w.t.h.s.r.b.UndertowHttpServer - Starting UndertowHttpServer...
16:11:33.280 [Test worker] INFO  i.undertow - starting server: Undertow - 2.0.32.Final
16:11:33.288 [Test worker] DEBUG o.s.w.t.h.s.r.b.UndertowHttpServer - Server started on port 54996(0 millis).
16:11:33.289 [Test worker] DEBUG o.s.w.r.f.c.ExchangeFunctions - [6ec8d987] HTTP GET http://localhost:54996/message
16:11:33.301 [XNIO-11 I/O-6] DEBUG o.s.w.s.a.HttpWebHandlerAdapter - [32c9dbfe] HTTP GET "/message"
16:11:33.302 [XNIO-11 I/O-6] DEBUG o.s.w.r.r.m.a.RequestMappingHandlerMapping - [32c9dbfe] Mapped to org.springframework.web.reactive.result.method.annotation.ProtobufIntegrationTests$ProtobufController#message()
16:11:33.314 [XNIO-11 I/O-6] DEBUG o.s.w.r.r.m.a.ResponseBodyResultHandler - Using 'application/x-protobuf' given [*/*] and supported [application/x-protobuf, application/octet-stream, application/json, application/*+json, application/x-jackson-smile, application/*+x-jackson-smile, text/event-stream]
16:11:33.314 [XNIO-11 I/O-6] DEBUG o.s.w.r.r.m.a.ResponseBodyResultHandler - [32c9dbfe] 0..1 [org.springframework.web.reactive.protobuf.Msg]
16:11:33.315 [XNIO-11 I/O-6] DEBUG o.s.w.s.a.HttpWebHandlerAdapter - [32c9dbfe] Completed 200 OK
16:11:33.340 [reactor-http-nio-6] DEBUG o.s.w.r.f.c.ExchangeFunctions - [6ec8d987] Response 200 OK
16:11:33.342 [Test worker] DEBUG o.s.w.t.h.s.r.b.UndertowHttpServer - Stopping UndertowHttpServer...
16:11:33.343 [Test worker] INFO  i.undertow - stopping server: Undertow - 2.0.32.Final
16:11:33.346 [Test worker] DEBUG o.s.w.t.h.s.r.b.UndertowHttpServer - Server stopped (0 millis).
]]></system-out>
  <system-err><![CDATA[]]></system-err>
</testsuite>
