<?xml version="1.0" encoding="UTF-8"?>
<testsuite name="org.springframework.web.reactive.function.server.DefaultServerRequestTests" tests="43" skipped="0" failures="0" errors="0" timestamp="2021-06-20T08:12:07" hostname="gankangdembp" time="1.052">
  <properties/>
  <testcase name="checkNotModifiedTimestamp(String)[1]" classname="org.springframework.web.reactive.function.server.DefaultServerRequestTests" time="0.004"/>
  <testcase name="checkNotModifiedTimestamp(String)[2]" classname="org.springframework.web.reactive.function.server.DefaultServerRequestTests" time="0.002"/>
  <testcase name="bodyUnacceptable()" classname="org.springframework.web.reactive.function.server.DefaultServerRequestTests" time="0.033"/>
  <testcase name="bodyToFluxParameterizedTypeReference()" classname="org.springframework.web.reactive.function.server.DefaultServerRequestTests" time="0.003"/>
  <testcase name="absentQueryParam()" classname="org.springframework.web.reactive.function.server.DefaultServerRequestTests" time="0.001"/>
  <testcase name="checkNotModifiedWildcardIsIgnored(String)[1]" classname="org.springframework.web.reactive.function.server.DefaultServerRequestTests" time="0.027"/>
  <testcase name="checkNotModifiedWildcardIsIgnored(String)[2]" classname="org.springframework.web.reactive.function.server.DefaultServerRequestTests" time="0.002"/>
  <testcase name="multipartData()" classname="org.springframework.web.reactive.function.server.DefaultServerRequestTests" time="0.149"/>
  <testcase name="queryParams()" classname="org.springframework.web.reactive.function.server.DefaultServerRequestTests" time="0.001"/>
  <testcase name="header()" classname="org.springframework.web.reactive.function.server.DefaultServerRequestTests" time="0.004"/>
  <testcase name="uriBuilder()" classname="org.springframework.web.reactive.function.server.DefaultServerRequestTests" time="0.022"/>
  <testcase name="method()" classname="org.springframework.web.reactive.function.server.DefaultServerRequestTests" time="0.001"/>
  <testcase name="checkNotModifiedETagAndModifiedTimestamp(String)[1]" classname="org.springframework.web.reactive.function.server.DefaultServerRequestTests" time="0.011"/>
  <testcase name="checkNotModifiedETagAndModifiedTimestamp(String)[2]" classname="org.springframework.web.reactive.function.server.DefaultServerRequestTests" time="0.002"/>
  <testcase name="checkModifiedTimestamp(String)[1]" classname="org.springframework.web.reactive.function.server.DefaultServerRequestTests" time="0.002"/>
  <testcase name="checkModifiedTimestamp(String)[2]" classname="org.springframework.web.reactive.function.server.DefaultServerRequestTests" time="0.001"/>
  <testcase name="checkModifiedETagAndNotModifiedTimestamp(String)[1]" classname="org.springframework.web.reactive.function.server.DefaultServerRequestTests" time="0.001"/>
  <testcase name="checkModifiedETagAndNotModifiedTimestamp(String)[2]" classname="org.springframework.web.reactive.function.server.DefaultServerRequestTests" time="0.002"/>
  <testcase name="bodyToFlux()" classname="org.springframework.web.reactive.function.server.DefaultServerRequestTests" time="0.001"/>
  <testcase name="bodyToMono()" classname="org.springframework.web.reactive.function.server.DefaultServerRequestTests" time="0.003"/>
  <testcase name="uri()" classname="org.springframework.web.reactive.function.server.DefaultServerRequestTests" time="0.003"/>
  <testcase name="body()" classname="org.springframework.web.reactive.function.server.DefaultServerRequestTests" time="0.006"/>
  <testcase name="attribute()" classname="org.springframework.web.reactive.function.server.DefaultServerRequestTests" time="0.001"/>
  <testcase name="checkNotModifiedETagWithSeparatorChars(String)[1]" classname="org.springframework.web.reactive.function.server.DefaultServerRequestTests" time="0.012"/>
  <testcase name="checkNotModifiedETagWithSeparatorChars(String)[2]" classname="org.springframework.web.reactive.function.server.DefaultServerRequestTests" time="0.004"/>
  <testcase name="formData()" classname="org.springframework.web.reactive.function.server.DefaultServerRequestTests" time="0.029"/>
  <testcase name="pathVariableNotFound()" classname="org.springframework.web.reactive.function.server.DefaultServerRequestTests" time="0.03"/>
  <testcase name="checkModifiedETag(String)[1]" classname="org.springframework.web.reactive.function.server.DefaultServerRequestTests" time="0.001"/>
  <testcase name="checkModifiedETag(String)[2]" classname="org.springframework.web.reactive.function.server.DefaultServerRequestTests" time="0.001"/>
  <testcase name="cookies()" classname="org.springframework.web.reactive.function.server.DefaultServerRequestTests" time="0.024"/>
  <testcase name="emptyQueryParam()" classname="org.springframework.web.reactive.function.server.DefaultServerRequestTests" time="0.002"/>
  <testcase name="checkNotModifiedETagAndTimestamp(String)[1]" classname="org.springframework.web.reactive.function.server.DefaultServerRequestTests" time="0.006"/>
  <testcase name="checkNotModifiedETagAndTimestamp(String)[2]" classname="org.springframework.web.reactive.function.server.DefaultServerRequestTests" time="0.002"/>
  <testcase name="checkModifiedUnpaddedETag(String)[1]" classname="org.springframework.web.reactive.function.server.DefaultServerRequestTests" time="0.002"/>
  <testcase name="checkModifiedUnpaddedETag(String)[2]" classname="org.springframework.web.reactive.function.server.DefaultServerRequestTests" time="0.001"/>
  <testcase name="pathVariables()" classname="org.springframework.web.reactive.function.server.DefaultServerRequestTests" time="0.002"/>
  <testcase name="pathVariable()" classname="org.springframework.web.reactive.function.server.DefaultServerRequestTests" time="0.001"/>
  <testcase name="checkNotModifiedETag(String)[1]" classname="org.springframework.web.reactive.function.server.DefaultServerRequestTests" time="0.023"/>
  <testcase name="checkNotModifiedETag(String)[2]" classname="org.springframework.web.reactive.function.server.DefaultServerRequestTests" time="0.002"/>
  <testcase name="bodyToMonoParameterizedTypeReference()" classname="org.springframework.web.reactive.function.server.DefaultServerRequestTests" time="0.003"/>
  <testcase name="checkNotModifiedUnpaddedETag(String)[1]" classname="org.springframework.web.reactive.function.server.DefaultServerRequestTests" time="0.003"/>
  <testcase name="checkNotModifiedUnpaddedETag(String)[2]" classname="org.springframework.web.reactive.function.server.DefaultServerRequestTests" time="0.002"/>
  <testcase name="bodyToMonoDecodingException()" classname="org.springframework.web.reactive.function.server.DefaultServerRequestTests" time="0.073"/>
  <system-out><![CDATA[16:12:07.136 [Test worker] DEBUG o.s.c.c.StringDecoder - [7515ef2a] Decoded "foo"
16:12:07.357 [Test worker] DEBUG o.s.h.c.m.MultipartHttpMessageReader - [4a106f2a] Parsed parts [foo, baz] (content masked)
16:12:07.558 [Test worker] DEBUG o.s.c.c.StringDecoder - [178c2d7d] Decoded "foo"
16:12:07.581 [Test worker] DEBUG o.s.c.c.StringDecoder - [1c215a1a] Decoded "foo"
16:12:07.616 [Test worker] DEBUG o.s.c.c.StringDecoder - [705374ad] Decoded "foo"
16:12:07.719 [Test worker] DEBUG o.s.h.c.FormHttpMessageReader - [271d67e5] Read form fields [foo, baz] (content masked)
16:12:08.008 [Test worker] DEBUG o.s.c.c.StringDecoder - [24cbd4e1] Decoded "foo"
]]></system-out>
  <system-err><![CDATA[]]></system-err>
</testsuite>
