<?xml version="1.0" encoding="UTF-8"?>
<testsuite name="org.springframework.web.reactive.function.server.DefaultServerRequestTests" tests="43" skipped="0" failures="0" errors="0" timestamp="2020-05-29T14:02:15" hostname="bamboo-18" time="0.259">
  <properties/>
  <testcase name="checkNotModifiedTimestamp(String)[1]" classname="org.springframework.web.reactive.function.server.DefaultServerRequestTests" time="0.022"/>
  <testcase name="checkNotModifiedTimestamp(String)[2]" classname="org.springframework.web.reactive.function.server.DefaultServerRequestTests" time="0.001"/>
  <testcase name="bodyUnacceptable()" classname="org.springframework.web.reactive.function.server.DefaultServerRequestTests" time="0.003"/>
  <testcase name="bodyToFluxParameterizedTypeReference()" classname="org.springframework.web.reactive.function.server.DefaultServerRequestTests" time="0.01"/>
  <testcase name="absentQueryParam()" classname="org.springframework.web.reactive.function.server.DefaultServerRequestTests" time="0.001"/>
  <testcase name="checkNotModifiedWildcardIsIgnored(String)[1]" classname="org.springframework.web.reactive.function.server.DefaultServerRequestTests" time="0.001"/>
  <testcase name="checkNotModifiedWildcardIsIgnored(String)[2]" classname="org.springframework.web.reactive.function.server.DefaultServerRequestTests" time="0.001"/>
  <testcase name="multipartData()" classname="org.springframework.web.reactive.function.server.DefaultServerRequestTests" time="0.01"/>
  <testcase name="queryParams()" classname="org.springframework.web.reactive.function.server.DefaultServerRequestTests" time="0.001"/>
  <testcase name="header()" classname="org.springframework.web.reactive.function.server.DefaultServerRequestTests" time="0.006"/>
  <testcase name="uriBuilder()" classname="org.springframework.web.reactive.function.server.DefaultServerRequestTests" time="0.0"/>
  <testcase name="method()" classname="org.springframework.web.reactive.function.server.DefaultServerRequestTests" time="0.001"/>
  <testcase name="checkNotModifiedETagAndModifiedTimestamp(String)[1]" classname="org.springframework.web.reactive.function.server.DefaultServerRequestTests" time="0.003"/>
  <testcase name="checkNotModifiedETagAndModifiedTimestamp(String)[2]" classname="org.springframework.web.reactive.function.server.DefaultServerRequestTests" time="0.001"/>
  <testcase name="checkModifiedTimestamp(String)[1]" classname="org.springframework.web.reactive.function.server.DefaultServerRequestTests" time="0.0"/>
  <testcase name="checkModifiedTimestamp(String)[2]" classname="org.springframework.web.reactive.function.server.DefaultServerRequestTests" time="0.001"/>
  <testcase name="checkModifiedETagAndNotModifiedTimestamp(String)[1]" classname="org.springframework.web.reactive.function.server.DefaultServerRequestTests" time="0.001"/>
  <testcase name="checkModifiedETagAndNotModifiedTimestamp(String)[2]" classname="org.springframework.web.reactive.function.server.DefaultServerRequestTests" time="0.001"/>
  <testcase name="bodyToFlux()" classname="org.springframework.web.reactive.function.server.DefaultServerRequestTests" time="0.0"/>
  <testcase name="bodyToMono()" classname="org.springframework.web.reactive.function.server.DefaultServerRequestTests" time="0.002"/>
  <testcase name="uri()" classname="org.springframework.web.reactive.function.server.DefaultServerRequestTests" time="0.001"/>
  <testcase name="body()" classname="org.springframework.web.reactive.function.server.DefaultServerRequestTests" time="0.0"/>
  <testcase name="attribute()" classname="org.springframework.web.reactive.function.server.DefaultServerRequestTests" time="0.0"/>
  <testcase name="checkNotModifiedETagWithSeparatorChars(String)[1]" classname="org.springframework.web.reactive.function.server.DefaultServerRequestTests" time="0.001"/>
  <testcase name="checkNotModifiedETagWithSeparatorChars(String)[2]" classname="org.springframework.web.reactive.function.server.DefaultServerRequestTests" time="0.0"/>
  <testcase name="formData()" classname="org.springframework.web.reactive.function.server.DefaultServerRequestTests" time="0.013"/>
  <testcase name="pathVariableNotFound()" classname="org.springframework.web.reactive.function.server.DefaultServerRequestTests" time="0.001"/>
  <testcase name="checkModifiedETag(String)[1]" classname="org.springframework.web.reactive.function.server.DefaultServerRequestTests" time="0.0"/>
  <testcase name="checkModifiedETag(String)[2]" classname="org.springframework.web.reactive.function.server.DefaultServerRequestTests" time="0.001"/>
  <testcase name="cookies()" classname="org.springframework.web.reactive.function.server.DefaultServerRequestTests" time="0.001"/>
  <testcase name="emptyQueryParam()" classname="org.springframework.web.reactive.function.server.DefaultServerRequestTests" time="0.0"/>
  <testcase name="checkNotModifiedETagAndTimestamp(String)[1]" classname="org.springframework.web.reactive.function.server.DefaultServerRequestTests" time="0.002"/>
  <testcase name="checkNotModifiedETagAndTimestamp(String)[2]" classname="org.springframework.web.reactive.function.server.DefaultServerRequestTests" time="0.003"/>
  <testcase name="checkModifiedUnpaddedETag(String)[1]" classname="org.springframework.web.reactive.function.server.DefaultServerRequestTests" time="0.001"/>
  <testcase name="checkModifiedUnpaddedETag(String)[2]" classname="org.springframework.web.reactive.function.server.DefaultServerRequestTests" time="0.0"/>
  <testcase name="pathVariables()" classname="org.springframework.web.reactive.function.server.DefaultServerRequestTests" time="0.0"/>
  <testcase name="pathVariable()" classname="org.springframework.web.reactive.function.server.DefaultServerRequestTests" time="0.0"/>
  <testcase name="checkNotModifiedETag(String)[1]" classname="org.springframework.web.reactive.function.server.DefaultServerRequestTests" time="0.006"/>
  <testcase name="checkNotModifiedETag(String)[2]" classname="org.springframework.web.reactive.function.server.DefaultServerRequestTests" time="0.0"/>
  <testcase name="bodyToMonoParameterizedTypeReference()" classname="org.springframework.web.reactive.function.server.DefaultServerRequestTests" time="0.001"/>
  <testcase name="checkNotModifiedUnpaddedETag(String)[1]" classname="org.springframework.web.reactive.function.server.DefaultServerRequestTests" time="0.001"/>
  <testcase name="checkNotModifiedUnpaddedETag(String)[2]" classname="org.springframework.web.reactive.function.server.DefaultServerRequestTests" time="0.001"/>
  <testcase name="bodyToMonoDecodingException()" classname="org.springframework.web.reactive.function.server.DefaultServerRequestTests" time="0.004"/>
  <system-out><![CDATA[14:02:15.410 [Test worker] DEBUG o.s.c.c.StringDecoder - [736fe356] Decoded "foo"
14:02:15.442 [Test worker] DEBUG o.s.h.c.m.MultipartHttpMessageReader - [261ca053] Parsed parts [foo, baz] (content masked)
14:02:15.505 [Test worker] DEBUG o.s.c.c.StringDecoder - [64807f40] Decoded "foo"
14:02:15.509 [Test worker] DEBUG o.s.c.c.StringDecoder - [683496d2] Decoded "foo"
14:02:15.513 [Test worker] DEBUG o.s.c.c.StringDecoder - [469ae381] Decoded "foo"
14:02:15.545 [Test worker] DEBUG o.s.h.c.FormHttpMessageReader - [782554f8] Read form fields [foo, baz] (content masked)
14:02:15.611 [Test worker] DEBUG o.s.c.c.StringDecoder - [1df5c03a] Decoded "foo"
]]></system-out>
  <system-err><![CDATA[]]></system-err>
</testsuite>
