<?xml version="1.0" encoding="UTF-8"?>
<testsuite name="org.springframework.web.reactive.result.method.HandlerMethodMappingTests" tests="7" skipped="0" failures="0" errors="0" timestamp="2021-06-20T08:11:00" hostname="gankangdembp" time="0.113">
  <properties/>
  <testcase name="directMatch()" classname="org.springframework.web.reactive.result.method.HandlerMethodMappingTests" time="0.046"/>
  <testcase name="patternMatch()" classname="org.springframework.web.reactive.result.method.HandlerMethodMappingTests" time="0.002"/>
  <testcase name="unregisterMapping()" classname="org.springframework.web.reactive.result.method.HandlerMethodMappingTests" time="0.031"/>
  <testcase name="registerMappingWithSameMethodAndTwoHandlerInstances()" classname="org.springframework.web.reactive.result.method.HandlerMethodMappingTests" time="0.019"/>
  <testcase name="registerDuplicates()" classname="org.springframework.web.reactive.result.method.HandlerMethodMappingTests" time="0.003"/>
  <testcase name="registerMapping()" classname="org.springframework.web.reactive.result.method.HandlerMethodMappingTests" time="0.001"/>
  <testcase name="ambiguousMatch()" classname="org.springframework.web.reactive.result.method.HandlerMethodMappingTests" time="0.003"/>
  <system-out><![CDATA[16:11:00.379 [Test worker] DEBUG o.s.w.r.r.m.HandlerMethodMappingTests$MyHandlerMethodMapping - [531f1399] Mapped to org.springframework.web.reactive.result.method.HandlerMethodMappingTests$MyHandler#handlerMethod1()
16:11:00.381 [Test worker] DEBUG o.s.w.r.r.m.HandlerMethodMappingTests$MyHandlerMethodMapping - [49a97766] Mapped to org.springframework.web.reactive.result.method.HandlerMethodMappingTests$MyHandler#handlerMethod1()
16:11:00.383 [Test worker] DEBUG o.s.w.r.r.m.HandlerMethodMappingTests$MyHandlerMethodMapping - [3720d0d2] Mapped to org.springframework.web.reactive.result.method.HandlerMethodMappingTests$MyHandler#handlerMethod1()
]]></system-out>
  <system-err><![CDATA[]]></system-err>
</testsuite>
