<?xml version="1.0" encoding="UTF-8"?>
<testsuite name="org.springframework.web.reactive.result.method.annotation.InitBinderBindingContextTests" tests="7" skipped="0" failures="0" errors="0" timestamp="2020-05-29T14:00:18" hostname="bamboo-18" time="0.037">
  <properties/>
  <testcase name="createBinderNullAttrName()" classname="org.springframework.web.reactive.result.method.annotation.InitBinderBindingContextTests" time="0.015"/>
  <testcase name="createBinderWithAttrNameNoMatch()" classname="org.springframework.web.reactive.result.method.annotation.InitBinderBindingContextTests" time="0.0"/>
  <testcase name="createBinderWithGlobalInitialization()" classname="org.springframework.web.reactive.result.method.annotation.InitBinderBindingContextTests" time="0.001"/>
  <testcase name="createBinderTypeConversion()" classname="org.springframework.web.reactive.result.method.annotation.InitBinderBindingContextTests" time="0.01"/>
  <testcase name="returnValueNotExpected()" classname="org.springframework.web.reactive.result.method.annotation.InitBinderBindingContextTests" time="0.001"/>
  <testcase name="createBinder()" classname="org.springframework.web.reactive.result.method.annotation.InitBinderBindingContextTests" time="0.0"/>
  <testcase name="createBinderWithAttrName()" classname="org.springframework.web.reactive.result.method.annotation.InitBinderBindingContextTests" time="0.0"/>
  <system-out><![CDATA[]]></system-out>
  <system-err><![CDATA[]]></system-err>
</testsuite>
