<?xml version="1.0" encoding="UTF-8"?>
<testsuite name="org.springframework.web.reactive.result.HandlerResultHandlerTests" tests="6" skipped="0" failures="0" errors="0" timestamp="2020-05-29T14:00:53" hostname="bamboo-18" time="0.187">
  <properties/>
  <testcase name="noConcreteMediaType()" classname="org.springframework.web.reactive.result.HandlerResultHandlerTests" time="0.165"/>
  <testcase name="removeQualityParameter()" classname="org.springframework.web.reactive.result.HandlerResultHandlerTests" time="0.008"/>
  <testcase name="usesContentTypeResolver()" classname="org.springframework.web.reactive.result.HandlerResultHandlerTests" time="0.001"/>
  <testcase name="charsetFromAcceptHeader()" classname="org.springframework.web.reactive.result.HandlerResultHandlerTests" time="0.002"/>
  <testcase name="producibleMediaTypesRequestAttribute()" classname="org.springframework.web.reactive.result.HandlerResultHandlerTests" time="0.008"/>
  <testcase name="sortsByQuality()" classname="org.springframework.web.reactive.result.HandlerResultHandlerTests" time="0.002"/>
  <system-out><![CDATA[14:00:53.311 [Test worker] DEBUG o.s.w.r.r.HandlerResultHandlerTests$TestResultHandler - Using 'application/octet-stream' given [*/*] and supported [*/*]
14:00:53.319 [Test worker] DEBUG o.s.w.r.r.HandlerResultHandlerTests$TestResultHandler - Using 'text/plain' given [text/plain;q=0.5] and supported [application/json, text/plain]
14:00:53.321 [Test worker] DEBUG o.s.w.r.r.HandlerResultHandlerTests$TestResultHandler - Using 'image/gif' given [image/gif] and supported [image/jpeg, image/gif, image/png]
14:00:53.323 [Test worker] DEBUG o.s.w.r.r.HandlerResultHandlerTests$TestResultHandler - Using 'text/plain;charset=ISO-8859-1' given [text/plain;charset=ISO-8859-1] and supported [text/plain;charset=UTF-8]
14:00:53.331 [Test worker] DEBUG o.s.w.r.r.HandlerResultHandlerTests$TestResultHandler - Using 'image/gif' given [*/*] and supported [image/gif]
14:00:53.333 [Test worker] DEBUG o.s.w.r.r.HandlerResultHandlerTests$TestResultHandler - Using 'application/json' given [application/json, text/plain;q=0.5] and supported [text/plain, application/json]
]]></system-out>
  <system-err><![CDATA[]]></system-err>
</testsuite>
