<?xml version="1.0" encoding="UTF-8"?>
<testsuite name="org.springframework.web.reactive.function.server.RouterFunctionTests" tests="4" skipped="0" failures="0" errors="0" timestamp="2020-05-29T14:00:33" hostname="bamboo-18" time="0.017">
  <properties/>
  <testcase name="filter()" classname="org.springframework.web.reactive.function.server.RouterFunctionTests" time="0.005"/>
  <testcase name="andOther()" classname="org.springframework.web.reactive.function.server.RouterFunctionTests" time="0.008"/>
  <testcase name="andRoute()" classname="org.springframework.web.reactive.function.server.RouterFunctionTests" time="0.003"/>
  <testcase name="and()" classname="org.springframework.web.reactive.function.server.RouterFunctionTests" time="0.001"/>
  <system-out><![CDATA[]]></system-out>
  <system-err><![CDATA[]]></system-err>
</testsuite>
