<?xml version="1.0" encoding="UTF-8"?>
<testsuite name="org.springframework.web.reactive.result.method.annotation.WebSessionMethodArgumentResolverTests" tests="2" skipped="0" failures="0" errors="0" timestamp="2020-05-29T14:00:53" hostname="bamboo-18" time="1.105">
  <properties/>
  <testcase name="resolverArgument()" classname="org.springframework.web.reactive.result.method.annotation.WebSessionMethodArgumentResolverTests" time="1.092"/>
  <testcase name="supportsParameter()" classname="org.springframework.web.reactive.result.method.annotation.WebSessionMethodArgumentResolverTests" time="0.003"/>
  <system-out><![CDATA[]]></system-out>
  <system-err><![CDATA[]]></system-err>
</testsuite>
