<?xml version="1.0" encoding="UTF-8"?>
<testsuite name="org.springframework.web.reactive.function.server.NestedRouteIntegrationTests" tests="24" skipped="0" failures="0" errors="0" timestamp="2021-06-20T08:12:08" hostname="gankangdembp" time="3.524">
  <properties/>
  <testcase name="removeFailedPathVariablesAnd(HttpServer)[1]" classname="org.springframework.web.reactive.function.server.NestedRouteIntegrationTests" time="0.115"/>
  <testcase name="removeFailedPathVariablesAnd(HttpServer)[2]" classname="org.springframework.web.reactive.function.server.NestedRouteIntegrationTests" time="0.07"/>
  <testcase name="removeFailedPathVariablesAnd(HttpServer)[3]" classname="org.springframework.web.reactive.function.server.NestedRouteIntegrationTests" time="0.09"/>
  <testcase name="removeFailedPathVariablesAnd(HttpServer)[4]" classname="org.springframework.web.reactive.function.server.NestedRouteIntegrationTests" time="0.08"/>
  <testcase name="removeFailedNestedPathVariables(HttpServer)[1]" classname="org.springframework.web.reactive.function.server.NestedRouteIntegrationTests" time="0.086"/>
  <testcase name="removeFailedNestedPathVariables(HttpServer)[2]" classname="org.springframework.web.reactive.function.server.NestedRouteIntegrationTests" time="0.073"/>
  <testcase name="removeFailedNestedPathVariables(HttpServer)[3]" classname="org.springframework.web.reactive.function.server.NestedRouteIntegrationTests" time="0.102"/>
  <testcase name="removeFailedNestedPathVariables(HttpServer)[4]" classname="org.springframework.web.reactive.function.server.NestedRouteIntegrationTests" time="0.089"/>
  <testcase name="variables(HttpServer)[1]" classname="org.springframework.web.reactive.function.server.NestedRouteIntegrationTests" time="0.068"/>
  <testcase name="variables(HttpServer)[2]" classname="org.springframework.web.reactive.function.server.NestedRouteIntegrationTests" time="0.09"/>
  <testcase name="variables(HttpServer)[3]" classname="org.springframework.web.reactive.function.server.NestedRouteIntegrationTests" time="0.105"/>
  <testcase name="variables(HttpServer)[4]" classname="org.springframework.web.reactive.function.server.NestedRouteIntegrationTests" time="0.065"/>
  <testcase name="bar(HttpServer)[1]" classname="org.springframework.web.reactive.function.server.NestedRouteIntegrationTests" time="0.095"/>
  <testcase name="bar(HttpServer)[2]" classname="org.springframework.web.reactive.function.server.NestedRouteIntegrationTests" time="0.078"/>
  <testcase name="bar(HttpServer)[3]" classname="org.springframework.web.reactive.function.server.NestedRouteIntegrationTests" time="0.134"/>
  <testcase name="bar(HttpServer)[4]" classname="org.springframework.web.reactive.function.server.NestedRouteIntegrationTests" time="0.12"/>
  <testcase name="baz(HttpServer)[1]" classname="org.springframework.web.reactive.function.server.NestedRouteIntegrationTests" time="0.086"/>
  <testcase name="baz(HttpServer)[2]" classname="org.springframework.web.reactive.function.server.NestedRouteIntegrationTests" time="0.056"/>
  <testcase name="baz(HttpServer)[3]" classname="org.springframework.web.reactive.function.server.NestedRouteIntegrationTests" time="0.111"/>
  <testcase name="baz(HttpServer)[4]" classname="org.springframework.web.reactive.function.server.NestedRouteIntegrationTests" time="0.076"/>
  <testcase name="parentVariables(HttpServer)[1]" classname="org.springframework.web.reactive.function.server.NestedRouteIntegrationTests" time="0.078"/>
  <testcase name="parentVariables(HttpServer)[2]" classname="org.springframework.web.reactive.function.server.NestedRouteIntegrationTests" time="0.076"/>
  <testcase name="parentVariables(HttpServer)[3]" classname="org.springframework.web.reactive.function.server.NestedRouteIntegrationTests" time="0.096"/>
  <testcase name="parentVariables(HttpServer)[4]" classname="org.springframework.web.reactive.function.server.NestedRouteIntegrationTests" time="0.036"/>
  <system-out><![CDATA[16:12:08.306 [Test worker] DEBUG o.s.w.s.a.HttpWebHandlerAdapter - enableLoggingRequestDetails='false': form data and headers will be masked to prevent unsafe logging of potentially sensitive data
16:12:08.306 [Test worker] WARN  o.e.j.s.h.ContextHandler - Empty contextPath
16:12:08.306 [Test worker] INFO  o.e.j.s.h.ContextHandler - Started o.e.j.s.ServletContextHandler@33142aa7{/,null,AVAILABLE}
16:12:08.307 [Test worker] DEBUG o.s.w.t.h.s.r.b.JettyHttpServer - Starting JettyHttpServer...
16:12:08.307 [Test worker] INFO  o.e.j.s.Server - jetty-9.4.31.v20200723; built: 2020-07-23T17:57:36.812Z; git: 450ba27947e13e66baa8cd1ce7e85a4461cacc1d; jvm 1.8.0_201-b09
16:12:08.321 [Test worker] INFO  o.e.j.s.AbstractConnector - Started ServerConnector@7584cb06{HTTP/1.1, (http/1.1)}{0.0.0.0:55867}
16:12:08.322 [Test worker] INFO  o.e.j.s.Server - Started @96189ms
16:12:08.322 [Test worker] DEBUG o.s.w.t.h.s.r.b.JettyHttpServer - Server started on port 55867(0 millis).
16:12:08.322 [Test worker] DEBUG o.s.w.c.RestTemplate - HTTP POST http://localhost:55867/qux/quux
16:12:08.323 [Test worker] DEBUG o.s.w.c.RestTemplate - Accept=[text/plain, application/json, application/x-jackson-smile, application/*+json, */*]
16:12:08.323 [Test worker] DEBUG o.s.w.c.RestTemplate - Writing [] with org.springframework.http.converter.StringHttpMessageConverter
16:12:08.343 [qtp1163464483-1340] DEBUG o.s.w.s.a.HttpWebHandlerAdapter - [265c6af0] HTTP POST "/qux/quux"
16:12:08.348 [qtp1163464483-1340] DEBUG o.s.c.c.CharSequenceEncoder - [265c6af0] Writing "{}"
16:12:08.349 [qtp1163464483-1340] DEBUG o.s.w.s.a.HttpWebHandlerAdapter - [265c6af0] Completed 200 OK
16:12:08.349 [Test worker] DEBUG o.s.w.c.RestTemplate - Response 200 OK
16:12:08.350 [Test worker] DEBUG o.s.w.c.RestTemplate - Reading to [java.lang.String] as "text/plain;charset=utf-8"
16:12:08.350 [Test worker] DEBUG o.s.w.t.h.s.r.b.JettyHttpServer - Stopping JettyHttpServer...
16:12:08.350 [Test worker] INFO  o.e.j.s.h.ContextHandler - Stopped o.e.j.s.ServletContextHandler@33142aa7{/,null,UNAVAILABLE}
16:12:08.353 [Test worker] INFO  o.e.j.s.AbstractConnector - Stopped ServerConnector@7584cb06{HTTP/1.1, (http/1.1)}{0.0.0.0:0}
16:12:08.364 [Test worker] DEBUG o.s.w.t.h.s.r.b.JettyHttpServer - Server stopped (0 millis).
16:12:08.453 [Test worker] DEBUG o.s.w.s.a.HttpWebHandlerAdapter - enableLoggingRequestDetails='false': form data and headers will be masked to prevent unsafe logging of potentially sensitive data
16:12:08.453 [Test worker] DEBUG o.s.w.t.h.s.r.b.ReactorHttpServer - Starting ReactorHttpServer...
16:12:08.457 [Test worker] DEBUG o.s.w.t.h.s.r.b.ReactorHttpServer - Server started on port 55873(0 millis).
16:12:08.458 [Test worker] DEBUG o.s.w.c.RestTemplate - HTTP POST http://localhost:55873/qux/quux
16:12:08.458 [Test worker] DEBUG o.s.w.c.RestTemplate - Accept=[text/plain, application/json, application/x-jackson-smile, application/*+json, */*]
16:12:08.458 [Test worker] DEBUG o.s.w.c.RestTemplate - Writing [] with org.springframework.http.converter.StringHttpMessageConverter
16:12:08.464 [reactor-http-nio-8] DEBUG o.s.w.s.a.HttpWebHandlerAdapter - [39ee8743-35] HTTP POST "/qux/quux"
16:12:08.464 [reactor-http-nio-8] DEBUG o.s.c.c.CharSequenceEncoder - [39ee8743-35] Writing "{}"
16:12:08.466 [Test worker] DEBUG o.s.w.c.RestTemplate - Response 200 OK
16:12:08.467 [reactor-http-nio-8] DEBUG o.s.w.s.a.HttpWebHandlerAdapter - [39ee8743-35] Completed 200 OK
16:12:08.467 [Test worker] DEBUG o.s.w.c.RestTemplate - Reading to [java.lang.String] as "text/plain;charset=UTF-8"
16:12:08.467 [Test worker] DEBUG o.s.w.t.h.s.r.b.ReactorHttpServer - Stopping ReactorHttpServer...
16:12:08.467 [Test worker] DEBUG o.s.w.t.h.s.r.b.ReactorHttpServer - Server stopped (0 millis).
16:12:08.571 [Test worker] DEBUG o.s.w.s.a.HttpWebHandlerAdapter - enableLoggingRequestDetails='false': form data and headers will be masked to prevent unsafe logging of potentially sensitive data
16:12:08.572 [Test worker] DEBUG o.s.w.t.h.s.r.b.TomcatHttpServer - Starting TomcatHttpServer...
16:12:08.601 [Test worker] DEBUG o.s.w.t.h.s.r.b.TomcatHttpServer - Server started on port 55877(0 millis).
16:12:08.602 [Test worker] DEBUG o.s.w.c.RestTemplate - HTTP POST http://localhost:55877/qux/quux
16:12:08.602 [Test worker] DEBUG o.s.w.c.RestTemplate - Accept=[text/plain, application/json, application/x-jackson-smile, application/*+json, */*]
16:12:08.603 [Test worker] DEBUG o.s.w.c.RestTemplate - Writing [] with org.springframework.http.converter.StringHttpMessageConverter
16:12:08.607 [http-nio-auto-32-exec-1] DEBUG o.s.w.s.a.HttpWebHandlerAdapter - [68198328] HTTP POST "/qux/quux"
16:12:08.607 [http-nio-auto-32-exec-1] DEBUG o.s.c.c.CharSequenceEncoder - [68198328] Writing "{}"
16:12:08.608 [http-nio-auto-32-exec-1] DEBUG o.s.w.s.a.HttpWebHandlerAdapter - [68198328] Completed 200 OK
16:12:08.608 [Test worker] DEBUG o.s.w.c.RestTemplate - Response 200 OK
16:12:08.608 [Test worker] DEBUG o.s.w.c.RestTemplate - Reading to [java.lang.String] as "text/plain;charset=UTF-8"
16:12:08.609 [Test worker] DEBUG o.s.w.t.h.s.r.b.TomcatHttpServer - Stopping TomcatHttpServer...
16:12:08.620 [Test worker] DEBUG o.s.w.t.h.s.r.b.TomcatHttpServer - Server stopped (0 millis).
16:12:08.787 [Test worker] DEBUG o.s.w.s.a.HttpWebHandlerAdapter - enableLoggingRequestDetails='false': form data and headers will be masked to prevent unsafe logging of potentially sensitive data
16:12:08.787 [Test worker] DEBUG o.s.w.t.h.s.r.b.UndertowHttpServer - Starting UndertowHttpServer...
16:12:08.788 [Test worker] INFO  i.undertow - starting server: Undertow - 2.0.32.Final
16:12:08.797 [Test worker] DEBUG o.s.w.t.h.s.r.b.UndertowHttpServer - Server started on port 55882(0 millis).
16:12:08.798 [Test worker] DEBUG o.s.w.c.RestTemplate - HTTP POST http://localhost:55882/qux/quux
16:12:08.798 [Test worker] DEBUG o.s.w.c.RestTemplate - Accept=[text/plain, application/json, application/x-jackson-smile, application/*+json, */*]
16:12:08.798 [Test worker] DEBUG o.s.w.c.RestTemplate - Writing [] with org.springframework.http.converter.StringHttpMessageConverter
16:12:08.801 [XNIO-32 I/O-6] DEBUG o.s.w.s.a.HttpWebHandlerAdapter - [2ce97530] HTTP POST "/qux/quux"
16:12:08.802 [XNIO-32 I/O-6] DEBUG o.s.c.c.CharSequenceEncoder - [2ce97530] Writing "{}"
16:12:08.802 [XNIO-32 I/O-6] DEBUG o.s.w.s.a.HttpWebHandlerAdapter - [2ce97530] Completed 200 OK
16:12:08.803 [Test worker] DEBUG o.s.w.c.RestTemplate - Response 200 OK
16:12:08.803 [Test worker] DEBUG o.s.w.c.RestTemplate - Reading to [java.lang.String] as "text/plain;charset=UTF-8"
16:12:08.803 [Test worker] DEBUG o.s.w.t.h.s.r.b.UndertowHttpServer - Stopping UndertowHttpServer...
16:12:08.803 [Test worker] INFO  i.undertow - stopping server: Undertow - 2.0.32.Final
16:12:08.805 [Test worker] DEBUG o.s.w.t.h.s.r.b.UndertowHttpServer - Server stopped (0 millis).
16:12:08.889 [Test worker] DEBUG o.s.w.s.a.HttpWebHandlerAdapter - enableLoggingRequestDetails='false': form data and headers will be masked to prevent unsafe logging of potentially sensitive data
16:12:08.890 [Test worker] WARN  o.e.j.s.h.ContextHandler - Empty contextPath
16:12:08.890 [Test worker] INFO  o.e.j.s.h.ContextHandler - Started o.e.j.s.ServletContextHandler@174d8b49{/,null,AVAILABLE}
16:12:08.890 [Test worker] DEBUG o.s.w.t.h.s.r.b.JettyHttpServer - Starting JettyHttpServer...
16:12:08.890 [Test worker] INFO  o.e.j.s.Server - jetty-9.4.31.v20200723; built: 2020-07-23T17:57:36.812Z; git: 450ba27947e13e66baa8cd1ce7e85a4461cacc1d; jvm 1.8.0_201-b09
16:12:08.907 [Test worker] INFO  o.e.j.s.AbstractConnector - Started ServerConnector@16e7f183{HTTP/1.1, (http/1.1)}{0.0.0.0:55884}
16:12:08.907 [Test worker] INFO  o.e.j.s.Server - Started @96774ms
16:12:08.907 [Test worker] DEBUG o.s.w.t.h.s.r.b.JettyHttpServer - Server started on port 55884(0 millis).
16:12:08.907 [Test worker] DEBUG o.s.w.c.RestTemplate - HTTP GET http://localhost:55884/qux/quux
16:12:08.908 [Test worker] DEBUG o.s.w.c.RestTemplate - Accept=[text/plain, application/json, application/x-jackson-smile, application/*+json, */*]
16:12:08.910 [qtp480271169-1378] DEBUG o.s.w.s.a.HttpWebHandlerAdapter - [6c47fc36] HTTP GET "/qux/quux"
16:12:08.916 [qtp480271169-1378] DEBUG o.s.c.c.CharSequenceEncoder - [6c47fc36] Writing "/{qux}/quux"
16:12:08.917 [qtp480271169-1378] DEBUG o.s.c.c.CharSequenceEncoder - [6c47fc36] Writing "
"
16:12:08.917 [qtp480271169-1378] DEBUG o.s.c.c.CharSequenceEncoder - [6c47fc36] Writing "{qux=qux}"
16:12:08.918 [qtp480271169-1378] DEBUG o.s.w.s.a.HttpWebHandlerAdapter - [6c47fc36] Completed 200 OK
16:12:08.918 [Test worker] DEBUG o.s.w.c.RestTemplate - Response 200 OK
16:12:08.918 [Test worker] DEBUG o.s.w.c.RestTemplate - Reading to [java.lang.String] as "text/plain;charset=utf-8"
16:12:08.918 [Test worker] DEBUG o.s.w.t.h.s.r.b.JettyHttpServer - Stopping JettyHttpServer...
16:12:08.918 [Test worker] INFO  o.e.j.s.h.ContextHandler - Stopped o.e.j.s.ServletContextHandler@174d8b49{/,null,UNAVAILABLE}
16:12:08.920 [Test worker] INFO  o.e.j.s.AbstractConnector - Stopped ServerConnector@16e7f183{HTTP/1.1, (http/1.1)}{0.0.0.0:0}
16:12:08.932 [Test worker] DEBUG o.s.w.t.h.s.r.b.JettyHttpServer - Server stopped (0 millis).
16:12:09.014 [Test worker] DEBUG o.s.w.s.a.HttpWebHandlerAdapter - enableLoggingRequestDetails='false': form data and headers will be masked to prevent unsafe logging of potentially sensitive data
16:12:09.014 [Test worker] DEBUG o.s.w.t.h.s.r.b.ReactorHttpServer - Starting ReactorHttpServer...
16:12:09.016 [Test worker] DEBUG o.s.w.t.h.s.r.b.ReactorHttpServer - Server started on port 55887(0 millis).
16:12:09.016 [Test worker] DEBUG o.s.w.c.RestTemplate - HTTP GET http://localhost:55887/qux/quux
16:12:09.017 [Test worker] DEBUG o.s.w.c.RestTemplate - Accept=[text/plain, application/json, application/x-jackson-smile, application/*+json, */*]
16:12:09.019 [reactor-http-nio-10] DEBUG o.s.w.s.a.HttpWebHandlerAdapter - [9eba8d15-36] HTTP GET "/qux/quux"
16:12:09.020 [reactor-http-nio-10] DEBUG o.s.c.c.CharSequenceEncoder - [9eba8d15-36] Writing "/{qux}/quux"
16:12:09.022 [reactor-http-nio-10] DEBUG o.s.c.c.CharSequenceEncoder - [9eba8d15-36] Writing "
"
16:12:09.022 [Test worker] DEBUG o.s.w.c.RestTemplate - Response 200 OK
16:12:09.022 [reactor-http-nio-10] DEBUG o.s.c.c.CharSequenceEncoder - [9eba8d15-36] Writing "{qux=qux}"
16:12:09.024 [Test worker] DEBUG o.s.w.c.RestTemplate - Reading to [java.lang.String] as "text/plain;charset=UTF-8"
16:12:09.025 [reactor-http-nio-10] DEBUG o.s.w.s.a.HttpWebHandlerAdapter - [9eba8d15-36] Completed 200 OK
16:12:09.025 [Test worker] DEBUG o.s.w.t.h.s.r.b.ReactorHttpServer - Stopping ReactorHttpServer...
16:12:09.027 [Test worker] DEBUG o.s.w.t.h.s.r.b.ReactorHttpServer - Server stopped (0 millis).
16:12:09.133 [Test worker] DEBUG o.s.w.s.a.HttpWebHandlerAdapter - enableLoggingRequestDetails='false': form data and headers will be masked to prevent unsafe logging of potentially sensitive data
16:12:09.133 [Test worker] DEBUG o.s.w.t.h.s.r.b.TomcatHttpServer - Starting TomcatHttpServer...
16:12:09.165 [Test worker] DEBUG o.s.w.t.h.s.r.b.TomcatHttpServer - Server started on port 55893(0 millis).
16:12:09.166 [Test worker] DEBUG o.s.w.c.RestTemplate - HTTP GET http://localhost:55893/qux/quux
16:12:09.166 [Test worker] DEBUG o.s.w.c.RestTemplate - Accept=[text/plain, application/json, application/x-jackson-smile, application/*+json, */*]
16:12:09.170 [http-nio-auto-33-exec-1] DEBUG o.s.w.s.a.HttpWebHandlerAdapter - [7401d3f9] HTTP GET "/qux/quux"
16:12:09.171 [http-nio-auto-33-exec-1] DEBUG o.s.c.c.CharSequenceEncoder - [7401d3f9] Writing "/{qux}/quux"
16:12:09.171 [http-nio-auto-33-exec-1] DEBUG o.s.c.c.CharSequenceEncoder - [7401d3f9] Writing "
"
16:12:09.171 [http-nio-auto-33-exec-1] DEBUG o.s.c.c.CharSequenceEncoder - [7401d3f9] Writing "{qux=qux}"
16:12:09.172 [http-nio-auto-33-exec-1] DEBUG o.s.w.s.a.HttpWebHandlerAdapter - [7401d3f9] Completed 200 OK
16:12:09.172 [Test worker] DEBUG o.s.w.c.RestTemplate - Response 200 OK
16:12:09.173 [Test worker] DEBUG o.s.w.c.RestTemplate - Reading to [java.lang.String] as "text/plain;charset=UTF-8"
16:12:09.173 [Test worker] DEBUG o.s.w.t.h.s.r.b.TomcatHttpServer - Stopping TomcatHttpServer...
16:12:09.183 [Test worker] DEBUG o.s.w.t.h.s.r.b.TomcatHttpServer - Server stopped (0 millis).
16:12:09.282 [Test worker] DEBUG o.s.w.s.a.HttpWebHandlerAdapter - enableLoggingRequestDetails='false': form data and headers will be masked to prevent unsafe logging of potentially sensitive data
16:12:09.283 [Test worker] DEBUG o.s.w.t.h.s.r.b.UndertowHttpServer - Starting UndertowHttpServer...
16:12:09.284 [Test worker] INFO  i.undertow - starting server: Undertow - 2.0.32.Final
16:12:09.308 [Test worker] DEBUG o.s.w.t.h.s.r.b.UndertowHttpServer - Server started on port 55896(0 millis).
16:12:09.309 [Test worker] DEBUG o.s.w.c.RestTemplate - HTTP GET http://localhost:55896/qux/quux
16:12:09.309 [Test worker] DEBUG o.s.w.c.RestTemplate - Accept=[text/plain, application/json, application/x-jackson-smile, application/*+json, */*]
16:12:09.311 [XNIO-33 I/O-6] DEBUG o.s.w.s.a.HttpWebHandlerAdapter - [3ee6d168] HTTP GET "/qux/quux"
16:12:09.312 [XNIO-33 I/O-6] DEBUG o.s.c.c.CharSequenceEncoder - [3ee6d168] Writing "/{qux}/quux"
16:12:09.313 [XNIO-33 I/O-6] DEBUG o.s.c.c.CharSequenceEncoder - [3ee6d168] Writing "
"
16:12:09.313 [Test worker] DEBUG o.s.w.c.RestTemplate - Response 200 OK
16:12:09.313 [XNIO-33 I/O-6] DEBUG o.s.c.c.CharSequenceEncoder - [3ee6d168] Writing "{qux=qux}"
16:12:09.313 [XNIO-33 I/O-6] DEBUG o.s.w.s.a.HttpWebHandlerAdapter - [3ee6d168] Completed 200 OK
16:12:09.314 [Test worker] DEBUG o.s.w.c.RestTemplate - Reading to [java.lang.String] as "text/plain;charset=UTF-8"
16:12:09.315 [Test worker] DEBUG o.s.w.t.h.s.r.b.UndertowHttpServer - Stopping UndertowHttpServer...
16:12:09.315 [Test worker] INFO  i.undertow - stopping server: Undertow - 2.0.32.Final
16:12:09.316 [Test worker] DEBUG o.s.w.t.h.s.r.b.UndertowHttpServer - Server stopped (0 millis).
16:12:09.406 [Test worker] DEBUG o.s.w.s.a.HttpWebHandlerAdapter - enableLoggingRequestDetails='false': form data and headers will be masked to prevent unsafe logging of potentially sensitive data
16:12:09.406 [Test worker] WARN  o.e.j.s.h.ContextHandler - Empty contextPath
16:12:09.407 [Test worker] INFO  o.e.j.s.h.ContextHandler - Started o.e.j.s.ServletContextHandler@5f041ac5{/,null,AVAILABLE}
16:12:09.407 [Test worker] DEBUG o.s.w.t.h.s.r.b.JettyHttpServer - Starting JettyHttpServer...
16:12:09.407 [Test worker] INFO  o.e.j.s.Server - jetty-9.4.31.v20200723; built: 2020-07-23T17:57:36.812Z; git: 450ba27947e13e66baa8cd1ce7e85a4461cacc1d; jvm 1.8.0_201-b09
16:12:09.417 [Test worker] INFO  o.e.j.s.AbstractConnector - Started ServerConnector@5c265e16{HTTP/1.1, (http/1.1)}{0.0.0.0:55898}
16:12:09.417 [Test worker] INFO  o.e.j.s.Server - Started @97284ms
16:12:09.417 [Test worker] DEBUG o.s.w.t.h.s.r.b.JettyHttpServer - Server started on port 55898(0 millis).
16:12:09.417 [Test worker] DEBUG o.s.w.c.RestTemplate - HTTP GET http://localhost:55898/1/2/3
16:12:09.418 [Test worker] DEBUG o.s.w.c.RestTemplate - Accept=[text/plain, application/json, application/x-jackson-smile, application/*+json, */*]
16:12:09.420 [qtp1717227555-1416] DEBUG o.s.w.s.a.HttpWebHandlerAdapter - [2ce6c69f] HTTP GET "/1/2/3"
16:12:09.421 [qtp1717227555-1416] DEBUG o.s.c.c.CharSequenceEncoder - [2ce6c69f] Writing "/{foo}/{bar}/{baz}"
16:12:09.422 [qtp1717227555-1416] DEBUG o.s.c.c.CharSequenceEncoder - [2ce6c69f] Writing "
"
16:12:09.422 [qtp1717227555-1416] DEBUG o.s.c.c.CharSequenceEncoder - [2ce6c69f] Writing "{foo=1, bar=2, baz=3}"
16:12:09.422 [qtp1717227555-1416] DEBUG o.s.w.s.a.HttpWebHandlerAdapter - [2ce6c69f] Completed 200 OK
16:12:09.423 [Test worker] DEBUG o.s.w.c.RestTemplate - Response 200 OK
16:12:09.423 [Test worker] DEBUG o.s.w.c.RestTemplate - Reading to [java.lang.String] as "text/plain;charset=utf-8"
16:12:09.423 [Test worker] DEBUG o.s.w.t.h.s.r.b.JettyHttpServer - Stopping JettyHttpServer...
16:12:09.424 [Test worker] INFO  o.e.j.s.h.ContextHandler - Stopped o.e.j.s.ServletContextHandler@5f041ac5{/,null,UNAVAILABLE}
16:12:09.425 [Test worker] INFO  o.e.j.s.AbstractConnector - Stopped ServerConnector@5c265e16{HTTP/1.1, (http/1.1)}{0.0.0.0:0}
16:12:09.436 [Test worker] DEBUG o.s.w.t.h.s.r.b.JettyHttpServer - Server stopped (0 millis).
16:12:09.571 [Test worker] DEBUG o.s.w.s.a.HttpWebHandlerAdapter - enableLoggingRequestDetails='false': form data and headers will be masked to prevent unsafe logging of potentially sensitive data
16:12:09.571 [Test worker] DEBUG o.s.w.t.h.s.r.b.ReactorHttpServer - Starting ReactorHttpServer...
16:12:09.573 [Test worker] DEBUG o.s.w.t.h.s.r.b.ReactorHttpServer - Server started on port 55902(0 millis).
16:12:09.573 [Test worker] DEBUG o.s.w.c.RestTemplate - HTTP GET http://localhost:55902/1/2/3
16:12:09.574 [Test worker] DEBUG o.s.w.c.RestTemplate - Accept=[text/plain, application/json, application/x-jackson-smile, application/*+json, */*]
16:12:09.576 [reactor-http-nio-12] DEBUG o.s.w.s.a.HttpWebHandlerAdapter - [5b91eeaa-37] HTTP GET "/1/2/3"
16:12:09.577 [reactor-http-nio-12] DEBUG o.s.c.c.CharSequenceEncoder - [5b91eeaa-37] Writing "/{foo}/{bar}/{baz}"
16:12:09.579 [reactor-http-nio-12] DEBUG o.s.c.c.CharSequenceEncoder - [5b91eeaa-37] Writing "
"
16:12:09.580 [reactor-http-nio-12] DEBUG o.s.c.c.CharSequenceEncoder - [5b91eeaa-37] Writing "{foo=1, bar=2, baz=3}"
16:12:09.582 [reactor-http-nio-12] DEBUG o.s.w.s.a.HttpWebHandlerAdapter - [5b91eeaa-37] Completed 200 OK
16:12:09.586 [Test worker] DEBUG o.s.w.c.RestTemplate - Response 200 OK
16:12:09.587 [Test worker] DEBUG o.s.w.c.RestTemplate - Reading to [java.lang.String] as "text/plain;charset=UTF-8"
16:12:09.587 [Test worker] DEBUG o.s.w.t.h.s.r.b.ReactorHttpServer - Stopping ReactorHttpServer...
16:12:09.588 [Test worker] DEBUG o.s.w.t.h.s.r.b.ReactorHttpServer - Server stopped (0 millis).
16:12:09.683 [Test worker] DEBUG o.s.w.s.a.HttpWebHandlerAdapter - enableLoggingRequestDetails='false': form data and headers will be masked to prevent unsafe logging of potentially sensitive data
16:12:09.684 [Test worker] DEBUG o.s.w.t.h.s.r.b.TomcatHttpServer - Starting TomcatHttpServer...
16:12:09.700 [Test worker] DEBUG o.s.w.t.h.s.r.b.TomcatHttpServer - Server started on port 55906(0 millis).
16:12:09.718 [Test worker] DEBUG o.s.w.c.RestTemplate - HTTP GET http://localhost:55906/1/2/3
16:12:09.718 [Test worker] DEBUG o.s.w.c.RestTemplate - Accept=[text/plain, application/json, application/x-jackson-smile, application/*+json, */*]
16:12:09.730 [http-nio-auto-34-exec-1] DEBUG o.s.w.s.a.HttpWebHandlerAdapter - [7459bf2a] HTTP GET "/1/2/3"
16:12:09.731 [http-nio-auto-34-exec-1] DEBUG o.s.c.c.CharSequenceEncoder - [7459bf2a] Writing "/{foo}/{bar}/{baz}"
16:12:09.731 [http-nio-auto-34-exec-1] DEBUG o.s.c.c.CharSequenceEncoder - [7459bf2a] Writing "
"
16:12:09.731 [http-nio-auto-34-exec-1] DEBUG o.s.c.c.CharSequenceEncoder - [7459bf2a] Writing "{foo=1, bar=2, baz=3}"
16:12:09.732 [http-nio-auto-34-exec-1] DEBUG o.s.w.s.a.HttpWebHandlerAdapter - [7459bf2a] Completed 200 OK
16:12:09.734 [Test worker] DEBUG o.s.w.c.RestTemplate - Response 200 OK
16:12:09.735 [Test worker] DEBUG o.s.w.c.RestTemplate - Reading to [java.lang.String] as "text/plain;charset=UTF-8"
16:12:09.735 [Test worker] DEBUG o.s.w.t.h.s.r.b.TomcatHttpServer - Stopping TomcatHttpServer...
16:12:09.752 [Test worker] DEBUG o.s.w.t.h.s.r.b.TomcatHttpServer - Server stopped (0 millis).
16:12:09.849 [Test worker] DEBUG o.s.w.s.a.HttpWebHandlerAdapter - enableLoggingRequestDetails='false': form data and headers will be masked to prevent unsafe logging of potentially sensitive data
16:12:09.849 [Test worker] DEBUG o.s.w.t.h.s.r.b.UndertowHttpServer - Starting UndertowHttpServer...
16:12:09.849 [Test worker] INFO  i.undertow - starting server: Undertow - 2.0.32.Final
16:12:09.857 [Test worker] DEBUG o.s.w.t.h.s.r.b.UndertowHttpServer - Server started on port 55910(0 millis).
16:12:09.857 [Test worker] DEBUG o.s.w.c.RestTemplate - HTTP GET http://localhost:55910/1/2/3
16:12:09.857 [Test worker] DEBUG o.s.w.c.RestTemplate - Accept=[text/plain, application/json, application/x-jackson-smile, application/*+json, */*]
16:12:09.859 [XNIO-34 I/O-6] DEBUG o.s.w.s.a.HttpWebHandlerAdapter - [5028378] HTTP GET "/1/2/3"
16:12:09.860 [XNIO-34 I/O-6] DEBUG o.s.c.c.CharSequenceEncoder - [5028378] Writing "/{foo}/{bar}/{baz}"
16:12:09.861 [XNIO-34 I/O-6] DEBUG o.s.c.c.CharSequenceEncoder - [5028378] Writing "
"
16:12:09.861 [XNIO-34 I/O-6] DEBUG o.s.c.c.CharSequenceEncoder - [5028378] Writing "{foo=1, bar=2, baz=3}"
16:12:09.861 [XNIO-34 I/O-6] DEBUG o.s.w.s.a.HttpWebHandlerAdapter - [5028378] Completed 200 OK
16:12:09.862 [Test worker] DEBUG o.s.w.c.RestTemplate - Response 200 OK
16:12:09.863 [Test worker] DEBUG o.s.w.c.RestTemplate - Reading to [java.lang.String] as "text/plain;charset=UTF-8"
16:12:09.863 [Test worker] DEBUG o.s.w.t.h.s.r.b.UndertowHttpServer - Stopping UndertowHttpServer...
16:12:09.863 [Test worker] INFO  i.undertow - stopping server: Undertow - 2.0.32.Final
16:12:09.865 [Test worker] DEBUG o.s.w.t.h.s.r.b.UndertowHttpServer - Server stopped (0 millis).
16:12:10.017 [Test worker] DEBUG o.s.w.s.a.HttpWebHandlerAdapter - enableLoggingRequestDetails='false': form data and headers will be masked to prevent unsafe logging of potentially sensitive data
16:12:10.018 [Test worker] WARN  o.e.j.s.h.ContextHandler - Empty contextPath
16:12:10.018 [Test worker] INFO  o.e.j.s.h.ContextHandler - Started o.e.j.s.ServletContextHandler@130972a2{/,null,AVAILABLE}
16:12:10.018 [Test worker] DEBUG o.s.w.t.h.s.r.b.JettyHttpServer - Starting JettyHttpServer...
16:12:10.018 [Test worker] INFO  o.e.j.s.Server - jetty-9.4.31.v20200723; built: 2020-07-23T17:57:36.812Z; git: 450ba27947e13e66baa8cd1ce7e85a4461cacc1d; jvm 1.8.0_201-b09
16:12:10.023 [Test worker] INFO  o.e.j.s.AbstractConnector - Started ServerConnector@19ade8d5{HTTP/1.1, (http/1.1)}{0.0.0.0:55914}
16:12:10.023 [Test worker] INFO  o.e.j.s.Server - Started @97891ms
16:12:10.024 [Test worker] DEBUG o.s.w.t.h.s.r.b.JettyHttpServer - Server started on port 55914(0 millis).
16:12:10.024 [Test worker] DEBUG o.s.w.c.RestTemplate - HTTP GET http://localhost:55914/foo/bar
16:12:10.024 [Test worker] DEBUG o.s.w.c.RestTemplate - Accept=[text/plain, application/json, application/x-jackson-smile, application/*+json, */*]
16:12:10.027 [qtp663133187-1454] DEBUG o.s.w.s.a.HttpWebHandlerAdapter - [140fe34e] HTTP GET "/foo/bar"
16:12:10.028 [qtp663133187-1454] DEBUG o.s.c.c.CharSequenceEncoder - [140fe34e] Writing "/foo/bar"
16:12:10.029 [qtp663133187-1454] DEBUG o.s.w.s.a.HttpWebHandlerAdapter - [140fe34e] Completed 200 OK
16:12:10.029 [Test worker] DEBUG o.s.w.c.RestTemplate - Response 200 OK
16:12:10.030 [Test worker] DEBUG o.s.w.c.RestTemplate - Reading to [java.lang.String] as "text/plain;charset=utf-8"
16:12:10.031 [Test worker] DEBUG o.s.w.t.h.s.r.b.JettyHttpServer - Stopping JettyHttpServer...
16:12:10.031 [Test worker] INFO  o.e.j.s.h.ContextHandler - Stopped o.e.j.s.ServletContextHandler@130972a2{/,null,UNAVAILABLE}
16:12:10.034 [Test worker] INFO  o.e.j.s.AbstractConnector - Stopped ServerConnector@19ade8d5{HTTP/1.1, (http/1.1)}{0.0.0.0:0}
16:12:10.045 [Test worker] DEBUG o.s.w.t.h.s.r.b.JettyHttpServer - Server stopped (0 millis).
16:12:10.169 [Test worker] DEBUG o.s.w.s.a.HttpWebHandlerAdapter - enableLoggingRequestDetails='false': form data and headers will be masked to prevent unsafe logging of potentially sensitive data
16:12:10.169 [Test worker] DEBUG o.s.w.t.h.s.r.b.ReactorHttpServer - Starting ReactorHttpServer...
16:12:10.171 [Test worker] DEBUG o.s.w.t.h.s.r.b.ReactorHttpServer - Server started on port 55920(0 millis).
16:12:10.171 [Test worker] DEBUG o.s.w.c.RestTemplate - HTTP GET http://localhost:55920/foo/bar
16:12:10.172 [Test worker] DEBUG o.s.w.c.RestTemplate - Accept=[text/plain, application/json, application/x-jackson-smile, application/*+json, */*]
16:12:10.174 [reactor-http-nio-2] DEBUG o.s.w.s.a.HttpWebHandlerAdapter - [7e63a7f6-38] HTTP GET "/foo/bar"
16:12:10.175 [reactor-http-nio-2] DEBUG o.s.c.c.CharSequenceEncoder - [7e63a7f6-38] Writing "/foo/bar"
16:12:10.177 [reactor-http-nio-2] DEBUG o.s.w.s.a.HttpWebHandlerAdapter - [7e63a7f6-38] Completed 200 OK
16:12:10.177 [Test worker] DEBUG o.s.w.c.RestTemplate - Response 200 OK
16:12:10.177 [Test worker] DEBUG o.s.w.c.RestTemplate - Reading to [java.lang.String] as "text/plain;charset=UTF-8"
16:12:10.178 [Test worker] DEBUG o.s.w.t.h.s.r.b.ReactorHttpServer - Stopping ReactorHttpServer...
16:12:10.178 [Test worker] DEBUG o.s.w.t.h.s.r.b.ReactorHttpServer - Server stopped (0 millis).
16:12:10.285 [Test worker] DEBUG o.s.w.s.a.HttpWebHandlerAdapter - enableLoggingRequestDetails='false': form data and headers will be masked to prevent unsafe logging of potentially sensitive data
16:12:10.286 [Test worker] DEBUG o.s.w.t.h.s.r.b.TomcatHttpServer - Starting TomcatHttpServer...
16:12:10.313 [Test worker] DEBUG o.s.w.t.h.s.r.b.TomcatHttpServer - Server started on port 55924(0 millis).
16:12:10.313 [Test worker] DEBUG o.s.w.c.RestTemplate - HTTP GET http://localhost:55924/foo/bar
16:12:10.313 [Test worker] DEBUG o.s.w.c.RestTemplate - Accept=[text/plain, application/json, application/x-jackson-smile, application/*+json, */*]
16:12:10.317 [http-nio-auto-35-exec-1] DEBUG o.s.w.s.a.HttpWebHandlerAdapter - [2f1e0a75] HTTP GET "/foo/bar"
16:12:10.318 [http-nio-auto-35-exec-1] DEBUG o.s.c.c.CharSequenceEncoder - [2f1e0a75] Writing "/foo/bar"
16:12:10.319 [http-nio-auto-35-exec-1] DEBUG o.s.w.s.a.HttpWebHandlerAdapter - [2f1e0a75] Completed 200 OK
16:12:10.319 [Test worker] DEBUG o.s.w.c.RestTemplate - Response 200 OK
16:12:10.320 [Test worker] DEBUG o.s.w.c.RestTemplate - Reading to [java.lang.String] as "text/plain;charset=UTF-8"
16:12:10.320 [Test worker] DEBUG o.s.w.t.h.s.r.b.TomcatHttpServer - Stopping TomcatHttpServer...
16:12:10.352 [Test worker] DEBUG o.s.w.t.h.s.r.b.TomcatHttpServer - Server stopped (0 millis).
16:12:10.451 [Test worker] DEBUG o.s.w.s.a.HttpWebHandlerAdapter - enableLoggingRequestDetails='false': form data and headers will be masked to prevent unsafe logging of potentially sensitive data
16:12:10.451 [Test worker] DEBUG o.s.w.t.h.s.r.b.UndertowHttpServer - Starting UndertowHttpServer...
16:12:10.451 [Test worker] INFO  i.undertow - starting server: Undertow - 2.0.32.Final
16:12:10.501 [Test worker] DEBUG o.s.w.t.h.s.r.b.UndertowHttpServer - Server started on port 55928(0 millis).
16:12:10.502 [Test worker] DEBUG o.s.w.c.RestTemplate - HTTP GET http://localhost:55928/foo/bar
16:12:10.502 [Test worker] DEBUG o.s.w.c.RestTemplate - Accept=[text/plain, application/json, application/x-jackson-smile, application/*+json, */*]
16:12:10.504 [XNIO-35 I/O-7] DEBUG o.s.w.s.a.HttpWebHandlerAdapter - [449d3be4] HTTP GET "/foo/bar"
16:12:10.505 [XNIO-35 I/O-7] DEBUG o.s.c.c.CharSequenceEncoder - [449d3be4] Writing "/foo/bar"
16:12:10.505 [XNIO-35 I/O-7] DEBUG o.s.w.s.a.HttpWebHandlerAdapter - [449d3be4] Completed 200 OK
16:12:10.505 [Test worker] DEBUG o.s.w.c.RestTemplate - Response 200 OK
16:12:10.506 [Test worker] DEBUG o.s.w.c.RestTemplate - Reading to [java.lang.String] as "text/plain;charset=UTF-8"
16:12:10.506 [Test worker] DEBUG o.s.w.t.h.s.r.b.UndertowHttpServer - Stopping UndertowHttpServer...
16:12:10.506 [Test worker] INFO  i.undertow - stopping server: Undertow - 2.0.32.Final
16:12:10.508 [Test worker] DEBUG o.s.w.t.h.s.r.b.UndertowHttpServer - Server stopped (0 millis).
16:12:10.610 [Test worker] DEBUG o.s.w.s.a.HttpWebHandlerAdapter - enableLoggingRequestDetails='false': form data and headers will be masked to prevent unsafe logging of potentially sensitive data
16:12:10.610 [Test worker] WARN  o.e.j.s.h.ContextHandler - Empty contextPath
16:12:10.610 [Test worker] INFO  o.e.j.s.h.ContextHandler - Started o.e.j.s.ServletContextHandler@5bb0cebe{/,null,AVAILABLE}
16:12:10.611 [Test worker] DEBUG o.s.w.t.h.s.r.b.JettyHttpServer - Starting JettyHttpServer...
16:12:10.611 [Test worker] INFO  o.e.j.s.Server - jetty-9.4.31.v20200723; built: 2020-07-23T17:57:36.812Z; git: 450ba27947e13e66baa8cd1ce7e85a4461cacc1d; jvm 1.8.0_201-b09
16:12:10.619 [Test worker] INFO  o.e.j.s.AbstractConnector - Started ServerConnector@858e050{HTTP/1.1, (http/1.1)}{0.0.0.0:55934}
16:12:10.619 [Test worker] INFO  o.e.j.s.Server - Started @98486ms
16:12:10.619 [Test worker] DEBUG o.s.w.t.h.s.r.b.JettyHttpServer - Server started on port 55934(0 millis).
16:12:10.620 [Test worker] DEBUG o.s.w.c.RestTemplate - HTTP GET http://localhost:55934/foo/baz
16:12:10.620 [Test worker] DEBUG o.s.w.c.RestTemplate - Accept=[text/plain, application/json, application/x-jackson-smile, application/*+json, */*]
16:12:10.623 [qtp848582608-1492] DEBUG o.s.w.s.a.HttpWebHandlerAdapter - [4e85d60f] HTTP GET "/foo/baz"
16:12:10.624 [qtp848582608-1492] DEBUG o.s.c.c.CharSequenceEncoder - [4e85d60f] Writing "/foo/baz"
16:12:10.625 [Test worker] DEBUG o.s.w.c.RestTemplate - Response 200 OK
16:12:10.625 [qtp848582608-1492] DEBUG o.s.w.s.a.HttpWebHandlerAdapter - [4e85d60f] Completed 200 OK
16:12:10.625 [Test worker] DEBUG o.s.w.c.RestTemplate - Reading to [java.lang.String] as "text/plain;charset=utf-8"
16:12:10.625 [Test worker] DEBUG o.s.w.t.h.s.r.b.JettyHttpServer - Stopping JettyHttpServer...
16:12:10.626 [Test worker] INFO  o.e.j.s.h.ContextHandler - Stopped o.e.j.s.ServletContextHandler@5bb0cebe{/,null,UNAVAILABLE}
16:12:10.627 [Test worker] INFO  o.e.j.s.AbstractConnector - Stopped ServerConnector@858e050{HTTP/1.1, (http/1.1)}{0.0.0.0:0}
16:12:10.638 [Test worker] DEBUG o.s.w.t.h.s.r.b.JettyHttpServer - Server stopped (0 millis).
16:12:10.720 [Test worker] DEBUG o.s.w.s.a.HttpWebHandlerAdapter - enableLoggingRequestDetails='false': form data and headers will be masked to prevent unsafe logging of potentially sensitive data
16:12:10.720 [Test worker] DEBUG o.s.w.t.h.s.r.b.ReactorHttpServer - Starting ReactorHttpServer...
16:12:10.727 [Test worker] DEBUG o.s.w.t.h.s.r.b.ReactorHttpServer - Server started on port 55938(0 millis).
16:12:10.727 [Test worker] DEBUG o.s.w.c.RestTemplate - HTTP GET http://localhost:55938/foo/baz
16:12:10.727 [Test worker] DEBUG o.s.w.c.RestTemplate - Accept=[text/plain, application/json, application/x-jackson-smile, application/*+json, */*]
16:12:10.733 [reactor-http-nio-4] DEBUG o.s.w.s.a.HttpWebHandlerAdapter - [29789735-39] HTTP GET "/foo/baz"
16:12:10.734 [reactor-http-nio-4] DEBUG o.s.c.c.CharSequenceEncoder - [29789735-39] Writing "/foo/baz"
16:12:10.736 [Test worker] DEBUG o.s.w.c.RestTemplate - Response 200 OK
16:12:10.736 [reactor-http-nio-4] DEBUG o.s.w.s.a.HttpWebHandlerAdapter - [29789735-39] Completed 200 OK
16:12:10.736 [Test worker] DEBUG o.s.w.c.RestTemplate - Reading to [java.lang.String] as "text/plain;charset=UTF-8"
16:12:10.737 [Test worker] DEBUG o.s.w.t.h.s.r.b.ReactorHttpServer - Stopping ReactorHttpServer...
16:12:10.737 [Test worker] DEBUG o.s.w.t.h.s.r.b.ReactorHttpServer - Server stopped (0 millis).
16:12:10.798 [Test worker] DEBUG o.s.w.s.a.HttpWebHandlerAdapter - enableLoggingRequestDetails='false': form data and headers will be masked to prevent unsafe logging of potentially sensitive data
16:12:10.799 [Test worker] DEBUG o.s.w.t.h.s.r.b.TomcatHttpServer - Starting TomcatHttpServer...
16:12:10.810 [Test worker] DEBUG o.s.w.t.h.s.r.b.TomcatHttpServer - Server started on port 55940(0 millis).
16:12:10.810 [Test worker] DEBUG o.s.w.c.RestTemplate - HTTP GET http://localhost:55940/foo/baz
16:12:10.810 [Test worker] DEBUG o.s.w.c.RestTemplate - Accept=[text/plain, application/json, application/x-jackson-smile, application/*+json, */*]
16:12:10.813 [http-nio-auto-36-exec-1] DEBUG o.s.w.s.a.HttpWebHandlerAdapter - [34de0aa5] HTTP GET "/foo/baz"
16:12:10.814 [http-nio-auto-36-exec-1] DEBUG o.s.c.c.CharSequenceEncoder - [34de0aa5] Writing "/foo/baz"
16:12:10.815 [http-nio-auto-36-exec-1] DEBUG o.s.w.s.a.HttpWebHandlerAdapter - [34de0aa5] Completed 200 OK
16:12:10.816 [Test worker] DEBUG o.s.w.c.RestTemplate - Response 200 OK
16:12:10.816 [Test worker] DEBUG o.s.w.c.RestTemplate - Reading to [java.lang.String] as "text/plain;charset=UTF-8"
16:12:10.817 [Test worker] DEBUG o.s.w.t.h.s.r.b.TomcatHttpServer - Stopping TomcatHttpServer...
16:12:10.884 [Test worker] DEBUG o.s.w.t.h.s.r.b.TomcatHttpServer - Server stopped (0 millis).
16:12:10.983 [Test worker] DEBUG o.s.w.s.a.HttpWebHandlerAdapter - enableLoggingRequestDetails='false': form data and headers will be masked to prevent unsafe logging of potentially sensitive data
16:12:10.983 [Test worker] DEBUG o.s.w.t.h.s.r.b.UndertowHttpServer - Starting UndertowHttpServer...
16:12:10.983 [Test worker] INFO  i.undertow - starting server: Undertow - 2.0.32.Final
16:12:10.992 [Test worker] DEBUG o.s.w.t.h.s.r.b.UndertowHttpServer - Server started on port 55949(0 millis).
16:12:10.992 [Test worker] DEBUG o.s.w.c.RestTemplate - HTTP GET http://localhost:55949/foo/baz
16:12:10.992 [Test worker] DEBUG o.s.w.c.RestTemplate - Accept=[text/plain, application/json, application/x-jackson-smile, application/*+json, */*]
16:12:10.994 [XNIO-36 I/O-6] DEBUG o.s.w.s.a.HttpWebHandlerAdapter - [693eee56] HTTP GET "/foo/baz"
16:12:10.995 [XNIO-36 I/O-6] DEBUG o.s.c.c.CharSequenceEncoder - [693eee56] Writing "/foo/baz"
16:12:10.996 [XNIO-36 I/O-6] DEBUG o.s.w.s.a.HttpWebHandlerAdapter - [693eee56] Completed 200 OK
16:12:10.996 [Test worker] DEBUG o.s.w.c.RestTemplate - Response 200 OK
16:12:10.996 [Test worker] DEBUG o.s.w.c.RestTemplate - Reading to [java.lang.String] as "text/plain;charset=UTF-8"
16:12:10.997 [Test worker] DEBUG o.s.w.t.h.s.r.b.UndertowHttpServer - Stopping UndertowHttpServer...
16:12:10.997 [Test worker] INFO  i.undertow - stopping server: Undertow - 2.0.32.Final
16:12:10.999 [Test worker] DEBUG o.s.w.t.h.s.r.b.UndertowHttpServer - Server stopped (0 millis).
16:12:11.092 [Test worker] DEBUG o.s.w.s.a.HttpWebHandlerAdapter - enableLoggingRequestDetails='false': form data and headers will be masked to prevent unsafe logging of potentially sensitive data
16:12:11.093 [Test worker] WARN  o.e.j.s.h.ContextHandler - Empty contextPath
16:12:11.093 [Test worker] INFO  o.e.j.s.h.ContextHandler - Started o.e.j.s.ServletContextHandler@1cc8555e{/,null,AVAILABLE}
16:12:11.093 [Test worker] DEBUG o.s.w.t.h.s.r.b.JettyHttpServer - Starting JettyHttpServer...
16:12:11.093 [Test worker] INFO  o.e.j.s.Server - jetty-9.4.31.v20200723; built: 2020-07-23T17:57:36.812Z; git: 450ba27947e13e66baa8cd1ce7e85a4461cacc1d; jvm 1.8.0_201-b09
16:12:11.105 [Test worker] INFO  o.e.j.s.AbstractConnector - Started ServerConnector@11c00b19{HTTP/1.1, (http/1.1)}{0.0.0.0:55951}
16:12:11.105 [Test worker] INFO  o.e.j.s.Server - Started @98972ms
16:12:11.105 [Test worker] DEBUG o.s.w.t.h.s.r.b.JettyHttpServer - Server started on port 55951(0 millis).
16:12:11.105 [Test worker] DEBUG o.s.w.c.RestTemplate - HTTP GET http://localhost:55951/1/bar
16:12:11.106 [Test worker] DEBUG o.s.w.c.RestTemplate - Accept=[text/plain, application/json, application/x-jackson-smile, application/*+json, */*]
16:12:11.109 [qtp893933955-1530] DEBUG o.s.w.s.a.HttpWebHandlerAdapter - [3fe496bb] HTTP GET "/1/bar"
16:12:11.110 [qtp893933955-1530] DEBUG o.s.c.c.CharSequenceEncoder - [3fe496bb] Writing "/{foo}/bar"
16:12:11.110 [qtp893933955-1530] DEBUG o.s.c.c.CharSequenceEncoder - [3fe496bb] Writing "
"
16:12:11.111 [qtp893933955-1530] DEBUG o.s.c.c.CharSequenceEncoder - [3fe496bb] Writing "{foo=1}"
16:12:11.111 [Test worker] DEBUG o.s.w.c.RestTemplate - Response 200 OK
16:12:11.111 [qtp893933955-1530] DEBUG o.s.w.s.a.HttpWebHandlerAdapter - [3fe496bb] Completed 200 OK
16:12:11.111 [Test worker] DEBUG o.s.w.c.RestTemplate - Reading to [java.lang.String] as "text/plain;charset=utf-8"
16:12:11.113 [Test worker] DEBUG o.s.w.t.h.s.r.b.JettyHttpServer - Stopping JettyHttpServer...
16:12:11.113 [Test worker] INFO  o.e.j.s.h.ContextHandler - Stopped o.e.j.s.ServletContextHandler@1cc8555e{/,null,UNAVAILABLE}
16:12:11.116 [Test worker] INFO  o.e.j.s.AbstractConnector - Stopped ServerConnector@11c00b19{HTTP/1.1, (http/1.1)}{0.0.0.0:0}
16:12:11.126 [Test worker] DEBUG o.s.w.t.h.s.r.b.JettyHttpServer - Server stopped (0 millis).
16:12:11.236 [Test worker] DEBUG o.s.w.s.a.HttpWebHandlerAdapter - enableLoggingRequestDetails='false': form data and headers will be masked to prevent unsafe logging of potentially sensitive data
16:12:11.236 [Test worker] DEBUG o.s.w.t.h.s.r.b.ReactorHttpServer - Starting ReactorHttpServer...
16:12:11.237 [Test worker] DEBUG o.s.w.t.h.s.r.b.ReactorHttpServer - Server started on port 55958(0 millis).
16:12:11.237 [Test worker] DEBUG o.s.w.c.RestTemplate - HTTP GET http://localhost:55958/1/bar
16:12:11.238 [Test worker] DEBUG o.s.w.c.RestTemplate - Accept=[text/plain, application/json, application/x-jackson-smile, application/*+json, */*]
16:12:11.240 [reactor-http-nio-6] DEBUG o.s.w.s.a.HttpWebHandlerAdapter - [39f0d247-40] HTTP GET "/1/bar"
16:12:11.241 [reactor-http-nio-6] DEBUG o.s.c.c.CharSequenceEncoder - [39f0d247-40] Writing "/{foo}/bar"
16:12:11.242 [reactor-http-nio-6] DEBUG o.s.c.c.CharSequenceEncoder - [39f0d247-40] Writing "
"
16:12:11.243 [Test worker] DEBUG o.s.w.c.RestTemplate - Response 200 OK
16:12:11.243 [reactor-http-nio-6] DEBUG o.s.c.c.CharSequenceEncoder - [39f0d247-40] Writing "{foo=1}"
16:12:11.244 [Test worker] DEBUG o.s.w.c.RestTemplate - Reading to [java.lang.String] as "text/plain;charset=UTF-8"
16:12:11.244 [reactor-http-nio-6] DEBUG o.s.w.s.a.HttpWebHandlerAdapter - [39f0d247-40] Completed 200 OK
16:12:11.245 [Test worker] DEBUG o.s.w.t.h.s.r.b.ReactorHttpServer - Stopping ReactorHttpServer...
16:12:11.245 [Test worker] DEBUG o.s.w.t.h.s.r.b.ReactorHttpServer - Server stopped (0 millis).
16:12:11.307 [Test worker] DEBUG o.s.w.s.a.HttpWebHandlerAdapter - enableLoggingRequestDetails='false': form data and headers will be masked to prevent unsafe logging of potentially sensitive data
16:12:11.307 [Test worker] DEBUG o.s.w.t.h.s.r.b.TomcatHttpServer - Starting TomcatHttpServer...
16:12:11.359 [Test worker] DEBUG o.s.w.t.h.s.r.b.TomcatHttpServer - Server started on port 55962(0 millis).
16:12:11.359 [Test worker] DEBUG o.s.w.c.RestTemplate - HTTP GET http://localhost:55962/1/bar
16:12:11.359 [Test worker] DEBUG o.s.w.c.RestTemplate - Accept=[text/plain, application/json, application/x-jackson-smile, application/*+json, */*]
16:12:11.363 [http-nio-auto-37-exec-1] DEBUG o.s.w.s.a.HttpWebHandlerAdapter - [45164fb2] HTTP GET "/1/bar"
16:12:11.364 [http-nio-auto-37-exec-1] DEBUG o.s.c.c.CharSequenceEncoder - [45164fb2] Writing "/{foo}/bar"
16:12:11.364 [http-nio-auto-37-exec-1] DEBUG o.s.c.c.CharSequenceEncoder - [45164fb2] Writing "
"
16:12:11.364 [http-nio-auto-37-exec-1] DEBUG o.s.c.c.CharSequenceEncoder - [45164fb2] Writing "{foo=1}"
16:12:11.365 [http-nio-auto-37-exec-1] DEBUG o.s.w.s.a.HttpWebHandlerAdapter - [45164fb2] Completed 200 OK
16:12:11.365 [Test worker] DEBUG o.s.w.c.RestTemplate - Response 200 OK
16:12:11.365 [Test worker] DEBUG o.s.w.c.RestTemplate - Reading to [java.lang.String] as "text/plain;charset=UTF-8"
16:12:11.366 [Test worker] DEBUG o.s.w.t.h.s.r.b.TomcatHttpServer - Stopping TomcatHttpServer...
16:12:11.382 [Test worker] DEBUG o.s.w.t.h.s.r.b.TomcatHttpServer - Server stopped (0 millis).
16:12:11.755 [Test worker] DEBUG o.s.w.s.a.HttpWebHandlerAdapter - enableLoggingRequestDetails='false': form data and headers will be masked to prevent unsafe logging of potentially sensitive data
16:12:11.755 [Test worker] DEBUG o.s.w.t.h.s.r.b.UndertowHttpServer - Starting UndertowHttpServer...
16:12:11.756 [Test worker] INFO  i.undertow - starting server: Undertow - 2.0.32.Final
16:12:11.761 [Test worker] DEBUG o.s.w.t.h.s.r.b.UndertowHttpServer - Server started on port 55967(0 millis).
16:12:11.763 [Test worker] DEBUG o.s.w.c.RestTemplate - HTTP GET http://localhost:55967/1/bar
16:12:11.765 [Test worker] DEBUG o.s.w.c.RestTemplate - Accept=[text/plain, application/json, application/x-jackson-smile, application/*+json, */*]
16:12:11.767 [XNIO-37 I/O-6] DEBUG o.s.w.s.a.HttpWebHandlerAdapter - [3655444d] HTTP GET "/1/bar"
16:12:11.769 [XNIO-37 I/O-6] DEBUG o.s.c.c.CharSequenceEncoder - [3655444d] Writing "/{foo}/bar"
16:12:11.769 [XNIO-37 I/O-6] DEBUG o.s.c.c.CharSequenceEncoder - [3655444d] Writing "
"
16:12:11.770 [XNIO-37 I/O-6] DEBUG o.s.c.c.CharSequenceEncoder - [3655444d] Writing "{foo=1}"
16:12:11.770 [XNIO-37 I/O-6] DEBUG o.s.w.s.a.HttpWebHandlerAdapter - [3655444d] Completed 200 OK
16:12:11.770 [Test worker] DEBUG o.s.w.c.RestTemplate - Response 200 OK
16:12:11.770 [Test worker] DEBUG o.s.w.c.RestTemplate - Reading to [java.lang.String] as "text/plain;charset=UTF-8"
16:12:11.771 [Test worker] DEBUG o.s.w.t.h.s.r.b.UndertowHttpServer - Stopping UndertowHttpServer...
16:12:11.771 [Test worker] INFO  i.undertow - stopping server: Undertow - 2.0.32.Final
16:12:11.773 [Test worker] DEBUG o.s.w.t.h.s.r.b.UndertowHttpServer - Server stopped (0 millis).
]]></system-out>
  <system-err><![CDATA[]]></system-err>
</testsuite>
