<?xml version="1.0" encoding="UTF-8"?>
<testsuite name="org.springframework.web.reactive.result.method.annotation.RequestMappingHandlerMappingTests" tests="10" skipped="0" failures="0" errors="0" timestamp="2020-05-29T14:00:36" hostname="bamboo-18" time="0.106">
  <properties/>
  <testcase name="getMappingOverridesConsumesFromTypeLevelAnnotation()" classname="org.springframework.web.reactive.result.method.annotation.RequestMappingHandlerMappingTests" time="0.004"/>
  <testcase name="patchMapping()" classname="org.springframework.web.reactive.result.method.annotation.RequestMappingHandlerMappingTests" time="0.003"/>
  <testcase name="resolveRequestMappingViaComposedAnnotation()" classname="org.springframework.web.reactive.result.method.annotation.RequestMappingHandlerMappingTests" time="0.001"/>
  <testcase name="consumesWithOptionalRequestBody()" classname="org.springframework.web.reactive.result.method.annotation.RequestMappingHandlerMappingTests" time="0.05"/>
  <testcase name="deleteMapping()" classname="org.springframework.web.reactive.result.method.annotation.RequestMappingHandlerMappingTests" time="0.001"/>
  <testcase name="pathPrefix()" classname="org.springframework.web.reactive.result.method.annotation.RequestMappingHandlerMappingTests" time="0.01"/>
  <testcase name="putMapping()" classname="org.springframework.web.reactive.result.method.annotation.RequestMappingHandlerMappingTests" time="0.009"/>
  <testcase name="resolveEmbeddedValuesInPatterns()" classname="org.springframework.web.reactive.result.method.annotation.RequestMappingHandlerMappingTests" time="0.022"/>
  <testcase name="postMapping()" classname="org.springframework.web.reactive.result.method.annotation.RequestMappingHandlerMappingTests" time="0.001"/>
  <testcase name="getMapping()" classname="org.springframework.web.reactive.result.method.annotation.RequestMappingHandlerMappingTests" time="0.0"/>
  <system-out><![CDATA[14:00:36.177 [Test worker] DEBUG o.s.w.c.s.StaticWebApplicationContext - Refreshing Root WebApplicationContext
14:00:36.222 [Test worker] DEBUG o.s.w.r.r.m.a.RequestMappingHandlerMapping - 7 mappings in <unknown>
]]></system-out>
  <system-err><![CDATA[]]></system-err>
</testsuite>
