<?xml version="1.0" encoding="UTF-8"?>
<testsuite name="org.springframework.web.reactive.function.server.ServerResponseExtensionsTests" tests="12" skipped="0" failures="0" errors="0" timestamp="2021-06-20T08:12:28" hostname="gankangdembp" time="7.296">
  <properties/>
  <testcase name="BodyBuilder#renderAndAwait with a vararg parameter()" classname="org.springframework.web.reactive.function.server.ServerResponseExtensionsTests" time="1.34"/>
  <testcase name="BodyBuilder#body with Flowable and reified type parameters()" classname="org.springframework.web.reactive.function.server.ServerResponseExtensionsTests" time="2.703"/>
  <testcase name="BodyBuilder#body with Publisher and reified type parameters()" classname="org.springframework.web.reactive.function.server.ServerResponseExtensionsTests" time="0.028"/>
  <testcase name="BodyBuilder#bodyAndAwait with flow parameter()" classname="org.springframework.web.reactive.function.server.ServerResponseExtensionsTests" time="0.309"/>
  <testcase name="BodyBuilder#sse()" classname="org.springframework.web.reactive.function.server.ServerResponseExtensionsTests" time="0.006"/>
  <testcase name="BodyBuilder#xml()" classname="org.springframework.web.reactive.function.server.ServerResponseExtensionsTests" time="0.007"/>
  <testcase name="HeadersBuilder#buildAndAwait()" classname="org.springframework.web.reactive.function.server.ServerResponseExtensionsTests" time="0.192"/>
  <testcase name="BodyBuilder#html()" classname="org.springframework.web.reactive.function.server.ServerResponseExtensionsTests" time="0.005"/>
  <testcase name="BodyBuilder#json()" classname="org.springframework.web.reactive.function.server.ServerResponseExtensionsTests" time="0.005"/>
  <testcase name="BodyBuilder#bodyAndAwait with object parameter()" classname="org.springframework.web.reactive.function.server.ServerResponseExtensionsTests" time="0.017"/>
  <testcase name="BodyBuilder#body with CompletableFuture and reified type parameters()" classname="org.springframework.web.reactive.function.server.ServerResponseExtensionsTests" time="2.016"/>
  <testcase name="BodyBuilder#renderAndAwait with a Map parameter()" classname="org.springframework.web.reactive.function.server.ServerResponseExtensionsTests" time="0.638"/>
  <system-out><![CDATA[]]></system-out>
  <system-err><![CDATA[]]></system-err>
</testsuite>
