<?xml version="1.0" encoding="UTF-8"?>
<testsuite name="org.springframework.web.reactive.result.method.annotation.CookieValueMethodArgumentResolverTests" tests="6" skipped="0" failures="0" errors="0" timestamp="2020-05-29T14:00:30" hostname="bamboo-18" time="0.128">
  <properties/>
  <testcase name="resolveCookieArgument()" classname="org.springframework.web.reactive.result.method.annotation.CookieValueMethodArgumentResolverTests" time="0.04"/>
  <testcase name="resolveCookieDefaultValue()" classname="org.springframework.web.reactive.result.method.annotation.CookieValueMethodArgumentResolverTests" time="0.008"/>
  <testcase name="resolveCookieStringArgument()" classname="org.springframework.web.reactive.result.method.annotation.CookieValueMethodArgumentResolverTests" time="0.021"/>
  <testcase name="notFound()" classname="org.springframework.web.reactive.result.method.annotation.CookieValueMethodArgumentResolverTests" time="0.014"/>
  <testcase name="doesNotSupportParameter()" classname="org.springframework.web.reactive.result.method.annotation.CookieValueMethodArgumentResolverTests" time="0.024"/>
  <testcase name="supportsParameter()" classname="org.springframework.web.reactive.result.method.annotation.CookieValueMethodArgumentResolverTests" time="0.006"/>
  <system-out><![CDATA[]]></system-out>
  <system-err><![CDATA[]]></system-err>
</testsuite>
