<?xml version="1.0" encoding="UTF-8"?>
<testsuite name="org.springframework.web.reactive.function.client.WebClientDataBufferAllocatingTests" tests="54" skipped="0" failures="0" errors="0" timestamp="2021-06-20T08:12:12" hostname="gankangdembp" time="1.911">
  <properties/>
  <testcase name="bodyToMonoVoidWithoutContentType(String, DataBufferFactory)[1]" classname="org.springframework.web.reactive.function.client.WebClientDataBufferAllocatingTests" time="0.594"/>
  <testcase name="bodyToMonoVoidWithoutContentType(String, DataBufferFactory)[2]" classname="org.springframework.web.reactive.function.client.WebClientDataBufferAllocatingTests" time="0.016"/>
  <testcase name="bodyToMonoVoidWithoutContentType(String, DataBufferFactory)[3]" classname="org.springframework.web.reactive.function.client.WebClientDataBufferAllocatingTests" time="0.019"/>
  <testcase name="bodyToMonoVoidWithoutContentType(String, DataBufferFactory)[4]" classname="org.springframework.web.reactive.function.client.WebClientDataBufferAllocatingTests" time="0.076"/>
  <testcase name="bodyToMonoVoidWithoutContentType(String, DataBufferFactory)[5]" classname="org.springframework.web.reactive.function.client.WebClientDataBufferAllocatingTests" time="0.028"/>
  <testcase name="bodyToMonoVoidWithoutContentType(String, DataBufferFactory)[6]" classname="org.springframework.web.reactive.function.client.WebClientDataBufferAllocatingTests" time="0.01"/>
  <testcase name="onStatusWithBodyNotConsumed(String, DataBufferFactory)[1]" classname="org.springframework.web.reactive.function.client.WebClientDataBufferAllocatingTests" time="0.019"/>
  <testcase name="onStatusWithBodyNotConsumed(String, DataBufferFactory)[2]" classname="org.springframework.web.reactive.function.client.WebClientDataBufferAllocatingTests" time="0.014"/>
  <testcase name="onStatusWithBodyNotConsumed(String, DataBufferFactory)[3]" classname="org.springframework.web.reactive.function.client.WebClientDataBufferAllocatingTests" time="0.015"/>
  <testcase name="onStatusWithBodyNotConsumed(String, DataBufferFactory)[4]" classname="org.springframework.web.reactive.function.client.WebClientDataBufferAllocatingTests" time="0.014"/>
  <testcase name="onStatusWithBodyNotConsumed(String, DataBufferFactory)[5]" classname="org.springframework.web.reactive.function.client.WebClientDataBufferAllocatingTests" time="0.086"/>
  <testcase name="onStatusWithBodyNotConsumed(String, DataBufferFactory)[6]" classname="org.springframework.web.reactive.function.client.WebClientDataBufferAllocatingTests" time="0.015"/>
  <testcase name="exchangeToBodilessEntity(String, DataBufferFactory)[1]" classname="org.springframework.web.reactive.function.client.WebClientDataBufferAllocatingTests" time="0.012"/>
  <testcase name="exchangeToBodilessEntity(String, DataBufferFactory)[2]" classname="org.springframework.web.reactive.function.client.WebClientDataBufferAllocatingTests" time="0.008"/>
  <testcase name="exchangeToBodilessEntity(String, DataBufferFactory)[3]" classname="org.springframework.web.reactive.function.client.WebClientDataBufferAllocatingTests" time="0.058"/>
  <testcase name="exchangeToBodilessEntity(String, DataBufferFactory)[4]" classname="org.springframework.web.reactive.function.client.WebClientDataBufferAllocatingTests" time="0.011"/>
  <testcase name="exchangeToBodilessEntity(String, DataBufferFactory)[5]" classname="org.springframework.web.reactive.function.client.WebClientDataBufferAllocatingTests" time="0.009"/>
  <testcase name="exchangeToBodilessEntity(String, DataBufferFactory)[6]" classname="org.springframework.web.reactive.function.client.WebClientDataBufferAllocatingTests" time="0.009"/>
  <testcase name="bodyToMonoVoid(String, DataBufferFactory)[1]" classname="org.springframework.web.reactive.function.client.WebClientDataBufferAllocatingTests" time="0.011"/>
  <testcase name="bodyToMonoVoid(String, DataBufferFactory)[2]" classname="org.springframework.web.reactive.function.client.WebClientDataBufferAllocatingTests" time="0.015"/>
  <testcase name="bodyToMonoVoid(String, DataBufferFactory)[3]" classname="org.springframework.web.reactive.function.client.WebClientDataBufferAllocatingTests" time="0.074"/>
  <testcase name="bodyToMonoVoid(String, DataBufferFactory)[4]" classname="org.springframework.web.reactive.function.client.WebClientDataBufferAllocatingTests" time="0.067"/>
  <testcase name="bodyToMonoVoid(String, DataBufferFactory)[5]" classname="org.springframework.web.reactive.function.client.WebClientDataBufferAllocatingTests" time="0.009"/>
  <testcase name="bodyToMonoVoid(String, DataBufferFactory)[6]" classname="org.springframework.web.reactive.function.client.WebClientDataBufferAllocatingTests" time="0.024"/>
  <testcase name="onStatusWithMonoErrorAndBodyNotConsumed(String, DataBufferFactory)[1]" classname="org.springframework.web.reactive.function.client.WebClientDataBufferAllocatingTests" time="0.014"/>
  <testcase name="onStatusWithMonoErrorAndBodyNotConsumed(String, DataBufferFactory)[2]" classname="org.springframework.web.reactive.function.client.WebClientDataBufferAllocatingTests" time="0.012"/>
  <testcase name="onStatusWithMonoErrorAndBodyNotConsumed(String, DataBufferFactory)[3]" classname="org.springframework.web.reactive.function.client.WebClientDataBufferAllocatingTests" time="0.013"/>
  <testcase name="onStatusWithMonoErrorAndBodyNotConsumed(String, DataBufferFactory)[4]" classname="org.springframework.web.reactive.function.client.WebClientDataBufferAllocatingTests" time="0.019"/>
  <testcase name="onStatusWithMonoErrorAndBodyNotConsumed(String, DataBufferFactory)[5]" classname="org.springframework.web.reactive.function.client.WebClientDataBufferAllocatingTests" time="0.012"/>
  <testcase name="onStatusWithMonoErrorAndBodyNotConsumed(String, DataBufferFactory)[6]" classname="org.springframework.web.reactive.function.client.WebClientDataBufferAllocatingTests" time="0.062"/>
  <testcase name="releaseBody(String, DataBufferFactory)[1]" classname="org.springframework.web.reactive.function.client.WebClientDataBufferAllocatingTests" time="0.009"/>
  <testcase name="releaseBody(String, DataBufferFactory)[2]" classname="org.springframework.web.reactive.function.client.WebClientDataBufferAllocatingTests" time="0.009"/>
  <testcase name="releaseBody(String, DataBufferFactory)[3]" classname="org.springframework.web.reactive.function.client.WebClientDataBufferAllocatingTests" time="0.011"/>
  <testcase name="releaseBody(String, DataBufferFactory)[4]" classname="org.springframework.web.reactive.function.client.WebClientDataBufferAllocatingTests" time="0.01"/>
  <testcase name="releaseBody(String, DataBufferFactory)[5]" classname="org.springframework.web.reactive.function.client.WebClientDataBufferAllocatingTests" time="0.009"/>
  <testcase name="releaseBody(String, DataBufferFactory)[6]" classname="org.springframework.web.reactive.function.client.WebClientDataBufferAllocatingTests" time="0.009"/>
  <testcase name="onStatusWithBodyConsumed(String, DataBufferFactory)[1]" classname="org.springframework.web.reactive.function.client.WebClientDataBufferAllocatingTests" time="0.055"/>
  <testcase name="onStatusWithBodyConsumed(String, DataBufferFactory)[2]" classname="org.springframework.web.reactive.function.client.WebClientDataBufferAllocatingTests" time="0.011"/>
  <testcase name="onStatusWithBodyConsumed(String, DataBufferFactory)[3]" classname="org.springframework.web.reactive.function.client.WebClientDataBufferAllocatingTests" time="0.06"/>
  <testcase name="onStatusWithBodyConsumed(String, DataBufferFactory)[4]" classname="org.springframework.web.reactive.function.client.WebClientDataBufferAllocatingTests" time="0.063"/>
  <testcase name="onStatusWithBodyConsumed(String, DataBufferFactory)[5]" classname="org.springframework.web.reactive.function.client.WebClientDataBufferAllocatingTests" time="0.01"/>
  <testcase name="onStatusWithBodyConsumed(String, DataBufferFactory)[6]" classname="org.springframework.web.reactive.function.client.WebClientDataBufferAllocatingTests" time="0.01"/>
  <testcase name="onStatusWithMonoErrorAndBodyConsumed(String, DataBufferFactory)[1]" classname="org.springframework.web.reactive.function.client.WebClientDataBufferAllocatingTests" time="0.011"/>
  <testcase name="onStatusWithMonoErrorAndBodyConsumed(String, DataBufferFactory)[2]" classname="org.springframework.web.reactive.function.client.WebClientDataBufferAllocatingTests" time="0.01"/>
  <testcase name="onStatusWithMonoErrorAndBodyConsumed(String, DataBufferFactory)[3]" classname="org.springframework.web.reactive.function.client.WebClientDataBufferAllocatingTests" time="0.064"/>
  <testcase name="onStatusWithMonoErrorAndBodyConsumed(String, DataBufferFactory)[4]" classname="org.springframework.web.reactive.function.client.WebClientDataBufferAllocatingTests" time="0.073"/>
  <testcase name="onStatusWithMonoErrorAndBodyConsumed(String, DataBufferFactory)[5]" classname="org.springframework.web.reactive.function.client.WebClientDataBufferAllocatingTests" time="0.01"/>
  <testcase name="onStatusWithMonoErrorAndBodyConsumed(String, DataBufferFactory)[6]" classname="org.springframework.web.reactive.function.client.WebClientDataBufferAllocatingTests" time="0.01"/>
  <testcase name="onStatusWithImmediateErrorAndBodyNotConsumed(String, DataBufferFactory)[1]" classname="org.springframework.web.reactive.function.client.WebClientDataBufferAllocatingTests" time="0.012"/>
  <testcase name="onStatusWithImmediateErrorAndBodyNotConsumed(String, DataBufferFactory)[2]" classname="org.springframework.web.reactive.function.client.WebClientDataBufferAllocatingTests" time="0.01"/>
  <testcase name="onStatusWithImmediateErrorAndBodyNotConsumed(String, DataBufferFactory)[3]" classname="org.springframework.web.reactive.function.client.WebClientDataBufferAllocatingTests" time="0.012"/>
  <testcase name="onStatusWithImmediateErrorAndBodyNotConsumed(String, DataBufferFactory)[4]" classname="org.springframework.web.reactive.function.client.WebClientDataBufferAllocatingTests" time="0.014"/>
  <testcase name="onStatusWithImmediateErrorAndBodyNotConsumed(String, DataBufferFactory)[5]" classname="org.springframework.web.reactive.function.client.WebClientDataBufferAllocatingTests" time="0.012"/>
  <testcase name="onStatusWithImmediateErrorAndBodyNotConsumed(String, DataBufferFactory)[6]" classname="org.springframework.web.reactive.function.client.WebClientDataBufferAllocatingTests" time="0.01"/>
  <system-out><![CDATA[16:12:12.756 [Test worker] DEBUG o.s.w.r.f.c.ExchangeFunctions - [68d8a42e] HTTP GET http://localhost:55981/sample
16:12:12.824 [reactor-http-nio-7] DEBUG o.s.w.r.f.c.ExchangeFunctions - [68d8a42e] Response 202 ACCEPTED
16:12:12.857 [Test worker] DEBUG o.s.w.r.f.c.ExchangeFunctions - [7162f825] HTTP GET http://localhost:55989/sample
16:12:12.866 [reactor-http-nio-8] DEBUG o.s.w.r.f.c.ExchangeFunctions - [7162f825] Response 202 ACCEPTED
16:12:12.870 [Test worker] DEBUG o.s.w.r.f.c.ExchangeFunctions - [571b9d0d] HTTP GET http://localhost:55991/sample
16:12:12.877 [reactor-http-nio-9] DEBUG o.s.w.r.f.c.ExchangeFunctions - [571b9d0d] Response 202 ACCEPTED
16:12:12.889 [Test worker] DEBUG o.s.w.r.f.c.ExchangeFunctions - [700052ab] HTTP GET http://localhost:55993/sample
16:12:12.900 [reactor-http-nio-10] DEBUG o.s.w.r.f.c.ExchangeFunctions - [700052ab] Response 202 ACCEPTED
16:12:12.976 [Test worker] DEBUG o.s.w.r.f.c.ExchangeFunctions - [7559fb20] HTTP GET http://localhost:55995/sample
16:12:12.994 [reactor-http-nio-11] DEBUG o.s.w.r.f.c.ExchangeFunctions - [7559fb20] Response 202 ACCEPTED
16:12:12.999 [Test worker] DEBUG o.s.w.r.f.c.ExchangeFunctions - [41ecf625] HTTP GET http://localhost:55997/sample
16:12:13.006 [reactor-http-nio-12] DEBUG o.s.w.r.f.c.ExchangeFunctions - [41ecf625] Response 202 ACCEPTED
16:12:13.013 [Test worker] DEBUG o.s.w.r.f.c.ExchangeFunctions - [80c1a83] HTTP GET http://localhost:55999/json
16:12:13.020 [reactor-http-nio-1] DEBUG o.s.w.r.f.c.ExchangeFunctions - [80c1a83] Response 502 BAD_GATEWAY
16:12:13.032 [Test worker] DEBUG o.s.w.r.f.c.ExchangeFunctions - [7a907942] HTTP GET http://localhost:56001/json
16:12:13.038 [reactor-http-nio-2] DEBUG o.s.w.r.f.c.ExchangeFunctions - [7a907942] Response 502 BAD_GATEWAY
16:12:13.045 [Test worker] DEBUG o.s.w.r.f.c.ExchangeFunctions - [145d2806] HTTP GET http://localhost:56003/json
16:12:13.053 [reactor-http-nio-3] DEBUG o.s.w.r.f.c.ExchangeFunctions - [145d2806] Response 502 BAD_GATEWAY
16:12:13.060 [Test worker] DEBUG o.s.w.r.f.c.ExchangeFunctions - [60e7da02] HTTP GET http://localhost:56005/json
16:12:13.067 [reactor-http-nio-4] DEBUG o.s.w.r.f.c.ExchangeFunctions - [60e7da02] Response 502 BAD_GATEWAY
16:12:13.075 [Test worker] DEBUG o.s.w.r.f.c.ExchangeFunctions - [6eca09f2] HTTP GET http://localhost:56007/json
16:12:13.155 [reactor-http-nio-5] DEBUG o.s.w.r.f.c.ExchangeFunctions - [6eca09f2] Response 502 BAD_GATEWAY
16:12:13.162 [Test worker] DEBUG o.s.w.r.f.c.ExchangeFunctions - [e09059c] HTTP GET http://localhost:56011/json
16:12:13.170 [reactor-http-nio-6] DEBUG o.s.w.r.f.c.ExchangeFunctions - [e09059c] Response 502 BAD_GATEWAY
16:12:13.179 [Test worker] DEBUG o.s.w.r.f.c.ExchangeFunctions - [240ac7c4] HTTP GET http://localhost:56013/
16:12:13.185 [reactor-http-nio-7] DEBUG o.s.w.r.f.c.ExchangeFunctions - [240ac7c4] Response 201 CREATED
16:12:13.190 [Test worker] DEBUG o.s.w.r.f.c.ExchangeFunctions - [765c95ab] HTTP GET http://localhost:56015/
16:12:13.196 [reactor-http-nio-8] DEBUG o.s.w.r.f.c.ExchangeFunctions - [765c95ab] Response 201 CREATED
16:12:13.201 [Test worker] DEBUG o.s.w.r.f.c.ExchangeFunctions - [74e143df] HTTP GET http://localhost:56019/
16:12:13.248 [reactor-http-nio-9] DEBUG o.s.w.r.f.c.ExchangeFunctions - [74e143df] Response 201 CREATED
16:12:13.258 [Test worker] DEBUG o.s.w.r.f.c.ExchangeFunctions - [30fed163] HTTP GET http://localhost:56021/
16:12:13.266 [reactor-http-nio-10] DEBUG o.s.w.r.f.c.ExchangeFunctions - [30fed163] Response 201 CREATED
16:12:13.270 [Test worker] DEBUG o.s.w.r.f.c.ExchangeFunctions - [26543bcd] HTTP GET http://localhost:56023/
16:12:13.276 [reactor-http-nio-11] DEBUG o.s.w.r.f.c.ExchangeFunctions - [26543bcd] Response 201 CREATED
16:12:13.279 [Test worker] DEBUG o.s.w.r.f.c.ExchangeFunctions - [2dfd905b] HTTP GET http://localhost:56025/
16:12:13.286 [reactor-http-nio-12] DEBUG o.s.w.r.f.c.ExchangeFunctions - [2dfd905b] Response 201 CREATED
16:12:13.291 [Test worker] DEBUG o.s.w.r.f.c.ExchangeFunctions - [59f34b7a] HTTP GET http://localhost:56027/json
16:12:13.297 [reactor-http-nio-1] DEBUG o.s.w.r.f.c.ExchangeFunctions - [59f34b7a] Response 201 CREATED
16:12:13.306 [Test worker] DEBUG o.s.w.r.f.c.ExchangeFunctions - [295dcdb] HTTP GET http://localhost:56029/json
16:12:13.315 [reactor-http-nio-2] DEBUG o.s.w.r.f.c.ExchangeFunctions - [295dcdb] Response 201 CREATED
16:12:13.319 [Test worker] DEBUG o.s.w.r.f.c.ExchangeFunctions - [5b16c57f] HTTP GET http://localhost:56031/json
16:12:13.325 [reactor-http-nio-3] DEBUG o.s.w.r.f.c.ExchangeFunctions - [5b16c57f] Response 201 CREATED
16:12:13.398 [Test worker] DEBUG o.s.w.r.f.c.ExchangeFunctions - [41d0220f] HTTP GET http://localhost:56035/json
16:12:13.405 [reactor-http-nio-4] DEBUG o.s.w.r.f.c.ExchangeFunctions - [41d0220f] Response 201 CREATED
16:12:13.463 [Test worker] DEBUG o.s.w.r.f.c.ExchangeFunctions - [16917a22] HTTP GET http://localhost:56038/json
16:12:13.469 [reactor-http-nio-5] DEBUG o.s.w.r.f.c.ExchangeFunctions - [16917a22] Response 201 CREATED
16:12:13.472 [Test worker] DEBUG o.s.w.r.f.c.ExchangeFunctions - [45388b9d] HTTP GET http://localhost:56040/json
16:12:13.494 [reactor-http-nio-6] DEBUG o.s.w.r.f.c.ExchangeFunctions - [45388b9d] Response 201 CREATED
16:12:13.499 [Test worker] DEBUG o.s.w.r.f.c.ExchangeFunctions - [6d8abce2] HTTP GET http://localhost:56042/json
16:12:13.506 [reactor-http-nio-7] DEBUG o.s.w.r.f.c.ExchangeFunctions - [6d8abce2] Response 502 BAD_GATEWAY
16:12:13.513 [Test worker] DEBUG o.s.w.r.f.c.ExchangeFunctions - [57098150] HTTP GET http://localhost:56044/json
16:12:13.519 [reactor-http-nio-8] DEBUG o.s.w.r.f.c.ExchangeFunctions - [57098150] Response 502 BAD_GATEWAY
16:12:13.526 [Test worker] DEBUG o.s.w.r.f.c.ExchangeFunctions - [2074153b] HTTP GET http://localhost:56046/json
16:12:13.531 [reactor-http-nio-9] DEBUG o.s.w.r.f.c.ExchangeFunctions - [2074153b] Response 502 BAD_GATEWAY
16:12:13.541 [Test worker] DEBUG o.s.w.r.f.c.ExchangeFunctions - [2a279130] HTTP GET http://localhost:56048/json
16:12:13.551 [reactor-http-nio-10] DEBUG o.s.w.r.f.c.ExchangeFunctions - [2a279130] Response 502 BAD_GATEWAY
16:12:13.560 [Test worker] DEBUG o.s.w.r.f.c.ExchangeFunctions - [3c76c629] HTTP GET http://localhost:56050/json
16:12:13.566 [reactor-http-nio-11] DEBUG o.s.w.r.f.c.ExchangeFunctions - [3c76c629] Response 502 BAD_GATEWAY
16:12:13.573 [Test worker] DEBUG o.s.w.r.f.c.ExchangeFunctions - [6716d050] HTTP GET http://localhost:56052/json
16:12:13.626 [reactor-http-nio-12] DEBUG o.s.w.r.f.c.ExchangeFunctions - [6716d050] Response 502 BAD_GATEWAY
16:12:13.639 [Test worker] DEBUG o.s.w.r.f.c.ExchangeFunctions - [f98b574] HTTP GET http://localhost:56056/
16:12:13.646 [reactor-http-nio-1] DEBUG o.s.w.r.f.c.ExchangeFunctions - [f98b574] Response 200 OK
16:12:13.651 [Test worker] DEBUG o.s.w.r.f.c.ExchangeFunctions - [72630df7] HTTP GET http://localhost:56058/
16:12:13.657 [reactor-http-nio-2] DEBUG o.s.w.r.f.c.ExchangeFunctions - [72630df7] Response 200 OK
16:12:13.660 [Test worker] DEBUG o.s.w.r.f.c.ExchangeFunctions - [4753c51a] HTTP GET http://localhost:56060/
16:12:13.667 [reactor-http-nio-3] DEBUG o.s.w.r.f.c.ExchangeFunctions - [4753c51a] Response 200 OK
16:12:13.671 [Test worker] DEBUG o.s.w.r.f.c.ExchangeFunctions - [2d6b0e4a] HTTP GET http://localhost:56062/
16:12:13.677 [reactor-http-nio-4] DEBUG o.s.w.r.f.c.ExchangeFunctions - [2d6b0e4a] Response 200 OK
16:12:13.682 [Test worker] DEBUG o.s.w.r.f.c.ExchangeFunctions - [1d142c51] HTTP GET http://localhost:56064/
16:12:13.689 [reactor-http-nio-5] DEBUG o.s.w.r.f.c.ExchangeFunctions - [1d142c51] Response 200 OK
16:12:13.692 [Test worker] DEBUG o.s.w.r.f.c.ExchangeFunctions - [4220eb10] HTTP GET http://localhost:56067/
16:12:13.698 [reactor-http-nio-6] DEBUG o.s.w.r.f.c.ExchangeFunctions - [4220eb10] Response 200 OK
16:12:13.703 [Test worker] DEBUG o.s.w.r.f.c.ExchangeFunctions - [5a351545] HTTP GET http://localhost:56070/json
16:12:13.708 [reactor-http-nio-7] DEBUG o.s.w.r.f.c.ExchangeFunctions - [5a351545] Response 502 BAD_GATEWAY
16:12:13.758 [Test worker] DEBUG o.s.w.r.f.c.ExchangeFunctions - [1f725db6] HTTP GET http://localhost:56072/json
16:12:13.764 [reactor-http-nio-8] DEBUG o.s.w.r.f.c.ExchangeFunctions - [1f725db6] Response 502 BAD_GATEWAY
16:12:13.770 [Test worker] DEBUG o.s.w.r.f.c.ExchangeFunctions - [7e68481] HTTP GET http://localhost:56074/json
16:12:13.774 [reactor-http-nio-9] DEBUG o.s.w.r.f.c.ExchangeFunctions - [7e68481] Response 502 BAD_GATEWAY
16:12:13.831 [Test worker] DEBUG o.s.w.r.f.c.ExchangeFunctions - [55485388] HTTP GET http://localhost:56078/json
16:12:13.837 [reactor-http-nio-10] DEBUG o.s.w.r.f.c.ExchangeFunctions - [55485388] Response 502 BAD_GATEWAY
16:12:13.894 [Test worker] DEBUG o.s.w.r.f.c.ExchangeFunctions - [4a5c3929] HTTP GET http://localhost:56081/json
16:12:13.899 [reactor-http-nio-11] DEBUG o.s.w.r.f.c.ExchangeFunctions - [4a5c3929] Response 502 BAD_GATEWAY
16:12:13.907 [Test worker] DEBUG o.s.w.r.f.c.ExchangeFunctions - [549a0930] HTTP GET http://localhost:56084/json
16:12:13.911 [reactor-http-nio-12] DEBUG o.s.w.r.f.c.ExchangeFunctions - [549a0930] Response 502 BAD_GATEWAY
16:12:13.920 [Test worker] DEBUG o.s.w.r.f.c.ExchangeFunctions - [60b9467b] HTTP GET http://localhost:56086/json
16:12:13.924 [reactor-http-nio-1] DEBUG o.s.w.r.f.c.ExchangeFunctions - [60b9467b] Response 502 BAD_GATEWAY
16:12:13.930 [Test worker] DEBUG o.s.w.r.f.c.ExchangeFunctions - [a970584] HTTP GET http://localhost:56089/json
16:12:13.934 [reactor-http-nio-2] DEBUG o.s.w.r.f.c.ExchangeFunctions - [a970584] Response 502 BAD_GATEWAY
16:12:13.940 [Test worker] DEBUG o.s.w.r.f.c.ExchangeFunctions - [124898aa] HTTP GET http://localhost:56091/json
16:12:13.944 [reactor-http-nio-3] DEBUG o.s.w.r.f.c.ExchangeFunctions - [124898aa] Response 502 BAD_GATEWAY
16:12:14.005 [Test worker] DEBUG o.s.w.r.f.c.ExchangeFunctions - [34bdc4f9] HTTP GET http://localhost:56095/json
16:12:14.010 [reactor-http-nio-4] DEBUG o.s.w.r.f.c.ExchangeFunctions - [34bdc4f9] Response 502 BAD_GATEWAY
16:12:14.077 [Test worker] DEBUG o.s.w.r.f.c.ExchangeFunctions - [1ea827cb] HTTP GET http://localhost:56099/json
16:12:14.082 [reactor-http-nio-5] DEBUG o.s.w.r.f.c.ExchangeFunctions - [1ea827cb] Response 502 BAD_GATEWAY
16:12:14.087 [Test worker] DEBUG o.s.w.r.f.c.ExchangeFunctions - [60acef02] HTTP GET http://localhost:56101/json
16:12:14.094 [reactor-http-nio-6] DEBUG o.s.w.r.f.c.ExchangeFunctions - [60acef02] Response 502 BAD_GATEWAY
16:12:14.101 [Test worker] DEBUG o.s.w.r.f.c.ExchangeFunctions - [35d85b2a] HTTP GET http://localhost:56103/json
16:12:14.106 [reactor-http-nio-7] DEBUG o.s.w.r.f.c.ExchangeFunctions - [35d85b2a] Response 502 BAD_GATEWAY
16:12:14.112 [Test worker] DEBUG o.s.w.r.f.c.ExchangeFunctions - [9924458] HTTP GET http://localhost:56106/json
16:12:14.116 [reactor-http-nio-8] DEBUG o.s.w.r.f.c.ExchangeFunctions - [9924458] Response 502 BAD_GATEWAY
16:12:14.123 [Test worker] DEBUG o.s.w.r.f.c.ExchangeFunctions - [555ad73a] HTTP GET http://localhost:56109/json
16:12:14.127 [reactor-http-nio-9] DEBUG o.s.w.r.f.c.ExchangeFunctions - [555ad73a] Response 502 BAD_GATEWAY
16:12:14.135 [Test worker] DEBUG o.s.w.r.f.c.ExchangeFunctions - [2720d0a6] HTTP GET http://localhost:56111/json
16:12:14.140 [reactor-http-nio-10] DEBUG o.s.w.r.f.c.ExchangeFunctions - [2720d0a6] Response 502 BAD_GATEWAY
16:12:14.148 [Test worker] DEBUG o.s.w.r.f.c.ExchangeFunctions - [606273e8] HTTP GET http://localhost:56113/json
16:12:14.153 [reactor-http-nio-11] DEBUG o.s.w.r.f.c.ExchangeFunctions - [606273e8] Response 502 BAD_GATEWAY
16:12:14.160 [Test worker] DEBUG o.s.w.r.f.c.ExchangeFunctions - [22919590] HTTP GET http://localhost:56115/json
16:12:14.164 [reactor-http-nio-12] DEBUG o.s.w.r.f.c.ExchangeFunctions - [22919590] Response 502 BAD_GATEWAY
]]></system-out>
  <system-err><![CDATA[]]></system-err>
</testsuite>
