<?xml version="1.0" encoding="UTF-8"?>
<testsuite name="org.springframework.web.reactive.accept.HeaderContentTypeResolverTests" tests="2" skipped="0" failures="0" errors="0" timestamp="2021-06-20T08:12:16" hostname="gankangdembp" time="0.007">
  <properties/>
  <testcase name="resolveMediaTypes()" classname="org.springframework.web.reactive.accept.HeaderContentTypeResolverTests" time="0.002"/>
  <testcase name="resolveMediaTypesParseError()" classname="org.springframework.web.reactive.accept.HeaderContentTypeResolverTests" time="0.002"/>
  <system-out><![CDATA[]]></system-out>
  <system-err><![CDATA[]]></system-err>
</testsuite>
