<?xml version="1.0" encoding="UTF-8"?>
<testsuite name="org.springframework.web.reactive.config.ViewResolverRegistryTests" tests="6" skipped="0" failures="0" errors="0" timestamp="2020-05-29T14:00:50" hostname="bamboo-18" time="2.633">
  <properties/>
  <testcase name="hasRegistrations()" classname="org.springframework.web.reactive.config.ViewResolverRegistryTests" time="2.087"/>
  <testcase name="defaultViews()" classname="org.springframework.web.reactive.config.ViewResolverRegistryTests" time="0.448"/>
  <testcase name="noResolvers()" classname="org.springframework.web.reactive.config.ViewResolverRegistryTests" time="0.026"/>
  <testcase name="scriptTemplate()" classname="org.springframework.web.reactive.config.ViewResolverRegistryTests" time="0.06"/>
  <testcase name="order()" classname="org.springframework.web.reactive.config.ViewResolverRegistryTests" time="0.007"/>
  <testcase name="customViewResolver()" classname="org.springframework.web.reactive.config.ViewResolverRegistryTests" time="0.0"/>
  <system-out><![CDATA[14:00:52.549 [Test worker] WARN  o.s.h.c.j.Jackson2ObjectMapperBuilder - For Jackson Kotlin classes support please add "com.fasterxml.jackson.module:jackson-module-kotlin" to the classpath
]]></system-out>
  <system-err><![CDATA[]]></system-err>
</testsuite>
