<?xml version="1.0" encoding="UTF-8"?>
<testsuite name="org.springframework.web.reactive.function.server.support.DispatcherHandlerIntegrationTests" tests="4" skipped="0" failures="0" errors="0" timestamp="2021-06-20T08:12:48" hostname="gankangdembp" time="0.637">
  <properties/>
  <testcase name="nested(HttpServer)[1]" classname="org.springframework.web.reactive.function.server.support.DispatcherHandlerIntegrationTests" time="0.187"/>
  <testcase name="nested(HttpServer)[2]" classname="org.springframework.web.reactive.function.server.support.DispatcherHandlerIntegrationTests" time="0.132"/>
  <testcase name="nested(HttpServer)[3]" classname="org.springframework.web.reactive.function.server.support.DispatcherHandlerIntegrationTests" time="0.13"/>
  <testcase name="nested(HttpServer)[4]" classname="org.springframework.web.reactive.function.server.support.DispatcherHandlerIntegrationTests" time="0.127"/>
  <system-out><![CDATA[16:12:48.872 [Test worker] DEBUG o.s.w.r.f.s.s.RouterFunctionMapping - 1 RouterFunction(s) in 'routerFunctionMapping'
16:12:48.902 [Test worker] DEBUG o.s.w.r.r.m.a.ControllerMethodResolver - ControllerAdvice beans: none
16:12:48.952 [Test worker] DEBUG o.s.w.s.a.HttpWebHandlerAdapter - enableLoggingRequestDetails='false': form data and headers will be masked to prevent unsafe logging of potentially sensitive data
16:12:48.952 [Test worker] WARN  o.e.j.s.h.ContextHandler - Empty contextPath
16:12:48.952 [Test worker] INFO  o.e.j.s.h.ContextHandler - Started o.e.j.s.ServletContextHandler@7b12d1e4{/,null,AVAILABLE}
16:12:48.953 [Test worker] DEBUG o.s.w.t.h.s.r.b.JettyHttpServer - Starting JettyHttpServer...
16:12:48.953 [Test worker] INFO  o.e.j.s.Server - jetty-9.4.31.v20200723; built: 2020-07-23T17:57:36.812Z; git: 450ba27947e13e66baa8cd1ce7e85a4461cacc1d; jvm 1.8.0_201-b09
16:12:48.957 [Test worker] INFO  o.e.j.s.AbstractConnector - Started ServerConnector@2ce80eb4{HTTP/1.1, (http/1.1)}{0.0.0.0:56776}
16:12:48.957 [Test worker] INFO  o.e.j.s.Server - Started @136803ms
16:12:48.957 [Test worker] DEBUG o.s.w.t.h.s.r.b.JettyHttpServer - Server started on port 56776(0 millis).
16:12:48.962 [Test worker] DEBUG o.s.w.c.RestTemplate - HTTP GET http://localhost:56776/foo/bar
16:12:48.962 [Test worker] DEBUG o.s.w.c.RestTemplate - Accept=[text/plain, application/json, application/x-jackson-smile, application/*+json, */*]
16:12:48.965 [qtp1714057688-2024] DEBUG o.s.w.s.a.HttpWebHandlerAdapter - [30b24643] HTTP GET "/foo/bar"
16:12:48.972 [qtp1714057688-2024] DEBUG o.s.w.r.f.s.s.RouterFunctionMapping - [30b24643] Mapped to org.springframework.web.reactive.function.server.support.DispatcherHandlerIntegrationTests$TestConfiguration$$Lambda$1201/40047057@27d90a9
16:12:48.975 [qtp1714057688-2024] DEBUG o.s.w.s.a.HttpWebHandlerAdapter - [30b24643] Completed 200 OK
16:12:48.976 [Test worker] DEBUG o.s.w.c.RestTemplate - Response 200 OK
16:12:48.977 [Test worker] DEBUG o.s.w.t.h.s.r.b.JettyHttpServer - Stopping JettyHttpServer...
16:12:48.977 [Test worker] INFO  o.e.j.s.h.ContextHandler - Stopped o.e.j.s.ServletContextHandler@7b12d1e4{/,null,UNAVAILABLE}
16:12:48.979 [Test worker] INFO  o.e.j.s.AbstractConnector - Stopped ServerConnector@2ce80eb4{HTTP/1.1, (http/1.1)}{0.0.0.0:0}
16:12:48.990 [Test worker] DEBUG o.s.w.t.h.s.r.b.JettyHttpServer - Server stopped (0 millis).
16:12:49.052 [Test worker] DEBUG o.s.w.r.f.s.s.RouterFunctionMapping - 1 RouterFunction(s) in 'routerFunctionMapping'
16:12:49.079 [Test worker] DEBUG o.s.w.r.r.m.a.ControllerMethodResolver - ControllerAdvice beans: none
16:12:49.118 [Test worker] DEBUG o.s.w.s.a.HttpWebHandlerAdapter - enableLoggingRequestDetails='false': form data and headers will be masked to prevent unsafe logging of potentially sensitive data
16:12:49.119 [Test worker] DEBUG o.s.w.t.h.s.r.b.ReactorHttpServer - Starting ReactorHttpServer...
16:12:49.130 [Test worker] DEBUG o.s.w.t.h.s.r.b.ReactorHttpServer - Server started on port 56778(0 millis).
16:12:49.130 [Test worker] DEBUG o.s.w.c.RestTemplate - HTTP GET http://localhost:56778/foo/bar
16:12:49.130 [Test worker] DEBUG o.s.w.c.RestTemplate - Accept=[text/plain, application/json, application/x-jackson-smile, application/*+json, */*]
16:12:49.140 [reactor-http-nio-6] DEBUG o.s.w.s.a.HttpWebHandlerAdapter - [16000559-54] HTTP GET "/foo/bar"
16:12:49.140 [reactor-http-nio-6] DEBUG o.s.w.r.f.s.s.RouterFunctionMapping - [16000559-54] Mapped to org.springframework.web.reactive.function.server.support.DispatcherHandlerIntegrationTests$TestConfiguration$$Lambda$1201/40047057@1f73f302
16:12:49.140 [reactor-http-nio-6] DEBUG o.s.w.s.a.HttpWebHandlerAdapter - [16000559-54] Completed 200 OK
16:12:49.141 [Test worker] DEBUG o.s.w.c.RestTemplate - Response 200 OK
16:12:49.142 [Test worker] DEBUG o.s.w.t.h.s.r.b.ReactorHttpServer - Stopping ReactorHttpServer...
16:12:49.142 [Test worker] DEBUG o.s.w.t.h.s.r.b.ReactorHttpServer - Server stopped (0 millis).
16:12:49.197 [Test worker] DEBUG o.s.w.r.f.s.s.RouterFunctionMapping - 1 RouterFunction(s) in 'routerFunctionMapping'
16:12:49.218 [Test worker] DEBUG o.s.w.r.r.m.a.ControllerMethodResolver - ControllerAdvice beans: none
16:12:49.253 [Test worker] DEBUG o.s.w.s.a.HttpWebHandlerAdapter - enableLoggingRequestDetails='false': form data and headers will be masked to prevent unsafe logging of potentially sensitive data
16:12:49.254 [Test worker] DEBUG o.s.w.t.h.s.r.b.TomcatHttpServer - Starting TomcatHttpServer...
16:12:49.272 [Test worker] DEBUG o.s.w.t.h.s.r.b.TomcatHttpServer - Server started on port 56780(0 millis).
16:12:49.273 [Test worker] DEBUG o.s.w.c.RestTemplate - HTTP GET http://localhost:56780/foo/bar
16:12:49.273 [Test worker] DEBUG o.s.w.c.RestTemplate - Accept=[text/plain, application/json, application/x-jackson-smile, application/*+json, */*]
16:12:49.277 [http-nio-auto-53-exec-1] DEBUG o.s.w.s.a.HttpWebHandlerAdapter - [6a1c71d1] HTTP GET "/foo/bar"
16:12:49.277 [http-nio-auto-53-exec-1] DEBUG o.s.w.r.f.s.s.RouterFunctionMapping - [6a1c71d1] Mapped to org.springframework.web.reactive.function.server.support.DispatcherHandlerIntegrationTests$TestConfiguration$$Lambda$1201/40047057@64db92e2
16:12:49.278 [http-nio-auto-53-exec-1] DEBUG o.s.w.s.a.HttpWebHandlerAdapter - [6a1c71d1] Completed 200 OK
16:12:49.279 [Test worker] DEBUG o.s.w.c.RestTemplate - Response 200 OK
16:12:49.279 [Test worker] DEBUG o.s.w.t.h.s.r.b.TomcatHttpServer - Stopping TomcatHttpServer...
16:12:49.288 [Test worker] DEBUG o.s.w.t.h.s.r.b.TomcatHttpServer - Server stopped (0 millis).
16:12:49.375 [Test worker] DEBUG o.s.w.r.f.s.s.RouterFunctionMapping - 1 RouterFunction(s) in 'routerFunctionMapping'
16:12:49.400 [Test worker] DEBUG o.s.w.r.r.m.a.ControllerMethodResolver - ControllerAdvice beans: none
16:12:49.426 [Test worker] DEBUG o.s.w.s.a.HttpWebHandlerAdapter - enableLoggingRequestDetails='false': form data and headers will be masked to prevent unsafe logging of potentially sensitive data
16:12:49.427 [Test worker] DEBUG o.s.w.t.h.s.r.b.UndertowHttpServer - Starting UndertowHttpServer...
16:12:49.427 [Test worker] INFO  i.undertow - starting server: Undertow - 2.0.32.Final
16:12:49.432 [Test worker] DEBUG o.s.w.t.h.s.r.b.UndertowHttpServer - Server started on port 56783(0 millis).
16:12:49.432 [Test worker] DEBUG o.s.w.c.RestTemplate - HTTP GET http://localhost:56783/foo/bar
16:12:49.432 [Test worker] DEBUG o.s.w.c.RestTemplate - Accept=[text/plain, application/json, application/x-jackson-smile, application/*+json, */*]
16:12:49.437 [XNIO-53 I/O-6] DEBUG o.s.w.s.a.HttpWebHandlerAdapter - [6164fb46] HTTP GET "/foo/bar"
16:12:49.437 [XNIO-53 I/O-6] DEBUG o.s.w.r.f.s.s.RouterFunctionMapping - [6164fb46] Mapped to org.springframework.web.reactive.function.server.support.DispatcherHandlerIntegrationTests$TestConfiguration$$Lambda$1201/40047057@655b73b2
16:12:49.437 [XNIO-53 I/O-6] DEBUG o.s.w.s.a.HttpWebHandlerAdapter - [6164fb46] Completed 200 OK
16:12:49.438 [Test worker] DEBUG o.s.w.c.RestTemplate - Response 200 OK
16:12:49.438 [Test worker] DEBUG o.s.w.t.h.s.r.b.UndertowHttpServer - Stopping UndertowHttpServer...
16:12:49.438 [Test worker] INFO  i.undertow - stopping server: Undertow - 2.0.32.Final
16:12:49.440 [Test worker] DEBUG o.s.w.t.h.s.r.b.UndertowHttpServer - Server stopped (0 millis).
]]></system-out>
  <system-err><![CDATA[]]></system-err>
</testsuite>
