<?xml version="1.0" encoding="UTF-8"?>
<testsuite name="org.springframework.web.reactive.function.client.DefaultClientRequestBuilderTests" tests="8" skipped="0" failures="0" errors="0" timestamp="2020-05-29T14:00:32" hostname="bamboo-18" time="0.062">
  <properties/>
  <testcase name="cookie()" classname="org.springframework.web.reactive.function.client.DefaultClientRequestBuilderTests" time="0.004"/>
  <testcase name="method()" classname="org.springframework.web.reactive.function.client.DefaultClientRequestBuilderTests" time="0.0"/>
  <testcase name="url()" classname="org.springframework.web.reactive.function.client.DefaultClientRequestBuilderTests" time="0.001"/>
  <testcase name="from()" classname="org.springframework.web.reactive.function.client.DefaultClientRequestBuilderTests" time="0.002"/>
  <testcase name="build()" classname="org.springframework.web.reactive.function.client.DefaultClientRequestBuilderTests" time="0.047"/>
  <testcase name="bodyParameterizedTypeReference()" classname="org.springframework.web.reactive.function.client.DefaultClientRequestBuilderTests" time="0.004"/>
  <testcase name="bodyInserter()" classname="org.springframework.web.reactive.function.client.DefaultClientRequestBuilderTests" time="0.001"/>
  <testcase name="bodyClass()" classname="org.springframework.web.reactive.function.client.DefaultClientRequestBuilderTests" time="0.001"/>
  <system-out><![CDATA[14:00:32.444 [Test worker] DEBUG o.s.c.c.CharSequenceEncoder - [4828f863] Writing "foo"
14:00:32.447 [Test worker] DEBUG o.s.c.c.CharSequenceEncoder - [3dd5ef68] Writing "foo"
]]></system-out>
  <system-err><![CDATA[]]></system-err>
</testsuite>
