<?xml version="1.0" encoding="UTF-8"?>
<testsuite name="org.springframework.web.reactive.accept.HeaderContentTypeResolverTests" tests="2" skipped="0" failures="0" errors="0" timestamp="2020-05-29T14:02:05" hostname="bamboo-18" time="0.007">
  <properties/>
  <testcase name="resolveMediaTypes()" classname="org.springframework.web.reactive.accept.HeaderContentTypeResolverTests" time="0.001"/>
  <testcase name="resolveMediaTypesParseError()" classname="org.springframework.web.reactive.accept.HeaderContentTypeResolverTests" time="0.006"/>
  <system-out><![CDATA[]]></system-out>
  <system-err><![CDATA[]]></system-err>
</testsuite>
