<?xml version="1.0" encoding="UTF-8"?>
<testsuite name="org.springframework.web.reactive.function.server.DefaultRenderingResponseTests" tests="11" skipped="0" failures="0" errors="0" timestamp="2021-06-20T08:12:08" hostname="gankangdembp" time="0.5">
  <properties/>
  <testcase name="notModifiedEtag()" classname="org.springframework.web.reactive.function.server.DefaultRenderingResponseTests" time="0.016"/>
  <testcase name="create()" classname="org.springframework.web.reactive.function.server.DefaultRenderingResponseTests" time="0.002"/>
  <testcase name="modelAttributes()" classname="org.springframework.web.reactive.function.server.DefaultRenderingResponseTests" time="0.027"/>
  <testcase name="render()" classname="org.springframework.web.reactive.function.server.DefaultRenderingResponseTests" time="0.3"/>
  <testcase name="modelAttribute()" classname="org.springframework.web.reactive.function.server.DefaultRenderingResponseTests" time="0.001"/>
  <testcase name="modelAttributesConventions()" classname="org.springframework.web.reactive.function.server.DefaultRenderingResponseTests" time="0.046"/>
  <testcase name="notModifiedLastModified()" classname="org.springframework.web.reactive.function.server.DefaultRenderingResponseTests" time="0.012"/>
  <testcase name="defaultContentType()" classname="org.springframework.web.reactive.function.server.DefaultRenderingResponseTests" time="0.06"/>
  <testcase name="headers()" classname="org.springframework.web.reactive.function.server.DefaultRenderingResponseTests" time="0.001"/>
  <testcase name="cookies()" classname="org.springframework.web.reactive.function.server.DefaultRenderingResponseTests" time="0.029"/>
  <testcase name="modelAttributeConventions()" classname="org.springframework.web.reactive.function.server.DefaultRenderingResponseTests" time="0.002"/>
  <system-out><![CDATA[16:12:08.897 [Test worker] DEBUG o.s.w.r.f.s.DefaultRenderingResponseTests$TestView - [62e60258] View [TestView], model {}
]]></system-out>
  <system-err><![CDATA[]]></system-err>
</testsuite>
