<?xml version="1.0" encoding="UTF-8"?>
<testsuite name="org.springframework.web.reactive.function.client.ExchangeStrategiesTests" tests="3" skipped="0" failures="0" errors="0" timestamp="2021-06-20T08:12:50" hostname="gankangdembp" time="0.056">
  <properties/>
  <testcase name="withDefaults()" classname="org.springframework.web.reactive.function.client.ExchangeStrategiesTests" time="0.001"/>
  <testcase name="mutate()" classname="org.springframework.web.reactive.function.client.ExchangeStrategiesTests" time="0.055"/>
  <testcase name="empty()" classname="org.springframework.web.reactive.function.client.ExchangeStrategiesTests" time="0.0"/>
  <system-out><![CDATA[]]></system-out>
  <system-err><![CDATA[]]></system-err>
</testsuite>
