<?xml version="1.0" encoding="UTF-8"?>
<testsuite name="org.springframework.web.reactive.result.method.annotation.RequestParamMethodArgumentResolverTests" tests="14" skipped="0" failures="0" errors="0" timestamp="2021-06-20T08:11:40" hostname="gankangdembp" time="0.493">
  <properties/>
  <testcase name="resolveEmptyValueWithoutDefault()" classname="org.springframework.web.reactive.result.method.annotation.RequestParamMethodArgumentResolverTests" time="0.057"/>
  <testcase name="resolveSimpleTypeParam()" classname="org.springframework.web.reactive.result.method.annotation.RequestParamMethodArgumentResolverTests" time="0.037"/>
  <testcase name="resolveWithQueryString()" classname="org.springframework.web.reactive.result.method.annotation.RequestParamMethodArgumentResolverTests" time="0.034"/>
  <testcase name="resolveEmptyValueToDefault()" classname="org.springframework.web.reactive.result.method.annotation.RequestParamMethodArgumentResolverTests" time="0.032"/>
  <testcase name="doesNotSupportParameterWithDefaultResolutionTurnedOff()" classname="org.springframework.web.reactive.result.method.annotation.RequestParamMethodArgumentResolverTests" time="0.006"/>
  <testcase name="resolveOptionalParamValue()" classname="org.springframework.web.reactive.result.method.annotation.RequestParamMethodArgumentResolverTests" time="0.065"/>
  <testcase name="resolveStringArray()" classname="org.springframework.web.reactive.result.method.annotation.RequestParamMethodArgumentResolverTests" time="0.045"/>
  <testcase name="missingRequestParam()" classname="org.springframework.web.reactive.result.method.annotation.RequestParamMethodArgumentResolverTests" time="0.01"/>
  <testcase name="resolveEmptyValueRequiredWithoutDefault()" classname="org.springframework.web.reactive.result.method.annotation.RequestParamMethodArgumentResolverTests" time="0.032"/>
  <testcase name="resolveDefaultValue()" classname="org.springframework.web.reactive.result.method.annotation.RequestParamMethodArgumentResolverTests" time="0.007"/>
  <testcase name="doesNotSupportReactiveWrapper()" classname="org.springframework.web.reactive.result.method.annotation.RequestParamMethodArgumentResolverTests" time="0.047"/>
  <testcase name="resolveAndConvertNullValue()" classname="org.springframework.web.reactive.result.method.annotation.RequestParamMethodArgumentResolverTests" time="0.007"/>
  <testcase name="supportsParameter()" classname="org.springframework.web.reactive.result.method.annotation.RequestParamMethodArgumentResolverTests" time="0.087"/>
  <testcase name="resolveSimpleTypeParamToNull()" classname="org.springframework.web.reactive.result.method.annotation.RequestParamMethodArgumentResolverTests" time="0.005"/>
  <system-out><![CDATA[]]></system-out>
  <system-err><![CDATA[]]></system-err>
</testsuite>
