<?xml version="1.0" encoding="UTF-8"?>
<testsuite name="org.springframework.web.reactive.socket.server.support.HandshakeWebSocketServiceTests" tests="1" skipped="0" failures="0" errors="0" timestamp="2021-06-20T08:12:17" hostname="gankangdembp" time="0.089">
  <properties/>
  <testcase name="sessionAttributePredicate()" classname="org.springframework.web.reactive.socket.server.support.HandshakeWebSocketServiceTests" time="0.089"/>
  <system-out><![CDATA[]]></system-out>
  <system-err><![CDATA[]]></system-err>
</testsuite>
