<?xml version="1.0" encoding="UTF-8"?>
<testsuite name="org.springframework.web.reactive.result.view.freemarker.FreeMarkerMacroTests" tests="27" skipped="0" failures="0" errors="0" timestamp="2020-05-29T14:01:57" hostname="bamboo-18" time="1.188">
  <properties/>
  <testcase name="formSingleSelectFromList()" classname="org.springframework.web.reactive.result.view.freemarker.FreeMarkerMacroTests" time="0.487"/>
  <testcase name="formInputText()" classname="org.springframework.web.reactive.result.view.freemarker.FreeMarkerMacroTests" time="0.035"/>
  <testcase name="formMultiSelect()" classname="org.springframework.web.reactive.result.view.freemarker.FreeMarkerMacroTests" time="0.048"/>
  <testcase name="formInputWithCss()" classname="org.springframework.web.reactive.result.view.freemarker.FreeMarkerMacroTests" time="0.028"/>
  <testcase name="formRadioButtons()" classname="org.springframework.web.reactive.result.view.freemarker.FreeMarkerMacroTests" time="0.057"/>
  <testcase name="springMacroRequestContextIsAutomaticallyExposedAsModelAttribute()" classname="org.springframework.web.reactive.result.view.freemarker.FreeMarkerMacroTests" time="0.027"/>
  <testcase name="defaultMessage()" classname="org.springframework.web.reactive.result.view.freemarker.FreeMarkerMacroTests" time="0.03"/>
  <testcase name="formCheckboxForStringArray()" classname="org.springframework.web.reactive.result.view.freemarker.FreeMarkerMacroTests" time="0.03"/>
  <testcase name="formInputPassword()" classname="org.springframework.web.reactive.result.view.freemarker.FreeMarkerMacroTests" time="0.032"/>
  <testcase name="formCheckboxForBooleanProperty()" classname="org.springframework.web.reactive.result.view.freemarker.FreeMarkerMacroTests" time="0.025"/>
  <testcase name="formCheckboxForStringProperty()" classname="org.springframework.web.reactive.result.view.freemarker.FreeMarkerMacroTests" time="0.022"/>
  <testcase name="messageArgs()" classname="org.springframework.web.reactive.result.view.freemarker.FreeMarkerMacroTests" time="0.023"/>
  <testcase name="formCheckboxForNestedPath()" classname="org.springframework.web.reactive.result.view.freemarker.FreeMarkerMacroTests" time="0.023"/>
  <testcase name="urlParams()" classname="org.springframework.web.reactive.result.view.freemarker.FreeMarkerMacroTests" time="0.033"/>
  <testcase name="age()" classname="org.springframework.web.reactive.result.view.freemarker.FreeMarkerMacroTests" time="0.016"/>
  <testcase name="url()" classname="org.springframework.web.reactive.result.view.freemarker.FreeMarkerMacroTests" time="0.014"/>
  <testcase name="name()" classname="org.springframework.web.reactive.result.view.freemarker.FreeMarkerMacroTests" time="0.007"/>
  <testcase name="formSingleSelectFromMap()" classname="org.springframework.web.reactive.result.view.freemarker.FreeMarkerMacroTests" time="0.009"/>
  <testcase name="formTextareaWithCustomRowsAndColumns()" classname="org.springframework.web.reactive.result.view.freemarker.FreeMarkerMacroTests" time="0.016"/>
  <testcase name="message()" classname="org.springframework.web.reactive.result.view.freemarker.FreeMarkerMacroTests" time="0.013"/>
  <testcase name="forInputWithNestedPath()" classname="org.springframework.web.reactive.result.view.freemarker.FreeMarkerMacroTests" time="0.007"/>
  <testcase name="formTextarea()" classname="org.springframework.web.reactive.result.view.freemarker.FreeMarkerMacroTests" time="0.016"/>
  <testcase name="messageArgsWithDefaultMessage()" classname="org.springframework.web.reactive.result.view.freemarker.FreeMarkerMacroTests" time="0.009"/>
  <testcase name="formPasswordInput()" classname="org.springframework.web.reactive.result.view.freemarker.FreeMarkerMacroTests" time="0.01"/>
  <testcase name="formHiddenInput()" classname="org.springframework.web.reactive.result.view.freemarker.FreeMarkerMacroTests" time="0.021"/>
  <testcase name="formInput()" classname="org.springframework.web.reactive.result.view.freemarker.FreeMarkerMacroTests" time="0.008"/>
  <testcase name="formInputHidden()" classname="org.springframework.web.reactive.result.view.freemarker.FreeMarkerMacroTests" time="0.023"/>
  <system-out><![CDATA[14:01:57.818 [Test worker] DEBUG o.s.w.r.r.v.f.FreeMarkerConfigurer - Template loader path [class path resource []] resolved to file path [/opt/bamboo-home/xml-data/build-dir/SPR-PUBM1-JOB1/spring-webflux/build/classes/java/test]
14:01:57.823 [Test worker] DEBUG o.s.w.r.r.v.f.FreeMarkerConfigurer - Template loader path [URL [file:/tmp]] resolved to file path [/tmp]
14:01:57.825 [Test worker] DEBUG o.s.w.r.r.v.f.FreeMarkerView - [455e0228] View name 'myView', model {command=Darren, springMacroRequestContext=org.springframework.web.reactive.result.view.DummyMacroRequestContext@6641138a, msgArgs=[Ljava.lang.Object;@695d2994, nameOptionMap={Rob&Harrop=Rob Harrop, Darren=Darren Davison, John=John Doe, Fred=Fred Bloggs}, options=[Rob Harrop, Darren Davison, John Doe, Fred Bloggs]}
14:01:57.825 [Test worker] DEBUG o.s.w.r.r.v.f.FreeMarkerView - [455e0228] Rendering [tmp.ftl]
14:01:58.306 [Test worker] DEBUG o.s.w.r.r.v.f.FreeMarkerConfigurer - Template loader path [class path resource []] resolved to file path [/opt/bamboo-home/xml-data/build-dir/SPR-PUBM1-JOB1/spring-webflux/build/classes/java/test]
14:01:58.306 [Test worker] DEBUG o.s.w.r.r.v.f.FreeMarkerConfigurer - Template loader path [URL [file:/tmp]] resolved to file path [/tmp]
14:01:58.307 [Test worker] DEBUG o.s.w.r.r.v.f.FreeMarkerView - [3e885e99] View name 'myView', model {command=Darren, springMacroRequestContext=org.springframework.web.reactive.result.view.DummyMacroRequestContext@607f5e44, msgArgs=[Ljava.lang.Object;@10d938d5, nameOptionMap={Rob&Harrop=Rob Harrop, Darren=Darren Davison, John=John Doe, Fred=Fred Bloggs}, options=[Rob Harrop, Darren Davison, John Doe, Fred Bloggs]}
14:01:58.307 [Test worker] DEBUG o.s.w.r.r.v.f.FreeMarkerView - [3e885e99] Rendering [tmp.ftl]
14:01:58.354 [Test worker] DEBUG o.s.w.r.r.v.f.FreeMarkerConfigurer - Template loader path [class path resource []] resolved to file path [/opt/bamboo-home/xml-data/build-dir/SPR-PUBM1-JOB1/spring-webflux/build/classes/java/test]
14:01:58.354 [Test worker] DEBUG o.s.w.r.r.v.f.FreeMarkerConfigurer - Template loader path [URL [file:/tmp]] resolved to file path [/tmp]
14:01:58.354 [Test worker] DEBUG o.s.w.r.r.v.f.FreeMarkerView - [4c493378] View name 'myView', model {command=Darren, springMacroRequestContext=org.springframework.web.reactive.result.view.DummyMacroRequestContext@23142b86, msgArgs=[Ljava.lang.Object;@410412cc, nameOptionMap={Rob&Harrop=Rob Harrop, Darren=Darren Davison, John=John Doe, Fred=Fred Bloggs}, options=[Rob Harrop, Darren Davison, John Doe, Fred Bloggs]}
14:01:58.355 [Test worker] DEBUG o.s.w.r.r.v.f.FreeMarkerView - [4c493378] Rendering [tmp.ftl]
14:01:58.422 [Test worker] DEBUG o.s.w.r.r.v.f.FreeMarkerConfigurer - Template loader path [class path resource []] resolved to file path [/opt/bamboo-home/xml-data/build-dir/SPR-PUBM1-JOB1/spring-webflux/build/classes/java/test]
14:01:58.423 [Test worker] DEBUG o.s.w.r.r.v.f.FreeMarkerConfigurer - Template loader path [URL [file:/tmp]] resolved to file path [/tmp]
14:01:58.423 [Test worker] DEBUG o.s.w.r.r.v.f.FreeMarkerView - [3b9a4061] View name 'myView', model {command=Darren, springMacroRequestContext=org.springframework.web.reactive.result.view.DummyMacroRequestContext@1d957b06, msgArgs=[Ljava.lang.Object;@1dc650fd, nameOptionMap={Rob&Harrop=Rob Harrop, Darren=Darren Davison, John=John Doe, Fred=Fred Bloggs}, options=[Rob Harrop, Darren Davison, John Doe, Fred Bloggs]}
14:01:58.423 [Test worker] DEBUG o.s.w.r.r.v.f.FreeMarkerView - [3b9a4061] Rendering [tmp.ftl]
14:01:58.454 [Test worker] DEBUG o.s.w.r.r.v.f.FreeMarkerConfigurer - Template loader path [class path resource []] resolved to file path [/opt/bamboo-home/xml-data/build-dir/SPR-PUBM1-JOB1/spring-webflux/build/classes/java/test]
14:01:58.457 [Test worker] DEBUG o.s.w.r.r.v.f.FreeMarkerConfigurer - Template loader path [URL [file:/tmp]] resolved to file path [/tmp]
14:01:58.458 [Test worker] DEBUG o.s.w.r.r.v.f.FreeMarkerView - [5955f736] View name 'myView', model {command=Darren, springMacroRequestContext=org.springframework.web.reactive.result.view.DummyMacroRequestContext@572c9c25, msgArgs=[Ljava.lang.Object;@336f6418, nameOptionMap={Rob&Harrop=Rob Harrop, Darren=Darren Davison, John=John Doe, Fred=Fred Bloggs}, options=[Rob Harrop, Darren Davison, John Doe, Fred Bloggs]}
14:01:58.458 [Test worker] DEBUG o.s.w.r.r.v.f.FreeMarkerView - [5955f736] Rendering [tmp.ftl]
14:01:58.512 [Test worker] DEBUG o.s.w.r.r.v.f.FreeMarkerConfigurer - Template loader path [class path resource []] resolved to file path [/opt/bamboo-home/xml-data/build-dir/SPR-PUBM1-JOB1/spring-webflux/build/classes/java/test]
14:01:58.512 [Test worker] DEBUG o.s.w.r.r.v.f.FreeMarkerConfigurer - Template loader path [URL [file:/tmp]] resolved to file path [/tmp]
14:01:58.513 [Test worker] DEBUG o.s.w.r.r.v.f.FreeMarkerMacroTests$1 - [6cc5b6d9] View name 'myView', model {testBean=Dilbert}
14:01:58.514 [Test worker] DEBUG o.s.w.r.r.v.f.FreeMarkerMacroTests$1 - [6cc5b6d9] Rendering [tmp.ftl]
14:01:58.545 [Test worker] DEBUG o.s.w.r.r.v.f.FreeMarkerConfigurer - Template loader path [class path resource []] resolved to file path [/opt/bamboo-home/xml-data/build-dir/SPR-PUBM1-JOB1/spring-webflux/build/classes/java/test]
14:01:58.546 [Test worker] DEBUG o.s.w.r.r.v.f.FreeMarkerConfigurer - Template loader path [URL [file:/tmp]] resolved to file path [/tmp]
14:01:58.548 [Test worker] DEBUG o.s.w.r.r.v.f.FreeMarkerView - [1f8b2ea0] View name 'myView', model {command=Darren, springMacroRequestContext=org.springframework.web.reactive.result.view.DummyMacroRequestContext@2e33e39, msgArgs=[Ljava.lang.Object;@4da59d6b, nameOptionMap={Rob&Harrop=Rob Harrop, Darren=Darren Davison, John=John Doe, Fred=Fred Bloggs}, options=[Rob Harrop, Darren Davison, John Doe, Fred Bloggs]}
14:01:58.549 [Test worker] DEBUG o.s.w.r.r.v.f.FreeMarkerView - [1f8b2ea0] Rendering [tmp.ftl]
14:01:58.576 [Test worker] DEBUG o.s.w.r.r.v.f.FreeMarkerConfigurer - Template loader path [class path resource []] resolved to file path [/opt/bamboo-home/xml-data/build-dir/SPR-PUBM1-JOB1/spring-webflux/build/classes/java/test]
14:01:58.577 [Test worker] DEBUG o.s.w.r.r.v.f.FreeMarkerConfigurer - Template loader path [URL [file:/tmp]] resolved to file path [/tmp]
14:01:58.580 [Test worker] DEBUG o.s.w.r.r.v.f.FreeMarkerView - [2f969766] View name 'myView', model {command=Darren, springMacroRequestContext=org.springframework.web.reactive.result.view.DummyMacroRequestContext@238bcf08, msgArgs=[Ljava.lang.Object;@73ae83a0, nameOptionMap={Rob&Harrop=Rob Harrop, Darren=Darren Davison, John=John Doe, Fred=Fred Bloggs}, options=[Rob Harrop, Darren Davison, John Doe, Fred Bloggs]}
14:01:58.580 [Test worker] DEBUG o.s.w.r.r.v.f.FreeMarkerView - [2f969766] Rendering [tmp.ftl]
14:01:58.608 [Test worker] DEBUG o.s.w.r.r.v.f.FreeMarkerConfigurer - Template loader path [class path resource []] resolved to file path [/opt/bamboo-home/xml-data/build-dir/SPR-PUBM1-JOB1/spring-webflux/build/classes/java/test]
14:01:58.608 [Test worker] DEBUG o.s.w.r.r.v.f.FreeMarkerConfigurer - Template loader path [URL [file:/tmp]] resolved to file path [/tmp]
14:01:58.610 [Test worker] DEBUG o.s.w.r.r.v.f.FreeMarkerView - [51d5b8a0] View name 'myView', model {command=Darren, springMacroRequestContext=org.springframework.web.reactive.result.view.DummyMacroRequestContext@157795c1, msgArgs=[Ljava.lang.Object;@37646682, nameOptionMap={Rob&Harrop=Rob Harrop, Darren=Darren Davison, John=John Doe, Fred=Fred Bloggs}, options=[Rob Harrop, Darren Davison, John Doe, Fred Bloggs]}
14:01:58.611 [Test worker] DEBUG o.s.w.r.r.v.f.FreeMarkerView - [51d5b8a0] Rendering [tmp.ftl]
14:01:58.643 [Test worker] DEBUG o.s.w.r.r.v.f.FreeMarkerConfigurer - Template loader path [class path resource []] resolved to file path [/opt/bamboo-home/xml-data/build-dir/SPR-PUBM1-JOB1/spring-webflux/build/classes/java/test]
14:01:58.643 [Test worker] DEBUG o.s.w.r.r.v.f.FreeMarkerConfigurer - Template loader path [URL [file:/tmp]] resolved to file path [/tmp]
14:01:58.644 [Test worker] DEBUG o.s.w.r.r.v.f.FreeMarkerView - [48cb4df5] View name 'myView', model {command=Darren, springMacroRequestContext=org.springframework.web.reactive.result.view.DummyMacroRequestContext@43ca56e0, msgArgs=[Ljava.lang.Object;@7cf8c7c7, nameOptionMap={Rob&Harrop=Rob Harrop, Darren=Darren Davison, John=John Doe, Fred=Fred Bloggs}, options=[Rob Harrop, Darren Davison, John Doe, Fred Bloggs]}
14:01:58.645 [Test worker] DEBUG o.s.w.r.r.v.f.FreeMarkerView - [48cb4df5] Rendering [tmp.ftl]
14:01:58.676 [Test worker] DEBUG o.s.w.r.r.v.f.FreeMarkerConfigurer - Template loader path [class path resource []] resolved to file path [/opt/bamboo-home/xml-data/build-dir/SPR-PUBM1-JOB1/spring-webflux/build/classes/java/test]
14:01:58.676 [Test worker] DEBUG o.s.w.r.r.v.f.FreeMarkerConfigurer - Template loader path [URL [file:/tmp]] resolved to file path [/tmp]
14:01:58.677 [Test worker] DEBUG o.s.w.r.r.v.f.FreeMarkerView - [50c81c3b] View name 'myView', model {command=Darren, springMacroRequestContext=org.springframework.web.reactive.result.view.DummyMacroRequestContext@51963231, msgArgs=[Ljava.lang.Object;@7f811106, nameOptionMap={Rob&Harrop=Rob Harrop, Darren=Darren Davison, John=John Doe, Fred=Fred Bloggs}, options=[Rob Harrop, Darren Davison, John Doe, Fred Bloggs]}
14:01:58.677 [Test worker] DEBUG o.s.w.r.r.v.f.FreeMarkerView - [50c81c3b] Rendering [tmp.ftl]
14:01:58.702 [Test worker] DEBUG o.s.w.r.r.v.f.FreeMarkerConfigurer - Template loader path [class path resource []] resolved to file path [/opt/bamboo-home/xml-data/build-dir/SPR-PUBM1-JOB1/spring-webflux/build/classes/java/test]
14:01:58.702 [Test worker] DEBUG o.s.w.r.r.v.f.FreeMarkerConfigurer - Template loader path [URL [file:/tmp]] resolved to file path [/tmp]
14:01:58.703 [Test worker] DEBUG o.s.w.r.r.v.f.FreeMarkerView - [61a10178] View name 'myView', model {command=Darren, springMacroRequestContext=org.springframework.web.reactive.result.view.DummyMacroRequestContext@6060ce10, msgArgs=[Ljava.lang.Object;@6643f532, nameOptionMap={Rob&Harrop=Rob Harrop, Darren=Darren Davison, John=John Doe, Fred=Fred Bloggs}, options=[Rob Harrop, Darren Davison, John Doe, Fred Bloggs]}
14:01:58.703 [Test worker] DEBUG o.s.w.r.r.v.f.FreeMarkerView - [61a10178] Rendering [tmp.ftl]
14:01:58.726 [Test worker] DEBUG o.s.w.r.r.v.f.FreeMarkerConfigurer - Template loader path [class path resource []] resolved to file path [/opt/bamboo-home/xml-data/build-dir/SPR-PUBM1-JOB1/spring-webflux/build/classes/java/test]
14:01:58.736 [Test worker] DEBUG o.s.w.r.r.v.f.FreeMarkerConfigurer - Template loader path [URL [file:/tmp]] resolved to file path [/tmp]
14:01:58.737 [Test worker] DEBUG o.s.w.r.r.v.f.FreeMarkerView - [60c46c79] View name 'myView', model {command=Darren, springMacroRequestContext=org.springframework.web.reactive.result.view.DummyMacroRequestContext@3026e2bb, msgArgs=[Ljava.lang.Object;@741faa5a, nameOptionMap={Rob&Harrop=Rob Harrop, Darren=Darren Davison, John=John Doe, Fred=Fred Bloggs}, options=[Rob Harrop, Darren Davison, John Doe, Fred Bloggs]}
14:01:58.737 [Test worker] DEBUG o.s.w.r.r.v.f.FreeMarkerView - [60c46c79] Rendering [tmp.ftl]
14:01:58.757 [Test worker] DEBUG o.s.w.r.r.v.f.FreeMarkerConfigurer - Template loader path [class path resource []] resolved to file path [/opt/bamboo-home/xml-data/build-dir/SPR-PUBM1-JOB1/spring-webflux/build/classes/java/test]
14:01:58.758 [Test worker] DEBUG o.s.w.r.r.v.f.FreeMarkerConfigurer - Template loader path [URL [file:/tmp]] resolved to file path [/tmp]
14:01:58.758 [Test worker] DEBUG o.s.w.r.r.v.f.FreeMarkerView - [4f398a5a] View name 'myView', model {command=Darren, springMacroRequestContext=org.springframework.web.reactive.result.view.DummyMacroRequestContext@1926701e, msgArgs=[Ljava.lang.Object;@69064e00, nameOptionMap={Rob&Harrop=Rob Harrop, Darren=Darren Davison, John=John Doe, Fred=Fred Bloggs}, options=[Rob Harrop, Darren Davison, John Doe, Fred Bloggs]}
14:01:58.758 [Test worker] DEBUG o.s.w.r.r.v.f.FreeMarkerView - [4f398a5a] Rendering [tmp.ftl]
14:01:58.792 [Test worker] DEBUG o.s.w.r.r.v.f.FreeMarkerConfigurer - Template loader path [class path resource []] resolved to file path [/opt/bamboo-home/xml-data/build-dir/SPR-PUBM1-JOB1/spring-webflux/build/classes/java/test]
14:01:58.793 [Test worker] DEBUG o.s.w.r.r.v.f.FreeMarkerConfigurer - Template loader path [URL [file:/tmp]] resolved to file path [/tmp]
14:01:58.794 [Test worker] DEBUG o.s.w.r.r.v.f.FreeMarkerView - [2beefc7] View name 'myView', model {command=Darren, springMacroRequestContext=org.springframework.web.reactive.result.view.DummyMacroRequestContext@62c4aed5, msgArgs=[Ljava.lang.Object;@34c40a8a, nameOptionMap={Rob&Harrop=Rob Harrop, Darren=Darren Davison, John=John Doe, Fred=Fred Bloggs}, options=[Rob Harrop, Darren Davison, John Doe, Fred Bloggs]}
14:01:58.794 [Test worker] DEBUG o.s.w.r.r.v.f.FreeMarkerView - [2beefc7] Rendering [tmp.ftl]
14:01:58.814 [Test worker] DEBUG o.s.w.r.r.v.f.FreeMarkerConfigurer - Template loader path [class path resource []] resolved to file path [/opt/bamboo-home/xml-data/build-dir/SPR-PUBM1-JOB1/spring-webflux/build/classes/java/test]
14:01:58.814 [Test worker] DEBUG o.s.w.r.r.v.f.FreeMarkerConfigurer - Template loader path [URL [file:/tmp]] resolved to file path [/tmp]
14:01:58.815 [Test worker] DEBUG o.s.w.r.r.v.f.FreeMarkerView - [17bc2daa] View name 'myView', model {command=Darren, springMacroRequestContext=org.springframework.web.reactive.result.view.DummyMacroRequestContext@279096ee, msgArgs=[Ljava.lang.Object;@4a51cad9, nameOptionMap={Rob&Harrop=Rob Harrop, Darren=Darren Davison, John=John Doe, Fred=Fred Bloggs}, options=[Rob Harrop, Darren Davison, John Doe, Fred Bloggs]}
14:01:58.815 [Test worker] DEBUG o.s.w.r.r.v.f.FreeMarkerView - [17bc2daa] Rendering [tmp.ftl]
14:01:58.826 [Test worker] DEBUG o.s.w.r.r.v.f.FreeMarkerConfigurer - Template loader path [class path resource []] resolved to file path [/opt/bamboo-home/xml-data/build-dir/SPR-PUBM1-JOB1/spring-webflux/build/classes/java/test]
14:01:58.826 [Test worker] DEBUG o.s.w.r.r.v.f.FreeMarkerConfigurer - Template loader path [URL [file:/tmp]] resolved to file path [/tmp]
14:01:58.827 [Test worker] DEBUG o.s.w.r.r.v.f.FreeMarkerView - [29ccb8fd] View name 'myView', model {command=Darren, springMacroRequestContext=org.springframework.web.reactive.result.view.DummyMacroRequestContext@63f7efff, msgArgs=[Ljava.lang.Object;@2e15fbd, nameOptionMap={Rob&Harrop=Rob Harrop, Darren=Darren Davison, John=John Doe, Fred=Fred Bloggs}, options=[Rob Harrop, Darren Davison, John Doe, Fred Bloggs]}
14:01:58.827 [Test worker] DEBUG o.s.w.r.r.v.f.FreeMarkerView - [29ccb8fd] Rendering [tmp.ftl]
14:01:58.842 [Test worker] DEBUG o.s.w.r.r.v.f.FreeMarkerConfigurer - Template loader path [class path resource []] resolved to file path [/opt/bamboo-home/xml-data/build-dir/SPR-PUBM1-JOB1/spring-webflux/build/classes/java/test]
14:01:58.842 [Test worker] DEBUG o.s.w.r.r.v.f.FreeMarkerConfigurer - Template loader path [URL [file:/tmp]] resolved to file path [/tmp]
14:01:58.843 [Test worker] DEBUG o.s.w.r.r.v.f.FreeMarkerView - [5b487306] View name 'myView', model {command=Darren, springMacroRequestContext=org.springframework.web.reactive.result.view.DummyMacroRequestContext@193aa69c, msgArgs=[Ljava.lang.Object;@33c1486a, nameOptionMap={Rob&Harrop=Rob Harrop, Darren=Darren Davison, John=John Doe, Fred=Fred Bloggs}, options=[Rob Harrop, Darren Davison, John Doe, Fred Bloggs]}
14:01:58.843 [Test worker] DEBUG o.s.w.r.r.v.f.FreeMarkerView - [5b487306] Rendering [tmp.ftl]
14:01:58.858 [Test worker] DEBUG o.s.w.r.r.v.f.FreeMarkerConfigurer - Template loader path [class path resource []] resolved to file path [/opt/bamboo-home/xml-data/build-dir/SPR-PUBM1-JOB1/spring-webflux/build/classes/java/test]
14:01:58.858 [Test worker] DEBUG o.s.w.r.r.v.f.FreeMarkerConfigurer - Template loader path [URL [file:/tmp]] resolved to file path [/tmp]
14:01:58.858 [Test worker] DEBUG o.s.w.r.r.v.f.FreeMarkerView - [7c873188] View name 'myView', model {command=Darren, springMacroRequestContext=org.springframework.web.reactive.result.view.DummyMacroRequestContext@4e13f518, msgArgs=[Ljava.lang.Object;@3dc13e3, nameOptionMap={Rob&Harrop=Rob Harrop, Darren=Darren Davison, John=John Doe, Fred=Fred Bloggs}, options=[Rob Harrop, Darren Davison, John Doe, Fred Bloggs]}
14:01:58.858 [Test worker] DEBUG o.s.w.r.r.v.f.FreeMarkerView - [7c873188] Rendering [tmp.ftl]
14:01:58.874 [Test worker] DEBUG o.s.w.r.r.v.f.FreeMarkerConfigurer - Template loader path [class path resource []] resolved to file path [/opt/bamboo-home/xml-data/build-dir/SPR-PUBM1-JOB1/spring-webflux/build/classes/java/test]
14:01:58.874 [Test worker] DEBUG o.s.w.r.r.v.f.FreeMarkerConfigurer - Template loader path [URL [file:/tmp]] resolved to file path [/tmp]
14:01:58.874 [Test worker] DEBUG o.s.w.r.r.v.f.FreeMarkerView - [4c7c1d2c] View name 'myView', model {command=Darren, springMacroRequestContext=org.springframework.web.reactive.result.view.DummyMacroRequestContext@17d106c8, msgArgs=[Ljava.lang.Object;@50916357, nameOptionMap={Rob&Harrop=Rob Harrop, Darren=Darren Davison, John=John Doe, Fred=Fred Bloggs}, options=[Rob Harrop, Darren Davison, John Doe, Fred Bloggs]}
14:01:58.875 [Test worker] DEBUG o.s.w.r.r.v.f.FreeMarkerView - [4c7c1d2c] Rendering [tmp.ftl]
14:01:58.888 [Test worker] DEBUG o.s.w.r.r.v.f.FreeMarkerConfigurer - Template loader path [class path resource []] resolved to file path [/opt/bamboo-home/xml-data/build-dir/SPR-PUBM1-JOB1/spring-webflux/build/classes/java/test]
14:01:58.888 [Test worker] DEBUG o.s.w.r.r.v.f.FreeMarkerConfigurer - Template loader path [URL [file:/tmp]] resolved to file path [/tmp]
14:01:58.889 [Test worker] DEBUG o.s.w.r.r.v.f.FreeMarkerView - [5ceb7520] View name 'myView', model {command=Darren, springMacroRequestContext=org.springframework.web.reactive.result.view.DummyMacroRequestContext@25929a58, msgArgs=[Ljava.lang.Object;@7e3f5866, nameOptionMap={Rob&Harrop=Rob Harrop, Darren=Darren Davison, John=John Doe, Fred=Fred Bloggs}, options=[Rob Harrop, Darren Davison, John Doe, Fred Bloggs]}
14:01:58.889 [Test worker] DEBUG o.s.w.r.r.v.f.FreeMarkerView - [5ceb7520] Rendering [tmp.ftl]
14:01:58.908 [Test worker] DEBUG o.s.w.r.r.v.f.FreeMarkerConfigurer - Template loader path [class path resource []] resolved to file path [/opt/bamboo-home/xml-data/build-dir/SPR-PUBM1-JOB1/spring-webflux/build/classes/java/test]
14:01:58.908 [Test worker] DEBUG o.s.w.r.r.v.f.FreeMarkerConfigurer - Template loader path [URL [file:/tmp]] resolved to file path [/tmp]
14:01:58.909 [Test worker] DEBUG o.s.w.r.r.v.f.FreeMarkerView - [104caf0f] View name 'myView', model {command=Darren, springMacroRequestContext=org.springframework.web.reactive.result.view.DummyMacroRequestContext@102dec05, msgArgs=[Ljava.lang.Object;@579579d6, nameOptionMap={Rob&Harrop=Rob Harrop, Darren=Darren Davison, John=John Doe, Fred=Fred Bloggs}, options=[Rob Harrop, Darren Davison, John Doe, Fred Bloggs]}
14:01:58.909 [Test worker] DEBUG o.s.w.r.r.v.f.FreeMarkerView - [104caf0f] Rendering [tmp.ftl]
14:01:58.919 [Test worker] DEBUG o.s.w.r.r.v.f.FreeMarkerConfigurer - Template loader path [class path resource []] resolved to file path [/opt/bamboo-home/xml-data/build-dir/SPR-PUBM1-JOB1/spring-webflux/build/classes/java/test]
14:01:58.919 [Test worker] DEBUG o.s.w.r.r.v.f.FreeMarkerConfigurer - Template loader path [URL [file:/tmp]] resolved to file path [/tmp]
14:01:58.921 [Test worker] DEBUG o.s.w.r.r.v.f.FreeMarkerView - [4b86ad58] View name 'myView', model {command=Darren, springMacroRequestContext=org.springframework.web.reactive.result.view.DummyMacroRequestContext@54383385, msgArgs=[Ljava.lang.Object;@25ce52eb, nameOptionMap={Rob&Harrop=Rob Harrop, Darren=Darren Davison, John=John Doe, Fred=Fred Bloggs}, options=[Rob Harrop, Darren Davison, John Doe, Fred Bloggs]}
14:01:58.921 [Test worker] DEBUG o.s.w.r.r.v.f.FreeMarkerView - [4b86ad58] Rendering [tmp.ftl]
14:01:58.938 [Test worker] DEBUG o.s.w.r.r.v.f.FreeMarkerConfigurer - Template loader path [class path resource []] resolved to file path [/opt/bamboo-home/xml-data/build-dir/SPR-PUBM1-JOB1/spring-webflux/build/classes/java/test]
14:01:58.938 [Test worker] DEBUG o.s.w.r.r.v.f.FreeMarkerConfigurer - Template loader path [URL [file:/tmp]] resolved to file path [/tmp]
14:01:58.939 [Test worker] DEBUG o.s.w.r.r.v.f.FreeMarkerView - [75b3064f] View name 'myView', model {command=Darren, springMacroRequestContext=org.springframework.web.reactive.result.view.DummyMacroRequestContext@46f6ee24, msgArgs=[Ljava.lang.Object;@701ef825, nameOptionMap={Rob&Harrop=Rob Harrop, Darren=Darren Davison, John=John Doe, Fred=Fred Bloggs}, options=[Rob Harrop, Darren Davison, John Doe, Fred Bloggs]}
14:01:58.939 [Test worker] DEBUG o.s.w.r.r.v.f.FreeMarkerView - [75b3064f] Rendering [tmp.ftl]
14:01:58.949 [Test worker] DEBUG o.s.w.r.r.v.f.FreeMarkerConfigurer - Template loader path [class path resource []] resolved to file path [/opt/bamboo-home/xml-data/build-dir/SPR-PUBM1-JOB1/spring-webflux/build/classes/java/test]
14:01:58.949 [Test worker] DEBUG o.s.w.r.r.v.f.FreeMarkerConfigurer - Template loader path [URL [file:/tmp]] resolved to file path [/tmp]
14:01:58.954 [Test worker] DEBUG o.s.w.r.r.v.f.FreeMarkerView - [5b1786bf] View name 'myView', model {command=Darren, springMacroRequestContext=org.springframework.web.reactive.result.view.DummyMacroRequestContext@2c9f58ea, msgArgs=[Ljava.lang.Object;@14ea7049, nameOptionMap={Rob&Harrop=Rob Harrop, Darren=Darren Davison, John=John Doe, Fred=Fred Bloggs}, options=[Rob Harrop, Darren Davison, John Doe, Fred Bloggs]}
14:01:58.954 [Test worker] DEBUG o.s.w.r.r.v.f.FreeMarkerView - [5b1786bf] Rendering [tmp.ftl]
14:01:58.970 [Test worker] DEBUG o.s.w.r.r.v.f.FreeMarkerConfigurer - Template loader path [class path resource []] resolved to file path [/opt/bamboo-home/xml-data/build-dir/SPR-PUBM1-JOB1/spring-webflux/build/classes/java/test]
14:01:58.970 [Test worker] DEBUG o.s.w.r.r.v.f.FreeMarkerConfigurer - Template loader path [URL [file:/tmp]] resolved to file path [/tmp]
14:01:58.971 [Test worker] DEBUG o.s.w.r.r.v.f.FreeMarkerView - [2c1b6fcf] View name 'myView', model {command=Darren, springMacroRequestContext=org.springframework.web.reactive.result.view.DummyMacroRequestContext@2423391c, msgArgs=[Ljava.lang.Object;@1c404b6d, nameOptionMap={Rob&Harrop=Rob Harrop, Darren=Darren Davison, John=John Doe, Fred=Fred Bloggs}, options=[Rob Harrop, Darren Davison, John Doe, Fred Bloggs]}
14:01:58.971 [Test worker] DEBUG o.s.w.r.r.v.f.FreeMarkerView - [2c1b6fcf] Rendering [tmp.ftl]
14:01:58.982 [Test worker] DEBUG o.s.w.r.r.v.f.FreeMarkerConfigurer - Template loader path [class path resource []] resolved to file path [/opt/bamboo-home/xml-data/build-dir/SPR-PUBM1-JOB1/spring-webflux/build/classes/java/test]
14:01:58.982 [Test worker] DEBUG o.s.w.r.r.v.f.FreeMarkerConfigurer - Template loader path [URL [file:/tmp]] resolved to file path [/tmp]
14:01:58.983 [Test worker] DEBUG o.s.w.r.r.v.f.FreeMarkerView - [48c183b] View name 'myView', model {command=Darren, springMacroRequestContext=org.springframework.web.reactive.result.view.DummyMacroRequestContext@7a45ce7a, msgArgs=[Ljava.lang.Object;@71d34b6f, nameOptionMap={Rob&Harrop=Rob Harrop, Darren=Darren Davison, John=John Doe, Fred=Fred Bloggs}, options=[Rob Harrop, Darren Davison, John Doe, Fred Bloggs]}
14:01:58.983 [Test worker] DEBUG o.s.w.r.r.v.f.FreeMarkerView - [48c183b] Rendering [tmp.ftl]
]]></system-out>
  <system-err><![CDATA[]]></system-err>
</testsuite>
