<?xml version="1.0" encoding="UTF-8"?>
<testsuite name="org.springframework.web.reactive.result.method.annotation.MessageReaderArgumentResolverTests" tests="19" skipped="0" failures="0" errors="0" timestamp="2020-05-29T13:59:51" hostname="bamboo-18" time="0.569">
  <properties/>
  <testcase name="futureTestBean()" classname="org.springframework.web.reactive.result.method.annotation.MessageReaderArgumentResolverTests" time="0.142"/>
  <testcase name="observableTestBean()" classname="org.springframework.web.reactive.result.method.annotation.MessageReaderArgumentResolverTests" time="0.058"/>
  <testcase name="emptyBody()" classname="org.springframework.web.reactive.result.method.annotation.MessageReaderArgumentResolverTests" time="0.005"/>
  <testcase name="testBean()" classname="org.springframework.web.reactive.result.method.annotation.MessageReaderArgumentResolverTests" time="0.002"/>
  <testcase name="fluxTestBean()" classname="org.springframework.web.reactive.result.method.annotation.MessageReaderArgumentResolverTests" time="0.025"/>
  <testcase name="flowableTestBean()" classname="org.springframework.web.reactive.result.method.annotation.MessageReaderArgumentResolverTests" time="0.038"/>
  <testcase name="singleTestBean()" classname="org.springframework.web.reactive.result.method.annotation.MessageReaderArgumentResolverTests" time="0.019"/>
  <testcase name="monoTestBean()" classname="org.springframework.web.reactive.result.method.annotation.MessageReaderArgumentResolverTests" time="0.004"/>
  <testcase name="rxJava2MaybeTestBean()" classname="org.springframework.web.reactive.result.method.annotation.MessageReaderArgumentResolverTests" time="0.009"/>
  <testcase name="rxJava2SingleTestBean()" classname="org.springframework.web.reactive.result.method.annotation.MessageReaderArgumentResolverTests" time="0.017"/>
  <testcase name="monoList()" classname="org.springframework.web.reactive.result.method.annotation.MessageReaderArgumentResolverTests" time="0.04"/>
  <testcase name="missingContentType()" classname="org.springframework.web.reactive.result.method.annotation.MessageReaderArgumentResolverTests" time="0.004"/>
  <testcase name="map()" classname="org.springframework.web.reactive.result.method.annotation.MessageReaderArgumentResolverTests" time="0.05"/>
  <testcase name="list()" classname="org.springframework.web.reactive.result.method.annotation.MessageReaderArgumentResolverTests" time="0.007"/>
  <testcase name="array()" classname="org.springframework.web.reactive.result.method.annotation.MessageReaderArgumentResolverTests" time="0.021"/>
  <testcase name="parameterizedMethodArgument()" classname="org.springframework.web.reactive.result.method.annotation.MessageReaderArgumentResolverTests" time="0.023"/>
  <testcase name="validateFluxTestBean()" classname="org.springframework.web.reactive.result.method.annotation.MessageReaderArgumentResolverTests" time="0.011"/>
  <testcase name="validateMonoTestBean()" classname="org.springframework.web.reactive.result.method.annotation.MessageReaderArgumentResolverTests" time="0.004"/>
  <testcase name="rxJava2ObservableTestBean()" classname="org.springframework.web.reactive.result.method.annotation.MessageReaderArgumentResolverTests" time="0.01"/>
  <system-out><![CDATA[13:59:51.647 [Test worker] DEBUG o.s.w.r.r.m.a.MessageReaderArgumentResolverTests$1 - [598d5ed8] Content-Type:application/json
13:59:51.710 [Test worker] DEBUG o.s.w.r.r.m.a.MessageReaderArgumentResolverTests$1 - [598d5ed8] 0..1 [org.springframework.web.reactive.result.method.annotation.MessageReaderArgumentResolverTests$TestBean]
13:59:51.768 [Test worker] DEBUG o.s.h.c.j.Jackson2JsonDecoder - [598d5ed8] Decoded [TestBean[foo='f1', bar='b1']]
13:59:51.772 [Test worker] DEBUG o.s.w.r.r.m.a.MessageReaderArgumentResolverTests$1 - [3c9754a1] Content-Type:application/json
13:59:51.775 [Test worker] DEBUG o.s.w.r.r.m.a.MessageReaderArgumentResolverTests$1 - [3c9754a1] 0..N [org.springframework.web.reactive.result.method.annotation.MessageReaderArgumentResolverTests$TestBean]
13:59:51.824 [Test worker] DEBUG o.s.h.c.j.Jackson2JsonDecoder - [3c9754a1] Decoded [TestBean[foo='f1', bar='b1']]
13:59:51.825 [Test worker] DEBUG o.s.h.c.j.Jackson2JsonDecoder - [3c9754a1] Decoded [TestBean[foo='f2', bar='b2']]
13:59:51.832 [Test worker] DEBUG o.s.w.r.r.m.a.MessageReaderArgumentResolverTests$1 - [150c199d] Content-Type:application/json
13:59:51.833 [Test worker] DEBUG o.s.w.r.r.m.a.MessageReaderArgumentResolverTests$1 - [150c199d] 0..1 [org.springframework.web.reactive.result.method.annotation.MessageReaderArgumentResolverTests$TestBean]
13:59:51.838 [Test worker] DEBUG o.s.w.r.r.m.a.MessageReaderArgumentResolverTests$1 - [259b0b86] Content-Type:application/json
13:59:51.839 [Test worker] DEBUG o.s.w.r.r.m.a.MessageReaderArgumentResolverTests$1 - [259b0b86] 0..1 [org.springframework.web.reactive.result.method.annotation.MessageReaderArgumentResolverTests$TestBean]
13:59:51.840 [Test worker] DEBUG o.s.h.c.j.Jackson2JsonDecoder - [259b0b86] Decoded [TestBean[foo='f1', bar='b1']]
13:59:51.857 [Test worker] DEBUG o.s.w.r.r.m.a.MessageReaderArgumentResolverTests$1 - [614243cf] Content-Type:application/json
13:59:51.858 [Test worker] DEBUG o.s.w.r.r.m.a.MessageReaderArgumentResolverTests$1 - [614243cf] 0..N [org.springframework.web.reactive.result.method.annotation.MessageReaderArgumentResolverTests$TestBean]
13:59:51.860 [Test worker] DEBUG o.s.h.c.j.Jackson2JsonDecoder - [614243cf] Decoded [TestBean[foo='f1', bar='b1']]
13:59:51.867 [Test worker] DEBUG o.s.h.c.j.Jackson2JsonDecoder - [614243cf] Decoded [TestBean[foo='f2', bar='b2']]
13:59:51.873 [Test worker] DEBUG o.s.w.r.r.m.a.MessageReaderArgumentResolverTests$1 - [56c4c8bf] Content-Type:application/json
13:59:51.875 [Test worker] DEBUG o.s.w.r.r.m.a.MessageReaderArgumentResolverTests$1 - [56c4c8bf] 0..N [org.springframework.web.reactive.result.method.annotation.MessageReaderArgumentResolverTests$TestBean]
13:59:51.905 [Test worker] DEBUG o.s.h.c.j.Jackson2JsonDecoder - [56c4c8bf] Decoded [TestBean[foo='f1', bar='b1']]
13:59:51.909 [Test worker] DEBUG o.s.h.c.j.Jackson2JsonDecoder - [56c4c8bf] Decoded [TestBean[foo='f2', bar='b2']]
13:59:51.919 [Test worker] DEBUG o.s.w.r.r.m.a.MessageReaderArgumentResolverTests$1 - [5e9d89d9] Content-Type:application/json
13:59:51.922 [Test worker] DEBUG o.s.w.r.r.m.a.MessageReaderArgumentResolverTests$1 - [5e9d89d9] 0..1 [org.springframework.web.reactive.result.method.annotation.MessageReaderArgumentResolverTests$TestBean]
13:59:51.930 [Test worker] DEBUG o.s.h.c.j.Jackson2JsonDecoder - [5e9d89d9] Decoded [TestBean[foo='f1', bar='b1']]
13:59:51.940 [Test worker] DEBUG o.s.w.r.r.m.a.MessageReaderArgumentResolverTests$1 - [a844f3c] Content-Type:application/json
13:59:51.941 [Test worker] DEBUG o.s.w.r.r.m.a.MessageReaderArgumentResolverTests$1 - [a844f3c] 0..1 [org.springframework.web.reactive.result.method.annotation.MessageReaderArgumentResolverTests$TestBean]
13:59:51.941 [Test worker] DEBUG o.s.h.c.j.Jackson2JsonDecoder - [a844f3c] Decoded [TestBean[foo='FOOFOO', bar='BARBAR']]
13:59:51.952 [Test worker] DEBUG o.s.w.r.r.m.a.MessageReaderArgumentResolverTests$1 - [7fb1b46e] Content-Type:application/json
13:59:51.954 [Test worker] DEBUG o.s.w.r.r.m.a.MessageReaderArgumentResolverTests$1 - [7fb1b46e] 0..1 [org.springframework.web.reactive.result.method.annotation.MessageReaderArgumentResolverTests$TestBean]
13:59:51.956 [Test worker] DEBUG o.s.h.c.j.Jackson2JsonDecoder - [7fb1b46e] Decoded [TestBean[foo='f1', bar='b1']]
13:59:51.973 [Test worker] DEBUG o.s.w.r.r.m.a.MessageReaderArgumentResolverTests$1 - [2de790bb] Content-Type:application/json
13:59:51.975 [Test worker] DEBUG o.s.w.r.r.m.a.MessageReaderArgumentResolverTests$1 - [2de790bb] 0..1 [org.springframework.web.reactive.result.method.annotation.MessageReaderArgumentResolverTests$TestBean]
13:59:51.977 [Test worker] DEBUG o.s.h.c.j.Jackson2JsonDecoder - [2de790bb] Decoded [TestBean[foo='f1', bar='b1']]
13:59:51.985 [Test worker] DEBUG o.s.w.r.r.m.a.MessageReaderArgumentResolverTests$1 - [40f55425] Content-Type:application/json
13:59:52.018 [Test worker] DEBUG o.s.w.r.r.m.a.MessageReaderArgumentResolverTests$1 - [40f55425] 0..1 [java.util.List<org.springframework.web.reactive.result.method.annotation.MessageReaderArgumentResolverTests$TestBean>]
13:59:52.020 [Test worker] DEBUG o.s.h.c.j.Jackson2JsonDecoder - [40f55425] Decoded [[TestBean[foo='f1', bar='b1'], TestBean[foo='f2', bar='b2']]]
13:59:52.030 [Test worker] DEBUG o.s.w.r.r.m.a.MessageReaderArgumentResolverTests$1 - [1f26cde4] No Content-Type, using application/octet-stream
13:59:52.051 [Test worker] DEBUG o.s.w.r.r.m.a.MessageReaderArgumentResolverTests$1 - [4078612c] Content-Type:application/json
13:59:52.057 [Test worker] DEBUG o.s.w.r.r.m.a.MessageReaderArgumentResolverTests$1 - [4078612c] 0..1 [java.util.Map<java.lang.String, java.lang.String>]
13:59:52.100 [Test worker] DEBUG o.s.h.c.j.Jackson2JsonDecoder - [4078612c] Decoded [{bar=b1, foo=f1}]
13:59:52.103 [Test worker] DEBUG o.s.w.r.r.m.a.MessageReaderArgumentResolverTests$1 - [3130415] Content-Type:application/json
13:59:52.103 [Test worker] DEBUG o.s.w.r.r.m.a.MessageReaderArgumentResolverTests$1 - [3130415] 0..1 [java.util.List<org.springframework.web.reactive.result.method.annotation.MessageReaderArgumentResolverTests$TestBean>]
13:59:52.109 [Test worker] DEBUG o.s.h.c.j.Jackson2JsonDecoder - [3130415] Decoded [[TestBean[foo='f1', bar='b1'], TestBean[foo='f2', bar='b2']]]
13:59:52.125 [Test worker] DEBUG o.s.w.r.r.m.a.MessageReaderArgumentResolverTests$1 - [5e7ac96d] Content-Type:application/json
13:59:52.126 [Test worker] DEBUG o.s.w.r.r.m.a.MessageReaderArgumentResolverTests$1 - [5e7ac96d] 0..1 [org.springframework.web.reactive.result.method.annotation.MessageReaderArgumentResolverTests$TestBean[]]
13:59:52.128 [Test worker] DEBUG o.s.h.c.j.Jackson2JsonDecoder - [5e7ac96d] Decoded [[Lorg.springframework.web.reactive.result.method.annotation.MessageReaderArgumentResolverTests$TestB (truncated)...]
13:59:52.151 [Test worker] DEBUG o.s.w.r.r.m.a.MessageReaderArgumentResolverTests$1 - [216301bf] Content-Type:application/json
13:59:52.152 [Test worker] DEBUG o.s.w.r.r.m.a.MessageReaderArgumentResolverTests$1 - [216301bf] 0..1 [org.springframework.web.reactive.result.method.annotation.MessageReaderArgumentResolverTests$SimpleBean]
13:59:52.164 [Test worker] DEBUG o.s.h.c.j.Jackson2JsonDecoder - [216301bf] Decoded [org.springframework.web.reactive.result.method.annotation.MessageReaderArgumentResolverTests$SimpleB (truncated)...]
13:59:52.171 [Test worker] DEBUG o.s.w.r.r.m.a.MessageReaderArgumentResolverTests$1 - [27fc423c] Content-Type:application/json
13:59:52.172 [Test worker] DEBUG o.s.w.r.r.m.a.MessageReaderArgumentResolverTests$1 - [27fc423c] 0..N [org.springframework.web.reactive.result.method.annotation.MessageReaderArgumentResolverTests$TestBean]
13:59:52.174 [Test worker] DEBUG o.s.h.c.j.Jackson2JsonDecoder - [27fc423c] Decoded [TestBean[foo='f1', bar='b1']]
13:59:52.174 [Test worker] DEBUG o.s.h.c.j.Jackson2JsonDecoder - [27fc423c] Decoded [TestBean[foo='null', bar='b2']]
13:59:52.182 [Test worker] DEBUG o.s.w.r.r.m.a.MessageReaderArgumentResolverTests$1 - [27ed537d] Content-Type:application/json
13:59:52.182 [Test worker] DEBUG o.s.w.r.r.m.a.MessageReaderArgumentResolverTests$1 - [27ed537d] 0..1 [org.springframework.web.reactive.result.method.annotation.MessageReaderArgumentResolverTests$TestBean]
13:59:52.183 [Test worker] DEBUG o.s.h.c.j.Jackson2JsonDecoder - [27ed537d] Decoded [TestBean[foo='null', bar='b1']]
13:59:52.189 [Test worker] DEBUG o.s.w.r.r.m.a.MessageReaderArgumentResolverTests$1 - [476bdae3] Content-Type:application/json
13:59:52.190 [Test worker] DEBUG o.s.w.r.r.m.a.MessageReaderArgumentResolverTests$1 - [476bdae3] 0..N [org.springframework.web.reactive.result.method.annotation.MessageReaderArgumentResolverTests$TestBean]
13:59:52.195 [Test worker] DEBUG o.s.h.c.j.Jackson2JsonDecoder - [476bdae3] Decoded [TestBean[foo='f1', bar='b1']]
13:59:52.196 [Test worker] DEBUG o.s.h.c.j.Jackson2JsonDecoder - [476bdae3] Decoded [TestBean[foo='f2', bar='b2']]
]]></system-out>
  <system-err><![CDATA[]]></system-err>
</testsuite>
