<?xml version="1.0" encoding="UTF-8"?>
<testsuite name="org.springframework.web.reactive.function.server.RenderingResponseIntegrationTests" tests="8" skipped="0" failures="0" errors="0" timestamp="2021-06-20T08:12:49" hostname="gankangdembp" time="0.681">
  <properties/>
  <testcase name="filter(HttpServer)[1]" classname="org.springframework.web.reactive.function.server.RenderingResponseIntegrationTests" time="0.068"/>
  <testcase name="filter(HttpServer)[2]" classname="org.springframework.web.reactive.function.server.RenderingResponseIntegrationTests" time="0.026"/>
  <testcase name="filter(HttpServer)[3]" classname="org.springframework.web.reactive.function.server.RenderingResponseIntegrationTests" time="0.069"/>
  <testcase name="filter(HttpServer)[4]" classname="org.springframework.web.reactive.function.server.RenderingResponseIntegrationTests" time="0.147"/>
  <testcase name="normal(HttpServer)[1]" classname="org.springframework.web.reactive.function.server.RenderingResponseIntegrationTests" time="0.057"/>
  <testcase name="normal(HttpServer)[2]" classname="org.springframework.web.reactive.function.server.RenderingResponseIntegrationTests" time="0.038"/>
  <testcase name="normal(HttpServer)[3]" classname="org.springframework.web.reactive.function.server.RenderingResponseIntegrationTests" time="0.068"/>
  <testcase name="normal(HttpServer)[4]" classname="org.springframework.web.reactive.function.server.RenderingResponseIntegrationTests" time="0.031"/>
  <system-out><![CDATA[16:12:49.498 [Test worker] DEBUG o.s.w.s.a.HttpWebHandlerAdapter - enableLoggingRequestDetails='false': form data and headers will be masked to prevent unsafe logging of potentially sensitive data
16:12:49.499 [Test worker] WARN  o.e.j.s.h.ContextHandler - Empty contextPath
16:12:49.500 [Test worker] INFO  o.e.j.s.h.ContextHandler - Started o.e.j.s.ServletContextHandler@1570a897{/,null,AVAILABLE}
16:12:49.500 [Test worker] DEBUG o.s.w.t.h.s.r.b.JettyHttpServer - Starting JettyHttpServer...
16:12:49.500 [Test worker] INFO  o.e.j.s.Server - jetty-9.4.31.v20200723; built: 2020-07-23T17:57:36.812Z; git: 450ba27947e13e66baa8cd1ce7e85a4461cacc1d; jvm 1.8.0_201-b09
16:12:49.513 [Test worker] INFO  o.e.j.s.AbstractConnector - Started ServerConnector@6d3e3cbc{HTTP/1.1, (http/1.1)}{0.0.0.0:56785}
16:12:49.513 [Test worker] INFO  o.e.j.s.Server - Started @137359ms
16:12:49.513 [Test worker] DEBUG o.s.w.t.h.s.r.b.JettyHttpServer - Server started on port 56785(0 millis).
16:12:49.514 [Test worker] DEBUG o.s.w.c.RestTemplate - HTTP GET http://localhost:56785/filter
16:12:49.514 [Test worker] DEBUG o.s.w.c.RestTemplate - Accept=[text/plain, application/json, application/x-jackson-smile, application/*+json, */*]
16:12:49.516 [qtp1214548286-2062] DEBUG o.s.w.s.a.HttpWebHandlerAdapter - [3e8becea] HTTP GET "/filter"
16:12:49.527 [qtp1214548286-2062] DEBUG o.s.w.s.a.HttpWebHandlerAdapter - [3e8becea] Completed 200 OK
16:12:49.527 [Test worker] DEBUG o.s.w.c.RestTemplate - Response 200 OK
16:12:49.527 [Test worker] DEBUG o.s.w.c.RestTemplate - Reading to [java.lang.String] as "text/plain"
16:12:49.529 [Test worker] DEBUG o.s.w.t.h.s.r.b.JettyHttpServer - Stopping JettyHttpServer...
16:12:49.530 [Test worker] INFO  o.e.j.s.h.ContextHandler - Stopped o.e.j.s.ServletContextHandler@1570a897{/,null,UNAVAILABLE}
16:12:49.531 [Test worker] INFO  o.e.j.s.AbstractConnector - Stopped ServerConnector@6d3e3cbc{HTTP/1.1, (http/1.1)}{0.0.0.0:0}
16:12:49.541 [Test worker] DEBUG o.s.w.t.h.s.r.b.JettyHttpServer - Server stopped (0 millis).
16:12:49.571 [Test worker] DEBUG o.s.w.s.a.HttpWebHandlerAdapter - enableLoggingRequestDetails='false': form data and headers will be masked to prevent unsafe logging of potentially sensitive data
16:12:49.571 [Test worker] DEBUG o.s.w.t.h.s.r.b.ReactorHttpServer - Starting ReactorHttpServer...
16:12:49.574 [Test worker] DEBUG o.s.w.t.h.s.r.b.ReactorHttpServer - Server started on port 56787(0 millis).
16:12:49.575 [Test worker] DEBUG o.s.w.c.RestTemplate - HTTP GET http://localhost:56787/filter
16:12:49.577 [Test worker] DEBUG o.s.w.c.RestTemplate - Accept=[text/plain, application/json, application/x-jackson-smile, application/*+json, */*]
16:12:49.579 [reactor-http-nio-8] DEBUG o.s.w.s.a.HttpWebHandlerAdapter - [7c57b32c-55] HTTP GET "/filter"
16:12:49.581 [reactor-http-nio-8] DEBUG o.s.w.s.a.HttpWebHandlerAdapter - [7c57b32c-55] Completed 200 OK
16:12:49.581 [Test worker] DEBUG o.s.w.c.RestTemplate - Response 200 OK
16:12:49.581 [Test worker] DEBUG o.s.w.c.RestTemplate - Reading to [java.lang.String] as "text/plain"
16:12:49.582 [Test worker] DEBUG o.s.w.t.h.s.r.b.ReactorHttpServer - Stopping ReactorHttpServer...
16:12:49.582 [Test worker] DEBUG o.s.w.t.h.s.r.b.ReactorHttpServer - Server stopped (0 millis).
16:12:49.625 [Test worker] DEBUG o.s.w.s.a.HttpWebHandlerAdapter - enableLoggingRequestDetails='false': form data and headers will be masked to prevent unsafe logging of potentially sensitive data
16:12:49.625 [Test worker] DEBUG o.s.w.t.h.s.r.b.TomcatHttpServer - Starting TomcatHttpServer...
16:12:49.638 [Test worker] DEBUG o.s.w.t.h.s.r.b.TomcatHttpServer - Server started on port 56789(0 millis).
16:12:49.639 [Test worker] DEBUG o.s.w.c.RestTemplate - HTTP GET http://localhost:56789/filter
16:12:49.639 [Test worker] DEBUG o.s.w.c.RestTemplate - Accept=[text/plain, application/json, application/x-jackson-smile, application/*+json, */*]
16:12:49.643 [http-nio-auto-54-exec-1] DEBUG o.s.w.s.a.HttpWebHandlerAdapter - [6c7e310e] HTTP GET "/filter"
16:12:49.644 [http-nio-auto-54-exec-1] DEBUG o.s.w.s.a.HttpWebHandlerAdapter - [6c7e310e] Completed 200 OK
16:12:49.646 [Test worker] DEBUG o.s.w.c.RestTemplate - Response 200 OK
16:12:49.646 [Test worker] DEBUG o.s.w.c.RestTemplate - Reading to [java.lang.String] as "text/plain"
16:12:49.647 [Test worker] DEBUG o.s.w.t.h.s.r.b.TomcatHttpServer - Stopping TomcatHttpServer...
16:12:49.671 [Test worker] DEBUG o.s.w.t.h.s.r.b.TomcatHttpServer - Server stopped (0 millis).
16:12:49.825 [Test worker] DEBUG o.s.w.s.a.HttpWebHandlerAdapter - enableLoggingRequestDetails='false': form data and headers will be masked to prevent unsafe logging of potentially sensitive data
16:12:49.825 [Test worker] DEBUG o.s.w.t.h.s.r.b.UndertowHttpServer - Starting UndertowHttpServer...
16:12:49.825 [Test worker] INFO  i.undertow - starting server: Undertow - 2.0.32.Final
16:12:49.832 [Test worker] DEBUG o.s.w.t.h.s.r.b.UndertowHttpServer - Server started on port 56792(0 millis).
16:12:49.832 [Test worker] DEBUG o.s.w.c.RestTemplate - HTTP GET http://localhost:56792/filter
16:12:49.833 [Test worker] DEBUG o.s.w.c.RestTemplate - Accept=[text/plain, application/json, application/x-jackson-smile, application/*+json, */*]
16:12:49.834 [XNIO-54 I/O-6] DEBUG o.s.w.s.a.HttpWebHandlerAdapter - [38f3c344] HTTP GET "/filter"
16:12:49.836 [XNIO-54 I/O-6] DEBUG o.s.w.s.a.HttpWebHandlerAdapter - [38f3c344] Completed 200 OK
16:12:49.836 [Test worker] DEBUG o.s.w.c.RestTemplate - Response 200 OK
16:12:49.836 [Test worker] DEBUG o.s.w.c.RestTemplate - Reading to [java.lang.String] as "text/plain"
16:12:49.836 [Test worker] DEBUG o.s.w.t.h.s.r.b.UndertowHttpServer - Stopping UndertowHttpServer...
16:12:49.836 [Test worker] INFO  i.undertow - stopping server: Undertow - 2.0.32.Final
16:12:49.837 [Test worker] DEBUG o.s.w.t.h.s.r.b.UndertowHttpServer - Server stopped (0 millis).
16:12:49.913 [Test worker] DEBUG o.s.w.s.a.HttpWebHandlerAdapter - enableLoggingRequestDetails='false': form data and headers will be masked to prevent unsafe logging of potentially sensitive data
16:12:49.913 [Test worker] WARN  o.e.j.s.h.ContextHandler - Empty contextPath
16:12:49.913 [Test worker] INFO  o.e.j.s.h.ContextHandler - Started o.e.j.s.ServletContextHandler@651d9950{/,null,AVAILABLE}
16:12:49.913 [Test worker] DEBUG o.s.w.t.h.s.r.b.JettyHttpServer - Starting JettyHttpServer...
16:12:49.914 [Test worker] INFO  o.e.j.s.Server - jetty-9.4.31.v20200723; built: 2020-07-23T17:57:36.812Z; git: 450ba27947e13e66baa8cd1ce7e85a4461cacc1d; jvm 1.8.0_201-b09
16:12:49.925 [Test worker] INFO  o.e.j.s.AbstractConnector - Started ServerConnector@2dec2c35{HTTP/1.1, (http/1.1)}{0.0.0.0:56794}
16:12:49.925 [Test worker] INFO  o.e.j.s.Server - Started @137771ms
16:12:49.925 [Test worker] DEBUG o.s.w.t.h.s.r.b.JettyHttpServer - Server started on port 56794(0 millis).
16:12:49.925 [Test worker] DEBUG o.s.w.c.RestTemplate - HTTP GET http://localhost:56794/normal
16:12:49.925 [Test worker] DEBUG o.s.w.c.RestTemplate - Accept=[text/plain, application/json, application/x-jackson-smile, application/*+json, */*]
16:12:49.928 [qtp486001394-2100] DEBUG o.s.w.s.a.HttpWebHandlerAdapter - [176caed3] HTTP GET "/normal"
16:12:49.929 [qtp486001394-2100] DEBUG o.s.w.s.a.HttpWebHandlerAdapter - [176caed3] Completed 200 OK
16:12:49.929 [Test worker] DEBUG o.s.w.c.RestTemplate - Response 200 OK
16:12:49.929 [Test worker] DEBUG o.s.w.c.RestTemplate - Reading to [java.lang.String] as "text/plain"
16:12:49.929 [Test worker] DEBUG o.s.w.t.h.s.r.b.JettyHttpServer - Stopping JettyHttpServer...
16:12:49.930 [Test worker] INFO  o.e.j.s.h.ContextHandler - Stopped o.e.j.s.ServletContextHandler@651d9950{/,null,UNAVAILABLE}
16:12:49.931 [Test worker] INFO  o.e.j.s.AbstractConnector - Stopped ServerConnector@2dec2c35{HTTP/1.1, (http/1.1)}{0.0.0.0:0}
16:12:49.942 [Test worker] DEBUG o.s.w.t.h.s.r.b.JettyHttpServer - Server stopped (0 millis).
16:12:49.990 [Test worker] DEBUG o.s.w.s.a.HttpWebHandlerAdapter - enableLoggingRequestDetails='false': form data and headers will be masked to prevent unsafe logging of potentially sensitive data
16:12:49.990 [Test worker] DEBUG o.s.w.t.h.s.r.b.ReactorHttpServer - Starting ReactorHttpServer...
16:12:49.998 [Test worker] DEBUG o.s.w.t.h.s.r.b.ReactorHttpServer - Server started on port 56796(0 millis).
16:12:49.999 [Test worker] DEBUG o.s.w.c.RestTemplate - HTTP GET http://localhost:56796/normal
16:12:49.999 [Test worker] DEBUG o.s.w.c.RestTemplate - Accept=[text/plain, application/json, application/x-jackson-smile, application/*+json, */*]
16:12:50.002 [reactor-http-nio-10] DEBUG o.s.w.s.a.HttpWebHandlerAdapter - [bd79128f-56] HTTP GET "/normal"
16:12:50.003 [Test worker] DEBUG o.s.w.c.RestTemplate - Response 200 OK
16:12:50.003 [Test worker] DEBUG o.s.w.c.RestTemplate - Reading to [java.lang.String] as "text/plain"
16:12:50.004 [reactor-http-nio-10] DEBUG o.s.w.s.a.HttpWebHandlerAdapter - [bd79128f-56] Completed 200 OK
16:12:50.004 [Test worker] DEBUG o.s.w.t.h.s.r.b.ReactorHttpServer - Stopping ReactorHttpServer...
16:12:50.004 [Test worker] DEBUG o.s.w.t.h.s.r.b.ReactorHttpServer - Server stopped (0 millis).
16:12:50.065 [Test worker] DEBUG o.s.w.s.a.HttpWebHandlerAdapter - enableLoggingRequestDetails='false': form data and headers will be masked to prevent unsafe logging of potentially sensitive data
16:12:50.066 [Test worker] DEBUG o.s.w.t.h.s.r.b.TomcatHttpServer - Starting TomcatHttpServer...
16:12:50.089 [Test worker] DEBUG o.s.w.t.h.s.r.b.TomcatHttpServer - Server started on port 56798(0 millis).
16:12:50.089 [Test worker] DEBUG o.s.w.c.RestTemplate - HTTP GET http://localhost:56798/normal
16:12:50.089 [Test worker] DEBUG o.s.w.c.RestTemplate - Accept=[text/plain, application/json, application/x-jackson-smile, application/*+json, */*]
16:12:50.092 [http-nio-auto-55-exec-1] DEBUG o.s.w.s.a.HttpWebHandlerAdapter - [1b7d25b1] HTTP GET "/normal"
16:12:50.093 [http-nio-auto-55-exec-1] DEBUG o.s.w.s.a.HttpWebHandlerAdapter - [1b7d25b1] Completed 200 OK
16:12:50.094 [Test worker] DEBUG o.s.w.c.RestTemplate - Response 200 OK
16:12:50.094 [Test worker] DEBUG o.s.w.c.RestTemplate - Reading to [java.lang.String] as "text/plain"
16:12:50.095 [Test worker] DEBUG o.s.w.t.h.s.r.b.TomcatHttpServer - Stopping TomcatHttpServer...
16:12:50.109 [Test worker] DEBUG o.s.w.t.h.s.r.b.TomcatHttpServer - Server stopped (0 millis).
16:12:50.143 [Test worker] DEBUG o.s.w.s.a.HttpWebHandlerAdapter - enableLoggingRequestDetails='false': form data and headers will be masked to prevent unsafe logging of potentially sensitive data
16:12:50.143 [Test worker] DEBUG o.s.w.t.h.s.r.b.UndertowHttpServer - Starting UndertowHttpServer...
16:12:50.143 [Test worker] INFO  i.undertow - starting server: Undertow - 2.0.32.Final
16:12:50.148 [Test worker] DEBUG o.s.w.t.h.s.r.b.UndertowHttpServer - Server started on port 56801(0 millis).
16:12:50.149 [Test worker] DEBUG o.s.w.c.RestTemplate - HTTP GET http://localhost:56801/normal
16:12:50.149 [Test worker] DEBUG o.s.w.c.RestTemplate - Accept=[text/plain, application/json, application/x-jackson-smile, application/*+json, */*]
16:12:50.151 [XNIO-55 I/O-6] DEBUG o.s.w.s.a.HttpWebHandlerAdapter - [40afabac] HTTP GET "/normal"
16:12:50.152 [XNIO-55 I/O-6] DEBUG o.s.w.s.a.HttpWebHandlerAdapter - [40afabac] Completed 200 OK
16:12:50.152 [Test worker] DEBUG o.s.w.c.RestTemplate - Response 200 OK
16:12:50.152 [Test worker] DEBUG o.s.w.c.RestTemplate - Reading to [java.lang.String] as "text/plain"
16:12:50.152 [Test worker] DEBUG o.s.w.t.h.s.r.b.UndertowHttpServer - Stopping UndertowHttpServer...
16:12:50.152 [Test worker] INFO  i.undertow - stopping server: Undertow - 2.0.32.Final
16:12:50.154 [Test worker] DEBUG o.s.w.t.h.s.r.b.UndertowHttpServer - Server stopped (0 millis).
]]></system-out>
  <system-err><![CDATA[]]></system-err>
</testsuite>
