<?xml version="1.0" encoding="UTF-8"?>
<testsuite name="org.springframework.web.reactive.function.server.support.DispatcherHandlerIntegrationTests" tests="4" skipped="0" failures="0" errors="0" timestamp="2020-05-29T14:00:33" hostname="bamboo-18" time="0.602">
  <properties/>
  <testcase name="nested(HttpServer)[1]" classname="org.springframework.web.reactive.function.server.support.DispatcherHandlerIntegrationTests" time="0.184"/>
  <testcase name="nested(HttpServer)[2]" classname="org.springframework.web.reactive.function.server.support.DispatcherHandlerIntegrationTests" time="0.053"/>
  <testcase name="nested(HttpServer)[3]" classname="org.springframework.web.reactive.function.server.support.DispatcherHandlerIntegrationTests" time="0.206"/>
  <testcase name="nested(HttpServer)[4]" classname="org.springframework.web.reactive.function.server.support.DispatcherHandlerIntegrationTests" time="0.139"/>
  <system-out><![CDATA[14:00:33.037 [Test worker] DEBUG o.s.w.r.f.s.s.RouterFunctionMapping - 1 RouterFunction(s) in 'routerFunctionMapping'
14:00:33.058 [Test worker] DEBUG o.s.w.r.r.m.a.ControllerMethodResolver - ControllerAdvice beans: none
14:00:33.071 [Test worker] DEBUG o.s.w.s.a.HttpWebHandlerAdapter - enableLoggingRequestDetails='false': form data and headers will be masked to prevent unsafe logging of potentially sensitive data
14:00:33.071 [Test worker] WARN  o.e.j.s.h.ContextHandler - Empty contextPath
14:00:33.071 [Test worker] INFO  o.e.j.s.h.ContextHandler - Started o.e.j.s.ServletContextHandler@39ae0d50{/,null,AVAILABLE}
14:00:33.071 [Test worker] DEBUG o.s.w.t.h.s.r.b.JettyHttpServer - Starting JettyHttpServer...
14:00:33.071 [Test worker] INFO  o.e.j.s.Server - jetty-9.4.29.v20200521; built: 2020-05-21T17:20:40.598Z; git: 77c232aed8a45c818fd27232278d9f95a021095e; jvm 1.8.0_232-b09
14:00:33.148 [Test worker] INFO  o.e.j.s.AbstractConnector - Started ServerConnector@94f4b77{HTTP/1.1, (http/1.1)}{0.0.0.0:33223}
14:00:33.148 [Test worker] INFO  o.e.j.s.Server - Started @53315ms
14:00:33.148 [Test worker] DEBUG o.s.w.t.h.s.r.b.JettyHttpServer - Server started on port 33223(0 millis).
14:00:33.149 [Test worker] DEBUG o.s.w.c.RestTemplate - HTTP GET http://localhost:33223/foo/bar
14:00:33.149 [Test worker] DEBUG o.s.w.c.RestTemplate - Accept=[text/plain, application/json, application/x-jackson-smile, application/*+json, */*]
14:00:33.158 [qtp2142306024-980] DEBUG o.s.w.s.a.HttpWebHandlerAdapter - [398d634] HTTP GET "/foo/bar"
14:00:33.164 [qtp2142306024-980] DEBUG o.s.w.r.f.s.s.RouterFunctionMapping - [398d634] Mapped to org.springframework.web.reactive.function.server.support.DispatcherHandlerIntegrationTests$TestConfiguration$$Lambda$1323/1608510851@17e210ec
14:00:33.174 [qtp2142306024-980] DEBUG o.s.w.s.a.HttpWebHandlerAdapter - [398d634] Completed 200 OK
14:00:33.175 [Test worker] DEBUG o.s.w.c.RestTemplate - Response 200 OK
14:00:33.175 [Test worker] DEBUG o.s.w.t.h.s.r.b.JettyHttpServer - Stopping JettyHttpServer...
14:00:33.175 [Test worker] INFO  o.e.j.s.h.ContextHandler - Stopped o.e.j.s.ServletContextHandler@39ae0d50{/,null,UNAVAILABLE}
14:00:33.182 [Test worker] INFO  o.e.j.s.AbstractConnector - Stopped ServerConnector@94f4b77{HTTP/1.1, (http/1.1)}{0.0.0.0:0}
14:00:33.185 [Test worker] DEBUG o.s.w.t.h.s.r.b.JettyHttpServer - Server stopped (0 millis).
14:00:33.207 [Test worker] DEBUG o.s.w.r.f.s.s.RouterFunctionMapping - 1 RouterFunction(s) in 'routerFunctionMapping'
14:00:33.222 [Test worker] DEBUG o.s.w.r.r.m.a.ControllerMethodResolver - ControllerAdvice beans: none
14:00:33.231 [Test worker] DEBUG o.s.w.s.a.HttpWebHandlerAdapter - enableLoggingRequestDetails='false': form data and headers will be masked to prevent unsafe logging of potentially sensitive data
14:00:33.231 [Test worker] DEBUG o.s.w.t.h.s.r.b.ReactorHttpServer - Starting ReactorHttpServer...
14:00:33.237 [Test worker] DEBUG o.s.w.t.h.s.r.b.ReactorHttpServer - Server started on port 37483(0 millis).
14:00:33.237 [Test worker] DEBUG o.s.w.c.RestTemplate - HTTP GET http://localhost:37483/foo/bar
14:00:33.237 [Test worker] DEBUG o.s.w.c.RestTemplate - Accept=[text/plain, application/json, application/x-jackson-smile, application/*+json, */*]
14:00:33.238 [reactor-http-epoll-1] DEBUG o.s.w.s.a.HttpWebHandlerAdapter - [181176b8-31] HTTP GET "/foo/bar"
14:00:33.239 [reactor-http-epoll-1] DEBUG o.s.w.r.f.s.s.RouterFunctionMapping - [181176b8-31] Mapped to org.springframework.web.reactive.function.server.support.DispatcherHandlerIntegrationTests$TestConfiguration$$Lambda$1323/1608510851@7daff94b
14:00:33.239 [reactor-http-epoll-1] DEBUG o.s.w.s.a.HttpWebHandlerAdapter - [181176b8-31] Completed 200 OK
14:00:33.244 [Test worker] DEBUG o.s.w.c.RestTemplate - Response 200 OK
14:00:33.244 [Test worker] DEBUG o.s.w.t.h.s.r.b.ReactorHttpServer - Stopping ReactorHttpServer...
14:00:33.245 [Test worker] DEBUG o.s.w.t.h.s.r.b.ReactorHttpServer - Server stopped (0 millis).
14:00:33.267 [Test worker] DEBUG o.s.w.r.f.s.s.RouterFunctionMapping - 1 RouterFunction(s) in 'routerFunctionMapping'
14:00:33.279 [Test worker] DEBUG o.s.w.r.r.m.a.ControllerMethodResolver - ControllerAdvice beans: none
14:00:33.287 [Test worker] DEBUG o.s.w.s.a.HttpWebHandlerAdapter - enableLoggingRequestDetails='false': form data and headers will be masked to prevent unsafe logging of potentially sensitive data
14:00:33.288 [Test worker] DEBUG o.s.w.t.h.s.r.b.TomcatHttpServer - Starting TomcatHttpServer...
14:00:33.399 [Test worker] DEBUG o.s.w.t.h.s.r.b.TomcatHttpServer - Server started on port 34673(0 millis).
14:00:33.399 [Test worker] DEBUG o.s.w.c.RestTemplate - HTTP GET http://localhost:34673/foo/bar
14:00:33.400 [Test worker] DEBUG o.s.w.c.RestTemplate - Accept=[text/plain, application/json, application/x-jackson-smile, application/*+json, */*]
14:00:33.438 [http-nio-auto-28-exec-1] DEBUG o.s.w.s.a.HttpWebHandlerAdapter - [564fe768] HTTP GET "/foo/bar"
14:00:33.439 [http-nio-auto-28-exec-1] DEBUG o.s.w.r.f.s.s.RouterFunctionMapping - [564fe768] Mapped to org.springframework.web.reactive.function.server.support.DispatcherHandlerIntegrationTests$TestConfiguration$$Lambda$1323/1608510851@588803d1
14:00:33.439 [http-nio-auto-28-exec-1] DEBUG o.s.w.s.a.HttpWebHandlerAdapter - [564fe768] Completed 200 OK
14:00:33.439 [Test worker] DEBUG o.s.w.c.RestTemplate - Response 200 OK
14:00:33.440 [Test worker] DEBUG o.s.w.t.h.s.r.b.TomcatHttpServer - Stopping TomcatHttpServer...
14:00:33.458 [Test worker] DEBUG o.s.w.t.h.s.r.b.TomcatHttpServer - Server stopped (0 millis).
14:00:33.518 [Test worker] DEBUG o.s.w.r.f.s.s.RouterFunctionMapping - 1 RouterFunction(s) in 'routerFunctionMapping'
14:00:33.534 [Test worker] DEBUG o.s.w.r.r.m.a.ControllerMethodResolver - ControllerAdvice beans: none
14:00:33.560 [Test worker] DEBUG o.s.w.s.a.HttpWebHandlerAdapter - enableLoggingRequestDetails='false': form data and headers will be masked to prevent unsafe logging of potentially sensitive data
14:00:33.561 [Test worker] DEBUG o.s.w.t.h.s.r.b.UndertowHttpServer - Starting UndertowHttpServer...
14:00:33.561 [Test worker] INFO  i.undertow - starting server: Undertow - 2.0.30.Final
14:00:33.598 [Test worker] DEBUG o.s.w.t.h.s.r.b.UndertowHttpServer - Server started on port 34349(0 millis).
14:00:33.598 [Test worker] DEBUG o.s.w.c.RestTemplate - HTTP GET http://localhost:34349/foo/bar
14:00:33.598 [Test worker] DEBUG o.s.w.c.RestTemplate - Accept=[text/plain, application/json, application/x-jackson-smile, application/*+json, */*]
14:00:33.601 [XNIO-27 I/O-4] DEBUG o.s.w.s.a.HttpWebHandlerAdapter - [552978e7] HTTP GET "/foo/bar"
14:00:33.601 [XNIO-27 I/O-4] DEBUG o.s.w.r.f.s.s.RouterFunctionMapping - [552978e7] Mapped to org.springframework.web.reactive.function.server.support.DispatcherHandlerIntegrationTests$TestConfiguration$$Lambda$1323/1608510851@5116e69a
14:00:33.602 [XNIO-27 I/O-4] DEBUG o.s.w.s.a.HttpWebHandlerAdapter - [552978e7] Completed 200 OK
14:00:33.602 [Test worker] DEBUG o.s.w.c.RestTemplate - Response 200 OK
14:00:33.602 [Test worker] DEBUG o.s.w.t.h.s.r.b.UndertowHttpServer - Stopping UndertowHttpServer...
14:00:33.602 [Test worker] INFO  i.undertow - stopping server: Undertow - 2.0.30.Final
14:00:33.603 [Test worker] DEBUG o.s.w.t.h.s.r.b.UndertowHttpServer - Server stopped (0 millis).
]]></system-out>
  <system-err><![CDATA[]]></system-err>
</testsuite>
