<?xml version="1.0" encoding="UTF-8"?>
<testsuite name="org.springframework.web.reactive.result.method.annotation.MessageReaderArgumentResolverTests" tests="19" skipped="0" failures="0" errors="0" timestamp="2021-06-20T08:11:53" hostname="gankangdembp" time="1.079">
  <properties/>
  <testcase name="futureTestBean()" classname="org.springframework.web.reactive.result.method.annotation.MessageReaderArgumentResolverTests" time="0.381"/>
  <testcase name="observableTestBean()" classname="org.springframework.web.reactive.result.method.annotation.MessageReaderArgumentResolverTests" time="0.097"/>
  <testcase name="emptyBody()" classname="org.springframework.web.reactive.result.method.annotation.MessageReaderArgumentResolverTests" time="0.022"/>
  <testcase name="testBean()" classname="org.springframework.web.reactive.result.method.annotation.MessageReaderArgumentResolverTests" time="0.004"/>
  <testcase name="fluxTestBean()" classname="org.springframework.web.reactive.result.method.annotation.MessageReaderArgumentResolverTests" time="0.006"/>
  <testcase name="flowableTestBean()" classname="org.springframework.web.reactive.result.method.annotation.MessageReaderArgumentResolverTests" time="0.006"/>
  <testcase name="singleTestBean()" classname="org.springframework.web.reactive.result.method.annotation.MessageReaderArgumentResolverTests" time="0.029"/>
  <testcase name="monoTestBean()" classname="org.springframework.web.reactive.result.method.annotation.MessageReaderArgumentResolverTests" time="0.003"/>
  <testcase name="rxJava2MaybeTestBean()" classname="org.springframework.web.reactive.result.method.annotation.MessageReaderArgumentResolverTests" time="0.003"/>
  <testcase name="rxJava2SingleTestBean()" classname="org.springframework.web.reactive.result.method.annotation.MessageReaderArgumentResolverTests" time="0.023"/>
  <testcase name="monoList()" classname="org.springframework.web.reactive.result.method.annotation.MessageReaderArgumentResolverTests" time="0.046"/>
  <testcase name="missingContentType()" classname="org.springframework.web.reactive.result.method.annotation.MessageReaderArgumentResolverTests" time="0.004"/>
  <testcase name="map()" classname="org.springframework.web.reactive.result.method.annotation.MessageReaderArgumentResolverTests" time="0.031"/>
  <testcase name="list()" classname="org.springframework.web.reactive.result.method.annotation.MessageReaderArgumentResolverTests" time="0.005"/>
  <testcase name="array()" classname="org.springframework.web.reactive.result.method.annotation.MessageReaderArgumentResolverTests" time="0.06"/>
  <testcase name="parameterizedMethodArgument()" classname="org.springframework.web.reactive.result.method.annotation.MessageReaderArgumentResolverTests" time="0.055"/>
  <testcase name="validateFluxTestBean()" classname="org.springframework.web.reactive.result.method.annotation.MessageReaderArgumentResolverTests" time="0.035"/>
  <testcase name="validateMonoTestBean()" classname="org.springframework.web.reactive.result.method.annotation.MessageReaderArgumentResolverTests" time="0.003"/>
  <testcase name="rxJava2ObservableTestBean()" classname="org.springframework.web.reactive.result.method.annotation.MessageReaderArgumentResolverTests" time="0.025"/>
  <system-out><![CDATA[16:11:53.216 [Test worker] DEBUG o.s.w.r.r.m.a.MessageReaderArgumentResolverTests$1 - [3c8a43b2] Content-Type:application/json
16:11:53.442 [Test worker] DEBUG o.s.w.r.r.m.a.MessageReaderArgumentResolverTests$1 - [3c8a43b2] 0..1 [org.springframework.web.reactive.result.method.annotation.MessageReaderArgumentResolverTests$TestBean]
16:11:53.577 [Test worker] DEBUG o.s.h.c.j.Jackson2JsonDecoder - [3c8a43b2] Decoded [TestBean[foo='f1', bar='b1']]
16:11:53.582 [Test worker] DEBUG o.s.w.r.r.m.a.MessageReaderArgumentResolverTests$1 - [11f4bb84] Content-Type:application/json
16:11:53.583 [Test worker] DEBUG o.s.w.r.r.m.a.MessageReaderArgumentResolverTests$1 - [11f4bb84] 0..N [org.springframework.web.reactive.result.method.annotation.MessageReaderArgumentResolverTests$TestBean]
16:11:53.676 [Test worker] DEBUG o.s.h.c.j.Jackson2JsonDecoder - [11f4bb84] Decoded [TestBean[foo='f1', bar='b1']]
16:11:53.677 [Test worker] DEBUG o.s.h.c.j.Jackson2JsonDecoder - [11f4bb84] Decoded [TestBean[foo='f2', bar='b2']]
16:11:53.728 [Test worker] DEBUG o.s.w.r.r.m.a.MessageReaderArgumentResolverTests$1 - [38635dd0] Content-Type:application/json
16:11:53.730 [Test worker] DEBUG o.s.w.r.r.m.a.MessageReaderArgumentResolverTests$1 - [38635dd0] 0..1 [org.springframework.web.reactive.result.method.annotation.MessageReaderArgumentResolverTests$TestBean]
16:11:53.749 [Test worker] DEBUG o.s.w.r.r.m.a.MessageReaderArgumentResolverTests$1 - [8d990b7] Content-Type:application/json
16:11:53.750 [Test worker] DEBUG o.s.w.r.r.m.a.MessageReaderArgumentResolverTests$1 - [8d990b7] 0..1 [org.springframework.web.reactive.result.method.annotation.MessageReaderArgumentResolverTests$TestBean]
16:11:53.752 [Test worker] DEBUG o.s.h.c.j.Jackson2JsonDecoder - [8d990b7] Decoded [TestBean[foo='f1', bar='b1']]
16:11:53.781 [Test worker] DEBUG o.s.w.r.r.m.a.MessageReaderArgumentResolverTests$1 - [59dbc867] Content-Type:application/json
16:11:53.782 [Test worker] DEBUG o.s.w.r.r.m.a.MessageReaderArgumentResolverTests$1 - [59dbc867] 0..N [org.springframework.web.reactive.result.method.annotation.MessageReaderArgumentResolverTests$TestBean]
16:11:53.785 [Test worker] DEBUG o.s.h.c.j.Jackson2JsonDecoder - [59dbc867] Decoded [TestBean[foo='f1', bar='b1']]
16:11:53.786 [Test worker] DEBUG o.s.h.c.j.Jackson2JsonDecoder - [59dbc867] Decoded [TestBean[foo='f2', bar='b2']]
16:11:53.818 [Test worker] DEBUG o.s.w.r.r.m.a.MessageReaderArgumentResolverTests$1 - [7153d1cf] Content-Type:application/json
16:11:53.818 [Test worker] DEBUG o.s.w.r.r.m.a.MessageReaderArgumentResolverTests$1 - [7153d1cf] 0..N [org.springframework.web.reactive.result.method.annotation.MessageReaderArgumentResolverTests$TestBean]
16:11:53.821 [Test worker] DEBUG o.s.h.c.j.Jackson2JsonDecoder - [7153d1cf] Decoded [TestBean[foo='f1', bar='b1']]
16:11:53.822 [Test worker] DEBUG o.s.h.c.j.Jackson2JsonDecoder - [7153d1cf] Decoded [TestBean[foo='f2', bar='b2']]
16:11:53.853 [Test worker] DEBUG o.s.w.r.r.m.a.MessageReaderArgumentResolverTests$1 - [245ff40] Content-Type:application/json
16:11:53.853 [Test worker] DEBUG o.s.w.r.r.m.a.MessageReaderArgumentResolverTests$1 - [245ff40] 0..1 [org.springframework.web.reactive.result.method.annotation.MessageReaderArgumentResolverTests$TestBean]
16:11:53.854 [Test worker] DEBUG o.s.h.c.j.Jackson2JsonDecoder - [245ff40] Decoded [TestBean[foo='f1', bar='b1']]
16:11:53.861 [Test worker] DEBUG o.s.w.r.r.m.a.MessageReaderArgumentResolverTests$1 - [42d89661] Content-Type:application/json
16:11:53.861 [Test worker] DEBUG o.s.w.r.r.m.a.MessageReaderArgumentResolverTests$1 - [42d89661] 0..1 [org.springframework.web.reactive.result.method.annotation.MessageReaderArgumentResolverTests$TestBean]
16:11:53.862 [Test worker] DEBUG o.s.h.c.j.Jackson2JsonDecoder - [42d89661] Decoded [TestBean[foo='FOOFOO', bar='BARBAR']]
16:11:53.881 [Test worker] DEBUG o.s.w.r.r.m.a.MessageReaderArgumentResolverTests$1 - [6274d076] Content-Type:application/json
16:11:53.881 [Test worker] DEBUG o.s.w.r.r.m.a.MessageReaderArgumentResolverTests$1 - [6274d076] 0..1 [org.springframework.web.reactive.result.method.annotation.MessageReaderArgumentResolverTests$TestBean]
16:11:53.882 [Test worker] DEBUG o.s.h.c.j.Jackson2JsonDecoder - [6274d076] Decoded [TestBean[foo='f1', bar='b1']]
16:11:53.905 [Test worker] DEBUG o.s.w.r.r.m.a.MessageReaderArgumentResolverTests$1 - [2aded7e2] Content-Type:application/json
16:11:53.906 [Test worker] DEBUG o.s.w.r.r.m.a.MessageReaderArgumentResolverTests$1 - [2aded7e2] 0..1 [org.springframework.web.reactive.result.method.annotation.MessageReaderArgumentResolverTests$TestBean]
16:11:53.909 [Test worker] DEBUG o.s.h.c.j.Jackson2JsonDecoder - [2aded7e2] Decoded [TestBean[foo='f1', bar='b1']]
16:11:53.914 [Test worker] DEBUG o.s.w.r.r.m.a.MessageReaderArgumentResolverTests$1 - [15b9519a] Content-Type:application/json
16:11:53.957 [Test worker] DEBUG o.s.w.r.r.m.a.MessageReaderArgumentResolverTests$1 - [15b9519a] 0..1 [java.util.List<org.springframework.web.reactive.result.method.annotation.MessageReaderArgumentResolverTests$TestBean>]
16:11:53.959 [Test worker] DEBUG o.s.h.c.j.Jackson2JsonDecoder - [15b9519a] Decoded [[TestBean[foo='f1', bar='b1'], TestBean[foo='f2', bar='b2']]]
16:11:53.964 [Test worker] DEBUG o.s.w.r.r.m.a.MessageReaderArgumentResolverTests$1 - [7b56c5e2] No Content-Type, using application/octet-stream
16:11:53.982 [Test worker] DEBUG o.s.w.r.r.m.a.MessageReaderArgumentResolverTests$1 - [15214f88] Content-Type:application/json
16:11:53.985 [Test worker] DEBUG o.s.w.r.r.m.a.MessageReaderArgumentResolverTests$1 - [15214f88] 0..1 [java.util.Map<java.lang.String, java.lang.String>]
16:11:54.011 [Test worker] DEBUG o.s.h.c.j.Jackson2JsonDecoder - [15214f88] Decoded [{bar=b1, foo=f1}]
16:11:54.018 [Test worker] DEBUG o.s.w.r.r.m.a.MessageReaderArgumentResolverTests$1 - [4e3e1f5] Content-Type:application/json
16:11:54.018 [Test worker] DEBUG o.s.w.r.r.m.a.MessageReaderArgumentResolverTests$1 - [4e3e1f5] 0..1 [java.util.List<org.springframework.web.reactive.result.method.annotation.MessageReaderArgumentResolverTests$TestBean>]
16:11:54.020 [Test worker] DEBUG o.s.h.c.j.Jackson2JsonDecoder - [4e3e1f5] Decoded [[TestBean[foo='f1', bar='b1'], TestBean[foo='f2', bar='b2']]]
16:11:54.026 [Test worker] DEBUG o.s.w.r.r.m.a.MessageReaderArgumentResolverTests$1 - [1ef00764] Content-Type:application/json
16:11:54.055 [Test worker] DEBUG o.s.w.r.r.m.a.MessageReaderArgumentResolverTests$1 - [1ef00764] 0..1 [org.springframework.web.reactive.result.method.annotation.MessageReaderArgumentResolverTests$TestBean[]]
16:11:54.058 [Test worker] DEBUG o.s.h.c.j.Jackson2JsonDecoder - [1ef00764] Decoded [[Lorg.springframework.web.reactive.result.method.annotation.MessageReaderArgumentResolverTests$TestB (truncated)...]
16:11:54.125 [Test worker] DEBUG o.s.w.r.r.m.a.MessageReaderArgumentResolverTests$1 - [7fc8bb1d] Content-Type:application/json
16:11:54.127 [Test worker] DEBUG o.s.w.r.r.m.a.MessageReaderArgumentResolverTests$1 - [7fc8bb1d] 0..1 [org.springframework.web.reactive.result.method.annotation.MessageReaderArgumentResolverTests$SimpleBean]
16:11:54.176 [Test worker] DEBUG o.s.h.c.j.Jackson2JsonDecoder - [7fc8bb1d] Decoded [org.springframework.web.reactive.result.method.annotation.MessageReaderArgumentResolverTests$SimpleB (truncated)...]
16:11:54.183 [Test worker] DEBUG o.s.w.r.r.m.a.MessageReaderArgumentResolverTests$1 - [1964094c] Content-Type:application/json
16:11:54.187 [Test worker] DEBUG o.s.w.r.r.m.a.MessageReaderArgumentResolverTests$1 - [1964094c] 0..N [org.springframework.web.reactive.result.method.annotation.MessageReaderArgumentResolverTests$TestBean]
16:11:54.188 [Test worker] DEBUG o.s.h.c.j.Jackson2JsonDecoder - [1964094c] Decoded [TestBean[foo='f1', bar='b1']]
16:11:54.188 [Test worker] DEBUG o.s.h.c.j.Jackson2JsonDecoder - [1964094c] Decoded [TestBean[foo='null', bar='b2']]
16:11:54.244 [Test worker] DEBUG o.s.w.r.r.m.a.MessageReaderArgumentResolverTests$1 - [448ae94a] Content-Type:application/json
16:11:54.245 [Test worker] DEBUG o.s.w.r.r.m.a.MessageReaderArgumentResolverTests$1 - [448ae94a] 0..1 [org.springframework.web.reactive.result.method.annotation.MessageReaderArgumentResolverTests$TestBean]
16:11:54.245 [Test worker] DEBUG o.s.h.c.j.Jackson2JsonDecoder - [448ae94a] Decoded [TestBean[foo='null', bar='b1']]
16:11:54.251 [Test worker] DEBUG o.s.w.r.r.m.a.MessageReaderArgumentResolverTests$1 - [5868212f] Content-Type:application/json
16:11:54.252 [Test worker] DEBUG o.s.w.r.r.m.a.MessageReaderArgumentResolverTests$1 - [5868212f] 0..N [org.springframework.web.reactive.result.method.annotation.MessageReaderArgumentResolverTests$TestBean]
16:11:54.274 [Test worker] DEBUG o.s.h.c.j.Jackson2JsonDecoder - [5868212f] Decoded [TestBean[foo='f1', bar='b1']]
16:11:54.274 [Test worker] DEBUG o.s.h.c.j.Jackson2JsonDecoder - [5868212f] Decoded [TestBean[foo='f2', bar='b2']]
]]></system-out>
  <system-err><![CDATA[]]></system-err>
</testsuite>
