<?xml version="1.0" encoding="UTF-8"?>
<testsuite name="org.springframework.web.reactive.config.CorsRegistryTests" tests="3" skipped="0" failures="0" errors="0" timestamp="2020-05-29T14:00:26" hostname="bamboo-18" time="0.151">
  <properties/>
  <testcase name="customizedMapping()" classname="org.springframework.web.reactive.config.CorsRegistryTests" time="0.147"/>
  <testcase name="noMapping()" classname="org.springframework.web.reactive.config.CorsRegistryTests" time="0.001"/>
  <testcase name="multipleMappings()" classname="org.springframework.web.reactive.config.CorsRegistryTests" time="0.0"/>
  <system-out><![CDATA[]]></system-out>
  <system-err><![CDATA[]]></system-err>
</testsuite>
