<?xml version="1.0" encoding="UTF-8"?>
<testsuite name="org.springframework.web.reactive.result.view.RequestContextTests" tests="3" skipped="0" failures="0" errors="0" timestamp="2020-05-29T14:00:53" hostname="bamboo-18" time="0.004">
  <properties/>
  <testcase name="testGetContextUrlWithMap()" classname="org.springframework.web.reactive.result.view.RequestContextTests" time="0.002"/>
  <testcase name="testGetContextUrlWithMapEscaping()" classname="org.springframework.web.reactive.result.view.RequestContextTests" time="0.0"/>
  <testcase name="testGetContextUrl()" classname="org.springframework.web.reactive.result.view.RequestContextTests" time="0.0"/>
  <system-out><![CDATA[]]></system-out>
  <system-err><![CDATA[]]></system-err>
</testsuite>
