<?xml version="1.0" encoding="UTF-8"?>
<testsuite name="org.springframework.web.reactive.result.method.annotation.ControllerAdviceTests" tests="7" skipped="0" failures="0" errors="0" timestamp="2021-06-20T08:12:03" hostname="gankangdembp" time="0.957">
  <properties/>
  <testcase name="resolveExceptionGlobalHandlerOrdered()" classname="org.springframework.web.reactive.result.method.annotation.ControllerAdviceTests" time="0.246"/>
  <testcase name="initBinderAdvice()" classname="org.springframework.web.reactive.result.method.annotation.ControllerAdviceTests" time="0.144"/>
  <testcase name="modelAttributeAdvice()" classname="org.springframework.web.reactive.result.method.annotation.ControllerAdviceTests" time="0.104"/>
  <testcase name="resolveExceptionGlobalHandler()" classname="org.springframework.web.reactive.result.method.annotation.ControllerAdviceTests" time="0.105"/>
  <testcase name="resolveExceptionWithAssertionError()" classname="org.springframework.web.reactive.result.method.annotation.ControllerAdviceTests" time="0.076"/>
  <testcase name="resolveExceptionWithAssertionErrorAsRootCause()" classname="org.springframework.web.reactive.result.method.annotation.ControllerAdviceTests" time="0.109"/>
  <testcase name="resolveExceptionWithHandlerMethodArg()" classname="org.springframework.web.reactive.result.method.annotation.ControllerAdviceTests" time="0.169"/>
  <system-out><![CDATA[16:12:03.868 [Test worker] DEBUG o.s.w.r.r.m.a.ControllerMethodResolver - ControllerAdvice beans: 1 @ModelAttribute, 0 @InitBinder, 2 @ExceptionHandler
16:12:03.872 [Test worker] DEBUG o.s.w.r.r.m.a.RequestMappingHandlerAdapter - [7b05052d] Using @ExceptionHandler org.springframework.web.reactive.result.method.annotation.ControllerAdviceTests$OneControllerAdvice#handleException(IllegalStateException)
16:12:04.016 [Test worker] DEBUG o.s.w.r.r.m.a.ControllerMethodResolver - ControllerAdvice beans: 1 @ModelAttribute, 0 @InitBinder, 2 @ExceptionHandler
16:12:04.120 [Test worker] DEBUG o.s.w.r.r.m.a.ControllerMethodResolver - ControllerAdvice beans: 1 @ModelAttribute, 0 @InitBinder, 2 @ExceptionHandler
16:12:04.224 [Test worker] DEBUG o.s.w.r.r.m.a.ControllerMethodResolver - ControllerAdvice beans: 1 @ModelAttribute, 0 @InitBinder, 2 @ExceptionHandler
16:12:04.226 [Test worker] DEBUG o.s.w.r.r.m.a.RequestMappingHandlerAdapter - [5ab0513e] Using @ExceptionHandler org.springframework.web.reactive.result.method.annotation.ControllerAdviceTests$SecondControllerAdvice#handleException(Exception)
16:12:04.302 [Test worker] DEBUG o.s.w.r.r.m.a.ControllerMethodResolver - ControllerAdvice beans: 1 @ModelAttribute, 0 @InitBinder, 2 @ExceptionHandler
16:12:04.304 [Test worker] DEBUG o.s.w.r.r.m.a.RequestMappingHandlerAdapter - [2341181f] Using @ExceptionHandler org.springframework.web.reactive.result.method.annotation.ControllerAdviceTests$OneControllerAdvice#handleAssertionError(Error)
16:12:04.413 [Test worker] DEBUG o.s.w.r.r.m.a.ControllerMethodResolver - ControllerAdvice beans: 1 @ModelAttribute, 0 @InitBinder, 2 @ExceptionHandler
16:12:04.414 [Test worker] DEBUG o.s.w.r.r.m.a.RequestMappingHandlerAdapter - [7c2b22ae] Using @ExceptionHandler org.springframework.web.reactive.result.method.annotation.ControllerAdviceTests$OneControllerAdvice#handleAssertionError(Error)
16:12:04.580 [Test worker] DEBUG o.s.w.r.r.m.a.ControllerMethodResolver - ControllerAdvice beans: 1 @ModelAttribute, 0 @InitBinder, 2 @ExceptionHandler
16:12:04.584 [Test worker] DEBUG o.s.w.r.r.m.a.RequestMappingHandlerAdapter - [16f2af33] Using @ExceptionHandler org.springframework.web.reactive.result.method.annotation.ControllerAdviceTests$OneControllerAdvice#handleWithHandlerMethod(HandlerMethod)
]]></system-out>
  <system-err><![CDATA[]]></system-err>
</testsuite>
