<?xml version="1.0" encoding="UTF-8"?>
<testsuite name="org.springframework.web.reactive.result.method.annotation.CrossOriginAnnotationIntegrationTests" tests="56" skipped="0" failures="0" errors="0" timestamp="2020-05-29T14:00:05" hostname="bamboo-18" time="10.976">
  <properties/>
  <testcase name="customOriginDefinedViaPlaceholder(HttpServer)[1]" classname="org.springframework.web.reactive.result.method.annotation.CrossOriginAnnotationIntegrationTests" time="0.716"/>
  <testcase name="customOriginDefinedViaPlaceholder(HttpServer)[2]" classname="org.springframework.web.reactive.result.method.annotation.CrossOriginAnnotationIntegrationTests" time="0.222"/>
  <testcase name="customOriginDefinedViaPlaceholder(HttpServer)[3]" classname="org.springframework.web.reactive.result.method.annotation.CrossOriginAnnotationIntegrationTests" time="0.232"/>
  <testcase name="customOriginDefinedViaPlaceholder(HttpServer)[4]" classname="org.springframework.web.reactive.result.method.annotation.CrossOriginAnnotationIntegrationTests" time="0.116"/>
  <testcase name="actualGetRequestWithoutAnnotation(HttpServer)[1]" classname="org.springframework.web.reactive.result.method.annotation.CrossOriginAnnotationIntegrationTests" time="0.168"/>
  <testcase name="actualGetRequestWithoutAnnotation(HttpServer)[2]" classname="org.springframework.web.reactive.result.method.annotation.CrossOriginAnnotationIntegrationTests" time="0.118"/>
  <testcase name="actualGetRequestWithoutAnnotation(HttpServer)[3]" classname="org.springframework.web.reactive.result.method.annotation.CrossOriginAnnotationIntegrationTests" time="0.233"/>
  <testcase name="actualGetRequestWithoutAnnotation(HttpServer)[4]" classname="org.springframework.web.reactive.result.method.annotation.CrossOriginAnnotationIntegrationTests" time="0.184"/>
  <testcase name="customOriginDefinedViaValueAttribute(HttpServer)[1]" classname="org.springframework.web.reactive.result.method.annotation.CrossOriginAnnotationIntegrationTests" time="0.234"/>
  <testcase name="customOriginDefinedViaValueAttribute(HttpServer)[2]" classname="org.springframework.web.reactive.result.method.annotation.CrossOriginAnnotationIntegrationTests" time="0.143"/>
  <testcase name="customOriginDefinedViaValueAttribute(HttpServer)[3]" classname="org.springframework.web.reactive.result.method.annotation.CrossOriginAnnotationIntegrationTests" time="0.286"/>
  <testcase name="customOriginDefinedViaValueAttribute(HttpServer)[4]" classname="org.springframework.web.reactive.result.method.annotation.CrossOriginAnnotationIntegrationTests" time="0.239"/>
  <testcase name="classLevel(HttpServer)[1]" classname="org.springframework.web.reactive.result.method.annotation.CrossOriginAnnotationIntegrationTests" time="0.224"/>
  <testcase name="classLevel(HttpServer)[2]" classname="org.springframework.web.reactive.result.method.annotation.CrossOriginAnnotationIntegrationTests" time="0.107"/>
  <testcase name="classLevel(HttpServer)[3]" classname="org.springframework.web.reactive.result.method.annotation.CrossOriginAnnotationIntegrationTests" time="0.302"/>
  <testcase name="classLevel(HttpServer)[4]" classname="org.springframework.web.reactive.result.method.annotation.CrossOriginAnnotationIntegrationTests" time="0.147"/>
  <testcase name="actualRequestWithDefaultAnnotationAndNoOrigin(HttpServer)[1]" classname="org.springframework.web.reactive.result.method.annotation.CrossOriginAnnotationIntegrationTests" time="0.218"/>
  <testcase name="actualRequestWithDefaultAnnotationAndNoOrigin(HttpServer)[2]" classname="org.springframework.web.reactive.result.method.annotation.CrossOriginAnnotationIntegrationTests" time="0.15"/>
  <testcase name="actualRequestWithDefaultAnnotationAndNoOrigin(HttpServer)[3]" classname="org.springframework.web.reactive.result.method.annotation.CrossOriginAnnotationIntegrationTests" time="0.421"/>
  <testcase name="actualRequestWithDefaultAnnotationAndNoOrigin(HttpServer)[4]" classname="org.springframework.web.reactive.result.method.annotation.CrossOriginAnnotationIntegrationTests" time="0.282"/>
  <testcase name="actualRequestWithCustomizedAnnotation(HttpServer)[1]" classname="org.springframework.web.reactive.result.method.annotation.CrossOriginAnnotationIntegrationTests" time="0.173"/>
  <testcase name="actualRequestWithCustomizedAnnotation(HttpServer)[2]" classname="org.springframework.web.reactive.result.method.annotation.CrossOriginAnnotationIntegrationTests" time="0.085"/>
  <testcase name="actualRequestWithCustomizedAnnotation(HttpServer)[3]" classname="org.springframework.web.reactive.result.method.annotation.CrossOriginAnnotationIntegrationTests" time="0.326"/>
  <testcase name="actualRequestWithCustomizedAnnotation(HttpServer)[4]" classname="org.springframework.web.reactive.result.method.annotation.CrossOriginAnnotationIntegrationTests" time="0.252"/>
  <testcase name="preflightRequestWithoutAnnotation(HttpServer)[1]" classname="org.springframework.web.reactive.result.method.annotation.CrossOriginAnnotationIntegrationTests" time="0.254"/>
  <testcase name="preflightRequestWithoutAnnotation(HttpServer)[2]" classname="org.springframework.web.reactive.result.method.annotation.CrossOriginAnnotationIntegrationTests" time="0.129"/>
  <testcase name="preflightRequestWithoutAnnotation(HttpServer)[3]" classname="org.springframework.web.reactive.result.method.annotation.CrossOriginAnnotationIntegrationTests" time="0.309"/>
  <testcase name="preflightRequestWithoutAnnotation(HttpServer)[4]" classname="org.springframework.web.reactive.result.method.annotation.CrossOriginAnnotationIntegrationTests" time="0.173"/>
  <testcase name="ambiguousHeaderPreflightRequest(HttpServer)[1]" classname="org.springframework.web.reactive.result.method.annotation.CrossOriginAnnotationIntegrationTests" time="0.253"/>
  <testcase name="ambiguousHeaderPreflightRequest(HttpServer)[2]" classname="org.springframework.web.reactive.result.method.annotation.CrossOriginAnnotationIntegrationTests" time="0.135"/>
  <testcase name="ambiguousHeaderPreflightRequest(HttpServer)[3]" classname="org.springframework.web.reactive.result.method.annotation.CrossOriginAnnotationIntegrationTests" time="0.24"/>
  <testcase name="ambiguousHeaderPreflightRequest(HttpServer)[4]" classname="org.springframework.web.reactive.result.method.annotation.CrossOriginAnnotationIntegrationTests" time="0.174"/>
  <testcase name="ambiguousProducesPreflightRequest(HttpServer)[1]" classname="org.springframework.web.reactive.result.method.annotation.CrossOriginAnnotationIntegrationTests" time="0.198"/>
  <testcase name="ambiguousProducesPreflightRequest(HttpServer)[2]" classname="org.springframework.web.reactive.result.method.annotation.CrossOriginAnnotationIntegrationTests" time="0.093"/>
  <testcase name="ambiguousProducesPreflightRequest(HttpServer)[3]" classname="org.springframework.web.reactive.result.method.annotation.CrossOriginAnnotationIntegrationTests" time="0.252"/>
  <testcase name="ambiguousProducesPreflightRequest(HttpServer)[4]" classname="org.springframework.web.reactive.result.method.annotation.CrossOriginAnnotationIntegrationTests" time="0.162"/>
  <testcase name="preflightRequestWithDefaultAnnotation(HttpServer)[1]" classname="org.springframework.web.reactive.result.method.annotation.CrossOriginAnnotationIntegrationTests" time="0.134"/>
  <testcase name="preflightRequestWithDefaultAnnotation(HttpServer)[2]" classname="org.springframework.web.reactive.result.method.annotation.CrossOriginAnnotationIntegrationTests" time="0.089"/>
  <testcase name="preflightRequestWithDefaultAnnotation(HttpServer)[3]" classname="org.springframework.web.reactive.result.method.annotation.CrossOriginAnnotationIntegrationTests" time="0.098"/>
  <testcase name="preflightRequestWithDefaultAnnotation(HttpServer)[4]" classname="org.springframework.web.reactive.result.method.annotation.CrossOriginAnnotationIntegrationTests" time="0.1"/>
  <testcase name="preflightRequestWithCustomizedAnnotation(HttpServer)[1]" classname="org.springframework.web.reactive.result.method.annotation.CrossOriginAnnotationIntegrationTests" time="0.128"/>
  <testcase name="preflightRequestWithCustomizedAnnotation(HttpServer)[2]" classname="org.springframework.web.reactive.result.method.annotation.CrossOriginAnnotationIntegrationTests" time="0.052"/>
  <testcase name="preflightRequestWithCustomizedAnnotation(HttpServer)[3]" classname="org.springframework.web.reactive.result.method.annotation.CrossOriginAnnotationIntegrationTests" time="0.113"/>
  <testcase name="preflightRequestWithCustomizedAnnotation(HttpServer)[4]" classname="org.springframework.web.reactive.result.method.annotation.CrossOriginAnnotationIntegrationTests" time="0.063"/>
  <testcase name="actualRequestWithDefaultAnnotation(HttpServer)[1]" classname="org.springframework.web.reactive.result.method.annotation.CrossOriginAnnotationIntegrationTests" time="0.112"/>
  <testcase name="actualRequestWithDefaultAnnotation(HttpServer)[2]" classname="org.springframework.web.reactive.result.method.annotation.CrossOriginAnnotationIntegrationTests" time="0.042"/>
  <testcase name="actualRequestWithDefaultAnnotation(HttpServer)[3]" classname="org.springframework.web.reactive.result.method.annotation.CrossOriginAnnotationIntegrationTests" time="0.11"/>
  <testcase name="actualRequestWithDefaultAnnotation(HttpServer)[4]" classname="org.springframework.web.reactive.result.method.annotation.CrossOriginAnnotationIntegrationTests" time="0.098"/>
  <testcase name="optionsRequestWithAccessControlRequestMethod(HttpServer)[1]" classname="org.springframework.web.reactive.result.method.annotation.CrossOriginAnnotationIntegrationTests" time="0.14"/>
  <testcase name="optionsRequestWithAccessControlRequestMethod(HttpServer)[2]" classname="org.springframework.web.reactive.result.method.annotation.CrossOriginAnnotationIntegrationTests" time="0.096"/>
  <testcase name="optionsRequestWithAccessControlRequestMethod(HttpServer)[3]" classname="org.springframework.web.reactive.result.method.annotation.CrossOriginAnnotationIntegrationTests" time="0.227"/>
  <testcase name="optionsRequestWithAccessControlRequestMethod(HttpServer)[4]" classname="org.springframework.web.reactive.result.method.annotation.CrossOriginAnnotationIntegrationTests" time="0.198"/>
  <testcase name="actualPostRequestWithoutAnnotation(HttpServer)[1]" classname="org.springframework.web.reactive.result.method.annotation.CrossOriginAnnotationIntegrationTests" time="0.23"/>
  <testcase name="actualPostRequestWithoutAnnotation(HttpServer)[2]" classname="org.springframework.web.reactive.result.method.annotation.CrossOriginAnnotationIntegrationTests" time="0.067"/>
  <testcase name="actualPostRequestWithoutAnnotation(HttpServer)[3]" classname="org.springframework.web.reactive.result.method.annotation.CrossOriginAnnotationIntegrationTests" time="0.242"/>
  <testcase name="actualPostRequestWithoutAnnotation(HttpServer)[4]" classname="org.springframework.web.reactive.result.method.annotation.CrossOriginAnnotationIntegrationTests" time="0.208"/>
  <system-out><![CDATA[14:00:06.020 [Test worker] DEBUG o.s.w.r.r.m.a.RequestMappingHandlerMapping - 14 mappings in 'requestMappingHandlerMapping'
14:00:06.040 [Test worker] DEBUG o.s.w.r.r.m.a.ControllerMethodResolver - ControllerAdvice beans: none
14:00:06.053 [Test worker] DEBUG o.s.w.s.a.HttpWebHandlerAdapter - enableLoggingRequestDetails='false': form data and headers will be masked to prevent unsafe logging of potentially sensitive data
14:00:06.054 [Test worker] WARN  o.e.j.s.h.ContextHandler - Empty contextPath
14:00:06.056 [Test worker] INFO  o.e.j.s.h.ContextHandler - Started o.e.j.s.ServletContextHandler@464b88fc{/,null,AVAILABLE}
14:00:06.056 [Test worker] DEBUG o.s.w.t.h.s.r.b.JettyHttpServer - Starting JettyHttpServer...
14:00:06.056 [Test worker] INFO  o.e.j.s.Server - jetty-9.4.29.v20200521; built: 2020-05-21T17:20:40.598Z; git: 77c232aed8a45c818fd27232278d9f95a021095e; jvm 1.8.0_232-b09
14:00:06.120 [Test worker] INFO  o.e.j.s.AbstractConnector - Started ServerConnector@3557e161{HTTP/1.1, (http/1.1)}{0.0.0.0:35617}
14:00:06.120 [Test worker] INFO  o.e.j.s.Server - Started @26287ms
14:00:06.120 [Test worker] DEBUG o.s.w.t.h.s.r.b.JettyHttpServer - Server started on port 35617(0 millis).
14:00:06.126 [Test worker] DEBUG o.s.w.c.RestTemplate - HTTP GET http://localhost:35617/origin-placeholder
14:00:06.126 [Test worker] DEBUG o.s.w.c.RestTemplate - Accept=[text/plain, application/json, application/x-jackson-smile, application/*+json, */*]
14:00:06.270 [qtp486197624-262] DEBUG o.s.w.s.a.HttpWebHandlerAdapter - [5fb6f654] HTTP GET "/origin-placeholder"
14:00:06.271 [qtp486197624-262] DEBUG o.s.w.r.r.m.a.RequestMappingHandlerMapping - [5fb6f654] Mapped to org.springframework.web.reactive.result.method.annotation.CrossOriginAnnotationIntegrationTests$MethodLevelController#customOriginDefinedViaPlaceholder()
14:00:06.272 [qtp486197624-262] DEBUG o.s.w.r.r.m.a.ResponseBodyResultHandler - Using 'text/plain;charset=UTF-8' given [text/plain, application/json, application/x-jackson-smile, application/*+json, */*] and supported [text/plain;charset=UTF-8, text/event-stream, text/plain;charset=UTF-8, */*]
14:00:06.272 [qtp486197624-262] DEBUG o.s.w.r.r.m.a.ResponseBodyResultHandler - [5fb6f654] 0..1 [java.lang.String]
14:00:06.272 [qtp486197624-262] DEBUG o.s.c.c.CharSequenceEncoder - [5fb6f654] Writing "placeholder"
14:00:06.273 [qtp486197624-262] DEBUG o.s.w.s.a.HttpWebHandlerAdapter - [5fb6f654] Completed 200 OK
14:00:06.299 [Test worker] DEBUG o.s.w.c.RestTemplate - Response 200 OK
14:00:06.302 [Test worker] DEBUG o.s.w.c.RestTemplate - Reading to [java.lang.String] as "text/plain;charset=utf-8"
14:00:06.303 [Test worker] DEBUG o.s.w.t.h.s.r.b.JettyHttpServer - Stopping JettyHttpServer...
14:00:06.307 [Test worker] INFO  o.e.j.s.h.ContextHandler - Stopped o.e.j.s.ServletContextHandler@464b88fc{/,null,UNAVAILABLE}
14:00:06.318 [Test worker] INFO  o.e.j.s.AbstractConnector - Stopped ServerConnector@3557e161{HTTP/1.1, (http/1.1)}{0.0.0.0:0}
14:00:06.325 [Test worker] DEBUG o.s.w.t.h.s.r.b.JettyHttpServer - Server stopped (0 millis).
14:00:06.435 [Test worker] DEBUG o.s.w.r.r.m.a.RequestMappingHandlerMapping - 14 mappings in 'requestMappingHandlerMapping'
14:00:06.490 [Test worker] DEBUG o.s.w.r.r.m.a.ControllerMethodResolver - ControllerAdvice beans: none
14:00:06.545 [Test worker] DEBUG o.s.w.s.a.HttpWebHandlerAdapter - enableLoggingRequestDetails='false': form data and headers will be masked to prevent unsafe logging of potentially sensitive data
14:00:06.545 [Test worker] DEBUG o.s.w.t.h.s.r.b.ReactorHttpServer - Starting ReactorHttpServer...
14:00:06.551 [Test worker] DEBUG o.s.w.t.h.s.r.b.ReactorHttpServer - Server started on port 42977(0 millis).
14:00:06.551 [Test worker] DEBUG o.s.w.c.RestTemplate - HTTP GET http://localhost:42977/origin-placeholder
14:00:06.551 [Test worker] DEBUG o.s.w.c.RestTemplate - Accept=[text/plain, application/json, application/x-jackson-smile, application/*+json, */*]
14:00:06.557 [reactor-http-epoll-4] DEBUG o.s.w.s.a.HttpWebHandlerAdapter - [b1842982-9] HTTP GET "/origin-placeholder"
14:00:06.557 [reactor-http-epoll-4] DEBUG o.s.w.r.r.m.a.RequestMappingHandlerMapping - [b1842982-9] Mapped to org.springframework.web.reactive.result.method.annotation.CrossOriginAnnotationIntegrationTests$MethodLevelController#customOriginDefinedViaPlaceholder()
14:00:06.560 [reactor-http-epoll-4] DEBUG o.s.w.r.r.m.a.ResponseBodyResultHandler - Using 'text/plain;charset=UTF-8' given [text/plain, application/json, application/x-jackson-smile, application/*+json, */*] and supported [text/plain;charset=UTF-8, text/event-stream, text/plain;charset=UTF-8, */*]
14:00:06.560 [reactor-http-epoll-4] DEBUG o.s.w.r.r.m.a.ResponseBodyResultHandler - [b1842982-9] 0..1 [java.lang.String]
14:00:06.560 [reactor-http-epoll-4] DEBUG o.s.c.c.CharSequenceEncoder - [b1842982-9] Writing "placeholder"
14:00:06.561 [reactor-http-epoll-4] DEBUG o.s.w.s.a.HttpWebHandlerAdapter - [b1842982-9] Completed 200 OK
14:00:06.561 [Test worker] DEBUG o.s.w.c.RestTemplate - Response 200 OK
14:00:06.562 [Test worker] DEBUG o.s.w.c.RestTemplate - Reading to [java.lang.String] as "text/plain;charset=UTF-8"
14:00:06.562 [Test worker] DEBUG o.s.w.t.h.s.r.b.ReactorHttpServer - Stopping ReactorHttpServer...
14:00:06.562 [Test worker] DEBUG o.s.w.t.h.s.r.b.ReactorHttpServer - Server stopped (0 millis).
14:00:06.630 [Test worker] DEBUG o.s.w.r.r.m.a.RequestMappingHandlerMapping - 14 mappings in 'requestMappingHandlerMapping'
14:00:06.646 [Test worker] DEBUG o.s.w.r.r.m.a.ControllerMethodResolver - ControllerAdvice beans: none
14:00:06.666 [Test worker] DEBUG o.s.w.s.a.HttpWebHandlerAdapter - enableLoggingRequestDetails='false': form data and headers will be masked to prevent unsafe logging of potentially sensitive data
14:00:06.671 [Test worker] DEBUG o.s.w.t.h.s.r.b.TomcatHttpServer - Starting TomcatHttpServer...
14:00:06.764 [Test worker] DEBUG o.s.w.t.h.s.r.b.TomcatHttpServer - Server started on port 39615(0 millis).
14:00:06.764 [Test worker] DEBUG o.s.w.c.RestTemplate - HTTP GET http://localhost:39615/origin-placeholder
14:00:06.764 [Test worker] DEBUG o.s.w.c.RestTemplate - Accept=[text/plain, application/json, application/x-jackson-smile, application/*+json, */*]
14:00:06.781 [http-nio-auto-8-exec-1] DEBUG o.s.w.s.a.HttpWebHandlerAdapter - [1e8fd775] HTTP GET "/origin-placeholder"
14:00:06.784 [http-nio-auto-8-exec-1] DEBUG o.s.w.r.r.m.a.RequestMappingHandlerMapping - [1e8fd775] Mapped to org.springframework.web.reactive.result.method.annotation.CrossOriginAnnotationIntegrationTests$MethodLevelController#customOriginDefinedViaPlaceholder()
14:00:06.792 [http-nio-auto-8-exec-1] DEBUG o.s.w.r.r.m.a.ResponseBodyResultHandler - Using 'text/plain;charset=UTF-8' given [text/plain, application/json, application/x-jackson-smile, application/*+json, */*] and supported [text/plain;charset=UTF-8, text/event-stream, text/plain;charset=UTF-8, */*]
14:00:06.792 [http-nio-auto-8-exec-1] DEBUG o.s.w.r.r.m.a.ResponseBodyResultHandler - [1e8fd775] 0..1 [java.lang.String]
14:00:06.792 [http-nio-auto-8-exec-1] DEBUG o.s.c.c.CharSequenceEncoder - [1e8fd775] Writing "placeholder"
14:00:06.793 [http-nio-auto-8-exec-1] DEBUG o.s.w.s.a.HttpWebHandlerAdapter - [1e8fd775] Completed 200 OK
14:00:06.795 [Test worker] DEBUG o.s.w.c.RestTemplate - Response 200 OK
14:00:06.795 [Test worker] DEBUG o.s.w.c.RestTemplate - Reading to [java.lang.String] as "text/plain;charset=UTF-8"
14:00:06.795 [Test worker] DEBUG o.s.w.t.h.s.r.b.TomcatHttpServer - Stopping TomcatHttpServer...
14:00:06.810 [Test worker] DEBUG o.s.w.t.h.s.r.b.TomcatHttpServer - Server stopped (0 millis).
14:00:06.860 [Test worker] DEBUG o.s.w.r.r.m.a.RequestMappingHandlerMapping - 14 mappings in 'requestMappingHandlerMapping'
14:00:06.872 [Test worker] DEBUG o.s.w.r.r.m.a.ControllerMethodResolver - ControllerAdvice beans: none
14:00:06.881 [Test worker] DEBUG o.s.w.s.a.HttpWebHandlerAdapter - enableLoggingRequestDetails='false': form data and headers will be masked to prevent unsafe logging of potentially sensitive data
14:00:06.881 [Test worker] DEBUG o.s.w.t.h.s.r.b.UndertowHttpServer - Starting UndertowHttpServer...
14:00:06.881 [Test worker] INFO  i.undertow - starting server: Undertow - 2.0.30.Final
14:00:06.923 [Test worker] DEBUG o.s.w.t.h.s.r.b.UndertowHttpServer - Server started on port 41847(0 millis).
14:00:06.923 [Test worker] DEBUG o.s.w.c.RestTemplate - HTTP GET http://localhost:41847/origin-placeholder
14:00:06.924 [Test worker] DEBUG o.s.w.c.RestTemplate - Accept=[text/plain, application/json, application/x-jackson-smile, application/*+json, */*]
14:00:06.927 [XNIO-7 I/O-2] DEBUG o.s.w.s.a.HttpWebHandlerAdapter - [2bb5dfc9] HTTP GET "/origin-placeholder"
14:00:06.928 [XNIO-7 I/O-2] DEBUG o.s.w.r.r.m.a.RequestMappingHandlerMapping - [2bb5dfc9] Mapped to org.springframework.web.reactive.result.method.annotation.CrossOriginAnnotationIntegrationTests$MethodLevelController#customOriginDefinedViaPlaceholder()
14:00:06.930 [XNIO-7 I/O-2] DEBUG o.s.w.r.r.m.a.ResponseBodyResultHandler - Using 'text/plain;charset=UTF-8' given [text/plain, application/json, application/x-jackson-smile, application/*+json, */*] and supported [text/plain;charset=UTF-8, text/event-stream, text/plain;charset=UTF-8, */*]
14:00:06.930 [XNIO-7 I/O-2] DEBUG o.s.w.r.r.m.a.ResponseBodyResultHandler - [2bb5dfc9] 0..1 [java.lang.String]
14:00:06.930 [XNIO-7 I/O-2] DEBUG o.s.c.c.CharSequenceEncoder - [2bb5dfc9] Writing "placeholder"
14:00:06.931 [XNIO-7 I/O-2] DEBUG o.s.w.s.a.HttpWebHandlerAdapter - [2bb5dfc9] Completed 200 OK
14:00:06.931 [Test worker] DEBUG o.s.w.c.RestTemplate - Response 200 OK
14:00:06.931 [Test worker] DEBUG o.s.w.c.RestTemplate - Reading to [java.lang.String] as "text/plain;charset=UTF-8"
14:00:06.931 [Test worker] DEBUG o.s.w.t.h.s.r.b.UndertowHttpServer - Stopping UndertowHttpServer...
14:00:06.931 [Test worker] INFO  i.undertow - stopping server: Undertow - 2.0.30.Final
14:00:06.937 [Test worker] DEBUG o.s.w.t.h.s.r.b.UndertowHttpServer - Server stopped (0 millis).
14:00:06.997 [Test worker] DEBUG o.s.w.r.r.m.a.RequestMappingHandlerMapping - 14 mappings in 'requestMappingHandlerMapping'
14:00:07.009 [Test worker] DEBUG o.s.w.r.r.m.a.ControllerMethodResolver - ControllerAdvice beans: none
14:00:07.021 [Test worker] DEBUG o.s.w.s.a.HttpWebHandlerAdapter - enableLoggingRequestDetails='false': form data and headers will be masked to prevent unsafe logging of potentially sensitive data
14:00:07.021 [Test worker] WARN  o.e.j.s.h.ContextHandler - Empty contextPath
14:00:07.021 [Test worker] INFO  o.e.j.s.h.ContextHandler - Started o.e.j.s.ServletContextHandler@424b91b1{/,null,AVAILABLE}
14:00:07.021 [Test worker] DEBUG o.s.w.t.h.s.r.b.JettyHttpServer - Starting JettyHttpServer...
14:00:07.022 [Test worker] INFO  o.e.j.s.Server - jetty-9.4.29.v20200521; built: 2020-05-21T17:20:40.598Z; git: 77c232aed8a45c818fd27232278d9f95a021095e; jvm 1.8.0_232-b09
14:00:07.099 [Test worker] INFO  o.e.j.s.AbstractConnector - Started ServerConnector@70c456a9{HTTP/1.1, (http/1.1)}{0.0.0.0:41025}
14:00:07.099 [Test worker] INFO  o.e.j.s.Server - Started @27266ms
14:00:07.099 [Test worker] DEBUG o.s.w.t.h.s.r.b.JettyHttpServer - Server started on port 41025(0 millis).
14:00:07.100 [Test worker] DEBUG o.s.w.c.RestTemplate - HTTP GET http://localhost:41025/no
14:00:07.100 [Test worker] DEBUG o.s.w.c.RestTemplate - Accept=[text/plain, application/json, application/x-jackson-smile, application/*+json, */*]
14:00:07.107 [qtp407687804-291] DEBUG o.s.w.s.a.HttpWebHandlerAdapter - [5cda14c5] HTTP GET "/no"
14:00:07.108 [qtp407687804-291] DEBUG o.s.w.r.r.m.a.RequestMappingHandlerMapping - [5cda14c5] Mapped to org.springframework.web.reactive.result.method.annotation.CrossOriginAnnotationIntegrationTests$MethodLevelController#noAnnotation()
14:00:07.108 [qtp407687804-291] DEBUG o.s.w.r.r.m.a.ResponseBodyResultHandler - Using 'text/plain;charset=UTF-8' given [text/plain, application/json, application/x-jackson-smile, application/*+json, */*] and supported [text/plain;charset=UTF-8, text/event-stream, text/plain;charset=UTF-8, */*]
14:00:07.108 [qtp407687804-291] DEBUG o.s.w.r.r.m.a.ResponseBodyResultHandler - [5cda14c5] 0..1 [java.lang.String]
14:00:07.108 [qtp407687804-291] DEBUG o.s.c.c.CharSequenceEncoder - [5cda14c5] Writing "no"
14:00:07.109 [qtp407687804-291] DEBUG o.s.w.s.a.HttpWebHandlerAdapter - [5cda14c5] Completed 200 OK
14:00:07.109 [Test worker] DEBUG o.s.w.c.RestTemplate - Response 200 OK
14:00:07.109 [Test worker] DEBUG o.s.w.c.RestTemplate - Reading to [java.lang.String] as "text/plain;charset=utf-8"
14:00:07.109 [Test worker] DEBUG o.s.w.t.h.s.r.b.JettyHttpServer - Stopping JettyHttpServer...
14:00:07.110 [Test worker] INFO  o.e.j.s.h.ContextHandler - Stopped o.e.j.s.ServletContextHandler@424b91b1{/,null,UNAVAILABLE}
14:00:07.110 [Test worker] INFO  o.e.j.s.AbstractConnector - Stopped ServerConnector@70c456a9{HTTP/1.1, (http/1.1)}{0.0.0.0:0}
14:00:07.111 [Test worker] DEBUG o.s.w.t.h.s.r.b.JettyHttpServer - Server stopped (0 millis).
14:00:07.178 [Test worker] DEBUG o.s.w.r.r.m.a.RequestMappingHandlerMapping - 14 mappings in 'requestMappingHandlerMapping'
14:00:07.214 [Test worker] DEBUG o.s.w.r.r.m.a.ControllerMethodResolver - ControllerAdvice beans: none
14:00:07.230 [Test worker] DEBUG o.s.w.s.a.HttpWebHandlerAdapter - enableLoggingRequestDetails='false': form data and headers will be masked to prevent unsafe logging of potentially sensitive data
14:00:07.230 [Test worker] DEBUG o.s.w.t.h.s.r.b.ReactorHttpServer - Starting ReactorHttpServer...
14:00:07.232 [Test worker] DEBUG o.s.w.t.h.s.r.b.ReactorHttpServer - Server started on port 33683(0 millis).
14:00:07.232 [Test worker] DEBUG o.s.w.c.RestTemplate - HTTP GET http://localhost:33683/no
14:00:07.232 [Test worker] DEBUG o.s.w.c.RestTemplate - Accept=[text/plain, application/json, application/x-jackson-smile, application/*+json, */*]
14:00:07.234 [reactor-http-epoll-2] DEBUG o.s.w.s.a.HttpWebHandlerAdapter - [3be2aec1-10] HTTP GET "/no"
14:00:07.234 [reactor-http-epoll-2] DEBUG o.s.w.r.r.m.a.RequestMappingHandlerMapping - [3be2aec1-10] Mapped to org.springframework.web.reactive.result.method.annotation.CrossOriginAnnotationIntegrationTests$MethodLevelController#noAnnotation()
14:00:07.235 [reactor-http-epoll-2] DEBUG o.s.w.r.r.m.a.ResponseBodyResultHandler - Using 'text/plain;charset=UTF-8' given [text/plain, application/json, application/x-jackson-smile, application/*+json, */*] and supported [text/plain;charset=UTF-8, text/event-stream, text/plain;charset=UTF-8, */*]
14:00:07.235 [reactor-http-epoll-2] DEBUG o.s.w.r.r.m.a.ResponseBodyResultHandler - [3be2aec1-10] 0..1 [java.lang.String]
14:00:07.235 [reactor-http-epoll-2] DEBUG o.s.c.c.CharSequenceEncoder - [3be2aec1-10] Writing "no"
14:00:07.236 [reactor-http-epoll-2] DEBUG o.s.w.s.a.HttpWebHandlerAdapter - [3be2aec1-10] Completed 200 OK
14:00:07.236 [Test worker] DEBUG o.s.w.c.RestTemplate - Response 200 OK
14:00:07.236 [Test worker] DEBUG o.s.w.c.RestTemplate - Reading to [java.lang.String] as "text/plain;charset=UTF-8"
14:00:07.236 [Test worker] DEBUG o.s.w.t.h.s.r.b.ReactorHttpServer - Stopping ReactorHttpServer...
14:00:07.236 [Test worker] DEBUG o.s.w.t.h.s.r.b.ReactorHttpServer - Server stopped (0 millis).
14:00:07.295 [Test worker] DEBUG o.s.w.r.r.m.a.RequestMappingHandlerMapping - 14 mappings in 'requestMappingHandlerMapping'
14:00:07.319 [Test worker] DEBUG o.s.w.r.r.m.a.ControllerMethodResolver - ControllerAdvice beans: none
14:00:07.338 [Test worker] DEBUG o.s.w.s.a.HttpWebHandlerAdapter - enableLoggingRequestDetails='false': form data and headers will be masked to prevent unsafe logging of potentially sensitive data
14:00:07.338 [Test worker] DEBUG o.s.w.t.h.s.r.b.TomcatHttpServer - Starting TomcatHttpServer...
14:00:07.461 [Test worker] DEBUG o.s.w.t.h.s.r.b.TomcatHttpServer - Server started on port 37361(0 millis).
14:00:07.461 [Test worker] DEBUG o.s.w.c.RestTemplate - HTTP GET http://localhost:37361/no
14:00:07.461 [Test worker] DEBUG o.s.w.c.RestTemplate - Accept=[text/plain, application/json, application/x-jackson-smile, application/*+json, */*]
14:00:07.464 [http-nio-auto-9-exec-1] DEBUG o.s.w.s.a.HttpWebHandlerAdapter - [1e7fa51c] HTTP GET "/no"
14:00:07.464 [http-nio-auto-9-exec-1] DEBUG o.s.w.r.r.m.a.RequestMappingHandlerMapping - [1e7fa51c] Mapped to org.springframework.web.reactive.result.method.annotation.CrossOriginAnnotationIntegrationTests$MethodLevelController#noAnnotation()
14:00:07.465 [http-nio-auto-9-exec-1] DEBUG o.s.w.r.r.m.a.ResponseBodyResultHandler - Using 'text/plain;charset=UTF-8' given [text/plain, application/json, application/x-jackson-smile, application/*+json, */*] and supported [text/plain;charset=UTF-8, text/event-stream, text/plain;charset=UTF-8, */*]
14:00:07.465 [http-nio-auto-9-exec-1] DEBUG o.s.w.r.r.m.a.ResponseBodyResultHandler - [1e7fa51c] 0..1 [java.lang.String]
14:00:07.465 [http-nio-auto-9-exec-1] DEBUG o.s.c.c.CharSequenceEncoder - [1e7fa51c] Writing "no"
14:00:07.466 [http-nio-auto-9-exec-1] DEBUG o.s.w.s.a.HttpWebHandlerAdapter - [1e7fa51c] Completed 200 OK
14:00:07.466 [Test worker] DEBUG o.s.w.c.RestTemplate - Response 200 OK
14:00:07.466 [Test worker] DEBUG o.s.w.c.RestTemplate - Reading to [java.lang.String] as "text/plain;charset=UTF-8"
14:00:07.467 [Test worker] DEBUG o.s.w.t.h.s.r.b.TomcatHttpServer - Stopping TomcatHttpServer...
14:00:07.480 [Test worker] DEBUG o.s.w.t.h.s.r.b.TomcatHttpServer - Server stopped (0 millis).
14:00:07.531 [Test worker] DEBUG o.s.w.r.r.m.a.RequestMappingHandlerMapping - 14 mappings in 'requestMappingHandlerMapping'
14:00:07.567 [Test worker] DEBUG o.s.w.r.r.m.a.ControllerMethodResolver - ControllerAdvice beans: none
14:00:07.587 [Test worker] DEBUG o.s.w.s.a.HttpWebHandlerAdapter - enableLoggingRequestDetails='false': form data and headers will be masked to prevent unsafe logging of potentially sensitive data
14:00:07.587 [Test worker] DEBUG o.s.w.t.h.s.r.b.UndertowHttpServer - Starting UndertowHttpServer...
14:00:07.587 [Test worker] INFO  i.undertow - starting server: Undertow - 2.0.30.Final
14:00:07.652 [Test worker] DEBUG o.s.w.t.h.s.r.b.UndertowHttpServer - Server started on port 35529(0 millis).
14:00:07.653 [Test worker] DEBUG o.s.w.c.RestTemplate - HTTP GET http://localhost:35529/no
14:00:07.653 [Test worker] DEBUG o.s.w.c.RestTemplate - Accept=[text/plain, application/json, application/x-jackson-smile, application/*+json, */*]
14:00:07.663 [XNIO-8 I/O-4] DEBUG o.s.w.s.a.HttpWebHandlerAdapter - [38065759] HTTP GET "/no"
14:00:07.665 [XNIO-8 I/O-4] DEBUG o.s.w.r.r.m.a.RequestMappingHandlerMapping - [38065759] Mapped to org.springframework.web.reactive.result.method.annotation.CrossOriginAnnotationIntegrationTests$MethodLevelController#noAnnotation()
14:00:07.666 [XNIO-8 I/O-4] DEBUG o.s.w.r.r.m.a.ResponseBodyResultHandler - Using 'text/plain;charset=UTF-8' given [text/plain, application/json, application/x-jackson-smile, application/*+json, */*] and supported [text/plain;charset=UTF-8, text/event-stream, text/plain;charset=UTF-8, */*]
14:00:07.666 [XNIO-8 I/O-4] DEBUG o.s.w.r.r.m.a.ResponseBodyResultHandler - [38065759] 0..1 [java.lang.String]
14:00:07.666 [XNIO-8 I/O-4] DEBUG o.s.c.c.CharSequenceEncoder - [38065759] Writing "no"
14:00:07.667 [XNIO-8 I/O-4] DEBUG o.s.w.s.a.HttpWebHandlerAdapter - [38065759] Completed 200 OK
14:00:07.667 [Test worker] DEBUG o.s.w.c.RestTemplate - Response 200 OK
14:00:07.667 [Test worker] DEBUG o.s.w.c.RestTemplate - Reading to [java.lang.String] as "text/plain;charset=UTF-8"
14:00:07.668 [Test worker] DEBUG o.s.w.t.h.s.r.b.UndertowHttpServer - Stopping UndertowHttpServer...
14:00:07.668 [Test worker] INFO  i.undertow - stopping server: Undertow - 2.0.30.Final
14:00:07.671 [Test worker] DEBUG o.s.w.t.h.s.r.b.UndertowHttpServer - Server stopped (0 millis).
14:00:07.741 [Test worker] DEBUG o.s.w.r.r.m.a.RequestMappingHandlerMapping - 14 mappings in 'requestMappingHandlerMapping'
14:00:07.778 [Test worker] DEBUG o.s.w.r.r.m.a.ControllerMethodResolver - ControllerAdvice beans: none
14:00:07.806 [Test worker] DEBUG o.s.w.s.a.HttpWebHandlerAdapter - enableLoggingRequestDetails='false': form data and headers will be masked to prevent unsafe logging of potentially sensitive data
14:00:07.808 [Test worker] WARN  o.e.j.s.h.ContextHandler - Empty contextPath
14:00:07.809 [Test worker] INFO  o.e.j.s.h.ContextHandler - Started o.e.j.s.ServletContextHandler@3dd68a97{/,null,AVAILABLE}
14:00:07.810 [Test worker] DEBUG o.s.w.t.h.s.r.b.JettyHttpServer - Starting JettyHttpServer...
14:00:07.810 [Test worker] INFO  o.e.j.s.Server - jetty-9.4.29.v20200521; built: 2020-05-21T17:20:40.598Z; git: 77c232aed8a45c818fd27232278d9f95a021095e; jvm 1.8.0_232-b09
14:00:07.895 [Test worker] INFO  o.e.j.s.AbstractConnector - Started ServerConnector@10b7f4a0{HTTP/1.1, (http/1.1)}{0.0.0.0:33645}
14:00:07.895 [Test worker] INFO  o.e.j.s.Server - Started @28062ms
14:00:07.895 [Test worker] DEBUG o.s.w.t.h.s.r.b.JettyHttpServer - Server started on port 33645(0 millis).
14:00:07.895 [Test worker] DEBUG o.s.w.c.RestTemplate - HTTP GET http://localhost:33645/origin-value-attribute
14:00:07.895 [Test worker] DEBUG o.s.w.c.RestTemplate - Accept=[text/plain, application/json, application/x-jackson-smile, application/*+json, */*]
14:00:07.904 [qtp1106850909-320] DEBUG o.s.w.s.a.HttpWebHandlerAdapter - [309de605] HTTP GET "/origin-value-attribute"
14:00:07.905 [qtp1106850909-320] DEBUG o.s.w.r.r.m.a.RequestMappingHandlerMapping - [309de605] Mapped to org.springframework.web.reactive.result.method.annotation.CrossOriginAnnotationIntegrationTests$MethodLevelController#customOriginDefinedViaValueAttribute()
14:00:07.906 [qtp1106850909-320] DEBUG o.s.w.r.r.m.a.ResponseBodyResultHandler - Using 'text/plain;charset=UTF-8' given [text/plain, application/json, application/x-jackson-smile, application/*+json, */*] and supported [text/plain;charset=UTF-8, text/event-stream, text/plain;charset=UTF-8, */*]
14:00:07.906 [qtp1106850909-320] DEBUG o.s.w.r.r.m.a.ResponseBodyResultHandler - [309de605] 0..1 [java.lang.String]
14:00:07.906 [qtp1106850909-320] DEBUG o.s.c.c.CharSequenceEncoder - [309de605] Writing "value-attribute"
14:00:07.906 [qtp1106850909-320] DEBUG o.s.w.s.a.HttpWebHandlerAdapter - [309de605] Completed 200 OK
14:00:07.907 [Test worker] DEBUG o.s.w.c.RestTemplate - Response 200 OK
14:00:07.907 [Test worker] DEBUG o.s.w.c.RestTemplate - Reading to [java.lang.String] as "text/plain;charset=utf-8"
14:00:07.907 [Test worker] DEBUG o.s.w.t.h.s.r.b.JettyHttpServer - Stopping JettyHttpServer...
14:00:07.908 [Test worker] INFO  o.e.j.s.h.ContextHandler - Stopped o.e.j.s.ServletContextHandler@3dd68a97{/,null,UNAVAILABLE}
14:00:07.912 [Test worker] INFO  o.e.j.s.AbstractConnector - Stopped ServerConnector@10b7f4a0{HTTP/1.1, (http/1.1)}{0.0.0.0:0}
14:00:07.913 [Test worker] DEBUG o.s.w.t.h.s.r.b.JettyHttpServer - Server stopped (0 millis).
14:00:07.987 [Test worker] DEBUG o.s.w.r.r.m.a.RequestMappingHandlerMapping - 14 mappings in 'requestMappingHandlerMapping'
14:00:08.025 [Test worker] DEBUG o.s.w.r.r.m.a.ControllerMethodResolver - ControllerAdvice beans: none
14:00:08.056 [Test worker] DEBUG o.s.w.s.a.HttpWebHandlerAdapter - enableLoggingRequestDetails='false': form data and headers will be masked to prevent unsafe logging of potentially sensitive data
14:00:08.056 [Test worker] DEBUG o.s.w.t.h.s.r.b.ReactorHttpServer - Starting ReactorHttpServer...
14:00:08.060 [Test worker] DEBUG o.s.w.t.h.s.r.b.ReactorHttpServer - Server started on port 40671(0 millis).
14:00:08.061 [Test worker] DEBUG o.s.w.c.RestTemplate - HTTP GET http://localhost:40671/origin-value-attribute
14:00:08.061 [Test worker] DEBUG o.s.w.c.RestTemplate - Accept=[text/plain, application/json, application/x-jackson-smile, application/*+json, */*]
14:00:08.064 [reactor-http-epoll-4] DEBUG o.s.w.s.a.HttpWebHandlerAdapter - [d89da86a-11] HTTP GET "/origin-value-attribute"
14:00:08.064 [reactor-http-epoll-4] DEBUG o.s.w.r.r.m.a.RequestMappingHandlerMapping - [d89da86a-11] Mapped to org.springframework.web.reactive.result.method.annotation.CrossOriginAnnotationIntegrationTests$MethodLevelController#customOriginDefinedViaValueAttribute()
14:00:08.065 [reactor-http-epoll-4] DEBUG o.s.w.r.r.m.a.ResponseBodyResultHandler - Using 'text/plain;charset=UTF-8' given [text/plain, application/json, application/x-jackson-smile, application/*+json, */*] and supported [text/plain;charset=UTF-8, text/event-stream, text/plain;charset=UTF-8, */*]
14:00:08.065 [reactor-http-epoll-4] DEBUG o.s.w.r.r.m.a.ResponseBodyResultHandler - [d89da86a-11] 0..1 [java.lang.String]
14:00:08.065 [reactor-http-epoll-4] DEBUG o.s.c.c.CharSequenceEncoder - [d89da86a-11] Writing "value-attribute"
14:00:08.066 [reactor-http-epoll-4] DEBUG o.s.w.s.a.HttpWebHandlerAdapter - [d89da86a-11] Completed 200 OK
14:00:08.066 [Test worker] DEBUG o.s.w.c.RestTemplate - Response 200 OK
14:00:08.067 [Test worker] DEBUG o.s.w.c.RestTemplate - Reading to [java.lang.String] as "text/plain;charset=UTF-8"
14:00:08.067 [Test worker] DEBUG o.s.w.t.h.s.r.b.ReactorHttpServer - Stopping ReactorHttpServer...
14:00:08.067 [Test worker] DEBUG o.s.w.t.h.s.r.b.ReactorHttpServer - Server stopped (0 millis).
14:00:08.113 [Test worker] DEBUG o.s.w.r.r.m.a.RequestMappingHandlerMapping - 14 mappings in 'requestMappingHandlerMapping'
14:00:08.139 [Test worker] DEBUG o.s.w.r.r.m.a.ControllerMethodResolver - ControllerAdvice beans: none
14:00:08.153 [Test worker] DEBUG o.s.w.s.a.HttpWebHandlerAdapter - enableLoggingRequestDetails='false': form data and headers will be masked to prevent unsafe logging of potentially sensitive data
14:00:08.162 [Test worker] DEBUG o.s.w.t.h.s.r.b.TomcatHttpServer - Starting TomcatHttpServer...
14:00:08.329 [Test worker] DEBUG o.s.w.t.h.s.r.b.TomcatHttpServer - Server started on port 44881(0 millis).
14:00:08.329 [Test worker] DEBUG o.s.w.c.RestTemplate - HTTP GET http://localhost:44881/origin-value-attribute
14:00:08.330 [Test worker] DEBUG o.s.w.c.RestTemplate - Accept=[text/plain, application/json, application/x-jackson-smile, application/*+json, */*]
14:00:08.337 [http-nio-auto-10-exec-1] DEBUG o.s.w.s.a.HttpWebHandlerAdapter - [6043b27f] HTTP GET "/origin-value-attribute"
14:00:08.338 [http-nio-auto-10-exec-1] DEBUG o.s.w.r.r.m.a.RequestMappingHandlerMapping - [6043b27f] Mapped to org.springframework.web.reactive.result.method.annotation.CrossOriginAnnotationIntegrationTests$MethodLevelController#customOriginDefinedViaValueAttribute()
14:00:08.339 [http-nio-auto-10-exec-1] DEBUG o.s.w.r.r.m.a.ResponseBodyResultHandler - Using 'text/plain;charset=UTF-8' given [text/plain, application/json, application/x-jackson-smile, application/*+json, */*] and supported [text/plain;charset=UTF-8, text/event-stream, text/plain;charset=UTF-8, */*]
14:00:08.339 [http-nio-auto-10-exec-1] DEBUG o.s.w.r.r.m.a.ResponseBodyResultHandler - [6043b27f] 0..1 [java.lang.String]
14:00:08.339 [http-nio-auto-10-exec-1] DEBUG o.s.c.c.CharSequenceEncoder - [6043b27f] Writing "value-attribute"
14:00:08.340 [http-nio-auto-10-exec-1] DEBUG o.s.w.s.a.HttpWebHandlerAdapter - [6043b27f] Completed 200 OK
14:00:08.340 [Test worker] DEBUG o.s.w.c.RestTemplate - Response 200 OK
14:00:08.340 [Test worker] DEBUG o.s.w.c.RestTemplate - Reading to [java.lang.String] as "text/plain;charset=UTF-8"
14:00:08.340 [Test worker] DEBUG o.s.w.t.h.s.r.b.TomcatHttpServer - Stopping TomcatHttpServer...
14:00:08.361 [Test worker] DEBUG o.s.w.t.h.s.r.b.TomcatHttpServer - Server stopped (0 millis).
14:00:08.522 [Test worker] DEBUG o.s.w.r.r.m.a.RequestMappingHandlerMapping - 14 mappings in 'requestMappingHandlerMapping'
14:00:08.545 [Test worker] DEBUG o.s.w.r.r.m.a.ControllerMethodResolver - ControllerAdvice beans: none
14:00:08.565 [Test worker] DEBUG o.s.w.s.a.HttpWebHandlerAdapter - enableLoggingRequestDetails='false': form data and headers will be masked to prevent unsafe logging of potentially sensitive data
14:00:08.565 [Test worker] DEBUG o.s.w.t.h.s.r.b.UndertowHttpServer - Starting UndertowHttpServer...
14:00:08.565 [Test worker] INFO  i.undertow - starting server: Undertow - 2.0.30.Final
14:00:08.590 [Test worker] DEBUG o.s.w.t.h.s.r.b.UndertowHttpServer - Server started on port 34255(0 millis).
14:00:08.590 [Test worker] DEBUG o.s.w.c.RestTemplate - HTTP GET http://localhost:34255/origin-value-attribute
14:00:08.590 [Test worker] DEBUG o.s.w.c.RestTemplate - Accept=[text/plain, application/json, application/x-jackson-smile, application/*+json, */*]
14:00:08.593 [XNIO-9 I/O-4] DEBUG o.s.w.s.a.HttpWebHandlerAdapter - [3c99a695] HTTP GET "/origin-value-attribute"
14:00:08.594 [XNIO-9 I/O-4] DEBUG o.s.w.r.r.m.a.RequestMappingHandlerMapping - [3c99a695] Mapped to org.springframework.web.reactive.result.method.annotation.CrossOriginAnnotationIntegrationTests$MethodLevelController#customOriginDefinedViaValueAttribute()
14:00:08.594 [XNIO-9 I/O-4] DEBUG o.s.w.r.r.m.a.ResponseBodyResultHandler - Using 'text/plain;charset=UTF-8' given [text/plain, application/json, application/x-jackson-smile, application/*+json, */*] and supported [text/plain;charset=UTF-8, text/event-stream, text/plain;charset=UTF-8, */*]
14:00:08.594 [XNIO-9 I/O-4] DEBUG o.s.w.r.r.m.a.ResponseBodyResultHandler - [3c99a695] 0..1 [java.lang.String]
14:00:08.594 [XNIO-9 I/O-4] DEBUG o.s.c.c.CharSequenceEncoder - [3c99a695] Writing "value-attribute"
14:00:08.596 [Test worker] DEBUG o.s.w.c.RestTemplate - Response 200 OK
14:00:08.596 [Test worker] DEBUG o.s.w.c.RestTemplate - Reading to [java.lang.String] as "text/plain;charset=UTF-8"
14:00:08.597 [Test worker] DEBUG o.s.w.t.h.s.r.b.UndertowHttpServer - Stopping UndertowHttpServer...
14:00:08.597 [Test worker] INFO  i.undertow - stopping server: Undertow - 2.0.30.Final
14:00:08.609 [XNIO-9 I/O-4] DEBUG o.s.w.s.a.HttpWebHandlerAdapter - [3c99a695] Completed 200 OK
14:00:08.610 [Test worker] DEBUG o.s.w.t.h.s.r.b.UndertowHttpServer - Server stopped (0 millis).
14:00:08.642 [Test worker] DEBUG o.s.w.r.r.m.a.RequestMappingHandlerMapping - 14 mappings in 'requestMappingHandlerMapping'
14:00:08.671 [Test worker] DEBUG o.s.w.r.r.m.a.ControllerMethodResolver - ControllerAdvice beans: none
14:00:08.689 [Test worker] DEBUG o.s.w.s.a.HttpWebHandlerAdapter - enableLoggingRequestDetails='false': form data and headers will be masked to prevent unsafe logging of potentially sensitive data
14:00:08.690 [Test worker] WARN  o.e.j.s.h.ContextHandler - Empty contextPath
14:00:08.690 [Test worker] INFO  o.e.j.s.h.ContextHandler - Started o.e.j.s.ServletContextHandler@1027d13b{/,null,AVAILABLE}
14:00:08.690 [Test worker] DEBUG o.s.w.t.h.s.r.b.JettyHttpServer - Starting JettyHttpServer...
14:00:08.690 [Test worker] INFO  o.e.j.s.Server - jetty-9.4.29.v20200521; built: 2020-05-21T17:20:40.598Z; git: 77c232aed8a45c818fd27232278d9f95a021095e; jvm 1.8.0_232-b09
14:00:08.785 [Test worker] INFO  o.e.j.s.AbstractConnector - Started ServerConnector@27b530a9{HTTP/1.1, (http/1.1)}{0.0.0.0:38005}
14:00:08.785 [Test worker] INFO  o.e.j.s.Server - Started @28951ms
14:00:08.785 [Test worker] DEBUG o.s.w.t.h.s.r.b.JettyHttpServer - Server started on port 38005(0 millis).
14:00:08.785 [Test worker] DEBUG o.s.w.c.RestTemplate - HTTP GET http://localhost:38005/foo
14:00:08.785 [Test worker] DEBUG o.s.w.c.RestTemplate - Accept=[text/plain, application/json, application/x-jackson-smile, application/*+json, */*]
14:00:08.802 [qtp1042714067-349] DEBUG o.s.w.s.a.HttpWebHandlerAdapter - [e55183d] HTTP GET "/foo"
14:00:08.802 [qtp1042714067-349] DEBUG o.s.w.r.r.m.a.RequestMappingHandlerMapping - [e55183d] Mapped to org.springframework.web.reactive.result.method.annotation.CrossOriginAnnotationIntegrationTests$ClassLevelController#foo()
14:00:08.803 [qtp1042714067-349] DEBUG o.s.w.r.r.m.a.ResponseBodyResultHandler - Using 'text/plain;charset=UTF-8' given [text/plain, application/json, application/x-jackson-smile, application/*+json, */*] and supported [text/plain;charset=UTF-8, text/event-stream, text/plain;charset=UTF-8, */*]
14:00:08.803 [qtp1042714067-349] DEBUG o.s.w.r.r.m.a.ResponseBodyResultHandler - [e55183d] 0..1 [java.lang.String]
14:00:08.803 [qtp1042714067-349] DEBUG o.s.c.c.CharSequenceEncoder - [e55183d] Writing "foo"
14:00:08.804 [qtp1042714067-349] DEBUG o.s.w.s.a.HttpWebHandlerAdapter - [e55183d] Completed 200 OK
14:00:08.804 [Test worker] DEBUG o.s.w.c.RestTemplate - Response 200 OK
14:00:08.804 [Test worker] DEBUG o.s.w.c.RestTemplate - Reading to [java.lang.String] as "text/plain;charset=utf-8"
14:00:08.826 [Test worker] DEBUG o.s.w.c.RestTemplate - HTTP GET http://localhost:38005/bar
14:00:08.826 [Test worker] DEBUG o.s.w.c.RestTemplate - Accept=[text/plain, application/json, application/x-jackson-smile, application/*+json, */*]
14:00:08.828 [qtp1042714067-345] DEBUG o.s.w.s.a.HttpWebHandlerAdapter - [5c350507] HTTP GET "/bar"
14:00:08.829 [qtp1042714067-345] DEBUG o.s.w.r.r.m.a.RequestMappingHandlerMapping - [5c350507] Mapped to org.springframework.web.reactive.result.method.annotation.CrossOriginAnnotationIntegrationTests$ClassLevelController#bar()
14:00:08.829 [qtp1042714067-345] DEBUG o.s.w.r.r.m.a.ResponseBodyResultHandler - Using 'text/plain;charset=UTF-8' given [text/plain, application/json, application/x-jackson-smile, application/*+json, */*] and supported [text/plain;charset=UTF-8, text/event-stream, text/plain;charset=UTF-8, */*]
14:00:08.829 [qtp1042714067-345] DEBUG o.s.w.r.r.m.a.ResponseBodyResultHandler - [5c350507] 0..1 [java.lang.String]
14:00:08.829 [qtp1042714067-345] DEBUG o.s.c.c.CharSequenceEncoder - [5c350507] Writing "bar"
14:00:08.832 [qtp1042714067-345] DEBUG o.s.w.s.a.HttpWebHandlerAdapter - [5c350507] Completed 200 OK
14:00:08.832 [Test worker] DEBUG o.s.w.c.RestTemplate - Response 200 OK
14:00:08.832 [Test worker] DEBUG o.s.w.c.RestTemplate - Reading to [java.lang.String] as "text/plain;charset=utf-8"
14:00:08.832 [Test worker] DEBUG o.s.w.c.RestTemplate - HTTP GET http://localhost:38005/baz
14:00:08.833 [Test worker] DEBUG o.s.w.c.RestTemplate - Accept=[text/plain, application/json, application/x-jackson-smile, application/*+json, */*]
14:00:08.833 [qtp1042714067-348] DEBUG o.s.w.s.a.HttpWebHandlerAdapter - [4e8fa0d4] HTTP GET "/baz"
14:00:08.834 [qtp1042714067-348] DEBUG o.s.w.r.r.m.a.RequestMappingHandlerMapping - [4e8fa0d4] Mapped to org.springframework.web.reactive.result.method.annotation.CrossOriginAnnotationIntegrationTests$ClassLevelController#baz()
14:00:08.834 [qtp1042714067-348] DEBUG o.s.w.r.r.m.a.ResponseBodyResultHandler - Using 'text/plain;charset=UTF-8' given [text/plain, application/json, application/x-jackson-smile, application/*+json, */*] and supported [text/plain;charset=UTF-8, text/event-stream, text/plain;charset=UTF-8, */*]
14:00:08.834 [qtp1042714067-348] DEBUG o.s.w.r.r.m.a.ResponseBodyResultHandler - [4e8fa0d4] 0..1 [java.lang.String]
14:00:08.834 [qtp1042714067-348] DEBUG o.s.c.c.CharSequenceEncoder - [4e8fa0d4] Writing "baz"
14:00:08.835 [qtp1042714067-348] DEBUG o.s.w.s.a.HttpWebHandlerAdapter - [4e8fa0d4] Completed 200 OK
14:00:08.835 [Test worker] DEBUG o.s.w.c.RestTemplate - Response 200 OK
14:00:08.835 [Test worker] DEBUG o.s.w.c.RestTemplate - Reading to [java.lang.String] as "text/plain;charset=utf-8"
14:00:08.835 [Test worker] DEBUG o.s.w.t.h.s.r.b.JettyHttpServer - Stopping JettyHttpServer...
14:00:08.835 [Test worker] INFO  o.e.j.s.h.ContextHandler - Stopped o.e.j.s.ServletContextHandler@1027d13b{/,null,UNAVAILABLE}
14:00:08.836 [Test worker] INFO  o.e.j.s.AbstractConnector - Stopped ServerConnector@27b530a9{HTTP/1.1, (http/1.1)}{0.0.0.0:0}
14:00:08.841 [Test worker] DEBUG o.s.w.t.h.s.r.b.JettyHttpServer - Server stopped (0 millis).
14:00:08.886 [Test worker] DEBUG o.s.w.r.r.m.a.RequestMappingHandlerMapping - 14 mappings in 'requestMappingHandlerMapping'
14:00:08.907 [Test worker] DEBUG o.s.w.r.r.m.a.ControllerMethodResolver - ControllerAdvice beans: none
14:00:08.921 [Test worker] DEBUG o.s.w.s.a.HttpWebHandlerAdapter - enableLoggingRequestDetails='false': form data and headers will be masked to prevent unsafe logging of potentially sensitive data
14:00:08.921 [Test worker] DEBUG o.s.w.t.h.s.r.b.ReactorHttpServer - Starting ReactorHttpServer...
14:00:08.930 [Test worker] DEBUG o.s.w.t.h.s.r.b.ReactorHttpServer - Server started on port 44393(0 millis).
14:00:08.931 [Test worker] DEBUG o.s.w.c.RestTemplate - HTTP GET http://localhost:44393/foo
14:00:08.931 [Test worker] DEBUG o.s.w.c.RestTemplate - Accept=[text/plain, application/json, application/x-jackson-smile, application/*+json, */*]
14:00:08.933 [reactor-http-epoll-2] DEBUG o.s.w.s.a.HttpWebHandlerAdapter - [602b924d-12] HTTP GET "/foo"
14:00:08.934 [reactor-http-epoll-2] DEBUG o.s.w.r.r.m.a.RequestMappingHandlerMapping - [602b924d-12] Mapped to org.springframework.web.reactive.result.method.annotation.CrossOriginAnnotationIntegrationTests$ClassLevelController#foo()
14:00:08.934 [reactor-http-epoll-2] DEBUG o.s.w.r.r.m.a.ResponseBodyResultHandler - Using 'text/plain;charset=UTF-8' given [text/plain, application/json, application/x-jackson-smile, application/*+json, */*] and supported [text/plain;charset=UTF-8, text/event-stream, text/plain;charset=UTF-8, */*]
14:00:08.934 [reactor-http-epoll-2] DEBUG o.s.w.r.r.m.a.ResponseBodyResultHandler - [602b924d-12] 0..1 [java.lang.String]
14:00:08.934 [reactor-http-epoll-2] DEBUG o.s.c.c.CharSequenceEncoder - [602b924d-12] Writing "foo"
14:00:08.935 [reactor-http-epoll-2] DEBUG o.s.w.s.a.HttpWebHandlerAdapter - [602b924d-12] Completed 200 OK
14:00:08.935 [Test worker] DEBUG o.s.w.c.RestTemplate - Response 200 OK
14:00:08.936 [Test worker] DEBUG o.s.w.c.RestTemplate - Reading to [java.lang.String] as "text/plain;charset=UTF-8"
14:00:08.936 [Test worker] DEBUG o.s.w.c.RestTemplate - HTTP GET http://localhost:44393/bar
14:00:08.936 [Test worker] DEBUG o.s.w.c.RestTemplate - Accept=[text/plain, application/json, application/x-jackson-smile, application/*+json, */*]
14:00:08.940 [reactor-http-epoll-2] DEBUG o.s.w.s.a.HttpWebHandlerAdapter - [602b924d-13] HTTP GET "/bar"
14:00:08.943 [reactor-http-epoll-2] DEBUG o.s.w.r.r.m.a.RequestMappingHandlerMapping - [602b924d-13] Mapped to org.springframework.web.reactive.result.method.annotation.CrossOriginAnnotationIntegrationTests$ClassLevelController#bar()
14:00:08.945 [reactor-http-epoll-2] DEBUG o.s.w.r.r.m.a.ResponseBodyResultHandler - Using 'text/plain;charset=UTF-8' given [text/plain, application/json, application/x-jackson-smile, application/*+json, */*] and supported [text/plain;charset=UTF-8, text/event-stream, text/plain;charset=UTF-8, */*]
14:00:08.945 [reactor-http-epoll-2] DEBUG o.s.w.r.r.m.a.ResponseBodyResultHandler - [602b924d-13] 0..1 [java.lang.String]
14:00:08.945 [reactor-http-epoll-2] DEBUG o.s.c.c.CharSequenceEncoder - [602b924d-13] Writing "bar"
14:00:08.947 [reactor-http-epoll-2] DEBUG o.s.w.s.a.HttpWebHandlerAdapter - [602b924d-13] Completed 200 OK
14:00:08.947 [Test worker] DEBUG o.s.w.c.RestTemplate - Response 200 OK
14:00:08.947 [Test worker] DEBUG o.s.w.c.RestTemplate - Reading to [java.lang.String] as "text/plain;charset=UTF-8"
14:00:08.947 [Test worker] DEBUG o.s.w.c.RestTemplate - HTTP GET http://localhost:44393/baz
14:00:08.947 [Test worker] DEBUG o.s.w.c.RestTemplate - Accept=[text/plain, application/json, application/x-jackson-smile, application/*+json, */*]
14:00:08.951 [reactor-http-epoll-2] DEBUG o.s.w.s.a.HttpWebHandlerAdapter - [602b924d-14] HTTP GET "/baz"
14:00:08.952 [reactor-http-epoll-2] DEBUG o.s.w.r.r.m.a.RequestMappingHandlerMapping - [602b924d-14] Mapped to org.springframework.web.reactive.result.method.annotation.CrossOriginAnnotationIntegrationTests$ClassLevelController#baz()
14:00:08.954 [reactor-http-epoll-2] DEBUG o.s.w.r.r.m.a.ResponseBodyResultHandler - Using 'text/plain;charset=UTF-8' given [text/plain, application/json, application/x-jackson-smile, application/*+json, */*] and supported [text/plain;charset=UTF-8, text/event-stream, text/plain;charset=UTF-8, */*]
14:00:08.954 [reactor-http-epoll-2] DEBUG o.s.w.r.r.m.a.ResponseBodyResultHandler - [602b924d-14] 0..1 [java.lang.String]
14:00:08.954 [reactor-http-epoll-2] DEBUG o.s.c.c.CharSequenceEncoder - [602b924d-14] Writing "baz"
14:00:08.955 [reactor-http-epoll-2] DEBUG o.s.w.s.a.HttpWebHandlerAdapter - [602b924d-14] Completed 200 OK
14:00:08.955 [Test worker] DEBUG o.s.w.c.RestTemplate - Response 200 OK
14:00:08.955 [Test worker] DEBUG o.s.w.c.RestTemplate - Reading to [java.lang.String] as "text/plain;charset=UTF-8"
14:00:08.955 [Test worker] DEBUG o.s.w.t.h.s.r.b.ReactorHttpServer - Stopping ReactorHttpServer...
14:00:08.956 [Test worker] DEBUG o.s.w.t.h.s.r.b.ReactorHttpServer - Server stopped (0 millis).
14:00:09.001 [Test worker] DEBUG o.s.w.r.r.m.a.RequestMappingHandlerMapping - 14 mappings in 'requestMappingHandlerMapping'
14:00:09.017 [Test worker] DEBUG o.s.w.r.r.m.a.ControllerMethodResolver - ControllerAdvice beans: none
14:00:09.025 [Test worker] DEBUG o.s.w.s.a.HttpWebHandlerAdapter - enableLoggingRequestDetails='false': form data and headers will be masked to prevent unsafe logging of potentially sensitive data
14:00:09.026 [Test worker] DEBUG o.s.w.t.h.s.r.b.TomcatHttpServer - Starting TomcatHttpServer...
14:00:09.214 [Test worker] DEBUG o.s.w.t.h.s.r.b.TomcatHttpServer - Server started on port 44933(0 millis).
14:00:09.214 [Test worker] DEBUG o.s.w.c.RestTemplate - HTTP GET http://localhost:44933/foo
14:00:09.214 [Test worker] DEBUG o.s.w.c.RestTemplate - Accept=[text/plain, application/json, application/x-jackson-smile, application/*+json, */*]
14:00:09.224 [http-nio-auto-11-exec-1] DEBUG o.s.w.s.a.HttpWebHandlerAdapter - [7dda9a2] HTTP GET "/foo"
14:00:09.225 [http-nio-auto-11-exec-1] DEBUG o.s.w.r.r.m.a.RequestMappingHandlerMapping - [7dda9a2] Mapped to org.springframework.web.reactive.result.method.annotation.CrossOriginAnnotationIntegrationTests$ClassLevelController#foo()
14:00:09.226 [http-nio-auto-11-exec-1] DEBUG o.s.w.r.r.m.a.ResponseBodyResultHandler - Using 'text/plain;charset=UTF-8' given [text/plain, application/json, application/x-jackson-smile, application/*+json, */*] and supported [text/plain;charset=UTF-8, text/event-stream, text/plain;charset=UTF-8, */*]
14:00:09.226 [http-nio-auto-11-exec-1] DEBUG o.s.w.r.r.m.a.ResponseBodyResultHandler - [7dda9a2] 0..1 [java.lang.String]
14:00:09.226 [http-nio-auto-11-exec-1] DEBUG o.s.c.c.CharSequenceEncoder - [7dda9a2] Writing "foo"
14:00:09.226 [http-nio-auto-11-exec-1] DEBUG o.s.w.s.a.HttpWebHandlerAdapter - [7dda9a2] Completed 200 OK
14:00:09.227 [Test worker] DEBUG o.s.w.c.RestTemplate - Response 200 OK
14:00:09.227 [Test worker] DEBUG o.s.w.c.RestTemplate - Reading to [java.lang.String] as "text/plain;charset=UTF-8"
14:00:09.227 [Test worker] DEBUG o.s.w.c.RestTemplate - HTTP GET http://localhost:44933/bar
14:00:09.227 [Test worker] DEBUG o.s.w.c.RestTemplate - Accept=[text/plain, application/json, application/x-jackson-smile, application/*+json, */*]
14:00:09.230 [http-nio-auto-11-exec-1] DEBUG o.s.w.s.a.HttpWebHandlerAdapter - [32a9d0cf] HTTP GET "/bar"
14:00:09.230 [http-nio-auto-11-exec-1] DEBUG o.s.w.r.r.m.a.RequestMappingHandlerMapping - [32a9d0cf] Mapped to org.springframework.web.reactive.result.method.annotation.CrossOriginAnnotationIntegrationTests$ClassLevelController#bar()
14:00:09.231 [http-nio-auto-11-exec-1] DEBUG o.s.w.r.r.m.a.ResponseBodyResultHandler - Using 'text/plain;charset=UTF-8' given [text/plain, application/json, application/x-jackson-smile, application/*+json, */*] and supported [text/plain;charset=UTF-8, text/event-stream, text/plain;charset=UTF-8, */*]
14:00:09.231 [http-nio-auto-11-exec-1] DEBUG o.s.w.r.r.m.a.ResponseBodyResultHandler - [32a9d0cf] 0..1 [java.lang.String]
14:00:09.231 [http-nio-auto-11-exec-1] DEBUG o.s.c.c.CharSequenceEncoder - [32a9d0cf] Writing "bar"
14:00:09.231 [http-nio-auto-11-exec-1] DEBUG o.s.w.s.a.HttpWebHandlerAdapter - [32a9d0cf] Completed 200 OK
14:00:09.231 [Test worker] DEBUG o.s.w.c.RestTemplate - Response 200 OK
14:00:09.231 [Test worker] DEBUG o.s.w.c.RestTemplate - Reading to [java.lang.String] as "text/plain;charset=UTF-8"
14:00:09.232 [Test worker] DEBUG o.s.w.c.RestTemplate - HTTP GET http://localhost:44933/baz
14:00:09.232 [Test worker] DEBUG o.s.w.c.RestTemplate - Accept=[text/plain, application/json, application/x-jackson-smile, application/*+json, */*]
14:00:09.233 [http-nio-auto-11-exec-1] DEBUG o.s.w.s.a.HttpWebHandlerAdapter - [4131b6d5] HTTP GET "/baz"
14:00:09.245 [http-nio-auto-11-exec-1] DEBUG o.s.w.r.r.m.a.RequestMappingHandlerMapping - [4131b6d5] Mapped to org.springframework.web.reactive.result.method.annotation.CrossOriginAnnotationIntegrationTests$ClassLevelController#baz()
14:00:09.246 [http-nio-auto-11-exec-1] DEBUG o.s.w.r.r.m.a.ResponseBodyResultHandler - Using 'text/plain;charset=UTF-8' given [text/plain, application/json, application/x-jackson-smile, application/*+json, */*] and supported [text/plain;charset=UTF-8, text/event-stream, text/plain;charset=UTF-8, */*]
14:00:09.246 [http-nio-auto-11-exec-1] DEBUG o.s.w.r.r.m.a.ResponseBodyResultHandler - [4131b6d5] 0..1 [java.lang.String]
14:00:09.247 [http-nio-auto-11-exec-1] DEBUG o.s.c.c.CharSequenceEncoder - [4131b6d5] Writing "baz"
14:00:09.248 [http-nio-auto-11-exec-1] DEBUG o.s.w.s.a.HttpWebHandlerAdapter - [4131b6d5] Completed 200 OK
14:00:09.248 [Test worker] DEBUG o.s.w.c.RestTemplate - Response 200 OK
14:00:09.248 [Test worker] DEBUG o.s.w.c.RestTemplate - Reading to [java.lang.String] as "text/plain;charset=UTF-8"
14:00:09.248 [Test worker] DEBUG o.s.w.t.h.s.r.b.TomcatHttpServer - Stopping TomcatHttpServer...
14:00:09.263 [Test worker] DEBUG o.s.w.t.h.s.r.b.TomcatHttpServer - Server stopped (0 millis).
14:00:09.314 [Test worker] DEBUG o.s.w.r.r.m.a.RequestMappingHandlerMapping - 14 mappings in 'requestMappingHandlerMapping'
14:00:09.328 [Test worker] DEBUG o.s.w.r.r.m.a.ControllerMethodResolver - ControllerAdvice beans: none
14:00:09.347 [Test worker] DEBUG o.s.w.s.a.HttpWebHandlerAdapter - enableLoggingRequestDetails='false': form data and headers will be masked to prevent unsafe logging of potentially sensitive data
14:00:09.347 [Test worker] DEBUG o.s.w.t.h.s.r.b.UndertowHttpServer - Starting UndertowHttpServer...
14:00:09.347 [Test worker] INFO  i.undertow - starting server: Undertow - 2.0.30.Final
14:00:09.395 [Test worker] DEBUG o.s.w.t.h.s.r.b.UndertowHttpServer - Server started on port 33879(0 millis).
14:00:09.396 [Test worker] DEBUG o.s.w.c.RestTemplate - HTTP GET http://localhost:33879/foo
14:00:09.396 [Test worker] DEBUG o.s.w.c.RestTemplate - Accept=[text/plain, application/json, application/x-jackson-smile, application/*+json, */*]
14:00:09.401 [XNIO-10 I/O-2] DEBUG o.s.w.s.a.HttpWebHandlerAdapter - [511a0eb] HTTP GET "/foo"
14:00:09.401 [XNIO-10 I/O-2] DEBUG o.s.w.r.r.m.a.RequestMappingHandlerMapping - [511a0eb] Mapped to org.springframework.web.reactive.result.method.annotation.CrossOriginAnnotationIntegrationTests$ClassLevelController#foo()
14:00:09.402 [XNIO-10 I/O-2] DEBUG o.s.w.r.r.m.a.ResponseBodyResultHandler - Using 'text/plain;charset=UTF-8' given [text/plain, application/json, application/x-jackson-smile, application/*+json, */*] and supported [text/plain;charset=UTF-8, text/event-stream, text/plain;charset=UTF-8, */*]
14:00:09.402 [XNIO-10 I/O-2] DEBUG o.s.w.r.r.m.a.ResponseBodyResultHandler - [511a0eb] 0..1 [java.lang.String]
14:00:09.402 [XNIO-10 I/O-2] DEBUG o.s.c.c.CharSequenceEncoder - [511a0eb] Writing "foo"
14:00:09.403 [Test worker] DEBUG o.s.w.c.RestTemplate - Response 200 OK
14:00:09.403 [Test worker] DEBUG o.s.w.c.RestTemplate - Reading to [java.lang.String] as "text/plain;charset=UTF-8"
14:00:09.403 [Test worker] DEBUG o.s.w.c.RestTemplate - HTTP GET http://localhost:33879/bar
14:00:09.403 [Test worker] DEBUG o.s.w.c.RestTemplate - Accept=[text/plain, application/json, application/x-jackson-smile, application/*+json, */*]
14:00:09.403 [XNIO-10 I/O-2] DEBUG o.s.w.s.a.HttpWebHandlerAdapter - [511a0eb] Completed 200 OK
14:00:09.404 [XNIO-10 I/O-2] DEBUG o.s.w.s.a.HttpWebHandlerAdapter - [511a0eb] HTTP GET "/bar"
14:00:09.404 [XNIO-10 I/O-2] DEBUG o.s.w.r.r.m.a.RequestMappingHandlerMapping - [511a0eb] Mapped to org.springframework.web.reactive.result.method.annotation.CrossOriginAnnotationIntegrationTests$ClassLevelController#bar()
14:00:09.404 [XNIO-10 I/O-2] DEBUG o.s.w.r.r.m.a.ResponseBodyResultHandler - Using 'text/plain;charset=UTF-8' given [text/plain, application/json, application/x-jackson-smile, application/*+json, */*] and supported [text/plain;charset=UTF-8, text/event-stream, text/plain;charset=UTF-8, */*]
14:00:09.404 [XNIO-10 I/O-2] DEBUG o.s.w.r.r.m.a.ResponseBodyResultHandler - [511a0eb] 0..1 [java.lang.String]
14:00:09.404 [XNIO-10 I/O-2] DEBUG o.s.c.c.CharSequenceEncoder - [511a0eb] Writing "bar"
14:00:09.405 [XNIO-10 I/O-2] DEBUG o.s.w.s.a.HttpWebHandlerAdapter - [511a0eb] Completed 200 OK
14:00:09.405 [Test worker] DEBUG o.s.w.c.RestTemplate - Response 200 OK
14:00:09.405 [Test worker] DEBUG o.s.w.c.RestTemplate - Reading to [java.lang.String] as "text/plain;charset=UTF-8"
14:00:09.405 [Test worker] DEBUG o.s.w.c.RestTemplate - HTTP GET http://localhost:33879/baz
14:00:09.405 [Test worker] DEBUG o.s.w.c.RestTemplate - Accept=[text/plain, application/json, application/x-jackson-smile, application/*+json, */*]
14:00:09.409 [XNIO-10 I/O-2] DEBUG o.s.w.s.a.HttpWebHandlerAdapter - [511a0eb] HTTP GET "/baz"
14:00:09.409 [XNIO-10 I/O-2] DEBUG o.s.w.r.r.m.a.RequestMappingHandlerMapping - [511a0eb] Mapped to org.springframework.web.reactive.result.method.annotation.CrossOriginAnnotationIntegrationTests$ClassLevelController#baz()
14:00:09.409 [XNIO-10 I/O-2] DEBUG o.s.w.r.r.m.a.ResponseBodyResultHandler - Using 'text/plain;charset=UTF-8' given [text/plain, application/json, application/x-jackson-smile, application/*+json, */*] and supported [text/plain;charset=UTF-8, text/event-stream, text/plain;charset=UTF-8, */*]
14:00:09.409 [XNIO-10 I/O-2] DEBUG o.s.w.r.r.m.a.ResponseBodyResultHandler - [511a0eb] 0..1 [java.lang.String]
14:00:09.409 [XNIO-10 I/O-2] DEBUG o.s.c.c.CharSequenceEncoder - [511a0eb] Writing "baz"
14:00:09.410 [XNIO-10 I/O-2] DEBUG o.s.w.s.a.HttpWebHandlerAdapter - [511a0eb] Completed 200 OK
14:00:09.413 [Test worker] DEBUG o.s.w.c.RestTemplate - Response 200 OK
14:00:09.413 [Test worker] DEBUG o.s.w.c.RestTemplate - Reading to [java.lang.String] as "text/plain;charset=UTF-8"
14:00:09.413 [Test worker] DEBUG o.s.w.t.h.s.r.b.UndertowHttpServer - Stopping UndertowHttpServer...
14:00:09.413 [Test worker] INFO  i.undertow - stopping server: Undertow - 2.0.30.Final
14:00:09.418 [Test worker] DEBUG o.s.w.t.h.s.r.b.UndertowHttpServer - Server stopped (0 millis).
14:00:09.469 [Test worker] DEBUG o.s.w.r.r.m.a.RequestMappingHandlerMapping - 14 mappings in 'requestMappingHandlerMapping'
14:00:09.539 [Test worker] DEBUG o.s.w.r.r.m.a.ControllerMethodResolver - ControllerAdvice beans: none
14:00:09.571 [Test worker] DEBUG o.s.w.s.a.HttpWebHandlerAdapter - enableLoggingRequestDetails='false': form data and headers will be masked to prevent unsafe logging of potentially sensitive data
14:00:09.571 [Test worker] WARN  o.e.j.s.h.ContextHandler - Empty contextPath
14:00:09.572 [Test worker] INFO  o.e.j.s.h.ContextHandler - Started o.e.j.s.ServletContextHandler@5d309744{/,null,AVAILABLE}
14:00:09.572 [Test worker] DEBUG o.s.w.t.h.s.r.b.JettyHttpServer - Starting JettyHttpServer...
14:00:09.572 [Test worker] INFO  o.e.j.s.Server - jetty-9.4.29.v20200521; built: 2020-05-21T17:20:40.598Z; git: 77c232aed8a45c818fd27232278d9f95a021095e; jvm 1.8.0_232-b09
14:00:09.633 [Test worker] INFO  o.e.j.s.AbstractConnector - Started ServerConnector@3bcfbc88{HTTP/1.1, (http/1.1)}{0.0.0.0:39495}
14:00:09.633 [Test worker] INFO  o.e.j.s.Server - Started @29800ms
14:00:09.633 [Test worker] DEBUG o.s.w.t.h.s.r.b.JettyHttpServer - Server started on port 39495(0 millis).
14:00:09.633 [Test worker] DEBUG o.s.w.c.RestTemplate - HTTP GET http://localhost:39495/default
14:00:09.633 [Test worker] DEBUG o.s.w.c.RestTemplate - Accept=[text/plain, application/json, application/x-jackson-smile, application/*+json, */*]
14:00:09.636 [qtp422016111-378] DEBUG o.s.w.s.a.HttpWebHandlerAdapter - [747dd07f] HTTP GET "/default"
14:00:09.637 [qtp422016111-378] DEBUG o.s.w.r.r.m.a.RequestMappingHandlerMapping - [747dd07f] Mapped to org.springframework.web.reactive.result.method.annotation.CrossOriginAnnotationIntegrationTests$MethodLevelController#defaultAnnotation()
14:00:09.638 [qtp422016111-378] DEBUG o.s.w.r.r.m.a.ResponseBodyResultHandler - Using 'text/plain;charset=UTF-8' given [text/plain, application/json, application/x-jackson-smile, application/*+json, */*] and supported [text/plain;charset=UTF-8, text/event-stream, text/plain;charset=UTF-8, */*]
14:00:09.638 [qtp422016111-378] DEBUG o.s.w.r.r.m.a.ResponseBodyResultHandler - [747dd07f] 0..1 [java.lang.String]
14:00:09.638 [qtp422016111-378] DEBUG o.s.c.c.CharSequenceEncoder - [747dd07f] Writing "default"
14:00:09.638 [qtp422016111-378] DEBUG o.s.w.s.a.HttpWebHandlerAdapter - [747dd07f] Completed 200 OK
14:00:09.638 [Test worker] DEBUG o.s.w.c.RestTemplate - Response 200 OK
14:00:09.638 [Test worker] DEBUG o.s.w.c.RestTemplate - Reading to [java.lang.String] as "text/plain;charset=utf-8"
14:00:09.639 [Test worker] DEBUG o.s.w.t.h.s.r.b.JettyHttpServer - Stopping JettyHttpServer...
14:00:09.639 [Test worker] INFO  o.e.j.s.h.ContextHandler - Stopped o.e.j.s.ServletContextHandler@5d309744{/,null,UNAVAILABLE}
14:00:09.639 [Test worker] INFO  o.e.j.s.AbstractConnector - Stopped ServerConnector@3bcfbc88{HTTP/1.1, (http/1.1)}{0.0.0.0:0}
14:00:09.646 [Test worker] DEBUG o.s.w.t.h.s.r.b.JettyHttpServer - Server stopped (0 millis).
14:00:09.716 [Test worker] DEBUG o.s.w.r.r.m.a.RequestMappingHandlerMapping - 14 mappings in 'requestMappingHandlerMapping'
14:00:09.765 [Test worker] DEBUG o.s.w.r.r.m.a.ControllerMethodResolver - ControllerAdvice beans: none
14:00:09.789 [Test worker] DEBUG o.s.w.s.a.HttpWebHandlerAdapter - enableLoggingRequestDetails='false': form data and headers will be masked to prevent unsafe logging of potentially sensitive data
14:00:09.789 [Test worker] DEBUG o.s.w.t.h.s.r.b.ReactorHttpServer - Starting ReactorHttpServer...
14:00:09.794 [Test worker] DEBUG o.s.w.t.h.s.r.b.ReactorHttpServer - Server started on port 41829(0 millis).
14:00:09.795 [Test worker] DEBUG o.s.w.c.RestTemplate - HTTP GET http://localhost:41829/default
14:00:09.795 [Test worker] DEBUG o.s.w.c.RestTemplate - Accept=[text/plain, application/json, application/x-jackson-smile, application/*+json, */*]
14:00:09.800 [reactor-http-epoll-4] DEBUG o.s.w.s.a.HttpWebHandlerAdapter - [f1366e46-15] HTTP GET "/default"
14:00:09.801 [reactor-http-epoll-4] DEBUG o.s.w.r.r.m.a.RequestMappingHandlerMapping - [f1366e46-15] Mapped to org.springframework.web.reactive.result.method.annotation.CrossOriginAnnotationIntegrationTests$MethodLevelController#defaultAnnotation()
14:00:09.802 [reactor-http-epoll-4] DEBUG o.s.w.r.r.m.a.ResponseBodyResultHandler - Using 'text/plain;charset=UTF-8' given [text/plain, application/json, application/x-jackson-smile, application/*+json, */*] and supported [text/plain;charset=UTF-8, text/event-stream, text/plain;charset=UTF-8, */*]
14:00:09.802 [reactor-http-epoll-4] DEBUG o.s.w.r.r.m.a.ResponseBodyResultHandler - [f1366e46-15] 0..1 [java.lang.String]
14:00:09.802 [reactor-http-epoll-4] DEBUG o.s.c.c.CharSequenceEncoder - [f1366e46-15] Writing "default"
14:00:09.802 [reactor-http-epoll-4] DEBUG o.s.w.s.a.HttpWebHandlerAdapter - [f1366e46-15] Completed 200 OK
14:00:09.805 [Test worker] DEBUG o.s.w.c.RestTemplate - Response 200 OK
14:00:09.805 [Test worker] DEBUG o.s.w.c.RestTemplate - Reading to [java.lang.String] as "text/plain;charset=UTF-8"
14:00:09.805 [Test worker] DEBUG o.s.w.t.h.s.r.b.ReactorHttpServer - Stopping ReactorHttpServer...
14:00:09.806 [Test worker] DEBUG o.s.w.t.h.s.r.b.ReactorHttpServer - Server stopped (0 millis).
14:00:09.928 [Test worker] DEBUG o.s.w.r.r.m.a.RequestMappingHandlerMapping - 14 mappings in 'requestMappingHandlerMapping'
14:00:10.003 [Test worker] DEBUG o.s.w.r.r.m.a.ControllerMethodResolver - ControllerAdvice beans: none
14:00:10.046 [Test worker] DEBUG o.s.w.s.a.HttpWebHandlerAdapter - enableLoggingRequestDetails='false': form data and headers will be masked to prevent unsafe logging of potentially sensitive data
14:00:10.052 [Test worker] DEBUG o.s.w.t.h.s.r.b.TomcatHttpServer - Starting TomcatHttpServer...
14:00:10.211 [Test worker] DEBUG o.s.w.t.h.s.r.b.TomcatHttpServer - Server started on port 35009(0 millis).
14:00:10.211 [Test worker] DEBUG o.s.w.c.RestTemplate - HTTP GET http://localhost:35009/default
14:00:10.211 [Test worker] DEBUG o.s.w.c.RestTemplate - Accept=[text/plain, application/json, application/x-jackson-smile, application/*+json, */*]
14:00:10.223 [http-nio-auto-12-exec-1] DEBUG o.s.w.s.a.HttpWebHandlerAdapter - [621ac370] HTTP GET "/default"
14:00:10.223 [http-nio-auto-12-exec-1] DEBUG o.s.w.r.r.m.a.RequestMappingHandlerMapping - [621ac370] Mapped to org.springframework.web.reactive.result.method.annotation.CrossOriginAnnotationIntegrationTests$MethodLevelController#defaultAnnotation()
14:00:10.224 [http-nio-auto-12-exec-1] DEBUG o.s.w.r.r.m.a.ResponseBodyResultHandler - Using 'text/plain;charset=UTF-8' given [text/plain, application/json, application/x-jackson-smile, application/*+json, */*] and supported [text/plain;charset=UTF-8, text/event-stream, text/plain;charset=UTF-8, */*]
14:00:10.224 [http-nio-auto-12-exec-1] DEBUG o.s.w.r.r.m.a.ResponseBodyResultHandler - [621ac370] 0..1 [java.lang.String]
14:00:10.224 [http-nio-auto-12-exec-1] DEBUG o.s.c.c.CharSequenceEncoder - [621ac370] Writing "default"
14:00:10.225 [http-nio-auto-12-exec-1] DEBUG o.s.w.s.a.HttpWebHandlerAdapter - [621ac370] Completed 200 OK
14:00:10.225 [Test worker] DEBUG o.s.w.c.RestTemplate - Response 200 OK
14:00:10.225 [Test worker] DEBUG o.s.w.c.RestTemplate - Reading to [java.lang.String] as "text/plain;charset=UTF-8"
14:00:10.225 [Test worker] DEBUG o.s.w.t.h.s.r.b.TomcatHttpServer - Stopping TomcatHttpServer...
14:00:10.237 [Test worker] DEBUG o.s.w.t.h.s.r.b.TomcatHttpServer - Server stopped (0 millis).
14:00:10.375 [Test worker] DEBUG o.s.w.r.r.m.a.RequestMappingHandlerMapping - 14 mappings in 'requestMappingHandlerMapping'
14:00:10.437 [Test worker] DEBUG o.s.w.r.r.m.a.ControllerMethodResolver - ControllerAdvice beans: none
14:00:10.461 [Test worker] DEBUG o.s.w.s.a.HttpWebHandlerAdapter - enableLoggingRequestDetails='false': form data and headers will be masked to prevent unsafe logging of potentially sensitive data
14:00:10.462 [Test worker] DEBUG o.s.w.t.h.s.r.b.UndertowHttpServer - Starting UndertowHttpServer...
14:00:10.462 [Test worker] INFO  i.undertow - starting server: Undertow - 2.0.30.Final
14:00:10.495 [Test worker] DEBUG o.s.w.t.h.s.r.b.UndertowHttpServer - Server started on port 34573(0 millis).
14:00:10.495 [Test worker] DEBUG o.s.w.c.RestTemplate - HTTP GET http://localhost:34573/default
14:00:10.495 [Test worker] DEBUG o.s.w.c.RestTemplate - Accept=[text/plain, application/json, application/x-jackson-smile, application/*+json, */*]
14:00:10.520 [XNIO-11 I/O-2] DEBUG o.s.w.s.a.HttpWebHandlerAdapter - [5b364f] HTTP GET "/default"
14:00:10.520 [XNIO-11 I/O-2] DEBUG o.s.w.r.r.m.a.RequestMappingHandlerMapping - [5b364f] Mapped to org.springframework.web.reactive.result.method.annotation.CrossOriginAnnotationIntegrationTests$MethodLevelController#defaultAnnotation()
14:00:10.521 [XNIO-11 I/O-2] DEBUG o.s.w.r.r.m.a.ResponseBodyResultHandler - Using 'text/plain;charset=UTF-8' given [text/plain, application/json, application/x-jackson-smile, application/*+json, */*] and supported [text/plain;charset=UTF-8, text/event-stream, text/plain;charset=UTF-8, */*]
14:00:10.521 [XNIO-11 I/O-2] DEBUG o.s.w.r.r.m.a.ResponseBodyResultHandler - [5b364f] 0..1 [java.lang.String]
14:00:10.521 [XNIO-11 I/O-2] DEBUG o.s.c.c.CharSequenceEncoder - [5b364f] Writing "default"
14:00:10.521 [XNIO-11 I/O-2] DEBUG o.s.w.s.a.HttpWebHandlerAdapter - [5b364f] Completed 200 OK
14:00:10.522 [Test worker] DEBUG o.s.w.c.RestTemplate - Response 200 OK
14:00:10.522 [Test worker] DEBUG o.s.w.c.RestTemplate - Reading to [java.lang.String] as "text/plain;charset=UTF-8"
14:00:10.522 [Test worker] DEBUG o.s.w.t.h.s.r.b.UndertowHttpServer - Stopping UndertowHttpServer...
14:00:10.522 [Test worker] INFO  i.undertow - stopping server: Undertow - 2.0.30.Final
14:00:10.526 [Test worker] DEBUG o.s.w.t.h.s.r.b.UndertowHttpServer - Server stopped (0 millis).
14:00:10.577 [Test worker] DEBUG o.s.w.r.r.m.a.RequestMappingHandlerMapping - 14 mappings in 'requestMappingHandlerMapping'
14:00:10.604 [Test worker] DEBUG o.s.w.r.r.m.a.ControllerMethodResolver - ControllerAdvice beans: none
14:00:10.613 [Test worker] DEBUG o.s.w.s.a.HttpWebHandlerAdapter - enableLoggingRequestDetails='false': form data and headers will be masked to prevent unsafe logging of potentially sensitive data
14:00:10.621 [Test worker] WARN  o.e.j.s.h.ContextHandler - Empty contextPath
14:00:10.622 [Test worker] INFO  o.e.j.s.h.ContextHandler - Started o.e.j.s.ServletContextHandler@578ff8e6{/,null,AVAILABLE}
14:00:10.622 [Test worker] DEBUG o.s.w.t.h.s.r.b.JettyHttpServer - Starting JettyHttpServer...
14:00:10.622 [Test worker] INFO  o.e.j.s.Server - jetty-9.4.29.v20200521; built: 2020-05-21T17:20:40.598Z; git: 77c232aed8a45c818fd27232278d9f95a021095e; jvm 1.8.0_232-b09
14:00:10.697 [Test worker] INFO  o.e.j.s.AbstractConnector - Started ServerConnector@78e542bb{HTTP/1.1, (http/1.1)}{0.0.0.0:33905}
14:00:10.697 [Test worker] INFO  o.e.j.s.Server - Started @30863ms
14:00:10.697 [Test worker] DEBUG o.s.w.t.h.s.r.b.JettyHttpServer - Server started on port 33905(0 millis).
14:00:10.697 [Test worker] DEBUG o.s.w.c.RestTemplate - HTTP GET http://localhost:33905/customized
14:00:10.697 [Test worker] DEBUG o.s.w.c.RestTemplate - Accept=[text/plain, application/json, application/x-jackson-smile, application/*+json, */*]
14:00:10.702 [qtp889965142-407] DEBUG o.s.w.s.a.HttpWebHandlerAdapter - [193a99fc] HTTP GET "/customized"
14:00:10.702 [qtp889965142-407] DEBUG o.s.w.r.r.m.a.RequestMappingHandlerMapping - [193a99fc] Mapped to org.springframework.web.reactive.result.method.annotation.CrossOriginAnnotationIntegrationTests$MethodLevelController#customized()
14:00:10.706 [qtp889965142-407] DEBUG o.s.w.r.r.m.a.ResponseBodyResultHandler - Using 'text/plain;charset=UTF-8' given [text/plain, application/json, application/x-jackson-smile, application/*+json, */*] and supported [text/plain;charset=UTF-8, text/event-stream, text/plain;charset=UTF-8, */*]
14:00:10.706 [qtp889965142-407] DEBUG o.s.w.r.r.m.a.ResponseBodyResultHandler - [193a99fc] 0..1 [java.lang.String]
14:00:10.706 [qtp889965142-407] DEBUG o.s.c.c.CharSequenceEncoder - [193a99fc] Writing "customized"
14:00:10.707 [qtp889965142-407] DEBUG o.s.w.s.a.HttpWebHandlerAdapter - [193a99fc] Completed 200 OK
14:00:10.707 [Test worker] DEBUG o.s.w.c.RestTemplate - Response 200 OK
14:00:10.707 [Test worker] DEBUG o.s.w.c.RestTemplate - Reading to [java.lang.String] as "text/plain;charset=utf-8"
14:00:10.707 [Test worker] DEBUG o.s.w.t.h.s.r.b.JettyHttpServer - Stopping JettyHttpServer...
14:00:10.708 [Test worker] INFO  o.e.j.s.h.ContextHandler - Stopped o.e.j.s.ServletContextHandler@578ff8e6{/,null,UNAVAILABLE}
14:00:10.708 [Test worker] INFO  o.e.j.s.AbstractConnector - Stopped ServerConnector@78e542bb{HTTP/1.1, (http/1.1)}{0.0.0.0:0}
14:00:10.709 [Test worker] DEBUG o.s.w.t.h.s.r.b.JettyHttpServer - Server stopped (0 millis).
14:00:10.750 [Test worker] DEBUG o.s.w.r.r.m.a.RequestMappingHandlerMapping - 14 mappings in 'requestMappingHandlerMapping'
14:00:10.778 [Test worker] DEBUG o.s.w.r.r.m.a.ControllerMethodResolver - ControllerAdvice beans: none
14:00:10.787 [Test worker] DEBUG o.s.w.s.a.HttpWebHandlerAdapter - enableLoggingRequestDetails='false': form data and headers will be masked to prevent unsafe logging of potentially sensitive data
14:00:10.787 [Test worker] DEBUG o.s.w.t.h.s.r.b.ReactorHttpServer - Starting ReactorHttpServer...
14:00:10.789 [Test worker] DEBUG o.s.w.t.h.s.r.b.ReactorHttpServer - Server started on port 38213(0 millis).
14:00:10.795 [Test worker] DEBUG o.s.w.c.RestTemplate - HTTP GET http://localhost:38213/customized
14:00:10.795 [Test worker] DEBUG o.s.w.c.RestTemplate - Accept=[text/plain, application/json, application/x-jackson-smile, application/*+json, */*]
14:00:10.797 [reactor-http-epoll-2] DEBUG o.s.w.s.a.HttpWebHandlerAdapter - [93bfe010-16] HTTP GET "/customized"
14:00:10.798 [reactor-http-epoll-2] DEBUG o.s.w.r.r.m.a.RequestMappingHandlerMapping - [93bfe010-16] Mapped to org.springframework.web.reactive.result.method.annotation.CrossOriginAnnotationIntegrationTests$MethodLevelController#customized()
14:00:10.798 [reactor-http-epoll-2] DEBUG o.s.w.r.r.m.a.ResponseBodyResultHandler - Using 'text/plain;charset=UTF-8' given [text/plain, application/json, application/x-jackson-smile, application/*+json, */*] and supported [text/plain;charset=UTF-8, text/event-stream, text/plain;charset=UTF-8, */*]
14:00:10.798 [reactor-http-epoll-2] DEBUG o.s.w.r.r.m.a.ResponseBodyResultHandler - [93bfe010-16] 0..1 [java.lang.String]
14:00:10.798 [reactor-http-epoll-2] DEBUG o.s.c.c.CharSequenceEncoder - [93bfe010-16] Writing "customized"
14:00:10.799 [reactor-http-epoll-2] DEBUG o.s.w.s.a.HttpWebHandlerAdapter - [93bfe010-16] Completed 200 OK
14:00:10.800 [Test worker] DEBUG o.s.w.c.RestTemplate - Response 200 OK
14:00:10.800 [Test worker] DEBUG o.s.w.c.RestTemplate - Reading to [java.lang.String] as "text/plain;charset=UTF-8"
14:00:10.801 [Test worker] DEBUG o.s.w.t.h.s.r.b.ReactorHttpServer - Stopping ReactorHttpServer...
14:00:10.801 [Test worker] DEBUG o.s.w.t.h.s.r.b.ReactorHttpServer - Server stopped (0 millis).
14:00:10.878 [Test worker] DEBUG o.s.w.r.r.m.a.RequestMappingHandlerMapping - 14 mappings in 'requestMappingHandlerMapping'
14:00:10.931 [Test worker] DEBUG o.s.w.r.r.m.a.ControllerMethodResolver - ControllerAdvice beans: none
14:00:10.954 [Test worker] DEBUG o.s.w.s.a.HttpWebHandlerAdapter - enableLoggingRequestDetails='false': form data and headers will be masked to prevent unsafe logging of potentially sensitive data
14:00:10.960 [Test worker] DEBUG o.s.w.t.h.s.r.b.TomcatHttpServer - Starting TomcatHttpServer...
14:00:11.123 [Test worker] DEBUG o.s.w.t.h.s.r.b.TomcatHttpServer - Server started on port 37883(0 millis).
14:00:11.123 [Test worker] DEBUG o.s.w.c.RestTemplate - HTTP GET http://localhost:37883/customized
14:00:11.123 [Test worker] DEBUG o.s.w.c.RestTemplate - Accept=[text/plain, application/json, application/x-jackson-smile, application/*+json, */*]
14:00:11.128 [http-nio-auto-13-exec-1] DEBUG o.s.w.s.a.HttpWebHandlerAdapter - [3634a6e7] HTTP GET "/customized"
14:00:11.128 [http-nio-auto-13-exec-1] DEBUG o.s.w.r.r.m.a.RequestMappingHandlerMapping - [3634a6e7] Mapped to org.springframework.web.reactive.result.method.annotation.CrossOriginAnnotationIntegrationTests$MethodLevelController#customized()
14:00:11.129 [http-nio-auto-13-exec-1] DEBUG o.s.w.r.r.m.a.ResponseBodyResultHandler - Using 'text/plain;charset=UTF-8' given [text/plain, application/json, application/x-jackson-smile, application/*+json, */*] and supported [text/plain;charset=UTF-8, text/event-stream, text/plain;charset=UTF-8, */*]
14:00:11.129 [http-nio-auto-13-exec-1] DEBUG o.s.w.r.r.m.a.ResponseBodyResultHandler - [3634a6e7] 0..1 [java.lang.String]
14:00:11.129 [http-nio-auto-13-exec-1] DEBUG o.s.c.c.CharSequenceEncoder - [3634a6e7] Writing "customized"
14:00:11.130 [http-nio-auto-13-exec-1] DEBUG o.s.w.s.a.HttpWebHandlerAdapter - [3634a6e7] Completed 200 OK
14:00:11.130 [Test worker] DEBUG o.s.w.c.RestTemplate - Response 200 OK
14:00:11.130 [Test worker] DEBUG o.s.w.c.RestTemplate - Reading to [java.lang.String] as "text/plain;charset=UTF-8"
14:00:11.131 [Test worker] DEBUG o.s.w.t.h.s.r.b.TomcatHttpServer - Stopping TomcatHttpServer...
14:00:11.146 [Test worker] DEBUG o.s.w.t.h.s.r.b.TomcatHttpServer - Server stopped (0 millis).
14:00:11.262 [Test worker] DEBUG o.s.w.r.r.m.a.RequestMappingHandlerMapping - 14 mappings in 'requestMappingHandlerMapping'
14:00:11.299 [Test worker] DEBUG o.s.w.r.r.m.a.ControllerMethodResolver - ControllerAdvice beans: none
14:00:11.340 [Test worker] DEBUG o.s.w.s.a.HttpWebHandlerAdapter - enableLoggingRequestDetails='false': form data and headers will be masked to prevent unsafe logging of potentially sensitive data
14:00:11.340 [Test worker] DEBUG o.s.w.t.h.s.r.b.UndertowHttpServer - Starting UndertowHttpServer...
14:00:11.340 [Test worker] INFO  i.undertow - starting server: Undertow - 2.0.30.Final
14:00:11.397 [Test worker] DEBUG o.s.w.t.h.s.r.b.UndertowHttpServer - Server started on port 33719(0 millis).
14:00:11.397 [Test worker] DEBUG o.s.w.c.RestTemplate - HTTP GET http://localhost:33719/customized
14:00:11.397 [Test worker] DEBUG o.s.w.c.RestTemplate - Accept=[text/plain, application/json, application/x-jackson-smile, application/*+json, */*]
14:00:11.400 [XNIO-12 I/O-4] DEBUG o.s.w.s.a.HttpWebHandlerAdapter - [314abee8] HTTP GET "/customized"
14:00:11.401 [XNIO-12 I/O-4] DEBUG o.s.w.r.r.m.a.RequestMappingHandlerMapping - [314abee8] Mapped to org.springframework.web.reactive.result.method.annotation.CrossOriginAnnotationIntegrationTests$MethodLevelController#customized()
14:00:11.401 [XNIO-12 I/O-4] DEBUG o.s.w.r.r.m.a.ResponseBodyResultHandler - Using 'text/plain;charset=UTF-8' given [text/plain, application/json, application/x-jackson-smile, application/*+json, */*] and supported [text/plain;charset=UTF-8, text/event-stream, text/plain;charset=UTF-8, */*]
14:00:11.402 [XNIO-12 I/O-4] DEBUG o.s.w.r.r.m.a.ResponseBodyResultHandler - [314abee8] 0..1 [java.lang.String]
14:00:11.402 [XNIO-12 I/O-4] DEBUG o.s.c.c.CharSequenceEncoder - [314abee8] Writing "customized"
14:00:11.402 [XNIO-12 I/O-4] DEBUG o.s.w.s.a.HttpWebHandlerAdapter - [314abee8] Completed 200 OK
14:00:11.402 [Test worker] DEBUG o.s.w.c.RestTemplate - Response 200 OK
14:00:11.402 [Test worker] DEBUG o.s.w.c.RestTemplate - Reading to [java.lang.String] as "text/plain;charset=UTF-8"
14:00:11.403 [Test worker] DEBUG o.s.w.t.h.s.r.b.UndertowHttpServer - Stopping UndertowHttpServer...
14:00:11.403 [Test worker] INFO  i.undertow - stopping server: Undertow - 2.0.30.Final
14:00:11.404 [Test worker] DEBUG o.s.w.t.h.s.r.b.UndertowHttpServer - Server stopped (0 millis).
14:00:11.442 [Test worker] DEBUG o.s.w.r.r.m.a.RequestMappingHandlerMapping - 14 mappings in 'requestMappingHandlerMapping'
14:00:11.510 [Test worker] DEBUG o.s.w.r.r.m.a.ControllerMethodResolver - ControllerAdvice beans: none
14:00:11.554 [Test worker] DEBUG o.s.w.s.a.HttpWebHandlerAdapter - enableLoggingRequestDetails='false': form data and headers will be masked to prevent unsafe logging of potentially sensitive data
14:00:11.555 [Test worker] WARN  o.e.j.s.h.ContextHandler - Empty contextPath
14:00:11.555 [Test worker] INFO  o.e.j.s.h.ContextHandler - Started o.e.j.s.ServletContextHandler@39622982{/,null,AVAILABLE}
14:00:11.555 [Test worker] DEBUG o.s.w.t.h.s.r.b.JettyHttpServer - Starting JettyHttpServer...
14:00:11.555 [Test worker] INFO  o.e.j.s.Server - jetty-9.4.29.v20200521; built: 2020-05-21T17:20:40.598Z; git: 77c232aed8a45c818fd27232278d9f95a021095e; jvm 1.8.0_232-b09
14:00:11.647 [Test worker] INFO  o.e.j.s.AbstractConnector - Started ServerConnector@3577fc01{HTTP/1.1, (http/1.1)}{0.0.0.0:33093}
14:00:11.647 [Test worker] INFO  o.e.j.s.Server - Started @31814ms
14:00:11.647 [Test worker] DEBUG o.s.w.t.h.s.r.b.JettyHttpServer - Server started on port 33093(0 millis).
14:00:11.648 [Test worker] DEBUG o.s.w.c.RestTemplate - HTTP OPTIONS http://localhost:33093/no
14:00:11.650 [Test worker] DEBUG o.s.w.c.RestTemplate - Accept=[application/json, application/x-jackson-smile, application/*+json]
14:00:11.659 [qtp802913832-436] DEBUG o.s.w.s.a.HttpWebHandlerAdapter - [6a5930d7] HTTP OPTIONS "/no"
14:00:11.659 [qtp802913832-436] DEBUG o.s.w.r.r.m.a.RequestMappingHandlerMapping - [6a5930d7] Mapped to org.springframework.web.reactive.result.method.annotation.CrossOriginAnnotationIntegrationTests$MethodLevelController#noAnnotation()
14:00:11.660 [qtp802913832-436] DEBUG o.s.w.s.a.HttpWebHandlerAdapter - [6a5930d7] Completed 403 FORBIDDEN
14:00:11.660 [Test worker] DEBUG o.s.w.c.RestTemplate - Response 403 FORBIDDEN
14:00:11.663 [Test worker] DEBUG o.s.w.t.h.s.r.b.JettyHttpServer - Stopping JettyHttpServer...
14:00:11.663 [Test worker] INFO  o.e.j.s.h.ContextHandler - Stopped o.e.j.s.ServletContextHandler@39622982{/,null,UNAVAILABLE}
14:00:11.664 [Test worker] INFO  o.e.j.s.AbstractConnector - Stopped ServerConnector@3577fc01{HTTP/1.1, (http/1.1)}{0.0.0.0:0}
14:00:11.664 [Test worker] DEBUG o.s.w.t.h.s.r.b.JettyHttpServer - Server stopped (0 millis).
14:00:11.727 [Test worker] DEBUG o.s.w.r.r.m.a.RequestMappingHandlerMapping - 14 mappings in 'requestMappingHandlerMapping'
14:00:11.764 [Test worker] DEBUG o.s.w.r.r.m.a.ControllerMethodResolver - ControllerAdvice beans: none
14:00:11.788 [Test worker] DEBUG o.s.w.s.a.HttpWebHandlerAdapter - enableLoggingRequestDetails='false': form data and headers will be masked to prevent unsafe logging of potentially sensitive data
14:00:11.788 [Test worker] DEBUG o.s.w.t.h.s.r.b.ReactorHttpServer - Starting ReactorHttpServer...
14:00:11.793 [Test worker] DEBUG o.s.w.t.h.s.r.b.ReactorHttpServer - Server started on port 37711(0 millis).
14:00:11.794 [Test worker] DEBUG o.s.w.c.RestTemplate - HTTP OPTIONS http://localhost:37711/no
14:00:11.794 [Test worker] DEBUG o.s.w.c.RestTemplate - Accept=[application/json, application/x-jackson-smile, application/*+json]
14:00:11.797 [reactor-http-epoll-4] DEBUG o.s.w.s.a.HttpWebHandlerAdapter - [abdd5e54-17] HTTP OPTIONS "/no"
14:00:11.798 [reactor-http-epoll-4] DEBUG o.s.w.r.r.m.a.RequestMappingHandlerMapping - [abdd5e54-17] Mapped to org.springframework.web.reactive.result.method.annotation.CrossOriginAnnotationIntegrationTests$MethodLevelController#noAnnotation()
14:00:11.798 [reactor-http-epoll-4] DEBUG o.s.w.s.a.HttpWebHandlerAdapter - [abdd5e54-17] Completed 403 FORBIDDEN
14:00:11.799 [Test worker] DEBUG o.s.w.c.RestTemplate - Response 403 FORBIDDEN
14:00:11.799 [Test worker] DEBUG o.s.w.t.h.s.r.b.ReactorHttpServer - Stopping ReactorHttpServer...
14:00:11.799 [Test worker] DEBUG o.s.w.t.h.s.r.b.ReactorHttpServer - Server stopped (0 millis).
14:00:11.832 [Test worker] DEBUG o.s.w.r.r.m.a.RequestMappingHandlerMapping - 14 mappings in 'requestMappingHandlerMapping'
14:00:11.874 [Test worker] DEBUG o.s.w.r.r.m.a.ControllerMethodResolver - ControllerAdvice beans: none
14:00:11.901 [Test worker] DEBUG o.s.w.s.a.HttpWebHandlerAdapter - enableLoggingRequestDetails='false': form data and headers will be masked to prevent unsafe logging of potentially sensitive data
14:00:11.901 [Test worker] DEBUG o.s.w.t.h.s.r.b.TomcatHttpServer - Starting TomcatHttpServer...
14:00:12.075 [Test worker] DEBUG o.s.w.t.h.s.r.b.TomcatHttpServer - Server started on port 46083(0 millis).
14:00:12.075 [Test worker] DEBUG o.s.w.c.RestTemplate - HTTP OPTIONS http://localhost:46083/no
14:00:12.075 [Test worker] DEBUG o.s.w.c.RestTemplate - Accept=[application/json, application/x-jackson-smile, application/*+json]
14:00:12.086 [http-nio-auto-14-exec-1] DEBUG o.s.w.s.a.HttpWebHandlerAdapter - [60341c9a] HTTP OPTIONS "/no"
14:00:12.087 [http-nio-auto-14-exec-1] DEBUG o.s.w.r.r.m.a.RequestMappingHandlerMapping - [60341c9a] Mapped to org.springframework.web.reactive.result.method.annotation.CrossOriginAnnotationIntegrationTests$MethodLevelController#noAnnotation()
14:00:12.087 [http-nio-auto-14-exec-1] DEBUG o.s.w.s.a.HttpWebHandlerAdapter - [60341c9a] Completed 403 FORBIDDEN
14:00:12.088 [Test worker] DEBUG o.s.w.c.RestTemplate - Response 403 FORBIDDEN
14:00:12.088 [Test worker] DEBUG o.s.w.t.h.s.r.b.TomcatHttpServer - Stopping TomcatHttpServer...
14:00:12.114 [Test worker] DEBUG o.s.w.t.h.s.r.b.TomcatHttpServer - Server stopped (0 millis).
14:00:12.171 [Test worker] DEBUG o.s.w.r.r.m.a.RequestMappingHandlerMapping - 14 mappings in 'requestMappingHandlerMapping'
14:00:12.200 [Test worker] DEBUG o.s.w.r.r.m.a.ControllerMethodResolver - ControllerAdvice beans: none
14:00:12.220 [Test worker] DEBUG o.s.w.s.a.HttpWebHandlerAdapter - enableLoggingRequestDetails='false': form data and headers will be masked to prevent unsafe logging of potentially sensitive data
14:00:12.220 [Test worker] DEBUG o.s.w.t.h.s.r.b.UndertowHttpServer - Starting UndertowHttpServer...
14:00:12.220 [Test worker] INFO  i.undertow - starting server: Undertow - 2.0.30.Final
14:00:12.288 [Test worker] DEBUG o.s.w.t.h.s.r.b.UndertowHttpServer - Server started on port 37321(0 millis).
14:00:12.289 [Test worker] DEBUG o.s.w.c.RestTemplate - HTTP OPTIONS http://localhost:37321/no
14:00:12.289 [Test worker] DEBUG o.s.w.c.RestTemplate - Accept=[application/json, application/x-jackson-smile, application/*+json]
14:00:12.291 [XNIO-13 I/O-2] DEBUG o.s.w.s.a.HttpWebHandlerAdapter - [6ce2a556] HTTP OPTIONS "/no"
14:00:12.292 [XNIO-13 I/O-2] DEBUG o.s.w.r.r.m.a.RequestMappingHandlerMapping - [6ce2a556] Mapped to org.springframework.web.reactive.result.method.annotation.CrossOriginAnnotationIntegrationTests$MethodLevelController#noAnnotation()
14:00:12.292 [XNIO-13 I/O-2] DEBUG o.s.w.s.a.HttpWebHandlerAdapter - [6ce2a556] Completed 403 FORBIDDEN
14:00:12.292 [Test worker] DEBUG o.s.w.c.RestTemplate - Response 403 FORBIDDEN
14:00:12.293 [Test worker] DEBUG o.s.w.t.h.s.r.b.UndertowHttpServer - Stopping UndertowHttpServer...
14:00:12.293 [Test worker] INFO  i.undertow - stopping server: Undertow - 2.0.30.Final
14:00:12.293 [Test worker] DEBUG o.s.w.t.h.s.r.b.UndertowHttpServer - Server stopped (0 millis).
14:00:12.374 [Test worker] DEBUG o.s.w.r.r.m.a.RequestMappingHandlerMapping - 14 mappings in 'requestMappingHandlerMapping'
14:00:12.407 [Test worker] DEBUG o.s.w.r.r.m.a.ControllerMethodResolver - ControllerAdvice beans: none
14:00:12.448 [Test worker] DEBUG o.s.w.s.a.HttpWebHandlerAdapter - enableLoggingRequestDetails='false': form data and headers will be masked to prevent unsafe logging of potentially sensitive data
14:00:12.448 [Test worker] WARN  o.e.j.s.h.ContextHandler - Empty contextPath
14:00:12.457 [Test worker] INFO  o.e.j.s.h.ContextHandler - Started o.e.j.s.ServletContextHandler@35c2bc7a{/,null,AVAILABLE}
14:00:12.457 [Test worker] DEBUG o.s.w.t.h.s.r.b.JettyHttpServer - Starting JettyHttpServer...
14:00:12.457 [Test worker] INFO  o.e.j.s.Server - jetty-9.4.29.v20200521; built: 2020-05-21T17:20:40.598Z; git: 77c232aed8a45c818fd27232278d9f95a021095e; jvm 1.8.0_232-b09
14:00:12.537 [Test worker] INFO  o.e.j.s.AbstractConnector - Started ServerConnector@5bad8d22{HTTP/1.1, (http/1.1)}{0.0.0.0:32885}
14:00:12.537 [Test worker] INFO  o.e.j.s.Server - Started @32704ms
14:00:12.537 [Test worker] DEBUG o.s.w.t.h.s.r.b.JettyHttpServer - Server started on port 32885(0 millis).
14:00:12.538 [Test worker] DEBUG o.s.w.c.RestTemplate - HTTP OPTIONS http://localhost:32885/ambiguous-header
14:00:12.538 [Test worker] DEBUG o.s.w.c.RestTemplate - Accept=[text/plain, application/json, application/x-jackson-smile, application/*+json, */*]
14:00:12.550 [qtp1324857589-465] DEBUG o.s.w.s.a.HttpWebHandlerAdapter - [6bb55869] HTTP OPTIONS "/ambiguous-header"
14:00:12.551 [qtp1324857589-465] DEBUG o.s.w.r.r.m.a.RequestMappingHandlerMapping - [6bb55869] Mapped to org.springframework.web.reactive.result.method.AbstractHandlerMethodMapping$PreFlightAmbiguousMatchHandler#handle()
14:00:12.551 [qtp1324857589-465] DEBUG o.s.w.s.a.HttpWebHandlerAdapter - [6bb55869] Completed 200 OK
14:00:12.552 [Test worker] DEBUG o.s.w.c.RestTemplate - Response 200 OK
14:00:12.552 [Test worker] DEBUG o.s.w.t.h.s.r.b.JettyHttpServer - Stopping JettyHttpServer...
14:00:12.552 [Test worker] INFO  o.e.j.s.h.ContextHandler - Stopped o.e.j.s.ServletContextHandler@35c2bc7a{/,null,UNAVAILABLE}
14:00:12.553 [Test worker] INFO  o.e.j.s.AbstractConnector - Stopped ServerConnector@5bad8d22{HTTP/1.1, (http/1.1)}{0.0.0.0:0}
14:00:12.553 [Test worker] DEBUG o.s.w.t.h.s.r.b.JettyHttpServer - Server stopped (0 millis).
14:00:12.637 [Test worker] DEBUG o.s.w.r.r.m.a.RequestMappingHandlerMapping - 14 mappings in 'requestMappingHandlerMapping'
14:00:12.665 [Test worker] DEBUG o.s.w.r.r.m.a.ControllerMethodResolver - ControllerAdvice beans: none
14:00:12.686 [Test worker] DEBUG o.s.w.s.a.HttpWebHandlerAdapter - enableLoggingRequestDetails='false': form data and headers will be masked to prevent unsafe logging of potentially sensitive data
14:00:12.686 [Test worker] DEBUG o.s.w.t.h.s.r.b.ReactorHttpServer - Starting ReactorHttpServer...
14:00:12.687 [Test worker] DEBUG o.s.w.t.h.s.r.b.ReactorHttpServer - Server started on port 45521(0 millis).
14:00:12.687 [Test worker] DEBUG o.s.w.c.RestTemplate - HTTP OPTIONS http://localhost:45521/ambiguous-header
14:00:12.688 [Test worker] DEBUG o.s.w.c.RestTemplate - Accept=[text/plain, application/json, application/x-jackson-smile, application/*+json, */*]
14:00:12.690 [reactor-http-epoll-2] DEBUG o.s.w.s.a.HttpWebHandlerAdapter - [71b9bb95-18] HTTP OPTIONS "/ambiguous-header"
14:00:12.691 [reactor-http-epoll-2] DEBUG o.s.w.r.r.m.a.RequestMappingHandlerMapping - [71b9bb95-18] Mapped to org.springframework.web.reactive.result.method.AbstractHandlerMethodMapping$PreFlightAmbiguousMatchHandler#handle()
14:00:12.691 [reactor-http-epoll-2] DEBUG o.s.w.s.a.HttpWebHandlerAdapter - [71b9bb95-18] Completed 200 OK
14:00:12.693 [Test worker] DEBUG o.s.w.c.RestTemplate - Response 200 OK
14:00:12.694 [Test worker] DEBUG o.s.w.t.h.s.r.b.ReactorHttpServer - Stopping ReactorHttpServer...
14:00:12.694 [Test worker] DEBUG o.s.w.t.h.s.r.b.ReactorHttpServer - Server stopped (0 millis).
14:00:12.760 [Test worker] DEBUG o.s.w.r.r.m.a.RequestMappingHandlerMapping - 14 mappings in 'requestMappingHandlerMapping'
14:00:12.782 [Test worker] DEBUG o.s.w.r.r.m.a.ControllerMethodResolver - ControllerAdvice beans: none
14:00:12.800 [Test worker] DEBUG o.s.w.s.a.HttpWebHandlerAdapter - enableLoggingRequestDetails='false': form data and headers will be masked to prevent unsafe logging of potentially sensitive data
14:00:12.800 [Test worker] DEBUG o.s.w.t.h.s.r.b.TomcatHttpServer - Starting TomcatHttpServer...
14:00:12.904 [Test worker] DEBUG o.s.w.t.h.s.r.b.TomcatHttpServer - Server started on port 34315(0 millis).
14:00:12.904 [Test worker] DEBUG o.s.w.c.RestTemplate - HTTP OPTIONS http://localhost:34315/ambiguous-header
14:00:12.904 [Test worker] DEBUG o.s.w.c.RestTemplate - Accept=[text/plain, application/json, application/x-jackson-smile, application/*+json, */*]
14:00:12.913 [http-nio-auto-15-exec-1] DEBUG o.s.w.s.a.HttpWebHandlerAdapter - [31e0f1ba] HTTP OPTIONS "/ambiguous-header"
14:00:12.914 [http-nio-auto-15-exec-1] DEBUG o.s.w.r.r.m.a.RequestMappingHandlerMapping - [31e0f1ba] Mapped to org.springframework.web.reactive.result.method.AbstractHandlerMethodMapping$PreFlightAmbiguousMatchHandler#handle()
14:00:12.914 [http-nio-auto-15-exec-1] DEBUG o.s.w.s.a.HttpWebHandlerAdapter - [31e0f1ba] Completed 200 OK
14:00:12.915 [Test worker] DEBUG o.s.w.c.RestTemplate - Response 200 OK
14:00:12.915 [Test worker] DEBUG o.s.w.t.h.s.r.b.TomcatHttpServer - Stopping TomcatHttpServer...
14:00:12.945 [Test worker] DEBUG o.s.w.t.h.s.r.b.TomcatHttpServer - Server stopped (0 millis).
14:00:13.015 [Test worker] DEBUG o.s.w.r.r.m.a.RequestMappingHandlerMapping - 14 mappings in 'requestMappingHandlerMapping'
14:00:13.053 [Test worker] DEBUG o.s.w.r.r.m.a.ControllerMethodResolver - ControllerAdvice beans: none
14:00:13.081 [Test worker] DEBUG o.s.w.s.a.HttpWebHandlerAdapter - enableLoggingRequestDetails='false': form data and headers will be masked to prevent unsafe logging of potentially sensitive data
14:00:13.081 [Test worker] DEBUG o.s.w.t.h.s.r.b.UndertowHttpServer - Starting UndertowHttpServer...
14:00:13.081 [Test worker] INFO  i.undertow - starting server: Undertow - 2.0.30.Final
14:00:13.112 [Test worker] DEBUG o.s.w.t.h.s.r.b.UndertowHttpServer - Server started on port 45537(0 millis).
14:00:13.112 [Test worker] DEBUG o.s.w.c.RestTemplate - HTTP OPTIONS http://localhost:45537/ambiguous-header
14:00:13.112 [Test worker] DEBUG o.s.w.c.RestTemplate - Accept=[text/plain, application/json, application/x-jackson-smile, application/*+json, */*]
14:00:13.117 [XNIO-14 I/O-2] DEBUG o.s.w.s.a.HttpWebHandlerAdapter - [570d00b2] HTTP OPTIONS "/ambiguous-header"
14:00:13.117 [XNIO-14 I/O-2] DEBUG o.s.w.r.r.m.a.RequestMappingHandlerMapping - [570d00b2] Mapped to org.springframework.web.reactive.result.method.AbstractHandlerMethodMapping$PreFlightAmbiguousMatchHandler#handle()
14:00:13.118 [XNIO-14 I/O-2] DEBUG o.s.w.s.a.HttpWebHandlerAdapter - [570d00b2] Completed 200 OK
14:00:13.119 [Test worker] DEBUG o.s.w.c.RestTemplate - Response 200 OK
14:00:13.119 [Test worker] DEBUG o.s.w.t.h.s.r.b.UndertowHttpServer - Stopping UndertowHttpServer...
14:00:13.119 [Test worker] INFO  i.undertow - stopping server: Undertow - 2.0.30.Final
14:00:13.126 [Test worker] DEBUG o.s.w.t.h.s.r.b.UndertowHttpServer - Server stopped (0 millis).
14:00:13.176 [Test worker] DEBUG o.s.w.r.r.m.a.RequestMappingHandlerMapping - 14 mappings in 'requestMappingHandlerMapping'
14:00:13.224 [Test worker] DEBUG o.s.w.r.r.m.a.ControllerMethodResolver - ControllerAdvice beans: none
14:00:13.245 [Test worker] DEBUG o.s.w.s.a.HttpWebHandlerAdapter - enableLoggingRequestDetails='false': form data and headers will be masked to prevent unsafe logging of potentially sensitive data
14:00:13.245 [Test worker] WARN  o.e.j.s.h.ContextHandler - Empty contextPath
14:00:13.245 [Test worker] INFO  o.e.j.s.h.ContextHandler - Started o.e.j.s.ServletContextHandler@4004da75{/,null,AVAILABLE}
14:00:13.245 [Test worker] DEBUG o.s.w.t.h.s.r.b.JettyHttpServer - Starting JettyHttpServer...
14:00:13.245 [Test worker] INFO  o.e.j.s.Server - jetty-9.4.29.v20200521; built: 2020-05-21T17:20:40.598Z; git: 77c232aed8a45c818fd27232278d9f95a021095e; jvm 1.8.0_232-b09
14:00:13.311 [Test worker] INFO  o.e.j.s.AbstractConnector - Started ServerConnector@7cde8e57{HTTP/1.1, (http/1.1)}{0.0.0.0:35041}
14:00:13.311 [Test worker] INFO  o.e.j.s.Server - Started @33478ms
14:00:13.311 [Test worker] DEBUG o.s.w.t.h.s.r.b.JettyHttpServer - Server started on port 35041(0 millis).
14:00:13.311 [Test worker] DEBUG o.s.w.c.RestTemplate - HTTP OPTIONS http://localhost:35041/ambiguous-produces
14:00:13.312 [Test worker] DEBUG o.s.w.c.RestTemplate - Accept=[text/plain, application/json, application/x-jackson-smile, application/*+json, */*]
14:00:13.327 [qtp345713674-494] DEBUG o.s.w.s.a.HttpWebHandlerAdapter - [750e1176] HTTP OPTIONS "/ambiguous-produces"
14:00:13.327 [qtp345713674-494] DEBUG o.s.w.r.r.m.a.RequestMappingHandlerMapping - [750e1176] Mapped to org.springframework.web.reactive.result.method.AbstractHandlerMethodMapping$PreFlightAmbiguousMatchHandler#handle()
14:00:13.327 [qtp345713674-494] DEBUG o.s.w.s.a.HttpWebHandlerAdapter - [750e1176] Completed 200 OK
14:00:13.328 [Test worker] DEBUG o.s.w.c.RestTemplate - Response 200 OK
14:00:13.328 [Test worker] DEBUG o.s.w.t.h.s.r.b.JettyHttpServer - Stopping JettyHttpServer...
14:00:13.328 [Test worker] INFO  o.e.j.s.h.ContextHandler - Stopped o.e.j.s.ServletContextHandler@4004da75{/,null,UNAVAILABLE}
14:00:13.330 [Test worker] INFO  o.e.j.s.AbstractConnector - Stopped ServerConnector@7cde8e57{HTTP/1.1, (http/1.1)}{0.0.0.0:0}
14:00:13.331 [Test worker] DEBUG o.s.w.t.h.s.r.b.JettyHttpServer - Server stopped (0 millis).
14:00:13.390 [Test worker] DEBUG o.s.w.r.r.m.a.RequestMappingHandlerMapping - 14 mappings in 'requestMappingHandlerMapping'
14:00:13.405 [Test worker] DEBUG o.s.w.r.r.m.a.ControllerMethodResolver - ControllerAdvice beans: none
14:00:13.415 [Test worker] DEBUG o.s.w.s.a.HttpWebHandlerAdapter - enableLoggingRequestDetails='false': form data and headers will be masked to prevent unsafe logging of potentially sensitive data
14:00:13.415 [Test worker] DEBUG o.s.w.t.h.s.r.b.ReactorHttpServer - Starting ReactorHttpServer...
14:00:13.429 [Test worker] DEBUG o.s.w.t.h.s.r.b.ReactorHttpServer - Server started on port 41157(0 millis).
14:00:13.429 [Test worker] DEBUG o.s.w.c.RestTemplate - HTTP OPTIONS http://localhost:41157/ambiguous-produces
14:00:13.429 [Test worker] DEBUG o.s.w.c.RestTemplate - Accept=[text/plain, application/json, application/x-jackson-smile, application/*+json, */*]
14:00:13.433 [reactor-http-epoll-4] DEBUG o.s.w.s.a.HttpWebHandlerAdapter - [679bf8b3-19] HTTP OPTIONS "/ambiguous-produces"
14:00:13.434 [reactor-http-epoll-4] DEBUG o.s.w.r.r.m.a.RequestMappingHandlerMapping - [679bf8b3-19] Mapped to org.springframework.web.reactive.result.method.AbstractHandlerMethodMapping$PreFlightAmbiguousMatchHandler#handle()
14:00:13.434 [reactor-http-epoll-4] DEBUG o.s.w.s.a.HttpWebHandlerAdapter - [679bf8b3-19] Completed 200 OK
14:00:13.435 [Test worker] DEBUG o.s.w.c.RestTemplate - Response 200 OK
14:00:13.437 [Test worker] DEBUG o.s.w.t.h.s.r.b.ReactorHttpServer - Stopping ReactorHttpServer...
14:00:13.437 [Test worker] DEBUG o.s.w.t.h.s.r.b.ReactorHttpServer - Server stopped (0 millis).
14:00:13.469 [Test worker] DEBUG o.s.w.r.r.m.a.RequestMappingHandlerMapping - 14 mappings in 'requestMappingHandlerMapping'
14:00:13.509 [Test worker] DEBUG o.s.w.r.r.m.a.ControllerMethodResolver - ControllerAdvice beans: none
14:00:13.530 [Test worker] DEBUG o.s.w.s.a.HttpWebHandlerAdapter - enableLoggingRequestDetails='false': form data and headers will be masked to prevent unsafe logging of potentially sensitive data
14:00:13.530 [Test worker] DEBUG o.s.w.t.h.s.r.b.TomcatHttpServer - Starting TomcatHttpServer...
14:00:13.682 [Test worker] DEBUG o.s.w.t.h.s.r.b.TomcatHttpServer - Server started on port 37925(0 millis).
14:00:13.682 [Test worker] DEBUG o.s.w.c.RestTemplate - HTTP OPTIONS http://localhost:37925/ambiguous-produces
14:00:13.683 [Test worker] DEBUG o.s.w.c.RestTemplate - Accept=[text/plain, application/json, application/x-jackson-smile, application/*+json, */*]
14:00:13.686 [http-nio-auto-16-exec-1] DEBUG o.s.w.s.a.HttpWebHandlerAdapter - [1e1adc51] HTTP OPTIONS "/ambiguous-produces"
14:00:13.686 [http-nio-auto-16-exec-1] DEBUG o.s.w.r.r.m.a.RequestMappingHandlerMapping - [1e1adc51] Mapped to org.springframework.web.reactive.result.method.AbstractHandlerMethodMapping$PreFlightAmbiguousMatchHandler#handle()
14:00:13.687 [http-nio-auto-16-exec-1] DEBUG o.s.w.s.a.HttpWebHandlerAdapter - [1e1adc51] Completed 200 OK
14:00:13.689 [Test worker] DEBUG o.s.w.c.RestTemplate - Response 200 OK
14:00:13.690 [Test worker] DEBUG o.s.w.t.h.s.r.b.TomcatHttpServer - Stopping TomcatHttpServer...
14:00:13.700 [Test worker] DEBUG o.s.w.t.h.s.r.b.TomcatHttpServer - Server stopped (0 millis).
14:00:13.770 [Test worker] DEBUG o.s.w.r.r.m.a.RequestMappingHandlerMapping - 14 mappings in 'requestMappingHandlerMapping'
14:00:13.783 [Test worker] DEBUG o.s.w.r.r.m.a.ControllerMethodResolver - ControllerAdvice beans: none
14:00:13.794 [Test worker] DEBUG o.s.w.s.a.HttpWebHandlerAdapter - enableLoggingRequestDetails='false': form data and headers will be masked to prevent unsafe logging of potentially sensitive data
14:00:13.794 [Test worker] DEBUG o.s.w.t.h.s.r.b.UndertowHttpServer - Starting UndertowHttpServer...
14:00:13.794 [Test worker] INFO  i.undertow - starting server: Undertow - 2.0.30.Final
14:00:13.860 [Test worker] DEBUG o.s.w.t.h.s.r.b.UndertowHttpServer - Server started on port 43263(0 millis).
14:00:13.860 [Test worker] DEBUG o.s.w.c.RestTemplate - HTTP OPTIONS http://localhost:43263/ambiguous-produces
14:00:13.860 [Test worker] DEBUG o.s.w.c.RestTemplate - Accept=[text/plain, application/json, application/x-jackson-smile, application/*+json, */*]
14:00:13.864 [XNIO-15 I/O-4] DEBUG o.s.w.s.a.HttpWebHandlerAdapter - [4ac7e4b7] HTTP OPTIONS "/ambiguous-produces"
14:00:13.864 [XNIO-15 I/O-4] DEBUG o.s.w.r.r.m.a.RequestMappingHandlerMapping - [4ac7e4b7] Mapped to org.springframework.web.reactive.result.method.AbstractHandlerMethodMapping$PreFlightAmbiguousMatchHandler#handle()
14:00:13.864 [XNIO-15 I/O-4] DEBUG o.s.w.s.a.HttpWebHandlerAdapter - [4ac7e4b7] Completed 200 OK
14:00:13.867 [Test worker] DEBUG o.s.w.c.RestTemplate - Response 200 OK
14:00:13.867 [Test worker] DEBUG o.s.w.t.h.s.r.b.UndertowHttpServer - Stopping UndertowHttpServer...
14:00:13.867 [Test worker] INFO  i.undertow - stopping server: Undertow - 2.0.30.Final
14:00:13.868 [Test worker] DEBUG o.s.w.t.h.s.r.b.UndertowHttpServer - Server stopped (0 millis).
14:00:13.926 [Test worker] DEBUG o.s.w.r.r.m.a.RequestMappingHandlerMapping - 14 mappings in 'requestMappingHandlerMapping'
14:00:13.943 [Test worker] DEBUG o.s.w.r.r.m.a.ControllerMethodResolver - ControllerAdvice beans: none
14:00:13.960 [Test worker] DEBUG o.s.w.s.a.HttpWebHandlerAdapter - enableLoggingRequestDetails='false': form data and headers will be masked to prevent unsafe logging of potentially sensitive data
14:00:13.961 [Test worker] WARN  o.e.j.s.h.ContextHandler - Empty contextPath
14:00:13.961 [Test worker] INFO  o.e.j.s.h.ContextHandler - Started o.e.j.s.ServletContextHandler@2e4be63d{/,null,AVAILABLE}
14:00:13.961 [Test worker] DEBUG o.s.w.t.h.s.r.b.JettyHttpServer - Starting JettyHttpServer...
14:00:13.963 [Test worker] INFO  o.e.j.s.Server - jetty-9.4.29.v20200521; built: 2020-05-21T17:20:40.598Z; git: 77c232aed8a45c818fd27232278d9f95a021095e; jvm 1.8.0_232-b09
14:00:14.000 [Test worker] INFO  o.e.j.s.AbstractConnector - Started ServerConnector@1be73286{HTTP/1.1, (http/1.1)}{0.0.0.0:39241}
14:00:14.000 [Test worker] INFO  o.e.j.s.Server - Started @34166ms
14:00:14.000 [Test worker] DEBUG o.s.w.t.h.s.r.b.JettyHttpServer - Server started on port 39241(0 millis).
14:00:14.000 [Test worker] DEBUG o.s.w.c.RestTemplate - HTTP OPTIONS http://localhost:39241/default
14:00:14.000 [Test worker] DEBUG o.s.w.c.RestTemplate - Accept=[application/json, application/x-jackson-smile, application/*+json]
14:00:14.002 [qtp406430846-523] DEBUG o.s.w.s.a.HttpWebHandlerAdapter - [215c339e] HTTP OPTIONS "/default"
14:00:14.002 [qtp406430846-523] DEBUG o.s.w.r.r.m.a.RequestMappingHandlerMapping - [215c339e] Mapped to org.springframework.web.reactive.result.method.annotation.CrossOriginAnnotationIntegrationTests$MethodLevelController#defaultAnnotation()
14:00:14.002 [qtp406430846-523] DEBUG o.s.w.s.a.HttpWebHandlerAdapter - [215c339e] Completed 200 OK
14:00:14.004 [Test worker] DEBUG o.s.w.c.RestTemplate - Response 200 OK
14:00:14.004 [Test worker] DEBUG o.s.w.t.h.s.r.b.JettyHttpServer - Stopping JettyHttpServer...
14:00:14.004 [Test worker] INFO  o.e.j.s.h.ContextHandler - Stopped o.e.j.s.ServletContextHandler@2e4be63d{/,null,UNAVAILABLE}
14:00:14.009 [Test worker] INFO  o.e.j.s.AbstractConnector - Stopped ServerConnector@1be73286{HTTP/1.1, (http/1.1)}{0.0.0.0:0}
14:00:14.010 [Test worker] DEBUG o.s.w.t.h.s.r.b.JettyHttpServer - Server stopped (0 millis).
14:00:14.057 [Test worker] DEBUG o.s.w.r.r.m.a.RequestMappingHandlerMapping - 14 mappings in 'requestMappingHandlerMapping'
14:00:14.071 [Test worker] DEBUG o.s.w.r.r.m.a.ControllerMethodResolver - ControllerAdvice beans: none
14:00:14.080 [Test worker] DEBUG o.s.w.s.a.HttpWebHandlerAdapter - enableLoggingRequestDetails='false': form data and headers will be masked to prevent unsafe logging of potentially sensitive data
14:00:14.080 [Test worker] DEBUG o.s.w.t.h.s.r.b.ReactorHttpServer - Starting ReactorHttpServer...
14:00:14.099 [Test worker] DEBUG o.s.w.t.h.s.r.b.ReactorHttpServer - Server started on port 44959(0 millis).
14:00:14.099 [Test worker] DEBUG o.s.w.c.RestTemplate - HTTP OPTIONS http://localhost:44959/default
14:00:14.099 [Test worker] DEBUG o.s.w.c.RestTemplate - Accept=[application/json, application/x-jackson-smile, application/*+json]
14:00:14.104 [reactor-http-epoll-2] DEBUG o.s.w.s.a.HttpWebHandlerAdapter - [64f85fbd-20] HTTP OPTIONS "/default"
14:00:14.105 [reactor-http-epoll-2] DEBUG o.s.w.r.r.m.a.RequestMappingHandlerMapping - [64f85fbd-20] Mapped to org.springframework.web.reactive.result.method.annotation.CrossOriginAnnotationIntegrationTests$MethodLevelController#defaultAnnotation()
14:00:14.105 [reactor-http-epoll-2] DEBUG o.s.w.s.a.HttpWebHandlerAdapter - [64f85fbd-20] Completed 200 OK
14:00:14.107 [Test worker] DEBUG o.s.w.c.RestTemplate - Response 200 OK
14:00:14.107 [Test worker] DEBUG o.s.w.t.h.s.r.b.ReactorHttpServer - Stopping ReactorHttpServer...
14:00:14.107 [Test worker] DEBUG o.s.w.t.h.s.r.b.ReactorHttpServer - Server stopped (0 millis).
14:00:14.131 [Test worker] DEBUG o.s.w.r.r.m.a.RequestMappingHandlerMapping - 14 mappings in 'requestMappingHandlerMapping'
14:00:14.157 [Test worker] DEBUG o.s.w.r.r.m.a.ControllerMethodResolver - ControllerAdvice beans: none
14:00:14.173 [Test worker] DEBUG o.s.w.s.a.HttpWebHandlerAdapter - enableLoggingRequestDetails='false': form data and headers will be masked to prevent unsafe logging of potentially sensitive data
14:00:14.174 [Test worker] DEBUG o.s.w.t.h.s.r.b.TomcatHttpServer - Starting TomcatHttpServer...
14:00:14.193 [Test worker] DEBUG o.s.w.t.h.s.r.b.TomcatHttpServer - Server started on port 41339(0 millis).
14:00:14.193 [Test worker] DEBUG o.s.w.c.RestTemplate - HTTP OPTIONS http://localhost:41339/default
14:00:14.193 [Test worker] DEBUG o.s.w.c.RestTemplate - Accept=[application/json, application/x-jackson-smile, application/*+json]
14:00:14.197 [http-nio-auto-17-exec-1] DEBUG o.s.w.s.a.HttpWebHandlerAdapter - [269d10d1] HTTP OPTIONS "/default"
14:00:14.198 [http-nio-auto-17-exec-1] DEBUG o.s.w.r.r.m.a.RequestMappingHandlerMapping - [269d10d1] Mapped to org.springframework.web.reactive.result.method.annotation.CrossOriginAnnotationIntegrationTests$MethodLevelController#defaultAnnotation()
14:00:14.198 [http-nio-auto-17-exec-1] DEBUG o.s.w.s.a.HttpWebHandlerAdapter - [269d10d1] Completed 200 OK
14:00:14.199 [Test worker] DEBUG o.s.w.c.RestTemplate - Response 200 OK
14:00:14.199 [Test worker] DEBUG o.s.w.t.h.s.r.b.TomcatHttpServer - Stopping TomcatHttpServer...
14:00:14.211 [Test worker] DEBUG o.s.w.t.h.s.r.b.TomcatHttpServer - Server stopped (0 millis).
14:00:14.271 [Test worker] DEBUG o.s.w.r.r.m.a.RequestMappingHandlerMapping - 14 mappings in 'requestMappingHandlerMapping'
14:00:14.280 [Test worker] DEBUG o.s.w.r.r.m.a.ControllerMethodResolver - ControllerAdvice beans: none
14:00:14.288 [Test worker] DEBUG o.s.w.s.a.HttpWebHandlerAdapter - enableLoggingRequestDetails='false': form data and headers will be masked to prevent unsafe logging of potentially sensitive data
14:00:14.288 [Test worker] DEBUG o.s.w.t.h.s.r.b.UndertowHttpServer - Starting UndertowHttpServer...
14:00:14.289 [Test worker] INFO  i.undertow - starting server: Undertow - 2.0.30.Final
14:00:14.293 [Test worker] DEBUG o.s.w.t.h.s.r.b.UndertowHttpServer - Server started on port 39811(0 millis).
14:00:14.294 [Test worker] DEBUG o.s.w.c.RestTemplate - HTTP OPTIONS http://localhost:39811/default
14:00:14.294 [Test worker] DEBUG o.s.w.c.RestTemplate - Accept=[application/json, application/x-jackson-smile, application/*+json]
14:00:14.315 [XNIO-16 I/O-4] DEBUG o.s.w.s.a.HttpWebHandlerAdapter - [57d194db] HTTP OPTIONS "/default"
14:00:14.316 [XNIO-16 I/O-4] DEBUG o.s.w.r.r.m.a.RequestMappingHandlerMapping - [57d194db] Mapped to org.springframework.web.reactive.result.method.annotation.CrossOriginAnnotationIntegrationTests$MethodLevelController#defaultAnnotation()
14:00:14.316 [XNIO-16 I/O-4] DEBUG o.s.w.s.a.HttpWebHandlerAdapter - [57d194db] Completed 200 OK
14:00:14.317 [Test worker] DEBUG o.s.w.c.RestTemplate - Response 200 OK
14:00:14.318 [Test worker] DEBUG o.s.w.t.h.s.r.b.UndertowHttpServer - Stopping UndertowHttpServer...
14:00:14.318 [Test worker] INFO  i.undertow - stopping server: Undertow - 2.0.30.Final
14:00:14.323 [Test worker] DEBUG o.s.w.t.h.s.r.b.UndertowHttpServer - Server stopped (0 millis).
14:00:14.383 [Test worker] DEBUG o.s.w.r.r.m.a.RequestMappingHandlerMapping - 14 mappings in 'requestMappingHandlerMapping'
14:00:14.407 [Test worker] DEBUG o.s.w.r.r.m.a.ControllerMethodResolver - ControllerAdvice beans: none
14:00:14.416 [Test worker] DEBUG o.s.w.s.a.HttpWebHandlerAdapter - enableLoggingRequestDetails='false': form data and headers will be masked to prevent unsafe logging of potentially sensitive data
14:00:14.416 [Test worker] WARN  o.e.j.s.h.ContextHandler - Empty contextPath
14:00:14.416 [Test worker] INFO  o.e.j.s.h.ContextHandler - Started o.e.j.s.ServletContextHandler@63c30134{/,null,AVAILABLE}
14:00:14.416 [Test worker] DEBUG o.s.w.t.h.s.r.b.JettyHttpServer - Starting JettyHttpServer...
14:00:14.416 [Test worker] INFO  o.e.j.s.Server - jetty-9.4.29.v20200521; built: 2020-05-21T17:20:40.598Z; git: 77c232aed8a45c818fd27232278d9f95a021095e; jvm 1.8.0_232-b09
14:00:14.450 [Test worker] INFO  o.e.j.s.AbstractConnector - Started ServerConnector@241afa4a{HTTP/1.1, (http/1.1)}{0.0.0.0:45877}
14:00:14.450 [Test worker] INFO  o.e.j.s.Server - Started @34616ms
14:00:14.450 [Test worker] DEBUG o.s.w.t.h.s.r.b.JettyHttpServer - Server started on port 45877(0 millis).
14:00:14.450 [Test worker] DEBUG o.s.w.c.RestTemplate - HTTP OPTIONS http://localhost:45877/customized
14:00:14.450 [Test worker] DEBUG o.s.w.c.RestTemplate - Accept=[text/plain, application/json, application/x-jackson-smile, application/*+json, */*]
14:00:14.457 [qtp1365574202-552] DEBUG o.s.w.s.a.HttpWebHandlerAdapter - [75d9d116] HTTP OPTIONS "/customized"
14:00:14.457 [qtp1365574202-552] DEBUG o.s.w.r.r.m.a.RequestMappingHandlerMapping - [75d9d116] Mapped to org.springframework.web.reactive.result.method.annotation.CrossOriginAnnotationIntegrationTests$MethodLevelController#customized()
14:00:14.457 [qtp1365574202-552] DEBUG o.s.w.s.a.HttpWebHandlerAdapter - [75d9d116] Completed 200 OK
14:00:14.458 [Test worker] DEBUG o.s.w.c.RestTemplate - Response 200 OK
14:00:14.458 [Test worker] DEBUG o.s.w.t.h.s.r.b.JettyHttpServer - Stopping JettyHttpServer...
14:00:14.458 [Test worker] INFO  o.e.j.s.h.ContextHandler - Stopped o.e.j.s.ServletContextHandler@63c30134{/,null,UNAVAILABLE}
14:00:14.459 [Test worker] INFO  o.e.j.s.AbstractConnector - Stopped ServerConnector@241afa4a{HTTP/1.1, (http/1.1)}{0.0.0.0:0}
14:00:14.463 [Test worker] DEBUG o.s.w.t.h.s.r.b.JettyHttpServer - Server stopped (0 millis).
14:00:14.495 [Test worker] DEBUG o.s.w.r.r.m.a.RequestMappingHandlerMapping - 14 mappings in 'requestMappingHandlerMapping'
14:00:14.505 [Test worker] DEBUG o.s.w.r.r.m.a.ControllerMethodResolver - ControllerAdvice beans: none
14:00:14.515 [Test worker] DEBUG o.s.w.s.a.HttpWebHandlerAdapter - enableLoggingRequestDetails='false': form data and headers will be masked to prevent unsafe logging of potentially sensitive data
14:00:14.515 [Test worker] DEBUG o.s.w.t.h.s.r.b.ReactorHttpServer - Starting ReactorHttpServer...
14:00:14.517 [Test worker] DEBUG o.s.w.t.h.s.r.b.ReactorHttpServer - Server started on port 37793(0 millis).
14:00:14.517 [Test worker] DEBUG o.s.w.c.RestTemplate - HTTP OPTIONS http://localhost:37793/customized
14:00:14.517 [Test worker] DEBUG o.s.w.c.RestTemplate - Accept=[text/plain, application/json, application/x-jackson-smile, application/*+json, */*]
14:00:14.519 [reactor-http-epoll-4] DEBUG o.s.w.s.a.HttpWebHandlerAdapter - [43385df8-21] HTTP OPTIONS "/customized"
14:00:14.520 [reactor-http-epoll-4] DEBUG o.s.w.r.r.m.a.RequestMappingHandlerMapping - [43385df8-21] Mapped to org.springframework.web.reactive.result.method.annotation.CrossOriginAnnotationIntegrationTests$MethodLevelController#customized()
14:00:14.520 [reactor-http-epoll-4] DEBUG o.s.w.s.a.HttpWebHandlerAdapter - [43385df8-21] Completed 200 OK
14:00:14.521 [Test worker] DEBUG o.s.w.c.RestTemplate - Response 200 OK
14:00:14.521 [Test worker] DEBUG o.s.w.t.h.s.r.b.ReactorHttpServer - Stopping ReactorHttpServer...
14:00:14.521 [Test worker] DEBUG o.s.w.t.h.s.r.b.ReactorHttpServer - Server stopped (0 millis).
14:00:14.548 [Test worker] DEBUG o.s.w.r.r.m.a.RequestMappingHandlerMapping - 14 mappings in 'requestMappingHandlerMapping'
14:00:14.565 [Test worker] DEBUG o.s.w.r.r.m.a.ControllerMethodResolver - ControllerAdvice beans: none
14:00:14.577 [Test worker] DEBUG o.s.w.s.a.HttpWebHandlerAdapter - enableLoggingRequestDetails='false': form data and headers will be masked to prevent unsafe logging of potentially sensitive data
14:00:14.581 [Test worker] DEBUG o.s.w.t.h.s.r.b.TomcatHttpServer - Starting TomcatHttpServer...
14:00:14.608 [Test worker] DEBUG o.s.w.t.h.s.r.b.TomcatHttpServer - Server started on port 43561(0 millis).
14:00:14.608 [Test worker] DEBUG o.s.w.c.RestTemplate - HTTP OPTIONS http://localhost:43561/customized
14:00:14.608 [Test worker] DEBUG o.s.w.c.RestTemplate - Accept=[text/plain, application/json, application/x-jackson-smile, application/*+json, */*]
14:00:14.625 [http-nio-auto-18-exec-1] DEBUG o.s.w.s.a.HttpWebHandlerAdapter - [5b2797b7] HTTP OPTIONS "/customized"
14:00:14.625 [http-nio-auto-18-exec-1] DEBUG o.s.w.r.r.m.a.RequestMappingHandlerMapping - [5b2797b7] Mapped to org.springframework.web.reactive.result.method.annotation.CrossOriginAnnotationIntegrationTests$MethodLevelController#customized()
14:00:14.625 [http-nio-auto-18-exec-1] DEBUG o.s.w.s.a.HttpWebHandlerAdapter - [5b2797b7] Completed 200 OK
14:00:14.626 [Test worker] DEBUG o.s.w.c.RestTemplate - Response 200 OK
14:00:14.626 [Test worker] DEBUG o.s.w.t.h.s.r.b.TomcatHttpServer - Stopping TomcatHttpServer...
14:00:14.640 [Test worker] DEBUG o.s.w.t.h.s.r.b.TomcatHttpServer - Server stopped (0 millis).
14:00:14.688 [Test worker] DEBUG o.s.w.r.r.m.a.RequestMappingHandlerMapping - 14 mappings in 'requestMappingHandlerMapping'
14:00:14.698 [Test worker] DEBUG o.s.w.r.r.m.a.ControllerMethodResolver - ControllerAdvice beans: none
14:00:14.708 [Test worker] DEBUG o.s.w.s.a.HttpWebHandlerAdapter - enableLoggingRequestDetails='false': form data and headers will be masked to prevent unsafe logging of potentially sensitive data
14:00:14.709 [Test worker] DEBUG o.s.w.t.h.s.r.b.UndertowHttpServer - Starting UndertowHttpServer...
14:00:14.709 [Test worker] INFO  i.undertow - starting server: Undertow - 2.0.30.Final
14:00:14.712 [Test worker] DEBUG o.s.w.t.h.s.r.b.UndertowHttpServer - Server started on port 34773(0 millis).
14:00:14.712 [Test worker] DEBUG o.s.w.c.RestTemplate - HTTP OPTIONS http://localhost:34773/customized
14:00:14.712 [Test worker] DEBUG o.s.w.c.RestTemplate - Accept=[text/plain, application/json, application/x-jackson-smile, application/*+json, */*]
14:00:14.715 [XNIO-17 I/O-4] DEBUG o.s.w.s.a.HttpWebHandlerAdapter - [6ef1394a] HTTP OPTIONS "/customized"
14:00:14.716 [XNIO-17 I/O-4] DEBUG o.s.w.r.r.m.a.RequestMappingHandlerMapping - [6ef1394a] Mapped to org.springframework.web.reactive.result.method.annotation.CrossOriginAnnotationIntegrationTests$MethodLevelController#customized()
14:00:14.716 [XNIO-17 I/O-4] DEBUG o.s.w.s.a.HttpWebHandlerAdapter - [6ef1394a] Completed 200 OK
14:00:14.717 [Test worker] DEBUG o.s.w.c.RestTemplate - Response 200 OK
14:00:14.717 [Test worker] DEBUG o.s.w.t.h.s.r.b.UndertowHttpServer - Stopping UndertowHttpServer...
14:00:14.717 [Test worker] INFO  i.undertow - stopping server: Undertow - 2.0.30.Final
14:00:14.718 [Test worker] DEBUG o.s.w.t.h.s.r.b.UndertowHttpServer - Server stopped (0 millis).
14:00:14.745 [Test worker] DEBUG o.s.w.r.r.m.a.RequestMappingHandlerMapping - 14 mappings in 'requestMappingHandlerMapping'
14:00:14.755 [Test worker] DEBUG o.s.w.r.r.m.a.ControllerMethodResolver - ControllerAdvice beans: none
14:00:14.774 [Test worker] DEBUG o.s.w.s.a.HttpWebHandlerAdapter - enableLoggingRequestDetails='false': form data and headers will be masked to prevent unsafe logging of potentially sensitive data
14:00:14.774 [Test worker] WARN  o.e.j.s.h.ContextHandler - Empty contextPath
14:00:14.774 [Test worker] INFO  o.e.j.s.h.ContextHandler - Started o.e.j.s.ServletContextHandler@7201ed84{/,null,AVAILABLE}
14:00:14.774 [Test worker] DEBUG o.s.w.t.h.s.r.b.JettyHttpServer - Starting JettyHttpServer...
14:00:14.774 [Test worker] INFO  o.e.j.s.Server - jetty-9.4.29.v20200521; built: 2020-05-21T17:20:40.598Z; git: 77c232aed8a45c818fd27232278d9f95a021095e; jvm 1.8.0_232-b09
14:00:14.825 [Test worker] INFO  o.e.j.s.AbstractConnector - Started ServerConnector@5c4cc54a{HTTP/1.1, (http/1.1)}{0.0.0.0:39941}
14:00:14.825 [Test worker] INFO  o.e.j.s.Server - Started @34992ms
14:00:14.825 [Test worker] DEBUG o.s.w.t.h.s.r.b.JettyHttpServer - Server started on port 39941(0 millis).
14:00:14.825 [Test worker] DEBUG o.s.w.c.RestTemplate - HTTP GET http://localhost:39941/default
14:00:14.825 [Test worker] DEBUG o.s.w.c.RestTemplate - Accept=[text/plain, application/json, application/x-jackson-smile, application/*+json, */*]
14:00:14.833 [qtp1423249020-581] DEBUG o.s.w.s.a.HttpWebHandlerAdapter - [7a362b96] HTTP GET "/default"
14:00:14.833 [qtp1423249020-581] DEBUG o.s.w.r.r.m.a.RequestMappingHandlerMapping - [7a362b96] Mapped to org.springframework.web.reactive.result.method.annotation.CrossOriginAnnotationIntegrationTests$MethodLevelController#defaultAnnotation()
14:00:14.834 [qtp1423249020-581] DEBUG o.s.w.r.r.m.a.ResponseBodyResultHandler - Using 'text/plain;charset=UTF-8' given [text/plain, application/json, application/x-jackson-smile, application/*+json, */*] and supported [text/plain;charset=UTF-8, text/event-stream, text/plain;charset=UTF-8, */*]
14:00:14.834 [qtp1423249020-581] DEBUG o.s.w.r.r.m.a.ResponseBodyResultHandler - [7a362b96] 0..1 [java.lang.String]
14:00:14.834 [qtp1423249020-581] DEBUG o.s.c.c.CharSequenceEncoder - [7a362b96] Writing "default"
14:00:14.834 [qtp1423249020-581] DEBUG o.s.w.s.a.HttpWebHandlerAdapter - [7a362b96] Completed 200 OK
14:00:14.834 [Test worker] DEBUG o.s.w.c.RestTemplate - Response 200 OK
14:00:14.835 [Test worker] DEBUG o.s.w.c.RestTemplate - Reading to [java.lang.String] as "text/plain;charset=utf-8"
14:00:14.835 [Test worker] DEBUG o.s.w.t.h.s.r.b.JettyHttpServer - Stopping JettyHttpServer...
14:00:14.835 [Test worker] INFO  o.e.j.s.h.ContextHandler - Stopped o.e.j.s.ServletContextHandler@7201ed84{/,null,UNAVAILABLE}
14:00:14.836 [Test worker] INFO  o.e.j.s.AbstractConnector - Stopped ServerConnector@5c4cc54a{HTTP/1.1, (http/1.1)}{0.0.0.0:0}
14:00:14.838 [Test worker] DEBUG o.s.w.t.h.s.r.b.JettyHttpServer - Server stopped (0 millis).
14:00:14.862 [Test worker] DEBUG o.s.w.r.r.m.a.RequestMappingHandlerMapping - 14 mappings in 'requestMappingHandlerMapping'
14:00:14.872 [Test worker] DEBUG o.s.w.r.r.m.a.ControllerMethodResolver - ControllerAdvice beans: none
14:00:14.881 [Test worker] DEBUG o.s.w.s.a.HttpWebHandlerAdapter - enableLoggingRequestDetails='false': form data and headers will be masked to prevent unsafe logging of potentially sensitive data
14:00:14.881 [Test worker] DEBUG o.s.w.t.h.s.r.b.ReactorHttpServer - Starting ReactorHttpServer...
14:00:14.882 [Test worker] DEBUG o.s.w.t.h.s.r.b.ReactorHttpServer - Server started on port 33461(0 millis).
14:00:14.882 [Test worker] DEBUG o.s.w.c.RestTemplate - HTTP GET http://localhost:33461/default
14:00:14.882 [Test worker] DEBUG o.s.w.c.RestTemplate - Accept=[text/plain, application/json, application/x-jackson-smile, application/*+json, */*]
14:00:14.885 [reactor-http-epoll-2] DEBUG o.s.w.s.a.HttpWebHandlerAdapter - [0a855c8b-22] HTTP GET "/default"
14:00:14.886 [reactor-http-epoll-2] DEBUG o.s.w.r.r.m.a.RequestMappingHandlerMapping - [0a855c8b-22] Mapped to org.springframework.web.reactive.result.method.annotation.CrossOriginAnnotationIntegrationTests$MethodLevelController#defaultAnnotation()
14:00:14.886 [reactor-http-epoll-2] DEBUG o.s.w.r.r.m.a.ResponseBodyResultHandler - Using 'text/plain;charset=UTF-8' given [text/plain, application/json, application/x-jackson-smile, application/*+json, */*] and supported [text/plain;charset=UTF-8, text/event-stream, text/plain;charset=UTF-8, */*]
14:00:14.886 [reactor-http-epoll-2] DEBUG o.s.w.r.r.m.a.ResponseBodyResultHandler - [0a855c8b-22] 0..1 [java.lang.String]
14:00:14.886 [reactor-http-epoll-2] DEBUG o.s.c.c.CharSequenceEncoder - [0a855c8b-22] Writing "default"
14:00:14.887 [reactor-http-epoll-2] DEBUG o.s.w.s.a.HttpWebHandlerAdapter - [0a855c8b-22] Completed 200 OK
14:00:14.887 [Test worker] DEBUG o.s.w.c.RestTemplate - Response 200 OK
14:00:14.887 [Test worker] DEBUG o.s.w.c.RestTemplate - Reading to [java.lang.String] as "text/plain;charset=UTF-8"
14:00:14.888 [Test worker] DEBUG o.s.w.t.h.s.r.b.ReactorHttpServer - Stopping ReactorHttpServer...
14:00:14.888 [Test worker] DEBUG o.s.w.t.h.s.r.b.ReactorHttpServer - Server stopped (0 millis).
14:00:14.921 [Test worker] DEBUG o.s.w.r.r.m.a.RequestMappingHandlerMapping - 14 mappings in 'requestMappingHandlerMapping'
14:00:14.931 [Test worker] DEBUG o.s.w.r.r.m.a.ControllerMethodResolver - ControllerAdvice beans: none
14:00:14.939 [Test worker] DEBUG o.s.w.s.a.HttpWebHandlerAdapter - enableLoggingRequestDetails='false': form data and headers will be masked to prevent unsafe logging of potentially sensitive data
14:00:14.940 [Test worker] DEBUG o.s.w.t.h.s.r.b.TomcatHttpServer - Starting TomcatHttpServer...
14:00:14.980 [Test worker] DEBUG o.s.w.t.h.s.r.b.TomcatHttpServer - Server started on port 40663(0 millis).
14:00:14.980 [Test worker] DEBUG o.s.w.c.RestTemplate - HTTP GET http://localhost:40663/default
14:00:14.980 [Test worker] DEBUG o.s.w.c.RestTemplate - Accept=[text/plain, application/json, application/x-jackson-smile, application/*+json, */*]
14:00:14.985 [http-nio-auto-19-exec-1] DEBUG o.s.w.s.a.HttpWebHandlerAdapter - [68206bce] HTTP GET "/default"
14:00:14.985 [http-nio-auto-19-exec-1] DEBUG o.s.w.r.r.m.a.RequestMappingHandlerMapping - [68206bce] Mapped to org.springframework.web.reactive.result.method.annotation.CrossOriginAnnotationIntegrationTests$MethodLevelController#defaultAnnotation()
14:00:14.986 [http-nio-auto-19-exec-1] DEBUG o.s.w.r.r.m.a.ResponseBodyResultHandler - Using 'text/plain;charset=UTF-8' given [text/plain, application/json, application/x-jackson-smile, application/*+json, */*] and supported [text/plain;charset=UTF-8, text/event-stream, text/plain;charset=UTF-8, */*]
14:00:14.986 [http-nio-auto-19-exec-1] DEBUG o.s.w.r.r.m.a.ResponseBodyResultHandler - [68206bce] 0..1 [java.lang.String]
14:00:14.986 [http-nio-auto-19-exec-1] DEBUG o.s.c.c.CharSequenceEncoder - [68206bce] Writing "default"
14:00:14.986 [http-nio-auto-19-exec-1] DEBUG o.s.w.s.a.HttpWebHandlerAdapter - [68206bce] Completed 200 OK
14:00:14.987 [Test worker] DEBUG o.s.w.c.RestTemplate - Response 200 OK
14:00:14.987 [Test worker] DEBUG o.s.w.c.RestTemplate - Reading to [java.lang.String] as "text/plain;charset=UTF-8"
14:00:14.987 [Test worker] DEBUG o.s.w.t.h.s.r.b.TomcatHttpServer - Stopping TomcatHttpServer...
14:00:15.003 [Test worker] DEBUG o.s.w.t.h.s.r.b.TomcatHttpServer - Server stopped (0 millis).
14:00:15.041 [Test worker] DEBUG o.s.w.r.r.m.a.RequestMappingHandlerMapping - 14 mappings in 'requestMappingHandlerMapping'
14:00:15.051 [Test worker] DEBUG o.s.w.r.r.m.a.ControllerMethodResolver - ControllerAdvice beans: none
14:00:15.061 [Test worker] DEBUG o.s.w.s.a.HttpWebHandlerAdapter - enableLoggingRequestDetails='false': form data and headers will be masked to prevent unsafe logging of potentially sensitive data
14:00:15.061 [Test worker] DEBUG o.s.w.t.h.s.r.b.UndertowHttpServer - Starting UndertowHttpServer...
14:00:15.061 [Test worker] INFO  i.undertow - starting server: Undertow - 2.0.30.Final
14:00:15.093 [Test worker] DEBUG o.s.w.t.h.s.r.b.UndertowHttpServer - Server started on port 37539(0 millis).
14:00:15.094 [Test worker] DEBUG o.s.w.c.RestTemplate - HTTP GET http://localhost:37539/default
14:00:15.094 [Test worker] DEBUG o.s.w.c.RestTemplate - Accept=[text/plain, application/json, application/x-jackson-smile, application/*+json, */*]
14:00:15.104 [XNIO-18 I/O-4] DEBUG o.s.w.s.a.HttpWebHandlerAdapter - [5277b18c] HTTP GET "/default"
14:00:15.104 [XNIO-18 I/O-4] DEBUG o.s.w.r.r.m.a.RequestMappingHandlerMapping - [5277b18c] Mapped to org.springframework.web.reactive.result.method.annotation.CrossOriginAnnotationIntegrationTests$MethodLevelController#defaultAnnotation()
14:00:15.105 [XNIO-18 I/O-4] DEBUG o.s.w.r.r.m.a.ResponseBodyResultHandler - Using 'text/plain;charset=UTF-8' given [text/plain, application/json, application/x-jackson-smile, application/*+json, */*] and supported [text/plain;charset=UTF-8, text/event-stream, text/plain;charset=UTF-8, */*]
14:00:15.105 [XNIO-18 I/O-4] DEBUG o.s.w.r.r.m.a.ResponseBodyResultHandler - [5277b18c] 0..1 [java.lang.String]
14:00:15.105 [XNIO-18 I/O-4] DEBUG o.s.c.c.CharSequenceEncoder - [5277b18c] Writing "default"
14:00:15.106 [XNIO-18 I/O-4] DEBUG o.s.w.s.a.HttpWebHandlerAdapter - [5277b18c] Completed 200 OK
14:00:15.106 [Test worker] DEBUG o.s.w.c.RestTemplate - Response 200 OK
14:00:15.106 [Test worker] DEBUG o.s.w.c.RestTemplate - Reading to [java.lang.String] as "text/plain;charset=UTF-8"
14:00:15.106 [Test worker] DEBUG o.s.w.t.h.s.r.b.UndertowHttpServer - Stopping UndertowHttpServer...
14:00:15.106 [Test worker] INFO  i.undertow - stopping server: Undertow - 2.0.30.Final
14:00:15.108 [Test worker] DEBUG o.s.w.t.h.s.r.b.UndertowHttpServer - Server stopped (0 millis).
14:00:15.151 [Test worker] DEBUG o.s.w.r.r.m.a.RequestMappingHandlerMapping - 14 mappings in 'requestMappingHandlerMapping'
14:00:15.183 [Test worker] DEBUG o.s.w.r.r.m.a.ControllerMethodResolver - ControllerAdvice beans: none
14:00:15.198 [Test worker] DEBUG o.s.w.s.a.HttpWebHandlerAdapter - enableLoggingRequestDetails='false': form data and headers will be masked to prevent unsafe logging of potentially sensitive data
14:00:15.201 [Test worker] WARN  o.e.j.s.h.ContextHandler - Empty contextPath
14:00:15.202 [Test worker] INFO  o.e.j.s.h.ContextHandler - Started o.e.j.s.ServletContextHandler@7cf7dda8{/,null,AVAILABLE}
14:00:15.202 [Test worker] DEBUG o.s.w.t.h.s.r.b.JettyHttpServer - Starting JettyHttpServer...
14:00:15.202 [Test worker] INFO  o.e.j.s.Server - jetty-9.4.29.v20200521; built: 2020-05-21T17:20:40.598Z; git: 77c232aed8a45c818fd27232278d9f95a021095e; jvm 1.8.0_232-b09
14:00:15.247 [Test worker] INFO  o.e.j.s.AbstractConnector - Started ServerConnector@4d63daa9{HTTP/1.1, (http/1.1)}{0.0.0.0:43139}
14:00:15.247 [Test worker] INFO  o.e.j.s.Server - Started @35414ms
14:00:15.247 [Test worker] DEBUG o.s.w.t.h.s.r.b.JettyHttpServer - Server started on port 43139(0 millis).
14:00:15.247 [Test worker] DEBUG o.s.w.c.RestTemplate - HTTP OPTIONS http://localhost:43139/no
14:00:15.247 [Test worker] DEBUG o.s.w.c.RestTemplate - Accept=[text/plain, application/json, application/x-jackson-smile, application/*+json, */*]
14:00:15.254 [qtp1750677626-610] DEBUG o.s.w.s.a.HttpWebHandlerAdapter - [2d9490df] HTTP OPTIONS "/no"
14:00:15.257 [qtp1750677626-610] DEBUG o.s.w.r.r.m.a.RequestMappingHandlerMapping - [2d9490df] Mapped to org.springframework.web.reactive.result.method.RequestMappingInfoHandlerMapping$HttpOptionsHandler#handle()
14:00:15.258 [qtp1750677626-610] DEBUG o.s.w.s.a.HttpWebHandlerAdapter - [2d9490df] Completed 200 OK
14:00:15.258 [Test worker] DEBUG o.s.w.c.RestTemplate - Response 200 OK
14:00:15.258 [Test worker] DEBUG o.s.w.t.h.s.r.b.JettyHttpServer - Stopping JettyHttpServer...
14:00:15.258 [Test worker] INFO  o.e.j.s.h.ContextHandler - Stopped o.e.j.s.ServletContextHandler@7cf7dda8{/,null,UNAVAILABLE}
14:00:15.260 [Test worker] INFO  o.e.j.s.AbstractConnector - Stopped ServerConnector@4d63daa9{HTTP/1.1, (http/1.1)}{0.0.0.0:0}
14:00:15.261 [Test worker] DEBUG o.s.w.t.h.s.r.b.JettyHttpServer - Server stopped (0 millis).
14:00:15.312 [Test worker] DEBUG o.s.w.r.r.m.a.RequestMappingHandlerMapping - 14 mappings in 'requestMappingHandlerMapping'
14:00:15.333 [Test worker] DEBUG o.s.w.r.r.m.a.ControllerMethodResolver - ControllerAdvice beans: none
14:00:15.350 [Test worker] DEBUG o.s.w.s.a.HttpWebHandlerAdapter - enableLoggingRequestDetails='false': form data and headers will be masked to prevent unsafe logging of potentially sensitive data
14:00:15.350 [Test worker] DEBUG o.s.w.t.h.s.r.b.ReactorHttpServer - Starting ReactorHttpServer...
14:00:15.355 [Test worker] DEBUG o.s.w.t.h.s.r.b.ReactorHttpServer - Server started on port 43165(0 millis).
14:00:15.356 [Test worker] DEBUG o.s.w.c.RestTemplate - HTTP OPTIONS http://localhost:43165/no
14:00:15.356 [Test worker] DEBUG o.s.w.c.RestTemplate - Accept=[text/plain, application/json, application/x-jackson-smile, application/*+json, */*]
14:00:15.361 [reactor-http-epoll-4] DEBUG o.s.w.s.a.HttpWebHandlerAdapter - [7b2c3d7c-23] HTTP OPTIONS "/no"
14:00:15.361 [reactor-http-epoll-4] DEBUG o.s.w.r.r.m.a.RequestMappingHandlerMapping - [7b2c3d7c-23] Mapped to org.springframework.web.reactive.result.method.RequestMappingInfoHandlerMapping$HttpOptionsHandler#handle()
14:00:15.362 [reactor-http-epoll-4] DEBUG o.s.w.s.a.HttpWebHandlerAdapter - [7b2c3d7c-23] Completed 200 OK
14:00:15.365 [Test worker] DEBUG o.s.w.c.RestTemplate - Response 200 OK
14:00:15.365 [Test worker] DEBUG o.s.w.t.h.s.r.b.ReactorHttpServer - Stopping ReactorHttpServer...
14:00:15.365 [Test worker] DEBUG o.s.w.t.h.s.r.b.ReactorHttpServer - Server stopped (0 millis).
14:00:15.406 [Test worker] DEBUG o.s.w.r.r.m.a.RequestMappingHandlerMapping - 14 mappings in 'requestMappingHandlerMapping'
14:00:15.422 [Test worker] DEBUG o.s.w.r.r.m.a.ControllerMethodResolver - ControllerAdvice beans: none
14:00:15.440 [Test worker] DEBUG o.s.w.s.a.HttpWebHandlerAdapter - enableLoggingRequestDetails='false': form data and headers will be masked to prevent unsafe logging of potentially sensitive data
14:00:15.448 [Test worker] DEBUG o.s.w.t.h.s.r.b.TomcatHttpServer - Starting TomcatHttpServer...
14:00:15.573 [Test worker] DEBUG o.s.w.t.h.s.r.b.TomcatHttpServer - Server started on port 44165(0 millis).
14:00:15.573 [Test worker] DEBUG o.s.w.c.RestTemplate - HTTP OPTIONS http://localhost:44165/no
14:00:15.574 [Test worker] DEBUG o.s.w.c.RestTemplate - Accept=[text/plain, application/json, application/x-jackson-smile, application/*+json, */*]
14:00:15.577 [http-nio-auto-20-exec-1] DEBUG o.s.w.s.a.HttpWebHandlerAdapter - [5629628e] HTTP OPTIONS "/no"
14:00:15.577 [http-nio-auto-20-exec-1] DEBUG o.s.w.r.r.m.a.RequestMappingHandlerMapping - [5629628e] Mapped to org.springframework.web.reactive.result.method.RequestMappingInfoHandlerMapping$HttpOptionsHandler#handle()
14:00:15.578 [http-nio-auto-20-exec-1] DEBUG o.s.w.s.a.HttpWebHandlerAdapter - [5629628e] Completed 200 OK
14:00:15.578 [Test worker] DEBUG o.s.w.c.RestTemplate - Response 200 OK
14:00:15.579 [Test worker] DEBUG o.s.w.t.h.s.r.b.TomcatHttpServer - Stopping TomcatHttpServer...
14:00:15.599 [Test worker] DEBUG o.s.w.t.h.s.r.b.TomcatHttpServer - Server stopped (0 millis).
14:00:15.681 [Test worker] DEBUG o.s.w.r.r.m.a.RequestMappingHandlerMapping - 14 mappings in 'requestMappingHandlerMapping'
14:00:15.709 [Test worker] DEBUG o.s.w.r.r.m.a.ControllerMethodResolver - ControllerAdvice beans: none
14:00:15.744 [Test worker] DEBUG o.s.w.s.a.HttpWebHandlerAdapter - enableLoggingRequestDetails='false': form data and headers will be masked to prevent unsafe logging of potentially sensitive data
14:00:15.746 [Test worker] DEBUG o.s.w.t.h.s.r.b.UndertowHttpServer - Starting UndertowHttpServer...
14:00:15.746 [Test worker] INFO  i.undertow - starting server: Undertow - 2.0.30.Final
14:00:15.794 [Test worker] DEBUG o.s.w.t.h.s.r.b.UndertowHttpServer - Server started on port 41329(0 millis).
14:00:15.794 [Test worker] DEBUG o.s.w.c.RestTemplate - HTTP OPTIONS http://localhost:41329/no
14:00:15.794 [Test worker] DEBUG o.s.w.c.RestTemplate - Accept=[text/plain, application/json, application/x-jackson-smile, application/*+json, */*]
14:00:15.796 [XNIO-19 I/O-4] DEBUG o.s.w.s.a.HttpWebHandlerAdapter - [53ac280a] HTTP OPTIONS "/no"
14:00:15.796 [XNIO-19 I/O-4] DEBUG o.s.w.r.r.m.a.RequestMappingHandlerMapping - [53ac280a] Mapped to org.springframework.web.reactive.result.method.RequestMappingInfoHandlerMapping$HttpOptionsHandler#handle()
14:00:15.797 [XNIO-19 I/O-4] DEBUG o.s.w.s.a.HttpWebHandlerAdapter - [53ac280a] Completed 200 OK
14:00:15.797 [Test worker] DEBUG o.s.w.c.RestTemplate - Response 200 OK
14:00:15.797 [Test worker] DEBUG o.s.w.t.h.s.r.b.UndertowHttpServer - Stopping UndertowHttpServer...
14:00:15.797 [Test worker] INFO  i.undertow - stopping server: Undertow - 2.0.30.Final
14:00:15.805 [Test worker] DEBUG o.s.w.t.h.s.r.b.UndertowHttpServer - Server stopped (0 millis).
14:00:15.864 [Test worker] DEBUG o.s.w.r.r.m.a.RequestMappingHandlerMapping - 14 mappings in 'requestMappingHandlerMapping'
14:00:15.903 [Test worker] DEBUG o.s.w.r.r.m.a.ControllerMethodResolver - ControllerAdvice beans: none
14:00:15.926 [Test worker] DEBUG o.s.w.s.a.HttpWebHandlerAdapter - enableLoggingRequestDetails='false': form data and headers will be masked to prevent unsafe logging of potentially sensitive data
14:00:15.928 [Test worker] WARN  o.e.j.s.h.ContextHandler - Empty contextPath
14:00:15.928 [Test worker] INFO  o.e.j.s.h.ContextHandler - Started o.e.j.s.ServletContextHandler@66a9d7f3{/,null,AVAILABLE}
14:00:15.928 [Test worker] DEBUG o.s.w.t.h.s.r.b.JettyHttpServer - Starting JettyHttpServer...
14:00:15.928 [Test worker] INFO  o.e.j.s.Server - jetty-9.4.29.v20200521; built: 2020-05-21T17:20:40.598Z; git: 77c232aed8a45c818fd27232278d9f95a021095e; jvm 1.8.0_232-b09
14:00:16.018 [Test worker] INFO  o.e.j.s.AbstractConnector - Started ServerConnector@668865ed{HTTP/1.1, (http/1.1)}{0.0.0.0:38763}
14:00:16.018 [Test worker] INFO  o.e.j.s.Server - Started @36185ms
14:00:16.018 [Test worker] DEBUG o.s.w.t.h.s.r.b.JettyHttpServer - Server started on port 38763(0 millis).
14:00:16.019 [Test worker] DEBUG o.s.w.c.RestTemplate - HTTP POST http://localhost:38763/no
14:00:16.020 [Test worker] DEBUG o.s.w.c.RestTemplate - Accept=[text/plain, application/json, application/x-jackson-smile, application/*+json, */*]
14:00:16.039 [qtp1413318641-639] DEBUG o.s.w.s.a.HttpWebHandlerAdapter - [572eb745] HTTP POST "/no"
14:00:16.040 [qtp1413318641-639] DEBUG o.s.w.r.r.m.a.RequestMappingHandlerMapping - [572eb745] Mapped to org.springframework.web.reactive.result.method.annotation.CrossOriginAnnotationIntegrationTests$MethodLevelController#noAnnotationPost()
14:00:16.040 [qtp1413318641-639] DEBUG o.s.w.r.r.m.a.ResponseBodyResultHandler - Using 'text/plain;charset=UTF-8' given [text/plain, application/json, application/x-jackson-smile, application/*+json, */*] and supported [text/plain;charset=UTF-8, text/event-stream, text/plain;charset=UTF-8, */*]
14:00:16.040 [qtp1413318641-639] DEBUG o.s.w.r.r.m.a.ResponseBodyResultHandler - [572eb745] 0..1 [java.lang.String]
14:00:16.040 [qtp1413318641-639] DEBUG o.s.c.c.CharSequenceEncoder - [572eb745] Writing "no-post"
14:00:16.041 [qtp1413318641-639] DEBUG o.s.w.s.a.HttpWebHandlerAdapter - [572eb745] Completed 200 OK
14:00:16.041 [Test worker] DEBUG o.s.w.c.RestTemplate - Response 200 OK
14:00:16.041 [Test worker] DEBUG o.s.w.c.RestTemplate - Reading to [java.lang.String] as "text/plain;charset=utf-8"
14:00:16.041 [Test worker] DEBUG o.s.w.t.h.s.r.b.JettyHttpServer - Stopping JettyHttpServer...
14:00:16.041 [Test worker] INFO  o.e.j.s.h.ContextHandler - Stopped o.e.j.s.ServletContextHandler@66a9d7f3{/,null,UNAVAILABLE}
14:00:16.042 [Test worker] INFO  o.e.j.s.AbstractConnector - Stopped ServerConnector@668865ed{HTTP/1.1, (http/1.1)}{0.0.0.0:0}
14:00:16.042 [Test worker] DEBUG o.s.w.t.h.s.r.b.JettyHttpServer - Server stopped (0 millis).
14:00:16.081 [Test worker] DEBUG o.s.w.r.r.m.a.RequestMappingHandlerMapping - 14 mappings in 'requestMappingHandlerMapping'
14:00:16.099 [Test worker] DEBUG o.s.w.r.r.m.a.ControllerMethodResolver - ControllerAdvice beans: none
14:00:16.107 [Test worker] DEBUG o.s.w.s.a.HttpWebHandlerAdapter - enableLoggingRequestDetails='false': form data and headers will be masked to prevent unsafe logging of potentially sensitive data
14:00:16.108 [Test worker] DEBUG o.s.w.t.h.s.r.b.ReactorHttpServer - Starting ReactorHttpServer...
14:00:16.109 [Test worker] DEBUG o.s.w.t.h.s.r.b.ReactorHttpServer - Server started on port 33025(0 millis).
14:00:16.109 [Test worker] DEBUG o.s.w.c.RestTemplate - HTTP POST http://localhost:33025/no
14:00:16.112 [Test worker] DEBUG o.s.w.c.RestTemplate - Accept=[text/plain, application/json, application/x-jackson-smile, application/*+json, */*]
14:00:16.114 [reactor-http-epoll-2] DEBUG o.s.w.s.a.HttpWebHandlerAdapter - [842bdfe6-24] HTTP POST "/no"
14:00:16.114 [reactor-http-epoll-2] DEBUG o.s.w.r.r.m.a.RequestMappingHandlerMapping - [842bdfe6-24] Mapped to org.springframework.web.reactive.result.method.annotation.CrossOriginAnnotationIntegrationTests$MethodLevelController#noAnnotationPost()
14:00:16.115 [reactor-http-epoll-2] DEBUG o.s.w.r.r.m.a.ResponseBodyResultHandler - Using 'text/plain;charset=UTF-8' given [text/plain, application/json, application/x-jackson-smile, application/*+json, */*] and supported [text/plain;charset=UTF-8, text/event-stream, text/plain;charset=UTF-8, */*]
14:00:16.115 [reactor-http-epoll-2] DEBUG o.s.w.r.r.m.a.ResponseBodyResultHandler - [842bdfe6-24] 0..1 [java.lang.String]
14:00:16.115 [reactor-http-epoll-2] DEBUG o.s.c.c.CharSequenceEncoder - [842bdfe6-24] Writing "no-post"
14:00:16.115 [reactor-http-epoll-2] DEBUG o.s.w.s.a.HttpWebHandlerAdapter - [842bdfe6-24] Completed 200 OK
14:00:16.116 [Test worker] DEBUG o.s.w.c.RestTemplate - Response 200 OK
14:00:16.116 [Test worker] DEBUG o.s.w.c.RestTemplate - Reading to [java.lang.String] as "text/plain;charset=UTF-8"
14:00:16.116 [Test worker] DEBUG o.s.w.t.h.s.r.b.ReactorHttpServer - Stopping ReactorHttpServer...
14:00:16.116 [Test worker] DEBUG o.s.w.t.h.s.r.b.ReactorHttpServer - Server stopped (0 millis).
14:00:16.164 [Test worker] DEBUG o.s.w.r.r.m.a.RequestMappingHandlerMapping - 14 mappings in 'requestMappingHandlerMapping'
14:00:16.187 [Test worker] DEBUG o.s.w.r.r.m.a.ControllerMethodResolver - ControllerAdvice beans: none
14:00:16.205 [Test worker] DEBUG o.s.w.s.a.HttpWebHandlerAdapter - enableLoggingRequestDetails='false': form data and headers will be masked to prevent unsafe logging of potentially sensitive data
14:00:16.205 [Test worker] DEBUG o.s.w.t.h.s.r.b.TomcatHttpServer - Starting TomcatHttpServer...
14:00:16.351 [Test worker] DEBUG o.s.w.t.h.s.r.b.TomcatHttpServer - Server started on port 41059(0 millis).
14:00:16.351 [Test worker] DEBUG o.s.w.c.RestTemplate - HTTP POST http://localhost:41059/no
14:00:16.351 [Test worker] DEBUG o.s.w.c.RestTemplate - Accept=[text/plain, application/json, application/x-jackson-smile, application/*+json, */*]
14:00:16.354 [http-nio-auto-21-exec-1] DEBUG o.s.w.s.a.HttpWebHandlerAdapter - [4a6c345d] HTTP POST "/no"
14:00:16.354 [http-nio-auto-21-exec-1] DEBUG o.s.w.r.r.m.a.RequestMappingHandlerMapping - [4a6c345d] Mapped to org.springframework.web.reactive.result.method.annotation.CrossOriginAnnotationIntegrationTests$MethodLevelController#noAnnotationPost()
14:00:16.355 [http-nio-auto-21-exec-1] DEBUG o.s.w.r.r.m.a.ResponseBodyResultHandler - Using 'text/plain;charset=UTF-8' given [text/plain, application/json, application/x-jackson-smile, application/*+json, */*] and supported [text/plain;charset=UTF-8, text/event-stream, text/plain;charset=UTF-8, */*]
14:00:16.355 [http-nio-auto-21-exec-1] DEBUG o.s.w.r.r.m.a.ResponseBodyResultHandler - [4a6c345d] 0..1 [java.lang.String]
14:00:16.355 [http-nio-auto-21-exec-1] DEBUG o.s.c.c.CharSequenceEncoder - [4a6c345d] Writing "no-post"
14:00:16.356 [http-nio-auto-21-exec-1] DEBUG o.s.w.s.a.HttpWebHandlerAdapter - [4a6c345d] Completed 200 OK
14:00:16.356 [Test worker] DEBUG o.s.w.c.RestTemplate - Response 200 OK
14:00:16.356 [Test worker] DEBUG o.s.w.c.RestTemplate - Reading to [java.lang.String] as "text/plain;charset=UTF-8"
14:00:16.356 [Test worker] DEBUG o.s.w.t.h.s.r.b.TomcatHttpServer - Stopping TomcatHttpServer...
14:00:16.370 [Test worker] DEBUG o.s.w.t.h.s.r.b.TomcatHttpServer - Server stopped (0 millis).
14:00:16.437 [Test worker] DEBUG o.s.w.r.r.m.a.RequestMappingHandlerMapping - 14 mappings in 'requestMappingHandlerMapping'
14:00:16.476 [Test worker] DEBUG o.s.w.r.r.m.a.ControllerMethodResolver - ControllerAdvice beans: none
14:00:16.495 [Test worker] DEBUG o.s.w.s.a.HttpWebHandlerAdapter - enableLoggingRequestDetails='false': form data and headers will be masked to prevent unsafe logging of potentially sensitive data
14:00:16.500 [Test worker] DEBUG o.s.w.t.h.s.r.b.UndertowHttpServer - Starting UndertowHttpServer...
14:00:16.500 [Test worker] INFO  i.undertow - starting server: Undertow - 2.0.30.Final
14:00:16.574 [Test worker] DEBUG o.s.w.t.h.s.r.b.UndertowHttpServer - Server started on port 35143(0 millis).
14:00:16.574 [Test worker] DEBUG o.s.w.c.RestTemplate - HTTP POST http://localhost:35143/no
14:00:16.574 [Test worker] DEBUG o.s.w.c.RestTemplate - Accept=[text/plain, application/json, application/x-jackson-smile, application/*+json, */*]
14:00:16.582 [XNIO-20 I/O-2] DEBUG o.s.w.s.a.HttpWebHandlerAdapter - [2203504c] HTTP POST "/no"
14:00:16.582 [XNIO-20 I/O-2] DEBUG o.s.w.r.r.m.a.RequestMappingHandlerMapping - [2203504c] Mapped to org.springframework.web.reactive.result.method.annotation.CrossOriginAnnotationIntegrationTests$MethodLevelController#noAnnotationPost()
14:00:16.583 [XNIO-20 I/O-2] DEBUG o.s.w.r.r.m.a.ResponseBodyResultHandler - Using 'text/plain;charset=UTF-8' given [text/plain, application/json, application/x-jackson-smile, application/*+json, */*] and supported [text/plain;charset=UTF-8, text/event-stream, text/plain;charset=UTF-8, */*]
14:00:16.583 [XNIO-20 I/O-2] DEBUG o.s.w.r.r.m.a.ResponseBodyResultHandler - [2203504c] 0..1 [java.lang.String]
14:00:16.583 [XNIO-20 I/O-2] DEBUG o.s.c.c.CharSequenceEncoder - [2203504c] Writing "no-post"
14:00:16.583 [XNIO-20 I/O-2] DEBUG o.s.w.s.a.HttpWebHandlerAdapter - [2203504c] Completed 200 OK
14:00:16.584 [Test worker] DEBUG o.s.w.c.RestTemplate - Response 200 OK
14:00:16.584 [Test worker] DEBUG o.s.w.c.RestTemplate - Reading to [java.lang.String] as "text/plain;charset=UTF-8"
14:00:16.584 [Test worker] DEBUG o.s.w.t.h.s.r.b.UndertowHttpServer - Stopping UndertowHttpServer...
14:00:16.584 [Test worker] INFO  i.undertow - stopping server: Undertow - 2.0.30.Final
14:00:16.585 [Test worker] DEBUG o.s.w.t.h.s.r.b.UndertowHttpServer - Server stopped (0 millis).
]]></system-out>
  <system-err><![CDATA[]]></system-err>
</testsuite>
