<?xml version="1.0" encoding="UTF-8"?>
<testsuite name="org.springframework.web.reactive.result.HandlerResultHandlerTests" tests="6" skipped="0" failures="0" errors="0" timestamp="2021-06-20T08:10:52" hostname="gankangdembp" time="0.067">
  <properties/>
  <testcase name="noConcreteMediaType()" classname="org.springframework.web.reactive.result.HandlerResultHandlerTests" time="0.014"/>
  <testcase name="removeQualityParameter()" classname="org.springframework.web.reactive.result.HandlerResultHandlerTests" time="0.01"/>
  <testcase name="usesContentTypeResolver()" classname="org.springframework.web.reactive.result.HandlerResultHandlerTests" time="0.002"/>
  <testcase name="charsetFromAcceptHeader()" classname="org.springframework.web.reactive.result.HandlerResultHandlerTests" time="0.002"/>
  <testcase name="producibleMediaTypesRequestAttribute()" classname="org.springframework.web.reactive.result.HandlerResultHandlerTests" time="0.002"/>
  <testcase name="sortsByQuality()" classname="org.springframework.web.reactive.result.HandlerResultHandlerTests" time="0.015"/>
  <system-out><![CDATA[16:10:52.359 [Test worker] DEBUG o.s.w.r.r.HandlerResultHandlerTests$TestResultHandler - Using 'application/octet-stream' given [*/*] and supported [*/*]
16:10:52.382 [Test worker] DEBUG o.s.w.r.r.HandlerResultHandlerTests$TestResultHandler - Using 'text/plain' given [text/plain;q=0.5] and supported [application/json, text/plain]
16:10:52.395 [Test worker] DEBUG o.s.w.r.r.HandlerResultHandlerTests$TestResultHandler - Using 'image/gif' given [image/gif] and supported [image/jpeg, image/gif, image/png]
16:10:52.398 [Test worker] DEBUG o.s.w.r.r.HandlerResultHandlerTests$TestResultHandler - Using 'text/plain;charset=ISO-8859-1' given [text/plain;charset=ISO-8859-1] and supported [text/plain;charset=UTF-8]
16:10:52.401 [Test worker] DEBUG o.s.w.r.r.HandlerResultHandlerTests$TestResultHandler - Using 'image/gif' given [*/*] and supported [image/gif]
16:10:52.416 [Test worker] DEBUG o.s.w.r.r.HandlerResultHandlerTests$TestResultHandler - Using 'application/json' given [application/json, text/plain;q=0.5] and supported [text/plain, application/json]
]]></system-out>
  <system-err><![CDATA[]]></system-err>
</testsuite>
