<?xml version="1.0" encoding="UTF-8"?>
<testsuite name="org.springframework.web.reactive.result.condition.ConsumesRequestConditionTests" tests="15" skipped="0" failures="0" errors="0" timestamp="2021-06-20T08:10:53" hostname="gankangdembp" time="0.102">
  <properties/>
  <testcase name="combineWithDefault()" classname="org.springframework.web.reactive.result.condition.ConsumesRequestConditionTests" time="0.004"/>
  <testcase name="parseConsumesAndHeaders()" classname="org.springframework.web.reactive.result.condition.ConsumesRequestConditionTests" time="0.007"/>
  <testcase name="consumesNoContent()" classname="org.springframework.web.reactive.result.condition.ConsumesRequestConditionTests" time="0.003"/>
  <testcase name="getMatchingCondition()" classname="org.springframework.web.reactive.result.condition.ConsumesRequestConditionTests" time="0.001"/>
  <testcase name="consumesMultipleMatch()" classname="org.springframework.web.reactive.result.condition.ConsumesRequestConditionTests" time="0.001"/>
  <testcase name="compareToSingle()" classname="org.springframework.web.reactive.result.condition.ConsumesRequestConditionTests" time="0.011"/>
  <testcase name="consumesMatch()" classname="org.springframework.web.reactive.result.condition.ConsumesRequestConditionTests" time="0.001"/>
  <testcase name="consumesSingleNoMatch()" classname="org.springframework.web.reactive.result.condition.ConsumesRequestConditionTests" time="0.001"/>
  <testcase name="consumesWildcardMatch()" classname="org.springframework.web.reactive.result.condition.ConsumesRequestConditionTests" time="0.001"/>
  <testcase name="consumesParseError()" classname="org.springframework.web.reactive.result.condition.ConsumesRequestConditionTests" time="0.001"/>
  <testcase name="combine()" classname="org.springframework.web.reactive.result.condition.ConsumesRequestConditionTests" time="0.0"/>
  <testcase name="compareToMultiple()" classname="org.springframework.web.reactive.result.condition.ConsumesRequestConditionTests" time="0.003"/>
  <testcase name="negatedConsumesMatch()" classname="org.springframework.web.reactive.result.condition.ConsumesRequestConditionTests" time="0.001"/>
  <testcase name="getConsumableMediaTypesNegatedExpression()" classname="org.springframework.web.reactive.result.condition.ConsumesRequestConditionTests" time="0.028"/>
  <testcase name="consumesParseErrorWithNegation()" classname="org.springframework.web.reactive.result.condition.ConsumesRequestConditionTests" time="0.006"/>
  <system-out><![CDATA[]]></system-out>
  <system-err><![CDATA[]]></system-err>
</testsuite>
