<?xml version="1.0" encoding="UTF-8"?>
<testsuite name="org.springframework.web.reactive.result.condition.HeadersRequestConditionTests" tests="14" skipped="0" failures="0" errors="0" timestamp="2021-06-20T08:10:49" hostname="gankangdembp" time="0.075">
  <properties/>
  <testcase name="headerCaseSensitiveValueMatch()" classname="org.springframework.web.reactive.result.condition.HeadersRequestConditionTests" time="0.002"/>
  <testcase name="compareTo()" classname="org.springframework.web.reactive.result.condition.HeadersRequestConditionTests" time="0.003"/>
  <testcase name="headerValueMatchNegated()" classname="org.springframework.web.reactive.result.condition.HeadersRequestConditionTests" time="0.001"/>
  <testcase name="getMatchingCondition()" classname="org.springframework.web.reactive.result.condition.HeadersRequestConditionTests" time="0.001"/>
  <testcase name="headerPresent()" classname="org.springframework.web.reactive.result.condition.HeadersRequestConditionTests" time="0.001"/>
  <testcase name="headerPresentNoMatch()" classname="org.springframework.web.reactive.result.condition.HeadersRequestConditionTests" time="0.019"/>
  <testcase name="headerValueNoMatchNegated()" classname="org.springframework.web.reactive.result.condition.HeadersRequestConditionTests" time="0.002"/>
  <testcase name="headerValueMatch()" classname="org.springframework.web.reactive.result.condition.HeadersRequestConditionTests" time="0.001"/>
  <testcase name="combine()" classname="org.springframework.web.reactive.result.condition.HeadersRequestConditionTests" time="0.0"/>
  <testcase name="headerValueNoMatch()" classname="org.springframework.web.reactive.result.condition.HeadersRequestConditionTests" time="0.001"/>
  <testcase name="headerNotPresent()" classname="org.springframework.web.reactive.result.condition.HeadersRequestConditionTests" time="0.001"/>
  <testcase name="compareToWithNegatedMatch()" classname="org.springframework.web.reactive.result.condition.HeadersRequestConditionTests" time="0.001"/>
  <testcase name="headerEquals()" classname="org.springframework.web.reactive.result.condition.HeadersRequestConditionTests" time="0.001"/>
  <testcase name="compareToWithMoreSpecificMatchByValue()" classname="org.springframework.web.reactive.result.condition.HeadersRequestConditionTests" time="0.001"/>
  <system-out><![CDATA[]]></system-out>
  <system-err><![CDATA[]]></system-err>
</testsuite>
