<?xml version="1.0" encoding="UTF-8"?>
<testsuite name="org.springframework.web.reactive.function.client.ExchangeStrategiesTests" tests="3" skipped="0" failures="0" errors="0" timestamp="2020-05-29T14:00:53" hostname="bamboo-18" time="0.028">
  <properties/>
  <testcase name="withDefaults()" classname="org.springframework.web.reactive.function.client.ExchangeStrategiesTests" time="0.0"/>
  <testcase name="mutate()" classname="org.springframework.web.reactive.function.client.ExchangeStrategiesTests" time="0.027"/>
  <testcase name="empty()" classname="org.springframework.web.reactive.function.client.ExchangeStrategiesTests" time="0.0"/>
  <system-out><![CDATA[]]></system-out>
  <system-err><![CDATA[]]></system-err>
</testsuite>
