<?xml version="1.0" encoding="UTF-8"?>
<testsuite name="org.springframework.web.reactive.function.server.support.RouterFunctionMappingTests" tests="2" skipped="0" failures="0" errors="0" timestamp="2020-05-29T14:02:15" hostname="bamboo-18" time="0.021">
  <properties/>
  <testcase name="normal()" classname="org.springframework.web.reactive.function.server.support.RouterFunctionMappingTests" time="0.007"/>
  <testcase name="noMatch()" classname="org.springframework.web.reactive.function.server.support.RouterFunctionMappingTests" time="0.013"/>
  <system-out><![CDATA[14:02:15.327 [Test worker] DEBUG o.s.w.r.f.s.s.RouterFunctionMapping - [4eb1e6c3] Mapped to org.springframework.web.reactive.function.server.support.RouterFunctionMappingTests$$Lambda$1406/1121746455@281f0393
]]></system-out>
  <system-err><![CDATA[]]></system-err>
</testsuite>
