<?xml version="1.0" encoding="UTF-8"?>
<testsuite name="org.springframework.web.reactive.function.server.RouterFunctionBuilderTests" tests="4" skipped="0" failures="0" errors="0" timestamp="2021-06-20T08:12:09" hostname="gankangdembp" time="0.175">
  <properties/>
  <testcase name="resources()" classname="org.springframework.web.reactive.function.server.RouterFunctionBuilderTests" time="0.024"/>
  <testcase name="filters()" classname="org.springframework.web.reactive.function.server.RouterFunctionBuilderTests" time="0.019"/>
  <testcase name="nest()" classname="org.springframework.web.reactive.function.server.RouterFunctionBuilderTests" time="0.082"/>
  <testcase name="route()" classname="org.springframework.web.reactive.function.server.RouterFunctionBuilderTests" time="0.05"/>
  <system-out><![CDATA[]]></system-out>
  <system-err><![CDATA[]]></system-err>
</testsuite>
