<?xml version="1.0" encoding="UTF-8"?>
<testsuite name="org.springframework.web.reactive.handler.CorsUrlHandlerMappingTests" tests="8" skipped="0" failures="0" errors="0" timestamp="2021-06-20T08:10:39" hostname="gankangdembp" time="8.826">
  <properties/>
  <testcase name="preFlightWithCorsAwareHandler()" classname="org.springframework.web.reactive.handler.CorsUrlHandlerMappingTests" time="8.739"/>
  <testcase name="preflightRequestWithoutCorsConfigurationProvider()" classname="org.springframework.web.reactive.handler.CorsUrlHandlerMappingTests" time="0.005"/>
  <testcase name="actualRequestWithoutCorsConfigurationProvider()" classname="org.springframework.web.reactive.handler.CorsUrlHandlerMappingTests" time="0.002"/>
  <testcase name="actualRequestWithCorsConfigurationSource()" classname="org.springframework.web.reactive.handler.CorsUrlHandlerMappingTests" time="0.005"/>
  <testcase name="preFlightRequestWithCorsConfigurationSource()" classname="org.springframework.web.reactive.handler.CorsUrlHandlerMappingTests" time="0.004"/>
  <testcase name="actualRequestWithCorsAwareHandler()" classname="org.springframework.web.reactive.handler.CorsUrlHandlerMappingTests" time="0.026"/>
  <testcase name="actualRequestWithGlobalCorsConfig()" classname="org.springframework.web.reactive.handler.CorsUrlHandlerMappingTests" time="0.005"/>
  <testcase name="preFlightRequestWithGlobalCorsConfig()" classname="org.springframework.web.reactive.handler.CorsUrlHandlerMappingTests" time="0.003"/>
  <system-out><![CDATA[16:10:48.311 [Test worker] DEBUG o.s.w.r.h.CorsUrlHandlerMappingTests$1 - [30c22c5] Mapped to org.springframework.web.reactive.handler.CorsUrlHandlerMappingTests$CorsAwareHandler@51c4954f
16:10:48.690 [Test worker] DEBUG o.s.w.r.h.CorsUrlHandlerMappingTests$1 - [7f13a10c] Mapped to java.lang.Object@5da42679
16:10:48.695 [Test worker] DEBUG o.s.w.r.h.CorsUrlHandlerMappingTests$1 - [ad448c4] Mapped to java.lang.Object@6cce32f9
16:10:48.712 [Test worker] DEBUG o.s.w.r.h.CorsUrlHandlerMappingTests$1 - [e37e5ad] Mapped to java.lang.Object@725c8dfc
16:10:48.718 [Test worker] DEBUG o.s.w.r.h.CorsUrlHandlerMappingTests$1 - [64d36dab] Mapped to java.lang.Object@6489357f
16:10:48.745 [Test worker] DEBUG o.s.w.r.h.CorsUrlHandlerMappingTests$1 - [315ccc74] Mapped to org.springframework.web.reactive.handler.CorsUrlHandlerMappingTests$CorsAwareHandler@7b2b1a55
16:10:48.751 [Test worker] DEBUG o.s.w.r.h.CorsUrlHandlerMappingTests$1 - [18d42666] Mapped to java.lang.Object@7ef90514
16:10:48.773 [Test worker] DEBUG o.s.w.r.h.CorsUrlHandlerMappingTests$1 - [2b7b364f] Mapped to java.lang.Object@20d417d3
]]></system-out>
  <system-err><![CDATA[]]></system-err>
</testsuite>
