<?xml version="1.0" encoding="UTF-8"?>
<testsuite name="org.springframework.web.reactive.function.server.RenderingResponseExtensionsTests" tests="1" skipped="0" failures="0" errors="0" timestamp="2021-06-20T08:12:59" hostname="gankangdembp" time="5.275">
  <properties/>
  <testcase name="buildAndAwait()" classname="org.springframework.web.reactive.function.server.RenderingResponseExtensionsTests" time="5.275"/>
  <system-out><![CDATA[]]></system-out>
  <system-err><![CDATA[]]></system-err>
</testsuite>
