<?xml version="1.0" encoding="UTF-8"?>
<testsuite name="org.springframework.web.reactive.socket.WebSocketIntegrationTests" tests="80" skipped="0" failures="0" errors="0" timestamp="2021-06-20T08:12:53" hostname="gankangdembp" time="4.863">
  <properties/>
  <testcase name="sessionClosing(WebSocketClient, HttpServer, Class)[1]" classname="org.springframework.web.reactive.socket.WebSocketIntegrationTests" time="0.401"/>
  <testcase name="sessionClosing(WebSocketClient, HttpServer, Class)[2]" classname="org.springframework.web.reactive.socket.WebSocketIntegrationTests" time="0.172"/>
  <testcase name="sessionClosing(WebSocketClient, HttpServer, Class)[3]" classname="org.springframework.web.reactive.socket.WebSocketIntegrationTests" time="0.093"/>
  <testcase name="sessionClosing(WebSocketClient, HttpServer, Class)[4]" classname="org.springframework.web.reactive.socket.WebSocketIntegrationTests" time="0.152"/>
  <testcase name="sessionClosing(WebSocketClient, HttpServer, Class)[5]" classname="org.springframework.web.reactive.socket.WebSocketIntegrationTests" time="0.134"/>
  <testcase name="sessionClosing(WebSocketClient, HttpServer, Class)[6]" classname="org.springframework.web.reactive.socket.WebSocketIntegrationTests" time="0.058"/>
  <testcase name="sessionClosing(WebSocketClient, HttpServer, Class)[7]" classname="org.springframework.web.reactive.socket.WebSocketIntegrationTests" time="0.052"/>
  <testcase name="sessionClosing(WebSocketClient, HttpServer, Class)[8]" classname="org.springframework.web.reactive.socket.WebSocketIntegrationTests" time="0.049"/>
  <testcase name="sessionClosing(WebSocketClient, HttpServer, Class)[9]" classname="org.springframework.web.reactive.socket.WebSocketIntegrationTests" time="0.109"/>
  <testcase name="sessionClosing(WebSocketClient, HttpServer, Class)[10]" classname="org.springframework.web.reactive.socket.WebSocketIntegrationTests" time="0.037"/>
  <testcase name="sessionClosing(WebSocketClient, HttpServer, Class)[11]" classname="org.springframework.web.reactive.socket.WebSocketIntegrationTests" time="0.02"/>
  <testcase name="sessionClosing(WebSocketClient, HttpServer, Class)[12]" classname="org.springframework.web.reactive.socket.WebSocketIntegrationTests" time="0.023"/>
  <testcase name="sessionClosing(WebSocketClient, HttpServer, Class)[13]" classname="org.springframework.web.reactive.socket.WebSocketIntegrationTests" time="0.091"/>
  <testcase name="sessionClosing(WebSocketClient, HttpServer, Class)[14]" classname="org.springframework.web.reactive.socket.WebSocketIntegrationTests" time="0.034"/>
  <testcase name="sessionClosing(WebSocketClient, HttpServer, Class)[15]" classname="org.springframework.web.reactive.socket.WebSocketIntegrationTests" time="0.016"/>
  <testcase name="sessionClosing(WebSocketClient, HttpServer, Class)[16]" classname="org.springframework.web.reactive.socket.WebSocketIntegrationTests" time="0.023"/>
  <testcase name="cookie(WebSocketClient, HttpServer, Class)[1]" classname="org.springframework.web.reactive.socket.WebSocketIntegrationTests" time="0.095"/>
  <testcase name="cookie(WebSocketClient, HttpServer, Class)[2]" classname="org.springframework.web.reactive.socket.WebSocketIntegrationTests" time="0.063"/>
  <testcase name="cookie(WebSocketClient, HttpServer, Class)[3]" classname="org.springframework.web.reactive.socket.WebSocketIntegrationTests" time="0.021"/>
  <testcase name="cookie(WebSocketClient, HttpServer, Class)[4]" classname="org.springframework.web.reactive.socket.WebSocketIntegrationTests" time="0.032"/>
  <testcase name="cookie(WebSocketClient, HttpServer, Class)[5]" classname="org.springframework.web.reactive.socket.WebSocketIntegrationTests" time="0.09"/>
  <testcase name="cookie(WebSocketClient, HttpServer, Class)[6]" classname="org.springframework.web.reactive.socket.WebSocketIntegrationTests" time="0.077"/>
  <testcase name="cookie(WebSocketClient, HttpServer, Class)[7]" classname="org.springframework.web.reactive.socket.WebSocketIntegrationTests" time="0.034"/>
  <testcase name="cookie(WebSocketClient, HttpServer, Class)[8]" classname="org.springframework.web.reactive.socket.WebSocketIntegrationTests" time="0.038"/>
  <testcase name="cookie(WebSocketClient, HttpServer, Class)[9]" classname="org.springframework.web.reactive.socket.WebSocketIntegrationTests" time="0.062"/>
  <testcase name="cookie(WebSocketClient, HttpServer, Class)[10]" classname="org.springframework.web.reactive.socket.WebSocketIntegrationTests" time="0.036"/>
  <testcase name="cookie(WebSocketClient, HttpServer, Class)[11]" classname="org.springframework.web.reactive.socket.WebSocketIntegrationTests" time="0.017"/>
  <testcase name="cookie(WebSocketClient, HttpServer, Class)[12]" classname="org.springframework.web.reactive.socket.WebSocketIntegrationTests" time="0.021"/>
  <testcase name="cookie(WebSocketClient, HttpServer, Class)[13]" classname="org.springframework.web.reactive.socket.WebSocketIntegrationTests" time="0.061"/>
  <testcase name="cookie(WebSocketClient, HttpServer, Class)[14]" classname="org.springframework.web.reactive.socket.WebSocketIntegrationTests" time="0.035"/>
  <testcase name="cookie(WebSocketClient, HttpServer, Class)[15]" classname="org.springframework.web.reactive.socket.WebSocketIntegrationTests" time="0.016"/>
  <testcase name="cookie(WebSocketClient, HttpServer, Class)[16]" classname="org.springframework.web.reactive.socket.WebSocketIntegrationTests" time="0.018"/>
  <testcase name="echo(WebSocketClient, HttpServer, Class)[1]" classname="org.springframework.web.reactive.socket.WebSocketIntegrationTests" time="0.114"/>
  <testcase name="echo(WebSocketClient, HttpServer, Class)[2]" classname="org.springframework.web.reactive.socket.WebSocketIntegrationTests" time="0.056"/>
  <testcase name="echo(WebSocketClient, HttpServer, Class)[3]" classname="org.springframework.web.reactive.socket.WebSocketIntegrationTests" time="0.07"/>
  <testcase name="echo(WebSocketClient, HttpServer, Class)[4]" classname="org.springframework.web.reactive.socket.WebSocketIntegrationTests" time="0.043"/>
  <testcase name="echo(WebSocketClient, HttpServer, Class)[5]" classname="org.springframework.web.reactive.socket.WebSocketIntegrationTests" time="0.092"/>
  <testcase name="echo(WebSocketClient, HttpServer, Class)[6]" classname="org.springframework.web.reactive.socket.WebSocketIntegrationTests" time="0.07"/>
  <testcase name="echo(WebSocketClient, HttpServer, Class)[7]" classname="org.springframework.web.reactive.socket.WebSocketIntegrationTests" time="0.089"/>
  <testcase name="echo(WebSocketClient, HttpServer, Class)[8]" classname="org.springframework.web.reactive.socket.WebSocketIntegrationTests" time="0.059"/>
  <testcase name="echo(WebSocketClient, HttpServer, Class)[9]" classname="org.springframework.web.reactive.socket.WebSocketIntegrationTests" time="0.108"/>
  <testcase name="echo(WebSocketClient, HttpServer, Class)[10]" classname="org.springframework.web.reactive.socket.WebSocketIntegrationTests" time="0.082"/>
  <testcase name="echo(WebSocketClient, HttpServer, Class)[11]" classname="org.springframework.web.reactive.socket.WebSocketIntegrationTests" time="0.089"/>
  <testcase name="echo(WebSocketClient, HttpServer, Class)[12]" classname="org.springframework.web.reactive.socket.WebSocketIntegrationTests" time="0.09"/>
  <testcase name="echo(WebSocketClient, HttpServer, Class)[13]" classname="org.springframework.web.reactive.socket.WebSocketIntegrationTests" time="0.087"/>
  <testcase name="echo(WebSocketClient, HttpServer, Class)[14]" classname="org.springframework.web.reactive.socket.WebSocketIntegrationTests" time="0.064"/>
  <testcase name="echo(WebSocketClient, HttpServer, Class)[15]" classname="org.springframework.web.reactive.socket.WebSocketIntegrationTests" time="0.121"/>
  <testcase name="echo(WebSocketClient, HttpServer, Class)[16]" classname="org.springframework.web.reactive.socket.WebSocketIntegrationTests" time="0.033"/>
  <testcase name="customHeader(WebSocketClient, HttpServer, Class)[1]" classname="org.springframework.web.reactive.socket.WebSocketIntegrationTests" time="0.057"/>
  <testcase name="customHeader(WebSocketClient, HttpServer, Class)[2]" classname="org.springframework.web.reactive.socket.WebSocketIntegrationTests" time="0.042"/>
  <testcase name="customHeader(WebSocketClient, HttpServer, Class)[3]" classname="org.springframework.web.reactive.socket.WebSocketIntegrationTests" time="0.021"/>
  <testcase name="customHeader(WebSocketClient, HttpServer, Class)[4]" classname="org.springframework.web.reactive.socket.WebSocketIntegrationTests" time="0.032"/>
  <testcase name="customHeader(WebSocketClient, HttpServer, Class)[5]" classname="org.springframework.web.reactive.socket.WebSocketIntegrationTests" time="0.083"/>
  <testcase name="customHeader(WebSocketClient, HttpServer, Class)[6]" classname="org.springframework.web.reactive.socket.WebSocketIntegrationTests" time="0.061"/>
  <testcase name="customHeader(WebSocketClient, HttpServer, Class)[7]" classname="org.springframework.web.reactive.socket.WebSocketIntegrationTests" time="0.034"/>
  <testcase name="customHeader(WebSocketClient, HttpServer, Class)[8]" classname="org.springframework.web.reactive.socket.WebSocketIntegrationTests" time="0.039"/>
  <testcase name="customHeader(WebSocketClient, HttpServer, Class)[9]" classname="org.springframework.web.reactive.socket.WebSocketIntegrationTests" time="0.065"/>
  <testcase name="customHeader(WebSocketClient, HttpServer, Class)[10]" classname="org.springframework.web.reactive.socket.WebSocketIntegrationTests" time="0.035"/>
  <testcase name="customHeader(WebSocketClient, HttpServer, Class)[11]" classname="org.springframework.web.reactive.socket.WebSocketIntegrationTests" time="0.018"/>
  <testcase name="customHeader(WebSocketClient, HttpServer, Class)[12]" classname="org.springframework.web.reactive.socket.WebSocketIntegrationTests" time="0.02"/>
  <testcase name="customHeader(WebSocketClient, HttpServer, Class)[13]" classname="org.springframework.web.reactive.socket.WebSocketIntegrationTests" time="0.065"/>
  <testcase name="customHeader(WebSocketClient, HttpServer, Class)[14]" classname="org.springframework.web.reactive.socket.WebSocketIntegrationTests" time="0.036"/>
  <testcase name="customHeader(WebSocketClient, HttpServer, Class)[15]" classname="org.springframework.web.reactive.socket.WebSocketIntegrationTests" time="0.018"/>
  <testcase name="customHeader(WebSocketClient, HttpServer, Class)[16]" classname="org.springframework.web.reactive.socket.WebSocketIntegrationTests" time="0.023"/>
  <testcase name="subProtocol(WebSocketClient, HttpServer, Class)[1]" classname="org.springframework.web.reactive.socket.WebSocketIntegrationTests" time="0.08"/>
  <testcase name="subProtocol(WebSocketClient, HttpServer, Class)[2]" classname="org.springframework.web.reactive.socket.WebSocketIntegrationTests" time="0.041"/>
  <testcase name="subProtocol(WebSocketClient, HttpServer, Class)[3]" classname="org.springframework.web.reactive.socket.WebSocketIntegrationTests" time="0.023"/>
  <testcase name="subProtocol(WebSocketClient, HttpServer, Class)[4]" classname="org.springframework.web.reactive.socket.WebSocketIntegrationTests" time="0.04"/>
  <testcase name="subProtocol(WebSocketClient, HttpServer, Class)[5]" classname="org.springframework.web.reactive.socket.WebSocketIntegrationTests" time="0.107"/>
  <testcase name="subProtocol(WebSocketClient, HttpServer, Class)[6]" classname="org.springframework.web.reactive.socket.WebSocketIntegrationTests" time="0.062"/>
  <testcase name="subProtocol(WebSocketClient, HttpServer, Class)[7]" classname="org.springframework.web.reactive.socket.WebSocketIntegrationTests" time="0.036"/>
  <testcase name="subProtocol(WebSocketClient, HttpServer, Class)[8]" classname="org.springframework.web.reactive.socket.WebSocketIntegrationTests" time="0.047"/>
  <testcase name="subProtocol(WebSocketClient, HttpServer, Class)[9]" classname="org.springframework.web.reactive.socket.WebSocketIntegrationTests" time="0.054"/>
  <testcase name="subProtocol(WebSocketClient, HttpServer, Class)[10]" classname="org.springframework.web.reactive.socket.WebSocketIntegrationTests" time="0.041"/>
  <testcase name="subProtocol(WebSocketClient, HttpServer, Class)[11]" classname="org.springframework.web.reactive.socket.WebSocketIntegrationTests" time="0.018"/>
  <testcase name="subProtocol(WebSocketClient, HttpServer, Class)[12]" classname="org.springframework.web.reactive.socket.WebSocketIntegrationTests" time="0.02"/>
  <testcase name="subProtocol(WebSocketClient, HttpServer, Class)[13]" classname="org.springframework.web.reactive.socket.WebSocketIntegrationTests" time="0.05"/>
  <testcase name="subProtocol(WebSocketClient, HttpServer, Class)[14]" classname="org.springframework.web.reactive.socket.WebSocketIntegrationTests" time="0.038"/>
  <testcase name="subProtocol(WebSocketClient, HttpServer, Class)[15]" classname="org.springframework.web.reactive.socket.WebSocketIntegrationTests" time="0.014"/>
  <testcase name="subProtocol(WebSocketClient, HttpServer, Class)[16]" classname="org.springframework.web.reactive.socket.WebSocketIntegrationTests" time="0.02"/>
  <system-out><![CDATA[16:12:53.661 [Test worker] DEBUG o.s.w.r.h.SimpleUrlHandlerMapping - Patterns [/close, /echo, /sub-protocol, /cookie, /custom-header] in 'handlerMapping'
16:12:53.688 [Test worker] DEBUG o.s.w.s.a.HttpWebHandlerAdapter - enableLoggingRequestDetails='false': form data and headers will be masked to prevent unsafe logging of potentially sensitive data
16:12:53.689 [Test worker] DEBUG o.s.w.t.h.s.r.b.TomcatHttpServer - Starting TomcatHttpServer...
16:12:53.725 [Test worker] DEBUG o.s.w.t.h.s.r.b.TomcatHttpServer - Server started on port 56953(0 millis).
16:12:53.811 [boundedElastic-1] DEBUG o.s.w.r.s.c.StandardWebSocketClient - Connecting to ws://localhost:56953/close
16:12:53.854 [http-nio-auto-57-exec-1] DEBUG o.s.w.s.a.HttpWebHandlerAdapter - [45f6e692] HTTP GET "/close"
16:12:53.854 [http-nio-auto-57-exec-1] DEBUG o.s.w.r.h.SimpleUrlHandlerMapping - [45f6e692] Mapped to org.springframework.web.reactive.socket.WebSocketIntegrationTests$SessionClosingHandler@f46048
16:12:53.888 [http-nio-auto-57-exec-1] DEBUG o.s.w.s.a.HttpWebHandlerAdapter - [45f6e692] Completed 101 SWITCHING_PROTOCOLS
16:12:53.926 [http-nio-auto-57-exec-1] DEBUG o.s.w.r.s.a.TomcatWebSocketSession - [45f6e692] Session id "1" for http://localhost:56953/close
16:12:53.932 [boundedElastic-1] DEBUG o.s.w.r.s.a.TomcatWebSocketSession - [0] Session id "0" for ws://localhost:56953/close
16:12:53.940 [boundedElastic-1] DEBUG o.s.w.r.s.WebSocketIntegrationTests - Starting..
16:12:53.960 [WebSocketClient-AsyncIO-1] DEBUG o.s.w.r.s.WebSocketIntegrationTests - Completed with: onComplete
16:12:53.961 [Test worker] DEBUG o.s.w.t.h.s.r.b.TomcatHttpServer - Stopping TomcatHttpServer...
16:12:53.981 [Test worker] DEBUG o.s.w.t.h.s.r.b.TomcatHttpServer - Server stopped (0 millis).
16:12:54.000 [Test worker] DEBUG o.s.w.r.h.SimpleUrlHandlerMapping - Patterns [/close, /echo, /sub-protocol, /cookie, /custom-header] in 'handlerMapping'
16:12:54.008 [Test worker] DEBUG o.s.w.s.a.HttpWebHandlerAdapter - enableLoggingRequestDetails='false': form data and headers will be masked to prevent unsafe logging of potentially sensitive data
16:12:54.008 [Test worker] WARN  o.e.j.s.h.ContextHandler - Empty contextPath
16:12:54.009 [Test worker] INFO  o.e.j.s.h.ContextHandler - Started o.e.j.s.ServletContextHandler@7e3f54f8{/,null,AVAILABLE}
16:12:54.009 [Test worker] DEBUG o.s.w.t.h.s.r.b.JettyHttpServer - Starting JettyHttpServer...
16:12:54.009 [Test worker] INFO  o.e.j.s.Server - jetty-9.4.31.v20200723; built: 2020-07-23T17:57:36.812Z; git: 450ba27947e13e66baa8cd1ce7e85a4461cacc1d; jvm 1.8.0_201-b09
16:12:54.013 [Test worker] INFO  o.e.j.s.AbstractConnector - Started ServerConnector@4c14228c{HTTP/1.1, (http/1.1)}{0.0.0.0:56956}
16:12:54.013 [Test worker] INFO  o.e.j.s.Server - Started @141859ms
16:12:54.013 [Test worker] DEBUG o.s.w.t.h.s.r.b.JettyHttpServer - Server started on port 56956(0 millis).
16:12:54.014 [boundedElastic-1] DEBUG o.s.w.r.s.c.StandardWebSocketClient - Connecting to ws://localhost:56956/close
16:12:54.019 [qtp81689726-2677] DEBUG o.s.w.s.a.HttpWebHandlerAdapter - [655d483c] HTTP GET "/close"
16:12:54.019 [qtp81689726-2677] DEBUG o.s.w.r.h.SimpleUrlHandlerMapping - [655d483c] Mapped to org.springframework.web.reactive.socket.WebSocketIntegrationTests$SessionClosingHandler@205fcaf3
16:12:54.117 [qtp81689726-2677] DEBUG o.s.w.s.a.HttpWebHandlerAdapter - [655d483c] Completed 101 SWITCHING_PROTOCOLS
16:12:54.120 [boundedElastic-1] DEBUG o.s.w.r.s.a.TomcatWebSocketSession - [2] Session id "2" for ws://localhost:56956/close
16:12:54.120 [boundedElastic-1] DEBUG o.s.w.r.s.WebSocketIntegrationTests - Starting..
16:12:54.129 [qtp81689726-2677] DEBUG o.s.w.r.s.a.JettyWebSocketSession - [655d483c] Session id "37201e4e" for http://localhost:56956/close
16:12:54.138 [WebSocketClient-AsyncIO-1] DEBUG o.s.w.r.s.WebSocketIntegrationTests - Completed with: onComplete
16:12:54.138 [Test worker] DEBUG o.s.w.t.h.s.r.b.JettyHttpServer - Stopping JettyHttpServer...
16:12:54.138 [Test worker] INFO  o.e.j.s.h.ContextHandler - Stopped o.e.j.s.ServletContextHandler@7e3f54f8{/,null,UNAVAILABLE}
16:12:54.140 [Test worker] INFO  o.e.j.s.AbstractConnector - Stopped ServerConnector@4c14228c{HTTP/1.1, (http/1.1)}{0.0.0.0:0}
16:12:54.155 [Test worker] DEBUG o.s.w.t.h.s.r.b.JettyHttpServer - Server stopped (0 millis).
16:12:54.166 [Test worker] DEBUG o.s.w.r.h.SimpleUrlHandlerMapping - Patterns [/close, /echo, /sub-protocol, /cookie, /custom-header] in 'handlerMapping'
16:12:54.175 [Test worker] DEBUG o.s.w.s.a.HttpWebHandlerAdapter - enableLoggingRequestDetails='false': form data and headers will be masked to prevent unsafe logging of potentially sensitive data
16:12:54.175 [Test worker] DEBUG o.s.w.t.h.s.r.b.ReactorHttpServer - Starting ReactorHttpServer...
16:12:54.176 [Test worker] DEBUG o.s.w.t.h.s.r.b.ReactorHttpServer - Server started on port 56958(0 millis).
16:12:54.176 [boundedElastic-1] DEBUG o.s.w.r.s.c.StandardWebSocketClient - Connecting to ws://localhost:56958/close
16:12:54.180 [reactor-http-nio-5] DEBUG o.s.w.s.a.HttpWebHandlerAdapter - [d44cf975-58] HTTP GET "/close"
16:12:54.180 [reactor-http-nio-5] DEBUG o.s.w.r.h.SimpleUrlHandlerMapping - [d44cf975-58] Mapped to org.springframework.web.reactive.socket.WebSocketIntegrationTests$SessionClosingHandler@4a137cab
16:12:54.229 [boundedElastic-1] DEBUG o.s.w.r.s.a.TomcatWebSocketSession - [3] Session id "3" for ws://localhost:56958/close
16:12:54.229 [boundedElastic-1] DEBUG o.s.w.r.s.WebSocketIntegrationTests - Starting..
16:12:54.237 [reactor-http-nio-5] DEBUG o.s.w.r.s.a.ReactorNettyWebSocketSession - [d44cf975-58] Session id "1fb6fa79" for http://localhost:56958/close
16:12:54.248 [WebSocketClient-AsyncIO-1] DEBUG o.s.w.r.s.WebSocketIntegrationTests - Completed with: onComplete
16:12:54.248 [reactor-http-nio-5] DEBUG o.s.w.s.a.HttpWebHandlerAdapter - [d44cf975-58] Completed 200 OK
16:12:54.249 [Test worker] DEBUG o.s.w.t.h.s.r.b.ReactorHttpServer - Stopping ReactorHttpServer...
16:12:54.249 [Test worker] DEBUG o.s.w.t.h.s.r.b.ReactorHttpServer - Server stopped (0 millis).
16:12:54.260 [Test worker] DEBUG o.s.w.r.h.SimpleUrlHandlerMapping - Patterns [/close, /echo, /sub-protocol, /cookie, /custom-header] in 'handlerMapping'
16:12:54.267 [Test worker] DEBUG o.s.w.s.a.HttpWebHandlerAdapter - enableLoggingRequestDetails='false': form data and headers will be masked to prevent unsafe logging of potentially sensitive data
16:12:54.267 [Test worker] DEBUG o.s.w.t.h.s.r.b.UndertowHttpServer - Starting UndertowHttpServer...
16:12:54.267 [Test worker] INFO  i.undertow - starting server: Undertow - 2.0.32.Final
16:12:54.271 [Test worker] DEBUG o.s.w.t.h.s.r.b.UndertowHttpServer - Server started on port 56960(0 millis).
16:12:54.271 [boundedElastic-1] DEBUG o.s.w.r.s.c.StandardWebSocketClient - Connecting to ws://localhost:56960/close
16:12:54.276 [XNIO-58 I/O-6] DEBUG o.s.w.s.a.HttpWebHandlerAdapter - [6cc67b07] HTTP GET "/close"
16:12:54.276 [XNIO-58 I/O-6] DEBUG o.s.w.r.h.SimpleUrlHandlerMapping - [6cc67b07] Mapped to org.springframework.web.reactive.socket.WebSocketIntegrationTests$SessionClosingHandler@68f9e247
16:12:54.336 [boundedElastic-1] DEBUG o.s.w.r.s.a.TomcatWebSocketSession - [4] Session id "4" for ws://localhost:56960/close
16:12:54.336 [boundedElastic-1] DEBUG o.s.w.r.s.WebSocketIntegrationTests - Starting..
16:12:54.367 [XNIO-58 I/O-6] DEBUG o.s.w.r.s.a.UndertowWebSocketSession - [6cc67b07] Session id "293b62dc" for http://localhost:56960/close
16:12:54.383 [WebSocketClient-AsyncIO-1] DEBUG o.s.w.r.s.WebSocketIntegrationTests - Completed with: onComplete
16:12:54.384 [XNIO-58 I/O-6] DEBUG o.s.w.s.a.HttpWebHandlerAdapter - [6cc67b07] Completed 101 SWITCHING_PROTOCOLS
16:12:54.384 [Test worker] DEBUG o.s.w.t.h.s.r.b.UndertowHttpServer - Stopping UndertowHttpServer...
16:12:54.384 [Test worker] INFO  i.undertow - stopping server: Undertow - 2.0.32.Final
16:12:54.402 [Test worker] DEBUG o.s.w.t.h.s.r.b.UndertowHttpServer - Server stopped (0 millis).
16:12:54.409 [Test worker] DEBUG o.s.w.r.h.SimpleUrlHandlerMapping - Patterns [/close, /echo, /sub-protocol, /cookie, /custom-header] in 'handlerMapping'
16:12:54.411 [Test worker] DEBUG o.s.w.s.a.HttpWebHandlerAdapter - enableLoggingRequestDetails='false': form data and headers will be masked to prevent unsafe logging of potentially sensitive data
16:12:54.411 [Test worker] DEBUG o.s.w.t.h.s.r.b.TomcatHttpServer - Starting TomcatHttpServer...
16:12:54.422 [Test worker] DEBUG o.s.w.t.h.s.r.b.TomcatHttpServer - Server started on port 56962(0 millis).
16:12:54.453 [Test worker] DEBUG o.s.w.r.s.c.JettyWebSocketClient - Connecting to ws://localhost:56962/close
16:12:54.476 [http-nio-auto-58-exec-1] DEBUG o.s.w.s.a.HttpWebHandlerAdapter - [573cbfd9] HTTP GET "/close"
16:12:54.477 [http-nio-auto-58-exec-1] DEBUG o.s.w.r.h.SimpleUrlHandlerMapping - [573cbfd9] Mapped to org.springframework.web.reactive.socket.WebSocketIntegrationTests$SessionClosingHandler@59fb5b4e
16:12:54.478 [http-nio-auto-58-exec-1] DEBUG o.s.w.s.a.HttpWebHandlerAdapter - [573cbfd9] Completed 101 SWITCHING_PROTOCOLS
16:12:54.481 [http-nio-auto-58-exec-1] DEBUG o.s.w.r.s.a.TomcatWebSocketSession - [573cbfd9] Session id "5" for http://localhost:56962/close
16:12:54.488 [WebSocketClient@1265205330-2709] DEBUG o.s.w.r.s.a.JettyWebSocketSession - [46647e46] Session id "46647e46" for ws://localhost:56962/close
16:12:54.488 [WebSocketClient@1265205330-2709] DEBUG o.s.w.r.s.WebSocketIntegrationTests - Starting..
16:12:54.494 [WebSocketClient@1265205330-2710] DEBUG o.s.w.r.s.WebSocketIntegrationTests - Completed with: onComplete
16:12:54.516 [Test worker] DEBUG o.s.w.t.h.s.r.b.TomcatHttpServer - Stopping TomcatHttpServer...
16:12:54.537 [Test worker] DEBUG o.s.w.t.h.s.r.b.TomcatHttpServer - Server stopped (0 millis).
16:12:54.544 [Test worker] DEBUG o.s.w.r.h.SimpleUrlHandlerMapping - Patterns [/close, /echo, /sub-protocol, /cookie, /custom-header] in 'handlerMapping'
16:12:54.546 [Test worker] DEBUG o.s.w.s.a.HttpWebHandlerAdapter - enableLoggingRequestDetails='false': form data and headers will be masked to prevent unsafe logging of potentially sensitive data
16:12:54.546 [Test worker] WARN  o.e.j.s.h.ContextHandler - Empty contextPath
16:12:54.547 [Test worker] INFO  o.e.j.s.h.ContextHandler - Started o.e.j.s.ServletContextHandler@81b28a9{/,null,AVAILABLE}
16:12:54.547 [Test worker] DEBUG o.s.w.t.h.s.r.b.JettyHttpServer - Starting JettyHttpServer...
16:12:54.548 [Test worker] INFO  o.e.j.s.Server - jetty-9.4.31.v20200723; built: 2020-07-23T17:57:36.812Z; git: 450ba27947e13e66baa8cd1ce7e85a4461cacc1d; jvm 1.8.0_201-b09
16:12:54.551 [Test worker] INFO  o.e.j.s.AbstractConnector - Started ServerConnector@3ebe67da{HTTP/1.1, (http/1.1)}{0.0.0.0:56965}
16:12:54.551 [Test worker] INFO  o.e.j.s.Server - Started @142397ms
16:12:54.551 [Test worker] DEBUG o.s.w.t.h.s.r.b.JettyHttpServer - Server started on port 56965(0 millis).
16:12:54.556 [Test worker] DEBUG o.s.w.r.s.c.JettyWebSocketClient - Connecting to ws://localhost:56965/close
16:12:54.560 [qtp1108660290-2738] DEBUG o.s.w.s.a.HttpWebHandlerAdapter - [608cf62e] HTTP GET "/close"
16:12:54.561 [qtp1108660290-2738] DEBUG o.s.w.r.h.SimpleUrlHandlerMapping - [608cf62e] Mapped to org.springframework.web.reactive.socket.WebSocketIntegrationTests$SessionClosingHandler@6e4b044f
16:12:54.565 [qtp1108660290-2738] DEBUG o.s.w.s.a.HttpWebHandlerAdapter - [608cf62e] Completed 101 SWITCHING_PROTOCOLS
16:12:54.566 [qtp1108660290-2738] DEBUG o.s.w.r.s.a.JettyWebSocketSession - [608cf62e] Session id "4f59f13b" for http://localhost:56965/close
16:12:54.566 [WebSocketClient@1265205330-2735] DEBUG o.s.w.r.s.a.JettyWebSocketSession - [6745d68a] Session id "6745d68a" for ws://localhost:56965/close
16:12:54.566 [WebSocketClient@1265205330-2735] DEBUG o.s.w.r.s.WebSocketIntegrationTests - Starting..
16:12:54.569 [WebSocketClient@1265205330-2729] DEBUG o.s.w.r.s.WebSocketIntegrationTests - Completed with: onComplete
16:12:54.582 [Test worker] DEBUG o.s.w.t.h.s.r.b.JettyHttpServer - Stopping JettyHttpServer...
16:12:54.582 [Test worker] INFO  o.e.j.s.h.ContextHandler - Stopped o.e.j.s.ServletContextHandler@81b28a9{/,null,UNAVAILABLE}
16:12:54.584 [Test worker] INFO  o.e.j.s.AbstractConnector - Stopped ServerConnector@3ebe67da{HTTP/1.1, (http/1.1)}{0.0.0.0:0}
16:12:54.595 [Test worker] DEBUG o.s.w.t.h.s.r.b.JettyHttpServer - Server stopped (0 millis).
16:12:54.603 [Test worker] DEBUG o.s.w.r.h.SimpleUrlHandlerMapping - Patterns [/close, /echo, /sub-protocol, /cookie, /custom-header] in 'handlerMapping'
16:12:54.604 [Test worker] DEBUG o.s.w.s.a.HttpWebHandlerAdapter - enableLoggingRequestDetails='false': form data and headers will be masked to prevent unsafe logging of potentially sensitive data
16:12:54.604 [Test worker] DEBUG o.s.w.t.h.s.r.b.ReactorHttpServer - Starting ReactorHttpServer...
16:12:54.605 [Test worker] DEBUG o.s.w.t.h.s.r.b.ReactorHttpServer - Server started on port 56967(0 millis).
16:12:54.613 [Test worker] DEBUG o.s.w.r.s.c.JettyWebSocketClient - Connecting to ws://localhost:56967/close
16:12:54.619 [reactor-http-nio-7] DEBUG o.s.w.s.a.HttpWebHandlerAdapter - [b798ef7d-59] HTTP GET "/close"
16:12:54.619 [reactor-http-nio-7] DEBUG o.s.w.r.h.SimpleUrlHandlerMapping - [b798ef7d-59] Mapped to org.springframework.web.reactive.socket.WebSocketIntegrationTests$SessionClosingHandler@77942301
16:12:54.621 [reactor-http-nio-7] DEBUG o.s.w.r.s.a.ReactorNettyWebSocketSession - [b798ef7d-59] Session id "36d63749" for http://localhost:56967/close
16:12:54.622 [reactor-http-nio-7] DEBUG o.s.w.s.a.HttpWebHandlerAdapter - [b798ef7d-59] Completed 200 OK
16:12:54.622 [WebSocketClient@1265205330-2748] DEBUG o.s.w.r.s.a.JettyWebSocketSession - [271d5d20] Session id "271d5d20" for ws://localhost:56967/close
16:12:54.622 [WebSocketClient@1265205330-2748] DEBUG o.s.w.r.s.WebSocketIntegrationTests - Starting..
16:12:54.629 [WebSocketClient@1265205330-2742] DEBUG o.s.w.r.s.WebSocketIntegrationTests - Completed with: onComplete
16:12:54.648 [Test worker] DEBUG o.s.w.t.h.s.r.b.ReactorHttpServer - Stopping ReactorHttpServer...
16:12:54.648 [Test worker] DEBUG o.s.w.t.h.s.r.b.ReactorHttpServer - Server stopped (0 millis).
16:12:54.655 [Test worker] DEBUG o.s.w.r.h.SimpleUrlHandlerMapping - Patterns [/close, /echo, /sub-protocol, /cookie, /custom-header] in 'handlerMapping'
16:12:54.657 [Test worker] DEBUG o.s.w.s.a.HttpWebHandlerAdapter - enableLoggingRequestDetails='false': form data and headers will be masked to prevent unsafe logging of potentially sensitive data
16:12:54.657 [Test worker] DEBUG o.s.w.t.h.s.r.b.UndertowHttpServer - Starting UndertowHttpServer...
16:12:54.657 [Test worker] INFO  i.undertow - starting server: Undertow - 2.0.32.Final
16:12:54.661 [Test worker] DEBUG o.s.w.t.h.s.r.b.UndertowHttpServer - Server started on port 56969(0 millis).
16:12:54.666 [Test worker] DEBUG o.s.w.r.s.c.JettyWebSocketClient - Connecting to ws://localhost:56969/close
16:12:54.681 [XNIO-59 I/O-6] DEBUG o.s.w.s.a.HttpWebHandlerAdapter - [5af77a6c] HTTP GET "/close"
16:12:54.681 [XNIO-59 I/O-6] DEBUG o.s.w.r.h.SimpleUrlHandlerMapping - [5af77a6c] Mapped to org.springframework.web.reactive.socket.WebSocketIntegrationTests$SessionClosingHandler@5ec8e5ea
16:12:54.682 [XNIO-59 I/O-6] DEBUG o.s.w.r.s.a.UndertowWebSocketSession - [5af77a6c] Session id "6b30492b" for http://localhost:56969/close
16:12:54.683 [XNIO-59 I/O-6] DEBUG o.s.w.s.a.HttpWebHandlerAdapter - [5af77a6c] Completed 101 SWITCHING_PROTOCOLS
16:12:54.683 [WebSocketClient@1265205330-2771] DEBUG o.s.w.r.s.a.JettyWebSocketSession - [597b5f92] Session id "597b5f92" for ws://localhost:56969/close
16:12:54.683 [WebSocketClient@1265205330-2771] DEBUG o.s.w.r.s.WebSocketIntegrationTests - Starting..
16:12:54.685 [WebSocketClient@1265205330-2765] DEBUG o.s.w.r.s.WebSocketIntegrationTests - Completed with: onComplete
16:12:54.697 [Test worker] DEBUG o.s.w.t.h.s.r.b.UndertowHttpServer - Stopping UndertowHttpServer...
16:12:54.697 [Test worker] INFO  i.undertow - stopping server: Undertow - 2.0.32.Final
16:12:54.698 [Test worker] DEBUG o.s.w.t.h.s.r.b.UndertowHttpServer - Server stopped (0 millis).
16:12:54.705 [Test worker] DEBUG o.s.w.r.h.SimpleUrlHandlerMapping - Patterns [/close, /echo, /sub-protocol, /cookie, /custom-header] in 'handlerMapping'
16:12:54.707 [Test worker] DEBUG o.s.w.s.a.HttpWebHandlerAdapter - enableLoggingRequestDetails='false': form data and headers will be masked to prevent unsafe logging of potentially sensitive data
16:12:54.707 [Test worker] DEBUG o.s.w.t.h.s.r.b.TomcatHttpServer - Starting TomcatHttpServer...
16:12:54.718 [Test worker] DEBUG o.s.w.t.h.s.r.b.TomcatHttpServer - Server started on port 56971(0 millis).
16:12:54.725 [Test worker] DEBUG o.s.w.r.s.c.ReactorNettyWebSocketClient - Connecting to ws://localhost:56971/close
16:12:54.753 [http-nio-auto-59-exec-1] DEBUG o.s.w.s.a.HttpWebHandlerAdapter - [353986d5] HTTP GET "/close"
16:12:54.753 [http-nio-auto-59-exec-1] DEBUG o.s.w.r.h.SimpleUrlHandlerMapping - [353986d5] Mapped to org.springframework.web.reactive.socket.WebSocketIntegrationTests$SessionClosingHandler@3bfe7e02
16:12:54.755 [http-nio-auto-59-exec-1] DEBUG o.s.w.s.a.HttpWebHandlerAdapter - [353986d5] Completed 101 SWITCHING_PROTOCOLS
16:12:54.757 [http-nio-auto-59-exec-1] DEBUG o.s.w.r.s.a.TomcatWebSocketSession - [353986d5] Session id "6" for http://localhost:56971/close
16:12:54.775 [reactor-http-nio-8] DEBUG o.s.w.r.s.a.ReactorNettyWebSocketSession - [e85fe69] Session id "e85fe69" for ws://localhost:56971/close
16:12:54.775 [reactor-http-nio-8] DEBUG o.s.w.r.s.c.ReactorNettyWebSocketClient - Started session 'e85fe69' for ws://localhost:56971/close
16:12:54.775 [reactor-http-nio-8] DEBUG o.s.w.r.s.WebSocketIntegrationTests - Starting..
16:12:54.787 [reactor-http-nio-8] DEBUG o.s.w.r.s.WebSocketIntegrationTests - Completed with: onComplete
16:12:54.788 [Test worker] DEBUG o.s.w.t.h.s.r.b.TomcatHttpServer - Stopping TomcatHttpServer...
16:12:54.808 [Test worker] DEBUG o.s.w.t.h.s.r.b.TomcatHttpServer - Server stopped (0 millis).
16:12:54.816 [Test worker] DEBUG o.s.w.r.h.SimpleUrlHandlerMapping - Patterns [/close, /echo, /sub-protocol, /cookie, /custom-header] in 'handlerMapping'
16:12:54.817 [Test worker] DEBUG o.s.w.s.a.HttpWebHandlerAdapter - enableLoggingRequestDetails='false': form data and headers will be masked to prevent unsafe logging of potentially sensitive data
16:12:54.818 [Test worker] WARN  o.e.j.s.h.ContextHandler - Empty contextPath
16:12:54.818 [Test worker] INFO  o.e.j.s.h.ContextHandler - Started o.e.j.s.ServletContextHandler@4feca101{/,null,AVAILABLE}
16:12:54.818 [Test worker] DEBUG o.s.w.t.h.s.r.b.JettyHttpServer - Starting JettyHttpServer...
16:12:54.818 [Test worker] INFO  o.e.j.s.Server - jetty-9.4.31.v20200723; built: 2020-07-23T17:57:36.812Z; git: 450ba27947e13e66baa8cd1ce7e85a4461cacc1d; jvm 1.8.0_201-b09
16:12:54.821 [Test worker] INFO  o.e.j.s.AbstractConnector - Started ServerConnector@6883f3c5{HTTP/1.1, (http/1.1)}{0.0.0.0:56974}
16:12:54.821 [Test worker] INFO  o.e.j.s.Server - Started @142667ms
16:12:54.821 [Test worker] DEBUG o.s.w.t.h.s.r.b.JettyHttpServer - Server started on port 56974(0 millis).
16:12:54.822 [Test worker] DEBUG o.s.w.r.s.c.ReactorNettyWebSocketClient - Connecting to ws://localhost:56974/close
16:12:54.826 [qtp374171226-2798] DEBUG o.s.w.s.a.HttpWebHandlerAdapter - [3eee7fe2] HTTP GET "/close"
16:12:54.826 [qtp374171226-2798] DEBUG o.s.w.r.h.SimpleUrlHandlerMapping - [3eee7fe2] Mapped to org.springframework.web.reactive.socket.WebSocketIntegrationTests$SessionClosingHandler@3029964f
16:12:54.830 [qtp374171226-2798] DEBUG o.s.w.s.a.HttpWebHandlerAdapter - [3eee7fe2] Completed 101 SWITCHING_PROTOCOLS
16:12:54.831 [qtp374171226-2798] DEBUG o.s.w.r.s.a.JettyWebSocketSession - [3eee7fe2] Session id "113b633b" for http://localhost:56974/close
16:12:54.832 [reactor-http-nio-9] DEBUG o.s.w.r.s.a.ReactorNettyWebSocketSession - [775ccfbe] Session id "775ccfbe" for ws://localhost:56974/close
16:12:54.832 [reactor-http-nio-9] DEBUG o.s.w.r.s.c.ReactorNettyWebSocketClient - Started session '775ccfbe' for ws://localhost:56974/close
16:12:54.832 [reactor-http-nio-9] DEBUG o.s.w.r.s.WebSocketIntegrationTests - Starting..
16:12:54.833 [reactor-http-nio-9] DEBUG o.s.w.r.s.WebSocketIntegrationTests - Completed with: onComplete
16:12:54.833 [Test worker] DEBUG o.s.w.t.h.s.r.b.JettyHttpServer - Stopping JettyHttpServer...
16:12:54.833 [Test worker] INFO  o.e.j.s.h.ContextHandler - Stopped o.e.j.s.ServletContextHandler@4feca101{/,null,UNAVAILABLE}
16:12:54.835 [Test worker] INFO  o.e.j.s.AbstractConnector - Stopped ServerConnector@6883f3c5{HTTP/1.1, (http/1.1)}{0.0.0.0:0}
16:12:54.845 [Test worker] DEBUG o.s.w.t.h.s.r.b.JettyHttpServer - Server stopped (0 millis).
16:12:54.854 [Test worker] DEBUG o.s.w.r.h.SimpleUrlHandlerMapping - Patterns [/close, /echo, /sub-protocol, /cookie, /custom-header] in 'handlerMapping'
16:12:54.855 [Test worker] DEBUG o.s.w.s.a.HttpWebHandlerAdapter - enableLoggingRequestDetails='false': form data and headers will be masked to prevent unsafe logging of potentially sensitive data
16:12:54.856 [Test worker] DEBUG o.s.w.t.h.s.r.b.ReactorHttpServer - Starting ReactorHttpServer...
16:12:54.856 [Test worker] DEBUG o.s.w.t.h.s.r.b.ReactorHttpServer - Server started on port 56976(0 millis).
16:12:54.857 [Test worker] DEBUG o.s.w.r.s.c.ReactorNettyWebSocketClient - Connecting to ws://localhost:56976/close
16:12:54.860 [reactor-http-nio-12] DEBUG o.s.w.s.a.HttpWebHandlerAdapter - [aa00ca76-60] HTTP GET "/close"
16:12:54.860 [reactor-http-nio-12] DEBUG o.s.w.r.h.SimpleUrlHandlerMapping - [aa00ca76-60] Mapped to org.springframework.web.reactive.socket.WebSocketIntegrationTests$SessionClosingHandler@68ac676f
16:12:54.862 [reactor-http-nio-12] DEBUG o.s.w.r.s.a.ReactorNettyWebSocketSession - [aa00ca76-60] Session id "2c889b9a" for http://localhost:56976/close
16:12:54.863 [reactor-http-nio-11] DEBUG o.s.w.r.s.a.ReactorNettyWebSocketSession - [5f79ee40] Session id "5f79ee40" for ws://localhost:56976/close
16:12:54.863 [reactor-http-nio-11] DEBUG o.s.w.r.s.c.ReactorNettyWebSocketClient - Started session '5f79ee40' for ws://localhost:56976/close
16:12:54.863 [reactor-http-nio-11] DEBUG o.s.w.r.s.WebSocketIntegrationTests - Starting..
16:12:54.863 [reactor-http-nio-12] DEBUG o.s.w.s.a.HttpWebHandlerAdapter - [aa00ca76-60] Completed 200 OK
16:12:54.866 [reactor-http-nio-11] DEBUG o.s.w.r.s.WebSocketIntegrationTests - Completed with: onComplete
16:12:54.866 [Test worker] DEBUG o.s.w.t.h.s.r.b.ReactorHttpServer - Stopping ReactorHttpServer...
16:12:54.866 [Test worker] DEBUG o.s.w.t.h.s.r.b.ReactorHttpServer - Server stopped (0 millis).
16:12:54.874 [Test worker] DEBUG o.s.w.r.h.SimpleUrlHandlerMapping - Patterns [/close, /echo, /sub-protocol, /cookie, /custom-header] in 'handlerMapping'
16:12:54.875 [Test worker] DEBUG o.s.w.s.a.HttpWebHandlerAdapter - enableLoggingRequestDetails='false': form data and headers will be masked to prevent unsafe logging of potentially sensitive data
16:12:54.875 [Test worker] DEBUG o.s.w.t.h.s.r.b.UndertowHttpServer - Starting UndertowHttpServer...
16:12:54.875 [Test worker] INFO  i.undertow - starting server: Undertow - 2.0.32.Final
16:12:54.880 [Test worker] DEBUG o.s.w.t.h.s.r.b.UndertowHttpServer - Server started on port 56978(0 millis).
16:12:54.881 [Test worker] DEBUG o.s.w.r.s.c.ReactorNettyWebSocketClient - Connecting to ws://localhost:56978/close
16:12:54.886 [XNIO-60 I/O-6] DEBUG o.s.w.s.a.HttpWebHandlerAdapter - [36abf904] HTTP GET "/close"
16:12:54.887 [XNIO-60 I/O-6] DEBUG o.s.w.r.h.SimpleUrlHandlerMapping - [36abf904] Mapped to org.springframework.web.reactive.socket.WebSocketIntegrationTests$SessionClosingHandler@32946b09
16:12:54.887 [XNIO-60 I/O-6] DEBUG o.s.w.r.s.a.UndertowWebSocketSession - [36abf904] Session id "536be791" for http://localhost:56978/close
16:12:54.888 [reactor-http-nio-1] DEBUG o.s.w.r.s.a.ReactorNettyWebSocketSession - [2d0ef22b] Session id "2d0ef22b" for ws://localhost:56978/close
16:12:54.888 [reactor-http-nio-1] DEBUG o.s.w.r.s.c.ReactorNettyWebSocketClient - Started session '2d0ef22b' for ws://localhost:56978/close
16:12:54.888 [reactor-http-nio-1] DEBUG o.s.w.r.s.WebSocketIntegrationTests - Starting..
16:12:54.888 [XNIO-60 I/O-6] DEBUG o.s.w.s.a.HttpWebHandlerAdapter - [36abf904] Completed 101 SWITCHING_PROTOCOLS
16:12:54.889 [reactor-http-nio-1] DEBUG o.s.w.r.s.WebSocketIntegrationTests - Completed with: onComplete
16:12:54.889 [Test worker] DEBUG o.s.w.t.h.s.r.b.UndertowHttpServer - Stopping UndertowHttpServer...
16:12:54.889 [Test worker] INFO  i.undertow - stopping server: Undertow - 2.0.32.Final
16:12:54.890 [Test worker] DEBUG o.s.w.t.h.s.r.b.UndertowHttpServer - Server stopped (0 millis).
16:12:54.897 [Test worker] DEBUG o.s.w.r.h.SimpleUrlHandlerMapping - Patterns [/close, /echo, /sub-protocol, /cookie, /custom-header] in 'handlerMapping'
16:12:54.899 [Test worker] DEBUG o.s.w.s.a.HttpWebHandlerAdapter - enableLoggingRequestDetails='false': form data and headers will be masked to prevent unsafe logging of potentially sensitive data
16:12:54.899 [Test worker] DEBUG o.s.w.t.h.s.r.b.TomcatHttpServer - Starting TomcatHttpServer...
16:12:54.908 [Test worker] DEBUG o.s.w.t.h.s.r.b.TomcatHttpServer - Server started on port 56980(0 millis).
16:12:54.908 [Test worker] DEBUG o.s.w.r.s.c.UndertowWebSocketClient - Connecting to ws://localhost:56980/close
16:12:54.945 [http-nio-auto-60-exec-1] DEBUG o.s.w.s.a.HttpWebHandlerAdapter - [3e31fa62] HTTP GET "/close"
16:12:54.946 [http-nio-auto-60-exec-1] DEBUG o.s.w.r.h.SimpleUrlHandlerMapping - [3e31fa62] Mapped to org.springframework.web.reactive.socket.WebSocketIntegrationTests$SessionClosingHandler@30f613d4
16:12:54.947 [http-nio-auto-60-exec-1] DEBUG o.s.w.s.a.HttpWebHandlerAdapter - [3e31fa62] Completed 101 SWITCHING_PROTOCOLS
16:12:54.950 [http-nio-auto-60-exec-1] DEBUG o.s.w.r.s.a.TomcatWebSocketSession - [3e31fa62] Session id "7" for http://localhost:56980/close
16:12:54.956 [XNIO-57 I/O-1] DEBUG o.s.w.r.s.a.UndertowWebSocketSession - [53dec60] Session id "53dec60" for ws://localhost:56980/close
16:12:54.956 [XNIO-57 I/O-1] DEBUG o.s.w.r.s.WebSocketIntegrationTests - Starting..
16:12:54.958 [XNIO-57 I/O-1] DEBUG o.s.w.r.s.WebSocketIntegrationTests - Completed with: onComplete
16:12:54.962 [Test worker] DEBUG o.s.w.t.h.s.r.b.TomcatHttpServer - Stopping TomcatHttpServer...
16:12:54.982 [Test worker] DEBUG o.s.w.t.h.s.r.b.TomcatHttpServer - Server stopped (0 millis).
16:12:54.990 [Test worker] DEBUG o.s.w.r.h.SimpleUrlHandlerMapping - Patterns [/close, /echo, /sub-protocol, /cookie, /custom-header] in 'handlerMapping'
16:12:54.992 [Test worker] DEBUG o.s.w.s.a.HttpWebHandlerAdapter - enableLoggingRequestDetails='false': form data and headers will be masked to prevent unsafe logging of potentially sensitive data
16:12:54.992 [Test worker] WARN  o.e.j.s.h.ContextHandler - Empty contextPath
16:12:54.992 [Test worker] INFO  o.e.j.s.h.ContextHandler - Started o.e.j.s.ServletContextHandler@12e9ebc0{/,null,AVAILABLE}
16:12:54.992 [Test worker] DEBUG o.s.w.t.h.s.r.b.JettyHttpServer - Starting JettyHttpServer...
16:12:54.992 [Test worker] INFO  o.e.j.s.Server - jetty-9.4.31.v20200723; built: 2020-07-23T17:57:36.812Z; git: 450ba27947e13e66baa8cd1ce7e85a4461cacc1d; jvm 1.8.0_201-b09
16:12:54.995 [Test worker] INFO  o.e.j.s.AbstractConnector - Started ServerConnector@517aa855{HTTP/1.1, (http/1.1)}{0.0.0.0:56983}
16:12:54.996 [Test worker] INFO  o.e.j.s.Server - Started @142842ms
16:12:54.996 [Test worker] DEBUG o.s.w.t.h.s.r.b.JettyHttpServer - Server started on port 56983(0 millis).
16:12:54.996 [Test worker] DEBUG o.s.w.r.s.c.UndertowWebSocketClient - Connecting to ws://localhost:56983/close
16:12:54.998 [qtp1780012557-2837] DEBUG o.s.w.s.a.HttpWebHandlerAdapter - [3faa1fb9] HTTP GET "/close"
16:12:54.998 [qtp1780012557-2837] DEBUG o.s.w.r.h.SimpleUrlHandlerMapping - [3faa1fb9] Mapped to org.springframework.web.reactive.socket.WebSocketIntegrationTests$SessionClosingHandler@316df63c
16:12:55.003 [qtp1780012557-2837] DEBUG o.s.w.s.a.HttpWebHandlerAdapter - [3faa1fb9] Completed 101 SWITCHING_PROTOCOLS
16:12:55.003 [qtp1780012557-2837] DEBUG o.s.w.r.s.a.JettyWebSocketSession - [3faa1fb9] Session id "107f0348" for http://localhost:56983/close
16:12:55.003 [XNIO-57 I/O-1] DEBUG o.s.w.r.s.a.UndertowWebSocketSession - [3d7d1fca] Session id "3d7d1fca" for ws://localhost:56983/close
16:12:55.003 [XNIO-57 I/O-1] DEBUG o.s.w.r.s.WebSocketIntegrationTests - Starting..
16:12:55.004 [XNIO-57 I/O-1] DEBUG o.s.w.r.s.WebSocketIntegrationTests - Completed with: onComplete
16:12:55.004 [Test worker] DEBUG o.s.w.t.h.s.r.b.JettyHttpServer - Stopping JettyHttpServer...
16:12:55.004 [Test worker] INFO  o.e.j.s.h.ContextHandler - Stopped o.e.j.s.ServletContextHandler@12e9ebc0{/,null,UNAVAILABLE}
16:12:55.006 [Test worker] INFO  o.e.j.s.AbstractConnector - Stopped ServerConnector@517aa855{HTTP/1.1, (http/1.1)}{0.0.0.0:0}
16:12:55.016 [Test worker] DEBUG o.s.w.t.h.s.r.b.JettyHttpServer - Server stopped (0 millis).
16:12:55.024 [Test worker] DEBUG o.s.w.r.h.SimpleUrlHandlerMapping - Patterns [/close, /echo, /sub-protocol, /cookie, /custom-header] in 'handlerMapping'
16:12:55.026 [Test worker] DEBUG o.s.w.s.a.HttpWebHandlerAdapter - enableLoggingRequestDetails='false': form data and headers will be masked to prevent unsafe logging of potentially sensitive data
16:12:55.026 [Test worker] DEBUG o.s.w.t.h.s.r.b.ReactorHttpServer - Starting ReactorHttpServer...
16:12:55.026 [Test worker] DEBUG o.s.w.t.h.s.r.b.ReactorHttpServer - Server started on port 56985(0 millis).
16:12:55.027 [Test worker] DEBUG o.s.w.r.s.c.UndertowWebSocketClient - Connecting to ws://localhost:56985/close
16:12:55.029 [reactor-http-nio-3] DEBUG o.s.w.s.a.HttpWebHandlerAdapter - [b7f84303-61] HTTP GET "/close"
16:12:55.030 [reactor-http-nio-3] DEBUG o.s.w.r.h.SimpleUrlHandlerMapping - [b7f84303-61] Mapped to org.springframework.web.reactive.socket.WebSocketIntegrationTests$SessionClosingHandler@622731c4
16:12:55.031 [reactor-http-nio-3] DEBUG o.s.w.r.s.a.ReactorNettyWebSocketSession - [b7f84303-61] Session id "1d87fa24" for http://localhost:56985/close
16:12:55.032 [XNIO-57 I/O-1] DEBUG o.s.w.r.s.a.UndertowWebSocketSession - [5749bae9] Session id "5749bae9" for ws://localhost:56985/close
16:12:55.032 [XNIO-57 I/O-1] DEBUG o.s.w.r.s.WebSocketIntegrationTests - Starting..
16:12:55.032 [reactor-http-nio-3] DEBUG o.s.w.s.a.HttpWebHandlerAdapter - [b7f84303-61] Completed 200 OK
16:12:55.033 [XNIO-57 I/O-1] DEBUG o.s.w.r.s.WebSocketIntegrationTests - Completed with: onComplete
16:12:55.033 [Test worker] DEBUG o.s.w.t.h.s.r.b.ReactorHttpServer - Stopping ReactorHttpServer...
16:12:55.033 [Test worker] DEBUG o.s.w.t.h.s.r.b.ReactorHttpServer - Server stopped (0 millis).
16:12:55.044 [Test worker] DEBUG o.s.w.r.h.SimpleUrlHandlerMapping - Patterns [/close, /echo, /sub-protocol, /cookie, /custom-header] in 'handlerMapping'
16:12:55.047 [Test worker] DEBUG o.s.w.s.a.HttpWebHandlerAdapter - enableLoggingRequestDetails='false': form data and headers will be masked to prevent unsafe logging of potentially sensitive data
16:12:55.047 [Test worker] DEBUG o.s.w.t.h.s.r.b.UndertowHttpServer - Starting UndertowHttpServer...
16:12:55.047 [Test worker] INFO  i.undertow - starting server: Undertow - 2.0.32.Final
16:12:55.051 [Test worker] DEBUG o.s.w.t.h.s.r.b.UndertowHttpServer - Server started on port 56987(0 millis).
16:12:55.051 [Test worker] DEBUG o.s.w.r.s.c.UndertowWebSocketClient - Connecting to ws://localhost:56987/close
16:12:55.054 [XNIO-61 I/O-6] DEBUG o.s.w.s.a.HttpWebHandlerAdapter - [481b9be8] HTTP GET "/close"
16:12:55.054 [XNIO-61 I/O-6] DEBUG o.s.w.r.h.SimpleUrlHandlerMapping - [481b9be8] Mapped to org.springframework.web.reactive.socket.WebSocketIntegrationTests$SessionClosingHandler@4c241633
16:12:55.055 [XNIO-61 I/O-6] DEBUG o.s.w.r.s.a.UndertowWebSocketSession - [481b9be8] Session id "7d9849ce" for http://localhost:56987/close
16:12:55.055 [XNIO-57 I/O-1] DEBUG o.s.w.r.s.a.UndertowWebSocketSession - [6683b7d4] Session id "6683b7d4" for ws://localhost:56987/close
16:12:55.055 [XNIO-57 I/O-1] DEBUG o.s.w.r.s.WebSocketIntegrationTests - Starting..
16:12:55.055 [XNIO-61 I/O-6] DEBUG o.s.w.s.a.HttpWebHandlerAdapter - [481b9be8] Completed 101 SWITCHING_PROTOCOLS
16:12:55.056 [XNIO-57 I/O-1] DEBUG o.s.w.r.s.WebSocketIntegrationTests - Completed with: onComplete
16:12:55.056 [Test worker] DEBUG o.s.w.t.h.s.r.b.UndertowHttpServer - Stopping UndertowHttpServer...
16:12:55.056 [Test worker] INFO  i.undertow - stopping server: Undertow - 2.0.32.Final
16:12:55.056 [Test worker] DEBUG o.s.w.t.h.s.r.b.UndertowHttpServer - Server stopped (0 millis).
16:12:55.070 [Test worker] DEBUG o.s.w.r.h.SimpleUrlHandlerMapping - Patterns [/close, /echo, /sub-protocol, /cookie, /custom-header] in 'handlerMapping'
16:12:55.071 [Test worker] DEBUG o.s.w.s.a.HttpWebHandlerAdapter - enableLoggingRequestDetails='false': form data and headers will be masked to prevent unsafe logging of potentially sensitive data
16:12:55.072 [Test worker] DEBUG o.s.w.t.h.s.r.b.TomcatHttpServer - Starting TomcatHttpServer...
16:12:55.105 [Test worker] DEBUG o.s.w.t.h.s.r.b.TomcatHttpServer - Server started on port 56989(0 millis).
16:12:55.106 [boundedElastic-1] DEBUG o.s.w.r.s.c.StandardWebSocketClient - Connecting to ws://localhost:56989/cookie
16:12:55.115 [http-nio-auto-61-exec-1] DEBUG o.s.w.s.a.HttpWebHandlerAdapter - [35088725] HTTP GET "/cookie"
16:12:55.118 [http-nio-auto-61-exec-1] DEBUG o.s.w.r.h.SimpleUrlHandlerMapping - [35088725] Mapped to org.springframework.web.reactive.socket.WebSocketIntegrationTests$CookieHandler@1add9a80
16:12:55.120 [http-nio-auto-61-exec-1] DEBUG o.s.w.s.a.HttpWebHandlerAdapter - [35088725] Completed 101 SWITCHING_PROTOCOLS
16:12:55.124 [boundedElastic-1] DEBUG o.s.w.r.s.a.TomcatWebSocketSession - [9] Session id "9" for ws://localhost:56989/cookie
16:12:55.124 [http-nio-auto-61-exec-1] DEBUG o.s.w.r.s.a.TomcatWebSocketSession - [35088725] Session id "8" for http://localhost:56989/cookie
16:12:55.134 [Test worker] DEBUG o.s.w.t.h.s.r.b.TomcatHttpServer - Stopping TomcatHttpServer...
16:12:55.155 [Test worker] DEBUG o.s.w.t.h.s.r.b.TomcatHttpServer - Server stopped (0 millis).
16:12:55.164 [Test worker] DEBUG o.s.w.r.h.SimpleUrlHandlerMapping - Patterns [/close, /echo, /sub-protocol, /cookie, /custom-header] in 'handlerMapping'
16:12:55.174 [Test worker] DEBUG o.s.w.s.a.HttpWebHandlerAdapter - enableLoggingRequestDetails='false': form data and headers will be masked to prevent unsafe logging of potentially sensitive data
16:12:55.175 [Test worker] WARN  o.e.j.s.h.ContextHandler - Empty contextPath
16:12:55.175 [Test worker] INFO  o.e.j.s.h.ContextHandler - Started o.e.j.s.ServletContextHandler@7b75efd5{/,null,AVAILABLE}
16:12:55.178 [Test worker] DEBUG o.s.w.t.h.s.r.b.JettyHttpServer - Starting JettyHttpServer...
16:12:55.178 [Test worker] INFO  o.e.j.s.Server - jetty-9.4.31.v20200723; built: 2020-07-23T17:57:36.812Z; git: 450ba27947e13e66baa8cd1ce7e85a4461cacc1d; jvm 1.8.0_201-b09
16:12:55.184 [Test worker] INFO  o.e.j.s.AbstractConnector - Started ServerConnector@28030f99{HTTP/1.1, (http/1.1)}{0.0.0.0:56992}
16:12:55.184 [Test worker] INFO  o.e.j.s.Server - Started @143030ms
16:12:55.184 [Test worker] DEBUG o.s.w.t.h.s.r.b.JettyHttpServer - Server started on port 56992(0 millis).
16:12:55.185 [boundedElastic-1] DEBUG o.s.w.r.s.c.StandardWebSocketClient - Connecting to ws://localhost:56992/cookie
16:12:55.188 [qtp111163848-2879] DEBUG o.s.w.s.a.HttpWebHandlerAdapter - [39ba350] HTTP GET "/cookie"
16:12:55.189 [qtp111163848-2879] DEBUG o.s.w.r.h.SimpleUrlHandlerMapping - [39ba350] Mapped to org.springframework.web.reactive.socket.WebSocketIntegrationTests$CookieHandler@d5c4d53
16:12:55.193 [qtp111163848-2879] DEBUG o.s.w.s.a.HttpWebHandlerAdapter - [39ba350] Completed 101 SWITCHING_PROTOCOLS
16:12:55.195 [boundedElastic-1] DEBUG o.s.w.r.s.a.TomcatWebSocketSession - [a] Session id "a" for ws://localhost:56992/cookie
16:12:55.202 [qtp111163848-2879] DEBUG o.s.w.r.s.a.JettyWebSocketSession - [39ba350] Session id "2c4eb827" for http://localhost:56992/cookie
16:12:55.206 [Test worker] DEBUG o.s.w.t.h.s.r.b.JettyHttpServer - Stopping JettyHttpServer...
16:12:55.208 [Test worker] INFO  o.e.j.s.h.ContextHandler - Stopped o.e.j.s.ServletContextHandler@7b75efd5{/,null,UNAVAILABLE}
16:12:55.210 [Test worker] INFO  o.e.j.s.AbstractConnector - Stopped ServerConnector@28030f99{HTTP/1.1, (http/1.1)}{0.0.0.0:0}
16:12:55.220 [Test worker] DEBUG o.s.w.t.h.s.r.b.JettyHttpServer - Server stopped (0 millis).
16:12:55.229 [Test worker] DEBUG o.s.w.r.h.SimpleUrlHandlerMapping - Patterns [/close, /echo, /sub-protocol, /cookie, /custom-header] in 'handlerMapping'
16:12:55.231 [Test worker] DEBUG o.s.w.s.a.HttpWebHandlerAdapter - enableLoggingRequestDetails='false': form data and headers will be masked to prevent unsafe logging of potentially sensitive data
16:12:55.231 [Test worker] DEBUG o.s.w.t.h.s.r.b.ReactorHttpServer - Starting ReactorHttpServer...
16:12:55.232 [Test worker] DEBUG o.s.w.t.h.s.r.b.ReactorHttpServer - Server started on port 56994(0 millis).
16:12:55.232 [boundedElastic-1] DEBUG o.s.w.r.s.c.StandardWebSocketClient - Connecting to ws://localhost:56994/cookie
16:12:55.235 [reactor-http-nio-5] DEBUG o.s.w.s.a.HttpWebHandlerAdapter - [0cc74e72-62] HTTP GET "/cookie"
16:12:55.236 [reactor-http-nio-5] DEBUG o.s.w.r.h.SimpleUrlHandlerMapping - [0cc74e72-62] Mapped to org.springframework.web.reactive.socket.WebSocketIntegrationTests$CookieHandler@4843d97
16:12:55.239 [reactor-http-nio-5] DEBUG o.s.w.r.s.a.ReactorNettyWebSocketSession - [0cc74e72-62] Session id "35ee8646" for http://localhost:56994/cookie
16:12:55.239 [boundedElastic-1] DEBUG o.s.w.r.s.a.TomcatWebSocketSession - [b] Session id "b" for ws://localhost:56994/cookie
16:12:55.240 [reactor-http-nio-5] DEBUG o.s.w.s.a.HttpWebHandlerAdapter - [0cc74e72-62] Completed 200 OK
16:12:55.242 [Test worker] DEBUG o.s.w.t.h.s.r.b.ReactorHttpServer - Stopping ReactorHttpServer...
16:12:55.242 [Test worker] DEBUG o.s.w.t.h.s.r.b.ReactorHttpServer - Server stopped (0 millis).
16:12:55.252 [Test worker] DEBUG o.s.w.r.h.SimpleUrlHandlerMapping - Patterns [/close, /echo, /sub-protocol, /cookie, /custom-header] in 'handlerMapping'
16:12:55.253 [Test worker] DEBUG o.s.w.s.a.HttpWebHandlerAdapter - enableLoggingRequestDetails='false': form data and headers will be masked to prevent unsafe logging of potentially sensitive data
16:12:55.253 [Test worker] DEBUG o.s.w.t.h.s.r.b.UndertowHttpServer - Starting UndertowHttpServer...
16:12:55.254 [Test worker] INFO  i.undertow - starting server: Undertow - 2.0.32.Final
16:12:55.259 [Test worker] DEBUG o.s.w.t.h.s.r.b.UndertowHttpServer - Server started on port 56996(0 millis).
16:12:55.259 [boundedElastic-1] DEBUG o.s.w.r.s.c.StandardWebSocketClient - Connecting to ws://localhost:56996/cookie
16:12:55.264 [XNIO-63 I/O-6] DEBUG o.s.w.s.a.HttpWebHandlerAdapter - [2dd4edd] HTTP GET "/cookie"
16:12:55.264 [XNIO-63 I/O-6] DEBUG o.s.w.r.h.SimpleUrlHandlerMapping - [2dd4edd] Mapped to org.springframework.web.reactive.socket.WebSocketIntegrationTests$CookieHandler@6e2ca5e
16:12:55.270 [XNIO-63 I/O-6] DEBUG o.s.w.r.s.a.UndertowWebSocketSession - [2dd4edd] Session id "30b2ab67" for http://localhost:56996/cookie
16:12:55.270 [boundedElastic-1] DEBUG o.s.w.r.s.a.TomcatWebSocketSession - [c] Session id "c" for ws://localhost:56996/cookie
16:12:55.271 [XNIO-63 I/O-6] DEBUG o.s.w.s.a.HttpWebHandlerAdapter - [2dd4edd] Completed 101 SWITCHING_PROTOCOLS
16:12:55.274 [Test worker] DEBUG o.s.w.t.h.s.r.b.UndertowHttpServer - Stopping UndertowHttpServer...
16:12:55.274 [Test worker] INFO  i.undertow - stopping server: Undertow - 2.0.32.Final
16:12:55.275 [Test worker] DEBUG o.s.w.t.h.s.r.b.UndertowHttpServer - Server stopped (0 millis).
16:12:55.285 [Test worker] DEBUG o.s.w.r.h.SimpleUrlHandlerMapping - Patterns [/close, /echo, /sub-protocol, /cookie, /custom-header] in 'handlerMapping'
16:12:55.287 [Test worker] DEBUG o.s.w.s.a.HttpWebHandlerAdapter - enableLoggingRequestDetails='false': form data and headers will be masked to prevent unsafe logging of potentially sensitive data
16:12:55.288 [Test worker] DEBUG o.s.w.t.h.s.r.b.TomcatHttpServer - Starting TomcatHttpServer...
16:12:55.301 [Test worker] DEBUG o.s.w.t.h.s.r.b.TomcatHttpServer - Server started on port 56998(0 millis).
16:12:55.307 [Test worker] DEBUG o.s.w.r.s.c.JettyWebSocketClient - Connecting to ws://localhost:56998/cookie
16:12:55.314 [http-nio-auto-62-exec-1] DEBUG o.s.w.s.a.HttpWebHandlerAdapter - [58832616] HTTP GET "/cookie"
16:12:55.315 [http-nio-auto-62-exec-1] DEBUG o.s.w.r.h.SimpleUrlHandlerMapping - [58832616] Mapped to org.springframework.web.reactive.socket.WebSocketIntegrationTests$CookieHandler@5644d376
16:12:55.317 [http-nio-auto-62-exec-1] DEBUG o.s.w.s.a.HttpWebHandlerAdapter - [58832616] Completed 101 SWITCHING_PROTOCOLS
16:12:55.319 [http-nio-auto-62-exec-1] DEBUG o.s.w.r.s.a.TomcatWebSocketSession - [58832616] Session id "d" for http://localhost:56998/cookie
16:12:55.324 [WebSocketClient@1437301574-2919] DEBUG o.s.w.r.s.a.JettyWebSocketSession - [54a024f5] Session id "54a024f5" for ws://localhost:56998/cookie
16:12:55.344 [Test worker] DEBUG o.s.w.t.h.s.r.b.TomcatHttpServer - Stopping TomcatHttpServer...
16:12:55.365 [Test worker] DEBUG o.s.w.t.h.s.r.b.TomcatHttpServer - Server stopped (0 millis).
16:12:55.372 [Test worker] DEBUG o.s.w.r.h.SimpleUrlHandlerMapping - Patterns [/close, /echo, /sub-protocol, /cookie, /custom-header] in 'handlerMapping'
16:12:55.374 [Test worker] DEBUG o.s.w.s.a.HttpWebHandlerAdapter - enableLoggingRequestDetails='false': form data and headers will be masked to prevent unsafe logging of potentially sensitive data
16:12:55.374 [Test worker] WARN  o.e.j.s.h.ContextHandler - Empty contextPath
16:12:55.374 [Test worker] INFO  o.e.j.s.h.ContextHandler - Started o.e.j.s.ServletContextHandler@690a1925{/,null,AVAILABLE}
16:12:55.375 [Test worker] DEBUG o.s.w.t.h.s.r.b.JettyHttpServer - Starting JettyHttpServer...
16:12:55.375 [Test worker] INFO  o.e.j.s.Server - jetty-9.4.31.v20200723; built: 2020-07-23T17:57:36.812Z; git: 450ba27947e13e66baa8cd1ce7e85a4461cacc1d; jvm 1.8.0_201-b09
16:12:55.377 [Test worker] INFO  o.e.j.s.AbstractConnector - Started ServerConnector@2cb4d503{HTTP/1.1, (http/1.1)}{0.0.0.0:57003}
16:12:55.377 [Test worker] INFO  o.e.j.s.Server - Started @143223ms
16:12:55.377 [Test worker] DEBUG o.s.w.t.h.s.r.b.JettyHttpServer - Server started on port 57003(0 millis).
16:12:55.385 [Test worker] DEBUG o.s.w.r.s.c.JettyWebSocketClient - Connecting to ws://localhost:57003/cookie
16:12:55.388 [qtp249150694-2940] DEBUG o.s.w.s.a.HttpWebHandlerAdapter - [75b7970d] HTTP GET "/cookie"
16:12:55.388 [qtp249150694-2940] DEBUG o.s.w.r.h.SimpleUrlHandlerMapping - [75b7970d] Mapped to org.springframework.web.reactive.socket.WebSocketIntegrationTests$CookieHandler@7b7077cb
16:12:55.401 [qtp249150694-2940] DEBUG o.s.w.s.a.HttpWebHandlerAdapter - [75b7970d] Completed 101 SWITCHING_PROTOCOLS
16:12:55.401 [qtp249150694-2940] DEBUG o.s.w.r.s.a.JettyWebSocketSession - [75b7970d] Session id "527424f9" for http://localhost:57003/cookie
16:12:55.402 [WebSocketClient@1437301574-2937] DEBUG o.s.w.r.s.a.JettyWebSocketSession - [3645ca93] Session id "3645ca93" for ws://localhost:57003/cookie
16:12:55.428 [Test worker] DEBUG o.s.w.t.h.s.r.b.JettyHttpServer - Stopping JettyHttpServer...
16:12:55.428 [Test worker] INFO  o.e.j.s.h.ContextHandler - Stopped o.e.j.s.ServletContextHandler@690a1925{/,null,UNAVAILABLE}
16:12:55.433 [Test worker] INFO  o.e.j.s.AbstractConnector - Stopped ServerConnector@2cb4d503{HTTP/1.1, (http/1.1)}{0.0.0.0:0}
16:12:55.443 [Test worker] DEBUG o.s.w.t.h.s.r.b.JettyHttpServer - Server stopped (0 millis).
16:12:55.450 [Test worker] DEBUG o.s.w.r.h.SimpleUrlHandlerMapping - Patterns [/close, /echo, /sub-protocol, /cookie, /custom-header] in 'handlerMapping'
16:12:55.452 [Test worker] DEBUG o.s.w.s.a.HttpWebHandlerAdapter - enableLoggingRequestDetails='false': form data and headers will be masked to prevent unsafe logging of potentially sensitive data
16:12:55.452 [Test worker] DEBUG o.s.w.t.h.s.r.b.ReactorHttpServer - Starting ReactorHttpServer...
16:12:55.453 [Test worker] DEBUG o.s.w.t.h.s.r.b.ReactorHttpServer - Server started on port 57006(0 millis).
16:12:55.457 [Test worker] DEBUG o.s.w.r.s.c.JettyWebSocketClient - Connecting to ws://localhost:57006/cookie
16:12:55.460 [reactor-http-nio-7] DEBUG o.s.w.s.a.HttpWebHandlerAdapter - [70a35faf-63] HTTP GET "/cookie"
16:12:55.460 [reactor-http-nio-7] DEBUG o.s.w.r.h.SimpleUrlHandlerMapping - [70a35faf-63] Mapped to org.springframework.web.reactive.socket.WebSocketIntegrationTests$CookieHandler@1d76eb3b
16:12:55.462 [reactor-http-nio-7] DEBUG o.s.w.r.s.a.ReactorNettyWebSocketSession - [70a35faf-63] Session id "22ea7e3d" for http://localhost:57006/cookie
16:12:55.462 [reactor-http-nio-7] DEBUG o.s.w.s.a.HttpWebHandlerAdapter - [70a35faf-63] Completed 200 OK
16:12:55.463 [WebSocketClient@1437301574-2950] DEBUG o.s.w.r.s.a.JettyWebSocketSession - [3dad3930] Session id "3dad3930" for ws://localhost:57006/cookie
16:12:55.478 [Test worker] DEBUG o.s.w.t.h.s.r.b.ReactorHttpServer - Stopping ReactorHttpServer...
16:12:55.478 [Test worker] DEBUG o.s.w.t.h.s.r.b.ReactorHttpServer - Server stopped (0 millis).
16:12:55.485 [Test worker] DEBUG o.s.w.r.h.SimpleUrlHandlerMapping - Patterns [/close, /echo, /sub-protocol, /cookie, /custom-header] in 'handlerMapping'
16:12:55.487 [Test worker] DEBUG o.s.w.s.a.HttpWebHandlerAdapter - enableLoggingRequestDetails='false': form data and headers will be masked to prevent unsafe logging of potentially sensitive data
16:12:55.487 [Test worker] DEBUG o.s.w.t.h.s.r.b.UndertowHttpServer - Starting UndertowHttpServer...
16:12:55.487 [Test worker] INFO  i.undertow - starting server: Undertow - 2.0.32.Final
16:12:55.490 [Test worker] DEBUG o.s.w.t.h.s.r.b.UndertowHttpServer - Server started on port 57008(0 millis).
16:12:55.495 [Test worker] DEBUG o.s.w.r.s.c.JettyWebSocketClient - Connecting to ws://localhost:57008/cookie
16:12:55.499 [XNIO-64 I/O-6] DEBUG o.s.w.s.a.HttpWebHandlerAdapter - [ff500d7] HTTP GET "/cookie"
16:12:55.499 [XNIO-64 I/O-6] DEBUG o.s.w.r.h.SimpleUrlHandlerMapping - [ff500d7] Mapped to org.springframework.web.reactive.socket.WebSocketIntegrationTests$CookieHandler@bca95f1
16:12:55.500 [XNIO-64 I/O-6] DEBUG o.s.w.r.s.a.UndertowWebSocketSession - [ff500d7] Session id "5317ca67" for http://localhost:57008/cookie
16:12:55.501 [XNIO-64 I/O-6] DEBUG o.s.w.s.a.HttpWebHandlerAdapter - [ff500d7] Completed 101 SWITCHING_PROTOCOLS
16:12:55.501 [WebSocketClient@1437301574-2973] DEBUG o.s.w.r.s.a.JettyWebSocketSession - [f541cbc] Session id "f541cbc" for ws://localhost:57008/cookie
16:12:55.516 [Test worker] DEBUG o.s.w.t.h.s.r.b.UndertowHttpServer - Stopping UndertowHttpServer...
16:12:55.516 [Test worker] INFO  i.undertow - stopping server: Undertow - 2.0.32.Final
16:12:55.517 [Test worker] DEBUG o.s.w.t.h.s.r.b.UndertowHttpServer - Server stopped (0 millis).
16:12:55.524 [Test worker] DEBUG o.s.w.r.h.SimpleUrlHandlerMapping - Patterns [/close, /echo, /sub-protocol, /cookie, /custom-header] in 'handlerMapping'
16:12:55.525 [Test worker] DEBUG o.s.w.s.a.HttpWebHandlerAdapter - enableLoggingRequestDetails='false': form data and headers will be masked to prevent unsafe logging of potentially sensitive data
16:12:55.525 [Test worker] DEBUG o.s.w.t.h.s.r.b.TomcatHttpServer - Starting TomcatHttpServer...
16:12:55.536 [Test worker] DEBUG o.s.w.t.h.s.r.b.TomcatHttpServer - Server started on port 57010(0 millis).
16:12:55.536 [Test worker] DEBUG o.s.w.r.s.c.ReactorNettyWebSocketClient - Connecting to ws://localhost:57010/cookie
16:12:55.545 [http-nio-auto-63-exec-1] DEBUG o.s.w.s.a.HttpWebHandlerAdapter - [294ae214] HTTP GET "/cookie"
16:12:55.545 [http-nio-auto-63-exec-1] DEBUG o.s.w.r.h.SimpleUrlHandlerMapping - [294ae214] Mapped to org.springframework.web.reactive.socket.WebSocketIntegrationTests$CookieHandler@278d094d
16:12:55.547 [http-nio-auto-63-exec-1] DEBUG o.s.w.s.a.HttpWebHandlerAdapter - [294ae214] Completed 101 SWITCHING_PROTOCOLS
16:12:55.550 [http-nio-auto-63-exec-1] DEBUG o.s.w.r.s.a.TomcatWebSocketSession - [294ae214] Session id "e" for http://localhost:57010/cookie
16:12:55.551 [reactor-http-nio-8] DEBUG o.s.w.r.s.a.ReactorNettyWebSocketSession - [6997c3e4] Session id "6997c3e4" for ws://localhost:57010/cookie
16:12:55.551 [reactor-http-nio-8] DEBUG o.s.w.r.s.c.ReactorNettyWebSocketClient - Started session '6997c3e4' for ws://localhost:57010/cookie
16:12:55.556 [Test worker] DEBUG o.s.w.t.h.s.r.b.TomcatHttpServer - Stopping TomcatHttpServer...
16:12:55.580 [Test worker] DEBUG o.s.w.t.h.s.r.b.TomcatHttpServer - Server stopped (0 millis).
16:12:55.588 [Test worker] DEBUG o.s.w.r.h.SimpleUrlHandlerMapping - Patterns [/close, /echo, /sub-protocol, /cookie, /custom-header] in 'handlerMapping'
16:12:55.589 [Test worker] DEBUG o.s.w.s.a.HttpWebHandlerAdapter - enableLoggingRequestDetails='false': form data and headers will be masked to prevent unsafe logging of potentially sensitive data
16:12:55.590 [Test worker] WARN  o.e.j.s.h.ContextHandler - Empty contextPath
16:12:55.590 [Test worker] INFO  o.e.j.s.h.ContextHandler - Started o.e.j.s.ServletContextHandler@41e6377f{/,null,AVAILABLE}
16:12:55.590 [Test worker] DEBUG o.s.w.t.h.s.r.b.JettyHttpServer - Starting JettyHttpServer...
16:12:55.590 [Test worker] INFO  o.e.j.s.Server - jetty-9.4.31.v20200723; built: 2020-07-23T17:57:36.812Z; git: 450ba27947e13e66baa8cd1ce7e85a4461cacc1d; jvm 1.8.0_201-b09
16:12:55.593 [Test worker] INFO  o.e.j.s.AbstractConnector - Started ServerConnector@717dd69{HTTP/1.1, (http/1.1)}{0.0.0.0:57015}
16:12:55.594 [Test worker] INFO  o.e.j.s.Server - Started @143440ms
16:12:55.594 [Test worker] DEBUG o.s.w.t.h.s.r.b.JettyHttpServer - Server started on port 57015(0 millis).
16:12:55.594 [Test worker] DEBUG o.s.w.r.s.c.ReactorNettyWebSocketClient - Connecting to ws://localhost:57015/cookie
16:12:55.598 [qtp1418143437-3001] DEBUG o.s.w.s.a.HttpWebHandlerAdapter - [2f12f322] HTTP GET "/cookie"
16:12:55.598 [qtp1418143437-3001] DEBUG o.s.w.r.h.SimpleUrlHandlerMapping - [2f12f322] Mapped to org.springframework.web.reactive.socket.WebSocketIntegrationTests$CookieHandler@21d518b0
16:12:55.602 [qtp1418143437-3001] DEBUG o.s.w.s.a.HttpWebHandlerAdapter - [2f12f322] Completed 101 SWITCHING_PROTOCOLS
16:12:55.602 [qtp1418143437-3001] DEBUG o.s.w.r.s.a.JettyWebSocketSession - [2f12f322] Session id "c7edc4" for http://localhost:57015/cookie
16:12:55.603 [reactor-http-nio-9] DEBUG o.s.w.r.s.a.ReactorNettyWebSocketSession - [10dbf999] Session id "10dbf999" for ws://localhost:57015/cookie
16:12:55.603 [reactor-http-nio-9] DEBUG o.s.w.r.s.c.ReactorNettyWebSocketClient - Started session '10dbf999' for ws://localhost:57015/cookie
16:12:55.605 [Test worker] DEBUG o.s.w.t.h.s.r.b.JettyHttpServer - Stopping JettyHttpServer...
16:12:55.605 [Test worker] INFO  o.e.j.s.h.ContextHandler - Stopped o.e.j.s.ServletContextHandler@41e6377f{/,null,UNAVAILABLE}
16:12:55.606 [Test worker] INFO  o.e.j.s.AbstractConnector - Stopped ServerConnector@717dd69{HTTP/1.1, (http/1.1)}{0.0.0.0:0}
16:12:55.617 [Test worker] DEBUG o.s.w.t.h.s.r.b.JettyHttpServer - Server stopped (0 millis).
16:12:55.624 [Test worker] DEBUG o.s.w.r.h.SimpleUrlHandlerMapping - Patterns [/close, /echo, /sub-protocol, /cookie, /custom-header] in 'handlerMapping'
16:12:55.625 [Test worker] DEBUG o.s.w.s.a.HttpWebHandlerAdapter - enableLoggingRequestDetails='false': form data and headers will be masked to prevent unsafe logging of potentially sensitive data
16:12:55.625 [Test worker] DEBUG o.s.w.t.h.s.r.b.ReactorHttpServer - Starting ReactorHttpServer...
16:12:55.626 [Test worker] DEBUG o.s.w.t.h.s.r.b.ReactorHttpServer - Server started on port 57017(0 millis).
16:12:55.626 [Test worker] DEBUG o.s.w.r.s.c.ReactorNettyWebSocketClient - Connecting to ws://localhost:57017/cookie
16:12:55.629 [reactor-http-nio-12] DEBUG o.s.w.s.a.HttpWebHandlerAdapter - [c2c1d1a2-64] HTTP GET "/cookie"
16:12:55.630 [reactor-http-nio-12] DEBUG o.s.w.r.h.SimpleUrlHandlerMapping - [c2c1d1a2-64] Mapped to org.springframework.web.reactive.socket.WebSocketIntegrationTests$CookieHandler@362aa83
16:12:55.631 [reactor-http-nio-12] DEBUG o.s.w.r.s.a.ReactorNettyWebSocketSession - [c2c1d1a2-64] Session id "3cb241db" for http://localhost:57017/cookie
16:12:55.632 [reactor-http-nio-12] DEBUG o.s.w.s.a.HttpWebHandlerAdapter - [c2c1d1a2-64] Completed 200 OK
16:12:55.632 [reactor-http-nio-11] DEBUG o.s.w.r.s.a.ReactorNettyWebSocketSession - [67bfcf03] Session id "67bfcf03" for ws://localhost:57017/cookie
16:12:55.632 [reactor-http-nio-11] DEBUG o.s.w.r.s.c.ReactorNettyWebSocketClient - Started session '67bfcf03' for ws://localhost:57017/cookie
16:12:55.633 [Test worker] DEBUG o.s.w.t.h.s.r.b.ReactorHttpServer - Stopping ReactorHttpServer...
16:12:55.634 [Test worker] DEBUG o.s.w.t.h.s.r.b.ReactorHttpServer - Server stopped (0 millis).
16:12:55.640 [Test worker] DEBUG o.s.w.r.h.SimpleUrlHandlerMapping - Patterns [/close, /echo, /sub-protocol, /cookie, /custom-header] in 'handlerMapping'
16:12:55.642 [Test worker] DEBUG o.s.w.s.a.HttpWebHandlerAdapter - enableLoggingRequestDetails='false': form data and headers will be masked to prevent unsafe logging of potentially sensitive data
16:12:55.642 [Test worker] DEBUG o.s.w.t.h.s.r.b.UndertowHttpServer - Starting UndertowHttpServer...
16:12:55.642 [Test worker] INFO  i.undertow - starting server: Undertow - 2.0.32.Final
16:12:55.645 [Test worker] DEBUG o.s.w.t.h.s.r.b.UndertowHttpServer - Server started on port 57019(0 millis).
16:12:55.646 [Test worker] DEBUG o.s.w.r.s.c.ReactorNettyWebSocketClient - Connecting to ws://localhost:57019/cookie
16:12:55.651 [XNIO-65 I/O-6] DEBUG o.s.w.s.a.HttpWebHandlerAdapter - [1e27ab4f] HTTP GET "/cookie"
16:12:55.651 [XNIO-65 I/O-6] DEBUG o.s.w.r.h.SimpleUrlHandlerMapping - [1e27ab4f] Mapped to org.springframework.web.reactive.socket.WebSocketIntegrationTests$CookieHandler@1a182c53
16:12:55.652 [XNIO-65 I/O-6] DEBUG o.s.w.r.s.a.UndertowWebSocketSession - [1e27ab4f] Session id "78a58491" for http://localhost:57019/cookie
16:12:55.652 [XNIO-65 I/O-6] DEBUG o.s.w.s.a.HttpWebHandlerAdapter - [1e27ab4f] Completed 101 SWITCHING_PROTOCOLS
16:12:55.652 [reactor-http-nio-1] DEBUG o.s.w.r.s.a.ReactorNettyWebSocketSession - [244e7902] Session id "244e7902" for ws://localhost:57019/cookie
16:12:55.652 [reactor-http-nio-1] DEBUG o.s.w.r.s.c.ReactorNettyWebSocketClient - Started session '244e7902' for ws://localhost:57019/cookie
16:12:55.654 [Test worker] DEBUG o.s.w.t.h.s.r.b.UndertowHttpServer - Stopping UndertowHttpServer...
16:12:55.654 [Test worker] INFO  i.undertow - stopping server: Undertow - 2.0.32.Final
16:12:55.655 [Test worker] DEBUG o.s.w.t.h.s.r.b.UndertowHttpServer - Server stopped (0 millis).
16:12:55.662 [Test worker] DEBUG o.s.w.r.h.SimpleUrlHandlerMapping - Patterns [/close, /echo, /sub-protocol, /cookie, /custom-header] in 'handlerMapping'
16:12:55.663 [Test worker] DEBUG o.s.w.s.a.HttpWebHandlerAdapter - enableLoggingRequestDetails='false': form data and headers will be masked to prevent unsafe logging of potentially sensitive data
16:12:55.663 [Test worker] DEBUG o.s.w.t.h.s.r.b.TomcatHttpServer - Starting TomcatHttpServer...
16:12:55.677 [Test worker] DEBUG o.s.w.t.h.s.r.b.TomcatHttpServer - Server started on port 57021(0 millis).
16:12:55.677 [Test worker] DEBUG o.s.w.r.s.c.UndertowWebSocketClient - Connecting to ws://localhost:57021/cookie
16:12:55.685 [http-nio-auto-64-exec-1] DEBUG o.s.w.s.a.HttpWebHandlerAdapter - [ff74636] HTTP GET "/cookie"
16:12:55.685 [http-nio-auto-64-exec-1] DEBUG o.s.w.r.h.SimpleUrlHandlerMapping - [ff74636] Mapped to org.springframework.web.reactive.socket.WebSocketIntegrationTests$CookieHandler@130a9b8
16:12:55.686 [http-nio-auto-64-exec-1] DEBUG o.s.w.s.a.HttpWebHandlerAdapter - [ff74636] Completed 101 SWITCHING_PROTOCOLS
16:12:55.689 [XNIO-62 I/O-1] DEBUG o.s.w.r.s.a.UndertowWebSocketSession - [13eb0a09] Session id "13eb0a09" for ws://localhost:57021/cookie
16:12:55.689 [http-nio-auto-64-exec-1] DEBUG o.s.w.r.s.a.TomcatWebSocketSession - [ff74636] Session id "f" for http://localhost:57021/cookie
16:12:55.695 [Test worker] DEBUG o.s.w.t.h.s.r.b.TomcatHttpServer - Stopping TomcatHttpServer...
16:12:55.717 [Test worker] DEBUG o.s.w.t.h.s.r.b.TomcatHttpServer - Server stopped (0 millis).
16:12:55.725 [Test worker] DEBUG o.s.w.r.h.SimpleUrlHandlerMapping - Patterns [/close, /echo, /sub-protocol, /cookie, /custom-header] in 'handlerMapping'
16:12:55.727 [Test worker] DEBUG o.s.w.s.a.HttpWebHandlerAdapter - enableLoggingRequestDetails='false': form data and headers will be masked to prevent unsafe logging of potentially sensitive data
16:12:55.727 [Test worker] WARN  o.e.j.s.h.ContextHandler - Empty contextPath
16:12:55.728 [Test worker] INFO  o.e.j.s.h.ContextHandler - Started o.e.j.s.ServletContextHandler@2f3ac1d6{/,null,AVAILABLE}
16:12:55.728 [Test worker] DEBUG o.s.w.t.h.s.r.b.JettyHttpServer - Starting JettyHttpServer...
16:12:55.728 [Test worker] INFO  o.e.j.s.Server - jetty-9.4.31.v20200723; built: 2020-07-23T17:57:36.812Z; git: 450ba27947e13e66baa8cd1ce7e85a4461cacc1d; jvm 1.8.0_201-b09
16:12:55.731 [Test worker] INFO  o.e.j.s.AbstractConnector - Started ServerConnector@1a4acc59{HTTP/1.1, (http/1.1)}{0.0.0.0:57026}
16:12:55.731 [Test worker] INFO  o.e.j.s.Server - Started @143577ms
16:12:55.731 [Test worker] DEBUG o.s.w.t.h.s.r.b.JettyHttpServer - Server started on port 57026(0 millis).
16:12:55.731 [Test worker] DEBUG o.s.w.r.s.c.UndertowWebSocketClient - Connecting to ws://localhost:57026/cookie
16:12:55.734 [qtp1072172398-3041] DEBUG o.s.w.s.a.HttpWebHandlerAdapter - [7c123984] HTTP GET "/cookie"
16:12:55.734 [qtp1072172398-3041] DEBUG o.s.w.r.h.SimpleUrlHandlerMapping - [7c123984] Mapped to org.springframework.web.reactive.socket.WebSocketIntegrationTests$CookieHandler@72d5c876
16:12:55.738 [qtp1072172398-3041] DEBUG o.s.w.s.a.HttpWebHandlerAdapter - [7c123984] Completed 101 SWITCHING_PROTOCOLS
16:12:55.739 [XNIO-62 I/O-1] DEBUG o.s.w.r.s.a.UndertowWebSocketSession - [6d07d6d8] Session id "6d07d6d8" for ws://localhost:57026/cookie
16:12:55.739 [qtp1072172398-3041] DEBUG o.s.w.r.s.a.JettyWebSocketSession - [7c123984] Session id "55070aac" for http://localhost:57026/cookie
16:12:55.740 [Test worker] DEBUG o.s.w.t.h.s.r.b.JettyHttpServer - Stopping JettyHttpServer...
16:12:55.740 [Test worker] INFO  o.e.j.s.h.ContextHandler - Stopped o.e.j.s.ServletContextHandler@2f3ac1d6{/,null,UNAVAILABLE}
16:12:55.742 [Test worker] INFO  o.e.j.s.AbstractConnector - Stopped ServerConnector@1a4acc59{HTTP/1.1, (http/1.1)}{0.0.0.0:0}
16:12:55.753 [Test worker] DEBUG o.s.w.t.h.s.r.b.JettyHttpServer - Server stopped (0 millis).
16:12:55.761 [Test worker] DEBUG o.s.w.r.h.SimpleUrlHandlerMapping - Patterns [/close, /echo, /sub-protocol, /cookie, /custom-header] in 'handlerMapping'
16:12:55.763 [Test worker] DEBUG o.s.w.s.a.HttpWebHandlerAdapter - enableLoggingRequestDetails='false': form data and headers will be masked to prevent unsafe logging of potentially sensitive data
16:12:55.763 [Test worker] DEBUG o.s.w.t.h.s.r.b.ReactorHttpServer - Starting ReactorHttpServer...
16:12:55.764 [Test worker] DEBUG o.s.w.t.h.s.r.b.ReactorHttpServer - Server started on port 57028(0 millis).
16:12:55.764 [Test worker] DEBUG o.s.w.r.s.c.UndertowWebSocketClient - Connecting to ws://localhost:57028/cookie
16:12:55.767 [reactor-http-nio-3] DEBUG o.s.w.s.a.HttpWebHandlerAdapter - [e087b85f-65] HTTP GET "/cookie"
16:12:55.767 [reactor-http-nio-3] DEBUG o.s.w.r.h.SimpleUrlHandlerMapping - [e087b85f-65] Mapped to org.springframework.web.reactive.socket.WebSocketIntegrationTests$CookieHandler@25cc36d2
16:12:55.769 [reactor-http-nio-3] DEBUG o.s.w.r.s.a.ReactorNettyWebSocketSession - [e087b85f-65] Session id "63c95f95" for http://localhost:57028/cookie
16:12:55.769 [XNIO-62 I/O-1] DEBUG o.s.w.r.s.a.UndertowWebSocketSession - [6f9d7aa8] Session id "6f9d7aa8" for ws://localhost:57028/cookie
16:12:55.769 [reactor-http-nio-3] DEBUG o.s.w.s.a.HttpWebHandlerAdapter - [e087b85f-65] Completed 200 OK
16:12:55.770 [Test worker] DEBUG o.s.w.t.h.s.r.b.ReactorHttpServer - Stopping ReactorHttpServer...
16:12:55.770 [Test worker] DEBUG o.s.w.t.h.s.r.b.ReactorHttpServer - Server stopped (0 millis).
16:12:55.777 [Test worker] DEBUG o.s.w.r.h.SimpleUrlHandlerMapping - Patterns [/close, /echo, /sub-protocol, /cookie, /custom-header] in 'handlerMapping'
16:12:55.779 [Test worker] DEBUG o.s.w.s.a.HttpWebHandlerAdapter - enableLoggingRequestDetails='false': form data and headers will be masked to prevent unsafe logging of potentially sensitive data
16:12:55.779 [Test worker] DEBUG o.s.w.t.h.s.r.b.UndertowHttpServer - Starting UndertowHttpServer...
16:12:55.779 [Test worker] INFO  i.undertow - starting server: Undertow - 2.0.32.Final
16:12:55.782 [Test worker] DEBUG o.s.w.t.h.s.r.b.UndertowHttpServer - Server started on port 57030(0 millis).
16:12:55.783 [Test worker] DEBUG o.s.w.r.s.c.UndertowWebSocketClient - Connecting to ws://localhost:57030/cookie
16:12:55.786 [XNIO-66 I/O-6] DEBUG o.s.w.s.a.HttpWebHandlerAdapter - [2a7bdaee] HTTP GET "/cookie"
16:12:55.786 [XNIO-66 I/O-6] DEBUG o.s.w.r.h.SimpleUrlHandlerMapping - [2a7bdaee] Mapped to org.springframework.web.reactive.socket.WebSocketIntegrationTests$CookieHandler@2e444b79
16:12:55.787 [XNIO-66 I/O-6] DEBUG o.s.w.r.s.a.UndertowWebSocketSession - [2a7bdaee] Session id "3f19eac6" for http://localhost:57030/cookie
16:12:55.787 [XNIO-66 I/O-6] DEBUG o.s.w.s.a.HttpWebHandlerAdapter - [2a7bdaee] Completed 101 SWITCHING_PROTOCOLS
16:12:55.787 [XNIO-62 I/O-1] DEBUG o.s.w.r.s.a.UndertowWebSocketSession - [23373caf] Session id "23373caf" for ws://localhost:57030/cookie
16:12:55.788 [Test worker] DEBUG o.s.w.t.h.s.r.b.UndertowHttpServer - Stopping UndertowHttpServer...
16:12:55.788 [Test worker] INFO  i.undertow - stopping server: Undertow - 2.0.32.Final
16:12:55.789 [Test worker] DEBUG o.s.w.t.h.s.r.b.UndertowHttpServer - Server stopped (0 millis).
16:12:55.801 [Test worker] DEBUG o.s.w.r.h.SimpleUrlHandlerMapping - Patterns [/close, /echo, /sub-protocol, /cookie, /custom-header] in 'handlerMapping'
16:12:55.803 [Test worker] DEBUG o.s.w.s.a.HttpWebHandlerAdapter - enableLoggingRequestDetails='false': form data and headers will be masked to prevent unsafe logging of potentially sensitive data
16:12:55.814 [Test worker] DEBUG o.s.w.t.h.s.r.b.TomcatHttpServer - Starting TomcatHttpServer...
16:12:55.839 [Test worker] DEBUG o.s.w.t.h.s.r.b.TomcatHttpServer - Server started on port 57035(0 millis).
16:12:55.845 [boundedElastic-1] DEBUG o.s.w.r.s.c.StandardWebSocketClient - Connecting to ws://localhost:57035/echo
16:12:55.854 [http-nio-auto-65-exec-1] DEBUG o.s.w.s.a.HttpWebHandlerAdapter - [6b925f3b] HTTP GET "/echo"
16:12:55.854 [http-nio-auto-65-exec-1] DEBUG o.s.w.r.h.SimpleUrlHandlerMapping - [6b925f3b] Mapped to org.springframework.web.reactive.socket.WebSocketIntegrationTests$EchoWebSocketHandler@6555bc39
16:12:55.856 [http-nio-auto-65-exec-1] DEBUG o.s.w.s.a.HttpWebHandlerAdapter - [6b925f3b] Completed 101 SWITCHING_PROTOCOLS
16:12:55.858 [boundedElastic-1] DEBUG o.s.w.r.s.a.TomcatWebSocketSession - [10] Session id "10" for ws://localhost:57035/echo
16:12:55.859 [http-nio-auto-65-exec-1] DEBUG o.s.w.r.s.a.TomcatWebSocketSession - [6b925f3b] Session id "11" for http://localhost:57035/echo
16:12:55.885 [Test worker] DEBUG o.s.w.t.h.s.r.b.TomcatHttpServer - Stopping TomcatHttpServer...
16:12:55.906 [Test worker] DEBUG o.s.w.t.h.s.r.b.TomcatHttpServer - Server stopped (0 millis).
16:12:55.913 [Test worker] DEBUG o.s.w.r.h.SimpleUrlHandlerMapping - Patterns [/close, /echo, /sub-protocol, /cookie, /custom-header] in 'handlerMapping'
16:12:55.915 [Test worker] DEBUG o.s.w.s.a.HttpWebHandlerAdapter - enableLoggingRequestDetails='false': form data and headers will be masked to prevent unsafe logging of potentially sensitive data
16:12:55.915 [Test worker] WARN  o.e.j.s.h.ContextHandler - Empty contextPath
16:12:55.915 [Test worker] INFO  o.e.j.s.h.ContextHandler - Started o.e.j.s.ServletContextHandler@32425c10{/,null,AVAILABLE}
16:12:55.915 [Test worker] DEBUG o.s.w.t.h.s.r.b.JettyHttpServer - Starting JettyHttpServer...
16:12:55.916 [Test worker] INFO  o.e.j.s.Server - jetty-9.4.31.v20200723; built: 2020-07-23T17:57:36.812Z; git: 450ba27947e13e66baa8cd1ce7e85a4461cacc1d; jvm 1.8.0_201-b09
16:12:55.918 [Test worker] INFO  o.e.j.s.AbstractConnector - Started ServerConnector@7b894571{HTTP/1.1, (http/1.1)}{0.0.0.0:57038}
16:12:55.918 [Test worker] INFO  o.e.j.s.Server - Started @143764ms
16:12:55.918 [Test worker] DEBUG o.s.w.t.h.s.r.b.JettyHttpServer - Server started on port 57038(0 millis).
16:12:55.919 [boundedElastic-1] DEBUG o.s.w.r.s.c.StandardWebSocketClient - Connecting to ws://localhost:57038/echo
16:12:55.922 [qtp774827827-3083] DEBUG o.s.w.s.a.HttpWebHandlerAdapter - [16bd50e6] HTTP GET "/echo"
16:12:55.922 [qtp774827827-3083] DEBUG o.s.w.r.h.SimpleUrlHandlerMapping - [16bd50e6] Mapped to org.springframework.web.reactive.socket.WebSocketIntegrationTests$EchoWebSocketHandler@187aac41
16:12:55.926 [qtp774827827-3083] DEBUG o.s.w.s.a.HttpWebHandlerAdapter - [16bd50e6] Completed 101 SWITCHING_PROTOCOLS
16:12:55.928 [qtp774827827-3083] DEBUG o.s.w.r.s.a.JettyWebSocketSession - [16bd50e6] Session id "39685935" for http://localhost:57038/echo
16:12:55.928 [boundedElastic-1] DEBUG o.s.w.r.s.a.TomcatWebSocketSession - [12] Session id "12" for ws://localhost:57038/echo
16:12:55.950 [Test worker] DEBUG o.s.w.t.h.s.r.b.JettyHttpServer - Stopping JettyHttpServer...
16:12:55.950 [Test worker] INFO  o.e.j.s.h.ContextHandler - Stopped o.e.j.s.ServletContextHandler@32425c10{/,null,UNAVAILABLE}
16:12:55.952 [Test worker] INFO  o.e.j.s.AbstractConnector - Stopped ServerConnector@7b894571{HTTP/1.1, (http/1.1)}{0.0.0.0:0}
16:12:55.962 [Test worker] DEBUG o.s.w.t.h.s.r.b.JettyHttpServer - Server stopped (0 millis).
16:12:55.970 [Test worker] DEBUG o.s.w.r.h.SimpleUrlHandlerMapping - Patterns [/close, /echo, /sub-protocol, /cookie, /custom-header] in 'handlerMapping'
16:12:55.972 [Test worker] DEBUG o.s.w.s.a.HttpWebHandlerAdapter - enableLoggingRequestDetails='false': form data and headers will be masked to prevent unsafe logging of potentially sensitive data
16:12:55.972 [Test worker] DEBUG o.s.w.t.h.s.r.b.ReactorHttpServer - Starting ReactorHttpServer...
16:12:55.972 [Test worker] DEBUG o.s.w.t.h.s.r.b.ReactorHttpServer - Server started on port 57043(0 millis).
16:12:55.973 [boundedElastic-1] DEBUG o.s.w.r.s.c.StandardWebSocketClient - Connecting to ws://localhost:57043/echo
16:12:55.980 [reactor-http-nio-5] DEBUG o.s.w.s.a.HttpWebHandlerAdapter - [67acbb98-66] HTTP GET "/echo"
16:12:55.980 [reactor-http-nio-5] DEBUG o.s.w.r.h.SimpleUrlHandlerMapping - [67acbb98-66] Mapped to org.springframework.web.reactive.socket.WebSocketIntegrationTests$EchoWebSocketHandler@5fda86b4
16:12:55.984 [reactor-http-nio-5] DEBUG o.s.w.r.s.a.ReactorNettyWebSocketSession - [67acbb98-66] Session id "143817a4" for http://localhost:57043/echo
16:12:55.984 [boundedElastic-1] DEBUG o.s.w.r.s.a.TomcatWebSocketSession - [13] Session id "13" for ws://localhost:57043/echo
16:12:55.985 [reactor-http-nio-5] DEBUG o.s.w.s.a.HttpWebHandlerAdapter - [67acbb98-66] Completed 200 OK
16:12:56.033 [Test worker] DEBUG o.s.w.t.h.s.r.b.ReactorHttpServer - Stopping ReactorHttpServer...
16:12:56.033 [Test worker] DEBUG o.s.w.t.h.s.r.b.ReactorHttpServer - Server stopped (0 millis).
16:12:56.040 [Test worker] DEBUG o.s.w.r.h.SimpleUrlHandlerMapping - Patterns [/close, /echo, /sub-protocol, /cookie, /custom-header] in 'handlerMapping'
16:12:56.042 [Test worker] DEBUG o.s.w.s.a.HttpWebHandlerAdapter - enableLoggingRequestDetails='false': form data and headers will be masked to prevent unsafe logging of potentially sensitive data
16:12:56.042 [Test worker] DEBUG o.s.w.t.h.s.r.b.UndertowHttpServer - Starting UndertowHttpServer...
16:12:56.042 [Test worker] INFO  i.undertow - starting server: Undertow - 2.0.32.Final
16:12:56.046 [Test worker] DEBUG o.s.w.t.h.s.r.b.UndertowHttpServer - Server started on port 57045(0 millis).
16:12:56.046 [boundedElastic-1] DEBUG o.s.w.r.s.c.StandardWebSocketClient - Connecting to ws://localhost:57045/echo
16:12:56.051 [XNIO-68 I/O-6] DEBUG o.s.w.s.a.HttpWebHandlerAdapter - [42c674c3] HTTP GET "/echo"
16:12:56.051 [XNIO-68 I/O-6] DEBUG o.s.w.r.h.SimpleUrlHandlerMapping - [42c674c3] Mapped to org.springframework.web.reactive.socket.WebSocketIntegrationTests$EchoWebSocketHandler@46f9e843
16:12:56.053 [XNIO-68 I/O-6] DEBUG o.s.w.r.s.a.UndertowWebSocketSession - [42c674c3] Session id "1a9a61a2" for http://localhost:57045/echo
16:12:56.054 [boundedElastic-1] DEBUG o.s.w.r.s.a.TomcatWebSocketSession - [14] Session id "14" for ws://localhost:57045/echo
16:12:56.054 [XNIO-68 I/O-6] DEBUG o.s.w.s.a.HttpWebHandlerAdapter - [42c674c3] Completed 101 SWITCHING_PROTOCOLS
16:12:56.076 [Test worker] DEBUG o.s.w.t.h.s.r.b.UndertowHttpServer - Stopping UndertowHttpServer...
16:12:56.076 [Test worker] INFO  i.undertow - stopping server: Undertow - 2.0.32.Final
16:12:56.077 [Test worker] DEBUG o.s.w.t.h.s.r.b.UndertowHttpServer - Server stopped (0 millis).
16:12:56.084 [Test worker] DEBUG o.s.w.r.h.SimpleUrlHandlerMapping - Patterns [/close, /echo, /sub-protocol, /cookie, /custom-header] in 'handlerMapping'
16:12:56.086 [Test worker] DEBUG o.s.w.s.a.HttpWebHandlerAdapter - enableLoggingRequestDetails='false': form data and headers will be masked to prevent unsafe logging of potentially sensitive data
16:12:56.086 [Test worker] DEBUG o.s.w.t.h.s.r.b.TomcatHttpServer - Starting TomcatHttpServer...
16:12:56.097 [Test worker] DEBUG o.s.w.t.h.s.r.b.TomcatHttpServer - Server started on port 57049(0 millis).
16:12:56.103 [Test worker] DEBUG o.s.w.r.s.c.JettyWebSocketClient - Connecting to ws://localhost:57049/echo
16:12:56.111 [http-nio-auto-66-exec-1] DEBUG o.s.w.s.a.HttpWebHandlerAdapter - [69fdf753] HTTP GET "/echo"
16:12:56.111 [http-nio-auto-66-exec-1] DEBUG o.s.w.r.h.SimpleUrlHandlerMapping - [69fdf753] Mapped to org.springframework.web.reactive.socket.WebSocketIntegrationTests$EchoWebSocketHandler@673a141c
16:12:56.112 [http-nio-auto-66-exec-1] DEBUG o.s.w.s.a.HttpWebHandlerAdapter - [69fdf753] Completed 101 SWITCHING_PROTOCOLS
16:12:56.115 [http-nio-auto-66-exec-1] DEBUG o.s.w.r.s.a.TomcatWebSocketSession - [69fdf753] Session id "15" for http://localhost:57049/echo
16:12:56.115 [WebSocketClient@1721756894-3116] DEBUG o.s.w.r.s.a.JettyWebSocketSession - [6758d2cb] Session id "6758d2cb" for ws://localhost:57049/echo
16:12:56.155 [Test worker] DEBUG o.s.w.t.h.s.r.b.TomcatHttpServer - Stopping TomcatHttpServer...
16:12:56.169 [Test worker] DEBUG o.s.w.t.h.s.r.b.TomcatHttpServer - Server stopped (0 millis).
16:12:56.176 [Test worker] DEBUG o.s.w.r.h.SimpleUrlHandlerMapping - Patterns [/close, /echo, /sub-protocol, /cookie, /custom-header] in 'handlerMapping'
16:12:56.178 [Test worker] DEBUG o.s.w.s.a.HttpWebHandlerAdapter - enableLoggingRequestDetails='false': form data and headers will be masked to prevent unsafe logging of potentially sensitive data
16:12:56.178 [Test worker] WARN  o.e.j.s.h.ContextHandler - Empty contextPath
16:12:56.179 [Test worker] INFO  o.e.j.s.h.ContextHandler - Started o.e.j.s.ServletContextHandler@578312ce{/,null,AVAILABLE}
16:12:56.179 [Test worker] DEBUG o.s.w.t.h.s.r.b.JettyHttpServer - Starting JettyHttpServer...
16:12:56.179 [Test worker] INFO  o.e.j.s.Server - jetty-9.4.31.v20200723; built: 2020-07-23T17:57:36.812Z; git: 450ba27947e13e66baa8cd1ce7e85a4461cacc1d; jvm 1.8.0_201-b09
16:12:56.181 [Test worker] INFO  o.e.j.s.AbstractConnector - Started ServerConnector@3b9ad6ba{HTTP/1.1, (http/1.1)}{0.0.0.0:57056}
16:12:56.181 [Test worker] INFO  o.e.j.s.Server - Started @144027ms
16:12:56.181 [Test worker] DEBUG o.s.w.t.h.s.r.b.JettyHttpServer - Server started on port 57056(0 millis).
16:12:56.186 [Test worker] DEBUG o.s.w.r.s.c.JettyWebSocketClient - Connecting to ws://localhost:57056/echo
16:12:56.188 [qtp491350551-3144] DEBUG o.s.w.s.a.HttpWebHandlerAdapter - [606151c6] HTTP GET "/echo"
16:12:56.189 [qtp491350551-3144] DEBUG o.s.w.r.h.SimpleUrlHandlerMapping - [606151c6] Mapped to org.springframework.web.reactive.socket.WebSocketIntegrationTests$EchoWebSocketHandler@6ea6b3ba
16:12:56.193 [qtp491350551-3144] DEBUG o.s.w.s.a.HttpWebHandlerAdapter - [606151c6] Completed 101 SWITCHING_PROTOCOLS
16:12:56.193 [qtp491350551-3144] DEBUG o.s.w.r.s.a.JettyWebSocketSession - [606151c6] Session id "4fb446ce" for http://localhost:57056/echo
16:12:56.194 [WebSocketClient@1721756894-3141] DEBUG o.s.w.r.s.a.JettyWebSocketSession - [57284757] Session id "57284757" for ws://localhost:57056/echo
16:12:56.227 [Test worker] DEBUG o.s.w.t.h.s.r.b.JettyHttpServer - Stopping JettyHttpServer...
16:12:56.227 [Test worker] INFO  o.e.j.s.h.ContextHandler - Stopped o.e.j.s.ServletContextHandler@578312ce{/,null,UNAVAILABLE}
16:12:56.229 [Test worker] INFO  o.e.j.s.AbstractConnector - Stopped ServerConnector@3b9ad6ba{HTTP/1.1, (http/1.1)}{0.0.0.0:0}
16:12:56.240 [Test worker] DEBUG o.s.w.t.h.s.r.b.JettyHttpServer - Server stopped (0 millis).
16:12:56.247 [Test worker] DEBUG o.s.w.r.h.SimpleUrlHandlerMapping - Patterns [/close, /echo, /sub-protocol, /cookie, /custom-header] in 'handlerMapping'
16:12:56.248 [Test worker] DEBUG o.s.w.s.a.HttpWebHandlerAdapter - enableLoggingRequestDetails='false': form data and headers will be masked to prevent unsafe logging of potentially sensitive data
16:12:56.248 [Test worker] DEBUG o.s.w.t.h.s.r.b.ReactorHttpServer - Starting ReactorHttpServer...
16:12:56.249 [Test worker] DEBUG o.s.w.t.h.s.r.b.ReactorHttpServer - Server started on port 57060(0 millis).
16:12:56.253 [Test worker] DEBUG o.s.w.r.s.c.JettyWebSocketClient - Connecting to ws://localhost:57060/echo
16:12:56.256 [reactor-http-nio-7] DEBUG o.s.w.s.a.HttpWebHandlerAdapter - [ccb1422a-67] HTTP GET "/echo"
16:12:56.256 [reactor-http-nio-7] DEBUG o.s.w.r.h.SimpleUrlHandlerMapping - [ccb1422a-67] Mapped to org.springframework.web.reactive.socket.WebSocketIntegrationTests$EchoWebSocketHandler@3f3b8439
16:12:56.258 [reactor-http-nio-7] DEBUG o.s.w.r.s.a.ReactorNettyWebSocketSession - [ccb1422a-67] Session id "7d611bf7" for http://localhost:57060/echo
16:12:56.258 [reactor-http-nio-7] DEBUG o.s.w.s.a.HttpWebHandlerAdapter - [ccb1422a-67] Completed 200 OK
16:12:56.258 [WebSocketClient@1721756894-3154] DEBUG o.s.w.r.s.a.JettyWebSocketSession - [4ca56b34] Session id "4ca56b34" for ws://localhost:57060/echo
16:12:56.328 [Test worker] DEBUG o.s.w.t.h.s.r.b.ReactorHttpServer - Stopping ReactorHttpServer...
16:12:56.328 [Test worker] DEBUG o.s.w.t.h.s.r.b.ReactorHttpServer - Server stopped (0 millis).
16:12:56.336 [Test worker] DEBUG o.s.w.r.h.SimpleUrlHandlerMapping - Patterns [/close, /echo, /sub-protocol, /cookie, /custom-header] in 'handlerMapping'
16:12:56.337 [Test worker] DEBUG o.s.w.s.a.HttpWebHandlerAdapter - enableLoggingRequestDetails='false': form data and headers will be masked to prevent unsafe logging of potentially sensitive data
16:12:56.337 [Test worker] DEBUG o.s.w.t.h.s.r.b.UndertowHttpServer - Starting UndertowHttpServer...
16:12:56.337 [Test worker] INFO  i.undertow - starting server: Undertow - 2.0.32.Final
16:12:56.341 [Test worker] DEBUG o.s.w.t.h.s.r.b.UndertowHttpServer - Server started on port 57065(0 millis).
16:12:56.345 [Test worker] DEBUG o.s.w.r.s.c.JettyWebSocketClient - Connecting to ws://localhost:57065/echo
16:12:56.348 [XNIO-69 I/O-6] DEBUG o.s.w.s.a.HttpWebHandlerAdapter - [62395fd2] HTTP GET "/echo"
16:12:56.349 [XNIO-69 I/O-6] DEBUG o.s.w.r.h.SimpleUrlHandlerMapping - [62395fd2] Mapped to org.springframework.web.reactive.socket.WebSocketIntegrationTests$EchoWebSocketHandler@6606d74d
16:12:56.350 [XNIO-69 I/O-6] DEBUG o.s.w.r.s.a.UndertowWebSocketSession - [62395fd2] Session id "6c77d5e0" for http://localhost:57065/echo
16:12:56.350 [XNIO-69 I/O-6] DEBUG o.s.w.s.a.HttpWebHandlerAdapter - [62395fd2] Completed 101 SWITCHING_PROTOCOLS
16:12:56.350 [WebSocketClient@1721756894-3170] DEBUG o.s.w.r.s.a.JettyWebSocketSession - [75cfc10d] Session id "75cfc10d" for ws://localhost:57065/echo
16:12:56.387 [Test worker] DEBUG o.s.w.t.h.s.r.b.UndertowHttpServer - Stopping UndertowHttpServer...
16:12:56.387 [Test worker] INFO  i.undertow - stopping server: Undertow - 2.0.32.Final
16:12:56.388 [Test worker] DEBUG o.s.w.t.h.s.r.b.UndertowHttpServer - Server stopped (0 millis).
16:12:56.395 [Test worker] DEBUG o.s.w.r.h.SimpleUrlHandlerMapping - Patterns [/close, /echo, /sub-protocol, /cookie, /custom-header] in 'handlerMapping'
16:12:56.396 [Test worker] DEBUG o.s.w.s.a.HttpWebHandlerAdapter - enableLoggingRequestDetails='false': form data and headers will be masked to prevent unsafe logging of potentially sensitive data
16:12:56.397 [Test worker] DEBUG o.s.w.t.h.s.r.b.TomcatHttpServer - Starting TomcatHttpServer...
16:12:56.406 [Test worker] DEBUG o.s.w.t.h.s.r.b.TomcatHttpServer - Server started on port 57067(0 millis).
16:12:56.406 [Test worker] DEBUG o.s.w.r.s.c.ReactorNettyWebSocketClient - Connecting to ws://localhost:57067/echo
16:12:56.415 [http-nio-auto-67-exec-1] DEBUG o.s.w.s.a.HttpWebHandlerAdapter - [12a49b20] HTTP GET "/echo"
16:12:56.415 [http-nio-auto-67-exec-1] DEBUG o.s.w.r.h.SimpleUrlHandlerMapping - [12a49b20] Mapped to org.springframework.web.reactive.socket.WebSocketIntegrationTests$EchoWebSocketHandler@1c636704
16:12:56.416 [http-nio-auto-67-exec-1] DEBUG o.s.w.s.a.HttpWebHandlerAdapter - [12a49b20] Completed 101 SWITCHING_PROTOCOLS
16:12:56.419 [http-nio-auto-67-exec-1] DEBUG o.s.w.r.s.a.TomcatWebSocketSession - [12a49b20] Session id "16" for http://localhost:57067/echo
16:12:56.420 [reactor-http-nio-8] DEBUG o.s.w.r.s.a.ReactorNettyWebSocketSession - [526ca8f0] Session id "526ca8f0" for ws://localhost:57067/echo
16:12:56.420 [reactor-http-nio-8] DEBUG o.s.w.r.s.c.ReactorNettyWebSocketClient - Started session '526ca8f0' for ws://localhost:57067/echo
16:12:56.473 [Test worker] DEBUG o.s.w.t.h.s.r.b.TomcatHttpServer - Stopping TomcatHttpServer...
16:12:56.497 [Test worker] DEBUG o.s.w.t.h.s.r.b.TomcatHttpServer - Server stopped (0 millis).
16:12:56.505 [Test worker] DEBUG o.s.w.r.h.SimpleUrlHandlerMapping - Patterns [/close, /echo, /sub-protocol, /cookie, /custom-header] in 'handlerMapping'
16:12:56.507 [Test worker] DEBUG o.s.w.s.a.HttpWebHandlerAdapter - enableLoggingRequestDetails='false': form data and headers will be masked to prevent unsafe logging of potentially sensitive data
16:12:56.507 [Test worker] WARN  o.e.j.s.h.ContextHandler - Empty contextPath
16:12:56.507 [Test worker] INFO  o.e.j.s.h.ContextHandler - Started o.e.j.s.ServletContextHandler@4ce2ca70{/,null,AVAILABLE}
16:12:56.507 [Test worker] DEBUG o.s.w.t.h.s.r.b.JettyHttpServer - Starting JettyHttpServer...
16:12:56.508 [Test worker] INFO  o.e.j.s.Server - jetty-9.4.31.v20200723; built: 2020-07-23T17:57:36.812Z; git: 450ba27947e13e66baa8cd1ce7e85a4461cacc1d; jvm 1.8.0_201-b09
16:12:56.510 [Test worker] INFO  o.e.j.s.AbstractConnector - Started ServerConnector@9987352{HTTP/1.1, (http/1.1)}{0.0.0.0:57072}
16:12:56.510 [Test worker] INFO  o.e.j.s.Server - Started @144356ms
16:12:56.510 [Test worker] DEBUG o.s.w.t.h.s.r.b.JettyHttpServer - Server started on port 57072(0 millis).
16:12:56.510 [Test worker] DEBUG o.s.w.r.s.c.ReactorNettyWebSocketClient - Connecting to ws://localhost:57072/echo
16:12:56.514 [qtp667986050-3205] DEBUG o.s.w.s.a.HttpWebHandlerAdapter - [79608718] HTTP GET "/echo"
16:12:56.514 [qtp667986050-3205] DEBUG o.s.w.r.h.SimpleUrlHandlerMapping - [79608718] Mapped to org.springframework.web.reactive.socket.WebSocketIntegrationTests$EchoWebSocketHandler@77a76644
16:12:56.520 [qtp667986050-3205] DEBUG o.s.w.s.a.HttpWebHandlerAdapter - [79608718] Completed 101 SWITCHING_PROTOCOLS
16:12:56.521 [qtp667986050-3205] DEBUG o.s.w.r.s.a.JettyWebSocketSession - [79608718] Session id "56b59330" for http://localhost:57072/echo
16:12:56.521 [reactor-http-nio-9] DEBUG o.s.w.r.s.a.ReactorNettyWebSocketSession - [6a681d96] Session id "6a681d96" for ws://localhost:57072/echo
16:12:56.521 [reactor-http-nio-9] DEBUG o.s.w.r.s.c.ReactorNettyWebSocketClient - Started session '6a681d96' for ws://localhost:57072/echo
16:12:56.567 [Test worker] DEBUG o.s.w.t.h.s.r.b.JettyHttpServer - Stopping JettyHttpServer...
16:12:56.568 [Test worker] INFO  o.e.j.s.h.ContextHandler - Stopped o.e.j.s.ServletContextHandler@4ce2ca70{/,null,UNAVAILABLE}
16:12:56.569 [Test worker] INFO  o.e.j.s.AbstractConnector - Stopped ServerConnector@9987352{HTTP/1.1, (http/1.1)}{0.0.0.0:0}
16:12:56.580 [Test worker] DEBUG o.s.w.t.h.s.r.b.JettyHttpServer - Server stopped (0 millis).
16:12:56.586 [Test worker] DEBUG o.s.w.r.h.SimpleUrlHandlerMapping - Patterns [/close, /echo, /sub-protocol, /cookie, /custom-header] in 'handlerMapping'
16:12:56.588 [Test worker] DEBUG o.s.w.s.a.HttpWebHandlerAdapter - enableLoggingRequestDetails='false': form data and headers will be masked to prevent unsafe logging of potentially sensitive data
16:12:56.588 [Test worker] DEBUG o.s.w.t.h.s.r.b.ReactorHttpServer - Starting ReactorHttpServer...
16:12:56.589 [Test worker] DEBUG o.s.w.t.h.s.r.b.ReactorHttpServer - Server started on port 57077(0 millis).
16:12:56.589 [Test worker] DEBUG o.s.w.r.s.c.ReactorNettyWebSocketClient - Connecting to ws://localhost:57077/echo
16:12:56.592 [reactor-http-nio-12] DEBUG o.s.w.s.a.HttpWebHandlerAdapter - [5a9ef01d-68] HTTP GET "/echo"
16:12:56.592 [reactor-http-nio-12] DEBUG o.s.w.r.h.SimpleUrlHandlerMapping - [5a9ef01d-68] Mapped to org.springframework.web.reactive.socket.WebSocketIntegrationTests$EchoWebSocketHandler@6458a5ac
16:12:56.594 [reactor-http-nio-12] DEBUG o.s.w.r.s.a.ReactorNettyWebSocketSession - [5a9ef01d-68] Session id "4ab5269e" for http://localhost:57077/echo
16:12:56.594 [reactor-http-nio-12] DEBUG o.s.w.s.a.HttpWebHandlerAdapter - [5a9ef01d-68] Completed 200 OK
16:12:56.594 [reactor-http-nio-11] DEBUG o.s.w.r.s.a.ReactorNettyWebSocketSession - [735f5932] Session id "735f5932" for ws://localhost:57077/echo
16:12:56.594 [reactor-http-nio-11] DEBUG o.s.w.r.s.c.ReactorNettyWebSocketClient - Started session '735f5932' for ws://localhost:57077/echo
16:12:56.668 [Test worker] DEBUG o.s.w.t.h.s.r.b.ReactorHttpServer - Stopping ReactorHttpServer...
16:12:56.669 [Test worker] DEBUG o.s.w.t.h.s.r.b.ReactorHttpServer - Server stopped (0 millis).
16:12:56.676 [Test worker] DEBUG o.s.w.r.h.SimpleUrlHandlerMapping - Patterns [/close, /echo, /sub-protocol, /cookie, /custom-header] in 'handlerMapping'
16:12:56.677 [Test worker] DEBUG o.s.w.s.a.HttpWebHandlerAdapter - enableLoggingRequestDetails='false': form data and headers will be masked to prevent unsafe logging of potentially sensitive data
16:12:56.677 [Test worker] DEBUG o.s.w.t.h.s.r.b.UndertowHttpServer - Starting UndertowHttpServer...
16:12:56.678 [Test worker] INFO  i.undertow - starting server: Undertow - 2.0.32.Final
16:12:56.681 [Test worker] DEBUG o.s.w.t.h.s.r.b.UndertowHttpServer - Server started on port 57081(0 millis).
16:12:56.682 [Test worker] DEBUG o.s.w.r.s.c.ReactorNettyWebSocketClient - Connecting to ws://localhost:57081/echo
16:12:56.711 [XNIO-70 I/O-6] DEBUG o.s.w.s.a.HttpWebHandlerAdapter - [76176d27] HTTP GET "/echo"
16:12:56.711 [XNIO-70 I/O-6] DEBUG o.s.w.r.h.SimpleUrlHandlerMapping - [76176d27] Mapped to org.springframework.web.reactive.socket.WebSocketIntegrationTests$EchoWebSocketHandler@7228e73d
16:12:56.712 [XNIO-70 I/O-6] DEBUG o.s.w.r.s.a.UndertowWebSocketSession - [76176d27] Session id "65168911" for http://localhost:57081/echo
16:12:56.712 [XNIO-70 I/O-6] DEBUG o.s.w.s.a.HttpWebHandlerAdapter - [76176d27] Completed 101 SWITCHING_PROTOCOLS
16:12:56.712 [reactor-http-nio-1] DEBUG o.s.w.r.s.a.ReactorNettyWebSocketSession - [284d000d] Session id "284d000d" for ws://localhost:57081/echo
16:12:56.712 [reactor-http-nio-1] DEBUG o.s.w.r.s.c.ReactorNettyWebSocketClient - Started session '284d000d' for ws://localhost:57081/echo
16:12:56.758 [Test worker] DEBUG o.s.w.t.h.s.r.b.UndertowHttpServer - Stopping UndertowHttpServer...
16:12:56.759 [Test worker] INFO  i.undertow - stopping server: Undertow - 2.0.32.Final
16:12:56.759 [Test worker] DEBUG o.s.w.t.h.s.r.b.UndertowHttpServer - Server stopped (0 millis).
16:12:56.768 [Test worker] DEBUG o.s.w.r.h.SimpleUrlHandlerMapping - Patterns [/close, /echo, /sub-protocol, /cookie, /custom-header] in 'handlerMapping'
16:12:56.769 [Test worker] DEBUG o.s.w.s.a.HttpWebHandlerAdapter - enableLoggingRequestDetails='false': form data and headers will be masked to prevent unsafe logging of potentially sensitive data
16:12:56.769 [Test worker] DEBUG o.s.w.t.h.s.r.b.TomcatHttpServer - Starting TomcatHttpServer...
16:12:56.778 [Test worker] DEBUG o.s.w.t.h.s.r.b.TomcatHttpServer - Server started on port 57083(0 millis).
16:12:56.778 [Test worker] DEBUG o.s.w.r.s.c.UndertowWebSocketClient - Connecting to ws://localhost:57083/echo
16:12:56.787 [http-nio-auto-68-exec-1] DEBUG o.s.w.s.a.HttpWebHandlerAdapter - [42738c89] HTTP GET "/echo"
16:12:56.787 [http-nio-auto-68-exec-1] DEBUG o.s.w.r.h.SimpleUrlHandlerMapping - [42738c89] Mapped to org.springframework.web.reactive.socket.WebSocketIntegrationTests$EchoWebSocketHandler@4cb47ab7
16:12:56.789 [http-nio-auto-68-exec-1] DEBUG o.s.w.s.a.HttpWebHandlerAdapter - [42738c89] Completed 101 SWITCHING_PROTOCOLS
16:12:56.792 [http-nio-auto-68-exec-1] DEBUG o.s.w.r.s.a.TomcatWebSocketSession - [42738c89] Session id "17" for http://localhost:57083/echo
16:12:56.792 [XNIO-67 I/O-1] DEBUG o.s.w.r.s.a.UndertowWebSocketSession - [22189147] Session id "22189147" for ws://localhost:57083/echo
16:12:56.827 [Test worker] DEBUG o.s.w.t.h.s.r.b.TomcatHttpServer - Stopping TomcatHttpServer...
16:12:56.846 [Test worker] DEBUG o.s.w.t.h.s.r.b.TomcatHttpServer - Server stopped (0 millis).
16:12:56.854 [Test worker] DEBUG o.s.w.r.h.SimpleUrlHandlerMapping - Patterns [/close, /echo, /sub-protocol, /cookie, /custom-header] in 'handlerMapping'
16:12:56.855 [Test worker] DEBUG o.s.w.s.a.HttpWebHandlerAdapter - enableLoggingRequestDetails='false': form data and headers will be masked to prevent unsafe logging of potentially sensitive data
16:12:56.855 [Test worker] WARN  o.e.j.s.h.ContextHandler - Empty contextPath
16:12:56.856 [Test worker] INFO  o.e.j.s.h.ContextHandler - Started o.e.j.s.ServletContextHandler@566ff2a2{/,null,AVAILABLE}
16:12:56.856 [Test worker] DEBUG o.s.w.t.h.s.r.b.JettyHttpServer - Starting JettyHttpServer...
16:12:56.856 [Test worker] INFO  o.e.j.s.Server - jetty-9.4.31.v20200723; built: 2020-07-23T17:57:36.812Z; git: 450ba27947e13e66baa8cd1ce7e85a4461cacc1d; jvm 1.8.0_201-b09
16:12:56.858 [Test worker] INFO  o.e.j.s.AbstractConnector - Started ServerConnector@7df448cb{HTTP/1.1, (http/1.1)}{0.0.0.0:57088}
16:12:56.858 [Test worker] INFO  o.e.j.s.Server - Started @144704ms
16:12:56.858 [Test worker] DEBUG o.s.w.t.h.s.r.b.JettyHttpServer - Server started on port 57088(0 millis).
16:12:56.858 [Test worker] DEBUG o.s.w.r.s.c.UndertowWebSocketClient - Connecting to ws://localhost:57088/echo
16:12:56.863 [qtp911308903-3245] DEBUG o.s.w.s.a.HttpWebHandlerAdapter - [78560c5d] HTTP GET "/echo"
16:12:56.864 [qtp911308903-3245] DEBUG o.s.w.r.h.SimpleUrlHandlerMapping - [78560c5d] Mapped to org.springframework.web.reactive.socket.WebSocketIntegrationTests$EchoWebSocketHandler@7691fd27
16:12:56.868 [qtp911308903-3245] DEBUG o.s.w.s.a.HttpWebHandlerAdapter - [78560c5d] Completed 101 SWITCHING_PROTOCOLS
16:12:56.868 [qtp911308903-3245] DEBUG o.s.w.r.s.a.JettyWebSocketSession - [78560c5d] Session id "57830853" for http://localhost:57088/echo
16:12:56.868 [XNIO-67 I/O-1] DEBUG o.s.w.r.s.a.UndertowWebSocketSession - [2cdf7b74] Session id "2cdf7b74" for ws://localhost:57088/echo
16:12:56.897 [Test worker] DEBUG o.s.w.t.h.s.r.b.JettyHttpServer - Stopping JettyHttpServer...
16:12:56.897 [Test worker] INFO  o.e.j.s.h.ContextHandler - Stopped o.e.j.s.ServletContextHandler@566ff2a2{/,null,UNAVAILABLE}
16:12:56.899 [Test worker] INFO  o.e.j.s.AbstractConnector - Stopped ServerConnector@7df448cb{HTTP/1.1, (http/1.1)}{0.0.0.0:0}
16:12:56.910 [Test worker] DEBUG o.s.w.t.h.s.r.b.JettyHttpServer - Server stopped (0 millis).
16:12:56.918 [Test worker] DEBUG o.s.w.r.h.SimpleUrlHandlerMapping - Patterns [/close, /echo, /sub-protocol, /cookie, /custom-header] in 'handlerMapping'
16:12:56.920 [Test worker] DEBUG o.s.w.s.a.HttpWebHandlerAdapter - enableLoggingRequestDetails='false': form data and headers will be masked to prevent unsafe logging of potentially sensitive data
16:12:56.920 [Test worker] DEBUG o.s.w.t.h.s.r.b.ReactorHttpServer - Starting ReactorHttpServer...
16:12:56.921 [Test worker] DEBUG o.s.w.t.h.s.r.b.ReactorHttpServer - Server started on port 57097(0 millis).
16:12:56.921 [Test worker] DEBUG o.s.w.r.s.c.UndertowWebSocketClient - Connecting to ws://localhost:57097/echo
16:12:56.923 [reactor-http-nio-3] DEBUG o.s.w.s.a.HttpWebHandlerAdapter - [4381d1a4-69] HTTP GET "/echo"
16:12:56.923 [reactor-http-nio-3] DEBUG o.s.w.r.h.SimpleUrlHandlerMapping - [4381d1a4-69] Mapped to org.springframework.web.reactive.socket.WebSocketIntegrationTests$EchoWebSocketHandler@17de06c6
16:12:56.924 [reactor-http-nio-3] DEBUG o.s.w.r.s.a.ReactorNettyWebSocketSession - [4381d1a4-69] Session id "6a78ef68" for http://localhost:57097/echo
16:12:56.925 [XNIO-67 I/O-1] DEBUG o.s.w.r.s.a.UndertowWebSocketSession - [28e0fa37] Session id "28e0fa37" for ws://localhost:57097/echo
16:12:56.925 [reactor-http-nio-3] DEBUG o.s.w.s.a.HttpWebHandlerAdapter - [4381d1a4-69] Completed 200 OK
16:12:57.032 [Test worker] DEBUG o.s.w.t.h.s.r.b.ReactorHttpServer - Stopping ReactorHttpServer...
16:12:57.032 [Test worker] DEBUG o.s.w.t.h.s.r.b.ReactorHttpServer - Server stopped (0 millis).
16:12:57.040 [Test worker] DEBUG o.s.w.r.h.SimpleUrlHandlerMapping - Patterns [/close, /echo, /sub-protocol, /cookie, /custom-header] in 'handlerMapping'
16:12:57.041 [Test worker] DEBUG o.s.w.s.a.HttpWebHandlerAdapter - enableLoggingRequestDetails='false': form data and headers will be masked to prevent unsafe logging of potentially sensitive data
16:12:57.041 [Test worker] DEBUG o.s.w.t.h.s.r.b.UndertowHttpServer - Starting UndertowHttpServer...
16:12:57.041 [Test worker] INFO  i.undertow - starting server: Undertow - 2.0.32.Final
16:12:57.045 [Test worker] DEBUG o.s.w.t.h.s.r.b.UndertowHttpServer - Server started on port 57102(0 millis).
16:12:57.045 [Test worker] DEBUG o.s.w.r.s.c.UndertowWebSocketClient - Connecting to ws://localhost:57102/echo
16:12:57.048 [XNIO-71 I/O-6] DEBUG o.s.w.s.a.HttpWebHandlerAdapter - [1d5e02ec] HTTP GET "/echo"
16:12:57.049 [XNIO-71 I/O-6] DEBUG o.s.w.r.h.SimpleUrlHandlerMapping - [1d5e02ec] Mapped to org.springframework.web.reactive.socket.WebSocketIntegrationTests$EchoWebSocketHandler@1961859f
16:12:57.049 [XNIO-71 I/O-6] DEBUG o.s.w.r.s.a.UndertowWebSocketSession - [1d5e02ec] Session id "707895f7" for http://localhost:57102/echo
16:12:57.049 [XNIO-67 I/O-1] DEBUG o.s.w.r.s.a.UndertowWebSocketSession - [6de2714f] Session id "6de2714f" for ws://localhost:57102/echo
16:12:57.049 [XNIO-71 I/O-6] DEBUG o.s.w.s.a.HttpWebHandlerAdapter - [1d5e02ec] Completed 101 SWITCHING_PROTOCOLS
16:12:57.064 [Test worker] DEBUG o.s.w.t.h.s.r.b.UndertowHttpServer - Stopping UndertowHttpServer...
16:12:57.065 [Test worker] INFO  i.undertow - stopping server: Undertow - 2.0.32.Final
16:12:57.065 [Test worker] DEBUG o.s.w.t.h.s.r.b.UndertowHttpServer - Server stopped (0 millis).
16:12:57.077 [Test worker] DEBUG o.s.w.r.h.SimpleUrlHandlerMapping - Patterns [/close, /echo, /sub-protocol, /cookie, /custom-header] in 'handlerMapping'
16:12:57.079 [Test worker] DEBUG o.s.w.s.a.HttpWebHandlerAdapter - enableLoggingRequestDetails='false': form data and headers will be masked to prevent unsafe logging of potentially sensitive data
16:12:57.080 [Test worker] DEBUG o.s.w.t.h.s.r.b.TomcatHttpServer - Starting TomcatHttpServer...
16:12:57.090 [Test worker] DEBUG o.s.w.t.h.s.r.b.TomcatHttpServer - Server started on port 57106(0 millis).
16:12:57.091 [boundedElastic-1] DEBUG o.s.w.r.s.c.StandardWebSocketClient - Connecting to ws://localhost:57106/custom-header
16:12:57.100 [http-nio-auto-69-exec-1] DEBUG o.s.w.s.a.HttpWebHandlerAdapter - [2a9002ff] HTTP GET "/custom-header"
16:12:57.100 [http-nio-auto-69-exec-1] DEBUG o.s.w.r.h.SimpleUrlHandlerMapping - [2a9002ff] Mapped to org.springframework.web.reactive.socket.WebSocketIntegrationTests$CustomHeaderHandler@2457f9dd
16:12:57.102 [http-nio-auto-69-exec-1] DEBUG o.s.w.s.a.HttpWebHandlerAdapter - [2a9002ff] Completed 101 SWITCHING_PROTOCOLS
16:12:57.106 [boundedElastic-1] DEBUG o.s.w.r.s.a.TomcatWebSocketSession - [19] Session id "19" for ws://localhost:57106/custom-header
16:12:57.106 [http-nio-auto-69-exec-1] DEBUG o.s.w.r.s.a.TomcatWebSocketSession - [2a9002ff] Session id "18" for http://localhost:57106/custom-header
16:12:57.110 [Test worker] DEBUG o.s.w.t.h.s.r.b.TomcatHttpServer - Stopping TomcatHttpServer...
16:12:57.128 [Test worker] DEBUG o.s.w.t.h.s.r.b.TomcatHttpServer - Server stopped (0 millis).
16:12:57.135 [Test worker] DEBUG o.s.w.r.h.SimpleUrlHandlerMapping - Patterns [/close, /echo, /sub-protocol, /cookie, /custom-header] in 'handlerMapping'
16:12:57.137 [Test worker] DEBUG o.s.w.s.a.HttpWebHandlerAdapter - enableLoggingRequestDetails='false': form data and headers will be masked to prevent unsafe logging of potentially sensitive data
16:12:57.137 [Test worker] WARN  o.e.j.s.h.ContextHandler - Empty contextPath
16:12:57.137 [Test worker] INFO  o.e.j.s.h.ContextHandler - Started o.e.j.s.ServletContextHandler@c62065b{/,null,AVAILABLE}
16:12:57.138 [Test worker] DEBUG o.s.w.t.h.s.r.b.JettyHttpServer - Starting JettyHttpServer...
16:12:57.138 [Test worker] INFO  o.e.j.s.Server - jetty-9.4.31.v20200723; built: 2020-07-23T17:57:36.812Z; git: 450ba27947e13e66baa8cd1ce7e85a4461cacc1d; jvm 1.8.0_201-b09
16:12:57.140 [Test worker] INFO  o.e.j.s.AbstractConnector - Started ServerConnector@38f2a34b{HTTP/1.1, (http/1.1)}{0.0.0.0:57109}
16:12:57.140 [Test worker] INFO  o.e.j.s.Server - Started @144986ms
16:12:57.140 [Test worker] DEBUG o.s.w.t.h.s.r.b.JettyHttpServer - Server started on port 57109(0 millis).
16:12:57.141 [boundedElastic-1] DEBUG o.s.w.r.s.c.StandardWebSocketClient - Connecting to ws://localhost:57109/custom-header
16:12:57.144 [qtp1519396362-3287] DEBUG o.s.w.s.a.HttpWebHandlerAdapter - [2ae6e881] HTTP GET "/custom-header"
16:12:57.145 [qtp1519396362-3287] DEBUG o.s.w.r.h.SimpleUrlHandlerMapping - [2ae6e881] Mapped to org.springframework.web.reactive.socket.WebSocketIntegrationTests$CustomHeaderHandler@242103ad
16:12:57.149 [qtp1519396362-3287] DEBUG o.s.w.s.a.HttpWebHandlerAdapter - [2ae6e881] Completed 101 SWITCHING_PROTOCOLS
16:12:57.152 [qtp1519396362-3287] DEBUG o.s.w.r.s.a.JettyWebSocketSession - [2ae6e881] Session id "533f6d9" for http://localhost:57109/custom-header
16:12:57.152 [boundedElastic-1] DEBUG o.s.w.r.s.a.TomcatWebSocketSession - [1a] Session id "1a" for ws://localhost:57109/custom-header
16:12:57.153 [Test worker] DEBUG o.s.w.t.h.s.r.b.JettyHttpServer - Stopping JettyHttpServer...
16:12:57.159 [Test worker] INFO  o.e.j.s.h.ContextHandler - Stopped o.e.j.s.ServletContextHandler@c62065b{/,null,UNAVAILABLE}
16:12:57.160 [Test worker] INFO  o.e.j.s.AbstractConnector - Stopped ServerConnector@38f2a34b{HTTP/1.1, (http/1.1)}{0.0.0.0:0}
16:12:57.171 [Test worker] DEBUG o.s.w.t.h.s.r.b.JettyHttpServer - Server stopped (0 millis).
16:12:57.178 [Test worker] DEBUG o.s.w.r.h.SimpleUrlHandlerMapping - Patterns [/close, /echo, /sub-protocol, /cookie, /custom-header] in 'handlerMapping'
16:12:57.179 [Test worker] DEBUG o.s.w.s.a.HttpWebHandlerAdapter - enableLoggingRequestDetails='false': form data and headers will be masked to prevent unsafe logging of potentially sensitive data
16:12:57.180 [Test worker] DEBUG o.s.w.t.h.s.r.b.ReactorHttpServer - Starting ReactorHttpServer...
16:12:57.181 [Test worker] DEBUG o.s.w.t.h.s.r.b.ReactorHttpServer - Server started on port 57111(0 millis).
16:12:57.182 [boundedElastic-1] DEBUG o.s.w.r.s.c.StandardWebSocketClient - Connecting to ws://localhost:57111/custom-header
16:12:57.186 [reactor-http-nio-5] DEBUG o.s.w.s.a.HttpWebHandlerAdapter - [3cc9fd4e-70] HTTP GET "/custom-header"
16:12:57.186 [reactor-http-nio-5] DEBUG o.s.w.r.h.SimpleUrlHandlerMapping - [3cc9fd4e-70] Mapped to org.springframework.web.reactive.socket.WebSocketIntegrationTests$CustomHeaderHandler@79c86545
16:12:57.189 [reactor-http-nio-5] DEBUG o.s.w.r.s.a.ReactorNettyWebSocketSession - [3cc9fd4e-70] Session id "42417585" for http://localhost:57111/custom-header
16:12:57.189 [boundedElastic-1] DEBUG o.s.w.r.s.a.TomcatWebSocketSession - [1b] Session id "1b" for ws://localhost:57111/custom-header
16:12:57.190 [reactor-http-nio-5] DEBUG o.s.w.s.a.HttpWebHandlerAdapter - [3cc9fd4e-70] Completed 200 OK
16:12:57.192 [Test worker] DEBUG o.s.w.t.h.s.r.b.ReactorHttpServer - Stopping ReactorHttpServer...
16:12:57.193 [Test worker] DEBUG o.s.w.t.h.s.r.b.ReactorHttpServer - Server stopped (0 millis).
16:12:57.200 [Test worker] DEBUG o.s.w.r.h.SimpleUrlHandlerMapping - Patterns [/close, /echo, /sub-protocol, /cookie, /custom-header] in 'handlerMapping'
16:12:57.202 [Test worker] DEBUG o.s.w.s.a.HttpWebHandlerAdapter - enableLoggingRequestDetails='false': form data and headers will be masked to prevent unsafe logging of potentially sensitive data
16:12:57.202 [Test worker] DEBUG o.s.w.t.h.s.r.b.UndertowHttpServer - Starting UndertowHttpServer...
16:12:57.202 [Test worker] INFO  i.undertow - starting server: Undertow - 2.0.32.Final
16:12:57.206 [Test worker] DEBUG o.s.w.t.h.s.r.b.UndertowHttpServer - Server started on port 57113(0 millis).
16:12:57.206 [boundedElastic-1] DEBUG o.s.w.r.s.c.StandardWebSocketClient - Connecting to ws://localhost:57113/custom-header
16:12:57.210 [XNIO-73 I/O-6] DEBUG o.s.w.s.a.HttpWebHandlerAdapter - [422c959b] HTTP GET "/custom-header"
16:12:57.211 [XNIO-73 I/O-6] DEBUG o.s.w.r.h.SimpleUrlHandlerMapping - [422c959b] Mapped to org.springframework.web.reactive.socket.WebSocketIntegrationTests$CustomHeaderHandler@46131906
16:12:57.215 [XNIO-73 I/O-6] DEBUG o.s.w.r.s.a.UndertowWebSocketSession - [422c959b] Session id "7759d074" for http://localhost:57113/custom-header
16:12:57.216 [boundedElastic-1] DEBUG o.s.w.r.s.a.TomcatWebSocketSession - [1c] Session id "1c" for ws://localhost:57113/custom-header
16:12:57.216 [XNIO-73 I/O-6] DEBUG o.s.w.s.a.HttpWebHandlerAdapter - [422c959b] Completed 101 SWITCHING_PROTOCOLS
16:12:57.224 [Test worker] DEBUG o.s.w.t.h.s.r.b.UndertowHttpServer - Stopping UndertowHttpServer...
16:12:57.225 [Test worker] INFO  i.undertow - stopping server: Undertow - 2.0.32.Final
16:12:57.226 [Test worker] DEBUG o.s.w.t.h.s.r.b.UndertowHttpServer - Server stopped (0 millis).
16:12:57.234 [Test worker] DEBUG o.s.w.r.h.SimpleUrlHandlerMapping - Patterns [/close, /echo, /sub-protocol, /cookie, /custom-header] in 'handlerMapping'
16:12:57.236 [Test worker] DEBUG o.s.w.s.a.HttpWebHandlerAdapter - enableLoggingRequestDetails='false': form data and headers will be masked to prevent unsafe logging of potentially sensitive data
16:12:57.237 [Test worker] DEBUG o.s.w.t.h.s.r.b.TomcatHttpServer - Starting TomcatHttpServer...
16:12:57.247 [Test worker] DEBUG o.s.w.t.h.s.r.b.TomcatHttpServer - Server started on port 57116(0 millis).
16:12:57.253 [Test worker] DEBUG o.s.w.r.s.c.JettyWebSocketClient - Connecting to ws://localhost:57116/custom-header
16:12:57.262 [http-nio-auto-70-exec-1] DEBUG o.s.w.s.a.HttpWebHandlerAdapter - [740009f1] HTTP GET "/custom-header"
16:12:57.262 [http-nio-auto-70-exec-1] DEBUG o.s.w.r.h.SimpleUrlHandlerMapping - [740009f1] Mapped to org.springframework.web.reactive.socket.WebSocketIntegrationTests$CustomHeaderHandler@7ac7f901
16:12:57.263 [http-nio-auto-70-exec-1] DEBUG o.s.w.s.a.HttpWebHandlerAdapter - [740009f1] Completed 101 SWITCHING_PROTOCOLS
16:12:57.266 [http-nio-auto-70-exec-1] DEBUG o.s.w.r.s.a.TomcatWebSocketSession - [740009f1] Session id "1d" for http://localhost:57116/custom-header
16:12:57.267 [WebSocketClient@1603020589-3327] DEBUG o.s.w.r.s.a.JettyWebSocketSession - [4753ad2a] Session id "4753ad2a" for ws://localhost:57116/custom-header
16:12:57.288 [Test worker] DEBUG o.s.w.t.h.s.r.b.TomcatHttpServer - Stopping TomcatHttpServer...
16:12:57.310 [Test worker] DEBUG o.s.w.t.h.s.r.b.TomcatHttpServer - Server stopped (0 millis).
16:12:57.318 [Test worker] DEBUG o.s.w.r.h.SimpleUrlHandlerMapping - Patterns [/close, /echo, /sub-protocol, /cookie, /custom-header] in 'handlerMapping'
16:12:57.320 [Test worker] DEBUG o.s.w.s.a.HttpWebHandlerAdapter - enableLoggingRequestDetails='false': form data and headers will be masked to prevent unsafe logging of potentially sensitive data
16:12:57.320 [Test worker] WARN  o.e.j.s.h.ContextHandler - Empty contextPath
16:12:57.321 [Test worker] INFO  o.e.j.s.h.ContextHandler - Started o.e.j.s.ServletContextHandler@e9976b8{/,null,AVAILABLE}
16:12:57.321 [Test worker] DEBUG o.s.w.t.h.s.r.b.JettyHttpServer - Starting JettyHttpServer...
16:12:57.321 [Test worker] INFO  o.e.j.s.Server - jetty-9.4.31.v20200723; built: 2020-07-23T17:57:36.812Z; git: 450ba27947e13e66baa8cd1ce7e85a4461cacc1d; jvm 1.8.0_201-b09
16:12:57.323 [Test worker] INFO  o.e.j.s.AbstractConnector - Started ServerConnector@e7743cb{HTTP/1.1, (http/1.1)}{0.0.0.0:57119}
16:12:57.323 [Test worker] INFO  o.e.j.s.Server - Started @145169ms
16:12:57.323 [Test worker] DEBUG o.s.w.t.h.s.r.b.JettyHttpServer - Server started on port 57119(0 millis).
16:12:57.335 [Test worker] DEBUG o.s.w.r.s.c.JettyWebSocketClient - Connecting to ws://localhost:57119/custom-header
16:12:57.338 [qtp1909943152-3349] DEBUG o.s.w.s.a.HttpWebHandlerAdapter - [5e069763] HTTP GET "/custom-header"
16:12:57.338 [qtp1909943152-3349] DEBUG o.s.w.r.h.SimpleUrlHandlerMapping - [5e069763] Mapped to org.springframework.web.reactive.socket.WebSocketIntegrationTests$CustomHeaderHandler@50c172d3
16:12:57.343 [qtp1909943152-3349] DEBUG o.s.w.s.a.HttpWebHandlerAdapter - [5e069763] Completed 101 SWITCHING_PROTOCOLS
16:12:57.343 [qtp1909943152-3349] DEBUG o.s.w.r.s.a.JettyWebSocketSession - [5e069763] Session id "71d387a7" for http://localhost:57119/custom-header
16:12:57.344 [WebSocketClient@1603020589-3346] DEBUG o.s.w.r.s.a.JettyWebSocketSession - [6f4075b1] Session id "6f4075b1" for ws://localhost:57119/custom-header
16:12:57.360 [Test worker] DEBUG o.s.w.t.h.s.r.b.JettyHttpServer - Stopping JettyHttpServer...
16:12:57.360 [Test worker] INFO  o.e.j.s.h.ContextHandler - Stopped o.e.j.s.ServletContextHandler@e9976b8{/,null,UNAVAILABLE}
16:12:57.362 [Test worker] INFO  o.e.j.s.AbstractConnector - Stopped ServerConnector@e7743cb{HTTP/1.1, (http/1.1)}{0.0.0.0:0}
16:12:57.372 [Test worker] DEBUG o.s.w.t.h.s.r.b.JettyHttpServer - Server stopped (0 millis).
16:12:57.379 [Test worker] DEBUG o.s.w.r.h.SimpleUrlHandlerMapping - Patterns [/close, /echo, /sub-protocol, /cookie, /custom-header] in 'handlerMapping'
16:12:57.380 [Test worker] DEBUG o.s.w.s.a.HttpWebHandlerAdapter - enableLoggingRequestDetails='false': form data and headers will be masked to prevent unsafe logging of potentially sensitive data
16:12:57.381 [Test worker] DEBUG o.s.w.t.h.s.r.b.ReactorHttpServer - Starting ReactorHttpServer...
16:12:57.381 [Test worker] DEBUG o.s.w.t.h.s.r.b.ReactorHttpServer - Server started on port 57121(0 millis).
16:12:57.388 [Test worker] DEBUG o.s.w.r.s.c.JettyWebSocketClient - Connecting to ws://localhost:57121/custom-header
16:12:57.390 [reactor-http-nio-7] DEBUG o.s.w.s.a.HttpWebHandlerAdapter - [7b1c41e7-71] HTTP GET "/custom-header"
16:12:57.390 [reactor-http-nio-7] DEBUG o.s.w.r.h.SimpleUrlHandlerMapping - [7b1c41e7-71] Mapped to org.springframework.web.reactive.socket.WebSocketIntegrationTests$CustomHeaderHandler@6fce626
16:12:57.392 [reactor-http-nio-7] DEBUG o.s.w.r.s.a.ReactorNettyWebSocketSession - [7b1c41e7-71] Session id "2c034bda" for http://localhost:57121/custom-header
16:12:57.392 [reactor-http-nio-7] DEBUG o.s.w.s.a.HttpWebHandlerAdapter - [7b1c41e7-71] Completed 200 OK
16:12:57.393 [WebSocketClient@1603020589-3359] DEBUG o.s.w.r.s.a.JettyWebSocketSession - [447aa36a] Session id "447aa36a" for ws://localhost:57121/custom-header
16:12:57.407 [Test worker] DEBUG o.s.w.t.h.s.r.b.ReactorHttpServer - Stopping ReactorHttpServer...
16:12:57.407 [Test worker] DEBUG o.s.w.t.h.s.r.b.ReactorHttpServer - Server stopped (0 millis).
16:12:57.414 [Test worker] DEBUG o.s.w.r.h.SimpleUrlHandlerMapping - Patterns [/close, /echo, /sub-protocol, /cookie, /custom-header] in 'handlerMapping'
16:12:57.416 [Test worker] DEBUG o.s.w.s.a.HttpWebHandlerAdapter - enableLoggingRequestDetails='false': form data and headers will be masked to prevent unsafe logging of potentially sensitive data
16:12:57.416 [Test worker] DEBUG o.s.w.t.h.s.r.b.UndertowHttpServer - Starting UndertowHttpServer...
16:12:57.416 [Test worker] INFO  i.undertow - starting server: Undertow - 2.0.32.Final
16:12:57.420 [Test worker] DEBUG o.s.w.t.h.s.r.b.UndertowHttpServer - Server started on port 57123(0 millis).
16:12:57.426 [Test worker] DEBUG o.s.w.r.s.c.JettyWebSocketClient - Connecting to ws://localhost:57123/custom-header
16:12:57.429 [XNIO-74 I/O-6] DEBUG o.s.w.s.a.HttpWebHandlerAdapter - [6ca131b0] HTTP GET "/custom-header"
16:12:57.430 [XNIO-74 I/O-6] DEBUG o.s.w.r.h.SimpleUrlHandlerMapping - [6ca131b0] Mapped to org.springframework.web.reactive.socket.WebSocketIntegrationTests$CustomHeaderHandler@689ea8fc
16:12:57.430 [XNIO-74 I/O-6] DEBUG o.s.w.r.s.a.UndertowWebSocketSession - [6ca131b0] Session id "659bac56" for http://localhost:57123/custom-header
16:12:57.431 [XNIO-74 I/O-6] DEBUG o.s.w.s.a.HttpWebHandlerAdapter - [6ca131b0] Completed 101 SWITCHING_PROTOCOLS
16:12:57.431 [WebSocketClient@1603020589-3382] DEBUG o.s.w.r.s.a.JettyWebSocketSession - [16e70867] Session id "16e70867" for ws://localhost:57123/custom-header
16:12:57.446 [Test worker] DEBUG o.s.w.t.h.s.r.b.UndertowHttpServer - Stopping UndertowHttpServer...
16:12:57.446 [Test worker] INFO  i.undertow - stopping server: Undertow - 2.0.32.Final
16:12:57.447 [Test worker] DEBUG o.s.w.t.h.s.r.b.UndertowHttpServer - Server stopped (0 millis).
16:12:57.454 [Test worker] DEBUG o.s.w.r.h.SimpleUrlHandlerMapping - Patterns [/close, /echo, /sub-protocol, /cookie, /custom-header] in 'handlerMapping'
16:12:57.456 [Test worker] DEBUG o.s.w.s.a.HttpWebHandlerAdapter - enableLoggingRequestDetails='false': form data and headers will be masked to prevent unsafe logging of potentially sensitive data
16:12:57.457 [Test worker] DEBUG o.s.w.t.h.s.r.b.TomcatHttpServer - Starting TomcatHttpServer...
16:12:57.467 [Test worker] DEBUG o.s.w.t.h.s.r.b.TomcatHttpServer - Server started on port 57125(0 millis).
16:12:57.468 [Test worker] DEBUG o.s.w.r.s.c.ReactorNettyWebSocketClient - Connecting to ws://localhost:57125/custom-header
16:12:57.477 [http-nio-auto-71-exec-1] DEBUG o.s.w.s.a.HttpWebHandlerAdapter - [34fa4499] HTTP GET "/custom-header"
16:12:57.477 [http-nio-auto-71-exec-1] DEBUG o.s.w.r.h.SimpleUrlHandlerMapping - [34fa4499] Mapped to org.springframework.web.reactive.socket.WebSocketIntegrationTests$CustomHeaderHandler@3a3dbc76
16:12:57.479 [http-nio-auto-71-exec-1] DEBUG o.s.w.s.a.HttpWebHandlerAdapter - [34fa4499] Completed 101 SWITCHING_PROTOCOLS
16:12:57.481 [http-nio-auto-71-exec-1] DEBUG o.s.w.r.s.a.TomcatWebSocketSession - [34fa4499] Session id "1e" for http://localhost:57125/custom-header
16:12:57.481 [reactor-http-nio-8] DEBUG o.s.w.r.s.a.ReactorNettyWebSocketSession - [252ba17] Session id "252ba17" for ws://localhost:57125/custom-header
16:12:57.481 [reactor-http-nio-8] DEBUG o.s.w.r.s.c.ReactorNettyWebSocketClient - Started session '252ba17' for ws://localhost:57125/custom-header
16:12:57.490 [Test worker] DEBUG o.s.w.t.h.s.r.b.TomcatHttpServer - Stopping TomcatHttpServer...
16:12:57.513 [Test worker] DEBUG o.s.w.t.h.s.r.b.TomcatHttpServer - Server stopped (0 millis).
16:12:57.521 [Test worker] DEBUG o.s.w.r.h.SimpleUrlHandlerMapping - Patterns [/close, /echo, /sub-protocol, /cookie, /custom-header] in 'handlerMapping'
16:12:57.522 [Test worker] DEBUG o.s.w.s.a.HttpWebHandlerAdapter - enableLoggingRequestDetails='false': form data and headers will be masked to prevent unsafe logging of potentially sensitive data
16:12:57.522 [Test worker] WARN  o.e.j.s.h.ContextHandler - Empty contextPath
16:12:57.523 [Test worker] INFO  o.e.j.s.h.ContextHandler - Started o.e.j.s.ServletContextHandler@29c6556c{/,null,AVAILABLE}
16:12:57.523 [Test worker] DEBUG o.s.w.t.h.s.r.b.JettyHttpServer - Starting JettyHttpServer...
16:12:57.523 [Test worker] INFO  o.e.j.s.Server - jetty-9.4.31.v20200723; built: 2020-07-23T17:57:36.812Z; git: 450ba27947e13e66baa8cd1ce7e85a4461cacc1d; jvm 1.8.0_201-b09
16:12:57.525 [Test worker] INFO  o.e.j.s.AbstractConnector - Started ServerConnector@8118029{HTTP/1.1, (http/1.1)}{0.0.0.0:57128}
16:12:57.525 [Test worker] INFO  o.e.j.s.Server - Started @145371ms
16:12:57.525 [Test worker] DEBUG o.s.w.t.h.s.r.b.JettyHttpServer - Server started on port 57128(0 millis).
16:12:57.526 [Test worker] DEBUG o.s.w.r.s.c.ReactorNettyWebSocketClient - Connecting to ws://localhost:57128/custom-header
16:12:57.530 [qtp2121838848-3410] DEBUG o.s.w.s.a.HttpWebHandlerAdapter - [50220244] HTTP GET "/custom-header"
16:12:57.530 [qtp2121838848-3410] DEBUG o.s.w.r.h.SimpleUrlHandlerMapping - [50220244] Mapped to org.springframework.web.reactive.socket.WebSocketIntegrationTests$CustomHeaderHandler@5ee5f630
16:12:57.534 [qtp2121838848-3410] DEBUG o.s.w.s.a.HttpWebHandlerAdapter - [50220244] Completed 101 SWITCHING_PROTOCOLS
16:12:57.535 [qtp2121838848-3410] DEBUG o.s.w.r.s.a.JettyWebSocketSession - [50220244] Session id "7ff70344" for http://localhost:57128/custom-header
16:12:57.535 [reactor-http-nio-9] DEBUG o.s.w.r.s.a.ReactorNettyWebSocketSession - [6075666c] Session id "6075666c" for ws://localhost:57128/custom-header
16:12:57.535 [reactor-http-nio-9] DEBUG o.s.w.r.s.c.ReactorNettyWebSocketClient - Started session '6075666c' for ws://localhost:57128/custom-header
16:12:57.537 [Test worker] DEBUG o.s.w.t.h.s.r.b.JettyHttpServer - Stopping JettyHttpServer...
16:12:57.537 [Test worker] INFO  o.e.j.s.h.ContextHandler - Stopped o.e.j.s.ServletContextHandler@29c6556c{/,null,UNAVAILABLE}
16:12:57.538 [Test worker] INFO  o.e.j.s.AbstractConnector - Stopped ServerConnector@8118029{HTTP/1.1, (http/1.1)}{0.0.0.0:0}
16:12:57.549 [Test worker] DEBUG o.s.w.t.h.s.r.b.JettyHttpServer - Server stopped (0 millis).
16:12:57.556 [Test worker] DEBUG o.s.w.r.h.SimpleUrlHandlerMapping - Patterns [/close, /echo, /sub-protocol, /cookie, /custom-header] in 'handlerMapping'
16:12:57.558 [Test worker] DEBUG o.s.w.s.a.HttpWebHandlerAdapter - enableLoggingRequestDetails='false': form data and headers will be masked to prevent unsafe logging of potentially sensitive data
16:12:57.558 [Test worker] DEBUG o.s.w.t.h.s.r.b.ReactorHttpServer - Starting ReactorHttpServer...
16:12:57.559 [Test worker] DEBUG o.s.w.t.h.s.r.b.ReactorHttpServer - Server started on port 57130(0 millis).
16:12:57.559 [Test worker] DEBUG o.s.w.r.s.c.ReactorNettyWebSocketClient - Connecting to ws://localhost:57130/custom-header
16:12:57.562 [reactor-http-nio-12] DEBUG o.s.w.s.a.HttpWebHandlerAdapter - [bb8fa56a-72] HTTP GET "/custom-header"
16:12:57.562 [reactor-http-nio-12] DEBUG o.s.w.r.h.SimpleUrlHandlerMapping - [bb8fa56a-72] Mapped to org.springframework.web.reactive.socket.WebSocketIntegrationTests$CustomHeaderHandler@e0e09cd
16:12:57.564 [reactor-http-nio-12] DEBUG o.s.w.r.s.a.ReactorNettyWebSocketSession - [bb8fa56a-72] Session id "67acb9e2" for http://localhost:57130/custom-header
16:12:57.564 [reactor-http-nio-12] DEBUG o.s.w.s.a.HttpWebHandlerAdapter - [bb8fa56a-72] Completed 200 OK
16:12:57.565 [reactor-http-nio-11] DEBUG o.s.w.r.s.a.ReactorNettyWebSocketSession - [19736d2a] Session id "19736d2a" for ws://localhost:57130/custom-header
16:12:57.565 [reactor-http-nio-11] DEBUG o.s.w.r.s.c.ReactorNettyWebSocketClient - Started session '19736d2a' for ws://localhost:57130/custom-header
16:12:57.568 [Test worker] DEBUG o.s.w.t.h.s.r.b.ReactorHttpServer - Stopping ReactorHttpServer...
16:12:57.568 [Test worker] DEBUG o.s.w.t.h.s.r.b.ReactorHttpServer - Server stopped (0 millis).
16:12:57.575 [Test worker] DEBUG o.s.w.r.h.SimpleUrlHandlerMapping - Patterns [/close, /echo, /sub-protocol, /cookie, /custom-header] in 'handlerMapping'
16:12:57.577 [Test worker] DEBUG o.s.w.s.a.HttpWebHandlerAdapter - enableLoggingRequestDetails='false': form data and headers will be masked to prevent unsafe logging of potentially sensitive data
16:12:57.577 [Test worker] DEBUG o.s.w.t.h.s.r.b.UndertowHttpServer - Starting UndertowHttpServer...
16:12:57.577 [Test worker] INFO  i.undertow - starting server: Undertow - 2.0.32.Final
16:12:57.580 [Test worker] DEBUG o.s.w.t.h.s.r.b.UndertowHttpServer - Server started on port 57132(0 millis).
16:12:57.581 [Test worker] DEBUG o.s.w.r.s.c.ReactorNettyWebSocketClient - Connecting to ws://localhost:57132/custom-header
16:12:57.586 [XNIO-75 I/O-6] DEBUG o.s.w.s.a.HttpWebHandlerAdapter - [10484b5a] HTTP GET "/custom-header"
16:12:57.586 [XNIO-75 I/O-6] DEBUG o.s.w.r.h.SimpleUrlHandlerMapping - [10484b5a] Mapped to org.springframework.web.reactive.socket.WebSocketIntegrationTests$CustomHeaderHandler@1477cd8b
16:12:57.587 [XNIO-75 I/O-6] DEBUG o.s.w.r.s.a.UndertowWebSocketSession - [10484b5a] Session id "410ab3fe" for http://localhost:57132/custom-header
16:12:57.587 [XNIO-75 I/O-6] DEBUG o.s.w.s.a.HttpWebHandlerAdapter - [10484b5a] Completed 101 SWITCHING_PROTOCOLS
16:12:57.587 [reactor-http-nio-1] DEBUG o.s.w.r.s.a.ReactorNettyWebSocketSession - [59dbbec1] Session id "59dbbec1" for ws://localhost:57132/custom-header
16:12:57.587 [reactor-http-nio-1] DEBUG o.s.w.r.s.c.ReactorNettyWebSocketClient - Started session '59dbbec1' for ws://localhost:57132/custom-header
16:12:57.589 [Test worker] DEBUG o.s.w.t.h.s.r.b.UndertowHttpServer - Stopping UndertowHttpServer...
16:12:57.589 [Test worker] INFO  i.undertow - stopping server: Undertow - 2.0.32.Final
16:12:57.589 [Test worker] DEBUG o.s.w.t.h.s.r.b.UndertowHttpServer - Server stopped (0 millis).
16:12:57.597 [Test worker] DEBUG o.s.w.r.h.SimpleUrlHandlerMapping - Patterns [/close, /echo, /sub-protocol, /cookie, /custom-header] in 'handlerMapping'
16:12:57.600 [Test worker] DEBUG o.s.w.s.a.HttpWebHandlerAdapter - enableLoggingRequestDetails='false': form data and headers will be masked to prevent unsafe logging of potentially sensitive data
16:12:57.600 [Test worker] DEBUG o.s.w.t.h.s.r.b.TomcatHttpServer - Starting TomcatHttpServer...
16:12:57.610 [Test worker] DEBUG o.s.w.t.h.s.r.b.TomcatHttpServer - Server started on port 57134(0 millis).
16:12:57.610 [Test worker] DEBUG o.s.w.r.s.c.UndertowWebSocketClient - Connecting to ws://localhost:57134/custom-header
16:12:57.622 [http-nio-auto-72-exec-1] DEBUG o.s.w.s.a.HttpWebHandlerAdapter - [29f3b7e0] HTTP GET "/custom-header"
16:12:57.622 [http-nio-auto-72-exec-1] DEBUG o.s.w.r.h.SimpleUrlHandlerMapping - [29f3b7e0] Mapped to org.springframework.web.reactive.socket.WebSocketIntegrationTests$CustomHeaderHandler@27344cae
16:12:57.624 [http-nio-auto-72-exec-1] DEBUG o.s.w.s.a.HttpWebHandlerAdapter - [29f3b7e0] Completed 101 SWITCHING_PROTOCOLS
16:12:57.627 [XNIO-72 I/O-1] DEBUG o.s.w.r.s.a.UndertowWebSocketSession - [4422d9fa] Session id "4422d9fa" for ws://localhost:57134/custom-header
16:12:57.627 [http-nio-auto-72-exec-1] DEBUG o.s.w.r.s.a.TomcatWebSocketSession - [29f3b7e0] Session id "1f" for http://localhost:57134/custom-header
16:12:57.639 [Test worker] DEBUG o.s.w.t.h.s.r.b.TomcatHttpServer - Stopping TomcatHttpServer...
16:12:57.655 [Test worker] DEBUG o.s.w.t.h.s.r.b.TomcatHttpServer - Server stopped (0 millis).
16:12:57.663 [Test worker] DEBUG o.s.w.r.h.SimpleUrlHandlerMapping - Patterns [/close, /echo, /sub-protocol, /cookie, /custom-header] in 'handlerMapping'
16:12:57.664 [Test worker] DEBUG o.s.w.s.a.HttpWebHandlerAdapter - enableLoggingRequestDetails='false': form data and headers will be masked to prevent unsafe logging of potentially sensitive data
16:12:57.665 [Test worker] WARN  o.e.j.s.h.ContextHandler - Empty contextPath
16:12:57.667 [Test worker] INFO  o.e.j.s.h.ContextHandler - Started o.e.j.s.ServletContextHandler@49c7b555{/,null,AVAILABLE}
16:12:57.668 [Test worker] DEBUG o.s.w.t.h.s.r.b.JettyHttpServer - Starting JettyHttpServer...
16:12:57.668 [Test worker] INFO  o.e.j.s.Server - jetty-9.4.31.v20200723; built: 2020-07-23T17:57:36.812Z; git: 450ba27947e13e66baa8cd1ce7e85a4461cacc1d; jvm 1.8.0_201-b09
16:12:57.670 [Test worker] INFO  o.e.j.s.AbstractConnector - Started ServerConnector@50735185{HTTP/1.1, (http/1.1)}{0.0.0.0:57137}
16:12:57.670 [Test worker] INFO  o.e.j.s.Server - Started @145516ms
16:12:57.670 [Test worker] DEBUG o.s.w.t.h.s.r.b.JettyHttpServer - Server started on port 57137(0 millis).
16:12:57.670 [Test worker] DEBUG o.s.w.r.s.c.UndertowWebSocketClient - Connecting to ws://localhost:57137/custom-header
16:12:57.672 [qtp2029494963-3450] DEBUG o.s.w.s.a.HttpWebHandlerAdapter - [6fafc6d9] HTTP GET "/custom-header"
16:12:57.672 [qtp2029494963-3450] DEBUG o.s.w.r.h.SimpleUrlHandlerMapping - [6fafc6d9] Mapped to org.springframework.web.reactive.socket.WebSocketIntegrationTests$CustomHeaderHandler@6168355c
16:12:57.676 [qtp2029494963-3450] DEBUG o.s.w.s.a.HttpWebHandlerAdapter - [6fafc6d9] Completed 101 SWITCHING_PROTOCOLS
16:12:57.677 [qtp2029494963-3450] DEBUG o.s.w.r.s.a.JettyWebSocketSession - [6fafc6d9] Session id "407ac028" for http://localhost:57137/custom-header
16:12:57.677 [XNIO-72 I/O-1] DEBUG o.s.w.r.s.a.UndertowWebSocketSession - [4ae52f0e] Session id "4ae52f0e" for ws://localhost:57137/custom-header
16:12:57.678 [Test worker] DEBUG o.s.w.t.h.s.r.b.JettyHttpServer - Stopping JettyHttpServer...
16:12:57.678 [Test worker] INFO  o.e.j.s.h.ContextHandler - Stopped o.e.j.s.ServletContextHandler@49c7b555{/,null,UNAVAILABLE}
16:12:57.679 [Test worker] INFO  o.e.j.s.AbstractConnector - Stopped ServerConnector@50735185{HTTP/1.1, (http/1.1)}{0.0.0.0:0}
16:12:57.692 [Test worker] DEBUG o.s.w.t.h.s.r.b.JettyHttpServer - Server stopped (0 millis).
16:12:57.700 [Test worker] DEBUG o.s.w.r.h.SimpleUrlHandlerMapping - Patterns [/close, /echo, /sub-protocol, /cookie, /custom-header] in 'handlerMapping'
16:12:57.703 [Test worker] DEBUG o.s.w.s.a.HttpWebHandlerAdapter - enableLoggingRequestDetails='false': form data and headers will be masked to prevent unsafe logging of potentially sensitive data
16:12:57.704 [Test worker] DEBUG o.s.w.t.h.s.r.b.ReactorHttpServer - Starting ReactorHttpServer...
16:12:57.705 [Test worker] DEBUG o.s.w.t.h.s.r.b.ReactorHttpServer - Server started on port 57139(0 millis).
16:12:57.705 [Test worker] DEBUG o.s.w.r.s.c.UndertowWebSocketClient - Connecting to ws://localhost:57139/custom-header
16:12:57.707 [reactor-http-nio-3] DEBUG o.s.w.s.a.HttpWebHandlerAdapter - [78c8435d-73] HTTP GET "/custom-header"
16:12:57.707 [reactor-http-nio-3] DEBUG o.s.w.r.h.SimpleUrlHandlerMapping - [78c8435d-73] Mapped to org.springframework.web.reactive.socket.WebSocketIntegrationTests$CustomHeaderHandler@6a670205
16:12:57.709 [reactor-http-nio-3] DEBUG o.s.w.r.s.a.ReactorNettyWebSocketSession - [78c8435d-73] Session id "1ad9f0c0" for http://localhost:57139/custom-header
16:12:57.709 [XNIO-72 I/O-1] DEBUG o.s.w.r.s.a.UndertowWebSocketSession - [4edab28a] Session id "4edab28a" for ws://localhost:57139/custom-header
16:12:57.709 [reactor-http-nio-3] DEBUG o.s.w.s.a.HttpWebHandlerAdapter - [78c8435d-73] Completed 200 OK
16:12:57.710 [Test worker] DEBUG o.s.w.t.h.s.r.b.ReactorHttpServer - Stopping ReactorHttpServer...
16:12:57.710 [Test worker] DEBUG o.s.w.t.h.s.r.b.ReactorHttpServer - Server stopped (0 millis).
16:12:57.722 [Test worker] DEBUG o.s.w.r.h.SimpleUrlHandlerMapping - Patterns [/close, /echo, /sub-protocol, /cookie, /custom-header] in 'handlerMapping'
16:12:57.724 [Test worker] DEBUG o.s.w.s.a.HttpWebHandlerAdapter - enableLoggingRequestDetails='false': form data and headers will be masked to prevent unsafe logging of potentially sensitive data
16:12:57.724 [Test worker] DEBUG o.s.w.t.h.s.r.b.UndertowHttpServer - Starting UndertowHttpServer...
16:12:57.724 [Test worker] INFO  i.undertow - starting server: Undertow - 2.0.32.Final
16:12:57.728 [Test worker] DEBUG o.s.w.t.h.s.r.b.UndertowHttpServer - Server started on port 57142(0 millis).
16:12:57.728 [Test worker] DEBUG o.s.w.r.s.c.UndertowWebSocketClient - Connecting to ws://localhost:57142/custom-header
16:12:57.731 [XNIO-76 I/O-6] DEBUG o.s.w.s.a.HttpWebHandlerAdapter - [312c4bec] HTTP GET "/custom-header"
16:12:57.731 [XNIO-76 I/O-6] DEBUG o.s.w.r.h.SimpleUrlHandlerMapping - [312c4bec] Mapped to org.springframework.web.reactive.socket.WebSocketIntegrationTests$CustomHeaderHandler@3513c911
16:12:57.732 [XNIO-76 I/O-6] DEBUG o.s.w.r.s.a.UndertowWebSocketSession - [312c4bec] Session id "71dff8d2" for http://localhost:57142/custom-header
16:12:57.732 [XNIO-72 I/O-1] DEBUG o.s.w.r.s.a.UndertowWebSocketSession - [bd82535] Session id "bd82535" for ws://localhost:57142/custom-header
16:12:57.732 [XNIO-76 I/O-6] DEBUG o.s.w.s.a.HttpWebHandlerAdapter - [312c4bec] Completed 101 SWITCHING_PROTOCOLS
16:12:57.733 [Test worker] DEBUG o.s.w.t.h.s.r.b.UndertowHttpServer - Stopping UndertowHttpServer...
16:12:57.733 [Test worker] INFO  i.undertow - stopping server: Undertow - 2.0.32.Final
16:12:57.734 [Test worker] DEBUG o.s.w.t.h.s.r.b.UndertowHttpServer - Server stopped (0 millis).
16:12:57.746 [Test worker] DEBUG o.s.w.r.h.SimpleUrlHandlerMapping - Patterns [/close, /echo, /sub-protocol, /cookie, /custom-header] in 'handlerMapping'
16:12:57.748 [Test worker] DEBUG o.s.w.s.a.HttpWebHandlerAdapter - enableLoggingRequestDetails='false': form data and headers will be masked to prevent unsafe logging of potentially sensitive data
16:12:57.749 [Test worker] DEBUG o.s.w.t.h.s.r.b.TomcatHttpServer - Starting TomcatHttpServer...
16:12:57.765 [Test worker] DEBUG o.s.w.t.h.s.r.b.TomcatHttpServer - Server started on port 57144(0 millis).
16:12:57.769 [boundedElastic-1] DEBUG o.s.w.r.s.c.StandardWebSocketClient - Connecting to ws://localhost:57144/sub-protocol
16:12:57.785 [http-nio-auto-73-exec-1] DEBUG o.s.w.s.a.HttpWebHandlerAdapter - [75c35432] HTTP GET "/sub-protocol"
16:12:57.785 [http-nio-auto-73-exec-1] DEBUG o.s.w.r.h.SimpleUrlHandlerMapping - [75c35432] Mapped to org.springframework.web.reactive.socket.WebSocketIntegrationTests$SubProtocolWebSocketHandler@7b04b4fa
16:12:57.787 [http-nio-auto-73-exec-1] DEBUG o.s.w.s.a.HttpWebHandlerAdapter - [75c35432] Completed 101 SWITCHING_PROTOCOLS
16:12:57.791 [boundedElastic-1] DEBUG o.s.w.r.s.a.TomcatWebSocketSession - [21] Session id "21" for ws://localhost:57144/sub-protocol
16:12:57.791 [http-nio-auto-73-exec-1] DEBUG o.s.w.r.s.a.TomcatWebSocketSession - [75c35432] Session id "20" for http://localhost:57144/sub-protocol
16:12:57.799 [Test worker] DEBUG o.s.w.t.h.s.r.b.TomcatHttpServer - Stopping TomcatHttpServer...
16:12:57.819 [Test worker] DEBUG o.s.w.t.h.s.r.b.TomcatHttpServer - Server stopped (0 millis).
16:12:57.827 [Test worker] DEBUG o.s.w.r.h.SimpleUrlHandlerMapping - Patterns [/close, /echo, /sub-protocol, /cookie, /custom-header] in 'handlerMapping'
16:12:57.829 [Test worker] DEBUG o.s.w.s.a.HttpWebHandlerAdapter - enableLoggingRequestDetails='false': form data and headers will be masked to prevent unsafe logging of potentially sensitive data
16:12:57.829 [Test worker] WARN  o.e.j.s.h.ContextHandler - Empty contextPath
16:12:57.829 [Test worker] INFO  o.e.j.s.h.ContextHandler - Started o.e.j.s.ServletContextHandler@1d5655da{/,null,AVAILABLE}
16:12:57.829 [Test worker] DEBUG o.s.w.t.h.s.r.b.JettyHttpServer - Starting JettyHttpServer...
16:12:57.829 [Test worker] INFO  o.e.j.s.Server - jetty-9.4.31.v20200723; built: 2020-07-23T17:57:36.812Z; git: 450ba27947e13e66baa8cd1ce7e85a4461cacc1d; jvm 1.8.0_201-b09
16:12:57.834 [Test worker] INFO  o.e.j.s.AbstractConnector - Started ServerConnector@3ee3835d{HTTP/1.1, (http/1.1)}{0.0.0.0:57147}
16:12:57.834 [Test worker] INFO  o.e.j.s.Server - Started @145680ms
16:12:57.835 [Test worker] DEBUG o.s.w.t.h.s.r.b.JettyHttpServer - Server started on port 57147(0 millis).
16:12:57.835 [boundedElastic-1] DEBUG o.s.w.r.s.c.StandardWebSocketClient - Connecting to ws://localhost:57147/sub-protocol
16:12:57.839 [qtp130875070-3492] DEBUG o.s.w.s.a.HttpWebHandlerAdapter - [2cb89021] HTTP GET "/sub-protocol"
16:12:57.839 [qtp130875070-3492] DEBUG o.s.w.r.h.SimpleUrlHandlerMapping - [2cb89021] Mapped to org.springframework.web.reactive.socket.WebSocketIntegrationTests$SubProtocolWebSocketHandler@227f6bc6
16:12:57.843 [qtp130875070-3492] DEBUG o.s.w.s.a.HttpWebHandlerAdapter - [2cb89021] Completed 101 SWITCHING_PROTOCOLS
16:12:57.845 [qtp130875070-3492] DEBUG o.s.w.r.s.a.JettyWebSocketSession - [2cb89021] Session id "36d9eb2" for http://localhost:57147/sub-protocol
16:12:57.846 [boundedElastic-1] DEBUG o.s.w.r.s.a.TomcatWebSocketSession - [22] Session id "22" for ws://localhost:57147/sub-protocol
16:12:57.848 [Test worker] DEBUG o.s.w.t.h.s.r.b.JettyHttpServer - Stopping JettyHttpServer...
16:12:57.848 [Test worker] INFO  o.e.j.s.h.ContextHandler - Stopped o.e.j.s.ServletContextHandler@1d5655da{/,null,UNAVAILABLE}
16:12:57.850 [Test worker] INFO  o.e.j.s.AbstractConnector - Stopped ServerConnector@3ee3835d{HTTP/1.1, (http/1.1)}{0.0.0.0:0}
16:12:57.861 [Test worker] DEBUG o.s.w.t.h.s.r.b.JettyHttpServer - Server stopped (0 millis).
16:12:57.870 [Test worker] DEBUG o.s.w.r.h.SimpleUrlHandlerMapping - Patterns [/close, /echo, /sub-protocol, /cookie, /custom-header] in 'handlerMapping'
16:12:57.872 [Test worker] DEBUG o.s.w.s.a.HttpWebHandlerAdapter - enableLoggingRequestDetails='false': form data and headers will be masked to prevent unsafe logging of potentially sensitive data
16:12:57.872 [Test worker] DEBUG o.s.w.t.h.s.r.b.ReactorHttpServer - Starting ReactorHttpServer...
16:12:57.873 [Test worker] DEBUG o.s.w.t.h.s.r.b.ReactorHttpServer - Server started on port 57149(0 millis).
16:12:57.874 [boundedElastic-1] DEBUG o.s.w.r.s.c.StandardWebSocketClient - Connecting to ws://localhost:57149/sub-protocol
16:12:57.877 [reactor-http-nio-5] DEBUG o.s.w.s.a.HttpWebHandlerAdapter - [d021b90b-74] HTTP GET "/sub-protocol"
16:12:57.877 [reactor-http-nio-5] DEBUG o.s.w.r.h.SimpleUrlHandlerMapping - [d021b90b-74] Mapped to org.springframework.web.reactive.socket.WebSocketIntegrationTests$SubProtocolWebSocketHandler@667e6bf4
16:12:57.880 [reactor-http-nio-5] DEBUG o.s.w.r.s.a.ReactorNettyWebSocketSession - [d021b90b-74] Session id "6bf6e993" for http://localhost:57149/sub-protocol
16:12:57.881 [boundedElastic-1] DEBUG o.s.w.r.s.a.TomcatWebSocketSession - [23] Session id "23" for ws://localhost:57149/sub-protocol
16:12:57.881 [reactor-http-nio-5] DEBUG o.s.w.s.a.HttpWebHandlerAdapter - [d021b90b-74] Completed 200 OK
16:12:57.884 [Test worker] DEBUG o.s.w.t.h.s.r.b.ReactorHttpServer - Stopping ReactorHttpServer...
16:12:57.884 [Test worker] DEBUG o.s.w.t.h.s.r.b.ReactorHttpServer - Server stopped (0 millis).
16:12:57.892 [Test worker] DEBUG o.s.w.r.h.SimpleUrlHandlerMapping - Patterns [/close, /echo, /sub-protocol, /cookie, /custom-header] in 'handlerMapping'
16:12:57.894 [Test worker] DEBUG o.s.w.s.a.HttpWebHandlerAdapter - enableLoggingRequestDetails='false': form data and headers will be masked to prevent unsafe logging of potentially sensitive data
16:12:57.894 [Test worker] DEBUG o.s.w.t.h.s.r.b.UndertowHttpServer - Starting UndertowHttpServer...
16:12:57.894 [Test worker] INFO  i.undertow - starting server: Undertow - 2.0.32.Final
16:12:57.914 [Test worker] DEBUG o.s.w.t.h.s.r.b.UndertowHttpServer - Server started on port 57151(0 millis).
16:12:57.914 [boundedElastic-1] DEBUG o.s.w.r.s.c.StandardWebSocketClient - Connecting to ws://localhost:57151/sub-protocol
16:12:57.919 [XNIO-78 I/O-6] DEBUG o.s.w.s.a.HttpWebHandlerAdapter - [31b4a54b] HTTP GET "/sub-protocol"
16:12:57.919 [XNIO-78 I/O-6] DEBUG o.s.w.r.h.SimpleUrlHandlerMapping - [31b4a54b] Mapped to org.springframework.web.reactive.socket.WebSocketIntegrationTests$SubProtocolWebSocketHandler@358b27a5
16:12:57.922 [XNIO-78 I/O-6] DEBUG o.s.w.r.s.a.UndertowWebSocketSession - [31b4a54b] Session id "366d3572" for http://localhost:57151/sub-protocol
16:12:57.922 [boundedElastic-1] DEBUG o.s.w.r.s.a.TomcatWebSocketSession - [24] Session id "24" for ws://localhost:57151/sub-protocol
16:12:57.923 [XNIO-78 I/O-6] DEBUG o.s.w.s.a.HttpWebHandlerAdapter - [31b4a54b] Completed 101 SWITCHING_PROTOCOLS
16:12:57.925 [Test worker] DEBUG o.s.w.t.h.s.r.b.UndertowHttpServer - Stopping UndertowHttpServer...
16:12:57.925 [Test worker] INFO  i.undertow - stopping server: Undertow - 2.0.32.Final
16:12:57.926 [Test worker] DEBUG o.s.w.t.h.s.r.b.UndertowHttpServer - Server stopped (0 millis).
16:12:57.937 [Test worker] DEBUG o.s.w.r.h.SimpleUrlHandlerMapping - Patterns [/close, /echo, /sub-protocol, /cookie, /custom-header] in 'handlerMapping'
16:12:57.938 [Test worker] DEBUG o.s.w.s.a.HttpWebHandlerAdapter - enableLoggingRequestDetails='false': form data and headers will be masked to prevent unsafe logging of potentially sensitive data
16:12:57.939 [Test worker] DEBUG o.s.w.t.h.s.r.b.TomcatHttpServer - Starting TomcatHttpServer...
16:12:57.955 [Test worker] DEBUG o.s.w.t.h.s.r.b.TomcatHttpServer - Server started on port 57153(0 millis).
16:12:57.960 [Test worker] DEBUG o.s.w.r.s.c.JettyWebSocketClient - Connecting to ws://localhost:57153/sub-protocol
16:12:57.963 [http-nio-auto-74-exec-1] DEBUG o.s.w.s.a.HttpWebHandlerAdapter - [667071cc] HTTP GET "/sub-protocol"
16:12:57.963 [http-nio-auto-74-exec-1] DEBUG o.s.w.r.h.SimpleUrlHandlerMapping - [667071cc] Mapped to org.springframework.web.reactive.socket.WebSocketIntegrationTests$SubProtocolWebSocketHandler@68b79372
16:12:57.965 [http-nio-auto-74-exec-1] DEBUG o.s.w.s.a.HttpWebHandlerAdapter - [667071cc] Completed 101 SWITCHING_PROTOCOLS
16:12:57.974 [http-nio-auto-74-exec-1] DEBUG o.s.w.r.s.a.TomcatWebSocketSession - [667071cc] Session id "25" for http://localhost:57153/sub-protocol
16:12:57.974 [WebSocketClient@727904268-3532] DEBUG o.s.w.r.s.a.JettyWebSocketSession - [238c559d] Session id "238c559d" for ws://localhost:57153/sub-protocol
16:12:57.999 [Test worker] DEBUG o.s.w.t.h.s.r.b.TomcatHttpServer - Stopping TomcatHttpServer...
16:12:58.033 [Test worker] DEBUG o.s.w.t.h.s.r.b.TomcatHttpServer - Server stopped (0 millis).
16:12:58.042 [Test worker] DEBUG o.s.w.r.h.SimpleUrlHandlerMapping - Patterns [/close, /echo, /sub-protocol, /cookie, /custom-header] in 'handlerMapping'
16:12:58.043 [Test worker] DEBUG o.s.w.s.a.HttpWebHandlerAdapter - enableLoggingRequestDetails='false': form data and headers will be masked to prevent unsafe logging of potentially sensitive data
16:12:58.049 [Test worker] WARN  o.e.j.s.h.ContextHandler - Empty contextPath
16:12:58.050 [Test worker] INFO  o.e.j.s.h.ContextHandler - Started o.e.j.s.ServletContextHandler@51f26ffa{/,null,AVAILABLE}
16:12:58.050 [Test worker] DEBUG o.s.w.t.h.s.r.b.JettyHttpServer - Starting JettyHttpServer...
16:12:58.050 [Test worker] INFO  o.e.j.s.Server - jetty-9.4.31.v20200723; built: 2020-07-23T17:57:36.812Z; git: 450ba27947e13e66baa8cd1ce7e85a4461cacc1d; jvm 1.8.0_201-b09
16:12:58.053 [Test worker] INFO  o.e.j.s.AbstractConnector - Started ServerConnector@5f24fdc5{HTTP/1.1, (http/1.1)}{0.0.0.0:57156}
16:12:58.053 [Test worker] INFO  o.e.j.s.Server - Started @145899ms
16:12:58.053 [Test worker] DEBUG o.s.w.t.h.s.r.b.JettyHttpServer - Server started on port 57156(0 millis).
16:12:58.058 [Test worker] DEBUG o.s.w.r.s.c.JettyWebSocketClient - Connecting to ws://localhost:57156/sub-protocol
16:12:58.060 [qtp1214441783-3554] DEBUG o.s.w.s.a.HttpWebHandlerAdapter - [49b97ceb] HTTP GET "/sub-protocol"
16:12:58.060 [qtp1214441783-3554] DEBUG o.s.w.r.h.SimpleUrlHandlerMapping - [49b97ceb] Mapped to org.springframework.web.reactive.socket.WebSocketIntegrationTests$SubProtocolWebSocketHandler@477e8bac
16:12:58.065 [qtp1214441783-3554] DEBUG o.s.w.s.a.HttpWebHandlerAdapter - [49b97ceb] Completed 101 SWITCHING_PROTOCOLS
16:12:58.065 [qtp1214441783-3554] DEBUG o.s.w.r.s.a.JettyWebSocketSession - [49b97ceb] Session id "666c7ed8" for http://localhost:57156/sub-protocol
16:12:58.066 [WebSocketClient@727904268-3551] DEBUG o.s.w.r.s.a.JettyWebSocketSession - [78415408] Session id "78415408" for ws://localhost:57156/sub-protocol
16:12:58.085 [Test worker] DEBUG o.s.w.t.h.s.r.b.JettyHttpServer - Stopping JettyHttpServer...
16:12:58.085 [Test worker] INFO  o.e.j.s.h.ContextHandler - Stopped o.e.j.s.ServletContextHandler@51f26ffa{/,null,UNAVAILABLE}
16:12:58.087 [Test worker] INFO  o.e.j.s.AbstractConnector - Stopped ServerConnector@5f24fdc5{HTTP/1.1, (http/1.1)}{0.0.0.0:0}
16:12:58.097 [Test worker] DEBUG o.s.w.t.h.s.r.b.JettyHttpServer - Server stopped (0 millis).
16:12:58.106 [Test worker] DEBUG o.s.w.r.h.SimpleUrlHandlerMapping - Patterns [/close, /echo, /sub-protocol, /cookie, /custom-header] in 'handlerMapping'
16:12:58.108 [Test worker] DEBUG o.s.w.s.a.HttpWebHandlerAdapter - enableLoggingRequestDetails='false': form data and headers will be masked to prevent unsafe logging of potentially sensitive data
16:12:58.108 [Test worker] DEBUG o.s.w.t.h.s.r.b.ReactorHttpServer - Starting ReactorHttpServer...
16:12:58.109 [Test worker] DEBUG o.s.w.t.h.s.r.b.ReactorHttpServer - Server started on port 57158(0 millis).
16:12:58.114 [Test worker] DEBUG o.s.w.r.s.c.JettyWebSocketClient - Connecting to ws://localhost:57158/sub-protocol
16:12:58.116 [reactor-http-nio-7] DEBUG o.s.w.s.a.HttpWebHandlerAdapter - [27d6953f-75] HTTP GET "/sub-protocol"
16:12:58.117 [reactor-http-nio-7] DEBUG o.s.w.r.h.SimpleUrlHandlerMapping - [27d6953f-75] Mapped to org.springframework.web.reactive.socket.WebSocketIntegrationTests$SubProtocolWebSocketHandler@2dc043db
16:12:58.118 [reactor-http-nio-7] DEBUG o.s.w.r.s.a.ReactorNettyWebSocketSession - [27d6953f-75] Session id "57d4bb15" for http://localhost:57158/sub-protocol
16:12:58.119 [reactor-http-nio-7] DEBUG o.s.w.s.a.HttpWebHandlerAdapter - [27d6953f-75] Completed 200 OK
16:12:58.119 [WebSocketClient@727904268-3557] DEBUG o.s.w.r.s.a.JettyWebSocketSession - [bc6aa97] Session id "bc6aa97" for ws://localhost:57158/sub-protocol
16:12:58.134 [Test worker] DEBUG o.s.w.t.h.s.r.b.ReactorHttpServer - Stopping ReactorHttpServer...
16:12:58.134 [Test worker] DEBUG o.s.w.t.h.s.r.b.ReactorHttpServer - Server stopped (0 millis).
16:12:58.142 [Test worker] DEBUG o.s.w.r.h.SimpleUrlHandlerMapping - Patterns [/close, /echo, /sub-protocol, /cookie, /custom-header] in 'handlerMapping'
16:12:58.143 [Test worker] DEBUG o.s.w.s.a.HttpWebHandlerAdapter - enableLoggingRequestDetails='false': form data and headers will be masked to prevent unsafe logging of potentially sensitive data
16:12:58.143 [Test worker] DEBUG o.s.w.t.h.s.r.b.UndertowHttpServer - Starting UndertowHttpServer...
16:12:58.143 [Test worker] INFO  i.undertow - starting server: Undertow - 2.0.32.Final
16:12:58.148 [Test worker] DEBUG o.s.w.t.h.s.r.b.UndertowHttpServer - Server started on port 57160(0 millis).
16:12:58.154 [Test worker] DEBUG o.s.w.r.s.c.JettyWebSocketClient - Connecting to ws://localhost:57160/sub-protocol
16:12:58.164 [XNIO-79 I/O-6] DEBUG o.s.w.s.a.HttpWebHandlerAdapter - [1f396650] HTTP GET "/sub-protocol"
16:12:58.164 [XNIO-79 I/O-6] DEBUG o.s.w.r.h.SimpleUrlHandlerMapping - [1f396650] Mapped to org.springframework.web.reactive.socket.WebSocketIntegrationTests$SubProtocolWebSocketHandler@1b06e16f
16:12:58.165 [XNIO-79 I/O-6] DEBUG o.s.w.r.s.a.UndertowWebSocketSession - [1f396650] Session id "97fb1a5" for http://localhost:57160/sub-protocol
16:12:58.166 [XNIO-79 I/O-6] DEBUG o.s.w.s.a.HttpWebHandlerAdapter - [1f396650] Completed 101 SWITCHING_PROTOCOLS
16:12:58.166 [WebSocketClient@727904268-3579] DEBUG o.s.w.r.s.a.JettyWebSocketSession - [7b45f4cb] Session id "7b45f4cb" for ws://localhost:57160/sub-protocol
16:12:58.181 [Test worker] DEBUG o.s.w.t.h.s.r.b.UndertowHttpServer - Stopping UndertowHttpServer...
16:12:58.181 [Test worker] INFO  i.undertow - stopping server: Undertow - 2.0.32.Final
16:12:58.182 [Test worker] DEBUG o.s.w.t.h.s.r.b.UndertowHttpServer - Server stopped (0 millis).
16:12:58.190 [Test worker] DEBUG o.s.w.r.h.SimpleUrlHandlerMapping - Patterns [/close, /echo, /sub-protocol, /cookie, /custom-header] in 'handlerMapping'
16:12:58.192 [Test worker] DEBUG o.s.w.s.a.HttpWebHandlerAdapter - enableLoggingRequestDetails='false': form data and headers will be masked to prevent unsafe logging of potentially sensitive data
16:12:58.192 [Test worker] DEBUG o.s.w.t.h.s.r.b.TomcatHttpServer - Starting TomcatHttpServer...
16:12:58.203 [Test worker] DEBUG o.s.w.t.h.s.r.b.TomcatHttpServer - Server started on port 57162(0 millis).
16:12:58.204 [Test worker] DEBUG o.s.w.r.s.c.ReactorNettyWebSocketClient - Connecting to ws://localhost:57162/sub-protocol
16:12:58.208 [http-nio-auto-75-exec-1] DEBUG o.s.w.s.a.HttpWebHandlerAdapter - [57b678a2] HTTP GET "/sub-protocol"
16:12:58.208 [http-nio-auto-75-exec-1] DEBUG o.s.w.r.h.SimpleUrlHandlerMapping - [57b678a2] Mapped to org.springframework.web.reactive.socket.WebSocketIntegrationTests$SubProtocolWebSocketHandler@59719c24
16:12:58.210 [http-nio-auto-75-exec-1] DEBUG o.s.w.s.a.HttpWebHandlerAdapter - [57b678a2] Completed 101 SWITCHING_PROTOCOLS
16:12:58.212 [http-nio-auto-75-exec-1] DEBUG o.s.w.r.s.a.TomcatWebSocketSession - [57b678a2] Session id "26" for http://localhost:57162/sub-protocol
16:12:58.214 [reactor-http-nio-8] DEBUG o.s.w.r.s.a.ReactorNettyWebSocketSession - [4c6a25d9] Session id "4c6a25d9" for ws://localhost:57162/sub-protocol
16:12:58.216 [reactor-http-nio-8] DEBUG o.s.w.r.s.c.ReactorNettyWebSocketClient - Started session '4c6a25d9' for ws://localhost:57162/sub-protocol
16:12:58.219 [Test worker] DEBUG o.s.w.t.h.s.r.b.TomcatHttpServer - Stopping TomcatHttpServer...
16:12:58.237 [Test worker] DEBUG o.s.w.t.h.s.r.b.TomcatHttpServer - Server stopped (0 millis).
16:12:58.246 [Test worker] DEBUG o.s.w.r.h.SimpleUrlHandlerMapping - Patterns [/close, /echo, /sub-protocol, /cookie, /custom-header] in 'handlerMapping'
16:12:58.248 [Test worker] DEBUG o.s.w.s.a.HttpWebHandlerAdapter - enableLoggingRequestDetails='false': form data and headers will be masked to prevent unsafe logging of potentially sensitive data
16:12:58.248 [Test worker] WARN  o.e.j.s.h.ContextHandler - Empty contextPath
16:12:58.249 [Test worker] INFO  o.e.j.s.h.ContextHandler - Started o.e.j.s.ServletContextHandler@70b001aa{/,null,AVAILABLE}
16:12:58.251 [Test worker] DEBUG o.s.w.t.h.s.r.b.JettyHttpServer - Starting JettyHttpServer...
16:12:58.251 [Test worker] INFO  o.e.j.s.Server - jetty-9.4.31.v20200723; built: 2020-07-23T17:57:36.812Z; git: 450ba27947e13e66baa8cd1ce7e85a4461cacc1d; jvm 1.8.0_201-b09
16:12:58.254 [Test worker] INFO  o.e.j.s.AbstractConnector - Started ServerConnector@287271ad{HTTP/1.1, (http/1.1)}{0.0.0.0:57165}
16:12:58.254 [Test worker] INFO  o.e.j.s.Server - Started @146100ms
16:12:58.254 [Test worker] DEBUG o.s.w.t.h.s.r.b.JettyHttpServer - Server started on port 57165(0 millis).
16:12:58.255 [Test worker] DEBUG o.s.w.r.s.c.ReactorNettyWebSocketClient - Connecting to ws://localhost:57165/sub-protocol
16:12:58.258 [qtp710308165-3614] DEBUG o.s.w.s.a.HttpWebHandlerAdapter - [4ea53449] HTTP GET "/sub-protocol"
16:12:58.259 [qtp710308165-3614] DEBUG o.s.w.r.h.SimpleUrlHandlerMapping - [4ea53449] Mapped to org.springframework.web.reactive.socket.WebSocketIntegrationTests$SubProtocolWebSocketHandler@4062c3ed
16:12:58.263 [qtp710308165-3614] DEBUG o.s.w.s.a.HttpWebHandlerAdapter - [4ea53449] Completed 101 SWITCHING_PROTOCOLS
16:12:58.264 [qtp710308165-3614] DEBUG o.s.w.r.s.a.JettyWebSocketSession - [4ea53449] Session id "61703699" for http://localhost:57165/sub-protocol
16:12:58.264 [reactor-http-nio-9] DEBUG o.s.w.r.s.a.ReactorNettyWebSocketSession - [ddd8071] Session id "ddd8071" for ws://localhost:57165/sub-protocol
16:12:58.264 [reactor-http-nio-9] DEBUG o.s.w.r.s.c.ReactorNettyWebSocketClient - Started session 'ddd8071' for ws://localhost:57165/sub-protocol
16:12:58.265 [Test worker] DEBUG o.s.w.t.h.s.r.b.JettyHttpServer - Stopping JettyHttpServer...
16:12:58.266 [Test worker] INFO  o.e.j.s.h.ContextHandler - Stopped o.e.j.s.ServletContextHandler@70b001aa{/,null,UNAVAILABLE}
16:12:58.268 [Test worker] INFO  o.e.j.s.AbstractConnector - Stopped ServerConnector@287271ad{HTTP/1.1, (http/1.1)}{0.0.0.0:0}
16:12:58.278 [Test worker] DEBUG o.s.w.t.h.s.r.b.JettyHttpServer - Server stopped (0 millis).
16:12:58.287 [Test worker] DEBUG o.s.w.r.h.SimpleUrlHandlerMapping - Patterns [/close, /echo, /sub-protocol, /cookie, /custom-header] in 'handlerMapping'
16:12:58.289 [Test worker] DEBUG o.s.w.s.a.HttpWebHandlerAdapter - enableLoggingRequestDetails='false': form data and headers will be masked to prevent unsafe logging of potentially sensitive data
16:12:58.289 [Test worker] DEBUG o.s.w.t.h.s.r.b.ReactorHttpServer - Starting ReactorHttpServer...
16:12:58.290 [Test worker] DEBUG o.s.w.t.h.s.r.b.ReactorHttpServer - Server started on port 57167(0 millis).
16:12:58.290 [Test worker] DEBUG o.s.w.r.s.c.ReactorNettyWebSocketClient - Connecting to ws://localhost:57167/sub-protocol
16:12:58.293 [reactor-http-nio-12] DEBUG o.s.w.s.a.HttpWebHandlerAdapter - [1d18c873-76] HTTP GET "/sub-protocol"
16:12:58.294 [reactor-http-nio-12] DEBUG o.s.w.r.h.SimpleUrlHandlerMapping - [1d18c873-76] Mapped to org.springframework.web.reactive.socket.WebSocketIntegrationTests$SubProtocolWebSocketHandler@78e56d
16:12:58.295 [reactor-http-nio-12] DEBUG o.s.w.r.s.a.ReactorNettyWebSocketSession - [1d18c873-76] Session id "30029c5f" for http://localhost:57167/sub-protocol
16:12:58.296 [reactor-http-nio-12] DEBUG o.s.w.s.a.HttpWebHandlerAdapter - [1d18c873-76] Completed 200 OK
16:12:58.296 [reactor-http-nio-11] DEBUG o.s.w.r.s.a.ReactorNettyWebSocketSession - [7a05b3d9] Session id "7a05b3d9" for ws://localhost:57167/sub-protocol
16:12:58.296 [reactor-http-nio-11] DEBUG o.s.w.r.s.c.ReactorNettyWebSocketClient - Started session '7a05b3d9' for ws://localhost:57167/sub-protocol
16:12:58.297 [Test worker] DEBUG o.s.w.t.h.s.r.b.ReactorHttpServer - Stopping ReactorHttpServer...
16:12:58.297 [Test worker] DEBUG o.s.w.t.h.s.r.b.ReactorHttpServer - Server stopped (0 millis).
16:12:58.305 [Test worker] DEBUG o.s.w.r.h.SimpleUrlHandlerMapping - Patterns [/close, /echo, /sub-protocol, /cookie, /custom-header] in 'handlerMapping'
16:12:58.307 [Test worker] DEBUG o.s.w.s.a.HttpWebHandlerAdapter - enableLoggingRequestDetails='false': form data and headers will be masked to prevent unsafe logging of potentially sensitive data
16:12:58.307 [Test worker] DEBUG o.s.w.t.h.s.r.b.UndertowHttpServer - Starting UndertowHttpServer...
16:12:58.307 [Test worker] INFO  i.undertow - starting server: Undertow - 2.0.32.Final
16:12:58.311 [Test worker] DEBUG o.s.w.t.h.s.r.b.UndertowHttpServer - Server started on port 57169(0 millis).
16:12:58.311 [Test worker] DEBUG o.s.w.r.s.c.ReactorNettyWebSocketClient - Connecting to ws://localhost:57169/sub-protocol
16:12:58.314 [XNIO-80 I/O-6] DEBUG o.s.w.s.a.HttpWebHandlerAdapter - [152003a8] HTTP GET "/sub-protocol"
16:12:58.314 [XNIO-80 I/O-6] DEBUG o.s.w.r.h.SimpleUrlHandlerMapping - [152003a8] Mapped to org.springframework.web.reactive.socket.WebSocketIntegrationTests$SubProtocolWebSocketHandler@111f85d4
16:12:58.315 [XNIO-80 I/O-6] DEBUG o.s.w.r.s.a.UndertowWebSocketSession - [152003a8] Session id "57864b83" for http://localhost:57169/sub-protocol
16:12:58.315 [XNIO-80 I/O-6] DEBUG o.s.w.s.a.HttpWebHandlerAdapter - [152003a8] Completed 101 SWITCHING_PROTOCOLS
16:12:58.316 [reactor-http-nio-1] DEBUG o.s.w.r.s.a.ReactorNettyWebSocketSession - [23d133d7] Session id "23d133d7" for ws://localhost:57169/sub-protocol
16:12:58.316 [reactor-http-nio-1] DEBUG o.s.w.r.s.c.ReactorNettyWebSocketClient - Started session '23d133d7' for ws://localhost:57169/sub-protocol
16:12:58.317 [Test worker] DEBUG o.s.w.t.h.s.r.b.UndertowHttpServer - Stopping UndertowHttpServer...
16:12:58.317 [Test worker] INFO  i.undertow - stopping server: Undertow - 2.0.32.Final
16:12:58.318 [Test worker] DEBUG o.s.w.t.h.s.r.b.UndertowHttpServer - Server stopped (0 millis).
16:12:58.325 [Test worker] DEBUG o.s.w.r.h.SimpleUrlHandlerMapping - Patterns [/close, /echo, /sub-protocol, /cookie, /custom-header] in 'handlerMapping'
16:12:58.327 [Test worker] DEBUG o.s.w.s.a.HttpWebHandlerAdapter - enableLoggingRequestDetails='false': form data and headers will be masked to prevent unsafe logging of potentially sensitive data
16:12:58.327 [Test worker] DEBUG o.s.w.t.h.s.r.b.TomcatHttpServer - Starting TomcatHttpServer...
16:12:58.337 [Test worker] DEBUG o.s.w.t.h.s.r.b.TomcatHttpServer - Server started on port 57171(0 millis).
16:12:58.338 [Test worker] DEBUG o.s.w.r.s.c.UndertowWebSocketClient - Connecting to ws://localhost:57171/sub-protocol
16:12:58.340 [http-nio-auto-76-exec-1] DEBUG o.s.w.s.a.HttpWebHandlerAdapter - [7d916ead] HTTP GET "/sub-protocol"
16:12:58.340 [http-nio-auto-76-exec-1] DEBUG o.s.w.r.h.SimpleUrlHandlerMapping - [7d916ead] Mapped to org.springframework.web.reactive.socket.WebSocketIntegrationTests$SubProtocolWebSocketHandler@73569f6f
16:12:58.341 [http-nio-auto-76-exec-1] DEBUG o.s.w.s.a.HttpWebHandlerAdapter - [7d916ead] Completed 101 SWITCHING_PROTOCOLS
16:12:58.348 [http-nio-auto-76-exec-1] DEBUG o.s.w.r.s.a.TomcatWebSocketSession - [7d916ead] Session id "27" for http://localhost:57171/sub-protocol
16:12:58.348 [XNIO-77 I/O-1] DEBUG o.s.w.r.s.a.UndertowWebSocketSession - [10c771fd] Session id "10c771fd" for ws://localhost:57171/sub-protocol
16:12:58.354 [Test worker] DEBUG o.s.w.t.h.s.r.b.TomcatHttpServer - Stopping TomcatHttpServer...
16:12:58.368 [Test worker] DEBUG o.s.w.t.h.s.r.b.TomcatHttpServer - Server stopped (0 millis).
16:12:58.376 [Test worker] DEBUG o.s.w.r.h.SimpleUrlHandlerMapping - Patterns [/close, /echo, /sub-protocol, /cookie, /custom-header] in 'handlerMapping'
16:12:58.377 [Test worker] DEBUG o.s.w.s.a.HttpWebHandlerAdapter - enableLoggingRequestDetails='false': form data and headers will be masked to prevent unsafe logging of potentially sensitive data
16:12:58.377 [Test worker] WARN  o.e.j.s.h.ContextHandler - Empty contextPath
16:12:58.378 [Test worker] INFO  o.e.j.s.h.ContextHandler - Started o.e.j.s.ServletContextHandler@2a034b5f{/,null,AVAILABLE}
16:12:58.378 [Test worker] DEBUG o.s.w.t.h.s.r.b.JettyHttpServer - Starting JettyHttpServer...
16:12:58.378 [Test worker] INFO  o.e.j.s.Server - jetty-9.4.31.v20200723; built: 2020-07-23T17:57:36.812Z; git: 450ba27947e13e66baa8cd1ce7e85a4461cacc1d; jvm 1.8.0_201-b09
16:12:58.380 [Test worker] INFO  o.e.j.s.AbstractConnector - Started ServerConnector@2ca2f450{HTTP/1.1, (http/1.1)}{0.0.0.0:57174}
16:12:58.380 [Test worker] INFO  o.e.j.s.Server - Started @146226ms
16:12:58.380 [Test worker] DEBUG o.s.w.t.h.s.r.b.JettyHttpServer - Server started on port 57174(0 millis).
16:12:58.380 [Test worker] DEBUG o.s.w.r.s.c.UndertowWebSocketClient - Connecting to ws://localhost:57174/sub-protocol
16:12:58.383 [qtp1687598678-3654] DEBUG o.s.w.s.a.HttpWebHandlerAdapter - [4a4e3f63] HTTP GET "/sub-protocol"
16:12:58.383 [qtp1687598678-3654] DEBUG o.s.w.r.h.SimpleUrlHandlerMapping - [4a4e3f63] Mapped to org.springframework.web.reactive.socket.WebSocketIntegrationTests$SubProtocolWebSocketHandler@4489c85a
16:12:58.392 [qtp1687598678-3654] DEBUG o.s.w.s.a.HttpWebHandlerAdapter - [4a4e3f63] Completed 101 SWITCHING_PROTOCOLS
16:12:58.392 [qtp1687598678-3654] DEBUG o.s.w.r.s.a.JettyWebSocketSession - [4a4e3f63] Session id "659b3d2e" for http://localhost:57174/sub-protocol
16:12:58.392 [XNIO-77 I/O-1] DEBUG o.s.w.r.s.a.UndertowWebSocketSession - [1e009d95] Session id "1e009d95" for ws://localhost:57174/sub-protocol
16:12:58.393 [Test worker] DEBUG o.s.w.t.h.s.r.b.JettyHttpServer - Stopping JettyHttpServer...
16:12:58.393 [Test worker] INFO  o.e.j.s.h.ContextHandler - Stopped o.e.j.s.ServletContextHandler@2a034b5f{/,null,UNAVAILABLE}
16:12:58.396 [Test worker] INFO  o.e.j.s.AbstractConnector - Stopped ServerConnector@2ca2f450{HTTP/1.1, (http/1.1)}{0.0.0.0:0}
16:12:58.407 [Test worker] DEBUG o.s.w.t.h.s.r.b.JettyHttpServer - Server stopped (0 millis).
16:12:58.415 [Test worker] DEBUG o.s.w.r.h.SimpleUrlHandlerMapping - Patterns [/close, /echo, /sub-protocol, /cookie, /custom-header] in 'handlerMapping'
16:12:58.416 [Test worker] DEBUG o.s.w.s.a.HttpWebHandlerAdapter - enableLoggingRequestDetails='false': form data and headers will be masked to prevent unsafe logging of potentially sensitive data
16:12:58.416 [Test worker] DEBUG o.s.w.t.h.s.r.b.ReactorHttpServer - Starting ReactorHttpServer...
16:12:58.417 [Test worker] DEBUG o.s.w.t.h.s.r.b.ReactorHttpServer - Server started on port 57176(0 millis).
16:12:58.417 [Test worker] DEBUG o.s.w.r.s.c.UndertowWebSocketClient - Connecting to ws://localhost:57176/sub-protocol
16:12:58.419 [reactor-http-nio-3] DEBUG o.s.w.s.a.HttpWebHandlerAdapter - [90c9b934-77] HTTP GET "/sub-protocol"
16:12:58.420 [reactor-http-nio-3] DEBUG o.s.w.r.h.SimpleUrlHandlerMapping - [90c9b934-77] Mapped to org.springframework.web.reactive.socket.WebSocketIntegrationTests$SubProtocolWebSocketHandler@12847364
16:12:58.421 [reactor-http-nio-3] DEBUG o.s.w.r.s.a.ReactorNettyWebSocketSession - [90c9b934-77] Session id "3ced8a16" for http://localhost:57176/sub-protocol
16:12:58.421 [XNIO-77 I/O-1] DEBUG o.s.w.r.s.a.UndertowWebSocketSession - [1a3f1a8d] Session id "1a3f1a8d" for ws://localhost:57176/sub-protocol
16:12:58.422 [reactor-http-nio-3] DEBUG o.s.w.s.a.HttpWebHandlerAdapter - [90c9b934-77] Completed 200 OK
16:12:58.422 [Test worker] DEBUG o.s.w.t.h.s.r.b.ReactorHttpServer - Stopping ReactorHttpServer...
16:12:58.423 [Test worker] DEBUG o.s.w.t.h.s.r.b.ReactorHttpServer - Server stopped (0 millis).
16:12:58.432 [Test worker] DEBUG o.s.w.r.h.SimpleUrlHandlerMapping - Patterns [/close, /echo, /sub-protocol, /cookie, /custom-header] in 'handlerMapping'
16:12:58.433 [Test worker] DEBUG o.s.w.s.a.HttpWebHandlerAdapter - enableLoggingRequestDetails='false': form data and headers will be masked to prevent unsafe logging of potentially sensitive data
16:12:58.434 [Test worker] DEBUG o.s.w.t.h.s.r.b.UndertowHttpServer - Starting UndertowHttpServer...
16:12:58.434 [Test worker] INFO  i.undertow - starting server: Undertow - 2.0.32.Final
16:12:58.438 [Test worker] DEBUG o.s.w.t.h.s.r.b.UndertowHttpServer - Server started on port 57178(0 millis).
16:12:58.438 [Test worker] DEBUG o.s.w.r.s.c.UndertowWebSocketClient - Connecting to ws://localhost:57178/sub-protocol
16:12:58.439 [XNIO-81 I/O-6] DEBUG o.s.w.s.a.HttpWebHandlerAdapter - [1ff72dda] HTTP GET "/sub-protocol"
16:12:58.440 [XNIO-81 I/O-6] DEBUG o.s.w.r.h.SimpleUrlHandlerMapping - [1ff72dda] Mapped to org.springframework.web.reactive.socket.WebSocketIntegrationTests$SubProtocolWebSocketHandler@1bc8aafc
16:12:58.440 [XNIO-81 I/O-6] DEBUG o.s.w.r.s.a.UndertowWebSocketSession - [1ff72dda] Session id "2a1b9fb7" for http://localhost:57178/sub-protocol
16:12:58.440 [XNIO-77 I/O-1] DEBUG o.s.w.r.s.a.UndertowWebSocketSession - [5f3d97ae] Session id "5f3d97ae" for ws://localhost:57178/sub-protocol
16:12:58.441 [XNIO-81 I/O-6] DEBUG o.s.w.s.a.HttpWebHandlerAdapter - [1ff72dda] Completed 101 SWITCHING_PROTOCOLS
16:12:58.441 [Test worker] DEBUG o.s.w.t.h.s.r.b.UndertowHttpServer - Stopping UndertowHttpServer...
16:12:58.441 [Test worker] INFO  i.undertow - stopping server: Undertow - 2.0.32.Final
16:12:58.443 [Test worker] DEBUG o.s.w.t.h.s.r.b.UndertowHttpServer - Server stopped (0 millis).
]]></system-out>
  <system-err><![CDATA[]]></system-err>
</testsuite>
