<?xml version="1.0" encoding="UTF-8"?>
<testsuite name="org.springframework.web.reactive.result.method.annotation.MultipartIntegrationTests" tests="28" skipped="0" failures="0" errors="0" timestamp="2021-06-20T08:11:54" hostname="gankangdembp" time="9.346">
  <properties/>
  <testcase name="requestBodyMap(HttpServer)[1]" classname="org.springframework.web.reactive.result.method.annotation.MultipartIntegrationTests" time="0.509"/>
  <testcase name="requestBodyMap(HttpServer)[2]" classname="org.springframework.web.reactive.result.method.annotation.MultipartIntegrationTests" time="0.257"/>
  <testcase name="requestBodyMap(HttpServer)[3]" classname="org.springframework.web.reactive.result.method.annotation.MultipartIntegrationTests" time="0.341"/>
  <testcase name="requestBodyMap(HttpServer)[4]" classname="org.springframework.web.reactive.result.method.annotation.MultipartIntegrationTests" time="0.331"/>
  <testcase name="transferTo(HttpServer)[1]" classname="org.springframework.web.reactive.result.method.annotation.MultipartIntegrationTests" time="0.407"/>
  <testcase name="transferTo(HttpServer)[2]" classname="org.springframework.web.reactive.result.method.annotation.MultipartIntegrationTests" time="0.257"/>
  <testcase name="transferTo(HttpServer)[3]" classname="org.springframework.web.reactive.result.method.annotation.MultipartIntegrationTests" time="0.276"/>
  <testcase name="transferTo(HttpServer)[4]" classname="org.springframework.web.reactive.result.method.annotation.MultipartIntegrationTests" time="0.384"/>
  <testcase name="modelAttribute(HttpServer)[1]" classname="org.springframework.web.reactive.result.method.annotation.MultipartIntegrationTests" time="0.302"/>
  <testcase name="modelAttribute(HttpServer)[2]" classname="org.springframework.web.reactive.result.method.annotation.MultipartIntegrationTests" time="0.247"/>
  <testcase name="modelAttribute(HttpServer)[3]" classname="org.springframework.web.reactive.result.method.annotation.MultipartIntegrationTests" time="0.361"/>
  <testcase name="modelAttribute(HttpServer)[4]" classname="org.springframework.web.reactive.result.method.annotation.MultipartIntegrationTests" time="0.368"/>
  <testcase name="requestBodyFlux(HttpServer)[1]" classname="org.springframework.web.reactive.result.method.annotation.MultipartIntegrationTests" time="0.262"/>
  <testcase name="requestBodyFlux(HttpServer)[2]" classname="org.springframework.web.reactive.result.method.annotation.MultipartIntegrationTests" time="0.204"/>
  <testcase name="requestBodyFlux(HttpServer)[3]" classname="org.springframework.web.reactive.result.method.annotation.MultipartIntegrationTests" time="0.221"/>
  <testcase name="requestBodyFlux(HttpServer)[4]" classname="org.springframework.web.reactive.result.method.annotation.MultipartIntegrationTests" time="0.289"/>
  <testcase name="requestPart(HttpServer)[1]" classname="org.springframework.web.reactive.result.method.annotation.MultipartIntegrationTests" time="0.346"/>
  <testcase name="requestPart(HttpServer)[2]" classname="org.springframework.web.reactive.result.method.annotation.MultipartIntegrationTests" time="0.253"/>
  <testcase name="requestPart(HttpServer)[3]" classname="org.springframework.web.reactive.result.method.annotation.MultipartIntegrationTests" time="0.446"/>
  <testcase name="requestPart(HttpServer)[4]" classname="org.springframework.web.reactive.result.method.annotation.MultipartIntegrationTests" time="0.341"/>
  <testcase name="filePartsFlux(HttpServer)[1]" classname="org.springframework.web.reactive.result.method.annotation.MultipartIntegrationTests" time="0.332"/>
  <testcase name="filePartsFlux(HttpServer)[2]" classname="org.springframework.web.reactive.result.method.annotation.MultipartIntegrationTests" time="0.292"/>
  <testcase name="filePartsFlux(HttpServer)[3]" classname="org.springframework.web.reactive.result.method.annotation.MultipartIntegrationTests" time="0.31"/>
  <testcase name="filePartsFlux(HttpServer)[4]" classname="org.springframework.web.reactive.result.method.annotation.MultipartIntegrationTests" time="0.581"/>
  <testcase name="filePartsMono(HttpServer)[1]" classname="org.springframework.web.reactive.result.method.annotation.MultipartIntegrationTests" time="0.438"/>
  <testcase name="filePartsMono(HttpServer)[2]" classname="org.springframework.web.reactive.result.method.annotation.MultipartIntegrationTests" time="0.284"/>
  <testcase name="filePartsMono(HttpServer)[3]" classname="org.springframework.web.reactive.result.method.annotation.MultipartIntegrationTests" time="0.319"/>
  <testcase name="filePartsMono(HttpServer)[4]" classname="org.springframework.web.reactive.result.method.annotation.MultipartIntegrationTests" time="0.358"/>
  <system-out><![CDATA[16:11:54.366 [Test worker] DEBUG o.s.w.r.r.m.a.RequestMappingHandlerMapping - 7 mappings in 'requestMappingHandlerMapping'
16:11:54.425 [Test worker] DEBUG o.s.w.r.r.m.a.ControllerMethodResolver - ControllerAdvice beans: none
16:11:54.507 [Test worker] DEBUG o.s.w.s.a.HttpWebHandlerAdapter - enableLoggingRequestDetails='false': form data and headers will be masked to prevent unsafe logging of potentially sensitive data
16:11:54.507 [Test worker] WARN  o.e.j.s.h.ContextHandler - Empty contextPath
16:11:54.507 [Test worker] INFO  o.e.j.s.h.ContextHandler - Started o.e.j.s.ServletContextHandler@455fe321{/,null,AVAILABLE}
16:11:54.508 [Test worker] DEBUG o.s.w.t.h.s.r.b.JettyHttpServer - Starting JettyHttpServer...
16:11:54.508 [Test worker] INFO  o.e.j.s.Server - jetty-9.4.31.v20200723; built: 2020-07-23T17:57:36.812Z; git: 450ba27947e13e66baa8cd1ce7e85a4461cacc1d; jvm 1.8.0_201-b09
16:11:54.513 [Test worker] INFO  o.e.j.s.AbstractConnector - Started ServerConnector@1f26e20b{HTTP/1.1, (http/1.1)}{0.0.0.0:55623}
16:11:54.513 [Test worker] INFO  o.e.j.s.Server - Started @82408ms
16:11:54.514 [Test worker] DEBUG o.s.w.t.h.s.r.b.JettyHttpServer - Server started on port 55623(0 millis).
16:11:54.522 [Test worker] DEBUG o.s.w.r.f.c.ExchangeFunctions - [33605213] HTTP POST http://localhost:55623/requestBodyMap
16:11:54.531 [reactor-http-nio-1] DEBUG o.s.h.c.m.MultipartHttpMessageWriter - [33605213] Encoding parts [fieldPart, fileParts, jsonPart] (content masked)
16:11:54.692 [qtp63182561-798] DEBUG o.s.w.s.a.HttpWebHandlerAdapter - [7d4a42ab] HTTP POST "/requestBodyMap"
16:11:54.692 [qtp63182561-798] DEBUG o.s.w.r.r.m.a.RequestMappingHandlerMapping - [7d4a42ab] Mapped to org.springframework.web.reactive.result.method.annotation.MultipartIntegrationTests$MultipartController#requestBodyMap(Mono)
16:11:54.695 [qtp63182561-798] DEBUG o.s.w.r.r.m.a.RequestBodyMethodArgumentResolver - [7d4a42ab] Content-Type:multipart/form-data;boundary=P179mlpDd77hsfFA3SKUw1evRWltl2n8HR5UBZ1K;charset=UTF-8
16:11:54.695 [qtp63182561-798] DEBUG o.s.w.r.r.m.a.RequestBodyMethodArgumentResolver - [7d4a42ab] 0..1 [org.springframework.util.MultiValueMap<java.lang.String, org.springframework.http.codec.multipart.Part>]
16:11:54.696 [qtp63182561-798] DEBUG o.s.w.r.r.m.a.ResponseBodyResultHandler - Using 'text/plain;charset=UTF-8' given [*/*] and supported [text/plain;charset=UTF-8, text/event-stream, text/plain;charset=UTF-8, */*]
16:11:54.696 [qtp63182561-798] DEBUG o.s.w.r.r.m.a.ResponseBodyResultHandler - [7d4a42ab] 0..1 [java.lang.String]
16:11:54.760 [qtp63182561-798] DEBUG o.s.h.c.m.MultipartHttpMessageReader - [7d4a42ab] Parsed parts [fieldPart, fileParts, jsonPart] (content masked)
16:11:54.763 [qtp63182561-798] DEBUG o.s.c.c.CharSequenceEncoder - [7d4a42ab] Writing "Map[[fieldPart],[fileParts:foo.txt,fileParts:logo.png],[jsonPart]]"
16:11:54.764 [qtp63182561-798] DEBUG o.s.w.s.a.HttpWebHandlerAdapter - [7d4a42ab] Completed 200 OK
16:11:54.768 [reactor-http-nio-1] DEBUG o.s.w.r.f.c.ExchangeFunctions - [33605213] Response 200 OK
16:11:54.770 [reactor-http-nio-1] DEBUG o.s.c.c.StringDecoder - [33605213] Decoded "Map[[fieldPart],[fileParts:foo.txt,fileParts:logo.png],[jsonPart]]"
16:11:54.770 [Test worker] DEBUG o.s.w.t.h.s.r.b.JettyHttpServer - Stopping JettyHttpServer...
16:11:54.771 [Test worker] INFO  o.e.j.s.h.ContextHandler - Stopped o.e.j.s.ServletContextHandler@455fe321{/,null,UNAVAILABLE}
16:11:54.775 [Test worker] INFO  o.e.j.s.AbstractConnector - Stopped ServerConnector@1f26e20b{HTTP/1.1, (http/1.1)}{0.0.0.0:0}
16:11:54.786 [Test worker] DEBUG o.s.w.t.h.s.r.b.JettyHttpServer - Server stopped (0 millis).
16:11:54.811 [Test worker] DEBUG o.s.w.r.r.m.a.RequestMappingHandlerMapping - 7 mappings in 'requestMappingHandlerMapping'
16:11:54.871 [Test worker] DEBUG o.s.w.r.r.m.a.ControllerMethodResolver - ControllerAdvice beans: none
16:11:54.944 [Test worker] DEBUG o.s.w.s.a.HttpWebHandlerAdapter - enableLoggingRequestDetails='false': form data and headers will be masked to prevent unsafe logging of potentially sensitive data
16:11:54.944 [Test worker] DEBUG o.s.w.t.h.s.r.b.ReactorHttpServer - Starting ReactorHttpServer...
16:11:54.968 [Test worker] DEBUG o.s.w.t.h.s.r.b.ReactorHttpServer - Server started on port 55631(0 millis).
16:11:54.971 [Test worker] DEBUG o.s.w.r.f.c.ExchangeFunctions - [3b7a93bf] HTTP POST http://localhost:55631/requestBodyMap
16:11:54.974 [reactor-http-nio-3] DEBUG o.s.h.c.m.MultipartHttpMessageWriter - [3b7a93bf] Encoding parts [fieldPart, fileParts, jsonPart] (content masked)
16:11:54.987 [reactor-http-nio-4] DEBUG o.s.w.s.a.HttpWebHandlerAdapter - [c699f619-21] HTTP POST "/requestBodyMap"
16:11:54.987 [reactor-http-nio-4] DEBUG o.s.w.r.r.m.a.RequestMappingHandlerMapping - [c699f619-21] Mapped to org.springframework.web.reactive.result.method.annotation.MultipartIntegrationTests$MultipartController#requestBodyMap(Mono)
16:11:54.988 [reactor-http-nio-4] DEBUG o.s.w.r.r.m.a.RequestBodyMethodArgumentResolver - [c699f619-21] Content-Type:multipart/form-data;boundary=6uGgNK5IbBrgwztB7azr6hnu0doKNDS;charset=UTF-8
16:11:54.988 [reactor-http-nio-4] DEBUG o.s.w.r.r.m.a.RequestBodyMethodArgumentResolver - [c699f619-21] 0..1 [org.springframework.util.MultiValueMap<java.lang.String, org.springframework.http.codec.multipart.Part>]
16:11:54.990 [reactor-http-nio-4] DEBUG o.s.w.r.r.m.a.ResponseBodyResultHandler - Using 'text/plain;charset=UTF-8' given [*/*] and supported [text/plain;charset=UTF-8, text/event-stream, text/plain;charset=UTF-8, */*]
16:11:54.990 [reactor-http-nio-4] DEBUG o.s.w.r.r.m.a.ResponseBodyResultHandler - [c699f619-21] 0..1 [java.lang.String]
16:11:55.022 [reactor-http-nio-4] DEBUG o.s.h.c.m.MultipartHttpMessageReader - [c699f619-21] Parsed parts [fieldPart, fileParts, jsonPart] (content masked)
16:11:55.022 [reactor-http-nio-4] DEBUG o.s.c.c.CharSequenceEncoder - [c699f619-21] Writing "Map[[fieldPart],[fileParts:foo.txt,fileParts:logo.png],[jsonPart]]"
16:11:55.024 [reactor-http-nio-4] DEBUG o.s.w.s.a.HttpWebHandlerAdapter - [c699f619-21] Completed 200 OK
16:11:55.042 [reactor-http-nio-3] DEBUG o.s.w.r.f.c.ExchangeFunctions - [3b7a93bf] Response 200 OK
16:11:55.043 [reactor-http-nio-3] DEBUG o.s.c.c.StringDecoder - [3b7a93bf] Decoded "Map[[fieldPart],[fileParts:foo.txt,fileParts:logo.png],[jsonPart]]"
16:11:55.043 [Test worker] DEBUG o.s.w.t.h.s.r.b.ReactorHttpServer - Stopping ReactorHttpServer...
16:11:55.044 [Test worker] DEBUG o.s.w.t.h.s.r.b.ReactorHttpServer - Server stopped (0 millis).
16:11:55.091 [Test worker] DEBUG o.s.w.r.r.m.a.RequestMappingHandlerMapping - 7 mappings in 'requestMappingHandlerMapping'
16:11:55.175 [Test worker] DEBUG o.s.w.r.r.m.a.ControllerMethodResolver - ControllerAdvice beans: none
16:11:55.241 [Test worker] DEBUG o.s.w.s.a.HttpWebHandlerAdapter - enableLoggingRequestDetails='false': form data and headers will be masked to prevent unsafe logging of potentially sensitive data
16:11:55.266 [Test worker] DEBUG o.s.w.t.h.s.r.b.TomcatHttpServer - Starting TomcatHttpServer...
16:11:55.280 [Test worker] DEBUG o.s.w.t.h.s.r.b.TomcatHttpServer - Server started on port 55637(0 millis).
16:11:55.281 [Test worker] DEBUG o.s.w.r.f.c.ExchangeFunctions - [191a1249] HTTP POST http://localhost:55637/requestBodyMap
16:11:55.283 [reactor-http-nio-5] DEBUG o.s.h.c.m.MultipartHttpMessageWriter - [191a1249] Encoding parts [fieldPart, fileParts, jsonPart] (content masked)
16:11:55.295 [http-nio-auto-21-exec-1] DEBUG o.s.w.s.a.HttpWebHandlerAdapter - [731201e] HTTP POST "/requestBodyMap"
16:11:55.296 [http-nio-auto-21-exec-1] DEBUG o.s.w.r.r.m.a.RequestMappingHandlerMapping - [731201e] Mapped to org.springframework.web.reactive.result.method.annotation.MultipartIntegrationTests$MultipartController#requestBodyMap(Mono)
16:11:55.297 [http-nio-auto-21-exec-1] DEBUG o.s.w.r.r.m.a.RequestBodyMethodArgumentResolver - [731201e] Content-Type:multipart/form-data;boundary=sx2_AZW2UgMiiirMhYbunvG48OCFILA20ZIU;charset=UTF-8
16:11:55.297 [http-nio-auto-21-exec-1] DEBUG o.s.w.r.r.m.a.RequestBodyMethodArgumentResolver - [731201e] 0..1 [org.springframework.util.MultiValueMap<java.lang.String, org.springframework.http.codec.multipart.Part>]
16:11:55.298 [http-nio-auto-21-exec-1] DEBUG o.s.w.r.r.m.a.ResponseBodyResultHandler - Using 'text/plain;charset=UTF-8' given [*/*] and supported [text/plain;charset=UTF-8, text/event-stream, text/plain;charset=UTF-8, */*]
16:11:55.298 [http-nio-auto-21-exec-1] DEBUG o.s.w.r.r.m.a.ResponseBodyResultHandler - [731201e] 0..1 [java.lang.String]
16:11:55.315 [http-nio-auto-21-exec-3] DEBUG o.s.h.c.m.MultipartHttpMessageReader - [731201e] Parsed parts [fieldPart, fileParts, jsonPart] (content masked)
16:11:55.315 [http-nio-auto-21-exec-3] DEBUG o.s.c.c.CharSequenceEncoder - [731201e] Writing "Map[[fieldPart],[fileParts:foo.txt,fileParts:logo.png],[jsonPart]]"
16:11:55.316 [http-nio-auto-21-exec-3] DEBUG o.s.w.s.a.HttpWebHandlerAdapter - [731201e] Completed 200 OK
16:11:55.317 [reactor-http-nio-5] DEBUG o.s.w.r.f.c.ExchangeFunctions - [191a1249] Response 200 OK
16:11:55.318 [reactor-http-nio-5] DEBUG o.s.c.c.StringDecoder - [191a1249] Decoded "Map[[fieldPart],[fileParts:foo.txt,fileParts:logo.png],[jsonPart]]"
16:11:55.364 [Test worker] DEBUG o.s.w.t.h.s.r.b.TomcatHttpServer - Stopping TomcatHttpServer...
16:11:55.386 [Test worker] DEBUG o.s.w.t.h.s.r.b.TomcatHttpServer - Server stopped (0 millis).
16:11:55.440 [Test worker] DEBUG o.s.w.r.r.m.a.RequestMappingHandlerMapping - 7 mappings in 'requestMappingHandlerMapping'
16:11:55.527 [Test worker] DEBUG o.s.w.r.r.m.a.ControllerMethodResolver - ControllerAdvice beans: none
16:11:55.584 [Test worker] DEBUG o.s.w.s.a.HttpWebHandlerAdapter - enableLoggingRequestDetails='false': form data and headers will be masked to prevent unsafe logging of potentially sensitive data
16:11:55.584 [Test worker] DEBUG o.s.w.t.h.s.r.b.UndertowHttpServer - Starting UndertowHttpServer...
16:11:55.584 [Test worker] INFO  i.undertow - starting server: Undertow - 2.0.32.Final
16:11:55.626 [Test worker] DEBUG o.s.w.t.h.s.r.b.UndertowHttpServer - Server started on port 55644(0 millis).
16:11:55.627 [Test worker] DEBUG o.s.w.r.f.c.ExchangeFunctions - [24a3b94b] HTTP POST http://localhost:55644/requestBodyMap
16:11:55.631 [reactor-http-nio-6] DEBUG o.s.h.c.m.MultipartHttpMessageWriter - [24a3b94b] Encoding parts [fieldPart, fileParts, jsonPart] (content masked)
16:11:55.649 [XNIO-21 I/O-6] DEBUG o.s.w.s.a.HttpWebHandlerAdapter - [1cac3ebe] HTTP POST "/requestBodyMap"
16:11:55.649 [XNIO-21 I/O-6] DEBUG o.s.w.r.r.m.a.RequestMappingHandlerMapping - [1cac3ebe] Mapped to org.springframework.web.reactive.result.method.annotation.MultipartIntegrationTests$MultipartController#requestBodyMap(Mono)
16:11:55.650 [XNIO-21 I/O-6] DEBUG o.s.w.r.r.m.a.RequestBodyMethodArgumentResolver - [1cac3ebe] Content-Type:multipart/form-data;boundary=iH0Zq1XsTSBnIs1H0s9wmOurFVMQM7yk1;charset=UTF-8
16:11:55.650 [XNIO-21 I/O-6] DEBUG o.s.w.r.r.m.a.RequestBodyMethodArgumentResolver - [1cac3ebe] 0..1 [org.springframework.util.MultiValueMap<java.lang.String, org.springframework.http.codec.multipart.Part>]
16:11:55.651 [XNIO-21 I/O-6] DEBUG o.s.w.r.r.m.a.ResponseBodyResultHandler - Using 'text/plain;charset=UTF-8' given [*/*] and supported [text/plain;charset=UTF-8, text/event-stream, text/plain;charset=UTF-8, */*]
16:11:55.651 [XNIO-21 I/O-6] DEBUG o.s.w.r.r.m.a.ResponseBodyResultHandler - [1cac3ebe] 0..1 [java.lang.String]
16:11:55.663 [XNIO-21 I/O-6] DEBUG o.s.h.c.m.MultipartHttpMessageReader - [1cac3ebe] Parsed parts [fieldPart, fileParts, jsonPart] (content masked)
16:11:55.664 [XNIO-21 I/O-6] DEBUG o.s.c.c.CharSequenceEncoder - [1cac3ebe] Writing "Map[[fieldPart],[fileParts:foo.txt,fileParts:logo.png],[jsonPart]]"
16:11:55.665 [XNIO-21 I/O-6] DEBUG o.s.w.s.a.HttpWebHandlerAdapter - [1cac3ebe] Completed 200 OK
16:11:55.691 [reactor-http-nio-6] DEBUG o.s.w.r.f.c.ExchangeFunctions - [24a3b94b] Response 200 OK
16:11:55.692 [reactor-http-nio-6] DEBUG o.s.c.c.StringDecoder - [24a3b94b] Decoded "Map[[fieldPart],[fileParts:foo.txt,fileParts:logo.png],[jsonPart]]"
16:11:55.693 [Test worker] DEBUG o.s.w.t.h.s.r.b.UndertowHttpServer - Stopping UndertowHttpServer...
16:11:55.712 [Test worker] INFO  i.undertow - stopping server: Undertow - 2.0.32.Final
16:11:55.718 [Test worker] DEBUG o.s.w.t.h.s.r.b.UndertowHttpServer - Server stopped (0 millis).
16:11:55.775 [Test worker] DEBUG o.s.w.r.r.m.a.RequestMappingHandlerMapping - 7 mappings in 'requestMappingHandlerMapping'
16:11:55.883 [Test worker] DEBUG o.s.w.r.r.m.a.ControllerMethodResolver - ControllerAdvice beans: none
16:11:55.945 [Test worker] DEBUG o.s.w.s.a.HttpWebHandlerAdapter - enableLoggingRequestDetails='false': form data and headers will be masked to prevent unsafe logging of potentially sensitive data
16:11:55.945 [Test worker] WARN  o.e.j.s.h.ContextHandler - Empty contextPath
16:11:55.946 [Test worker] INFO  o.e.j.s.h.ContextHandler - Started o.e.j.s.ServletContextHandler@6b2ea6f2{/,null,AVAILABLE}
16:11:55.946 [Test worker] DEBUG o.s.w.t.h.s.r.b.JettyHttpServer - Starting JettyHttpServer...
16:11:55.946 [Test worker] INFO  o.e.j.s.Server - jetty-9.4.31.v20200723; built: 2020-07-23T17:57:36.812Z; git: 450ba27947e13e66baa8cd1ce7e85a4461cacc1d; jvm 1.8.0_201-b09
16:11:55.977 [Test worker] INFO  o.e.j.s.AbstractConnector - Started ServerConnector@37de9ef4{HTTP/1.1, (http/1.1)}{0.0.0.0:55650}
16:11:55.977 [Test worker] INFO  o.e.j.s.Server - Started @83872ms
16:11:55.977 [Test worker] DEBUG o.s.w.t.h.s.r.b.JettyHttpServer - Server started on port 55650(0 millis).
16:11:55.980 [Test worker] DEBUG o.s.w.r.f.c.ExchangeFunctions - [15df827f] HTTP POST http://localhost:55650/transferTo
16:11:55.983 [reactor-http-nio-7] DEBUG o.s.h.c.m.MultipartHttpMessageWriter - [15df827f] Encoding parts [fieldPart, fileParts, jsonPart] (content masked)
16:11:56.010 [qtp263637937-838] DEBUG o.s.w.s.a.HttpWebHandlerAdapter - [7e06ec60] HTTP POST "/transferTo"
16:11:56.011 [qtp263637937-838] DEBUG o.s.w.r.r.m.a.RequestMappingHandlerMapping - [7e06ec60] Mapped to org.springframework.web.reactive.result.method.annotation.MultipartIntegrationTests$MultipartController#transferTo(Flux)
16:11:56.020 [qtp263637937-838] DEBUG o.s.w.r.r.m.a.ResponseBodyResultHandler - Using 'text/plain;charset=UTF-8' given [*/*] and supported [text/plain;charset=UTF-8, text/event-stream, text/plain;charset=UTF-8, */*]
16:11:56.020 [qtp263637937-838] DEBUG o.s.w.r.r.m.a.ResponseBodyResultHandler - [7e06ec60] 0..N [java.lang.String]
16:11:56.037 [qtp263637937-838] DEBUG o.s.h.c.m.MultipartHttpMessageReader - [7e06ec60] Parsed parts [fieldPart, fileParts, jsonPart] (content masked)
16:11:56.043 [qtp263637937-838] DEBUG o.s.c.c.CharSequenceEncoder - [7e06ec60] Writing "/var/folders/rz/2gfvry6571q7h4h_1spjwfb80000gn/T/MultipartIntegrationTests41631185593371887foo.txt
 (truncated)...
16:11:56.101 [reactor-http-nio-7] DEBUG o.s.w.r.f.c.ExchangeFunctions - [15df827f] Response 200 OK
16:11:56.104 [qtp263637937-838] DEBUG o.s.c.c.CharSequenceEncoder - [7e06ec60] Writing "/var/folders/rz/2gfvry6571q7h4h_1spjwfb80000gn/T/MultipartIntegrationTests236025287885652393logo.pn (truncated)...
16:11:56.104 [reactor-http-nio-7] DEBUG o.s.c.c.StringDecoder - [15df827f] Decoded "/var/folders/rz/2gfvry6571q7h4h_1spjwfb80000gn/T/MultipartIntegrationTests41631185593371887foo.txt"
16:11:56.105 [qtp263637937-838] DEBUG o.s.w.s.a.HttpWebHandlerAdapter - [7e06ec60] Completed 200 OK
16:11:56.110 [reactor-http-nio-7] DEBUG o.s.c.c.StringDecoder - [15df827f] Decoded "/var/folders/rz/2gfvry6571q7h4h_1spjwfb80000gn/T/MultipartIntegrationTests236025287885652393logo.pn (truncated)...
16:11:56.112 [Test worker] DEBUG o.s.w.t.h.s.r.b.JettyHttpServer - Stopping JettyHttpServer...
16:11:56.112 [Test worker] INFO  o.e.j.s.h.ContextHandler - Stopped o.e.j.s.ServletContextHandler@6b2ea6f2{/,null,UNAVAILABLE}
16:11:56.116 [Test worker] INFO  o.e.j.s.AbstractConnector - Stopped ServerConnector@37de9ef4{HTTP/1.1, (http/1.1)}{0.0.0.0:0}
16:11:56.127 [Test worker] DEBUG o.s.w.t.h.s.r.b.JettyHttpServer - Server stopped (0 millis).
16:11:56.141 [Test worker] DEBUG o.s.w.r.r.m.a.RequestMappingHandlerMapping - 7 mappings in 'requestMappingHandlerMapping'
16:11:56.229 [Test worker] DEBUG o.s.w.r.r.m.a.ControllerMethodResolver - ControllerAdvice beans: none
16:11:56.307 [Test worker] DEBUG o.s.w.s.a.HttpWebHandlerAdapter - enableLoggingRequestDetails='false': form data and headers will be masked to prevent unsafe logging of potentially sensitive data
16:11:56.307 [Test worker] DEBUG o.s.w.t.h.s.r.b.ReactorHttpServer - Starting ReactorHttpServer...
16:11:56.309 [Test worker] DEBUG o.s.w.t.h.s.r.b.ReactorHttpServer - Server started on port 55660(0 millis).
16:11:56.310 [Test worker] DEBUG o.s.w.r.f.c.ExchangeFunctions - [6a6a94b3] HTTP POST http://localhost:55660/transferTo
16:11:56.313 [reactor-http-nio-9] DEBUG o.s.h.c.m.MultipartHttpMessageWriter - [6a6a94b3] Encoding parts [fieldPart, fileParts, jsonPart] (content masked)
16:11:56.349 [reactor-http-nio-10] DEBUG o.s.w.s.a.HttpWebHandlerAdapter - [9d41dc33-22] HTTP POST "/transferTo"
16:11:56.349 [reactor-http-nio-10] DEBUG o.s.w.r.r.m.a.RequestMappingHandlerMapping - [9d41dc33-22] Mapped to org.springframework.web.reactive.result.method.annotation.MultipartIntegrationTests$MultipartController#transferTo(Flux)
16:11:56.351 [reactor-http-nio-10] DEBUG o.s.w.r.r.m.a.ResponseBodyResultHandler - Using 'text/plain;charset=UTF-8' given [*/*] and supported [text/plain;charset=UTF-8, text/event-stream, text/plain;charset=UTF-8, */*]
16:11:56.351 [reactor-http-nio-10] DEBUG o.s.w.r.r.m.a.ResponseBodyResultHandler - [9d41dc33-22] 0..N [java.lang.String]
16:11:56.370 [reactor-http-nio-10] DEBUG o.s.h.c.m.MultipartHttpMessageReader - [9d41dc33-22] Parsed parts [fieldPart, fileParts, jsonPart] (content masked)
16:11:56.372 [reactor-http-nio-10] DEBUG o.s.c.c.CharSequenceEncoder - [9d41dc33-22] Writing "/var/folders/rz/2gfvry6571q7h4h_1spjwfb80000gn/T/MultipartIntegrationTests7540669393619846756foo.tx (truncated)...
16:11:56.374 [reactor-http-nio-9] DEBUG o.s.w.r.f.c.ExchangeFunctions - [6a6a94b3] Response 200 OK
16:11:56.376 [reactor-http-nio-10] DEBUG o.s.c.c.CharSequenceEncoder - [9d41dc33-22] Writing "/var/folders/rz/2gfvry6571q7h4h_1spjwfb80000gn/T/MultipartIntegrationTests3246426498628627371logo.p (truncated)...
16:11:56.377 [reactor-http-nio-10] DEBUG o.s.w.s.a.HttpWebHandlerAdapter - [9d41dc33-22] Completed 200 OK
16:11:56.380 [reactor-http-nio-9] DEBUG o.s.c.c.StringDecoder - [6a6a94b3] Decoded "/var/folders/rz/2gfvry6571q7h4h_1spjwfb80000gn/T/MultipartIntegrationTests7540669393619846756foo.tx (truncated)...
16:11:56.382 [reactor-http-nio-9] DEBUG o.s.c.c.StringDecoder - [6a6a94b3] Decoded "/var/folders/rz/2gfvry6571q7h4h_1spjwfb80000gn/T/MultipartIntegrationTests3246426498628627371logo.p (truncated)...
16:11:56.384 [Test worker] DEBUG o.s.w.t.h.s.r.b.ReactorHttpServer - Stopping ReactorHttpServer...
16:11:56.384 [Test worker] DEBUG o.s.w.t.h.s.r.b.ReactorHttpServer - Server stopped (0 millis).
16:11:56.410 [Test worker] DEBUG o.s.w.r.r.m.a.RequestMappingHandlerMapping - 7 mappings in 'requestMappingHandlerMapping'
16:11:56.500 [Test worker] DEBUG o.s.w.r.r.m.a.ControllerMethodResolver - ControllerAdvice beans: none
16:11:56.567 [Test worker] DEBUG o.s.w.s.a.HttpWebHandlerAdapter - enableLoggingRequestDetails='false': form data and headers will be masked to prevent unsafe logging of potentially sensitive data
16:11:56.568 [Test worker] DEBUG o.s.w.t.h.s.r.b.TomcatHttpServer - Starting TomcatHttpServer...
16:11:56.607 [Test worker] DEBUG o.s.w.t.h.s.r.b.TomcatHttpServer - Server started on port 55664(0 millis).
16:11:56.608 [Test worker] DEBUG o.s.w.r.f.c.ExchangeFunctions - [709748ae] HTTP POST http://localhost:55664/transferTo
16:11:56.611 [reactor-http-nio-11] DEBUG o.s.h.c.m.MultipartHttpMessageWriter - [709748ae] Encoding parts [fieldPart, fileParts, jsonPart] (content masked)
16:11:56.622 [http-nio-auto-22-exec-1] DEBUG o.s.w.s.a.HttpWebHandlerAdapter - [20fb03a5] HTTP POST "/transferTo"
16:11:56.623 [http-nio-auto-22-exec-1] DEBUG o.s.w.r.r.m.a.RequestMappingHandlerMapping - [20fb03a5] Mapped to org.springframework.web.reactive.result.method.annotation.MultipartIntegrationTests$MultipartController#transferTo(Flux)
16:11:56.625 [http-nio-auto-22-exec-1] DEBUG o.s.w.r.r.m.a.ResponseBodyResultHandler - Using 'text/plain;charset=UTF-8' given [*/*] and supported [text/plain;charset=UTF-8, text/event-stream, text/plain;charset=UTF-8, */*]
16:11:56.625 [http-nio-auto-22-exec-1] DEBUG o.s.w.r.r.m.a.ResponseBodyResultHandler - [20fb03a5] 0..N [java.lang.String]
16:11:56.639 [http-nio-auto-22-exec-3] DEBUG o.s.h.c.m.MultipartHttpMessageReader - [20fb03a5] Parsed parts [fieldPart, fileParts, jsonPart] (content masked)
16:11:56.641 [http-nio-auto-22-exec-3] DEBUG o.s.c.c.CharSequenceEncoder - [20fb03a5] Writing "/var/folders/rz/2gfvry6571q7h4h_1spjwfb80000gn/T/MultipartIntegrationTests8706317851460157471foo.tx (truncated)...
16:11:56.643 [http-nio-auto-22-exec-3] DEBUG o.s.c.c.CharSequenceEncoder - [20fb03a5] Writing "/var/folders/rz/2gfvry6571q7h4h_1spjwfb80000gn/T/MultipartIntegrationTests7905400404739599741logo.p (truncated)...
16:11:56.643 [http-nio-auto-22-exec-3] DEBUG o.s.w.s.a.HttpWebHandlerAdapter - [20fb03a5] Completed 200 OK
16:11:56.645 [reactor-http-nio-11] DEBUG o.s.w.r.f.c.ExchangeFunctions - [709748ae] Response 200 OK
16:11:56.648 [reactor-http-nio-11] DEBUG o.s.c.c.StringDecoder - [709748ae] Decoded "/var/folders/rz/2gfvry6571q7h4h_1spjwfb80000gn/T/MultipartIntegrationTests8706317851460157471foo.tx (truncated)...
16:11:56.649 [reactor-http-nio-11] DEBUG o.s.c.c.StringDecoder - [709748ae] Decoded "/var/folders/rz/2gfvry6571q7h4h_1spjwfb80000gn/T/MultipartIntegrationTests7905400404739599741logo.p (truncated)...
16:11:56.651 [Test worker] DEBUG o.s.w.t.h.s.r.b.TomcatHttpServer - Stopping TomcatHttpServer...
16:11:56.662 [Test worker] DEBUG o.s.w.t.h.s.r.b.TomcatHttpServer - Server stopped (0 millis).
16:11:56.757 [Test worker] DEBUG o.s.w.r.r.m.a.RequestMappingHandlerMapping - 7 mappings in 'requestMappingHandlerMapping'
16:11:56.859 [Test worker] DEBUG o.s.w.r.r.m.a.ControllerMethodResolver - ControllerAdvice beans: none
16:11:56.944 [Test worker] DEBUG o.s.w.s.a.HttpWebHandlerAdapter - enableLoggingRequestDetails='false': form data and headers will be masked to prevent unsafe logging of potentially sensitive data
16:11:56.945 [Test worker] DEBUG o.s.w.t.h.s.r.b.UndertowHttpServer - Starting UndertowHttpServer...
16:11:56.945 [Test worker] INFO  i.undertow - starting server: Undertow - 2.0.32.Final
16:11:56.951 [Test worker] DEBUG o.s.w.t.h.s.r.b.UndertowHttpServer - Server started on port 55673(0 millis).
16:11:56.952 [Test worker] DEBUG o.s.w.r.f.c.ExchangeFunctions - [30648b77] HTTP POST http://localhost:55673/transferTo
16:11:56.955 [reactor-http-nio-12] DEBUG o.s.h.c.m.MultipartHttpMessageWriter - [30648b77] Encoding parts [fieldPart, fileParts, jsonPart] (content masked)
16:11:56.964 [XNIO-22 I/O-6] DEBUG o.s.w.s.a.HttpWebHandlerAdapter - [3ac4ccd6] HTTP POST "/transferTo"
16:11:56.964 [XNIO-22 I/O-6] DEBUG o.s.w.r.r.m.a.RequestMappingHandlerMapping - [3ac4ccd6] Mapped to org.springframework.web.reactive.result.method.annotation.MultipartIntegrationTests$MultipartController#transferTo(Flux)
16:11:56.972 [XNIO-22 I/O-6] DEBUG o.s.w.r.r.m.a.ResponseBodyResultHandler - Using 'text/plain;charset=UTF-8' given [*/*] and supported [text/plain;charset=UTF-8, text/event-stream, text/plain;charset=UTF-8, */*]
16:11:56.972 [XNIO-22 I/O-6] DEBUG o.s.w.r.r.m.a.ResponseBodyResultHandler - [3ac4ccd6] 0..N [java.lang.String]
16:11:56.985 [XNIO-22 I/O-6] DEBUG o.s.h.c.m.MultipartHttpMessageReader - [3ac4ccd6] Parsed parts [fieldPart, fileParts, jsonPart] (content masked)
16:11:56.986 [XNIO-22 I/O-6] DEBUG o.s.c.c.CharSequenceEncoder - [3ac4ccd6] Writing "/var/folders/rz/2gfvry6571q7h4h_1spjwfb80000gn/T/MultipartIntegrationTests4207843686386821306foo.tx (truncated)...
16:11:56.988 [XNIO-22 I/O-6] DEBUG o.s.c.c.CharSequenceEncoder - [3ac4ccd6] Writing "/var/folders/rz/2gfvry6571q7h4h_1spjwfb80000gn/T/MultipartIntegrationTests6778248417966737623logo.p (truncated)...
16:11:56.988 [XNIO-22 I/O-6] DEBUG o.s.w.s.a.HttpWebHandlerAdapter - [3ac4ccd6] Completed 200 OK
16:11:57.039 [reactor-http-nio-12] DEBUG o.s.w.r.f.c.ExchangeFunctions - [30648b77] Response 200 OK
16:11:57.041 [reactor-http-nio-12] DEBUG o.s.c.c.StringDecoder - [30648b77] Decoded "/var/folders/rz/2gfvry6571q7h4h_1spjwfb80000gn/T/MultipartIntegrationTests4207843686386821306foo.tx (truncated)...
16:11:57.043 [reactor-http-nio-12] DEBUG o.s.c.c.StringDecoder - [30648b77] Decoded "/var/folders/rz/2gfvry6571q7h4h_1spjwfb80000gn/T/MultipartIntegrationTests6778248417966737623logo.p (truncated)...
16:11:57.045 [Test worker] DEBUG o.s.w.t.h.s.r.b.UndertowHttpServer - Stopping UndertowHttpServer...
16:11:57.045 [Test worker] INFO  i.undertow - stopping server: Undertow - 2.0.32.Final
16:11:57.047 [Test worker] DEBUG o.s.w.t.h.s.r.b.UndertowHttpServer - Server stopped (0 millis).
16:11:57.074 [Test worker] DEBUG o.s.w.r.r.m.a.RequestMappingHandlerMapping - 7 mappings in 'requestMappingHandlerMapping'
16:11:57.160 [Test worker] DEBUG o.s.w.r.r.m.a.ControllerMethodResolver - ControllerAdvice beans: none
16:11:57.215 [Test worker] DEBUG o.s.w.s.a.HttpWebHandlerAdapter - enableLoggingRequestDetails='false': form data and headers will be masked to prevent unsafe logging of potentially sensitive data
16:11:57.215 [Test worker] WARN  o.e.j.s.h.ContextHandler - Empty contextPath
16:11:57.216 [Test worker] INFO  o.e.j.s.h.ContextHandler - Started o.e.j.s.ServletContextHandler@60d4e7e8{/,null,AVAILABLE}
16:11:57.216 [Test worker] DEBUG o.s.w.t.h.s.r.b.JettyHttpServer - Starting JettyHttpServer...
16:11:57.216 [Test worker] INFO  o.e.j.s.Server - jetty-9.4.31.v20200723; built: 2020-07-23T17:57:36.812Z; git: 450ba27947e13e66baa8cd1ce7e85a4461cacc1d; jvm 1.8.0_201-b09
16:11:57.229 [Test worker] INFO  o.e.j.s.AbstractConnector - Started ServerConnector@5a32dac7{HTTP/1.1, (http/1.1)}{0.0.0.0:55679}
16:11:57.229 [Test worker] INFO  o.e.j.s.Server - Started @85124ms
16:11:57.229 [Test worker] DEBUG o.s.w.t.h.s.r.b.JettyHttpServer - Server started on port 55679(0 millis).
16:11:57.230 [Test worker] DEBUG o.s.w.r.f.c.ExchangeFunctions - [775e76ef] HTTP POST http://localhost:55679/modelAttribute
16:11:57.233 [reactor-http-nio-1] DEBUG o.s.h.c.m.MultipartHttpMessageWriter - [775e76ef] Encoding parts [fieldPart, fileParts, jsonPart] (content masked)
16:11:57.265 [qtp1974150566-876] DEBUG o.s.w.s.a.HttpWebHandlerAdapter - [5be7ef5b] HTTP POST "/modelAttribute"
16:11:57.265 [qtp1974150566-876] DEBUG o.s.w.r.r.m.a.RequestMappingHandlerMapping - [5be7ef5b] Mapped to org.springframework.web.reactive.result.method.annotation.MultipartIntegrationTests$MultipartController#modelAttribute(FormBean)
16:11:57.283 [qtp1974150566-876] DEBUG o.s.h.c.m.MultipartHttpMessageReader - [5be7ef5b] Parsed parts [fieldPart, fileParts, jsonPart] (content masked)
16:11:57.330 [qtp1974150566-876] DEBUG o.s.w.r.r.m.a.ResponseBodyResultHandler - Using 'text/plain;charset=UTF-8' given [*/*] and supported [text/plain;charset=UTF-8, text/event-stream, text/plain;charset=UTF-8, */*]
16:11:57.330 [qtp1974150566-876] DEBUG o.s.w.r.r.m.a.ResponseBodyResultHandler - [5be7ef5b] 0..1 [java.lang.String]
16:11:57.330 [qtp1974150566-876] DEBUG o.s.c.c.CharSequenceEncoder - [5be7ef5b] Writing "FormBean[fieldValue,[fileParts:foo.txt,fileParts:logo.png]]"
16:11:57.331 [qtp1974150566-876] DEBUG o.s.w.s.a.HttpWebHandlerAdapter - [5be7ef5b] Completed 200 OK
16:11:57.332 [reactor-http-nio-1] DEBUG o.s.w.r.f.c.ExchangeFunctions - [775e76ef] Response 200 OK
16:11:57.333 [reactor-http-nio-1] DEBUG o.s.c.c.StringDecoder - [775e76ef] Decoded "FormBean[fieldValue,[fileParts:foo.txt,fileParts:logo.png]]"
16:11:57.337 [Test worker] DEBUG o.s.w.t.h.s.r.b.JettyHttpServer - Stopping JettyHttpServer...
16:11:57.337 [Test worker] INFO  o.e.j.s.h.ContextHandler - Stopped o.e.j.s.ServletContextHandler@60d4e7e8{/,null,UNAVAILABLE}
16:11:57.339 [Test worker] INFO  o.e.j.s.AbstractConnector - Stopped ServerConnector@5a32dac7{HTTP/1.1, (http/1.1)}{0.0.0.0:0}
16:11:57.350 [Test worker] DEBUG o.s.w.t.h.s.r.b.JettyHttpServer - Server stopped (0 millis).
16:11:57.374 [Test worker] DEBUG o.s.w.r.r.m.a.RequestMappingHandlerMapping - 7 mappings in 'requestMappingHandlerMapping'
16:11:57.436 [Test worker] DEBUG o.s.w.r.r.m.a.ControllerMethodResolver - ControllerAdvice beans: none
16:11:57.513 [Test worker] DEBUG o.s.w.s.a.HttpWebHandlerAdapter - enableLoggingRequestDetails='false': form data and headers will be masked to prevent unsafe logging of potentially sensitive data
16:11:57.513 [Test worker] DEBUG o.s.w.t.h.s.r.b.ReactorHttpServer - Starting ReactorHttpServer...
16:11:57.514 [Test worker] DEBUG o.s.w.t.h.s.r.b.ReactorHttpServer - Server started on port 55686(0 millis).
16:11:57.515 [Test worker] DEBUG o.s.w.r.f.c.ExchangeFunctions - [2696d924] HTTP POST http://localhost:55686/modelAttribute
16:11:57.526 [reactor-http-nio-3] DEBUG o.s.h.c.m.MultipartHttpMessageWriter - [2696d924] Encoding parts [fieldPart, fileParts, jsonPart] (content masked)
16:11:57.533 [reactor-http-nio-4] DEBUG o.s.w.s.a.HttpWebHandlerAdapter - [a29874ed-23] HTTP POST "/modelAttribute"
16:11:57.534 [reactor-http-nio-4] DEBUG o.s.w.r.r.m.a.RequestMappingHandlerMapping - [a29874ed-23] Mapped to org.springframework.web.reactive.result.method.annotation.MultipartIntegrationTests$MultipartController#modelAttribute(FormBean)
16:11:57.555 [reactor-http-nio-4] DEBUG o.s.h.c.m.MultipartHttpMessageReader - [a29874ed-23] Parsed parts [fieldPart, fileParts, jsonPart] (content masked)
16:11:57.593 [reactor-http-nio-4] DEBUG o.s.w.r.r.m.a.ResponseBodyResultHandler - Using 'text/plain;charset=UTF-8' given [*/*] and supported [text/plain;charset=UTF-8, text/event-stream, text/plain;charset=UTF-8, */*]
16:11:57.593 [reactor-http-nio-4] DEBUG o.s.w.r.r.m.a.ResponseBodyResultHandler - [a29874ed-23] 0..1 [java.lang.String]
16:11:57.593 [reactor-http-nio-4] DEBUG o.s.c.c.CharSequenceEncoder - [a29874ed-23] Writing "FormBean[fieldValue,[fileParts:foo.txt,fileParts:logo.png]]"
16:11:57.595 [reactor-http-nio-4] DEBUG o.s.w.s.a.HttpWebHandlerAdapter - [a29874ed-23] Completed 200 OK
16:11:57.596 [reactor-http-nio-3] DEBUG o.s.w.r.f.c.ExchangeFunctions - [2696d924] Response 200 OK
16:11:57.597 [reactor-http-nio-3] DEBUG o.s.c.c.StringDecoder - [2696d924] Decoded "FormBean[fieldValue,[fileParts:foo.txt,fileParts:logo.png]]"
16:11:57.597 [Test worker] DEBUG o.s.w.t.h.s.r.b.ReactorHttpServer - Stopping ReactorHttpServer...
16:11:57.598 [Test worker] DEBUG o.s.w.t.h.s.r.b.ReactorHttpServer - Server stopped (0 millis).
16:11:57.631 [Test worker] DEBUG o.s.w.r.r.m.a.RequestMappingHandlerMapping - 7 mappings in 'requestMappingHandlerMapping'
16:11:57.731 [Test worker] DEBUG o.s.w.r.r.m.a.ControllerMethodResolver - ControllerAdvice beans: none
16:11:57.827 [Test worker] DEBUG o.s.w.s.a.HttpWebHandlerAdapter - enableLoggingRequestDetails='false': form data and headers will be masked to prevent unsafe logging of potentially sensitive data
16:11:57.828 [Test worker] DEBUG o.s.w.t.h.s.r.b.TomcatHttpServer - Starting TomcatHttpServer...
16:11:57.860 [Test worker] DEBUG o.s.w.t.h.s.r.b.TomcatHttpServer - Server started on port 55694(0 millis).
16:11:57.861 [Test worker] DEBUG o.s.w.r.f.c.ExchangeFunctions - [2e3310b6] HTTP POST http://localhost:55694/modelAttribute
16:11:57.878 [reactor-http-nio-5] DEBUG o.s.h.c.m.MultipartHttpMessageWriter - [2e3310b6] Encoding parts [fieldPart, fileParts, jsonPart] (content masked)
16:11:57.895 [http-nio-auto-23-exec-1] DEBUG o.s.w.s.a.HttpWebHandlerAdapter - [7588f15] HTTP POST "/modelAttribute"
16:11:57.895 [http-nio-auto-23-exec-1] DEBUG o.s.w.r.r.m.a.RequestMappingHandlerMapping - [7588f15] Mapped to org.springframework.web.reactive.result.method.annotation.MultipartIntegrationTests$MultipartController#modelAttribute(FormBean)
16:11:57.906 [http-nio-auto-23-exec-1] DEBUG o.s.h.c.m.MultipartHttpMessageReader - [7588f15] Parsed parts [fieldPart, fileParts, jsonPart] (content masked)
16:11:57.909 [http-nio-auto-23-exec-1] DEBUG o.s.w.r.r.m.a.ResponseBodyResultHandler - Using 'text/plain;charset=UTF-8' given [*/*] and supported [text/plain;charset=UTF-8, text/event-stream, text/plain;charset=UTF-8, */*]
16:11:57.909 [http-nio-auto-23-exec-1] DEBUG o.s.w.r.r.m.a.ResponseBodyResultHandler - [7588f15] 0..1 [java.lang.String]
16:11:57.909 [http-nio-auto-23-exec-1] DEBUG o.s.c.c.CharSequenceEncoder - [7588f15] Writing "FormBean[fieldValue,[fileParts:foo.txt,fileParts:logo.png]]"
16:11:57.911 [http-nio-auto-23-exec-1] DEBUG o.s.w.s.a.HttpWebHandlerAdapter - [7588f15] Completed 200 OK
16:11:57.947 [reactor-http-nio-5] DEBUG o.s.w.r.f.c.ExchangeFunctions - [2e3310b6] Response 200 OK
16:11:57.948 [reactor-http-nio-5] DEBUG o.s.c.c.StringDecoder - [2e3310b6] Decoded "FormBean[fieldValue,[fileParts:foo.txt,fileParts:logo.png]]"
16:11:57.948 [Test worker] DEBUG o.s.w.t.h.s.r.b.TomcatHttpServer - Stopping TomcatHttpServer...
16:11:57.961 [Test worker] DEBUG o.s.w.t.h.s.r.b.TomcatHttpServer - Server stopped (0 millis).
16:11:58.067 [Test worker] DEBUG o.s.w.r.r.m.a.RequestMappingHandlerMapping - 7 mappings in 'requestMappingHandlerMapping'
16:11:58.182 [Test worker] DEBUG o.s.w.r.r.m.a.ControllerMethodResolver - ControllerAdvice beans: none
16:11:58.237 [Test worker] DEBUG o.s.w.s.a.HttpWebHandlerAdapter - enableLoggingRequestDetails='false': form data and headers will be masked to prevent unsafe logging of potentially sensitive data
16:11:58.238 [Test worker] DEBUG o.s.w.t.h.s.r.b.UndertowHttpServer - Starting UndertowHttpServer...
16:11:58.238 [Test worker] INFO  i.undertow - starting server: Undertow - 2.0.32.Final
16:11:58.244 [Test worker] DEBUG o.s.w.t.h.s.r.b.UndertowHttpServer - Server started on port 55700(0 millis).
16:11:58.245 [Test worker] DEBUG o.s.w.r.f.c.ExchangeFunctions - [1e2baf42] HTTP POST http://localhost:55700/modelAttribute
16:11:58.249 [reactor-http-nio-6] DEBUG o.s.h.c.m.MultipartHttpMessageWriter - [1e2baf42] Encoding parts [fieldPart, fileParts, jsonPart] (content masked)
16:11:58.257 [XNIO-23 I/O-6] DEBUG o.s.w.s.a.HttpWebHandlerAdapter - [6ec3b9e0] HTTP POST "/modelAttribute"
16:11:58.258 [XNIO-23 I/O-6] DEBUG o.s.w.r.r.m.a.RequestMappingHandlerMapping - [6ec3b9e0] Mapped to org.springframework.web.reactive.result.method.annotation.MultipartIntegrationTests$MultipartController#modelAttribute(FormBean)
16:11:58.268 [XNIO-23 I/O-6] DEBUG o.s.h.c.m.MultipartHttpMessageReader - [6ec3b9e0] Parsed parts [fieldPart, fileParts, jsonPart] (content masked)
16:11:58.323 [XNIO-23 I/O-6] DEBUG o.s.w.r.r.m.a.ResponseBodyResultHandler - Using 'text/plain;charset=UTF-8' given [*/*] and supported [text/plain;charset=UTF-8, text/event-stream, text/plain;charset=UTF-8, */*]
16:11:58.323 [XNIO-23 I/O-6] DEBUG o.s.w.r.r.m.a.ResponseBodyResultHandler - [6ec3b9e0] 0..1 [java.lang.String]
16:11:58.323 [XNIO-23 I/O-6] DEBUG o.s.c.c.CharSequenceEncoder - [6ec3b9e0] Writing "FormBean[fieldValue,[fileParts:foo.txt,fileParts:logo.png]]"
16:11:58.324 [XNIO-23 I/O-6] DEBUG o.s.w.s.a.HttpWebHandlerAdapter - [6ec3b9e0] Completed 200 OK
16:11:58.325 [reactor-http-nio-6] DEBUG o.s.w.r.f.c.ExchangeFunctions - [1e2baf42] Response 200 OK
16:11:58.326 [reactor-http-nio-6] DEBUG o.s.c.c.StringDecoder - [1e2baf42] Decoded "FormBean[fieldValue,[fileParts:foo.txt,fileParts:logo.png]]"
16:11:58.326 [Test worker] DEBUG o.s.w.t.h.s.r.b.UndertowHttpServer - Stopping UndertowHttpServer...
16:11:58.326 [Test worker] INFO  i.undertow - stopping server: Undertow - 2.0.32.Final
16:11:58.330 [Test worker] DEBUG o.s.w.t.h.s.r.b.UndertowHttpServer - Server stopped (0 millis).
16:11:58.362 [Test worker] DEBUG o.s.w.r.r.m.a.RequestMappingHandlerMapping - 7 mappings in 'requestMappingHandlerMapping'
16:11:58.437 [Test worker] DEBUG o.s.w.r.r.m.a.ControllerMethodResolver - ControllerAdvice beans: none
16:11:58.489 [Test worker] DEBUG o.s.w.s.a.HttpWebHandlerAdapter - enableLoggingRequestDetails='false': form data and headers will be masked to prevent unsafe logging of potentially sensitive data
16:11:58.489 [Test worker] WARN  o.e.j.s.h.ContextHandler - Empty contextPath
16:11:58.490 [Test worker] INFO  o.e.j.s.h.ContextHandler - Started o.e.j.s.ServletContextHandler@bf2cd75{/,null,AVAILABLE}
16:11:58.490 [Test worker] DEBUG o.s.w.t.h.s.r.b.JettyHttpServer - Starting JettyHttpServer...
16:11:58.491 [Test worker] INFO  o.e.j.s.Server - jetty-9.4.31.v20200723; built: 2020-07-23T17:57:36.812Z; git: 450ba27947e13e66baa8cd1ce7e85a4461cacc1d; jvm 1.8.0_201-b09
16:11:58.498 [Test worker] INFO  o.e.j.s.AbstractConnector - Started ServerConnector@3f4145d5{HTTP/1.1, (http/1.1)}{0.0.0.0:55706}
16:11:58.498 [Test worker] INFO  o.e.j.s.Server - Started @86393ms
16:11:58.499 [Test worker] DEBUG o.s.w.t.h.s.r.b.JettyHttpServer - Server started on port 55706(0 millis).
16:11:58.500 [Test worker] DEBUG o.s.w.r.f.c.ExchangeFunctions - [2e2c1151] HTTP POST http://localhost:55706/requestBodyFlux
16:11:58.503 [reactor-http-nio-7] DEBUG o.s.h.c.m.MultipartHttpMessageWriter - [2e2c1151] Encoding parts [fieldPart, fileParts, jsonPart] (content masked)
16:11:58.520 [qtp388131483-914] DEBUG o.s.w.s.a.HttpWebHandlerAdapter - [4b21910b] HTTP POST "/requestBodyFlux"
16:11:58.521 [qtp388131483-914] DEBUG o.s.w.r.r.m.a.RequestMappingHandlerMapping - [4b21910b] Mapped to org.springframework.web.reactive.result.method.annotation.MultipartIntegrationTests$MultipartController#requestBodyFlux(Flux)
16:11:58.522 [qtp388131483-914] DEBUG o.s.w.r.r.m.a.RequestBodyMethodArgumentResolver - [4b21910b] Content-Type:multipart/form-data;boundary=174E435ApYtXr3bBDytWESJk_02njomj;charset=UTF-8
16:11:58.522 [qtp388131483-914] DEBUG o.s.w.r.r.m.a.RequestBodyMethodArgumentResolver - [4b21910b] 0..N [org.springframework.http.codec.multipart.Part]
16:11:58.523 [qtp388131483-914] DEBUG o.s.w.r.r.m.a.ResponseBodyResultHandler - Using 'text/plain;charset=UTF-8' given [*/*] and supported [text/plain;charset=UTF-8, text/event-stream, text/plain;charset=UTF-8, */*]
16:11:58.523 [qtp388131483-914] DEBUG o.s.w.r.r.m.a.ResponseBodyResultHandler - [4b21910b] 0..1 [java.lang.String]
16:11:58.525 [qtp388131483-914] DEBUG o.s.h.c.m.SynchronossPartHttpMessageReader - [4b21910b] Parsed parts 'fieldPart' (content masked)
16:11:58.525 [qtp388131483-914] DEBUG o.s.h.c.m.SynchronossPartHttpMessageReader - [4b21910b] Parsed parts 'fileParts' (content masked)
16:11:58.534 [qtp388131483-914] DEBUG o.s.h.c.m.SynchronossPartHttpMessageReader - [4b21910b] Parsed parts 'fileParts' (content masked)
16:11:58.535 [qtp388131483-914] DEBUG o.s.h.c.m.SynchronossPartHttpMessageReader - [4b21910b] Parsed parts 'jsonPart' (content masked)
16:11:58.535 [qtp388131483-914] DEBUG o.s.c.c.CharSequenceEncoder - [4b21910b] Writing "[fieldPart,fileParts:foo.txt,fileParts:logo.png,jsonPart]"
16:11:58.535 [qtp388131483-914] DEBUG o.s.w.s.a.HttpWebHandlerAdapter - [4b21910b] Completed 200 OK
16:11:58.568 [reactor-http-nio-7] DEBUG o.s.w.r.f.c.ExchangeFunctions - [2e2c1151] Response 200 OK
16:11:58.569 [reactor-http-nio-7] DEBUG o.s.c.c.StringDecoder - [2e2c1151] Decoded "[fieldPart,fileParts:foo.txt,fileParts:logo.png,jsonPart]"
16:11:58.569 [Test worker] DEBUG o.s.w.t.h.s.r.b.JettyHttpServer - Stopping JettyHttpServer...
16:11:58.570 [Test worker] INFO  o.e.j.s.h.ContextHandler - Stopped o.e.j.s.ServletContextHandler@bf2cd75{/,null,UNAVAILABLE}
16:11:58.583 [Test worker] INFO  o.e.j.s.AbstractConnector - Stopped ServerConnector@3f4145d5{HTTP/1.1, (http/1.1)}{0.0.0.0:0}
16:11:58.594 [Test worker] DEBUG o.s.w.t.h.s.r.b.JettyHttpServer - Server stopped (0 millis).
16:11:58.608 [Test worker] DEBUG o.s.w.r.r.m.a.RequestMappingHandlerMapping - 7 mappings in 'requestMappingHandlerMapping'
16:11:58.680 [Test worker] DEBUG o.s.w.r.r.m.a.ControllerMethodResolver - ControllerAdvice beans: none
16:11:58.718 [Test worker] DEBUG o.s.w.s.a.HttpWebHandlerAdapter - enableLoggingRequestDetails='false': form data and headers will be masked to prevent unsafe logging of potentially sensitive data
16:11:58.719 [Test worker] DEBUG o.s.w.t.h.s.r.b.ReactorHttpServer - Starting ReactorHttpServer...
16:11:58.720 [Test worker] DEBUG o.s.w.t.h.s.r.b.ReactorHttpServer - Server started on port 55712(0 millis).
16:11:58.721 [Test worker] DEBUG o.s.w.r.f.c.ExchangeFunctions - [17c4b1f8] HTTP POST http://localhost:55712/requestBodyFlux
16:11:58.724 [reactor-http-nio-9] DEBUG o.s.h.c.m.MultipartHttpMessageWriter - [17c4b1f8] Encoding parts [fieldPart, fileParts, jsonPart] (content masked)
16:11:58.733 [reactor-http-nio-10] DEBUG o.s.w.s.a.HttpWebHandlerAdapter - [a9190752-24] HTTP POST "/requestBodyFlux"
16:11:58.734 [reactor-http-nio-10] DEBUG o.s.w.r.r.m.a.RequestMappingHandlerMapping - [a9190752-24] Mapped to org.springframework.web.reactive.result.method.annotation.MultipartIntegrationTests$MultipartController#requestBodyFlux(Flux)
16:11:58.735 [reactor-http-nio-10] DEBUG o.s.w.r.r.m.a.RequestBodyMethodArgumentResolver - [a9190752-24] Content-Type:multipart/form-data;boundary=IiLz2W0HOVKu_YO6y7YjF_zvDfjK4jCU;charset=UTF-8
16:11:58.735 [reactor-http-nio-10] DEBUG o.s.w.r.r.m.a.RequestBodyMethodArgumentResolver - [a9190752-24] 0..N [org.springframework.http.codec.multipart.Part]
16:11:58.735 [reactor-http-nio-10] DEBUG o.s.w.r.r.m.a.ResponseBodyResultHandler - Using 'text/plain;charset=UTF-8' given [*/*] and supported [text/plain;charset=UTF-8, text/event-stream, text/plain;charset=UTF-8, */*]
16:11:58.735 [reactor-http-nio-10] DEBUG o.s.w.r.r.m.a.ResponseBodyResultHandler - [a9190752-24] 0..1 [java.lang.String]
16:11:58.737 [reactor-http-nio-10] DEBUG o.s.h.c.m.SynchronossPartHttpMessageReader - [a9190752-24] Parsed parts 'fieldPart' (content masked)
16:11:58.738 [reactor-http-nio-10] DEBUG o.s.h.c.m.SynchronossPartHttpMessageReader - [a9190752-24] Parsed parts 'fileParts' (content masked)
16:11:58.752 [reactor-http-nio-10] DEBUG o.s.h.c.m.SynchronossPartHttpMessageReader - [a9190752-24] Parsed parts 'fileParts' (content masked)
16:11:58.754 [reactor-http-nio-10] DEBUG o.s.h.c.m.SynchronossPartHttpMessageReader - [a9190752-24] Parsed parts 'jsonPart' (content masked)
16:11:58.754 [reactor-http-nio-10] DEBUG o.s.c.c.CharSequenceEncoder - [a9190752-24] Writing "[fieldPart,fileParts:foo.txt,fileParts:logo.png,jsonPart]"
16:11:58.755 [reactor-http-nio-10] DEBUG o.s.w.s.a.HttpWebHandlerAdapter - [a9190752-24] Completed 200 OK
16:11:58.795 [reactor-http-nio-9] DEBUG o.s.w.r.f.c.ExchangeFunctions - [17c4b1f8] Response 200 OK
16:11:58.796 [reactor-http-nio-9] DEBUG o.s.c.c.StringDecoder - [17c4b1f8] Decoded "[fieldPart,fileParts:foo.txt,fileParts:logo.png,jsonPart]"
16:11:58.798 [Test worker] DEBUG o.s.w.t.h.s.r.b.ReactorHttpServer - Stopping ReactorHttpServer...
16:11:58.799 [Test worker] DEBUG o.s.w.t.h.s.r.b.ReactorHttpServer - Server stopped (0 millis).
16:11:58.828 [Test worker] DEBUG o.s.w.r.r.m.a.RequestMappingHandlerMapping - 7 mappings in 'requestMappingHandlerMapping'
16:11:58.880 [Test worker] DEBUG o.s.w.r.r.m.a.ControllerMethodResolver - ControllerAdvice beans: none
16:11:58.936 [Test worker] DEBUG o.s.w.s.a.HttpWebHandlerAdapter - enableLoggingRequestDetails='false': form data and headers will be masked to prevent unsafe logging of potentially sensitive data
16:11:58.937 [Test worker] DEBUG o.s.w.t.h.s.r.b.TomcatHttpServer - Starting TomcatHttpServer...
16:11:58.966 [Test worker] DEBUG o.s.w.t.h.s.r.b.TomcatHttpServer - Server started on port 55716(0 millis).
16:11:58.967 [Test worker] DEBUG o.s.w.r.f.c.ExchangeFunctions - [3025db76] HTTP POST http://localhost:55716/requestBodyFlux
16:11:58.970 [reactor-http-nio-11] DEBUG o.s.h.c.m.MultipartHttpMessageWriter - [3025db76] Encoding parts [fieldPart, fileParts, jsonPart] (content masked)
16:11:58.982 [http-nio-auto-24-exec-1] DEBUG o.s.w.s.a.HttpWebHandlerAdapter - [4d0c9c57] HTTP POST "/requestBodyFlux"
16:11:58.982 [http-nio-auto-24-exec-1] DEBUG o.s.w.r.r.m.a.RequestMappingHandlerMapping - [4d0c9c57] Mapped to org.springframework.web.reactive.result.method.annotation.MultipartIntegrationTests$MultipartController#requestBodyFlux(Flux)
16:11:58.983 [http-nio-auto-24-exec-1] DEBUG o.s.w.r.r.m.a.RequestBodyMethodArgumentResolver - [4d0c9c57] Content-Type:multipart/form-data;boundary=bIzBYSmuBxrg0kYCA0wIPNgsJcdgHv;charset=UTF-8
16:11:58.983 [http-nio-auto-24-exec-1] DEBUG o.s.w.r.r.m.a.RequestBodyMethodArgumentResolver - [4d0c9c57] 0..N [org.springframework.http.codec.multipart.Part]
16:11:58.984 [http-nio-auto-24-exec-1] DEBUG o.s.w.r.r.m.a.ResponseBodyResultHandler - Using 'text/plain;charset=UTF-8' given [*/*] and supported [text/plain;charset=UTF-8, text/event-stream, text/plain;charset=UTF-8, */*]
16:11:58.984 [http-nio-auto-24-exec-1] DEBUG o.s.w.r.r.m.a.ResponseBodyResultHandler - [4d0c9c57] 0..1 [java.lang.String]
16:11:58.989 [http-nio-auto-24-exec-2] DEBUG o.s.h.c.m.SynchronossPartHttpMessageReader - [4d0c9c57] Parsed parts 'fieldPart' (content masked)
16:11:58.989 [http-nio-auto-24-exec-2] DEBUG o.s.h.c.m.SynchronossPartHttpMessageReader - [4d0c9c57] Parsed parts 'fileParts' (content masked)
16:11:58.999 [http-nio-auto-24-exec-3] DEBUG o.s.h.c.m.SynchronossPartHttpMessageReader - [4d0c9c57] Parsed parts 'fileParts' (content masked)
16:11:59.000 [http-nio-auto-24-exec-3] DEBUG o.s.h.c.m.SynchronossPartHttpMessageReader - [4d0c9c57] Parsed parts 'jsonPart' (content masked)
16:11:59.000 [http-nio-auto-24-exec-3] DEBUG o.s.c.c.CharSequenceEncoder - [4d0c9c57] Writing "[fieldPart,fileParts:foo.txt,fileParts:logo.png,jsonPart]"
16:11:59.001 [http-nio-auto-24-exec-3] DEBUG o.s.w.s.a.HttpWebHandlerAdapter - [4d0c9c57] Completed 200 OK
16:11:59.003 [reactor-http-nio-11] DEBUG o.s.w.r.f.c.ExchangeFunctions - [3025db76] Response 200 OK
16:11:59.004 [reactor-http-nio-11] DEBUG o.s.c.c.StringDecoder - [3025db76] Decoded "[fieldPart,fileParts:foo.txt,fileParts:logo.png,jsonPart]"
16:11:59.004 [Test worker] DEBUG o.s.w.t.h.s.r.b.TomcatHttpServer - Stopping TomcatHttpServer...
16:11:59.021 [Test worker] DEBUG o.s.w.t.h.s.r.b.TomcatHttpServer - Server stopped (0 millis).
16:11:59.113 [Test worker] DEBUG o.s.w.r.r.m.a.RequestMappingHandlerMapping - 7 mappings in 'requestMappingHandlerMapping'
16:11:59.213 [Test worker] DEBUG o.s.w.r.r.m.a.ControllerMethodResolver - ControllerAdvice beans: none
16:11:59.268 [Test worker] DEBUG o.s.w.s.a.HttpWebHandlerAdapter - enableLoggingRequestDetails='false': form data and headers will be masked to prevent unsafe logging of potentially sensitive data
16:11:59.268 [Test worker] DEBUG o.s.w.t.h.s.r.b.UndertowHttpServer - Starting UndertowHttpServer...
16:11:59.268 [Test worker] INFO  i.undertow - starting server: Undertow - 2.0.32.Final
16:11:59.279 [Test worker] DEBUG o.s.w.t.h.s.r.b.UndertowHttpServer - Server started on port 55723(0 millis).
16:11:59.280 [Test worker] DEBUG o.s.w.r.f.c.ExchangeFunctions - [b55cbd1] HTTP POST http://localhost:55723/requestBodyFlux
16:11:59.284 [reactor-http-nio-12] DEBUG o.s.h.c.m.MultipartHttpMessageWriter - [b55cbd1] Encoding parts [fieldPart, fileParts, jsonPart] (content masked)
16:11:59.293 [XNIO-24 I/O-7] DEBUG o.s.w.s.a.HttpWebHandlerAdapter - [439aead2] HTTP POST "/requestBodyFlux"
16:11:59.294 [XNIO-24 I/O-7] DEBUG o.s.w.r.r.m.a.RequestMappingHandlerMapping - [439aead2] Mapped to org.springframework.web.reactive.result.method.annotation.MultipartIntegrationTests$MultipartController#requestBodyFlux(Flux)
16:11:59.295 [XNIO-24 I/O-7] DEBUG o.s.w.r.r.m.a.RequestBodyMethodArgumentResolver - [439aead2] Content-Type:multipart/form-data;boundary=BDhPiQm10ATiuHaOsNHvGSbIhayDxG-wVLZmACI;charset=UTF-8
16:11:59.295 [XNIO-24 I/O-7] DEBUG o.s.w.r.r.m.a.RequestBodyMethodArgumentResolver - [439aead2] 0..N [org.springframework.http.codec.multipart.Part]
16:11:59.296 [XNIO-24 I/O-7] DEBUG o.s.w.r.r.m.a.ResponseBodyResultHandler - Using 'text/plain;charset=UTF-8' given [*/*] and supported [text/plain;charset=UTF-8, text/event-stream, text/plain;charset=UTF-8, */*]
16:11:59.296 [XNIO-24 I/O-7] DEBUG o.s.w.r.r.m.a.ResponseBodyResultHandler - [439aead2] 0..1 [java.lang.String]
16:11:59.297 [XNIO-24 I/O-7] DEBUG o.s.h.c.m.SynchronossPartHttpMessageReader - [439aead2] Parsed parts 'fieldPart' (content masked)
16:11:59.297 [XNIO-24 I/O-7] DEBUG o.s.h.c.m.SynchronossPartHttpMessageReader - [439aead2] Parsed parts 'fileParts' (content masked)
16:11:59.305 [XNIO-24 I/O-7] DEBUG o.s.h.c.m.SynchronossPartHttpMessageReader - [439aead2] Parsed parts 'fileParts' (content masked)
16:11:59.306 [XNIO-24 I/O-7] DEBUG o.s.h.c.m.SynchronossPartHttpMessageReader - [439aead2] Parsed parts 'jsonPart' (content masked)
16:11:59.306 [XNIO-24 I/O-7] DEBUG o.s.c.c.CharSequenceEncoder - [439aead2] Writing "[fieldPart,fileParts:foo.txt,fileParts:logo.png,jsonPart]"
16:11:59.307 [XNIO-24 I/O-7] DEBUG o.s.w.s.a.HttpWebHandlerAdapter - [439aead2] Completed 200 OK
16:11:59.308 [reactor-http-nio-12] DEBUG o.s.w.r.f.c.ExchangeFunctions - [b55cbd1] Response 200 OK
16:11:59.309 [reactor-http-nio-12] DEBUG o.s.c.c.StringDecoder - [b55cbd1] Decoded "[fieldPart,fileParts:foo.txt,fileParts:logo.png,jsonPart]"
16:11:59.309 [Test worker] DEBUG o.s.w.t.h.s.r.b.UndertowHttpServer - Stopping UndertowHttpServer...
16:11:59.309 [Test worker] INFO  i.undertow - stopping server: Undertow - 2.0.32.Final
16:11:59.311 [Test worker] DEBUG o.s.w.t.h.s.r.b.UndertowHttpServer - Server stopped (0 millis).
16:11:59.368 [Test worker] DEBUG o.s.w.r.r.m.a.RequestMappingHandlerMapping - 7 mappings in 'requestMappingHandlerMapping'
16:11:59.466 [Test worker] DEBUG o.s.w.r.r.m.a.ControllerMethodResolver - ControllerAdvice beans: none
16:11:59.515 [Test worker] DEBUG o.s.w.s.a.HttpWebHandlerAdapter - enableLoggingRequestDetails='false': form data and headers will be masked to prevent unsafe logging of potentially sensitive data
16:11:59.515 [Test worker] WARN  o.e.j.s.h.ContextHandler - Empty contextPath
16:11:59.516 [Test worker] INFO  o.e.j.s.h.ContextHandler - Started o.e.j.s.ServletContextHandler@6511640b{/,null,AVAILABLE}
16:11:59.516 [Test worker] DEBUG o.s.w.t.h.s.r.b.JettyHttpServer - Starting JettyHttpServer...
16:11:59.516 [Test worker] INFO  o.e.j.s.Server - jetty-9.4.31.v20200723; built: 2020-07-23T17:57:36.812Z; git: 450ba27947e13e66baa8cd1ce7e85a4461cacc1d; jvm 1.8.0_201-b09
16:11:59.535 [Test worker] INFO  o.e.j.s.AbstractConnector - Started ServerConnector@3832fde3{HTTP/1.1, (http/1.1)}{0.0.0.0:55729}
16:11:59.535 [Test worker] INFO  o.e.j.s.Server - Started @87430ms
16:11:59.535 [Test worker] DEBUG o.s.w.t.h.s.r.b.JettyHttpServer - Server started on port 55729(0 millis).
16:11:59.537 [Test worker] DEBUG o.s.w.r.f.c.ExchangeFunctions - [7528570a] HTTP POST http://localhost:55729/requestPart
16:11:59.540 [reactor-http-nio-1] DEBUG o.s.h.c.m.MultipartHttpMessageWriter - [7528570a] Encoding parts [fieldPart, fileParts, jsonPart] (content masked)
16:11:59.558 [qtp1419110301-952] DEBUG o.s.w.s.a.HttpWebHandlerAdapter - [448ae4d9] HTTP POST "/requestPart"
16:11:59.559 [qtp1419110301-952] DEBUG o.s.w.r.r.m.a.RequestMappingHandlerMapping - [448ae4d9] Mapped to org.springframework.web.reactive.result.method.annotation.MultipartIntegrationTests$MultipartController#requestPart(FormFieldPart, FilePart, Mono)
16:11:59.573 [qtp1419110301-952] DEBUG o.s.h.c.m.MultipartHttpMessageReader - [448ae4d9] Parsed parts [fieldPart, fileParts, jsonPart] (content masked)
16:11:59.579 [qtp1419110301-952] DEBUG o.s.w.r.r.m.a.RequestPartMethodArgumentResolver - [448ae4d9] Decoding part 'jsonPart'
16:11:59.579 [qtp1419110301-952] DEBUG o.s.w.r.r.m.a.RequestPartMethodArgumentResolver - [448ae4d9] Content-Type:application/json
16:11:59.623 [qtp1419110301-952] DEBUG o.s.w.r.r.m.a.RequestPartMethodArgumentResolver - [448ae4d9] 0..1 [org.springframework.web.reactive.result.method.annotation.MultipartIntegrationTests$Person]
16:11:59.629 [qtp1419110301-952] DEBUG o.s.h.c.j.Jackson2JsonDecoder - [448ae4d9] Decoded [org.springframework.web.reactive.result.method.annotation.MultipartIntegrationTests$Person@52b00fba]
16:11:59.630 [qtp1419110301-952] DEBUG o.s.w.s.a.HttpWebHandlerAdapter - [448ae4d9] Completed 200 OK
16:11:59.644 [reactor-http-nio-1] DEBUG o.s.w.r.f.c.ExchangeFunctions - [7528570a] Response 200 OK
16:11:59.644 [Test worker] DEBUG o.s.w.t.h.s.r.b.JettyHttpServer - Stopping JettyHttpServer...
16:11:59.645 [Test worker] INFO  o.e.j.s.h.ContextHandler - Stopped o.e.j.s.ServletContextHandler@6511640b{/,null,UNAVAILABLE}
16:11:59.648 [Test worker] INFO  o.e.j.s.AbstractConnector - Stopped ServerConnector@3832fde3{HTTP/1.1, (http/1.1)}{0.0.0.0:0}
16:11:59.659 [Test worker] DEBUG o.s.w.t.h.s.r.b.JettyHttpServer - Server stopped (0 millis).
16:11:59.695 [Test worker] DEBUG o.s.w.r.r.m.a.RequestMappingHandlerMapping - 7 mappings in 'requestMappingHandlerMapping'
16:11:59.804 [Test worker] DEBUG o.s.w.r.r.m.a.ControllerMethodResolver - ControllerAdvice beans: none
16:11:59.870 [Test worker] DEBUG o.s.w.s.a.HttpWebHandlerAdapter - enableLoggingRequestDetails='false': form data and headers will be masked to prevent unsafe logging of potentially sensitive data
16:11:59.870 [Test worker] DEBUG o.s.w.t.h.s.r.b.ReactorHttpServer - Starting ReactorHttpServer...
16:11:59.871 [Test worker] DEBUG o.s.w.t.h.s.r.b.ReactorHttpServer - Server started on port 55735(0 millis).
16:11:59.872 [Test worker] DEBUG o.s.w.r.f.c.ExchangeFunctions - [4b836abc] HTTP POST http://localhost:55735/requestPart
16:11:59.875 [reactor-http-nio-3] DEBUG o.s.h.c.m.MultipartHttpMessageWriter - [4b836abc] Encoding parts [fieldPart, fileParts, jsonPart] (content masked)
16:11:59.887 [reactor-http-nio-4] DEBUG o.s.w.s.a.HttpWebHandlerAdapter - [5b2bf186-25] HTTP POST "/requestPart"
16:11:59.887 [reactor-http-nio-4] DEBUG o.s.w.r.r.m.a.RequestMappingHandlerMapping - [5b2bf186-25] Mapped to org.springframework.web.reactive.result.method.annotation.MultipartIntegrationTests$MultipartController#requestPart(FormFieldPart, FilePart, Mono)
16:11:59.907 [reactor-http-nio-4] DEBUG o.s.h.c.m.MultipartHttpMessageReader - [5b2bf186-25] Parsed parts [fieldPart, fileParts, jsonPart] (content masked)
16:11:59.908 [reactor-http-nio-4] DEBUG o.s.w.r.r.m.a.RequestPartMethodArgumentResolver - [5b2bf186-25] Decoding part 'jsonPart'
16:11:59.908 [reactor-http-nio-4] DEBUG o.s.w.r.r.m.a.RequestPartMethodArgumentResolver - [5b2bf186-25] Content-Type:application/json
16:11:59.909 [reactor-http-nio-4] DEBUG o.s.w.r.r.m.a.RequestPartMethodArgumentResolver - [5b2bf186-25] 0..1 [org.springframework.web.reactive.result.method.annotation.MultipartIntegrationTests$Person]
16:11:59.909 [reactor-http-nio-4] DEBUG o.s.h.c.j.Jackson2JsonDecoder - [5b2bf186-25] Decoded [org.springframework.web.reactive.result.method.annotation.MultipartIntegrationTests$Person@25a2ac15]
16:11:59.910 [reactor-http-nio-4] DEBUG o.s.w.s.a.HttpWebHandlerAdapter - [5b2bf186-25] Completed 200 OK
16:11:59.912 [reactor-http-nio-3] DEBUG o.s.w.r.f.c.ExchangeFunctions - [4b836abc] Response 200 OK
16:11:59.912 [Test worker] DEBUG o.s.w.t.h.s.r.b.ReactorHttpServer - Stopping ReactorHttpServer...
16:11:59.913 [Test worker] DEBUG o.s.w.t.h.s.r.b.ReactorHttpServer - Server stopped (0 millis).
16:12:00.000 [Test worker] DEBUG o.s.w.r.r.m.a.RequestMappingHandlerMapping - 7 mappings in 'requestMappingHandlerMapping'
16:12:00.118 [Test worker] DEBUG o.s.w.r.r.m.a.ControllerMethodResolver - ControllerAdvice beans: none
16:12:00.181 [Test worker] DEBUG o.s.w.s.a.HttpWebHandlerAdapter - enableLoggingRequestDetails='false': form data and headers will be masked to prevent unsafe logging of potentially sensitive data
16:12:00.209 [Test worker] DEBUG o.s.w.t.h.s.r.b.TomcatHttpServer - Starting TomcatHttpServer...
16:12:00.227 [Test worker] DEBUG o.s.w.t.h.s.r.b.TomcatHttpServer - Server started on port 55740(0 millis).
16:12:00.228 [Test worker] DEBUG o.s.w.r.f.c.ExchangeFunctions - [749c6ba3] HTTP POST http://localhost:55740/requestPart
16:12:00.231 [reactor-http-nio-5] DEBUG o.s.h.c.m.MultipartHttpMessageWriter - [749c6ba3] Encoding parts [fieldPart, fileParts, jsonPart] (content masked)
16:12:00.246 [http-nio-auto-25-exec-1] DEBUG o.s.w.s.a.HttpWebHandlerAdapter - [7267c91c] HTTP POST "/requestPart"
16:12:00.247 [http-nio-auto-25-exec-1] DEBUG o.s.w.r.r.m.a.RequestMappingHandlerMapping - [7267c91c] Mapped to org.springframework.web.reactive.result.method.annotation.MultipartIntegrationTests$MultipartController#requestPart(FormFieldPart, FilePart, Mono)
16:12:00.258 [http-nio-auto-25-exec-1] DEBUG o.s.h.c.m.MultipartHttpMessageReader - [7267c91c] Parsed parts [fieldPart, fileParts, jsonPart] (content masked)
16:12:00.258 [http-nio-auto-25-exec-1] DEBUG o.s.w.r.r.m.a.RequestPartMethodArgumentResolver - [7267c91c] Decoding part 'jsonPart'
16:12:00.259 [http-nio-auto-25-exec-1] DEBUG o.s.w.r.r.m.a.RequestPartMethodArgumentResolver - [7267c91c] Content-Type:application/json
16:12:00.260 [http-nio-auto-25-exec-1] DEBUG o.s.w.r.r.m.a.RequestPartMethodArgumentResolver - [7267c91c] 0..1 [org.springframework.web.reactive.result.method.annotation.MultipartIntegrationTests$Person]
16:12:00.260 [http-nio-auto-25-exec-1] DEBUG o.s.h.c.j.Jackson2JsonDecoder - [7267c91c] Decoded [org.springframework.web.reactive.result.method.annotation.MultipartIntegrationTests$Person@12e74b2b]
16:12:00.261 [http-nio-auto-25-exec-1] DEBUG o.s.w.s.a.HttpWebHandlerAdapter - [7267c91c] Completed 200 OK
16:12:00.347 [reactor-http-nio-5] DEBUG o.s.w.r.f.c.ExchangeFunctions - [749c6ba3] Response 200 OK
16:12:00.347 [Test worker] DEBUG o.s.w.t.h.s.r.b.TomcatHttpServer - Stopping TomcatHttpServer...
16:12:00.359 [Test worker] DEBUG o.s.w.t.h.s.r.b.TomcatHttpServer - Server stopped (0 millis).
16:12:00.402 [Test worker] DEBUG o.s.w.r.r.m.a.RequestMappingHandlerMapping - 7 mappings in 'requestMappingHandlerMapping'
16:12:00.530 [Test worker] DEBUG o.s.w.r.r.m.a.ControllerMethodResolver - ControllerAdvice beans: none
16:12:00.596 [Test worker] DEBUG o.s.w.s.a.HttpWebHandlerAdapter - enableLoggingRequestDetails='false': form data and headers will be masked to prevent unsafe logging of potentially sensitive data
16:12:00.596 [Test worker] DEBUG o.s.w.t.h.s.r.b.UndertowHttpServer - Starting UndertowHttpServer...
16:12:00.596 [Test worker] INFO  i.undertow - starting server: Undertow - 2.0.32.Final
16:12:00.605 [Test worker] DEBUG o.s.w.t.h.s.r.b.UndertowHttpServer - Server started on port 55748(0 millis).
16:12:00.606 [Test worker] DEBUG o.s.w.r.f.c.ExchangeFunctions - [30b6d84e] HTTP POST http://localhost:55748/requestPart
16:12:00.610 [reactor-http-nio-6] DEBUG o.s.h.c.m.MultipartHttpMessageWriter - [30b6d84e] Encoding parts [fieldPart, fileParts, jsonPart] (content masked)
16:12:00.623 [XNIO-25 I/O-6] DEBUG o.s.w.s.a.HttpWebHandlerAdapter - [48d7a99d] HTTP POST "/requestPart"
16:12:00.623 [XNIO-25 I/O-6] DEBUG o.s.w.r.r.m.a.RequestMappingHandlerMapping - [48d7a99d] Mapped to org.springframework.web.reactive.result.method.annotation.MultipartIntegrationTests$MultipartController#requestPart(FormFieldPart, FilePart, Mono)
16:12:00.635 [XNIO-25 I/O-6] DEBUG o.s.h.c.m.MultipartHttpMessageReader - [48d7a99d] Parsed parts [fieldPart, fileParts, jsonPart] (content masked)
16:12:00.636 [XNIO-25 I/O-6] DEBUG o.s.w.r.r.m.a.RequestPartMethodArgumentResolver - [48d7a99d] Decoding part 'jsonPart'
16:12:00.636 [XNIO-25 I/O-6] DEBUG o.s.w.r.r.m.a.RequestPartMethodArgumentResolver - [48d7a99d] Content-Type:application/json
16:12:00.637 [XNIO-25 I/O-6] DEBUG o.s.w.r.r.m.a.RequestPartMethodArgumentResolver - [48d7a99d] 0..1 [org.springframework.web.reactive.result.method.annotation.MultipartIntegrationTests$Person]
16:12:00.638 [XNIO-25 I/O-6] DEBUG o.s.h.c.j.Jackson2JsonDecoder - [48d7a99d] Decoded [org.springframework.web.reactive.result.method.annotation.MultipartIntegrationTests$Person@7635df34]
16:12:00.638 [XNIO-25 I/O-6] DEBUG o.s.w.s.a.HttpWebHandlerAdapter - [48d7a99d] Completed 200 OK
16:12:00.698 [reactor-http-nio-6] DEBUG o.s.w.r.f.c.ExchangeFunctions - [30b6d84e] Response 200 OK
16:12:00.699 [Test worker] DEBUG o.s.w.t.h.s.r.b.UndertowHttpServer - Stopping UndertowHttpServer...
16:12:00.699 [Test worker] INFO  i.undertow - stopping server: Undertow - 2.0.32.Final
16:12:00.700 [Test worker] DEBUG o.s.w.t.h.s.r.b.UndertowHttpServer - Server stopped (0 millis).
16:12:00.736 [Test worker] DEBUG o.s.w.r.r.m.a.RequestMappingHandlerMapping - 7 mappings in 'requestMappingHandlerMapping'
16:12:00.836 [Test worker] DEBUG o.s.w.r.r.m.a.ControllerMethodResolver - ControllerAdvice beans: none
16:12:00.907 [Test worker] DEBUG o.s.w.s.a.HttpWebHandlerAdapter - enableLoggingRequestDetails='false': form data and headers will be masked to prevent unsafe logging of potentially sensitive data
16:12:00.907 [Test worker] WARN  o.e.j.s.h.ContextHandler - Empty contextPath
16:12:00.907 [Test worker] INFO  o.e.j.s.h.ContextHandler - Started o.e.j.s.ServletContextHandler@b3521d1{/,null,AVAILABLE}
16:12:00.908 [Test worker] DEBUG o.s.w.t.h.s.r.b.JettyHttpServer - Starting JettyHttpServer...
16:12:00.908 [Test worker] INFO  o.e.j.s.Server - jetty-9.4.31.v20200723; built: 2020-07-23T17:57:36.812Z; git: 450ba27947e13e66baa8cd1ce7e85a4461cacc1d; jvm 1.8.0_201-b09
16:12:00.912 [Test worker] INFO  o.e.j.s.AbstractConnector - Started ServerConnector@52dc9a0d{HTTP/1.1, (http/1.1)}{0.0.0.0:55757}
16:12:00.912 [Test worker] INFO  o.e.j.s.Server - Started @88807ms
16:12:00.912 [Test worker] DEBUG o.s.w.t.h.s.r.b.JettyHttpServer - Server started on port 55757(0 millis).
16:12:00.913 [Test worker] DEBUG o.s.w.r.f.c.ExchangeFunctions - [4f687d58] HTTP POST http://localhost:55757/filePartFlux
16:12:00.917 [reactor-http-nio-7] DEBUG o.s.h.c.m.MultipartHttpMessageWriter - [4f687d58] Encoding parts [fieldPart, fileParts, jsonPart] (content masked)
16:12:00.938 [qtp1959018791-990] DEBUG o.s.w.s.a.HttpWebHandlerAdapter - [451e16d4] HTTP POST "/filePartFlux"
16:12:00.938 [qtp1959018791-990] DEBUG o.s.w.r.r.m.a.RequestMappingHandlerMapping - [451e16d4] Mapped to org.springframework.web.reactive.result.method.annotation.MultipartIntegrationTests$MultipartController#filePartsFlux(Flux)
16:12:00.940 [qtp1959018791-990] DEBUG o.s.w.r.r.m.a.ResponseBodyResultHandler - Using 'text/plain;charset=UTF-8' given [*/*] and supported [text/plain;charset=UTF-8, text/event-stream, text/plain;charset=UTF-8, */*]
16:12:00.940 [qtp1959018791-990] DEBUG o.s.w.r.r.m.a.ResponseBodyResultHandler - [451e16d4] 0..1 [java.lang.String]
16:12:00.950 [qtp1959018791-990] DEBUG o.s.h.c.m.MultipartHttpMessageReader - [451e16d4] Parsed parts [fieldPart, fileParts, jsonPart] (content masked)
16:12:00.950 [qtp1959018791-990] DEBUG o.s.c.c.CharSequenceEncoder - [451e16d4] Writing "[fileParts:foo.txt,fileParts:logo.png]"
16:12:00.951 [qtp1959018791-990] DEBUG o.s.w.s.a.HttpWebHandlerAdapter - [451e16d4] Completed 200 OK
16:12:01.015 [reactor-http-nio-7] DEBUG o.s.w.r.f.c.ExchangeFunctions - [4f687d58] Response 200 OK
16:12:01.016 [reactor-http-nio-7] DEBUG o.s.c.c.StringDecoder - [4f687d58] Decoded "[fileParts:foo.txt,fileParts:logo.png]"
16:12:01.017 [Test worker] DEBUG o.s.w.t.h.s.r.b.JettyHttpServer - Stopping JettyHttpServer...
16:12:01.017 [Test worker] INFO  o.e.j.s.h.ContextHandler - Stopped o.e.j.s.ServletContextHandler@b3521d1{/,null,UNAVAILABLE}
16:12:01.023 [Test worker] INFO  o.e.j.s.AbstractConnector - Stopped ServerConnector@52dc9a0d{HTTP/1.1, (http/1.1)}{0.0.0.0:0}
16:12:01.033 [Test worker] DEBUG o.s.w.t.h.s.r.b.JettyHttpServer - Server stopped (0 millis).
16:12:01.061 [Test worker] DEBUG o.s.w.r.r.m.a.RequestMappingHandlerMapping - 7 mappings in 'requestMappingHandlerMapping'
16:12:01.138 [Test worker] DEBUG o.s.w.r.r.m.a.ControllerMethodResolver - ControllerAdvice beans: none
16:12:01.216 [Test worker] DEBUG o.s.w.s.a.HttpWebHandlerAdapter - enableLoggingRequestDetails='false': form data and headers will be masked to prevent unsafe logging of potentially sensitive data
16:12:01.216 [Test worker] DEBUG o.s.w.t.h.s.r.b.ReactorHttpServer - Starting ReactorHttpServer...
16:12:01.221 [Test worker] DEBUG o.s.w.t.h.s.r.b.ReactorHttpServer - Server started on port 55764(0 millis).
16:12:01.222 [Test worker] DEBUG o.s.w.r.f.c.ExchangeFunctions - [61f5a6c6] HTTP POST http://localhost:55764/filePartFlux
16:12:01.225 [reactor-http-nio-9] DEBUG o.s.h.c.m.MultipartHttpMessageWriter - [61f5a6c6] Encoding parts [fieldPart, fileParts, jsonPart] (content masked)
16:12:01.237 [reactor-http-nio-10] DEBUG o.s.w.s.a.HttpWebHandlerAdapter - [0198485f-26] HTTP POST "/filePartFlux"
16:12:01.238 [reactor-http-nio-10] DEBUG o.s.w.r.r.m.a.RequestMappingHandlerMapping - [0198485f-26] Mapped to org.springframework.web.reactive.result.method.annotation.MultipartIntegrationTests$MultipartController#filePartsFlux(Flux)
16:12:01.239 [reactor-http-nio-10] DEBUG o.s.w.r.r.m.a.ResponseBodyResultHandler - Using 'text/plain;charset=UTF-8' given [*/*] and supported [text/plain;charset=UTF-8, text/event-stream, text/plain;charset=UTF-8, */*]
16:12:01.239 [reactor-http-nio-10] DEBUG o.s.w.r.r.m.a.ResponseBodyResultHandler - [0198485f-26] 0..1 [java.lang.String]
16:12:01.258 [reactor-http-nio-10] DEBUG o.s.h.c.m.MultipartHttpMessageReader - [0198485f-26] Parsed parts [fieldPart, fileParts, jsonPart] (content masked)
16:12:01.258 [reactor-http-nio-10] DEBUG o.s.c.c.CharSequenceEncoder - [0198485f-26] Writing "[fileParts:foo.txt,fileParts:logo.png]"
16:12:01.260 [reactor-http-nio-10] DEBUG o.s.w.s.a.HttpWebHandlerAdapter - [0198485f-26] Completed 200 OK
16:12:01.324 [reactor-http-nio-9] DEBUG o.s.w.r.f.c.ExchangeFunctions - [61f5a6c6] Response 200 OK
16:12:01.325 [reactor-http-nio-9] DEBUG o.s.c.c.StringDecoder - [61f5a6c6] Decoded "[fileParts:foo.txt,fileParts:logo.png]"
16:12:01.326 [Test worker] DEBUG o.s.w.t.h.s.r.b.ReactorHttpServer - Stopping ReactorHttpServer...
16:12:01.326 [Test worker] DEBUG o.s.w.t.h.s.r.b.ReactorHttpServer - Server stopped (0 millis).
16:12:01.363 [Test worker] DEBUG o.s.w.r.r.m.a.RequestMappingHandlerMapping - 7 mappings in 'requestMappingHandlerMapping'
16:12:01.447 [Test worker] DEBUG o.s.w.r.r.m.a.ControllerMethodResolver - ControllerAdvice beans: none
16:12:01.537 [Test worker] DEBUG o.s.w.s.a.HttpWebHandlerAdapter - enableLoggingRequestDetails='false': form data and headers will be masked to prevent unsafe logging of potentially sensitive data
16:12:01.538 [Test worker] DEBUG o.s.w.t.h.s.r.b.TomcatHttpServer - Starting TomcatHttpServer...
16:12:01.554 [Test worker] DEBUG o.s.w.t.h.s.r.b.TomcatHttpServer - Server started on port 55770(0 millis).
16:12:01.555 [Test worker] DEBUG o.s.w.r.f.c.ExchangeFunctions - [3fa8d91] HTTP POST http://localhost:55770/filePartFlux
16:12:01.558 [reactor-http-nio-11] DEBUG o.s.h.c.m.MultipartHttpMessageWriter - [3fa8d91] Encoding parts [fieldPart, fileParts, jsonPart] (content masked)
16:12:01.573 [http-nio-auto-26-exec-1] DEBUG o.s.w.s.a.HttpWebHandlerAdapter - [482008e5] HTTP POST "/filePartFlux"
16:12:01.573 [http-nio-auto-26-exec-1] DEBUG o.s.w.r.r.m.a.RequestMappingHandlerMapping - [482008e5] Mapped to org.springframework.web.reactive.result.method.annotation.MultipartIntegrationTests$MultipartController#filePartsFlux(Flux)
16:12:01.575 [http-nio-auto-26-exec-1] DEBUG o.s.w.r.r.m.a.ResponseBodyResultHandler - Using 'text/plain;charset=UTF-8' given [*/*] and supported [text/plain;charset=UTF-8, text/event-stream, text/plain;charset=UTF-8, */*]
16:12:01.575 [http-nio-auto-26-exec-1] DEBUG o.s.w.r.r.m.a.ResponseBodyResultHandler - [482008e5] 0..1 [java.lang.String]
16:12:01.584 [http-nio-auto-26-exec-1] DEBUG o.s.h.c.m.MultipartHttpMessageReader - [482008e5] Parsed parts [fieldPart, fileParts, jsonPart] (content masked)
16:12:01.584 [http-nio-auto-26-exec-1] DEBUG o.s.c.c.CharSequenceEncoder - [482008e5] Writing "[fileParts:foo.txt,fileParts:logo.png]"
16:12:01.585 [http-nio-auto-26-exec-1] DEBUG o.s.w.s.a.HttpWebHandlerAdapter - [482008e5] Completed 200 OK
16:12:01.621 [reactor-http-nio-11] DEBUG o.s.w.r.f.c.ExchangeFunctions - [3fa8d91] Response 200 OK
16:12:01.623 [reactor-http-nio-11] DEBUG o.s.c.c.StringDecoder - [3fa8d91] Decoded "[fileParts:foo.txt,fileParts:logo.png]"
16:12:01.625 [Test worker] DEBUG o.s.w.t.h.s.r.b.TomcatHttpServer - Stopping TomcatHttpServer...
16:12:01.637 [Test worker] DEBUG o.s.w.t.h.s.r.b.TomcatHttpServer - Server stopped (0 millis).
16:12:01.701 [Test worker] DEBUG o.s.w.r.r.m.a.RequestMappingHandlerMapping - 7 mappings in 'requestMappingHandlerMapping'
16:12:01.823 [Test worker] DEBUG o.s.w.r.r.m.a.ControllerMethodResolver - ControllerAdvice beans: none
16:12:02.079 [Test worker] DEBUG o.s.w.s.a.HttpWebHandlerAdapter - enableLoggingRequestDetails='false': form data and headers will be masked to prevent unsafe logging of potentially sensitive data
16:12:02.079 [Test worker] DEBUG o.s.w.t.h.s.r.b.UndertowHttpServer - Starting UndertowHttpServer...
16:12:02.079 [Test worker] INFO  i.undertow - starting server: Undertow - 2.0.32.Final
16:12:02.098 [Test worker] DEBUG o.s.w.t.h.s.r.b.UndertowHttpServer - Server started on port 55777(0 millis).
16:12:02.105 [Test worker] DEBUG o.s.w.r.f.c.ExchangeFunctions - [343af4d0] HTTP POST http://localhost:55777/filePartFlux
16:12:02.109 [reactor-http-nio-12] DEBUG o.s.h.c.m.MultipartHttpMessageWriter - [343af4d0] Encoding parts [fieldPart, fileParts, jsonPart] (content masked)
16:12:02.119 [XNIO-26 I/O-6] DEBUG o.s.w.s.a.HttpWebHandlerAdapter - [9b551a6] HTTP POST "/filePartFlux"
16:12:02.120 [XNIO-26 I/O-6] DEBUG o.s.w.r.r.m.a.RequestMappingHandlerMapping - [9b551a6] Mapped to org.springframework.web.reactive.result.method.annotation.MultipartIntegrationTests$MultipartController#filePartsFlux(Flux)
16:12:02.121 [XNIO-26 I/O-6] DEBUG o.s.w.r.r.m.a.ResponseBodyResultHandler - Using 'text/plain;charset=UTF-8' given [*/*] and supported [text/plain;charset=UTF-8, text/event-stream, text/plain;charset=UTF-8, */*]
16:12:02.121 [XNIO-26 I/O-6] DEBUG o.s.w.r.r.m.a.ResponseBodyResultHandler - [9b551a6] 0..1 [java.lang.String]
16:12:02.131 [XNIO-26 I/O-6] DEBUG o.s.h.c.m.MultipartHttpMessageReader - [9b551a6] Parsed parts [fieldPart, fileParts, jsonPart] (content masked)
16:12:02.131 [XNIO-26 I/O-6] DEBUG o.s.c.c.CharSequenceEncoder - [9b551a6] Writing "[fileParts:foo.txt,fileParts:logo.png]"
16:12:02.132 [XNIO-26 I/O-6] DEBUG o.s.w.s.a.HttpWebHandlerAdapter - [9b551a6] Completed 200 OK
16:12:02.215 [reactor-http-nio-12] DEBUG o.s.w.r.f.c.ExchangeFunctions - [343af4d0] Response 200 OK
16:12:02.216 [reactor-http-nio-12] DEBUG o.s.c.c.StringDecoder - [343af4d0] Decoded "[fileParts:foo.txt,fileParts:logo.png]"
16:12:02.216 [Test worker] DEBUG o.s.w.t.h.s.r.b.UndertowHttpServer - Stopping UndertowHttpServer...
16:12:02.216 [Test worker] INFO  i.undertow - stopping server: Undertow - 2.0.32.Final
16:12:02.218 [Test worker] DEBUG o.s.w.t.h.s.r.b.UndertowHttpServer - Server stopped (0 millis).
16:12:02.265 [Test worker] DEBUG o.s.w.r.r.m.a.RequestMappingHandlerMapping - 7 mappings in 'requestMappingHandlerMapping'
16:12:02.461 [Test worker] DEBUG o.s.w.r.r.m.a.ControllerMethodResolver - ControllerAdvice beans: none
16:12:02.536 [Test worker] DEBUG o.s.w.s.a.HttpWebHandlerAdapter - enableLoggingRequestDetails='false': form data and headers will be masked to prevent unsafe logging of potentially sensitive data
16:12:02.536 [Test worker] WARN  o.e.j.s.h.ContextHandler - Empty contextPath
16:12:02.537 [Test worker] INFO  o.e.j.s.h.ContextHandler - Started o.e.j.s.ServletContextHandler@7e61e023{/,null,AVAILABLE}
16:12:02.537 [Test worker] DEBUG o.s.w.t.h.s.r.b.JettyHttpServer - Starting JettyHttpServer...
16:12:02.537 [Test worker] INFO  o.e.j.s.Server - jetty-9.4.31.v20200723; built: 2020-07-23T17:57:36.812Z; git: 450ba27947e13e66baa8cd1ce7e85a4461cacc1d; jvm 1.8.0_201-b09
16:12:02.547 [Test worker] INFO  o.e.j.s.AbstractConnector - Started ServerConnector@1cf68cd6{HTTP/1.1, (http/1.1)}{0.0.0.0:55783}
16:12:02.547 [Test worker] INFO  o.e.j.s.Server - Started @90443ms
16:12:02.547 [Test worker] DEBUG o.s.w.t.h.s.r.b.JettyHttpServer - Server started on port 55783(0 millis).
16:12:02.549 [Test worker] DEBUG o.s.w.r.f.c.ExchangeFunctions - [1d0b3d83] HTTP POST http://localhost:55783/filePartMono
16:12:02.552 [reactor-http-nio-1] DEBUG o.s.h.c.m.MultipartHttpMessageWriter - [1d0b3d83] Encoding parts [fieldPart, fileParts, jsonPart] (content masked)
16:12:02.574 [qtp1602477809-1028] DEBUG o.s.w.s.a.HttpWebHandlerAdapter - [4454cfc] HTTP POST "/filePartMono"
16:12:02.574 [qtp1602477809-1028] DEBUG o.s.w.r.r.m.a.RequestMappingHandlerMapping - [4454cfc] Mapped to org.springframework.web.reactive.result.method.annotation.MultipartIntegrationTests$MultipartController#filePartsFlux(Mono)
16:12:02.575 [qtp1602477809-1028] DEBUG o.s.w.r.r.m.a.ResponseBodyResultHandler - Using 'text/plain;charset=UTF-8' given [*/*] and supported [text/plain;charset=UTF-8, text/event-stream, text/plain;charset=UTF-8, */*]
16:12:02.575 [qtp1602477809-1028] DEBUG o.s.w.r.r.m.a.ResponseBodyResultHandler - [4454cfc] 0..1 [java.lang.String]
16:12:02.585 [qtp1602477809-1028] DEBUG o.s.h.c.m.MultipartHttpMessageReader - [4454cfc] Parsed parts [fieldPart, fileParts, jsonPart] (content masked)
16:12:02.585 [qtp1602477809-1028] DEBUG o.s.c.c.CharSequenceEncoder - [4454cfc] Writing "[fileParts:foo.txt]"
16:12:02.586 [qtp1602477809-1028] DEBUG o.s.w.s.a.HttpWebHandlerAdapter - [4454cfc] Completed 200 OK
16:12:02.631 [reactor-http-nio-1] DEBUG o.s.w.r.f.c.ExchangeFunctions - [1d0b3d83] Response 200 OK
16:12:02.632 [reactor-http-nio-1] DEBUG o.s.c.c.StringDecoder - [1d0b3d83] Decoded "[fileParts:foo.txt]"
16:12:02.632 [Test worker] DEBUG o.s.w.t.h.s.r.b.JettyHttpServer - Stopping JettyHttpServer...
16:12:02.633 [Test worker] INFO  o.e.j.s.h.ContextHandler - Stopped o.e.j.s.ServletContextHandler@7e61e023{/,null,UNAVAILABLE}
16:12:02.647 [Test worker] INFO  o.e.j.s.AbstractConnector - Stopped ServerConnector@1cf68cd6{HTTP/1.1, (http/1.1)}{0.0.0.0:0}
16:12:02.659 [Test worker] DEBUG o.s.w.t.h.s.r.b.JettyHttpServer - Server stopped (0 millis).
16:12:02.673 [Test worker] DEBUG o.s.w.r.r.m.a.RequestMappingHandlerMapping - 7 mappings in 'requestMappingHandlerMapping'
16:12:02.795 [Test worker] DEBUG o.s.w.r.r.m.a.ControllerMethodResolver - ControllerAdvice beans: none
16:12:02.865 [Test worker] DEBUG o.s.w.s.a.HttpWebHandlerAdapter - enableLoggingRequestDetails='false': form data and headers will be masked to prevent unsafe logging of potentially sensitive data
16:12:02.865 [Test worker] DEBUG o.s.w.t.h.s.r.b.ReactorHttpServer - Starting ReactorHttpServer...
16:12:02.869 [Test worker] DEBUG o.s.w.t.h.s.r.b.ReactorHttpServer - Server started on port 55789(0 millis).
16:12:02.870 [Test worker] DEBUG o.s.w.r.f.c.ExchangeFunctions - [43349ac1] HTTP POST http://localhost:55789/filePartMono
16:12:02.872 [reactor-http-nio-3] DEBUG o.s.h.c.m.MultipartHttpMessageWriter - [43349ac1] Encoding parts [fieldPart, fileParts, jsonPart] (content masked)
16:12:02.884 [reactor-http-nio-4] DEBUG o.s.w.s.a.HttpWebHandlerAdapter - [1a179b4d-27] HTTP POST "/filePartMono"
16:12:02.885 [reactor-http-nio-4] DEBUG o.s.w.r.r.m.a.RequestMappingHandlerMapping - [1a179b4d-27] Mapped to org.springframework.web.reactive.result.method.annotation.MultipartIntegrationTests$MultipartController#filePartsFlux(Mono)
16:12:02.886 [reactor-http-nio-4] DEBUG o.s.w.r.r.m.a.ResponseBodyResultHandler - Using 'text/plain;charset=UTF-8' given [*/*] and supported [text/plain;charset=UTF-8, text/event-stream, text/plain;charset=UTF-8, */*]
16:12:02.886 [reactor-http-nio-4] DEBUG o.s.w.r.r.m.a.ResponseBodyResultHandler - [1a179b4d-27] 0..1 [java.lang.String]
16:12:02.904 [reactor-http-nio-4] DEBUG o.s.h.c.m.MultipartHttpMessageReader - [1a179b4d-27] Parsed parts [fieldPart, fileParts, jsonPart] (content masked)
16:12:02.904 [reactor-http-nio-4] DEBUG o.s.c.c.CharSequenceEncoder - [1a179b4d-27] Writing "[fileParts:foo.txt]"
16:12:02.906 [reactor-http-nio-4] DEBUG o.s.w.s.a.HttpWebHandlerAdapter - [1a179b4d-27] Completed 200 OK
16:12:02.939 [reactor-http-nio-3] DEBUG o.s.w.r.f.c.ExchangeFunctions - [43349ac1] Response 200 OK
16:12:02.940 [reactor-http-nio-3] DEBUG o.s.c.c.StringDecoder - [43349ac1] Decoded "[fileParts:foo.txt]"
16:12:02.943 [Test worker] DEBUG o.s.w.t.h.s.r.b.ReactorHttpServer - Stopping ReactorHttpServer...
16:12:02.944 [Test worker] DEBUG o.s.w.t.h.s.r.b.ReactorHttpServer - Server stopped (0 millis).
16:12:02.976 [Test worker] DEBUG o.s.w.r.r.m.a.RequestMappingHandlerMapping - 7 mappings in 'requestMappingHandlerMapping'
16:12:03.074 [Test worker] DEBUG o.s.w.r.r.m.a.ControllerMethodResolver - ControllerAdvice beans: none
16:12:03.162 [Test worker] DEBUG o.s.w.s.a.HttpWebHandlerAdapter - enableLoggingRequestDetails='false': form data and headers will be masked to prevent unsafe logging of potentially sensitive data
16:12:03.163 [Test worker] DEBUG o.s.w.t.h.s.r.b.TomcatHttpServer - Starting TomcatHttpServer...
16:12:03.176 [Test worker] DEBUG o.s.w.t.h.s.r.b.TomcatHttpServer - Server started on port 55794(0 millis).
16:12:03.177 [Test worker] DEBUG o.s.w.r.f.c.ExchangeFunctions - [34846e44] HTTP POST http://localhost:55794/filePartMono
16:12:03.180 [reactor-http-nio-5] DEBUG o.s.h.c.m.MultipartHttpMessageWriter - [34846e44] Encoding parts [fieldPart, fileParts, jsonPart] (content masked)
16:12:03.190 [http-nio-auto-27-exec-1] DEBUG o.s.w.s.a.HttpWebHandlerAdapter - [51c0b6f5] HTTP POST "/filePartMono"
16:12:03.191 [http-nio-auto-27-exec-1] DEBUG o.s.w.r.r.m.a.RequestMappingHandlerMapping - [51c0b6f5] Mapped to org.springframework.web.reactive.result.method.annotation.MultipartIntegrationTests$MultipartController#filePartsFlux(Mono)
16:12:03.192 [http-nio-auto-27-exec-1] DEBUG o.s.w.r.r.m.a.ResponseBodyResultHandler - Using 'text/plain;charset=UTF-8' given [*/*] and supported [text/plain;charset=UTF-8, text/event-stream, text/plain;charset=UTF-8, */*]
16:12:03.192 [http-nio-auto-27-exec-1] DEBUG o.s.w.r.r.m.a.ResponseBodyResultHandler - [51c0b6f5] 0..1 [java.lang.String]
16:12:03.247 [http-nio-auto-27-exec-3] DEBUG o.s.h.c.m.MultipartHttpMessageReader - [51c0b6f5] Parsed parts [fieldPart, fileParts, jsonPart] (content masked)
16:12:03.248 [http-nio-auto-27-exec-3] DEBUG o.s.c.c.CharSequenceEncoder - [51c0b6f5] Writing "[fileParts:foo.txt]"
16:12:03.248 [http-nio-auto-27-exec-3] DEBUG o.s.w.s.a.HttpWebHandlerAdapter - [51c0b6f5] Completed 200 OK
16:12:03.250 [reactor-http-nio-5] DEBUG o.s.w.r.f.c.ExchangeFunctions - [34846e44] Response 200 OK
16:12:03.250 [reactor-http-nio-5] DEBUG o.s.c.c.StringDecoder - [34846e44] Decoded "[fileParts:foo.txt]"
16:12:03.251 [Test worker] DEBUG o.s.w.t.h.s.r.b.TomcatHttpServer - Stopping TomcatHttpServer...
16:12:03.264 [Test worker] DEBUG o.s.w.t.h.s.r.b.TomcatHttpServer - Server stopped (0 millis).
16:12:03.383 [Test worker] DEBUG o.s.w.r.r.m.a.RequestMappingHandlerMapping - 7 mappings in 'requestMappingHandlerMapping'
16:12:03.484 [Test worker] DEBUG o.s.w.r.r.m.a.ControllerMethodResolver - ControllerAdvice beans: none
16:12:03.553 [Test worker] DEBUG o.s.w.s.a.HttpWebHandlerAdapter - enableLoggingRequestDetails='false': form data and headers will be masked to prevent unsafe logging of potentially sensitive data
16:12:03.556 [Test worker] DEBUG o.s.w.t.h.s.r.b.UndertowHttpServer - Starting UndertowHttpServer...
16:12:03.556 [Test worker] INFO  i.undertow - starting server: Undertow - 2.0.32.Final
16:12:03.568 [Test worker] DEBUG o.s.w.t.h.s.r.b.UndertowHttpServer - Server started on port 55800(0 millis).
16:12:03.569 [Test worker] DEBUG o.s.w.r.f.c.ExchangeFunctions - [4092e3b1] HTTP POST http://localhost:55800/filePartMono
16:12:03.571 [reactor-http-nio-6] DEBUG o.s.h.c.m.MultipartHttpMessageWriter - [4092e3b1] Encoding parts [fieldPart, fileParts, jsonPart] (content masked)
16:12:03.607 [XNIO-27 I/O-6] DEBUG o.s.w.s.a.HttpWebHandlerAdapter - [1c187d23] HTTP POST "/filePartMono"
16:12:03.608 [XNIO-27 I/O-6] DEBUG o.s.w.r.r.m.a.RequestMappingHandlerMapping - [1c187d23] Mapped to org.springframework.web.reactive.result.method.annotation.MultipartIntegrationTests$MultipartController#filePartsFlux(Mono)
16:12:03.609 [XNIO-27 I/O-6] DEBUG o.s.w.r.r.m.a.ResponseBodyResultHandler - Using 'text/plain;charset=UTF-8' given [*/*] and supported [text/plain;charset=UTF-8, text/event-stream, text/plain;charset=UTF-8, */*]
16:12:03.609 [XNIO-27 I/O-6] DEBUG o.s.w.r.r.m.a.ResponseBodyResultHandler - [1c187d23] 0..1 [java.lang.String]
16:12:03.619 [XNIO-27 I/O-6] DEBUG o.s.h.c.m.MultipartHttpMessageReader - [1c187d23] Parsed parts [fieldPart, fileParts, jsonPart] (content masked)
16:12:03.619 [XNIO-27 I/O-6] DEBUG o.s.c.c.CharSequenceEncoder - [1c187d23] Writing "[fileParts:foo.txt]"
16:12:03.620 [XNIO-27 I/O-6] DEBUG o.s.w.s.a.HttpWebHandlerAdapter - [1c187d23] Completed 200 OK
16:12:03.621 [reactor-http-nio-6] DEBUG o.s.w.r.f.c.ExchangeFunctions - [4092e3b1] Response 200 OK
16:12:03.621 [reactor-http-nio-6] DEBUG o.s.c.c.StringDecoder - [4092e3b1] Decoded "[fileParts:foo.txt]"
16:12:03.622 [Test worker] DEBUG o.s.w.t.h.s.r.b.UndertowHttpServer - Stopping UndertowHttpServer...
16:12:03.622 [Test worker] INFO  i.undertow - stopping server: Undertow - 2.0.32.Final
16:12:03.623 [Test worker] DEBUG o.s.w.t.h.s.r.b.UndertowHttpServer - Server stopped (0 millis).
]]></system-out>
  <system-err><![CDATA[]]></system-err>
</testsuite>
