<?xml version="1.0" encoding="UTF-8"?>
<testsuite name="org.springframework.web.reactive.resource.ResourceTransformerSupportTests" tests="4" skipped="0" failures="0" errors="0" timestamp="2021-06-20T08:12:27" hostname="gankangdembp" time="0.121">
  <properties/>
  <testcase name="toAbsolutePath()" classname="org.springframework.web.reactive.resource.ResourceTransformerSupportTests" time="0.023"/>
  <testcase name="resolveUrlPathWithRelativePath()" classname="org.springframework.web.reactive.resource.ResourceTransformerSupportTests" time="0.083"/>
  <testcase name="resolveUrlPathWithRelativePathInParentDirectory()" classname="org.springframework.web.reactive.resource.ResourceTransformerSupportTests" time="0.004"/>
  <testcase name="resolveUrlPath()" classname="org.springframework.web.reactive.resource.ResourceTransformerSupportTests" time="0.01"/>
  <system-out><![CDATA[]]></system-out>
  <system-err><![CDATA[]]></system-err>
</testsuite>
