<?xml version="1.0" encoding="UTF-8"?>
<testsuite name="org.springframework.web.reactive.result.method.annotation.PrincipalMethodArgumentResolverTests" tests="2" skipped="0" failures="0" errors="0" timestamp="2021-06-20T08:11:30" hostname="gankangdembp" time="0.043">
  <properties/>
  <testcase name="resolverArgument()" classname="org.springframework.web.reactive.result.method.annotation.PrincipalMethodArgumentResolverTests" time="0.04"/>
  <testcase name="supportsParameter()" classname="org.springframework.web.reactive.result.method.annotation.PrincipalMethodArgumentResolverTests" time="0.002"/>
  <system-out><![CDATA[]]></system-out>
  <system-err><![CDATA[]]></system-err>
</testsuite>
