<?xml version="1.0" encoding="UTF-8"?>
<testsuite name="org.springframework.web.reactive.result.method.annotation.ResponseEntityResultHandlerTests" tests="18" skipped="0" failures="0" errors="0" timestamp="2021-06-20T08:11:27" hostname="gankangdembp" time="0.389">
  <properties/>
  <testcase name="handleReturnValueEtagInvalidIfNoneMatch()" classname="org.springframework.web.reactive.result.method.annotation.ResponseEntityResultHandlerTests" time="0.013"/>
  <testcase name="supports()" classname="org.springframework.web.reactive.result.method.annotation.ResponseEntityResultHandlerTests" time="0.027"/>
  <testcase name="handleMonoWithWildcardBodyTypeAndNullBody()" classname="org.springframework.web.reactive.result.method.annotation.ResponseEntityResultHandlerTests" time="0.031"/>
  <testcase name="handleReturnTypes()" classname="org.springframework.web.reactive.result.method.annotation.ResponseEntityResultHandlerTests" time="0.045"/>
  <testcase name="defaultOrder()" classname="org.springframework.web.reactive.result.method.annotation.ResponseEntityResultHandlerTests" time="0.004"/>
  <testcase name="responseEntityHeaders()" classname="org.springframework.web.reactive.result.method.annotation.ResponseEntityResultHandlerTests" time="0.019"/>
  <testcase name="handleReturnValueEtag()" classname="org.springframework.web.reactive.result.method.annotation.ResponseEntityResultHandlerTests" time="0.006"/>
  <testcase name="handleReturnValueChangedETagAndLastModified()" classname="org.springframework.web.reactive.result.method.annotation.ResponseEntityResultHandlerTests" time="0.066"/>
  <testcase name="handleWithPresetContentTypeShouldFailWithServerError()" classname="org.springframework.web.reactive.result.method.annotation.ResponseEntityResultHandlerTests" time="0.01"/>
  <testcase name="handleResponseEntityWithNullBody()" classname="org.springframework.web.reactive.result.method.annotation.ResponseEntityResultHandlerTests" time="0.006"/>
  <testcase name="handleReturnValueETagAndLastModified()" classname="org.springframework.web.reactive.result.method.annotation.ResponseEntityResultHandlerTests" time="0.028"/>
  <testcase name="handleWithProducibleContentTypeShouldFailWithServerError()" classname="org.springframework.web.reactive.result.method.annotation.ResponseEntityResultHandlerTests" time="0.006"/>
  <testcase name="doesNotSupport()" classname="org.springframework.web.reactive.result.method.annotation.ResponseEntityResultHandlerTests" time="0.025"/>
  <testcase name="handleReturnValueLastModified()" classname="org.springframework.web.reactive.result.method.annotation.ResponseEntityResultHandlerTests" time="0.03"/>
  <testcase name="responseEntityStatusCode()" classname="org.springframework.web.reactive.result.method.annotation.ResponseEntityResultHandlerTests" time="0.006"/>
  <testcase name="handleMonoWithWildcardBodyType()" classname="org.springframework.web.reactive.result.method.annotation.ResponseEntityResultHandlerTests" time="0.026"/>
  <testcase name="httpHeaders()" classname="org.springframework.web.reactive.result.method.annotation.ResponseEntityResultHandlerTests" time="0.022"/>
  <testcase name="handleWithPresetContentType()" classname="org.springframework.web.reactive.result.method.annotation.ResponseEntityResultHandlerTests" time="0.006"/>
  <system-out><![CDATA[16:11:27.348 [Test worker] DEBUG o.s.w.r.r.m.a.ResponseEntityResultHandler - Using 'text/plain;charset=UTF-8' given [*/*] and supported [text/plain;charset=UTF-8, text/plain;charset=UTF-8, */*]
16:11:27.348 [Test worker] DEBUG o.s.w.r.r.m.a.ResponseEntityResultHandler - [21f3c065] 0..1 [java.lang.String]
16:11:27.349 [Test worker] DEBUG o.s.c.c.CharSequenceEncoder - [21f3c065] Writing "body"
16:11:27.383 [parallel-8] DEBUG o.s.h.c.j.Jackson2JsonEncoder - [da9db16] Encoding [Person{name='foo 2'}]
16:11:27.417 [Test worker] DEBUG o.s.w.r.r.m.a.ResponseEntityResultHandler - Using 'text/plain;charset=UTF-8' given [*/*] and supported [text/plain;charset=UTF-8, text/plain;charset=UTF-8, */*]
16:11:27.417 [Test worker] DEBUG o.s.w.r.r.m.a.ResponseEntityResultHandler - [622f2e2e] 0..1 [java.lang.String]
16:11:27.417 [Test worker] DEBUG o.s.c.c.CharSequenceEncoder - [622f2e2e] Writing "abc"
16:11:27.419 [Test worker] DEBUG o.s.w.r.r.m.a.ResponseEntityResultHandler - Using 'text/plain;charset=UTF-8' given [*/*] and supported [text/plain;charset=UTF-8, text/plain;charset=UTF-8, */*]
16:11:27.419 [Test worker] DEBUG o.s.w.r.r.m.a.ResponseEntityResultHandler - [31d122f1] 0..1 [java.lang.String]
16:11:27.419 [Test worker] DEBUG o.s.c.c.CharSequenceEncoder - [31d122f1] Writing "abc"
16:11:27.421 [Test worker] DEBUG o.s.w.r.r.m.a.ResponseEntityResultHandler - Using 'text/plain;charset=UTF-8' given [*/*] and supported [text/plain;charset=UTF-8, text/plain;charset=UTF-8, */*]
16:11:27.421 [Test worker] DEBUG o.s.w.r.r.m.a.ResponseEntityResultHandler - [16111860] 0..1 [java.lang.String]
16:11:27.422 [Test worker] DEBUG o.s.c.c.CharSequenceEncoder - [16111860] Writing "abc"
16:11:27.423 [Test worker] DEBUG o.s.w.r.r.m.a.ResponseEntityResultHandler - Using 'text/plain;charset=UTF-8' given [*/*] and supported [text/plain;charset=UTF-8, text/plain;charset=UTF-8, */*]
16:11:27.423 [Test worker] DEBUG o.s.w.r.r.m.a.ResponseEntityResultHandler - [56ebd4e2] 0..1 [java.lang.String]
16:11:27.424 [Test worker] DEBUG o.s.c.c.CharSequenceEncoder - [56ebd4e2] Writing "abc"
16:11:27.425 [Test worker] DEBUG o.s.w.r.r.m.a.ResponseEntityResultHandler - Using 'text/plain;charset=UTF-8' given [*/*] and supported [text/plain;charset=UTF-8, text/plain;charset=UTF-8, */*]
16:11:27.426 [Test worker] DEBUG o.s.w.r.r.m.a.ResponseEntityResultHandler - [4d2ede4f] 0..1 [java.lang.String]
16:11:27.426 [Test worker] DEBUG o.s.c.c.CharSequenceEncoder - [4d2ede4f] Writing "abc"
16:11:27.538 [Test worker] DEBUG o.s.w.r.r.m.a.ResponseEntityResultHandler - Using 'text/plain;charset=UTF-8' given [*/*] and supported [text/plain;charset=UTF-8, text/plain;charset=UTF-8, */*]
16:11:27.538 [Test worker] DEBUG o.s.w.r.r.m.a.ResponseEntityResultHandler - [5049a883] 0..1 [java.lang.String]
16:11:27.538 [Test worker] DEBUG o.s.c.c.CharSequenceEncoder - [5049a883] Writing "body"
16:11:27.564 [Test worker] DEBUG o.s.w.r.r.m.a.ResponseEntityResultHandler - [72fa446e] Found 'Content-Type:application/xml' in response
16:11:27.565 [Test worker] DEBUG o.s.w.r.r.m.a.ResponseEntityResultHandler - [72fa446e] 0..1 [java.lang.String]
16:11:27.607 [Test worker] DEBUG o.s.w.r.r.m.a.ResponseEntityResultHandler - Using 'application/xml' given [*/*] and supported [application/xml]
16:11:27.607 [Test worker] DEBUG o.s.w.r.r.m.a.ResponseEntityResultHandler - [2b92d813] 0..1 [java.lang.String]
16:11:27.690 [Test worker] DEBUG o.s.w.r.r.m.a.ResponseEntityResultHandler - Using 'application/json' given [*/*] and supported [application/json]
16:11:27.690 [Test worker] DEBUG o.s.w.r.r.m.a.ResponseEntityResultHandler - [56e30a9f] 0..1 [java.lang.String]
16:11:27.696 [Test worker] DEBUG o.s.c.c.CharSequenceEncoder - [56e30a9f] Writing "body"
]]></system-out>
  <system-err><![CDATA[]]></system-err>
</testsuite>
