<?xml version="1.0" encoding="UTF-8"?>
<testsuite name="org.springframework.web.reactive.function.BodyInsertersTests" tests="16" skipped="0" failures="0" errors="0" timestamp="2020-05-29T14:00:32" hostname="bamboo-18" time="0.117">
  <properties/>
  <testcase name="fromMultipartData()" classname="org.springframework.web.reactive.function.BodyInsertersTests" time="0.006"/>
  <testcase name="ofDataBuffers()" classname="org.springframework.web.reactive.function.BodyInsertersTests" time="0.003"/>
  <testcase name="ofObject()" classname="org.springframework.web.reactive.function.BodyInsertersTests" time="0.008"/>
  <testcase name="fromFormDataMap()" classname="org.springframework.web.reactive.function.BodyInsertersTests" time="0.008"/>
  <testcase name="ofPublisher()" classname="org.springframework.web.reactive.function.BodyInsertersTests" time="0.004"/>
  <testcase name="ofString()" classname="org.springframework.web.reactive.function.BodyInsertersTests" time="0.007"/>
  <testcase name="ofObjectWithHints()" classname="org.springframework.web.reactive.function.BodyInsertersTests" time="0.003"/>
  <testcase name="ofResource()" classname="org.springframework.web.reactive.function.BodyInsertersTests" time="0.008"/>
  <testcase name="fromMultipartDataWithMultipleValues()" classname="org.springframework.web.reactive.function.BodyInsertersTests" time="0.003"/>
  <testcase name="ofProducerWithFlux()" classname="org.springframework.web.reactive.function.BodyInsertersTests" time="0.005"/>
  <testcase name="ofProducerWithMono()" classname="org.springframework.web.reactive.function.BodyInsertersTests" time="0.007"/>
  <testcase name="ofResourceRange()" classname="org.springframework.web.reactive.function.BodyInsertersTests" time="0.017"/>
  <testcase name="fromFormDataWith()" classname="org.springframework.web.reactive.function.BodyInsertersTests" time="0.006"/>
  <testcase name="ofProducerWithSingle()" classname="org.springframework.web.reactive.function.BodyInsertersTests" time="0.005"/>
  <testcase name="ofServerSentEventFlux()" classname="org.springframework.web.reactive.function.BodyInsertersTests" time="0.005"/>
  <testcase name="ofResourceWithExplicitMediaType()" classname="org.springframework.web.reactive.function.BodyInsertersTests" time="0.012"/>
  <system-out><![CDATA[14:00:32.875 [Test worker] DEBUG o.s.h.c.m.MultipartHttpMessageWriter - Encoding parts [name 1, name 2, name 3] (content masked)
14:00:32.887 [Test worker] DEBUG o.s.h.c.j.Jackson2JsonEncoder - Encoding [org.springframework.web.reactive.function.BodyInsertersTests$User@6ed76e35]
14:00:32.891 [Test worker] DEBUG o.s.h.c.FormHttpMessageWriter - Writing form fields [name 1, name 2, name 3] (content masked)
14:00:32.898 [Test worker] DEBUG o.s.c.c.CharSequenceEncoder - Writing "foo"
14:00:32.902 [Test worker] DEBUG o.s.c.c.CharSequenceEncoder - Writing "foo"
14:00:32.909 [Test worker] DEBUG o.s.h.c.j.Jackson2JsonEncoder - Encoding [org.springframework.web.reactive.function.BodyInsertersTests$User@690caacb]
14:00:32.912 [Test worker] DEBUG o.s.h.c.ResourceHttpMessageWriter - Resource associated with 'text/plain'
14:00:32.915 [Test worker] DEBUG o.s.c.c.ResourceEncoder - Writing [class path resource [org/springframework/web/reactive/function/response.txt]]
14:00:32.922 [Test worker] DEBUG o.s.h.c.m.MultipartHttpMessageWriter - Encoding parts [name] (content masked)
14:00:32.928 [Test worker] DEBUG o.s.c.c.CharSequenceEncoder - Writing "foo"
14:00:32.935 [Test worker] DEBUG o.s.h.c.j.Jackson2JsonEncoder - Encoding [org.springframework.web.reactive.function.BodyInsertersTests$User@5f4be438]
14:00:32.952 [Test worker] DEBUG o.s.h.c.ResourceHttpMessageWriter - Resource associated with 'text/plain'
14:00:32.954 [Test worker] DEBUG o.s.c.c.ResourceRegionEncoder - Writing region 10-49 of [class path resource [org/springframework/web/reactive/function/response.txt]]
14:00:32.960 [Test worker] DEBUG o.s.h.c.FormHttpMessageWriter - Writing form fields [name 1, name 2, name 3] (content masked)
14:00:32.965 [Test worker] DEBUG o.s.h.c.j.Jackson2JsonEncoder - Encoding [org.springframework.web.reactive.function.BodyInsertersTests$User@272afb2e]
14:00:32.977 [Test worker] DEBUG o.s.c.c.ResourceEncoder - Writing [class path resource [org/springframework/web/reactive/function/response.txt]]
]]></system-out>
  <system-err><![CDATA[]]></system-err>
</testsuite>
