<?xml version="1.0" encoding="UTF-8"?>
<testsuite name="org.springframework.web.reactive.result.method.annotation.ExpressionValueMethodArgumentResolverTests" tests="3" skipped="0" failures="0" errors="0" timestamp="2021-06-20T08:11:30" hostname="gankangdembp" time="0.248">
  <properties/>
  <testcase name="resolveSystemProperty()" classname="org.springframework.web.reactive.result.method.annotation.ExpressionValueMethodArgumentResolverTests" time="0.222"/>
  <testcase name="doesNotSupport()" classname="org.springframework.web.reactive.result.method.annotation.ExpressionValueMethodArgumentResolverTests" time="0.007"/>
  <testcase name="supportsParameter()" classname="org.springframework.web.reactive.result.method.annotation.ExpressionValueMethodArgumentResolverTests" time="0.007"/>
  <system-out><![CDATA[]]></system-out>
  <system-err><![CDATA[]]></system-err>
</testsuite>
