<?xml version="1.0" encoding="UTF-8"?>
<testsuite name="org.springframework.web.reactive.result.method.annotation.CrossOriginAnnotationIntegrationTests" tests="60" skipped="0" failures="0" errors="0" timestamp="2021-06-20T08:11:34" hostname="gankangdembp" time="26.473">
  <properties/>
  <testcase name="customOriginDefinedViaPlaceholder(HttpServer)[1]" classname="org.springframework.web.reactive.result.method.annotation.CrossOriginAnnotationIntegrationTests" time="2.274"/>
  <testcase name="customOriginDefinedViaPlaceholder(HttpServer)[2]" classname="org.springframework.web.reactive.result.method.annotation.CrossOriginAnnotationIntegrationTests" time="0.337"/>
  <testcase name="customOriginDefinedViaPlaceholder(HttpServer)[3]" classname="org.springframework.web.reactive.result.method.annotation.CrossOriginAnnotationIntegrationTests" time="0.401"/>
  <testcase name="customOriginDefinedViaPlaceholder(HttpServer)[4]" classname="org.springframework.web.reactive.result.method.annotation.CrossOriginAnnotationIntegrationTests" time="0.366"/>
  <testcase name="actualGetRequestWithoutAnnotation(HttpServer)[1]" classname="org.springframework.web.reactive.result.method.annotation.CrossOriginAnnotationIntegrationTests" time="0.319"/>
  <testcase name="actualGetRequestWithoutAnnotation(HttpServer)[2]" classname="org.springframework.web.reactive.result.method.annotation.CrossOriginAnnotationIntegrationTests" time="0.293"/>
  <testcase name="actualGetRequestWithoutAnnotation(HttpServer)[3]" classname="org.springframework.web.reactive.result.method.annotation.CrossOriginAnnotationIntegrationTests" time="0.405"/>
  <testcase name="actualGetRequestWithoutAnnotation(HttpServer)[4]" classname="org.springframework.web.reactive.result.method.annotation.CrossOriginAnnotationIntegrationTests" time="0.415"/>
  <testcase name="customOriginDefinedViaValueAttribute(HttpServer)[1]" classname="org.springframework.web.reactive.result.method.annotation.CrossOriginAnnotationIntegrationTests" time="0.35"/>
  <testcase name="customOriginDefinedViaValueAttribute(HttpServer)[2]" classname="org.springframework.web.reactive.result.method.annotation.CrossOriginAnnotationIntegrationTests" time="0.3"/>
  <testcase name="customOriginDefinedViaValueAttribute(HttpServer)[3]" classname="org.springframework.web.reactive.result.method.annotation.CrossOriginAnnotationIntegrationTests" time="0.445"/>
  <testcase name="customOriginDefinedViaValueAttribute(HttpServer)[4]" classname="org.springframework.web.reactive.result.method.annotation.CrossOriginAnnotationIntegrationTests" time="0.379"/>
  <testcase name="classLevel(HttpServer)[1]" classname="org.springframework.web.reactive.result.method.annotation.CrossOriginAnnotationIntegrationTests" time="0.39"/>
  <testcase name="classLevel(HttpServer)[2]" classname="org.springframework.web.reactive.result.method.annotation.CrossOriginAnnotationIntegrationTests" time="0.353"/>
  <testcase name="classLevel(HttpServer)[3]" classname="org.springframework.web.reactive.result.method.annotation.CrossOriginAnnotationIntegrationTests" time="0.356"/>
  <testcase name="classLevel(HttpServer)[4]" classname="org.springframework.web.reactive.result.method.annotation.CrossOriginAnnotationIntegrationTests" time="0.368"/>
  <testcase name="actualRequestWithDefaultAnnotationAndNoOrigin(HttpServer)[1]" classname="org.springframework.web.reactive.result.method.annotation.CrossOriginAnnotationIntegrationTests" time="0.387"/>
  <testcase name="actualRequestWithDefaultAnnotationAndNoOrigin(HttpServer)[2]" classname="org.springframework.web.reactive.result.method.annotation.CrossOriginAnnotationIntegrationTests" time="0.372"/>
  <testcase name="actualRequestWithDefaultAnnotationAndNoOrigin(HttpServer)[3]" classname="org.springframework.web.reactive.result.method.annotation.CrossOriginAnnotationIntegrationTests" time="0.498"/>
  <testcase name="actualRequestWithDefaultAnnotationAndNoOrigin(HttpServer)[4]" classname="org.springframework.web.reactive.result.method.annotation.CrossOriginAnnotationIntegrationTests" time="0.462"/>
  <testcase name="actualRequestWithCustomizedAnnotation(HttpServer)[1]" classname="org.springframework.web.reactive.result.method.annotation.CrossOriginAnnotationIntegrationTests" time="0.374"/>
  <testcase name="actualRequestWithCustomizedAnnotation(HttpServer)[2]" classname="org.springframework.web.reactive.result.method.annotation.CrossOriginAnnotationIntegrationTests" time="0.474"/>
  <testcase name="actualRequestWithCustomizedAnnotation(HttpServer)[3]" classname="org.springframework.web.reactive.result.method.annotation.CrossOriginAnnotationIntegrationTests" time="0.378"/>
  <testcase name="actualRequestWithCustomizedAnnotation(HttpServer)[4]" classname="org.springframework.web.reactive.result.method.annotation.CrossOriginAnnotationIntegrationTests" time="0.36"/>
  <testcase name="preflightRequestWithoutAnnotation(HttpServer)[1]" classname="org.springframework.web.reactive.result.method.annotation.CrossOriginAnnotationIntegrationTests" time="0.371"/>
  <testcase name="preflightRequestWithoutAnnotation(HttpServer)[2]" classname="org.springframework.web.reactive.result.method.annotation.CrossOriginAnnotationIntegrationTests" time="0.3"/>
  <testcase name="preflightRequestWithoutAnnotation(HttpServer)[3]" classname="org.springframework.web.reactive.result.method.annotation.CrossOriginAnnotationIntegrationTests" time="0.36"/>
  <testcase name="preflightRequestWithoutAnnotation(HttpServer)[4]" classname="org.springframework.web.reactive.result.method.annotation.CrossOriginAnnotationIntegrationTests" time="0.328"/>
  <testcase name="ambiguousHeaderPreflightRequest(HttpServer)[1]" classname="org.springframework.web.reactive.result.method.annotation.CrossOriginAnnotationIntegrationTests" time="0.348"/>
  <testcase name="ambiguousHeaderPreflightRequest(HttpServer)[2]" classname="org.springframework.web.reactive.result.method.annotation.CrossOriginAnnotationIntegrationTests" time="0.343"/>
  <testcase name="ambiguousHeaderPreflightRequest(HttpServer)[3]" classname="org.springframework.web.reactive.result.method.annotation.CrossOriginAnnotationIntegrationTests" time="0.379"/>
  <testcase name="ambiguousHeaderPreflightRequest(HttpServer)[4]" classname="org.springframework.web.reactive.result.method.annotation.CrossOriginAnnotationIntegrationTests" time="0.329"/>
  <testcase name="ambiguousProducesPreflightRequest(HttpServer)[1]" classname="org.springframework.web.reactive.result.method.annotation.CrossOriginAnnotationIntegrationTests" time="0.323"/>
  <testcase name="ambiguousProducesPreflightRequest(HttpServer)[2]" classname="org.springframework.web.reactive.result.method.annotation.CrossOriginAnnotationIntegrationTests" time="0.296"/>
  <testcase name="ambiguousProducesPreflightRequest(HttpServer)[3]" classname="org.springframework.web.reactive.result.method.annotation.CrossOriginAnnotationIntegrationTests" time="0.373"/>
  <testcase name="ambiguousProducesPreflightRequest(HttpServer)[4]" classname="org.springframework.web.reactive.result.method.annotation.CrossOriginAnnotationIntegrationTests" time="0.322"/>
  <testcase name="preflightRequestWithDefaultAnnotation(HttpServer)[1]" classname="org.springframework.web.reactive.result.method.annotation.CrossOriginAnnotationIntegrationTests" time="0.406"/>
  <testcase name="preflightRequestWithDefaultAnnotation(HttpServer)[2]" classname="org.springframework.web.reactive.result.method.annotation.CrossOriginAnnotationIntegrationTests" time="0.379"/>
  <testcase name="preflightRequestWithDefaultAnnotation(HttpServer)[3]" classname="org.springframework.web.reactive.result.method.annotation.CrossOriginAnnotationIntegrationTests" time="0.608"/>
  <testcase name="preflightRequestWithDefaultAnnotation(HttpServer)[4]" classname="org.springframework.web.reactive.result.method.annotation.CrossOriginAnnotationIntegrationTests" time="0.363"/>
  <testcase name="maxAgeWithDefaultOrigin(HttpServer)[1]" classname="org.springframework.web.reactive.result.method.annotation.CrossOriginAnnotationIntegrationTests" time="0.42"/>
  <testcase name="maxAgeWithDefaultOrigin(HttpServer)[2]" classname="org.springframework.web.reactive.result.method.annotation.CrossOriginAnnotationIntegrationTests" time="0.306"/>
  <testcase name="maxAgeWithDefaultOrigin(HttpServer)[3]" classname="org.springframework.web.reactive.result.method.annotation.CrossOriginAnnotationIntegrationTests" time="0.349"/>
  <testcase name="maxAgeWithDefaultOrigin(HttpServer)[4]" classname="org.springframework.web.reactive.result.method.annotation.CrossOriginAnnotationIntegrationTests" time="0.363"/>
  <testcase name="preflightRequestWithCustomizedAnnotation(HttpServer)[1]" classname="org.springframework.web.reactive.result.method.annotation.CrossOriginAnnotationIntegrationTests" time="0.358"/>
  <testcase name="preflightRequestWithCustomizedAnnotation(HttpServer)[2]" classname="org.springframework.web.reactive.result.method.annotation.CrossOriginAnnotationIntegrationTests" time="0.358"/>
  <testcase name="preflightRequestWithCustomizedAnnotation(HttpServer)[3]" classname="org.springframework.web.reactive.result.method.annotation.CrossOriginAnnotationIntegrationTests" time="0.413"/>
  <testcase name="preflightRequestWithCustomizedAnnotation(HttpServer)[4]" classname="org.springframework.web.reactive.result.method.annotation.CrossOriginAnnotationIntegrationTests" time="0.405"/>
  <testcase name="actualRequestWithDefaultAnnotation(HttpServer)[1]" classname="org.springframework.web.reactive.result.method.annotation.CrossOriginAnnotationIntegrationTests" time="0.319"/>
  <testcase name="actualRequestWithDefaultAnnotation(HttpServer)[2]" classname="org.springframework.web.reactive.result.method.annotation.CrossOriginAnnotationIntegrationTests" time="0.296"/>
  <testcase name="actualRequestWithDefaultAnnotation(HttpServer)[3]" classname="org.springframework.web.reactive.result.method.annotation.CrossOriginAnnotationIntegrationTests" time="0.382"/>
  <testcase name="actualRequestWithDefaultAnnotation(HttpServer)[4]" classname="org.springframework.web.reactive.result.method.annotation.CrossOriginAnnotationIntegrationTests" time="0.44"/>
  <testcase name="optionsRequestWithAccessControlRequestMethod(HttpServer)[1]" classname="org.springframework.web.reactive.result.method.annotation.CrossOriginAnnotationIntegrationTests" time="0.293"/>
  <testcase name="optionsRequestWithAccessControlRequestMethod(HttpServer)[2]" classname="org.springframework.web.reactive.result.method.annotation.CrossOriginAnnotationIntegrationTests" time="0.251"/>
  <testcase name="optionsRequestWithAccessControlRequestMethod(HttpServer)[3]" classname="org.springframework.web.reactive.result.method.annotation.CrossOriginAnnotationIntegrationTests" time="0.362"/>
  <testcase name="optionsRequestWithAccessControlRequestMethod(HttpServer)[4]" classname="org.springframework.web.reactive.result.method.annotation.CrossOriginAnnotationIntegrationTests" time="0.409"/>
  <testcase name="actualPostRequestWithoutAnnotation(HttpServer)[1]" classname="org.springframework.web.reactive.result.method.annotation.CrossOriginAnnotationIntegrationTests" time="0.349"/>
  <testcase name="actualPostRequestWithoutAnnotation(HttpServer)[2]" classname="org.springframework.web.reactive.result.method.annotation.CrossOriginAnnotationIntegrationTests" time="0.354"/>
  <testcase name="actualPostRequestWithoutAnnotation(HttpServer)[3]" classname="org.springframework.web.reactive.result.method.annotation.CrossOriginAnnotationIntegrationTests" time="0.34"/>
  <testcase name="actualPostRequestWithoutAnnotation(HttpServer)[4]" classname="org.springframework.web.reactive.result.method.annotation.CrossOriginAnnotationIntegrationTests" time="0.353"/>
  <system-out><![CDATA[16:11:36.472 [Test worker] DEBUG o.s.w.r.r.m.a.RequestMappingHandlerMapping - 16 mappings in 'requestMappingHandlerMapping'
16:11:36.549 [Test worker] DEBUG o.s.w.r.r.m.a.ControllerMethodResolver - ControllerAdvice beans: none
16:11:36.627 [Test worker] DEBUG o.s.w.s.a.HttpWebHandlerAdapter - enableLoggingRequestDetails='false': form data and headers will be masked to prevent unsafe logging of potentially sensitive data
16:11:36.628 [Test worker] WARN  o.e.j.s.h.ContextHandler - Empty contextPath
16:11:36.628 [Test worker] INFO  o.e.j.s.h.ContextHandler - Started o.e.j.s.ServletContextHandler@2f203cfd{/,null,AVAILABLE}
16:11:36.629 [Test worker] DEBUG o.s.w.t.h.s.r.b.JettyHttpServer - Starting JettyHttpServer...
16:11:36.629 [Test worker] INFO  o.e.j.s.Server - jetty-9.4.31.v20200723; built: 2020-07-23T17:57:36.812Z; git: 450ba27947e13e66baa8cd1ce7e85a4461cacc1d; jvm 1.8.0_201-b09
16:11:36.635 [Test worker] INFO  o.e.j.s.AbstractConnector - Started ServerConnector@51337d89{HTTP/1.1, (http/1.1)}{0.0.0.0:55020}
16:11:36.635 [Test worker] INFO  o.e.j.s.Server - Started @64497ms
16:11:36.635 [Test worker] DEBUG o.s.w.t.h.s.r.b.JettyHttpServer - Server started on port 55020(0 millis).
16:11:36.673 [Test worker] DEBUG o.s.w.c.RestTemplate - HTTP GET http://localhost:55020/origin-placeholder
16:11:36.680 [Test worker] DEBUG o.s.w.c.RestTemplate - Accept=[text/plain, application/json, application/x-jackson-smile, application/*+json, */*]
16:11:36.973 [qtp1359860059-540] DEBUG o.s.w.s.a.HttpWebHandlerAdapter - [1b7d4bdd] HTTP GET "/origin-placeholder"
16:11:36.974 [qtp1359860059-540] DEBUG o.s.w.r.r.m.a.RequestMappingHandlerMapping - [1b7d4bdd] Mapped to org.springframework.web.reactive.result.method.annotation.CrossOriginAnnotationIntegrationTests$MethodLevelController#customOriginDefinedViaPlaceholder()
16:11:36.977 [qtp1359860059-540] DEBUG o.s.w.r.r.m.a.ResponseBodyResultHandler - Using 'text/plain;charset=UTF-8' given [text/plain, application/json, application/x-jackson-smile, application/*+json, */*] and supported [text/plain;charset=UTF-8, text/event-stream, text/plain;charset=UTF-8, */*]
16:11:36.977 [qtp1359860059-540] DEBUG o.s.w.r.r.m.a.ResponseBodyResultHandler - [1b7d4bdd] 0..1 [java.lang.String]
16:11:36.977 [qtp1359860059-540] DEBUG o.s.c.c.CharSequenceEncoder - [1b7d4bdd] Writing "placeholder"
16:11:36.978 [qtp1359860059-540] DEBUG o.s.w.s.a.HttpWebHandlerAdapter - [1b7d4bdd] Completed 200 OK
16:11:37.020 [Test worker] DEBUG o.s.w.c.RestTemplate - Response 200 OK
16:11:37.020 [Test worker] DEBUG o.s.w.c.RestTemplate - Reading to [java.lang.String] as "text/plain;charset=utf-8"
16:11:37.037 [Test worker] DEBUG o.s.w.t.h.s.r.b.JettyHttpServer - Stopping JettyHttpServer...
16:11:37.037 [Test worker] INFO  o.e.j.s.h.ContextHandler - Stopped o.e.j.s.ServletContextHandler@2f203cfd{/,null,UNAVAILABLE}
16:11:37.047 [Test worker] INFO  o.e.j.s.AbstractConnector - Stopped ServerConnector@51337d89{HTTP/1.1, (http/1.1)}{0.0.0.0:0}
16:11:37.058 [Test worker] DEBUG o.s.w.t.h.s.r.b.JettyHttpServer - Server stopped (0 millis).
16:11:37.229 [Test worker] DEBUG o.s.w.r.r.m.a.RequestMappingHandlerMapping - 16 mappings in 'requestMappingHandlerMapping'
16:11:37.319 [Test worker] DEBUG o.s.w.r.r.m.a.ControllerMethodResolver - ControllerAdvice beans: none
16:11:37.406 [Test worker] DEBUG o.s.w.s.a.HttpWebHandlerAdapter - enableLoggingRequestDetails='false': form data and headers will be masked to prevent unsafe logging of potentially sensitive data
16:11:37.406 [Test worker] DEBUG o.s.w.t.h.s.r.b.ReactorHttpServer - Starting ReactorHttpServer...
16:11:37.410 [Test worker] DEBUG o.s.w.t.h.s.r.b.ReactorHttpServer - Server started on port 55026(0 millis).
16:11:37.411 [Test worker] DEBUG o.s.w.c.RestTemplate - HTTP GET http://localhost:55026/origin-placeholder
16:11:37.411 [Test worker] DEBUG o.s.w.c.RestTemplate - Accept=[text/plain, application/json, application/x-jackson-smile, application/*+json, */*]
16:11:37.415 [reactor-http-nio-8] DEBUG o.s.w.s.a.HttpWebHandlerAdapter - [dce0a4a3-14] HTTP GET "/origin-placeholder"
16:11:37.419 [reactor-http-nio-8] DEBUG o.s.w.r.r.m.a.RequestMappingHandlerMapping - [dce0a4a3-14] Mapped to org.springframework.web.reactive.result.method.annotation.CrossOriginAnnotationIntegrationTests$MethodLevelController#customOriginDefinedViaPlaceholder()
16:11:37.420 [reactor-http-nio-8] DEBUG o.s.w.r.r.m.a.ResponseBodyResultHandler - Using 'text/plain;charset=UTF-8' given [text/plain, application/json, application/x-jackson-smile, application/*+json, */*] and supported [text/plain;charset=UTF-8, text/event-stream, text/plain;charset=UTF-8, */*]
16:11:37.420 [reactor-http-nio-8] DEBUG o.s.w.r.r.m.a.ResponseBodyResultHandler - [dce0a4a3-14] 0..1 [java.lang.String]
16:11:37.421 [reactor-http-nio-8] DEBUG o.s.c.c.CharSequenceEncoder - [dce0a4a3-14] Writing "placeholder"
16:11:37.423 [reactor-http-nio-8] DEBUG o.s.w.s.a.HttpWebHandlerAdapter - [dce0a4a3-14] Completed 200 OK
16:11:37.429 [Test worker] DEBUG o.s.w.c.RestTemplate - Response 200 OK
16:11:37.429 [Test worker] DEBUG o.s.w.c.RestTemplate - Reading to [java.lang.String] as "text/plain;charset=UTF-8"
16:11:37.430 [Test worker] DEBUG o.s.w.t.h.s.r.b.ReactorHttpServer - Stopping ReactorHttpServer...
16:11:37.430 [Test worker] DEBUG o.s.w.t.h.s.r.b.ReactorHttpServer - Server stopped (0 millis).
16:11:37.625 [Test worker] DEBUG o.s.w.r.r.m.a.RequestMappingHandlerMapping - 16 mappings in 'requestMappingHandlerMapping'
16:11:37.708 [Test worker] DEBUG o.s.w.r.r.m.a.ControllerMethodResolver - ControllerAdvice beans: none
16:11:37.769 [Test worker] DEBUG o.s.w.s.a.HttpWebHandlerAdapter - enableLoggingRequestDetails='false': form data and headers will be masked to prevent unsafe logging of potentially sensitive data
16:11:37.787 [Test worker] DEBUG o.s.w.t.h.s.r.b.TomcatHttpServer - Starting TomcatHttpServer...
16:11:37.826 [Test worker] DEBUG o.s.w.t.h.s.r.b.TomcatHttpServer - Server started on port 55030(0 millis).
16:11:37.827 [Test worker] DEBUG o.s.w.c.RestTemplate - HTTP GET http://localhost:55030/origin-placeholder
16:11:37.827 [Test worker] DEBUG o.s.w.c.RestTemplate - Accept=[text/plain, application/json, application/x-jackson-smile, application/*+json, */*]
16:11:37.832 [http-nio-auto-14-exec-1] DEBUG o.s.w.s.a.HttpWebHandlerAdapter - [607b2beb] HTTP GET "/origin-placeholder"
16:11:37.833 [http-nio-auto-14-exec-1] DEBUG o.s.w.r.r.m.a.RequestMappingHandlerMapping - [607b2beb] Mapped to org.springframework.web.reactive.result.method.annotation.CrossOriginAnnotationIntegrationTests$MethodLevelController#customOriginDefinedViaPlaceholder()
16:11:37.836 [http-nio-auto-14-exec-1] DEBUG o.s.w.r.r.m.a.ResponseBodyResultHandler - Using 'text/plain;charset=UTF-8' given [text/plain, application/json, application/x-jackson-smile, application/*+json, */*] and supported [text/plain;charset=UTF-8, text/event-stream, text/plain;charset=UTF-8, */*]
16:11:37.836 [http-nio-auto-14-exec-1] DEBUG o.s.w.r.r.m.a.ResponseBodyResultHandler - [607b2beb] 0..1 [java.lang.String]
16:11:37.836 [http-nio-auto-14-exec-1] DEBUG o.s.c.c.CharSequenceEncoder - [607b2beb] Writing "placeholder"
16:11:37.837 [http-nio-auto-14-exec-1] DEBUG o.s.w.s.a.HttpWebHandlerAdapter - [607b2beb] Completed 200 OK
16:11:37.841 [Test worker] DEBUG o.s.w.c.RestTemplate - Response 200 OK
16:11:37.841 [Test worker] DEBUG o.s.w.c.RestTemplate - Reading to [java.lang.String] as "text/plain;charset=UTF-8"
16:11:37.842 [Test worker] DEBUG o.s.w.t.h.s.r.b.TomcatHttpServer - Stopping TomcatHttpServer...
16:11:37.859 [Test worker] DEBUG o.s.w.t.h.s.r.b.TomcatHttpServer - Server stopped (0 millis).
16:11:38.086 [Test worker] DEBUG o.s.w.r.r.m.a.RequestMappingHandlerMapping - 16 mappings in 'requestMappingHandlerMapping'
16:11:38.175 [Test worker] DEBUG o.s.w.r.r.m.a.ControllerMethodResolver - ControllerAdvice beans: none
16:11:38.255 [Test worker] DEBUG o.s.w.s.a.HttpWebHandlerAdapter - enableLoggingRequestDetails='false': form data and headers will be masked to prevent unsafe logging of potentially sensitive data
16:11:38.255 [Test worker] DEBUG o.s.w.t.h.s.r.b.UndertowHttpServer - Starting UndertowHttpServer...
16:11:38.255 [Test worker] INFO  i.undertow - starting server: Undertow - 2.0.32.Final
16:11:38.270 [Test worker] DEBUG o.s.w.t.h.s.r.b.UndertowHttpServer - Server started on port 55036(0 millis).
16:11:38.271 [Test worker] DEBUG o.s.w.c.RestTemplate - HTTP GET http://localhost:55036/origin-placeholder
16:11:38.271 [Test worker] DEBUG o.s.w.c.RestTemplate - Accept=[text/plain, application/json, application/x-jackson-smile, application/*+json, */*]
16:11:38.274 [XNIO-14 I/O-6] DEBUG o.s.w.s.a.HttpWebHandlerAdapter - [74de31a4] HTTP GET "/origin-placeholder"
16:11:38.275 [XNIO-14 I/O-6] DEBUG o.s.w.r.r.m.a.RequestMappingHandlerMapping - [74de31a4] Mapped to org.springframework.web.reactive.result.method.annotation.CrossOriginAnnotationIntegrationTests$MethodLevelController#customOriginDefinedViaPlaceholder()
16:11:38.277 [XNIO-14 I/O-6] DEBUG o.s.w.r.r.m.a.ResponseBodyResultHandler - Using 'text/plain;charset=UTF-8' given [text/plain, application/json, application/x-jackson-smile, application/*+json, */*] and supported [text/plain;charset=UTF-8, text/event-stream, text/plain;charset=UTF-8, */*]
16:11:38.277 [XNIO-14 I/O-6] DEBUG o.s.w.r.r.m.a.ResponseBodyResultHandler - [74de31a4] 0..1 [java.lang.String]
16:11:38.278 [XNIO-14 I/O-6] DEBUG o.s.c.c.CharSequenceEncoder - [74de31a4] Writing "placeholder"
16:11:38.278 [XNIO-14 I/O-6] DEBUG o.s.w.s.a.HttpWebHandlerAdapter - [74de31a4] Completed 200 OK
16:11:38.279 [Test worker] DEBUG o.s.w.c.RestTemplate - Response 200 OK
16:11:38.279 [Test worker] DEBUG o.s.w.c.RestTemplate - Reading to [java.lang.String] as "text/plain;charset=UTF-8"
16:11:38.279 [Test worker] DEBUG o.s.w.t.h.s.r.b.UndertowHttpServer - Stopping UndertowHttpServer...
16:11:38.280 [Test worker] INFO  i.undertow - stopping server: Undertow - 2.0.32.Final
16:11:38.281 [Test worker] DEBUG o.s.w.t.h.s.r.b.UndertowHttpServer - Server stopped (0 millis).
16:11:38.469 [Test worker] DEBUG o.s.w.r.r.m.a.RequestMappingHandlerMapping - 16 mappings in 'requestMappingHandlerMapping'
16:11:38.541 [Test worker] DEBUG o.s.w.r.r.m.a.ControllerMethodResolver - ControllerAdvice beans: none
16:11:38.598 [Test worker] DEBUG o.s.w.s.a.HttpWebHandlerAdapter - enableLoggingRequestDetails='false': form data and headers will be masked to prevent unsafe logging of potentially sensitive data
16:11:38.613 [Test worker] WARN  o.e.j.s.h.ContextHandler - Empty contextPath
16:11:38.614 [Test worker] INFO  o.e.j.s.h.ContextHandler - Started o.e.j.s.ServletContextHandler@3f687f51{/,null,AVAILABLE}
16:11:38.615 [Test worker] DEBUG o.s.w.t.h.s.r.b.JettyHttpServer - Starting JettyHttpServer...
16:11:38.617 [Test worker] INFO  o.e.j.s.Server - jetty-9.4.31.v20200723; built: 2020-07-23T17:57:36.812Z; git: 450ba27947e13e66baa8cd1ce7e85a4461cacc1d; jvm 1.8.0_201-b09
16:11:38.621 [Test worker] INFO  o.e.j.s.AbstractConnector - Started ServerConnector@2b7c31{HTTP/1.1, (http/1.1)}{0.0.0.0:55051}
16:11:38.622 [Test worker] INFO  o.e.j.s.Server - Started @66484ms
16:11:38.622 [Test worker] DEBUG o.s.w.t.h.s.r.b.JettyHttpServer - Server started on port 55051(0 millis).
16:11:38.622 [Test worker] DEBUG o.s.w.c.RestTemplate - HTTP GET http://localhost:55051/no
16:11:38.623 [Test worker] DEBUG o.s.w.c.RestTemplate - Accept=[text/plain, application/json, application/x-jackson-smile, application/*+json, */*]
16:11:38.626 [qtp1082272179-578] DEBUG o.s.w.s.a.HttpWebHandlerAdapter - [5233f5d5] HTTP GET "/no"
16:11:38.627 [qtp1082272179-578] DEBUG o.s.w.r.r.m.a.RequestMappingHandlerMapping - [5233f5d5] Mapped to org.springframework.web.reactive.result.method.annotation.CrossOriginAnnotationIntegrationTests$MethodLevelController#noAnnotation()
16:11:38.628 [qtp1082272179-578] DEBUG o.s.w.r.r.m.a.ResponseBodyResultHandler - Using 'text/plain;charset=UTF-8' given [text/plain, application/json, application/x-jackson-smile, application/*+json, */*] and supported [text/plain;charset=UTF-8, text/event-stream, text/plain;charset=UTF-8, */*]
16:11:38.628 [qtp1082272179-578] DEBUG o.s.w.r.r.m.a.ResponseBodyResultHandler - [5233f5d5] 0..1 [java.lang.String]
16:11:38.628 [qtp1082272179-578] DEBUG o.s.c.c.CharSequenceEncoder - [5233f5d5] Writing "no"
16:11:38.629 [qtp1082272179-578] DEBUG o.s.w.s.a.HttpWebHandlerAdapter - [5233f5d5] Completed 200 OK
16:11:38.630 [Test worker] DEBUG o.s.w.c.RestTemplate - Response 200 OK
16:11:38.630 [Test worker] DEBUG o.s.w.c.RestTemplate - Reading to [java.lang.String] as "text/plain;charset=utf-8"
16:11:38.630 [Test worker] DEBUG o.s.w.t.h.s.r.b.JettyHttpServer - Stopping JettyHttpServer...
16:11:38.630 [Test worker] INFO  o.e.j.s.h.ContextHandler - Stopped o.e.j.s.ServletContextHandler@3f687f51{/,null,UNAVAILABLE}
16:11:38.632 [Test worker] INFO  o.e.j.s.AbstractConnector - Stopped ServerConnector@2b7c31{HTTP/1.1, (http/1.1)}{0.0.0.0:0}
16:11:38.643 [Test worker] DEBUG o.s.w.t.h.s.r.b.JettyHttpServer - Server stopped (0 millis).
16:11:38.803 [Test worker] DEBUG o.s.w.r.r.m.a.RequestMappingHandlerMapping - 16 mappings in 'requestMappingHandlerMapping'
16:11:38.885 [Test worker] DEBUG o.s.w.r.r.m.a.ControllerMethodResolver - ControllerAdvice beans: none
16:11:38.949 [Test worker] DEBUG o.s.w.s.a.HttpWebHandlerAdapter - enableLoggingRequestDetails='false': form data and headers will be masked to prevent unsafe logging of potentially sensitive data
16:11:38.949 [Test worker] DEBUG o.s.w.t.h.s.r.b.ReactorHttpServer - Starting ReactorHttpServer...
16:11:38.951 [Test worker] DEBUG o.s.w.t.h.s.r.b.ReactorHttpServer - Server started on port 55057(0 millis).
16:11:38.951 [Test worker] DEBUG o.s.w.c.RestTemplate - HTTP GET http://localhost:55057/no
16:11:38.952 [Test worker] DEBUG o.s.w.c.RestTemplate - Accept=[text/plain, application/json, application/x-jackson-smile, application/*+json, */*]
16:11:38.955 [reactor-http-nio-10] DEBUG o.s.w.s.a.HttpWebHandlerAdapter - [a5221e1b-15] HTTP GET "/no"
16:11:38.956 [reactor-http-nio-10] DEBUG o.s.w.r.r.m.a.RequestMappingHandlerMapping - [a5221e1b-15] Mapped to org.springframework.web.reactive.result.method.annotation.CrossOriginAnnotationIntegrationTests$MethodLevelController#noAnnotation()
16:11:38.957 [reactor-http-nio-10] DEBUG o.s.w.r.r.m.a.ResponseBodyResultHandler - Using 'text/plain;charset=UTF-8' given [text/plain, application/json, application/x-jackson-smile, application/*+json, */*] and supported [text/plain;charset=UTF-8, text/event-stream, text/plain;charset=UTF-8, */*]
16:11:38.957 [reactor-http-nio-10] DEBUG o.s.w.r.r.m.a.ResponseBodyResultHandler - [a5221e1b-15] 0..1 [java.lang.String]
16:11:38.957 [reactor-http-nio-10] DEBUG o.s.c.c.CharSequenceEncoder - [a5221e1b-15] Writing "no"
16:11:38.959 [reactor-http-nio-10] DEBUG o.s.w.s.a.HttpWebHandlerAdapter - [a5221e1b-15] Completed 200 OK
16:11:38.960 [Test worker] DEBUG o.s.w.c.RestTemplate - Response 200 OK
16:11:38.960 [Test worker] DEBUG o.s.w.c.RestTemplate - Reading to [java.lang.String] as "text/plain;charset=UTF-8"
16:11:38.960 [Test worker] DEBUG o.s.w.t.h.s.r.b.ReactorHttpServer - Stopping ReactorHttpServer...
16:11:38.961 [Test worker] DEBUG o.s.w.t.h.s.r.b.ReactorHttpServer - Server stopped (0 millis).
16:11:39.183 [Test worker] DEBUG o.s.w.r.r.m.a.RequestMappingHandlerMapping - 16 mappings in 'requestMappingHandlerMapping'
16:11:39.264 [Test worker] DEBUG o.s.w.r.r.m.a.ControllerMethodResolver - ControllerAdvice beans: none
16:11:39.345 [Test worker] DEBUG o.s.w.s.a.HttpWebHandlerAdapter - enableLoggingRequestDetails='false': form data and headers will be masked to prevent unsafe logging of potentially sensitive data
16:11:39.346 [Test worker] DEBUG o.s.w.t.h.s.r.b.TomcatHttpServer - Starting TomcatHttpServer...
16:11:39.385 [Test worker] DEBUG o.s.w.t.h.s.r.b.TomcatHttpServer - Server started on port 55086(0 millis).
16:11:39.386 [Test worker] DEBUG o.s.w.c.RestTemplate - HTTP GET http://localhost:55086/no
16:11:39.386 [Test worker] DEBUG o.s.w.c.RestTemplate - Accept=[text/plain, application/json, application/x-jackson-smile, application/*+json, */*]
16:11:39.391 [http-nio-auto-15-exec-1] DEBUG o.s.w.s.a.HttpWebHandlerAdapter - [28a8abee] HTTP GET "/no"
16:11:39.391 [http-nio-auto-15-exec-1] DEBUG o.s.w.r.r.m.a.RequestMappingHandlerMapping - [28a8abee] Mapped to org.springframework.web.reactive.result.method.annotation.CrossOriginAnnotationIntegrationTests$MethodLevelController#noAnnotation()
16:11:39.393 [http-nio-auto-15-exec-1] DEBUG o.s.w.r.r.m.a.ResponseBodyResultHandler - Using 'text/plain;charset=UTF-8' given [text/plain, application/json, application/x-jackson-smile, application/*+json, */*] and supported [text/plain;charset=UTF-8, text/event-stream, text/plain;charset=UTF-8, */*]
16:11:39.393 [http-nio-auto-15-exec-1] DEBUG o.s.w.r.r.m.a.ResponseBodyResultHandler - [28a8abee] 0..1 [java.lang.String]
16:11:39.393 [http-nio-auto-15-exec-1] DEBUG o.s.c.c.CharSequenceEncoder - [28a8abee] Writing "no"
16:11:39.394 [http-nio-auto-15-exec-1] DEBUG o.s.w.s.a.HttpWebHandlerAdapter - [28a8abee] Completed 200 OK
16:11:39.395 [Test worker] DEBUG o.s.w.c.RestTemplate - Response 200 OK
16:11:39.395 [Test worker] DEBUG o.s.w.c.RestTemplate - Reading to [java.lang.String] as "text/plain;charset=UTF-8"
16:11:39.396 [Test worker] DEBUG o.s.w.t.h.s.r.b.TomcatHttpServer - Stopping TomcatHttpServer...
16:11:39.414 [Test worker] DEBUG o.s.w.t.h.s.r.b.TomcatHttpServer - Server stopped (0 millis).
16:11:39.673 [Test worker] DEBUG o.s.w.r.r.m.a.RequestMappingHandlerMapping - 16 mappings in 'requestMappingHandlerMapping'
16:11:39.753 [Test worker] DEBUG o.s.w.r.r.m.a.ControllerMethodResolver - ControllerAdvice beans: none
16:11:39.840 [Test worker] DEBUG o.s.w.s.a.HttpWebHandlerAdapter - enableLoggingRequestDetails='false': form data and headers will be masked to prevent unsafe logging of potentially sensitive data
16:11:39.841 [Test worker] DEBUG o.s.w.t.h.s.r.b.UndertowHttpServer - Starting UndertowHttpServer...
16:11:39.841 [Test worker] INFO  i.undertow - starting server: Undertow - 2.0.32.Final
16:11:39.853 [Test worker] DEBUG o.s.w.t.h.s.r.b.UndertowHttpServer - Server started on port 55125(0 millis).
16:11:39.853 [Test worker] DEBUG o.s.w.c.RestTemplate - HTTP GET http://localhost:55125/no
16:11:39.854 [Test worker] DEBUG o.s.w.c.RestTemplate - Accept=[text/plain, application/json, application/x-jackson-smile, application/*+json, */*]
16:11:39.857 [XNIO-15 I/O-7] DEBUG o.s.w.s.a.HttpWebHandlerAdapter - [1ee68ca2] HTTP GET "/no"
16:11:39.858 [XNIO-15 I/O-7] DEBUG o.s.w.r.r.m.a.RequestMappingHandlerMapping - [1ee68ca2] Mapped to org.springframework.web.reactive.result.method.annotation.CrossOriginAnnotationIntegrationTests$MethodLevelController#noAnnotation()
16:11:39.859 [XNIO-15 I/O-7] DEBUG o.s.w.r.r.m.a.ResponseBodyResultHandler - Using 'text/plain;charset=UTF-8' given [text/plain, application/json, application/x-jackson-smile, application/*+json, */*] and supported [text/plain;charset=UTF-8, text/event-stream, text/plain;charset=UTF-8, */*]
16:11:39.859 [XNIO-15 I/O-7] DEBUG o.s.w.r.r.m.a.ResponseBodyResultHandler - [1ee68ca2] 0..1 [java.lang.String]
16:11:39.859 [XNIO-15 I/O-7] DEBUG o.s.c.c.CharSequenceEncoder - [1ee68ca2] Writing "no"
16:11:39.860 [XNIO-15 I/O-7] DEBUG o.s.w.s.a.HttpWebHandlerAdapter - [1ee68ca2] Completed 200 OK
16:11:39.861 [Test worker] DEBUG o.s.w.c.RestTemplate - Response 200 OK
16:11:39.862 [Test worker] DEBUG o.s.w.c.RestTemplate - Reading to [java.lang.String] as "text/plain;charset=UTF-8"
16:11:39.862 [Test worker] DEBUG o.s.w.t.h.s.r.b.UndertowHttpServer - Stopping UndertowHttpServer...
16:11:39.862 [Test worker] INFO  i.undertow - stopping server: Undertow - 2.0.32.Final
16:11:39.864 [Test worker] DEBUG o.s.w.t.h.s.r.b.UndertowHttpServer - Server stopped (0 millis).
16:11:40.064 [Test worker] DEBUG o.s.w.r.r.m.a.RequestMappingHandlerMapping - 16 mappings in 'requestMappingHandlerMapping'
16:11:40.167 [Test worker] DEBUG o.s.w.r.r.m.a.ControllerMethodResolver - ControllerAdvice beans: none
16:11:40.249 [Test worker] DEBUG o.s.w.s.a.HttpWebHandlerAdapter - enableLoggingRequestDetails='false': form data and headers will be masked to prevent unsafe logging of potentially sensitive data
16:11:40.250 [Test worker] WARN  o.e.j.s.h.ContextHandler - Empty contextPath
16:11:40.250 [Test worker] INFO  o.e.j.s.h.ContextHandler - Started o.e.j.s.ServletContextHandler@21612a68{/,null,AVAILABLE}
16:11:40.251 [Test worker] DEBUG o.s.w.t.h.s.r.b.JettyHttpServer - Starting JettyHttpServer...
16:11:40.251 [Test worker] INFO  o.e.j.s.Server - jetty-9.4.31.v20200723; built: 2020-07-23T17:57:36.812Z; git: 450ba27947e13e66baa8cd1ce7e85a4461cacc1d; jvm 1.8.0_201-b09
16:11:40.255 [Test worker] INFO  o.e.j.s.AbstractConnector - Started ServerConnector@611e79c0{HTTP/1.1, (http/1.1)}{0.0.0.0:55158}
16:11:40.256 [Test worker] INFO  o.e.j.s.Server - Started @68118ms
16:11:40.256 [Test worker] DEBUG o.s.w.t.h.s.r.b.JettyHttpServer - Server started on port 55158(0 millis).
16:11:40.256 [Test worker] DEBUG o.s.w.c.RestTemplate - HTTP GET http://localhost:55158/origin-value-attribute
16:11:40.257 [Test worker] DEBUG o.s.w.c.RestTemplate - Accept=[text/plain, application/json, application/x-jackson-smile, application/*+json, */*]
16:11:40.260 [qtp1112945072-616] DEBUG o.s.w.s.a.HttpWebHandlerAdapter - [7adfa90a] HTTP GET "/origin-value-attribute"
16:11:40.261 [qtp1112945072-616] DEBUG o.s.w.r.r.m.a.RequestMappingHandlerMapping - [7adfa90a] Mapped to org.springframework.web.reactive.result.method.annotation.CrossOriginAnnotationIntegrationTests$MethodLevelController#customOriginDefinedViaValueAttribute()
16:11:40.263 [qtp1112945072-616] DEBUG o.s.w.r.r.m.a.ResponseBodyResultHandler - Using 'text/plain;charset=UTF-8' given [text/plain, application/json, application/x-jackson-smile, application/*+json, */*] and supported [text/plain;charset=UTF-8, text/event-stream, text/plain;charset=UTF-8, */*]
16:11:40.263 [qtp1112945072-616] DEBUG o.s.w.r.r.m.a.ResponseBodyResultHandler - [7adfa90a] 0..1 [java.lang.String]
16:11:40.263 [qtp1112945072-616] DEBUG o.s.c.c.CharSequenceEncoder - [7adfa90a] Writing "value-attribute"
16:11:40.264 [qtp1112945072-616] DEBUG o.s.w.s.a.HttpWebHandlerAdapter - [7adfa90a] Completed 200 OK
16:11:40.264 [Test worker] DEBUG o.s.w.c.RestTemplate - Response 200 OK
16:11:40.264 [Test worker] DEBUG o.s.w.c.RestTemplate - Reading to [java.lang.String] as "text/plain;charset=utf-8"
16:11:40.265 [Test worker] DEBUG o.s.w.t.h.s.r.b.JettyHttpServer - Stopping JettyHttpServer...
16:11:40.265 [Test worker] INFO  o.e.j.s.h.ContextHandler - Stopped o.e.j.s.ServletContextHandler@21612a68{/,null,UNAVAILABLE}
16:11:40.267 [Test worker] INFO  o.e.j.s.AbstractConnector - Stopped ServerConnector@611e79c0{HTTP/1.1, (http/1.1)}{0.0.0.0:0}
16:11:40.278 [Test worker] DEBUG o.s.w.t.h.s.r.b.JettyHttpServer - Server stopped (0 millis).
16:11:40.449 [Test worker] DEBUG o.s.w.r.r.m.a.RequestMappingHandlerMapping - 16 mappings in 'requestMappingHandlerMapping'
16:11:40.520 [Test worker] DEBUG o.s.w.r.r.m.a.ControllerMethodResolver - ControllerAdvice beans: none
16:11:40.595 [Test worker] DEBUG o.s.w.s.a.HttpWebHandlerAdapter - enableLoggingRequestDetails='false': form data and headers will be masked to prevent unsafe logging of potentially sensitive data
16:11:40.595 [Test worker] DEBUG o.s.w.t.h.s.r.b.ReactorHttpServer - Starting ReactorHttpServer...
16:11:40.598 [Test worker] DEBUG o.s.w.t.h.s.r.b.ReactorHttpServer - Server started on port 55193(0 millis).
16:11:40.599 [Test worker] DEBUG o.s.w.c.RestTemplate - HTTP GET http://localhost:55193/origin-value-attribute
16:11:40.599 [Test worker] DEBUG o.s.w.c.RestTemplate - Accept=[text/plain, application/json, application/x-jackson-smile, application/*+json, */*]
16:11:40.603 [reactor-http-nio-12] DEBUG o.s.w.s.a.HttpWebHandlerAdapter - [358e076c-16] HTTP GET "/origin-value-attribute"
16:11:40.603 [reactor-http-nio-12] DEBUG o.s.w.r.r.m.a.RequestMappingHandlerMapping - [358e076c-16] Mapped to org.springframework.web.reactive.result.method.annotation.CrossOriginAnnotationIntegrationTests$MethodLevelController#customOriginDefinedViaValueAttribute()
16:11:40.605 [reactor-http-nio-12] DEBUG o.s.w.r.r.m.a.ResponseBodyResultHandler - Using 'text/plain;charset=UTF-8' given [text/plain, application/json, application/x-jackson-smile, application/*+json, */*] and supported [text/plain;charset=UTF-8, text/event-stream, text/plain;charset=UTF-8, */*]
16:11:40.605 [reactor-http-nio-12] DEBUG o.s.w.r.r.m.a.ResponseBodyResultHandler - [358e076c-16] 0..1 [java.lang.String]
16:11:40.605 [reactor-http-nio-12] DEBUG o.s.c.c.CharSequenceEncoder - [358e076c-16] Writing "value-attribute"
16:11:40.608 [reactor-http-nio-12] DEBUG o.s.w.s.a.HttpWebHandlerAdapter - [358e076c-16] Completed 200 OK
16:11:40.608 [Test worker] DEBUG o.s.w.c.RestTemplate - Response 200 OK
16:11:40.608 [Test worker] DEBUG o.s.w.c.RestTemplate - Reading to [java.lang.String] as "text/plain;charset=UTF-8"
16:11:40.609 [Test worker] DEBUG o.s.w.t.h.s.r.b.ReactorHttpServer - Stopping ReactorHttpServer...
16:11:40.609 [Test worker] DEBUG o.s.w.t.h.s.r.b.ReactorHttpServer - Server stopped (0 millis).
16:11:40.819 [Test worker] DEBUG o.s.w.r.r.m.a.RequestMappingHandlerMapping - 16 mappings in 'requestMappingHandlerMapping'
16:11:40.894 [Test worker] DEBUG o.s.w.r.r.m.a.ControllerMethodResolver - ControllerAdvice beans: none
16:11:40.978 [Test worker] DEBUG o.s.w.s.a.HttpWebHandlerAdapter - enableLoggingRequestDetails='false': form data and headers will be masked to prevent unsafe logging of potentially sensitive data
16:11:40.980 [Test worker] DEBUG o.s.w.t.h.s.r.b.TomcatHttpServer - Starting TomcatHttpServer...
16:11:41.033 [Test worker] DEBUG o.s.w.t.h.s.r.b.TomcatHttpServer - Server started on port 55238(0 millis).
16:11:41.033 [Test worker] DEBUG o.s.w.c.RestTemplate - HTTP GET http://localhost:55238/origin-value-attribute
16:11:41.033 [Test worker] DEBUG o.s.w.c.RestTemplate - Accept=[text/plain, application/json, application/x-jackson-smile, application/*+json, */*]
16:11:41.039 [http-nio-auto-16-exec-1] DEBUG o.s.w.s.a.HttpWebHandlerAdapter - [6b0f46aa] HTTP GET "/origin-value-attribute"
16:11:41.040 [http-nio-auto-16-exec-1] DEBUG o.s.w.r.r.m.a.RequestMappingHandlerMapping - [6b0f46aa] Mapped to org.springframework.web.reactive.result.method.annotation.CrossOriginAnnotationIntegrationTests$MethodLevelController#customOriginDefinedViaValueAttribute()
16:11:41.041 [http-nio-auto-16-exec-1] DEBUG o.s.w.r.r.m.a.ResponseBodyResultHandler - Using 'text/plain;charset=UTF-8' given [text/plain, application/json, application/x-jackson-smile, application/*+json, */*] and supported [text/plain;charset=UTF-8, text/event-stream, text/plain;charset=UTF-8, */*]
16:11:41.041 [http-nio-auto-16-exec-1] DEBUG o.s.w.r.r.m.a.ResponseBodyResultHandler - [6b0f46aa] 0..1 [java.lang.String]
16:11:41.041 [http-nio-auto-16-exec-1] DEBUG o.s.c.c.CharSequenceEncoder - [6b0f46aa] Writing "value-attribute"
16:11:41.043 [http-nio-auto-16-exec-1] DEBUG o.s.w.s.a.HttpWebHandlerAdapter - [6b0f46aa] Completed 200 OK
16:11:41.046 [Test worker] DEBUG o.s.w.c.RestTemplate - Response 200 OK
16:11:41.046 [Test worker] DEBUG o.s.w.c.RestTemplate - Reading to [java.lang.String] as "text/plain;charset=UTF-8"
16:11:41.046 [Test worker] DEBUG o.s.w.t.h.s.r.b.TomcatHttpServer - Stopping TomcatHttpServer...
16:11:41.083 [Test worker] DEBUG o.s.w.t.h.s.r.b.TomcatHttpServer - Server stopped (0 millis).
16:11:41.305 [Test worker] DEBUG o.s.w.r.r.m.a.RequestMappingHandlerMapping - 16 mappings in 'requestMappingHandlerMapping'
16:11:41.396 [Test worker] DEBUG o.s.w.r.r.m.a.ControllerMethodResolver - ControllerAdvice beans: none
16:11:41.469 [Test worker] DEBUG o.s.w.s.a.HttpWebHandlerAdapter - enableLoggingRequestDetails='false': form data and headers will be masked to prevent unsafe logging of potentially sensitive data
16:11:41.469 [Test worker] DEBUG o.s.w.t.h.s.r.b.UndertowHttpServer - Starting UndertowHttpServer...
16:11:41.469 [Test worker] INFO  i.undertow - starting server: Undertow - 2.0.32.Final
16:11:41.480 [Test worker] DEBUG o.s.w.t.h.s.r.b.UndertowHttpServer - Server started on port 55282(0 millis).
16:11:41.481 [Test worker] DEBUG o.s.w.c.RestTemplate - HTTP GET http://localhost:55282/origin-value-attribute
16:11:41.482 [Test worker] DEBUG o.s.w.c.RestTemplate - Accept=[text/plain, application/json, application/x-jackson-smile, application/*+json, */*]
16:11:41.485 [XNIO-16 I/O-7] DEBUG o.s.w.s.a.HttpWebHandlerAdapter - [108fe2b] HTTP GET "/origin-value-attribute"
16:11:41.486 [XNIO-16 I/O-7] DEBUG o.s.w.r.r.m.a.RequestMappingHandlerMapping - [108fe2b] Mapped to org.springframework.web.reactive.result.method.annotation.CrossOriginAnnotationIntegrationTests$MethodLevelController#customOriginDefinedViaValueAttribute()
16:11:41.487 [XNIO-16 I/O-7] DEBUG o.s.w.r.r.m.a.ResponseBodyResultHandler - Using 'text/plain;charset=UTF-8' given [text/plain, application/json, application/x-jackson-smile, application/*+json, */*] and supported [text/plain;charset=UTF-8, text/event-stream, text/plain;charset=UTF-8, */*]
16:11:41.487 [XNIO-16 I/O-7] DEBUG o.s.w.r.r.m.a.ResponseBodyResultHandler - [108fe2b] 0..1 [java.lang.String]
16:11:41.487 [XNIO-16 I/O-7] DEBUG o.s.c.c.CharSequenceEncoder - [108fe2b] Writing "value-attribute"
16:11:41.488 [XNIO-16 I/O-7] DEBUG o.s.w.s.a.HttpWebHandlerAdapter - [108fe2b] Completed 200 OK
16:11:41.489 [Test worker] DEBUG o.s.w.c.RestTemplate - Response 200 OK
16:11:41.489 [Test worker] DEBUG o.s.w.c.RestTemplate - Reading to [java.lang.String] as "text/plain;charset=UTF-8"
16:11:41.490 [Test worker] DEBUG o.s.w.t.h.s.r.b.UndertowHttpServer - Stopping UndertowHttpServer...
16:11:41.490 [Test worker] INFO  i.undertow - stopping server: Undertow - 2.0.32.Final
16:11:41.493 [Test worker] DEBUG o.s.w.t.h.s.r.b.UndertowHttpServer - Server stopped (0 millis).
16:11:41.690 [Test worker] DEBUG o.s.w.r.r.m.a.RequestMappingHandlerMapping - 16 mappings in 'requestMappingHandlerMapping'
16:11:41.801 [Test worker] DEBUG o.s.w.r.r.m.a.ControllerMethodResolver - ControllerAdvice beans: none
16:11:41.872 [Test worker] DEBUG o.s.w.s.a.HttpWebHandlerAdapter - enableLoggingRequestDetails='false': form data and headers will be masked to prevent unsafe logging of potentially sensitive data
16:11:41.872 [Test worker] WARN  o.e.j.s.h.ContextHandler - Empty contextPath
16:11:41.873 [Test worker] INFO  o.e.j.s.h.ContextHandler - Started o.e.j.s.ServletContextHandler@7c4633b6{/,null,AVAILABLE}
16:11:41.873 [Test worker] DEBUG o.s.w.t.h.s.r.b.JettyHttpServer - Starting JettyHttpServer...
16:11:41.873 [Test worker] INFO  o.e.j.s.Server - jetty-9.4.31.v20200723; built: 2020-07-23T17:57:36.812Z; git: 450ba27947e13e66baa8cd1ce7e85a4461cacc1d; jvm 1.8.0_201-b09
16:11:41.891 [Test worker] INFO  o.e.j.s.AbstractConnector - Started ServerConnector@54e994d7{HTTP/1.1, (http/1.1)}{0.0.0.0:55304}
16:11:41.891 [Test worker] INFO  o.e.j.s.Server - Started @69753ms
16:11:41.891 [Test worker] DEBUG o.s.w.t.h.s.r.b.JettyHttpServer - Server started on port 55304(0 millis).
16:11:41.891 [Test worker] DEBUG o.s.w.c.RestTemplate - HTTP GET http://localhost:55304/foo
16:11:41.891 [Test worker] DEBUG o.s.w.c.RestTemplate - Accept=[text/plain, application/json, application/x-jackson-smile, application/*+json, */*]
16:11:41.895 [qtp429995157-654] DEBUG o.s.w.s.a.HttpWebHandlerAdapter - [24cc8777] HTTP GET "/foo"
16:11:41.896 [qtp429995157-654] DEBUG o.s.w.r.r.m.a.RequestMappingHandlerMapping - [24cc8777] Mapped to org.springframework.web.reactive.result.method.annotation.CrossOriginAnnotationIntegrationTests$ClassLevelController#foo()
16:11:41.897 [qtp429995157-654] DEBUG o.s.w.r.r.m.a.ResponseBodyResultHandler - Using 'text/plain;charset=UTF-8' given [text/plain, application/json, application/x-jackson-smile, application/*+json, */*] and supported [text/plain;charset=UTF-8, text/event-stream, text/plain;charset=UTF-8, */*]
16:11:41.897 [qtp429995157-654] DEBUG o.s.w.r.r.m.a.ResponseBodyResultHandler - [24cc8777] 0..1 [java.lang.String]
16:11:41.897 [qtp429995157-654] DEBUG o.s.c.c.CharSequenceEncoder - [24cc8777] Writing "foo"
16:11:41.898 [qtp429995157-654] DEBUG o.s.w.s.a.HttpWebHandlerAdapter - [24cc8777] Completed 200 OK
16:11:41.899 [Test worker] DEBUG o.s.w.c.RestTemplate - Response 200 OK
16:11:41.899 [Test worker] DEBUG o.s.w.c.RestTemplate - Reading to [java.lang.String] as "text/plain;charset=utf-8"
16:11:41.899 [Test worker] DEBUG o.s.w.c.RestTemplate - HTTP GET http://localhost:55304/bar
16:11:41.899 [Test worker] DEBUG o.s.w.c.RestTemplate - Accept=[text/plain, application/json, application/x-jackson-smile, application/*+json, */*]
16:11:41.903 [qtp429995157-646] DEBUG o.s.w.s.a.HttpWebHandlerAdapter - [4348630d] HTTP GET "/bar"
16:11:41.904 [qtp429995157-646] DEBUG o.s.w.r.r.m.a.RequestMappingHandlerMapping - [4348630d] Mapped to org.springframework.web.reactive.result.method.annotation.CrossOriginAnnotationIntegrationTests$ClassLevelController#bar()
16:11:41.904 [qtp429995157-646] DEBUG o.s.w.r.r.m.a.ResponseBodyResultHandler - Using 'text/plain;charset=UTF-8' given [text/plain, application/json, application/x-jackson-smile, application/*+json, */*] and supported [text/plain;charset=UTF-8, text/event-stream, text/plain;charset=UTF-8, */*]
16:11:41.904 [qtp429995157-646] DEBUG o.s.w.r.r.m.a.ResponseBodyResultHandler - [4348630d] 0..1 [java.lang.String]
16:11:41.905 [qtp429995157-646] DEBUG o.s.c.c.CharSequenceEncoder - [4348630d] Writing "bar"
16:11:41.905 [qtp429995157-646] DEBUG o.s.w.s.a.HttpWebHandlerAdapter - [4348630d] Completed 200 OK
16:11:41.906 [Test worker] DEBUG o.s.w.c.RestTemplate - Response 200 OK
16:11:41.906 [Test worker] DEBUG o.s.w.c.RestTemplate - Reading to [java.lang.String] as "text/plain;charset=utf-8"
16:11:41.906 [Test worker] DEBUG o.s.w.c.RestTemplate - HTTP GET http://localhost:55304/baz
16:11:41.907 [Test worker] DEBUG o.s.w.c.RestTemplate - Accept=[text/plain, application/json, application/x-jackson-smile, application/*+json, */*]
16:11:41.908 [qtp429995157-652] DEBUG o.s.w.s.a.HttpWebHandlerAdapter - [613dd8aa] HTTP GET "/baz"
16:11:41.909 [qtp429995157-652] DEBUG o.s.w.r.r.m.a.RequestMappingHandlerMapping - [613dd8aa] Mapped to org.springframework.web.reactive.result.method.annotation.CrossOriginAnnotationIntegrationTests$ClassLevelController#baz()
16:11:41.910 [qtp429995157-652] DEBUG o.s.w.r.r.m.a.ResponseBodyResultHandler - Using 'text/plain;charset=UTF-8' given [text/plain, application/json, application/x-jackson-smile, application/*+json, */*] and supported [text/plain;charset=UTF-8, text/event-stream, text/plain;charset=UTF-8, */*]
16:11:41.910 [qtp429995157-652] DEBUG o.s.w.r.r.m.a.ResponseBodyResultHandler - [613dd8aa] 0..1 [java.lang.String]
16:11:41.910 [qtp429995157-652] DEBUG o.s.c.c.CharSequenceEncoder - [613dd8aa] Writing "baz"
16:11:41.911 [qtp429995157-652] DEBUG o.s.w.s.a.HttpWebHandlerAdapter - [613dd8aa] Completed 200 OK
16:11:41.912 [Test worker] DEBUG o.s.w.c.RestTemplate - Response 200 OK
16:11:41.912 [Test worker] DEBUG o.s.w.c.RestTemplate - Reading to [java.lang.String] as "text/plain;charset=utf-8"
16:11:41.912 [Test worker] DEBUG o.s.w.t.h.s.r.b.JettyHttpServer - Stopping JettyHttpServer...
16:11:41.913 [Test worker] INFO  o.e.j.s.h.ContextHandler - Stopped o.e.j.s.ServletContextHandler@7c4633b6{/,null,UNAVAILABLE}
16:11:41.917 [Test worker] INFO  o.e.j.s.AbstractConnector - Stopped ServerConnector@54e994d7{HTTP/1.1, (http/1.1)}{0.0.0.0:0}
16:11:41.928 [Test worker] DEBUG o.s.w.t.h.s.r.b.JettyHttpServer - Server stopped (0 millis).
16:11:42.059 [Test worker] DEBUG o.s.w.r.r.m.a.RequestMappingHandlerMapping - 16 mappings in 'requestMappingHandlerMapping'
16:11:42.148 [Test worker] DEBUG o.s.w.r.r.m.a.ControllerMethodResolver - ControllerAdvice beans: none
16:11:42.283 [Test worker] DEBUG o.s.w.s.a.HttpWebHandlerAdapter - enableLoggingRequestDetails='false': form data and headers will be masked to prevent unsafe logging of potentially sensitive data
16:11:42.283 [Test worker] DEBUG o.s.w.t.h.s.r.b.ReactorHttpServer - Starting ReactorHttpServer...
16:11:42.285 [Test worker] DEBUG o.s.w.t.h.s.r.b.ReactorHttpServer - Server started on port 55321(0 millis).
16:11:42.286 [Test worker] DEBUG o.s.w.c.RestTemplate - HTTP GET http://localhost:55321/foo
16:11:42.286 [Test worker] DEBUG o.s.w.c.RestTemplate - Accept=[text/plain, application/json, application/x-jackson-smile, application/*+json, */*]
16:11:42.290 [reactor-http-nio-2] DEBUG o.s.w.s.a.HttpWebHandlerAdapter - [0405d249-17] HTTP GET "/foo"
16:11:42.290 [reactor-http-nio-2] DEBUG o.s.w.r.r.m.a.RequestMappingHandlerMapping - [0405d249-17] Mapped to org.springframework.web.reactive.result.method.annotation.CrossOriginAnnotationIntegrationTests$ClassLevelController#foo()
16:11:42.292 [reactor-http-nio-2] DEBUG o.s.w.r.r.m.a.ResponseBodyResultHandler - Using 'text/plain;charset=UTF-8' given [text/plain, application/json, application/x-jackson-smile, application/*+json, */*] and supported [text/plain;charset=UTF-8, text/event-stream, text/plain;charset=UTF-8, */*]
16:11:42.292 [reactor-http-nio-2] DEBUG o.s.w.r.r.m.a.ResponseBodyResultHandler - [0405d249-17] 0..1 [java.lang.String]
16:11:42.292 [reactor-http-nio-2] DEBUG o.s.c.c.CharSequenceEncoder - [0405d249-17] Writing "foo"
16:11:42.294 [reactor-http-nio-2] DEBUG o.s.w.s.a.HttpWebHandlerAdapter - [0405d249-17] Completed 200 OK
16:11:42.295 [Test worker] DEBUG o.s.w.c.RestTemplate - Response 200 OK
16:11:42.295 [Test worker] DEBUG o.s.w.c.RestTemplate - Reading to [java.lang.String] as "text/plain;charset=UTF-8"
16:11:42.296 [Test worker] DEBUG o.s.w.c.RestTemplate - HTTP GET http://localhost:55321/bar
16:11:42.296 [Test worker] DEBUG o.s.w.c.RestTemplate - Accept=[text/plain, application/json, application/x-jackson-smile, application/*+json, */*]
16:11:42.297 [reactor-http-nio-2] DEBUG o.s.w.s.a.HttpWebHandlerAdapter - [0405d249-18] HTTP GET "/bar"
16:11:42.298 [reactor-http-nio-2] DEBUG o.s.w.r.r.m.a.RequestMappingHandlerMapping - [0405d249-18] Mapped to org.springframework.web.reactive.result.method.annotation.CrossOriginAnnotationIntegrationTests$ClassLevelController#bar()
16:11:42.299 [reactor-http-nio-2] DEBUG o.s.w.r.r.m.a.ResponseBodyResultHandler - Using 'text/plain;charset=UTF-8' given [text/plain, application/json, application/x-jackson-smile, application/*+json, */*] and supported [text/plain;charset=UTF-8, text/event-stream, text/plain;charset=UTF-8, */*]
16:11:42.299 [reactor-http-nio-2] DEBUG o.s.w.r.r.m.a.ResponseBodyResultHandler - [0405d249-18] 0..1 [java.lang.String]
16:11:42.299 [reactor-http-nio-2] DEBUG o.s.c.c.CharSequenceEncoder - [0405d249-18] Writing "bar"
16:11:42.301 [reactor-http-nio-2] DEBUG o.s.w.s.a.HttpWebHandlerAdapter - [0405d249-18] Completed 200 OK
16:11:42.302 [Test worker] DEBUG o.s.w.c.RestTemplate - Response 200 OK
16:11:42.302 [Test worker] DEBUG o.s.w.c.RestTemplate - Reading to [java.lang.String] as "text/plain;charset=UTF-8"
16:11:42.302 [Test worker] DEBUG o.s.w.c.RestTemplate - HTTP GET http://localhost:55321/baz
16:11:42.302 [Test worker] DEBUG o.s.w.c.RestTemplate - Accept=[text/plain, application/json, application/x-jackson-smile, application/*+json, */*]
16:11:42.304 [reactor-http-nio-2] DEBUG o.s.w.s.a.HttpWebHandlerAdapter - [0405d249-19] HTTP GET "/baz"
16:11:42.305 [reactor-http-nio-2] DEBUG o.s.w.r.r.m.a.RequestMappingHandlerMapping - [0405d249-19] Mapped to org.springframework.web.reactive.result.method.annotation.CrossOriginAnnotationIntegrationTests$ClassLevelController#baz()
16:11:42.306 [reactor-http-nio-2] DEBUG o.s.w.r.r.m.a.ResponseBodyResultHandler - Using 'text/plain;charset=UTF-8' given [text/plain, application/json, application/x-jackson-smile, application/*+json, */*] and supported [text/plain;charset=UTF-8, text/event-stream, text/plain;charset=UTF-8, */*]
16:11:42.306 [reactor-http-nio-2] DEBUG o.s.w.r.r.m.a.ResponseBodyResultHandler - [0405d249-19] 0..1 [java.lang.String]
16:11:42.306 [reactor-http-nio-2] DEBUG o.s.c.c.CharSequenceEncoder - [0405d249-19] Writing "baz"
16:11:42.309 [reactor-http-nio-2] DEBUG o.s.w.s.a.HttpWebHandlerAdapter - [0405d249-19] Completed 200 OK
16:11:42.309 [Test worker] DEBUG o.s.w.c.RestTemplate - Response 200 OK
16:11:42.309 [Test worker] DEBUG o.s.w.c.RestTemplate - Reading to [java.lang.String] as "text/plain;charset=UTF-8"
16:11:42.309 [Test worker] DEBUG o.s.w.t.h.s.r.b.ReactorHttpServer - Stopping ReactorHttpServer...
16:11:42.310 [Test worker] DEBUG o.s.w.t.h.s.r.b.ReactorHttpServer - Server stopped (0 millis).
16:11:42.464 [Test worker] DEBUG o.s.w.r.r.m.a.RequestMappingHandlerMapping - 16 mappings in 'requestMappingHandlerMapping'
16:11:42.544 [Test worker] DEBUG o.s.w.r.r.m.a.ControllerMethodResolver - ControllerAdvice beans: none
16:11:42.604 [Test worker] DEBUG o.s.w.s.a.HttpWebHandlerAdapter - enableLoggingRequestDetails='false': form data and headers will be masked to prevent unsafe logging of potentially sensitive data
16:11:42.605 [Test worker] DEBUG o.s.w.t.h.s.r.b.TomcatHttpServer - Starting TomcatHttpServer...
16:11:42.641 [Test worker] DEBUG o.s.w.t.h.s.r.b.TomcatHttpServer - Server started on port 55365(0 millis).
16:11:42.641 [Test worker] DEBUG o.s.w.c.RestTemplate - HTTP GET http://localhost:55365/foo
16:11:42.641 [Test worker] DEBUG o.s.w.c.RestTemplate - Accept=[text/plain, application/json, application/x-jackson-smile, application/*+json, */*]
16:11:42.646 [http-nio-auto-17-exec-1] DEBUG o.s.w.s.a.HttpWebHandlerAdapter - [6ce6c04d] HTTP GET "/foo"
16:11:42.646 [http-nio-auto-17-exec-1] DEBUG o.s.w.r.r.m.a.RequestMappingHandlerMapping - [6ce6c04d] Mapped to org.springframework.web.reactive.result.method.annotation.CrossOriginAnnotationIntegrationTests$ClassLevelController#foo()
16:11:42.647 [http-nio-auto-17-exec-1] DEBUG o.s.w.r.r.m.a.ResponseBodyResultHandler - Using 'text/plain;charset=UTF-8' given [text/plain, application/json, application/x-jackson-smile, application/*+json, */*] and supported [text/plain;charset=UTF-8, text/event-stream, text/plain;charset=UTF-8, */*]
16:11:42.648 [http-nio-auto-17-exec-1] DEBUG o.s.w.r.r.m.a.ResponseBodyResultHandler - [6ce6c04d] 0..1 [java.lang.String]
16:11:42.648 [http-nio-auto-17-exec-1] DEBUG o.s.c.c.CharSequenceEncoder - [6ce6c04d] Writing "foo"
16:11:42.649 [http-nio-auto-17-exec-1] DEBUG o.s.w.s.a.HttpWebHandlerAdapter - [6ce6c04d] Completed 200 OK
16:11:42.651 [Test worker] DEBUG o.s.w.c.RestTemplate - Response 200 OK
16:11:42.651 [Test worker] DEBUG o.s.w.c.RestTemplate - Reading to [java.lang.String] as "text/plain;charset=UTF-8"
16:11:42.651 [Test worker] DEBUG o.s.w.c.RestTemplate - HTTP GET http://localhost:55365/bar
16:11:42.651 [Test worker] DEBUG o.s.w.c.RestTemplate - Accept=[text/plain, application/json, application/x-jackson-smile, application/*+json, */*]
16:11:42.654 [http-nio-auto-17-exec-2] DEBUG o.s.w.s.a.HttpWebHandlerAdapter - [60df897] HTTP GET "/bar"
16:11:42.655 [http-nio-auto-17-exec-2] DEBUG o.s.w.r.r.m.a.RequestMappingHandlerMapping - [60df897] Mapped to org.springframework.web.reactive.result.method.annotation.CrossOriginAnnotationIntegrationTests$ClassLevelController#bar()
16:11:42.655 [http-nio-auto-17-exec-2] DEBUG o.s.w.r.r.m.a.ResponseBodyResultHandler - Using 'text/plain;charset=UTF-8' given [text/plain, application/json, application/x-jackson-smile, application/*+json, */*] and supported [text/plain;charset=UTF-8, text/event-stream, text/plain;charset=UTF-8, */*]
16:11:42.655 [http-nio-auto-17-exec-2] DEBUG o.s.w.r.r.m.a.ResponseBodyResultHandler - [60df897] 0..1 [java.lang.String]
16:11:42.656 [http-nio-auto-17-exec-2] DEBUG o.s.c.c.CharSequenceEncoder - [60df897] Writing "bar"
16:11:42.657 [http-nio-auto-17-exec-2] DEBUG o.s.w.s.a.HttpWebHandlerAdapter - [60df897] Completed 200 OK
16:11:42.657 [Test worker] DEBUG o.s.w.c.RestTemplate - Response 200 OK
16:11:42.658 [Test worker] DEBUG o.s.w.c.RestTemplate - Reading to [java.lang.String] as "text/plain;charset=UTF-8"
16:11:42.658 [Test worker] DEBUG o.s.w.c.RestTemplate - HTTP GET http://localhost:55365/baz
16:11:42.658 [Test worker] DEBUG o.s.w.c.RestTemplate - Accept=[text/plain, application/json, application/x-jackson-smile, application/*+json, */*]
16:11:42.660 [http-nio-auto-17-exec-3] DEBUG o.s.w.s.a.HttpWebHandlerAdapter - [6213943d] HTTP GET "/baz"
16:11:42.661 [http-nio-auto-17-exec-3] DEBUG o.s.w.r.r.m.a.RequestMappingHandlerMapping - [6213943d] Mapped to org.springframework.web.reactive.result.method.annotation.CrossOriginAnnotationIntegrationTests$ClassLevelController#baz()
16:11:42.661 [http-nio-auto-17-exec-3] DEBUG o.s.w.r.r.m.a.ResponseBodyResultHandler - Using 'text/plain;charset=UTF-8' given [text/plain, application/json, application/x-jackson-smile, application/*+json, */*] and supported [text/plain;charset=UTF-8, text/event-stream, text/plain;charset=UTF-8, */*]
16:11:42.661 [http-nio-auto-17-exec-3] DEBUG o.s.w.r.r.m.a.ResponseBodyResultHandler - [6213943d] 0..1 [java.lang.String]
16:11:42.662 [http-nio-auto-17-exec-3] DEBUG o.s.c.c.CharSequenceEncoder - [6213943d] Writing "baz"
16:11:42.663 [http-nio-auto-17-exec-3] DEBUG o.s.w.s.a.HttpWebHandlerAdapter - [6213943d] Completed 200 OK
16:11:42.664 [Test worker] DEBUG o.s.w.c.RestTemplate - Response 200 OK
16:11:42.665 [Test worker] DEBUG o.s.w.c.RestTemplate - Reading to [java.lang.String] as "text/plain;charset=UTF-8"
16:11:42.666 [Test worker] DEBUG o.s.w.t.h.s.r.b.TomcatHttpServer - Stopping TomcatHttpServer...
16:11:42.704 [Test worker] DEBUG o.s.w.t.h.s.r.b.TomcatHttpServer - Server stopped (0 millis).
16:11:42.941 [Test worker] DEBUG o.s.w.r.r.m.a.RequestMappingHandlerMapping - 16 mappings in 'requestMappingHandlerMapping'
16:11:43.024 [Test worker] DEBUG o.s.w.r.r.m.a.ControllerMethodResolver - ControllerAdvice beans: none
16:11:43.072 [Test worker] DEBUG o.s.w.s.a.HttpWebHandlerAdapter - enableLoggingRequestDetails='false': form data and headers will be masked to prevent unsafe logging of potentially sensitive data
16:11:43.073 [Test worker] DEBUG o.s.w.t.h.s.r.b.UndertowHttpServer - Starting UndertowHttpServer...
16:11:43.073 [Test worker] INFO  i.undertow - starting server: Undertow - 2.0.32.Final
16:11:43.083 [Test worker] DEBUG o.s.w.t.h.s.r.b.UndertowHttpServer - Server started on port 55406(0 millis).
16:11:43.084 [Test worker] DEBUG o.s.w.c.RestTemplate - HTTP GET http://localhost:55406/foo
16:11:43.084 [Test worker] DEBUG o.s.w.c.RestTemplate - Accept=[text/plain, application/json, application/x-jackson-smile, application/*+json, */*]
16:11:43.087 [XNIO-17 I/O-7] DEBUG o.s.w.s.a.HttpWebHandlerAdapter - [68e19e27] HTTP GET "/foo"
16:11:43.087 [XNIO-17 I/O-7] DEBUG o.s.w.r.r.m.a.RequestMappingHandlerMapping - [68e19e27] Mapped to org.springframework.web.reactive.result.method.annotation.CrossOriginAnnotationIntegrationTests$ClassLevelController#foo()
16:11:43.089 [XNIO-17 I/O-7] DEBUG o.s.w.r.r.m.a.ResponseBodyResultHandler - Using 'text/plain;charset=UTF-8' given [text/plain, application/json, application/x-jackson-smile, application/*+json, */*] and supported [text/plain;charset=UTF-8, text/event-stream, text/plain;charset=UTF-8, */*]
16:11:43.089 [XNIO-17 I/O-7] DEBUG o.s.w.r.r.m.a.ResponseBodyResultHandler - [68e19e27] 0..1 [java.lang.String]
16:11:43.089 [XNIO-17 I/O-7] DEBUG o.s.c.c.CharSequenceEncoder - [68e19e27] Writing "foo"
16:11:43.090 [XNIO-17 I/O-7] DEBUG o.s.w.s.a.HttpWebHandlerAdapter - [68e19e27] Completed 200 OK
16:11:43.091 [Test worker] DEBUG o.s.w.c.RestTemplate - Response 200 OK
16:11:43.093 [Test worker] DEBUG o.s.w.c.RestTemplate - Reading to [java.lang.String] as "text/plain;charset=UTF-8"
16:11:43.093 [Test worker] DEBUG o.s.w.c.RestTemplate - HTTP GET http://localhost:55406/bar
16:11:43.094 [Test worker] DEBUG o.s.w.c.RestTemplate - Accept=[text/plain, application/json, application/x-jackson-smile, application/*+json, */*]
16:11:43.095 [XNIO-17 I/O-7] DEBUG o.s.w.s.a.HttpWebHandlerAdapter - [68e19e27] HTTP GET "/bar"
16:11:43.095 [XNIO-17 I/O-7] DEBUG o.s.w.r.r.m.a.RequestMappingHandlerMapping - [68e19e27] Mapped to org.springframework.web.reactive.result.method.annotation.CrossOriginAnnotationIntegrationTests$ClassLevelController#bar()
16:11:43.096 [XNIO-17 I/O-7] DEBUG o.s.w.r.r.m.a.ResponseBodyResultHandler - Using 'text/plain;charset=UTF-8' given [text/plain, application/json, application/x-jackson-smile, application/*+json, */*] and supported [text/plain;charset=UTF-8, text/event-stream, text/plain;charset=UTF-8, */*]
16:11:43.096 [XNIO-17 I/O-7] DEBUG o.s.w.r.r.m.a.ResponseBodyResultHandler - [68e19e27] 0..1 [java.lang.String]
16:11:43.096 [XNIO-17 I/O-7] DEBUG o.s.c.c.CharSequenceEncoder - [68e19e27] Writing "bar"
16:11:43.097 [XNIO-17 I/O-7] DEBUG o.s.w.s.a.HttpWebHandlerAdapter - [68e19e27] Completed 200 OK
16:11:43.097 [Test worker] DEBUG o.s.w.c.RestTemplate - Response 200 OK
16:11:43.097 [Test worker] DEBUG o.s.w.c.RestTemplate - Reading to [java.lang.String] as "text/plain;charset=UTF-8"
16:11:43.098 [Test worker] DEBUG o.s.w.c.RestTemplate - HTTP GET http://localhost:55406/baz
16:11:43.098 [Test worker] DEBUG o.s.w.c.RestTemplate - Accept=[text/plain, application/json, application/x-jackson-smile, application/*+json, */*]
16:11:43.099 [XNIO-17 I/O-7] DEBUG o.s.w.s.a.HttpWebHandlerAdapter - [68e19e27] HTTP GET "/baz"
16:11:43.099 [XNIO-17 I/O-7] DEBUG o.s.w.r.r.m.a.RequestMappingHandlerMapping - [68e19e27] Mapped to org.springframework.web.reactive.result.method.annotation.CrossOriginAnnotationIntegrationTests$ClassLevelController#baz()
16:11:43.100 [XNIO-17 I/O-7] DEBUG o.s.w.r.r.m.a.ResponseBodyResultHandler - Using 'text/plain;charset=UTF-8' given [text/plain, application/json, application/x-jackson-smile, application/*+json, */*] and supported [text/plain;charset=UTF-8, text/event-stream, text/plain;charset=UTF-8, */*]
16:11:43.100 [XNIO-17 I/O-7] DEBUG o.s.w.r.r.m.a.ResponseBodyResultHandler - [68e19e27] 0..1 [java.lang.String]
16:11:43.100 [XNIO-17 I/O-7] DEBUG o.s.c.c.CharSequenceEncoder - [68e19e27] Writing "baz"
16:11:43.101 [XNIO-17 I/O-7] DEBUG o.s.w.s.a.HttpWebHandlerAdapter - [68e19e27] Completed 200 OK
16:11:43.101 [Test worker] DEBUG o.s.w.c.RestTemplate - Response 200 OK
16:11:43.102 [Test worker] DEBUG o.s.w.c.RestTemplate - Reading to [java.lang.String] as "text/plain;charset=UTF-8"
16:11:43.102 [Test worker] DEBUG o.s.w.t.h.s.r.b.UndertowHttpServer - Stopping UndertowHttpServer...
16:11:43.102 [Test worker] INFO  i.undertow - stopping server: Undertow - 2.0.32.Final
16:11:43.104 [Test worker] DEBUG o.s.w.t.h.s.r.b.UndertowHttpServer - Server stopped (0 millis).
16:11:43.298 [Test worker] DEBUG o.s.w.r.r.m.a.RequestMappingHandlerMapping - 16 mappings in 'requestMappingHandlerMapping'
16:11:43.383 [Test worker] DEBUG o.s.w.r.r.m.a.ControllerMethodResolver - ControllerAdvice beans: none
16:11:43.480 [Test worker] DEBUG o.s.w.s.a.HttpWebHandlerAdapter - enableLoggingRequestDetails='false': form data and headers will be masked to prevent unsafe logging of potentially sensitive data
16:11:43.480 [Test worker] WARN  o.e.j.s.h.ContextHandler - Empty contextPath
16:11:43.480 [Test worker] INFO  o.e.j.s.h.ContextHandler - Started o.e.j.s.ServletContextHandler@3b9575ff{/,null,AVAILABLE}
16:11:43.481 [Test worker] DEBUG o.s.w.t.h.s.r.b.JettyHttpServer - Starting JettyHttpServer...
16:11:43.481 [Test worker] INFO  o.e.j.s.Server - jetty-9.4.31.v20200723; built: 2020-07-23T17:57:36.812Z; git: 450ba27947e13e66baa8cd1ce7e85a4461cacc1d; jvm 1.8.0_201-b09
16:11:43.487 [Test worker] INFO  o.e.j.s.AbstractConnector - Started ServerConnector@4337b782{HTTP/1.1, (http/1.1)}{0.0.0.0:55411}
16:11:43.487 [Test worker] INFO  o.e.j.s.Server - Started @71350ms
16:11:43.488 [Test worker] DEBUG o.s.w.t.h.s.r.b.JettyHttpServer - Server started on port 55411(0 millis).
16:11:43.488 [Test worker] DEBUG o.s.w.c.RestTemplate - HTTP GET http://localhost:55411/default
16:11:43.488 [Test worker] DEBUG o.s.w.c.RestTemplate - Accept=[text/plain, application/json, application/x-jackson-smile, application/*+json, */*]
16:11:43.491 [qtp992470899-692] DEBUG o.s.w.s.a.HttpWebHandlerAdapter - [3b687550] HTTP GET "/default"
16:11:43.492 [qtp992470899-692] DEBUG o.s.w.r.r.m.a.RequestMappingHandlerMapping - [3b687550] Mapped to org.springframework.web.reactive.result.method.annotation.CrossOriginAnnotationIntegrationTests$MethodLevelController#defaultAnnotation()
16:11:43.493 [qtp992470899-692] DEBUG o.s.w.r.r.m.a.ResponseBodyResultHandler - Using 'text/plain;charset=UTF-8' given [text/plain, application/json, application/x-jackson-smile, application/*+json, */*] and supported [text/plain;charset=UTF-8, text/event-stream, text/plain;charset=UTF-8, */*]
16:11:43.493 [qtp992470899-692] DEBUG o.s.w.r.r.m.a.ResponseBodyResultHandler - [3b687550] 0..1 [java.lang.String]
16:11:43.494 [qtp992470899-692] DEBUG o.s.c.c.CharSequenceEncoder - [3b687550] Writing "default"
16:11:43.494 [qtp992470899-692] DEBUG o.s.w.s.a.HttpWebHandlerAdapter - [3b687550] Completed 200 OK
16:11:43.495 [Test worker] DEBUG o.s.w.c.RestTemplate - Response 200 OK
16:11:43.495 [Test worker] DEBUG o.s.w.c.RestTemplate - Reading to [java.lang.String] as "text/plain;charset=utf-8"
16:11:43.495 [Test worker] DEBUG o.s.w.t.h.s.r.b.JettyHttpServer - Stopping JettyHttpServer...
16:11:43.495 [Test worker] INFO  o.e.j.s.h.ContextHandler - Stopped o.e.j.s.ServletContextHandler@3b9575ff{/,null,UNAVAILABLE}
16:11:43.497 [Test worker] INFO  o.e.j.s.AbstractConnector - Stopped ServerConnector@4337b782{HTTP/1.1, (http/1.1)}{0.0.0.0:0}
16:11:43.508 [Test worker] DEBUG o.s.w.t.h.s.r.b.JettyHttpServer - Server stopped (0 millis).
16:11:43.685 [Test worker] DEBUG o.s.w.r.r.m.a.RequestMappingHandlerMapping - 16 mappings in 'requestMappingHandlerMapping'
16:11:43.783 [Test worker] DEBUG o.s.w.r.r.m.a.ControllerMethodResolver - ControllerAdvice beans: none
16:11:43.892 [Test worker] DEBUG o.s.w.s.a.HttpWebHandlerAdapter - enableLoggingRequestDetails='false': form data and headers will be masked to prevent unsafe logging of potentially sensitive data
16:11:43.892 [Test worker] DEBUG o.s.w.t.h.s.r.b.ReactorHttpServer - Starting ReactorHttpServer...
16:11:43.894 [Test worker] DEBUG o.s.w.t.h.s.r.b.ReactorHttpServer - Server started on port 55418(0 millis).
16:11:43.896 [Test worker] DEBUG o.s.w.c.RestTemplate - HTTP GET http://localhost:55418/default
16:11:43.896 [Test worker] DEBUG o.s.w.c.RestTemplate - Accept=[text/plain, application/json, application/x-jackson-smile, application/*+json, */*]
16:11:43.900 [reactor-http-nio-4] DEBUG o.s.w.s.a.HttpWebHandlerAdapter - [92ea3405-20] HTTP GET "/default"
16:11:43.900 [reactor-http-nio-4] DEBUG o.s.w.r.r.m.a.RequestMappingHandlerMapping - [92ea3405-20] Mapped to org.springframework.web.reactive.result.method.annotation.CrossOriginAnnotationIntegrationTests$MethodLevelController#defaultAnnotation()
16:11:43.901 [reactor-http-nio-4] DEBUG o.s.w.r.r.m.a.ResponseBodyResultHandler - Using 'text/plain;charset=UTF-8' given [text/plain, application/json, application/x-jackson-smile, application/*+json, */*] and supported [text/plain;charset=UTF-8, text/event-stream, text/plain;charset=UTF-8, */*]
16:11:43.901 [reactor-http-nio-4] DEBUG o.s.w.r.r.m.a.ResponseBodyResultHandler - [92ea3405-20] 0..1 [java.lang.String]
16:11:43.902 [reactor-http-nio-4] DEBUG o.s.c.c.CharSequenceEncoder - [92ea3405-20] Writing "default"
16:11:43.904 [reactor-http-nio-4] DEBUG o.s.w.s.a.HttpWebHandlerAdapter - [92ea3405-20] Completed 200 OK
16:11:43.905 [Test worker] DEBUG o.s.w.c.RestTemplate - Response 200 OK
16:11:43.905 [Test worker] DEBUG o.s.w.c.RestTemplate - Reading to [java.lang.String] as "text/plain;charset=UTF-8"
16:11:43.906 [Test worker] DEBUG o.s.w.t.h.s.r.b.ReactorHttpServer - Stopping ReactorHttpServer...
16:11:43.906 [Test worker] DEBUG o.s.w.t.h.s.r.b.ReactorHttpServer - Server stopped (0 millis).
16:11:44.188 [Test worker] DEBUG o.s.w.r.r.m.a.RequestMappingHandlerMapping - 16 mappings in 'requestMappingHandlerMapping'
16:11:44.266 [Test worker] DEBUG o.s.w.r.r.m.a.ControllerMethodResolver - ControllerAdvice beans: none
16:11:44.352 [Test worker] DEBUG o.s.w.s.a.HttpWebHandlerAdapter - enableLoggingRequestDetails='false': form data and headers will be masked to prevent unsafe logging of potentially sensitive data
16:11:44.352 [Test worker] DEBUG o.s.w.t.h.s.r.b.TomcatHttpServer - Starting TomcatHttpServer...
16:11:44.392 [Test worker] DEBUG o.s.w.t.h.s.r.b.TomcatHttpServer - Server started on port 55429(0 millis).
16:11:44.392 [Test worker] DEBUG o.s.w.c.RestTemplate - HTTP GET http://localhost:55429/default
16:11:44.393 [Test worker] DEBUG o.s.w.c.RestTemplate - Accept=[text/plain, application/json, application/x-jackson-smile, application/*+json, */*]
16:11:44.397 [http-nio-auto-18-exec-1] DEBUG o.s.w.s.a.HttpWebHandlerAdapter - [51519e92] HTTP GET "/default"
16:11:44.398 [http-nio-auto-18-exec-1] DEBUG o.s.w.r.r.m.a.RequestMappingHandlerMapping - [51519e92] Mapped to org.springframework.web.reactive.result.method.annotation.CrossOriginAnnotationIntegrationTests$MethodLevelController#defaultAnnotation()
16:11:44.399 [http-nio-auto-18-exec-1] DEBUG o.s.w.r.r.m.a.ResponseBodyResultHandler - Using 'text/plain;charset=UTF-8' given [text/plain, application/json, application/x-jackson-smile, application/*+json, */*] and supported [text/plain;charset=UTF-8, text/event-stream, text/plain;charset=UTF-8, */*]
16:11:44.399 [http-nio-auto-18-exec-1] DEBUG o.s.w.r.r.m.a.ResponseBodyResultHandler - [51519e92] 0..1 [java.lang.String]
16:11:44.399 [http-nio-auto-18-exec-1] DEBUG o.s.c.c.CharSequenceEncoder - [51519e92] Writing "default"
16:11:44.400 [http-nio-auto-18-exec-1] DEBUG o.s.w.s.a.HttpWebHandlerAdapter - [51519e92] Completed 200 OK
16:11:44.419 [Test worker] DEBUG o.s.w.c.RestTemplate - Response 200 OK
16:11:44.419 [Test worker] DEBUG o.s.w.c.RestTemplate - Reading to [java.lang.String] as "text/plain;charset=UTF-8"
16:11:44.420 [Test worker] DEBUG o.s.w.t.h.s.r.b.TomcatHttpServer - Stopping TomcatHttpServer...
16:11:44.461 [Test worker] DEBUG o.s.w.t.h.s.r.b.TomcatHttpServer - Server stopped (0 millis).
16:11:44.686 [Test worker] DEBUG o.s.w.r.r.m.a.RequestMappingHandlerMapping - 16 mappings in 'requestMappingHandlerMapping'
16:11:44.770 [Test worker] DEBUG o.s.w.r.r.m.a.ControllerMethodResolver - ControllerAdvice beans: none
16:11:44.847 [Test worker] DEBUG o.s.w.s.a.HttpWebHandlerAdapter - enableLoggingRequestDetails='false': form data and headers will be masked to prevent unsafe logging of potentially sensitive data
16:11:44.847 [Test worker] DEBUG o.s.w.t.h.s.r.b.UndertowHttpServer - Starting UndertowHttpServer...
16:11:44.847 [Test worker] INFO  i.undertow - starting server: Undertow - 2.0.32.Final
16:11:44.948 [Test worker] DEBUG o.s.w.t.h.s.r.b.UndertowHttpServer - Server started on port 55439(0 millis).
16:11:44.948 [Test worker] DEBUG o.s.w.c.RestTemplate - HTTP GET http://localhost:55439/default
16:11:44.949 [Test worker] DEBUG o.s.w.c.RestTemplate - Accept=[text/plain, application/json, application/x-jackson-smile, application/*+json, */*]
16:11:44.951 [XNIO-18 I/O-6] DEBUG o.s.w.s.a.HttpWebHandlerAdapter - [3af20162] HTTP GET "/default"
16:11:44.951 [XNIO-18 I/O-6] DEBUG o.s.w.r.r.m.a.RequestMappingHandlerMapping - [3af20162] Mapped to org.springframework.web.reactive.result.method.annotation.CrossOriginAnnotationIntegrationTests$MethodLevelController#defaultAnnotation()
16:11:44.952 [XNIO-18 I/O-6] DEBUG o.s.w.r.r.m.a.ResponseBodyResultHandler - Using 'text/plain;charset=UTF-8' given [text/plain, application/json, application/x-jackson-smile, application/*+json, */*] and supported [text/plain;charset=UTF-8, text/event-stream, text/plain;charset=UTF-8, */*]
16:11:44.953 [XNIO-18 I/O-6] DEBUG o.s.w.r.r.m.a.ResponseBodyResultHandler - [3af20162] 0..1 [java.lang.String]
16:11:44.953 [XNIO-18 I/O-6] DEBUG o.s.c.c.CharSequenceEncoder - [3af20162] Writing "default"
16:11:44.954 [XNIO-18 I/O-6] DEBUG o.s.w.s.a.HttpWebHandlerAdapter - [3af20162] Completed 200 OK
16:11:44.954 [Test worker] DEBUG o.s.w.c.RestTemplate - Response 200 OK
16:11:44.955 [Test worker] DEBUG o.s.w.c.RestTemplate - Reading to [java.lang.String] as "text/plain;charset=UTF-8"
16:11:44.955 [Test worker] DEBUG o.s.w.t.h.s.r.b.UndertowHttpServer - Stopping UndertowHttpServer...
16:11:44.955 [Test worker] INFO  i.undertow - stopping server: Undertow - 2.0.32.Final
16:11:44.957 [Test worker] DEBUG o.s.w.t.h.s.r.b.UndertowHttpServer - Server stopped (0 millis).
16:11:45.171 [Test worker] DEBUG o.s.w.r.r.m.a.RequestMappingHandlerMapping - 16 mappings in 'requestMappingHandlerMapping'
16:11:45.294 [Test worker] DEBUG o.s.w.r.r.m.a.ControllerMethodResolver - ControllerAdvice beans: none
16:11:45.353 [Test worker] DEBUG o.s.w.s.a.HttpWebHandlerAdapter - enableLoggingRequestDetails='false': form data and headers will be masked to prevent unsafe logging of potentially sensitive data
16:11:45.354 [Test worker] WARN  o.e.j.s.h.ContextHandler - Empty contextPath
16:11:45.354 [Test worker] INFO  o.e.j.s.h.ContextHandler - Started o.e.j.s.ServletContextHandler@2c0375f0{/,null,AVAILABLE}
16:11:45.354 [Test worker] DEBUG o.s.w.t.h.s.r.b.JettyHttpServer - Starting JettyHttpServer...
16:11:45.354 [Test worker] INFO  o.e.j.s.Server - jetty-9.4.31.v20200723; built: 2020-07-23T17:57:36.812Z; git: 450ba27947e13e66baa8cd1ce7e85a4461cacc1d; jvm 1.8.0_201-b09
16:11:45.365 [Test worker] INFO  o.e.j.s.AbstractConnector - Started ServerConnector@5c56fcd7{HTTP/1.1, (http/1.1)}{0.0.0.0:55446}
16:11:45.365 [Test worker] INFO  o.e.j.s.Server - Started @73229ms
16:11:45.365 [Test worker] DEBUG o.s.w.t.h.s.r.b.JettyHttpServer - Server started on port 55446(0 millis).
16:11:45.365 [Test worker] DEBUG o.s.w.c.RestTemplate - HTTP GET http://localhost:55446/customized
16:11:45.366 [Test worker] DEBUG o.s.w.c.RestTemplate - Accept=[text/plain, application/json, application/x-jackson-smile, application/*+json, */*]
16:11:45.369 [qtp1643372627-730] DEBUG o.s.w.s.a.HttpWebHandlerAdapter - [414d62f3] HTTP GET "/customized"
16:11:45.369 [qtp1643372627-730] DEBUG o.s.w.r.r.m.a.RequestMappingHandlerMapping - [414d62f3] Mapped to org.springframework.web.reactive.result.method.annotation.CrossOriginAnnotationIntegrationTests$MethodLevelController#customized()
16:11:45.371 [qtp1643372627-730] DEBUG o.s.w.r.r.m.a.ResponseBodyResultHandler - Using 'text/plain;charset=UTF-8' given [text/plain, application/json, application/x-jackson-smile, application/*+json, */*] and supported [text/plain;charset=UTF-8, text/event-stream, text/plain;charset=UTF-8, */*]
16:11:45.371 [qtp1643372627-730] DEBUG o.s.w.r.r.m.a.ResponseBodyResultHandler - [414d62f3] 0..1 [java.lang.String]
16:11:45.371 [qtp1643372627-730] DEBUG o.s.c.c.CharSequenceEncoder - [414d62f3] Writing "customized"
16:11:45.372 [qtp1643372627-730] DEBUG o.s.w.s.a.HttpWebHandlerAdapter - [414d62f3] Completed 200 OK
16:11:45.372 [Test worker] DEBUG o.s.w.c.RestTemplate - Response 200 OK
16:11:45.372 [Test worker] DEBUG o.s.w.c.RestTemplate - Reading to [java.lang.String] as "text/plain;charset=utf-8"
16:11:45.373 [Test worker] DEBUG o.s.w.t.h.s.r.b.JettyHttpServer - Stopping JettyHttpServer...
16:11:45.373 [Test worker] INFO  o.e.j.s.h.ContextHandler - Stopped o.e.j.s.ServletContextHandler@2c0375f0{/,null,UNAVAILABLE}
16:11:45.376 [Test worker] INFO  o.e.j.s.AbstractConnector - Stopped ServerConnector@5c56fcd7{HTTP/1.1, (http/1.1)}{0.0.0.0:0}
16:11:45.386 [Test worker] DEBUG o.s.w.t.h.s.r.b.JettyHttpServer - Server stopped (0 millis).
16:11:45.625 [Test worker] DEBUG o.s.w.r.r.m.a.RequestMappingHandlerMapping - 16 mappings in 'requestMappingHandlerMapping'
16:11:45.698 [Test worker] DEBUG o.s.w.r.r.m.a.ControllerMethodResolver - ControllerAdvice beans: none
16:11:45.854 [Test worker] DEBUG o.s.w.s.a.HttpWebHandlerAdapter - enableLoggingRequestDetails='false': form data and headers will be masked to prevent unsafe logging of potentially sensitive data
16:11:45.855 [Test worker] DEBUG o.s.w.t.h.s.r.b.ReactorHttpServer - Starting ReactorHttpServer...
16:11:45.859 [Test worker] DEBUG o.s.w.t.h.s.r.b.ReactorHttpServer - Server started on port 55453(0 millis).
16:11:45.859 [Test worker] DEBUG o.s.w.c.RestTemplate - HTTP GET http://localhost:55453/customized
16:11:45.859 [Test worker] DEBUG o.s.w.c.RestTemplate - Accept=[text/plain, application/json, application/x-jackson-smile, application/*+json, */*]
16:11:45.872 [reactor-http-nio-6] DEBUG o.s.w.s.a.HttpWebHandlerAdapter - [e4270042-21] HTTP GET "/customized"
16:11:45.873 [reactor-http-nio-6] DEBUG o.s.w.r.r.m.a.RequestMappingHandlerMapping - [e4270042-21] Mapped to org.springframework.web.reactive.result.method.annotation.CrossOriginAnnotationIntegrationTests$MethodLevelController#customized()
16:11:45.874 [reactor-http-nio-6] DEBUG o.s.w.r.r.m.a.ResponseBodyResultHandler - Using 'text/plain;charset=UTF-8' given [text/plain, application/json, application/x-jackson-smile, application/*+json, */*] and supported [text/plain;charset=UTF-8, text/event-stream, text/plain;charset=UTF-8, */*]
16:11:45.874 [reactor-http-nio-6] DEBUG o.s.w.r.r.m.a.ResponseBodyResultHandler - [e4270042-21] 0..1 [java.lang.String]
16:11:45.874 [reactor-http-nio-6] DEBUG o.s.c.c.CharSequenceEncoder - [e4270042-21] Writing "customized"
16:11:45.878 [reactor-http-nio-6] DEBUG o.s.w.s.a.HttpWebHandlerAdapter - [e4270042-21] Completed 200 OK
16:11:45.878 [Test worker] DEBUG o.s.w.c.RestTemplate - Response 200 OK
16:11:45.878 [Test worker] DEBUG o.s.w.c.RestTemplate - Reading to [java.lang.String] as "text/plain;charset=UTF-8"
16:11:45.879 [Test worker] DEBUG o.s.w.t.h.s.r.b.ReactorHttpServer - Stopping ReactorHttpServer...
16:11:45.879 [Test worker] DEBUG o.s.w.t.h.s.r.b.ReactorHttpServer - Server stopped (0 millis).
16:11:46.105 [Test worker] DEBUG o.s.w.r.r.m.a.RequestMappingHandlerMapping - 16 mappings in 'requestMappingHandlerMapping'
16:11:46.161 [Test worker] DEBUG o.s.w.r.r.m.a.ControllerMethodResolver - ControllerAdvice beans: none
16:11:46.259 [Test worker] DEBUG o.s.w.s.a.HttpWebHandlerAdapter - enableLoggingRequestDetails='false': form data and headers will be masked to prevent unsafe logging of potentially sensitive data
16:11:46.259 [Test worker] DEBUG o.s.w.t.h.s.r.b.TomcatHttpServer - Starting TomcatHttpServer...
16:11:46.276 [Test worker] DEBUG o.s.w.t.h.s.r.b.TomcatHttpServer - Server started on port 55463(0 millis).
16:11:46.276 [Test worker] DEBUG o.s.w.c.RestTemplate - HTTP GET http://localhost:55463/customized
16:11:46.277 [Test worker] DEBUG o.s.w.c.RestTemplate - Accept=[text/plain, application/json, application/x-jackson-smile, application/*+json, */*]
16:11:46.282 [http-nio-auto-19-exec-1] DEBUG o.s.w.s.a.HttpWebHandlerAdapter - [3208006c] HTTP GET "/customized"
16:11:46.283 [http-nio-auto-19-exec-1] DEBUG o.s.w.r.r.m.a.RequestMappingHandlerMapping - [3208006c] Mapped to org.springframework.web.reactive.result.method.annotation.CrossOriginAnnotationIntegrationTests$MethodLevelController#customized()
16:11:46.284 [http-nio-auto-19-exec-1] DEBUG o.s.w.r.r.m.a.ResponseBodyResultHandler - Using 'text/plain;charset=UTF-8' given [text/plain, application/json, application/x-jackson-smile, application/*+json, */*] and supported [text/plain;charset=UTF-8, text/event-stream, text/plain;charset=UTF-8, */*]
16:11:46.284 [http-nio-auto-19-exec-1] DEBUG o.s.w.r.r.m.a.ResponseBodyResultHandler - [3208006c] 0..1 [java.lang.String]
16:11:46.284 [http-nio-auto-19-exec-1] DEBUG o.s.c.c.CharSequenceEncoder - [3208006c] Writing "customized"
16:11:46.285 [http-nio-auto-19-exec-1] DEBUG o.s.w.s.a.HttpWebHandlerAdapter - [3208006c] Completed 200 OK
16:11:46.286 [Test worker] DEBUG o.s.w.c.RestTemplate - Response 200 OK
16:11:46.287 [Test worker] DEBUG o.s.w.c.RestTemplate - Reading to [java.lang.String] as "text/plain;charset=UTF-8"
16:11:46.287 [Test worker] DEBUG o.s.w.t.h.s.r.b.TomcatHttpServer - Stopping TomcatHttpServer...
16:11:46.301 [Test worker] DEBUG o.s.w.t.h.s.r.b.TomcatHttpServer - Server stopped (0 millis).
16:11:46.562 [Test worker] DEBUG o.s.w.r.r.m.a.RequestMappingHandlerMapping - 16 mappings in 'requestMappingHandlerMapping'
16:11:46.649 [Test worker] DEBUG o.s.w.r.r.m.a.ControllerMethodResolver - ControllerAdvice beans: none
16:11:46.724 [Test worker] DEBUG o.s.w.s.a.HttpWebHandlerAdapter - enableLoggingRequestDetails='false': form data and headers will be masked to prevent unsafe logging of potentially sensitive data
16:11:46.724 [Test worker] DEBUG o.s.w.t.h.s.r.b.UndertowHttpServer - Starting UndertowHttpServer...
16:11:46.724 [Test worker] INFO  i.undertow - starting server: Undertow - 2.0.32.Final
16:11:46.730 [Test worker] DEBUG o.s.w.t.h.s.r.b.UndertowHttpServer - Server started on port 55472(0 millis).
16:11:46.730 [Test worker] DEBUG o.s.w.c.RestTemplate - HTTP GET http://localhost:55472/customized
16:11:46.730 [Test worker] DEBUG o.s.w.c.RestTemplate - Accept=[text/plain, application/json, application/x-jackson-smile, application/*+json, */*]
16:11:46.733 [XNIO-19 I/O-6] DEBUG o.s.w.s.a.HttpWebHandlerAdapter - [23837a52] HTTP GET "/customized"
16:11:46.734 [XNIO-19 I/O-6] DEBUG o.s.w.r.r.m.a.RequestMappingHandlerMapping - [23837a52] Mapped to org.springframework.web.reactive.result.method.annotation.CrossOriginAnnotationIntegrationTests$MethodLevelController#customized()
16:11:46.735 [XNIO-19 I/O-6] DEBUG o.s.w.r.r.m.a.ResponseBodyResultHandler - Using 'text/plain;charset=UTF-8' given [text/plain, application/json, application/x-jackson-smile, application/*+json, */*] and supported [text/plain;charset=UTF-8, text/event-stream, text/plain;charset=UTF-8, */*]
16:11:46.735 [XNIO-19 I/O-6] DEBUG o.s.w.r.r.m.a.ResponseBodyResultHandler - [23837a52] 0..1 [java.lang.String]
16:11:46.735 [XNIO-19 I/O-6] DEBUG o.s.c.c.CharSequenceEncoder - [23837a52] Writing "customized"
16:11:46.736 [XNIO-19 I/O-6] DEBUG o.s.w.s.a.HttpWebHandlerAdapter - [23837a52] Completed 200 OK
16:11:46.736 [Test worker] DEBUG o.s.w.c.RestTemplate - Response 200 OK
16:11:46.737 [Test worker] DEBUG o.s.w.c.RestTemplate - Reading to [java.lang.String] as "text/plain;charset=UTF-8"
16:11:46.737 [Test worker] DEBUG o.s.w.t.h.s.r.b.UndertowHttpServer - Stopping UndertowHttpServer...
16:11:46.737 [Test worker] INFO  i.undertow - stopping server: Undertow - 2.0.32.Final
16:11:46.739 [Test worker] DEBUG o.s.w.t.h.s.r.b.UndertowHttpServer - Server stopped (0 millis).
16:11:46.927 [Test worker] DEBUG o.s.w.r.r.m.a.RequestMappingHandlerMapping - 16 mappings in 'requestMappingHandlerMapping'
16:11:46.988 [Test worker] DEBUG o.s.w.r.r.m.a.ControllerMethodResolver - ControllerAdvice beans: none
16:11:47.059 [Test worker] DEBUG o.s.w.s.a.HttpWebHandlerAdapter - enableLoggingRequestDetails='false': form data and headers will be masked to prevent unsafe logging of potentially sensitive data
16:11:47.071 [Test worker] WARN  o.e.j.s.h.ContextHandler - Empty contextPath
16:11:47.072 [Test worker] INFO  o.e.j.s.h.ContextHandler - Started o.e.j.s.ServletContextHandler@580016ba{/,null,AVAILABLE}
16:11:47.072 [Test worker] DEBUG o.s.w.t.h.s.r.b.JettyHttpServer - Starting JettyHttpServer...
16:11:47.072 [Test worker] INFO  o.e.j.s.Server - jetty-9.4.31.v20200723; built: 2020-07-23T17:57:36.812Z; git: 450ba27947e13e66baa8cd1ce7e85a4461cacc1d; jvm 1.8.0_201-b09
16:11:47.077 [Test worker] INFO  o.e.j.s.AbstractConnector - Started ServerConnector@5f12029c{HTTP/1.1, (http/1.1)}{0.0.0.0:55480}
16:11:47.078 [Test worker] INFO  o.e.j.s.Server - Started @74942ms
16:11:47.078 [Test worker] DEBUG o.s.w.t.h.s.r.b.JettyHttpServer - Server started on port 55480(0 millis).
16:11:47.079 [Test worker] DEBUG o.s.w.c.RestTemplate - HTTP OPTIONS http://localhost:55480/no
16:11:47.120 [Test worker] DEBUG o.s.w.c.RestTemplate - Accept=[application/json, application/x-jackson-smile, application/*+json]
16:11:47.129 [qtp8881365-768] DEBUG o.s.w.s.a.HttpWebHandlerAdapter - [768cba35] HTTP OPTIONS "/no"
16:11:47.130 [qtp8881365-768] DEBUG o.s.w.r.r.m.a.RequestMappingHandlerMapping - [768cba35] Mapped to org.springframework.web.reactive.result.method.annotation.CrossOriginAnnotationIntegrationTests$MethodLevelController#noAnnotation()
16:11:47.130 [qtp8881365-768] DEBUG o.s.w.s.a.HttpWebHandlerAdapter - [768cba35] Completed 403 FORBIDDEN
16:11:47.131 [Test worker] DEBUG o.s.w.c.RestTemplate - Response 403 FORBIDDEN
16:11:47.139 [Test worker] DEBUG o.s.w.t.h.s.r.b.JettyHttpServer - Stopping JettyHttpServer...
16:11:47.139 [Test worker] INFO  o.e.j.s.h.ContextHandler - Stopped o.e.j.s.ServletContextHandler@580016ba{/,null,UNAVAILABLE}
16:11:47.141 [Test worker] INFO  o.e.j.s.AbstractConnector - Stopped ServerConnector@5f12029c{HTTP/1.1, (http/1.1)}{0.0.0.0:0}
16:11:47.152 [Test worker] DEBUG o.s.w.t.h.s.r.b.JettyHttpServer - Server stopped (0 millis).
16:11:47.343 [Test worker] DEBUG o.s.w.r.r.m.a.RequestMappingHandlerMapping - 16 mappings in 'requestMappingHandlerMapping'
16:11:47.404 [Test worker] DEBUG o.s.w.r.r.m.a.ControllerMethodResolver - ControllerAdvice beans: none
16:11:47.482 [Test worker] DEBUG o.s.w.s.a.HttpWebHandlerAdapter - enableLoggingRequestDetails='false': form data and headers will be masked to prevent unsafe logging of potentially sensitive data
16:11:47.482 [Test worker] DEBUG o.s.w.t.h.s.r.b.ReactorHttpServer - Starting ReactorHttpServer...
16:11:47.485 [Test worker] DEBUG o.s.w.t.h.s.r.b.ReactorHttpServer - Server started on port 55487(0 millis).
16:11:47.485 [Test worker] DEBUG o.s.w.c.RestTemplate - HTTP OPTIONS http://localhost:55487/no
16:11:47.485 [Test worker] DEBUG o.s.w.c.RestTemplate - Accept=[application/json, application/x-jackson-smile, application/*+json]
16:11:47.488 [reactor-http-nio-8] DEBUG o.s.w.s.a.HttpWebHandlerAdapter - [32a36bd0-22] HTTP OPTIONS "/no"
16:11:47.490 [reactor-http-nio-8] DEBUG o.s.w.r.r.m.a.RequestMappingHandlerMapping - [32a36bd0-22] Mapped to org.springframework.web.reactive.result.method.annotation.CrossOriginAnnotationIntegrationTests$MethodLevelController#noAnnotation()
16:11:47.490 [reactor-http-nio-8] DEBUG o.s.w.s.a.HttpWebHandlerAdapter - [32a36bd0-22] Completed 403 FORBIDDEN
16:11:47.492 [Test worker] DEBUG o.s.w.c.RestTemplate - Response 403 FORBIDDEN
16:11:47.493 [Test worker] DEBUG o.s.w.t.h.s.r.b.ReactorHttpServer - Stopping ReactorHttpServer...
16:11:47.493 [Test worker] DEBUG o.s.w.t.h.s.r.b.ReactorHttpServer - Server stopped (0 millis).
16:11:47.698 [Test worker] DEBUG o.s.w.r.r.m.a.RequestMappingHandlerMapping - 16 mappings in 'requestMappingHandlerMapping'
16:11:47.788 [Test worker] DEBUG o.s.w.r.r.m.a.ControllerMethodResolver - ControllerAdvice beans: none
16:11:47.833 [Test worker] DEBUG o.s.w.s.a.HttpWebHandlerAdapter - enableLoggingRequestDetails='false': form data and headers will be masked to prevent unsafe logging of potentially sensitive data
16:11:47.845 [Test worker] DEBUG o.s.w.t.h.s.r.b.TomcatHttpServer - Starting TomcatHttpServer...
16:11:47.858 [Test worker] DEBUG o.s.w.t.h.s.r.b.TomcatHttpServer - Server started on port 55496(0 millis).
16:11:47.859 [Test worker] DEBUG o.s.w.c.RestTemplate - HTTP OPTIONS http://localhost:55496/no
16:11:47.859 [Test worker] DEBUG o.s.w.c.RestTemplate - Accept=[application/json, application/x-jackson-smile, application/*+json]
16:11:47.866 [http-nio-auto-20-exec-1] DEBUG o.s.w.s.a.HttpWebHandlerAdapter - [3e3836e9] HTTP OPTIONS "/no"
16:11:47.867 [http-nio-auto-20-exec-1] DEBUG o.s.w.r.r.m.a.RequestMappingHandlerMapping - [3e3836e9] Mapped to org.springframework.web.reactive.result.method.annotation.CrossOriginAnnotationIntegrationTests$MethodLevelController#noAnnotation()
16:11:47.867 [http-nio-auto-20-exec-1] DEBUG o.s.w.s.a.HttpWebHandlerAdapter - [3e3836e9] Completed 403 FORBIDDEN
16:11:47.869 [Test worker] DEBUG o.s.w.c.RestTemplate - Response 403 FORBIDDEN
16:11:47.870 [Test worker] DEBUG o.s.w.t.h.s.r.b.TomcatHttpServer - Stopping TomcatHttpServer...
16:11:47.900 [Test worker] DEBUG o.s.w.t.h.s.r.b.TomcatHttpServer - Server stopped (0 millis).
16:11:48.098 [Test worker] DEBUG o.s.w.r.r.m.a.RequestMappingHandlerMapping - 16 mappings in 'requestMappingHandlerMapping'
16:11:48.170 [Test worker] DEBUG o.s.w.r.r.m.a.ControllerMethodResolver - ControllerAdvice beans: none
16:11:48.225 [Test worker] DEBUG o.s.w.s.a.HttpWebHandlerAdapter - enableLoggingRequestDetails='false': form data and headers will be masked to prevent unsafe logging of potentially sensitive data
16:11:48.225 [Test worker] DEBUG o.s.w.t.h.s.r.b.UndertowHttpServer - Starting UndertowHttpServer...
16:11:48.225 [Test worker] INFO  i.undertow - starting server: Undertow - 2.0.32.Final
16:11:48.260 [Test worker] DEBUG o.s.w.t.h.s.r.b.UndertowHttpServer - Server started on port 55506(0 millis).
16:11:48.261 [Test worker] DEBUG o.s.w.c.RestTemplate - HTTP OPTIONS http://localhost:55506/no
16:11:48.261 [Test worker] DEBUG o.s.w.c.RestTemplate - Accept=[application/json, application/x-jackson-smile, application/*+json]
16:11:48.264 [XNIO-20 I/O-6] DEBUG o.s.w.s.a.HttpWebHandlerAdapter - [4624c219] HTTP OPTIONS "/no"
16:11:48.265 [XNIO-20 I/O-6] DEBUG o.s.w.r.r.m.a.RequestMappingHandlerMapping - [4624c219] Mapped to org.springframework.web.reactive.result.method.annotation.CrossOriginAnnotationIntegrationTests$MethodLevelController#noAnnotation()
16:11:48.266 [XNIO-20 I/O-6] DEBUG o.s.w.s.a.HttpWebHandlerAdapter - [4624c219] Completed 403 FORBIDDEN
16:11:48.266 [Test worker] DEBUG o.s.w.c.RestTemplate - Response 403 FORBIDDEN
16:11:48.267 [Test worker] DEBUG o.s.w.t.h.s.r.b.UndertowHttpServer - Stopping UndertowHttpServer...
16:11:48.267 [Test worker] INFO  i.undertow - stopping server: Undertow - 2.0.32.Final
16:11:48.269 [Test worker] DEBUG o.s.w.t.h.s.r.b.UndertowHttpServer - Server stopped (0 millis).
16:11:48.434 [Test worker] DEBUG o.s.w.r.r.m.a.RequestMappingHandlerMapping - 16 mappings in 'requestMappingHandlerMapping'
16:11:48.518 [Test worker] DEBUG o.s.w.r.r.m.a.ControllerMethodResolver - ControllerAdvice beans: none
16:11:48.610 [Test worker] DEBUG o.s.w.s.a.HttpWebHandlerAdapter - enableLoggingRequestDetails='false': form data and headers will be masked to prevent unsafe logging of potentially sensitive data
16:11:48.611 [Test worker] WARN  o.e.j.s.h.ContextHandler - Empty contextPath
16:11:48.611 [Test worker] INFO  o.e.j.s.h.ContextHandler - Started o.e.j.s.ServletContextHandler@5d712265{/,null,AVAILABLE}
16:11:48.611 [Test worker] DEBUG o.s.w.t.h.s.r.b.JettyHttpServer - Starting JettyHttpServer...
16:11:48.611 [Test worker] INFO  o.e.j.s.Server - jetty-9.4.31.v20200723; built: 2020-07-23T17:57:36.812Z; git: 450ba27947e13e66baa8cd1ce7e85a4461cacc1d; jvm 1.8.0_201-b09
16:11:48.615 [Test worker] INFO  o.e.j.s.AbstractConnector - Started ServerConnector@2c94d25b{HTTP/1.1, (http/1.1)}{0.0.0.0:55515}
16:11:48.615 [Test worker] INFO  o.e.j.s.Server - Started @76479ms
16:11:48.615 [Test worker] DEBUG o.s.w.t.h.s.r.b.JettyHttpServer - Server started on port 55515(0 millis).
16:11:48.615 [Test worker] DEBUG o.s.w.c.RestTemplate - HTTP OPTIONS http://localhost:55515/ambiguous-header
16:11:48.616 [Test worker] DEBUG o.s.w.c.RestTemplate - Accept=[text/plain, application/json, application/x-jackson-smile, application/*+json, */*]
16:11:48.619 [qtp1976886747-806] DEBUG o.s.w.s.a.HttpWebHandlerAdapter - [18f43123] HTTP OPTIONS "/ambiguous-header"
16:11:48.620 [qtp1976886747-806] DEBUG o.s.w.r.r.m.a.RequestMappingHandlerMapping - [18f43123] Mapped to org.springframework.web.reactive.result.method.AbstractHandlerMethodMapping$PreFlightAmbiguousMatchHandler#handle()
16:11:48.621 [qtp1976886747-806] DEBUG o.s.w.s.a.HttpWebHandlerAdapter - [18f43123] Completed 200 OK
16:11:48.621 [Test worker] DEBUG o.s.w.c.RestTemplate - Response 200 OK
16:11:48.622 [Test worker] DEBUG o.s.w.t.h.s.r.b.JettyHttpServer - Stopping JettyHttpServer...
16:11:48.622 [Test worker] INFO  o.e.j.s.h.ContextHandler - Stopped o.e.j.s.ServletContextHandler@5d712265{/,null,UNAVAILABLE}
16:11:48.624 [Test worker] INFO  o.e.j.s.AbstractConnector - Stopped ServerConnector@2c94d25b{HTTP/1.1, (http/1.1)}{0.0.0.0:0}
16:11:48.635 [Test worker] DEBUG o.s.w.t.h.s.r.b.JettyHttpServer - Server stopped (0 millis).
16:11:48.820 [Test worker] DEBUG o.s.w.r.r.m.a.RequestMappingHandlerMapping - 16 mappings in 'requestMappingHandlerMapping'
16:11:48.935 [Test worker] DEBUG o.s.w.r.r.m.a.ControllerMethodResolver - ControllerAdvice beans: none
16:11:49.020 [Test worker] DEBUG o.s.w.s.a.HttpWebHandlerAdapter - enableLoggingRequestDetails='false': form data and headers will be masked to prevent unsafe logging of potentially sensitive data
16:11:49.020 [Test worker] DEBUG o.s.w.t.h.s.r.b.ReactorHttpServer - Starting ReactorHttpServer...
16:11:49.023 [Test worker] DEBUG o.s.w.t.h.s.r.b.ReactorHttpServer - Server started on port 55522(0 millis).
16:11:49.024 [Test worker] DEBUG o.s.w.c.RestTemplate - HTTP OPTIONS http://localhost:55522/ambiguous-header
16:11:49.024 [Test worker] DEBUG o.s.w.c.RestTemplate - Accept=[text/plain, application/json, application/x-jackson-smile, application/*+json, */*]
16:11:49.028 [reactor-http-nio-10] DEBUG o.s.w.s.a.HttpWebHandlerAdapter - [ab2d4465-23] HTTP OPTIONS "/ambiguous-header"
16:11:49.029 [reactor-http-nio-10] DEBUG o.s.w.r.r.m.a.RequestMappingHandlerMapping - [ab2d4465-23] Mapped to org.springframework.web.reactive.result.method.AbstractHandlerMethodMapping$PreFlightAmbiguousMatchHandler#handle()
16:11:49.030 [reactor-http-nio-10] DEBUG o.s.w.s.a.HttpWebHandlerAdapter - [ab2d4465-23] Completed 200 OK
16:11:49.033 [Test worker] DEBUG o.s.w.c.RestTemplate - Response 200 OK
16:11:49.033 [Test worker] DEBUG o.s.w.t.h.s.r.b.ReactorHttpServer - Stopping ReactorHttpServer...
16:11:49.033 [Test worker] DEBUG o.s.w.t.h.s.r.b.ReactorHttpServer - Server stopped (0 millis).
16:11:49.246 [Test worker] DEBUG o.s.w.r.r.m.a.RequestMappingHandlerMapping - 16 mappings in 'requestMappingHandlerMapping'
16:11:49.329 [Test worker] DEBUG o.s.w.r.r.m.a.ControllerMethodResolver - ControllerAdvice beans: none
16:11:49.405 [Test worker] DEBUG o.s.w.s.a.HttpWebHandlerAdapter - enableLoggingRequestDetails='false': form data and headers will be masked to prevent unsafe logging of potentially sensitive data
16:11:49.406 [Test worker] DEBUG o.s.w.t.h.s.r.b.TomcatHttpServer - Starting TomcatHttpServer...
16:11:49.418 [Test worker] DEBUG o.s.w.t.h.s.r.b.TomcatHttpServer - Server started on port 55530(0 millis).
16:11:49.418 [Test worker] DEBUG o.s.w.c.RestTemplate - HTTP OPTIONS http://localhost:55530/ambiguous-header
16:11:49.419 [Test worker] DEBUG o.s.w.c.RestTemplate - Accept=[text/plain, application/json, application/x-jackson-smile, application/*+json, */*]
16:11:49.423 [http-nio-auto-21-exec-1] DEBUG o.s.w.s.a.HttpWebHandlerAdapter - [27f9d718] HTTP OPTIONS "/ambiguous-header"
16:11:49.424 [http-nio-auto-21-exec-1] DEBUG o.s.w.r.r.m.a.RequestMappingHandlerMapping - [27f9d718] Mapped to org.springframework.web.reactive.result.method.AbstractHandlerMethodMapping$PreFlightAmbiguousMatchHandler#handle()
16:11:49.424 [http-nio-auto-21-exec-1] DEBUG o.s.w.s.a.HttpWebHandlerAdapter - [27f9d718] Completed 200 OK
16:11:49.426 [Test worker] DEBUG o.s.w.c.RestTemplate - Response 200 OK
16:11:49.426 [Test worker] DEBUG o.s.w.t.h.s.r.b.TomcatHttpServer - Stopping TomcatHttpServer...
16:11:49.458 [Test worker] DEBUG o.s.w.t.h.s.r.b.TomcatHttpServer - Server stopped (0 millis).
16:11:49.676 [Test worker] DEBUG o.s.w.r.r.m.a.RequestMappingHandlerMapping - 16 mappings in 'requestMappingHandlerMapping'
16:11:49.755 [Test worker] DEBUG o.s.w.r.r.m.a.ControllerMethodResolver - ControllerAdvice beans: none
16:11:49.823 [Test worker] DEBUG o.s.w.s.a.HttpWebHandlerAdapter - enableLoggingRequestDetails='false': form data and headers will be masked to prevent unsafe logging of potentially sensitive data
16:11:49.823 [Test worker] DEBUG o.s.w.t.h.s.r.b.UndertowHttpServer - Starting UndertowHttpServer...
16:11:49.823 [Test worker] INFO  i.undertow - starting server: Undertow - 2.0.32.Final
16:11:49.830 [Test worker] DEBUG o.s.w.t.h.s.r.b.UndertowHttpServer - Server started on port 55537(0 millis).
16:11:49.830 [Test worker] DEBUG o.s.w.c.RestTemplate - HTTP OPTIONS http://localhost:55537/ambiguous-header
16:11:49.831 [Test worker] DEBUG o.s.w.c.RestTemplate - Accept=[text/plain, application/json, application/x-jackson-smile, application/*+json, */*]
16:11:49.833 [XNIO-21 I/O-6] DEBUG o.s.w.s.a.HttpWebHandlerAdapter - [106dbc8] HTTP OPTIONS "/ambiguous-header"
16:11:49.835 [XNIO-21 I/O-6] DEBUG o.s.w.r.r.m.a.RequestMappingHandlerMapping - [106dbc8] Mapped to org.springframework.web.reactive.result.method.AbstractHandlerMethodMapping$PreFlightAmbiguousMatchHandler#handle()
16:11:49.836 [XNIO-21 I/O-6] DEBUG o.s.w.s.a.HttpWebHandlerAdapter - [106dbc8] Completed 200 OK
16:11:49.837 [Test worker] DEBUG o.s.w.c.RestTemplate - Response 200 OK
16:11:49.838 [Test worker] DEBUG o.s.w.t.h.s.r.b.UndertowHttpServer - Stopping UndertowHttpServer...
16:11:49.838 [Test worker] INFO  i.undertow - stopping server: Undertow - 2.0.32.Final
16:11:49.840 [Test worker] DEBUG o.s.w.t.h.s.r.b.UndertowHttpServer - Server stopped (0 millis).
16:11:50.028 [Test worker] DEBUG o.s.w.r.r.m.a.RequestMappingHandlerMapping - 16 mappings in 'requestMappingHandlerMapping'
16:11:50.097 [Test worker] DEBUG o.s.w.r.r.m.a.ControllerMethodResolver - ControllerAdvice beans: none
16:11:50.194 [Test worker] DEBUG o.s.w.s.a.HttpWebHandlerAdapter - enableLoggingRequestDetails='false': form data and headers will be masked to prevent unsafe logging of potentially sensitive data
16:11:50.195 [Test worker] WARN  o.e.j.s.h.ContextHandler - Empty contextPath
16:11:50.196 [Test worker] INFO  o.e.j.s.h.ContextHandler - Started o.e.j.s.ServletContextHandler@5a12b26e{/,null,AVAILABLE}
16:11:50.199 [Test worker] DEBUG o.s.w.t.h.s.r.b.JettyHttpServer - Starting JettyHttpServer...
16:11:50.200 [Test worker] INFO  o.e.j.s.Server - jetty-9.4.31.v20200723; built: 2020-07-23T17:57:36.812Z; git: 450ba27947e13e66baa8cd1ce7e85a4461cacc1d; jvm 1.8.0_201-b09
16:11:50.204 [Test worker] INFO  o.e.j.s.AbstractConnector - Started ServerConnector@242a07b8{HTTP/1.1, (http/1.1)}{0.0.0.0:55546}
16:11:50.205 [Test worker] INFO  o.e.j.s.Server - Started @78069ms
16:11:50.205 [Test worker] DEBUG o.s.w.t.h.s.r.b.JettyHttpServer - Server started on port 55546(0 millis).
16:11:50.205 [Test worker] DEBUG o.s.w.c.RestTemplate - HTTP OPTIONS http://localhost:55546/ambiguous-produces
16:11:50.205 [Test worker] DEBUG o.s.w.c.RestTemplate - Accept=[text/plain, application/json, application/x-jackson-smile, application/*+json, */*]
16:11:50.209 [qtp862775567-844] DEBUG o.s.w.s.a.HttpWebHandlerAdapter - [17a59c09] HTTP OPTIONS "/ambiguous-produces"
16:11:50.210 [qtp862775567-844] DEBUG o.s.w.r.r.m.a.RequestMappingHandlerMapping - [17a59c09] Mapped to org.springframework.web.reactive.result.method.AbstractHandlerMethodMapping$PreFlightAmbiguousMatchHandler#handle()
16:11:50.210 [qtp862775567-844] DEBUG o.s.w.s.a.HttpWebHandlerAdapter - [17a59c09] Completed 200 OK
16:11:50.211 [Test worker] DEBUG o.s.w.c.RestTemplate - Response 200 OK
16:11:50.211 [Test worker] DEBUG o.s.w.t.h.s.r.b.JettyHttpServer - Stopping JettyHttpServer...
16:11:50.212 [Test worker] INFO  o.e.j.s.h.ContextHandler - Stopped o.e.j.s.ServletContextHandler@5a12b26e{/,null,UNAVAILABLE}
16:11:50.216 [Test worker] INFO  o.e.j.s.AbstractConnector - Stopped ServerConnector@242a07b8{HTTP/1.1, (http/1.1)}{0.0.0.0:0}
16:11:50.227 [Test worker] DEBUG o.s.w.t.h.s.r.b.JettyHttpServer - Server stopped (0 millis).
16:11:50.443 [Test worker] DEBUG o.s.w.r.r.m.a.RequestMappingHandlerMapping - 16 mappings in 'requestMappingHandlerMapping'
16:11:50.511 [Test worker] DEBUG o.s.w.r.r.m.a.ControllerMethodResolver - ControllerAdvice beans: none
16:11:50.578 [Test worker] DEBUG o.s.w.s.a.HttpWebHandlerAdapter - enableLoggingRequestDetails='false': form data and headers will be masked to prevent unsafe logging of potentially sensitive data
16:11:50.578 [Test worker] DEBUG o.s.w.t.h.s.r.b.ReactorHttpServer - Starting ReactorHttpServer...
16:11:50.580 [Test worker] DEBUG o.s.w.t.h.s.r.b.ReactorHttpServer - Server started on port 55558(0 millis).
16:11:50.580 [Test worker] DEBUG o.s.w.c.RestTemplate - HTTP OPTIONS http://localhost:55558/ambiguous-produces
16:11:50.581 [Test worker] DEBUG o.s.w.c.RestTemplate - Accept=[text/plain, application/json, application/x-jackson-smile, application/*+json, */*]
16:11:50.583 [reactor-http-nio-12] DEBUG o.s.w.s.a.HttpWebHandlerAdapter - [a2628020-24] HTTP OPTIONS "/ambiguous-produces"
16:11:50.585 [reactor-http-nio-12] DEBUG o.s.w.r.r.m.a.RequestMappingHandlerMapping - [a2628020-24] Mapped to org.springframework.web.reactive.result.method.AbstractHandlerMethodMapping$PreFlightAmbiguousMatchHandler#handle()
16:11:50.585 [reactor-http-nio-12] DEBUG o.s.w.s.a.HttpWebHandlerAdapter - [a2628020-24] Completed 200 OK
16:11:50.588 [Test worker] DEBUG o.s.w.c.RestTemplate - Response 200 OK
16:11:50.588 [Test worker] DEBUG o.s.w.t.h.s.r.b.ReactorHttpServer - Stopping ReactorHttpServer...
16:11:50.588 [Test worker] DEBUG o.s.w.t.h.s.r.b.ReactorHttpServer - Server stopped (0 millis).
16:11:50.763 [Test worker] DEBUG o.s.w.r.r.m.a.RequestMappingHandlerMapping - 16 mappings in 'requestMappingHandlerMapping'
16:11:50.837 [Test worker] DEBUG o.s.w.r.r.m.a.ControllerMethodResolver - ControllerAdvice beans: none
16:11:50.900 [Test worker] DEBUG o.s.w.s.a.HttpWebHandlerAdapter - enableLoggingRequestDetails='false': form data and headers will be masked to prevent unsafe logging of potentially sensitive data
16:11:50.921 [Test worker] DEBUG o.s.w.t.h.s.r.b.TomcatHttpServer - Starting TomcatHttpServer...
16:11:50.962 [Test worker] DEBUG o.s.w.t.h.s.r.b.TomcatHttpServer - Server started on port 55568(0 millis).
16:11:50.962 [Test worker] DEBUG o.s.w.c.RestTemplate - HTTP OPTIONS http://localhost:55568/ambiguous-produces
16:11:50.963 [Test worker] DEBUG o.s.w.c.RestTemplate - Accept=[text/plain, application/json, application/x-jackson-smile, application/*+json, */*]
16:11:50.969 [http-nio-auto-22-exec-1] DEBUG o.s.w.s.a.HttpWebHandlerAdapter - [219bbc1d] HTTP OPTIONS "/ambiguous-produces"
16:11:50.970 [http-nio-auto-22-exec-1] DEBUG o.s.w.r.r.m.a.RequestMappingHandlerMapping - [219bbc1d] Mapped to org.springframework.web.reactive.result.method.AbstractHandlerMethodMapping$PreFlightAmbiguousMatchHandler#handle()
16:11:50.970 [http-nio-auto-22-exec-1] DEBUG o.s.w.s.a.HttpWebHandlerAdapter - [219bbc1d] Completed 200 OK
16:11:50.972 [Test worker] DEBUG o.s.w.c.RestTemplate - Response 200 OK
16:11:50.973 [Test worker] DEBUG o.s.w.t.h.s.r.b.TomcatHttpServer - Stopping TomcatHttpServer...
16:11:50.992 [Test worker] DEBUG o.s.w.t.h.s.r.b.TomcatHttpServer - Server stopped (0 millis).
16:11:51.184 [Test worker] DEBUG o.s.w.r.r.m.a.RequestMappingHandlerMapping - 16 mappings in 'requestMappingHandlerMapping'
16:11:51.248 [Test worker] DEBUG o.s.w.r.r.m.a.ControllerMethodResolver - ControllerAdvice beans: none
16:11:51.335 [Test worker] DEBUG o.s.w.s.a.HttpWebHandlerAdapter - enableLoggingRequestDetails='false': form data and headers will be masked to prevent unsafe logging of potentially sensitive data
16:11:51.336 [Test worker] DEBUG o.s.w.t.h.s.r.b.UndertowHttpServer - Starting UndertowHttpServer...
16:11:51.336 [Test worker] INFO  i.undertow - starting server: Undertow - 2.0.32.Final
16:11:51.350 [Test worker] DEBUG o.s.w.t.h.s.r.b.UndertowHttpServer - Server started on port 55575(0 millis).
16:11:51.350 [Test worker] DEBUG o.s.w.c.RestTemplate - HTTP OPTIONS http://localhost:55575/ambiguous-produces
16:11:51.351 [Test worker] DEBUG o.s.w.c.RestTemplate - Accept=[text/plain, application/json, application/x-jackson-smile, application/*+json, */*]
16:11:51.354 [XNIO-22 I/O-6] DEBUG o.s.w.s.a.HttpWebHandlerAdapter - [e26aa71] HTTP OPTIONS "/ambiguous-produces"
16:11:51.355 [XNIO-22 I/O-6] DEBUG o.s.w.r.r.m.a.RequestMappingHandlerMapping - [e26aa71] Mapped to org.springframework.web.reactive.result.method.AbstractHandlerMethodMapping$PreFlightAmbiguousMatchHandler#handle()
16:11:51.355 [XNIO-22 I/O-6] DEBUG o.s.w.s.a.HttpWebHandlerAdapter - [e26aa71] Completed 200 OK
16:11:51.356 [Test worker] DEBUG o.s.w.c.RestTemplate - Response 200 OK
16:11:51.357 [Test worker] DEBUG o.s.w.t.h.s.r.b.UndertowHttpServer - Stopping UndertowHttpServer...
16:11:51.357 [Test worker] INFO  i.undertow - stopping server: Undertow - 2.0.32.Final
16:11:51.360 [Test worker] DEBUG o.s.w.t.h.s.r.b.UndertowHttpServer - Server stopped (0 millis).
16:11:51.571 [Test worker] DEBUG o.s.w.r.r.m.a.RequestMappingHandlerMapping - 16 mappings in 'requestMappingHandlerMapping'
16:11:51.676 [Test worker] DEBUG o.s.w.r.r.m.a.ControllerMethodResolver - ControllerAdvice beans: none
16:11:51.767 [Test worker] DEBUG o.s.w.s.a.HttpWebHandlerAdapter - enableLoggingRequestDetails='false': form data and headers will be masked to prevent unsafe logging of potentially sensitive data
16:11:51.767 [Test worker] WARN  o.e.j.s.h.ContextHandler - Empty contextPath
16:11:51.768 [Test worker] INFO  o.e.j.s.h.ContextHandler - Started o.e.j.s.ServletContextHandler@790b233c{/,null,AVAILABLE}
16:11:51.768 [Test worker] DEBUG o.s.w.t.h.s.r.b.JettyHttpServer - Starting JettyHttpServer...
16:11:51.768 [Test worker] INFO  o.e.j.s.Server - jetty-9.4.31.v20200723; built: 2020-07-23T17:57:36.812Z; git: 450ba27947e13e66baa8cd1ce7e85a4461cacc1d; jvm 1.8.0_201-b09
16:11:51.781 [Test worker] INFO  o.e.j.s.AbstractConnector - Started ServerConnector@59939107{HTTP/1.1, (http/1.1)}{0.0.0.0:55585}
16:11:51.781 [Test worker] INFO  o.e.j.s.Server - Started @79646ms
16:11:51.781 [Test worker] DEBUG o.s.w.t.h.s.r.b.JettyHttpServer - Server started on port 55585(0 millis).
16:11:51.781 [Test worker] DEBUG o.s.w.c.RestTemplate - HTTP OPTIONS http://localhost:55585/default
16:11:51.782 [Test worker] DEBUG o.s.w.c.RestTemplate - Accept=[application/json, application/x-jackson-smile, application/*+json]
16:11:51.785 [qtp759118751-882] DEBUG o.s.w.s.a.HttpWebHandlerAdapter - [75eb74a8] HTTP OPTIONS "/default"
16:11:51.786 [qtp759118751-882] DEBUG o.s.w.r.r.m.a.RequestMappingHandlerMapping - [75eb74a8] Mapped to org.springframework.web.reactive.result.method.annotation.CrossOriginAnnotationIntegrationTests$MethodLevelController#defaultAnnotation()
16:11:51.786 [qtp759118751-882] DEBUG o.s.w.s.a.HttpWebHandlerAdapter - [75eb74a8] Completed 200 OK
16:11:51.787 [Test worker] DEBUG o.s.w.c.RestTemplate - Response 200 OK
16:11:51.788 [Test worker] DEBUG o.s.w.t.h.s.r.b.JettyHttpServer - Stopping JettyHttpServer...
16:11:51.788 [Test worker] INFO  o.e.j.s.h.ContextHandler - Stopped o.e.j.s.ServletContextHandler@790b233c{/,null,UNAVAILABLE}
16:11:51.790 [Test worker] INFO  o.e.j.s.AbstractConnector - Stopped ServerConnector@59939107{HTTP/1.1, (http/1.1)}{0.0.0.0:0}
16:11:51.801 [Test worker] DEBUG o.s.w.t.h.s.r.b.JettyHttpServer - Server stopped (0 millis).
16:11:51.950 [Test worker] DEBUG o.s.w.r.r.m.a.RequestMappingHandlerMapping - 16 mappings in 'requestMappingHandlerMapping'
16:11:52.066 [Test worker] DEBUG o.s.w.r.r.m.a.ControllerMethodResolver - ControllerAdvice beans: none
16:11:52.198 [Test worker] DEBUG o.s.w.s.a.HttpWebHandlerAdapter - enableLoggingRequestDetails='false': form data and headers will be masked to prevent unsafe logging of potentially sensitive data
16:11:52.198 [Test worker] DEBUG o.s.w.t.h.s.r.b.ReactorHttpServer - Starting ReactorHttpServer...
16:11:52.201 [Test worker] DEBUG o.s.w.t.h.s.r.b.ReactorHttpServer - Server started on port 55593(0 millis).
16:11:52.201 [Test worker] DEBUG o.s.w.c.RestTemplate - HTTP OPTIONS http://localhost:55593/default
16:11:52.202 [Test worker] DEBUG o.s.w.c.RestTemplate - Accept=[application/json, application/x-jackson-smile, application/*+json]
16:11:52.205 [reactor-http-nio-2] DEBUG o.s.w.s.a.HttpWebHandlerAdapter - [48515c00-25] HTTP OPTIONS "/default"
16:11:52.205 [reactor-http-nio-2] DEBUG o.s.w.r.r.m.a.RequestMappingHandlerMapping - [48515c00-25] Mapped to org.springframework.web.reactive.result.method.annotation.CrossOriginAnnotationIntegrationTests$MethodLevelController#defaultAnnotation()
16:11:52.206 [reactor-http-nio-2] DEBUG o.s.w.s.a.HttpWebHandlerAdapter - [48515c00-25] Completed 200 OK
16:11:52.208 [Test worker] DEBUG o.s.w.c.RestTemplate - Response 200 OK
16:11:52.209 [Test worker] DEBUG o.s.w.t.h.s.r.b.ReactorHttpServer - Stopping ReactorHttpServer...
16:11:52.209 [Test worker] DEBUG o.s.w.t.h.s.r.b.ReactorHttpServer - Server stopped (0 millis).
16:11:52.518 [Test worker] DEBUG o.s.w.r.r.m.a.RequestMappingHandlerMapping - 16 mappings in 'requestMappingHandlerMapping'
16:11:52.666 [Test worker] DEBUG o.s.w.r.r.m.a.ControllerMethodResolver - ControllerAdvice beans: none
16:11:52.778 [Test worker] DEBUG o.s.w.s.a.HttpWebHandlerAdapter - enableLoggingRequestDetails='false': form data and headers will be masked to prevent unsafe logging of potentially sensitive data
16:11:52.779 [Test worker] DEBUG o.s.w.t.h.s.r.b.TomcatHttpServer - Starting TomcatHttpServer...
16:11:52.832 [Test worker] DEBUG o.s.w.t.h.s.r.b.TomcatHttpServer - Server started on port 55599(0 millis).
16:11:52.832 [Test worker] DEBUG o.s.w.c.RestTemplate - HTTP OPTIONS http://localhost:55599/default
16:11:52.832 [Test worker] DEBUG o.s.w.c.RestTemplate - Accept=[application/json, application/x-jackson-smile, application/*+json]
16:11:52.836 [http-nio-auto-23-exec-1] DEBUG o.s.w.s.a.HttpWebHandlerAdapter - [46367d55] HTTP OPTIONS "/default"
16:11:52.837 [http-nio-auto-23-exec-1] DEBUG o.s.w.r.r.m.a.RequestMappingHandlerMapping - [46367d55] Mapped to org.springframework.web.reactive.result.method.annotation.CrossOriginAnnotationIntegrationTests$MethodLevelController#defaultAnnotation()
16:11:52.837 [http-nio-auto-23-exec-1] DEBUG o.s.w.s.a.HttpWebHandlerAdapter - [46367d55] Completed 200 OK
16:11:52.839 [Test worker] DEBUG o.s.w.c.RestTemplate - Response 200 OK
16:11:52.840 [Test worker] DEBUG o.s.w.t.h.s.r.b.TomcatHttpServer - Stopping TomcatHttpServer...
16:11:52.851 [Test worker] DEBUG o.s.w.t.h.s.r.b.TomcatHttpServer - Server stopped (0 millis).
16:11:53.127 [Test worker] DEBUG o.s.w.r.r.m.a.RequestMappingHandlerMapping - 16 mappings in 'requestMappingHandlerMapping'
16:11:53.186 [Test worker] DEBUG o.s.w.r.r.m.a.ControllerMethodResolver - ControllerAdvice beans: none
16:11:53.265 [Test worker] DEBUG o.s.w.s.a.HttpWebHandlerAdapter - enableLoggingRequestDetails='false': form data and headers will be masked to prevent unsafe logging of potentially sensitive data
16:11:53.265 [Test worker] DEBUG o.s.w.t.h.s.r.b.UndertowHttpServer - Starting UndertowHttpServer...
16:11:53.266 [Test worker] INFO  i.undertow - starting server: Undertow - 2.0.32.Final
16:11:53.271 [Test worker] DEBUG o.s.w.t.h.s.r.b.UndertowHttpServer - Server started on port 55606(0 millis).
16:11:53.271 [Test worker] DEBUG o.s.w.c.RestTemplate - HTTP OPTIONS http://localhost:55606/default
16:11:53.271 [Test worker] DEBUG o.s.w.c.RestTemplate - Accept=[application/json, application/x-jackson-smile, application/*+json]
16:11:53.274 [XNIO-23 I/O-6] DEBUG o.s.w.s.a.HttpWebHandlerAdapter - [2bb4fe42] HTTP OPTIONS "/default"
16:11:53.275 [XNIO-23 I/O-6] DEBUG o.s.w.r.r.m.a.RequestMappingHandlerMapping - [2bb4fe42] Mapped to org.springframework.web.reactive.result.method.annotation.CrossOriginAnnotationIntegrationTests$MethodLevelController#defaultAnnotation()
16:11:53.275 [XNIO-23 I/O-6] DEBUG o.s.w.s.a.HttpWebHandlerAdapter - [2bb4fe42] Completed 200 OK
16:11:53.276 [Test worker] DEBUG o.s.w.c.RestTemplate - Response 200 OK
16:11:53.276 [Test worker] DEBUG o.s.w.t.h.s.r.b.UndertowHttpServer - Stopping UndertowHttpServer...
16:11:53.277 [Test worker] INFO  i.undertow - stopping server: Undertow - 2.0.32.Final
16:11:53.279 [Test worker] DEBUG o.s.w.t.h.s.r.b.UndertowHttpServer - Server stopped (0 millis).
16:11:53.566 [Test worker] DEBUG o.s.w.r.r.m.a.RequestMappingHandlerMapping - 16 mappings in 'requestMappingHandlerMapping'
16:11:53.645 [Test worker] DEBUG o.s.w.r.r.m.a.ControllerMethodResolver - ControllerAdvice beans: none
16:11:53.739 [Test worker] DEBUG o.s.w.s.a.HttpWebHandlerAdapter - enableLoggingRequestDetails='false': form data and headers will be masked to prevent unsafe logging of potentially sensitive data
16:11:53.739 [Test worker] WARN  o.e.j.s.h.ContextHandler - Empty contextPath
16:11:53.740 [Test worker] INFO  o.e.j.s.h.ContextHandler - Started o.e.j.s.ServletContextHandler@32db10cb{/,null,AVAILABLE}
16:11:53.740 [Test worker] DEBUG o.s.w.t.h.s.r.b.JettyHttpServer - Starting JettyHttpServer...
16:11:53.740 [Test worker] INFO  o.e.j.s.Server - jetty-9.4.31.v20200723; built: 2020-07-23T17:57:36.812Z; git: 450ba27947e13e66baa8cd1ce7e85a4461cacc1d; jvm 1.8.0_201-b09
16:11:53.752 [Test worker] INFO  o.e.j.s.AbstractConnector - Started ServerConnector@79ff6927{HTTP/1.1, (http/1.1)}{0.0.0.0:55611}
16:11:53.753 [Test worker] INFO  o.e.j.s.Server - Started @81618ms
16:11:53.753 [Test worker] DEBUG o.s.w.t.h.s.r.b.JettyHttpServer - Server started on port 55611(0 millis).
16:11:53.753 [Test worker] DEBUG o.s.w.c.RestTemplate - HTTP OPTIONS http://localhost:55611/classAge
16:11:53.753 [Test worker] DEBUG o.s.w.c.RestTemplate - Accept=[text/plain, application/json, application/x-jackson-smile, application/*+json, */*]
16:11:53.760 [qtp2005533553-920] DEBUG o.s.w.s.a.HttpWebHandlerAdapter - [13e30640] HTTP OPTIONS "/classAge"
16:11:53.761 [qtp2005533553-920] DEBUG o.s.w.r.r.m.a.RequestMappingHandlerMapping - [13e30640] Mapped to org.springframework.web.reactive.result.method.annotation.CrossOriginAnnotationIntegrationTests$MaxAgeWithDefaultOriginController#classAge()
16:11:53.761 [qtp2005533553-920] DEBUG o.s.w.s.a.HttpWebHandlerAdapter - [13e30640] Completed 200 OK
16:11:53.762 [Test worker] DEBUG o.s.w.c.RestTemplate - Response 200 OK
16:11:53.762 [Test worker] DEBUG o.s.w.c.RestTemplate - HTTP OPTIONS http://localhost:55611/methodAge
16:11:53.762 [Test worker] DEBUG o.s.w.c.RestTemplate - Accept=[text/plain, application/json, application/x-jackson-smile, application/*+json, */*]
16:11:53.766 [qtp2005533553-912] DEBUG o.s.w.s.a.HttpWebHandlerAdapter - [84c97f2] HTTP OPTIONS "/methodAge"
16:11:53.766 [qtp2005533553-912] DEBUG o.s.w.r.r.m.a.RequestMappingHandlerMapping - [84c97f2] Mapped to org.springframework.web.reactive.result.method.annotation.CrossOriginAnnotationIntegrationTests$MaxAgeWithDefaultOriginController#methodAge()
16:11:53.766 [qtp2005533553-912] DEBUG o.s.w.s.a.HttpWebHandlerAdapter - [84c97f2] Completed 200 OK
16:11:53.767 [Test worker] DEBUG o.s.w.c.RestTemplate - Response 200 OK
16:11:53.768 [Test worker] DEBUG o.s.w.t.h.s.r.b.JettyHttpServer - Stopping JettyHttpServer...
16:11:53.768 [Test worker] INFO  o.e.j.s.h.ContextHandler - Stopped o.e.j.s.ServletContextHandler@32db10cb{/,null,UNAVAILABLE}
16:11:53.771 [Test worker] INFO  o.e.j.s.AbstractConnector - Stopped ServerConnector@79ff6927{HTTP/1.1, (http/1.1)}{0.0.0.0:0}
16:11:53.782 [Test worker] DEBUG o.s.w.t.h.s.r.b.JettyHttpServer - Server stopped (0 millis).
16:11:53.942 [Test worker] DEBUG o.s.w.r.r.m.a.RequestMappingHandlerMapping - 16 mappings in 'requestMappingHandlerMapping'
16:11:54.042 [Test worker] DEBUG o.s.w.r.r.m.a.ControllerMethodResolver - ControllerAdvice beans: none
16:11:54.109 [Test worker] DEBUG o.s.w.s.a.HttpWebHandlerAdapter - enableLoggingRequestDetails='false': form data and headers will be masked to prevent unsafe logging of potentially sensitive data
16:11:54.109 [Test worker] DEBUG o.s.w.t.h.s.r.b.ReactorHttpServer - Starting ReactorHttpServer...
16:11:54.112 [Test worker] DEBUG o.s.w.t.h.s.r.b.ReactorHttpServer - Server started on port 55615(0 millis).
16:11:54.112 [Test worker] DEBUG o.s.w.c.RestTemplate - HTTP OPTIONS http://localhost:55615/classAge
16:11:54.112 [Test worker] DEBUG o.s.w.c.RestTemplate - Accept=[text/plain, application/json, application/x-jackson-smile, application/*+json, */*]
16:11:54.118 [reactor-http-nio-4] DEBUG o.s.w.s.a.HttpWebHandlerAdapter - [e0b94beb-26] HTTP OPTIONS "/classAge"
16:11:54.119 [reactor-http-nio-4] DEBUG o.s.w.r.r.m.a.RequestMappingHandlerMapping - [e0b94beb-26] Mapped to org.springframework.web.reactive.result.method.annotation.CrossOriginAnnotationIntegrationTests$MaxAgeWithDefaultOriginController#classAge()
16:11:54.119 [reactor-http-nio-4] DEBUG o.s.w.s.a.HttpWebHandlerAdapter - [e0b94beb-26] Completed 200 OK
16:11:54.122 [Test worker] DEBUG o.s.w.c.RestTemplate - Response 200 OK
16:11:54.122 [Test worker] DEBUG o.s.w.c.RestTemplate - HTTP OPTIONS http://localhost:55615/methodAge
16:11:54.122 [Test worker] DEBUG o.s.w.c.RestTemplate - Accept=[text/plain, application/json, application/x-jackson-smile, application/*+json, */*]
16:11:54.124 [reactor-http-nio-4] DEBUG o.s.w.s.a.HttpWebHandlerAdapter - [e0b94beb-27] HTTP OPTIONS "/methodAge"
16:11:54.124 [reactor-http-nio-4] DEBUG o.s.w.r.r.m.a.RequestMappingHandlerMapping - [e0b94beb-27] Mapped to org.springframework.web.reactive.result.method.annotation.CrossOriginAnnotationIntegrationTests$MaxAgeWithDefaultOriginController#methodAge()
16:11:54.125 [reactor-http-nio-4] DEBUG o.s.w.s.a.HttpWebHandlerAdapter - [e0b94beb-27] Completed 200 OK
16:11:54.127 [Test worker] DEBUG o.s.w.c.RestTemplate - Response 200 OK
16:11:54.127 [Test worker] DEBUG o.s.w.t.h.s.r.b.ReactorHttpServer - Stopping ReactorHttpServer...
16:11:54.128 [Test worker] DEBUG o.s.w.t.h.s.r.b.ReactorHttpServer - Server stopped (0 millis).
16:11:54.321 [Test worker] DEBUG o.s.w.r.r.m.a.RequestMappingHandlerMapping - 16 mappings in 'requestMappingHandlerMapping'
16:11:54.382 [Test worker] DEBUG o.s.w.r.r.m.a.ControllerMethodResolver - ControllerAdvice beans: none
16:11:54.459 [Test worker] DEBUG o.s.w.s.a.HttpWebHandlerAdapter - enableLoggingRequestDetails='false': form data and headers will be masked to prevent unsafe logging of potentially sensitive data
16:11:54.460 [Test worker] DEBUG o.s.w.t.h.s.r.b.TomcatHttpServer - Starting TomcatHttpServer...
16:11:54.503 [Test worker] DEBUG o.s.w.t.h.s.r.b.TomcatHttpServer - Server started on port 55621(0 millis).
16:11:54.504 [Test worker] DEBUG o.s.w.c.RestTemplate - HTTP OPTIONS http://localhost:55621/classAge
16:11:54.504 [Test worker] DEBUG o.s.w.c.RestTemplate - Accept=[text/plain, application/json, application/x-jackson-smile, application/*+json, */*]
16:11:54.509 [http-nio-auto-24-exec-1] DEBUG o.s.w.s.a.HttpWebHandlerAdapter - [66d1681c] HTTP OPTIONS "/classAge"
16:11:54.509 [http-nio-auto-24-exec-1] DEBUG o.s.w.r.r.m.a.RequestMappingHandlerMapping - [66d1681c] Mapped to org.springframework.web.reactive.result.method.annotation.CrossOriginAnnotationIntegrationTests$MaxAgeWithDefaultOriginController#classAge()
16:11:54.509 [http-nio-auto-24-exec-1] DEBUG o.s.w.s.a.HttpWebHandlerAdapter - [66d1681c] Completed 200 OK
16:11:54.511 [Test worker] DEBUG o.s.w.c.RestTemplate - Response 200 OK
16:11:54.512 [Test worker] DEBUG o.s.w.c.RestTemplate - HTTP OPTIONS http://localhost:55621/methodAge
16:11:54.512 [Test worker] DEBUG o.s.w.c.RestTemplate - Accept=[text/plain, application/json, application/x-jackson-smile, application/*+json, */*]
16:11:54.514 [http-nio-auto-24-exec-2] DEBUG o.s.w.s.a.HttpWebHandlerAdapter - [11d8ea1e] HTTP OPTIONS "/methodAge"
16:11:54.515 [http-nio-auto-24-exec-2] DEBUG o.s.w.r.r.m.a.RequestMappingHandlerMapping - [11d8ea1e] Mapped to org.springframework.web.reactive.result.method.annotation.CrossOriginAnnotationIntegrationTests$MaxAgeWithDefaultOriginController#methodAge()
16:11:54.515 [http-nio-auto-24-exec-2] DEBUG o.s.w.s.a.HttpWebHandlerAdapter - [11d8ea1e] Completed 200 OK
16:11:54.516 [Test worker] DEBUG o.s.w.c.RestTemplate - Response 200 OK
16:11:54.517 [Test worker] DEBUG o.s.w.t.h.s.r.b.TomcatHttpServer - Stopping TomcatHttpServer...
16:11:54.530 [Test worker] DEBUG o.s.w.t.h.s.r.b.TomcatHttpServer - Server stopped (0 millis).
16:11:54.775 [Test worker] DEBUG o.s.w.r.r.m.a.RequestMappingHandlerMapping - 16 mappings in 'requestMappingHandlerMapping'
16:11:54.839 [Test worker] DEBUG o.s.w.r.r.m.a.ControllerMethodResolver - ControllerAdvice beans: none
16:11:54.923 [Test worker] DEBUG o.s.w.s.a.HttpWebHandlerAdapter - enableLoggingRequestDetails='false': form data and headers will be masked to prevent unsafe logging of potentially sensitive data
16:11:54.923 [Test worker] DEBUG o.s.w.t.h.s.r.b.UndertowHttpServer - Starting UndertowHttpServer...
16:11:54.923 [Test worker] INFO  i.undertow - starting server: Undertow - 2.0.32.Final
16:11:54.929 [Test worker] DEBUG o.s.w.t.h.s.r.b.UndertowHttpServer - Server started on port 55629(0 millis).
16:11:54.930 [Test worker] DEBUG o.s.w.c.RestTemplate - HTTP OPTIONS http://localhost:55629/classAge
16:11:54.930 [Test worker] DEBUG o.s.w.c.RestTemplate - Accept=[text/plain, application/json, application/x-jackson-smile, application/*+json, */*]
16:11:54.933 [XNIO-24 I/O-6] DEBUG o.s.w.s.a.HttpWebHandlerAdapter - [19713f7f] HTTP OPTIONS "/classAge"
16:11:54.934 [XNIO-24 I/O-6] DEBUG o.s.w.r.r.m.a.RequestMappingHandlerMapping - [19713f7f] Mapped to org.springframework.web.reactive.result.method.annotation.CrossOriginAnnotationIntegrationTests$MaxAgeWithDefaultOriginController#classAge()
16:11:54.934 [XNIO-24 I/O-6] DEBUG o.s.w.s.a.HttpWebHandlerAdapter - [19713f7f] Completed 200 OK
16:11:54.935 [Test worker] DEBUG o.s.w.c.RestTemplate - Response 200 OK
16:11:54.935 [Test worker] DEBUG o.s.w.c.RestTemplate - HTTP OPTIONS http://localhost:55629/methodAge
16:11:54.936 [Test worker] DEBUG o.s.w.c.RestTemplate - Accept=[text/plain, application/json, application/x-jackson-smile, application/*+json, */*]
16:11:54.937 [XNIO-24 I/O-6] DEBUG o.s.w.s.a.HttpWebHandlerAdapter - [19713f7f] HTTP OPTIONS "/methodAge"
16:11:54.938 [XNIO-24 I/O-6] DEBUG o.s.w.r.r.m.a.RequestMappingHandlerMapping - [19713f7f] Mapped to org.springframework.web.reactive.result.method.annotation.CrossOriginAnnotationIntegrationTests$MaxAgeWithDefaultOriginController#methodAge()
16:11:54.938 [XNIO-24 I/O-6] DEBUG o.s.w.s.a.HttpWebHandlerAdapter - [19713f7f] Completed 200 OK
16:11:54.939 [Test worker] DEBUG o.s.w.c.RestTemplate - Response 200 OK
16:11:54.939 [Test worker] DEBUG o.s.w.t.h.s.r.b.UndertowHttpServer - Stopping UndertowHttpServer...
16:11:54.939 [Test worker] INFO  i.undertow - stopping server: Undertow - 2.0.32.Final
16:11:54.940 [Test worker] DEBUG o.s.w.t.h.s.r.b.UndertowHttpServer - Server stopped (0 millis).
16:11:55.171 [Test worker] DEBUG o.s.w.r.r.m.a.RequestMappingHandlerMapping - 16 mappings in 'requestMappingHandlerMapping'
16:11:55.237 [Test worker] DEBUG o.s.w.r.r.m.a.ControllerMethodResolver - ControllerAdvice beans: none
16:11:55.313 [Test worker] DEBUG o.s.w.s.a.HttpWebHandlerAdapter - enableLoggingRequestDetails='false': form data and headers will be masked to prevent unsafe logging of potentially sensitive data
16:11:55.313 [Test worker] WARN  o.e.j.s.h.ContextHandler - Empty contextPath
16:11:55.314 [Test worker] INFO  o.e.j.s.h.ContextHandler - Started o.e.j.s.ServletContextHandler@695bb16d{/,null,AVAILABLE}
16:11:55.314 [Test worker] DEBUG o.s.w.t.h.s.r.b.JettyHttpServer - Starting JettyHttpServer...
16:11:55.315 [Test worker] INFO  o.e.j.s.Server - jetty-9.4.31.v20200723; built: 2020-07-23T17:57:36.812Z; git: 450ba27947e13e66baa8cd1ce7e85a4461cacc1d; jvm 1.8.0_201-b09
16:11:55.355 [Test worker] INFO  o.e.j.s.AbstractConnector - Started ServerConnector@714833a0{HTTP/1.1, (http/1.1)}{0.0.0.0:55639}
16:11:55.355 [Test worker] INFO  o.e.j.s.Server - Started @83221ms
16:11:55.355 [Test worker] DEBUG o.s.w.t.h.s.r.b.JettyHttpServer - Server started on port 55639(0 millis).
16:11:55.356 [Test worker] DEBUG o.s.w.c.RestTemplate - HTTP OPTIONS http://localhost:55639/customized
16:11:55.356 [Test worker] DEBUG o.s.w.c.RestTemplate - Accept=[text/plain, application/json, application/x-jackson-smile, application/*+json, */*]
16:11:55.359 [qtp1219271516-958] DEBUG o.s.w.s.a.HttpWebHandlerAdapter - [6fb52df9] HTTP OPTIONS "/customized"
16:11:55.360 [qtp1219271516-958] DEBUG o.s.w.r.r.m.a.RequestMappingHandlerMapping - [6fb52df9] Mapped to org.springframework.web.reactive.result.method.annotation.CrossOriginAnnotationIntegrationTests$MethodLevelController#customized()
16:11:55.360 [qtp1219271516-958] DEBUG o.s.w.s.a.HttpWebHandlerAdapter - [6fb52df9] Completed 200 OK
16:11:55.361 [Test worker] DEBUG o.s.w.c.RestTemplate - Response 200 OK
16:11:55.361 [Test worker] DEBUG o.s.w.t.h.s.r.b.JettyHttpServer - Stopping JettyHttpServer...
16:11:55.361 [Test worker] INFO  o.e.j.s.h.ContextHandler - Stopped o.e.j.s.ServletContextHandler@695bb16d{/,null,UNAVAILABLE}
16:11:55.363 [Test worker] INFO  o.e.j.s.AbstractConnector - Stopped ServerConnector@714833a0{HTTP/1.1, (http/1.1)}{0.0.0.0:0}
16:11:55.373 [Test worker] DEBUG o.s.w.t.h.s.r.b.JettyHttpServer - Server stopped (0 millis).
16:11:55.542 [Test worker] DEBUG o.s.w.r.r.m.a.RequestMappingHandlerMapping - 16 mappings in 'requestMappingHandlerMapping'
16:11:55.616 [Test worker] DEBUG o.s.w.r.r.m.a.ControllerMethodResolver - ControllerAdvice beans: none
16:11:55.690 [Test worker] DEBUG o.s.w.s.a.HttpWebHandlerAdapter - enableLoggingRequestDetails='false': form data and headers will be masked to prevent unsafe logging of potentially sensitive data
16:11:55.691 [Test worker] DEBUG o.s.w.t.h.s.r.b.ReactorHttpServer - Starting ReactorHttpServer...
16:11:55.732 [Test worker] DEBUG o.s.w.t.h.s.r.b.ReactorHttpServer - Server started on port 55646(0 millis).
16:11:55.732 [Test worker] DEBUG o.s.w.c.RestTemplate - HTTP OPTIONS http://localhost:55646/customized
16:11:55.733 [Test worker] DEBUG o.s.w.c.RestTemplate - Accept=[text/plain, application/json, application/x-jackson-smile, application/*+json, */*]
16:11:55.752 [reactor-http-nio-6] DEBUG o.s.w.s.a.HttpWebHandlerAdapter - [4ccc1347-28] HTTP OPTIONS "/customized"
16:11:55.753 [reactor-http-nio-6] DEBUG o.s.w.r.r.m.a.RequestMappingHandlerMapping - [4ccc1347-28] Mapped to org.springframework.web.reactive.result.method.annotation.CrossOriginAnnotationIntegrationTests$MethodLevelController#customized()
16:11:55.753 [reactor-http-nio-6] DEBUG o.s.w.s.a.HttpWebHandlerAdapter - [4ccc1347-28] Completed 200 OK
16:11:55.757 [Test worker] DEBUG o.s.w.c.RestTemplate - Response 200 OK
16:11:55.758 [Test worker] DEBUG o.s.w.t.h.s.r.b.ReactorHttpServer - Stopping ReactorHttpServer...
16:11:55.758 [Test worker] DEBUG o.s.w.t.h.s.r.b.ReactorHttpServer - Server stopped (0 millis).
16:11:55.955 [Test worker] DEBUG o.s.w.r.r.m.a.RequestMappingHandlerMapping - 16 mappings in 'requestMappingHandlerMapping'
16:11:56.072 [Test worker] DEBUG o.s.w.r.r.m.a.ControllerMethodResolver - ControllerAdvice beans: none
16:11:56.125 [Test worker] DEBUG o.s.w.s.a.HttpWebHandlerAdapter - enableLoggingRequestDetails='false': form data and headers will be masked to prevent unsafe logging of potentially sensitive data
16:11:56.160 [Test worker] DEBUG o.s.w.t.h.s.r.b.TomcatHttpServer - Starting TomcatHttpServer...
16:11:56.177 [Test worker] DEBUG o.s.w.t.h.s.r.b.TomcatHttpServer - Server started on port 55655(0 millis).
16:11:56.177 [Test worker] DEBUG o.s.w.c.RestTemplate - HTTP OPTIONS http://localhost:55655/customized
16:11:56.177 [Test worker] DEBUG o.s.w.c.RestTemplate - Accept=[text/plain, application/json, application/x-jackson-smile, application/*+json, */*]
16:11:56.181 [http-nio-auto-25-exec-1] DEBUG o.s.w.s.a.HttpWebHandlerAdapter - [313afce8] HTTP OPTIONS "/customized"
16:11:56.182 [http-nio-auto-25-exec-1] DEBUG o.s.w.r.r.m.a.RequestMappingHandlerMapping - [313afce8] Mapped to org.springframework.web.reactive.result.method.annotation.CrossOriginAnnotationIntegrationTests$MethodLevelController#customized()
16:11:56.182 [http-nio-auto-25-exec-1] DEBUG o.s.w.s.a.HttpWebHandlerAdapter - [313afce8] Completed 200 OK
16:11:56.183 [Test worker] DEBUG o.s.w.c.RestTemplate - Response 200 OK
16:11:56.184 [Test worker] DEBUG o.s.w.t.h.s.r.b.TomcatHttpServer - Stopping TomcatHttpServer...
16:11:56.229 [Test worker] DEBUG o.s.w.t.h.s.r.b.TomcatHttpServer - Server stopped (0 millis).
16:11:56.434 [Test worker] DEBUG o.s.w.r.r.m.a.RequestMappingHandlerMapping - 16 mappings in 'requestMappingHandlerMapping'
16:11:56.520 [Test worker] DEBUG o.s.w.r.r.m.a.ControllerMethodResolver - ControllerAdvice beans: none
16:11:56.640 [Test worker] DEBUG o.s.w.s.a.HttpWebHandlerAdapter - enableLoggingRequestDetails='false': form data and headers will be masked to prevent unsafe logging of potentially sensitive data
16:11:56.640 [Test worker] DEBUG o.s.w.t.h.s.r.b.UndertowHttpServer - Starting UndertowHttpServer...
16:11:56.640 [Test worker] INFO  i.undertow - starting server: Undertow - 2.0.32.Final
16:11:56.660 [Test worker] DEBUG o.s.w.t.h.s.r.b.UndertowHttpServer - Server started on port 55667(0 millis).
16:11:56.660 [Test worker] DEBUG o.s.w.c.RestTemplate - HTTP OPTIONS http://localhost:55667/customized
16:11:56.660 [Test worker] DEBUG o.s.w.c.RestTemplate - Accept=[text/plain, application/json, application/x-jackson-smile, application/*+json, */*]
16:11:56.662 [XNIO-25 I/O-6] DEBUG o.s.w.s.a.HttpWebHandlerAdapter - [73388cc9] HTTP OPTIONS "/customized"
16:11:56.663 [XNIO-25 I/O-6] DEBUG o.s.w.r.r.m.a.RequestMappingHandlerMapping - [73388cc9] Mapped to org.springframework.web.reactive.result.method.annotation.CrossOriginAnnotationIntegrationTests$MethodLevelController#customized()
16:11:56.663 [XNIO-25 I/O-6] DEBUG o.s.w.s.a.HttpWebHandlerAdapter - [73388cc9] Completed 200 OK
16:11:56.664 [Test worker] DEBUG o.s.w.c.RestTemplate - Response 200 OK
16:11:56.665 [Test worker] DEBUG o.s.w.t.h.s.r.b.UndertowHttpServer - Stopping UndertowHttpServer...
16:11:56.665 [Test worker] INFO  i.undertow - stopping server: Undertow - 2.0.32.Final
16:11:56.668 [Test worker] DEBUG o.s.w.t.h.s.r.b.UndertowHttpServer - Server stopped (0 millis).
16:11:56.834 [Test worker] DEBUG o.s.w.r.r.m.a.RequestMappingHandlerMapping - 16 mappings in 'requestMappingHandlerMapping'
16:11:56.907 [Test worker] DEBUG o.s.w.r.r.m.a.ControllerMethodResolver - ControllerAdvice beans: none
16:11:56.996 [Test worker] DEBUG o.s.w.s.a.HttpWebHandlerAdapter - enableLoggingRequestDetails='false': form data and headers will be masked to prevent unsafe logging of potentially sensitive data
16:11:56.996 [Test worker] WARN  o.e.j.s.h.ContextHandler - Empty contextPath
16:11:56.997 [Test worker] INFO  o.e.j.s.h.ContextHandler - Started o.e.j.s.ServletContextHandler@29ca21fa{/,null,AVAILABLE}
16:11:56.997 [Test worker] DEBUG o.s.w.t.h.s.r.b.JettyHttpServer - Starting JettyHttpServer...
16:11:56.997 [Test worker] INFO  o.e.j.s.Server - jetty-9.4.31.v20200723; built: 2020-07-23T17:57:36.812Z; git: 450ba27947e13e66baa8cd1ce7e85a4461cacc1d; jvm 1.8.0_201-b09
16:11:57.001 [Test worker] INFO  o.e.j.s.AbstractConnector - Started ServerConnector@73f3702f{HTTP/1.1, (http/1.1)}{0.0.0.0:55675}
16:11:57.001 [Test worker] INFO  o.e.j.s.Server - Started @84867ms
16:11:57.001 [Test worker] DEBUG o.s.w.t.h.s.r.b.JettyHttpServer - Server started on port 55675(0 millis).
16:11:57.002 [Test worker] DEBUG o.s.w.c.RestTemplate - HTTP GET http://localhost:55675/default
16:11:57.002 [Test worker] DEBUG o.s.w.c.RestTemplate - Accept=[text/plain, application/json, application/x-jackson-smile, application/*+json, */*]
16:11:57.005 [qtp637250985-996] DEBUG o.s.w.s.a.HttpWebHandlerAdapter - [457ce8c6] HTTP GET "/default"
16:11:57.006 [qtp637250985-996] DEBUG o.s.w.r.r.m.a.RequestMappingHandlerMapping - [457ce8c6] Mapped to org.springframework.web.reactive.result.method.annotation.CrossOriginAnnotationIntegrationTests$MethodLevelController#defaultAnnotation()
16:11:57.007 [qtp637250985-996] DEBUG o.s.w.r.r.m.a.ResponseBodyResultHandler - Using 'text/plain;charset=UTF-8' given [text/plain, application/json, application/x-jackson-smile, application/*+json, */*] and supported [text/plain;charset=UTF-8, text/event-stream, text/plain;charset=UTF-8, */*]
16:11:57.007 [qtp637250985-996] DEBUG o.s.w.r.r.m.a.ResponseBodyResultHandler - [457ce8c6] 0..1 [java.lang.String]
16:11:57.007 [qtp637250985-996] DEBUG o.s.c.c.CharSequenceEncoder - [457ce8c6] Writing "default"
16:11:57.008 [qtp637250985-996] DEBUG o.s.w.s.a.HttpWebHandlerAdapter - [457ce8c6] Completed 200 OK
16:11:57.009 [Test worker] DEBUG o.s.w.c.RestTemplate - Response 200 OK
16:11:57.009 [Test worker] DEBUG o.s.w.c.RestTemplate - Reading to [java.lang.String] as "text/plain;charset=utf-8"
16:11:57.009 [Test worker] DEBUG o.s.w.t.h.s.r.b.JettyHttpServer - Stopping JettyHttpServer...
16:11:57.009 [Test worker] INFO  o.e.j.s.h.ContextHandler - Stopped o.e.j.s.ServletContextHandler@29ca21fa{/,null,UNAVAILABLE}
16:11:57.012 [Test worker] INFO  o.e.j.s.AbstractConnector - Stopped ServerConnector@73f3702f{HTTP/1.1, (http/1.1)}{0.0.0.0:0}
16:11:57.022 [Test worker] DEBUG o.s.w.t.h.s.r.b.JettyHttpServer - Server stopped (0 millis).
16:11:57.193 [Test worker] DEBUG o.s.w.r.r.m.a.RequestMappingHandlerMapping - 16 mappings in 'requestMappingHandlerMapping'
16:11:57.274 [Test worker] DEBUG o.s.w.r.r.m.a.ControllerMethodResolver - ControllerAdvice beans: none
16:11:57.335 [Test worker] DEBUG o.s.w.s.a.HttpWebHandlerAdapter - enableLoggingRequestDetails='false': form data and headers will be masked to prevent unsafe logging of potentially sensitive data
16:11:57.335 [Test worker] DEBUG o.s.w.t.h.s.r.b.ReactorHttpServer - Starting ReactorHttpServer...
16:11:57.342 [Test worker] DEBUG o.s.w.t.h.s.r.b.ReactorHttpServer - Server started on port 55683(0 millis).
16:11:57.342 [Test worker] DEBUG o.s.w.c.RestTemplate - HTTP GET http://localhost:55683/default
16:11:57.342 [Test worker] DEBUG o.s.w.c.RestTemplate - Accept=[text/plain, application/json, application/x-jackson-smile, application/*+json, */*]
16:11:57.346 [reactor-http-nio-8] DEBUG o.s.w.s.a.HttpWebHandlerAdapter - [2702ba11-29] HTTP GET "/default"
16:11:57.346 [reactor-http-nio-8] DEBUG o.s.w.r.r.m.a.RequestMappingHandlerMapping - [2702ba11-29] Mapped to org.springframework.web.reactive.result.method.annotation.CrossOriginAnnotationIntegrationTests$MethodLevelController#defaultAnnotation()
16:11:57.347 [reactor-http-nio-8] DEBUG o.s.w.r.r.m.a.ResponseBodyResultHandler - Using 'text/plain;charset=UTF-8' given [text/plain, application/json, application/x-jackson-smile, application/*+json, */*] and supported [text/plain;charset=UTF-8, text/event-stream, text/plain;charset=UTF-8, */*]
16:11:57.347 [reactor-http-nio-8] DEBUG o.s.w.r.r.m.a.ResponseBodyResultHandler - [2702ba11-29] 0..1 [java.lang.String]
16:11:57.348 [reactor-http-nio-8] DEBUG o.s.c.c.CharSequenceEncoder - [2702ba11-29] Writing "default"
16:11:57.351 [reactor-http-nio-8] DEBUG o.s.w.s.a.HttpWebHandlerAdapter - [2702ba11-29] Completed 200 OK
16:11:57.351 [Test worker] DEBUG o.s.w.c.RestTemplate - Response 200 OK
16:11:57.352 [Test worker] DEBUG o.s.w.c.RestTemplate - Reading to [java.lang.String] as "text/plain;charset=UTF-8"
16:11:57.352 [Test worker] DEBUG o.s.w.t.h.s.r.b.ReactorHttpServer - Stopping ReactorHttpServer...
16:11:57.353 [Test worker] DEBUG o.s.w.t.h.s.r.b.ReactorHttpServer - Server stopped (0 millis).
16:11:57.543 [Test worker] DEBUG o.s.w.r.r.m.a.RequestMappingHandlerMapping - 16 mappings in 'requestMappingHandlerMapping'
16:11:57.603 [Test worker] DEBUG o.s.w.r.r.m.a.ControllerMethodResolver - ControllerAdvice beans: none
16:11:57.663 [Test worker] DEBUG o.s.w.s.a.HttpWebHandlerAdapter - enableLoggingRequestDetails='false': form data and headers will be masked to prevent unsafe logging of potentially sensitive data
16:11:57.664 [Test worker] DEBUG o.s.w.t.h.s.r.b.TomcatHttpServer - Starting TomcatHttpServer...
16:11:57.738 [Test worker] DEBUG o.s.w.t.h.s.r.b.TomcatHttpServer - Server started on port 55688(0 millis).
16:11:57.738 [Test worker] DEBUG o.s.w.c.RestTemplate - HTTP GET http://localhost:55688/default
16:11:57.738 [Test worker] DEBUG o.s.w.c.RestTemplate - Accept=[text/plain, application/json, application/x-jackson-smile, application/*+json, */*]
16:11:57.743 [http-nio-auto-26-exec-1] DEBUG o.s.w.s.a.HttpWebHandlerAdapter - [29088cf2] HTTP GET "/default"
16:11:57.743 [http-nio-auto-26-exec-1] DEBUG o.s.w.r.r.m.a.RequestMappingHandlerMapping - [29088cf2] Mapped to org.springframework.web.reactive.result.method.annotation.CrossOriginAnnotationIntegrationTests$MethodLevelController#defaultAnnotation()
16:11:57.744 [http-nio-auto-26-exec-1] DEBUG o.s.w.r.r.m.a.ResponseBodyResultHandler - Using 'text/plain;charset=UTF-8' given [text/plain, application/json, application/x-jackson-smile, application/*+json, */*] and supported [text/plain;charset=UTF-8, text/event-stream, text/plain;charset=UTF-8, */*]
16:11:57.744 [http-nio-auto-26-exec-1] DEBUG o.s.w.r.r.m.a.ResponseBodyResultHandler - [29088cf2] 0..1 [java.lang.String]
16:11:57.744 [http-nio-auto-26-exec-1] DEBUG o.s.c.c.CharSequenceEncoder - [29088cf2] Writing "default"
16:11:57.746 [http-nio-auto-26-exec-1] DEBUG o.s.w.s.a.HttpWebHandlerAdapter - [29088cf2] Completed 200 OK
16:11:57.746 [Test worker] DEBUG o.s.w.c.RestTemplate - Response 200 OK
16:11:57.746 [Test worker] DEBUG o.s.w.c.RestTemplate - Reading to [java.lang.String] as "text/plain;charset=UTF-8"
16:11:57.747 [Test worker] DEBUG o.s.w.t.h.s.r.b.TomcatHttpServer - Stopping TomcatHttpServer...
16:11:57.769 [Test worker] DEBUG o.s.w.t.h.s.r.b.TomcatHttpServer - Server stopped (0 millis).
16:11:58.032 [Test worker] DEBUG o.s.w.r.r.m.a.RequestMappingHandlerMapping - 16 mappings in 'requestMappingHandlerMapping'
16:11:58.151 [Test worker] DEBUG o.s.w.r.r.m.a.ControllerMethodResolver - ControllerAdvice beans: none
16:11:58.242 [Test worker] DEBUG o.s.w.s.a.HttpWebHandlerAdapter - enableLoggingRequestDetails='false': form data and headers will be masked to prevent unsafe logging of potentially sensitive data
16:11:58.242 [Test worker] DEBUG o.s.w.t.h.s.r.b.UndertowHttpServer - Starting UndertowHttpServer...
16:11:58.242 [Test worker] INFO  i.undertow - starting server: Undertow - 2.0.32.Final
16:11:58.264 [Test worker] DEBUG o.s.w.t.h.s.r.b.UndertowHttpServer - Server started on port 55702(0 millis).
16:11:58.264 [Test worker] DEBUG o.s.w.c.RestTemplate - HTTP GET http://localhost:55702/default
16:11:58.264 [Test worker] DEBUG o.s.w.c.RestTemplate - Accept=[text/plain, application/json, application/x-jackson-smile, application/*+json, */*]
16:11:58.267 [XNIO-26 I/O-6] DEBUG o.s.w.s.a.HttpWebHandlerAdapter - [30c69d47] HTTP GET "/default"
16:11:58.267 [XNIO-26 I/O-6] DEBUG o.s.w.r.r.m.a.RequestMappingHandlerMapping - [30c69d47] Mapped to org.springframework.web.reactive.result.method.annotation.CrossOriginAnnotationIntegrationTests$MethodLevelController#defaultAnnotation()
16:11:58.269 [XNIO-26 I/O-6] DEBUG o.s.w.r.r.m.a.ResponseBodyResultHandler - Using 'text/plain;charset=UTF-8' given [text/plain, application/json, application/x-jackson-smile, application/*+json, */*] and supported [text/plain;charset=UTF-8, text/event-stream, text/plain;charset=UTF-8, */*]
16:11:58.269 [XNIO-26 I/O-6] DEBUG o.s.w.r.r.m.a.ResponseBodyResultHandler - [30c69d47] 0..1 [java.lang.String]
16:11:58.269 [XNIO-26 I/O-6] DEBUG o.s.c.c.CharSequenceEncoder - [30c69d47] Writing "default"
16:11:58.270 [XNIO-26 I/O-6] DEBUG o.s.w.s.a.HttpWebHandlerAdapter - [30c69d47] Completed 200 OK
16:11:58.271 [Test worker] DEBUG o.s.w.c.RestTemplate - Response 200 OK
16:11:58.271 [Test worker] DEBUG o.s.w.c.RestTemplate - Reading to [java.lang.String] as "text/plain;charset=UTF-8"
16:11:58.272 [Test worker] DEBUG o.s.w.t.h.s.r.b.UndertowHttpServer - Stopping UndertowHttpServer...
16:11:58.272 [Test worker] INFO  i.undertow - stopping server: Undertow - 2.0.32.Final
16:11:58.273 [Test worker] DEBUG o.s.w.t.h.s.r.b.UndertowHttpServer - Server stopped (0 millis).
16:11:58.416 [Test worker] DEBUG o.s.w.r.r.m.a.RequestMappingHandlerMapping - 16 mappings in 'requestMappingHandlerMapping'
16:11:58.503 [Test worker] DEBUG o.s.w.r.r.m.a.ControllerMethodResolver - ControllerAdvice beans: none
16:11:58.581 [Test worker] DEBUG o.s.w.s.a.HttpWebHandlerAdapter - enableLoggingRequestDetails='false': form data and headers will be masked to prevent unsafe logging of potentially sensitive data
16:11:58.581 [Test worker] WARN  o.e.j.s.h.ContextHandler - Empty contextPath
16:11:58.582 [Test worker] INFO  o.e.j.s.h.ContextHandler - Started o.e.j.s.ServletContextHandler@4ffb401e{/,null,AVAILABLE}
16:11:58.582 [Test worker] DEBUG o.s.w.t.h.s.r.b.JettyHttpServer - Starting JettyHttpServer...
16:11:58.582 [Test worker] INFO  o.e.j.s.Server - jetty-9.4.31.v20200723; built: 2020-07-23T17:57:36.812Z; git: 450ba27947e13e66baa8cd1ce7e85a4461cacc1d; jvm 1.8.0_201-b09
16:11:58.586 [Test worker] INFO  o.e.j.s.AbstractConnector - Started ServerConnector@23e3ea7a{HTTP/1.1, (http/1.1)}{0.0.0.0:55708}
16:11:58.586 [Test worker] INFO  o.e.j.s.Server - Started @86452ms
16:11:58.586 [Test worker] DEBUG o.s.w.t.h.s.r.b.JettyHttpServer - Server started on port 55708(0 millis).
16:11:58.586 [Test worker] DEBUG o.s.w.c.RestTemplate - HTTP OPTIONS http://localhost:55708/no
16:11:58.587 [Test worker] DEBUG o.s.w.c.RestTemplate - Accept=[text/plain, application/json, application/x-jackson-smile, application/*+json, */*]
16:11:58.590 [qtp1577675462-1034] DEBUG o.s.w.s.a.HttpWebHandlerAdapter - [17ad05e6] HTTP OPTIONS "/no"
16:11:58.592 [qtp1577675462-1034] DEBUG o.s.w.r.r.m.a.RequestMappingHandlerMapping - [17ad05e6] Mapped to org.springframework.web.reactive.result.method.RequestMappingInfoHandlerMapping$HttpOptionsHandler#handle()
16:11:58.595 [qtp1577675462-1034] DEBUG o.s.w.s.a.HttpWebHandlerAdapter - [17ad05e6] Completed 200 OK
16:11:58.596 [Test worker] DEBUG o.s.w.c.RestTemplate - Response 200 OK
16:11:58.596 [Test worker] DEBUG o.s.w.t.h.s.r.b.JettyHttpServer - Stopping JettyHttpServer...
16:11:58.596 [Test worker] INFO  o.e.j.s.h.ContextHandler - Stopped o.e.j.s.ServletContextHandler@4ffb401e{/,null,UNAVAILABLE}
16:11:58.598 [Test worker] INFO  o.e.j.s.AbstractConnector - Stopped ServerConnector@23e3ea7a{HTTP/1.1, (http/1.1)}{0.0.0.0:0}
16:11:58.609 [Test worker] DEBUG o.s.w.t.h.s.r.b.JettyHttpServer - Server stopped (0 millis).
16:11:58.759 [Test worker] DEBUG o.s.w.r.r.m.a.RequestMappingHandlerMapping - 16 mappings in 'requestMappingHandlerMapping'
16:11:58.832 [Test worker] DEBUG o.s.w.r.r.m.a.ControllerMethodResolver - ControllerAdvice beans: none
16:11:58.892 [Test worker] DEBUG o.s.w.s.a.HttpWebHandlerAdapter - enableLoggingRequestDetails='false': form data and headers will be masked to prevent unsafe logging of potentially sensitive data
16:11:58.892 [Test worker] DEBUG o.s.w.t.h.s.r.b.ReactorHttpServer - Starting ReactorHttpServer...
16:11:58.895 [Test worker] DEBUG o.s.w.t.h.s.r.b.ReactorHttpServer - Server started on port 55714(0 millis).
16:11:58.895 [Test worker] DEBUG o.s.w.c.RestTemplate - HTTP OPTIONS http://localhost:55714/no
16:11:58.896 [Test worker] DEBUG o.s.w.c.RestTemplate - Accept=[text/plain, application/json, application/x-jackson-smile, application/*+json, */*]
16:11:58.899 [reactor-http-nio-10] DEBUG o.s.w.s.a.HttpWebHandlerAdapter - [36468a6b-30] HTTP OPTIONS "/no"
16:11:58.899 [reactor-http-nio-10] DEBUG o.s.w.r.r.m.a.RequestMappingHandlerMapping - [36468a6b-30] Mapped to org.springframework.web.reactive.result.method.RequestMappingInfoHandlerMapping$HttpOptionsHandler#handle()
16:11:58.900 [reactor-http-nio-10] DEBUG o.s.w.s.a.HttpWebHandlerAdapter - [36468a6b-30] Completed 200 OK
16:11:58.901 [Test worker] DEBUG o.s.w.c.RestTemplate - Response 200 OK
16:11:58.902 [Test worker] DEBUG o.s.w.t.h.s.r.b.ReactorHttpServer - Stopping ReactorHttpServer...
16:11:58.902 [Test worker] DEBUG o.s.w.t.h.s.r.b.ReactorHttpServer - Server stopped (0 millis).
16:11:59.076 [Test worker] DEBUG o.s.w.r.r.m.a.RequestMappingHandlerMapping - 16 mappings in 'requestMappingHandlerMapping'
16:11:59.147 [Test worker] DEBUG o.s.w.r.r.m.a.ControllerMethodResolver - ControllerAdvice beans: none
16:11:59.234 [Test worker] DEBUG o.s.w.s.a.HttpWebHandlerAdapter - enableLoggingRequestDetails='false': form data and headers will be masked to prevent unsafe logging of potentially sensitive data
16:11:59.235 [Test worker] DEBUG o.s.w.t.h.s.r.b.TomcatHttpServer - Starting TomcatHttpServer...
16:11:59.266 [Test worker] DEBUG o.s.w.t.h.s.r.b.TomcatHttpServer - Server started on port 55721(0 millis).
16:11:59.266 [Test worker] DEBUG o.s.w.c.RestTemplate - HTTP OPTIONS http://localhost:55721/no
16:11:59.266 [Test worker] DEBUG o.s.w.c.RestTemplate - Accept=[text/plain, application/json, application/x-jackson-smile, application/*+json, */*]
16:11:59.270 [http-nio-auto-27-exec-1] DEBUG o.s.w.s.a.HttpWebHandlerAdapter - [5a88e9bf] HTTP OPTIONS "/no"
16:11:59.271 [http-nio-auto-27-exec-1] DEBUG o.s.w.r.r.m.a.RequestMappingHandlerMapping - [5a88e9bf] Mapped to org.springframework.web.reactive.result.method.RequestMappingInfoHandlerMapping$HttpOptionsHandler#handle()
16:11:59.272 [http-nio-auto-27-exec-1] DEBUG o.s.w.s.a.HttpWebHandlerAdapter - [5a88e9bf] Completed 200 OK
16:11:59.274 [Test worker] DEBUG o.s.w.c.RestTemplate - Response 200 OK
16:11:59.276 [Test worker] DEBUG o.s.w.t.h.s.r.b.TomcatHttpServer - Stopping TomcatHttpServer...
16:11:59.296 [Test worker] DEBUG o.s.w.t.h.s.r.b.TomcatHttpServer - Server stopped (0 millis).
16:11:59.513 [Test worker] DEBUG o.s.w.r.r.m.a.RequestMappingHandlerMapping - 16 mappings in 'requestMappingHandlerMapping'
16:11:59.604 [Test worker] DEBUG o.s.w.r.r.m.a.ControllerMethodResolver - ControllerAdvice beans: none
16:11:59.692 [Test worker] DEBUG o.s.w.s.a.HttpWebHandlerAdapter - enableLoggingRequestDetails='false': form data and headers will be masked to prevent unsafe logging of potentially sensitive data
16:11:59.692 [Test worker] DEBUG o.s.w.t.h.s.r.b.UndertowHttpServer - Starting UndertowHttpServer...
16:11:59.692 [Test worker] INFO  i.undertow - starting server: Undertow - 2.0.32.Final
16:11:59.715 [Test worker] DEBUG o.s.w.t.h.s.r.b.UndertowHttpServer - Server started on port 55731(0 millis).
16:11:59.716 [Test worker] DEBUG o.s.w.c.RestTemplate - HTTP OPTIONS http://localhost:55731/no
16:11:59.716 [Test worker] DEBUG o.s.w.c.RestTemplate - Accept=[text/plain, application/json, application/x-jackson-smile, application/*+json, */*]
16:11:59.718 [XNIO-27 I/O-6] DEBUG o.s.w.s.a.HttpWebHandlerAdapter - [37a38792] HTTP OPTIONS "/no"
16:11:59.719 [XNIO-27 I/O-6] DEBUG o.s.w.r.r.m.a.RequestMappingHandlerMapping - [37a38792] Mapped to org.springframework.web.reactive.result.method.RequestMappingInfoHandlerMapping$HttpOptionsHandler#handle()
16:11:59.720 [XNIO-27 I/O-6] DEBUG o.s.w.s.a.HttpWebHandlerAdapter - [37a38792] Completed 200 OK
16:11:59.720 [Test worker] DEBUG o.s.w.c.RestTemplate - Response 200 OK
16:11:59.721 [Test worker] DEBUG o.s.w.t.h.s.r.b.UndertowHttpServer - Stopping UndertowHttpServer...
16:11:59.721 [Test worker] INFO  i.undertow - stopping server: Undertow - 2.0.32.Final
16:11:59.723 [Test worker] DEBUG o.s.w.t.h.s.r.b.UndertowHttpServer - Server stopped (0 millis).
16:11:59.864 [Test worker] DEBUG o.s.w.r.r.m.a.RequestMappingHandlerMapping - 16 mappings in 'requestMappingHandlerMapping'
16:11:59.959 [Test worker] DEBUG o.s.w.r.r.m.a.ControllerMethodResolver - ControllerAdvice beans: none
16:12:00.027 [Test worker] DEBUG o.s.w.s.a.HttpWebHandlerAdapter - enableLoggingRequestDetails='false': form data and headers will be masked to prevent unsafe logging of potentially sensitive data
16:12:00.028 [Test worker] WARN  o.e.j.s.h.ContextHandler - Empty contextPath
16:12:00.028 [Test worker] INFO  o.e.j.s.h.ContextHandler - Started o.e.j.s.ServletContextHandler@111b0c06{/,null,AVAILABLE}
16:12:00.048 [Test worker] DEBUG o.s.w.t.h.s.r.b.JettyHttpServer - Starting JettyHttpServer...
16:12:00.048 [Test worker] INFO  o.e.j.s.Server - jetty-9.4.31.v20200723; built: 2020-07-23T17:57:36.812Z; git: 450ba27947e13e66baa8cd1ce7e85a4461cacc1d; jvm 1.8.0_201-b09
16:12:00.057 [Test worker] INFO  o.e.j.s.AbstractConnector - Started ServerConnector@7addde34{HTTP/1.1, (http/1.1)}{0.0.0.0:55737}
16:12:00.057 [Test worker] INFO  o.e.j.s.Server - Started @87923ms
16:12:00.057 [Test worker] DEBUG o.s.w.t.h.s.r.b.JettyHttpServer - Server started on port 55737(0 millis).
16:12:00.060 [Test worker] DEBUG o.s.w.c.RestTemplate - HTTP POST http://localhost:55737/no
16:12:00.060 [Test worker] DEBUG o.s.w.c.RestTemplate - Accept=[text/plain, application/json, application/x-jackson-smile, application/*+json, */*]
16:12:00.066 [qtp895726776-1072] DEBUG o.s.w.s.a.HttpWebHandlerAdapter - [4f1ed84f] HTTP POST "/no"
16:12:00.066 [qtp895726776-1072] DEBUG o.s.w.r.r.m.a.RequestMappingHandlerMapping - [4f1ed84f] Mapped to org.springframework.web.reactive.result.method.annotation.CrossOriginAnnotationIntegrationTests$MethodLevelController#noAnnotationPost()
16:12:00.067 [qtp895726776-1072] DEBUG o.s.w.r.r.m.a.ResponseBodyResultHandler - Using 'text/plain;charset=UTF-8' given [text/plain, application/json, application/x-jackson-smile, application/*+json, */*] and supported [text/plain;charset=UTF-8, text/event-stream, text/plain;charset=UTF-8, */*]
16:12:00.067 [qtp895726776-1072] DEBUG o.s.w.r.r.m.a.ResponseBodyResultHandler - [4f1ed84f] 0..1 [java.lang.String]
16:12:00.068 [qtp895726776-1072] DEBUG o.s.c.c.CharSequenceEncoder - [4f1ed84f] Writing "no-post"
16:12:00.069 [qtp895726776-1072] DEBUG o.s.w.s.a.HttpWebHandlerAdapter - [4f1ed84f] Completed 200 OK
16:12:00.070 [Test worker] DEBUG o.s.w.c.RestTemplate - Response 200 OK
16:12:00.070 [Test worker] DEBUG o.s.w.c.RestTemplate - Reading to [java.lang.String] as "text/plain;charset=utf-8"
16:12:00.071 [Test worker] DEBUG o.s.w.t.h.s.r.b.JettyHttpServer - Stopping JettyHttpServer...
16:12:00.089 [Test worker] INFO  o.e.j.s.h.ContextHandler - Stopped o.e.j.s.ServletContextHandler@111b0c06{/,null,UNAVAILABLE}
16:12:00.101 [Test worker] INFO  o.e.j.s.AbstractConnector - Stopped ServerConnector@7addde34{HTTP/1.1, (http/1.1)}{0.0.0.0:0}
16:12:00.112 [Test worker] DEBUG o.s.w.t.h.s.r.b.JettyHttpServer - Server stopped (0 millis).
16:12:00.311 [Test worker] DEBUG o.s.w.r.r.m.a.RequestMappingHandlerMapping - 16 mappings in 'requestMappingHandlerMapping'
16:12:00.381 [Test worker] DEBUG o.s.w.r.r.m.a.ControllerMethodResolver - ControllerAdvice beans: none
16:12:00.462 [Test worker] DEBUG o.s.w.s.a.HttpWebHandlerAdapter - enableLoggingRequestDetails='false': form data and headers will be masked to prevent unsafe logging of potentially sensitive data
16:12:00.462 [Test worker] DEBUG o.s.w.t.h.s.r.b.ReactorHttpServer - Starting ReactorHttpServer...
16:12:00.469 [Test worker] DEBUG o.s.w.t.h.s.r.b.ReactorHttpServer - Server started on port 55746(0 millis).
16:12:00.469 [Test worker] DEBUG o.s.w.c.RestTemplate - HTTP POST http://localhost:55746/no
16:12:00.469 [Test worker] DEBUG o.s.w.c.RestTemplate - Accept=[text/plain, application/json, application/x-jackson-smile, application/*+json, */*]
16:12:00.479 [reactor-http-nio-12] DEBUG o.s.w.s.a.HttpWebHandlerAdapter - [a50117ab-31] HTTP POST "/no"
16:12:00.479 [reactor-http-nio-12] DEBUG o.s.w.r.r.m.a.RequestMappingHandlerMapping - [a50117ab-31] Mapped to org.springframework.web.reactive.result.method.annotation.CrossOriginAnnotationIntegrationTests$MethodLevelController#noAnnotationPost()
16:12:00.480 [reactor-http-nio-12] DEBUG o.s.w.r.r.m.a.ResponseBodyResultHandler - Using 'text/plain;charset=UTF-8' given [text/plain, application/json, application/x-jackson-smile, application/*+json, */*] and supported [text/plain;charset=UTF-8, text/event-stream, text/plain;charset=UTF-8, */*]
16:12:00.480 [reactor-http-nio-12] DEBUG o.s.w.r.r.m.a.ResponseBodyResultHandler - [a50117ab-31] 0..1 [java.lang.String]
16:12:00.480 [reactor-http-nio-12] DEBUG o.s.c.c.CharSequenceEncoder - [a50117ab-31] Writing "no-post"
16:12:00.482 [reactor-http-nio-12] DEBUG o.s.w.s.a.HttpWebHandlerAdapter - [a50117ab-31] Completed 200 OK
16:12:00.482 [Test worker] DEBUG o.s.w.c.RestTemplate - Response 200 OK
16:12:00.483 [Test worker] DEBUG o.s.w.c.RestTemplate - Reading to [java.lang.String] as "text/plain;charset=UTF-8"
16:12:00.483 [Test worker] DEBUG o.s.w.t.h.s.r.b.ReactorHttpServer - Stopping ReactorHttpServer...
16:12:00.483 [Test worker] DEBUG o.s.w.t.h.s.r.b.ReactorHttpServer - Server stopped (0 millis).
16:12:00.655 [Test worker] DEBUG o.s.w.r.r.m.a.RequestMappingHandlerMapping - 16 mappings in 'requestMappingHandlerMapping'
16:12:00.734 [Test worker] DEBUG o.s.w.r.r.m.a.ControllerMethodResolver - ControllerAdvice beans: none
16:12:00.797 [Test worker] DEBUG o.s.w.s.a.HttpWebHandlerAdapter - enableLoggingRequestDetails='false': form data and headers will be masked to prevent unsafe logging of potentially sensitive data
16:12:00.798 [Test worker] DEBUG o.s.w.t.h.s.r.b.TomcatHttpServer - Starting TomcatHttpServer...
16:12:00.818 [Test worker] DEBUG o.s.w.t.h.s.r.b.TomcatHttpServer - Server started on port 55754(0 millis).
16:12:00.819 [Test worker] DEBUG o.s.w.c.RestTemplate - HTTP POST http://localhost:55754/no
16:12:00.819 [Test worker] DEBUG o.s.w.c.RestTemplate - Accept=[text/plain, application/json, application/x-jackson-smile, application/*+json, */*]
16:12:00.823 [http-nio-auto-28-exec-1] DEBUG o.s.w.s.a.HttpWebHandlerAdapter - [192961fb] HTTP POST "/no"
16:12:00.824 [http-nio-auto-28-exec-1] DEBUG o.s.w.r.r.m.a.RequestMappingHandlerMapping - [192961fb] Mapped to org.springframework.web.reactive.result.method.annotation.CrossOriginAnnotationIntegrationTests$MethodLevelController#noAnnotationPost()
16:12:00.825 [http-nio-auto-28-exec-1] DEBUG o.s.w.r.r.m.a.ResponseBodyResultHandler - Using 'text/plain;charset=UTF-8' given [text/plain, application/json, application/x-jackson-smile, application/*+json, */*] and supported [text/plain;charset=UTF-8, text/event-stream, text/plain;charset=UTF-8, */*]
16:12:00.825 [http-nio-auto-28-exec-1] DEBUG o.s.w.r.r.m.a.ResponseBodyResultHandler - [192961fb] 0..1 [java.lang.String]
16:12:00.825 [http-nio-auto-28-exec-1] DEBUG o.s.c.c.CharSequenceEncoder - [192961fb] Writing "no-post"
16:12:00.826 [http-nio-auto-28-exec-1] DEBUG o.s.w.s.a.HttpWebHandlerAdapter - [192961fb] Completed 200 OK
16:12:00.841 [Test worker] DEBUG o.s.w.c.RestTemplate - Response 200 OK
16:12:00.841 [Test worker] DEBUG o.s.w.c.RestTemplate - Reading to [java.lang.String] as "text/plain;charset=UTF-8"
16:12:00.842 [Test worker] DEBUG o.s.w.t.h.s.r.b.TomcatHttpServer - Stopping TomcatHttpServer...
16:12:00.859 [Test worker] DEBUG o.s.w.t.h.s.r.b.TomcatHttpServer - Server stopped (0 millis).
16:12:01.095 [Test worker] DEBUG o.s.w.r.r.m.a.RequestMappingHandlerMapping - 16 mappings in 'requestMappingHandlerMapping'
16:12:01.159 [Test worker] DEBUG o.s.w.r.r.m.a.ControllerMethodResolver - ControllerAdvice beans: none
16:12:01.230 [Test worker] DEBUG o.s.w.s.a.HttpWebHandlerAdapter - enableLoggingRequestDetails='false': form data and headers will be masked to prevent unsafe logging of potentially sensitive data
16:12:01.231 [Test worker] DEBUG o.s.w.t.h.s.r.b.UndertowHttpServer - Starting UndertowHttpServer...
16:12:01.231 [Test worker] INFO  i.undertow - starting server: Undertow - 2.0.32.Final
16:12:01.246 [Test worker] DEBUG o.s.w.t.h.s.r.b.UndertowHttpServer - Server started on port 55766(0 millis).
16:12:01.246 [Test worker] DEBUG o.s.w.c.RestTemplate - HTTP POST http://localhost:55766/no
16:12:01.247 [Test worker] DEBUG o.s.w.c.RestTemplate - Accept=[text/plain, application/json, application/x-jackson-smile, application/*+json, */*]
16:12:01.249 [XNIO-28 I/O-6] DEBUG o.s.w.s.a.HttpWebHandlerAdapter - [31a94e27] HTTP POST "/no"
16:12:01.250 [XNIO-28 I/O-6] DEBUG o.s.w.r.r.m.a.RequestMappingHandlerMapping - [31a94e27] Mapped to org.springframework.web.reactive.result.method.annotation.CrossOriginAnnotationIntegrationTests$MethodLevelController#noAnnotationPost()
16:12:01.251 [XNIO-28 I/O-6] DEBUG o.s.w.r.r.m.a.ResponseBodyResultHandler - Using 'text/plain;charset=UTF-8' given [text/plain, application/json, application/x-jackson-smile, application/*+json, */*] and supported [text/plain;charset=UTF-8, text/event-stream, text/plain;charset=UTF-8, */*]
16:12:01.251 [XNIO-28 I/O-6] DEBUG o.s.w.r.r.m.a.ResponseBodyResultHandler - [31a94e27] 0..1 [java.lang.String]
16:12:01.251 [XNIO-28 I/O-6] DEBUG o.s.c.c.CharSequenceEncoder - [31a94e27] Writing "no-post"
16:12:01.252 [XNIO-28 I/O-6] DEBUG o.s.w.s.a.HttpWebHandlerAdapter - [31a94e27] Completed 200 OK
16:12:01.252 [Test worker] DEBUG o.s.w.c.RestTemplate - Response 200 OK
16:12:01.253 [Test worker] DEBUG o.s.w.c.RestTemplate - Reading to [java.lang.String] as "text/plain;charset=UTF-8"
16:12:01.253 [Test worker] DEBUG o.s.w.t.h.s.r.b.UndertowHttpServer - Stopping UndertowHttpServer...
16:12:01.253 [Test worker] INFO  i.undertow - stopping server: Undertow - 2.0.32.Final
16:12:01.257 [Test worker] DEBUG o.s.w.t.h.s.r.b.UndertowHttpServer - Server stopped (0 millis).
]]></system-out>
  <system-err><![CDATA[]]></system-err>
</testsuite>
