<?xml version="1.0" encoding="UTF-8"?>
<testsuite name="org.springframework.web.reactive.result.method.annotation.InitBinderBindingContextTests" tests="7" skipped="0" failures="0" errors="0" timestamp="2021-06-20T08:11:12" hostname="gankangdembp" time="0.102">
  <properties/>
  <testcase name="createBinderNullAttrName()" classname="org.springframework.web.reactive.result.method.annotation.InitBinderBindingContextTests" time="0.02"/>
  <testcase name="createBinderWithAttrNameNoMatch()" classname="org.springframework.web.reactive.result.method.annotation.InitBinderBindingContextTests" time="0.001"/>
  <testcase name="createBinderWithGlobalInitialization()" classname="org.springframework.web.reactive.result.method.annotation.InitBinderBindingContextTests" time="0.003"/>
  <testcase name="createBinderTypeConversion()" classname="org.springframework.web.reactive.result.method.annotation.InitBinderBindingContextTests" time="0.066"/>
  <testcase name="returnValueNotExpected()" classname="org.springframework.web.reactive.result.method.annotation.InitBinderBindingContextTests" time="0.006"/>
  <testcase name="createBinder()" classname="org.springframework.web.reactive.result.method.annotation.InitBinderBindingContextTests" time="0.001"/>
  <testcase name="createBinderWithAttrName()" classname="org.springframework.web.reactive.result.method.annotation.InitBinderBindingContextTests" time="0.001"/>
  <system-out><![CDATA[]]></system-out>
  <system-err><![CDATA[]]></system-err>
</testsuite>
