<?xml version="1.0" encoding="UTF-8"?>
<testsuite name="org.springframework.web.reactive.result.view.UrlBasedViewResolverTests" tests="5" skipped="0" failures="0" errors="0" timestamp="2021-06-20T08:11:03" hostname="gankangdembp" time="0.129">
  <properties/>
  <testcase name="viewNames()" classname="org.springframework.web.reactive.result.view.UrlBasedViewResolverTests" time="0.007"/>
  <testcase name="urlBasedViewResolverDoesNotOverrideCustomRequestContextAttributeWithNull()" classname="org.springframework.web.reactive.result.view.UrlBasedViewResolverTests" time="0.071"/>
  <testcase name="redirectView()" classname="org.springframework.web.reactive.result.view.UrlBasedViewResolverTests" time="0.004"/>
  <testcase name="urlBasedViewResolverOverridesCustomRequestContextAttributeWithNonNullValue()" classname="org.springframework.web.reactive.result.view.UrlBasedViewResolverTests" time="0.003"/>
  <testcase name="customizedRedirectView()" classname="org.springframework.web.reactive.result.view.UrlBasedViewResolverTests" time="0.002"/>
  <system-out><![CDATA[]]></system-out>
  <system-err><![CDATA[]]></system-err>
</testsuite>
