<?xml version="1.0" encoding="UTF-8"?>
<testsuite name="org.springframework.web.reactive.function.server.RouterFunctionBuilderTests" tests="4" skipped="0" failures="0" errors="0" timestamp="2020-05-29T14:00:55" hostname="bamboo-18" time="0.044">
  <properties/>
  <testcase name="resources()" classname="org.springframework.web.reactive.function.server.RouterFunctionBuilderTests" time="0.009"/>
  <testcase name="filters()" classname="org.springframework.web.reactive.function.server.RouterFunctionBuilderTests" time="0.016"/>
  <testcase name="nest()" classname="org.springframework.web.reactive.function.server.RouterFunctionBuilderTests" time="0.004"/>
  <testcase name="route()" classname="org.springframework.web.reactive.function.server.RouterFunctionBuilderTests" time="0.014"/>
  <system-out><![CDATA[]]></system-out>
  <system-err><![CDATA[]]></system-err>
</testsuite>
