<?xml version="1.0" encoding="UTF-8"?>
<testsuite name="org.springframework.web.reactive.resource.EncodedResourceResolverTests" tests="4" skipped="0" failures="0" errors="0" timestamp="2021-06-20T08:12:15" hostname="gankangdembp" time="0.204">
  <properties/>
  <testcase name="resolveGzippedWithVersion(GzippedFiles)" classname="org.springframework.web.reactive.resource.EncodedResourceResolverTests" time="0.194"/>
  <testcase name="resolveGzipped(GzippedFiles)" classname="org.springframework.web.reactive.resource.EncodedResourceResolverTests" time="0.003"/>
  <testcase name="resolveWithNullRequest()" classname="org.springframework.web.reactive.resource.EncodedResourceResolverTests" time="0.001"/>
  <testcase name="resolveFromCacheWithEncodingVariants(GzippedFiles)" classname="org.springframework.web.reactive.resource.EncodedResourceResolverTests" time="0.004"/>
  <system-out><![CDATA[]]></system-out>
  <system-err><![CDATA[]]></system-err>
</testsuite>
