<?xml version="1.0" encoding="UTF-8"?>
<testsuite name="org.springframework.web.reactive.result.view.freemarker.FreeMarkerViewTests" tests="5" skipped="0" failures="0" errors="0" timestamp="2021-06-20T08:11:00" hostname="gankangdembp" time="2.721">
  <properties/>
  <testcase name="checkResourceExists()" classname="org.springframework.web.reactive.result.view.freemarker.FreeMarkerViewTests" time="2.391"/>
  <testcase name="render()" classname="org.springframework.web.reactive.result.view.freemarker.FreeMarkerViewTests" time="0.256"/>
  <testcase name="noFreeMarkerConfig()" classname="org.springframework.web.reactive.result.view.freemarker.FreeMarkerViewTests" time="0.003"/>
  <testcase name="noTemplateName()" classname="org.springframework.web.reactive.result.view.freemarker.FreeMarkerViewTests" time="0.003"/>
  <testcase name="subscribeWithoutDemand()" classname="org.springframework.web.reactive.result.view.freemarker.FreeMarkerViewTests" time="0.061"/>
  <system-out><![CDATA[16:11:01.630 [Test worker] DEBUG o.s.w.r.r.v.f.FreeMarkerConfigurer - File system access not preferred: using SpringTemplateLoader
16:11:02.531 [Test worker] DEBUG o.s.w.r.r.v.f.FreeMarkerConfigurer - File system access not preferred: using SpringTemplateLoader
16:11:02.532 [Test worker] DEBUG o.s.w.r.r.v.f.FreeMarkerView - [24ae2447] View [FreeMarkerView], model {hello=hi FreeMarker}
16:11:02.741 [Test worker] DEBUG o.s.w.r.r.v.f.FreeMarkerView - [24ae2447] Rendering [test.ftl]
16:11:02.789 [Test worker] DEBUG o.s.w.r.r.v.f.FreeMarkerConfigurer - File system access not preferred: using SpringTemplateLoader
16:11:02.796 [Test worker] DEBUG o.s.w.r.r.v.f.FreeMarkerConfigurer - File system access not preferred: using SpringTemplateLoader
16:11:02.799 [Test worker] DEBUG o.s.w.r.r.v.f.FreeMarkerConfigurer - File system access not preferred: using SpringTemplateLoader
16:11:02.803 [Test worker] DEBUG o.s.w.r.r.v.f.FreeMarkerView - [4c097fa8] View [FreeMarkerView], model {hello=hi FreeMarker}
16:11:02.818 [Test worker] DEBUG o.s.w.r.r.v.f.FreeMarkerView - [4c097fa8] Rendering [test.ftl]
]]></system-out>
  <system-err><![CDATA[]]></system-err>
</testsuite>
