<?xml version="1.0" encoding="UTF-8"?>
<testsuite name="org.springframework.web.reactive.result.method.annotation.RequestPartMethodArgumentResolverTests" tests="19" skipped="0" failures="0" errors="0" timestamp="2021-06-20T08:12:11" hostname="gankangdembp" time="2.967">
  <properties/>
  <testcase name="fluxPart()" classname="org.springframework.web.reactive.result.method.annotation.RequestPartMethodArgumentResolverTests" time="0.552"/>
  <testcase name="listPersonNotRequired()" classname="org.springframework.web.reactive.result.method.annotation.RequestPartMethodArgumentResolverTests" time="0.126"/>
  <testcase name="listPartNotRequired()" classname="org.springframework.web.reactive.result.method.annotation.RequestPartMethodArgumentResolverTests" time="0.096"/>
  <testcase name="partRequired()" classname="org.springframework.web.reactive.result.method.annotation.RequestPartMethodArgumentResolverTests" time="0.185"/>
  <testcase name="fluxPersonNotRequired()" classname="org.springframework.web.reactive.result.method.annotation.RequestPartMethodArgumentResolverTests" time="0.132"/>
  <testcase name="fluxPerson()" classname="org.springframework.web.reactive.result.method.annotation.RequestPartMethodArgumentResolverTests" time="0.177"/>
  <testcase name="person()" classname="org.springframework.web.reactive.result.method.annotation.RequestPartMethodArgumentResolverTests" time="0.158"/>
  <testcase name="personRequired()" classname="org.springframework.web.reactive.result.method.annotation.RequestPartMethodArgumentResolverTests" time="0.148"/>
  <testcase name="personNotRequired()" classname="org.springframework.web.reactive.result.method.annotation.RequestPartMethodArgumentResolverTests" time="0.139"/>
  <testcase name="monoPart()" classname="org.springframework.web.reactive.result.method.annotation.RequestPartMethodArgumentResolverTests" time="0.132"/>
  <testcase name="partNotRequired()" classname="org.springframework.web.reactive.result.method.annotation.RequestPartMethodArgumentResolverTests" time="0.115"/>
  <testcase name="part()" classname="org.springframework.web.reactive.result.method.annotation.RequestPartMethodArgumentResolverTests" time="0.113"/>
  <testcase name="monoPartNotRequired()" classname="org.springframework.web.reactive.result.method.annotation.RequestPartMethodArgumentResolverTests" time="0.099"/>
  <testcase name="listPerson()" classname="org.springframework.web.reactive.result.method.annotation.RequestPartMethodArgumentResolverTests" time="0.129"/>
  <testcase name="monoPersonNotRequired()" classname="org.springframework.web.reactive.result.method.annotation.RequestPartMethodArgumentResolverTests" time="0.092"/>
  <testcase name="fluxPartNotRequired()" classname="org.springframework.web.reactive.result.method.annotation.RequestPartMethodArgumentResolverTests" time="0.132"/>
  <testcase name="listPart()" classname="org.springframework.web.reactive.result.method.annotation.RequestPartMethodArgumentResolverTests" time="0.117"/>
  <testcase name="supportsParameter()" classname="org.springframework.web.reactive.result.method.annotation.RequestPartMethodArgumentResolverTests" time="0.151"/>
  <testcase name="monoPerson()" classname="org.springframework.web.reactive.result.method.annotation.RequestPartMethodArgumentResolverTests" time="0.117"/>
  <system-out><![CDATA[16:12:11.585 [Test worker] DEBUG o.s.h.c.m.MultipartHttpMessageWriter - Encoding parts [name] (content masked)
16:12:11.882 [Test worker] DEBUG o.s.h.c.m.MultipartHttpMessageReader - [45ad99de] Parsed parts [name] (content masked)
16:12:12.004 [Test worker] DEBUG o.s.h.c.m.MultipartHttpMessageWriter - Encoding parts [] (content masked)
16:12:12.052 [Test worker] DEBUG o.s.h.c.m.MultipartHttpMessageReader - [2a1a1a22] Parsed parts [] (content masked)
16:12:12.135 [Test worker] DEBUG o.s.h.c.m.MultipartHttpMessageWriter - Encoding parts [] (content masked)
16:12:12.151 [Test worker] DEBUG o.s.h.c.m.MultipartHttpMessageReader - [3249a6e1] Parsed parts [] (content masked)
16:12:12.297 [Test worker] DEBUG o.s.h.c.m.MultipartHttpMessageWriter - Encoding parts [] (content masked)
16:12:12.336 [Test worker] DEBUG o.s.h.c.m.MultipartHttpMessageReader - [2b35c7e2] Parsed parts [] (content masked)
16:12:12.438 [Test worker] DEBUG o.s.h.c.m.MultipartHttpMessageWriter - Encoding parts [] (content masked)
16:12:12.469 [Test worker] DEBUG o.s.h.c.m.MultipartHttpMessageReader - [356ec35c] Parsed parts [] (content masked)
16:12:12.496 [Test worker] DEBUG o.s.h.c.m.MultipartHttpMessageWriter - Encoding parts [name] (content masked)
16:12:12.574 [Test worker] DEBUG o.s.h.c.m.MultipartHttpMessageReader - [443c24fa] Parsed parts [name] (content masked)
16:12:12.591 [Test worker] DEBUG o.s.w.r.r.m.a.RequestPartMethodArgumentResolver - [443c24fa] Decoding part 'name'
16:12:12.592 [Test worker] DEBUG o.s.w.r.r.m.a.RequestPartMethodArgumentResolver - [443c24fa] Content-Type:application/json
16:12:12.610 [Test worker] DEBUG o.s.w.r.r.m.a.RequestPartMethodArgumentResolver - [443c24fa] 0..1 [org.springframework.web.reactive.result.method.annotation.RequestPartMethodArgumentResolverTests$Person]
16:12:12.620 [Test worker] DEBUG o.s.h.c.j.Jackson2JsonDecoder - [443c24fa] Decoded [org.springframework.web.reactive.result.method.annotation.RequestPartMethodArgumentResolverTests$Per (truncated)...]
16:12:12.620 [Test worker] DEBUG o.s.w.r.r.m.a.RequestPartMethodArgumentResolver - [443c24fa] Decoding part 'name'
16:12:12.645 [Test worker] DEBUG o.s.w.r.r.m.a.RequestPartMethodArgumentResolver - [443c24fa] Content-Type:application/json
16:12:12.646 [Test worker] DEBUG o.s.w.r.r.m.a.RequestPartMethodArgumentResolver - [443c24fa] 0..1 [org.springframework.web.reactive.result.method.annotation.RequestPartMethodArgumentResolverTests$Person]
16:12:12.647 [Test worker] DEBUG o.s.h.c.j.Jackson2JsonDecoder - [443c24fa] Decoded [org.springframework.web.reactive.result.method.annotation.RequestPartMethodArgumentResolverTests$Per (truncated)...]
16:12:12.768 [Test worker] DEBUG o.s.h.c.m.MultipartHttpMessageWriter - Encoding parts [name] (content masked)
16:12:12.804 [Test worker] DEBUG o.s.h.c.m.MultipartHttpMessageReader - [41c216b0] Parsed parts [name] (content masked)
16:12:12.805 [Test worker] DEBUG o.s.w.r.r.m.a.RequestPartMethodArgumentResolver - [41c216b0] Decoding part 'name'
16:12:12.805 [Test worker] DEBUG o.s.w.r.r.m.a.RequestPartMethodArgumentResolver - [41c216b0] Content-Type:application/json
16:12:12.806 [Test worker] DEBUG o.s.w.r.r.m.a.RequestPartMethodArgumentResolver - [41c216b0] 0..1 [org.springframework.web.reactive.result.method.annotation.RequestPartMethodArgumentResolverTests$Person]
16:12:12.806 [Test worker] DEBUG o.s.h.c.j.Jackson2JsonDecoder - [41c216b0] Decoded [org.springframework.web.reactive.result.method.annotation.RequestPartMethodArgumentResolverTests$Per (truncated)...]
16:12:12.924 [Test worker] DEBUG o.s.h.c.m.MultipartHttpMessageWriter - Encoding parts [] (content masked)
16:12:12.955 [Test worker] DEBUG o.s.h.c.m.MultipartHttpMessageReader - [3596c02b] Parsed parts [] (content masked)
16:12:13.069 [Test worker] DEBUG o.s.h.c.m.MultipartHttpMessageWriter - Encoding parts [] (content masked)
16:12:13.094 [Test worker] DEBUG o.s.h.c.m.MultipartHttpMessageReader - [497f3177] Parsed parts [] (content masked)
16:12:13.198 [Test worker] DEBUG o.s.h.c.m.MultipartHttpMessageWriter - Encoding parts [name] (content masked)
16:12:13.226 [Test worker] DEBUG o.s.h.c.m.MultipartHttpMessageReader - [18d9d97e] Parsed parts [name] (content masked)
16:12:13.335 [Test worker] DEBUG o.s.h.c.m.MultipartHttpMessageWriter - Encoding parts [] (content masked)
16:12:13.364 [Test worker] DEBUG o.s.h.c.m.MultipartHttpMessageReader - [1c4bbfae] Parsed parts [] (content masked)
16:12:13.454 [Test worker] DEBUG o.s.h.c.m.MultipartHttpMessageWriter - Encoding parts [name] (content masked)
16:12:13.478 [Test worker] DEBUG o.s.h.c.m.MultipartHttpMessageReader - [1f5fb394] Parsed parts [name] (content masked)
16:12:13.585 [Test worker] DEBUG o.s.h.c.m.MultipartHttpMessageWriter - Encoding parts [] (content masked)
16:12:13.600 [Test worker] DEBUG o.s.h.c.m.MultipartHttpMessageReader - [2f1bdd81] Parsed parts [] (content masked)
16:12:13.669 [Test worker] DEBUG o.s.h.c.m.MultipartHttpMessageWriter - Encoding parts [name] (content masked)
16:12:13.723 [Test worker] DEBUG o.s.h.c.m.MultipartHttpMessageReader - [795fe335] Parsed parts [name] (content masked)
16:12:13.724 [Test worker] DEBUG o.s.w.r.r.m.a.RequestPartMethodArgumentResolver - [795fe335] Decoding part 'name'
16:12:13.724 [Test worker] DEBUG o.s.w.r.r.m.a.RequestPartMethodArgumentResolver - [795fe335] Content-Type:application/json
16:12:13.726 [Test worker] DEBUG o.s.w.r.r.m.a.RequestPartMethodArgumentResolver - [795fe335] 0..1 [org.springframework.web.reactive.result.method.annotation.RequestPartMethodArgumentResolverTests$Person]
16:12:13.728 [Test worker] DEBUG o.s.h.c.j.Jackson2JsonDecoder - [795fe335] Decoded [org.springframework.web.reactive.result.method.annotation.RequestPartMethodArgumentResolverTests$Per (truncated)...]
16:12:13.728 [Test worker] DEBUG o.s.w.r.r.m.a.RequestPartMethodArgumentResolver - [795fe335] Decoding part 'name'
16:12:13.728 [Test worker] DEBUG o.s.w.r.r.m.a.RequestPartMethodArgumentResolver - [795fe335] Content-Type:application/json
16:12:13.728 [Test worker] DEBUG o.s.w.r.r.m.a.RequestPartMethodArgumentResolver - [795fe335] 0..1 [org.springframework.web.reactive.result.method.annotation.RequestPartMethodArgumentResolverTests$Person]
16:12:13.729 [Test worker] DEBUG o.s.h.c.j.Jackson2JsonDecoder - [795fe335] Decoded [org.springframework.web.reactive.result.method.annotation.RequestPartMethodArgumentResolverTests$Per (truncated)...]
16:12:13.791 [Test worker] DEBUG o.s.h.c.m.MultipartHttpMessageWriter - Encoding parts [] (content masked)
16:12:13.821 [Test worker] DEBUG o.s.h.c.m.MultipartHttpMessageReader - [2dcf73e7] Parsed parts [] (content masked)
16:12:13.906 [Test worker] DEBUG o.s.h.c.m.MultipartHttpMessageWriter - Encoding parts [] (content masked)
16:12:13.954 [Test worker] DEBUG o.s.h.c.m.MultipartHttpMessageReader - [113ed5d9] Parsed parts [] (content masked)
16:12:13.998 [Test worker] DEBUG o.s.h.c.m.MultipartHttpMessageWriter - Encoding parts [name] (content masked)
16:12:14.036 [Test worker] DEBUG o.s.h.c.m.MultipartHttpMessageReader - [4738dc52] Parsed parts [name] (content masked)
16:12:14.307 [Test worker] DEBUG o.s.h.c.m.MultipartHttpMessageWriter - Encoding parts [name] (content masked)
16:12:14.340 [Test worker] DEBUG o.s.h.c.m.MultipartHttpMessageReader - [169bce81] Parsed parts [name] (content masked)
16:12:14.340 [Test worker] DEBUG o.s.w.r.r.m.a.RequestPartMethodArgumentResolver - [169bce81] Decoding part 'name'
16:12:14.340 [Test worker] DEBUG o.s.w.r.r.m.a.RequestPartMethodArgumentResolver - [169bce81] Content-Type:application/json
16:12:14.341 [Test worker] DEBUG o.s.w.r.r.m.a.RequestPartMethodArgumentResolver - [169bce81] 0..1 [org.springframework.web.reactive.result.method.annotation.RequestPartMethodArgumentResolverTests$Person]
16:12:14.342 [Test worker] DEBUG o.s.h.c.j.Jackson2JsonDecoder - [169bce81] Decoded [org.springframework.web.reactive.result.method.annotation.RequestPartMethodArgumentResolverTests$Per (truncated)...]
]]></system-out>
  <system-err><![CDATA[]]></system-err>
</testsuite>
