<?xml version="1.0" encoding="UTF-8"?>
<testsuite name="org.springframework.web.reactive.resource.AppCacheManifestTransformerTests" tests="3" skipped="0" failures="0" errors="0" timestamp="2020-05-29T14:01:16" hostname="bamboo-18" time="0.048">
  <properties/>
  <testcase name="noTransformIfExtensionDoesNotMatch()" classname="org.springframework.web.reactive.resource.AppCacheManifestTransformerTests" time="0.018"/>
  <testcase name="transformManifest()" classname="org.springframework.web.reactive.resource.AppCacheManifestTransformerTests" time="0.029"/>
  <testcase name="syntaxErrorInManifest()" classname="org.springframework.web.reactive.resource.AppCacheManifestTransformerTests" time="0.001"/>
  <system-out><![CDATA[]]></system-out>
  <system-err><![CDATA[]]></system-err>
</testsuite>
