<?xml version="1.0" encoding="UTF-8"?>
<testsuite name="org.springframework.web.reactive.result.view.RequestContextTests" tests="3" skipped="0" failures="0" errors="0" timestamp="2021-06-20T08:11:00" hostname="gankangdembp" time="0.025">
  <properties/>
  <testcase name="testGetContextUrlWithMap()" classname="org.springframework.web.reactive.result.view.RequestContextTests" time="0.003"/>
  <testcase name="testGetContextUrlWithMapEscaping()" classname="org.springframework.web.reactive.result.view.RequestContextTests" time="0.003"/>
  <testcase name="testGetContextUrl()" classname="org.springframework.web.reactive.result.view.RequestContextTests" time="0.016"/>
  <system-out><![CDATA[]]></system-out>
  <system-err><![CDATA[]]></system-err>
</testsuite>
