<?xml version="1.0" encoding="UTF-8"?>
<testsuite name="org.springframework.web.reactive.function.server.ToStringVisitorTests" tests="2" skipped="0" failures="0" errors="0" timestamp="2021-06-20T08:12:20" hostname="gankangdembp" time="0.067">
  <properties/>
  <testcase name="nested()" classname="org.springframework.web.reactive.function.server.ToStringVisitorTests" time="0.019"/>
  <testcase name="predicates()" classname="org.springframework.web.reactive.function.server.ToStringVisitorTests" time="0.048"/>
  <system-out><![CDATA[]]></system-out>
  <system-err><![CDATA[]]></system-err>
</testsuite>
