<?xml version="1.0" encoding="UTF-8"?>
<testsuite name="org.springframework.web.reactive.function.client.WebClientIntegrationTests" tests="71" skipped="0" failures="0" errors="0" timestamp="2021-06-20T08:12:50" hostname="gankangdembp" time="2.307">
  <properties/>
  <testcase name="retrieve404(ClientHttpConnector)[1]" classname="org.springframework.web.reactive.function.client.WebClientIntegrationTests" time="0.893"/>
  <testcase name="retrieve404(ClientHttpConnector)[2]" classname="org.springframework.web.reactive.function.client.WebClientIntegrationTests" time="0.01"/>
  <testcase name="retrieve500(ClientHttpConnector)[1]" classname="org.springframework.web.reactive.function.client.WebClientIntegrationTests" time="0.025"/>
  <testcase name="retrieve500(ClientHttpConnector)[2]" classname="org.springframework.web.reactive.function.client.WebClientIntegrationTests" time="0.01"/>
  <testcase name="statusHandlerSuppressedErrorSignalWithEntity(ClientHttpConnector)[1]" classname="org.springframework.web.reactive.function.client.WebClientIntegrationTests" time="0.028"/>
  <testcase name="statusHandlerSuppressedErrorSignalWithEntity(ClientHttpConnector)[2]" classname="org.springframework.web.reactive.function.client.WebClientIntegrationTests" time="0.009"/>
  <testcase name="exchangeForEmptyBodyAsVoidEntity(ClientHttpConnector)[1]" classname="org.springframework.web.reactive.function.client.WebClientIntegrationTests" time="0.015"/>
  <testcase name="exchangeForEmptyBodyAsVoidEntity(ClientHttpConnector)[2]" classname="org.springframework.web.reactive.function.client.WebClientIntegrationTests" time="0.01"/>
  <testcase name="exchangeForUnknownStatusCode(ClientHttpConnector)[1]" classname="org.springframework.web.reactive.function.client.WebClientIntegrationTests" time="0.017"/>
  <testcase name="exchangeForUnknownStatusCode(ClientHttpConnector)[2]" classname="org.springframework.web.reactive.function.client.WebClientIntegrationTests" time="0.009"/>
  <testcase name="statusHandlerRawStatus(ClientHttpConnector)[1]" classname="org.springframework.web.reactive.function.client.WebClientIntegrationTests" time="0.014"/>
  <testcase name="statusHandlerRawStatus(ClientHttpConnector)[2]" classname="org.springframework.web.reactive.function.client.WebClientIntegrationTests" time="0.009"/>
  <testcase name="statusHandlerSuppressedErrorSignal(ClientHttpConnector)[1]" classname="org.springframework.web.reactive.function.client.WebClientIntegrationTests" time="0.015"/>
  <testcase name="statusHandlerSuppressedErrorSignal(ClientHttpConnector)[2]" classname="org.springframework.web.reactive.function.client.WebClientIntegrationTests" time="0.01"/>
  <testcase name="retrieve500AsEntityList(ClientHttpConnector)[1]" classname="org.springframework.web.reactive.function.client.WebClientIntegrationTests" time="0.023"/>
  <testcase name="retrieve500AsEntityList(ClientHttpConnector)[2]" classname="org.springframework.web.reactive.function.client.WebClientIntegrationTests" time="0.012"/>
  <testcase name="filter(ClientHttpConnector)[1]" classname="org.springframework.web.reactive.function.client.WebClientIntegrationTests" time="0.018"/>
  <testcase name="filter(ClientHttpConnector)[2]" classname="org.springframework.web.reactive.function.client.WebClientIntegrationTests" time="0.012"/>
  <testcase name="statusHandler(ClientHttpConnector)[1]" classname="org.springframework.web.reactive.function.client.WebClientIntegrationTests" time="0.022"/>
  <testcase name="statusHandler(ClientHttpConnector)[2]" classname="org.springframework.web.reactive.function.client.WebClientIntegrationTests" time="0.01"/>
  <testcase name="retrieveJsonAsResponseEntity(ClientHttpConnector)[1]" classname="org.springframework.web.reactive.function.client.WebClientIntegrationTests" time="0.026"/>
  <testcase name="retrieveJsonAsResponseEntity(ClientHttpConnector)[2]" classname="org.springframework.web.reactive.function.client.WebClientIntegrationTests" time="0.022"/>
  <testcase name="retrieveJsonArrayAsBodilessEntityShouldReleasesConnection()" classname="org.springframework.web.reactive.function.client.WebClientIntegrationTests" time="0.025"/>
  <testcase name="exchangeForJsonArrayAsResponseEntity(ClientHttpConnector)[1]" classname="org.springframework.web.reactive.function.client.WebClientIntegrationTests" time="0.02"/>
  <testcase name="exchangeForJsonArrayAsResponseEntity(ClientHttpConnector)[2]" classname="org.springframework.web.reactive.function.client.WebClientIntegrationTests" time="0.01"/>
  <testcase name="exchangeForJsonAsBodilessEntity(ClientHttpConnector)[1]" classname="org.springframework.web.reactive.function.client.WebClientIntegrationTests" time="0.034"/>
  <testcase name="exchangeForJsonAsBodilessEntity(ClientHttpConnector)[2]" classname="org.springframework.web.reactive.function.client.WebClientIntegrationTests" time="0.015"/>
  <testcase name="exchangeFor404(ClientHttpConnector)[1]" classname="org.springframework.web.reactive.function.client.WebClientIntegrationTests" time="0.013"/>
  <testcase name="exchangeFor404(ClientHttpConnector)[2]" classname="org.springframework.web.reactive.function.client.WebClientIntegrationTests" time="0.008"/>
  <testcase name="retrieveJsonArrayAsResponseEntity(ClientHttpConnector)[1]" classname="org.springframework.web.reactive.function.client.WebClientIntegrationTests" time="0.023"/>
  <testcase name="retrieveJsonArrayAsResponseEntity(ClientHttpConnector)[2]" classname="org.springframework.web.reactive.function.client.WebClientIntegrationTests" time="0.01"/>
  <testcase name="retrieve(ClientHttpConnector)[1]" classname="org.springframework.web.reactive.function.client.WebClientIntegrationTests" time="0.02"/>
  <testcase name="retrieve(ClientHttpConnector)[2]" classname="org.springframework.web.reactive.function.client.WebClientIntegrationTests" time="0.011"/>
  <testcase name="statusHandlerParameterizedTypeReference(ClientHttpConnector)[1]" classname="org.springframework.web.reactive.function.client.WebClientIntegrationTests" time="0.028"/>
  <testcase name="statusHandlerParameterizedTypeReference(ClientHttpConnector)[2]" classname="org.springframework.web.reactive.function.client.WebClientIntegrationTests" time="0.011"/>
  <testcase name="exchangeForPlainText(ClientHttpConnector)[1]" classname="org.springframework.web.reactive.function.client.WebClientIntegrationTests" time="0.016"/>
  <testcase name="exchangeForPlainText(ClientHttpConnector)[2]" classname="org.springframework.web.reactive.function.client.WebClientIntegrationTests" time="0.011"/>
  <testcase name="retrieveJsonNull(ClientHttpConnector)[1]" classname="org.springframework.web.reactive.function.client.WebClientIntegrationTests" time="0.02"/>
  <testcase name="retrieveJsonNull(ClientHttpConnector)[2]" classname="org.springframework.web.reactive.function.client.WebClientIntegrationTests" time="0.009"/>
  <testcase name="retrieve404WithBody(ClientHttpConnector)[1]" classname="org.springframework.web.reactive.function.client.WebClientIntegrationTests" time="0.026"/>
  <testcase name="retrieve404WithBody(ClientHttpConnector)[2]" classname="org.springframework.web.reactive.function.client.WebClientIntegrationTests" time="0.016"/>
  <testcase name="statusHandlerSuppressedErrorSignalWithFlux(ClientHttpConnector)[1]" classname="org.springframework.web.reactive.function.client.WebClientIntegrationTests" time="0.024"/>
  <testcase name="statusHandlerSuppressedErrorSignalWithFlux(ClientHttpConnector)[2]" classname="org.springframework.web.reactive.function.client.WebClientIntegrationTests" time="0.012"/>
  <testcase name="retrieve500AsEntity(ClientHttpConnector)[1]" classname="org.springframework.web.reactive.function.client.WebClientIntegrationTests" time="0.024"/>
  <testcase name="retrieve500AsEntity(ClientHttpConnector)[2]" classname="org.springframework.web.reactive.function.client.WebClientIntegrationTests" time="0.01"/>
  <testcase name="retrieveJson(ClientHttpConnector)[1]" classname="org.springframework.web.reactive.function.client.WebClientIntegrationTests" time="0.017"/>
  <testcase name="retrieveJson(ClientHttpConnector)[2]" classname="org.springframework.web.reactive.function.client.WebClientIntegrationTests" time="0.012"/>
  <testcase name="postPojoAsJson(ClientHttpConnector)[1]" classname="org.springframework.web.reactive.function.client.WebClientIntegrationTests" time="0.038"/>
  <testcase name="postPojoAsJson(ClientHttpConnector)[2]" classname="org.springframework.web.reactive.function.client.WebClientIntegrationTests" time="0.021"/>
  <testcase name="exchangeWithRelativeUrl(ClientHttpConnector)[1]" classname="org.springframework.web.reactive.function.client.WebClientIntegrationTests" time="0.004"/>
  <testcase name="exchangeWithRelativeUrl(ClientHttpConnector)[2]" classname="org.springframework.web.reactive.function.client.WebClientIntegrationTests" time="0.002"/>
  <testcase name="retrieveJsonWithParameterizedTypeReference(ClientHttpConnector)[1]" classname="org.springframework.web.reactive.function.client.WebClientIntegrationTests" time="0.021"/>
  <testcase name="retrieveJsonWithParameterizedTypeReference(ClientHttpConnector)[2]" classname="org.springframework.web.reactive.function.client.WebClientIntegrationTests" time="0.011"/>
  <testcase name="retrieveJsonAsBodilessEntity(ClientHttpConnector)[1]" classname="org.springframework.web.reactive.function.client.WebClientIntegrationTests" time="0.015"/>
  <testcase name="retrieveJsonAsBodilessEntity(ClientHttpConnector)[2]" classname="org.springframework.web.reactive.function.client.WebClientIntegrationTests" time="0.015"/>
  <testcase name="retrieve555UnknownStatus(ClientHttpConnector)[1]" classname="org.springframework.web.reactive.function.client.WebClientIntegrationTests" time="0.028"/>
  <testcase name="retrieve555UnknownStatus(ClientHttpConnector)[2]" classname="org.springframework.web.reactive.function.client.WebClientIntegrationTests" time="0.013"/>
  <testcase name="exchangeForJsonAsResponseEntity(ClientHttpConnector)[1]" classname="org.springframework.web.reactive.function.client.WebClientIntegrationTests" time="0.017"/>
  <testcase name="exchangeForJsonAsResponseEntity(ClientHttpConnector)[2]" classname="org.springframework.web.reactive.function.client.WebClientIntegrationTests" time="0.008"/>
  <testcase name="retrieveJsonArray(ClientHttpConnector)[1]" classname="org.springframework.web.reactive.function.client.WebClientIntegrationTests" time="0.016"/>
  <testcase name="retrieveJsonArray(ClientHttpConnector)[2]" classname="org.springframework.web.reactive.function.client.WebClientIntegrationTests" time="0.007"/>
  <testcase name="filterForErrorHandling(ClientHttpConnector)[1]" classname="org.springframework.web.reactive.function.client.WebClientIntegrationTests" time="0.04"/>
  <testcase name="filterForErrorHandling(ClientHttpConnector)[2]" classname="org.springframework.web.reactive.function.client.WebClientIntegrationTests" time="0.039"/>
  <testcase name="statusHandlerWithErrorBodyTransformation(ClientHttpConnector)[1]" classname="org.springframework.web.reactive.function.client.WebClientIntegrationTests" time="0.021"/>
  <testcase name="statusHandlerWithErrorBodyTransformation(ClientHttpConnector)[2]" classname="org.springframework.web.reactive.function.client.WebClientIntegrationTests" time="0.008"/>
  <testcase name="postLargeTextFile(ClientHttpConnector)[1]" classname="org.springframework.web.reactive.function.client.WebClientIntegrationTests" time="0.095"/>
  <testcase name="postLargeTextFile(ClientHttpConnector)[2]" classname="org.springframework.web.reactive.function.client.WebClientIntegrationTests" time="0.109"/>
  <testcase name="retrieve500AsBodilessEntity(ClientHttpConnector)[1]" classname="org.springframework.web.reactive.function.client.WebClientIntegrationTests" time="0.018"/>
  <testcase name="retrieve500AsBodilessEntity(ClientHttpConnector)[2]" classname="org.springframework.web.reactive.function.client.WebClientIntegrationTests" time="0.007"/>
  <testcase name="retrieveJsonAsSerializedText(ClientHttpConnector)[1]" classname="org.springframework.web.reactive.function.client.WebClientIntegrationTests" time="0.019"/>
  <testcase name="retrieveJsonAsSerializedText(ClientHttpConnector)[2]" classname="org.springframework.web.reactive.function.client.WebClientIntegrationTests" time="0.007"/>
  <system-out><![CDATA[16:12:51.398 [Test worker] DEBUG o.s.w.r.f.c.ExchangeFunctions - [5d3e20b] HTTP GET http://localhost:56812/greeting
16:12:51.514 [HttpClient@1d32308d-2175] DEBUG o.s.w.r.f.c.ExchangeFunctions - [5d3e20b] Response 404 NOT_FOUND
16:12:51.565 [Test worker] DEBUG o.s.w.r.f.c.ExchangeFunctions - [f3acf5] HTTP GET http://localhost:56814/greeting
16:12:51.571 [reactor-http-nio-5] DEBUG o.s.w.r.f.c.ExchangeFunctions - [f3acf5] Response 404 NOT_FOUND
16:12:51.582 [Test worker] DEBUG o.s.w.r.f.c.ExchangeFunctions - [669a0949] HTTP GET http://localhost:56816/greeting
16:12:51.586 [HttpClient@55447997-2189] DEBUG o.s.w.r.f.c.ExchangeFunctions - [669a0949] Response 500 INTERNAL_SERVER_ERROR
16:12:51.601 [Test worker] DEBUG o.s.w.r.f.c.ExchangeFunctions - [1fbc8ffd] HTTP GET http://localhost:56818/greeting
16:12:51.607 [reactor-http-nio-6] DEBUG o.s.w.r.f.c.ExchangeFunctions - [1fbc8ffd] Response 500 INTERNAL_SERVER_ERROR
16:12:51.621 [Test worker] DEBUG o.s.w.r.f.c.ExchangeFunctions - [353972a2] HTTP GET http://localhost:56820/
16:12:51.626 [HttpClient@47931bcc-2203] DEBUG o.s.w.r.f.c.ExchangeFunctions - [353972a2] Response 500 INTERNAL_SERVER_ERROR
16:12:51.629 [HttpClient@47931bcc-2203] DEBUG o.s.c.c.StringDecoder - [353972a2] Decoded "Internal Server error"
16:12:51.641 [Test worker] DEBUG o.s.w.r.f.c.ExchangeFunctions - [7c09d3d0] HTTP GET http://localhost:56822/
16:12:51.647 [reactor-http-nio-7] DEBUG o.s.w.r.f.c.ExchangeFunctions - [7c09d3d0] Response 500 INTERNAL_SERVER_ERROR
16:12:51.648 [reactor-http-nio-7] DEBUG o.s.c.c.StringDecoder - [7c09d3d0] Decoded "Internal Server error"
16:12:51.655 [Test worker] DEBUG o.s.w.r.f.c.ExchangeFunctions - [6b5e5ab8] HTTP GET http://localhost:56824/noContent
16:12:51.659 [HttpClient@4a1aa755-2217] DEBUG o.s.w.r.f.c.ExchangeFunctions - [6b5e5ab8] Response 200 OK
16:12:51.667 [Test worker] DEBUG o.s.w.r.f.c.ExchangeFunctions - [33ec4e72] HTTP GET http://localhost:56826/noContent
16:12:51.673 [reactor-http-nio-8] DEBUG o.s.w.r.f.c.ExchangeFunctions - [33ec4e72] Response 200 OK
16:12:51.683 [Test worker] DEBUG o.s.w.r.f.c.ExchangeFunctions - [2b9aaefb] HTTP GET http://localhost:56828/unknownPage
16:12:51.687 [HttpClient@63d833b4-2231] DEBUG o.s.w.r.f.c.ExchangeFunctions - [2b9aaefb] Response 555
16:12:51.694 [Test worker] DEBUG o.s.w.r.f.c.ExchangeFunctions - [3bbe30bb] HTTP GET http://localhost:56830/unknownPage
16:12:51.701 [reactor-http-nio-9] DEBUG o.s.w.r.f.c.ExchangeFunctions - [3bbe30bb] Response 555
16:12:51.708 [Test worker] DEBUG o.s.w.r.f.c.ExchangeFunctions - [1dffd504] HTTP GET http://localhost:56832/greeting
16:12:51.713 [HttpClient@c1170cc-2244] DEBUG o.s.w.r.f.c.ExchangeFunctions - [1dffd504] Response 500 INTERNAL_SERVER_ERROR
16:12:51.720 [Test worker] DEBUG o.s.w.r.f.c.ExchangeFunctions - [4710e84a] HTTP GET http://localhost:56834/greeting
16:12:51.726 [reactor-http-nio-10] DEBUG o.s.w.r.f.c.ExchangeFunctions - [4710e84a] Response 500 INTERNAL_SERVER_ERROR
16:12:51.735 [Test worker] DEBUG o.s.w.r.f.c.ExchangeFunctions - [14e89c4c] HTTP GET http://localhost:56836/greeting
16:12:51.740 [HttpClient@5f8f3718-2258] DEBUG o.s.w.r.f.c.ExchangeFunctions - [14e89c4c] Response 500 INTERNAL_SERVER_ERROR
16:12:51.741 [HttpClient@5f8f3718-2258] DEBUG o.s.c.c.StringDecoder - [14e89c4c] Decoded "Internal Server error"
16:12:51.748 [Test worker] DEBUG o.s.w.r.f.c.ExchangeFunctions - [93e035d] HTTP GET http://localhost:56838/greeting
16:12:51.754 [reactor-http-nio-11] DEBUG o.s.w.r.f.c.ExchangeFunctions - [93e035d] Response 500 INTERNAL_SERVER_ERROR
16:12:51.754 [reactor-http-nio-11] DEBUG o.s.c.c.StringDecoder - [93e035d] Decoded "Internal Server error"
16:12:51.762 [Test worker] DEBUG o.s.w.r.f.c.ExchangeFunctions - [3b4f25d3] HTTP GET http://localhost:56840/
16:12:51.768 [HttpClient@5785df75-2272] DEBUG o.s.w.r.f.c.ExchangeFunctions - [3b4f25d3] Response 500 INTERNAL_SERVER_ERROR
16:12:51.782 [Test worker] DEBUG o.s.w.r.f.c.ExchangeFunctions - [7028d093] HTTP GET http://localhost:56842/
16:12:51.790 [reactor-http-nio-12] DEBUG o.s.w.r.f.c.ExchangeFunctions - [7028d093] Response 500 INTERNAL_SERVER_ERROR
16:12:51.802 [Test worker] DEBUG o.s.w.r.f.c.ExchangeFunctions - [22d5f840] HTTP GET http://localhost:56844/greeting
16:12:51.808 [HttpClient@63bf12ba-2286] DEBUG o.s.w.r.f.c.ExchangeFunctions - [22d5f840] Response 200 OK
16:12:51.808 [HttpClient@63bf12ba-2286] DEBUG o.s.c.c.StringDecoder - [22d5f840] Decoded "Hello Spring!"
16:12:51.815 [Test worker] DEBUG o.s.w.r.f.c.ExchangeFunctions - [593528e7] HTTP GET http://localhost:56846/greeting
16:12:51.824 [reactor-http-nio-1] DEBUG o.s.w.r.f.c.ExchangeFunctions - [593528e7] Response 200 OK
16:12:51.824 [reactor-http-nio-1] DEBUG o.s.c.c.StringDecoder - [593528e7] Decoded "Hello Spring!"
16:12:51.835 [Test worker] DEBUG o.s.w.r.f.c.ExchangeFunctions - [e844567] HTTP GET http://localhost:56848/greeting
16:12:51.843 [HttpClient@71d7b088-2300] DEBUG o.s.w.r.f.c.ExchangeFunctions - [e844567] Response 500 INTERNAL_SERVER_ERROR
16:12:51.851 [Test worker] DEBUG o.s.w.r.f.c.ExchangeFunctions - [51e39a46] HTTP GET http://localhost:56850/greeting
16:12:51.857 [reactor-http-nio-2] DEBUG o.s.w.r.f.c.ExchangeFunctions - [51e39a46] Response 500 INTERNAL_SERVER_ERROR
16:12:51.866 [Test worker] DEBUG o.s.w.r.f.c.ExchangeFunctions - [33a2db0f] HTTP GET http://localhost:56852/json
16:12:51.871 [HttpClient@394ebead-2314] DEBUG o.s.w.r.f.c.ExchangeFunctions - [33a2db0f] Response 200 OK
16:12:51.872 [HttpClient@394ebead-2314] DEBUG o.s.c.c.StringDecoder - [33a2db0f] Decoded "{"bar":"barbar","foo":"foofoo"}"
16:12:51.891 [Test worker] DEBUG o.s.w.r.f.c.ExchangeFunctions - [371a4bd9] HTTP GET http://localhost:56854/json
16:12:51.908 [reactor-http-nio-3] DEBUG o.s.w.r.f.c.ExchangeFunctions - [371a4bd9] Response 200 OK
16:12:51.909 [reactor-http-nio-3] DEBUG o.s.c.c.StringDecoder - [371a4bd9] Decoded "{"bar":"barbar","foo":"foofoo"}"
16:12:51.919 [Test worker] DEBUG o.s.w.r.f.c.ExchangeFunctions - [e4ae8a5] HTTP GET http://localhost:56856/json
16:12:51.925 [reactor-http-nio-4] DEBUG o.s.w.r.f.c.ExchangeFunctions - [e4ae8a5] Response 200 OK
16:12:51.929 [Test worker] DEBUG o.s.w.r.f.c.ExchangeFunctions - [5f7005fb] HTTP GET http://localhost:56856/json
16:12:51.934 [reactor-http-nio-4] DEBUG o.s.w.r.f.c.ExchangeFunctions - [5f7005fb] Response 200 OK
16:12:51.942 [Test worker] DEBUG o.s.w.r.f.c.ExchangeFunctions - [50636849] HTTP GET http://localhost:56858/json
16:12:51.948 [HttpClient@32688a0d-2330] DEBUG o.s.w.r.f.c.ExchangeFunctions - [50636849] Response 200 OK
16:12:51.951 [HttpClient@32688a0d-2330] DEBUG o.s.h.c.j.Jackson2JsonDecoder - [50636849] Decoded [Pojo[foo='foo1', bar='bar1']]
16:12:51.951 [HttpClient@32688a0d-2330] DEBUG o.s.h.c.j.Jackson2JsonDecoder - [50636849] Decoded [Pojo[foo='foo2', bar='bar2']]
16:12:51.959 [Test worker] DEBUG o.s.w.r.f.c.ExchangeFunctions - [635ef48f] HTTP GET http://localhost:56860/json
16:12:51.966 [reactor-http-nio-5] DEBUG o.s.w.r.f.c.ExchangeFunctions - [635ef48f] Response 200 OK
16:12:51.967 [reactor-http-nio-5] DEBUG o.s.h.c.j.Jackson2JsonDecoder - [635ef48f] Decoded [Pojo[foo='foo1', bar='bar1']]
16:12:51.967 [reactor-http-nio-5] DEBUG o.s.h.c.j.Jackson2JsonDecoder - [635ef48f] Decoded [Pojo[foo='foo2', bar='bar2']]
16:12:51.991 [Test worker] DEBUG o.s.w.r.f.c.ExchangeFunctions - [711c2661] HTTP GET http://localhost:56862/json
16:12:51.997 [HttpClient@1ba869a8-2337] DEBUG o.s.w.r.f.c.ExchangeFunctions - [711c2661] Response 200 OK
16:12:52.010 [Test worker] DEBUG o.s.w.r.f.c.ExchangeFunctions - [1941e3e7] HTTP GET http://localhost:56864/json
16:12:52.016 [reactor-http-nio-6] DEBUG o.s.w.r.f.c.ExchangeFunctions - [1941e3e7] Response 200 OK
16:12:52.025 [Test worker] DEBUG o.s.w.r.f.c.ExchangeFunctions - [343142d5] HTTP GET http://localhost:56866/greeting
16:12:52.031 [HttpClient@77d8dae9-2358] DEBUG o.s.w.r.f.c.ExchangeFunctions - [343142d5] Response 404 NOT_FOUND
16:12:52.035 [Test worker] DEBUG o.s.w.r.f.c.ExchangeFunctions - [11da21e6] HTTP GET http://localhost:56868/greeting
16:12:52.041 [reactor-http-nio-7] DEBUG o.s.w.r.f.c.ExchangeFunctions - [11da21e6] Response 404 NOT_FOUND
16:12:52.049 [Test worker] DEBUG o.s.w.r.f.c.ExchangeFunctions - [635c4380] HTTP GET http://localhost:56870/json
16:12:52.055 [HttpClient@6a98f7f0-2371] DEBUG o.s.w.r.f.c.ExchangeFunctions - [635c4380] Response 200 OK
16:12:52.056 [HttpClient@6a98f7f0-2371] DEBUG o.s.h.c.j.Jackson2JsonDecoder - [635c4380] Decoded [Pojo[foo='foo1', bar='bar1']]
16:12:52.056 [HttpClient@6a98f7f0-2371] DEBUG o.s.h.c.j.Jackson2JsonDecoder - [635c4380] Decoded [Pojo[foo='foo2', bar='bar2']]
16:12:52.069 [Test worker] DEBUG o.s.w.r.f.c.ExchangeFunctions - [7f768f9e] HTTP GET http://localhost:56872/json
16:12:52.075 [reactor-http-nio-8] DEBUG o.s.w.r.f.c.ExchangeFunctions - [7f768f9e] Response 200 OK
16:12:52.076 [reactor-http-nio-8] DEBUG o.s.h.c.j.Jackson2JsonDecoder - [7f768f9e] Decoded [Pojo[foo='foo1', bar='bar1']]
16:12:52.076 [reactor-http-nio-8] DEBUG o.s.h.c.j.Jackson2JsonDecoder - [7f768f9e] Decoded [Pojo[foo='foo2', bar='bar2']]
16:12:52.087 [Test worker] DEBUG o.s.w.r.f.c.ExchangeFunctions - [135c5215] HTTP GET http://localhost:56874/greeting
16:12:52.097 [HttpClient@4da9de26-2385] DEBUG o.s.w.r.f.c.ExchangeFunctions - [135c5215] Response 200 OK
16:12:52.097 [HttpClient@4da9de26-2385] DEBUG o.s.c.c.StringDecoder - [135c5215] Decoded "Hello Spring!"
16:12:52.104 [Test worker] DEBUG o.s.w.r.f.c.ExchangeFunctions - [16ca2363] HTTP GET http://localhost:56876/greeting
16:12:52.112 [reactor-http-nio-9] DEBUG o.s.w.r.f.c.ExchangeFunctions - [16ca2363] Response 200 OK
16:12:52.113 [reactor-http-nio-9] DEBUG o.s.c.c.StringDecoder - [16ca2363] Decoded "Hello Spring!"
16:12:52.122 [Test worker] DEBUG o.s.w.r.f.c.ExchangeFunctions - [267b9b9e] HTTP GET http://localhost:56878/greeting
16:12:52.127 [HttpClient@3f5d9cb5-2399] DEBUG o.s.w.r.f.c.ExchangeFunctions - [267b9b9e] Response 500 INTERNAL_SERVER_ERROR
16:12:52.151 [Test worker] DEBUG o.s.w.r.f.c.ExchangeFunctions - [23cde848] HTTP GET http://localhost:56880/greeting
16:12:52.157 [reactor-http-nio-10] DEBUG o.s.w.r.f.c.ExchangeFunctions - [23cde848] Response 500 INTERNAL_SERVER_ERROR
16:12:52.166 [Test worker] DEBUG o.s.w.r.f.c.ExchangeFunctions - [63274e46] HTTP GET http://localhost:56882/greeting
16:12:52.172 [HttpClient@2d1b2342-2413] DEBUG o.s.w.r.f.c.ExchangeFunctions - [63274e46] Response 200 OK
16:12:52.173 [HttpClient@2d1b2342-2413] DEBUG o.s.c.c.StringDecoder - [63274e46] Decoded "Hello Spring!"
16:12:52.180 [Test worker] DEBUG o.s.w.r.f.c.ExchangeFunctions - [354b2cec] HTTP GET http://localhost:56884/greeting
16:12:52.187 [reactor-http-nio-11] DEBUG o.s.w.r.f.c.ExchangeFunctions - [354b2cec] Response 200 OK
16:12:52.187 [reactor-http-nio-11] DEBUG o.s.c.c.StringDecoder - [354b2cec] Decoded "Hello Spring!"
16:12:52.195 [Test worker] DEBUG o.s.w.r.f.c.ExchangeFunctions - [4ef05c6d] HTTP GET http://localhost:56886/null
16:12:52.202 [HttpClient@7bcd68a5-2427] DEBUG o.s.w.r.f.c.ExchangeFunctions - [4ef05c6d] Response 200 OK
16:12:52.207 [HttpClient@7bcd68a5-2427] DEBUG o.s.h.c.j.Jackson2JsonDecoder - [4ef05c6d] Decoded []
16:12:52.213 [Test worker] DEBUG o.s.w.r.f.c.ExchangeFunctions - [75978fb4] HTTP GET http://localhost:56888/null
16:12:52.219 [reactor-http-nio-12] DEBUG o.s.w.r.f.c.ExchangeFunctions - [75978fb4] Response 200 OK
16:12:52.220 [reactor-http-nio-12] DEBUG o.s.h.c.j.Jackson2JsonDecoder - [75978fb4] Decoded []
16:12:52.226 [Test worker] DEBUG o.s.w.r.f.c.ExchangeFunctions - [4a996211] HTTP GET http://localhost:56890/greeting
16:12:52.240 [HttpClient@37f4deb2-2441] DEBUG o.s.w.r.f.c.ExchangeFunctions - [4a996211] Response 404 NOT_FOUND
16:12:52.251 [Test worker] DEBUG o.s.w.r.f.c.ExchangeFunctions - [570c5161] HTTP GET http://localhost:56892/greeting
16:12:52.258 [reactor-http-nio-1] DEBUG o.s.w.r.f.c.ExchangeFunctions - [570c5161] Response 404 NOT_FOUND
16:12:52.274 [Test worker] DEBUG o.s.w.r.f.c.ExchangeFunctions - [6926d87] HTTP GET http://localhost:56894/greeting
16:12:52.281 [HttpClient@71f42225-2455] DEBUG o.s.w.r.f.c.ExchangeFunctions - [6926d87] Response 500 INTERNAL_SERVER_ERROR
16:12:52.283 [HttpClient@71f42225-2455] DEBUG o.s.c.c.StringDecoder - [6926d87] Decoded "Internal Server error"
16:12:52.295 [Test worker] DEBUG o.s.w.r.f.c.ExchangeFunctions - [dd734ea] HTTP GET http://localhost:56896/greeting
16:12:52.302 [reactor-http-nio-2] DEBUG o.s.w.r.f.c.ExchangeFunctions - [dd734ea] Response 500 INTERNAL_SERVER_ERROR
16:12:52.303 [reactor-http-nio-2] DEBUG o.s.c.c.StringDecoder - [dd734ea] Decoded "Internal Server error"
16:12:52.310 [Test worker] DEBUG o.s.w.r.f.c.ExchangeFunctions - [39ca7c29] HTTP GET http://localhost:56898/
16:12:52.316 [HttpClient@424c2b25-2469] DEBUG o.s.w.r.f.c.ExchangeFunctions - [39ca7c29] Response 500 INTERNAL_SERVER_ERROR
16:12:52.332 [Test worker] DEBUG o.s.w.r.f.c.ExchangeFunctions - [66debdc8] HTTP GET http://localhost:56900/
16:12:52.338 [reactor-http-nio-3] DEBUG o.s.w.r.f.c.ExchangeFunctions - [66debdc8] Response 500 INTERNAL_SERVER_ERROR
16:12:52.347 [Test worker] DEBUG o.s.w.r.f.c.ExchangeFunctions - [4839a716] HTTP GET http://localhost:56902/pojo
16:12:52.354 [HttpClient@7c197f70-2483] DEBUG o.s.w.r.f.c.ExchangeFunctions - [4839a716] Response 200 OK
16:12:52.355 [HttpClient@7c197f70-2483] DEBUG o.s.h.c.j.Jackson2JsonDecoder - [4839a716] Decoded [Pojo[foo='foofoo', bar='barbar']]
16:12:52.361 [Test worker] DEBUG o.s.w.r.f.c.ExchangeFunctions - [6addcf70] HTTP GET http://localhost:56904/pojo
16:12:52.369 [reactor-http-nio-4] DEBUG o.s.w.r.f.c.ExchangeFunctions - [6addcf70] Response 200 OK
16:12:52.369 [reactor-http-nio-4] DEBUG o.s.h.c.j.Jackson2JsonDecoder - [6addcf70] Decoded [Pojo[foo='foofoo', bar='barbar']]
16:12:52.382 [Test worker] DEBUG o.s.w.r.f.c.ExchangeFunctions - [4e7de546] HTTP POST http://localhost:56906/pojo/capitalize
16:12:52.383 [Test worker] DEBUG o.s.h.c.j.Jackson2JsonEncoder - [4e7de546] Encoding [Pojo[foo='foofoo', bar='barbar']]
16:12:52.404 [HttpClient@203124b5-2497] DEBUG o.s.w.r.f.c.ExchangeFunctions - [4e7de546] Response 200 OK
16:12:52.405 [HttpClient@203124b5-2497] DEBUG o.s.h.c.j.Jackson2JsonDecoder - [4e7de546] Decoded [Pojo[foo='FOOFOO', bar='BARBAR']]
16:12:52.412 [Test worker] DEBUG o.s.w.r.f.c.ExchangeFunctions - [7d17aa91] HTTP POST http://localhost:56908/pojo/capitalize
16:12:52.417 [reactor-http-nio-5] DEBUG o.s.h.c.j.Jackson2JsonEncoder - [7d17aa91] Encoding [Pojo[foo='foofoo', bar='barbar']]
16:12:52.428 [reactor-http-nio-5] DEBUG o.s.w.r.f.c.ExchangeFunctions - [7d17aa91] Response 200 OK
16:12:52.429 [reactor-http-nio-5] DEBUG o.s.h.c.j.Jackson2JsonDecoder - [7d17aa91] Decoded [Pojo[foo='FOOFOO', bar='BARBAR']]
16:12:52.434 [Test worker] DEBUG o.s.w.r.f.c.ExchangeFunctions - [4168fdd9] HTTP GET /api/v4/groups/1
16:12:52.437 [Test worker] DEBUG o.s.w.r.f.c.ExchangeFunctions - [2da77c91] HTTP GET /api/v4/groups/1
16:12:52.448 [Test worker] DEBUG o.s.w.r.f.c.ExchangeFunctions - [1da775a9] HTTP GET http://localhost:56912/json
16:12:52.454 [HttpClient@19086acb-2506] DEBUG o.s.w.r.f.c.ExchangeFunctions - [1da775a9] Response 200 OK
16:12:52.457 [HttpClient@19086acb-2506] DEBUG o.s.h.c.j.Jackson2JsonDecoder - [1da775a9] Decoded [org.springframework.web.reactive.function.client.WebClientIntegrationTests$ValueContainer@3f84e73e]
16:12:52.463 [Test worker] DEBUG o.s.w.r.f.c.ExchangeFunctions - [2eae62c6] HTTP GET http://localhost:56914/json
16:12:52.470 [reactor-http-nio-6] DEBUG o.s.w.r.f.c.ExchangeFunctions - [2eae62c6] Response 200 OK
16:12:52.471 [reactor-http-nio-6] DEBUG o.s.h.c.j.Jackson2JsonDecoder - [2eae62c6] Decoded [org.springframework.web.reactive.function.client.WebClientIntegrationTests$ValueContainer@61600425]
16:12:52.478 [Test worker] DEBUG o.s.w.r.f.c.ExchangeFunctions - [56ac9ce9] HTTP GET http://localhost:56916/json
16:12:52.486 [HttpClient@52d6ff5a-2527] DEBUG o.s.w.r.f.c.ExchangeFunctions - [56ac9ce9] Response 200 OK
16:12:52.491 [Test worker] DEBUG o.s.w.r.f.c.ExchangeFunctions - [ba31b6d] HTTP GET http://localhost:56918/json
16:12:52.500 [reactor-http-nio-7] DEBUG o.s.w.r.f.c.ExchangeFunctions - [ba31b6d] Response 200 OK
16:12:52.521 [Test worker] DEBUG o.s.w.r.f.c.ExchangeFunctions - [8c47e5d] HTTP GET http://localhost:56920/unknownPage
16:12:52.529 [HttpClient@6308f9fc-2541] DEBUG o.s.w.r.f.c.ExchangeFunctions - [8c47e5d] Response 555
16:12:52.537 [Test worker] DEBUG o.s.w.r.f.c.ExchangeFunctions - [5e83ca05] HTTP GET http://localhost:56922/unknownPage
16:12:52.546 [reactor-http-nio-8] DEBUG o.s.w.r.f.c.ExchangeFunctions - [5e83ca05] Response 555
16:12:52.555 [Test worker] DEBUG o.s.w.r.f.c.ExchangeFunctions - [18ea4e16] HTTP GET http://localhost:56924/json
16:12:52.562 [HttpClient@13765d82-2555] DEBUG o.s.w.r.f.c.ExchangeFunctions - [18ea4e16] Response 200 OK
16:12:52.563 [HttpClient@13765d82-2555] DEBUG o.s.h.c.j.Jackson2JsonDecoder - [18ea4e16] Decoded [Pojo[foo='foofoo', bar='barbar']]
16:12:52.569 [Test worker] DEBUG o.s.w.r.f.c.ExchangeFunctions - [181bb36a] HTTP GET http://localhost:56926/json
16:12:52.573 [reactor-http-nio-9] DEBUG o.s.w.r.f.c.ExchangeFunctions - [181bb36a] Response 200 OK
16:12:52.575 [reactor-http-nio-9] DEBUG o.s.h.c.j.Jackson2JsonDecoder - [181bb36a] Decoded [Pojo[foo='foofoo', bar='barbar']]
16:12:52.583 [Test worker] DEBUG o.s.w.r.f.c.ExchangeFunctions - [7cdcf55b] HTTP GET http://localhost:56928/pojos
16:12:52.590 [HttpClient@4b6f90d8-2569] DEBUG o.s.w.r.f.c.ExchangeFunctions - [7cdcf55b] Response 200 OK
16:12:52.591 [HttpClient@4b6f90d8-2569] DEBUG o.s.h.c.j.Jackson2JsonDecoder - [7cdcf55b] Decoded [Pojo[foo='foo1', bar='bar1']]
16:12:52.591 [HttpClient@4b6f90d8-2569] DEBUG o.s.h.c.j.Jackson2JsonDecoder - [7cdcf55b] Decoded [Pojo[foo='foo2', bar='bar2']]
16:12:52.596 [Test worker] DEBUG o.s.w.r.f.c.ExchangeFunctions - [2f0a6103] HTTP GET http://localhost:56930/pojos
16:12:52.600 [reactor-http-nio-10] DEBUG o.s.w.r.f.c.ExchangeFunctions - [2f0a6103] Response 200 OK
16:12:52.601 [reactor-http-nio-10] DEBUG o.s.h.c.j.Jackson2JsonDecoder - [2f0a6103] Decoded [Pojo[foo='foo1', bar='bar1']]
16:12:52.601 [reactor-http-nio-10] DEBUG o.s.h.c.j.Jackson2JsonDecoder - [2f0a6103] Decoded [Pojo[foo='foo2', bar='bar2']]
16:12:52.608 [Test worker] DEBUG o.s.w.r.f.c.ExchangeFunctions - [75ced6eb] HTTP GET http://localhost:56932/greeting
16:12:52.619 [HttpClient@21e51952-2583] DEBUG o.s.w.r.f.c.ExchangeFunctions - [75ced6eb] Response 200 OK
16:12:52.619 [HttpClient@21e51952-2583] DEBUG o.s.w.r.f.c.ExchangeFunctions - [75ced6eb] Cancel signal (to close connection)
16:12:52.620 [Test worker] DEBUG o.s.w.r.f.c.ExchangeFunctions - [412677c9] HTTP GET http://localhost:56932/greeting
16:12:52.636 [HttpClient@21e51952-2578] DEBUG o.s.w.r.f.c.ExchangeFunctions - [412677c9] Response 200 OK
16:12:52.639 [HttpClient@21e51952-2578] DEBUG o.s.c.c.StringDecoder - [412677c9] Decoded "Hello Spring!"
16:12:52.651 [Test worker] DEBUG o.s.w.r.f.c.ExchangeFunctions - [68c6538b] HTTP GET http://localhost:56935/greeting
16:12:52.654 [reactor-http-nio-11] DEBUG o.s.w.r.f.c.ExchangeFunctions - [68c6538b] Response 200 OK
16:12:52.655 [reactor-http-nio-11] DEBUG o.s.w.r.f.c.ExchangeFunctions - [68c6538b] Cancel signal (to close connection)
16:12:52.655 [reactor-http-nio-11] DEBUG o.s.h.c.r.ReactorClientHttpResponse - [7437c74d] Releasing body, not yet subscribed.
16:12:52.657 [Test worker] DEBUG o.s.w.r.f.c.ExchangeFunctions - [1a2cf965] HTTP GET http://localhost:56935/greeting
16:12:52.659 [reactor-http-nio-11] DEBUG o.s.w.r.f.c.ExchangeFunctions - [1a2cf965] Response 200 OK
16:12:52.660 [reactor-http-nio-11] DEBUG o.s.c.c.StringDecoder - [1a2cf965] Decoded "Hello Spring!"
16:12:52.694 [Test worker] DEBUG o.s.w.r.f.c.ExchangeFunctions - [739ee330] HTTP GET http://localhost:56937/json
16:12:52.700 [HttpClient@784073e9-2598] DEBUG o.s.w.r.f.c.ExchangeFunctions - [739ee330] Response 500 INTERNAL_SERVER_ERROR
16:12:52.702 [HttpClient@784073e9-2598] DEBUG o.s.h.c.j.Jackson2JsonDecoder - [739ee330] Decoded [Pojo[foo='foofoo', bar='barbar']]
16:12:52.709 [Test worker] DEBUG o.s.w.r.f.c.ExchangeFunctions - [2f049a5f] HTTP GET http://localhost:56939/json
16:12:52.713 [reactor-http-nio-12] DEBUG o.s.w.r.f.c.ExchangeFunctions - [2f049a5f] Response 500 INTERNAL_SERVER_ERROR
16:12:52.714 [reactor-http-nio-12] DEBUG o.s.h.c.j.Jackson2JsonDecoder - [2f049a5f] Decoded [Pojo[foo='foofoo', bar='barbar']]
16:12:52.722 [Test worker] DEBUG o.s.w.r.f.c.ExchangeFunctions - [57657007] HTTP POST http://localhost:56941/
16:12:52.723 [Thread-40] DEBUG o.s.c.c.DataBufferEncoder - [57657007] Writing 4096 bytes
16:12:52.731 [Thread-40] DEBUG o.s.c.c.DataBufferEncoder - [57657007] Writing 4096 bytes
16:12:52.735 [Thread-41] DEBUG o.s.c.c.DataBufferEncoder - [57657007] Writing 4096 bytes
16:12:52.736 [Thread-40] DEBUG o.s.c.c.DataBufferEncoder - [57657007] Writing 4096 bytes
16:12:52.736 [Thread-41] DEBUG o.s.c.c.DataBufferEncoder - [57657007] Writing 4096 bytes
16:12:52.736 [Thread-40] DEBUG o.s.c.c.DataBufferEncoder - [57657007] Writing 4096 bytes
16:12:52.737 [Thread-41] DEBUG o.s.c.c.DataBufferEncoder - [57657007] Writing 4096 bytes
16:12:52.737 [Thread-40] DEBUG o.s.c.c.DataBufferEncoder - [57657007] Writing 4096 bytes
16:12:52.737 [Thread-41] DEBUG o.s.c.c.DataBufferEncoder - [57657007] Writing 4096 bytes
16:12:52.738 [Thread-40] DEBUG o.s.c.c.DataBufferEncoder - [57657007] Writing 4096 bytes
16:12:52.738 [Thread-41] DEBUG o.s.c.c.DataBufferEncoder - [57657007] Writing 4096 bytes
16:12:52.738 [Thread-40] DEBUG o.s.c.c.DataBufferEncoder - [57657007] Writing 4096 bytes
16:12:52.738 [Thread-41] DEBUG o.s.c.c.DataBufferEncoder - [57657007] Writing 4096 bytes
16:12:52.739 [Thread-40] DEBUG o.s.c.c.DataBufferEncoder - [57657007] Writing 4096 bytes
16:12:52.739 [Thread-41] DEBUG o.s.c.c.DataBufferEncoder - [57657007] Writing 4096 bytes
16:12:52.739 [Thread-40] DEBUG o.s.c.c.DataBufferEncoder - [57657007] Writing 4096 bytes
16:12:52.739 [Thread-41] DEBUG o.s.c.c.DataBufferEncoder - [57657007] Writing 4096 bytes
16:12:52.740 [Thread-40] DEBUG o.s.c.c.DataBufferEncoder - [57657007] Writing 4096 bytes
16:12:52.740 [Thread-41] DEBUG o.s.c.c.DataBufferEncoder - [57657007] Writing 4096 bytes
16:12:52.740 [Thread-40] DEBUG o.s.c.c.DataBufferEncoder - [57657007] Writing 4096 bytes
16:12:52.740 [Thread-41] DEBUG o.s.c.c.DataBufferEncoder - [57657007] Writing 4096 bytes
16:12:52.741 [Thread-40] DEBUG o.s.c.c.DataBufferEncoder - [57657007] Writing 4096 bytes
16:12:52.741 [Thread-41] DEBUG o.s.c.c.DataBufferEncoder - [57657007] Writing 4096 bytes
16:12:52.741 [Thread-40] DEBUG o.s.c.c.DataBufferEncoder - [57657007] Writing 4096 bytes
16:12:52.742 [Thread-41] DEBUG o.s.c.c.DataBufferEncoder - [57657007] Writing 4096 bytes
16:12:52.742 [Thread-40] DEBUG o.s.c.c.DataBufferEncoder - [57657007] Writing 4096 bytes
16:12:52.742 [Thread-41] DEBUG o.s.c.c.DataBufferEncoder - [57657007] Writing 4096 bytes
16:12:52.742 [Thread-40] DEBUG o.s.c.c.DataBufferEncoder - [57657007] Writing 4096 bytes
16:12:52.743 [Thread-41] DEBUG o.s.c.c.DataBufferEncoder - [57657007] Writing 4096 bytes
16:12:52.743 [Thread-40] DEBUG o.s.c.c.DataBufferEncoder - [57657007] Writing 4096 bytes
16:12:52.743 [Thread-41] DEBUG o.s.c.c.DataBufferEncoder - [57657007] Writing 4096 bytes
16:12:52.743 [Thread-40] DEBUG o.s.c.c.DataBufferEncoder - [57657007] Writing 4096 bytes
16:12:52.744 [Thread-41] DEBUG o.s.c.c.DataBufferEncoder - [57657007] Writing 4096 bytes
16:12:52.744 [Thread-40] DEBUG o.s.c.c.DataBufferEncoder - [57657007] Writing 4096 bytes
16:12:52.744 [Thread-41] DEBUG o.s.c.c.DataBufferEncoder - [57657007] Writing 4096 bytes
16:12:52.744 [Thread-40] DEBUG o.s.c.c.DataBufferEncoder - [57657007] Writing 4096 bytes
16:12:52.745 [Thread-41] DEBUG o.s.c.c.DataBufferEncoder - [57657007] Writing 4096 bytes
16:12:52.745 [Thread-40] DEBUG o.s.c.c.DataBufferEncoder - [57657007] Writing 4096 bytes
16:12:52.745 [Thread-41] DEBUG o.s.c.c.DataBufferEncoder - [57657007] Writing 4096 bytes
16:12:52.745 [Thread-40] DEBUG o.s.c.c.DataBufferEncoder - [57657007] Writing 4096 bytes
16:12:52.746 [Thread-41] DEBUG o.s.c.c.DataBufferEncoder - [57657007] Writing 4096 bytes
16:12:52.746 [Thread-40] DEBUG o.s.c.c.DataBufferEncoder - [57657007] Writing 4096 bytes
16:12:52.746 [Thread-41] DEBUG o.s.c.c.DataBufferEncoder - [57657007] Writing 4096 bytes
16:12:52.747 [Thread-40] DEBUG o.s.c.c.DataBufferEncoder - [57657007] Writing 4096 bytes
16:12:52.747 [Thread-41] DEBUG o.s.c.c.DataBufferEncoder - [57657007] Writing 4096 bytes
16:12:52.747 [Thread-40] DEBUG o.s.c.c.DataBufferEncoder - [57657007] Writing 4096 bytes
16:12:52.747 [Thread-41] DEBUG o.s.c.c.DataBufferEncoder - [57657007] Writing 4096 bytes
16:12:52.748 [Thread-40] DEBUG o.s.c.c.DataBufferEncoder - [57657007] Writing 4096 bytes
16:12:52.748 [Thread-41] DEBUG o.s.c.c.DataBufferEncoder - [57657007] Writing 4096 bytes
16:12:52.748 [Thread-40] DEBUG o.s.c.c.DataBufferEncoder - [57657007] Writing 4096 bytes
16:12:52.748 [Thread-41] DEBUG o.s.c.c.DataBufferEncoder - [57657007] Writing 4096 bytes
16:12:52.749 [Thread-40] DEBUG o.s.c.c.DataBufferEncoder - [57657007] Writing 4096 bytes
16:12:52.749 [Thread-41] DEBUG o.s.c.c.DataBufferEncoder - [57657007] Writing 4096 bytes
16:12:52.749 [Thread-40] DEBUG o.s.c.c.DataBufferEncoder - [57657007] Writing 4096 bytes
16:12:52.749 [Thread-41] DEBUG o.s.c.c.DataBufferEncoder - [57657007] Writing 4096 bytes
16:12:52.750 [Thread-40] DEBUG o.s.c.c.DataBufferEncoder - [57657007] Writing 4096 bytes
16:12:52.750 [Thread-41] DEBUG o.s.c.c.DataBufferEncoder - [57657007] Writing 4096 bytes
16:12:52.750 [Thread-40] DEBUG o.s.c.c.DataBufferEncoder - [57657007] Writing 4096 bytes
16:12:52.751 [Thread-41] DEBUG o.s.c.c.DataBufferEncoder - [57657007] Writing 4096 bytes
16:12:52.751 [Thread-40] DEBUG o.s.c.c.DataBufferEncoder - [57657007] Writing 4096 bytes
16:12:52.751 [Thread-41] DEBUG o.s.c.c.DataBufferEncoder - [57657007] Writing 4096 bytes
16:12:52.751 [Thread-40] DEBUG o.s.c.c.DataBufferEncoder - [57657007] Writing 4096 bytes
16:12:52.752 [Thread-41] DEBUG o.s.c.c.DataBufferEncoder - [57657007] Writing 4096 bytes
16:12:52.752 [Thread-40] DEBUG o.s.c.c.DataBufferEncoder - [57657007] Writing 4096 bytes
16:12:52.752 [Thread-41] DEBUG o.s.c.c.DataBufferEncoder - [57657007] Writing 4096 bytes
16:12:52.752 [Thread-40] DEBUG o.s.c.c.DataBufferEncoder - [57657007] Writing 4096 bytes
16:12:52.753 [Thread-41] DEBUG o.s.c.c.DataBufferEncoder - [57657007] Writing 4096 bytes
16:12:52.753 [Thread-40] DEBUG o.s.c.c.DataBufferEncoder - [57657007] Writing 4096 bytes
16:12:52.753 [Thread-41] DEBUG o.s.c.c.DataBufferEncoder - [57657007] Writing 4096 bytes
16:12:52.753 [Thread-40] DEBUG o.s.c.c.DataBufferEncoder - [57657007] Writing 4096 bytes
16:12:52.754 [Thread-41] DEBUG o.s.c.c.DataBufferEncoder - [57657007] Writing 4096 bytes
16:12:52.754 [Thread-40] DEBUG o.s.c.c.DataBufferEncoder - [57657007] Writing 4096 bytes
16:12:52.754 [Thread-41] DEBUG o.s.c.c.DataBufferEncoder - [57657007] Writing 4096 bytes
16:12:52.755 [Thread-40] DEBUG o.s.c.c.DataBufferEncoder - [57657007] Writing 4096 bytes
16:12:52.755 [Thread-41] DEBUG o.s.c.c.DataBufferEncoder - [57657007] Writing 4096 bytes
16:12:52.755 [Thread-40] DEBUG o.s.c.c.DataBufferEncoder - [57657007] Writing 4096 bytes
16:12:52.756 [Thread-41] DEBUG o.s.c.c.DataBufferEncoder - [57657007] Writing 4096 bytes
16:12:52.756 [Thread-40] DEBUG o.s.c.c.DataBufferEncoder - [57657007] Writing 4096 bytes
16:12:52.756 [Thread-41] DEBUG o.s.c.c.DataBufferEncoder - [57657007] Writing 4096 bytes
16:12:52.756 [Thread-40] DEBUG o.s.c.c.DataBufferEncoder - [57657007] Writing 4096 bytes
16:12:52.757 [Thread-41] DEBUG o.s.c.c.DataBufferEncoder - [57657007] Writing 4096 bytes
16:12:52.757 [Thread-40] DEBUG o.s.c.c.DataBufferEncoder - [57657007] Writing 4096 bytes
16:12:52.757 [Thread-41] DEBUG o.s.c.c.DataBufferEncoder - [57657007] Writing 4096 bytes
16:12:52.757 [Thread-40] DEBUG o.s.c.c.DataBufferEncoder - [57657007] Writing 4096 bytes
16:12:52.758 [Thread-41] DEBUG o.s.c.c.DataBufferEncoder - [57657007] Writing 4096 bytes
16:12:52.758 [Thread-40] DEBUG o.s.c.c.DataBufferEncoder - [57657007] Writing 4096 bytes
16:12:52.758 [Thread-41] DEBUG o.s.c.c.DataBufferEncoder - [57657007] Writing 4096 bytes
16:12:52.758 [Thread-40] DEBUG o.s.c.c.DataBufferEncoder - [57657007] Writing 4096 bytes
16:12:52.759 [Thread-41] DEBUG o.s.c.c.DataBufferEncoder - [57657007] Writing 4096 bytes
16:12:52.759 [Thread-40] DEBUG o.s.c.c.DataBufferEncoder - [57657007] Writing 4096 bytes
16:12:52.759 [Thread-41] DEBUG o.s.c.c.DataBufferEncoder - [57657007] Writing 4096 bytes
16:12:52.759 [Thread-40] DEBUG o.s.c.c.DataBufferEncoder - [57657007] Writing 4096 bytes
16:12:52.760 [Thread-41] DEBUG o.s.c.c.DataBufferEncoder - [57657007] Writing 4096 bytes
16:12:52.760 [Thread-40] DEBUG o.s.c.c.DataBufferEncoder - [57657007] Writing 4096 bytes
16:12:52.760 [Thread-41] DEBUG o.s.c.c.DataBufferEncoder - [57657007] Writing 4096 bytes
16:12:52.760 [Thread-40] DEBUG o.s.c.c.DataBufferEncoder - [57657007] Writing 4096 bytes
16:12:52.761 [Thread-41] DEBUG o.s.c.c.DataBufferEncoder - [57657007] Writing 4096 bytes
16:12:52.761 [Thread-40] DEBUG o.s.c.c.DataBufferEncoder - [57657007] Writing 4096 bytes
16:12:52.761 [Thread-41] DEBUG o.s.c.c.DataBufferEncoder - [57657007] Writing 4096 bytes
16:12:52.761 [Thread-40] DEBUG o.s.c.c.DataBufferEncoder - [57657007] Writing 4096 bytes
16:12:52.762 [Thread-41] DEBUG o.s.c.c.DataBufferEncoder - [57657007] Writing 4096 bytes
16:12:52.762 [Thread-40] DEBUG o.s.c.c.DataBufferEncoder - [57657007] Writing 4096 bytes
16:12:52.762 [Thread-41] DEBUG o.s.c.c.DataBufferEncoder - [57657007] Writing 4096 bytes
16:12:52.762 [Thread-40] DEBUG o.s.c.c.DataBufferEncoder - [57657007] Writing 4096 bytes
16:12:52.763 [Thread-41] DEBUG o.s.c.c.DataBufferEncoder - [57657007] Writing 4096 bytes
16:12:52.763 [Thread-40] DEBUG o.s.c.c.DataBufferEncoder - [57657007] Writing 4096 bytes
16:12:52.763 [Thread-41] DEBUG o.s.c.c.DataBufferEncoder - [57657007] Writing 4096 bytes
16:12:52.763 [Thread-40] DEBUG o.s.c.c.DataBufferEncoder - [57657007] Writing 4096 bytes
16:12:52.764 [Thread-41] DEBUG o.s.c.c.DataBufferEncoder - [57657007] Writing 4096 bytes
16:12:52.764 [Thread-40] DEBUG o.s.c.c.DataBufferEncoder - [57657007] Writing 4096 bytes
16:12:52.764 [Thread-41] DEBUG o.s.c.c.DataBufferEncoder - [57657007] Writing 4096 bytes
16:12:52.764 [Thread-40] DEBUG o.s.c.c.DataBufferEncoder - [57657007] Writing 4096 bytes
16:12:52.765 [Thread-41] DEBUG o.s.c.c.DataBufferEncoder - [57657007] Writing 4096 bytes
16:12:52.765 [Thread-40] DEBUG o.s.c.c.DataBufferEncoder - [57657007] Writing 4096 bytes
16:12:52.765 [Thread-41] DEBUG o.s.c.c.DataBufferEncoder - [57657007] Writing 4096 bytes
16:12:52.765 [Thread-40] DEBUG o.s.c.c.DataBufferEncoder - [57657007] Writing 4096 bytes
16:12:52.766 [Thread-41] DEBUG o.s.c.c.DataBufferEncoder - [57657007] Writing 4096 bytes
16:12:52.766 [Thread-40] DEBUG o.s.c.c.DataBufferEncoder - [57657007] Writing 4096 bytes
16:12:52.766 [Thread-41] DEBUG o.s.c.c.DataBufferEncoder - [57657007] Writing 4096 bytes
16:12:52.766 [Thread-40] DEBUG o.s.c.c.DataBufferEncoder - [57657007] Writing 4096 bytes
16:12:52.767 [Thread-41] DEBUG o.s.c.c.DataBufferEncoder - [57657007] Writing 4096 bytes
16:12:52.767 [Thread-40] DEBUG o.s.c.c.DataBufferEncoder - [57657007] Writing 4096 bytes
16:12:52.767 [Thread-41] DEBUG o.s.c.c.DataBufferEncoder - [57657007] Writing 4096 bytes
16:12:52.767 [Thread-40] DEBUG o.s.c.c.DataBufferEncoder - [57657007] Writing 4096 bytes
16:12:52.768 [Thread-41] DEBUG o.s.c.c.DataBufferEncoder - [57657007] Writing 4096 bytes
16:12:52.768 [Thread-40] DEBUG o.s.c.c.DataBufferEncoder - [57657007] Writing 4096 bytes
16:12:52.768 [Thread-41] DEBUG o.s.c.c.DataBufferEncoder - [57657007] Writing 4096 bytes
16:12:52.768 [Thread-40] DEBUG o.s.c.c.DataBufferEncoder - [57657007] Writing 4096 bytes
16:12:52.769 [Thread-41] DEBUG o.s.c.c.DataBufferEncoder - [57657007] Writing 4096 bytes
16:12:52.769 [Thread-40] DEBUG o.s.c.c.DataBufferEncoder - [57657007] Writing 4096 bytes
16:12:52.769 [Thread-41] DEBUG o.s.c.c.DataBufferEncoder - [57657007] Writing 4096 bytes
16:12:52.769 [Thread-40] DEBUG o.s.c.c.DataBufferEncoder - [57657007] Writing 4096 bytes
16:12:52.770 [Thread-41] DEBUG o.s.c.c.DataBufferEncoder - [57657007] Writing 4096 bytes
16:12:52.770 [Thread-40] DEBUG o.s.c.c.DataBufferEncoder - [57657007] Writing 4096 bytes
16:12:52.770 [Thread-41] DEBUG o.s.c.c.DataBufferEncoder - [57657007] Writing 4096 bytes
16:12:52.770 [Thread-40] DEBUG o.s.c.c.DataBufferEncoder - [57657007] Writing 4096 bytes
16:12:52.770 [Thread-41] DEBUG o.s.c.c.DataBufferEncoder - [57657007] Writing 4096 bytes
16:12:52.771 [Thread-40] DEBUG o.s.c.c.DataBufferEncoder - [57657007] Writing 4096 bytes
16:12:52.771 [Thread-41] DEBUG o.s.c.c.DataBufferEncoder - [57657007] Writing 4096 bytes
16:12:52.771 [Thread-40] DEBUG o.s.c.c.DataBufferEncoder - [57657007] Writing 4096 bytes
16:12:52.771 [Thread-41] DEBUG o.s.c.c.DataBufferEncoder - [57657007] Writing 4096 bytes
16:12:52.772 [Thread-40] DEBUG o.s.c.c.DataBufferEncoder - [57657007] Writing 4096 bytes
16:12:52.772 [Thread-41] DEBUG o.s.c.c.DataBufferEncoder - [57657007] Writing 4096 bytes
16:12:52.772 [Thread-40] DEBUG o.s.c.c.DataBufferEncoder - [57657007] Writing 4096 bytes
16:12:52.772 [Thread-41] DEBUG o.s.c.c.DataBufferEncoder - [57657007] Writing 4096 bytes
16:12:52.773 [Thread-40] DEBUG o.s.c.c.DataBufferEncoder - [57657007] Writing 4096 bytes
16:12:52.773 [Thread-41] DEBUG o.s.c.c.DataBufferEncoder - [57657007] Writing 4096 bytes
16:12:52.773 [Thread-40] DEBUG o.s.c.c.DataBufferEncoder - [57657007] Writing 4096 bytes
16:12:52.773 [Thread-41] DEBUG o.s.c.c.DataBufferEncoder - [57657007] Writing 4096 bytes
16:12:52.774 [Thread-40] DEBUG o.s.c.c.DataBufferEncoder - [57657007] Writing 4096 bytes
16:12:52.774 [Thread-41] DEBUG o.s.c.c.DataBufferEncoder - [57657007] Writing 4096 bytes
16:12:52.774 [Thread-40] DEBUG o.s.c.c.DataBufferEncoder - [57657007] Writing 4096 bytes
16:12:52.774 [Thread-41] DEBUG o.s.c.c.DataBufferEncoder - [57657007] Writing 4096 bytes
16:12:52.775 [Thread-40] DEBUG o.s.c.c.DataBufferEncoder - [57657007] Writing 4096 bytes
16:12:52.775 [Thread-41] DEBUG o.s.c.c.DataBufferEncoder - [57657007] Writing 4096 bytes
16:12:52.775 [Thread-40] DEBUG o.s.c.c.DataBufferEncoder - [57657007] Writing 4096 bytes
16:12:52.775 [Thread-41] DEBUG o.s.c.c.DataBufferEncoder - [57657007] Writing 4096 bytes
16:12:52.776 [Thread-40] DEBUG o.s.c.c.DataBufferEncoder - [57657007] Writing 4096 bytes
16:12:52.776 [Thread-41] DEBUG o.s.c.c.DataBufferEncoder - [57657007] Writing 4096 bytes
16:12:52.776 [Thread-40] DEBUG o.s.c.c.DataBufferEncoder - [57657007] Writing 4096 bytes
16:12:52.776 [Thread-41] DEBUG o.s.c.c.DataBufferEncoder - [57657007] Writing 4096 bytes
16:12:52.777 [Thread-40] DEBUG o.s.c.c.DataBufferEncoder - [57657007] Writing 4096 bytes
16:12:52.777 [Thread-41] DEBUG o.s.c.c.DataBufferEncoder - [57657007] Writing 4096 bytes
16:12:52.777 [Thread-40] DEBUG o.s.c.c.DataBufferEncoder - [57657007] Writing 4096 bytes
16:12:52.777 [Thread-41] DEBUG o.s.c.c.DataBufferEncoder - [57657007] Writing 4096 bytes
16:12:52.777 [Thread-40] DEBUG o.s.c.c.DataBufferEncoder - [57657007] Writing 4096 bytes
16:12:52.778 [Thread-41] DEBUG o.s.c.c.DataBufferEncoder - [57657007] Writing 4096 bytes
16:12:52.778 [Thread-40] DEBUG o.s.c.c.DataBufferEncoder - [57657007] Writing 4096 bytes
16:12:52.778 [Thread-41] DEBUG o.s.c.c.DataBufferEncoder - [57657007] Writing 4096 bytes
16:12:52.778 [Thread-40] DEBUG o.s.c.c.DataBufferEncoder - [57657007] Writing 4096 bytes
16:12:52.779 [Thread-41] DEBUG o.s.c.c.DataBufferEncoder - [57657007] Writing 4096 bytes
16:12:52.779 [Thread-40] DEBUG o.s.c.c.DataBufferEncoder - [57657007] Writing 4096 bytes
16:12:52.779 [Thread-41] DEBUG o.s.c.c.DataBufferEncoder - [57657007] Writing 4096 bytes
16:12:52.779 [Thread-40] DEBUG o.s.c.c.DataBufferEncoder - [57657007] Writing 4096 bytes
16:12:52.780 [Thread-41] DEBUG o.s.c.c.DataBufferEncoder - [57657007] Writing 4096 bytes
16:12:52.780 [Thread-40] DEBUG o.s.c.c.DataBufferEncoder - [57657007] Writing 4096 bytes
16:12:52.780 [Thread-41] DEBUG o.s.c.c.DataBufferEncoder - [57657007] Writing 4096 bytes
16:12:52.781 [Thread-40] DEBUG o.s.c.c.DataBufferEncoder - [57657007] Writing 4096 bytes
16:12:52.781 [Thread-41] DEBUG o.s.c.c.DataBufferEncoder - [57657007] Writing 4096 bytes
16:12:52.781 [Thread-40] DEBUG o.s.c.c.DataBufferEncoder - [57657007] Writing 4096 bytes
16:12:52.781 [Thread-41] DEBUG o.s.c.c.DataBufferEncoder - [57657007] Writing 4096 bytes
16:12:52.781 [Thread-40] DEBUG o.s.c.c.DataBufferEncoder - [57657007] Writing 4096 bytes
16:12:52.782 [Thread-41] DEBUG o.s.c.c.DataBufferEncoder - [57657007] Writing 4096 bytes
16:12:52.782 [Thread-40] DEBUG o.s.c.c.DataBufferEncoder - [57657007] Writing 4096 bytes
16:12:52.782 [Thread-41] DEBUG o.s.c.c.DataBufferEncoder - [57657007] Writing 4096 bytes
16:12:52.782 [Thread-40] DEBUG o.s.c.c.DataBufferEncoder - [57657007] Writing 4096 bytes
16:12:52.783 [Thread-41] DEBUG o.s.c.c.DataBufferEncoder - [57657007] Writing 4096 bytes
16:12:52.783 [Thread-40] DEBUG o.s.c.c.DataBufferEncoder - [57657007] Writing 4096 bytes
16:12:52.783 [Thread-41] DEBUG o.s.c.c.DataBufferEncoder - [57657007] Writing 4096 bytes
16:12:52.784 [Thread-40] DEBUG o.s.c.c.DataBufferEncoder - [57657007] Writing 4096 bytes
16:12:52.784 [Thread-41] DEBUG o.s.c.c.DataBufferEncoder - [57657007] Writing 4096 bytes
16:12:52.784 [Thread-40] DEBUG o.s.c.c.DataBufferEncoder - [57657007] Writing 4096 bytes
16:12:52.784 [Thread-41] DEBUG o.s.c.c.DataBufferEncoder - [57657007] Writing 4096 bytes
16:12:52.785 [Thread-40] DEBUG o.s.c.c.DataBufferEncoder - [57657007] Writing 4096 bytes
16:12:52.785 [Thread-41] DEBUG o.s.c.c.DataBufferEncoder - [57657007] Writing 4096 bytes
16:12:52.785 [Thread-40] DEBUG o.s.c.c.DataBufferEncoder - [57657007] Writing 4096 bytes
16:12:52.785 [Thread-41] DEBUG o.s.c.c.DataBufferEncoder - [57657007] Writing 4096 bytes
16:12:52.786 [Thread-40] DEBUG o.s.c.c.DataBufferEncoder - [57657007] Writing 4096 bytes
16:12:52.786 [Thread-41] DEBUG o.s.c.c.DataBufferEncoder - [57657007] Writing 4096 bytes
16:12:52.786 [Thread-40] DEBUG o.s.c.c.DataBufferEncoder - [57657007] Writing 4096 bytes
16:12:52.786 [Thread-41] DEBUG o.s.c.c.DataBufferEncoder - [57657007] Writing 4096 bytes
16:12:52.787 [Thread-40] DEBUG o.s.c.c.DataBufferEncoder - [57657007] Writing 4096 bytes
16:12:52.787 [Thread-41] DEBUG o.s.c.c.DataBufferEncoder - [57657007] Writing 4096 bytes
16:12:52.787 [Thread-40] DEBUG o.s.c.c.DataBufferEncoder - [57657007] Writing 4096 bytes
16:12:52.787 [Thread-41] DEBUG o.s.c.c.DataBufferEncoder - [57657007] Writing 4096 bytes
16:12:52.788 [Thread-40] DEBUG o.s.c.c.DataBufferEncoder - [57657007] Writing 4096 bytes
16:12:52.788 [Thread-41] DEBUG o.s.c.c.DataBufferEncoder - [57657007] Writing 4096 bytes
16:12:52.788 [Thread-40] DEBUG o.s.c.c.DataBufferEncoder - [57657007] Writing 4096 bytes
16:12:52.789 [Thread-41] DEBUG o.s.c.c.DataBufferEncoder - [57657007] Writing 4096 bytes
16:12:52.789 [Thread-40] DEBUG o.s.c.c.DataBufferEncoder - [57657007] Writing 4096 bytes
16:12:52.789 [Thread-41] DEBUG o.s.c.c.DataBufferEncoder - [57657007] Writing 4096 bytes
16:12:52.789 [Thread-40] DEBUG o.s.c.c.DataBufferEncoder - [57657007] Writing 4096 bytes
16:12:52.789 [Thread-41] DEBUG o.s.c.c.DataBufferEncoder - [57657007] Writing 4096 bytes
16:12:52.790 [Thread-40] DEBUG o.s.c.c.DataBufferEncoder - [57657007] Writing 4096 bytes
16:12:52.790 [Thread-41] DEBUG o.s.c.c.DataBufferEncoder - [57657007] Writing 4096 bytes
16:12:52.790 [Thread-40] DEBUG o.s.c.c.DataBufferEncoder - [57657007] Writing 4096 bytes
16:12:52.790 [Thread-41] DEBUG o.s.c.c.DataBufferEncoder - [57657007] Writing 4096 bytes
16:12:52.791 [Thread-40] DEBUG o.s.c.c.DataBufferEncoder - [57657007] Writing 4096 bytes
16:12:52.791 [Thread-41] DEBUG o.s.c.c.DataBufferEncoder - [57657007] Writing 4096 bytes
16:12:52.791 [Thread-40] DEBUG o.s.c.c.DataBufferEncoder - [57657007] Writing 4096 bytes
16:12:52.791 [Thread-41] DEBUG o.s.c.c.DataBufferEncoder - [57657007] Writing 4096 bytes
16:12:52.791 [Thread-40] DEBUG o.s.c.c.DataBufferEncoder - [57657007] Writing 4096 bytes
16:12:52.792 [Thread-41] DEBUG o.s.c.c.DataBufferEncoder - [57657007] Writing 4096 bytes
16:12:52.792 [Thread-40] DEBUG o.s.c.c.DataBufferEncoder - [57657007] Writing 4096 bytes
16:12:52.792 [Thread-41] DEBUG o.s.c.c.DataBufferEncoder - [57657007] Writing 4096 bytes
16:12:52.793 [Thread-40] DEBUG o.s.c.c.DataBufferEncoder - [57657007] Writing 4096 bytes
16:12:52.793 [Thread-41] DEBUG o.s.c.c.DataBufferEncoder - [57657007] Writing 4096 bytes
16:12:52.793 [Thread-40] DEBUG o.s.c.c.DataBufferEncoder - [57657007] Writing 4096 bytes
16:12:52.793 [Thread-41] DEBUG o.s.c.c.DataBufferEncoder - [57657007] Writing 4096 bytes
16:12:52.793 [Thread-40] DEBUG o.s.c.c.DataBufferEncoder - [57657007] Writing 4096 bytes
16:12:52.794 [Thread-41] DEBUG o.s.c.c.DataBufferEncoder - [57657007] Writing 4096 bytes
16:12:52.794 [Thread-40] DEBUG o.s.c.c.DataBufferEncoder - [57657007] Writing 4096 bytes
16:12:52.794 [Thread-41] DEBUG o.s.c.c.DataBufferEncoder - [57657007] Writing 2206 bytes
16:12:52.802 [HttpClient@2f4de191-2612] DEBUG o.s.w.r.f.c.ExchangeFunctions - [57657007] Response 200 OK
16:12:52.814 [Test worker] DEBUG o.s.w.r.f.c.ExchangeFunctions - [3c572550] HTTP POST http://localhost:56943/
16:12:52.818 [Thread-40] DEBUG o.s.c.c.DataBufferEncoder - [3c572550] Writing 4096 bytes
16:12:52.819 [Thread-41] DEBUG o.s.c.c.DataBufferEncoder - [3c572550] Writing 4096 bytes
16:12:52.820 [Thread-40] DEBUG o.s.c.c.DataBufferEncoder - [3c572550] Writing 4096 bytes
16:12:52.820 [Thread-41] DEBUG o.s.c.c.DataBufferEncoder - [3c572550] Writing 4096 bytes
16:12:52.820 [Thread-40] DEBUG o.s.c.c.DataBufferEncoder - [3c572550] Writing 4096 bytes
16:12:52.820 [Thread-41] DEBUG o.s.c.c.DataBufferEncoder - [3c572550] Writing 4096 bytes
16:12:52.820 [Thread-40] DEBUG o.s.c.c.DataBufferEncoder - [3c572550] Writing 4096 bytes
16:12:52.820 [Thread-41] DEBUG o.s.c.c.DataBufferEncoder - [3c572550] Writing 4096 bytes
16:12:52.820 [Thread-40] DEBUG o.s.c.c.DataBufferEncoder - [3c572550] Writing 4096 bytes
16:12:52.820 [Thread-41] DEBUG o.s.c.c.DataBufferEncoder - [3c572550] Writing 4096 bytes
16:12:52.821 [Thread-40] DEBUG o.s.c.c.DataBufferEncoder - [3c572550] Writing 4096 bytes
16:12:52.821 [Thread-41] DEBUG o.s.c.c.DataBufferEncoder - [3c572550] Writing 4096 bytes
16:12:52.821 [Thread-40] DEBUG o.s.c.c.DataBufferEncoder - [3c572550] Writing 4096 bytes
16:12:52.821 [Thread-41] DEBUG o.s.c.c.DataBufferEncoder - [3c572550] Writing 4096 bytes
16:12:52.821 [Thread-40] DEBUG o.s.c.c.DataBufferEncoder - [3c572550] Writing 4096 bytes
16:12:52.821 [Thread-41] DEBUG o.s.c.c.DataBufferEncoder - [3c572550] Writing 4096 bytes
16:12:52.821 [Thread-40] DEBUG o.s.c.c.DataBufferEncoder - [3c572550] Writing 4096 bytes
16:12:52.821 [Thread-41] DEBUG o.s.c.c.DataBufferEncoder - [3c572550] Writing 4096 bytes
16:12:52.821 [Thread-40] DEBUG o.s.c.c.DataBufferEncoder - [3c572550] Writing 4096 bytes
16:12:52.822 [Thread-41] DEBUG o.s.c.c.DataBufferEncoder - [3c572550] Writing 4096 bytes
16:12:52.822 [Thread-40] DEBUG o.s.c.c.DataBufferEncoder - [3c572550] Writing 4096 bytes
16:12:52.822 [Thread-41] DEBUG o.s.c.c.DataBufferEncoder - [3c572550] Writing 4096 bytes
16:12:52.822 [Thread-40] DEBUG o.s.c.c.DataBufferEncoder - [3c572550] Writing 4096 bytes
16:12:52.822 [Thread-41] DEBUG o.s.c.c.DataBufferEncoder - [3c572550] Writing 4096 bytes
16:12:52.822 [Thread-40] DEBUG o.s.c.c.DataBufferEncoder - [3c572550] Writing 4096 bytes
16:12:52.822 [Thread-41] DEBUG o.s.c.c.DataBufferEncoder - [3c572550] Writing 4096 bytes
16:12:52.822 [Thread-40] DEBUG o.s.c.c.DataBufferEncoder - [3c572550] Writing 4096 bytes
16:12:52.822 [Thread-41] DEBUG o.s.c.c.DataBufferEncoder - [3c572550] Writing 4096 bytes
16:12:52.822 [Thread-40] DEBUG o.s.c.c.DataBufferEncoder - [3c572550] Writing 4096 bytes
16:12:52.823 [Thread-41] DEBUG o.s.c.c.DataBufferEncoder - [3c572550] Writing 4096 bytes
16:12:52.823 [Thread-40] DEBUG o.s.c.c.DataBufferEncoder - [3c572550] Writing 4096 bytes
16:12:52.823 [Thread-41] DEBUG o.s.c.c.DataBufferEncoder - [3c572550] Writing 4096 bytes
16:12:52.823 [Thread-40] DEBUG o.s.c.c.DataBufferEncoder - [3c572550] Writing 4096 bytes
16:12:52.823 [Thread-41] DEBUG o.s.c.c.DataBufferEncoder - [3c572550] Writing 4096 bytes
16:12:52.823 [Thread-40] DEBUG o.s.c.c.DataBufferEncoder - [3c572550] Writing 4096 bytes
16:12:52.823 [Thread-41] DEBUG o.s.c.c.DataBufferEncoder - [3c572550] Writing 4096 bytes
16:12:52.823 [Thread-40] DEBUG o.s.c.c.DataBufferEncoder - [3c572550] Writing 4096 bytes
16:12:52.823 [Thread-41] DEBUG o.s.c.c.DataBufferEncoder - [3c572550] Writing 4096 bytes
16:12:52.824 [Thread-40] DEBUG o.s.c.c.DataBufferEncoder - [3c572550] Writing 4096 bytes
16:12:52.824 [Thread-41] DEBUG o.s.c.c.DataBufferEncoder - [3c572550] Writing 4096 bytes
16:12:52.824 [Thread-40] DEBUG o.s.c.c.DataBufferEncoder - [3c572550] Writing 4096 bytes
16:12:52.824 [Thread-41] DEBUG o.s.c.c.DataBufferEncoder - [3c572550] Writing 4096 bytes
16:12:52.824 [Thread-40] DEBUG o.s.c.c.DataBufferEncoder - [3c572550] Writing 4096 bytes
16:12:52.824 [Thread-41] DEBUG o.s.c.c.DataBufferEncoder - [3c572550] Writing 4096 bytes
16:12:52.824 [Thread-40] DEBUG o.s.c.c.DataBufferEncoder - [3c572550] Writing 4096 bytes
16:12:52.824 [Thread-41] DEBUG o.s.c.c.DataBufferEncoder - [3c572550] Writing 4096 bytes
16:12:52.825 [Thread-40] DEBUG o.s.c.c.DataBufferEncoder - [3c572550] Writing 4096 bytes
16:12:52.825 [Thread-41] DEBUG o.s.c.c.DataBufferEncoder - [3c572550] Writing 4096 bytes
16:12:52.825 [Thread-40] DEBUG o.s.c.c.DataBufferEncoder - [3c572550] Writing 4096 bytes
16:12:52.825 [Thread-41] DEBUG o.s.c.c.DataBufferEncoder - [3c572550] Writing 4096 bytes
16:12:52.825 [Thread-40] DEBUG o.s.c.c.DataBufferEncoder - [3c572550] Writing 4096 bytes
16:12:52.825 [Thread-41] DEBUG o.s.c.c.DataBufferEncoder - [3c572550] Writing 4096 bytes
16:12:52.825 [Thread-40] DEBUG o.s.c.c.DataBufferEncoder - [3c572550] Writing 4096 bytes
16:12:52.825 [Thread-41] DEBUG o.s.c.c.DataBufferEncoder - [3c572550] Writing 4096 bytes
16:12:52.825 [Thread-40] DEBUG o.s.c.c.DataBufferEncoder - [3c572550] Writing 4096 bytes
16:12:52.826 [Thread-41] DEBUG o.s.c.c.DataBufferEncoder - [3c572550] Writing 4096 bytes
16:12:52.826 [Thread-40] DEBUG o.s.c.c.DataBufferEncoder - [3c572550] Writing 4096 bytes
16:12:52.826 [Thread-41] DEBUG o.s.c.c.DataBufferEncoder - [3c572550] Writing 4096 bytes
16:12:52.826 [Thread-40] DEBUG o.s.c.c.DataBufferEncoder - [3c572550] Writing 4096 bytes
16:12:52.826 [Thread-41] DEBUG o.s.c.c.DataBufferEncoder - [3c572550] Writing 4096 bytes
16:12:52.826 [Thread-40] DEBUG o.s.c.c.DataBufferEncoder - [3c572550] Writing 4096 bytes
16:12:52.826 [Thread-41] DEBUG o.s.c.c.DataBufferEncoder - [3c572550] Writing 4096 bytes
16:12:52.826 [Thread-40] DEBUG o.s.c.c.DataBufferEncoder - [3c572550] Writing 4096 bytes
16:12:52.826 [Thread-41] DEBUG o.s.c.c.DataBufferEncoder - [3c572550] Writing 4096 bytes
16:12:52.826 [Thread-40] DEBUG o.s.c.c.DataBufferEncoder - [3c572550] Writing 4096 bytes
16:12:52.827 [Thread-41] DEBUG o.s.c.c.DataBufferEncoder - [3c572550] Writing 4096 bytes
16:12:52.827 [Thread-40] DEBUG o.s.c.c.DataBufferEncoder - [3c572550] Writing 4096 bytes
16:12:52.827 [Thread-41] DEBUG o.s.c.c.DataBufferEncoder - [3c572550] Writing 4096 bytes
16:12:52.827 [Thread-40] DEBUG o.s.c.c.DataBufferEncoder - [3c572550] Writing 4096 bytes
16:12:52.827 [Thread-41] DEBUG o.s.c.c.DataBufferEncoder - [3c572550] Writing 4096 bytes
16:12:52.827 [Thread-40] DEBUG o.s.c.c.DataBufferEncoder - [3c572550] Writing 4096 bytes
16:12:52.827 [Thread-41] DEBUG o.s.c.c.DataBufferEncoder - [3c572550] Writing 4096 bytes
16:12:52.827 [Thread-40] DEBUG o.s.c.c.DataBufferEncoder - [3c572550] Writing 4096 bytes
16:12:52.827 [Thread-41] DEBUG o.s.c.c.DataBufferEncoder - [3c572550] Writing 4096 bytes
16:12:52.828 [Thread-40] DEBUG o.s.c.c.DataBufferEncoder - [3c572550] Writing 4096 bytes
16:12:52.828 [Thread-41] DEBUG o.s.c.c.DataBufferEncoder - [3c572550] Writing 4096 bytes
16:12:52.828 [Thread-40] DEBUG o.s.c.c.DataBufferEncoder - [3c572550] Writing 4096 bytes
16:12:52.828 [Thread-41] DEBUG o.s.c.c.DataBufferEncoder - [3c572550] Writing 4096 bytes
16:12:52.828 [Thread-40] DEBUG o.s.c.c.DataBufferEncoder - [3c572550] Writing 4096 bytes
16:12:52.828 [Thread-41] DEBUG o.s.c.c.DataBufferEncoder - [3c572550] Writing 4096 bytes
16:12:52.828 [Thread-40] DEBUG o.s.c.c.DataBufferEncoder - [3c572550] Writing 4096 bytes
16:12:52.828 [Thread-41] DEBUG o.s.c.c.DataBufferEncoder - [3c572550] Writing 4096 bytes
16:12:52.828 [Thread-40] DEBUG o.s.c.c.DataBufferEncoder - [3c572550] Writing 4096 bytes
16:12:52.829 [Thread-41] DEBUG o.s.c.c.DataBufferEncoder - [3c572550] Writing 4096 bytes
16:12:52.829 [Thread-40] DEBUG o.s.c.c.DataBufferEncoder - [3c572550] Writing 4096 bytes
16:12:52.829 [Thread-41] DEBUG o.s.c.c.DataBufferEncoder - [3c572550] Writing 4096 bytes
16:12:52.829 [Thread-40] DEBUG o.s.c.c.DataBufferEncoder - [3c572550] Writing 4096 bytes
16:12:52.829 [Thread-41] DEBUG o.s.c.c.DataBufferEncoder - [3c572550] Writing 4096 bytes
16:12:52.829 [Thread-40] DEBUG o.s.c.c.DataBufferEncoder - [3c572550] Writing 4096 bytes
16:12:52.829 [Thread-41] DEBUG o.s.c.c.DataBufferEncoder - [3c572550] Writing 4096 bytes
16:12:52.829 [Thread-40] DEBUG o.s.c.c.DataBufferEncoder - [3c572550] Writing 4096 bytes
16:12:52.829 [Thread-41] DEBUG o.s.c.c.DataBufferEncoder - [3c572550] Writing 4096 bytes
16:12:52.830 [Thread-40] DEBUG o.s.c.c.DataBufferEncoder - [3c572550] Writing 4096 bytes
16:12:52.830 [Thread-41] DEBUG o.s.c.c.DataBufferEncoder - [3c572550] Writing 4096 bytes
16:12:52.830 [Thread-40] DEBUG o.s.c.c.DataBufferEncoder - [3c572550] Writing 4096 bytes
16:12:52.830 [Thread-41] DEBUG o.s.c.c.DataBufferEncoder - [3c572550] Writing 4096 bytes
16:12:52.830 [Thread-40] DEBUG o.s.c.c.DataBufferEncoder - [3c572550] Writing 4096 bytes
16:12:52.830 [Thread-41] DEBUG o.s.c.c.DataBufferEncoder - [3c572550] Writing 4096 bytes
16:12:52.830 [Thread-40] DEBUG o.s.c.c.DataBufferEncoder - [3c572550] Writing 4096 bytes
16:12:52.830 [Thread-41] DEBUG o.s.c.c.DataBufferEncoder - [3c572550] Writing 4096 bytes
16:12:52.830 [Thread-40] DEBUG o.s.c.c.DataBufferEncoder - [3c572550] Writing 4096 bytes
16:12:52.831 [Thread-41] DEBUG o.s.c.c.DataBufferEncoder - [3c572550] Writing 4096 bytes
16:12:52.831 [Thread-40] DEBUG o.s.c.c.DataBufferEncoder - [3c572550] Writing 4096 bytes
16:12:52.831 [Thread-41] DEBUG o.s.c.c.DataBufferEncoder - [3c572550] Writing 4096 bytes
16:12:52.831 [Thread-40] DEBUG o.s.c.c.DataBufferEncoder - [3c572550] Writing 4096 bytes
16:12:52.831 [Thread-41] DEBUG o.s.c.c.DataBufferEncoder - [3c572550] Writing 4096 bytes
16:12:52.831 [Thread-40] DEBUG o.s.c.c.DataBufferEncoder - [3c572550] Writing 4096 bytes
16:12:52.831 [Thread-41] DEBUG o.s.c.c.DataBufferEncoder - [3c572550] Writing 4096 bytes
16:12:52.831 [Thread-40] DEBUG o.s.c.c.DataBufferEncoder - [3c572550] Writing 4096 bytes
16:12:52.831 [Thread-41] DEBUG o.s.c.c.DataBufferEncoder - [3c572550] Writing 4096 bytes
16:12:52.832 [Thread-40] DEBUG o.s.c.c.DataBufferEncoder - [3c572550] Writing 4096 bytes
16:12:52.832 [Thread-41] DEBUG o.s.c.c.DataBufferEncoder - [3c572550] Writing 4096 bytes
16:12:52.832 [Thread-40] DEBUG o.s.c.c.DataBufferEncoder - [3c572550] Writing 4096 bytes
16:12:52.832 [Thread-41] DEBUG o.s.c.c.DataBufferEncoder - [3c572550] Writing 4096 bytes
16:12:52.832 [Thread-40] DEBUG o.s.c.c.DataBufferEncoder - [3c572550] Writing 4096 bytes
16:12:52.832 [Thread-41] DEBUG o.s.c.c.DataBufferEncoder - [3c572550] Writing 4096 bytes
16:12:52.832 [Thread-40] DEBUG o.s.c.c.DataBufferEncoder - [3c572550] Writing 4096 bytes
16:12:52.832 [Thread-41] DEBUG o.s.c.c.DataBufferEncoder - [3c572550] Writing 4096 bytes
16:12:52.832 [Thread-40] DEBUG o.s.c.c.DataBufferEncoder - [3c572550] Writing 4096 bytes
16:12:52.833 [Thread-41] DEBUG o.s.c.c.DataBufferEncoder - [3c572550] Writing 4096 bytes
16:12:52.833 [Thread-40] DEBUG o.s.c.c.DataBufferEncoder - [3c572550] Writing 4096 bytes
16:12:52.833 [Thread-41] DEBUG o.s.c.c.DataBufferEncoder - [3c572550] Writing 4096 bytes
16:12:52.833 [Thread-40] DEBUG o.s.c.c.DataBufferEncoder - [3c572550] Writing 4096 bytes
16:12:52.833 [Thread-41] DEBUG o.s.c.c.DataBufferEncoder - [3c572550] Writing 4096 bytes
16:12:52.833 [Thread-40] DEBUG o.s.c.c.DataBufferEncoder - [3c572550] Writing 4096 bytes
16:12:52.833 [Thread-41] DEBUG o.s.c.c.DataBufferEncoder - [3c572550] Writing 4096 bytes
16:12:52.833 [Thread-40] DEBUG o.s.c.c.DataBufferEncoder - [3c572550] Writing 4096 bytes
16:12:52.833 [Thread-41] DEBUG o.s.c.c.DataBufferEncoder - [3c572550] Writing 4096 bytes
16:12:52.864 [Thread-41] DEBUG o.s.c.c.DataBufferEncoder - [3c572550] Writing 4096 bytes
16:12:52.864 [Thread-40] DEBUG o.s.c.c.DataBufferEncoder - [3c572550] Writing 4096 bytes
16:12:52.864 [Thread-41] DEBUG o.s.c.c.DataBufferEncoder - [3c572550] Writing 4096 bytes
16:12:52.865 [Thread-40] DEBUG o.s.c.c.DataBufferEncoder - [3c572550] Writing 4096 bytes
16:12:52.865 [Thread-41] DEBUG o.s.c.c.DataBufferEncoder - [3c572550] Writing 4096 bytes
16:12:52.865 [Thread-40] DEBUG o.s.c.c.DataBufferEncoder - [3c572550] Writing 4096 bytes
16:12:52.865 [Thread-41] DEBUG o.s.c.c.DataBufferEncoder - [3c572550] Writing 4096 bytes
16:12:52.865 [Thread-40] DEBUG o.s.c.c.DataBufferEncoder - [3c572550] Writing 4096 bytes
16:12:52.865 [Thread-41] DEBUG o.s.c.c.DataBufferEncoder - [3c572550] Writing 4096 bytes
16:12:52.865 [Thread-40] DEBUG o.s.c.c.DataBufferEncoder - [3c572550] Writing 4096 bytes
16:12:52.865 [Thread-41] DEBUG o.s.c.c.DataBufferEncoder - [3c572550] Writing 4096 bytes
16:12:52.865 [Thread-40] DEBUG o.s.c.c.DataBufferEncoder - [3c572550] Writing 4096 bytes
16:12:52.866 [Thread-41] DEBUG o.s.c.c.DataBufferEncoder - [3c572550] Writing 4096 bytes
16:12:52.866 [Thread-40] DEBUG o.s.c.c.DataBufferEncoder - [3c572550] Writing 4096 bytes
16:12:52.866 [Thread-41] DEBUG o.s.c.c.DataBufferEncoder - [3c572550] Writing 4096 bytes
16:12:52.866 [Thread-40] DEBUG o.s.c.c.DataBufferEncoder - [3c572550] Writing 4096 bytes
16:12:52.866 [Thread-41] DEBUG o.s.c.c.DataBufferEncoder - [3c572550] Writing 4096 bytes
16:12:52.866 [Thread-40] DEBUG o.s.c.c.DataBufferEncoder - [3c572550] Writing 4096 bytes
16:12:52.866 [Thread-41] DEBUG o.s.c.c.DataBufferEncoder - [3c572550] Writing 4096 bytes
16:12:52.866 [Thread-40] DEBUG o.s.c.c.DataBufferEncoder - [3c572550] Writing 4096 bytes
16:12:52.866 [Thread-41] DEBUG o.s.c.c.DataBufferEncoder - [3c572550] Writing 4096 bytes
16:12:52.867 [Thread-40] DEBUG o.s.c.c.DataBufferEncoder - [3c572550] Writing 4096 bytes
16:12:52.867 [Thread-41] DEBUG o.s.c.c.DataBufferEncoder - [3c572550] Writing 4096 bytes
16:12:52.867 [Thread-40] DEBUG o.s.c.c.DataBufferEncoder - [3c572550] Writing 4096 bytes
16:12:52.867 [Thread-41] DEBUG o.s.c.c.DataBufferEncoder - [3c572550] Writing 4096 bytes
16:12:52.867 [Thread-40] DEBUG o.s.c.c.DataBufferEncoder - [3c572550] Writing 4096 bytes
16:12:52.867 [Thread-41] DEBUG o.s.c.c.DataBufferEncoder - [3c572550] Writing 4096 bytes
16:12:52.867 [Thread-40] DEBUG o.s.c.c.DataBufferEncoder - [3c572550] Writing 4096 bytes
16:12:52.867 [Thread-41] DEBUG o.s.c.c.DataBufferEncoder - [3c572550] Writing 4096 bytes
16:12:52.867 [Thread-40] DEBUG o.s.c.c.DataBufferEncoder - [3c572550] Writing 4096 bytes
16:12:52.867 [Thread-41] DEBUG o.s.c.c.DataBufferEncoder - [3c572550] Writing 4096 bytes
16:12:52.868 [Thread-40] DEBUG o.s.c.c.DataBufferEncoder - [3c572550] Writing 4096 bytes
16:12:52.868 [Thread-41] DEBUG o.s.c.c.DataBufferEncoder - [3c572550] Writing 4096 bytes
16:12:52.868 [Thread-40] DEBUG o.s.c.c.DataBufferEncoder - [3c572550] Writing 4096 bytes
16:12:52.868 [Thread-41] DEBUG o.s.c.c.DataBufferEncoder - [3c572550] Writing 4096 bytes
16:12:52.868 [Thread-40] DEBUG o.s.c.c.DataBufferEncoder - [3c572550] Writing 4096 bytes
16:12:52.868 [Thread-41] DEBUG o.s.c.c.DataBufferEncoder - [3c572550] Writing 4096 bytes
16:12:52.868 [Thread-40] DEBUG o.s.c.c.DataBufferEncoder - [3c572550] Writing 4096 bytes
16:12:52.868 [Thread-41] DEBUG o.s.c.c.DataBufferEncoder - [3c572550] Writing 4096 bytes
16:12:52.868 [Thread-40] DEBUG o.s.c.c.DataBufferEncoder - [3c572550] Writing 4096 bytes
16:12:52.868 [Thread-41] DEBUG o.s.c.c.DataBufferEncoder - [3c572550] Writing 4096 bytes
16:12:52.868 [Thread-40] DEBUG o.s.c.c.DataBufferEncoder - [3c572550] Writing 4096 bytes
16:12:52.869 [Thread-41] DEBUG o.s.c.c.DataBufferEncoder - [3c572550] Writing 4096 bytes
16:12:52.869 [Thread-40] DEBUG o.s.c.c.DataBufferEncoder - [3c572550] Writing 4096 bytes
16:12:52.869 [Thread-41] DEBUG o.s.c.c.DataBufferEncoder - [3c572550] Writing 4096 bytes
16:12:52.869 [Thread-40] DEBUG o.s.c.c.DataBufferEncoder - [3c572550] Writing 4096 bytes
16:12:52.869 [Thread-41] DEBUG o.s.c.c.DataBufferEncoder - [3c572550] Writing 4096 bytes
16:12:52.869 [Thread-40] DEBUG o.s.c.c.DataBufferEncoder - [3c572550] Writing 4096 bytes
16:12:52.869 [Thread-41] DEBUG o.s.c.c.DataBufferEncoder - [3c572550] Writing 4096 bytes
16:12:52.869 [Thread-40] DEBUG o.s.c.c.DataBufferEncoder - [3c572550] Writing 4096 bytes
16:12:52.869 [Thread-41] DEBUG o.s.c.c.DataBufferEncoder - [3c572550] Writing 4096 bytes
16:12:52.870 [Thread-40] DEBUG o.s.c.c.DataBufferEncoder - [3c572550] Writing 4096 bytes
16:12:52.870 [Thread-41] DEBUG o.s.c.c.DataBufferEncoder - [3c572550] Writing 4096 bytes
16:12:52.870 [Thread-40] DEBUG o.s.c.c.DataBufferEncoder - [3c572550] Writing 4096 bytes
16:12:52.870 [Thread-41] DEBUG o.s.c.c.DataBufferEncoder - [3c572550] Writing 4096 bytes
16:12:52.870 [Thread-40] DEBUG o.s.c.c.DataBufferEncoder - [3c572550] Writing 4096 bytes
16:12:52.870 [Thread-41] DEBUG o.s.c.c.DataBufferEncoder - [3c572550] Writing 4096 bytes
16:12:52.870 [Thread-40] DEBUG o.s.c.c.DataBufferEncoder - [3c572550] Writing 4096 bytes
16:12:52.870 [Thread-41] DEBUG o.s.c.c.DataBufferEncoder - [3c572550] Writing 4096 bytes
16:12:52.870 [Thread-40] DEBUG o.s.c.c.DataBufferEncoder - [3c572550] Writing 4096 bytes
16:12:52.870 [Thread-41] DEBUG o.s.c.c.DataBufferEncoder - [3c572550] Writing 4096 bytes
16:12:52.871 [Thread-40] DEBUG o.s.c.c.DataBufferEncoder - [3c572550] Writing 4096 bytes
16:12:52.871 [Thread-41] DEBUG o.s.c.c.DataBufferEncoder - [3c572550] Writing 4096 bytes
16:12:52.871 [Thread-40] DEBUG o.s.c.c.DataBufferEncoder - [3c572550] Writing 4096 bytes
16:12:52.888 [Thread-40] DEBUG o.s.c.c.DataBufferEncoder - [3c572550] Writing 4096 bytes
16:12:52.888 [Thread-41] DEBUG o.s.c.c.DataBufferEncoder - [3c572550] Writing 4096 bytes
16:12:52.888 [Thread-40] DEBUG o.s.c.c.DataBufferEncoder - [3c572550] Writing 4096 bytes
16:12:52.888 [Thread-41] DEBUG o.s.c.c.DataBufferEncoder - [3c572550] Writing 4096 bytes
16:12:52.888 [Thread-40] DEBUG o.s.c.c.DataBufferEncoder - [3c572550] Writing 4096 bytes
16:12:52.889 [Thread-41] DEBUG o.s.c.c.DataBufferEncoder - [3c572550] Writing 4096 bytes
16:12:52.889 [Thread-40] DEBUG o.s.c.c.DataBufferEncoder - [3c572550] Writing 4096 bytes
16:12:52.889 [Thread-41] DEBUG o.s.c.c.DataBufferEncoder - [3c572550] Writing 4096 bytes
16:12:52.889 [Thread-40] DEBUG o.s.c.c.DataBufferEncoder - [3c572550] Writing 4096 bytes
16:12:52.889 [Thread-41] DEBUG o.s.c.c.DataBufferEncoder - [3c572550] Writing 4096 bytes
16:12:52.889 [Thread-40] DEBUG o.s.c.c.DataBufferEncoder - [3c572550] Writing 4096 bytes
16:12:52.889 [Thread-41] DEBUG o.s.c.c.DataBufferEncoder - [3c572550] Writing 4096 bytes
16:12:52.889 [Thread-40] DEBUG o.s.c.c.DataBufferEncoder - [3c572550] Writing 4096 bytes
16:12:52.889 [Thread-41] DEBUG o.s.c.c.DataBufferEncoder - [3c572550] Writing 4096 bytes
16:12:52.890 [Thread-40] DEBUG o.s.c.c.DataBufferEncoder - [3c572550] Writing 4096 bytes
16:12:52.890 [Thread-41] DEBUG o.s.c.c.DataBufferEncoder - [3c572550] Writing 4096 bytes
16:12:52.890 [Thread-40] DEBUG o.s.c.c.DataBufferEncoder - [3c572550] Writing 4096 bytes
16:12:52.890 [Thread-41] DEBUG o.s.c.c.DataBufferEncoder - [3c572550] Writing 4096 bytes
16:12:52.890 [Thread-40] DEBUG o.s.c.c.DataBufferEncoder - [3c572550] Writing 4096 bytes
16:12:52.890 [Thread-41] DEBUG o.s.c.c.DataBufferEncoder - [3c572550] Writing 4096 bytes
16:12:52.890 [Thread-40] DEBUG o.s.c.c.DataBufferEncoder - [3c572550] Writing 4096 bytes
16:12:52.890 [Thread-41] DEBUG o.s.c.c.DataBufferEncoder - [3c572550] Writing 4096 bytes
16:12:52.891 [Thread-40] DEBUG o.s.c.c.DataBufferEncoder - [3c572550] Writing 4096 bytes
16:12:52.891 [Thread-41] DEBUG o.s.c.c.DataBufferEncoder - [3c572550] Writing 4096 bytes
16:12:52.891 [Thread-40] DEBUG o.s.c.c.DataBufferEncoder - [3c572550] Writing 4096 bytes
16:12:52.891 [Thread-41] DEBUG o.s.c.c.DataBufferEncoder - [3c572550] Writing 4096 bytes
16:12:52.891 [Thread-40] DEBUG o.s.c.c.DataBufferEncoder - [3c572550] Writing 4096 bytes
16:12:52.891 [Thread-41] DEBUG o.s.c.c.DataBufferEncoder - [3c572550] Writing 4096 bytes
16:12:52.891 [Thread-40] DEBUG o.s.c.c.DataBufferEncoder - [3c572550] Writing 4096 bytes
16:12:52.891 [Thread-41] DEBUG o.s.c.c.DataBufferEncoder - [3c572550] Writing 4096 bytes
16:12:52.892 [Thread-40] DEBUG o.s.c.c.DataBufferEncoder - [3c572550] Writing 4096 bytes
16:12:52.892 [Thread-41] DEBUG o.s.c.c.DataBufferEncoder - [3c572550] Writing 4096 bytes
16:12:52.892 [Thread-40] DEBUG o.s.c.c.DataBufferEncoder - [3c572550] Writing 4096 bytes
16:12:52.892 [Thread-41] DEBUG o.s.c.c.DataBufferEncoder - [3c572550] Writing 4096 bytes
16:12:52.892 [Thread-40] DEBUG o.s.c.c.DataBufferEncoder - [3c572550] Writing 4096 bytes
16:12:52.892 [Thread-41] DEBUG o.s.c.c.DataBufferEncoder - [3c572550] Writing 4096 bytes
16:12:52.892 [Thread-40] DEBUG o.s.c.c.DataBufferEncoder - [3c572550] Writing 4096 bytes
16:12:52.892 [Thread-41] DEBUG o.s.c.c.DataBufferEncoder - [3c572550] Writing 4096 bytes
16:12:52.893 [Thread-40] DEBUG o.s.c.c.DataBufferEncoder - [3c572550] Writing 4096 bytes
16:12:52.893 [Thread-41] DEBUG o.s.c.c.DataBufferEncoder - [3c572550] Writing 4096 bytes
16:12:52.893 [Thread-40] DEBUG o.s.c.c.DataBufferEncoder - [3c572550] Writing 2206 bytes
16:12:52.902 [reactor-http-nio-1] DEBUG o.s.w.r.f.c.ExchangeFunctions - [3c572550] Response 200 OK
16:12:52.928 [Test worker] DEBUG o.s.w.r.f.c.ExchangeFunctions - [d8b1daa] HTTP GET http://localhost:56945/
16:12:52.936 [HttpClient@6486b41e-2626] DEBUG o.s.w.r.f.c.ExchangeFunctions - [d8b1daa] Response 500 INTERNAL_SERVER_ERROR
16:12:52.943 [Test worker] DEBUG o.s.w.r.f.c.ExchangeFunctions - [16798aae] HTTP GET http://localhost:56947/
16:12:52.947 [reactor-http-nio-2] DEBUG o.s.w.r.f.c.ExchangeFunctions - [16798aae] Response 500 INTERNAL_SERVER_ERROR
16:12:52.956 [Test worker] DEBUG o.s.w.r.f.c.ExchangeFunctions - [4af1c209] HTTP GET http://localhost:56949/json
16:12:52.964 [HttpClient@621f6e1d-2633] DEBUG o.s.w.r.f.c.ExchangeFunctions - [4af1c209] Response 200 OK
16:12:52.964 [HttpClient@621f6e1d-2633] DEBUG o.s.c.c.StringDecoder - [4af1c209] Decoded "{"bar":"barbar","foo":"foofoo"}"
16:12:52.972 [Test worker] DEBUG o.s.w.r.f.c.ExchangeFunctions - [37f096c1] HTTP GET http://localhost:56951/json
16:12:52.975 [reactor-http-nio-3] DEBUG o.s.w.r.f.c.ExchangeFunctions - [37f096c1] Response 200 OK
16:12:52.976 [reactor-http-nio-3] DEBUG o.s.c.c.StringDecoder - [37f096c1] Decoded "{"bar":"barbar","foo":"foofoo"}"
]]></system-out>
  <system-err><![CDATA[]]></system-err>
</testsuite>
