<?xml version="1.0" encoding="UTF-8"?>
<testsuite name="org.springframework.web.reactive.DispatcherHandlerErrorTests" tests="7" skipped="0" failures="0" errors="0" timestamp="2021-06-20T08:10:40" hostname="gankangdembp" time="13.8">
  <properties/>
  <testcase name="controllerReturnsMonoError()" classname="org.springframework.web.reactive.DispatcherHandlerErrorTests" time="13.08"/>
  <testcase name="controllerThrowsException()" classname="org.springframework.web.reactive.DispatcherHandlerErrorTests" time="0.118"/>
  <testcase name="webExceptionHandler()" classname="org.springframework.web.reactive.DispatcherHandlerErrorTests" time="0.097"/>
  <testcase name="requestBodyError()" classname="org.springframework.web.reactive.DispatcherHandlerErrorTests" time="0.179"/>
  <testcase name="responseBodyMessageConversionError()" classname="org.springframework.web.reactive.DispatcherHandlerErrorTests" time="0.139"/>
  <testcase name="unknownReturnType()" classname="org.springframework.web.reactive.DispatcherHandlerErrorTests" time="0.072"/>
  <testcase name="noHandler()" classname="org.springframework.web.reactive.DispatcherHandlerErrorTests" time="0.083"/>
  <system-out><![CDATA[16:10:49.132 [Test worker] DEBUG o.s.w.r.r.m.a.RequestMappingHandlerMapping - 4 mappings in 'handlerMapping'
16:10:50.513 [Test worker] WARN  o.s.h.c.j.Jackson2ObjectMapperBuilder - For Jackson Kotlin classes support please add "com.fasterxml.jackson.module:jackson-module-kotlin" to the classpath
16:10:52.239 [Test worker] DEBUG o.s.w.r.r.m.a.ControllerMethodResolver - ControllerAdvice beans: none
16:10:52.855 [Test worker] DEBUG o.s.w.r.r.m.a.RequestMappingHandlerMapping - [2680eaf] Mapped to org.springframework.web.reactive.DispatcherHandlerErrorTests$TestController#errorSignal()
16:10:52.885 [Test worker] DEBUG o.s.w.r.r.m.a.ResponseBodyResultHandler - Using 'text/plain;charset=UTF-8' given [*/*] and supported [text/plain;charset=UTF-8]
16:10:52.885 [Test worker] DEBUG o.s.w.r.r.m.a.ResponseBodyResultHandler - [2680eaf] 0..1 [java.lang.String]
16:10:53.330 [Test worker] DEBUG o.s.w.r.r.m.a.RequestMappingHandlerMapping - 4 mappings in 'handlerMapping'
16:10:53.349 [Test worker] DEBUG o.s.w.r.r.m.a.ControllerMethodResolver - ControllerAdvice beans: none
16:10:53.361 [Test worker] DEBUG o.s.w.r.r.m.a.RequestMappingHandlerMapping - [337217dc] Mapped to org.springframework.web.reactive.DispatcherHandlerErrorTests$TestController#raiseException()
16:10:53.416 [Test worker] DEBUG o.s.w.r.r.m.a.RequestMappingHandlerMapping - 4 mappings in 'handlerMapping'
16:10:53.438 [Test worker] DEBUG o.s.w.r.r.m.a.ControllerMethodResolver - ControllerAdvice beans: none
16:10:53.535 [Test worker] DEBUG o.s.w.r.r.m.a.RequestMappingHandlerMapping - 4 mappings in 'handlerMapping'
16:10:53.553 [Test worker] DEBUG o.s.w.r.r.m.a.ControllerMethodResolver - ControllerAdvice beans: none
16:10:53.559 [Test worker] DEBUG o.s.w.r.r.m.a.RequestMappingHandlerMapping - [42ac73d] Mapped to org.springframework.web.reactive.DispatcherHandlerErrorTests$TestController#requestBody(Publisher)
16:10:53.609 [Test worker] DEBUG o.s.w.r.r.m.a.RequestBodyMethodArgumentResolver - [42ac73d] No Content-Type, using application/octet-stream
16:10:53.613 [Test worker] DEBUG o.s.w.r.r.m.a.RequestBodyMethodArgumentResolver - [42ac73d] 0..N [java.lang.String]
16:10:53.650 [Test worker] DEBUG o.s.w.r.r.m.a.ResponseBodyResultHandler - Using 'text/plain;charset=UTF-8' given [*/*] and supported [text/plain;charset=UTF-8]
16:10:53.651 [Test worker] DEBUG o.s.w.r.r.m.a.ResponseBodyResultHandler - [42ac73d] 0..1 [java.lang.String]
16:10:53.732 [Test worker] DEBUG o.s.w.r.r.m.a.RequestMappingHandlerMapping - 4 mappings in 'handlerMapping'
16:10:53.760 [Test worker] DEBUG o.s.w.r.r.m.a.ControllerMethodResolver - ControllerAdvice beans: none
16:10:53.791 [Test worker] DEBUG o.s.w.r.r.m.a.RequestMappingHandlerMapping - [1d6df2e6] Mapped to org.springframework.web.reactive.DispatcherHandlerErrorTests$TestController#requestBody(Publisher)
16:10:53.793 [Test worker] DEBUG o.s.w.r.r.m.a.RequestBodyMethodArgumentResolver - [1d6df2e6] No Content-Type, using application/octet-stream
16:10:53.794 [Test worker] DEBUG o.s.w.r.r.m.a.RequestBodyMethodArgumentResolver - [1d6df2e6] 0..N [java.lang.String]
16:10:53.795 [Test worker] DEBUG o.s.w.r.r.m.a.ResponseBodyResultHandler - [1d6df2e6] No match for [application/json], supported: [text/plain;charset=UTF-8]
16:10:53.842 [Test worker] DEBUG o.s.w.r.r.m.a.RequestMappingHandlerMapping - 4 mappings in 'handlerMapping'
16:10:53.866 [Test worker] DEBUG o.s.w.r.r.m.a.ControllerMethodResolver - ControllerAdvice beans: none
16:10:53.878 [Test worker] DEBUG o.s.w.r.r.m.a.RequestMappingHandlerMapping - [15dcc312] Mapped to org.springframework.web.reactive.DispatcherHandlerErrorTests$TestController#unknownReturnType()
16:10:53.908 [Test worker] DEBUG o.s.w.r.r.m.a.RequestMappingHandlerMapping - 4 mappings in 'handlerMapping'
16:10:53.923 [Test worker] DEBUG o.s.w.r.r.m.a.ControllerMethodResolver - ControllerAdvice beans: none
]]></system-out>
  <system-err><![CDATA[]]></system-err>
</testsuite>
