<?xml version="1.0" encoding="UTF-8"?>
<testsuite name="org.springframework.web.reactive.result.method.RequestMappingInfoHandlerMappingTests" tests="18" skipped="0" failures="0" errors="0" timestamp="2020-05-29T14:00:31" hostname="bamboo-18" time="0.074">
  <properties/>
  <testcase name="getHandlerHttpOptions()" classname="org.springframework.web.reactive.result.method.RequestMappingInfoHandlerMappingTests" time="0.014"/>
  <testcase name="getHandlerTestRequestParamMismatch()" classname="org.springframework.web.reactive.result.method.RequestMappingInfoHandlerMappingTests" time="0.002"/>
  <testcase name="getHandlerTestMediaTypeNotAcceptable()" classname="org.springframework.web.reactive.result.method.RequestMappingInfoHandlerMappingTests" time="0.002"/>
  <testcase name="getHandlerGlobMatch()" classname="org.springframework.web.reactive.result.method.RequestMappingInfoHandlerMappingTests" time="0.003"/>
  <testcase name="handleMatchBestMatchingPatternAttributeNoPatternsDefined()" classname="org.springframework.web.reactive.result.method.RequestMappingInfoHandlerMappingTests" time="0.001"/>
  <testcase name="getHandlerMediaTypeNotSupported()" classname="org.springframework.web.reactive.result.method.RequestMappingInfoHandlerMappingTests" time="0.005"/>
  <testcase name="getHandlerRequestMethodNotAllowed()" classname="org.springframework.web.reactive.result.method.RequestMappingInfoHandlerMappingTests" time="0.002"/>
  <testcase name="handleMatchUriTemplateVariables()" classname="org.springframework.web.reactive.result.method.RequestMappingInfoHandlerMappingTests" time="0.0"/>
  <testcase name="getHandlerBestMatch()" classname="org.springframework.web.reactive.result.method.RequestMappingInfoHandlerMappingTests" time="0.001"/>
  <testcase name="getHandlerProducibleMediaTypesAttribute()" classname="org.springframework.web.reactive.result.method.RequestMappingInfoHandlerMappingTests" time="0.002"/>
  <testcase name="handleMatchBestMatchingPatternAttribute()" classname="org.springframework.web.reactive.result.method.RequestMappingInfoHandlerMappingTests" time="0.001"/>
  <testcase name="handleMatchUriTemplateVariablesDecode()" classname="org.springframework.web.reactive.result.method.RequestMappingInfoHandlerMappingTests" time="0.0"/>
  <testcase name="getHandlerEmptyPathMatch()" classname="org.springframework.web.reactive.result.method.RequestMappingInfoHandlerMappingTests" time="0.004"/>
  <testcase name="getHandlerTestInvalidContentType()" classname="org.springframework.web.reactive.result.method.RequestMappingInfoHandlerMappingTests" time="0.012"/>
  <testcase name="getHandlerDirectMatch()" classname="org.springframework.web.reactive.result.method.RequestMappingInfoHandlerMappingTests" time="0.001"/>
  <testcase name="getHandlerRequestMethodMatchFalsePositive()" classname="org.springframework.web.reactive.result.method.RequestMappingInfoHandlerMappingTests" time="0.001"/>
  <testcase name="handleMatchMatrixVariablesDecoding()" classname="org.springframework.web.reactive.result.method.RequestMappingInfoHandlerMappingTests" time="0.002"/>
  <testcase name="handleMatchMatrixVariables()" classname="org.springframework.web.reactive.result.method.RequestMappingInfoHandlerMappingTests" time="0.002"/>
  <system-out><![CDATA[14:00:31.540 [Test worker] DEBUG o.s.w.r.r.m.RequestMappingInfoHandlerMappingTests$TestRequestMappingInfoHandlerMapping - [3c4dd3cd] Mapped to org.springframework.web.reactive.result.method.RequestMappingInfoHandlerMapping$HttpOptionsHandler#handle()
14:00:31.542 [Test worker] DEBUG o.s.w.r.r.m.RequestMappingInfoHandlerMappingTests$TestRequestMappingInfoHandlerMapping - [5499d793] Mapped to org.springframework.web.reactive.result.method.RequestMappingInfoHandlerMapping$HttpOptionsHandler#handle()
14:00:31.542 [Test worker] DEBUG o.s.w.r.r.m.RequestMappingInfoHandlerMappingTests$TestRequestMappingInfoHandlerMapping - [d6ba636] Mapped to org.springframework.web.reactive.result.method.RequestMappingInfoHandlerMapping$HttpOptionsHandler#handle()
14:00:31.543 [Test worker] DEBUG o.s.w.r.r.m.RequestMappingInfoHandlerMappingTests$TestRequestMappingInfoHandlerMapping - [4bf0c1dd] Mapped to org.springframework.web.reactive.result.method.RequestMappingInfoHandlerMappingTests$TestController#fooOptions()
14:00:31.551 [Test worker] DEBUG o.s.w.r.r.m.RequestMappingInfoHandlerMappingTests$TestRequestMappingInfoHandlerMapping - [39cffb57] Mapped to org.springframework.web.reactive.result.method.RequestMappingInfoHandlerMappingTests$TestController#bar()
14:00:31.561 [Test worker] DEBUG o.s.w.r.r.m.RequestMappingInfoHandlerMappingTests$TestRequestMappingInfoHandlerMapping - [318017e3] Mapped to org.springframework.web.reactive.result.method.RequestMappingInfoHandlerMappingTests$TestController#fooParam()
14:00:31.566 [Test worker] DEBUG o.s.w.r.r.m.RequestMappingInfoHandlerMappingTests$TestRequestMappingInfoHandlerMapping - [386207e1] Mapped to org.springframework.web.reactive.result.method.RequestMappingInfoHandlerMappingTests$TestController#xmlContent()
14:00:31.567 [Test worker] DEBUG o.s.w.r.r.m.RequestMappingInfoHandlerMappingTests$TestRequestMappingInfoHandlerMapping - [38a99a75] Mapped to org.springframework.web.reactive.result.method.RequestMappingInfoHandlerMappingTests$TestController#nonXmlContent()
14:00:31.572 [Test worker] DEBUG o.s.w.r.r.m.RequestMappingInfoHandlerMappingTests$TestRequestMappingInfoHandlerMapping - [24fea956] Mapped to org.springframework.web.reactive.result.method.RequestMappingInfoHandlerMappingTests$TestController#empty()
14:00:31.572 [Test worker] DEBUG o.s.w.r.r.m.RequestMappingInfoHandlerMappingTests$TestRequestMappingInfoHandlerMapping - [2652e6cc] Mapped to org.springframework.web.reactive.result.method.RequestMappingInfoHandlerMappingTests$TestController#empty()
14:00:31.596 [Test worker] DEBUG o.s.w.r.r.m.RequestMappingInfoHandlerMappingTests$TestRequestMappingInfoHandlerMapping - [5a012243] Mapped to org.springframework.web.reactive.result.method.RequestMappingInfoHandlerMappingTests$TestController#foo()
]]></system-out>
  <system-err><![CDATA[]]></system-err>
</testsuite>
