<?xml version="1.0" encoding="UTF-8"?>
<!-- Generated by org.testng.reporters.JUnitReportReporter -->
<testsuite skipped="0" hostname="gankangdembp" name="org.springframework.test.context.cache.ClassLevelDirtiesContextTestNGTests$ClassLevelDirtiesContextWithDirtyMethodsTestCase" tests="1" failures="0" timestamp="20 六月 2021 08:11:19 GMT" time="0.021" errors="0">
  <testcase name="dirtyContext" time="0.021" classname="org.springframework.test.context.cache.ClassLevelDirtiesContextTestNGTests$ClassLevelDirtiesContextWithDirtyMethodsTestCase"/>
</testsuite> <!-- org.springframework.test.context.cache.ClassLevelDirtiesContextTestNGTests$ClassLevelDirtiesContextWithDirtyMethodsTestCase -->
