<?xml version="1.0" encoding="UTF-8"?>
<testsuite name="org.springframework.mail.javamail.ConfigurableMimeFileTypeMapTests" tests="4" skipped="0" failures="0" errors="0" timestamp="2021-06-20T08:09:49" hostname="gankangdembp" time="0.025">
  <properties/>
  <testcase name="withCustomMappingLocation()" classname="org.springframework.mail.javamail.ConfigurableMimeFileTypeMapTests" time="0.018"/>
  <testcase name="withAdditionalMappings()" classname="org.springframework.mail.javamail.ConfigurableMimeFileTypeMapTests" time="0.002"/>
  <testcase name="againstDefaultConfigurationWithFilePath()" classname="org.springframework.mail.javamail.ConfigurableMimeFileTypeMapTests" time="0.002"/>
  <testcase name="againstDefaultConfiguration()" classname="org.springframework.mail.javamail.ConfigurableMimeFileTypeMapTests" time="0.002"/>
  <system-out><![CDATA[]]></system-out>
  <system-err><![CDATA[]]></system-err>
</testsuite>
