<?xml version="1.0" encoding="UTF-8"?>
<testsuite name="org.springframework.cache.ehcache.EhCacheCacheManagerTests" tests="5" skipped="0" failures="0" errors="0" timestamp="2020-05-29T13:57:30" hostname="bamboo-18" time="0.183">
  <properties/>
  <testcase name="getTransactionalOnExistingCache()" classname="org.springframework.cache.ehcache.EhCacheCacheManagerTests" time="0.048"/>
  <testcase name="getOnExistingCache()" classname="org.springframework.cache.ehcache.EhCacheCacheManagerTests" time="0.037"/>
  <testcase name="getOnNewCache()" classname="org.springframework.cache.ehcache.EhCacheCacheManagerTests" time="0.032"/>
  <testcase name="getOnUnknownCache()" classname="org.springframework.cache.ehcache.EhCacheCacheManagerTests" time="0.024"/>
  <testcase name="getTransactionalOnNewCache()" classname="org.springframework.cache.ehcache.EhCacheCacheManagerTests" time="0.041"/>
  <system-out><![CDATA[]]></system-out>
  <system-err><![CDATA[]]></system-err>
</testsuite>
