<?xml version="1.0" encoding="UTF-8"?>
<testsuite name="org.springframework.scheduling.quartz.QuartzSchedulerLifecycleTests" tests="2" skipped="0" failures="0" errors="0" timestamp="2020-05-29T13:57:24" hostname="bamboo-18" time="0.418">
  <properties/>
  <testcase name="destroyLazyInitSchedulerWithCustomShutdownOrderDoesNotHang()" classname="org.springframework.scheduling.quartz.QuartzSchedulerLifecycleTests" time="0.177"/>
  <testcase name="destroyLazyInitSchedulerWithDefaultShutdownOrderDoesNotHang()" classname="org.springframework.scheduling.quartz.QuartzSchedulerLifecycleTests" time="0.241"/>
  <system-out><![CDATA[]]></system-out>
  <system-err><![CDATA[]]></system-err>
</testsuite>
