<?xml version="1.0" encoding="UTF-8"?>
<testsuite name="org.springframework.cache.jcache.JCacheEhCache3AnnotationTests" tests="64" skipped="1" failures="0" errors="0" timestamp="2021-06-20T08:09:36" hostname="gankangdembp" time="6.612">
  <properties/>
  <testcase name="testMultiConditionalCacheAndEvict()" classname="org.springframework.cache.jcache.JCacheEhCache3AnnotationTests" time="0.814"/>
  <testcase name="testClassEvictWithKeyEarly()" classname="org.springframework.cache.jcache.JCacheEhCache3AnnotationTests" time="0.133"/>
  <testcase name="testClassCheckedExceptionSync()" classname="org.springframework.cache.jcache.JCacheEhCache3AnnotationTests" time="0.094"/>
  <testcase name="testKeyExpression()" classname="org.springframework.cache.jcache.JCacheEhCache3AnnotationTests" time="0.074"/>
  <testcase name="testConditionalUpdate()" classname="org.springframework.cache.jcache.JCacheEhCache3AnnotationTests" time="0.111"/>
  <testcase name="testClassMultiCacheAndEvict()" classname="org.springframework.cache.jcache.JCacheEhCache3AnnotationTests" time="0.09"/>
  <testcase name="testCacheableSyncNull()" classname="org.springframework.cache.jcache.JCacheEhCache3AnnotationTests" time="0.163"/>
  <testcase name="testUnknownCustomKeyGenerator()" classname="org.springframework.cache.jcache.JCacheEhCache3AnnotationTests" time="0.061"/>
  <testcase name="testClassRootVars()" classname="org.springframework.cache.jcache.JCacheEhCache3AnnotationTests" time="0.076"/>
  <testcase name="testMethodName()" classname="org.springframework.cache.jcache.JCacheEhCache3AnnotationTests" time="0.079"/>
  <testcase name="testEvictWithException()" classname="org.springframework.cache.jcache.JCacheEhCache3AnnotationTests" time="0.099"/>
  <testcase name="testClassUpdate()" classname="org.springframework.cache.jcache.JCacheEhCache3AnnotationTests" time="0.086"/>
  <testcase name="testEvict()" classname="org.springframework.cache.jcache.JCacheEhCache3AnnotationTests" time="0.061"/>
  <testcase name="testCheckedExceptionSync()" classname="org.springframework.cache.jcache.JCacheEhCache3AnnotationTests" time="0.126"/>
  <testcase name="testClassEvictEarly()" classname="org.springframework.cache.jcache.JCacheEhCache3AnnotationTests" time="0.081"/>
  <testcase name="testClassNullArg()" classname="org.springframework.cache.jcache.JCacheEhCache3AnnotationTests" time="0.077"/>
  <testcase name="testClassEvictAll()" classname="org.springframework.cache.jcache.JCacheEhCache3AnnotationTests" time="0.108"/>
  <testcase name="testPutRefersToResult()" classname="org.springframework.cache.jcache.JCacheEhCache3AnnotationTests" time="0.096"/>
  <testcase name="testClassCacheUnlessExpression()" classname="org.springframework.cache.jcache.JCacheEhCache3AnnotationTests" time="0.096"/>
  <testcase name="testConditionalExpressionSync()" classname="org.springframework.cache.jcache.JCacheEhCache3AnnotationTests" time="0.057"/>
  <testcase name="testClassConditionalUpdate()" classname="org.springframework.cache.jcache.JCacheEhCache3AnnotationTests" time="0.07"/>
  <testcase name="testConditionalExpression()" classname="org.springframework.cache.jcache.JCacheEhCache3AnnotationTests" time="0.113"/>
  <testcase name="testClassMultiPut()" classname="org.springframework.cache.jcache.JCacheEhCache3AnnotationTests" time="0.08"/>
  <testcase name="testClassUncheckedException()" classname="org.springframework.cache.jcache.JCacheEhCache3AnnotationTests" time="0.134"/>
  <testcase name="testClassCacheEvictWithWKey()" classname="org.springframework.cache.jcache.JCacheEhCache3AnnotationTests" time="0.063"/>
  <testcase name="testClassNullValue()" classname="org.springframework.cache.jcache.JCacheEhCache3AnnotationTests" time="0.055"/>
  <testcase name="testUncheckedExceptionSync()" classname="org.springframework.cache.jcache.JCacheEhCache3AnnotationTests" time="0.063"/>
  <testcase name="testClassUncheckedExceptionSync()" classname="org.springframework.cache.jcache.JCacheEhCache3AnnotationTests" time="0.085"/>
  <testcase name="testClassCacheCacheable()" classname="org.springframework.cache.jcache.JCacheEhCache3AnnotationTests" time="0.054"/>
  <testcase name="testClassMethodName()" classname="org.springframework.cache.jcache.JCacheEhCache3AnnotationTests" time="0.118"/>
  <testcase name="testCustomKeyGenerator()" classname="org.springframework.cache.jcache.JCacheEhCache3AnnotationTests" time="0.082"/>
  <testcase name="testCacheable()" classname="org.springframework.cache.jcache.JCacheEhCache3AnnotationTests" time="0.102"/>
  <testcase name="testCheckedException()" classname="org.springframework.cache.jcache.JCacheEhCache3AnnotationTests" time="0.12"/>
  <testcase name="testClassPutRefersToResult()" classname="org.springframework.cache.jcache.JCacheEhCache3AnnotationTests" time="0.102"/>
  <testcase name="testVarArgsKey()" classname="org.springframework.cache.jcache.JCacheEhCache3AnnotationTests" time="0.068"/>
  <testcase name="testMultiCache()" classname="org.springframework.cache.jcache.JCacheEhCache3AnnotationTests" time="0.07"/>
  <testcase name="testMultiEvict()" classname="org.springframework.cache.jcache.JCacheEhCache3AnnotationTests" time="0.086"/>
  <testcase name="testMultiCacheAndEvict()" classname="org.springframework.cache.jcache.JCacheEhCache3AnnotationTests" time="0.084"/>
  <testcase name="testRootVars()" classname="org.springframework.cache.jcache.JCacheEhCache3AnnotationTests" time="0.066"/>
  <testcase name="testClassMultiConditionalCacheAndEvict()" classname="org.springframework.cache.jcache.JCacheEhCache3AnnotationTests" time="0.123"/>
  <testcase name="testClassEvictWithException()" classname="org.springframework.cache.jcache.JCacheEhCache3AnnotationTests" time="0.123"/>
  <testcase name="testClassCheckedException()" classname="org.springframework.cache.jcache.JCacheEhCache3AnnotationTests" time="0.075"/>
  <testcase name="testClassCacheEvict()" classname="org.springframework.cache.jcache.JCacheEhCache3AnnotationTests" time="0.071"/>
  <testcase name="testEvictWithKey()" classname="org.springframework.cache.jcache.JCacheEhCache3AnnotationTests" time="0.066"/>
  <testcase name="testUnlessExpression()" classname="org.springframework.cache.jcache.JCacheEhCache3AnnotationTests" time="0.063"/>
  <testcase name="testEvictAllEarly()" classname="org.springframework.cache.jcache.JCacheEhCache3AnnotationTests" time="0.11"/>
  <testcase name="testEvictAll()" classname="org.springframework.cache.jcache.JCacheEhCache3AnnotationTests" time="0.086"/>
  <testcase name="testCacheableNull()" classname="org.springframework.cache.jcache.JCacheEhCache3AnnotationTests" time="0.061"/>
  <testcase name="testCacheableSync()" classname="org.springframework.cache.jcache.JCacheEhCache3AnnotationTests" time="0.1"/>
  <testcase name="testEvictWithKeyEarly()" classname="org.springframework.cache.jcache.JCacheEhCache3AnnotationTests" time="0.074"/>
  <testcase name="testMultiPut()" classname="org.springframework.cache.jcache.JCacheEhCache3AnnotationTests" time="0.067"/>
  <testcase name="testUnknownCustomCacheManager()" classname="org.springframework.cache.jcache.JCacheEhCache3AnnotationTests" time="0.1"/>
  <testcase name="testUncheckedException()" classname="org.springframework.cache.jcache.JCacheEhCache3AnnotationTests" time="0.079"/>
  <testcase name="testNullValue()" classname="org.springframework.cache.jcache.JCacheEhCache3AnnotationTests" time="0.104"/>
  <testcase name="testEvictEarly()" classname="org.springframework.cache.jcache.JCacheEhCache3AnnotationTests" time="0.166"/>
  <testcase name="testUpdate()" classname="org.springframework.cache.jcache.JCacheEhCache3AnnotationTests" time="0.082"/>
  <testcase name="testNullArg()" classname="org.springframework.cache.jcache.JCacheEhCache3AnnotationTests" time="0.13"/>
  <testcase name="testClassMultiCache()" classname="org.springframework.cache.jcache.JCacheEhCache3AnnotationTests" time="0.118"/>
  <testcase name="testClassMultiEvict()" classname="org.springframework.cache.jcache.JCacheEhCache3AnnotationTests" time="0.108"/>
  <testcase name="testEvictAllWithTransaction()" classname="org.springframework.cache.jcache.JCacheEhCache3AnnotationTests" time="0.123"/>
  <testcase name="testCustomCacheManager()" classname="org.springframework.cache.jcache.JCacheEhCache3AnnotationTests" time="0.0">
    <skipped/>
  </testcase>
  <testcase name="testEvictEarlyWithTransaction()" classname="org.springframework.cache.jcache.JCacheEhCache3AnnotationTests" time="0.103"/>
  <testcase name="testEvictAllEarlyWithTransaction()" classname="org.springframework.cache.jcache.JCacheEhCache3AnnotationTests" time="0.105"/>
  <testcase name="testEvictWithTransaction()" classname="org.springframework.cache.jcache.JCacheEhCache3AnnotationTests" time="0.073"/>
  <system-out><![CDATA[]]></system-out>
  <system-err><![CDATA[]]></system-err>
</testsuite>
