<?xml version="1.0" encoding="UTF-8"?>
<testsuite name="org.springframework.cache.transaction.TransactionAwareCacheDecoratorTests" tests="15" skipped="0" failures="0" errors="0" timestamp="2021-06-20T08:09:11" hostname="gankangdembp" time="0.084">
  <properties/>
  <testcase name="regularOperationsOnTarget()" classname="org.springframework.cache.transaction.TransactionAwareCacheDecoratorTests" time="0.021"/>
  <testcase name="evictTransactional()" classname="org.springframework.cache.transaction.TransactionAwareCacheDecoratorTests" time="0.012"/>
  <testcase name="evictNonTransactional()" classname="org.springframework.cache.transaction.TransactionAwareCacheDecoratorTests" time="0.002"/>
  <testcase name="putIfAbsentTransactional()" classname="org.springframework.cache.transaction.TransactionAwareCacheDecoratorTests" time="0.002"/>
  <testcase name="clearTransactional()" classname="org.springframework.cache.transaction.TransactionAwareCacheDecoratorTests" time="0.002"/>
  <testcase name="invalidateNonTransactional()" classname="org.springframework.cache.transaction.TransactionAwareCacheDecoratorTests" time="0.0"/>
  <testcase name="evictIfPresentTransactional()" classname="org.springframework.cache.transaction.TransactionAwareCacheDecoratorTests" time="0.002"/>
  <testcase name="clearNonTransactional()" classname="org.springframework.cache.transaction.TransactionAwareCacheDecoratorTests" time="0.001"/>
  <testcase name="invalidateTransactional()" classname="org.springframework.cache.transaction.TransactionAwareCacheDecoratorTests" time="0.019"/>
  <testcase name="getTargetCache()" classname="org.springframework.cache.transaction.TransactionAwareCacheDecoratorTests" time="0.001"/>
  <testcase name="putTransactional()" classname="org.springframework.cache.transaction.TransactionAwareCacheDecoratorTests" time="0.005"/>
  <testcase name="putNonTransactional()" classname="org.springframework.cache.transaction.TransactionAwareCacheDecoratorTests" time="0.0"/>
  <testcase name="createWithNullTarget()" classname="org.springframework.cache.transaction.TransactionAwareCacheDecoratorTests" time="0.003"/>
  <testcase name="putIfAbsentNonTransactional()" classname="org.springframework.cache.transaction.TransactionAwareCacheDecoratorTests" time="0.001"/>
  <testcase name="evictIfPresentNonTransactional()" classname="org.springframework.cache.transaction.TransactionAwareCacheDecoratorTests" time="0.001"/>
  <system-out><![CDATA[]]></system-out>
  <system-err><![CDATA[]]></system-err>
</testsuite>
