<?xml version="1.0" encoding="UTF-8"?>
<testsuite name="org.springframework.cache.jcache.interceptor.CacheRemoveAllOperationTests" tests="2" skipped="0" failures="0" errors="0" timestamp="2021-06-20T08:09:44" hostname="gankangdembp" time="0.002">
  <properties/>
  <testcase name="simple()" classname="org.springframework.cache.jcache.interceptor.CacheRemoveAllOperationTests" time="0.001"/>
  <testcase name="simpleRemoveAll()" classname="org.springframework.cache.jcache.interceptor.CacheRemoveAllOperationTests" time="0.0"/>
  <system-out><![CDATA[]]></system-out>
  <system-err><![CDATA[]]></system-err>
</testsuite>
