<?xml version="1.0" encoding="UTF-8"?>
<testsuite name="org.springframework.cache.jcache.config.JCacheNamespaceDrivenTests" tests="30" skipped="0" failures="0" errors="0" timestamp="2020-05-29T13:57:30" hostname="bamboo-18" time="2.305">
  <properties/>
  <testcase name="earlyPutWithExceptionVetoPut()" classname="org.springframework.cache.jcache.config.JCacheNamespaceDrivenTests" time="0.381"/>
  <testcase name="removeWithException()" classname="org.springframework.cache.jcache.config.JCacheNamespaceDrivenTests" time="0.12"/>
  <testcase name="cacheExceptionVetoed()" classname="org.springframework.cache.jcache.config.JCacheNamespaceDrivenTests" time="0.113"/>
  <testcase name="cacheWithCustomCacheResolver()" classname="org.springframework.cache.jcache.config.JCacheNamespaceDrivenTests" time="0.238"/>
  <testcase name="earlyRemove()" classname="org.springframework.cache.jcache.config.JCacheNamespaceDrivenTests" time="0.067"/>
  <testcase name="remove()" classname="org.springframework.cache.jcache.config.JCacheNamespaceDrivenTests" time="0.073"/>
  <testcase name="earlyPut()" classname="org.springframework.cache.jcache.config.JCacheNamespaceDrivenTests" time="0.086"/>
  <testcase name="putWithException()" classname="org.springframework.cache.jcache.config.JCacheNamespaceDrivenTests" time="0.082"/>
  <testcase name="removeWithExceptionVetoRemove()" classname="org.springframework.cache.jcache.config.JCacheNamespaceDrivenTests" time="0.071"/>
  <testcase name="cacheWithCustomKeyGenerator()" classname="org.springframework.cache.jcache.config.JCacheNamespaceDrivenTests" time="0.075"/>
  <testcase name="cacheNull()" classname="org.springframework.cache.jcache.config.JCacheNamespaceDrivenTests" time="0.086"/>
  <testcase name="cacheCheckedException()" classname="org.springframework.cache.jcache.config.JCacheNamespaceDrivenTests" time="0.065"/>
  <testcase name="earlyRemoveAll()" classname="org.springframework.cache.jcache.config.JCacheNamespaceDrivenTests" time="0.058"/>
  <testcase name="put()" classname="org.springframework.cache.jcache.config.JCacheNamespaceDrivenTests" time="0.059"/>
  <testcase name="earlyRemoveAllWithExceptionVetoRemove()" classname="org.springframework.cache.jcache.config.JCacheNamespaceDrivenTests" time="0.057"/>
  <testcase name="earlyPutWithException()" classname="org.springframework.cache.jcache.config.JCacheNamespaceDrivenTests" time="0.094"/>
  <testcase name="cache()" classname="org.springframework.cache.jcache.config.JCacheNamespaceDrivenTests" time="0.073"/>
  <testcase name="earlyRemoveAllWithException()" classname="org.springframework.cache.jcache.config.JCacheNamespaceDrivenTests" time="0.063"/>
  <testcase name="earlyRemoveWithException()" classname="org.springframework.cache.jcache.config.JCacheNamespaceDrivenTests" time="0.037"/>
  <testcase name="cacheAlwaysInvoke()" classname="org.springframework.cache.jcache.config.JCacheNamespaceDrivenTests" time="0.033"/>
  <testcase name="removeAllWithExceptionVetoRemove()" classname="org.springframework.cache.jcache.config.JCacheNamespaceDrivenTests" time="0.046"/>
  <testcase name="earlyRemoveWithExceptionVetoRemove()" classname="org.springframework.cache.jcache.config.JCacheNamespaceDrivenTests" time="0.04"/>
  <testcase name="removeAll()" classname="org.springframework.cache.jcache.config.JCacheNamespaceDrivenTests" time="0.043"/>
  <testcase name="removeAllWithException()" classname="org.springframework.cache.jcache.config.JCacheNamespaceDrivenTests" time="0.017"/>
  <testcase name="cacheWithPartialKey()" classname="org.springframework.cache.jcache.config.JCacheNamespaceDrivenTests" time="0.02"/>
  <testcase name="putWithExceptionVetoPut()" classname="org.springframework.cache.jcache.config.JCacheNamespaceDrivenTests" time="0.02"/>
  <testcase name="cacheException()" classname="org.springframework.cache.jcache.config.JCacheNamespaceDrivenTests" time="0.019"/>
  <testcase name="cacheExceptionRewriteCallStack()" classname="org.springframework.cache.jcache.config.JCacheNamespaceDrivenTests" time="0.044"/>
  <testcase name="testCacheErrorHandler()" classname="org.springframework.cache.jcache.config.JCacheNamespaceDrivenTests" time="0.032"/>
  <testcase name="cacheResolver()" classname="org.springframework.cache.jcache.config.JCacheNamespaceDrivenTests" time="0.055"/>
  <system-out><![CDATA[]]></system-out>
  <system-err><![CDATA[]]></system-err>
</testsuite>
