<?xml version="1.0" encoding="UTF-8"?>
<testsuite name="org.springframework.cache.jcache.config.JCacheCustomInterceptorTests" tests="3" skipped="0" failures="0" errors="0" timestamp="2020-05-29T13:57:35" hostname="bamboo-18" time="0.034">
  <properties/>
  <testcase name="customInterceptorAppliesWithCheckedException()" classname="org.springframework.cache.jcache.config.JCacheCustomInterceptorTests" time="0.016"/>
  <testcase name="customInterceptorAppliesWithRuntimeException()" classname="org.springframework.cache.jcache.config.JCacheCustomInterceptorTests" time="0.009"/>
  <testcase name="onlyOneInterceptorIsAvailable()" classname="org.springframework.cache.jcache.config.JCacheCustomInterceptorTests" time="0.009"/>
  <system-out><![CDATA[]]></system-out>
  <system-err><![CDATA[]]></system-err>
</testsuite>
