<?xml version="1.0" encoding="UTF-8"?>
<testsuite name="org.springframework.cache.jcache.config.JCacheStandaloneConfigTests" tests="28" skipped="0" failures="0" errors="0" timestamp="2021-06-20T08:09:28" hostname="gankangdembp" time="2.905">
  <properties/>
  <testcase name="earlyPutWithExceptionVetoPut()" classname="org.springframework.cache.jcache.config.JCacheStandaloneConfigTests" time="0.602"/>
  <testcase name="removeWithException()" classname="org.springframework.cache.jcache.config.JCacheStandaloneConfigTests" time="0.115"/>
  <testcase name="cacheExceptionVetoed()" classname="org.springframework.cache.jcache.config.JCacheStandaloneConfigTests" time="0.121"/>
  <testcase name="cacheWithCustomCacheResolver()" classname="org.springframework.cache.jcache.config.JCacheStandaloneConfigTests" time="0.111"/>
  <testcase name="earlyRemove()" classname="org.springframework.cache.jcache.config.JCacheStandaloneConfigTests" time="0.101"/>
  <testcase name="remove()" classname="org.springframework.cache.jcache.config.JCacheStandaloneConfigTests" time="0.125"/>
  <testcase name="earlyPut()" classname="org.springframework.cache.jcache.config.JCacheStandaloneConfigTests" time="0.041"/>
  <testcase name="putWithException()" classname="org.springframework.cache.jcache.config.JCacheStandaloneConfigTests" time="0.091"/>
  <testcase name="removeWithExceptionVetoRemove()" classname="org.springframework.cache.jcache.config.JCacheStandaloneConfigTests" time="0.073"/>
  <testcase name="cacheWithCustomKeyGenerator()" classname="org.springframework.cache.jcache.config.JCacheStandaloneConfigTests" time="0.049"/>
  <testcase name="cacheNull()" classname="org.springframework.cache.jcache.config.JCacheStandaloneConfigTests" time="0.064"/>
  <testcase name="cacheCheckedException()" classname="org.springframework.cache.jcache.config.JCacheStandaloneConfigTests" time="0.066"/>
  <testcase name="earlyRemoveAll()" classname="org.springframework.cache.jcache.config.JCacheStandaloneConfigTests" time="0.046"/>
  <testcase name="put()" classname="org.springframework.cache.jcache.config.JCacheStandaloneConfigTests" time="0.054"/>
  <testcase name="earlyRemoveAllWithExceptionVetoRemove()" classname="org.springframework.cache.jcache.config.JCacheStandaloneConfigTests" time="0.065"/>
  <testcase name="earlyPutWithException()" classname="org.springframework.cache.jcache.config.JCacheStandaloneConfigTests" time="0.251"/>
  <testcase name="cache()" classname="org.springframework.cache.jcache.config.JCacheStandaloneConfigTests" time="0.063"/>
  <testcase name="earlyRemoveAllWithException()" classname="org.springframework.cache.jcache.config.JCacheStandaloneConfigTests" time="0.063"/>
  <testcase name="earlyRemoveWithException()" classname="org.springframework.cache.jcache.config.JCacheStandaloneConfigTests" time="0.085"/>
  <testcase name="cacheAlwaysInvoke()" classname="org.springframework.cache.jcache.config.JCacheStandaloneConfigTests" time="0.074"/>
  <testcase name="removeAllWithExceptionVetoRemove()" classname="org.springframework.cache.jcache.config.JCacheStandaloneConfigTests" time="0.059"/>
  <testcase name="earlyRemoveWithExceptionVetoRemove()" classname="org.springframework.cache.jcache.config.JCacheStandaloneConfigTests" time="0.071"/>
  <testcase name="removeAll()" classname="org.springframework.cache.jcache.config.JCacheStandaloneConfigTests" time="0.075"/>
  <testcase name="removeAllWithException()" classname="org.springframework.cache.jcache.config.JCacheStandaloneConfigTests" time="0.083"/>
  <testcase name="cacheWithPartialKey()" classname="org.springframework.cache.jcache.config.JCacheStandaloneConfigTests" time="0.043"/>
  <testcase name="putWithExceptionVetoPut()" classname="org.springframework.cache.jcache.config.JCacheStandaloneConfigTests" time="0.073"/>
  <testcase name="cacheException()" classname="org.springframework.cache.jcache.config.JCacheStandaloneConfigTests" time="0.068"/>
  <testcase name="cacheExceptionRewriteCallStack()" classname="org.springframework.cache.jcache.config.JCacheStandaloneConfigTests" time="0.161"/>
  <system-out><![CDATA[]]></system-out>
  <system-err><![CDATA[]]></system-err>
</testsuite>
