<?xml version="1.0" encoding="UTF-8"?>
<testsuite name="org.springframework.cache.jcache.interceptor.JCacheInterceptorTests" tests="5" skipped="0" failures="0" errors="0" timestamp="2021-06-20T08:09:44" hostname="gankangdembp" time="0.032">
  <properties/>
  <testcase name="cacheManagerMandatoryIfCacheResolverNotSet()" classname="org.springframework.cache.jcache.interceptor.JCacheInterceptorTests" time="0.027"/>
  <testcase name="cacheManagerOptionalIfCacheResolversSet()" classname="org.springframework.cache.jcache.interceptor.JCacheInterceptorTests" time="0.001"/>
  <testcase name="noCacheCouldBeResolved()" classname="org.springframework.cache.jcache.interceptor.JCacheInterceptorTests" time="0.001"/>
  <testcase name="severalCachesNotSupported()" classname="org.springframework.cache.jcache.interceptor.JCacheInterceptorTests" time="0.001"/>
  <testcase name="cacheResultReturnsProperType()" classname="org.springframework.cache.jcache.interceptor.JCacheInterceptorTests" time="0.001"/>
  <system-out><![CDATA[]]></system-out>
  <system-err><![CDATA[]]></system-err>
</testsuite>
