<?xml version="1.0" encoding="UTF-8"?>
<testsuite name="org.springframework.cache.jcache.JCacheEhCacheAnnotationTests" tests="64" skipped="1" failures="0" errors="0" timestamp="2021-06-20T08:09:15" hostname="gankangdembp" time="12.441">
  <properties/>
  <testcase name="testMultiConditionalCacheAndEvict()" classname="org.springframework.cache.jcache.JCacheEhCacheAnnotationTests" time="3.276"/>
  <testcase name="testClassEvictWithKeyEarly()" classname="org.springframework.cache.jcache.JCacheEhCacheAnnotationTests" time="0.432"/>
  <testcase name="testClassCheckedExceptionSync()" classname="org.springframework.cache.jcache.JCacheEhCacheAnnotationTests" time="0.256"/>
  <testcase name="testKeyExpression()" classname="org.springframework.cache.jcache.JCacheEhCacheAnnotationTests" time="0.21"/>
  <testcase name="testConditionalUpdate()" classname="org.springframework.cache.jcache.JCacheEhCacheAnnotationTests" time="0.228"/>
  <testcase name="testClassMultiCacheAndEvict()" classname="org.springframework.cache.jcache.JCacheEhCacheAnnotationTests" time="0.214"/>
  <testcase name="testCacheableSyncNull()" classname="org.springframework.cache.jcache.JCacheEhCacheAnnotationTests" time="0.162"/>
  <testcase name="testUnknownCustomKeyGenerator()" classname="org.springframework.cache.jcache.JCacheEhCacheAnnotationTests" time="0.183"/>
  <testcase name="testClassRootVars()" classname="org.springframework.cache.jcache.JCacheEhCacheAnnotationTests" time="0.159"/>
  <testcase name="testMethodName()" classname="org.springframework.cache.jcache.JCacheEhCacheAnnotationTests" time="0.149"/>
  <testcase name="testEvictWithException()" classname="org.springframework.cache.jcache.JCacheEhCacheAnnotationTests" time="0.195"/>
  <testcase name="testClassUpdate()" classname="org.springframework.cache.jcache.JCacheEhCacheAnnotationTests" time="0.199"/>
  <testcase name="testEvict()" classname="org.springframework.cache.jcache.JCacheEhCacheAnnotationTests" time="0.133"/>
  <testcase name="testCheckedExceptionSync()" classname="org.springframework.cache.jcache.JCacheEhCacheAnnotationTests" time="0.165"/>
  <testcase name="testClassEvictEarly()" classname="org.springframework.cache.jcache.JCacheEhCacheAnnotationTests" time="0.153"/>
  <testcase name="testClassNullArg()" classname="org.springframework.cache.jcache.JCacheEhCacheAnnotationTests" time="0.224"/>
  <testcase name="testClassEvictAll()" classname="org.springframework.cache.jcache.JCacheEhCacheAnnotationTests" time="0.165"/>
  <testcase name="testPutRefersToResult()" classname="org.springframework.cache.jcache.JCacheEhCacheAnnotationTests" time="0.149"/>
  <testcase name="testClassCacheUnlessExpression()" classname="org.springframework.cache.jcache.JCacheEhCacheAnnotationTests" time="0.138"/>
  <testcase name="testConditionalExpressionSync()" classname="org.springframework.cache.jcache.JCacheEhCacheAnnotationTests" time="0.18"/>
  <testcase name="testClassConditionalUpdate()" classname="org.springframework.cache.jcache.JCacheEhCacheAnnotationTests" time="0.113"/>
  <testcase name="testConditionalExpression()" classname="org.springframework.cache.jcache.JCacheEhCacheAnnotationTests" time="0.133"/>
  <testcase name="testClassMultiPut()" classname="org.springframework.cache.jcache.JCacheEhCacheAnnotationTests" time="0.141"/>
  <testcase name="testClassUncheckedException()" classname="org.springframework.cache.jcache.JCacheEhCacheAnnotationTests" time="0.217"/>
  <testcase name="testClassCacheEvictWithWKey()" classname="org.springframework.cache.jcache.JCacheEhCacheAnnotationTests" time="0.134"/>
  <testcase name="testClassNullValue()" classname="org.springframework.cache.jcache.JCacheEhCacheAnnotationTests" time="0.124"/>
  <testcase name="testUncheckedExceptionSync()" classname="org.springframework.cache.jcache.JCacheEhCacheAnnotationTests" time="0.127"/>
  <testcase name="testClassUncheckedExceptionSync()" classname="org.springframework.cache.jcache.JCacheEhCacheAnnotationTests" time="0.14"/>
  <testcase name="testClassCacheCacheable()" classname="org.springframework.cache.jcache.JCacheEhCacheAnnotationTests" time="0.126"/>
  <testcase name="testClassMethodName()" classname="org.springframework.cache.jcache.JCacheEhCacheAnnotationTests" time="0.11"/>
  <testcase name="testCustomKeyGenerator()" classname="org.springframework.cache.jcache.JCacheEhCacheAnnotationTests" time="0.12"/>
  <testcase name="testCacheable()" classname="org.springframework.cache.jcache.JCacheEhCacheAnnotationTests" time="0.12"/>
  <testcase name="testCheckedException()" classname="org.springframework.cache.jcache.JCacheEhCacheAnnotationTests" time="0.102"/>
  <testcase name="testClassPutRefersToResult()" classname="org.springframework.cache.jcache.JCacheEhCacheAnnotationTests" time="0.155"/>
  <testcase name="testVarArgsKey()" classname="org.springframework.cache.jcache.JCacheEhCacheAnnotationTests" time="0.126"/>
  <testcase name="testMultiCache()" classname="org.springframework.cache.jcache.JCacheEhCacheAnnotationTests" time="0.116"/>
  <testcase name="testMultiEvict()" classname="org.springframework.cache.jcache.JCacheEhCacheAnnotationTests" time="0.129"/>
  <testcase name="testMultiCacheAndEvict()" classname="org.springframework.cache.jcache.JCacheEhCacheAnnotationTests" time="0.107"/>
  <testcase name="testRootVars()" classname="org.springframework.cache.jcache.JCacheEhCacheAnnotationTests" time="0.132"/>
  <testcase name="testClassMultiConditionalCacheAndEvict()" classname="org.springframework.cache.jcache.JCacheEhCacheAnnotationTests" time="0.132"/>
  <testcase name="testClassEvictWithException()" classname="org.springframework.cache.jcache.JCacheEhCacheAnnotationTests" time="0.115"/>
  <testcase name="testClassCheckedException()" classname="org.springframework.cache.jcache.JCacheEhCacheAnnotationTests" time="0.093"/>
  <testcase name="testClassCacheEvict()" classname="org.springframework.cache.jcache.JCacheEhCacheAnnotationTests" time="0.143"/>
  <testcase name="testEvictWithKey()" classname="org.springframework.cache.jcache.JCacheEhCacheAnnotationTests" time="0.118"/>
  <testcase name="testUnlessExpression()" classname="org.springframework.cache.jcache.JCacheEhCacheAnnotationTests" time="0.143"/>
  <testcase name="testEvictAllEarly()" classname="org.springframework.cache.jcache.JCacheEhCacheAnnotationTests" time="0.123"/>
  <testcase name="testEvictAll()" classname="org.springframework.cache.jcache.JCacheEhCacheAnnotationTests" time="0.125"/>
  <testcase name="testCacheableNull()" classname="org.springframework.cache.jcache.JCacheEhCacheAnnotationTests" time="0.107"/>
  <testcase name="testCacheableSync()" classname="org.springframework.cache.jcache.JCacheEhCacheAnnotationTests" time="0.084"/>
  <testcase name="testEvictWithKeyEarly()" classname="org.springframework.cache.jcache.JCacheEhCacheAnnotationTests" time="0.129"/>
  <testcase name="testMultiPut()" classname="org.springframework.cache.jcache.JCacheEhCacheAnnotationTests" time="0.103"/>
  <testcase name="testUnknownCustomCacheManager()" classname="org.springframework.cache.jcache.JCacheEhCacheAnnotationTests" time="0.12"/>
  <testcase name="testUncheckedException()" classname="org.springframework.cache.jcache.JCacheEhCacheAnnotationTests" time="0.134"/>
  <testcase name="testNullValue()" classname="org.springframework.cache.jcache.JCacheEhCacheAnnotationTests" time="0.112"/>
  <testcase name="testEvictEarly()" classname="org.springframework.cache.jcache.JCacheEhCacheAnnotationTests" time="0.109"/>
  <testcase name="testUpdate()" classname="org.springframework.cache.jcache.JCacheEhCacheAnnotationTests" time="0.094"/>
  <testcase name="testNullArg()" classname="org.springframework.cache.jcache.JCacheEhCacheAnnotationTests" time="0.169"/>
  <testcase name="testClassMultiCache()" classname="org.springframework.cache.jcache.JCacheEhCacheAnnotationTests" time="0.113"/>
  <testcase name="testClassMultiEvict()" classname="org.springframework.cache.jcache.JCacheEhCacheAnnotationTests" time="0.149"/>
  <testcase name="testEvictAllWithTransaction()" classname="org.springframework.cache.jcache.JCacheEhCacheAnnotationTests" time="0.135"/>
  <testcase name="testCustomCacheManager()" classname="org.springframework.cache.jcache.JCacheEhCacheAnnotationTests" time="0.001">
    <skipped/>
  </testcase>
  <testcase name="testEvictEarlyWithTransaction()" classname="org.springframework.cache.jcache.JCacheEhCacheAnnotationTests" time="0.12"/>
  <testcase name="testEvictAllEarlyWithTransaction()" classname="org.springframework.cache.jcache.JCacheEhCacheAnnotationTests" time="0.155"/>
  <testcase name="testEvictWithTransaction()" classname="org.springframework.cache.jcache.JCacheEhCacheAnnotationTests" time="0.123"/>
  <system-out><![CDATA[]]></system-out>
  <system-err><![CDATA[]]></system-err>
</testsuite>
