<?xml version="1.0" encoding="UTF-8"?>
<testsuite name="org.springframework.mail.javamail.ConfigurableMimeFileTypeMapTests" tests="4" skipped="0" failures="0" errors="0" timestamp="2020-05-29T13:57:19" hostname="bamboo-18" time="0.083">
  <properties/>
  <testcase name="withCustomMappingLocation()" classname="org.springframework.mail.javamail.ConfigurableMimeFileTypeMapTests" time="0.029"/>
  <testcase name="withAdditionalMappings()" classname="org.springframework.mail.javamail.ConfigurableMimeFileTypeMapTests" time="0.027"/>
  <testcase name="againstDefaultConfigurationWithFilePath()" classname="org.springframework.mail.javamail.ConfigurableMimeFileTypeMapTests" time="0.011"/>
  <testcase name="againstDefaultConfiguration()" classname="org.springframework.mail.javamail.ConfigurableMimeFileTypeMapTests" time="0.014"/>
  <system-out><![CDATA[]]></system-out>
  <system-err><![CDATA[]]></system-err>
</testsuite>
