<?xml version="1.0" encoding="UTF-8"?>
<testsuite name="org.springframework.validation.beanvalidation2.MethodValidationTests" tests="4" skipped="0" failures="0" errors="0" timestamp="2021-06-20T08:09:52" hostname="gankangdembp" time="0.523">
  <properties/>
  <testcase name="testLazyValidatorForMethodValidation()" classname="org.springframework.validation.beanvalidation2.MethodValidationTests" time="0.2"/>
  <testcase name="testMethodValidationInterceptor()" classname="org.springframework.validation.beanvalidation2.MethodValidationTests" time="0.109"/>
  <testcase name="testLazyValidatorForMethodValidationWithProxyTargetClass()" classname="org.springframework.validation.beanvalidation2.MethodValidationTests" time="0.125"/>
  <testcase name="testMethodValidationPostProcessor()" classname="org.springframework.validation.beanvalidation2.MethodValidationTests" time="0.088"/>
  <system-out><![CDATA[]]></system-out>
  <system-err><![CDATA[]]></system-err>
</testsuite>
