<?xml version="1.0" encoding="UTF-8"?>
<testsuite name="org.springframework.cache.caffeine.CaffeineCacheTests" tests="14" skipped="0" failures="0" errors="0" timestamp="2021-06-20T08:09:13" hostname="gankangdembp" time="0.171">
  <properties/>
  <testcase name="testCacheGetCallableNotInvokedWithHitNull()" classname="org.springframework.cache.caffeine.CaffeineCacheTests" time="0.022"/>
  <testcase name="testCacheGetSynchronized()" classname="org.springframework.cache.caffeine.CaffeineCacheTests" time="0.077"/>
  <testcase name="testCachePutIfAbsent()" classname="org.springframework.cache.caffeine.CaffeineCacheTests" time="0.002"/>
  <testcase name="testCacheClear()" classname="org.springframework.cache.caffeine.CaffeineCacheTests" time="0.002"/>
  <testcase name="testCacheRemove()" classname="org.springframework.cache.caffeine.CaffeineCacheTests" time="0.001"/>
  <testcase name="testCacheGetCallableNotInvokedWithHit()" classname="org.springframework.cache.caffeine.CaffeineCacheTests" time="0.001"/>
  <testcase name="testCacheName()" classname="org.springframework.cache.caffeine.CaffeineCacheTests" time="0.001"/>
  <testcase name="testCachePut()" classname="org.springframework.cache.caffeine.CaffeineCacheTests" time="0.001"/>
  <testcase name="testCacheGetCallable()" classname="org.springframework.cache.caffeine.CaffeineCacheTests" time="0.022"/>
  <testcase name="testNativeCache()" classname="org.springframework.cache.caffeine.CaffeineCacheTests" time="0.001"/>
  <testcase name="testCacheGetCallableFail()" classname="org.springframework.cache.caffeine.CaffeineCacheTests" time="0.007"/>
  <testcase name="testCacheGetCallableWithNull()" classname="org.springframework.cache.caffeine.CaffeineCacheTests" time="0.019"/>
  <testcase name="testCachePutNullValueAllowNullFalse()" classname="org.springframework.cache.caffeine.CaffeineCacheTests" time="0.001"/>
  <testcase name="testPutIfAbsentNullValue()" classname="org.springframework.cache.caffeine.CaffeineCacheTests" time="0.001"/>
  <system-out><![CDATA[]]></system-out>
  <system-err><![CDATA[]]></system-err>
</testsuite>
