<?xml version="1.0" encoding="UTF-8"?>
<testsuite name="org.springframework.cache.jcache.interceptor.JCacheErrorHandlerTests" tests="6" skipped="0" failures="0" errors="0" timestamp="2021-06-20T08:09:43" hostname="gankangdembp" time="0.811">
  <properties/>
  <testcase name="clearFail()" classname="org.springframework.cache.jcache.interceptor.JCacheErrorHandlerTests" time="0.333"/>
  <testcase name="getFailPutExceptionFail()" classname="org.springframework.cache.jcache.interceptor.JCacheErrorHandlerTests" time="0.109"/>
  <testcase name="evictFail()" classname="org.springframework.cache.jcache.interceptor.JCacheErrorHandlerTests" time="0.052"/>
  <testcase name="putFail()" classname="org.springframework.cache.jcache.interceptor.JCacheErrorHandlerTests" time="0.089"/>
  <testcase name="getFail()" classname="org.springframework.cache.jcache.interceptor.JCacheErrorHandlerTests" time="0.112"/>
  <testcase name="getPutNewElementFail()" classname="org.springframework.cache.jcache.interceptor.JCacheErrorHandlerTests" time="0.098"/>
  <system-out><![CDATA[]]></system-out>
  <system-err><![CDATA[]]></system-err>
</testsuite>
