<?xml version="1.0" encoding="UTF-8"?>
<testsuite name="org.springframework.cache.jcache.interceptor.JCacheErrorHandlerTests" tests="6" skipped="0" failures="0" errors="0" timestamp="2020-05-29T13:57:35" hostname="bamboo-18" time="0.23">
  <properties/>
  <testcase name="clearFail()" classname="org.springframework.cache.jcache.interceptor.JCacheErrorHandlerTests" time="0.083"/>
  <testcase name="getFailPutExceptionFail()" classname="org.springframework.cache.jcache.interceptor.JCacheErrorHandlerTests" time="0.025"/>
  <testcase name="evictFail()" classname="org.springframework.cache.jcache.interceptor.JCacheErrorHandlerTests" time="0.035"/>
  <testcase name="putFail()" classname="org.springframework.cache.jcache.interceptor.JCacheErrorHandlerTests" time="0.031"/>
  <testcase name="getFail()" classname="org.springframework.cache.jcache.interceptor.JCacheErrorHandlerTests" time="0.027"/>
  <testcase name="getPutNewElementFail()" classname="org.springframework.cache.jcache.interceptor.JCacheErrorHandlerTests" time="0.029"/>
  <system-out><![CDATA[]]></system-out>
  <system-err><![CDATA[]]></system-err>
</testsuite>
