<?xml version="1.0" encoding="UTF-8"?>
<testsuite name="org.springframework.cache.ehcache.EhCacheSupportTests" tests="8" skipped="0" failures="0" errors="0" timestamp="2021-06-20T08:09:45" hostname="gankangdembp" time="0.304">
  <properties/>
  <testcase name="testEhCacheFactoryBeanWithExplicitCacheManager()" classname="org.springframework.cache.ehcache.EhCacheSupportTests" time="0.169"/>
  <testcase name="testEhCacheFactoryBeanWithDefaultCacheManager()" classname="org.springframework.cache.ehcache.EhCacheSupportTests" time="0.012"/>
  <testcase name="testBlankCacheManager()" classname="org.springframework.cache.ehcache.EhCacheSupportTests" time="0.005"/>
  <testcase name="testEhCacheFactoryBeanWithBlockingCache()" classname="org.springframework.cache.ehcache.EhCacheSupportTests" time="0.016"/>
  <testcase name="testAcceptExistingCacheManager()" classname="org.springframework.cache.ehcache.EhCacheSupportTests" time="0.007"/>
  <testcase name="testCacheManagerConflict()" classname="org.springframework.cache.ehcache.EhCacheSupportTests" time="0.07"/>
  <testcase name="testEhCacheFactoryBeanWithSelfPopulatingCache()" classname="org.springframework.cache.ehcache.EhCacheSupportTests" time="0.016"/>
  <testcase name="testEhCacheFactoryBeanWithUpdatingSelfPopulatingCache()" classname="org.springframework.cache.ehcache.EhCacheSupportTests" time="0.009"/>
  <system-out><![CDATA[]]></system-out>
  <system-err><![CDATA[]]></system-err>
</testsuite>
