<?xml version="1.0" encoding="UTF-8"?>
<testsuite name="org.springframework.cache.jcache.JCacheCacheManagerTests" tests="5" skipped="0" failures="0" errors="0" timestamp="2020-05-29T13:57:43" hostname="bamboo-18" time="0.087">
  <properties/>
  <testcase name="getTransactionalOnExistingCache()" classname="org.springframework.cache.jcache.JCacheCacheManagerTests" time="0.04"/>
  <testcase name="getOnExistingCache()" classname="org.springframework.cache.jcache.JCacheCacheManagerTests" time="0.001"/>
  <testcase name="getOnNewCache()" classname="org.springframework.cache.jcache.JCacheCacheManagerTests" time="0.007"/>
  <testcase name="getOnUnknownCache()" classname="org.springframework.cache.jcache.JCacheCacheManagerTests" time="0.029"/>
  <testcase name="getTransactionalOnNewCache()" classname="org.springframework.cache.jcache.JCacheCacheManagerTests" time="0.009"/>
  <system-out><![CDATA[]]></system-out>
  <system-err><![CDATA[]]></system-err>
</testsuite>
