<?xml version="1.0" encoding="UTF-8"?>
<testsuite name="org.springframework.cache.jcache.interceptor.CacheRemoveAllOperationTests" tests="2" skipped="0" failures="0" errors="0" timestamp="2020-05-29T13:57:35" hostname="bamboo-18" time="0.001">
  <properties/>
  <testcase name="simple()" classname="org.springframework.cache.jcache.interceptor.CacheRemoveAllOperationTests" time="0.001"/>
  <testcase name="simpleRemoveAll()" classname="org.springframework.cache.jcache.interceptor.CacheRemoveAllOperationTests" time="0.0"/>
  <system-out><![CDATA[]]></system-out>
  <system-err><![CDATA[]]></system-err>
</testsuite>
