<?xml version="1.0" encoding="UTF-8"?>
<testsuite name="org.springframework.ui.freemarker.FreeMarkerConfigurationFactoryBeanTests" tests="4" skipped="0" failures="0" errors="0" timestamp="2021-06-20T08:09:09" hostname="gankangdembp" time="1.832">
  <properties/>
  <testcase name="freeMarkerConfigurationFactoryBeanWithResourceLoaderPath()" classname="org.springframework.ui.freemarker.FreeMarkerConfigurationFactoryBeanTests" time="0.755"/>
  <testcase name="freeMarkerConfigurationAsBean()" classname="org.springframework.ui.freemarker.FreeMarkerConfigurationFactoryBeanTests" time="0.561"/>
  <testcase name="freeMarkerConfigurationFactoryBeanWithConfigLocation()" classname="org.springframework.ui.freemarker.FreeMarkerConfigurationFactoryBeanTests" time="0.065"/>
  <testcase name="freeMarkerConfigurationFactoryBeanWithNonFileResourceLoaderPath()" classname="org.springframework.ui.freemarker.FreeMarkerConfigurationFactoryBeanTests" time="0.429"/>
  <system-out><![CDATA[]]></system-out>
  <system-err><![CDATA[]]></system-err>
</testsuite>
