<?xml version="1.0" encoding="UTF-8"?>
<testsuite name="org.springframework.cache.caffeine.CaffeineCacheManagerTests" tests="9" skipped="0" failures="0" errors="0" timestamp="2021-06-20T08:09:11" hostname="gankangdembp" time="2.342">
  <properties/>
  <testcase name="customCacheRegistration()" classname="org.springframework.cache.caffeine.CaffeineCacheManagerTests" time="0.182"/>
  <testcase name="changeCacheLoaderRecreateCache()" classname="org.springframework.cache.caffeine.CaffeineCacheManagerTests" time="2.115"/>
  <testcase name="changeCacheSpecificationRecreateCache()" classname="org.springframework.cache.caffeine.CaffeineCacheManagerTests" time="0.003"/>
  <testcase name="setCacheNameNullRestoreDynamicMode()" classname="org.springframework.cache.caffeine.CaffeineCacheManagerTests" time="0.002"/>
  <testcase name="testDynamicMode()" classname="org.springframework.cache.caffeine.CaffeineCacheManagerTests" time="0.001"/>
  <testcase name="testStaticMode()" classname="org.springframework.cache.caffeine.CaffeineCacheManagerTests" time="0.001"/>
  <testcase name="changeCaffeineRecreateCache()" classname="org.springframework.cache.caffeine.CaffeineCacheManagerTests" time="0.001"/>
  <testcase name="changeCaffeineSpecRecreateCache()" classname="org.springframework.cache.caffeine.CaffeineCacheManagerTests" time="0.0"/>
  <testcase name="cacheLoaderUseLoadingCache()" classname="org.springframework.cache.caffeine.CaffeineCacheManagerTests" time="0.019"/>
  <system-out><![CDATA[]]></system-out>
  <system-err><![CDATA[]]></system-err>
</testsuite>
