<?xml version="1.0" encoding="UTF-8"?>
<testsuite name="org.springframework.cache.ehcache.EhCacheSupportTests" tests="8" skipped="0" failures="0" errors="0" timestamp="2020-05-29T13:57:28" hostname="bamboo-18" time="1.015">
  <properties/>
  <testcase name="testEhCacheFactoryBeanWithExplicitCacheManager()" classname="org.springframework.cache.ehcache.EhCacheSupportTests" time="0.495"/>
  <testcase name="testEhCacheFactoryBeanWithDefaultCacheManager()" classname="org.springframework.cache.ehcache.EhCacheSupportTests" time="0.123"/>
  <testcase name="testBlankCacheManager()" classname="org.springframework.cache.ehcache.EhCacheSupportTests" time="0.051"/>
  <testcase name="testEhCacheFactoryBeanWithBlockingCache()" classname="org.springframework.cache.ehcache.EhCacheSupportTests" time="0.071"/>
  <testcase name="testAcceptExistingCacheManager()" classname="org.springframework.cache.ehcache.EhCacheSupportTests" time="0.06"/>
  <testcase name="testCacheManagerConflict()" classname="org.springframework.cache.ehcache.EhCacheSupportTests" time="0.044"/>
  <testcase name="testEhCacheFactoryBeanWithSelfPopulatingCache()" classname="org.springframework.cache.ehcache.EhCacheSupportTests" time="0.088"/>
  <testcase name="testEhCacheFactoryBeanWithUpdatingSelfPopulatingCache()" classname="org.springframework.cache.ehcache.EhCacheSupportTests" time="0.077"/>
  <system-out><![CDATA[]]></system-out>
  <system-err><![CDATA[]]></system-err>
</testsuite>
