<?xml version="1.0" encoding="UTF-8"?>
<testsuite name="org.springframework.web.servlet.tags.form.ButtonTagTests" tests="2" skipped="0" failures="0" errors="0" timestamp="2020-05-29T14:01:30" hostname="bamboo-18" time="0.014">
  <properties/>
  <testcase name="buttonTag()" classname="org.springframework.web.servlet.tags.form.ButtonTagTests" time="0.003"/>
  <testcase name="disabled()" classname="org.springframework.web.servlet.tags.form.ButtonTagTests" time="0.011"/>
  <system-out><![CDATA[]]></system-out>
  <system-err><![CDATA[]]></system-err>
</testsuite>
