<?xml version="1.0" encoding="UTF-8"?>
<testsuite name="org.springframework.web.context.support.WebApplicationObjectSupportTests" tests="2" skipped="0" failures="0" errors="0" timestamp="2021-06-20T08:13:57" hostname="gankangdembp" time="0.002">
  <properties/>
  <testcase name="testWebApplicationObjectSupportWithWrongContext()" classname="org.springframework.web.context.support.WebApplicationObjectSupportTests" time="0.001"/>
  <testcase name="testWebApplicationObjectSupport()" classname="org.springframework.web.context.support.WebApplicationObjectSupportTests" time="0.001"/>
  <system-out><![CDATA[]]></system-out>
  <system-err><![CDATA[]]></system-err>
</testsuite>
