<?xml version="1.0" encoding="UTF-8"?>
<testsuite name="org.springframework.web.servlet.handler.CorsAbstractHandlerMappingTests" tests="9" skipped="0" failures="0" errors="0" timestamp="2021-06-20T08:12:31" hostname="gankangdembp" time="2.42">
  <properties/>
  <testcase name="actualRequestWithCorsConfigurationProvider()" classname="org.springframework.web.servlet.handler.CorsAbstractHandlerMappingTests" time="2.405"/>
  <testcase name="preflightRequestWithMappedCorsConfiguration()" classname="org.springframework.web.servlet.handler.CorsAbstractHandlerMappingTests" time="0.002"/>
  <testcase name="actualRequestWithMappedCorsConfiguration()" classname="org.springframework.web.servlet.handler.CorsAbstractHandlerMappingTests" time="0.001"/>
  <testcase name="preflightRequestWithoutCorsConfigurationProvider()" classname="org.springframework.web.servlet.handler.CorsAbstractHandlerMappingTests" time="0.001"/>
  <testcase name="actualRequestWithoutCorsConfigurationProvider()" classname="org.springframework.web.servlet.handler.CorsAbstractHandlerMappingTests" time="0.001"/>
  <testcase name="preflightRequestWithCorsConfigurationSource()" classname="org.springframework.web.servlet.handler.CorsAbstractHandlerMappingTests" time="0.001"/>
  <testcase name="actualRequestWithCorsConfigurationSource()" classname="org.springframework.web.servlet.handler.CorsAbstractHandlerMappingTests" time="0.001"/>
  <testcase name="preflightRequestWithCorsConfigurationProvider()" classname="org.springframework.web.servlet.handler.CorsAbstractHandlerMappingTests" time="0.001"/>
  <testcase name="actualRequestWithCorsConfigurationProviderForHandlerChain()" classname="org.springframework.web.servlet.handler.CorsAbstractHandlerMappingTests" time="0.001"/>
  <system-out><![CDATA[]]></system-out>
  <system-err><![CDATA[]]></system-err>
</testsuite>
