<?xml version="1.0" encoding="UTF-8"?>
<testsuite name="org.springframework.web.servlet.handler.MappedInterceptorTests" tests="9" skipped="0" failures="0" errors="0" timestamp="2021-06-20T08:12:34" hostname="gankangdembp" time="1.87">
  <properties/>
  <testcase name="noPatterns()" classname="org.springframework.web.servlet.handler.MappedInterceptorTests" time="0.001"/>
  <testcase name="includePatternWithMatrixVariables()" classname="org.springframework.web.servlet.handler.MappedInterceptorTests" time="0.001"/>
  <testcase name="includePattern()" classname="org.springframework.web.servlet.handler.MappedInterceptorTests" time="0.001"/>
  <testcase name="customPathMatcher()" classname="org.springframework.web.servlet.handler.MappedInterceptorTests" time="0.001"/>
  <testcase name="afterCompletion()" classname="org.springframework.web.servlet.handler.MappedInterceptorTests" time="1.556"/>
  <testcase name="includeAndExcludePatterns()" classname="org.springframework.web.servlet.handler.MappedInterceptorTests" time="0.0"/>
  <testcase name="postHandle()" classname="org.springframework.web.servlet.handler.MappedInterceptorTests" time="0.301"/>
  <testcase name="excludePattern()" classname="org.springframework.web.servlet.handler.MappedInterceptorTests" time="0.001"/>
  <testcase name="preHandle()" classname="org.springframework.web.servlet.handler.MappedInterceptorTests" time="0.003"/>
  <system-out><![CDATA[]]></system-out>
  <system-err><![CDATA[]]></system-err>
</testsuite>
