<?xml version="1.0" encoding="UTF-8"?>
<testsuite name="org.springframework.web.servlet.mvc.method.annotation.RequestMappingHandlerAdapterIntegrationTests" tests="9" skipped="0" failures="0" errors="0" timestamp="2021-06-20T08:12:55" hostname="gankangdembp" time="0.421">
  <properties/>
  <testcase name="handleHttpEntityWithCacheControl()" classname="org.springframework.web.servlet.mvc.method.annotation.RequestMappingHandlerAdapterIntegrationTests" time="0.035"/>
  <testcase name="handle()" classname="org.springframework.web.servlet.mvc.method.annotation.RequestMappingHandlerAdapterIntegrationTests" time="0.132"/>
  <testcase name="handleInInterface()" classname="org.springframework.web.servlet.mvc.method.annotation.RequestMappingHandlerAdapterIntegrationTests" time="0.036"/>
  <testcase name="handleAndValidateRequestBody()" classname="org.springframework.web.servlet.mvc.method.annotation.RequestMappingHandlerAdapterIntegrationTests" time="0.027"/>
  <testcase name="handleAndValidateRequestPart()" classname="org.springframework.web.servlet.mvc.method.annotation.RequestMappingHandlerAdapterIntegrationTests" time="0.026"/>
  <testcase name="handleAndCompleteSession()" classname="org.springframework.web.servlet.mvc.method.annotation.RequestMappingHandlerAdapterIntegrationTests" time="0.059"/>
  <testcase name="handleRequestBody()" classname="org.springframework.web.servlet.mvc.method.annotation.RequestMappingHandlerAdapterIntegrationTests" time="0.032"/>
  <testcase name="handleRequestPart()" classname="org.springframework.web.servlet.mvc.method.annotation.RequestMappingHandlerAdapterIntegrationTests" time="0.036"/>
  <testcase name="handleHttpEntity()" classname="org.springframework.web.servlet.mvc.method.annotation.RequestMappingHandlerAdapterIntegrationTests" time="0.034"/>
  <system-out><![CDATA[]]></system-out>
  <system-err><![CDATA[]]></system-err>
</testsuite>
