<?xml version="1.0" encoding="UTF-8"?>
<testsuite name="org.springframework.web.servlet.function.RouterFunctionBuilderTests" tests="4" skipped="0" failures="0" errors="0" timestamp="2020-05-29T14:01:14" hostname="bamboo-18" time="0.099">
  <properties/>
  <testcase name="resources()" classname="org.springframework.web.servlet.function.RouterFunctionBuilderTests" time="0.064"/>
  <testcase name="filters()" classname="org.springframework.web.servlet.function.RouterFunctionBuilderTests" time="0.015"/>
  <testcase name="nest()" classname="org.springframework.web.servlet.function.RouterFunctionBuilderTests" time="0.011"/>
  <testcase name="route()" classname="org.springframework.web.servlet.function.RouterFunctionBuilderTests" time="0.004"/>
  <system-out><![CDATA[]]></system-out>
  <system-err><![CDATA[]]></system-err>
</testsuite>
