<?xml version="1.0" encoding="UTF-8"?>
<testsuite name="org.springframework.web.servlet.mvc.method.annotation.ViewNameMethodReturnValueHandlerTests" tests="5" skipped="0" failures="0" errors="0" timestamp="2021-06-20T08:12:53" hostname="gankangdembp" time="0.003">
  <properties/>
  <testcase name="returnViewCustomRedirect()" classname="org.springframework.web.servlet.mvc.method.annotation.ViewNameMethodReturnValueHandlerTests" time="0.001"/>
  <testcase name="returnViewRedirectWithCustomRedirectPattern()" classname="org.springframework.web.servlet.mvc.method.annotation.ViewNameMethodReturnValueHandlerTests" time="0.001"/>
  <testcase name="returnViewNameRedirect()" classname="org.springframework.web.servlet.mvc.method.annotation.ViewNameMethodReturnValueHandlerTests" time="0.0"/>
  <testcase name="returnViewName()" classname="org.springframework.web.servlet.mvc.method.annotation.ViewNameMethodReturnValueHandlerTests" time="0.0"/>
  <testcase name="supportsReturnType()" classname="org.springframework.web.servlet.mvc.method.annotation.ViewNameMethodReturnValueHandlerTests" time="0.0"/>
  <system-out><![CDATA[]]></system-out>
  <system-err><![CDATA[]]></system-err>
</testsuite>
