<?xml version="1.0" encoding="UTF-8"?>
<testsuite name="org.springframework.web.servlet.resource.CssLinkResourceTransformerTests" tests="6" skipped="0" failures="0" errors="0" timestamp="2020-05-29T14:01:36" hostname="bamboo-18" time="0.13">
  <properties/>
  <testcase name="transformSkippedForNonCssResource()" classname="org.springframework.web.servlet.resource.CssLinkResourceTransformerTests" time="0.001"/>
  <testcase name="transformEmptyUrlFunction()" classname="org.springframework.web.servlet.resource.CssLinkResourceTransformerTests" time="0.012"/>
  <testcase name="transformSkippedForGzippedResource(GzippedFiles)" classname="org.springframework.web.servlet.resource.CssLinkResourceTransformerTests" time="0.076"/>
  <testcase name="transformNoLinks()" classname="org.springframework.web.servlet.resource.CssLinkResourceTransformerTests" time="0.0"/>
  <testcase name="transformExtLinksNotAllowed()" classname="org.springframework.web.servlet.resource.CssLinkResourceTransformerTests" time="0.007"/>
  <testcase name="transform()" classname="org.springframework.web.servlet.resource.CssLinkResourceTransformerTests" time="0.027"/>
  <system-out><![CDATA[]]></system-out>
  <system-err><![CDATA[]]></system-err>
</testsuite>
