<?xml version="1.0" encoding="UTF-8"?>
<testsuite name="org.springframework.web.servlet.mvc.support.RedirectAttributesModelMapTests" tests="9" skipped="0" failures="0" errors="0" timestamp="2021-06-20T08:12:41" hostname="gankangdembp" time="0.31">
  <properties/>
  <testcase name="addAttributesMap()" classname="org.springframework.web.servlet.mvc.support.RedirectAttributesModelMapTests" time="0.278"/>
  <testcase name="addAllAttributesList()" classname="org.springframework.web.servlet.mvc.support.RedirectAttributesModelMapTests" time="0.003"/>
  <testcase name="putAll()" classname="org.springframework.web.servlet.mvc.support.RedirectAttributesModelMapTests" time="0.009"/>
  <testcase name="addAttributePrimitiveType()" classname="org.springframework.web.servlet.mvc.support.RedirectAttributesModelMapTests" time="0.005"/>
  <testcase name="mergeAttributes()" classname="org.springframework.web.servlet.mvc.support.RedirectAttributesModelMapTests" time="0.003"/>
  <testcase name="put()" classname="org.springframework.web.servlet.mvc.support.RedirectAttributesModelMapTests" time="0.002"/>
  <testcase name="addAttributeValue()" classname="org.springframework.web.servlet.mvc.support.RedirectAttributesModelMapTests" time="0.002"/>
  <testcase name="addAttributeCustomType()" classname="org.springframework.web.servlet.mvc.support.RedirectAttributesModelMapTests" time="0.003"/>
  <testcase name="addAttributeToString()" classname="org.springframework.web.servlet.mvc.support.RedirectAttributesModelMapTests" time="0.002"/>
  <system-out><![CDATA[]]></system-out>
  <system-err><![CDATA[]]></system-err>
</testsuite>
