<?xml version="1.0" encoding="UTF-8"?>
<testsuite name="org.springframework.web.servlet.tags.HtmlEscapeTagOutsideDispatcherServletTests" tests="7" skipped="0" failures="0" errors="0" timestamp="2020-05-29T14:01:30" hostname="bamboo-18" time="0.027">
  <properties/>
  <testcase name="htmlEscapeTag()" classname="org.springframework.web.servlet.tags.HtmlEscapeTagOutsideDispatcherServletTests" time="0.002"/>
  <testcase name="escapeBodyWithHtmlEscape()" classname="org.springframework.web.servlet.tags.HtmlEscapeTagOutsideDispatcherServletTests" time="0.002"/>
  <testcase name="escapeBody()" classname="org.springframework.web.servlet.tags.HtmlEscapeTagOutsideDispatcherServletTests" time="0.002"/>
  <testcase name="htmlEscapeTagWithContextParamFalse()" classname="org.springframework.web.servlet.tags.HtmlEscapeTagOutsideDispatcherServletTests" time="0.002"/>
  <testcase name="escapeBodyWithHtmlEscapeAndJavaScriptEscape()" classname="org.springframework.web.servlet.tags.HtmlEscapeTagOutsideDispatcherServletTests" time="0.013"/>
  <testcase name="htmlEscapeTagWithContextParamTrue()" classname="org.springframework.web.servlet.tags.HtmlEscapeTagOutsideDispatcherServletTests" time="0.002"/>
  <testcase name="escapeBodyWithJavaScriptEscape()" classname="org.springframework.web.servlet.tags.HtmlEscapeTagOutsideDispatcherServletTests" time="0.002"/>
  <system-out><![CDATA[]]></system-out>
  <system-err><![CDATA[]]></system-err>
</testsuite>
