<?xml version="1.0" encoding="UTF-8"?>
<testsuite name="org.springframework.web.servlet.FlashMapTests" tests="7" skipped="0" failures="0" errors="0" timestamp="2021-06-20T08:12:36" hostname="gankangdembp" time="0.217">
  <properties/>
  <testcase name="isExpired()" classname="org.springframework.web.servlet.FlashMapTests" time="0.109"/>
  <testcase name="compareTo()" classname="org.springframework.web.servlet.FlashMapTests" time="0.0"/>
  <testcase name="addTargetRequestParamNullValue()" classname="org.springframework.web.servlet.FlashMapTests" time="0.0"/>
  <testcase name="addTargetRequestParamsNullValue()" classname="org.springframework.web.servlet.FlashMapTests" time="0.001"/>
  <testcase name="addTargetRequestParamNullKey()" classname="org.springframework.web.servlet.FlashMapTests" time="0.001"/>
  <testcase name="addTargetRequestParamsNullKey()" classname="org.springframework.web.servlet.FlashMapTests" time="0.0"/>
  <testcase name="notExpired()" classname="org.springframework.web.servlet.FlashMapTests" time="0.102"/>
  <system-out><![CDATA[]]></system-out>
  <system-err><![CDATA[]]></system-err>
</testsuite>
