<?xml version="1.0" encoding="UTF-8"?>
<testsuite name="org.springframework.web.servlet.mvc.annotation.JdkProxyControllerTests" tests="3" skipped="0" failures="0" errors="0" timestamp="2021-06-20T08:12:40" hostname="gankangdembp" time="0.418">
  <properties/>
  <testcase name="methodLevel()" classname="org.springframework.web.servlet.mvc.annotation.JdkProxyControllerTests" time="0.211"/>
  <testcase name="typeLevel()" classname="org.springframework.web.servlet.mvc.annotation.JdkProxyControllerTests" time="0.116"/>
  <testcase name="typeAndMethodLevel()" classname="org.springframework.web.servlet.mvc.annotation.JdkProxyControllerTests" time="0.09"/>
  <system-out><![CDATA[]]></system-out>
  <system-err><![CDATA[]]></system-err>
</testsuite>
