<?xml version="1.0" encoding="UTF-8"?>
<testsuite name="org.springframework.web.servlet.tags.ArgumentTagTests" tests="5" skipped="0" failures="0" errors="0" timestamp="2020-05-29T14:01:30" hostname="bamboo-18" time="0.027">
  <properties/>
  <testcase name="argumentWithImplicitNullValue()" classname="org.springframework.web.servlet.tags.ArgumentTagTests" time="0.002"/>
  <testcase name="argumentWithExplicitNullValue()" classname="org.springframework.web.servlet.tags.ArgumentTagTests" time="0.013"/>
  <testcase name="argumentWithStringValue()" classname="org.springframework.web.servlet.tags.ArgumentTagTests" time="0.005"/>
  <testcase name="argumentWithValueThenReleaseThenBodyValue()" classname="org.springframework.web.servlet.tags.ArgumentTagTests" time="0.005"/>
  <testcase name="argumentWithBodyValue()" classname="org.springframework.web.servlet.tags.ArgumentTagTests" time="0.002"/>
  <system-out><![CDATA[]]></system-out>
  <system-err><![CDATA[]]></system-err>
</testsuite>
