<?xml version="1.0" encoding="UTF-8"?>
<testsuite name="org.springframework.web.servlet.FlashMapTests" tests="7" skipped="0" failures="0" errors="0" timestamp="2020-05-29T14:01:11" hostname="bamboo-18" time="0.205">
  <properties/>
  <testcase name="isExpired()" classname="org.springframework.web.servlet.FlashMapTests" time="0.102"/>
  <testcase name="compareTo()" classname="org.springframework.web.servlet.FlashMapTests" time="0.0"/>
  <testcase name="addTargetRequestParamNullValue()" classname="org.springframework.web.servlet.FlashMapTests" time="0.0"/>
  <testcase name="addTargetRequestParamsNullValue()" classname="org.springframework.web.servlet.FlashMapTests" time="0.001"/>
  <testcase name="addTargetRequestParamNullKey()" classname="org.springframework.web.servlet.FlashMapTests" time="0.0"/>
  <testcase name="addTargetRequestParamsNullKey()" classname="org.springframework.web.servlet.FlashMapTests" time="0.0"/>
  <testcase name="notExpired()" classname="org.springframework.web.servlet.FlashMapTests" time="0.1"/>
  <system-out><![CDATA[]]></system-out>
  <system-err><![CDATA[]]></system-err>
</testsuite>
