<?xml version="1.0" encoding="UTF-8"?>
<testsuite name="org.springframework.web.servlet.tags.form.OptionsTagTests" tests="7" skipped="0" failures="0" errors="0" timestamp="2020-05-29T14:01:32" hostname="bamboo-18" time="0.033">
  <properties/>
  <testcase name="withoutItems()" classname="org.springframework.web.servlet.tags.form.OptionsTagTests" time="0.003"/>
  <testcase name="withItemsNullReference()" classname="org.springframework.web.servlet.tags.form.OptionsTagTests" time="0.003"/>
  <testcase name="withCollection()" classname="org.springframework.web.servlet.tags.form.OptionsTagTests" time="0.002"/>
  <testcase name="withoutItemsEnumParent()" classname="org.springframework.web.servlet.tags.form.OptionsTagTests" time="0.005"/>
  <testcase name="withCollectionAndCustomEditor()" classname="org.springframework.web.servlet.tags.form.OptionsTagTests" time="0.003"/>
  <testcase name="withCollectionAndDynamicAttributes()" classname="org.springframework.web.servlet.tags.form.OptionsTagTests" time="0.002"/>
  <testcase name="withoutItemsEnumParentWithExplicitLabelsAndValues()" classname="org.springframework.web.servlet.tags.form.OptionsTagTests" time="0.003"/>
  <system-out><![CDATA[]]></system-out>
  <system-err><![CDATA[]]></system-err>
</testsuite>
