<?xml version="1.0" encoding="UTF-8"?>
<testsuite name="org.springframework.web.servlet.i18n.AcceptHeaderLocaleResolverTests" tests="8" skipped="0" failures="0" errors="0" timestamp="2021-06-20T08:13:57" hostname="gankangdembp" time="0.018">
  <properties/>
  <testcase name="resolvePreferredAgainstCountryIfPossible()" classname="org.springframework.web.servlet.i18n.AcceptHeaderLocaleResolverTests" time="0.0"/>
  <testcase name="resolvePreferredSupported()" classname="org.springframework.web.servlet.i18n.AcceptHeaderLocaleResolverTests" time="0.001"/>
  <testcase name="resolvePreferredNotSupported()" classname="org.springframework.web.servlet.i18n.AcceptHeaderLocaleResolverTests" time="0.0"/>
  <testcase name="resolvePreferredAgainstLanguageOnly()" classname="org.springframework.web.servlet.i18n.AcceptHeaderLocaleResolverTests" time="0.0"/>
  <testcase name="resolvePreferredNotSupportedWithDefault()" classname="org.springframework.web.servlet.i18n.AcceptHeaderLocaleResolverTests" time="0.015"/>
  <testcase name="defaultLocale()" classname="org.springframework.web.servlet.i18n.AcceptHeaderLocaleResolverTests" time="0.0"/>
  <testcase name="resolve()" classname="org.springframework.web.servlet.i18n.AcceptHeaderLocaleResolverTests" time="0.001"/>
  <testcase name="resolvePreferredAgainstLanguageWithMultipleSupportedLocales()" classname="org.springframework.web.servlet.i18n.AcceptHeaderLocaleResolverTests" time="0.0"/>
  <system-out><![CDATA[]]></system-out>
  <system-err><![CDATA[]]></system-err>
</testsuite>
