<?xml version="1.0" encoding="UTF-8"?>
<testsuite name="org.springframework.web.servlet.view.script.NashornScriptTemplateTests" tests="2" skipped="0" failures="0" errors="0" timestamp="2020-05-29T14:01:44" hostname="bamboo-18" time="0.639">
  <properties/>
  <testcase name="renderTemplateWithUrl()" classname="org.springframework.web.servlet.view.script.NashornScriptTemplateTests" time="0.575"/>
  <testcase name="renderTemplate()" classname="org.springframework.web.servlet.view.script.NashornScriptTemplateTests" time="0.064"/>
  <system-out><![CDATA[]]></system-out>
  <system-err><![CDATA[]]></system-err>
</testsuite>
