<?xml version="1.0" encoding="UTF-8"?>
<testsuite name="org.springframework.web.servlet.view.script.ScriptTemplateViewTests" tests="16" skipped="0" failures="0" errors="0" timestamp="2020-05-29T14:02:04" hostname="bamboo-18" time="0.265">
  <properties/>
  <testcase name="detectScriptTemplateConfigWithEngineName()" classname="org.springframework.web.servlet.view.script.ScriptTemplateViewTests" time="0.015"/>
  <testcase name="nonInvocableScriptEngineWithRenderFunction()" classname="org.springframework.web.servlet.view.script.ScriptTemplateViewTests" time="0.062"/>
  <testcase name="engineAndEngineNameBothDefined()" classname="org.springframework.web.servlet.view.script.ScriptTemplateViewTests" time="0.026"/>
  <testcase name="nonSharedEngine()" classname="org.springframework.web.servlet.view.script.ScriptTemplateViewTests" time="0.14"/>
  <testcase name="missingTemplate()" classname="org.springframework.web.servlet.view.script.ScriptTemplateViewTests" time="0.002"/>
  <testcase name="contentType()" classname="org.springframework.web.servlet.view.script.ScriptTemplateViewTests" time="0.002"/>
  <testcase name="engineSupplierWithNonSharedEngine()" classname="org.springframework.web.servlet.view.script.ScriptTemplateViewTests" time="0.001"/>
  <testcase name="engineNameAndEngineSupplierBothDefined()" classname="org.springframework.web.servlet.view.script.ScriptTemplateViewTests" time="0.0"/>
  <testcase name="missingScriptTemplateConfig()" classname="org.springframework.web.servlet.view.script.ScriptTemplateViewTests" time="0.001"/>
  <testcase name="engineSetterAndNonSharedEngine()" classname="org.springframework.web.servlet.view.script.ScriptTemplateViewTests" time="0.0"/>
  <testcase name="customEngineAndRenderFunction()" classname="org.springframework.web.servlet.view.script.ScriptTemplateViewTests" time="0.0"/>
  <testcase name="resourceLoaderPath()" classname="org.springframework.web.servlet.view.script.ScriptTemplateViewTests" time="0.002"/>
  <testcase name="engineSupplierWithSharedEngine()" classname="org.springframework.web.servlet.view.script.ScriptTemplateViewTests" time="0.0"/>
  <testcase name="engineAndEngineSupplierBothDefined()" classname="org.springframework.web.servlet.view.script.ScriptTemplateViewTests" time="0.001"/>
  <testcase name="nonInvocableScriptEngine()" classname="org.springframework.web.servlet.view.script.ScriptTemplateViewTests" time="0.008"/>
  <testcase name="detectScriptTemplateConfigWithEngine()" classname="org.springframework.web.servlet.view.script.ScriptTemplateViewTests" time="0.003"/>
  <system-out><![CDATA[]]></system-out>
  <system-err><![CDATA[]]></system-err>
</testsuite>
