<?xml version="1.0" encoding="UTF-8"?>
<testsuite name="org.springframework.web.servlet.mvc.method.annotation.RequestMappingHandlerAdapterIntegrationTests" tests="9" skipped="0" failures="0" errors="0" timestamp="2020-05-29T14:01:23" hostname="bamboo-18" time="0.265">
  <properties/>
  <testcase name="handleHttpEntityWithCacheControl()" classname="org.springframework.web.servlet.mvc.method.annotation.RequestMappingHandlerAdapterIntegrationTests" time="0.026"/>
  <testcase name="handle()" classname="org.springframework.web.servlet.mvc.method.annotation.RequestMappingHandlerAdapterIntegrationTests" time="0.065"/>
  <testcase name="handleInInterface()" classname="org.springframework.web.servlet.mvc.method.annotation.RequestMappingHandlerAdapterIntegrationTests" time="0.035"/>
  <testcase name="handleAndValidateRequestBody()" classname="org.springframework.web.servlet.mvc.method.annotation.RequestMappingHandlerAdapterIntegrationTests" time="0.031"/>
  <testcase name="handleAndValidateRequestPart()" classname="org.springframework.web.servlet.mvc.method.annotation.RequestMappingHandlerAdapterIntegrationTests" time="0.031"/>
  <testcase name="handleAndCompleteSession()" classname="org.springframework.web.servlet.mvc.method.annotation.RequestMappingHandlerAdapterIntegrationTests" time="0.016"/>
  <testcase name="handleRequestBody()" classname="org.springframework.web.servlet.mvc.method.annotation.RequestMappingHandlerAdapterIntegrationTests" time="0.03"/>
  <testcase name="handleRequestPart()" classname="org.springframework.web.servlet.mvc.method.annotation.RequestMappingHandlerAdapterIntegrationTests" time="0.014"/>
  <testcase name="handleHttpEntity()" classname="org.springframework.web.servlet.mvc.method.annotation.RequestMappingHandlerAdapterIntegrationTests" time="0.012"/>
  <system-out><![CDATA[]]></system-out>
  <system-err><![CDATA[]]></system-err>
</testsuite>
