<?xml version="1.0" encoding="UTF-8"?>
<testsuite name="org.springframework.web.servlet.view.script.ScriptTemplateViewTests" tests="16" skipped="0" failures="0" errors="0" timestamp="2021-06-20T08:13:36" hostname="gankangdembp" time="0.743">
  <properties/>
  <testcase name="detectScriptTemplateConfigWithEngineName()" classname="org.springframework.web.servlet.view.script.ScriptTemplateViewTests" time="0.651"/>
  <testcase name="nonInvocableScriptEngineWithRenderFunction()" classname="org.springframework.web.servlet.view.script.ScriptTemplateViewTests" time="0.025"/>
  <testcase name="engineAndEngineNameBothDefined()" classname="org.springframework.web.servlet.view.script.ScriptTemplateViewTests" time="0.022"/>
  <testcase name="nonSharedEngine()" classname="org.springframework.web.servlet.view.script.ScriptTemplateViewTests" time="0.022"/>
  <testcase name="missingTemplate()" classname="org.springframework.web.servlet.view.script.ScriptTemplateViewTests" time="0.002"/>
  <testcase name="contentType()" classname="org.springframework.web.servlet.view.script.ScriptTemplateViewTests" time="0.007"/>
  <testcase name="engineSupplierWithNonSharedEngine()" classname="org.springframework.web.servlet.view.script.ScriptTemplateViewTests" time="0.001"/>
  <testcase name="engineNameAndEngineSupplierBothDefined()" classname="org.springframework.web.servlet.view.script.ScriptTemplateViewTests" time="0.001"/>
  <testcase name="missingScriptTemplateConfig()" classname="org.springframework.web.servlet.view.script.ScriptTemplateViewTests" time="0.001"/>
  <testcase name="engineSetterAndNonSharedEngine()" classname="org.springframework.web.servlet.view.script.ScriptTemplateViewTests" time="0.001"/>
  <testcase name="customEngineAndRenderFunction()" classname="org.springframework.web.servlet.view.script.ScriptTemplateViewTests" time="0.001"/>
  <testcase name="resourceLoaderPath()" classname="org.springframework.web.servlet.view.script.ScriptTemplateViewTests" time="0.003"/>
  <testcase name="engineSupplierWithSharedEngine()" classname="org.springframework.web.servlet.view.script.ScriptTemplateViewTests" time="0.001"/>
  <testcase name="engineAndEngineSupplierBothDefined()" classname="org.springframework.web.servlet.view.script.ScriptTemplateViewTests" time="0.002"/>
  <testcase name="nonInvocableScriptEngine()" classname="org.springframework.web.servlet.view.script.ScriptTemplateViewTests" time="0.001"/>
  <testcase name="detectScriptTemplateConfigWithEngine()" classname="org.springframework.web.servlet.view.script.ScriptTemplateViewTests" time="0.001"/>
  <system-out><![CDATA[]]></system-out>
  <system-err><![CDATA[]]></system-err>
</testsuite>
