<?xml version="1.0" encoding="UTF-8"?>
<testsuite name="org.springframework.web.servlet.mvc.annotation.CglibProxyControllerTests" tests="3" skipped="0" failures="0" errors="0" timestamp="2021-06-20T08:12:37" hostname="gankangdembp" time="3.338">
  <properties/>
  <testcase name="methodLevel()" classname="org.springframework.web.servlet.mvc.annotation.CglibProxyControllerTests" time="3.035"/>
  <testcase name="typeLevel()" classname="org.springframework.web.servlet.mvc.annotation.CglibProxyControllerTests" time="0.155"/>
  <testcase name="typeAndMethodLevel()" classname="org.springframework.web.servlet.mvc.annotation.CglibProxyControllerTests" time="0.147"/>
  <system-out><![CDATA[]]></system-out>
  <system-err><![CDATA[]]></system-err>
</testsuite>
