<?xml version="1.0" encoding="UTF-8"?>
<testsuite name="org.springframework.web.servlet.mvc.annotation.JdkProxyControllerTests" tests="3" skipped="0" failures="0" errors="0" timestamp="2020-05-29T14:01:15" hostname="bamboo-18" time="0.205">
  <properties/>
  <testcase name="methodLevel()" classname="org.springframework.web.servlet.mvc.annotation.JdkProxyControllerTests" time="0.108"/>
  <testcase name="typeLevel()" classname="org.springframework.web.servlet.mvc.annotation.JdkProxyControllerTests" time="0.049"/>
  <testcase name="typeAndMethodLevel()" classname="org.springframework.web.servlet.mvc.annotation.JdkProxyControllerTests" time="0.047"/>
  <system-out><![CDATA[]]></system-out>
  <system-err><![CDATA[]]></system-err>
</testsuite>
