<?xml version="1.0" encoding="UTF-8"?>
<testsuite name="org.springframework.web.servlet.tags.form.RadioButtonTagTests" tests="10" skipped="0" failures="0" errors="0" timestamp="2020-05-29T14:01:31" hostname="bamboo-18" time="0.086">
  <properties/>
  <testcase name="collectionOfPets()" classname="org.springframework.web.servlet.tags.form.RadioButtonTagTests" time="0.003"/>
  <testcase name="withCheckedObjectValueAndEditor()" classname="org.springframework.web.servlet.tags.form.RadioButtonTagTests" time="0.029"/>
  <testcase name="withCheckedObjectValue()" classname="org.springframework.web.servlet.tags.form.RadioButtonTagTests" time="0.002"/>
  <testcase name="withUncheckedValue()" classname="org.springframework.web.servlet.tags.form.RadioButtonTagTests" time="0.002"/>
  <testcase name="dynamicTypeAttribute()" classname="org.springframework.web.servlet.tags.form.RadioButtonTagTests" time="0.002"/>
  <testcase name="collectionOfPetsNotSelected()" classname="org.springframework.web.servlet.tags.form.RadioButtonTagTests" time="0.014"/>
  <testcase name="withUncheckedObjectValue()" classname="org.springframework.web.servlet.tags.form.RadioButtonTagTests" time="0.002"/>
  <testcase name="withCheckedValueAndDynamicAttributes()" classname="org.springframework.web.servlet.tags.form.RadioButtonTagTests" time="0.012"/>
  <testcase name="collectionOfPetsWithEditor()" classname="org.springframework.web.servlet.tags.form.RadioButtonTagTests" time="0.014"/>
  <testcase name="withCheckedValue()" classname="org.springframework.web.servlet.tags.form.RadioButtonTagTests" time="0.002"/>
  <system-out><![CDATA[]]></system-out>
  <system-err><![CDATA[]]></system-err>
</testsuite>
