<?xml version="1.0" encoding="UTF-8"?>
<testsuite name="org.springframework.web.servlet.mvc.method.annotation.RequestResponseBodyMethodProcessorTests" tests="31" skipped="0" failures="0" errors="0" timestamp="2020-05-29T14:01:26" hostname="bamboo-18" time="0.481">
  <properties/>
  <testcase name="resolveArgumentTypeVariableWithNonGenericConverter()" classname="org.springframework.web.servlet.mvc.method.annotation.RequestResponseBodyMethodProcessorTests" time="0.063"/>
  <testcase name="jacksonJsonViewWithResponseBodyAndXmlMessageConverter()" classname="org.springframework.web.servlet.mvc.method.annotation.RequestResponseBodyMethodProcessorTests" time="0.138"/>
  <testcase name="jacksonJsonViewWithResponseBodyAndJsonMessageConverter()" classname="org.springframework.web.servlet.mvc.method.annotation.RequestResponseBodyMethodProcessorTests" time="0.002"/>
  <testcase name="handleReturnValueString()" classname="org.springframework.web.servlet.mvc.method.annotation.RequestResponseBodyMethodProcessorTests" time="0.001"/>
  <testcase name="jacksonSubType()" classname="org.springframework.web.servlet.mvc.method.annotation.RequestResponseBodyMethodProcessorTests" time="0.011"/>
  <testcase name="jacksonJsonViewWithResponseEntityAndXmlMessageConverter()" classname="org.springframework.web.servlet.mvc.method.annotation.RequestResponseBodyMethodProcessorTests" time="0.004"/>
  <testcase name="resolveHttpEntityArgumentWithJacksonJsonViewAndXmlMessageConverter()" classname="org.springframework.web.servlet.mvc.method.annotation.RequestResponseBodyMethodProcessorTests" time="0.067"/>
  <testcase name="jacksonJsonViewWithResponseEntityAndJsonMessageConverter()" classname="org.springframework.web.servlet.mvc.method.annotation.RequestResponseBodyMethodProcessorTests" time="0.01"/>
  <testcase name="resolveParameterizedWithTypeVariableArgument()" classname="org.springframework.web.servlet.mvc.method.annotation.RequestResponseBodyMethodProcessorTests" time="0.013"/>
  <testcase name="resolveArgumentWithJacksonJsonView()" classname="org.springframework.web.servlet.mvc.method.annotation.RequestResponseBodyMethodProcessorTests" time="0.006"/>
  <testcase name="handleReturnValueStringAcceptCharset()" classname="org.springframework.web.servlet.mvc.method.annotation.RequestResponseBodyMethodProcessorTests" time="0.001"/>
  <testcase name="resolveArgumentRequiredNoContent()" classname="org.springframework.web.servlet.mvc.method.annotation.RequestResponseBodyMethodProcessorTests" time="0.0"/>
  <testcase name="resolveArgumentWithJacksonJsonViewAndXmlMessageConverter()" classname="org.springframework.web.servlet.mvc.method.annotation.RequestResponseBodyMethodProcessorTests" time="0.007"/>
  <testcase name="resolveArgumentTypeVariable()" classname="org.springframework.web.servlet.mvc.method.annotation.RequestResponseBodyMethodProcessorTests" time="0.01"/>
  <testcase name="resolveArgumentClassString()" classname="org.springframework.web.servlet.mvc.method.annotation.RequestResponseBodyMethodProcessorTests" time="0.005"/>
  <testcase name="resolveHttpEntityArgumentWithJacksonJsonView()" classname="org.springframework.web.servlet.mvc.method.annotation.RequestResponseBodyMethodProcessorTests" time="0.003"/>
  <testcase name="jacksonTypeInfoList()" classname="org.springframework.web.servlet.mvc.method.annotation.RequestResponseBodyMethodProcessorTests" time="0.03"/>
  <testcase name="supportsReturnTypeRestController()" classname="org.springframework.web.servlet.mvc.method.annotation.RequestResponseBodyMethodProcessorTests" time="0.001"/>
  <testcase name="handleReturnValueCharSequence()" classname="org.springframework.web.servlet.mvc.method.annotation.RequestResponseBodyMethodProcessorTests" time="0.0"/>
  <testcase name="resolveArgumentTypeVariableWithGenericInterface()" classname="org.springframework.web.servlet.mvc.method.annotation.RequestResponseBodyMethodProcessorTests" time="0.002"/>
  <testcase name="resolveArgumentRequiredNoContentDefaultValue()" classname="org.springframework.web.servlet.mvc.method.annotation.RequestResponseBodyMethodProcessorTests" time="0.005"/>
  <testcase name="resolveArgumentTypeVariableWithGenericInterfaceAndSubclass()" classname="org.springframework.web.servlet.mvc.method.annotation.RequestResponseBodyMethodProcessorTests" time="0.005"/>
  <testcase name="supportsReturnTypeResponseBodyOnType()" classname="org.springframework.web.servlet.mvc.method.annotation.RequestResponseBodyMethodProcessorTests" time="0.0"/>
  <testcase name="addContentDispositionHeader()" classname="org.springframework.web.servlet.mvc.method.annotation.RequestResponseBodyMethodProcessorTests" time="0.007"/>
  <testcase name="resolveArgumentParameterizedType()" classname="org.springframework.web.servlet.mvc.method.annotation.RequestResponseBodyMethodProcessorTests" time="0.029"/>
  <testcase name="handleReturnValueSortByQuality()" classname="org.springframework.web.servlet.mvc.method.annotation.RequestResponseBodyMethodProcessorTests" time="0.008"/>
  <testcase name="handleReturnValueImage()" classname="org.springframework.web.servlet.mvc.method.annotation.RequestResponseBodyMethodProcessorTests" time="0.002"/>
  <testcase name="handleReturnValueWithInvalidReturnType()" classname="org.springframework.web.servlet.mvc.method.annotation.RequestResponseBodyMethodProcessorTests" time="0.0"/>
  <testcase name="jacksonSubTypeList()" classname="org.springframework.web.servlet.mvc.method.annotation.RequestResponseBodyMethodProcessorTests" time="0.016"/>
  <testcase name="resolveArgumentRawTypeFromParameterizedType()" classname="org.springframework.web.servlet.mvc.method.annotation.RequestResponseBodyMethodProcessorTests" time="0.021"/>
  <testcase name="resolveArgumentClassJson()" classname="org.springframework.web.servlet.mvc.method.annotation.RequestResponseBodyMethodProcessorTests" time="0.005"/>
  <system-out><![CDATA[]]></system-out>
  <system-err><![CDATA[]]></system-err>
</testsuite>
