<?xml version="1.0" encoding="UTF-8"?>
<testsuite name="org.springframework.web.servlet.mvc.method.annotation.HttpEntityMethodProcessorTests" tests="7" skipped="0" failures="0" errors="0" timestamp="2020-05-29T14:01:27" hostname="bamboo-18" time="0.035">
  <properties/>
  <testcase name="resolveArgumentWithEmptyBody()" classname="org.springframework.web.servlet.mvc.method.annotation.HttpEntityMethodProcessorTests" time="0.006"/>
  <testcase name="handleReturnValueWithETagAndETagFilter()" classname="org.springframework.web.servlet.mvc.method.annotation.HttpEntityMethodProcessorTests" time="0.004"/>
  <testcase name="resolveArgumentTypeVariable()" classname="org.springframework.web.servlet.mvc.method.annotation.HttpEntityMethodProcessorTests" time="0.013"/>
  <testcase name="resolveArgument()" classname="org.springframework.web.servlet.mvc.method.annotation.HttpEntityMethodProcessorTests" time="0.003"/>
  <testcase name="jacksonTypeInfoList()" classname="org.springframework.web.servlet.mvc.method.annotation.HttpEntityMethodProcessorTests" time="0.004"/>
  <testcase name="resolveGenericArgument()" classname="org.springframework.web.servlet.mvc.method.annotation.HttpEntityMethodProcessorTests" time="0.004"/>
  <testcase name="handleReturnValueCharSequence()" classname="org.springframework.web.servlet.mvc.method.annotation.HttpEntityMethodProcessorTests" time="0.001"/>
  <system-out><![CDATA[]]></system-out>
  <system-err><![CDATA[]]></system-err>
</testsuite>
