<?xml version="1.0" encoding="UTF-8"?>
<testsuite name="org.springframework.web.servlet.config.annotation.CorsRegistryTests" tests="3" skipped="0" failures="0" errors="0" timestamp="2020-05-29T14:01:00" hostname="bamboo-18" time="0.003">
  <properties/>
  <testcase name="customizedMapping()" classname="org.springframework.web.servlet.config.annotation.CorsRegistryTests" time="0.002"/>
  <testcase name="noMapping()" classname="org.springframework.web.servlet.config.annotation.CorsRegistryTests" time="0.0"/>
  <testcase name="multipleMappings()" classname="org.springframework.web.servlet.config.annotation.CorsRegistryTests" time="0.0"/>
  <system-out><![CDATA[]]></system-out>
  <system-err><![CDATA[]]></system-err>
</testsuite>
