<?xml version="1.0" encoding="UTF-8"?>
<testsuite name="org.springframework.web.servlet.mvc.method.annotation.SseEmitterTests" tests="7" skipped="0" failures="0" errors="0" timestamp="2021-06-20T08:13:03" hostname="gankangdembp" time="0.012">
  <properties/>
  <testcase name="sendEventWithDataLine()" classname="org.springframework.web.servlet.mvc.method.annotation.SseEmitterTests" time="0.007"/>
  <testcase name="sendEventFullWithTwoDataLinesInTheMiddle()" classname="org.springframework.web.servlet.mvc.method.annotation.SseEmitterTests" time="0.0"/>
  <testcase name="sendEventEmpty()" classname="org.springframework.web.servlet.mvc.method.annotation.SseEmitterTests" time="0.001"/>
  <testcase name="sendWithMediaType()" classname="org.springframework.web.servlet.mvc.method.annotation.SseEmitterTests" time="0.0"/>
  <testcase name="send()" classname="org.springframework.web.servlet.mvc.method.annotation.SseEmitterTests" time="0.001"/>
  <testcase name="sendEventFull()" classname="org.springframework.web.servlet.mvc.method.annotation.SseEmitterTests" time="0.001"/>
  <testcase name="sendEventWithTwoDataLines()" classname="org.springframework.web.servlet.mvc.method.annotation.SseEmitterTests" time="0.001"/>
  <system-out><![CDATA[]]></system-out>
  <system-err><![CDATA[]]></system-err>
</testsuite>
