<?xml version="1.0" encoding="UTF-8"?>
<testsuite name="org.springframework.web.servlet.handler.SimpleUrlHandlerMappingTests" tests="4" skipped="0" failures="0" errors="0" timestamp="2020-05-29T14:01:32" hostname="bamboo-18" time="0.012">
  <properties/>
  <testcase name="urlMappingWithProps()" classname="org.springframework.web.servlet.handler.SimpleUrlHandlerMappingTests" time="0.005"/>
  <testcase name="testNewlineInRequest()" classname="org.springframework.web.servlet.handler.SimpleUrlHandlerMappingTests" time="0.0"/>
  <testcase name="urlMappingWithUrlMap()" classname="org.springframework.web.servlet.handler.SimpleUrlHandlerMappingTests" time="0.002"/>
  <testcase name="handlerBeanNotFound()" classname="org.springframework.web.servlet.handler.SimpleUrlHandlerMappingTests" time="0.004"/>
  <system-out><![CDATA[]]></system-out>
  <system-err><![CDATA[]]></system-err>
</testsuite>
