<?xml version="1.0" encoding="UTF-8"?>
<testsuite name="org.springframework.web.servlet.handler.BeanNameUrlHandlerMappingTests" tests="7" skipped="0" failures="0" errors="0" timestamp="2020-05-29T14:01:32" hostname="bamboo-18" time="0.013">
  <properties/>
  <testcase name="requestsWithoutHandlers()" classname="org.springframework.web.servlet.handler.BeanNameUrlHandlerMappingTests" time="0.002"/>
  <testcase name="requestsWithSubPathsInParentContext()" classname="org.springframework.web.servlet.handler.BeanNameUrlHandlerMappingTests" time="0.002"/>
  <testcase name="asteriskMatches()" classname="org.springframework.web.servlet.handler.BeanNameUrlHandlerMappingTests" time="0.002"/>
  <testcase name="doubleMappings()" classname="org.springframework.web.servlet.handler.BeanNameUrlHandlerMappingTests" time="0.002"/>
  <testcase name="requestsWithSubPaths()" classname="org.springframework.web.servlet.handler.BeanNameUrlHandlerMappingTests" time="0.002"/>
  <testcase name="requestsWithFullPaths()" classname="org.springframework.web.servlet.handler.BeanNameUrlHandlerMappingTests" time="0.001"/>
  <testcase name="overlappingMappings()" classname="org.springframework.web.servlet.handler.BeanNameUrlHandlerMappingTests" time="0.002"/>
  <system-out><![CDATA[]]></system-out>
  <system-err><![CDATA[]]></system-err>
</testsuite>
