<?xml version="1.0" encoding="UTF-8"?>
<testsuite name="org.springframework.web.servlet.mvc.method.annotation.ServletAnnotationControllerHandlerMethodKotlinTests" tests="3" skipped="0" failures="0" errors="0" timestamp="2021-06-20T08:13:58" hostname="gankangdembp" time="0.083">
  <properties/>
  <testcase name="dataClassBindingWithOptionalParameterAndOnlyMissingParameters()" classname="org.springframework.web.servlet.mvc.method.annotation.ServletAnnotationControllerHandlerMethodKotlinTests" time="0.037"/>
  <testcase name="dataClassBinding()" classname="org.springframework.web.servlet.mvc.method.annotation.ServletAnnotationControllerHandlerMethodKotlinTests" time="0.026"/>
  <testcase name="dataClassBindingWithOptionalParameterAndAllParameters()" classname="org.springframework.web.servlet.mvc.method.annotation.ServletAnnotationControllerHandlerMethodKotlinTests" time="0.02"/>
  <system-out><![CDATA[]]></system-out>
  <system-err><![CDATA[]]></system-err>
</testsuite>
