<?xml version="1.0" encoding="UTF-8"?>
<testsuite name="org.springframework.web.servlet.mvc.method.annotation.HttpEntityMethodProcessorTests" tests="7" skipped="0" failures="0" errors="0" timestamp="2021-06-20T08:12:53" hostname="gankangdembp" time="0.579">
  <properties/>
  <testcase name="resolveArgumentWithEmptyBody()" classname="org.springframework.web.servlet.mvc.method.annotation.HttpEntityMethodProcessorTests" time="0.395"/>
  <testcase name="handleReturnValueWithETagAndETagFilter()" classname="org.springframework.web.servlet.mvc.method.annotation.HttpEntityMethodProcessorTests" time="0.012"/>
  <testcase name="resolveArgumentTypeVariable()" classname="org.springframework.web.servlet.mvc.method.annotation.HttpEntityMethodProcessorTests" time="0.031"/>
  <testcase name="resolveArgument()" classname="org.springframework.web.servlet.mvc.method.annotation.HttpEntityMethodProcessorTests" time="0.006"/>
  <testcase name="jacksonTypeInfoList()" classname="org.springframework.web.servlet.mvc.method.annotation.HttpEntityMethodProcessorTests" time="0.107"/>
  <testcase name="resolveGenericArgument()" classname="org.springframework.web.servlet.mvc.method.annotation.HttpEntityMethodProcessorTests" time="0.022"/>
  <testcase name="handleReturnValueCharSequence()" classname="org.springframework.web.servlet.mvc.method.annotation.HttpEntityMethodProcessorTests" time="0.001"/>
  <system-out><![CDATA[]]></system-out>
  <system-err><![CDATA[]]></system-err>
</testsuite>
