<?xml version="1.0" encoding="UTF-8"?>
<testsuite name="org.springframework.web.servlet.resource.WebJarsResourceResolverTests" tests="7" skipped="0" failures="0" errors="0" timestamp="2021-06-20T08:13:54" hostname="gankangdembp" time="1.627">
  <properties/>
  <testcase name="resolveResourceWebJar()" classname="org.springframework.web.servlet.resource.WebJarsResourceResolverTests" time="0.18"/>
  <testcase name="resolveUrlExistingNotInJarFile()" classname="org.springframework.web.servlet.resource.WebJarsResourceResolverTests" time="0.161"/>
  <testcase name="resolveUrlWebJarResource()" classname="org.springframework.web.servlet.resource.WebJarsResourceResolverTests" time="0.182"/>
  <testcase name="resolveResourceNotFound()" classname="org.springframework.web.servlet.resource.WebJarsResourceResolverTests" time="0.196"/>
  <testcase name="resolveUrlExisting()" classname="org.springframework.web.servlet.resource.WebJarsResourceResolverTests" time="0.213"/>
  <testcase name="resolveUrlWebJarResourceNotFound()" classname="org.springframework.web.servlet.resource.WebJarsResourceResolverTests" time="0.494"/>
  <testcase name="resolveResourceExisting()" classname="org.springframework.web.servlet.resource.WebJarsResourceResolverTests" time="0.198"/>
  <system-out><![CDATA[]]></system-out>
  <system-err><![CDATA[]]></system-err>
</testsuite>
