<?xml version="1.0" encoding="UTF-8"?>
<testsuite name="org.springframework.web.servlet.mvc.method.annotation.MvcUriComponentsBuilderTests" tests="40" skipped="0" failures="0" errors="0" timestamp="2020-05-29T14:01:27" hostname="bamboo-18" time="0.757">
  <properties/>
  <testcase name="fromMethodCallWithPathVariable()" classname="org.springframework.web.servlet.mvc.method.annotation.MvcUriComponentsBuilderTests" time="0.012"/>
  <testcase name="fromMethodNameWithOptionalParam()" classname="org.springframework.web.servlet.mvc.method.annotation.MvcUriComponentsBuilderTests" time="0.001"/>
  <testcase name="fromControllerNotMapped()" classname="org.springframework.web.servlet.mvc.method.annotation.MvcUriComponentsBuilderTests" time="0.0"/>
  <testcase name="fromControllerWithPrefix()" classname="org.springframework.web.servlet.mvc.method.annotation.MvcUriComponentsBuilderTests" time="0.103"/>
  <testcase name="fromMethodNameTypeLevelPathVariable()" classname="org.springframework.web.servlet.mvc.method.annotation.MvcUriComponentsBuilderTests" time="0.006"/>
  <testcase name="fromControllerSubResource()" classname="org.springframework.web.servlet.mvc.method.annotation.MvcUriComponentsBuilderTests" time="0.008"/>
  <testcase name="fromMethodCallWithObjectReturnType()" classname="org.springframework.web.servlet.mvc.method.annotation.MvcUriComponentsBuilderTests" time="0.009"/>
  <testcase name="usesFirstHostOfXForwardedHost()" classname="org.springframework.web.servlet.mvc.method.annotation.MvcUriComponentsBuilderTests" time="0.0"/>
  <testcase name="fromMethodNameWithCustomBaseUrlViaStaticCall()" classname="org.springframework.web.servlet.mvc.method.annotation.MvcUriComponentsBuilderTests" time="0.001"/>
  <testcase name="fromMethodNamePathVariable()" classname="org.springframework.web.servlet.mvc.method.annotation.MvcUriComponentsBuilderTests" time="0.0"/>
  <testcase name="fromMappingNameWithPathWithoutLeadingSlash()" classname="org.springframework.web.servlet.mvc.method.annotation.MvcUriComponentsBuilderTests" time="0.13"/>
  <testcase name="fromMappingNamePlain()" classname="org.springframework.web.servlet.mvc.method.annotation.MvcUriComponentsBuilderTests" time="0.108"/>
  <testcase name="fromControllerUriTemplate()" classname="org.springframework.web.servlet.mvc.method.annotation.MvcUriComponentsBuilderTests" time="0.0"/>
  <testcase name="fromMappingNameWithEncoding()" classname="org.springframework.web.servlet.mvc.method.annotation.MvcUriComponentsBuilderTests" time="0.038"/>
  <testcase name="fromMethodNameTypeLevelPathVariableWithoutArgumentValue()" classname="org.springframework.web.servlet.mvc.method.annotation.MvcUriComponentsBuilderTests" time="0.0"/>
  <testcase name="fromMethodCallWithModelAndViewReturnType()" classname="org.springframework.web.servlet.mvc.method.annotation.MvcUriComponentsBuilderTests" time="0.025"/>
  <testcase name="fromMethodCallOnSubclass()" classname="org.springframework.web.servlet.mvc.method.annotation.MvcUriComponentsBuilderTests" time="0.029"/>
  <testcase name="fromControllerWithCustomBaseUrlViaStaticCall()" classname="org.springframework.web.servlet.mvc.method.annotation.MvcUriComponentsBuilderTests" time="0.0"/>
  <testcase name="fromMethodNameWithCustomBaseUrlViaInstance()" classname="org.springframework.web.servlet.mvc.method.annotation.MvcUriComponentsBuilderTests" time="0.009"/>
  <testcase name="fromMethodCallWithStringReturnType()" classname="org.springframework.web.servlet.mvc.method.annotation.MvcUriComponentsBuilderTests" time="0.007"/>
  <testcase name="fromMethodNameWithStringReturnType()" classname="org.springframework.web.servlet.mvc.method.annotation.MvcUriComponentsBuilderTests" time="0.0"/>
  <testcase name="fromMethodCallWithPathVariableAndRequestParams()" classname="org.springframework.web.servlet.mvc.method.annotation.MvcUriComponentsBuilderTests" time="0.001"/>
  <testcase name="fromMethodCallPlain()" classname="org.springframework.web.servlet.mvc.method.annotation.MvcUriComponentsBuilderTests" time="0.0"/>
  <testcase name="fromMethodCallWithPathVariableAndMultiValueRequestParams()" classname="org.springframework.web.servlet.mvc.method.annotation.MvcUriComponentsBuilderTests" time="0.0"/>
  <testcase name="fromMethodCallWithCustomBaseUrlViaStaticCall()" classname="org.springframework.web.servlet.mvc.method.annotation.MvcUriComponentsBuilderTests" time="0.019"/>
  <testcase name="fromMappingNameWithCustomBaseUrl()" classname="org.springframework.web.servlet.mvc.method.annotation.MvcUriComponentsBuilderTests" time="0.145"/>
  <testcase name="fromControllerWithCustomBaseUrlViaInstance()" classname="org.springframework.web.servlet.mvc.method.annotation.MvcUriComponentsBuilderTests" time="0.001"/>
  <testcase name="usesForwardedHostAndPortFromHeader()" classname="org.springframework.web.servlet.mvc.method.annotation.MvcUriComponentsBuilderTests" time="0.0"/>
  <testcase name="fromMethodNameTwoPathVariables()" classname="org.springframework.web.servlet.mvc.method.annotation.MvcUriComponentsBuilderTests" time="0.002"/>
  <testcase name="fromControllerTwoTypeLevelMappings()" classname="org.springframework.web.servlet.mvc.method.annotation.MvcUriComponentsBuilderTests" time="0.0"/>
  <testcase name="usesForwardedHostAsHostIfHeaderIsSet()" classname="org.springframework.web.servlet.mvc.method.annotation.MvcUriComponentsBuilderTests" time="0.001"/>
  <testcase name="fromControllerPlain()" classname="org.springframework.web.servlet.mvc.method.annotation.MvcUriComponentsBuilderTests" time="0.0"/>
  <testcase name="fromMethodCallWithCustomBaseUrlViaInstance()" classname="org.springframework.web.servlet.mvc.method.annotation.MvcUriComponentsBuilderTests" time="0.0"/>
  <testcase name="fromMethodNameWithPathVarAndRequestParam()" classname="org.springframework.web.servlet.mvc.method.annotation.MvcUriComponentsBuilderTests" time="0.001"/>
  <testcase name="fromMethodNameWithBridgedMethod()" classname="org.springframework.web.servlet.mvc.method.annotation.MvcUriComponentsBuilderTests" time="0.0"/>
  <testcase name="fromMethodNameNotMapped()" classname="org.springframework.web.servlet.mvc.method.annotation.MvcUriComponentsBuilderTests" time="0.0"/>
  <testcase name="fromMethodCallWithTypeLevelUriVars()" classname="org.springframework.web.servlet.mvc.method.annotation.MvcUriComponentsBuilderTests" time="0.003"/>
  <testcase name="fromMethodWithPrefix()" classname="org.springframework.web.servlet.mvc.method.annotation.MvcUriComponentsBuilderTests" time="0.083"/>
  <testcase name="fromMethodNameWithMetaAnnotation()" classname="org.springframework.web.servlet.mvc.method.annotation.MvcUriComponentsBuilderTests" time="0.001"/>
  <testcase name="fromMethodNameWithOptionalNamedParam()" classname="org.springframework.web.servlet.mvc.method.annotation.MvcUriComponentsBuilderTests" time="0.003"/>
  <system-out><![CDATA[]]></system-out>
  <system-err><![CDATA[]]></system-err>
</testsuite>
