<?xml version="1.0" encoding="UTF-8"?>
<testsuite name="org.springframework.web.servlet.config.MvcNamespaceTests" tests="22" skipped="0" failures="0" errors="0" timestamp="2021-06-20T08:13:17" hostname="gankangdembp" time="4.591">
  <properties/>
  <testcase name="testDefaultConfig()" classname="org.springframework.web.servlet.config.MvcNamespaceTests" time="0.517"/>
  <testcase name="testCorsMinimal()" classname="org.springframework.web.servlet.config.MvcNamespaceTests" time="0.262"/>
  <testcase name="testCustomConversionService()" classname="org.springframework.web.servlet.config.MvcNamespaceTests" time="0.317"/>
  <testcase name="testViewControllers()" classname="org.springframework.web.servlet.config.MvcNamespaceTests" time="0.251"/>
  <testcase name="testResources()" classname="org.springframework.web.servlet.config.MvcNamespaceTests" time="0.232"/>
  <testcase name="testCors()" classname="org.springframework.web.servlet.config.MvcNamespaceTests" time="0.289"/>
  <testcase name="testResourcesWithResolversTransformersCustom()" classname="org.springframework.web.servlet.config.MvcNamespaceTests" time="0.064"/>
  <testcase name="testResourcesWithResolversTransformers()" classname="org.springframework.web.servlet.config.MvcNamespaceTests" time="0.494"/>
  <testcase name="testResourcesWithOptionalAttributes()" classname="org.springframework.web.servlet.config.MvcNamespaceTests" time="0.036"/>
  <testcase name="testDefaultServletHandlerWithOptionalAttributes()" classname="org.springframework.web.servlet.config.MvcNamespaceTests" time="0.036"/>
  <testcase name="testInterceptors()" classname="org.springframework.web.servlet.config.MvcNamespaceTests" time="0.328"/>
  <testcase name="testViewResolution()" classname="org.springframework.web.servlet.config.MvcNamespaceTests" time="0.149"/>
  <testcase name="testViewResolutionWithOrderSet()" classname="org.springframework.web.servlet.config.MvcNamespaceTests" time="0.033"/>
  <testcase name="testViewResolutionWithContentNegotiation()" classname="org.springframework.web.servlet.config.MvcNamespaceTests" time="0.07"/>
  <testcase name="testDefaultServletHandler()" classname="org.springframework.web.servlet.config.MvcNamespaceTests" time="0.044"/>
  <testcase name="testPathMatchingHandlerMappings()" classname="org.springframework.web.servlet.config.MvcNamespaceTests" time="0.412"/>
  <testcase name="testViewControllersDefaultConfig()" classname="org.springframework.web.servlet.config.MvcNamespaceTests" time="0.077"/>
  <testcase name="testCustomValidator()" classname="org.springframework.web.servlet.config.MvcNamespaceTests" time="0.229"/>
  <testcase name="testViewControllersOnWebSphere()" classname="org.springframework.web.servlet.config.MvcNamespaceTests" time="0.198"/>
  <testcase name="testContentNegotiationManager()" classname="org.springframework.web.servlet.config.MvcNamespaceTests" time="0.224"/>
  <testcase name="testBeanDecoration()" classname="org.springframework.web.servlet.config.MvcNamespaceTests" time="0.172"/>
  <testcase name="testAsyncSupportOptions()" classname="org.springframework.web.servlet.config.MvcNamespaceTests" time="0.153"/>
  <system-out><![CDATA[16:13:21.908 [Test worker] WARN  o.s.w.s.v.ContentNegotiatingViewResolver - No ViewResolvers configured
16:13:21.909 [Test worker] WARN  o.s.w.s.v.ContentNegotiatingViewResolver - No ViewResolvers configured
]]></system-out>
  <system-err><![CDATA[]]></system-err>
</testsuite>
