<?xml version="1.0" encoding="UTF-8"?>
<testsuite name="org.springframework.web.servlet.function.ServerResponseExtensionsTests" tests="1" skipped="0" failures="0" errors="0" timestamp="2021-06-20T08:13:58" hostname="gankangdembp" time="1.657">
  <properties/>
  <testcase name="bodyWithType()" classname="org.springframework.web.servlet.function.ServerResponseExtensionsTests" time="1.657"/>
  <system-out><![CDATA[]]></system-out>
  <system-err><![CDATA[]]></system-err>
</testsuite>
