<?xml version="1.0" encoding="UTF-8"?>
<testsuite name="org.springframework.web.servlet.handler.HandlerMethodMappingTests" tests="9" skipped="0" failures="0" errors="0" timestamp="2021-06-20T08:12:23" hostname="gankangdembp" time="5.641">
  <properties/>
  <testcase name="directMatch()" classname="org.springframework.web.servlet.handler.HandlerMethodMappingTests" time="5.127"/>
  <testcase name="getCorsConfigWithBeanNameHandler()" classname="org.springframework.web.servlet.handler.HandlerMethodMappingTests" time="0.342"/>
  <testcase name="detectHandlerMethodsInAncestorContexts()" classname="org.springframework.web.servlet.handler.HandlerMethodMappingTests" time="0.072"/>
  <testcase name="patternMatch()" classname="org.springframework.web.servlet.handler.HandlerMethodMappingTests" time="0.016"/>
  <testcase name="unregisterMapping()" classname="org.springframework.web.servlet.handler.HandlerMethodMappingTests" time="0.031"/>
  <testcase name="registerMappingWithSameMethodAndTwoHandlerInstances()" classname="org.springframework.web.servlet.handler.HandlerMethodMappingTests" time="0.018"/>
  <testcase name="registerDuplicates()" classname="org.springframework.web.servlet.handler.HandlerMethodMappingTests" time="0.011"/>
  <testcase name="registerMapping()" classname="org.springframework.web.servlet.handler.HandlerMethodMappingTests" time="0.002"/>
  <testcase name="ambiguousMatch()" classname="org.springframework.web.servlet.handler.HandlerMethodMappingTests" time="0.002"/>
  <system-out><![CDATA[]]></system-out>
  <system-err><![CDATA[]]></system-err>
</testsuite>
