<?xml version="1.0" encoding="UTF-8"?>
<testsuite name="org.springframework.web.servlet.function.RouterFunctionBuilderTests" tests="4" skipped="0" failures="0" errors="0" timestamp="2021-06-20T08:13:26" hostname="gankangdembp" time="0.024">
  <properties/>
  <testcase name="resources()" classname="org.springframework.web.servlet.function.RouterFunctionBuilderTests" time="0.005"/>
  <testcase name="filters()" classname="org.springframework.web.servlet.function.RouterFunctionBuilderTests" time="0.009"/>
  <testcase name="nest()" classname="org.springframework.web.servlet.function.RouterFunctionBuilderTests" time="0.005"/>
  <testcase name="route()" classname="org.springframework.web.servlet.function.RouterFunctionBuilderTests" time="0.005"/>
  <system-out><![CDATA[]]></system-out>
  <system-err><![CDATA[]]></system-err>
</testsuite>
