<?xml version="1.0" encoding="UTF-8"?>
<testsuite name="org.springframework.web.servlet.config.annotation.ViewResolutionIntegrationTests" tests="7" skipped="0" failures="0" errors="0" timestamp="2021-06-20T08:13:10" hostname="gankangdembp" time="6.868">
  <properties/>
  <testcase name="existingViewResolver()" classname="org.springframework.web.servlet.config.annotation.ViewResolutionIntegrationTests" time="1.542"/>
  <testcase name="freemarkerInvalidConfig()" classname="org.springframework.web.servlet.config.annotation.ViewResolutionIntegrationTests" time="0.175"/>
  <testcase name="freemarker()" classname="org.springframework.web.servlet.config.annotation.ViewResolutionIntegrationTests" time="0.225"/>
  <testcase name="tiles()" classname="org.springframework.web.servlet.config.annotation.ViewResolutionIntegrationTests" time="0.555"/>
  <testcase name="groovyMarkup()" classname="org.springframework.web.servlet.config.annotation.ViewResolutionIntegrationTests" time="4.106"/>
  <testcase name="tilesInvalidConfig()" classname="org.springframework.web.servlet.config.annotation.ViewResolutionIntegrationTests" time="0.132"/>
  <testcase name="groovyMarkupInvalidConfig()" classname="org.springframework.web.servlet.config.annotation.ViewResolutionIntegrationTests" time="0.132"/>
  <system-out><![CDATA[]]></system-out>
  <system-err><![CDATA[]]></system-err>
</testsuite>
