<?xml version="1.0" encoding="UTF-8"?>
<testsuite name="org.springframework.web.servlet.resource.ResourceUrlProviderJavaConfigTests" tests="3" skipped="0" failures="0" errors="0" timestamp="2020-05-29T14:01:36" hostname="bamboo-18" time="1.588">
  <properties/>
  <testcase name="resolvePathWithServletMappedByPrefix()" classname="org.springframework.web.servlet.resource.ResourceUrlProviderJavaConfigTests" time="0.611"/>
  <testcase name="resolvePathNoMatch()" classname="org.springframework.web.servlet.resource.ResourceUrlProviderJavaConfigTests" time="0.537"/>
  <testcase name="resolvePathWithServletMappedAsRoot()" classname="org.springframework.web.servlet.resource.ResourceUrlProviderJavaConfigTests" time="0.439"/>
  <system-out><![CDATA[]]></system-out>
  <system-err><![CDATA[]]></system-err>
</testsuite>
