<?xml version="1.0" encoding="UTF-8"?>
<testsuite name="org.springframework.web.servlet.resource.ResourceHttpRequestHandlerTests" tests="38" skipped="0" failures="0" errors="0" timestamp="2021-06-20T08:13:57" hostname="gankangdembp" time="0.084">
  <properties/>
  <testcase name="partialContentWithHttpHead()" classname="org.springframework.web.servlet.resource.ResourceHttpRequestHandlerTests" time="0.002"/>
  <testcase name="getResourceNoCache()" classname="org.springframework.web.servlet.resource.ResourceHttpRequestHandlerTests" time="0.001"/>
  <testcase name="getResourceFromAlternatePath()" classname="org.springframework.web.servlet.resource.ResourceHttpRequestHandlerTests" time="0.002"/>
  <testcase name="missingResourcePath()" classname="org.springframework.web.servlet.resource.ResourceHttpRequestHandlerTests" time="0.0"/>
  <testcase name="ignoreInvalidEscapeSequence()" classname="org.springframework.web.servlet.resource.ResourceHttpRequestHandlerTests" time="0.002"/>
  <testcase name="partialContentMultipleByteRanges()" classname="org.springframework.web.servlet.resource.ResourceHttpRequestHandlerTests" time="0.004"/>
  <testcase name="getResourceWithMediaTypeResolvedThroughServletContext()" classname="org.springframework.web.servlet.resource.ResourceHttpRequestHandlerTests" time="0.002"/>
  <testcase name="testInvalidPath()" classname="org.springframework.web.servlet.resource.ResourceHttpRequestHandlerTests" time="0.004"/>
  <testcase name="partialContentByteRange()" classname="org.springframework.web.servlet.resource.ResourceHttpRequestHandlerTests" time="0.001"/>
  <testcase name="getResourceFromSubDirectoryOfAlternatePath()" classname="org.springframework.web.servlet.resource.ResourceHttpRequestHandlerTests" time="0.002"/>
  <testcase name="getResourceHttpOptions()" classname="org.springframework.web.servlet.resource.ResourceHttpRequestHandlerTests" time="0.0"/>
  <testcase name="directory()" classname="org.springframework.web.servlet.resource.ResourceHttpRequestHandlerTests" time="0.0"/>
  <testcase name="modified()" classname="org.springframework.web.servlet.resource.ResourceHttpRequestHandlerTests" time="0.001"/>
  <testcase name="partialContentByteRangeNoEnd()" classname="org.springframework.web.servlet.resource.ResourceHttpRequestHandlerTests" time="0.002"/>
  <testcase name="resourceNotFound()" classname="org.springframework.web.servlet.resource.ResourceHttpRequestHandlerTests" time="0.006"/>
  <testcase name="unsupportedHttpMethod()" classname="org.springframework.web.servlet.resource.ResourceHttpRequestHandlerTests" time="0.001"/>
  <testcase name="notModified()" classname="org.springframework.web.servlet.resource.ResourceHttpRequestHandlerTests" time="0.001"/>
  <testcase name="processPath()" classname="org.springframework.web.servlet.resource.ResourceHttpRequestHandlerTests" time="0.0"/>
  <testcase name="partialContentSuffixRange()" classname="org.springframework.web.servlet.resource.ResourceHttpRequestHandlerTests" time="0.001"/>
  <testcase name="doOverwriteExistingCacheControlHeaders()" classname="org.springframework.web.servlet.resource.ResourceHttpRequestHandlerTests" time="0.001"/>
  <testcase name="getResourceWithHtmlMediaType()" classname="org.springframework.web.servlet.resource.ResourceHttpRequestHandlerTests" time="0.002"/>
  <testcase name="partialContentInvalidRangeHeader()" classname="org.springframework.web.servlet.resource.ResourceHttpRequestHandlerTests" time="0.001"/>
  <testcase name="directoryInJarFile()" classname="org.springframework.web.servlet.resource.ResourceHttpRequestHandlerTests" time="0.002"/>
  <testcase name="initAllowedLocationsWithExplicitConfiguration()" classname="org.springframework.web.servlet.resource.ResourceHttpRequestHandlerTests" time="0.001"/>
  <testcase name="resolvePathWithTraversal()" classname="org.springframework.web.servlet.resource.ResourceHttpRequestHandlerTests" time="0.019"/>
  <testcase name="getMediaTypeWithFavorPathExtensionOff()" classname="org.springframework.web.servlet.resource.ResourceHttpRequestHandlerTests" time="0.001"/>
  <testcase name="getResourceHttp10BehaviorNoCache()" classname="org.springframework.web.servlet.resource.ResourceHttpRequestHandlerTests" time="0.002"/>
  <testcase name="partialContentSuffixRangeLargeSuffix()" classname="org.springframework.web.servlet.resource.ResourceHttpRequestHandlerTests" time="0.001"/>
  <testcase name="noPathWithinHandlerMappingAttribute()" classname="org.springframework.web.servlet.resource.ResourceHttpRequestHandlerTests" time="0.001"/>
  <testcase name="partialContentByteRangeLargeEnd()" classname="org.springframework.web.servlet.resource.ResourceHttpRequestHandlerTests" time="0.002"/>
  <testcase name="getResourceFromSubDirectory()" classname="org.springframework.web.servlet.resource.ResourceHttpRequestHandlerTests" time="0.001"/>
  <testcase name="getVersionedResource()" classname="org.springframework.web.servlet.resource.ResourceHttpRequestHandlerTests" time="0.002"/>
  <testcase name="initAllowedLocations()" classname="org.springframework.web.servlet.resource.ResourceHttpRequestHandlerTests" time="0.0"/>
  <testcase name="getResource()" classname="org.springframework.web.servlet.resource.ResourceHttpRequestHandlerTests" time="0.002"/>
  <testcase name="getResourceWithRegisteredMediaType()" classname="org.springframework.web.servlet.resource.ResourceHttpRequestHandlerTests" time="0.002"/>
  <testcase name="getResourceHttp10BehaviorCache()" classname="org.springframework.web.servlet.resource.ResourceHttpRequestHandlerTests" time="0.002"/>
  <testcase name="partialContentByteRangeWithEncodedResource(GzippedFiles)" classname="org.springframework.web.servlet.resource.ResourceHttpRequestHandlerTests" time="0.002"/>
  <testcase name="getResourceHttpHeader()" classname="org.springframework.web.servlet.resource.ResourceHttpRequestHandlerTests" time="0.001"/>
  <system-out><![CDATA[16:13:57.122 [Test worker] WARN  o.s.w.s.r.ResourceHttpRequestHandler - Path contains "../" after call to StringUtils#cleanPath: [../testsecret/secret.txt]
16:13:57.122 [Test worker] WARN  o.s.w.s.r.ResourceHttpRequestHandler - Path contains "../" after call to StringUtils#cleanPath: [test/../../testsecret/secret.txt]
16:13:57.122 [Test worker] WARN  o.s.w.s.r.ResourceHttpRequestHandler - Path contains "../" after call to StringUtils#cleanPath: [:/../../testsecret/secret.txt]
16:13:57.122 [Test worker] WARN  o.s.w.s.r.ResourceHttpRequestHandler - Path represents URL or has "url:" prefix: [file:/Users/gankang/spring-framework-learn/spring-webmvc/build/resources/test/org/springframework/web/servlet/resource/testsecret/secret.txt]
16:13:57.123 [Test worker] WARN  o.s.w.s.r.ResourceHttpRequestHandler - Path represents URL or has "url:" prefix: [/file:/Users/gankang/spring-framework-learn/spring-webmvc/build/resources/test/org/springframework/web/servlet/resource/testsecret/secret.txt]
16:13:57.123 [Test worker] WARN  o.s.w.s.r.ResourceHttpRequestHandler - Path represents URL or has "url:" prefix: [url:/Users/gankang/spring-framework-learn/spring-webmvc/build/resources/test/org/springframework/web/servlet/resource/testsecret/secret.txt]
16:13:57.123 [Test worker] WARN  o.s.w.s.r.ResourceHttpRequestHandler - Path represents URL or has "url:" prefix: [/url:/Users/gankang/spring-framework-learn/spring-webmvc/build/resources/test/org/springframework/web/servlet/resource/testsecret/secret.txt]
16:13:57.123 [Test worker] WARN  o.s.w.s.r.ResourceHttpRequestHandler - Path contains "../" after call to StringUtils#cleanPath: [/../../Users/gankang/spring-framework-learn/spring-webmvc/build/resources/test/org/springframework/web/servlet/resource/testsecret/secret.txt]
16:13:57.123 [Test worker] WARN  o.s.w.s.r.ResourceHttpRequestHandler - Path contains "../" after call to StringUtils#cleanPath: [/../testsecret/secret.txt]
16:13:57.123 [Test worker] WARN  o.s.w.s.r.ResourceHttpRequestHandler - Path contains "../" after call to StringUtils#cleanPath: [/../testsecret/secret.txt]
16:13:57.124 [Test worker] WARN  o.s.w.s.r.ResourceHttpRequestHandler - Path contains "../" after call to StringUtils#cleanPath: [/../../Users/gankang/spring-framework-learn/spring-webmvc/build/resources/test/org/springframework/web/servlet/resource/testsecret/secret.txt]
16:13:57.150 [Test worker] WARN  o.s.w.s.r.ResourceHttpRequestHandler - Path contains "../" after call to StringUtils#cleanPath: [../testsecret/secret.txt]
16:13:57.150 [Test worker] WARN  o.s.w.s.r.ResourceHttpRequestHandler - Path contains "../" after call to StringUtils#cleanPath: [test/../../testsecret/secret.txt]
16:13:57.151 [Test worker] WARN  o.s.w.s.r.ResourceHttpRequestHandler - Path contains "../" after call to StringUtils#cleanPath: [:/../../testsecret/secret.txt]
16:13:57.151 [Test worker] WARN  o.s.w.s.r.ResourceHttpRequestHandler - Path represents URL or has "url:" prefix: [file:/Users/gankang/spring-framework-learn/spring-webmvc/build/resources/test/org/springframework/web/servlet/resource/testsecret/secret.txt]
16:13:57.151 [Test worker] WARN  o.s.w.s.r.ResourceHttpRequestHandler - Path represents URL or has "url:" prefix: [/file:/Users/gankang/spring-framework-learn/spring-webmvc/build/resources/test/org/springframework/web/servlet/resource/testsecret/secret.txt]
16:13:57.152 [Test worker] WARN  o.s.w.s.r.ResourceHttpRequestHandler - Path represents URL or has "url:" prefix: [url:/Users/gankang/spring-framework-learn/spring-webmvc/build/resources/test/org/springframework/web/servlet/resource/testsecret/secret.txt]
16:13:57.152 [Test worker] WARN  o.s.w.s.r.ResourceHttpRequestHandler - Path represents URL or has "url:" prefix: [/url:/Users/gankang/spring-framework-learn/spring-webmvc/build/resources/test/org/springframework/web/servlet/resource/testsecret/secret.txt]
16:13:57.152 [Test worker] WARN  o.s.w.s.r.ResourceHttpRequestHandler - Path contains "../" after call to StringUtils#cleanPath: [/../../Users/gankang/spring-framework-learn/spring-webmvc/build/resources/test/org/springframework/web/servlet/resource/testsecret/secret.txt]
16:13:57.152 [Test worker] WARN  o.s.w.s.r.ResourceHttpRequestHandler - Path contains "../" after call to StringUtils#cleanPath: [/../testsecret/secret.txt]
16:13:57.153 [Test worker] WARN  o.s.w.s.r.ResourceHttpRequestHandler - Path contains "../" after call to StringUtils#cleanPath: [/../testsecret/secret.txt]
16:13:57.153 [Test worker] WARN  o.s.w.s.r.ResourceHttpRequestHandler - Path contains "../" after call to StringUtils#cleanPath: [../testsecret/secret.txt]
16:13:57.153 [Test worker] WARN  o.s.w.s.r.ResourceHttpRequestHandler - Path contains "../" after call to StringUtils#cleanPath: [test/../../testsecret/secret.txt]
16:13:57.153 [Test worker] WARN  o.s.w.s.r.ResourceHttpRequestHandler - Path contains "../" after call to StringUtils#cleanPath: [:/../../testsecret/secret.txt]
16:13:57.153 [Test worker] WARN  o.s.w.s.r.ResourceHttpRequestHandler - Path represents URL or has "url:" prefix: [file:/Users/gankang/spring-framework-learn/spring-webmvc/build/resources/test/org/springframework/web/servlet/resource/testsecret/secret.txt]
16:13:57.154 [Test worker] WARN  o.s.w.s.r.ResourceHttpRequestHandler - Path represents URL or has "url:" prefix: [/file:/Users/gankang/spring-framework-learn/spring-webmvc/build/resources/test/org/springframework/web/servlet/resource/testsecret/secret.txt]
16:13:57.154 [Test worker] WARN  o.s.w.s.r.ResourceHttpRequestHandler - Path represents URL or has "url:" prefix: [url:/Users/gankang/spring-framework-learn/spring-webmvc/build/resources/test/org/springframework/web/servlet/resource/testsecret/secret.txt]
16:13:57.154 [Test worker] WARN  o.s.w.s.r.ResourceHttpRequestHandler - Path represents URL or has "url:" prefix: [/url:/Users/gankang/spring-framework-learn/spring-webmvc/build/resources/test/org/springframework/web/servlet/resource/testsecret/secret.txt]
16:13:57.154 [Test worker] WARN  o.s.w.s.r.ResourceHttpRequestHandler - Path contains "../" after call to StringUtils#cleanPath: [/../../Users/gankang/spring-framework-learn/spring-webmvc/build/resources/test/org/springframework/web/servlet/resource/testsecret/secret.txt]
16:13:57.154 [Test worker] WARN  o.s.w.s.r.ResourceHttpRequestHandler - Path contains "../" after call to StringUtils#cleanPath: [/../testsecret/secret.txt]
16:13:57.154 [Test worker] WARN  o.s.w.s.r.ResourceHttpRequestHandler - Path contains "../" after call to StringUtils#cleanPath: [/../testsecret/secret.txt]
16:13:57.155 [Test worker] WARN  o.s.w.s.r.ResourceHttpRequestHandler - Path contains "../" after call to StringUtils#cleanPath: [../testsecret/secret.txt]
16:13:57.155 [Test worker] WARN  o.s.w.s.r.ResourceHttpRequestHandler - Path contains "../" after call to StringUtils#cleanPath: [test/../../testsecret/secret.txt]
16:13:57.155 [Test worker] WARN  o.s.w.s.r.ResourceHttpRequestHandler - Path contains "../" after call to StringUtils#cleanPath: [:/../../testsecret/secret.txt]
16:13:57.155 [Test worker] WARN  o.s.w.s.r.ResourceHttpRequestHandler - Path represents URL or has "url:" prefix: [file:/Users/gankang/spring-framework-learn/spring-webmvc/build/resources/test/org/springframework/web/servlet/resource/testsecret/secret.txt]
16:13:57.155 [Test worker] WARN  o.s.w.s.r.ResourceHttpRequestHandler - Path represents URL or has "url:" prefix: [/file:/Users/gankang/spring-framework-learn/spring-webmvc/build/resources/test/org/springframework/web/servlet/resource/testsecret/secret.txt]
16:13:57.155 [Test worker] WARN  o.s.w.s.r.ResourceHttpRequestHandler - Path represents URL or has "url:" prefix: [url:/Users/gankang/spring-framework-learn/spring-webmvc/build/resources/test/org/springframework/web/servlet/resource/testsecret/secret.txt]
16:13:57.155 [Test worker] WARN  o.s.w.s.r.ResourceHttpRequestHandler - Path represents URL or has "url:" prefix: [/url:/Users/gankang/spring-framework-learn/spring-webmvc/build/resources/test/org/springframework/web/servlet/resource/testsecret/secret.txt]
16:13:57.156 [Test worker] WARN  o.s.w.s.r.ResourceHttpRequestHandler - Path contains "../" after call to StringUtils#cleanPath: [/../../Users/gankang/spring-framework-learn/spring-webmvc/build/resources/test/org/springframework/web/servlet/resource/testsecret/secret.txt]
16:13:57.156 [Test worker] WARN  o.s.w.s.r.ResourceHttpRequestHandler - Path contains "../" after call to StringUtils#cleanPath: [/../testsecret/secret.txt]
16:13:57.156 [Test worker] WARN  o.s.w.s.r.ResourceHttpRequestHandler - Path contains "../" after call to StringUtils#cleanPath: [/../testsecret/secret.txt]
16:13:57.156 [Test worker] WARN  o.s.w.s.r.ResourceHttpRequestHandler - Path contains "../" after call to StringUtils#cleanPath: [../testsecret/secret.txt]
16:13:57.156 [Test worker] WARN  o.s.w.s.r.ResourceHttpRequestHandler - Path contains "../" after call to StringUtils#cleanPath: [test/../../testsecret/secret.txt]
16:13:57.156 [Test worker] WARN  o.s.w.s.r.ResourceHttpRequestHandler - Path contains "../" after call to StringUtils#cleanPath: [:/../../testsecret/secret.txt]
16:13:57.157 [Test worker] WARN  o.s.w.s.r.ResourceHttpRequestHandler - Path represents URL or has "url:" prefix: [file:/Users/gankang/spring-framework-learn/spring-webmvc/build/resources/test/org/springframework/web/servlet/resource/testsecret/secret.txt]
16:13:57.157 [Test worker] WARN  o.s.w.s.r.ResourceHttpRequestHandler - Path represents URL or has "url:" prefix: [/file:/Users/gankang/spring-framework-learn/spring-webmvc/build/resources/test/org/springframework/web/servlet/resource/testsecret/secret.txt]
16:13:57.157 [Test worker] WARN  o.s.w.s.r.ResourceHttpRequestHandler - Path represents URL or has "url:" prefix: [url:/Users/gankang/spring-framework-learn/spring-webmvc/build/resources/test/org/springframework/web/servlet/resource/testsecret/secret.txt]
16:13:57.157 [Test worker] WARN  o.s.w.s.r.ResourceHttpRequestHandler - Path represents URL or has "url:" prefix: [/url:/Users/gankang/spring-framework-learn/spring-webmvc/build/resources/test/org/springframework/web/servlet/resource/testsecret/secret.txt]
16:13:57.158 [Test worker] WARN  o.s.w.s.r.ResourceHttpRequestHandler - Path contains "../" after call to StringUtils#cleanPath: [/../../Users/gankang/spring-framework-learn/spring-webmvc/build/resources/test/org/springframework/web/servlet/resource/testsecret/secret.txt]
16:13:57.158 [Test worker] WARN  o.s.w.s.r.ResourceHttpRequestHandler - Path contains "../" after call to StringUtils#cleanPath: [/../testsecret/secret.txt]
16:13:57.158 [Test worker] WARN  o.s.w.s.r.ResourceHttpRequestHandler - Path contains "../" after call to StringUtils#cleanPath: [/../testsecret/secret.txt]
16:13:57.159 [Test worker] WARN  o.s.w.s.r.ResourceHttpRequestHandler - Path contains "../" after call to StringUtils#cleanPath: [../testsecret/secret.txt]
16:13:57.159 [Test worker] WARN  o.s.w.s.r.ResourceHttpRequestHandler - Path contains "../" after call to StringUtils#cleanPath: [test/../../testsecret/secret.txt]
16:13:57.159 [Test worker] WARN  o.s.w.s.r.ResourceHttpRequestHandler - Path contains "../" after call to StringUtils#cleanPath: [:/../../testsecret/secret.txt]
16:13:57.159 [Test worker] WARN  o.s.w.s.r.ResourceHttpRequestHandler - Path represents URL or has "url:" prefix: [file:/Users/gankang/spring-framework-learn/spring-webmvc/build/resources/test/org/springframework/web/servlet/resource/testsecret/secret.txt]
16:13:57.159 [Test worker] WARN  o.s.w.s.r.ResourceHttpRequestHandler - Path represents URL or has "url:" prefix: [/file:/Users/gankang/spring-framework-learn/spring-webmvc/build/resources/test/org/springframework/web/servlet/resource/testsecret/secret.txt]
16:13:57.159 [Test worker] WARN  o.s.w.s.r.ResourceHttpRequestHandler - Path represents URL or has "url:" prefix: [url:/Users/gankang/spring-framework-learn/spring-webmvc/build/resources/test/org/springframework/web/servlet/resource/testsecret/secret.txt]
16:13:57.160 [Test worker] WARN  o.s.w.s.r.ResourceHttpRequestHandler - Path represents URL or has "url:" prefix: [/url:/Users/gankang/spring-framework-learn/spring-webmvc/build/resources/test/org/springframework/web/servlet/resource/testsecret/secret.txt]
16:13:57.160 [Test worker] WARN  o.s.w.s.r.ResourceHttpRequestHandler - Path contains "../" after call to StringUtils#cleanPath: [/../../Users/gankang/spring-framework-learn/spring-webmvc/build/resources/test/org/springframework/web/servlet/resource/testsecret/secret.txt]
16:13:57.160 [Test worker] WARN  o.s.w.s.r.ResourceHttpRequestHandler - Path contains "../" after call to StringUtils#cleanPath: [/../testsecret/secret.txt]
16:13:57.160 [Test worker] WARN  o.s.w.s.r.ResourceHttpRequestHandler - Path contains "../" after call to StringUtils#cleanPath: [/../testsecret/secret.txt]
16:13:57.160 [Test worker] WARN  o.s.w.s.r.ResourceHttpRequestHandler - Path contains "../" after call to StringUtils#cleanPath: [../testsecret/secret.txt]
16:13:57.160 [Test worker] WARN  o.s.w.s.r.ResourceHttpRequestHandler - Path contains "../" after call to StringUtils#cleanPath: [test/../../testsecret/secret.txt]
16:13:57.161 [Test worker] WARN  o.s.w.s.r.ResourceHttpRequestHandler - Path contains "../" after call to StringUtils#cleanPath: [:/../../testsecret/secret.txt]
16:13:57.161 [Test worker] WARN  o.s.w.s.r.ResourceHttpRequestHandler - Path represents URL or has "url:" prefix: [file:/Users/gankang/spring-framework-learn/spring-webmvc/build/resources/test/org/springframework/web/servlet/resource/testsecret/secret.txt]
16:13:57.161 [Test worker] WARN  o.s.w.s.r.ResourceHttpRequestHandler - Path represents URL or has "url:" prefix: [/file:/Users/gankang/spring-framework-learn/spring-webmvc/build/resources/test/org/springframework/web/servlet/resource/testsecret/secret.txt]
16:13:57.161 [Test worker] WARN  o.s.w.s.r.ResourceHttpRequestHandler - Path represents URL or has "url:" prefix: [url:/Users/gankang/spring-framework-learn/spring-webmvc/build/resources/test/org/springframework/web/servlet/resource/testsecret/secret.txt]
16:13:57.161 [Test worker] WARN  o.s.w.s.r.ResourceHttpRequestHandler - Path represents URL or has "url:" prefix: [/url:/Users/gankang/spring-framework-learn/spring-webmvc/build/resources/test/org/springframework/web/servlet/resource/testsecret/secret.txt]
16:13:57.163 [Test worker] WARN  o.s.w.s.r.ResourceHttpRequestHandler - Path contains "../" after call to StringUtils#cleanPath: [/../../Users/gankang/spring-framework-learn/spring-webmvc/build/resources/test/org/springframework/web/servlet/resource/testsecret/secret.txt]
16:13:57.163 [Test worker] WARN  o.s.w.s.r.ResourceHttpRequestHandler - Path contains "../" after call to StringUtils#cleanPath: [/../testsecret/secret.txt]
16:13:57.163 [Test worker] WARN  o.s.w.s.r.ResourceHttpRequestHandler - Path contains "../" after call to StringUtils#cleanPath: [/../testsecret/secret.txt]
16:13:57.164 [Test worker] WARN  o.s.w.s.r.ResourceHttpRequestHandler - Path contains "../" after call to StringUtils#cleanPath: [../testsecret/secret.txt]
16:13:57.164 [Test worker] WARN  o.s.w.s.r.ResourceHttpRequestHandler - Path contains "../" after call to StringUtils#cleanPath: [test/../../testsecret/secret.txt]
16:13:57.164 [Test worker] WARN  o.s.w.s.r.ResourceHttpRequestHandler - Path contains "../" after call to StringUtils#cleanPath: [:/../../testsecret/secret.txt]
16:13:57.165 [Test worker] WARN  o.s.w.s.r.ResourceHttpRequestHandler - Path represents URL or has "url:" prefix: [file:/Users/gankang/spring-framework-learn/spring-webmvc/build/resources/test/org/springframework/web/servlet/resource/testsecret/secret.txt]
16:13:57.165 [Test worker] WARN  o.s.w.s.r.ResourceHttpRequestHandler - Path represents URL or has "url:" prefix: [/file:/Users/gankang/spring-framework-learn/spring-webmvc/build/resources/test/org/springframework/web/servlet/resource/testsecret/secret.txt]
16:13:57.165 [Test worker] WARN  o.s.w.s.r.ResourceHttpRequestHandler - Path represents URL or has "url:" prefix: [url:/Users/gankang/spring-framework-learn/spring-webmvc/build/resources/test/org/springframework/web/servlet/resource/testsecret/secret.txt]
16:13:57.165 [Test worker] WARN  o.s.w.s.r.ResourceHttpRequestHandler - Path represents URL or has "url:" prefix: [/url:/Users/gankang/spring-framework-learn/spring-webmvc/build/resources/test/org/springframework/web/servlet/resource/testsecret/secret.txt]
16:13:57.166 [Test worker] WARN  o.s.w.s.r.ResourceHttpRequestHandler - Path contains "../" after call to StringUtils#cleanPath: [/../../Users/gankang/spring-framework-learn/spring-webmvc/build/resources/test/org/springframework/web/servlet/resource/testsecret/secret.txt]
16:13:57.166 [Test worker] WARN  o.s.w.s.r.ResourceHttpRequestHandler - Path contains "../" after call to StringUtils#cleanPath: [/../testsecret/secret.txt]
16:13:57.166 [Test worker] WARN  o.s.w.s.r.ResourceHttpRequestHandler - Path contains "../" after call to StringUtils#cleanPath: [/../testsecret/secret.txt]
16:13:57.166 [Test worker] WARN  o.s.w.s.r.ResourceHttpRequestHandler - Path contains "../" after call to StringUtils#cleanPath: [../testsecret/secret.txt]
16:13:57.167 [Test worker] WARN  o.s.w.s.r.ResourceHttpRequestHandler - Path contains "../" after call to StringUtils#cleanPath: [test/../../testsecret/secret.txt]
16:13:57.167 [Test worker] WARN  o.s.w.s.r.ResourceHttpRequestHandler - Path contains "../" after call to StringUtils#cleanPath: [:/../../testsecret/secret.txt]
16:13:57.167 [Test worker] WARN  o.s.w.s.r.ResourceHttpRequestHandler - Path represents URL or has "url:" prefix: [file:/Users/gankang/spring-framework-learn/spring-webmvc/build/resources/test/org/springframework/web/servlet/resource/testsecret/secret.txt]
16:13:57.168 [Test worker] WARN  o.s.w.s.r.ResourceHttpRequestHandler - Path represents URL or has "url:" prefix: [/file:/Users/gankang/spring-framework-learn/spring-webmvc/build/resources/test/org/springframework/web/servlet/resource/testsecret/secret.txt]
16:13:57.168 [Test worker] WARN  o.s.w.s.r.ResourceHttpRequestHandler - Path represents URL or has "url:" prefix: [url:/Users/gankang/spring-framework-learn/spring-webmvc/build/resources/test/org/springframework/web/servlet/resource/testsecret/secret.txt]
16:13:57.168 [Test worker] WARN  o.s.w.s.r.ResourceHttpRequestHandler - Path represents URL or has "url:" prefix: [/url:/Users/gankang/spring-framework-learn/spring-webmvc/build/resources/test/org/springframework/web/servlet/resource/testsecret/secret.txt]
16:13:57.168 [Test worker] WARN  o.s.w.s.r.ResourceHttpRequestHandler - Path contains "../" after call to StringUtils#cleanPath: [/../../Users/gankang/spring-framework-learn/spring-webmvc/build/resources/test/org/springframework/web/servlet/resource/testsecret/secret.txt]
16:13:57.168 [Test worker] WARN  o.s.w.s.r.ResourceHttpRequestHandler - Path contains "../" after call to StringUtils#cleanPath: [/../testsecret/secret.txt]
16:13:57.169 [Test worker] WARN  o.s.w.s.r.ResourceHttpRequestHandler - Path contains "../" after call to StringUtils#cleanPath: [/../testsecret/secret.txt]
]]></system-out>
  <system-err><![CDATA[]]></system-err>
</testsuite>
