<?xml version="1.0" encoding="UTF-8"?>
<testsuite name="org.springframework.web.servlet.function.ToStringVisitorTests" tests="2" skipped="0" failures="0" errors="0" timestamp="2021-06-20T08:13:26" hostname="gankangdembp" time="0.051">
  <properties/>
  <testcase name="nested()" classname="org.springframework.web.servlet.function.ToStringVisitorTests" time="0.034"/>
  <testcase name="predicates()" classname="org.springframework.web.servlet.function.ToStringVisitorTests" time="0.016"/>
  <system-out><![CDATA[]]></system-out>
  <system-err><![CDATA[]]></system-err>
</testsuite>
