<?xml version="1.0" encoding="UTF-8"?>
<testsuite name="org.springframework.web.servlet.function.ResourceHandlerFunctionTests" tests="5" skipped="0" failures="0" errors="0" timestamp="2020-05-29T14:01:15" hostname="bamboo-18" time="0.026">
  <properties/>
  <testcase name="options()" classname="org.springframework.web.servlet.function.ResourceHandlerFunctionTests" time="0.001"/>
  <testcase name="get()" classname="org.springframework.web.servlet.function.ResourceHandlerFunctionTests" time="0.003"/>
  <testcase name="head()" classname="org.springframework.web.servlet.function.ResourceHandlerFunctionTests" time="0.0"/>
  <testcase name="getRange()" classname="org.springframework.web.servlet.function.ResourceHandlerFunctionTests" time="0.001"/>
  <testcase name="getInvalidRange()" classname="org.springframework.web.servlet.function.ResourceHandlerFunctionTests" time="0.019"/>
  <system-out><![CDATA[]]></system-out>
  <system-err><![CDATA[]]></system-err>
</testsuite>
