<?xml version="1.0" encoding="UTF-8"?>
<testsuite name="org.springframework.web.servlet.tags.form.InputTagTests" tests="14" skipped="0" failures="0" errors="0" timestamp="2020-05-29T14:01:30" hostname="bamboo-18" time="0.091">
  <properties/>
  <testcase name="dynamicTypeCheckboxAttribute()" classname="org.springframework.web.servlet.tags.form.InputTagTests" time="0.012"/>
  <testcase name="simpleBind()" classname="org.springframework.web.servlet.tags.form.InputTagTests" time="0.003"/>
  <testcase name="withAllAttributes()" classname="org.springframework.web.servlet.tags.form.InputTagTests" time="0.014"/>
  <testcase name="dynamicTypeAttribute()" classname="org.springframework.web.servlet.tags.form.InputTagTests" time="0.003"/>
  <testcase name="simpleBindTagWithinForm()" classname="org.springframework.web.servlet.tags.form.InputTagTests" time="0.002"/>
  <testcase name="disabledFalse()" classname="org.springframework.web.servlet.tags.form.InputTagTests" time="0.002"/>
  <testcase name="readOnlyAttributeRenderingWhenReadonlyIsTrue()" classname="org.springframework.web.servlet.tags.form.InputTagTests" time="0.002"/>
  <testcase name="withCustomBinder()" classname="org.springframework.web.servlet.tags.form.InputTagTests" time="0.017"/>
  <testcase name="simpleBindWithHtmlEscaping()" classname="org.springframework.web.servlet.tags.form.InputTagTests" time="0.005"/>
  <testcase name="withNestedBind()" classname="org.springframework.web.servlet.tags.form.InputTagTests" time="0.009"/>
  <testcase name="complexBind()" classname="org.springframework.web.servlet.tags.form.InputTagTests" time="0.003"/>
  <testcase name="withNestedBindTagWithinForm()" classname="org.springframework.web.servlet.tags.form.InputTagTests" time="0.003"/>
  <testcase name="withErrors()" classname="org.springframework.web.servlet.tags.form.InputTagTests" time="0.011"/>
  <testcase name="dynamicTypeRadioAttribute()" classname="org.springframework.web.servlet.tags.form.InputTagTests" time="0.004"/>
  <system-out><![CDATA[]]></system-out>
  <system-err><![CDATA[]]></system-err>
</testsuite>
