<?xml version="1.0" encoding="UTF-8"?>
<testsuite name="org.springframework.web.servlet.config.AnnotationDrivenBeanDefinitionParserTests" tests="7" skipped="0" failures="0" errors="0" timestamp="2020-05-29T14:01:05" hostname="bamboo-18" time="1.342">
  <properties/>
  <testcase name="testMessageConvertersWithoutDefaultRegistrations()" classname="org.springframework.web.servlet.config.AnnotationDrivenBeanDefinitionParserTests" time="0.241"/>
  <testcase name="testMessageCodesResolver()" classname="org.springframework.web.servlet.config.AnnotationDrivenBeanDefinitionParserTests" time="0.206"/>
  <testcase name="testPathMatchingConfiguration()" classname="org.springframework.web.servlet.config.AnnotationDrivenBeanDefinitionParserTests" time="0.234"/>
  <testcase name="beanNameUrlHandlerMapping()" classname="org.springframework.web.servlet.config.AnnotationDrivenBeanDefinitionParserTests" time="0.179"/>
  <testcase name="testMessageConverters()" classname="org.springframework.web.servlet.config.AnnotationDrivenBeanDefinitionParserTests" time="0.1"/>
  <testcase name="testArgumentResolvers()" classname="org.springframework.web.servlet.config.AnnotationDrivenBeanDefinitionParserTests" time="0.189"/>
  <testcase name="testReturnValueHandlers()" classname="org.springframework.web.servlet.config.AnnotationDrivenBeanDefinitionParserTests" time="0.176"/>
  <system-out><![CDATA[]]></system-out>
  <system-err><![CDATA[]]></system-err>
</testsuite>
