<?xml version="1.0" encoding="UTF-8"?>
<testsuite name="org.springframework.web.servlet.mvc.support.DefaultHandlerExceptionResolverTests" tests="14" skipped="0" failures="0" errors="0" timestamp="2021-06-20T08:12:41" hostname="gankangdembp" time="0.082">
  <properties/>
  <testcase name="handleMissingServletRequestPartException()" classname="org.springframework.web.servlet.mvc.support.DefaultHandlerExceptionResolverTests" time="0.001"/>
  <testcase name="handleHttpMessageNotReadable()" classname="org.springframework.web.servlet.mvc.support.DefaultHandlerExceptionResolverTests" time="0.001"/>
  <testcase name="handleMissingServletRequestParameter()" classname="org.springframework.web.servlet.mvc.support.DefaultHandlerExceptionResolverTests" time="0.001"/>
  <testcase name="handleBindException()" classname="org.springframework.web.servlet.mvc.support.DefaultHandlerExceptionResolverTests" time="0.007"/>
  <testcase name="handleMissingPathVariable()" classname="org.springframework.web.servlet.mvc.support.DefaultHandlerExceptionResolverTests" time="0.002"/>
  <testcase name="handleTypeMismatch()" classname="org.springframework.web.servlet.mvc.support.DefaultHandlerExceptionResolverTests" time="0.0"/>
  <testcase name="handleHttpRequestMethodNotSupported()" classname="org.springframework.web.servlet.mvc.support.DefaultHandlerExceptionResolverTests" time="0.001"/>
  <testcase name="handleNoHandlerFoundException()" classname="org.springframework.web.servlet.mvc.support.DefaultHandlerExceptionResolverTests" time="0.003"/>
  <testcase name="handleMethodArgumentNotValid()" classname="org.springframework.web.servlet.mvc.support.DefaultHandlerExceptionResolverTests" time="0.046"/>
  <testcase name="handleAsyncRequestTimeoutException()" classname="org.springframework.web.servlet.mvc.support.DefaultHandlerExceptionResolverTests" time="0.006"/>
  <testcase name="handleConversionNotSupportedException()" classname="org.springframework.web.servlet.mvc.support.DefaultHandlerExceptionResolverTests" time="0.001"/>
  <testcase name="handleHttpMessageNotWritable()" classname="org.springframework.web.servlet.mvc.support.DefaultHandlerExceptionResolverTests" time="0.001"/>
  <testcase name="handleServletRequestBindingException()" classname="org.springframework.web.servlet.mvc.support.DefaultHandlerExceptionResolverTests" time="0.001"/>
  <testcase name="handleHttpMediaTypeNotSupported()" classname="org.springframework.web.servlet.mvc.support.DefaultHandlerExceptionResolverTests" time="0.003"/>
  <system-out><![CDATA[16:12:41.525 [Test worker] WARN  o.s.w.s.m.s.DefaultHandlerExceptionResolver - Resolved [org.springframework.web.multipart.support.MissingServletRequestPartException: Required request part 'name' is not present]
16:12:41.527 [Test worker] WARN  o.s.w.s.m.s.DefaultHandlerExceptionResolver - Resolved [org.springframework.http.converter.HttpMessageNotReadableException: foo]
16:12:41.528 [Test worker] WARN  o.s.w.s.m.s.DefaultHandlerExceptionResolver - Resolved [org.springframework.web.bind.MissingServletRequestParameterException: Required bar parameter 'foo' is not present]
16:12:41.536 [Test worker] WARN  o.s.w.s.m.s.DefaultHandlerExceptionResolver - Resolved [org.springframework.validation.BindException: org.springframework.validation.BeanPropertyBindingResult: 0 errors]
16:12:41.538 [Test worker] WARN  o.s.w.s.m.s.DefaultHandlerExceptionResolver - Resolved [org.springframework.web.bind.MissingPathVariableException: Missing URI template variable 'foo' for method parameter of type String]
16:12:41.540 [Test worker] WARN  o.s.w.s.m.s.DefaultHandlerExceptionResolver - Resolved [org.springframework.beans.TypeMismatchException: Failed to convert value of type 'java.lang.String' to required type 'java.lang.String']
16:12:41.541 [Test worker] WARN  o.s.w.s.m.s.DefaultHandlerExceptionResolver - Resolved [org.springframework.web.HttpRequestMethodNotSupportedException: Request method 'GET' not supported]
16:12:41.544 [Test worker] WARN  o.s.w.s.PageNotFound - No handler found for GET /resource
16:12:41.544 [Test worker] WARN  o.s.w.s.m.s.DefaultHandlerExceptionResolver - Resolved [org.springframework.web.servlet.NoHandlerFoundException: No handler found for GET /resource]
16:12:41.590 [Test worker] WARN  o.s.w.s.m.s.DefaultHandlerExceptionResolver - Resolved [org.springframework.web.bind.MethodArgumentNotValidException: Validation failed for argument [0] in public void org.springframework.web.servlet.mvc.support.DefaultHandlerExceptionResolverTests.handle(java.lang.String): [Field error in object 'testBean' on field 'name': rejected value [null]; codes [invalid.testBean.name,invalid.name,invalid.java.lang.String,invalid]; arguments []; default message [null]] ]
16:12:41.591 [Test worker] WARN  o.s.w.s.m.s.DefaultHandlerExceptionResolver - Resolved [org.springframework.web.context.request.async.AsyncRequestTimeoutException]
16:12:41.599 [Test worker] WARN  o.s.w.s.m.s.DefaultHandlerExceptionResolver - Resolved [org.springframework.beans.ConversionNotSupportedException: Failed to convert value of type 'java.lang.Object' to required type 'java.lang.String'; nested exception is java.lang.Exception]
16:12:41.600 [Test worker] WARN  o.s.w.s.m.s.DefaultHandlerExceptionResolver - Resolved [org.springframework.http.converter.HttpMessageNotWritableException: foo]
16:12:41.601 [Test worker] WARN  o.s.w.s.m.s.DefaultHandlerExceptionResolver - Resolved [org.springframework.web.bind.ServletRequestBindingException: Missing required value - header, cookie, or pathvar]
16:12:41.606 [Test worker] WARN  o.s.w.s.m.s.DefaultHandlerExceptionResolver - Resolved [org.springframework.web.HttpMediaTypeNotSupportedException: Content type 'text/plain' not supported]
]]></system-out>
  <system-err><![CDATA[]]></system-err>
</testsuite>
