<?xml version="1.0" encoding="UTF-8"?>
<testsuite name="org.springframework.web.servlet.mvc.method.annotation.ServletCookieValueMethodArgumentResolverTests" tests="2" skipped="0" failures="0" errors="0" timestamp="2020-05-29T14:01:21" hostname="bamboo-18" time="0.0">
  <properties/>
  <testcase name="resolveCookieArgument()" classname="org.springframework.web.servlet.mvc.method.annotation.ServletCookieValueMethodArgumentResolverTests" time="0.0"/>
  <testcase name="resolveCookieStringArgument()" classname="org.springframework.web.servlet.mvc.method.annotation.ServletCookieValueMethodArgumentResolverTests" time="0.0"/>
  <system-out><![CDATA[]]></system-out>
  <system-err><![CDATA[]]></system-err>
</testsuite>
