<?xml version="1.0" encoding="UTF-8"?>
<testsuite name="org.springframework.web.servlet.view.freemarker.FreeMarkerMacroTests" tests="27" skipped="0" failures="0" errors="0" timestamp="2020-05-29T14:01:39" hostname="bamboo-18" time="0.948">
  <properties/>
  <testcase name="testMessageArgsWithDefaultMessage()" classname="org.springframework.web.servlet.view.freemarker.FreeMarkerMacroTests" time="0.239"/>
  <testcase name="testMessageArgs()" classname="org.springframework.web.servlet.view.freemarker.FreeMarkerMacroTests" time="0.043"/>
  <testcase name="testAge()" classname="org.springframework.web.servlet.view.freemarker.FreeMarkerMacroTests" time="0.053"/>
  <testcase name="testUrl()" classname="org.springframework.web.servlet.view.freemarker.FreeMarkerMacroTests" time="0.023"/>
  <testcase name="testForm1()" classname="org.springframework.web.servlet.view.freemarker.FreeMarkerMacroTests" time="0.146"/>
  <testcase name="testForm2()" classname="org.springframework.web.servlet.view.freemarker.FreeMarkerMacroTests" time="0.023"/>
  <testcase name="testForm3()" classname="org.springframework.web.servlet.view.freemarker.FreeMarkerMacroTests" time="0.015"/>
  <testcase name="testForm4()" classname="org.springframework.web.servlet.view.freemarker.FreeMarkerMacroTests" time="0.02"/>
  <testcase name="testForm9()" classname="org.springframework.web.servlet.view.freemarker.FreeMarkerMacroTests" time="0.019"/>
  <testcase name="testTheme()" classname="org.springframework.web.servlet.view.freemarker.FreeMarkerMacroTests" time="0.013"/>
  <testcase name="testName()" classname="org.springframework.web.servlet.view.freemarker.FreeMarkerMacroTests" time="0.019"/>
  <testcase name="testExposeSpringMacroHelpers()" classname="org.springframework.web.servlet.view.freemarker.FreeMarkerMacroTests" time="0.005"/>
  <testcase name="testUrlParams()" classname="org.springframework.web.servlet.view.freemarker.FreeMarkerMacroTests" time="0.021"/>
  <testcase name="testDefaultTheme()" classname="org.springframework.web.servlet.view.freemarker.FreeMarkerMacroTests" time="0.014"/>
  <testcase name="testThemeArgsWithDefaultMessage()" classname="org.springframework.web.servlet.view.freemarker.FreeMarkerMacroTests" time="0.052"/>
  <testcase name="testMessage()" classname="org.springframework.web.servlet.view.freemarker.FreeMarkerMacroTests" time="0.03"/>
  <testcase name="testSpringMacroRequestContextAttributeUsed()" classname="org.springframework.web.servlet.view.freemarker.FreeMarkerMacroTests" time="0.001"/>
  <testcase name="testThemeArgs()" classname="org.springframework.web.servlet.view.freemarker.FreeMarkerMacroTests" time="0.017"/>
  <testcase name="testForm10()" classname="org.springframework.web.servlet.view.freemarker.FreeMarkerMacroTests" time="0.044"/>
  <testcase name="testForm11()" classname="org.springframework.web.servlet.view.freemarker.FreeMarkerMacroTests" time="0.03"/>
  <testcase name="testForm12()" classname="org.springframework.web.servlet.view.freemarker.FreeMarkerMacroTests" time="0.013"/>
  <testcase name="testForm13()" classname="org.springframework.web.servlet.view.freemarker.FreeMarkerMacroTests" time="0.03"/>
  <testcase name="testForm15()" classname="org.springframework.web.servlet.view.freemarker.FreeMarkerMacroTests" time="0.008"/>
  <testcase name="testForm16()" classname="org.springframework.web.servlet.view.freemarker.FreeMarkerMacroTests" time="0.014"/>
  <testcase name="testForm17()" classname="org.springframework.web.servlet.view.freemarker.FreeMarkerMacroTests" time="0.027"/>
  <testcase name="testForm18()" classname="org.springframework.web.servlet.view.freemarker.FreeMarkerMacroTests" time="0.016"/>
  <testcase name="testDefaultMessage()" classname="org.springframework.web.servlet.view.freemarker.FreeMarkerMacroTests" time="0.006"/>
  <system-out><![CDATA[]]></system-out>
  <system-err><![CDATA[]]></system-err>
</testsuite>
