<?xml version="1.0" encoding="UTF-8"?>
<testsuite name="org.springframework.web.servlet.mvc.method.annotation.ModelAndViewResolverMethodReturnValueHandlerTests" tests="5" skipped="0" failures="0" errors="0" timestamp="2020-05-29T14:01:22" hostname="bamboo-18" time="0.002">
  <properties/>
  <testcase name="handleNonSimpleType()" classname="org.springframework.web.servlet.mvc.method.annotation.ModelAndViewResolverMethodReturnValueHandlerTests" time="0.0"/>
  <testcase name="handleSimpleType()" classname="org.springframework.web.servlet.mvc.method.annotation.ModelAndViewResolverMethodReturnValueHandlerTests" time="0.001"/>
  <testcase name="modelAndViewResolverUnresolved()" classname="org.springframework.web.servlet.mvc.method.annotation.ModelAndViewResolverMethodReturnValueHandlerTests" time="0.001"/>
  <testcase name="handleNull()" classname="org.springframework.web.servlet.mvc.method.annotation.ModelAndViewResolverMethodReturnValueHandlerTests" time="0.0"/>
  <testcase name="modelAndViewResolver()" classname="org.springframework.web.servlet.mvc.method.annotation.ModelAndViewResolverMethodReturnValueHandlerTests" time="0.0"/>
  <system-out><![CDATA[]]></system-out>
  <system-err><![CDATA[]]></system-err>
</testsuite>
