<?xml version="1.0" encoding="UTF-8"?>
<testsuite name="org.springframework.web.servlet.mvc.method.annotation.HandlerMethodAnnotationDetectionTests" tests="13" skipped="0" failures="0" errors="0" timestamp="2021-06-20T08:13:01" hostname="gankangdembp" time="1.004">
  <properties/>
  <testcase name="testRequestMappingMethod(Class, boolean)[1]" classname="org.springframework.web.servlet.mvc.method.annotation.HandlerMethodAnnotationDetectionTests" time="0.108"/>
  <testcase name="testRequestMappingMethod(Class, boolean)[2]" classname="org.springframework.web.servlet.mvc.method.annotation.HandlerMethodAnnotationDetectionTests" time="0.054"/>
  <testcase name="testRequestMappingMethod(Class, boolean)[3]" classname="org.springframework.web.servlet.mvc.method.annotation.HandlerMethodAnnotationDetectionTests" time="0.113"/>
  <testcase name="testRequestMappingMethod(Class, boolean)[4]" classname="org.springframework.web.servlet.mvc.method.annotation.HandlerMethodAnnotationDetectionTests" time="0.042"/>
  <testcase name="testRequestMappingMethod(Class, boolean)[5]" classname="org.springframework.web.servlet.mvc.method.annotation.HandlerMethodAnnotationDetectionTests" time="0.115"/>
  <testcase name="testRequestMappingMethod(Class, boolean)[6]" classname="org.springframework.web.servlet.mvc.method.annotation.HandlerMethodAnnotationDetectionTests" time="0.058"/>
  <testcase name="testRequestMappingMethod(Class, boolean)[7]" classname="org.springframework.web.servlet.mvc.method.annotation.HandlerMethodAnnotationDetectionTests" time="0.096"/>
  <testcase name="testRequestMappingMethod(Class, boolean)[8]" classname="org.springframework.web.servlet.mvc.method.annotation.HandlerMethodAnnotationDetectionTests" time="0.048"/>
  <testcase name="testRequestMappingMethod(Class, boolean)[9]" classname="org.springframework.web.servlet.mvc.method.annotation.HandlerMethodAnnotationDetectionTests" time="0.059"/>
  <testcase name="testRequestMappingMethod(Class, boolean)[10]" classname="org.springframework.web.servlet.mvc.method.annotation.HandlerMethodAnnotationDetectionTests" time="0.09"/>
  <testcase name="testRequestMappingMethod(Class, boolean)[11]" classname="org.springframework.web.servlet.mvc.method.annotation.HandlerMethodAnnotationDetectionTests" time="0.06"/>
  <testcase name="testRequestMappingMethod(Class, boolean)[12]" classname="org.springframework.web.servlet.mvc.method.annotation.HandlerMethodAnnotationDetectionTests" time="0.105"/>
  <testcase name="testRequestMappingMethod(Class, boolean)[13]" classname="org.springframework.web.servlet.mvc.method.annotation.HandlerMethodAnnotationDetectionTests" time="0.042"/>
  <system-out><![CDATA[]]></system-out>
  <system-err><![CDATA[]]></system-err>
</testsuite>
