<?xml version="1.0" encoding="UTF-8"?>
<testsuite name="org.springframework.web.servlet.mvc.condition.CompositeRequestConditionTests" tests="9" skipped="0" failures="0" errors="0" timestamp="2020-05-29T14:01:28" hostname="bamboo-18" time="0.033">
  <properties/>
  <testcase name="combineDifferentLength()" classname="org.springframework.web.servlet.mvc.condition.CompositeRequestConditionTests" time="0.0"/>
  <testcase name="compareEmpty()" classname="org.springframework.web.servlet.mvc.condition.CompositeRequestConditionTests" time="0.0"/>
  <testcase name="match()" classname="org.springframework.web.servlet.mvc.condition.CompositeRequestConditionTests" time="0.021"/>
  <testcase name="combine()" classname="org.springframework.web.servlet.mvc.condition.CompositeRequestConditionTests" time="0.0"/>
  <testcase name="compare()" classname="org.springframework.web.servlet.mvc.condition.CompositeRequestConditionTests" time="0.0"/>
  <testcase name="compareDifferentLength()" classname="org.springframework.web.servlet.mvc.condition.CompositeRequestConditionTests" time="0.001"/>
  <testcase name="combineEmpty()" classname="org.springframework.web.servlet.mvc.condition.CompositeRequestConditionTests" time="0.008"/>
  <testcase name="matchEmpty()" classname="org.springframework.web.servlet.mvc.condition.CompositeRequestConditionTests" time="0.0"/>
  <testcase name="noMatch()" classname="org.springframework.web.servlet.mvc.condition.CompositeRequestConditionTests" time="0.0"/>
  <system-out><![CDATA[]]></system-out>
  <system-err><![CDATA[]]></system-err>
</testsuite>
