<?xml version="1.0" encoding="UTF-8"?>
<testsuite name="org.springframework.web.servlet.handler.SimpleUrlHandlerMappingTests" tests="4" skipped="0" failures="0" errors="0" timestamp="2021-06-20T08:12:31" hostname="gankangdembp" time="0.234">
  <properties/>
  <testcase name="urlMappingWithProps()" classname="org.springframework.web.servlet.handler.SimpleUrlHandlerMappingTests" time="0.109"/>
  <testcase name="testNewlineInRequest()" classname="org.springframework.web.servlet.handler.SimpleUrlHandlerMappingTests" time="0.002"/>
  <testcase name="urlMappingWithUrlMap()" classname="org.springframework.web.servlet.handler.SimpleUrlHandlerMappingTests" time="0.062"/>
  <testcase name="handlerBeanNotFound()" classname="org.springframework.web.servlet.handler.SimpleUrlHandlerMappingTests" time="0.06"/>
  <system-out><![CDATA[]]></system-out>
  <system-err><![CDATA[]]></system-err>
</testsuite>
