<?xml version="1.0" encoding="UTF-8"?>
<testsuite name="org.springframework.web.servlet.handler.HandlerMappingTests" tests="1" skipped="0" failures="0" errors="0" timestamp="2021-06-20T08:12:34" hostname="gankangdembp" time="0.053">
  <properties/>
  <testcase name="orderedInterceptors()" classname="org.springframework.web.servlet.handler.HandlerMappingTests" time="0.053"/>
  <system-out><![CDATA[]]></system-out>
  <system-err><![CDATA[]]></system-err>
</testsuite>
