<?xml version="1.0" encoding="UTF-8"?>
<testsuite name="org.springframework.web.servlet.mvc.method.annotation.RequestResponseBodyMethodProcessorMockTests" tests="24" skipped="0" failures="0" errors="0" timestamp="2020-05-29T14:01:22" hostname="bamboo-18" time="0.144">
  <properties/>
  <testcase name="handleReturnValueNotAcceptable()" classname="org.springframework.web.servlet.mvc.method.annotation.RequestResponseBodyMethodProcessorMockTests" time="0.003"/>
  <testcase name="handleReturnValueMediaTypeSuffix()" classname="org.springframework.web.servlet.mvc.method.annotation.RequestResponseBodyMethodProcessorMockTests" time="0.001"/>
  <testcase name="resolveArgumentNotRequiredNoContent()" classname="org.springframework.web.servlet.mvc.method.annotation.RequestResponseBodyMethodProcessorMockTests" time="0.004"/>
  <testcase name="handleReturnTypeResourceIllegalByteRange()" classname="org.springframework.web.servlet.mvc.method.annotation.RequestResponseBodyMethodProcessorMockTests" time="0.003"/>
  <testcase name="resolveArgumentNotRequiredNoContentNoContentType()" classname="org.springframework.web.servlet.mvc.method.annotation.RequestResponseBodyMethodProcessorMockTests" time="0.004"/>
  <testcase name="resolveArgumentNotGetRequests()" classname="org.springframework.web.servlet.mvc.method.annotation.RequestResponseBodyMethodProcessorMockTests" time="0.004"/>
  <testcase name="handleReturnValue()" classname="org.springframework.web.servlet.mvc.method.annotation.RequestResponseBodyMethodProcessorMockTests" time="0.001"/>
  <testcase name="resolveArgumentNotRequiredWithContent()" classname="org.springframework.web.servlet.mvc.method.annotation.RequestResponseBodyMethodProcessorMockTests" time="0.004"/>
  <testcase name="handleReturnValueNotAcceptableProduces()" classname="org.springframework.web.servlet.mvc.method.annotation.RequestResponseBodyMethodProcessorMockTests" time="0.001"/>
  <testcase name="handleReturnTypeResourceByteRange()" classname="org.springframework.web.servlet.mvc.method.annotation.RequestResponseBodyMethodProcessorMockTests" time="0.001"/>
  <testcase name="resolveArgumentCannotRead()" classname="org.springframework.web.servlet.mvc.method.annotation.RequestResponseBodyMethodProcessorMockTests" time="0.001"/>
  <testcase name="resolveArgumentNoContentType()" classname="org.springframework.web.servlet.mvc.method.annotation.RequestResponseBodyMethodProcessorMockTests" time="0.001"/>
  <testcase name="resolveArgumentNotValid()" classname="org.springframework.web.servlet.mvc.method.annotation.RequestResponseBodyMethodProcessorMockTests" time="0.007"/>
  <testcase name="resolveArgumentOptionalNoContent()" classname="org.springframework.web.servlet.mvc.method.annotation.RequestResponseBodyMethodProcessorMockTests" time="0.004"/>
  <testcase name="resolveArgumentRequiredNoContent()" classname="org.springframework.web.servlet.mvc.method.annotation.RequestResponseBodyMethodProcessorMockTests" time="0.006"/>
  <testcase name="resolveArgument()" classname="org.springframework.web.servlet.mvc.method.annotation.RequestResponseBodyMethodProcessorMockTests" time="0.009"/>
  <testcase name="resolveArgumentOptionalWithContent()" classname="org.springframework.web.servlet.mvc.method.annotation.RequestResponseBodyMethodProcessorMockTests" time="0.004"/>
  <testcase name="handleReturnValueProduces()" classname="org.springframework.web.servlet.mvc.method.annotation.RequestResponseBodyMethodProcessorMockTests" time="0.036"/>
  <testcase name="resolveArgumentInvalidContentType()" classname="org.springframework.web.servlet.mvc.method.annotation.RequestResponseBodyMethodProcessorMockTests" time="0.001"/>
  <testcase name="handleReturnTypeResource()" classname="org.springframework.web.servlet.mvc.method.annotation.RequestResponseBodyMethodProcessorMockTests" time="0.002"/>
  <testcase name="supportsParameter()" classname="org.springframework.web.servlet.mvc.method.annotation.RequestResponseBodyMethodProcessorMockTests" time="0.0"/>
  <testcase name="resolveArgumentValid()" classname="org.springframework.web.servlet.mvc.method.annotation.RequestResponseBodyMethodProcessorMockTests" time="0.011"/>
  <testcase name="resolveArgumentOptionalNoContentNoContentType()" classname="org.springframework.web.servlet.mvc.method.annotation.RequestResponseBodyMethodProcessorMockTests" time="0.015"/>
  <testcase name="supportsReturnType()" classname="org.springframework.web.servlet.mvc.method.annotation.RequestResponseBodyMethodProcessorMockTests" time="0.001"/>
  <system-out><![CDATA[]]></system-out>
  <system-err><![CDATA[]]></system-err>
</testsuite>
