<?xml version="1.0" encoding="UTF-8"?>
<testsuite name="org.springframework.web.servlet.config.annotation.WebMvcConfigurationSupportExtensionTests" tests="7" skipped="0" failures="0" errors="0" timestamp="2021-06-20T08:13:05" hostname="gankangdembp" time="0.085">
  <properties/>
  <testcase name="exceptionResolvers()" classname="org.springframework.web.servlet.config.annotation.WebMvcConfigurationSupportExtensionTests" time="0.002"/>
  <testcase name="crossOrigin()" classname="org.springframework.web.servlet.config.annotation.WebMvcConfigurationSupportExtensionTests" time="0.0"/>
  <testcase name="webBindingInitializer()" classname="org.springframework.web.servlet.config.annotation.WebMvcConfigurationSupportExtensionTests" time="0.032"/>
  <testcase name="requestMappingHandlerAdapter()" classname="org.springframework.web.servlet.config.annotation.WebMvcConfigurationSupportExtensionTests" time="0.016"/>
  <testcase name="contentNegotiation()" classname="org.springframework.web.servlet.config.annotation.WebMvcConfigurationSupportExtensionTests" time="0.014"/>
  <testcase name="handlerMappings()" classname="org.springframework.web.servlet.config.annotation.WebMvcConfigurationSupportExtensionTests" time="0.011"/>
  <testcase name="viewResolvers()" classname="org.springframework.web.servlet.config.annotation.WebMvcConfigurationSupportExtensionTests" time="0.008"/>
  <system-out><![CDATA[]]></system-out>
  <system-err><![CDATA[]]></system-err>
</testsuite>
