<?xml version="1.0" encoding="UTF-8"?>
<testsuite name="org.springframework.web.servlet.support.AnnotationConfigDispatcherServletInitializerTests" tests="4" skipped="0" failures="0" errors="0" timestamp="2021-06-20T08:13:29" hostname="gankangdembp" time="0.143">
  <properties/>
  <testcase name="register()" classname="org.springframework.web.servlet.support.AnnotationConfigDispatcherServletInitializerTests" time="0.017"/>
  <testcase name="noFilters()" classname="org.springframework.web.servlet.support.AnnotationConfigDispatcherServletInitializerTests" time="0.0"/>
  <testcase name="rootContextOnly()" classname="org.springframework.web.servlet.support.AnnotationConfigDispatcherServletInitializerTests" time="0.124"/>
  <testcase name="asyncSupportedFalse()" classname="org.springframework.web.servlet.support.AnnotationConfigDispatcherServletInitializerTests" time="0.001"/>
  <system-out><![CDATA[]]></system-out>
  <system-err><![CDATA[]]></system-err>
</testsuite>
