<?xml version="1.0" encoding="UTF-8"?>
<testsuite name="org.springframework.web.servlet.resource.PathResourceResolverTests" tests="10" skipped="0" failures="0" errors="0" timestamp="2021-06-20T08:13:56" hostname="gankangdembp" time="0.009">
  <properties/>
  <testcase name="checkFileLocation()" classname="org.springframework.web.servlet.resource.PathResourceResolverTests" time="0.0"/>
  <testcase name="ignoreInvalidEscapeSequence()" classname="org.springframework.web.servlet.resource.PathResourceResolverTests" time="0.001"/>
  <testcase name="checkResourceWithAllowedLocations()" classname="org.springframework.web.servlet.resource.PathResourceResolverTests" time="0.001"/>
  <testcase name="resolveFromClasspathRoot()" classname="org.springframework.web.servlet.resource.PathResourceResolverTests" time="0.001"/>
  <testcase name="checkServletContextResource()" classname="org.springframework.web.servlet.resource.PathResourceResolverTests" time="0.0"/>
  <testcase name="resolveFromClasspath()" classname="org.springframework.web.servlet.resource.PathResourceResolverTests" time="0.001"/>
  <testcase name="relativePathEncodedForUrlResource()" classname="org.springframework.web.servlet.resource.PathResourceResolverTests" time="0.001"/>
  <testcase name="resolvePathRootResource()" classname="org.springframework.web.servlet.resource.PathResourceResolverTests" time="0.0"/>
  <testcase name="checkRelativeLocation()" classname="org.springframework.web.servlet.resource.PathResourceResolverTests" time="0.001"/>
  <testcase name="checkResource()" classname="org.springframework.web.servlet.resource.PathResourceResolverTests" time="0.003"/>
  <system-out><![CDATA[16:13:56.218 [Test worker] WARN  o.s.w.s.r.PathResourceResolver - Resource path "../testsecret/secret.txt" was successfully resolved but resource "file:/Users/gankang/spring-framework-learn/spring-webmvc/build/resources/test/org/springframework/web/servlet/resource/testsecret/secret.txt" is neither under the current location "file:/Users/gankang/spring-framework-learn/spring-webmvc/build/resources/test/org/springframework/web/servlet/resource/test/" nor under any of the allowed locations []
16:13:56.219 [Test worker] WARN  o.s.w.s.r.PathResourceResolver - Resource path "test/../../testsecret/secret.txt" was successfully resolved but resource "file:/Users/gankang/spring-framework-learn/spring-webmvc/build/resources/test/org/springframework/web/servlet/resource/testsecret/secret.txt" is neither under the current location "file:/Users/gankang/spring-framework-learn/spring-webmvc/build/resources/test/org/springframework/web/servlet/resource/test/" nor under any of the allowed locations []
16:13:56.219 [Test worker] WARN  o.s.w.s.r.PathResourceResolver - Resource path "file:/Users/gankang/spring-framework-learn/spring-webmvc/build/resources/test/org/springframework/web/servlet/resource/testsecret/secret.txt" was successfully resolved but resource "file:/Users/gankang/spring-framework-learn/spring-webmvc/build/resources/test/org/springframework/web/servlet/resource/testsecret/secret.txt" is neither under the current location "file:/Users/gankang/spring-framework-learn/spring-webmvc/build/resources/test/org/springframework/web/servlet/resource/test/" nor under any of the allowed locations []
16:13:56.219 [Test worker] WARN  o.s.w.s.r.PathResourceResolver - Resource path "/file:/Users/gankang/spring-framework-learn/spring-webmvc/build/resources/test/org/springframework/web/servlet/resource/testsecret/secret.txt" was successfully resolved but resource "file:/Users/gankang/spring-framework-learn/spring-webmvc/build/resources/test/org/springframework/web/servlet/resource/testsecret/secret.txt" is neither under the current location "file:/Users/gankang/spring-framework-learn/spring-webmvc/build/resources/test/org/springframework/web/servlet/resource/test/" nor under any of the allowed locations []
16:13:56.219 [Test worker] WARN  o.s.w.s.r.PathResourceResolver - Resource path "//Users/gankang/spring-framework-learn/spring-webmvc/build/resources/test/org/springframework/web/servlet/resource/testsecret/secret.txt" was successfully resolved but resource "file:/Users/gankang/spring-framework-learn/spring-webmvc/build/resources/test/org/springframework/web/servlet/resource/testsecret/secret.txt" is neither under the current location "file:/Users/gankang/spring-framework-learn/spring-webmvc/build/resources/test/org/springframework/web/servlet/resource/test/" nor under any of the allowed locations []
16:13:56.220 [Test worker] WARN  o.s.w.s.r.PathResourceResolver - Resource path "////../../Users/gankang/spring-framework-learn/spring-webmvc/build/resources/test/org/springframework/web/servlet/resource/testsecret/secret.txt" was successfully resolved but resource "file:/../../Users/gankang/spring-framework-learn/spring-webmvc/build/resources/test/org/springframework/web/servlet/resource/testsecret/secret.txt" is neither under the current location "file:/Users/gankang/spring-framework-learn/spring-webmvc/build/resources/test/org/springframework/web/servlet/resource/test/" nor under any of the allowed locations []
16:13:56.220 [Test worker] WARN  o.s.w.s.r.PathResourceResolver - Resolved resource path contains encoded "../" or "..\": file:/Users/gankang/spring-framework-learn/spring-webmvc/build/resources/test/org/springframework/web/servlet/resource/test/%2E%2E/testsecret/secret.txt
16:13:56.220 [Test worker] WARN  o.s.w.s.r.PathResourceResolver - Resource path "/%2E%2E/testsecret/secret.txt" was successfully resolved but resource "file:/Users/gankang/spring-framework-learn/spring-webmvc/build/resources/test/org/springframework/web/servlet/resource/test/%2E%2E/testsecret/secret.txt" is neither under the current location "file:/Users/gankang/spring-framework-learn/spring-webmvc/build/resources/test/org/springframework/web/servlet/resource/test/" nor under any of the allowed locations []
16:13:56.221 [Test worker] WARN  o.s.w.s.r.PathResourceResolver - Resolved resource path contains encoded "../" or "..\": file:/Users/gankang/spring-framework-learn/spring-webmvc/build/resources/test/org/springframework/web/servlet/resource/test/%2e%2e/testsecret/secret.txt
16:13:56.221 [Test worker] WARN  o.s.w.s.r.PathResourceResolver - Resource path "/%2e%2e/testsecret/secret.txt" was successfully resolved but resource "file:/Users/gankang/spring-framework-learn/spring-webmvc/build/resources/test/org/springframework/web/servlet/resource/test/%2e%2e/testsecret/secret.txt" is neither under the current location "file:/Users/gankang/spring-framework-learn/spring-webmvc/build/resources/test/org/springframework/web/servlet/resource/test/" nor under any of the allowed locations []
16:13:56.221 [Test worker] WARN  o.s.w.s.r.PathResourceResolver - Resource path " /Users/gankang/spring-framework-learn/spring-webmvc/build/resources/test/org/springframework/web/servlet/resource/testsecret/secret.txt" was successfully resolved but resource "file:/Users/gankang/spring-framework-learn/spring-webmvc/build/resources/test/org/springframework/web/servlet/resource/testsecret/secret.txt" is neither under the current location "file:/Users/gankang/spring-framework-learn/spring-webmvc/build/resources/test/org/springframework/web/servlet/resource/test/" nor under any of the allowed locations []
16:13:56.221 [Test worker] WARN  o.s.w.s.r.PathResourceResolver - Resource path "/  /Users/gankang/spring-framework-learn/spring-webmvc/build/resources/test/org/springframework/web/servlet/resource/testsecret/secret.txt" was successfully resolved but resource "file:/Users/gankang/spring-framework-learn/spring-webmvc/build/resources/test/org/springframework/web/servlet/resource/testsecret/secret.txt" is neither under the current location "file:/Users/gankang/spring-framework-learn/spring-webmvc/build/resources/test/org/springframework/web/servlet/resource/test/" nor under any of the allowed locations []
16:13:56.221 [Test worker] WARN  o.s.w.s.r.PathResourceResolver - Resource path "url:/Users/gankang/spring-framework-learn/spring-webmvc/build/resources/test/org/springframework/web/servlet/resource/testsecret/secret.txt" was successfully resolved but resource "file:/Users/gankang/spring-framework-learn/spring-webmvc/build/resources/test/org/springframework/web/servlet/resource/testsecret/secret.txt" is neither under the current location "file:/Users/gankang/spring-framework-learn/spring-webmvc/build/resources/test/org/springframework/web/servlet/resource/test/" nor under any of the allowed locations []
]]></system-out>
  <system-err><![CDATA[]]></system-err>
</testsuite>
