<?xml version="1.0" encoding="UTF-8"?>
<testsuite name="org.springframework.web.context.XmlWebApplicationContextTests" tests="42" skipped="0" failures="0" errors="0" timestamp="2020-05-29T14:00:46" hostname="bamboo-18" time="3.452">
  <properties/>
  <testcase name="factoryIsInitialized()" classname="org.springframework.web.context.XmlWebApplicationContextTests" time="0.533"/>
  <testcase name="inheritance()" classname="org.springframework.web.context.XmlWebApplicationContextTests" time="0.107"/>
  <testcase name="factorySingleton()" classname="org.springframework.web.context.XmlWebApplicationContextTests" time="0.119"/>
  <testcase name="getSharedInstanceByMatchingClassNoCatch()" classname="org.springframework.web.context.XmlWebApplicationContextTests" time="0.102"/>
  <testcase name="getSharedInstanceByMatchingClass()" classname="org.springframework.web.context.XmlWebApplicationContextTests" time="0.105"/>
  <testcase name="getSharedInstanceByNonmatchingClass()" classname="org.springframework.web.context.XmlWebApplicationContextTests" time="0.084"/>
  <testcase name="prototypeInstancesAreIndependent()" classname="org.springframework.web.context.XmlWebApplicationContextTests" time="0.097"/>
  <testcase name="factoryPrototype()" classname="org.springframework.web.context.XmlWebApplicationContextTests" time="0.094"/>
  <testcase name="lifecycleCallbacks()" classname="org.springframework.web.context.XmlWebApplicationContextTests" time="0.053"/>
  <testcase name="typeMismatch()" classname="org.springframework.web.context.XmlWebApplicationContextTests" time="0.06"/>
  <testcase name="grandparentDefinitionFoundInBeanFactory()" classname="org.springframework.web.context.XmlWebApplicationContextTests" time="0.056"/>
  <testcase name="validEmpty()" classname="org.springframework.web.context.XmlWebApplicationContextTests" time="0.052"/>
  <testcase name="findsValidInstance()" classname="org.springframework.web.context.XmlWebApplicationContextTests" time="0.075"/>
  <testcase name="getFactoryItself()" classname="org.springframework.web.context.XmlWebApplicationContextTests" time="0.077"/>
  <testcase name="getInstanceByMatchingClass()" classname="org.springframework.web.context.XmlWebApplicationContextTests" time="0.071"/>
  <testcase name="getInstanceByNonmatchingClass()" classname="org.springframework.web.context.XmlWebApplicationContextTests" time="0.063"/>
  <testcase name="getBeanWithNullArg()" classname="org.springframework.web.context.XmlWebApplicationContextTests" time="0.022"/>
  <testcase name="rejectsFactoryGetOnNormalBean()" classname="org.springframework.web.context.XmlWebApplicationContextTests" time="0.023"/>
  <testcase name="sharedInstancesAreEqual()" classname="org.springframework.web.context.XmlWebApplicationContextTests" time="0.032"/>
  <testcase name="notThere()" classname="org.springframework.web.context.XmlWebApplicationContextTests" time="0.078"/>
  <testcase name="aliasing()" classname="org.springframework.web.context.XmlWebApplicationContextTests" time="0.139"/>
  <testcase name="initializingBeanCallback()" classname="org.springframework.web.context.XmlWebApplicationContextTests" time="0.107"/>
  <testcase name="containsBeanDefinition()" classname="org.springframework.web.context.XmlWebApplicationContextTests" time="0.088"/>
  <testcase name="getDefinitionsForNoSuchClass()" classname="org.springframework.web.context.XmlWebApplicationContextTests" time="0.106"/>
  <testcase name="getCountForFactoryClass()" classname="org.springframework.web.context.XmlWebApplicationContextTests" time="0.07"/>
  <testcase name="closeTriggersDestroy()" classname="org.springframework.web.context.XmlWebApplicationContextTests" time="0.061"/>
  <testcase name="grandparentNull()" classname="org.springframework.web.context.XmlWebApplicationContextTests" time="0.092"/>
  <testcase name="eventsWithNoSource()" classname="org.springframework.web.context.XmlWebApplicationContextTests" time="0.052"/>
  <testcase name="parentNonNull()" classname="org.springframework.web.context.XmlWebApplicationContextTests" time="0.065"/>
  <testcase name="grandparentDefinitionFound()" classname="org.springframework.web.context.XmlWebApplicationContextTests" time="0.049"/>
  <testcase name="messageSource()" classname="org.springframework.web.context.XmlWebApplicationContextTests" time="0.066"/>
  <testcase name="events()" classname="org.springframework.web.context.XmlWebApplicationContextTests" time="0.049"/>
  <testcase name="contextAwareSingletonWasCalledBack()" classname="org.springframework.web.context.XmlWebApplicationContextTests" time="0.065"/>
  <testcase name="contextAwarePrototypeWasCalledBack()" classname="org.springframework.web.context.XmlWebApplicationContextTests" time="0.052"/>
  <testcase name="overrideWorked()" classname="org.springframework.web.context.XmlWebApplicationContextTests" time="0.053"/>
  <testcase name="beanAutomaticallyHearsEvents()" classname="org.springframework.web.context.XmlWebApplicationContextTests" time="0.073"/>
  <testcase name="grandparentTypedDefinitionFound()" classname="org.springframework.web.context.XmlWebApplicationContextTests" time="0.056"/>
  <testcase name="initializingBeanAndInitMethod()" classname="org.springframework.web.context.XmlWebApplicationContextTests" time="0.058"/>
  <testcase name="withoutMessageSource()" classname="org.springframework.web.context.XmlWebApplicationContextTests" time="0.065"/>
  <testcase name="count()" classname="org.springframework.web.context.XmlWebApplicationContextTests" time="0.043"/>
  <testcase name="environmentMerge()" classname="org.springframework.web.context.XmlWebApplicationContextTests" time="0.041"/>
  <testcase name="contextNesting()" classname="org.springframework.web.context.XmlWebApplicationContextTests" time="0.04"/>
  <system-out><![CDATA[]]></system-out>
  <system-err><![CDATA[]]></system-err>
</testsuite>
