<?xml version="1.0" encoding="UTF-8"?>
<testsuite name="org.springframework.web.servlet.resource.ResourceTransformerSupportTests" tests="4" skipped="0" failures="0" errors="0" timestamp="2021-06-20T08:13:56" hostname="gankangdembp" time="0.003">
  <properties/>
  <testcase name="toAbsolutePath()" classname="org.springframework.web.servlet.resource.ResourceTransformerSupportTests" time="0.001"/>
  <testcase name="resolveUrlPathWithRelativePath()" classname="org.springframework.web.servlet.resource.ResourceTransformerSupportTests" time="0.001"/>
  <testcase name="resolveUrlPathWithRelativePathInParentDirectory()" classname="org.springframework.web.servlet.resource.ResourceTransformerSupportTests" time="0.0"/>
  <testcase name="resolveUrlPath()" classname="org.springframework.web.servlet.resource.ResourceTransformerSupportTests" time="0.0"/>
  <system-out><![CDATA[]]></system-out>
  <system-err><![CDATA[]]></system-err>
</testsuite>
