<?xml version="1.0" encoding="UTF-8"?>
<testsuite name="org.springframework.web.servlet.handler.HandlerMappingIntrospectorTests" tests="6" skipped="0" failures="0" errors="0" timestamp="2020-05-29T14:01:32" hostname="bamboo-18" time="0.015">
  <properties/>
  <testcase name="getMatchableWhereHandlerMappingDoesNotImplementMatchableInterface()" classname="org.springframework.web.servlet.handler.HandlerMappingIntrospectorTests" time="0.001"/>
  <testcase name="getCorsConfigurationPreFlight()" classname="org.springframework.web.servlet.handler.HandlerMappingIntrospectorTests" time="0.007"/>
  <testcase name="detectHandlerMappings()" classname="org.springframework.web.servlet.handler.HandlerMappingIntrospectorTests" time="0.001"/>
  <testcase name="getMatchable()" classname="org.springframework.web.servlet.handler.HandlerMappingIntrospectorTests" time="0.001"/>
  <testcase name="detectHandlerMappingsOrdered()" classname="org.springframework.web.servlet.handler.HandlerMappingIntrospectorTests" time="0.0"/>
  <testcase name="getCorsConfigurationActual()" classname="org.springframework.web.servlet.handler.HandlerMappingIntrospectorTests" time="0.004"/>
  <system-out><![CDATA[]]></system-out>
  <system-err><![CDATA[]]></system-err>
</testsuite>
