<?xml version="1.0" encoding="UTF-8"?>
<testsuite name="org.springframework.web.servlet.view.script.ScriptTemplateViewResolverTests" tests="1" skipped="0" failures="0" errors="0" timestamp="2021-06-20T08:13:52" hostname="gankangdembp" time="0.001">
  <properties/>
  <testcase name="viewClass()" classname="org.springframework.web.servlet.view.script.ScriptTemplateViewResolverTests" time="0.001"/>
  <system-out><![CDATA[]]></system-out>
  <system-err><![CDATA[]]></system-err>
</testsuite>
