<?xml version="1.0" encoding="UTF-8"?>
<testsuite name="org.springframework.web.servlet.mvc.method.annotation.ServletResponseMethodArgumentResolverTests" tests="4" skipped="0" failures="0" errors="0" timestamp="2020-05-29T14:01:24" hostname="bamboo-18" time="0.017">
  <properties/>
  <testcase name="servletResponse()" classname="org.springframework.web.servlet.mvc.method.annotation.ServletResponseMethodArgumentResolverTests" time="0.0"/>
  <testcase name="writer()" classname="org.springframework.web.servlet.mvc.method.annotation.ServletResponseMethodArgumentResolverTests" time="0.0"/>
  <testcase name="outputStream()" classname="org.springframework.web.servlet.mvc.method.annotation.ServletResponseMethodArgumentResolverTests" time="0.016"/>
  <testcase name="servletResponseNoMavContainer()" classname="org.springframework.web.servlet.mvc.method.annotation.ServletResponseMethodArgumentResolverTests" time="0.001"/>
  <system-out><![CDATA[]]></system-out>
  <system-err><![CDATA[]]></system-err>
</testsuite>
