<?xml version="1.0" encoding="UTF-8"?>
<testsuite name="org.springframework.web.servlet.mvc.method.annotation.ModelAndViewResolverMethodReturnValueHandlerTests" tests="5" skipped="0" failures="0" errors="0" timestamp="2021-06-20T08:13:03" hostname="gankangdembp" time="0.013">
  <properties/>
  <testcase name="handleNonSimpleType()" classname="org.springframework.web.servlet.mvc.method.annotation.ModelAndViewResolverMethodReturnValueHandlerTests" time="0.001"/>
  <testcase name="handleSimpleType()" classname="org.springframework.web.servlet.mvc.method.annotation.ModelAndViewResolverMethodReturnValueHandlerTests" time="0.009"/>
  <testcase name="modelAndViewResolverUnresolved()" classname="org.springframework.web.servlet.mvc.method.annotation.ModelAndViewResolverMethodReturnValueHandlerTests" time="0.002"/>
  <testcase name="handleNull()" classname="org.springframework.web.servlet.mvc.method.annotation.ModelAndViewResolverMethodReturnValueHandlerTests" time="0.001"/>
  <testcase name="modelAndViewResolver()" classname="org.springframework.web.servlet.mvc.method.annotation.ModelAndViewResolverMethodReturnValueHandlerTests" time="0.0"/>
  <system-out><![CDATA[]]></system-out>
  <system-err><![CDATA[]]></system-err>
</testsuite>
