<?xml version="1.0" encoding="UTF-8"?>
<testsuite name="org.springframework.web.servlet.view.feed.RssFeedViewTests" tests="1" skipped="0" failures="0" errors="0" timestamp="2021-06-20T08:13:53" hostname="gankangdembp" time="0.163">
  <properties/>
  <testcase name="render()" classname="org.springframework.web.servlet.view.feed.RssFeedViewTests" time="0.163"/>
  <system-out><![CDATA[]]></system-out>
  <system-err><![CDATA[]]></system-err>
</testsuite>
