<?xml version="1.0" encoding="UTF-8"?>
<testsuite name="org.springframework.web.servlet.tags.form.LabelTagTests" tests="4" skipped="0" failures="0" errors="0" timestamp="2020-05-29T14:01:32" hostname="bamboo-18" time="0.023">
  <properties/>
  <testcase name="simpleRenderWithMapElement()" classname="org.springframework.web.servlet.tags.form.LabelTagTests" time="0.002"/>
  <testcase name="simpleRender()" classname="org.springframework.web.servlet.tags.form.LabelTagTests" time="0.008"/>
  <testcase name="simpleRenderWithDynamicAttributes()" classname="org.springframework.web.servlet.tags.form.LabelTagTests" time="0.002"/>
  <testcase name="overrideFor()" classname="org.springframework.web.servlet.tags.form.LabelTagTests" time="0.002"/>
  <system-out><![CDATA[]]></system-out>
  <system-err><![CDATA[]]></system-err>
</testsuite>
