<?xml version="1.0" encoding="UTF-8"?>
<testsuite name="org.springframework.web.servlet.function.RouterFunctionDslTests" tests="13" skipped="0" failures="0" errors="0" timestamp="2021-06-20T08:14:00" hostname="gankangdembp" time="0.069">
  <properties/>
  <testcase name="accept()" classname="org.springframework.web.servlet.function.RouterFunctionDslTests" time="0.031"/>
  <testcase name="header()" classname="org.springframework.web.servlet.function.RouterFunctionDslTests" time="0.002"/>
  <testcase name="method()" classname="org.springframework.web.servlet.function.RouterFunctionDslTests" time="0.002"/>
  <testcase name="filtering()" classname="org.springframework.web.servlet.function.RouterFunctionDslTests" time="0.004"/>
  <testcase name="resourceByPath()" classname="org.springframework.web.servlet.function.RouterFunctionDslTests" time="0.003"/>
  <testcase name="contentType()" classname="org.springframework.web.servlet.function.RouterFunctionDslTests" time="0.002"/>
  <testcase name="resource()" classname="org.springframework.web.servlet.function.RouterFunctionDslTests" time="0.002"/>
  <testcase name="path()" classname="org.springframework.web.servlet.function.RouterFunctionDslTests" time="0.002"/>
  <testcase name="emptyRouter()" classname="org.springframework.web.servlet.function.RouterFunctionDslTests" time="0.003"/>
  <testcase name="acceptAndPOSTWithRequestPredicate()" classname="org.springframework.web.servlet.function.RouterFunctionDslTests" time="0.001"/>
  <testcase name="rendering()" classname="org.springframework.web.servlet.function.RouterFunctionDslTests" time="0.002"/>
  <testcase name="acceptAndPOST()" classname="org.springframework.web.servlet.function.RouterFunctionDslTests" time="0.001"/>
  <testcase name="noRoute()" classname="org.springframework.web.servlet.function.RouterFunctionDslTests" time="0.002"/>
  <system-out><![CDATA[]]></system-out>
  <system-err><![CDATA[]]></system-err>
</testsuite>
