<?xml version="1.0" encoding="UTF-8"?>
<testsuite name="org.springframework.web.servlet.view.script.NashornScriptTemplateTests" tests="2" skipped="0" failures="0" errors="0" timestamp="2021-06-20T08:13:37" hostname="gankangdembp" time="0.407">
  <properties/>
  <testcase name="renderTemplateWithUrl()" classname="org.springframework.web.servlet.view.script.NashornScriptTemplateTests" time="0.343"/>
  <testcase name="renderTemplate()" classname="org.springframework.web.servlet.view.script.NashornScriptTemplateTests" time="0.063"/>
  <system-out><![CDATA[]]></system-out>
  <system-err><![CDATA[]]></system-err>
</testsuite>
