<?xml version="1.0" encoding="UTF-8"?>
<testsuite name="org.springframework.web.servlet.handler.PathMatchingUrlHandlerMappingTests" tests="4" skipped="0" failures="0" errors="0" timestamp="2020-05-29T14:01:32" hostname="bamboo-18" time="0.011">
  <properties/>
  <testcase name="defaultMapping()" classname="org.springframework.web.servlet.handler.PathMatchingUrlHandlerMappingTests" time="0.002"/>
  <testcase name="actualPathMatching()" classname="org.springframework.web.servlet.handler.PathMatchingUrlHandlerMappingTests" time="0.004"/>
  <testcase name="mappingExposedInRequest()" classname="org.springframework.web.servlet.handler.PathMatchingUrlHandlerMappingTests" time="0.002"/>
  <testcase name="requestsWithHandlers()" classname="org.springframework.web.servlet.handler.PathMatchingUrlHandlerMappingTests" time="0.002"/>
  <system-out><![CDATA[]]></system-out>
  <system-err><![CDATA[]]></system-err>
</testsuite>
