<?xml version="1.0" encoding="UTF-8"?>
<testsuite name="org.springframework.web.servlet.tags.form.OptionsTagTests" tests="7" skipped="0" failures="0" errors="0" timestamp="2021-06-20T08:13:27" hostname="gankangdembp" time="0.146">
  <properties/>
  <testcase name="withoutItems()" classname="org.springframework.web.servlet.tags.form.OptionsTagTests" time="0.009"/>
  <testcase name="withItemsNullReference()" classname="org.springframework.web.servlet.tags.form.OptionsTagTests" time="0.007"/>
  <testcase name="withCollection()" classname="org.springframework.web.servlet.tags.form.OptionsTagTests" time="0.083"/>
  <testcase name="withoutItemsEnumParent()" classname="org.springframework.web.servlet.tags.form.OptionsTagTests" time="0.013"/>
  <testcase name="withCollectionAndCustomEditor()" classname="org.springframework.web.servlet.tags.form.OptionsTagTests" time="0.013"/>
  <testcase name="withCollectionAndDynamicAttributes()" classname="org.springframework.web.servlet.tags.form.OptionsTagTests" time="0.008"/>
  <testcase name="withoutItemsEnumParentWithExplicitLabelsAndValues()" classname="org.springframework.web.servlet.tags.form.OptionsTagTests" time="0.012"/>
  <system-out><![CDATA[]]></system-out>
  <system-err><![CDATA[]]></system-err>
</testsuite>
