<?xml version="1.0" encoding="UTF-8"?>
<testsuite name="org.springframework.web.servlet.tags.form.HiddenInputTagTests" tests="5" skipped="0" failures="0" errors="0" timestamp="2020-05-29T14:01:31" hostname="bamboo-18" time="0.012">
  <properties/>
  <testcase name="disabledTrue()" classname="org.springframework.web.servlet.tags.form.HiddenInputTagTests" time="0.003"/>
  <testcase name="render()" classname="org.springframework.web.servlet.tags.form.HiddenInputTagTests" time="0.002"/>
  <testcase name="dynamicTypeAttribute()" classname="org.springframework.web.servlet.tags.form.HiddenInputTagTests" time="0.003"/>
  <testcase name="disabledFalse()" classname="org.springframework.web.servlet.tags.form.HiddenInputTagTests" time="0.002"/>
  <testcase name="withCustomBinder()" classname="org.springframework.web.servlet.tags.form.HiddenInputTagTests" time="0.002"/>
  <system-out><![CDATA[]]></system-out>
  <system-err><![CDATA[]]></system-err>
</testsuite>
