<?xml version="1.0" encoding="UTF-8"?>
<testsuite name="org.springframework.web.servlet.mvc.method.annotation.PathVariableMethodArgumentResolverTests" tests="8" skipped="0" failures="0" errors="0" timestamp="2021-06-20T08:12:53" hostname="gankangdembp" time="0.034">
  <properties/>
  <testcase name="handleMissingValue()" classname="org.springframework.web.servlet.mvc.method.annotation.PathVariableMethodArgumentResolverTests" time="0.002"/>
  <testcase name="wrapEmptyWithOptional()" classname="org.springframework.web.servlet.mvc.method.annotation.PathVariableMethodArgumentResolverTests" time="0.001"/>
  <testcase name="resolveArgumentWithExistingPathVars()" classname="org.springframework.web.servlet.mvc.method.annotation.PathVariableMethodArgumentResolverTests" time="0.02"/>
  <testcase name="resolveArgumentWrappedAsOptional()" classname="org.springframework.web.servlet.mvc.method.annotation.PathVariableMethodArgumentResolverTests" time="0.002"/>
  <testcase name="resolveArgument()" classname="org.springframework.web.servlet.mvc.method.annotation.PathVariableMethodArgumentResolverTests" time="0.001"/>
  <testcase name="resolveArgumentNotRequired()" classname="org.springframework.web.servlet.mvc.method.annotation.PathVariableMethodArgumentResolverTests" time="0.001"/>
  <testcase name="nullIfNotRequired()" classname="org.springframework.web.servlet.mvc.method.annotation.PathVariableMethodArgumentResolverTests" time="0.001"/>
  <testcase name="supportsParameter()" classname="org.springframework.web.servlet.mvc.method.annotation.PathVariableMethodArgumentResolverTests" time="0.001"/>
  <system-out><![CDATA[]]></system-out>
  <system-err><![CDATA[]]></system-err>
</testsuite>
