<?xml version="1.0" encoding="UTF-8"?>
<testsuite name="org.springframework.web.servlet.config.annotation.DelegatingWebMvcConfigurationTests" tests="7" skipped="0" failures="0" errors="0" timestamp="2021-06-20T08:13:10" hostname="gankangdembp" time="0.193">
  <properties/>
  <testcase name="requestMappingHandlerAdapter()" classname="org.springframework.web.servlet.config.annotation.DelegatingWebMvcConfigurationTests" time="0.104"/>
  <testcase name="configureExceptionResolvers()" classname="org.springframework.web.servlet.config.annotation.DelegatingWebMvcConfigurationTests" time="0.003"/>
  <testcase name="configurePathMatch()" classname="org.springframework.web.servlet.config.annotation.DelegatingWebMvcConfigurationTests" time="0.003"/>
  <testcase name="getCustomMessageCodesResolver()" classname="org.springframework.web.servlet.config.annotation.DelegatingWebMvcConfigurationTests" time="0.001"/>
  <testcase name="getCustomValidator()" classname="org.springframework.web.servlet.config.annotation.DelegatingWebMvcConfigurationTests" time="0.002"/>
  <testcase name="configureMessageConverters()" classname="org.springframework.web.servlet.config.annotation.DelegatingWebMvcConfigurationTests" time="0.017"/>
  <testcase name="handlerExceptionResolver()" classname="org.springframework.web.servlet.config.annotation.DelegatingWebMvcConfigurationTests" time="0.054"/>
  <system-out><![CDATA[]]></system-out>
  <system-err><![CDATA[]]></system-err>
</testsuite>
