<?xml version="1.0" encoding="UTF-8"?>
<testsuite name="org.springframework.web.context.XmlWebApplicationContextTests" tests="42" skipped="0" failures="0" errors="0" timestamp="2021-06-20T08:13:57" hostname="gankangdembp" time="0.739">
  <properties/>
  <testcase name="factoryIsInitialized()" classname="org.springframework.web.context.XmlWebApplicationContextTests" time="0.025"/>
  <testcase name="inheritance()" classname="org.springframework.web.context.XmlWebApplicationContextTests" time="0.019"/>
  <testcase name="factorySingleton()" classname="org.springframework.web.context.XmlWebApplicationContextTests" time="0.026"/>
  <testcase name="getSharedInstanceByMatchingClassNoCatch()" classname="org.springframework.web.context.XmlWebApplicationContextTests" time="0.019"/>
  <testcase name="getSharedInstanceByMatchingClass()" classname="org.springframework.web.context.XmlWebApplicationContextTests" time="0.018"/>
  <testcase name="getSharedInstanceByNonmatchingClass()" classname="org.springframework.web.context.XmlWebApplicationContextTests" time="0.02"/>
  <testcase name="prototypeInstancesAreIndependent()" classname="org.springframework.web.context.XmlWebApplicationContextTests" time="0.017"/>
  <testcase name="factoryPrototype()" classname="org.springframework.web.context.XmlWebApplicationContextTests" time="0.018"/>
  <testcase name="lifecycleCallbacks()" classname="org.springframework.web.context.XmlWebApplicationContextTests" time="0.017"/>
  <testcase name="typeMismatch()" classname="org.springframework.web.context.XmlWebApplicationContextTests" time="0.017"/>
  <testcase name="grandparentDefinitionFoundInBeanFactory()" classname="org.springframework.web.context.XmlWebApplicationContextTests" time="0.02"/>
  <testcase name="validEmpty()" classname="org.springframework.web.context.XmlWebApplicationContextTests" time="0.017"/>
  <testcase name="findsValidInstance()" classname="org.springframework.web.context.XmlWebApplicationContextTests" time="0.017"/>
  <testcase name="getFactoryItself()" classname="org.springframework.web.context.XmlWebApplicationContextTests" time="0.017"/>
  <testcase name="getInstanceByMatchingClass()" classname="org.springframework.web.context.XmlWebApplicationContextTests" time="0.016"/>
  <testcase name="getInstanceByNonmatchingClass()" classname="org.springframework.web.context.XmlWebApplicationContextTests" time="0.018"/>
  <testcase name="getBeanWithNullArg()" classname="org.springframework.web.context.XmlWebApplicationContextTests" time="0.016"/>
  <testcase name="rejectsFactoryGetOnNormalBean()" classname="org.springframework.web.context.XmlWebApplicationContextTests" time="0.016"/>
  <testcase name="sharedInstancesAreEqual()" classname="org.springframework.web.context.XmlWebApplicationContextTests" time="0.016"/>
  <testcase name="notThere()" classname="org.springframework.web.context.XmlWebApplicationContextTests" time="0.016"/>
  <testcase name="aliasing()" classname="org.springframework.web.context.XmlWebApplicationContextTests" time="0.014"/>
  <testcase name="initializingBeanCallback()" classname="org.springframework.web.context.XmlWebApplicationContextTests" time="0.015"/>
  <testcase name="containsBeanDefinition()" classname="org.springframework.web.context.XmlWebApplicationContextTests" time="0.016"/>
  <testcase name="getDefinitionsForNoSuchClass()" classname="org.springframework.web.context.XmlWebApplicationContextTests" time="0.017"/>
  <testcase name="getCountForFactoryClass()" classname="org.springframework.web.context.XmlWebApplicationContextTests" time="0.016"/>
  <testcase name="closeTriggersDestroy()" classname="org.springframework.web.context.XmlWebApplicationContextTests" time="0.016"/>
  <testcase name="grandparentNull()" classname="org.springframework.web.context.XmlWebApplicationContextTests" time="0.015"/>
  <testcase name="eventsWithNoSource()" classname="org.springframework.web.context.XmlWebApplicationContextTests" time="0.018"/>
  <testcase name="parentNonNull()" classname="org.springframework.web.context.XmlWebApplicationContextTests" time="0.016"/>
  <testcase name="grandparentDefinitionFound()" classname="org.springframework.web.context.XmlWebApplicationContextTests" time="0.023"/>
  <testcase name="messageSource()" classname="org.springframework.web.context.XmlWebApplicationContextTests" time="0.019"/>
  <testcase name="events()" classname="org.springframework.web.context.XmlWebApplicationContextTests" time="0.016"/>
  <testcase name="contextAwareSingletonWasCalledBack()" classname="org.springframework.web.context.XmlWebApplicationContextTests" time="0.016"/>
  <testcase name="contextAwarePrototypeWasCalledBack()" classname="org.springframework.web.context.XmlWebApplicationContextTests" time="0.016"/>
  <testcase name="overrideWorked()" classname="org.springframework.web.context.XmlWebApplicationContextTests" time="0.016"/>
  <testcase name="beanAutomaticallyHearsEvents()" classname="org.springframework.web.context.XmlWebApplicationContextTests" time="0.016"/>
  <testcase name="grandparentTypedDefinitionFound()" classname="org.springframework.web.context.XmlWebApplicationContextTests" time="0.015"/>
  <testcase name="initializingBeanAndInitMethod()" classname="org.springframework.web.context.XmlWebApplicationContextTests" time="0.017"/>
  <testcase name="withoutMessageSource()" classname="org.springframework.web.context.XmlWebApplicationContextTests" time="0.02"/>
  <testcase name="count()" classname="org.springframework.web.context.XmlWebApplicationContextTests" time="0.017"/>
  <testcase name="environmentMerge()" classname="org.springframework.web.context.XmlWebApplicationContextTests" time="0.016"/>
  <testcase name="contextNesting()" classname="org.springframework.web.context.XmlWebApplicationContextTests" time="0.016"/>
  <system-out><![CDATA[]]></system-out>
  <system-err><![CDATA[]]></system-err>
</testsuite>
