<?xml version="1.0" encoding="UTF-8"?>
<testsuite name="org.springframework.web.servlet.mvc.method.annotation.StreamingResponseBodyReturnValueHandlerTests" tests="5" skipped="0" failures="0" errors="0" timestamp="2020-05-29T14:01:27" hostname="bamboo-18" time="0.027">
  <properties/>
  <testcase name="streamingResponseBody()" classname="org.springframework.web.servlet.mvc.method.annotation.StreamingResponseBodyReturnValueHandlerTests" time="0.018"/>
  <testcase name="responseEntity()" classname="org.springframework.web.servlet.mvc.method.annotation.StreamingResponseBodyReturnValueHandlerTests" time="0.008"/>
  <testcase name="responseEntityNoContent()" classname="org.springframework.web.servlet.mvc.method.annotation.StreamingResponseBodyReturnValueHandlerTests" time="0.0"/>
  <testcase name="responseEntityWithHeadersAndNoContent()" classname="org.springframework.web.servlet.mvc.method.annotation.StreamingResponseBodyReturnValueHandlerTests" time="0.0"/>
  <testcase name="supportsReturnType()" classname="org.springframework.web.servlet.mvc.method.annotation.StreamingResponseBodyReturnValueHandlerTests" time="0.0"/>
  <system-out><![CDATA[]]></system-out>
  <system-err><![CDATA[]]></system-err>
</testsuite>
