<?xml version="1.0" encoding="UTF-8"?>
<testsuite name="org.springframework.web.servlet.view.feed.AtomFeedViewTests" tests="1" skipped="0" failures="0" errors="0" timestamp="2020-05-29T14:01:40" hostname="bamboo-18" time="0.329">
  <properties/>
  <testcase name="render()" classname="org.springframework.web.servlet.view.feed.AtomFeedViewTests" time="0.329"/>
  <system-out><![CDATA[]]></system-out>
  <system-err><![CDATA[]]></system-err>
</testsuite>
