<?xml version="1.0" encoding="UTF-8"?>
<testsuite name="org.springframework.web.servlet.function.ServerRequestExtensionsTests" tests="13" skipped="0" failures="0" errors="0" timestamp="2021-06-20T08:14:00" hostname="gankangdembp" time="0.815">
  <properties/>
  <testcase name="contentTypeOrNull with value()" classname="org.springframework.web.servlet.function.ServerRequestExtensionsTests" time="0.463"/>
  <testcase name="contentLengthOrNull with value()" classname="org.springframework.web.servlet.function.ServerRequestExtensionsTests" time="0.07"/>
  <testcase name="attributeOrNull with null()" classname="org.springframework.web.servlet.function.ServerRequestExtensionsTests" time="0.056"/>
  <testcase name="remoteAddressOrNull with value()" classname="org.springframework.web.servlet.function.ServerRequestExtensionsTests" time="0.013"/>
  <testcase name="principalOrNull with value()" classname="org.springframework.web.servlet.function.ServerRequestExtensionsTests" time="0.107"/>
  <testcase name="principalOrNull with null()" classname="org.springframework.web.servlet.function.ServerRequestExtensionsTests" time="0.009"/>
  <testcase name="paramOrNull with null()" classname="org.springframework.web.servlet.function.ServerRequestExtensionsTests" time="0.01"/>
  <testcase name="paramOrNull with value()" classname="org.springframework.web.servlet.function.ServerRequestExtensionsTests" time="0.006"/>
  <testcase name="body()" classname="org.springframework.web.servlet.function.ServerRequestExtensionsTests" time="0.03"/>
  <testcase name="contentTypeOrNull with null()" classname="org.springframework.web.servlet.function.ServerRequestExtensionsTests" time="0.005"/>
  <testcase name="attributeOrNull with value()" classname="org.springframework.web.servlet.function.ServerRequestExtensionsTests" time="0.006"/>
  <testcase name="contentLengthOrNull with null()" classname="org.springframework.web.servlet.function.ServerRequestExtensionsTests" time="0.006"/>
  <testcase name="remoteAddressOrNull with null()" classname="org.springframework.web.servlet.function.ServerRequestExtensionsTests" time="0.006"/>
  <system-out><![CDATA[]]></system-out>
  <system-err><![CDATA[]]></system-err>
</testsuite>
