<?xml version="1.0" encoding="UTF-8"?>
<testsuite name="org.springframework.web.servlet.resource.ResourceUrlProviderTests" tests="7" skipped="0" failures="0" errors="0" timestamp="2020-05-29T14:01:38" hostname="bamboo-18" time="0.048">
  <properties/>
  <testcase name="getStaticResourceUrl()" classname="org.springframework.web.servlet.resource.ResourceUrlProviderTests" time="0.001"/>
  <testcase name="getStaticResourceUrlRequestWithQueryOrHash()" classname="org.springframework.web.servlet.resource.ResourceUrlProviderTests" time="0.0"/>
  <testcase name="getFingerprintedResourceUrl()" classname="org.springframework.web.servlet.resource.ResourceUrlProviderTests" time="0.001"/>
  <testcase name="bestPatternMatch()" classname="org.springframework.web.servlet.resource.ResourceUrlProviderTests" time="0.001"/>
  <testcase name="getForLookupPathShouldNotFailIfPathContainsDoubleSlashes()" classname="org.springframework.web.servlet.resource.ResourceUrlProviderTests" time="0.001"/>
  <testcase name="getStaticResourceWithMissingContextPath()" classname="org.springframework.web.servlet.resource.ResourceUrlProviderTests" time="0.0"/>
  <testcase name="initializeOnce()" classname="org.springframework.web.servlet.resource.ResourceUrlProviderTests" time="0.026"/>
  <system-out><![CDATA[]]></system-out>
  <system-err><![CDATA[]]></system-err>
</testsuite>
