<?xml version="1.0" encoding="UTF-8"?>
<testsuite name="org.springframework.web.servlet.mvc.WebContentInterceptorTests" tests="8" skipped="0" failures="0" errors="0" timestamp="2020-05-29T14:01:29" hostname="bamboo-18" time="0.013">
  <properties/>
  <testcase name="preventCacheConfiguration()" classname="org.springframework.web.servlet.mvc.WebContentInterceptorTests" time="0.001"/>
  <testcase name="cachingConfigAndPragmaHeader()" classname="org.springframework.web.servlet.mvc.WebContentInterceptorTests" time="0.0"/>
  <testcase name="emptyCacheConfiguration()" classname="org.springframework.web.servlet.mvc.WebContentInterceptorTests" time="0.0"/>
  <testcase name="mappedCacheConfigurationOverridesGlobal()" classname="org.springframework.web.servlet.mvc.WebContentInterceptorTests" time="0.0"/>
  <testcase name="http10CachingConfigAndSpecificMapping()" classname="org.springframework.web.servlet.mvc.WebContentInterceptorTests" time="0.011"/>
  <testcase name="http10CachingConfigAndPragmaHeader()" classname="org.springframework.web.servlet.mvc.WebContentInterceptorTests" time="0.0"/>
  <testcase name="throwsExceptionWithNullPathMatcher()" classname="org.springframework.web.servlet.mvc.WebContentInterceptorTests" time="0.0"/>
  <testcase name="cacheResourcesConfiguration()" classname="org.springframework.web.servlet.mvc.WebContentInterceptorTests" time="0.0"/>
  <system-out><![CDATA[]]></system-out>
  <system-err><![CDATA[]]></system-err>
</testsuite>
