<?xml version="1.0" encoding="UTF-8"?>
<testsuite name="org.springframework.web.servlet.mvc.method.annotation.ViewNameMethodReturnValueHandlerTests" tests="5" skipped="0" failures="0" errors="0" timestamp="2020-05-29T14:01:27" hostname="bamboo-18" time="0.0">
  <properties/>
  <testcase name="returnViewCustomRedirect()" classname="org.springframework.web.servlet.mvc.method.annotation.ViewNameMethodReturnValueHandlerTests" time="0.0"/>
  <testcase name="returnViewRedirectWithCustomRedirectPattern()" classname="org.springframework.web.servlet.mvc.method.annotation.ViewNameMethodReturnValueHandlerTests" time="0.0"/>
  <testcase name="returnViewNameRedirect()" classname="org.springframework.web.servlet.mvc.method.annotation.ViewNameMethodReturnValueHandlerTests" time="0.0"/>
  <testcase name="returnViewName()" classname="org.springframework.web.servlet.mvc.method.annotation.ViewNameMethodReturnValueHandlerTests" time="0.0"/>
  <testcase name="supportsReturnType()" classname="org.springframework.web.servlet.mvc.method.annotation.ViewNameMethodReturnValueHandlerTests" time="0.0"/>
  <system-out><![CDATA[]]></system-out>
  <system-err><![CDATA[]]></system-err>
</testsuite>
