<?xml version="1.0" encoding="UTF-8"?>
<testsuite name="org.springframework.web.servlet.function.DefaultRenderingResponseTests" tests="10" skipped="0" failures="0" errors="0" timestamp="2020-05-29T14:01:15" hostname="bamboo-18" time="0.012">
  <properties/>
  <testcase name="notModifiedEtag()" classname="org.springframework.web.servlet.function.DefaultRenderingResponseTests" time="0.007"/>
  <testcase name="create()" classname="org.springframework.web.servlet.function.DefaultRenderingResponseTests" time="0.0"/>
  <testcase name="modelAttributes()" classname="org.springframework.web.servlet.function.DefaultRenderingResponseTests" time="0.0"/>
  <testcase name="status()" classname="org.springframework.web.servlet.function.DefaultRenderingResponseTests" time="0.0"/>
  <testcase name="modelAttribute()" classname="org.springframework.web.servlet.function.DefaultRenderingResponseTests" time="0.001"/>
  <testcase name="modelAttributesConventions()" classname="org.springframework.web.servlet.function.DefaultRenderingResponseTests" time="0.0"/>
  <testcase name="notModifiedLastModified()" classname="org.springframework.web.servlet.function.DefaultRenderingResponseTests" time="0.001"/>
  <testcase name="headers()" classname="org.springframework.web.servlet.function.DefaultRenderingResponseTests" time="0.0"/>
  <testcase name="cookies()" classname="org.springframework.web.servlet.function.DefaultRenderingResponseTests" time="0.001"/>
  <testcase name="modelAttributeConventions()" classname="org.springframework.web.servlet.function.DefaultRenderingResponseTests" time="0.0"/>
  <system-out><![CDATA[]]></system-out>
  <system-err><![CDATA[]]></system-err>
</testsuite>
