<?xml version="1.0" encoding="UTF-8"?>
<testsuite name="org.springframework.web.servlet.handler.PathMatchingUrlHandlerMappingTests" tests="4" skipped="0" failures="0" errors="0" timestamp="2021-06-20T08:12:34" hostname="gankangdembp" time="0.281">
  <properties/>
  <testcase name="defaultMapping()" classname="org.springframework.web.servlet.handler.PathMatchingUrlHandlerMappingTests" time="0.037"/>
  <testcase name="actualPathMatching()" classname="org.springframework.web.servlet.handler.PathMatchingUrlHandlerMappingTests" time="0.132"/>
  <testcase name="mappingExposedInRequest()" classname="org.springframework.web.servlet.handler.PathMatchingUrlHandlerMappingTests" time="0.015"/>
  <testcase name="requestsWithHandlers()" classname="org.springframework.web.servlet.handler.PathMatchingUrlHandlerMappingTests" time="0.094"/>
  <system-out><![CDATA[]]></system-out>
  <system-err><![CDATA[]]></system-err>
</testsuite>
