<?xml version="1.0" encoding="UTF-8"?>
<testsuite name="org.springframework.web.context.support.HttpRequestHandlerTests" tests="1" skipped="0" failures="0" errors="0" timestamp="2021-06-20T08:13:57" hostname="gankangdembp" time="0.004">
  <properties/>
  <testcase name="testHttpRequestHandlerServletPassThrough()" classname="org.springframework.web.context.support.HttpRequestHandlerTests" time="0.004"/>
  <system-out><![CDATA[]]></system-out>
  <system-err><![CDATA[]]></system-err>
</testsuite>
