<?xml version="1.0" encoding="UTF-8"?>
<testsuite name="org.springframework.web.servlet.mvc.method.annotation.MvcUriComponentsBuilderTests" tests="40" skipped="0" failures="0" errors="0" timestamp="2021-06-20T08:13:04" hostname="gankangdembp" time="1.054">
  <properties/>
  <testcase name="fromMethodCallWithPathVariable()" classname="org.springframework.web.servlet.mvc.method.annotation.MvcUriComponentsBuilderTests" time="0.019"/>
  <testcase name="fromMethodNameWithOptionalParam()" classname="org.springframework.web.servlet.mvc.method.annotation.MvcUriComponentsBuilderTests" time="0.001"/>
  <testcase name="fromControllerNotMapped()" classname="org.springframework.web.servlet.mvc.method.annotation.MvcUriComponentsBuilderTests" time="0.0"/>
  <testcase name="fromControllerWithPrefix()" classname="org.springframework.web.servlet.mvc.method.annotation.MvcUriComponentsBuilderTests" time="0.118"/>
  <testcase name="fromMethodNameTypeLevelPathVariable()" classname="org.springframework.web.servlet.mvc.method.annotation.MvcUriComponentsBuilderTests" time="0.0"/>
  <testcase name="fromControllerSubResource()" classname="org.springframework.web.servlet.mvc.method.annotation.MvcUriComponentsBuilderTests" time="0.001"/>
  <testcase name="fromMethodCallWithObjectReturnType()" classname="org.springframework.web.servlet.mvc.method.annotation.MvcUriComponentsBuilderTests" time="0.006"/>
  <testcase name="usesFirstHostOfXForwardedHost()" classname="org.springframework.web.servlet.mvc.method.annotation.MvcUriComponentsBuilderTests" time="0.006"/>
  <testcase name="fromMethodNameWithCustomBaseUrlViaStaticCall()" classname="org.springframework.web.servlet.mvc.method.annotation.MvcUriComponentsBuilderTests" time="0.001"/>
  <testcase name="fromMethodNamePathVariable()" classname="org.springframework.web.servlet.mvc.method.annotation.MvcUriComponentsBuilderTests" time="0.001"/>
  <testcase name="fromMappingNameWithPathWithoutLeadingSlash()" classname="org.springframework.web.servlet.mvc.method.annotation.MvcUriComponentsBuilderTests" time="0.122"/>
  <testcase name="fromMappingNamePlain()" classname="org.springframework.web.servlet.mvc.method.annotation.MvcUriComponentsBuilderTests" time="0.096"/>
  <testcase name="fromControllerUriTemplate()" classname="org.springframework.web.servlet.mvc.method.annotation.MvcUriComponentsBuilderTests" time="0.001"/>
  <testcase name="fromMappingNameWithEncoding()" classname="org.springframework.web.servlet.mvc.method.annotation.MvcUriComponentsBuilderTests" time="0.232"/>
  <testcase name="fromMethodNameTypeLevelPathVariableWithoutArgumentValue()" classname="org.springframework.web.servlet.mvc.method.annotation.MvcUriComponentsBuilderTests" time="0.001"/>
  <testcase name="fromMethodCallWithModelAndViewReturnType()" classname="org.springframework.web.servlet.mvc.method.annotation.MvcUriComponentsBuilderTests" time="0.02"/>
  <testcase name="fromMethodCallOnSubclass()" classname="org.springframework.web.servlet.mvc.method.annotation.MvcUriComponentsBuilderTests" time="0.007"/>
  <testcase name="fromControllerWithCustomBaseUrlViaStaticCall()" classname="org.springframework.web.servlet.mvc.method.annotation.MvcUriComponentsBuilderTests" time="0.001"/>
  <testcase name="fromMethodNameWithCustomBaseUrlViaInstance()" classname="org.springframework.web.servlet.mvc.method.annotation.MvcUriComponentsBuilderTests" time="0.001"/>
  <testcase name="fromMethodCallWithStringReturnType()" classname="org.springframework.web.servlet.mvc.method.annotation.MvcUriComponentsBuilderTests" time="0.005"/>
  <testcase name="fromMethodNameWithStringReturnType()" classname="org.springframework.web.servlet.mvc.method.annotation.MvcUriComponentsBuilderTests" time="0.002"/>
  <testcase name="fromMethodCallWithPathVariableAndRequestParams()" classname="org.springframework.web.servlet.mvc.method.annotation.MvcUriComponentsBuilderTests" time="0.006"/>
  <testcase name="fromMethodCallPlain()" classname="org.springframework.web.servlet.mvc.method.annotation.MvcUriComponentsBuilderTests" time="0.0"/>
  <testcase name="fromMethodCallWithPathVariableAndMultiValueRequestParams()" classname="org.springframework.web.servlet.mvc.method.annotation.MvcUriComponentsBuilderTests" time="0.001"/>
  <testcase name="fromMethodCallWithCustomBaseUrlViaStaticCall()" classname="org.springframework.web.servlet.mvc.method.annotation.MvcUriComponentsBuilderTests" time="0.001"/>
  <testcase name="fromMappingNameWithCustomBaseUrl()" classname="org.springframework.web.servlet.mvc.method.annotation.MvcUriComponentsBuilderTests" time="0.119"/>
  <testcase name="fromControllerWithCustomBaseUrlViaInstance()" classname="org.springframework.web.servlet.mvc.method.annotation.MvcUriComponentsBuilderTests" time="0.001"/>
  <testcase name="usesForwardedHostAndPortFromHeader()" classname="org.springframework.web.servlet.mvc.method.annotation.MvcUriComponentsBuilderTests" time="0.001"/>
  <testcase name="fromMethodNameTwoPathVariables()" classname="org.springframework.web.servlet.mvc.method.annotation.MvcUriComponentsBuilderTests" time="0.12"/>
  <testcase name="fromControllerTwoTypeLevelMappings()" classname="org.springframework.web.servlet.mvc.method.annotation.MvcUriComponentsBuilderTests" time="0.0"/>
  <testcase name="usesForwardedHostAsHostIfHeaderIsSet()" classname="org.springframework.web.servlet.mvc.method.annotation.MvcUriComponentsBuilderTests" time="0.0"/>
  <testcase name="fromControllerPlain()" classname="org.springframework.web.servlet.mvc.method.annotation.MvcUriComponentsBuilderTests" time="0.001"/>
  <testcase name="fromMethodCallWithCustomBaseUrlViaInstance()" classname="org.springframework.web.servlet.mvc.method.annotation.MvcUriComponentsBuilderTests" time="0.001"/>
  <testcase name="fromMethodNameWithPathVarAndRequestParam()" classname="org.springframework.web.servlet.mvc.method.annotation.MvcUriComponentsBuilderTests" time="0.001"/>
  <testcase name="fromMethodNameWithBridgedMethod()" classname="org.springframework.web.servlet.mvc.method.annotation.MvcUriComponentsBuilderTests" time="0.001"/>
  <testcase name="fromMethodNameNotMapped()" classname="org.springframework.web.servlet.mvc.method.annotation.MvcUriComponentsBuilderTests" time="0.001"/>
  <testcase name="fromMethodCallWithTypeLevelUriVars()" classname="org.springframework.web.servlet.mvc.method.annotation.MvcUriComponentsBuilderTests" time="0.005"/>
  <testcase name="fromMethodWithPrefix()" classname="org.springframework.web.servlet.mvc.method.annotation.MvcUriComponentsBuilderTests" time="0.128"/>
  <testcase name="fromMethodNameWithMetaAnnotation()" classname="org.springframework.web.servlet.mvc.method.annotation.MvcUriComponentsBuilderTests" time="0.003"/>
  <testcase name="fromMethodNameWithOptionalNamedParam()" classname="org.springframework.web.servlet.mvc.method.annotation.MvcUriComponentsBuilderTests" time="0.002"/>
  <system-out><![CDATA[]]></system-out>
  <system-err><![CDATA[]]></system-err>
</testsuite>
