<?xml version="1.0" encoding="UTF-8"?>
<testsuite name="org.springframework.web.servlet.function.RouterFunctionsTests" tests="4" skipped="0" failures="0" errors="0" timestamp="2020-05-29T14:01:15" hostname="bamboo-18" time="0.03">
  <properties/>
  <testcase name="routeNoMatch()" classname="org.springframework.web.servlet.function.RouterFunctionsTests" time="0.017"/>
  <testcase name="nestNoMatch()" classname="org.springframework.web.servlet.function.RouterFunctionsTests" time="0.011"/>
  <testcase name="routeMatch()" classname="org.springframework.web.servlet.function.RouterFunctionsTests" time="0.0"/>
  <testcase name="nestMatch()" classname="org.springframework.web.servlet.function.RouterFunctionsTests" time="0.001"/>
  <system-out><![CDATA[]]></system-out>
  <system-err><![CDATA[]]></system-err>
</testsuite>
