<?xml version="1.0" encoding="UTF-8"?>
<testsuite name="org.springframework.web.servlet.mvc.annotation.CglibProxyControllerTests" tests="3" skipped="0" failures="0" errors="0" timestamp="2020-05-29T14:01:15" hostname="bamboo-18" time="0.212">
  <properties/>
  <testcase name="methodLevel()" classname="org.springframework.web.servlet.mvc.annotation.CglibProxyControllerTests" time="0.082"/>
  <testcase name="typeLevel()" classname="org.springframework.web.servlet.mvc.annotation.CglibProxyControllerTests" time="0.038"/>
  <testcase name="typeAndMethodLevel()" classname="org.springframework.web.servlet.mvc.annotation.CglibProxyControllerTests" time="0.091"/>
  <system-out><![CDATA[]]></system-out>
  <system-err><![CDATA[]]></system-err>
</testsuite>
