<?xml version="1.0" encoding="UTF-8"?>
<testsuite name="org.springframework.web.servlet.mvc.method.annotation.HandlerMethodAnnotationDetectionTests" tests="13" skipped="0" failures="0" errors="0" timestamp="2020-05-29T14:01:26" hostname="bamboo-18" time="0.949">
  <properties/>
  <testcase name="testRequestMappingMethod(Class, boolean)[1]" classname="org.springframework.web.servlet.mvc.method.annotation.HandlerMethodAnnotationDetectionTests" time="0.098"/>
  <testcase name="testRequestMappingMethod(Class, boolean)[2]" classname="org.springframework.web.servlet.mvc.method.annotation.HandlerMethodAnnotationDetectionTests" time="0.041"/>
  <testcase name="testRequestMappingMethod(Class, boolean)[3]" classname="org.springframework.web.servlet.mvc.method.annotation.HandlerMethodAnnotationDetectionTests" time="0.197"/>
  <testcase name="testRequestMappingMethod(Class, boolean)[4]" classname="org.springframework.web.servlet.mvc.method.annotation.HandlerMethodAnnotationDetectionTests" time="0.08"/>
  <testcase name="testRequestMappingMethod(Class, boolean)[5]" classname="org.springframework.web.servlet.mvc.method.annotation.HandlerMethodAnnotationDetectionTests" time="0.066"/>
  <testcase name="testRequestMappingMethod(Class, boolean)[6]" classname="org.springframework.web.servlet.mvc.method.annotation.HandlerMethodAnnotationDetectionTests" time="0.029"/>
  <testcase name="testRequestMappingMethod(Class, boolean)[7]" classname="org.springframework.web.servlet.mvc.method.annotation.HandlerMethodAnnotationDetectionTests" time="0.076"/>
  <testcase name="testRequestMappingMethod(Class, boolean)[8]" classname="org.springframework.web.servlet.mvc.method.annotation.HandlerMethodAnnotationDetectionTests" time="0.084"/>
  <testcase name="testRequestMappingMethod(Class, boolean)[9]" classname="org.springframework.web.servlet.mvc.method.annotation.HandlerMethodAnnotationDetectionTests" time="0.068"/>
  <testcase name="testRequestMappingMethod(Class, boolean)[10]" classname="org.springframework.web.servlet.mvc.method.annotation.HandlerMethodAnnotationDetectionTests" time="0.027"/>
  <testcase name="testRequestMappingMethod(Class, boolean)[11]" classname="org.springframework.web.servlet.mvc.method.annotation.HandlerMethodAnnotationDetectionTests" time="0.05"/>
  <testcase name="testRequestMappingMethod(Class, boolean)[12]" classname="org.springframework.web.servlet.mvc.method.annotation.HandlerMethodAnnotationDetectionTests" time="0.061"/>
  <testcase name="testRequestMappingMethod(Class, boolean)[13]" classname="org.springframework.web.servlet.mvc.method.annotation.HandlerMethodAnnotationDetectionTests" time="0.037"/>
  <system-out><![CDATA[]]></system-out>
  <system-err><![CDATA[]]></system-err>
</testsuite>
