<?xml version="1.0" encoding="UTF-8"?>
<testsuite name="org.springframework.web.servlet.HandlerExecutionChainTests" tests="6" skipped="0" failures="0" errors="0" timestamp="2020-05-29T14:01:29" hostname="bamboo-18" time="0.063">
  <properties/>
  <testcase name="exceptionBeforePreHandle()" classname="org.springframework.web.servlet.HandlerExecutionChainTests" time="0.036"/>
  <testcase name="successAsyncScenario()" classname="org.springframework.web.servlet.HandlerExecutionChainTests" time="0.001"/>
  <testcase name="successScenario()" classname="org.springframework.web.servlet.HandlerExecutionChainTests" time="0.004"/>
  <testcase name="exceptionDuringPreHandle()" classname="org.springframework.web.servlet.HandlerExecutionChainTests" time="0.0"/>
  <testcase name="earlyExitInPreHandle()" classname="org.springframework.web.servlet.HandlerExecutionChainTests" time="0.016"/>
  <testcase name="exceptionAfterPreHandle()" classname="org.springframework.web.servlet.HandlerExecutionChainTests" time="0.003"/>
  <system-out><![CDATA[]]></system-out>
  <system-err><![CDATA[]]></system-err>
</testsuite>
