<?xml version="1.0" encoding="UTF-8"?>
<testsuite name="org.springframework.web.servlet.function.ResourceHandlerFunctionTests" tests="5" skipped="0" failures="0" errors="0" timestamp="2021-06-20T08:13:26" hostname="gankangdembp" time="0.039">
  <properties/>
  <testcase name="options()" classname="org.springframework.web.servlet.function.ResourceHandlerFunctionTests" time="0.018"/>
  <testcase name="get()" classname="org.springframework.web.servlet.function.ResourceHandlerFunctionTests" time="0.013"/>
  <testcase name="head()" classname="org.springframework.web.servlet.function.ResourceHandlerFunctionTests" time="0.003"/>
  <testcase name="getRange()" classname="org.springframework.web.servlet.function.ResourceHandlerFunctionTests" time="0.002"/>
  <testcase name="getInvalidRange()" classname="org.springframework.web.servlet.function.ResourceHandlerFunctionTests" time="0.003"/>
  <system-out><![CDATA[]]></system-out>
  <system-err><![CDATA[]]></system-err>
</testsuite>
