<?xml version="1.0" encoding="UTF-8"?>
<testsuite name="org.springframework.web.servlet.tags.UrlTagTests" tests="36" skipped="0" failures="0" errors="0" timestamp="2020-05-29T14:01:29" hostname="bamboo-18" time="0.298">
  <properties/>
  <testcase name="replaceUriTemplateParamsTemplateWithParamMatchValueEncoded()" classname="org.springframework.web.servlet.tags.UrlTagTests" time="0.026"/>
  <testcase name="createQueryStringOneParamForExsistingQueryString()" classname="org.springframework.web.servlet.tags.UrlTagTests" time="0.003"/>
  <testcase name="createUrlRemoteContext()" classname="org.springframework.web.servlet.tags.UrlTagTests" time="0.008"/>
  <testcase name="createUrlWithParams()" classname="org.springframework.web.servlet.tags.UrlTagTests" time="0.016"/>
  <testcase name="replaceUriTemplateParamsTemplateWithParamMatch()" classname="org.springframework.web.servlet.tags.UrlTagTests" time="0.003"/>
  <testcase name="replaceUriTemplateParamsTemplateWithParamMatchNamePreEncoding()" classname="org.springframework.web.servlet.tags.UrlTagTests" time="0.021"/>
  <testcase name="createUrlWithParamAndExistingQueryString()" classname="org.springframework.web.servlet.tags.UrlTagTests" time="0.003"/>
  <testcase name="replaceUriTemplateParamsTemplateWithPathSegment()" classname="org.springframework.web.servlet.tags.UrlTagTests" time="0.002"/>
  <testcase name="createQueryStringParamEmptyName()" classname="org.springframework.web.servlet.tags.UrlTagTests" time="0.002"/>
  <testcase name="setJavaScriptEscapeTrue()" classname="org.springframework.web.servlet.tags.UrlTagTests" time="0.029"/>
  <testcase name="replaceUriTemplateParamsNoParams()" classname="org.springframework.web.servlet.tags.UrlTagTests" time="0.003"/>
  <testcase name="replaceUriTemplateParamsTemplateWithPath()" classname="org.springframework.web.servlet.tags.UrlTagTests" time="0.002"/>
  <testcase name="createQueryStringParamNullName()" classname="org.springframework.web.servlet.tags.UrlTagTests" time="0.016"/>
  <testcase name="createQueryStringNoParams()" classname="org.springframework.web.servlet.tags.UrlTagTests" time="0.003"/>
  <testcase name="createQueryStringOneParamNullValue()" classname="org.springframework.web.servlet.tags.UrlTagTests" time="0.003"/>
  <testcase name="createQueryStringUrlEncoding()" classname="org.springframework.web.servlet.tags.UrlTagTests" time="0.023"/>
  <testcase name="paramSupport()" classname="org.springframework.web.servlet.tags.UrlTagTests" time="0.022"/>
  <testcase name="createQueryStringTwoParams()" classname="org.springframework.web.servlet.tags.UrlTagTests" time="0.003"/>
  <testcase name="doEndTag()" classname="org.springframework.web.servlet.tags.UrlTagTests" time="0.003"/>
  <testcase name="createQueryStringOneParamAlreadyUsed()" classname="org.springframework.web.servlet.tags.UrlTagTests" time="0.014"/>
  <testcase name="doStartTag()" classname="org.springframework.web.servlet.tags.UrlTagTests" time="0.013"/>
  <testcase name="setHtmlEscapeTrue()" classname="org.springframework.web.servlet.tags.UrlTagTests" time="0.012"/>
  <testcase name="varDefaultScope()" classname="org.springframework.web.servlet.tags.UrlTagTests" time="0.013"/>
  <testcase name="createUrlRemoteContextWithSlash()" classname="org.springframework.web.servlet.tags.UrlTagTests" time="0.002"/>
  <testcase name="createUrlLocalContext()" classname="org.springframework.web.servlet.tags.UrlTagTests" time="0.002"/>
  <testcase name="setHtmlEscapeFalse()" classname="org.springframework.web.servlet.tags.UrlTagTests" time="0.002"/>
  <testcase name="varExplicitScope()" classname="org.springframework.web.servlet.tags.UrlTagTests" time="0.002"/>
  <testcase name="setHtmlEscapeDefault()" classname="org.springframework.web.servlet.tags.UrlTagTests" time="0.018"/>
  <testcase name="createQueryStringOneParam()" classname="org.springframework.web.servlet.tags.UrlTagTests" time="0.003"/>
  <testcase name="createUrlRemoteServer()" classname="org.springframework.web.servlet.tags.UrlTagTests" time="0.002"/>
  <testcase name="createUrlWithTemplateParams()" classname="org.springframework.web.servlet.tags.UrlTagTests" time="0.009"/>
  <testcase name="createQueryStringOneParamEmptyValue()" classname="org.springframework.web.servlet.tags.UrlTagTests" time="0.002"/>
  <testcase name="createUrlRemoteContextSingleSlash()" classname="org.springframework.web.servlet.tags.UrlTagTests" time="0.002"/>
  <testcase name="createUrlRelative()" classname="org.springframework.web.servlet.tags.UrlTagTests" time="0.002"/>
  <testcase name="setHtmlAndJavaScriptEscapeTrue()" classname="org.springframework.web.servlet.tags.UrlTagTests" time="0.002"/>
  <testcase name="replaceUriTemplateParamsTemplateWithoutParamMatch()" classname="org.springframework.web.servlet.tags.UrlTagTests" time="0.001"/>
  <system-out><![CDATA[]]></system-out>
  <system-err><![CDATA[]]></system-err>
</testsuite>
