<?xml version="1.0" encoding="UTF-8"?>
<testsuite name="org.springframework.web.servlet.view.tiles3.TilesViewResolverTests" tests="1" skipped="0" failures="0" errors="0" timestamp="2020-05-29T14:01:43" hostname="bamboo-18" time="0.01">
  <properties/>
  <testcase name="testResolve()" classname="org.springframework.web.servlet.view.tiles3.TilesViewResolverTests" time="0.01"/>
  <system-out><![CDATA[]]></system-out>
  <system-err><![CDATA[]]></system-err>
</testsuite>
