<?xml version="1.0" encoding="UTF-8"?>
<testsuite name="org.springframework.aop.framework.autoproxy.AspectJAutoProxyAdviceOrderIntegrationTests$AfterAdviceLastTests" tests="1" skipped="0" failures="0" errors="0" timestamp="2021-06-20T08:10:14" hostname="gankangdembp" time="0.154">
  <properties/>
  <testcase name="afterAdviceIsInvokedLast(Echo, AfterAdviceLastAspect)" classname="org.springframework.aop.framework.autoproxy.AspectJAutoProxyAdviceOrderIntegrationTests$AfterAdviceLastTests" time="0.154"/>
  <system-out><![CDATA[16:10:13.319 [Test worker] DEBUG o.s.t.c.BootstrapUtils - Instantiating CacheAwareContextLoaderDelegate from class [org.springframework.test.context.cache.DefaultCacheAwareContextLoaderDelegate]
16:10:13.323 [Test worker] DEBUG o.s.t.c.BootstrapUtils - Instantiating BootstrapContext using constructor [public org.springframework.test.context.support.DefaultBootstrapContext(java.lang.Class,org.springframework.test.context.CacheAwareContextLoaderDelegate)]
16:10:13.348 [Test worker] DEBUG o.s.t.c.BootstrapUtils - Instantiating TestContextBootstrapper for test class [org.springframework.aop.framework.autoproxy.AspectJAutoProxyAdviceOrderIntegrationTests$AfterAdviceLastTests] from class [org.springframework.test.context.support.DefaultTestContextBootstrapper]
16:10:13.389 [Test worker] DEBUG o.s.t.c.s.AbstractDelegatingSmartContextLoader - Delegating to AnnotationConfigContextLoader to process context configuration [ContextConfigurationAttributes@5f5a6afd declaringClass = 'org.springframework.aop.framework.autoproxy.AspectJAutoProxyAdviceOrderIntegrationTests$AfterAdviceLastTests', classes = '{class org.springframework.aop.framework.autoproxy.AspectJAutoProxyAdviceOrderIntegrationTests$AfterAdviceLastConfig}', locations = '{}', inheritLocations = true, initializers = '{}', inheritInitializers = true, name = [null], contextLoaderClass = 'org.springframework.test.context.ContextLoader'].
16:10:13.426 [Test worker] DEBUG o.s.t.c.s.ActiveProfilesUtils - Could not find an 'annotation declaring class' for annotation type [org.springframework.test.context.ActiveProfiles] and class [org.springframework.aop.framework.autoproxy.AspectJAutoProxyAdviceOrderIntegrationTests$AfterAdviceLastTests]
16:10:13.427 [Test worker] DEBUG o.s.t.c.s.DefaultTestContextBootstrapper - @TestExecutionListeners is not present for class [org.springframework.aop.framework.autoproxy.AspectJAutoProxyAdviceOrderIntegrationTests$AfterAdviceLastTests]: using defaults.
16:10:13.428 [Test worker] INFO  o.s.t.c.s.DefaultTestContextBootstrapper - Loaded default TestExecutionListener class names from location [META-INF/spring.factories]: [org.springframework.test.context.web.ServletTestExecutionListener, org.springframework.test.context.support.DirtiesContextBeforeModesTestExecutionListener, org.springframework.test.context.support.DependencyInjectionTestExecutionListener, org.springframework.test.context.support.DirtiesContextTestExecutionListener, org.springframework.test.context.transaction.TransactionalTestExecutionListener, org.springframework.test.context.jdbc.SqlScriptsTestExecutionListener, org.springframework.test.context.event.EventPublishingTestExecutionListener]
16:10:13.457 [Test worker] INFO  o.s.t.c.s.DefaultTestContextBootstrapper - Using TestExecutionListeners: [org.springframework.test.context.web.ServletTestExecutionListener@35534391, org.springframework.test.context.support.DirtiesContextBeforeModesTestExecutionListener@dd1fc7d, org.springframework.test.context.support.DependencyInjectionTestExecutionListener@662ae930, org.springframework.test.context.support.DirtiesContextTestExecutionListener@d4760eb, org.springframework.test.context.transaction.TransactionalTestExecutionListener@22a7e519, org.springframework.test.context.jdbc.SqlScriptsTestExecutionListener@2017d724, org.springframework.test.context.event.EventPublishingTestExecutionListener@1145d97f]
16:10:13.458 [Test worker] DEBUG o.s.t.c.s.AbstractDirtiesContextTestExecutionListener - Before test class: context [DefaultTestContext@2733a384 testClass = AspectJAutoProxyAdviceOrderIntegrationTests.AfterAdviceLastTests, testInstance = [null], testMethod = [null], testException = [null], mergedContextConfiguration = [MergedContextConfiguration@3a210556 testClass = AspectJAutoProxyAdviceOrderIntegrationTests.AfterAdviceLastTests, locations = '{}', classes = '{class org.springframework.aop.framework.autoproxy.AspectJAutoProxyAdviceOrderIntegrationTests$AfterAdviceLastConfig}', contextInitializerClasses = '[]', activeProfiles = '{}', propertySourceLocations = '{}', propertySourceProperties = '{}', contextCustomizers = set[[empty]], contextLoader = 'org.springframework.test.context.support.DelegatingSmartContextLoader', parent = [null]], attributes = map[[empty]]], class annotated with @DirtiesContext [true] with mode [AFTER_CLASS].
16:10:13.479 [Test worker] DEBUG o.s.t.c.s.DependencyInjectionTestExecutionListener - Performing dependency injection for test context [[DefaultTestContext@2733a384 testClass = AspectJAutoProxyAdviceOrderIntegrationTests.AfterAdviceLastTests, testInstance = org.springframework.aop.framework.autoproxy.AspectJAutoProxyAdviceOrderIntegrationTests$AfterAdviceLastTests@56c874c7, testMethod = [null], testException = [null], mergedContextConfiguration = [MergedContextConfiguration@3a210556 testClass = AspectJAutoProxyAdviceOrderIntegrationTests.AfterAdviceLastTests, locations = '{}', classes = '{class org.springframework.aop.framework.autoproxy.AspectJAutoProxyAdviceOrderIntegrationTests$AfterAdviceLastConfig}', contextInitializerClasses = '[]', activeProfiles = '{}', propertySourceLocations = '{}', propertySourceProperties = '{}', contextCustomizers = set[[empty]], contextLoader = 'org.springframework.test.context.support.DelegatingSmartContextLoader', parent = [null]], attributes = map[[empty]]]].
16:10:13.481 [Test worker] DEBUG o.s.t.c.s.AbstractDelegatingSmartContextLoader - Delegating to AnnotationConfigContextLoader to load context from [MergedContextConfiguration@3a210556 testClass = AspectJAutoProxyAdviceOrderIntegrationTests.AfterAdviceLastTests, locations = '{}', classes = '{class org.springframework.aop.framework.autoproxy.AspectJAutoProxyAdviceOrderIntegrationTests$AfterAdviceLastConfig}', contextInitializerClasses = '[]', activeProfiles = '{}', propertySourceLocations = '{}', propertySourceProperties = '{}', contextCustomizers = set[[empty]], contextLoader = 'org.springframework.test.context.support.DelegatingSmartContextLoader', parent = [null]].
16:10:13.481 [Test worker] DEBUG o.s.t.c.s.AbstractGenericContextLoader - Loading ApplicationContext for merged context configuration [[MergedContextConfiguration@3a210556 testClass = AspectJAutoProxyAdviceOrderIntegrationTests.AfterAdviceLastTests, locations = '{}', classes = '{class org.springframework.aop.framework.autoproxy.AspectJAutoProxyAdviceOrderIntegrationTests$AfterAdviceLastConfig}', contextInitializerClasses = '[]', activeProfiles = '{}', propertySourceLocations = '{}', propertySourceProperties = '{}', contextCustomizers = set[[empty]], contextLoader = 'org.springframework.test.context.support.DelegatingSmartContextLoader', parent = [null]]].
16:10:13.481 [Test worker] DEBUG o.s.c.e.StandardEnvironment - Activating profiles []
16:10:13.482 [Test worker] DEBUG o.s.t.c.s.AnnotationConfigContextLoader - Registering component classes: {class org.springframework.aop.framework.autoproxy.AspectJAutoProxyAdviceOrderIntegrationTests$AfterAdviceLastConfig}
16:10:13.485 [Test worker] DEBUG o.s.c.s.GenericApplicationContext - Refreshing org.springframework.context.support.GenericApplicationContext@682dd44d
16:10:13.485 [Test worker] DEBUG o.s.b.f.s.DefaultListableBeanFactory - Creating shared instance of singleton bean 'org.springframework.context.annotation.internalConfigurationAnnotationProcessor'
16:10:13.504 [Test worker] DEBUG o.s.b.f.s.DefaultListableBeanFactory - Creating shared instance of singleton bean 'org.springframework.context.event.internalEventListenerProcessor'
16:10:13.504 [Test worker] DEBUG o.s.b.f.s.DefaultListableBeanFactory - Creating shared instance of singleton bean 'org.springframework.context.event.internalEventListenerFactory'
16:10:13.505 [Test worker] DEBUG o.s.b.f.s.DefaultListableBeanFactory - Creating shared instance of singleton bean 'org.springframework.context.annotation.internalAutowiredAnnotationProcessor'
16:10:13.505 [Test worker] DEBUG o.s.b.f.s.DefaultListableBeanFactory - Creating shared instance of singleton bean 'org.springframework.context.annotation.internalCommonAnnotationProcessor'
16:10:13.505 [Test worker] DEBUG o.s.b.f.s.DefaultListableBeanFactory - Creating shared instance of singleton bean 'org.springframework.context.annotation.internalPersistenceAnnotationProcessor'
16:10:13.506 [Test worker] DEBUG o.s.b.f.s.DefaultListableBeanFactory - Creating shared instance of singleton bean 'org.springframework.aop.config.internalAutoProxyCreator'
16:10:13.526 [Test worker] DEBUG o.s.b.f.s.DefaultListableBeanFactory - Creating shared instance of singleton bean 'aspectJAutoProxyAdviceOrderIntegrationTests.AfterAdviceLastConfig'
16:10:13.620 [Test worker] DEBUG o.s.a.a.a.ReflectiveAspectJAdvisorFactory - Found AspectJ method: java.lang.Object org.springframework.aop.framework.autoproxy.AspectJAutoProxyAdviceOrderIntegrationTests$AfterAdviceLastAspect.around(org.aspectj.lang.ProceedingJoinPoint) throws java.lang.Throwable
16:10:13.623 [Test worker] DEBUG o.s.a.a.a.ReflectiveAspectJAdvisorFactory - Found AspectJ method: void org.springframework.aop.framework.autoproxy.AspectJAutoProxyAdviceOrderIntegrationTests$AfterAdviceLastAspect.before()
16:10:13.623 [Test worker] DEBUG o.s.a.a.a.ReflectiveAspectJAdvisorFactory - Found AspectJ method: void org.springframework.aop.framework.autoproxy.AspectJAutoProxyAdviceOrderIntegrationTests$AfterAdviceLastAspect.after()
16:10:13.623 [Test worker] DEBUG o.s.a.a.a.ReflectiveAspectJAdvisorFactory - Found AspectJ method: void org.springframework.aop.framework.autoproxy.AspectJAutoProxyAdviceOrderIntegrationTests$AfterAdviceLastAspect.afterReturning()
16:10:13.624 [Test worker] DEBUG o.s.a.a.a.ReflectiveAspectJAdvisorFactory - Found AspectJ method: void org.springframework.aop.framework.autoproxy.AspectJAutoProxyAdviceOrderIntegrationTests$AfterAdviceLastAspect.afterThrowing()
16:10:14.180 [Test worker] DEBUG o.s.b.f.s.DefaultListableBeanFactory - Creating shared instance of singleton bean 'echoAspect'
16:10:14.185 [Test worker] DEBUG o.s.b.f.s.DefaultListableBeanFactory - Creating shared instance of singleton bean 'echo'
16:10:14.237 [Test worker] DEBUG o.s.t.c.c.DefaultCacheAwareContextLoaderDelegate - Storing ApplicationContext [1747833933] in cache under key [[MergedContextConfiguration@3a210556 testClass = AspectJAutoProxyAdviceOrderIntegrationTests.AfterAdviceLastTests, locations = '{}', classes = '{class org.springframework.aop.framework.autoproxy.AspectJAutoProxyAdviceOrderIntegrationTests$AfterAdviceLastConfig}', contextInitializerClasses = '[]', activeProfiles = '{}', propertySourceLocations = '{}', propertySourceProperties = '{}', contextCustomizers = set[[empty]], contextLoader = 'org.springframework.test.context.support.DelegatingSmartContextLoader', parent = [null]]]
16:10:14.238 [Test worker] DEBUG o.s.t.c.cache - Spring test ApplicationContext cache statistics: [DefaultContextCache@19c913e6 size = 1, maxSize = 32, parentContextCount = 0, hitCount = 0, missCount = 1]
16:10:14.241 [Test worker] DEBUG o.s.t.c.c.DefaultCacheAwareContextLoaderDelegate - Retrieved ApplicationContext [1747833933] from cache with key [[MergedContextConfiguration@3a210556 testClass = AspectJAutoProxyAdviceOrderIntegrationTests.AfterAdviceLastTests, locations = '{}', classes = '{class org.springframework.aop.framework.autoproxy.AspectJAutoProxyAdviceOrderIntegrationTests$AfterAdviceLastConfig}', contextInitializerClasses = '[]', activeProfiles = '{}', propertySourceLocations = '{}', propertySourceProperties = '{}', contextCustomizers = set[[empty]], contextLoader = 'org.springframework.test.context.support.DelegatingSmartContextLoader', parent = [null]]]
16:10:14.241 [Test worker] DEBUG o.s.t.c.cache - Spring test ApplicationContext cache statistics: [DefaultContextCache@19c913e6 size = 1, maxSize = 32, parentContextCount = 0, hitCount = 1, missCount = 1]
16:10:14.243 [Test worker] DEBUG o.s.t.c.s.AbstractDirtiesContextTestExecutionListener - Before test method: context [DefaultTestContext@2733a384 testClass = AspectJAutoProxyAdviceOrderIntegrationTests.AfterAdviceLastTests, testInstance = org.springframework.aop.framework.autoproxy.AspectJAutoProxyAdviceOrderIntegrationTests$AfterAdviceLastTests@56c874c7, testMethod = afterAdviceIsInvokedLast@AspectJAutoProxyAdviceOrderIntegrationTests.AfterAdviceLastTests, testException = [null], mergedContextConfiguration = [MergedContextConfiguration@3a210556 testClass = AspectJAutoProxyAdviceOrderIntegrationTests.AfterAdviceLastTests, locations = '{}', classes = '{class org.springframework.aop.framework.autoproxy.AspectJAutoProxyAdviceOrderIntegrationTests$AfterAdviceLastConfig}', contextInitializerClasses = '[]', activeProfiles = '{}', propertySourceLocations = '{}', propertySourceProperties = '{}', contextCustomizers = set[[empty]], contextLoader = 'org.springframework.test.context.support.DelegatingSmartContextLoader', parent = [null]], attributes = map[[empty]]], class annotated with @DirtiesContext [true] with mode [AFTER_CLASS], method annotated with @DirtiesContext [false] with mode [null].
16:10:14.272 [Test worker] DEBUG o.s.t.c.c.DefaultCacheAwareContextLoaderDelegate - Retrieved ApplicationContext [1747833933] from cache with key [[MergedContextConfiguration@3a210556 testClass = AspectJAutoProxyAdviceOrderIntegrationTests.AfterAdviceLastTests, locations = '{}', classes = '{class org.springframework.aop.framework.autoproxy.AspectJAutoProxyAdviceOrderIntegrationTests$AfterAdviceLastConfig}', contextInitializerClasses = '[]', activeProfiles = '{}', propertySourceLocations = '{}', propertySourceProperties = '{}', contextCustomizers = set[[empty]], contextLoader = 'org.springframework.test.context.support.DelegatingSmartContextLoader', parent = [null]]]
16:10:14.273 [Test worker] DEBUG o.s.t.c.cache - Spring test ApplicationContext cache statistics: [DefaultContextCache@19c913e6 size = 1, maxSize = 32, parentContextCount = 0, hitCount = 2, missCount = 1]
16:10:14.277 [Test worker] DEBUG o.s.t.c.c.DefaultCacheAwareContextLoaderDelegate - Retrieved ApplicationContext [1747833933] from cache with key [[MergedContextConfiguration@3a210556 testClass = AspectJAutoProxyAdviceOrderIntegrationTests.AfterAdviceLastTests, locations = '{}', classes = '{class org.springframework.aop.framework.autoproxy.AspectJAutoProxyAdviceOrderIntegrationTests$AfterAdviceLastConfig}', contextInitializerClasses = '[]', activeProfiles = '{}', propertySourceLocations = '{}', propertySourceProperties = '{}', contextCustomizers = set[[empty]], contextLoader = 'org.springframework.test.context.support.DelegatingSmartContextLoader', parent = [null]]]
16:10:14.278 [Test worker] DEBUG o.s.t.c.cache - Spring test ApplicationContext cache statistics: [DefaultContextCache@19c913e6 size = 1, maxSize = 32, parentContextCount = 0, hitCount = 3, missCount = 1]
16:10:14.302 [Test worker] DEBUG o.s.t.c.c.DefaultCacheAwareContextLoaderDelegate - Retrieved ApplicationContext [1747833933] from cache with key [[MergedContextConfiguration@3a210556 testClass = AspectJAutoProxyAdviceOrderIntegrationTests.AfterAdviceLastTests, locations = '{}', classes = '{class org.springframework.aop.framework.autoproxy.AspectJAutoProxyAdviceOrderIntegrationTests$AfterAdviceLastConfig}', contextInitializerClasses = '[]', activeProfiles = '{}', propertySourceLocations = '{}', propertySourceProperties = '{}', contextCustomizers = set[[empty]], contextLoader = 'org.springframework.test.context.support.DelegatingSmartContextLoader', parent = [null]]]
16:10:14.302 [Test worker] DEBUG o.s.t.c.cache - Spring test ApplicationContext cache statistics: [DefaultContextCache@19c913e6 size = 1, maxSize = 32, parentContextCount = 0, hitCount = 4, missCount = 1]
16:10:14.306 [Test worker] DEBUG o.s.t.c.c.DefaultCacheAwareContextLoaderDelegate - Retrieved ApplicationContext [1747833933] from cache with key [[MergedContextConfiguration@3a210556 testClass = AspectJAutoProxyAdviceOrderIntegrationTests.AfterAdviceLastTests, locations = '{}', classes = '{class org.springframework.aop.framework.autoproxy.AspectJAutoProxyAdviceOrderIntegrationTests$AfterAdviceLastConfig}', contextInitializerClasses = '[]', activeProfiles = '{}', propertySourceLocations = '{}', propertySourceProperties = '{}', contextCustomizers = set[[empty]], contextLoader = 'org.springframework.test.context.support.DelegatingSmartContextLoader', parent = [null]]]
16:10:14.306 [Test worker] DEBUG o.s.t.c.cache - Spring test ApplicationContext cache statistics: [DefaultContextCache@19c913e6 size = 1, maxSize = 32, parentContextCount = 0, hitCount = 5, missCount = 1]
16:10:14.394 [Test worker] DEBUG o.s.t.c.c.DefaultCacheAwareContextLoaderDelegate - Retrieved ApplicationContext [1747833933] from cache with key [[MergedContextConfiguration@3a210556 testClass = AspectJAutoProxyAdviceOrderIntegrationTests.AfterAdviceLastTests, locations = '{}', classes = '{class org.springframework.aop.framework.autoproxy.AspectJAutoProxyAdviceOrderIntegrationTests$AfterAdviceLastConfig}', contextInitializerClasses = '[]', activeProfiles = '{}', propertySourceLocations = '{}', propertySourceProperties = '{}', contextCustomizers = set[[empty]], contextLoader = 'org.springframework.test.context.support.DelegatingSmartContextLoader', parent = [null]]]
16:10:14.394 [Test worker] DEBUG o.s.t.c.cache - Spring test ApplicationContext cache statistics: [DefaultContextCache@19c913e6 size = 1, maxSize = 32, parentContextCount = 0, hitCount = 6, missCount = 1]
16:10:14.396 [Test worker] DEBUG o.s.t.c.c.DefaultCacheAwareContextLoaderDelegate - Retrieved ApplicationContext [1747833933] from cache with key [[MergedContextConfiguration@3a210556 testClass = AspectJAutoProxyAdviceOrderIntegrationTests.AfterAdviceLastTests, locations = '{}', classes = '{class org.springframework.aop.framework.autoproxy.AspectJAutoProxyAdviceOrderIntegrationTests$AfterAdviceLastConfig}', contextInitializerClasses = '[]', activeProfiles = '{}', propertySourceLocations = '{}', propertySourceProperties = '{}', contextCustomizers = set[[empty]], contextLoader = 'org.springframework.test.context.support.DelegatingSmartContextLoader', parent = [null]]]
16:10:14.396 [Test worker] DEBUG o.s.t.c.cache - Spring test ApplicationContext cache statistics: [DefaultContextCache@19c913e6 size = 1, maxSize = 32, parentContextCount = 0, hitCount = 7, missCount = 1]
16:10:14.396 [Test worker] DEBUG o.s.t.c.s.AbstractDirtiesContextTestExecutionListener - After test method: context [DefaultTestContext@2733a384 testClass = AspectJAutoProxyAdviceOrderIntegrationTests.AfterAdviceLastTests, testInstance = org.springframework.aop.framework.autoproxy.AspectJAutoProxyAdviceOrderIntegrationTests$AfterAdviceLastTests@56c874c7, testMethod = afterAdviceIsInvokedLast@AspectJAutoProxyAdviceOrderIntegrationTests.AfterAdviceLastTests, testException = [null], mergedContextConfiguration = [MergedContextConfiguration@3a210556 testClass = AspectJAutoProxyAdviceOrderIntegrationTests.AfterAdviceLastTests, locations = '{}', classes = '{class org.springframework.aop.framework.autoproxy.AspectJAutoProxyAdviceOrderIntegrationTests$AfterAdviceLastConfig}', contextInitializerClasses = '[]', activeProfiles = '{}', propertySourceLocations = '{}', propertySourceProperties = '{}', contextCustomizers = set[[empty]], contextLoader = 'org.springframework.test.context.support.DelegatingSmartContextLoader', parent = [null]], attributes = map[[empty]]], class annotated with @DirtiesContext [true] with mode [AFTER_CLASS], method annotated with @DirtiesContext [false] with mode [null].
16:10:14.398 [Test worker] DEBUG o.s.t.c.c.DefaultCacheAwareContextLoaderDelegate - Retrieved ApplicationContext [1747833933] from cache with key [[MergedContextConfiguration@3a210556 testClass = AspectJAutoProxyAdviceOrderIntegrationTests.AfterAdviceLastTests, locations = '{}', classes = '{class org.springframework.aop.framework.autoproxy.AspectJAutoProxyAdviceOrderIntegrationTests$AfterAdviceLastConfig}', contextInitializerClasses = '[]', activeProfiles = '{}', propertySourceLocations = '{}', propertySourceProperties = '{}', contextCustomizers = set[[empty]], contextLoader = 'org.springframework.test.context.support.DelegatingSmartContextLoader', parent = [null]]]
16:10:14.398 [Test worker] DEBUG o.s.t.c.cache - Spring test ApplicationContext cache statistics: [DefaultContextCache@19c913e6 size = 1, maxSize = 32, parentContextCount = 0, hitCount = 8, missCount = 1]
16:10:14.399 [Test worker] DEBUG o.s.t.c.s.AbstractDirtiesContextTestExecutionListener - After test class: context [DefaultTestContext@2733a384 testClass = AspectJAutoProxyAdviceOrderIntegrationTests.AfterAdviceLastTests, testInstance = [null], testMethod = [null], testException = [null], mergedContextConfiguration = [MergedContextConfiguration@3a210556 testClass = AspectJAutoProxyAdviceOrderIntegrationTests.AfterAdviceLastTests, locations = '{}', classes = '{class org.springframework.aop.framework.autoproxy.AspectJAutoProxyAdviceOrderIntegrationTests$AfterAdviceLastConfig}', contextInitializerClasses = '[]', activeProfiles = '{}', propertySourceLocations = '{}', propertySourceProperties = '{}', contextCustomizers = set[[empty]], contextLoader = 'org.springframework.test.context.support.DelegatingSmartContextLoader', parent = [null]], attributes = map[[empty]]], class annotated with @DirtiesContext [true] with mode [AFTER_CLASS].
16:10:14.399 [Test worker] DEBUG o.s.c.s.GenericApplicationContext - Closing org.springframework.context.support.GenericApplicationContext@682dd44d, started on Sun Jun 20 16:10:13 CST 2021
]]></system-out>
  <system-err><![CDATA[]]></system-err>
</testsuite>
