<?xml version="1.0" encoding="UTF-8"?>
<testsuite name="org.springframework.context.annotation.scope.ClassPathBeanDefinitionScannerScopeIntegrationTests" tests="9" skipped="0" failures="0" errors="0" timestamp="2020-05-29T13:57:11" hostname="bamboo-18" time="0.364">
  <properties/>
  <testcase name="sessionScopeWithNoProxy()" classname="org.springframework.context.annotation.scope.ClassPathBeanDefinitionScannerScopeIntegrationTests" time="0.038"/>
  <testcase name="requestScopeWithNoProxy()" classname="org.springframework.context.annotation.scope.ClassPathBeanDefinitionScannerScopeIntegrationTests" time="0.022"/>
  <testcase name="singletonScopeWithNoProxy()" classname="org.springframework.context.annotation.scope.ClassPathBeanDefinitionScannerScopeIntegrationTests" time="0.02"/>
  <testcase name="sessionScopeWithProxiedTargetClass()" classname="org.springframework.context.annotation.scope.ClassPathBeanDefinitionScannerScopeIntegrationTests" time="0.099"/>
  <testcase name="singletonScopeIgnoresProxyInterfaces()" classname="org.springframework.context.annotation.scope.ClassPathBeanDefinitionScannerScopeIntegrationTests" time="0.028"/>
  <testcase name="requestScopeWithProxiedTargetClass()" classname="org.springframework.context.annotation.scope.ClassPathBeanDefinitionScannerScopeIntegrationTests" time="0.035"/>
  <testcase name="singletonScopeIgnoresProxyTargetClass()" classname="org.springframework.context.annotation.scope.ClassPathBeanDefinitionScannerScopeIntegrationTests" time="0.02"/>
  <testcase name="requestScopeWithProxiedInterfaces()" classname="org.springframework.context.annotation.scope.ClassPathBeanDefinitionScannerScopeIntegrationTests" time="0.019"/>
  <testcase name="sessionScopeWithProxiedInterfaces()" classname="org.springframework.context.annotation.scope.ClassPathBeanDefinitionScannerScopeIntegrationTests" time="0.064"/>
  <system-out><![CDATA[13:57:11.236 [Test worker] DEBUG o.s.c.a.ClassPathBeanDefinitionScanner - Identified candidate component class: file [/opt/bamboo-home/xml-data/build-dir/SPR-PUBM1-JOB1/integration-tests/build/classes/java/test/org/springframework/context/annotation/scope/ClassPathBeanDefinitionScannerScopeIntegrationTests$RequestScopedTestBean.class]
13:57:11.237 [Test worker] DEBUG o.s.c.a.ClassPathBeanDefinitionScanner - Identified candidate component class: file [/opt/bamboo-home/xml-data/build-dir/SPR-PUBM1-JOB1/integration-tests/build/classes/java/test/org/springframework/context/annotation/scope/ClassPathBeanDefinitionScannerScopeIntegrationTests$SessionScopedTestBean.class]
13:57:11.237 [Test worker] DEBUG o.s.c.a.ClassPathBeanDefinitionScanner - Identified candidate component class: file [/opt/bamboo-home/xml-data/build-dir/SPR-PUBM1-JOB1/integration-tests/build/classes/java/test/org/springframework/context/annotation/scope/ClassPathBeanDefinitionScannerScopeIntegrationTests$SingletonScopedTestBean.class]
13:57:11.239 [Test worker] DEBUG o.s.c.a.ClassPathBeanDefinitionScanner - Identified candidate component class: file [/opt/bamboo-home/xml-data/build-dir/SPR-PUBM1-JOB1/integration-tests/build/classes/java/test/org/springframework/context/annotation/scope/ClassPathBeanDefinitionScannerScopeIntegrationTests$RequestScopedTestBean.class]
13:57:11.240 [Test worker] DEBUG o.s.c.a.ClassPathBeanDefinitionScanner - Identified candidate component class: file [/opt/bamboo-home/xml-data/build-dir/SPR-PUBM1-JOB1/integration-tests/build/classes/java/test/org/springframework/context/annotation/scope/ClassPathBeanDefinitionScannerScopeIntegrationTests$SessionScopedTestBean.class]
13:57:11.240 [Test worker] DEBUG o.s.c.a.ClassPathBeanDefinitionScanner - Identified candidate component class: file [/opt/bamboo-home/xml-data/build-dir/SPR-PUBM1-JOB1/integration-tests/build/classes/java/test/org/springframework/context/annotation/scope/ClassPathBeanDefinitionScannerScopeIntegrationTests$SingletonScopedTestBean.class]
13:57:11.240 [Test worker] DEBUG o.s.w.c.s.GenericWebApplicationContext - Refreshing org.springframework.web.context.support.GenericWebApplicationContext@3997da97
13:57:11.241 [Test worker] DEBUG o.s.u.c.s.UiApplicationContextUtils - Unable to locate ThemeSource with name 'themeSource': using default [org.springframework.ui.context.support.ResourceBundleThemeSource@599450d4]
13:57:11.242 [Test worker] DEBUG o.s.b.f.s.DefaultListableBeanFactory - Creating shared instance of singleton bean 'singleton'
13:57:11.261 [Test worker] DEBUG o.s.c.a.ClassPathBeanDefinitionScanner - Identified candidate component class: file [/opt/bamboo-home/xml-data/build-dir/SPR-PUBM1-JOB1/integration-tests/build/classes/java/test/org/springframework/context/annotation/scope/ClassPathBeanDefinitionScannerScopeIntegrationTests$RequestScopedTestBean.class]
13:57:11.262 [Test worker] DEBUG o.s.c.a.ClassPathBeanDefinitionScanner - Identified candidate component class: file [/opt/bamboo-home/xml-data/build-dir/SPR-PUBM1-JOB1/integration-tests/build/classes/java/test/org/springframework/context/annotation/scope/ClassPathBeanDefinitionScannerScopeIntegrationTests$SessionScopedTestBean.class]
13:57:11.262 [Test worker] DEBUG o.s.c.a.ClassPathBeanDefinitionScanner - Identified candidate component class: file [/opt/bamboo-home/xml-data/build-dir/SPR-PUBM1-JOB1/integration-tests/build/classes/java/test/org/springframework/context/annotation/scope/ClassPathBeanDefinitionScannerScopeIntegrationTests$SingletonScopedTestBean.class]
13:57:11.263 [Test worker] DEBUG o.s.c.a.ClassPathBeanDefinitionScanner - Identified candidate component class: file [/opt/bamboo-home/xml-data/build-dir/SPR-PUBM1-JOB1/integration-tests/build/classes/java/test/org/springframework/context/annotation/scope/ClassPathBeanDefinitionScannerScopeIntegrationTests$RequestScopedTestBean.class]
13:57:11.264 [Test worker] DEBUG o.s.c.a.ClassPathBeanDefinitionScanner - Identified candidate component class: file [/opt/bamboo-home/xml-data/build-dir/SPR-PUBM1-JOB1/integration-tests/build/classes/java/test/org/springframework/context/annotation/scope/ClassPathBeanDefinitionScannerScopeIntegrationTests$SessionScopedTestBean.class]
13:57:11.264 [Test worker] DEBUG o.s.c.a.ClassPathBeanDefinitionScanner - Identified candidate component class: file [/opt/bamboo-home/xml-data/build-dir/SPR-PUBM1-JOB1/integration-tests/build/classes/java/test/org/springframework/context/annotation/scope/ClassPathBeanDefinitionScannerScopeIntegrationTests$SingletonScopedTestBean.class]
13:57:11.264 [Test worker] DEBUG o.s.w.c.s.GenericWebApplicationContext - Refreshing org.springframework.web.context.support.GenericWebApplicationContext@ae4b95
13:57:11.279 [Test worker] DEBUG o.s.u.c.s.UiApplicationContextUtils - Unable to locate ThemeSource with name 'themeSource': using default [org.springframework.ui.context.support.ResourceBundleThemeSource@6b405308]
13:57:11.279 [Test worker] DEBUG o.s.b.f.s.DefaultListableBeanFactory - Creating shared instance of singleton bean 'singleton'
13:57:11.285 [Test worker] DEBUG o.s.c.a.ClassPathBeanDefinitionScanner - Identified candidate component class: file [/opt/bamboo-home/xml-data/build-dir/SPR-PUBM1-JOB1/integration-tests/build/classes/java/test/org/springframework/context/annotation/scope/ClassPathBeanDefinitionScannerScopeIntegrationTests$RequestScopedTestBean.class]
13:57:11.285 [Test worker] DEBUG o.s.c.a.ClassPathBeanDefinitionScanner - Identified candidate component class: file [/opt/bamboo-home/xml-data/build-dir/SPR-PUBM1-JOB1/integration-tests/build/classes/java/test/org/springframework/context/annotation/scope/ClassPathBeanDefinitionScannerScopeIntegrationTests$SessionScopedTestBean.class]
13:57:11.286 [Test worker] DEBUG o.s.c.a.ClassPathBeanDefinitionScanner - Identified candidate component class: file [/opt/bamboo-home/xml-data/build-dir/SPR-PUBM1-JOB1/integration-tests/build/classes/java/test/org/springframework/context/annotation/scope/ClassPathBeanDefinitionScannerScopeIntegrationTests$SingletonScopedTestBean.class]
13:57:11.287 [Test worker] DEBUG o.s.c.a.ClassPathBeanDefinitionScanner - Identified candidate component class: file [/opt/bamboo-home/xml-data/build-dir/SPR-PUBM1-JOB1/integration-tests/build/classes/java/test/org/springframework/context/annotation/scope/ClassPathBeanDefinitionScannerScopeIntegrationTests$RequestScopedTestBean.class]
13:57:11.287 [Test worker] DEBUG o.s.c.a.ClassPathBeanDefinitionScanner - Identified candidate component class: file [/opt/bamboo-home/xml-data/build-dir/SPR-PUBM1-JOB1/integration-tests/build/classes/java/test/org/springframework/context/annotation/scope/ClassPathBeanDefinitionScannerScopeIntegrationTests$SessionScopedTestBean.class]
13:57:11.288 [Test worker] DEBUG o.s.c.a.ClassPathBeanDefinitionScanner - Identified candidate component class: file [/opt/bamboo-home/xml-data/build-dir/SPR-PUBM1-JOB1/integration-tests/build/classes/java/test/org/springframework/context/annotation/scope/ClassPathBeanDefinitionScannerScopeIntegrationTests$SingletonScopedTestBean.class]
13:57:11.288 [Test worker] DEBUG o.s.w.c.s.GenericWebApplicationContext - Refreshing org.springframework.web.context.support.GenericWebApplicationContext@524b33fd
13:57:11.288 [Test worker] DEBUG o.s.u.c.s.UiApplicationContextUtils - Unable to locate ThemeSource with name 'themeSource': using default [org.springframework.ui.context.support.ResourceBundleThemeSource@3186196b]
13:57:11.289 [Test worker] DEBUG o.s.b.f.s.DefaultListableBeanFactory - Creating shared instance of singleton bean 'singleton'
13:57:11.305 [Test worker] DEBUG o.s.c.a.ClassPathBeanDefinitionScanner - Identified candidate component class: file [/opt/bamboo-home/xml-data/build-dir/SPR-PUBM1-JOB1/integration-tests/build/classes/java/test/org/springframework/context/annotation/scope/ClassPathBeanDefinitionScannerScopeIntegrationTests$RequestScopedTestBean.class]
13:57:11.306 [Test worker] DEBUG o.s.c.a.ClassPathBeanDefinitionScanner - Identified candidate component class: file [/opt/bamboo-home/xml-data/build-dir/SPR-PUBM1-JOB1/integration-tests/build/classes/java/test/org/springframework/context/annotation/scope/ClassPathBeanDefinitionScannerScopeIntegrationTests$SessionScopedTestBean.class]
13:57:11.306 [Test worker] DEBUG o.s.c.a.ClassPathBeanDefinitionScanner - Identified candidate component class: file [/opt/bamboo-home/xml-data/build-dir/SPR-PUBM1-JOB1/integration-tests/build/classes/java/test/org/springframework/context/annotation/scope/ClassPathBeanDefinitionScannerScopeIntegrationTests$SingletonScopedTestBean.class]
13:57:11.313 [Test worker] DEBUG o.s.c.a.ClassPathBeanDefinitionScanner - Identified candidate component class: file [/opt/bamboo-home/xml-data/build-dir/SPR-PUBM1-JOB1/integration-tests/build/classes/java/test/org/springframework/context/annotation/scope/ClassPathBeanDefinitionScannerScopeIntegrationTests$RequestScopedTestBean.class]
13:57:11.313 [Test worker] DEBUG o.s.c.a.ClassPathBeanDefinitionScanner - Identified candidate component class: file [/opt/bamboo-home/xml-data/build-dir/SPR-PUBM1-JOB1/integration-tests/build/classes/java/test/org/springframework/context/annotation/scope/ClassPathBeanDefinitionScannerScopeIntegrationTests$SessionScopedTestBean.class]
13:57:11.313 [Test worker] DEBUG o.s.c.a.ClassPathBeanDefinitionScanner - Identified candidate component class: file [/opt/bamboo-home/xml-data/build-dir/SPR-PUBM1-JOB1/integration-tests/build/classes/java/test/org/springframework/context/annotation/scope/ClassPathBeanDefinitionScannerScopeIntegrationTests$SingletonScopedTestBean.class]
13:57:11.313 [Test worker] DEBUG o.s.w.c.s.GenericWebApplicationContext - Refreshing org.springframework.web.context.support.GenericWebApplicationContext@677f4dde
13:57:11.314 [Test worker] DEBUG o.s.u.c.s.UiApplicationContextUtils - Unable to locate ThemeSource with name 'themeSource': using default [org.springframework.ui.context.support.ResourceBundleThemeSource@71a6aba4]
13:57:11.314 [Test worker] DEBUG o.s.b.f.s.DefaultListableBeanFactory - Creating shared instance of singleton bean 'request'
13:57:11.356 [Test worker] DEBUG o.s.b.f.s.DefaultListableBeanFactory - Creating shared instance of singleton bean 'session'
13:57:11.365 [Test worker] DEBUG o.s.b.f.s.DefaultListableBeanFactory - Creating shared instance of singleton bean 'singleton'
13:57:11.417 [Test worker] DEBUG o.s.c.a.ClassPathBeanDefinitionScanner - Identified candidate component class: file [/opt/bamboo-home/xml-data/build-dir/SPR-PUBM1-JOB1/integration-tests/build/classes/java/test/org/springframework/context/annotation/scope/ClassPathBeanDefinitionScannerScopeIntegrationTests$RequestScopedTestBean.class]
13:57:11.419 [Test worker] DEBUG o.s.c.a.ClassPathBeanDefinitionScanner - Identified candidate component class: file [/opt/bamboo-home/xml-data/build-dir/SPR-PUBM1-JOB1/integration-tests/build/classes/java/test/org/springframework/context/annotation/scope/ClassPathBeanDefinitionScannerScopeIntegrationTests$SessionScopedTestBean.class]
13:57:11.419 [Test worker] DEBUG o.s.c.a.ClassPathBeanDefinitionScanner - Identified candidate component class: file [/opt/bamboo-home/xml-data/build-dir/SPR-PUBM1-JOB1/integration-tests/build/classes/java/test/org/springframework/context/annotation/scope/ClassPathBeanDefinitionScannerScopeIntegrationTests$SingletonScopedTestBean.class]
13:57:11.421 [Test worker] DEBUG o.s.c.a.ClassPathBeanDefinitionScanner - Identified candidate component class: file [/opt/bamboo-home/xml-data/build-dir/SPR-PUBM1-JOB1/integration-tests/build/classes/java/test/org/springframework/context/annotation/scope/ClassPathBeanDefinitionScannerScopeIntegrationTests$RequestScopedTestBean.class]
13:57:11.421 [Test worker] DEBUG o.s.c.a.ClassPathBeanDefinitionScanner - Identified candidate component class: file [/opt/bamboo-home/xml-data/build-dir/SPR-PUBM1-JOB1/integration-tests/build/classes/java/test/org/springframework/context/annotation/scope/ClassPathBeanDefinitionScannerScopeIntegrationTests$SessionScopedTestBean.class]
13:57:11.421 [Test worker] DEBUG o.s.c.a.ClassPathBeanDefinitionScanner - Identified candidate component class: file [/opt/bamboo-home/xml-data/build-dir/SPR-PUBM1-JOB1/integration-tests/build/classes/java/test/org/springframework/context/annotation/scope/ClassPathBeanDefinitionScannerScopeIntegrationTests$SingletonScopedTestBean.class]
13:57:11.422 [Test worker] DEBUG o.s.w.c.s.GenericWebApplicationContext - Refreshing org.springframework.web.context.support.GenericWebApplicationContext@55cf58cf
13:57:11.422 [Test worker] DEBUG o.s.u.c.s.UiApplicationContextUtils - Unable to locate ThemeSource with name 'themeSource': using default [org.springframework.ui.context.support.ResourceBundleThemeSource@2862fb8e]
13:57:11.423 [Test worker] DEBUG o.s.b.f.s.DefaultListableBeanFactory - Creating shared instance of singleton bean 'request'
13:57:11.426 [Test worker] DEBUG o.s.b.f.s.DefaultListableBeanFactory - Creating shared instance of singleton bean 'session'
13:57:11.441 [Test worker] DEBUG o.s.b.f.s.DefaultListableBeanFactory - Creating shared instance of singleton bean 'singleton'
13:57:11.446 [Test worker] DEBUG o.s.c.a.ClassPathBeanDefinitionScanner - Identified candidate component class: file [/opt/bamboo-home/xml-data/build-dir/SPR-PUBM1-JOB1/integration-tests/build/classes/java/test/org/springframework/context/annotation/scope/ClassPathBeanDefinitionScannerScopeIntegrationTests$RequestScopedTestBean.class]
13:57:11.446 [Test worker] DEBUG o.s.c.a.ClassPathBeanDefinitionScanner - Identified candidate component class: file [/opt/bamboo-home/xml-data/build-dir/SPR-PUBM1-JOB1/integration-tests/build/classes/java/test/org/springframework/context/annotation/scope/ClassPathBeanDefinitionScannerScopeIntegrationTests$SessionScopedTestBean.class]
13:57:11.446 [Test worker] DEBUG o.s.c.a.ClassPathBeanDefinitionScanner - Identified candidate component class: file [/opt/bamboo-home/xml-data/build-dir/SPR-PUBM1-JOB1/integration-tests/build/classes/java/test/org/springframework/context/annotation/scope/ClassPathBeanDefinitionScannerScopeIntegrationTests$SingletonScopedTestBean.class]
13:57:11.458 [Test worker] DEBUG o.s.c.a.ClassPathBeanDefinitionScanner - Identified candidate component class: file [/opt/bamboo-home/xml-data/build-dir/SPR-PUBM1-JOB1/integration-tests/build/classes/java/test/org/springframework/context/annotation/scope/ClassPathBeanDefinitionScannerScopeIntegrationTests$RequestScopedTestBean.class]
13:57:11.458 [Test worker] DEBUG o.s.c.a.ClassPathBeanDefinitionScanner - Identified candidate component class: file [/opt/bamboo-home/xml-data/build-dir/SPR-PUBM1-JOB1/integration-tests/build/classes/java/test/org/springframework/context/annotation/scope/ClassPathBeanDefinitionScannerScopeIntegrationTests$SessionScopedTestBean.class]
13:57:11.459 [Test worker] DEBUG o.s.c.a.ClassPathBeanDefinitionScanner - Identified candidate component class: file [/opt/bamboo-home/xml-data/build-dir/SPR-PUBM1-JOB1/integration-tests/build/classes/java/test/org/springframework/context/annotation/scope/ClassPathBeanDefinitionScannerScopeIntegrationTests$SingletonScopedTestBean.class]
13:57:11.464 [Test worker] DEBUG o.s.w.c.s.GenericWebApplicationContext - Refreshing org.springframework.web.context.support.GenericWebApplicationContext@5ac67e34
13:57:11.464 [Test worker] DEBUG o.s.u.c.s.UiApplicationContextUtils - Unable to locate ThemeSource with name 'themeSource': using default [org.springframework.ui.context.support.ResourceBundleThemeSource@20f77df1]
13:57:11.473 [Test worker] DEBUG o.s.b.f.s.DefaultListableBeanFactory - Creating shared instance of singleton bean 'request'
13:57:11.474 [Test worker] DEBUG o.s.b.f.s.DefaultListableBeanFactory - Creating shared instance of singleton bean 'session'
13:57:11.475 [Test worker] DEBUG o.s.b.f.s.DefaultListableBeanFactory - Creating shared instance of singleton bean 'singleton'
13:57:11.482 [Test worker] DEBUG o.s.c.a.ClassPathBeanDefinitionScanner - Identified candidate component class: file [/opt/bamboo-home/xml-data/build-dir/SPR-PUBM1-JOB1/integration-tests/build/classes/java/test/org/springframework/context/annotation/scope/ClassPathBeanDefinitionScannerScopeIntegrationTests$RequestScopedTestBean.class]
13:57:11.494 [Test worker] DEBUG o.s.c.a.ClassPathBeanDefinitionScanner - Identified candidate component class: file [/opt/bamboo-home/xml-data/build-dir/SPR-PUBM1-JOB1/integration-tests/build/classes/java/test/org/springframework/context/annotation/scope/ClassPathBeanDefinitionScannerScopeIntegrationTests$SessionScopedTestBean.class]
13:57:11.494 [Test worker] DEBUG o.s.c.a.ClassPathBeanDefinitionScanner - Identified candidate component class: file [/opt/bamboo-home/xml-data/build-dir/SPR-PUBM1-JOB1/integration-tests/build/classes/java/test/org/springframework/context/annotation/scope/ClassPathBeanDefinitionScannerScopeIntegrationTests$SingletonScopedTestBean.class]
13:57:11.496 [Test worker] DEBUG o.s.c.a.ClassPathBeanDefinitionScanner - Identified candidate component class: file [/opt/bamboo-home/xml-data/build-dir/SPR-PUBM1-JOB1/integration-tests/build/classes/java/test/org/springframework/context/annotation/scope/ClassPathBeanDefinitionScannerScopeIntegrationTests$RequestScopedTestBean.class]
13:57:11.496 [Test worker] DEBUG o.s.c.a.ClassPathBeanDefinitionScanner - Identified candidate component class: file [/opt/bamboo-home/xml-data/build-dir/SPR-PUBM1-JOB1/integration-tests/build/classes/java/test/org/springframework/context/annotation/scope/ClassPathBeanDefinitionScannerScopeIntegrationTests$SessionScopedTestBean.class]
13:57:11.496 [Test worker] DEBUG o.s.c.a.ClassPathBeanDefinitionScanner - Identified candidate component class: file [/opt/bamboo-home/xml-data/build-dir/SPR-PUBM1-JOB1/integration-tests/build/classes/java/test/org/springframework/context/annotation/scope/ClassPathBeanDefinitionScannerScopeIntegrationTests$SingletonScopedTestBean.class]
13:57:11.497 [Test worker] DEBUG o.s.w.c.s.GenericWebApplicationContext - Refreshing org.springframework.web.context.support.GenericWebApplicationContext@2833cee7
13:57:11.498 [Test worker] DEBUG o.s.u.c.s.UiApplicationContextUtils - Unable to locate ThemeSource with name 'themeSource': using default [org.springframework.ui.context.support.ResourceBundleThemeSource@59f820e]
13:57:11.498 [Test worker] DEBUG o.s.b.f.s.DefaultListableBeanFactory - Creating shared instance of singleton bean 'request'
13:57:11.499 [Test worker] DEBUG o.s.b.f.s.DefaultListableBeanFactory - Creating shared instance of singleton bean 'session'
13:57:11.499 [Test worker] DEBUG o.s.b.f.s.DefaultListableBeanFactory - Creating shared instance of singleton bean 'singleton'
13:57:11.506 [Test worker] DEBUG o.s.c.a.ClassPathBeanDefinitionScanner - Identified candidate component class: file [/opt/bamboo-home/xml-data/build-dir/SPR-PUBM1-JOB1/integration-tests/build/classes/java/test/org/springframework/context/annotation/scope/ClassPathBeanDefinitionScannerScopeIntegrationTests$RequestScopedTestBean.class]
13:57:11.513 [Test worker] DEBUG o.s.c.a.ClassPathBeanDefinitionScanner - Identified candidate component class: file [/opt/bamboo-home/xml-data/build-dir/SPR-PUBM1-JOB1/integration-tests/build/classes/java/test/org/springframework/context/annotation/scope/ClassPathBeanDefinitionScannerScopeIntegrationTests$SessionScopedTestBean.class]
13:57:11.514 [Test worker] DEBUG o.s.c.a.ClassPathBeanDefinitionScanner - Identified candidate component class: file [/opt/bamboo-home/xml-data/build-dir/SPR-PUBM1-JOB1/integration-tests/build/classes/java/test/org/springframework/context/annotation/scope/ClassPathBeanDefinitionScannerScopeIntegrationTests$SingletonScopedTestBean.class]
13:57:11.515 [Test worker] DEBUG o.s.c.a.ClassPathBeanDefinitionScanner - Identified candidate component class: file [/opt/bamboo-home/xml-data/build-dir/SPR-PUBM1-JOB1/integration-tests/build/classes/java/test/org/springframework/context/annotation/scope/ClassPathBeanDefinitionScannerScopeIntegrationTests$RequestScopedTestBean.class]
13:57:11.515 [Test worker] DEBUG o.s.c.a.ClassPathBeanDefinitionScanner - Identified candidate component class: file [/opt/bamboo-home/xml-data/build-dir/SPR-PUBM1-JOB1/integration-tests/build/classes/java/test/org/springframework/context/annotation/scope/ClassPathBeanDefinitionScannerScopeIntegrationTests$SessionScopedTestBean.class]
13:57:11.516 [Test worker] DEBUG o.s.c.a.ClassPathBeanDefinitionScanner - Identified candidate component class: file [/opt/bamboo-home/xml-data/build-dir/SPR-PUBM1-JOB1/integration-tests/build/classes/java/test/org/springframework/context/annotation/scope/ClassPathBeanDefinitionScannerScopeIntegrationTests$SingletonScopedTestBean.class]
13:57:11.516 [Test worker] DEBUG o.s.w.c.s.GenericWebApplicationContext - Refreshing org.springframework.web.context.support.GenericWebApplicationContext@818fb98
13:57:11.516 [Test worker] DEBUG o.s.u.c.s.UiApplicationContextUtils - Unable to locate ThemeSource with name 'themeSource': using default [org.springframework.ui.context.support.ResourceBundleThemeSource@38b215ea]
13:57:11.517 [Test worker] DEBUG o.s.b.f.s.DefaultListableBeanFactory - Creating shared instance of singleton bean 'request'
13:57:11.518 [Test worker] DEBUG o.s.b.f.s.DefaultListableBeanFactory - Creating shared instance of singleton bean 'session'
13:57:11.518 [Test worker] DEBUG o.s.b.f.s.DefaultListableBeanFactory - Creating shared instance of singleton bean 'singleton'
13:57:11.522 [Test worker] DEBUG o.s.c.a.ClassPathBeanDefinitionScanner - Identified candidate component class: file [/opt/bamboo-home/xml-data/build-dir/SPR-PUBM1-JOB1/integration-tests/build/classes/java/test/org/springframework/context/annotation/scope/ClassPathBeanDefinitionScannerScopeIntegrationTests$RequestScopedTestBean.class]
13:57:11.524 [Test worker] DEBUG o.s.c.a.ClassPathBeanDefinitionScanner - Identified candidate component class: file [/opt/bamboo-home/xml-data/build-dir/SPR-PUBM1-JOB1/integration-tests/build/classes/java/test/org/springframework/context/annotation/scope/ClassPathBeanDefinitionScannerScopeIntegrationTests$SessionScopedTestBean.class]
13:57:11.525 [Test worker] DEBUG o.s.c.a.ClassPathBeanDefinitionScanner - Identified candidate component class: file [/opt/bamboo-home/xml-data/build-dir/SPR-PUBM1-JOB1/integration-tests/build/classes/java/test/org/springframework/context/annotation/scope/ClassPathBeanDefinitionScannerScopeIntegrationTests$SingletonScopedTestBean.class]
13:57:11.557 [Test worker] DEBUG o.s.c.a.ClassPathBeanDefinitionScanner - Identified candidate component class: file [/opt/bamboo-home/xml-data/build-dir/SPR-PUBM1-JOB1/integration-tests/build/classes/java/test/org/springframework/context/annotation/scope/ClassPathBeanDefinitionScannerScopeIntegrationTests$RequestScopedTestBean.class]
13:57:11.558 [Test worker] DEBUG o.s.c.a.ClassPathBeanDefinitionScanner - Identified candidate component class: file [/opt/bamboo-home/xml-data/build-dir/SPR-PUBM1-JOB1/integration-tests/build/classes/java/test/org/springframework/context/annotation/scope/ClassPathBeanDefinitionScannerScopeIntegrationTests$SessionScopedTestBean.class]
13:57:11.558 [Test worker] DEBUG o.s.c.a.ClassPathBeanDefinitionScanner - Identified candidate component class: file [/opt/bamboo-home/xml-data/build-dir/SPR-PUBM1-JOB1/integration-tests/build/classes/java/test/org/springframework/context/annotation/scope/ClassPathBeanDefinitionScannerScopeIntegrationTests$SingletonScopedTestBean.class]
13:57:11.558 [Test worker] DEBUG o.s.w.c.s.GenericWebApplicationContext - Refreshing org.springframework.web.context.support.GenericWebApplicationContext@352c441f
13:57:11.558 [Test worker] DEBUG o.s.u.c.s.UiApplicationContextUtils - Unable to locate ThemeSource with name 'themeSource': using default [org.springframework.ui.context.support.ResourceBundleThemeSource@4f1d1d6d]
13:57:11.558 [Test worker] DEBUG o.s.b.f.s.DefaultListableBeanFactory - Creating shared instance of singleton bean 'request'
13:57:11.581 [Test worker] DEBUG o.s.b.f.s.DefaultListableBeanFactory - Creating shared instance of singleton bean 'session'
13:57:11.582 [Test worker] DEBUG o.s.b.f.s.DefaultListableBeanFactory - Creating shared instance of singleton bean 'singleton'
]]></system-out>
  <system-err><![CDATA[]]></system-err>
</testsuite>
