<?xml version="1.0" encoding="UTF-8"?>
<testsuite name="org.springframework.aop.config.AopNamespaceHandlerScopeIntegrationTests" tests="3" skipped="0" failures="0" errors="0" timestamp="2021-06-20T08:10:15" hostname="gankangdembp" time="0.503">
  <properties/>
  <testcase name="testSessionScoping()" classname="org.springframework.aop.config.AopNamespaceHandlerScopeIntegrationTests" time="0.007"/>
  <testcase name="testRequestScoping()" classname="org.springframework.aop.config.AopNamespaceHandlerScopeIntegrationTests" time="0.128"/>
  <testcase name="testSingletonScoping()" classname="org.springframework.aop.config.AopNamespaceHandlerScopeIntegrationTests" time="0.36"/>
  <system-out><![CDATA[16:10:15.196 [Test worker] DEBUG o.s.t.c.BootstrapUtils - Instantiating CacheAwareContextLoaderDelegate from class [org.springframework.test.context.cache.DefaultCacheAwareContextLoaderDelegate]
16:10:15.197 [Test worker] DEBUG o.s.t.c.BootstrapUtils - Instantiating BootstrapContext using constructor [public org.springframework.test.context.support.DefaultBootstrapContext(java.lang.Class,org.springframework.test.context.CacheAwareContextLoaderDelegate)]
16:10:15.199 [Test worker] DEBUG o.s.t.c.BootstrapUtils - Instantiating TestContextBootstrapper for test class [org.springframework.aop.config.AopNamespaceHandlerScopeIntegrationTests] from class [org.springframework.test.context.web.WebTestContextBootstrapper]
16:10:15.205 [Test worker] DEBUG o.s.t.c.s.AbstractDelegatingSmartContextLoader - Delegating to GenericXmlWebContextLoader to process context configuration [ContextConfigurationAttributes@6b7abf41 declaringClass = 'org.springframework.aop.config.AopNamespaceHandlerScopeIntegrationTests', classes = '{}', locations = '{}', inheritLocations = true, initializers = '{}', inheritInitializers = true, name = [null], contextLoaderClass = 'org.springframework.test.context.ContextLoader'].
16:10:15.206 [Test worker] INFO  o.s.t.c.s.AbstractContextLoader - Detected default resource location "classpath:org/springframework/aop/config/AopNamespaceHandlerScopeIntegrationTests-context.xml" for test class [org.springframework.aop.config.AopNamespaceHandlerScopeIntegrationTests]
16:10:15.206 [Test worker] INFO  o.s.t.c.s.AbstractDelegatingSmartContextLoader - GenericXmlWebContextLoader detected default locations for context configuration [ContextConfigurationAttributes@6b7abf41 declaringClass = 'org.springframework.aop.config.AopNamespaceHandlerScopeIntegrationTests', classes = '{}', locations = '{classpath:org/springframework/aop/config/AopNamespaceHandlerScopeIntegrationTests-context.xml}', inheritLocations = true, initializers = '{}', inheritInitializers = true, name = [null], contextLoaderClass = 'org.springframework.test.context.ContextLoader'].
16:10:15.207 [Test worker] DEBUG o.s.t.c.s.AbstractDelegatingSmartContextLoader - Delegating to AnnotationConfigWebContextLoader to process context configuration [ContextConfigurationAttributes@6b7abf41 declaringClass = 'org.springframework.aop.config.AopNamespaceHandlerScopeIntegrationTests', classes = '{}', locations = '{classpath:org/springframework/aop/config/AopNamespaceHandlerScopeIntegrationTests-context.xml}', inheritLocations = true, initializers = '{}', inheritInitializers = true, name = [null], contextLoaderClass = 'org.springframework.test.context.ContextLoader'].
16:10:15.208 [Test worker] INFO  o.s.t.c.s.AnnotationConfigContextLoaderUtils - Could not detect default configuration classes for test class [org.springframework.aop.config.AopNamespaceHandlerScopeIntegrationTests]: AopNamespaceHandlerScopeIntegrationTests does not declare any static, non-private, non-final, nested classes annotated with @Configuration.
16:10:15.209 [Test worker] DEBUG o.s.t.c.s.ActiveProfilesUtils - Could not find an 'annotation declaring class' for annotation type [org.springframework.test.context.ActiveProfiles] and class [org.springframework.aop.config.AopNamespaceHandlerScopeIntegrationTests]
16:10:15.267 [Test worker] DEBUG o.s.t.c.w.WebTestContextBootstrapper - @TestExecutionListeners is not present for class [org.springframework.aop.config.AopNamespaceHandlerScopeIntegrationTests]: using defaults.
16:10:15.267 [Test worker] INFO  o.s.t.c.w.WebTestContextBootstrapper - Loaded default TestExecutionListener class names from location [META-INF/spring.factories]: [org.springframework.test.context.web.ServletTestExecutionListener, org.springframework.test.context.support.DirtiesContextBeforeModesTestExecutionListener, org.springframework.test.context.support.DependencyInjectionTestExecutionListener, org.springframework.test.context.support.DirtiesContextTestExecutionListener, org.springframework.test.context.transaction.TransactionalTestExecutionListener, org.springframework.test.context.jdbc.SqlScriptsTestExecutionListener, org.springframework.test.context.event.EventPublishingTestExecutionListener]
16:10:15.268 [Test worker] INFO  o.s.t.c.w.WebTestContextBootstrapper - Using TestExecutionListeners: [org.springframework.test.context.web.ServletTestExecutionListener@38fcc6c3, org.springframework.test.context.support.DirtiesContextBeforeModesTestExecutionListener@54cfed90, org.springframework.test.context.support.DependencyInjectionTestExecutionListener@77caba2b, org.springframework.test.context.support.DirtiesContextTestExecutionListener@7d345a66, org.springframework.test.context.transaction.TransactionalTestExecutionListener@23a051dd, org.springframework.test.context.jdbc.SqlScriptsTestExecutionListener@8288b54, org.springframework.test.context.event.EventPublishingTestExecutionListener@2a116398]
16:10:15.268 [Test worker] DEBUG o.s.t.c.s.AbstractDirtiesContextTestExecutionListener - Before test class: context [DefaultTestContext@75a9fbd6 testClass = AopNamespaceHandlerScopeIntegrationTests, testInstance = [null], testMethod = [null], testException = [null], mergedContextConfiguration = [WebMergedContextConfiguration@54267207 testClass = AopNamespaceHandlerScopeIntegrationTests, locations = '{classpath:org/springframework/aop/config/AopNamespaceHandlerScopeIntegrationTests-context.xml}', classes = '{}', contextInitializerClasses = '[]', activeProfiles = '{}', propertySourceLocations = '{}', propertySourceProperties = '{}', contextCustomizers = set[[empty]], resourceBasePath = 'src/main/webapp', contextLoader = 'org.springframework.test.context.web.WebDelegatingSmartContextLoader', parent = [null]], attributes = map[[empty]]], class annotated with @DirtiesContext [false] with mode [null].
16:10:15.269 [Test worker] DEBUG o.s.t.c.s.AbstractDelegatingSmartContextLoader - Delegating to GenericXmlWebContextLoader to load context from [WebMergedContextConfiguration@54267207 testClass = AopNamespaceHandlerScopeIntegrationTests, locations = '{classpath:org/springframework/aop/config/AopNamespaceHandlerScopeIntegrationTests-context.xml}', classes = '{}', contextInitializerClasses = '[]', activeProfiles = '{}', propertySourceLocations = '{}', propertySourceProperties = '{}', contextCustomizers = set[[empty]], resourceBasePath = 'src/main/webapp', contextLoader = 'org.springframework.test.context.web.WebDelegatingSmartContextLoader', parent = [null]].
16:10:15.270 [Test worker] DEBUG o.s.t.c.w.AbstractGenericWebContextLoader - Loading WebApplicationContext for merged context configuration [WebMergedContextConfiguration@54267207 testClass = AopNamespaceHandlerScopeIntegrationTests, locations = '{classpath:org/springframework/aop/config/AopNamespaceHandlerScopeIntegrationTests-context.xml}', classes = '{}', contextInitializerClasses = '[]', activeProfiles = '{}', propertySourceLocations = '{}', propertySourceProperties = '{}', contextCustomizers = set[[empty]], resourceBasePath = 'src/main/webapp', contextLoader = 'org.springframework.test.context.web.WebDelegatingSmartContextLoader', parent = [null]].
16:10:15.271 [Test worker] DEBUG o.s.w.c.s.StandardServletEnvironment - Activating profiles []
16:10:15.374 [Test worker] DEBUG o.s.b.f.x.XmlBeanDefinitionReader - Loaded 10 bean definitions from class path resource [org/springframework/aop/config/AopNamespaceHandlerScopeIntegrationTests-context.xml]
16:10:15.374 [Test worker] DEBUG o.s.w.c.s.GenericWebApplicationContext - Refreshing org.springframework.web.context.support.GenericWebApplicationContext@379b77f
16:10:15.378 [Test worker] DEBUG o.s.b.f.s.DefaultListableBeanFactory - Creating shared instance of singleton bean 'org.springframework.context.annotation.internalConfigurationAnnotationProcessor'
16:10:15.379 [Test worker] DEBUG o.s.b.f.s.DefaultListableBeanFactory - Creating shared instance of singleton bean 'org.springframework.context.event.internalEventListenerProcessor'
16:10:15.380 [Test worker] DEBUG o.s.b.f.s.DefaultListableBeanFactory - Creating shared instance of singleton bean 'org.springframework.context.event.internalEventListenerFactory'
16:10:15.380 [Test worker] DEBUG o.s.b.f.s.DefaultListableBeanFactory - Creating shared instance of singleton bean 'org.springframework.context.annotation.internalAutowiredAnnotationProcessor'
16:10:15.380 [Test worker] DEBUG o.s.b.f.s.DefaultListableBeanFactory - Creating shared instance of singleton bean 'org.springframework.context.annotation.internalCommonAnnotationProcessor'
16:10:15.380 [Test worker] DEBUG o.s.b.f.s.DefaultListableBeanFactory - Creating shared instance of singleton bean 'org.springframework.context.annotation.internalPersistenceAnnotationProcessor'
16:10:15.380 [Test worker] DEBUG o.s.b.f.s.DefaultListableBeanFactory - Creating shared instance of singleton bean 'org.springframework.aop.config.internalAutoProxyCreator'
16:10:15.382 [Test worker] DEBUG o.s.u.c.s.UiApplicationContextUtils - Unable to locate ThemeSource with name 'themeSource': using default [org.springframework.ui.context.support.ResourceBundleThemeSource@7fc19e3f]
16:10:15.382 [Test worker] DEBUG o.s.b.f.s.DefaultListableBeanFactory - Creating shared instance of singleton bean 'org.springframework.aop.support.DefaultBeanFactoryPointcutAdvisor#0'
16:10:15.389 [Test worker] DEBUG o.s.b.f.s.DefaultListableBeanFactory - Creating shared instance of singleton bean 'advice'
16:10:15.390 [Test worker] DEBUG o.s.b.f.s.DefaultListableBeanFactory - Creating shared instance of singleton bean 'testBean'
16:10:15.428 [Test worker] DEBUG o.s.b.f.s.DefaultListableBeanFactory - Creating shared instance of singleton bean 'scopedTarget.singletonScoped'
16:10:15.544 [Test worker] DEBUG o.s.b.f.s.DefaultListableBeanFactory - Creating shared instance of singleton bean 'singletonScoped'
16:10:15.592 [Test worker] DEBUG o.s.b.f.s.DefaultListableBeanFactory - Creating shared instance of singleton bean 'requestScoped'
16:10:15.641 [Test worker] DEBUG o.s.b.f.s.DefaultListableBeanFactory - Creating shared instance of singleton bean 'sessionScoped'
16:10:15.665 [Test worker] DEBUG o.s.t.c.c.DefaultCacheAwareContextLoaderDelegate - Storing ApplicationContext [58308479] in cache under key [[WebMergedContextConfiguration@54267207 testClass = AopNamespaceHandlerScopeIntegrationTests, locations = '{classpath:org/springframework/aop/config/AopNamespaceHandlerScopeIntegrationTests-context.xml}', classes = '{}', contextInitializerClasses = '[]', activeProfiles = '{}', propertySourceLocations = '{}', propertySourceProperties = '{}', contextCustomizers = set[[empty]], resourceBasePath = 'src/main/webapp', contextLoader = 'org.springframework.test.context.web.WebDelegatingSmartContextLoader', parent = [null]]]
16:10:15.665 [Test worker] DEBUG o.s.t.c.cache - Spring test ApplicationContext cache statistics: [DefaultContextCache@19c913e6 size = 1, maxSize = 32, parentContextCount = 0, hitCount = 32, missCount = 5]
16:10:15.666 [Test worker] DEBUG o.s.t.c.w.ServletTestExecutionListener - Setting up MockHttpServletRequest, MockHttpServletResponse, ServletWebRequest, and RequestContextHolder for test context [DefaultTestContext@75a9fbd6 testClass = AopNamespaceHandlerScopeIntegrationTests, testInstance = org.springframework.aop.config.AopNamespaceHandlerScopeIntegrationTests@58f9e378, testMethod = [null], testException = [null], mergedContextConfiguration = [WebMergedContextConfiguration@54267207 testClass = AopNamespaceHandlerScopeIntegrationTests, locations = '{classpath:org/springframework/aop/config/AopNamespaceHandlerScopeIntegrationTests-context.xml}', classes = '{}', contextInitializerClasses = '[]', activeProfiles = '{}', propertySourceLocations = '{}', propertySourceProperties = '{}', contextCustomizers = set[[empty]], resourceBasePath = 'src/main/webapp', contextLoader = 'org.springframework.test.context.web.WebDelegatingSmartContextLoader', parent = [null]], attributes = map[[empty]]].
16:10:15.705 [Test worker] DEBUG o.s.t.c.s.DependencyInjectionTestExecutionListener - Performing dependency injection for test context [[DefaultTestContext@75a9fbd6 testClass = AopNamespaceHandlerScopeIntegrationTests, testInstance = org.springframework.aop.config.AopNamespaceHandlerScopeIntegrationTests@58f9e378, testMethod = [null], testException = [null], mergedContextConfiguration = [WebMergedContextConfiguration@54267207 testClass = AopNamespaceHandlerScopeIntegrationTests, locations = '{classpath:org/springframework/aop/config/AopNamespaceHandlerScopeIntegrationTests-context.xml}', classes = '{}', contextInitializerClasses = '[]', activeProfiles = '{}', propertySourceLocations = '{}', propertySourceProperties = '{}', contextCustomizers = set[[empty]], resourceBasePath = 'src/main/webapp', contextLoader = 'org.springframework.test.context.web.WebDelegatingSmartContextLoader', parent = [null]], attributes = map['org.springframework.test.context.web.ServletTestExecutionListener.populatedRequestContextHolder' -> true, 'org.springframework.test.context.web.ServletTestExecutionListener.resetRequestContextHolder' -> true]]].
16:10:15.705 [Test worker] DEBUG o.s.t.c.c.DefaultCacheAwareContextLoaderDelegate - Retrieved ApplicationContext [58308479] from cache with key [[WebMergedContextConfiguration@54267207 testClass = AopNamespaceHandlerScopeIntegrationTests, locations = '{classpath:org/springframework/aop/config/AopNamespaceHandlerScopeIntegrationTests-context.xml}', classes = '{}', contextInitializerClasses = '[]', activeProfiles = '{}', propertySourceLocations = '{}', propertySourceProperties = '{}', contextCustomizers = set[[empty]], resourceBasePath = 'src/main/webapp', contextLoader = 'org.springframework.test.context.web.WebDelegatingSmartContextLoader', parent = [null]]]
16:10:15.706 [Test worker] DEBUG o.s.t.c.cache - Spring test ApplicationContext cache statistics: [DefaultContextCache@19c913e6 size = 1, maxSize = 32, parentContextCount = 0, hitCount = 33, missCount = 5]
16:10:15.712 [Test worker] DEBUG o.s.t.c.c.DefaultCacheAwareContextLoaderDelegate - Retrieved ApplicationContext [58308479] from cache with key [[WebMergedContextConfiguration@54267207 testClass = AopNamespaceHandlerScopeIntegrationTests, locations = '{classpath:org/springframework/aop/config/AopNamespaceHandlerScopeIntegrationTests-context.xml}', classes = '{}', contextInitializerClasses = '[]', activeProfiles = '{}', propertySourceLocations = '{}', propertySourceProperties = '{}', contextCustomizers = set[[empty]], resourceBasePath = 'src/main/webapp', contextLoader = 'org.springframework.test.context.web.WebDelegatingSmartContextLoader', parent = [null]]]
16:10:15.712 [Test worker] DEBUG o.s.t.c.cache - Spring test ApplicationContext cache statistics: [DefaultContextCache@19c913e6 size = 1, maxSize = 32, parentContextCount = 0, hitCount = 34, missCount = 5]
16:10:15.717 [Test worker] DEBUG o.s.t.c.s.AbstractDirtiesContextTestExecutionListener - Before test method: context [DefaultTestContext@75a9fbd6 testClass = AopNamespaceHandlerScopeIntegrationTests, testInstance = org.springframework.aop.config.AopNamespaceHandlerScopeIntegrationTests@58f9e378, testMethod = testSessionScoping@AopNamespaceHandlerScopeIntegrationTests, testException = [null], mergedContextConfiguration = [WebMergedContextConfiguration@54267207 testClass = AopNamespaceHandlerScopeIntegrationTests, locations = '{classpath:org/springframework/aop/config/AopNamespaceHandlerScopeIntegrationTests-context.xml}', classes = '{}', contextInitializerClasses = '[]', activeProfiles = '{}', propertySourceLocations = '{}', propertySourceProperties = '{}', contextCustomizers = set[[empty]], resourceBasePath = 'src/main/webapp', contextLoader = 'org.springframework.test.context.web.WebDelegatingSmartContextLoader', parent = [null]], attributes = map['org.springframework.test.context.web.ServletTestExecutionListener.populatedRequestContextHolder' -> true, 'org.springframework.test.context.web.ServletTestExecutionListener.resetRequestContextHolder' -> true]], class annotated with @DirtiesContext [false] with mode [null], method annotated with @DirtiesContext [false] with mode [null].
16:10:15.718 [Test worker] DEBUG o.s.t.c.c.DefaultCacheAwareContextLoaderDelegate - Retrieved ApplicationContext [58308479] from cache with key [[WebMergedContextConfiguration@54267207 testClass = AopNamespaceHandlerScopeIntegrationTests, locations = '{classpath:org/springframework/aop/config/AopNamespaceHandlerScopeIntegrationTests-context.xml}', classes = '{}', contextInitializerClasses = '[]', activeProfiles = '{}', propertySourceLocations = '{}', propertySourceProperties = '{}', contextCustomizers = set[[empty]], resourceBasePath = 'src/main/webapp', contextLoader = 'org.springframework.test.context.web.WebDelegatingSmartContextLoader', parent = [null]]]
16:10:15.718 [Test worker] DEBUG o.s.t.c.cache - Spring test ApplicationContext cache statistics: [DefaultContextCache@19c913e6 size = 1, maxSize = 32, parentContextCount = 0, hitCount = 35, missCount = 5]
16:10:15.718 [Test worker] DEBUG o.s.t.c.c.DefaultCacheAwareContextLoaderDelegate - Retrieved ApplicationContext [58308479] from cache with key [[WebMergedContextConfiguration@54267207 testClass = AopNamespaceHandlerScopeIntegrationTests, locations = '{classpath:org/springframework/aop/config/AopNamespaceHandlerScopeIntegrationTests-context.xml}', classes = '{}', contextInitializerClasses = '[]', activeProfiles = '{}', propertySourceLocations = '{}', propertySourceProperties = '{}', contextCustomizers = set[[empty]], resourceBasePath = 'src/main/webapp', contextLoader = 'org.springframework.test.context.web.WebDelegatingSmartContextLoader', parent = [null]]]
16:10:15.718 [Test worker] DEBUG o.s.t.c.cache - Spring test ApplicationContext cache statistics: [DefaultContextCache@19c913e6 size = 1, maxSize = 32, parentContextCount = 0, hitCount = 36, missCount = 5]
16:10:15.722 [Test worker] DEBUG o.s.t.c.c.DefaultCacheAwareContextLoaderDelegate - Retrieved ApplicationContext [58308479] from cache with key [[WebMergedContextConfiguration@54267207 testClass = AopNamespaceHandlerScopeIntegrationTests, locations = '{classpath:org/springframework/aop/config/AopNamespaceHandlerScopeIntegrationTests-context.xml}', classes = '{}', contextInitializerClasses = '[]', activeProfiles = '{}', propertySourceLocations = '{}', propertySourceProperties = '{}', contextCustomizers = set[[empty]], resourceBasePath = 'src/main/webapp', contextLoader = 'org.springframework.test.context.web.WebDelegatingSmartContextLoader', parent = [null]]]
16:10:15.722 [Test worker] DEBUG o.s.t.c.cache - Spring test ApplicationContext cache statistics: [DefaultContextCache@19c913e6 size = 1, maxSize = 32, parentContextCount = 0, hitCount = 37, missCount = 5]
16:10:15.722 [Test worker] DEBUG o.s.t.c.c.DefaultCacheAwareContextLoaderDelegate - Retrieved ApplicationContext [58308479] from cache with key [[WebMergedContextConfiguration@54267207 testClass = AopNamespaceHandlerScopeIntegrationTests, locations = '{classpath:org/springframework/aop/config/AopNamespaceHandlerScopeIntegrationTests-context.xml}', classes = '{}', contextInitializerClasses = '[]', activeProfiles = '{}', propertySourceLocations = '{}', propertySourceProperties = '{}', contextCustomizers = set[[empty]], resourceBasePath = 'src/main/webapp', contextLoader = 'org.springframework.test.context.web.WebDelegatingSmartContextLoader', parent = [null]]]
16:10:15.723 [Test worker] DEBUG o.s.t.c.cache - Spring test ApplicationContext cache statistics: [DefaultContextCache@19c913e6 size = 1, maxSize = 32, parentContextCount = 0, hitCount = 38, missCount = 5]
16:10:15.723 [Test worker] DEBUG o.s.t.c.s.AbstractDirtiesContextTestExecutionListener - After test method: context [DefaultTestContext@75a9fbd6 testClass = AopNamespaceHandlerScopeIntegrationTests, testInstance = org.springframework.aop.config.AopNamespaceHandlerScopeIntegrationTests@58f9e378, testMethod = testSessionScoping@AopNamespaceHandlerScopeIntegrationTests, testException = [null], mergedContextConfiguration = [WebMergedContextConfiguration@54267207 testClass = AopNamespaceHandlerScopeIntegrationTests, locations = '{classpath:org/springframework/aop/config/AopNamespaceHandlerScopeIntegrationTests-context.xml}', classes = '{}', contextInitializerClasses = '[]', activeProfiles = '{}', propertySourceLocations = '{}', propertySourceProperties = '{}', contextCustomizers = set[[empty]], resourceBasePath = 'src/main/webapp', contextLoader = 'org.springframework.test.context.web.WebDelegatingSmartContextLoader', parent = [null]], attributes = map['org.springframework.test.context.web.ServletTestExecutionListener.populatedRequestContextHolder' -> true, 'org.springframework.test.context.web.ServletTestExecutionListener.resetRequestContextHolder' -> true]], class annotated with @DirtiesContext [false] with mode [null], method annotated with @DirtiesContext [false] with mode [null].
16:10:15.723 [Test worker] DEBUG o.s.t.c.w.ServletTestExecutionListener - Resetting RequestContextHolder for test context [DefaultTestContext@75a9fbd6 testClass = AopNamespaceHandlerScopeIntegrationTests, testInstance = org.springframework.aop.config.AopNamespaceHandlerScopeIntegrationTests@58f9e378, testMethod = testSessionScoping@AopNamespaceHandlerScopeIntegrationTests, testException = [null], mergedContextConfiguration = [WebMergedContextConfiguration@54267207 testClass = AopNamespaceHandlerScopeIntegrationTests, locations = '{classpath:org/springframework/aop/config/AopNamespaceHandlerScopeIntegrationTests-context.xml}', classes = '{}', contextInitializerClasses = '[]', activeProfiles = '{}', propertySourceLocations = '{}', propertySourceProperties = '{}', contextCustomizers = set[[empty]], resourceBasePath = 'src/main/webapp', contextLoader = 'org.springframework.test.context.web.WebDelegatingSmartContextLoader', parent = [null]], attributes = map['org.springframework.test.context.web.ServletTestExecutionListener.populatedRequestContextHolder' -> true, 'org.springframework.test.context.web.ServletTestExecutionListener.resetRequestContextHolder' -> true]].
16:10:15.724 [Test worker] DEBUG o.s.t.c.c.DefaultCacheAwareContextLoaderDelegate - Retrieved ApplicationContext [58308479] from cache with key [[WebMergedContextConfiguration@54267207 testClass = AopNamespaceHandlerScopeIntegrationTests, locations = '{classpath:org/springframework/aop/config/AopNamespaceHandlerScopeIntegrationTests-context.xml}', classes = '{}', contextInitializerClasses = '[]', activeProfiles = '{}', propertySourceLocations = '{}', propertySourceProperties = '{}', contextCustomizers = set[[empty]], resourceBasePath = 'src/main/webapp', contextLoader = 'org.springframework.test.context.web.WebDelegatingSmartContextLoader', parent = [null]]]
16:10:15.724 [Test worker] DEBUG o.s.t.c.cache - Spring test ApplicationContext cache statistics: [DefaultContextCache@19c913e6 size = 1, maxSize = 32, parentContextCount = 0, hitCount = 39, missCount = 5]
16:10:15.725 [Test worker] DEBUG o.s.t.c.w.ServletTestExecutionListener - Setting up MockHttpServletRequest, MockHttpServletResponse, ServletWebRequest, and RequestContextHolder for test context [DefaultTestContext@75a9fbd6 testClass = AopNamespaceHandlerScopeIntegrationTests, testInstance = org.springframework.aop.config.AopNamespaceHandlerScopeIntegrationTests@6aac95f6, testMethod = [null], testException = [null], mergedContextConfiguration = [WebMergedContextConfiguration@54267207 testClass = AopNamespaceHandlerScopeIntegrationTests, locations = '{classpath:org/springframework/aop/config/AopNamespaceHandlerScopeIntegrationTests-context.xml}', classes = '{}', contextInitializerClasses = '[]', activeProfiles = '{}', propertySourceLocations = '{}', propertySourceProperties = '{}', contextCustomizers = set[[empty]], resourceBasePath = 'src/main/webapp', contextLoader = 'org.springframework.test.context.web.WebDelegatingSmartContextLoader', parent = [null]], attributes = map['org.springframework.test.context.support.DependencyInjectionTestExecutionListener.reinjectDependencies' -> true]].
16:10:15.725 [Test worker] DEBUG o.s.t.c.s.DependencyInjectionTestExecutionListener - Performing dependency injection for test context [[DefaultTestContext@75a9fbd6 testClass = AopNamespaceHandlerScopeIntegrationTests, testInstance = org.springframework.aop.config.AopNamespaceHandlerScopeIntegrationTests@6aac95f6, testMethod = [null], testException = [null], mergedContextConfiguration = [WebMergedContextConfiguration@54267207 testClass = AopNamespaceHandlerScopeIntegrationTests, locations = '{classpath:org/springframework/aop/config/AopNamespaceHandlerScopeIntegrationTests-context.xml}', classes = '{}', contextInitializerClasses = '[]', activeProfiles = '{}', propertySourceLocations = '{}', propertySourceProperties = '{}', contextCustomizers = set[[empty]], resourceBasePath = 'src/main/webapp', contextLoader = 'org.springframework.test.context.web.WebDelegatingSmartContextLoader', parent = [null]], attributes = map['org.springframework.test.context.web.ServletTestExecutionListener.populatedRequestContextHolder' -> true, 'org.springframework.test.context.web.ServletTestExecutionListener.resetRequestContextHolder' -> true, 'org.springframework.test.context.support.DependencyInjectionTestExecutionListener.reinjectDependencies' -> true]]].
16:10:15.725 [Test worker] DEBUG o.s.t.c.c.DefaultCacheAwareContextLoaderDelegate - Retrieved ApplicationContext [58308479] from cache with key [[WebMergedContextConfiguration@54267207 testClass = AopNamespaceHandlerScopeIntegrationTests, locations = '{classpath:org/springframework/aop/config/AopNamespaceHandlerScopeIntegrationTests-context.xml}', classes = '{}', contextInitializerClasses = '[]', activeProfiles = '{}', propertySourceLocations = '{}', propertySourceProperties = '{}', contextCustomizers = set[[empty]], resourceBasePath = 'src/main/webapp', contextLoader = 'org.springframework.test.context.web.WebDelegatingSmartContextLoader', parent = [null]]]
16:10:15.725 [Test worker] DEBUG o.s.t.c.cache - Spring test ApplicationContext cache statistics: [DefaultContextCache@19c913e6 size = 1, maxSize = 32, parentContextCount = 0, hitCount = 40, missCount = 5]
16:10:15.726 [Test worker] DEBUG o.s.t.c.c.DefaultCacheAwareContextLoaderDelegate - Retrieved ApplicationContext [58308479] from cache with key [[WebMergedContextConfiguration@54267207 testClass = AopNamespaceHandlerScopeIntegrationTests, locations = '{classpath:org/springframework/aop/config/AopNamespaceHandlerScopeIntegrationTests-context.xml}', classes = '{}', contextInitializerClasses = '[]', activeProfiles = '{}', propertySourceLocations = '{}', propertySourceProperties = '{}', contextCustomizers = set[[empty]], resourceBasePath = 'src/main/webapp', contextLoader = 'org.springframework.test.context.web.WebDelegatingSmartContextLoader', parent = [null]]]
16:10:15.726 [Test worker] DEBUG o.s.t.c.cache - Spring test ApplicationContext cache statistics: [DefaultContextCache@19c913e6 size = 1, maxSize = 32, parentContextCount = 0, hitCount = 41, missCount = 5]
16:10:15.730 [Test worker] DEBUG o.s.t.c.s.AbstractDirtiesContextTestExecutionListener - Before test method: context [DefaultTestContext@75a9fbd6 testClass = AopNamespaceHandlerScopeIntegrationTests, testInstance = org.springframework.aop.config.AopNamespaceHandlerScopeIntegrationTests@6aac95f6, testMethod = testRequestScoping@AopNamespaceHandlerScopeIntegrationTests, testException = [null], mergedContextConfiguration = [WebMergedContextConfiguration@54267207 testClass = AopNamespaceHandlerScopeIntegrationTests, locations = '{classpath:org/springframework/aop/config/AopNamespaceHandlerScopeIntegrationTests-context.xml}', classes = '{}', contextInitializerClasses = '[]', activeProfiles = '{}', propertySourceLocations = '{}', propertySourceProperties = '{}', contextCustomizers = set[[empty]], resourceBasePath = 'src/main/webapp', contextLoader = 'org.springframework.test.context.web.WebDelegatingSmartContextLoader', parent = [null]], attributes = map['org.springframework.test.context.web.ServletTestExecutionListener.populatedRequestContextHolder' -> true, 'org.springframework.test.context.web.ServletTestExecutionListener.resetRequestContextHolder' -> true]], class annotated with @DirtiesContext [false] with mode [null], method annotated with @DirtiesContext [false] with mode [null].
16:10:15.731 [Test worker] DEBUG o.s.t.c.c.DefaultCacheAwareContextLoaderDelegate - Retrieved ApplicationContext [58308479] from cache with key [[WebMergedContextConfiguration@54267207 testClass = AopNamespaceHandlerScopeIntegrationTests, locations = '{classpath:org/springframework/aop/config/AopNamespaceHandlerScopeIntegrationTests-context.xml}', classes = '{}', contextInitializerClasses = '[]', activeProfiles = '{}', propertySourceLocations = '{}', propertySourceProperties = '{}', contextCustomizers = set[[empty]], resourceBasePath = 'src/main/webapp', contextLoader = 'org.springframework.test.context.web.WebDelegatingSmartContextLoader', parent = [null]]]
16:10:15.731 [Test worker] DEBUG o.s.t.c.cache - Spring test ApplicationContext cache statistics: [DefaultContextCache@19c913e6 size = 1, maxSize = 32, parentContextCount = 0, hitCount = 42, missCount = 5]
16:10:15.731 [Test worker] DEBUG o.s.t.c.c.DefaultCacheAwareContextLoaderDelegate - Retrieved ApplicationContext [58308479] from cache with key [[WebMergedContextConfiguration@54267207 testClass = AopNamespaceHandlerScopeIntegrationTests, locations = '{classpath:org/springframework/aop/config/AopNamespaceHandlerScopeIntegrationTests-context.xml}', classes = '{}', contextInitializerClasses = '[]', activeProfiles = '{}', propertySourceLocations = '{}', propertySourceProperties = '{}', contextCustomizers = set[[empty]], resourceBasePath = 'src/main/webapp', contextLoader = 'org.springframework.test.context.web.WebDelegatingSmartContextLoader', parent = [null]]]
16:10:15.731 [Test worker] DEBUG o.s.t.c.cache - Spring test ApplicationContext cache statistics: [DefaultContextCache@19c913e6 size = 1, maxSize = 32, parentContextCount = 0, hitCount = 43, missCount = 5]
16:10:15.856 [Test worker] DEBUG o.s.t.c.c.DefaultCacheAwareContextLoaderDelegate - Retrieved ApplicationContext [58308479] from cache with key [[WebMergedContextConfiguration@54267207 testClass = AopNamespaceHandlerScopeIntegrationTests, locations = '{classpath:org/springframework/aop/config/AopNamespaceHandlerScopeIntegrationTests-context.xml}', classes = '{}', contextInitializerClasses = '[]', activeProfiles = '{}', propertySourceLocations = '{}', propertySourceProperties = '{}', contextCustomizers = set[[empty]], resourceBasePath = 'src/main/webapp', contextLoader = 'org.springframework.test.context.web.WebDelegatingSmartContextLoader', parent = [null]]]
16:10:15.856 [Test worker] DEBUG o.s.t.c.cache - Spring test ApplicationContext cache statistics: [DefaultContextCache@19c913e6 size = 1, maxSize = 32, parentContextCount = 0, hitCount = 44, missCount = 5]
16:10:15.857 [Test worker] DEBUG o.s.t.c.c.DefaultCacheAwareContextLoaderDelegate - Retrieved ApplicationContext [58308479] from cache with key [[WebMergedContextConfiguration@54267207 testClass = AopNamespaceHandlerScopeIntegrationTests, locations = '{classpath:org/springframework/aop/config/AopNamespaceHandlerScopeIntegrationTests-context.xml}', classes = '{}', contextInitializerClasses = '[]', activeProfiles = '{}', propertySourceLocations = '{}', propertySourceProperties = '{}', contextCustomizers = set[[empty]], resourceBasePath = 'src/main/webapp', contextLoader = 'org.springframework.test.context.web.WebDelegatingSmartContextLoader', parent = [null]]]
16:10:15.857 [Test worker] DEBUG o.s.t.c.cache - Spring test ApplicationContext cache statistics: [DefaultContextCache@19c913e6 size = 1, maxSize = 32, parentContextCount = 0, hitCount = 45, missCount = 5]
16:10:15.857 [Test worker] DEBUG o.s.t.c.s.AbstractDirtiesContextTestExecutionListener - After test method: context [DefaultTestContext@75a9fbd6 testClass = AopNamespaceHandlerScopeIntegrationTests, testInstance = org.springframework.aop.config.AopNamespaceHandlerScopeIntegrationTests@6aac95f6, testMethod = testRequestScoping@AopNamespaceHandlerScopeIntegrationTests, testException = [null], mergedContextConfiguration = [WebMergedContextConfiguration@54267207 testClass = AopNamespaceHandlerScopeIntegrationTests, locations = '{classpath:org/springframework/aop/config/AopNamespaceHandlerScopeIntegrationTests-context.xml}', classes = '{}', contextInitializerClasses = '[]', activeProfiles = '{}', propertySourceLocations = '{}', propertySourceProperties = '{}', contextCustomizers = set[[empty]], resourceBasePath = 'src/main/webapp', contextLoader = 'org.springframework.test.context.web.WebDelegatingSmartContextLoader', parent = [null]], attributes = map['org.springframework.test.context.web.ServletTestExecutionListener.populatedRequestContextHolder' -> true, 'org.springframework.test.context.web.ServletTestExecutionListener.resetRequestContextHolder' -> true]], class annotated with @DirtiesContext [false] with mode [null], method annotated with @DirtiesContext [false] with mode [null].
16:10:15.857 [Test worker] DEBUG o.s.t.c.w.ServletTestExecutionListener - Resetting RequestContextHolder for test context [DefaultTestContext@75a9fbd6 testClass = AopNamespaceHandlerScopeIntegrationTests, testInstance = org.springframework.aop.config.AopNamespaceHandlerScopeIntegrationTests@6aac95f6, testMethod = testRequestScoping@AopNamespaceHandlerScopeIntegrationTests, testException = [null], mergedContextConfiguration = [WebMergedContextConfiguration@54267207 testClass = AopNamespaceHandlerScopeIntegrationTests, locations = '{classpath:org/springframework/aop/config/AopNamespaceHandlerScopeIntegrationTests-context.xml}', classes = '{}', contextInitializerClasses = '[]', activeProfiles = '{}', propertySourceLocations = '{}', propertySourceProperties = '{}', contextCustomizers = set[[empty]], resourceBasePath = 'src/main/webapp', contextLoader = 'org.springframework.test.context.web.WebDelegatingSmartContextLoader', parent = [null]], attributes = map['org.springframework.test.context.web.ServletTestExecutionListener.populatedRequestContextHolder' -> true, 'org.springframework.test.context.web.ServletTestExecutionListener.resetRequestContextHolder' -> true]].
16:10:15.858 [Test worker] DEBUG o.s.t.c.c.DefaultCacheAwareContextLoaderDelegate - Retrieved ApplicationContext [58308479] from cache with key [[WebMergedContextConfiguration@54267207 testClass = AopNamespaceHandlerScopeIntegrationTests, locations = '{classpath:org/springframework/aop/config/AopNamespaceHandlerScopeIntegrationTests-context.xml}', classes = '{}', contextInitializerClasses = '[]', activeProfiles = '{}', propertySourceLocations = '{}', propertySourceProperties = '{}', contextCustomizers = set[[empty]], resourceBasePath = 'src/main/webapp', contextLoader = 'org.springframework.test.context.web.WebDelegatingSmartContextLoader', parent = [null]]]
16:10:15.858 [Test worker] DEBUG o.s.t.c.cache - Spring test ApplicationContext cache statistics: [DefaultContextCache@19c913e6 size = 1, maxSize = 32, parentContextCount = 0, hitCount = 46, missCount = 5]
16:10:15.858 [Test worker] DEBUG o.s.t.c.w.ServletTestExecutionListener - Setting up MockHttpServletRequest, MockHttpServletResponse, ServletWebRequest, and RequestContextHolder for test context [DefaultTestContext@75a9fbd6 testClass = AopNamespaceHandlerScopeIntegrationTests, testInstance = org.springframework.aop.config.AopNamespaceHandlerScopeIntegrationTests@5dd8132, testMethod = [null], testException = [null], mergedContextConfiguration = [WebMergedContextConfiguration@54267207 testClass = AopNamespaceHandlerScopeIntegrationTests, locations = '{classpath:org/springframework/aop/config/AopNamespaceHandlerScopeIntegrationTests-context.xml}', classes = '{}', contextInitializerClasses = '[]', activeProfiles = '{}', propertySourceLocations = '{}', propertySourceProperties = '{}', contextCustomizers = set[[empty]], resourceBasePath = 'src/main/webapp', contextLoader = 'org.springframework.test.context.web.WebDelegatingSmartContextLoader', parent = [null]], attributes = map['org.springframework.test.context.support.DependencyInjectionTestExecutionListener.reinjectDependencies' -> true]].
16:10:15.858 [Test worker] DEBUG o.s.t.c.s.DependencyInjectionTestExecutionListener - Performing dependency injection for test context [[DefaultTestContext@75a9fbd6 testClass = AopNamespaceHandlerScopeIntegrationTests, testInstance = org.springframework.aop.config.AopNamespaceHandlerScopeIntegrationTests@5dd8132, testMethod = [null], testException = [null], mergedContextConfiguration = [WebMergedContextConfiguration@54267207 testClass = AopNamespaceHandlerScopeIntegrationTests, locations = '{classpath:org/springframework/aop/config/AopNamespaceHandlerScopeIntegrationTests-context.xml}', classes = '{}', contextInitializerClasses = '[]', activeProfiles = '{}', propertySourceLocations = '{}', propertySourceProperties = '{}', contextCustomizers = set[[empty]], resourceBasePath = 'src/main/webapp', contextLoader = 'org.springframework.test.context.web.WebDelegatingSmartContextLoader', parent = [null]], attributes = map['org.springframework.test.context.web.ServletTestExecutionListener.populatedRequestContextHolder' -> true, 'org.springframework.test.context.web.ServletTestExecutionListener.resetRequestContextHolder' -> true, 'org.springframework.test.context.support.DependencyInjectionTestExecutionListener.reinjectDependencies' -> true]]].
16:10:15.858 [Test worker] DEBUG o.s.t.c.c.DefaultCacheAwareContextLoaderDelegate - Retrieved ApplicationContext [58308479] from cache with key [[WebMergedContextConfiguration@54267207 testClass = AopNamespaceHandlerScopeIntegrationTests, locations = '{classpath:org/springframework/aop/config/AopNamespaceHandlerScopeIntegrationTests-context.xml}', classes = '{}', contextInitializerClasses = '[]', activeProfiles = '{}', propertySourceLocations = '{}', propertySourceProperties = '{}', contextCustomizers = set[[empty]], resourceBasePath = 'src/main/webapp', contextLoader = 'org.springframework.test.context.web.WebDelegatingSmartContextLoader', parent = [null]]]
16:10:15.858 [Test worker] DEBUG o.s.t.c.cache - Spring test ApplicationContext cache statistics: [DefaultContextCache@19c913e6 size = 1, maxSize = 32, parentContextCount = 0, hitCount = 47, missCount = 5]
16:10:15.859 [Test worker] DEBUG o.s.t.c.c.DefaultCacheAwareContextLoaderDelegate - Retrieved ApplicationContext [58308479] from cache with key [[WebMergedContextConfiguration@54267207 testClass = AopNamespaceHandlerScopeIntegrationTests, locations = '{classpath:org/springframework/aop/config/AopNamespaceHandlerScopeIntegrationTests-context.xml}', classes = '{}', contextInitializerClasses = '[]', activeProfiles = '{}', propertySourceLocations = '{}', propertySourceProperties = '{}', contextCustomizers = set[[empty]], resourceBasePath = 'src/main/webapp', contextLoader = 'org.springframework.test.context.web.WebDelegatingSmartContextLoader', parent = [null]]]
16:10:15.859 [Test worker] DEBUG o.s.t.c.cache - Spring test ApplicationContext cache statistics: [DefaultContextCache@19c913e6 size = 1, maxSize = 32, parentContextCount = 0, hitCount = 48, missCount = 5]
16:10:15.860 [Test worker] DEBUG o.s.t.c.s.AbstractDirtiesContextTestExecutionListener - Before test method: context [DefaultTestContext@75a9fbd6 testClass = AopNamespaceHandlerScopeIntegrationTests, testInstance = org.springframework.aop.config.AopNamespaceHandlerScopeIntegrationTests@5dd8132, testMethod = testSingletonScoping@AopNamespaceHandlerScopeIntegrationTests, testException = [null], mergedContextConfiguration = [WebMergedContextConfiguration@54267207 testClass = AopNamespaceHandlerScopeIntegrationTests, locations = '{classpath:org/springframework/aop/config/AopNamespaceHandlerScopeIntegrationTests-context.xml}', classes = '{}', contextInitializerClasses = '[]', activeProfiles = '{}', propertySourceLocations = '{}', propertySourceProperties = '{}', contextCustomizers = set[[empty]], resourceBasePath = 'src/main/webapp', contextLoader = 'org.springframework.test.context.web.WebDelegatingSmartContextLoader', parent = [null]], attributes = map['org.springframework.test.context.web.ServletTestExecutionListener.populatedRequestContextHolder' -> true, 'org.springframework.test.context.web.ServletTestExecutionListener.resetRequestContextHolder' -> true]], class annotated with @DirtiesContext [false] with mode [null], method annotated with @DirtiesContext [false] with mode [null].
16:10:15.860 [Test worker] DEBUG o.s.t.c.c.DefaultCacheAwareContextLoaderDelegate - Retrieved ApplicationContext [58308479] from cache with key [[WebMergedContextConfiguration@54267207 testClass = AopNamespaceHandlerScopeIntegrationTests, locations = '{classpath:org/springframework/aop/config/AopNamespaceHandlerScopeIntegrationTests-context.xml}', classes = '{}', contextInitializerClasses = '[]', activeProfiles = '{}', propertySourceLocations = '{}', propertySourceProperties = '{}', contextCustomizers = set[[empty]], resourceBasePath = 'src/main/webapp', contextLoader = 'org.springframework.test.context.web.WebDelegatingSmartContextLoader', parent = [null]]]
16:10:15.860 [Test worker] DEBUG o.s.t.c.cache - Spring test ApplicationContext cache statistics: [DefaultContextCache@19c913e6 size = 1, maxSize = 32, parentContextCount = 0, hitCount = 49, missCount = 5]
16:10:15.860 [Test worker] DEBUG o.s.t.c.c.DefaultCacheAwareContextLoaderDelegate - Retrieved ApplicationContext [58308479] from cache with key [[WebMergedContextConfiguration@54267207 testClass = AopNamespaceHandlerScopeIntegrationTests, locations = '{classpath:org/springframework/aop/config/AopNamespaceHandlerScopeIntegrationTests-context.xml}', classes = '{}', contextInitializerClasses = '[]', activeProfiles = '{}', propertySourceLocations = '{}', propertySourceProperties = '{}', contextCustomizers = set[[empty]], resourceBasePath = 'src/main/webapp', contextLoader = 'org.springframework.test.context.web.WebDelegatingSmartContextLoader', parent = [null]]]
16:10:15.860 [Test worker] DEBUG o.s.t.c.cache - Spring test ApplicationContext cache statistics: [DefaultContextCache@19c913e6 size = 1, maxSize = 32, parentContextCount = 0, hitCount = 50, missCount = 5]
16:10:16.216 [Test worker] DEBUG o.s.t.c.c.DefaultCacheAwareContextLoaderDelegate - Retrieved ApplicationContext [58308479] from cache with key [[WebMergedContextConfiguration@54267207 testClass = AopNamespaceHandlerScopeIntegrationTests, locations = '{classpath:org/springframework/aop/config/AopNamespaceHandlerScopeIntegrationTests-context.xml}', classes = '{}', contextInitializerClasses = '[]', activeProfiles = '{}', propertySourceLocations = '{}', propertySourceProperties = '{}', contextCustomizers = set[[empty]], resourceBasePath = 'src/main/webapp', contextLoader = 'org.springframework.test.context.web.WebDelegatingSmartContextLoader', parent = [null]]]
16:10:16.217 [Test worker] DEBUG o.s.t.c.cache - Spring test ApplicationContext cache statistics: [DefaultContextCache@19c913e6 size = 1, maxSize = 32, parentContextCount = 0, hitCount = 51, missCount = 5]
16:10:16.217 [Test worker] DEBUG o.s.t.c.c.DefaultCacheAwareContextLoaderDelegate - Retrieved ApplicationContext [58308479] from cache with key [[WebMergedContextConfiguration@54267207 testClass = AopNamespaceHandlerScopeIntegrationTests, locations = '{classpath:org/springframework/aop/config/AopNamespaceHandlerScopeIntegrationTests-context.xml}', classes = '{}', contextInitializerClasses = '[]', activeProfiles = '{}', propertySourceLocations = '{}', propertySourceProperties = '{}', contextCustomizers = set[[empty]], resourceBasePath = 'src/main/webapp', contextLoader = 'org.springframework.test.context.web.WebDelegatingSmartContextLoader', parent = [null]]]
16:10:16.218 [Test worker] DEBUG o.s.t.c.cache - Spring test ApplicationContext cache statistics: [DefaultContextCache@19c913e6 size = 1, maxSize = 32, parentContextCount = 0, hitCount = 52, missCount = 5]
16:10:16.218 [Test worker] DEBUG o.s.t.c.s.AbstractDirtiesContextTestExecutionListener - After test method: context [DefaultTestContext@75a9fbd6 testClass = AopNamespaceHandlerScopeIntegrationTests, testInstance = org.springframework.aop.config.AopNamespaceHandlerScopeIntegrationTests@5dd8132, testMethod = testSingletonScoping@AopNamespaceHandlerScopeIntegrationTests, testException = [null], mergedContextConfiguration = [WebMergedContextConfiguration@54267207 testClass = AopNamespaceHandlerScopeIntegrationTests, locations = '{classpath:org/springframework/aop/config/AopNamespaceHandlerScopeIntegrationTests-context.xml}', classes = '{}', contextInitializerClasses = '[]', activeProfiles = '{}', propertySourceLocations = '{}', propertySourceProperties = '{}', contextCustomizers = set[[empty]], resourceBasePath = 'src/main/webapp', contextLoader = 'org.springframework.test.context.web.WebDelegatingSmartContextLoader', parent = [null]], attributes = map['org.springframework.test.context.web.ServletTestExecutionListener.populatedRequestContextHolder' -> true, 'org.springframework.test.context.web.ServletTestExecutionListener.resetRequestContextHolder' -> true]], class annotated with @DirtiesContext [false] with mode [null], method annotated with @DirtiesContext [false] with mode [null].
16:10:16.219 [Test worker] DEBUG o.s.t.c.w.ServletTestExecutionListener - Resetting RequestContextHolder for test context [DefaultTestContext@75a9fbd6 testClass = AopNamespaceHandlerScopeIntegrationTests, testInstance = org.springframework.aop.config.AopNamespaceHandlerScopeIntegrationTests@5dd8132, testMethod = testSingletonScoping@AopNamespaceHandlerScopeIntegrationTests, testException = [null], mergedContextConfiguration = [WebMergedContextConfiguration@54267207 testClass = AopNamespaceHandlerScopeIntegrationTests, locations = '{classpath:org/springframework/aop/config/AopNamespaceHandlerScopeIntegrationTests-context.xml}', classes = '{}', contextInitializerClasses = '[]', activeProfiles = '{}', propertySourceLocations = '{}', propertySourceProperties = '{}', contextCustomizers = set[[empty]], resourceBasePath = 'src/main/webapp', contextLoader = 'org.springframework.test.context.web.WebDelegatingSmartContextLoader', parent = [null]], attributes = map['org.springframework.test.context.web.ServletTestExecutionListener.populatedRequestContextHolder' -> true, 'org.springframework.test.context.web.ServletTestExecutionListener.resetRequestContextHolder' -> true]].
16:10:16.219 [Test worker] DEBUG o.s.t.c.c.DefaultCacheAwareContextLoaderDelegate - Retrieved ApplicationContext [58308479] from cache with key [[WebMergedContextConfiguration@54267207 testClass = AopNamespaceHandlerScopeIntegrationTests, locations = '{classpath:org/springframework/aop/config/AopNamespaceHandlerScopeIntegrationTests-context.xml}', classes = '{}', contextInitializerClasses = '[]', activeProfiles = '{}', propertySourceLocations = '{}', propertySourceProperties = '{}', contextCustomizers = set[[empty]], resourceBasePath = 'src/main/webapp', contextLoader = 'org.springframework.test.context.web.WebDelegatingSmartContextLoader', parent = [null]]]
16:10:16.219 [Test worker] DEBUG o.s.t.c.cache - Spring test ApplicationContext cache statistics: [DefaultContextCache@19c913e6 size = 1, maxSize = 32, parentContextCount = 0, hitCount = 53, missCount = 5]
16:10:16.220 [Test worker] DEBUG o.s.t.c.s.AbstractDirtiesContextTestExecutionListener - After test class: context [DefaultTestContext@75a9fbd6 testClass = AopNamespaceHandlerScopeIntegrationTests, testInstance = [null], testMethod = [null], testException = [null], mergedContextConfiguration = [WebMergedContextConfiguration@54267207 testClass = AopNamespaceHandlerScopeIntegrationTests, locations = '{classpath:org/springframework/aop/config/AopNamespaceHandlerScopeIntegrationTests-context.xml}', classes = '{}', contextInitializerClasses = '[]', activeProfiles = '{}', propertySourceLocations = '{}', propertySourceProperties = '{}', contextCustomizers = set[[empty]], resourceBasePath = 'src/main/webapp', contextLoader = 'org.springframework.test.context.web.WebDelegatingSmartContextLoader', parent = [null]], attributes = map['org.springframework.test.context.support.DependencyInjectionTestExecutionListener.reinjectDependencies' -> true]], class annotated with @DirtiesContext [false] with mode [null].
]]></system-out>
  <system-err><![CDATA[]]></system-err>
</testsuite>
