<?xml version="1.0" encoding="UTF-8"?>
<testsuite name="org.springframework.beans.factory.aspectj.XmlBeanConfigurerTests" tests="1" skipped="0" failures="0" errors="0" timestamp="2021-06-20T08:10:32" hostname="gankangdembp" time="0.093">
  <properties/>
  <testcase name="injection()" classname="org.springframework.beans.factory.aspectj.XmlBeanConfigurerTests" time="0.093"/>
  <system-out><![CDATA[]]></system-out>
  <system-err><![CDATA[]]></system-err>
</testsuite>
