<?xml version="1.0" encoding="UTF-8"?>
<testsuite name="org.springframework.beans.factory.aspectj.XmlBeanConfigurerTests" tests="1" skipped="0" failures="0" errors="0" timestamp="2020-05-29T13:57:13" hostname="bamboo-18" time="1.814">
  <properties/>
  <testcase name="injection()" classname="org.springframework.beans.factory.aspectj.XmlBeanConfigurerTests" time="1.814"/>
  <system-out><![CDATA[]]></system-out>
  <system-err><![CDATA[]]></system-err>
</testsuite>
