<?xml version="1.0" encoding="UTF-8"?>
<testsuite name="org.springframework.cache.aspectj.AspectJEnableCachingIsolatedTests" tests="9" skipped="1" failures="0" errors="0" timestamp="2021-06-20T08:10:29" hostname="gankangdembp" time="0.619">
  <properties/>
  <testcase name="multipleCacheManagerBeans_implementsCachingConfigurer()" classname="org.springframework.cache.aspectj.AspectJEnableCachingIsolatedTests" time="0.065"/>
  <testcase name="bothSetOnlyResolverIsUsed()" classname="org.springframework.cache.aspectj.AspectJEnableCachingIsolatedTests" time="0.088"/>
  <testcase name="emptyConfigSupport()" classname="org.springframework.cache.aspectj.AspectJEnableCachingIsolatedTests" time="0.002">
    <skipped/>
  </testcase>
  <testcase name="testKeyStrategy()" classname="org.springframework.cache.aspectj.AspectJEnableCachingIsolatedTests" time="0.089"/>
  <testcase name="testCacheErrorHandler()" classname="org.springframework.cache.aspectj.AspectJEnableCachingIsolatedTests" time="0.041"/>
  <testcase name="multipleCacheManagerBeans()" classname="org.springframework.cache.aspectj.AspectJEnableCachingIsolatedTests" time="0.062"/>
  <testcase name="multipleCachingConfigurers()" classname="org.springframework.cache.aspectj.AspectJEnableCachingIsolatedTests" time="0.072"/>
  <testcase name="noCacheManagerBeans()" classname="org.springframework.cache.aspectj.AspectJEnableCachingIsolatedTests" time="0.033"/>
  <testcase name="singleCacheManagerBean()" classname="org.springframework.cache.aspectj.AspectJEnableCachingIsolatedTests" time="0.084"/>
  <system-out><![CDATA[]]></system-out>
  <system-err><![CDATA[]]></system-err>
</testsuite>
