<?xml version="1.0" encoding="UTF-8"?>
<testsuite name="org.springframework.cache.aspectj.AspectJEnableCachingTests" tests="60" skipped="0" failures="0" errors="0" timestamp="2021-06-20T08:10:14" hostname="gankangdembp" time="6.283">
  <properties/>
  <testcase name="testMultiConditionalCacheAndEvict()" classname="org.springframework.cache.aspectj.AspectJEnableCachingTests" time="1.1"/>
  <testcase name="testClassEvictWithKeyEarly()" classname="org.springframework.cache.aspectj.AspectJEnableCachingTests" time="0.13"/>
  <testcase name="testClassCheckedExceptionSync()" classname="org.springframework.cache.aspectj.AspectJEnableCachingTests" time="0.127"/>
  <testcase name="testKeyExpression()" classname="org.springframework.cache.aspectj.AspectJEnableCachingTests" time="0.13"/>
  <testcase name="testConditionalUpdate()" classname="org.springframework.cache.aspectj.AspectJEnableCachingTests" time="0.116"/>
  <testcase name="testClassMultiCacheAndEvict()" classname="org.springframework.cache.aspectj.AspectJEnableCachingTests" time="0.102"/>
  <testcase name="testCacheableSyncNull()" classname="org.springframework.cache.aspectj.AspectJEnableCachingTests" time="0.054"/>
  <testcase name="testUnknownCustomKeyGenerator()" classname="org.springframework.cache.aspectj.AspectJEnableCachingTests" time="0.143"/>
  <testcase name="testClassRootVars()" classname="org.springframework.cache.aspectj.AspectJEnableCachingTests" time="0.184"/>
  <testcase name="testMethodName()" classname="org.springframework.cache.aspectj.AspectJEnableCachingTests" time="0.114"/>
  <testcase name="testEvictWithException()" classname="org.springframework.cache.aspectj.AspectJEnableCachingTests" time="0.118"/>
  <testcase name="testClassUpdate()" classname="org.springframework.cache.aspectj.AspectJEnableCachingTests" time="0.113"/>
  <testcase name="testCustomCacheManager()" classname="org.springframework.cache.aspectj.AspectJEnableCachingTests" time="0.074"/>
  <testcase name="testEvict()" classname="org.springframework.cache.aspectj.AspectJEnableCachingTests" time="0.109"/>
  <testcase name="testCheckedExceptionSync()" classname="org.springframework.cache.aspectj.AspectJEnableCachingTests" time="0.064"/>
  <testcase name="testClassEvictEarly()" classname="org.springframework.cache.aspectj.AspectJEnableCachingTests" time="0.071"/>
  <testcase name="testClassNullArg()" classname="org.springframework.cache.aspectj.AspectJEnableCachingTests" time="0.105"/>
  <testcase name="testClassEvictAll()" classname="org.springframework.cache.aspectj.AspectJEnableCachingTests" time="0.074"/>
  <testcase name="testPutRefersToResult()" classname="org.springframework.cache.aspectj.AspectJEnableCachingTests" time="0.164"/>
  <testcase name="testClassCacheUnlessExpression()" classname="org.springframework.cache.aspectj.AspectJEnableCachingTests" time="0.084"/>
  <testcase name="testConditionalExpressionSync()" classname="org.springframework.cache.aspectj.AspectJEnableCachingTests" time="0.062"/>
  <testcase name="testClassConditionalUpdate()" classname="org.springframework.cache.aspectj.AspectJEnableCachingTests" time="0.147"/>
  <testcase name="testConditionalExpression()" classname="org.springframework.cache.aspectj.AspectJEnableCachingTests" time="0.082"/>
  <testcase name="testClassMultiPut()" classname="org.springframework.cache.aspectj.AspectJEnableCachingTests" time="0.082"/>
  <testcase name="testClassUncheckedException()" classname="org.springframework.cache.aspectj.AspectJEnableCachingTests" time="0.087"/>
  <testcase name="testClassCacheEvictWithWKey()" classname="org.springframework.cache.aspectj.AspectJEnableCachingTests" time="0.081"/>
  <testcase name="testClassNullValue()" classname="org.springframework.cache.aspectj.AspectJEnableCachingTests" time="0.073"/>
  <testcase name="testUncheckedExceptionSync()" classname="org.springframework.cache.aspectj.AspectJEnableCachingTests" time="0.076"/>
  <testcase name="testClassUncheckedExceptionSync()" classname="org.springframework.cache.aspectj.AspectJEnableCachingTests" time="0.053"/>
  <testcase name="testClassCacheCacheable()" classname="org.springframework.cache.aspectj.AspectJEnableCachingTests" time="0.027"/>
  <testcase name="testClassMethodName()" classname="org.springframework.cache.aspectj.AspectJEnableCachingTests" time="0.117"/>
  <testcase name="testCustomKeyGenerator()" classname="org.springframework.cache.aspectj.AspectJEnableCachingTests" time="0.09"/>
  <testcase name="testCacheable()" classname="org.springframework.cache.aspectj.AspectJEnableCachingTests" time="0.166"/>
  <testcase name="testCheckedException()" classname="org.springframework.cache.aspectj.AspectJEnableCachingTests" time="0.095"/>
  <testcase name="testClassPutRefersToResult()" classname="org.springframework.cache.aspectj.AspectJEnableCachingTests" time="0.056"/>
  <testcase name="testVarArgsKey()" classname="org.springframework.cache.aspectj.AspectJEnableCachingTests" time="0.03"/>
  <testcase name="testMultiCache()" classname="org.springframework.cache.aspectj.AspectJEnableCachingTests" time="0.106"/>
  <testcase name="testMultiEvict()" classname="org.springframework.cache.aspectj.AspectJEnableCachingTests" time="0.099"/>
  <testcase name="testMultiCacheAndEvict()" classname="org.springframework.cache.aspectj.AspectJEnableCachingTests" time="0.093"/>
  <testcase name="testRootVars()" classname="org.springframework.cache.aspectj.AspectJEnableCachingTests" time="0.066"/>
  <testcase name="testClassMultiConditionalCacheAndEvict()" classname="org.springframework.cache.aspectj.AspectJEnableCachingTests" time="0.058"/>
  <testcase name="testClassEvictWithException()" classname="org.springframework.cache.aspectj.AspectJEnableCachingTests" time="0.081"/>
  <testcase name="testClassCheckedException()" classname="org.springframework.cache.aspectj.AspectJEnableCachingTests" time="0.062"/>
  <testcase name="testClassCacheEvict()" classname="org.springframework.cache.aspectj.AspectJEnableCachingTests" time="0.079"/>
  <testcase name="testEvictWithKey()" classname="org.springframework.cache.aspectj.AspectJEnableCachingTests" time="0.082"/>
  <testcase name="testUnlessExpression()" classname="org.springframework.cache.aspectj.AspectJEnableCachingTests" time="0.039"/>
  <testcase name="testEvictAllEarly()" classname="org.springframework.cache.aspectj.AspectJEnableCachingTests" time="0.062"/>
  <testcase name="testEvictAll()" classname="org.springframework.cache.aspectj.AspectJEnableCachingTests" time="0.049"/>
  <testcase name="testCacheableNull()" classname="org.springframework.cache.aspectj.AspectJEnableCachingTests" time="0.066"/>
  <testcase name="testCacheableSync()" classname="org.springframework.cache.aspectj.AspectJEnableCachingTests" time="0.052"/>
  <testcase name="testEvictWithKeyEarly()" classname="org.springframework.cache.aspectj.AspectJEnableCachingTests" time="0.054"/>
  <testcase name="testMultiPut()" classname="org.springframework.cache.aspectj.AspectJEnableCachingTests" time="0.047"/>
  <testcase name="testUnknownCustomCacheManager()" classname="org.springframework.cache.aspectj.AspectJEnableCachingTests" time="0.072"/>
  <testcase name="testUncheckedException()" classname="org.springframework.cache.aspectj.AspectJEnableCachingTests" time="0.048"/>
  <testcase name="testNullValue()" classname="org.springframework.cache.aspectj.AspectJEnableCachingTests" time="0.069"/>
  <testcase name="testEvictEarly()" classname="org.springframework.cache.aspectj.AspectJEnableCachingTests" time="0.048"/>
  <testcase name="testUpdate()" classname="org.springframework.cache.aspectj.AspectJEnableCachingTests" time="0.079"/>
  <testcase name="testNullArg()" classname="org.springframework.cache.aspectj.AspectJEnableCachingTests" time="0.06"/>
  <testcase name="testClassMultiCache()" classname="org.springframework.cache.aspectj.AspectJEnableCachingTests" time="0.048"/>
  <testcase name="testClassMultiEvict()" classname="org.springframework.cache.aspectj.AspectJEnableCachingTests" time="0.073"/>
  <system-out><![CDATA[]]></system-out>
  <system-err><![CDATA[]]></system-err>
</testsuite>
