<?xml version="1.0" encoding="UTF-8"?>
<testsuite name="org.springframework.aop.aspectj.autoproxy.AutoProxyWithCodeStyleAspectsTests" tests="1" skipped="0" failures="0" errors="0" timestamp="2020-05-29T13:57:23" hostname="bamboo-18" time="0.025">
  <properties/>
  <testcase name="noAutoproxyingOfAjcCompiledAspects()" classname="org.springframework.aop.aspectj.autoproxy.AutoProxyWithCodeStyleAspectsTests" time="0.025"/>
  <system-out><![CDATA[]]></system-out>
  <system-err><![CDATA[]]></system-err>
</testsuite>
