<?xml version="1.0" encoding="UTF-8"?>
<testsuite name="org.springframework.cache.aspectj.AspectJCacheAnnotationTests" tests="61" skipped="0" failures="0" errors="0" timestamp="2021-06-20T08:10:24" hostname="gankangdembp" time="4.748">
  <properties/>
  <testcase name="testMultiConditionalCacheAndEvict()" classname="org.springframework.cache.aspectj.AspectJCacheAnnotationTests" time="0.3"/>
  <testcase name="testClassEvictWithKeyEarly()" classname="org.springframework.cache.aspectj.AspectJCacheAnnotationTests" time="0.13"/>
  <testcase name="testClassCheckedExceptionSync()" classname="org.springframework.cache.aspectj.AspectJCacheAnnotationTests" time="0.13"/>
  <testcase name="testKeyExpression()" classname="org.springframework.cache.aspectj.AspectJCacheAnnotationTests" time="0.106"/>
  <testcase name="testConditionalUpdate()" classname="org.springframework.cache.aspectj.AspectJCacheAnnotationTests" time="0.121"/>
  <testcase name="testClassMultiCacheAndEvict()" classname="org.springframework.cache.aspectj.AspectJCacheAnnotationTests" time="0.128"/>
  <testcase name="testCacheableSyncNull()" classname="org.springframework.cache.aspectj.AspectJCacheAnnotationTests" time="0.132"/>
  <testcase name="testUnknownCustomKeyGenerator()" classname="org.springframework.cache.aspectj.AspectJCacheAnnotationTests" time="0.098"/>
  <testcase name="testClassRootVars()" classname="org.springframework.cache.aspectj.AspectJCacheAnnotationTests" time="0.106"/>
  <testcase name="testMethodName()" classname="org.springframework.cache.aspectj.AspectJCacheAnnotationTests" time="0.098"/>
  <testcase name="testEvictWithException()" classname="org.springframework.cache.aspectj.AspectJCacheAnnotationTests" time="0.088"/>
  <testcase name="testClassUpdate()" classname="org.springframework.cache.aspectj.AspectJCacheAnnotationTests" time="0.146"/>
  <testcase name="testCustomCacheManager()" classname="org.springframework.cache.aspectj.AspectJCacheAnnotationTests" time="0.071"/>
  <testcase name="testEvict()" classname="org.springframework.cache.aspectj.AspectJCacheAnnotationTests" time="0.062"/>
  <testcase name="testCheckedExceptionSync()" classname="org.springframework.cache.aspectj.AspectJCacheAnnotationTests" time="0.053"/>
  <testcase name="testClassEvictEarly()" classname="org.springframework.cache.aspectj.AspectJCacheAnnotationTests" time="0.056"/>
  <testcase name="testClassNullArg()" classname="org.springframework.cache.aspectj.AspectJCacheAnnotationTests" time="0.066"/>
  <testcase name="testClassEvictAll()" classname="org.springframework.cache.aspectj.AspectJCacheAnnotationTests" time="0.156"/>
  <testcase name="testPutRefersToResult()" classname="org.springframework.cache.aspectj.AspectJCacheAnnotationTests" time="0.137"/>
  <testcase name="testClassCacheUnlessExpression()" classname="org.springframework.cache.aspectj.AspectJCacheAnnotationTests" time="0.065"/>
  <testcase name="testConditionalExpressionSync()" classname="org.springframework.cache.aspectj.AspectJCacheAnnotationTests" time="0.089"/>
  <testcase name="testClassConditionalUpdate()" classname="org.springframework.cache.aspectj.AspectJCacheAnnotationTests" time="0.073"/>
  <testcase name="testConditionalExpression()" classname="org.springframework.cache.aspectj.AspectJCacheAnnotationTests" time="0.071"/>
  <testcase name="testClassMultiPut()" classname="org.springframework.cache.aspectj.AspectJCacheAnnotationTests" time="0.043"/>
  <testcase name="testClassUncheckedException()" classname="org.springframework.cache.aspectj.AspectJCacheAnnotationTests" time="0.073"/>
  <testcase name="testClassCacheEvictWithWKey()" classname="org.springframework.cache.aspectj.AspectJCacheAnnotationTests" time="0.044"/>
  <testcase name="testClassNullValue()" classname="org.springframework.cache.aspectj.AspectJCacheAnnotationTests" time="0.063"/>
  <testcase name="testUncheckedExceptionSync()" classname="org.springframework.cache.aspectj.AspectJCacheAnnotationTests" time="0.055"/>
  <testcase name="testClassUncheckedExceptionSync()" classname="org.springframework.cache.aspectj.AspectJCacheAnnotationTests" time="0.099"/>
  <testcase name="testClassCacheCacheable()" classname="org.springframework.cache.aspectj.AspectJCacheAnnotationTests" time="0.091"/>
  <testcase name="testClassMethodName()" classname="org.springframework.cache.aspectj.AspectJCacheAnnotationTests" time="0.046"/>
  <testcase name="testCustomKeyGenerator()" classname="org.springframework.cache.aspectj.AspectJCacheAnnotationTests" time="0.074"/>
  <testcase name="testCacheable()" classname="org.springframework.cache.aspectj.AspectJCacheAnnotationTests" time="0.046"/>
  <testcase name="testCheckedException()" classname="org.springframework.cache.aspectj.AspectJCacheAnnotationTests" time="0.07"/>
  <testcase name="testClassPutRefersToResult()" classname="org.springframework.cache.aspectj.AspectJCacheAnnotationTests" time="0.047"/>
  <testcase name="testVarArgsKey()" classname="org.springframework.cache.aspectj.AspectJCacheAnnotationTests" time="0.048"/>
  <testcase name="testMultiCache()" classname="org.springframework.cache.aspectj.AspectJCacheAnnotationTests" time="0.076"/>
  <testcase name="testMultiEvict()" classname="org.springframework.cache.aspectj.AspectJCacheAnnotationTests" time="0.075"/>
  <testcase name="testMultiCacheAndEvict()" classname="org.springframework.cache.aspectj.AspectJCacheAnnotationTests" time="0.052"/>
  <testcase name="testRootVars()" classname="org.springframework.cache.aspectj.AspectJCacheAnnotationTests" time="0.043"/>
  <testcase name="testClassMultiConditionalCacheAndEvict()" classname="org.springframework.cache.aspectj.AspectJCacheAnnotationTests" time="0.081"/>
  <testcase name="testClassEvictWithException()" classname="org.springframework.cache.aspectj.AspectJCacheAnnotationTests" time="0.046"/>
  <testcase name="testClassCheckedException()" classname="org.springframework.cache.aspectj.AspectJCacheAnnotationTests" time="0.075"/>
  <testcase name="testClassCacheEvict()" classname="org.springframework.cache.aspectj.AspectJCacheAnnotationTests" time="0.052"/>
  <testcase name="testEvictWithKey()" classname="org.springframework.cache.aspectj.AspectJCacheAnnotationTests" time="0.039"/>
  <testcase name="testUnlessExpression()" classname="org.springframework.cache.aspectj.AspectJCacheAnnotationTests" time="0.043"/>
  <testcase name="testEvictAllEarly()" classname="org.springframework.cache.aspectj.AspectJCacheAnnotationTests" time="0.057"/>
  <testcase name="testEvictAll()" classname="org.springframework.cache.aspectj.AspectJCacheAnnotationTests" time="0.054"/>
  <testcase name="testCacheableNull()" classname="org.springframework.cache.aspectj.AspectJCacheAnnotationTests" time="0.04"/>
  <testcase name="testCacheableSync()" classname="org.springframework.cache.aspectj.AspectJCacheAnnotationTests" time="0.042"/>
  <testcase name="testEvictWithKeyEarly()" classname="org.springframework.cache.aspectj.AspectJCacheAnnotationTests" time="0.048"/>
  <testcase name="testMultiPut()" classname="org.springframework.cache.aspectj.AspectJCacheAnnotationTests" time="0.047"/>
  <testcase name="testUnknownCustomCacheManager()" classname="org.springframework.cache.aspectj.AspectJCacheAnnotationTests" time="0.057"/>
  <testcase name="testUncheckedException()" classname="org.springframework.cache.aspectj.AspectJCacheAnnotationTests" time="0.067"/>
  <testcase name="testNullValue()" classname="org.springframework.cache.aspectj.AspectJCacheAnnotationTests" time="0.113"/>
  <testcase name="testEvictEarly()" classname="org.springframework.cache.aspectj.AspectJCacheAnnotationTests" time="0.045"/>
  <testcase name="testUpdate()" classname="org.springframework.cache.aspectj.AspectJCacheAnnotationTests" time="0.043"/>
  <testcase name="testNullArg()" classname="org.springframework.cache.aspectj.AspectJCacheAnnotationTests" time="0.038"/>
  <testcase name="testClassMultiCache()" classname="org.springframework.cache.aspectj.AspectJCacheAnnotationTests" time="0.059"/>
  <testcase name="testClassMultiEvict()" classname="org.springframework.cache.aspectj.AspectJCacheAnnotationTests" time="0.048"/>
  <testcase name="testKeyStrategy()" classname="org.springframework.cache.aspectj.AspectJCacheAnnotationTests" time="0.053"/>
  <system-out><![CDATA[]]></system-out>
  <system-err><![CDATA[]]></system-err>
</testsuite>
