<?xml version="1.0" encoding="UTF-8"?>
<testsuite name="org.springframework.transaction.aspectj.JtaTransactionAspectsTests" tests="8" skipped="0" failures="0" errors="0" timestamp="2021-06-20T08:10:12" hostname="gankangdembp" time="0.634">
  <properties/>
  <testcase name="commitOnAnnotatedPrivateMethod()" classname="org.springframework.transaction.aspectj.JtaTransactionAspectsTests" time="0.539"/>
  <testcase name="notTransactional()" classname="org.springframework.transaction.aspectj.JtaTransactionAspectsTests" time="0.018"/>
  <testcase name="nonAnnotatedMethodCallingPrivateMethod()" classname="org.springframework.transaction.aspectj.JtaTransactionAspectsTests" time="0.004"/>
  <testcase name="commitOnAnnotatedProtectedMethod()" classname="org.springframework.transaction.aspectj.JtaTransactionAspectsTests" time="0.004"/>
  <testcase name="nonMatchingRollbackOnApplied()" classname="org.springframework.transaction.aspectj.JtaTransactionAspectsTests" time="0.035"/>
  <testcase name="nonAnnotatedMethodCallingProtectedMethod()" classname="org.springframework.transaction.aspectj.JtaTransactionAspectsTests" time="0.002"/>
  <testcase name="commitOnAnnotatedPublicMethod()" classname="org.springframework.transaction.aspectj.JtaTransactionAspectsTests" time="0.002"/>
  <testcase name="matchingRollbackOnApplied()" classname="org.springframework.transaction.aspectj.JtaTransactionAspectsTests" time="0.022"/>
  <system-out><![CDATA[]]></system-out>
  <system-err><![CDATA[]]></system-err>
</testsuite>
