<?xml version="1.0" encoding="UTF-8"?>
<testsuite name="org.springframework.messaging.rsocket.RSocketRequesterExtensionsTests" tests="13" skipped="0" failures="0" errors="0" timestamp="2020-05-29T13:59:07" hostname="bamboo-18" time="6.359">
  <properties/>
  <testcase name="dataWithType with Flow()" classname="org.springframework.messaging.rsocket.RSocketRequesterExtensionsTests" time="3.41"/>
  <testcase name="dataWithType with CompletableFuture()" classname="org.springframework.messaging.rsocket.RSocketRequesterExtensionsTests" time="0.404"/>
  <testcase name="dataFlowWithoutType()" classname="org.springframework.messaging.rsocket.RSocketRequesterExtensionsTests" time="0.02"/>
  <testcase name="connectAndAwait()" classname="org.springframework.messaging.rsocket.RSocketRequesterExtensionsTests" time="1.332"/>
  <testcase name="dataWithType with Publisher()" classname="org.springframework.messaging.rsocket.RSocketRequesterExtensionsTests" time="0.013"/>
  <testcase name="retrieveAndAwaitOrNull()" classname="org.springframework.messaging.rsocket.RSocketRequesterExtensionsTests" time="0.015"/>
  <testcase name="connectWebSocketAndAwait()" classname="org.springframework.messaging.rsocket.RSocketRequesterExtensionsTests" time="0.248"/>
  <testcase name="sendAndAwait()" classname="org.springframework.messaging.rsocket.RSocketRequesterExtensionsTests" time="0.005"/>
  <testcase name="retrieveFlow()" classname="org.springframework.messaging.rsocket.RSocketRequesterExtensionsTests" time="0.806"/>
  <testcase name="retrieveFlux()" classname="org.springframework.messaging.rsocket.RSocketRequesterExtensionsTests" time="0.013"/>
  <testcase name="retrieveMono()" classname="org.springframework.messaging.rsocket.RSocketRequesterExtensionsTests" time="0.015"/>
  <testcase name="retrieveAndAwait()" classname="org.springframework.messaging.rsocket.RSocketRequesterExtensionsTests" time="0.018"/>
  <testcase name="connectTcpAndAwait()" classname="org.springframework.messaging.rsocket.RSocketRequesterExtensionsTests" time="0.023"/>
  <system-out><![CDATA[]]></system-out>
  <system-err><![CDATA[]]></system-err>
</testsuite>
