<?xml version="1.0" encoding="UTF-8"?>
<testsuite name="org.springframework.messaging.simp.stomp.BufferingStompDecoderTests" tests="11" skipped="0" failures="0" errors="0" timestamp="2020-05-29T13:58:32" hostname="bamboo-18" time="0.034">
  <properties/>
  <testcase name="twoMessagesInOneChunk()" classname="org.springframework.messaging.simp.stomp.BufferingStompDecoderTests" time="0.005"/>
  <testcase name="incompleteCommand()" classname="org.springframework.messaging.simp.stomp.BufferingStompDecoderTests" time="0.0"/>
  <testcase name="oneFullAndOneSplitWithContentLengthExceedingBufferSize()" classname="org.springframework.messaging.simp.stomp.BufferingStompDecoderTests" time="0.0"/>
  <testcase name="invalidEscapeSequence()" classname="org.springframework.messaging.simp.stomp.BufferingStompDecoderTests" time="0.0"/>
  <testcase name="invalidEscapeSequenceWithSingleSlashAtEndOfHeaderValue()" classname="org.springframework.messaging.simp.stomp.BufferingStompDecoderTests" time="0.0"/>
  <testcase name="bufferSizeLimit()" classname="org.springframework.messaging.simp.stomp.BufferingStompDecoderTests" time="0.0"/>
  <testcase name="oneFullAndOneSplitMessageContentLength()" classname="org.springframework.messaging.simp.stomp.BufferingStompDecoderTests" time="0.009"/>
  <testcase name="basic()" classname="org.springframework.messaging.simp.stomp.BufferingStompDecoderTests" time="0.009"/>
  <testcase name="oneMessageInTwoChunks()" classname="org.springframework.messaging.simp.stomp.BufferingStompDecoderTests" time="0.001"/>
  <testcase name="oneFullAndOneSplitMessageNoContentLength()" classname="org.springframework.messaging.simp.stomp.BufferingStompDecoderTests" time="0.0"/>
  <testcase name="incompleteHeaderWithPartialEscapeSequence()" classname="org.springframework.messaging.simp.stomp.BufferingStompDecoderTests" time="0.0"/>
  <system-out><![CDATA[]]></system-out>
  <system-err><![CDATA[]]></system-err>
</testsuite>
