<?xml version="1.0" encoding="UTF-8"?>
<testsuite name="org.springframework.messaging.rsocket.RSocketClientToServerCoroutinesIntegrationTests" tests="9" skipped="0" failures="0" errors="0" timestamp="2020-05-29T13:59:14" hostname="bamboo-18" time="0.693">
  <properties/>
  <testcase name="unitReturnValueFromExceptionHandler()" classname="org.springframework.messaging.rsocket.RSocketClientToServerCoroutinesIntegrationTests" time="0.083"/>
  <testcase name="echoStreamAsync()" classname="org.springframework.messaging.rsocket.RSocketClientToServerCoroutinesIntegrationTests" time="0.135"/>
  <testcase name="handleWithThrownException()" classname="org.springframework.messaging.rsocket.RSocketClientToServerCoroutinesIntegrationTests" time="0.041"/>
  <testcase name="echoAsync()" classname="org.springframework.messaging.rsocket.RSocketClientToServerCoroutinesIntegrationTests" time="0.052"/>
  <testcase name="echoChannel()" classname="org.springframework.messaging.rsocket.RSocketClientToServerCoroutinesIntegrationTests" time="0.114"/>
  <testcase name="fireAndForgetAsync()" classname="org.springframework.messaging.rsocket.RSocketClientToServerCoroutinesIntegrationTests" time="0.072"/>
  <testcase name="fireAndForget()" classname="org.springframework.messaging.rsocket.RSocketClientToServerCoroutinesIntegrationTests" time="0.057"/>
  <testcase name="echoStream()" classname="org.springframework.messaging.rsocket.RSocketClientToServerCoroutinesIntegrationTests" time="0.094"/>
  <testcase name="unitReturnValue()" classname="org.springframework.messaging.rsocket.RSocketClientToServerCoroutinesIntegrationTests" time="0.019"/>
  <system-out><![CDATA[]]></system-out>
  <system-err><![CDATA[]]></system-err>
</testsuite>
