<?xml version="1.0" encoding="UTF-8"?>
<testsuite name="org.springframework.messaging.simp.annotation.support.PrincipalMethodArgumentResolverTests" tests="2" skipped="0" failures="0" errors="0" timestamp="2020-05-29T13:58:31" hostname="bamboo-18" time="0.003">
  <properties/>
  <testcase name="resolverArgument()" classname="org.springframework.messaging.simp.annotation.support.PrincipalMethodArgumentResolverTests" time="0.003"/>
  <testcase name="supportsParameter()" classname="org.springframework.messaging.simp.annotation.support.PrincipalMethodArgumentResolverTests" time="0.0"/>
  <system-out><![CDATA[]]></system-out>
  <system-err><![CDATA[]]></system-err>
</testsuite>
