<?xml version="1.0" encoding="UTF-8"?>
<testsuite name="org.springframework.messaging.rsocket.RSocketClientToServerIntegrationTests" tests="10" skipped="0" failures="0" errors="0" timestamp="2021-06-20T08:10:19" hostname="gankangdembp" time="0.563">
  <properties/>
  <testcase name="handleWithErrorSignal()" classname="org.springframework.messaging.rsocket.RSocketClientToServerIntegrationTests" time="0.04"/>
  <testcase name="voidReturnValueFromExceptionHandler()" classname="org.springframework.messaging.rsocket.RSocketClientToServerIntegrationTests" time="0.016"/>
  <testcase name="handleWithThrownException()" classname="org.springframework.messaging.rsocket.RSocketClientToServerIntegrationTests" time="0.027"/>
  <testcase name="echoAsync()" classname="org.springframework.messaging.rsocket.RSocketClientToServerIntegrationTests" time="0.058"/>
  <testcase name="echo()" classname="org.springframework.messaging.rsocket.RSocketClientToServerIntegrationTests" time="0.062"/>
  <testcase name="echoChannel()" classname="org.springframework.messaging.rsocket.RSocketClientToServerIntegrationTests" time="0.147"/>
  <testcase name="voidReturnValue()" classname="org.springframework.messaging.rsocket.RSocketClientToServerIntegrationTests" time="0.027"/>
  <testcase name="fireAndForget()" classname="org.springframework.messaging.rsocket.RSocketClientToServerIntegrationTests" time="0.077"/>
  <testcase name="noMatchingRoute()" classname="org.springframework.messaging.rsocket.RSocketClientToServerIntegrationTests" time="0.015"/>
  <testcase name="echoStream()" classname="org.springframework.messaging.rsocket.RSocketClientToServerIntegrationTests" time="0.089"/>
  <system-out><![CDATA[]]></system-out>
  <system-err><![CDATA[]]></system-err>
</testsuite>
