<?xml version="1.0" encoding="UTF-8"?>
<testsuite name="org.springframework.messaging.core.GenericMessagingTemplateTests" tests="7" skipped="0" failures="0" errors="0" timestamp="2020-05-29T13:58:23" hostname="bamboo-18" time="1.618">
  <properties/>
  <testcase name="sendAndReceiveVariableTimeoutCustomHeaders()" classname="org.springframework.messaging.core.GenericMessagingTemplateTests" time="0.566"/>
  <testcase name="sendAndReceive()" classname="org.springframework.messaging.core.GenericMessagingTemplateTests" time="0.007"/>
  <testcase name="sendAndReceiveVariableTimeout()" classname="org.springframework.messaging.core.GenericMessagingTemplateTests" time="0.518"/>
  <testcase name="sendWithTimeout()" classname="org.springframework.messaging.core.GenericMessagingTemplateTests" time="0.001"/>
  <testcase name="convertAndSendWithSimpMessageHeaders()" classname="org.springframework.messaging.core.GenericMessagingTemplateTests" time="0.0"/>
  <testcase name="sendWithTimeoutMutable()" classname="org.springframework.messaging.core.GenericMessagingTemplateTests" time="0.001"/>
  <testcase name="sendAndReceiveTimeout()" classname="org.springframework.messaging.core.GenericMessagingTemplateTests" time="0.522"/>
  <system-out><![CDATA[13:58:23.740 [ThreadPoolTaskExecutor-1] WARN  o.s.m.c.GenericMessagingTemplate$TemporaryReplyChannel - Reply message received but the receiving thread has exited due to a timeout: GenericMessage [payload=response, headers={id=4e35a16e-4a9a-6d01-e592-bc5996478232, timestamp=1590760703738}]
13:58:24.287 [ThreadPoolTaskExecutor-1] WARN  o.s.m.c.GenericMessagingTemplate$TemporaryReplyChannel - Reply message received but the receiving thread has exited due to a timeout: GenericMessage [payload=response, headers={id=563b5dc1-cac3-bd8a-f8d8-8b07108de929, timestamp=1590760704287}]
13:58:24.812 [ThreadPoolTaskExecutor-1] WARN  o.s.m.c.GenericMessagingTemplate$TemporaryReplyChannel - Reply message received but the receiving thread has exited due to a timeout: GenericMessage [payload=response, headers={id=8ac875e8-e2a9-ef71-9634-30864ab99625, timestamp=1590760704812}]
]]></system-out>
  <system-err><![CDATA[]]></system-err>
</testsuite>
