<?xml version="1.0" encoding="UTF-8"?>
<testsuite name="org.springframework.messaging.core.GenericMessagingTemplateTests" tests="7" skipped="0" failures="0" errors="0" timestamp="2021-06-20T08:09:31" hostname="gankangdembp" time="1.713">
  <properties/>
  <testcase name="sendAndReceiveVariableTimeoutCustomHeaders()" classname="org.springframework.messaging.core.GenericMessagingTemplateTests" time="0.691"/>
  <testcase name="sendAndReceive()" classname="org.springframework.messaging.core.GenericMessagingTemplateTests" time="0.004"/>
  <testcase name="sendAndReceiveVariableTimeout()" classname="org.springframework.messaging.core.GenericMessagingTemplateTests" time="0.508"/>
  <testcase name="sendWithTimeout()" classname="org.springframework.messaging.core.GenericMessagingTemplateTests" time="0.002"/>
  <testcase name="convertAndSendWithSimpMessageHeaders()" classname="org.springframework.messaging.core.GenericMessagingTemplateTests" time="0.001"/>
  <testcase name="sendWithTimeoutMutable()" classname="org.springframework.messaging.core.GenericMessagingTemplateTests" time="0.002"/>
  <testcase name="sendAndReceiveTimeout()" classname="org.springframework.messaging.core.GenericMessagingTemplateTests" time="0.504"/>
  <system-out><![CDATA[16:09:32.651 [ThreadPoolTaskExecutor-1] WARN  o.s.m.c.GenericMessagingTemplate$TemporaryReplyChannel - Reply message received but the receiving thread has exited due to a timeout: GenericMessage [payload=response, headers={id=915ce8b4-9b5e-c38e-9ef4-0885477476da, timestamp=1624176572651}]
16:09:33.172 [ThreadPoolTaskExecutor-1] WARN  o.s.m.c.GenericMessagingTemplate$TemporaryReplyChannel - Reply message received but the receiving thread has exited due to a timeout: GenericMessage [payload=response, headers={id=7afb0fdc-f6ad-0124-e7f7-05cacb70eb45, timestamp=1624176573172}]
16:09:33.681 [ThreadPoolTaskExecutor-1] WARN  o.s.m.c.GenericMessagingTemplate$TemporaryReplyChannel - Reply message received but the receiving thread has exited due to a timeout: GenericMessage [payload=response, headers={id=80c73534-172f-03bf-6c4f-984f4980af7d, timestamp=1624176573681}]
]]></system-out>
  <system-err><![CDATA[]]></system-err>
</testsuite>
