<?xml version="1.0" encoding="UTF-8"?>
<testsuite name="org.springframework.messaging.support.ErrorMessageTests" tests="1" skipped="0" failures="0" errors="0" timestamp="2021-06-20T08:10:21" hostname="gankangdembp" time="0.001">
  <properties/>
  <testcase name="testToString()" classname="org.springframework.messaging.support.ErrorMessageTests" time="0.001"/>
  <system-out><![CDATA[]]></system-out>
  <system-err><![CDATA[]]></system-err>
</testsuite>
