<?xml version="1.0" encoding="UTF-8"?>
<testsuite name="org.springframework.messaging.simp.annotation.support.SimpAnnotationMethodMessageHandlerKotlinTests" tests="8" skipped="0" failures="0" errors="0" timestamp="2021-06-20T08:10:24" hostname="gankangdembp" time="5.199">
  <properties/>
  <testcase name="nonNullableHeaderWithoutHeader()" classname="org.springframework.messaging.simp.annotation.support.SimpAnnotationMethodMessageHandlerKotlinTests" time="5.017"/>
  <testcase name="nullableHeaderNotRequiredWithHeader()" classname="org.springframework.messaging.simp.annotation.support.SimpAnnotationMethodMessageHandlerKotlinTests" time="0.049"/>
  <testcase name="nonNullableHeaderNotRequiredWithoutHeader()" classname="org.springframework.messaging.simp.annotation.support.SimpAnnotationMethodMessageHandlerKotlinTests" time="0.01"/>
  <testcase name="nonNullableHeaderNotRequiredWithHeader()" classname="org.springframework.messaging.simp.annotation.support.SimpAnnotationMethodMessageHandlerKotlinTests" time="0.006"/>
  <testcase name="nonNullableHeaderWithHeader()" classname="org.springframework.messaging.simp.annotation.support.SimpAnnotationMethodMessageHandlerKotlinTests" time="0.007"/>
  <testcase name="nullableHeaderWithoutHeader()" classname="org.springframework.messaging.simp.annotation.support.SimpAnnotationMethodMessageHandlerKotlinTests" time="0.004"/>
  <testcase name="nullableHeaderNotRequiredWithoutHeader()" classname="org.springframework.messaging.simp.annotation.support.SimpAnnotationMethodMessageHandlerKotlinTests" time="0.033"/>
  <testcase name="nullableHeaderWithHeader()" classname="org.springframework.messaging.simp.annotation.support.SimpAnnotationMethodMessageHandlerKotlinTests" time="0.005"/>
  <system-out><![CDATA[]]></system-out>
  <system-err><![CDATA[]]></system-err>
</testsuite>
