<?xml version="1.0" encoding="UTF-8"?>
<testsuite name="org.springframework.messaging.simp.annotation.support.SubscriptionMethodReturnValueHandlerTests" tests="4" skipped="0" failures="0" errors="0" timestamp="2021-06-20T08:09:41" hostname="gankangdembp" time="0.114">
  <properties/>
  <testcase name="testJsonView()" classname="org.springframework.messaging.simp.annotation.support.SubscriptionMethodReturnValueHandlerTests" time="0.006"/>
  <testcase name="testHeadersPassedToMessagingTemplate()" classname="org.springframework.messaging.simp.annotation.support.SubscriptionMethodReturnValueHandlerTests" time="0.087"/>
  <testcase name="testMessageSentToChannel()" classname="org.springframework.messaging.simp.annotation.support.SubscriptionMethodReturnValueHandlerTests" time="0.002"/>
  <testcase name="supportsReturnType()" classname="org.springframework.messaging.simp.annotation.support.SubscriptionMethodReturnValueHandlerTests" time="0.017"/>
  <system-out><![CDATA[]]></system-out>
  <system-err><![CDATA[]]></system-err>
</testsuite>
