<?xml version="1.0" encoding="UTF-8"?>
<testsuite name="org.springframework.messaging.converter.MappingJackson2MessageConverterTests" tests="14" skipped="0" failures="0" errors="0" timestamp="2020-05-29T13:59:07" hostname="bamboo-18" time="0.091">
  <properties/>
  <testcase name="fromMessageToList()" classname="org.springframework.messaging.converter.MappingJackson2MessageConverterTests" time="0.01"/>
  <testcase name="fromMessageInvalidJson()" classname="org.springframework.messaging.converter.MappingJackson2MessageConverterTests" time="0.012"/>
  <testcase name="fromMessageMatchingInstance()" classname="org.springframework.messaging.converter.MappingJackson2MessageConverterTests" time="0.001"/>
  <testcase name="fromMessageToMessageWithPojo()" classname="org.springframework.messaging.converter.MappingJackson2MessageConverterTests" time="0.001"/>
  <testcase name="mimetypesParametrizedConstructor()" classname="org.springframework.messaging.converter.MappingJackson2MessageConverterTests" time="0.001"/>
  <testcase name="fromMessageValidJsonWithUnknownProperty()" classname="org.springframework.messaging.converter.MappingJackson2MessageConverterTests" time="0.001"/>
  <testcase name="toMessage()" classname="org.springframework.messaging.converter.MappingJackson2MessageConverterTests" time="0.017"/>
  <testcase name="toMessageJsonView()" classname="org.springframework.messaging.converter.MappingJackson2MessageConverterTests" time="0.015"/>
  <testcase name="defaultConstructor()" classname="org.springframework.messaging.converter.MappingJackson2MessageConverterTests" time="0.0"/>
  <testcase name="mimetypeParametrizedConstructor()" classname="org.springframework.messaging.converter.MappingJackson2MessageConverterTests" time="0.001"/>
  <testcase name="toMessageUtf16String()" classname="org.springframework.messaging.converter.MappingJackson2MessageConverterTests" time="0.001"/>
  <testcase name="fromMessageUntyped()" classname="org.springframework.messaging.converter.MappingJackson2MessageConverterTests" time="0.007"/>
  <testcase name="fromMessage()" classname="org.springframework.messaging.converter.MappingJackson2MessageConverterTests" time="0.003"/>
  <testcase name="toMessageUtf16()" classname="org.springframework.messaging.converter.MappingJackson2MessageConverterTests" time="0.007"/>
  <system-out><![CDATA[]]></system-out>
  <system-err><![CDATA[]]></system-err>
</testsuite>
