<?xml version="1.0" encoding="UTF-8"?>
<testsuite name="org.springframework.messaging.simp.stomp.ReactorNettyTcpStompClientTests" tests="1" skipped="0" failures="0" errors="0" timestamp="2021-06-20T08:09:43" hostname="gankangdembp" time="2.826">
  <properties/>
  <testcase name="publishSubscribe()" classname="org.springframework.messaging.simp.stomp.ReactorNettyTcpStompClientTests" time="2.826"/>
  <system-out><![CDATA[16:09:43.238 [Test worker] INFO  o.a.a.b.BrokerService - Using Persistence Adapter: MemoryPersistenceAdapter
16:09:43.541 [Test worker] INFO  o.a.a.b.BrokerService - Apache ActiveMQ 5.8.0 (localhost, ID:gankangdembp-54388-1624176583358-0:1) is starting
16:09:43.550 [Test worker] INFO  o.a.a.t.TransportServerThreadSupport - Listening for connections at: stomp://localhost:63573
16:09:43.550 [Test worker] INFO  o.a.a.b.TransportConnector - Connector stomp://localhost:63573 Started
16:09:43.552 [Test worker] INFO  o.a.a.b.BrokerService - Apache ActiveMQ 5.8.0 (localhost, ID:gankangdembp-54388-1624176583358-0:1) started
16:09:43.552 [Test worker] INFO  o.a.a.b.BrokerService - For help or more information please see: http://activemq.apache.org
16:09:44.371 [Test worker] INFO  o.a.a.b.BrokerService - Apache ActiveMQ 5.8.0 (localhost, ID:gankangdembp-54388-1624176583358-0:1) is shutting down
16:09:45.831 [Test worker] INFO  o.a.a.b.TransportConnector - Connector stomp://localhost:63573 Stopped
16:09:45.845 [Test worker] INFO  o.a.a.b.BrokerService - Apache ActiveMQ 5.8.0 (localhost, ID:gankangdembp-54388-1624176583358-0:1) uptime 2.611 seconds
16:09:45.845 [Test worker] INFO  o.a.a.b.BrokerService - Apache ActiveMQ 5.8.0 (localhost, ID:gankangdembp-54388-1624176583358-0:1) is shutdown
]]></system-out>
  <system-err><![CDATA[]]></system-err>
</testsuite>
