<?xml version="1.0" encoding="UTF-8"?>
<testsuite name="org.springframework.messaging.handler.annotation.reactive.PayloadMethodArgumentResolverTests" tests="8" skipped="0" failures="0" errors="0" timestamp="2021-06-20T08:09:29" hostname="gankangdembp" time="0.2">
  <properties/>
  <testcase name="emptyBodyWhenNotRequired()" classname="org.springframework.messaging.handler.annotation.reactive.PayloadMethodArgumentResolverTests" time="0.008"/>
  <testcase name="stringFlux()" classname="org.springframework.messaging.handler.annotation.reactive.PayloadMethodArgumentResolverTests" time="0.096"/>
  <testcase name="stringMono()" classname="org.springframework.messaging.handler.annotation.reactive.PayloadMethodArgumentResolverTests" time="0.014"/>
  <testcase name="string()" classname="org.springframework.messaging.handler.annotation.reactive.PayloadMethodArgumentResolverTests" time="0.002"/>
  <testcase name="emptyBodyWhenRequired()" classname="org.springframework.messaging.handler.annotation.reactive.PayloadMethodArgumentResolverTests" time="0.003"/>
  <testcase name="validateStringFlux()" classname="org.springframework.messaging.handler.annotation.reactive.PayloadMethodArgumentResolverTests" time="0.053"/>
  <testcase name="validateStringMono()" classname="org.springframework.messaging.handler.annotation.reactive.PayloadMethodArgumentResolverTests" time="0.001"/>
  <testcase name="supportsParameter()" classname="org.springframework.messaging.handler.annotation.reactive.PayloadMethodArgumentResolverTests" time="0.017"/>
  <system-out><![CDATA[]]></system-out>
  <system-err><![CDATA[]]></system-err>
</testsuite>
