<?xml version="1.0" encoding="UTF-8"?>
<testsuite name="org.springframework.messaging.converter.MarshallingMessageConverterTests" tests="4" skipped="0" failures="0" errors="0" timestamp="2021-06-20T08:09:33" hostname="gankangdembp" time="0.922">
  <properties/>
  <testcase name="fromMessageValidXmlWithUnknownProperty()" classname="org.springframework.messaging.converter.MarshallingMessageConverterTests" time="0.544"/>
  <testcase name="toMessage()" classname="org.springframework.messaging.converter.MarshallingMessageConverterTests" time="0.321"/>
  <testcase name="fromMessage()" classname="org.springframework.messaging.converter.MarshallingMessageConverterTests" time="0.005"/>
  <testcase name="fromMessageInvalidXml()" classname="org.springframework.messaging.converter.MarshallingMessageConverterTests" time="0.049"/>
  <system-out><![CDATA[]]></system-out>
  <system-err><![CDATA[]]></system-err>
</testsuite>
