<?xml version="1.0" encoding="UTF-8"?>
<testsuite name="org.springframework.messaging.rsocket.RSocketServerToClientIntegrationTests" tests="4" skipped="0" failures="0" errors="0" timestamp="2021-06-20T08:10:17" hostname="gankangdembp" time="1.399">
  <properties/>
  <testcase name="echoAsync()" classname="org.springframework.messaging.rsocket.RSocketServerToClientIntegrationTests" time="0.953"/>
  <testcase name="echo()" classname="org.springframework.messaging.rsocket.RSocketServerToClientIntegrationTests" time="0.053"/>
  <testcase name="echoChannel()" classname="org.springframework.messaging.rsocket.RSocketServerToClientIntegrationTests" time="0.276"/>
  <testcase name="echoStream()" classname="org.springframework.messaging.rsocket.RSocketServerToClientIntegrationTests" time="0.111"/>
  <system-out><![CDATA[]]></system-out>
  <system-err><![CDATA[]]></system-err>
</testsuite>
