<?xml version="1.0" encoding="UTF-8"?>
<testsuite name="org.springframework.messaging.rsocket.DefaultRSocketRequesterTests" tests="11" skipped="0" failures="0" errors="0" timestamp="2021-06-20T08:10:19" hostname="gankangdembp" time="0.483">
  <properties/>
  <testcase name="retrieveMonoWithoutData()" classname="org.springframework.messaging.rsocket.DefaultRSocketRequesterTests" time="0.001"/>
  <testcase name="sendWithoutData()" classname="org.springframework.messaging.rsocket.DefaultRSocketRequesterTests" time="0.001"/>
  <testcase name="retrieveFluxVoid()" classname="org.springframework.messaging.rsocket.DefaultRSocketRequesterTests" time="0.034"/>
  <testcase name="fluxToMonoIsRejected()" classname="org.springframework.messaging.rsocket.DefaultRSocketRequesterTests" time="0.001"/>
  <testcase name="retrieveFlux()" classname="org.springframework.messaging.rsocket.DefaultRSocketRequesterTests" time="0.047"/>
  <testcase name="retrieveMono()" classname="org.springframework.messaging.rsocket.DefaultRSocketRequesterTests" time="0.02"/>
  <testcase name="testSendWithAsyncMetadata()" classname="org.springframework.messaging.rsocket.DefaultRSocketRequesterTests" time="0.007"/>
  <testcase name="sendFlux()" classname="org.springframework.messaging.rsocket.DefaultRSocketRequesterTests" time="0.239"/>
  <testcase name="sendMono()" classname="org.springframework.messaging.rsocket.DefaultRSocketRequesterTests" time="0.113"/>
  <testcase name="retrieveMonoVoid()" classname="org.springframework.messaging.rsocket.DefaultRSocketRequesterTests" time="0.012"/>
  <testcase name="retrieveFluxWithoutData()" classname="org.springframework.messaging.rsocket.DefaultRSocketRequesterTests" time="0.001"/>
  <system-out><![CDATA[]]></system-out>
  <system-err><![CDATA[]]></system-err>
</testsuite>
