<?xml version="1.0" encoding="UTF-8"?>
<testsuite name="org.springframework.messaging.rsocket.DefaultRSocketStrategiesTests" tests="4" skipped="0" failures="0" errors="0" timestamp="2021-06-20T08:10:19" hostname="gankangdembp" time="0.063">
  <properties/>
  <testcase name="copyConstructor()" classname="org.springframework.messaging.rsocket.DefaultRSocketStrategiesTests" time="0.001"/>
  <testcase name="applyMetadataExtractors()" classname="org.springframework.messaging.rsocket.DefaultRSocketStrategiesTests" time="0.019"/>
  <testcase name="defaultSettings()" classname="org.springframework.messaging.rsocket.DefaultRSocketStrategiesTests" time="0.001"/>
  <testcase name="explicitValues()" classname="org.springframework.messaging.rsocket.DefaultRSocketStrategiesTests" time="0.042"/>
  <system-out><![CDATA[]]></system-out>
  <system-err><![CDATA[]]></system-err>
</testsuite>
