<?xml version="1.0" encoding="UTF-8"?>
<testsuite name="org.springframework.messaging.handler.annotation.reactive.DestinationVariableMethodArgumentResolverTests" tests="3" skipped="0" failures="0" errors="0" timestamp="2020-05-29T13:58:29" hostname="bamboo-18" time="0.008">
  <properties/>
  <testcase name="resolveArgumentNotFound()" classname="org.springframework.messaging.handler.annotation.reactive.DestinationVariableMethodArgumentResolverTests" time="0.006"/>
  <testcase name="resolveArgument()" classname="org.springframework.messaging.handler.annotation.reactive.DestinationVariableMethodArgumentResolverTests" time="0.0"/>
  <testcase name="supportsParameter()" classname="org.springframework.messaging.handler.annotation.reactive.DestinationVariableMethodArgumentResolverTests" time="0.001"/>
  <system-out><![CDATA[]]></system-out>
  <system-err><![CDATA[]]></system-err>
</testsuite>
