<?xml version="1.0" encoding="UTF-8"?>
<testsuite name="org.springframework.messaging.support.ExecutorSubscribableChannelTests" tests="10" skipped="0" failures="0" errors="0" timestamp="2020-05-29T13:58:21" hostname="bamboo-18" time="1.085">
  <properties/>
  <testcase name="messageMustNotBeNull()" classname="org.springframework.messaging.support.ExecutorSubscribableChannelTests" time="0.905"/>
  <testcase name="sendWithoutExecutor()" classname="org.springframework.messaging.support.ExecutorSubscribableChannelTests" time="0.032"/>
  <testcase name="unsubscribeTwice()" classname="org.springframework.messaging.support.ExecutorSubscribableChannelTests" time="0.002"/>
  <testcase name="sendWithExecutor()" classname="org.springframework.messaging.support.ExecutorSubscribableChannelTests" time="0.048"/>
  <testcase name="failurePropagates()" classname="org.springframework.messaging.support.ExecutorSubscribableChannelTests" time="0.006"/>
  <testcase name="interceptorWithException()" classname="org.springframework.messaging.support.ExecutorSubscribableChannelTests" time="0.005"/>
  <testcase name="concurrentModification()" classname="org.springframework.messaging.support.ExecutorSubscribableChannelTests" time="0.003"/>
  <testcase name="subscribeTwice()" classname="org.springframework.messaging.support.ExecutorSubscribableChannelTests" time="0.001"/>
  <testcase name="interceptorWithModifiedMessage()" classname="org.springframework.messaging.support.ExecutorSubscribableChannelTests" time="0.052"/>
  <testcase name="interceptorWithNull()" classname="org.springframework.messaging.support.ExecutorSubscribableChannelTests" time="0.002"/>
  <system-out><![CDATA[]]></system-out>
  <system-err><![CDATA[]]></system-err>
</testsuite>
