<?xml version="1.0" encoding="UTF-8"?>
<testsuite name="org.springframework.messaging.simp.SimpSessionScopeTests" tests="5" skipped="0" failures="0" errors="0" timestamp="2020-05-29T13:58:32" hostname="bamboo-18" time="0.089">
  <properties/>
  <testcase name="remove()" classname="org.springframework.messaging.simp.SimpSessionScopeTests" time="0.05"/>
  <testcase name="getWithObjectFactory()" classname="org.springframework.messaging.simp.SimpSessionScopeTests" time="0.0"/>
  <testcase name="get()" classname="org.springframework.messaging.simp.SimpSessionScopeTests" time="0.0"/>
  <testcase name="getSessionId()" classname="org.springframework.messaging.simp.SimpSessionScopeTests" time="0.004"/>
  <testcase name="registerDestructionCallback()" classname="org.springframework.messaging.simp.SimpSessionScopeTests" time="0.034"/>
  <system-out><![CDATA[]]></system-out>
  <system-err><![CDATA[]]></system-err>
</testsuite>
