<?xml version="1.0" encoding="UTF-8"?>
<testsuite name="org.springframework.messaging.simp.stomp.StompBrokerRelayMessageHandlerIntegrationTests" tests="6" skipped="0" failures="0" errors="0" timestamp="2021-06-20T08:09:46" hostname="gankangdembp" time="31.282">
  <properties/>
  <testcase name="messageDeliveryExceptionIfSystemSessionForwardFails()" classname="org.springframework.messaging.simp.stomp.StompBrokerRelayMessageHandlerIntegrationTests" time="4.072"/>
  <testcase name="publishSubscribe()" classname="org.springframework.messaging.simp.stomp.StompBrokerRelayMessageHandlerIntegrationTests" time="4.027"/>
  <testcase name="brokerAvailabilityEventWhenStopped()" classname="org.springframework.messaging.simp.stomp.StompBrokerRelayMessageHandlerIntegrationTests" time="4.06"/>
  <testcase name="relayReconnectsIfBrokerComesBackUp()" classname="org.springframework.messaging.simp.stomp.StompBrokerRelayMessageHandlerIntegrationTests" time="11.015"/>
  <testcase name="brokerBecomingUnavailableTriggersErrorFrame()" classname="org.springframework.messaging.simp.stomp.StompBrokerRelayMessageHandlerIntegrationTests" time="4.081"/>
  <testcase name="disconnectWithReceipt()" classname="org.springframework.messaging.simp.stomp.StompBrokerRelayMessageHandlerIntegrationTests" time="4.027"/>
  <system-out><![CDATA[16:09:46.154 [Test worker] INFO  o.a.a.b.BrokerService - Using Persistence Adapter: MemoryPersistenceAdapter
16:09:46.156 [Test worker] INFO  o.a.a.b.BrokerService - Apache ActiveMQ 5.8.0 (localhost, ID:gankangdembp-54388-1624176583358-0:2) is starting
16:09:46.156 [Test worker] INFO  o.a.a.t.TransportServerThreadSupport - Listening for connections at: stomp://localhost:62714
16:09:46.157 [Test worker] INFO  o.a.a.b.TransportConnector - Connector stomp://localhost:62714 Started
16:09:46.157 [Test worker] INFO  o.a.a.b.BrokerService - Apache ActiveMQ 5.8.0 (localhost, ID:gankangdembp-54388-1624176583358-0:2) started
16:09:46.157 [Test worker] INFO  o.a.a.b.BrokerService - For help or more information please see: http://activemq.apache.org
16:09:46.176 [Test worker] INFO  o.a.a.b.BrokerService - Apache ActiveMQ 5.8.0 (localhost, ID:gankangdembp-54388-1624176583358-0:2) is shutting down
16:09:48.171 [Test worker] INFO  o.a.a.b.TransportConnector - Connector stomp://localhost:62714 Stopped
16:09:48.172 [Test worker] INFO  o.a.a.b.BrokerService - Apache ActiveMQ 5.8.0 (localhost, ID:gankangdembp-54388-1624176583358-0:2) uptime 2.018 seconds
16:09:48.173 [Test worker] INFO  o.a.a.b.BrokerService - Apache ActiveMQ 5.8.0 (localhost, ID:gankangdembp-54388-1624176583358-0:2) is shutdown
16:09:50.223 [Test worker] INFO  o.a.a.b.BrokerService - Using Persistence Adapter: MemoryPersistenceAdapter
16:09:50.224 [Test worker] INFO  o.a.a.b.BrokerService - Apache ActiveMQ 5.8.0 (localhost, ID:gankangdembp-54388-1624176583358-0:3) is starting
16:09:50.224 [Test worker] INFO  o.a.a.t.TransportServerThreadSupport - Listening for connections at: stomp://localhost:62189
16:09:50.225 [Test worker] INFO  o.a.a.b.TransportConnector - Connector stomp://localhost:62189 Started
16:09:50.225 [Test worker] INFO  o.a.a.b.BrokerService - Apache ActiveMQ 5.8.0 (localhost, ID:gankangdembp-54388-1624176583358-0:3) started
16:09:50.225 [Test worker] INFO  o.a.a.b.BrokerService - For help or more information please see: http://activemq.apache.org
16:09:52.320 [Test worker] INFO  o.a.a.b.BrokerService - Apache ActiveMQ 5.8.0 (localhost, ID:gankangdembp-54388-1624176583358-0:3) is shutting down
16:09:54.248 [Test worker] INFO  o.a.a.b.TransportConnector - Connector stomp://localhost:62189 Stopped
16:09:54.248 [Test worker] INFO  o.a.a.b.BrokerService - Apache ActiveMQ 5.8.0 (localhost, ID:gankangdembp-54388-1624176583358-0:3) uptime 4.025 seconds
16:09:54.248 [Test worker] INFO  o.a.a.b.BrokerService - Apache ActiveMQ 5.8.0 (localhost, ID:gankangdembp-54388-1624176583358-0:3) is shutdown
16:09:54.250 [Test worker] INFO  o.a.a.b.BrokerService - Using Persistence Adapter: MemoryPersistenceAdapter
16:09:54.250 [Test worker] INFO  o.a.a.b.BrokerService - Apache ActiveMQ 5.8.0 (localhost, ID:gankangdembp-54388-1624176583358-0:4) is starting
16:09:54.251 [Test worker] INFO  o.a.a.t.TransportServerThreadSupport - Listening for connections at: stomp://localhost:65069
16:09:54.252 [Test worker] INFO  o.a.a.b.TransportConnector - Connector stomp://localhost:65069 Started
16:09:54.252 [Test worker] INFO  o.a.a.b.BrokerService - Apache ActiveMQ 5.8.0 (localhost, ID:gankangdembp-54388-1624176583358-0:4) started
16:09:54.252 [Test worker] INFO  o.a.a.b.BrokerService - For help or more information please see: http://activemq.apache.org
16:09:54.269 [Test worker] INFO  o.a.a.b.BrokerService - Apache ActiveMQ 5.8.0 (localhost, ID:gankangdembp-54388-1624176583358-0:4) is shutting down
16:09:56.266 [Test worker] INFO  o.a.a.b.TransportConnector - Connector stomp://localhost:65069 Stopped
16:09:56.267 [Test worker] INFO  o.a.a.b.BrokerService - Apache ActiveMQ 5.8.0 (localhost, ID:gankangdembp-54388-1624176583358-0:4) uptime 2.017 seconds
16:09:56.267 [Test worker] INFO  o.a.a.b.BrokerService - Apache ActiveMQ 5.8.0 (localhost, ID:gankangdembp-54388-1624176583358-0:4) is shutdown
16:09:58.310 [Test worker] INFO  o.a.a.b.BrokerService - Using Persistence Adapter: MemoryPersistenceAdapter
16:09:58.311 [Test worker] INFO  o.a.a.b.BrokerService - Apache ActiveMQ 5.8.0 (localhost, ID:gankangdembp-54388-1624176583358-0:5) is starting
16:09:58.311 [Test worker] INFO  o.a.a.t.TransportServerThreadSupport - Listening for connections at: stomp://localhost:62486
16:09:58.312 [Test worker] INFO  o.a.a.b.TransportConnector - Connector stomp://localhost:62486 Started
16:09:58.312 [Test worker] INFO  o.a.a.b.BrokerService - Apache ActiveMQ 5.8.0 (localhost, ID:gankangdembp-54388-1624176583358-0:5) started
16:09:58.312 [Test worker] INFO  o.a.a.b.BrokerService - For help or more information please see: http://activemq.apache.org
16:09:58.338 [Test worker] INFO  o.a.a.b.BrokerService - Apache ActiveMQ 5.8.0 (localhost, ID:gankangdembp-54388-1624176583358-0:5) is shutting down
16:10:00.339 [Test worker] INFO  o.a.a.b.TransportConnector - Connector stomp://localhost:62486 Stopped
16:10:00.340 [Test worker] INFO  o.a.a.b.BrokerService - Apache ActiveMQ 5.8.0 (localhost, ID:gankangdembp-54388-1624176583358-0:5) uptime 2.030 seconds
16:10:00.340 [Test worker] INFO  o.a.a.b.BrokerService - Apache ActiveMQ 5.8.0 (localhost, ID:gankangdembp-54388-1624176583358-0:5) is shutdown
16:10:00.341 [Test worker] INFO  o.a.a.b.BrokerService - Using Persistence Adapter: MemoryPersistenceAdapter
16:10:00.341 [Test worker] INFO  o.a.a.b.BrokerService - Apache ActiveMQ 5.8.0 (localhost, ID:gankangdembp-54388-1624176583358-0:6) is starting
16:10:00.342 [Test worker] INFO  o.a.a.t.TransportServerThreadSupport - Listening for connections at: stomp://localhost:62486
16:10:00.342 [Test worker] INFO  o.a.a.b.TransportConnector - Connector stomp://localhost:62486 Started
16:10:00.343 [Test worker] INFO  o.a.a.b.BrokerService - Apache ActiveMQ 5.8.0 (localhost, ID:gankangdembp-54388-1624176583358-0:6) started
16:10:00.343 [Test worker] INFO  o.a.a.b.BrokerService - For help or more information please see: http://activemq.apache.org
16:10:07.407 [Test worker] INFO  o.a.a.b.BrokerService - Apache ActiveMQ 5.8.0 (localhost, ID:gankangdembp-54388-1624176583358-0:6) is shutting down
16:10:09.323 [Test worker] INFO  o.a.a.b.TransportConnector - Connector stomp://localhost:62486 Stopped
16:10:09.324 [Test worker] INFO  o.a.a.b.BrokerService - Apache ActiveMQ 5.8.0 (localhost, ID:gankangdembp-54388-1624176583358-0:6) uptime 8.982 seconds
16:10:09.324 [Test worker] INFO  o.a.a.b.BrokerService - Apache ActiveMQ 5.8.0 (localhost, ID:gankangdembp-54388-1624176583358-0:6) is shutdown
16:10:09.325 [Test worker] INFO  o.a.a.b.BrokerService - Using Persistence Adapter: MemoryPersistenceAdapter
16:10:09.326 [Test worker] INFO  o.a.a.b.BrokerService - Apache ActiveMQ 5.8.0 (localhost, ID:gankangdembp-54388-1624176583358-0:7) is starting
16:10:09.326 [Test worker] INFO  o.a.a.t.TransportServerThreadSupport - Listening for connections at: stomp://localhost:65058
16:10:09.327 [Test worker] INFO  o.a.a.b.TransportConnector - Connector stomp://localhost:65058 Started
16:10:09.327 [Test worker] INFO  o.a.a.b.BrokerService - Apache ActiveMQ 5.8.0 (localhost, ID:gankangdembp-54388-1624176583358-0:7) started
16:10:09.327 [Test worker] INFO  o.a.a.b.BrokerService - For help or more information please see: http://activemq.apache.org
16:10:09.349 [Test worker] INFO  o.a.a.b.BrokerService - Apache ActiveMQ 5.8.0 (localhost, ID:gankangdembp-54388-1624176583358-0:7) is shutting down
16:10:11.348 [Test worker] INFO  o.a.a.b.TransportConnector - Connector stomp://localhost:65058 Stopped
16:10:11.349 [Test worker] INFO  o.a.a.b.BrokerService - Apache ActiveMQ 5.8.0 (localhost, ID:gankangdembp-54388-1624176583358-0:7) uptime 2.024 seconds
16:10:11.349 [Test worker] INFO  o.a.a.b.BrokerService - Apache ActiveMQ 5.8.0 (localhost, ID:gankangdembp-54388-1624176583358-0:7) is shutdown
16:10:13.409 [Test worker] INFO  o.a.a.b.BrokerService - Using Persistence Adapter: MemoryPersistenceAdapter
16:10:13.410 [Test worker] INFO  o.a.a.b.BrokerService - Apache ActiveMQ 5.8.0 (localhost, ID:gankangdembp-54388-1624176583358-0:8) is starting
16:10:13.410 [Test worker] INFO  o.a.a.t.TransportServerThreadSupport - Listening for connections at: stomp://localhost:62687
16:10:13.411 [Test worker] INFO  o.a.a.b.TransportConnector - Connector stomp://localhost:62687 Started
16:10:13.411 [Test worker] INFO  o.a.a.b.BrokerService - Apache ActiveMQ 5.8.0 (localhost, ID:gankangdembp-54388-1624176583358-0:8) started
16:10:13.411 [Test worker] INFO  o.a.a.b.BrokerService - For help or more information please see: http://activemq.apache.org
16:10:15.484 [Test worker] INFO  o.a.a.b.BrokerService - Apache ActiveMQ 5.8.0 (localhost, ID:gankangdembp-54388-1624176583358-0:8) is shutting down
16:10:17.431 [Test worker] INFO  o.a.a.b.TransportConnector - Connector stomp://localhost:62687 Stopped
16:10:17.431 [Test worker] INFO  o.a.a.b.BrokerService - Apache ActiveMQ 5.8.0 (localhost, ID:gankangdembp-54388-1624176583358-0:8) uptime 4.022 seconds
16:10:17.431 [Test worker] INFO  o.a.a.b.BrokerService - Apache ActiveMQ 5.8.0 (localhost, ID:gankangdembp-54388-1624176583358-0:8) is shutdown
]]></system-out>
  <system-err><![CDATA[]]></system-err>
</testsuite>
