<?xml version="1.0" encoding="UTF-8"?>
<testsuite name="org.springframework.messaging.handler.annotation.support.DestinationVariableMethodArgumentResolverTests" tests="3" skipped="0" failures="0" errors="0" timestamp="2021-06-20T08:09:30" hostname="gankangdembp" time="0.006">
  <properties/>
  <testcase name="resolveArgumentNotFound()" classname="org.springframework.messaging.handler.annotation.support.DestinationVariableMethodArgumentResolverTests" time="0.002"/>
  <testcase name="resolveArgument()" classname="org.springframework.messaging.handler.annotation.support.DestinationVariableMethodArgumentResolverTests" time="0.001"/>
  <testcase name="supportsParameter()" classname="org.springframework.messaging.handler.annotation.support.DestinationVariableMethodArgumentResolverTests" time="0.001"/>
  <system-out><![CDATA[]]></system-out>
  <system-err><![CDATA[]]></system-err>
</testsuite>
