<?xml version="1.0" encoding="UTF-8"?>
<testsuite name="org.springframework.messaging.converter.MarshallingMessageConverterTests" tests="4" skipped="0" failures="0" errors="0" timestamp="2020-05-29T13:59:06" hostname="bamboo-18" time="0.671">
  <properties/>
  <testcase name="fromMessageValidXmlWithUnknownProperty()" classname="org.springframework.messaging.converter.MarshallingMessageConverterTests" time="0.563"/>
  <testcase name="toMessage()" classname="org.springframework.messaging.converter.MarshallingMessageConverterTests" time="0.095"/>
  <testcase name="fromMessage()" classname="org.springframework.messaging.converter.MarshallingMessageConverterTests" time="0.003"/>
  <testcase name="fromMessageInvalidXml()" classname="org.springframework.messaging.converter.MarshallingMessageConverterTests" time="0.003"/>
  <system-out><![CDATA[]]></system-out>
  <system-err><![CDATA[]]></system-err>
</testsuite>
