<?xml version="1.0" encoding="UTF-8"?>
<testsuite name="org.springframework.messaging.handler.annotation.reactive.PayloadMethodArgumentResolverTests" tests="8" skipped="0" failures="0" errors="0" timestamp="2020-05-29T13:58:29" hostname="bamboo-18" time="0.053">
  <properties/>
  <testcase name="emptyBodyWhenNotRequired()" classname="org.springframework.messaging.handler.annotation.reactive.PayloadMethodArgumentResolverTests" time="0.001"/>
  <testcase name="stringFlux()" classname="org.springframework.messaging.handler.annotation.reactive.PayloadMethodArgumentResolverTests" time="0.021"/>
  <testcase name="stringMono()" classname="org.springframework.messaging.handler.annotation.reactive.PayloadMethodArgumentResolverTests" time="0.012"/>
  <testcase name="string()" classname="org.springframework.messaging.handler.annotation.reactive.PayloadMethodArgumentResolverTests" time="0.001"/>
  <testcase name="emptyBodyWhenRequired()" classname="org.springframework.messaging.handler.annotation.reactive.PayloadMethodArgumentResolverTests" time="0.001"/>
  <testcase name="validateStringFlux()" classname="org.springframework.messaging.handler.annotation.reactive.PayloadMethodArgumentResolverTests" time="0.002"/>
  <testcase name="validateStringMono()" classname="org.springframework.messaging.handler.annotation.reactive.PayloadMethodArgumentResolverTests" time="0.001"/>
  <testcase name="supportsParameter()" classname="org.springframework.messaging.handler.annotation.reactive.PayloadMethodArgumentResolverTests" time="0.013"/>
  <system-out><![CDATA[]]></system-out>
  <system-err><![CDATA[]]></system-err>
</testsuite>
