<?xml version="1.0" encoding="UTF-8"?>
<testsuite name="org.springframework.messaging.rsocket.DefaultRSocketStrategiesTests" tests="4" skipped="0" failures="0" errors="0" timestamp="2020-05-29T13:58:28" hostname="bamboo-18" time="0.022">
  <properties/>
  <testcase name="copyConstructor()" classname="org.springframework.messaging.rsocket.DefaultRSocketStrategiesTests" time="0.009"/>
  <testcase name="applyMetadataExtractors()" classname="org.springframework.messaging.rsocket.DefaultRSocketStrategiesTests" time="0.001"/>
  <testcase name="defaultSettings()" classname="org.springframework.messaging.rsocket.DefaultRSocketStrategiesTests" time="0.004"/>
  <testcase name="explicitValues()" classname="org.springframework.messaging.rsocket.DefaultRSocketStrategiesTests" time="0.008"/>
  <system-out><![CDATA[]]></system-out>
  <system-err><![CDATA[]]></system-err>
</testsuite>
