<?xml version="1.0" encoding="UTF-8"?>
<testsuite name="org.springframework.expression.spel.SelectionAndProjectionTests" tests="20" skipped="0" failures="0" errors="0" timestamp="2020-05-29T13:57:47" hostname="bamboo-18" time="0.011">
  <properties/>
  <testcase name="selectionWithArray()" classname="org.springframework.expression.spel.SelectionAndProjectionTests" time="0.001"/>
  <testcase name="projectionWithSet()" classname="org.springframework.expression.spel.SelectionAndProjectionTests" time="0.0"/>
  <testcase name="selectionWithIterable()" classname="org.springframework.expression.spel.SelectionAndProjectionTests" time="0.001"/>
  <testcase name="selectLastItemInPrimitiveArray()" classname="org.springframework.expression.spel.SelectionAndProjectionTests" time="0.0"/>
  <testcase name="selectFirstItemInList()" classname="org.springframework.expression.spel.SelectionAndProjectionTests" time="0.0"/>
  <testcase name="selectLastItemInList()" classname="org.springframework.expression.spel.SelectionAndProjectionTests" time="0.0"/>
  <testcase name="projectionWithArray()" classname="org.springframework.expression.spel.SelectionAndProjectionTests" time="0.0"/>
  <testcase name="projectionWithIterable()" classname="org.springframework.expression.spel.SelectionAndProjectionTests" time="0.001"/>
  <testcase name="projectionWithList()" classname="org.springframework.expression.spel.SelectionAndProjectionTests" time="0.0"/>
  <testcase name="selectFirstItemInPrimitiveArray()" classname="org.springframework.expression.spel.SelectionAndProjectionTests" time="0.0"/>
  <testcase name="selectFirstItemInArray()" classname="org.springframework.expression.spel.SelectionAndProjectionTests" time="0.001"/>
  <testcase name="selectionWithPrimitiveArray()" classname="org.springframework.expression.spel.SelectionAndProjectionTests" time="0.0"/>
  <testcase name="selectLastItemInMap()" classname="org.springframework.expression.spel.SelectionAndProjectionTests" time="0.001"/>
  <testcase name="selectLastItemInSet()" classname="org.springframework.expression.spel.SelectionAndProjectionTests" time="0.0"/>
  <testcase name="selectLastItemInArray()" classname="org.springframework.expression.spel.SelectionAndProjectionTests" time="0.0"/>
  <testcase name="selectionWithMap()" classname="org.springframework.expression.spel.SelectionAndProjectionTests" time="0.001"/>
  <testcase name="selectionWithSet()" classname="org.springframework.expression.spel.SelectionAndProjectionTests" time="0.0"/>
  <testcase name="selectFirstItemInMap()" classname="org.springframework.expression.spel.SelectionAndProjectionTests" time="0.001"/>
  <testcase name="selectFirstItemInSet()" classname="org.springframework.expression.spel.SelectionAndProjectionTests" time="0.0"/>
  <testcase name="selectionWithList()" classname="org.springframework.expression.spel.SelectionAndProjectionTests" time="0.001"/>
  <system-out><![CDATA[]]></system-out>
  <system-err><![CDATA[]]></system-err>
</testsuite>
