<?xml version="1.0" encoding="UTF-8"?>
<testsuite name="org.springframework.expression.spel.standard.SpelCompilerTests" tests="1" skipped="0" failures="0" errors="0" timestamp="2020-05-29T13:57:46" hostname="bamboo-18" time="0.009">
  <properties/>
  <testcase name="expressionCompilesWhenMethodComesFromPublicInterface()" classname="org.springframework.expression.spel.standard.SpelCompilerTests" time="0.009"/>
  <system-out><![CDATA[]]></system-out>
  <system-err><![CDATA[]]></system-err>
</testsuite>
