<?xml version="1.0" encoding="UTF-8"?>
<testsuite name="org.springframework.expression.spel.support.StandardComponentsTests" tests="4" skipped="0" failures="0" errors="0" timestamp="2020-05-29T13:57:44" hostname="bamboo-18" time="0.014">
  <properties/>
  <testcase name="testStandardEvaluationContext()" classname="org.springframework.expression.spel.support.StandardComponentsTests" time="0.001"/>
  <testcase name="testStandardOperatorOverloader()" classname="org.springframework.expression.spel.support.StandardComponentsTests" time="0.003"/>
  <testcase name="testStandardTypeConverter()" classname="org.springframework.expression.spel.support.StandardComponentsTests" time="0.002"/>
  <testcase name="testStandardTypeLocator()" classname="org.springframework.expression.spel.support.StandardComponentsTests" time="0.004"/>
  <system-out><![CDATA[]]></system-out>
  <system-err><![CDATA[]]></system-err>
</testsuite>
