<?xml version="1.0" encoding="UTF-8"?>
<testsuite name="org.springframework.expression.spel.KotlinSpelReproTests" tests="1" skipped="0" failures="0" errors="0" timestamp="2020-05-29T13:57:47" hostname="bamboo-18" time="1.07">
  <properties/>
  <testcase name="gh-23812 SpEL cannot invoke Kotlin synthetic classes()" classname="org.springframework.expression.spel.KotlinSpelReproTests" time="1.07"/>
  <system-out><![CDATA[]]></system-out>
  <system-err><![CDATA[]]></system-err>
</testsuite>
