<?xml version="1.0" encoding="UTF-8"?>
<testsuite name="org.springframework.aop.support.ControlFlowPointcutTests" tests="4" skipped="0" failures="0" errors="0" timestamp="2020-05-29T13:56:36" hostname="bamboo-18" time="0.016">
  <properties/>
  <testcase name="testToString()" classname="org.springframework.aop.support.ControlFlowPointcutTests" time="0.001"/>
  <testcase name="testSelectiveApplication()" classname="org.springframework.aop.support.ControlFlowPointcutTests" time="0.009"/>
  <testcase name="testMatches()" classname="org.springframework.aop.support.ControlFlowPointcutTests" time="0.001"/>
  <testcase name="testEqualsAndHashCode()" classname="org.springframework.aop.support.ControlFlowPointcutTests" time="0.0"/>
  <system-out><![CDATA[]]></system-out>
  <system-err><![CDATA[]]></system-err>
</testsuite>
