<?xml version="1.0" encoding="UTF-8"?>
<testsuite name="org.springframework.aop.aspectj.annotation.AspectMetadataTests" tests="4" skipped="0" failures="0" errors="0" timestamp="2021-06-20T08:07:20" hostname="gankangdembp" time="0.003">
  <properties/>
  <testcase name="notAnAspect()" classname="org.springframework.aop.aspectj.annotation.AspectMetadataTests" time="0.0"/>
  <testcase name="perThisAspect()" classname="org.springframework.aop.aspectj.annotation.AspectMetadataTests" time="0.002"/>
  <testcase name="singletonAspect()" classname="org.springframework.aop.aspectj.annotation.AspectMetadataTests" time="0.0"/>
  <testcase name="perTargetAspect()" classname="org.springframework.aop.aspectj.annotation.AspectMetadataTests" time="0.001"/>
  <system-out><![CDATA[]]></system-out>
  <system-err><![CDATA[]]></system-err>
</testsuite>
