<?xml version="1.0" encoding="UTF-8"?>
<testsuite name="org.springframework.aop.config.AopNamespaceHandlerEventTests" tests="4" skipped="0" failures="0" errors="0" timestamp="2021-06-20T08:07:19" hostname="gankangdembp" time="0.147">
  <properties/>
  <testcase name="testPointcutEvents()" classname="org.springframework.aop.config.AopNamespaceHandlerEventTests" time="0.081"/>
  <testcase name="testAdvisorEventsWithDirectPointcut()" classname="org.springframework.aop.config.AopNamespaceHandlerEventTests" time="0.025"/>
  <testcase name="testAspectEvent()" classname="org.springframework.aop.config.AopNamespaceHandlerEventTests" time="0.024"/>
  <testcase name="testAdvisorEventsWithPointcutRef()" classname="org.springframework.aop.config.AopNamespaceHandlerEventTests" time="0.016"/>
  <system-out><![CDATA[]]></system-out>
  <system-err><![CDATA[]]></system-err>
</testsuite>
