<?xml version="1.0" encoding="UTF-8"?>
<testsuite name="org.springframework.aop.config.AopNamespaceHandlerEventTests" tests="4" skipped="0" failures="0" errors="0" timestamp="2020-05-29T13:56:33" hostname="bamboo-18" time="0.755">
  <properties/>
  <testcase name="testPointcutEvents()" classname="org.springframework.aop.config.AopNamespaceHandlerEventTests" time="0.502"/>
  <testcase name="testAdvisorEventsWithDirectPointcut()" classname="org.springframework.aop.config.AopNamespaceHandlerEventTests" time="0.081"/>
  <testcase name="testAspectEvent()" classname="org.springframework.aop.config.AopNamespaceHandlerEventTests" time="0.077"/>
  <testcase name="testAdvisorEventsWithPointcutRef()" classname="org.springframework.aop.config.AopNamespaceHandlerEventTests" time="0.088"/>
  <system-out><![CDATA[]]></system-out>
  <system-err><![CDATA[]]></system-err>
</testsuite>
