<?xml version="1.0" encoding="UTF-8"?>
<testsuite name="org.springframework.aop.support.AopUtilsTests" tests="4" skipped="0" failures="0" errors="0" timestamp="2020-05-29T13:56:35" hostname="bamboo-18" time="0.029">
  <properties/>
  <testcase name="testPointcutAlwaysApplies()" classname="org.springframework.aop.support.AopUtilsTests" time="0.005"/>
  <testcase name="testCanonicalFrameworkClassesStillCanonicalOnDeserialization()" classname="org.springframework.aop.support.AopUtilsTests" time="0.01"/>
  <testcase name="testPointcutAppliesToOneMethodOnObject()" classname="org.springframework.aop.support.AopUtilsTests" time="0.008"/>
  <testcase name="testPointcutCanNeverApply()" classname="org.springframework.aop.support.AopUtilsTests" time="0.0"/>
  <system-out><![CDATA[]]></system-out>
  <system-err><![CDATA[]]></system-err>
</testsuite>
