<?xml version="1.0" encoding="UTF-8"?>
<testsuite name="org.springframework.aop.target.CommonsPool2TargetSourceProxyTests" tests="1" skipped="0" failures="0" errors="0" timestamp="2021-06-20T08:07:19" hostname="gankangdembp" time="0.019">
  <properties/>
  <testcase name="testProxy()" classname="org.springframework.aop.target.CommonsPool2TargetSourceProxyTests" time="0.019"/>
  <system-out><![CDATA[]]></system-out>
  <system-err><![CDATA[]]></system-err>
</testsuite>
