<?xml version="1.0" encoding="UTF-8"?>
<testsuite name="org.springframework.aop.aspectj.TigerAspectJExpressionPointcutTests" tests="12" skipped="0" failures="0" errors="0" timestamp="2021-06-20T08:07:19" hostname="gankangdembp" time="0.17">
  <properties/>
  <testcase name="testAnnotationOnCglibProxyMethod()" classname="org.springframework.aop.aspectj.TigerAspectJExpressionPointcutTests" time="0.114"/>
  <testcase name="testAnnotationOnDynamicProxyMethod()" classname="org.springframework.aop.aspectj.TigerAspectJExpressionPointcutTests" time="0.004"/>
  <testcase name="testAnnotationOnMethodWithWildcard()" classname="org.springframework.aop.aspectj.TigerAspectJExpressionPointcutTests" time="0.017"/>
  <testcase name="testMatchVarargs()" classname="org.springframework.aop.aspectj.TigerAspectJExpressionPointcutTests" time="0.008"/>
  <testcase name="testMatchAnnotationOnClassWithAtWithin()" classname="org.springframework.aop.aspectj.TigerAspectJExpressionPointcutTests" time="0.004"/>
  <testcase name="testMatchAnnotationOnClassWithoutBinding()" classname="org.springframework.aop.aspectj.TigerAspectJExpressionPointcutTests" time="0.003"/>
  <testcase name="testAnnotationOnMethodArgumentsWithWildcards()" classname="org.springframework.aop.aspectj.TigerAspectJExpressionPointcutTests" time="0.002"/>
  <testcase name="testAnnotationOnMethodArgumentsWithFQN()" classname="org.springframework.aop.aspectj.TigerAspectJExpressionPointcutTests" time="0.006"/>
  <testcase name="testMatchGenericArgument()" classname="org.springframework.aop.aspectj.TigerAspectJExpressionPointcutTests" time="0.004"/>
  <testcase name="testMatchAnnotationOnClassWithExactPackageWildcard()" classname="org.springframework.aop.aspectj.TigerAspectJExpressionPointcutTests" time="0.002"/>
  <testcase name="testAnnotationOnMethodWithFQN()" classname="org.springframework.aop.aspectj.TigerAspectJExpressionPointcutTests" time="0.001"/>
  <testcase name="testMatchAnnotationOnClassWithSubpackageWildcard()" classname="org.springframework.aop.aspectj.TigerAspectJExpressionPointcutTests" time="0.004"/>
  <system-out><![CDATA[]]></system-out>
  <system-err><![CDATA[]]></system-err>
</testsuite>
