<?xml version="1.0" encoding="UTF-8"?>
<testsuite name="org.springframework.aop.support.ControlFlowPointcutTests" tests="4" skipped="0" failures="0" errors="0" timestamp="2021-06-20T08:07:20" hostname="gankangdembp" time="0.003">
  <properties/>
  <testcase name="testToString()" classname="org.springframework.aop.support.ControlFlowPointcutTests" time="0.001"/>
  <testcase name="testSelectiveApplication()" classname="org.springframework.aop.support.ControlFlowPointcutTests" time="0.001"/>
  <testcase name="testMatches()" classname="org.springframework.aop.support.ControlFlowPointcutTests" time="0.0"/>
  <testcase name="testEqualsAndHashCode()" classname="org.springframework.aop.support.ControlFlowPointcutTests" time="0.0"/>
  <system-out><![CDATA[]]></system-out>
  <system-err><![CDATA[]]></system-err>
</testsuite>
