<?xml version="1.0" encoding="UTF-8"?>
<testsuite name="org.springframework.aop.interceptor.SimpleTraceInterceptorTests" tests="2" skipped="0" failures="0" errors="0" timestamp="2020-05-29T13:56:40" hostname="bamboo-18" time="0.011">
  <properties/>
  <testcase name="testExceptionPathStillLogsCorrectly()" classname="org.springframework.aop.interceptor.SimpleTraceInterceptorTests" time="0.006"/>
  <testcase name="testSunnyDayPathLogsCorrectly()" classname="org.springframework.aop.interceptor.SimpleTraceInterceptorTests" time="0.001"/>
  <system-out><![CDATA[]]></system-out>
  <system-err><![CDATA[]]></system-err>
</testsuite>
