<?xml version="1.0" encoding="UTF-8"?>
<testsuite name="org.springframework.aop.aspectj.annotation.AspectJPointcutAdvisorTests" tests="4" skipped="0" failures="0" errors="0" timestamp="2020-05-29T13:56:38" hostname="bamboo-18" time="0.003">
  <properties/>
  <testcase name="testPerCflowBelowTarget()" classname="org.springframework.aop.aspectj.annotation.AspectJPointcutAdvisorTests" time="0.001"/>
  <testcase name="testSingleton()" classname="org.springframework.aop.aspectj.annotation.AspectJPointcutAdvisorTests" time="0.001"/>
  <testcase name="testPerCflowTarget()" classname="org.springframework.aop.aspectj.annotation.AspectJPointcutAdvisorTests" time="0.0"/>
  <testcase name="testPerTarget()" classname="org.springframework.aop.aspectj.annotation.AspectJPointcutAdvisorTests" time="0.001"/>
  <system-out><![CDATA[]]></system-out>
  <system-err><![CDATA[]]></system-err>
</testsuite>
