<?xml version="1.0" encoding="UTF-8"?>
<testsuite name="org.springframework.aop.config.AopNamespaceHandlerPointcutErrorTests" tests="2" skipped="0" failures="0" errors="0" timestamp="2021-06-20T08:07:19" hostname="gankangdembp" time="0.028">
  <properties/>
  <testcase name="testMissingPointcutConfig()" classname="org.springframework.aop.config.AopNamespaceHandlerPointcutErrorTests" time="0.015"/>
  <testcase name="testDuplicatePointcutConfig()" classname="org.springframework.aop.config.AopNamespaceHandlerPointcutErrorTests" time="0.013"/>
  <system-out><![CDATA[]]></system-out>
  <system-err><![CDATA[]]></system-err>
</testsuite>
