<?xml version="1.0" encoding="UTF-8"?>
<testsuite name="org.springframework.aop.target.LazyInitTargetSourceTests" tests="3" skipped="0" failures="0" errors="0" timestamp="2021-06-20T08:07:19" hostname="gankangdembp" time="0.046">
  <properties/>
  <testcase name="testLazyInitFactoryBeanTargetSource()" classname="org.springframework.aop.target.LazyInitTargetSourceTests" time="0.025"/>
  <testcase name="testCustomLazyInitSingletonTargetSource()" classname="org.springframework.aop.target.LazyInitTargetSourceTests" time="0.014"/>
  <testcase name="testLazyInitSingletonTargetSource()" classname="org.springframework.aop.target.LazyInitTargetSourceTests" time="0.005"/>
  <system-out><![CDATA[]]></system-out>
  <system-err><![CDATA[]]></system-err>
</testsuite>
