<?xml version="1.0" encoding="UTF-8"?>
<testsuite name="org.springframework.aop.interceptor.ExposeInvocationInterceptorTests" tests="1" skipped="0" failures="0" errors="0" timestamp="2020-05-29T13:56:40" hostname="bamboo-18" time="0.023">
  <properties/>
  <testcase name="testXmlConfig()" classname="org.springframework.aop.interceptor.ExposeInvocationInterceptorTests" time="0.023"/>
  <system-out><![CDATA[]]></system-out>
  <system-err><![CDATA[]]></system-err>
</testsuite>
