<?xml version="1.0" encoding="UTF-8"?>
<testsuite name="org.springframework.aop.scope.ScopedProxyUtilsTests" tests="4" skipped="0" failures="0" errors="0" timestamp="2020-05-29T13:56:36" hostname="bamboo-18" time="0.012">
  <properties/>
  <testcase name="getOriginalBeanNameAndIsScopedTarget()" classname="org.springframework.aop.scope.ScopedProxyUtilsTests" time="0.001"/>
  <testcase name="getOriginalBeanNameForNonScopedTarget()" classname="org.springframework.aop.scope.ScopedProxyUtilsTests" time="0.0"/>
  <testcase name="getOriginalBeanNameForNullTargetBean()" classname="org.springframework.aop.scope.ScopedProxyUtilsTests" time="0.0"/>
  <testcase name="getTargetBeanNameAndIsScopedTarget()" classname="org.springframework.aop.scope.ScopedProxyUtilsTests" time="0.001"/>
  <system-out><![CDATA[]]></system-out>
  <system-err><![CDATA[]]></system-err>
</testsuite>
