<?xml version="1.0" encoding="UTF-8"?>
<testsuite name="org.springframework.aop.target.HotSwappableTargetSourceTests" tests="4" skipped="0" failures="0" errors="0" timestamp="2020-05-29T13:56:41" hostname="bamboo-18" time="0.064">
  <properties/>
  <testcase name="testRejectsSwapToNull()" classname="org.springframework.aop.target.HotSwappableTargetSourceTests" time="0.022"/>
  <testcase name="testBasicFunctionality()" classname="org.springframework.aop.target.HotSwappableTargetSourceTests" time="0.005"/>
  <testcase name="testSerialization()" classname="org.springframework.aop.target.HotSwappableTargetSourceTests" time="0.006"/>
  <testcase name="testValidSwaps()" classname="org.springframework.aop.target.HotSwappableTargetSourceTests" time="0.005"/>
  <system-out><![CDATA[]]></system-out>
  <system-err><![CDATA[]]></system-err>
</testsuite>
