<?xml version="1.0" encoding="UTF-8"?>
<testsuite name="org.springframework.aop.aspectj.annotation.AspectMetadataTests" tests="4" skipped="0" failures="0" errors="0" timestamp="2020-05-29T13:56:38" hostname="bamboo-18" time="0.015">
  <properties/>
  <testcase name="notAnAspect()" classname="org.springframework.aop.aspectj.annotation.AspectMetadataTests" time="0.001"/>
  <testcase name="perThisAspect()" classname="org.springframework.aop.aspectj.annotation.AspectMetadataTests" time="0.002"/>
  <testcase name="singletonAspect()" classname="org.springframework.aop.aspectj.annotation.AspectMetadataTests" time="0.0"/>
  <testcase name="perTargetAspect()" classname="org.springframework.aop.aspectj.annotation.AspectMetadataTests" time="0.001"/>
  <system-out><![CDATA[]]></system-out>
  <system-err><![CDATA[]]></system-err>
</testsuite>
